2026-02-26 23:13:35,196 [INFO] [u_station_ab_night_autotune_v2] __main__: SESSION_LOG file=logs/matrix/u_station_ab_night_autotune_v2\sessions\main_local_20260226_221335_pid3432.log
2026-02-26 23:13:35,216 [INFO] [u_station_ab_night_autotune_v2] trading.auto_trader_state: AutoTrade state loaded open=0 closed=14 balance=$6.87
2026-02-26 23:13:35,224 [WARNING] [u_station_ab_night_autotune_v2] trading.auto_trader: DATA_POLICY mode=OK reason=init_reset_manual prev_mode=OK prev_reason=healthy | route=allow_all
2026-02-26 23:13:35,226 [INFO] [u_station_ab_night_autotune_v2] __main__: AUTOTRADER_INIT state=ready reason=manual mode=paper
2026-02-26 23:13:35,227 [INFO] [u_station_ab_night_autotune_v2] __main__: Local mode started (Telegram disabled).
2026-02-26 23:13:35,666 [INFO] [u_station_ab_night_autotune_v2] monitor.onchain_factory: PAIR_DETECTED source=uniswap_v2 dex=uniswap_v2 pair=0xbb60f16a9df698cea24b3d7a7130e1c86b1662ba token0=0x4200000000000000000000000000000000000006 token1=0x6adefacded0de65bdcc6873b79946dfc928307b7 block=42677323 factory=0x8909dc15e40173ff4699343b6eb8132c65e18ec6
2026-02-26 23:13:35,667 [INFO] [u_station_ab_night_autotune_v2] monitor.onchain_factory: PAIR_DETECTED source=uniswap_v2 dex=uniswap_v2 pair=0xc8091baa1a6f9a75ff86dac4dbc067780b806581 token0=0x0b9e378d2fe661240abade390478e2529c163b92 token1=0x4200000000000000000000000000000000000006 block=42677328 factory=0x8909dc15e40173ff4699343b6eb8132c65e18ec6
2026-02-26 23:13:36,060 [INFO] [u_station_ab_night_autotune_v2] monitor.onchain_factory: ENRICH_RETRY token=0x0b9e378d2fe661240abade390478e2529c163b92 pair=0xc8091baa1a6f9a75ff86dac4dbc067780b806581 attempt=1/2 delay=10s
2026-02-26 23:13:36,194 [INFO] [u_station_ab_night_autotune_v2] monitor.onchain_factory: ENRICH_RETRY token=0x6adefacded0de65bdcc6873b79946dfc928307b7 pair=0xbb60f16a9df698cea24b3d7a7130e1c86b1662ba attempt=1/2 delay=10s
2026-02-26 23:13:47,721 [INFO] [u_station_ab_night_autotune_v2] __main__: WATCHLIST merged count=4
2026-02-26 23:13:47,721 [INFO] [u_station_ab_night_autotune_v2] trading.v2_runtime: V2_UNIVERSE in=10 dedup=10 out=10 target=10 novel_target=9 novel_out=10 repeat_dropped=0 symbol_dropped=0 surge_in=4 surge_target=3 surge_out=4
2026-02-26 23:13:47,722 [INFO] [u_station_ab_night_autotune_v2] __main__: V2_SOURCE_QOS_FILTER in=10 out=8 drops={'source_qos_symbol_cap': 1, 'source_qos_cap': 1} caps={'watchlist': 3, 'geckoterminal': 287, 'dexscreener': 292}
2026-02-26 23:13:47,724 [INFO] [u_station_ab_night_autotune_v2] __main__: FILTER_FAIL token=SYNTHESIS reason=source_qos_symbol_cap symbol=SYNTHESIS used=1/1
2026-02-26 23:13:47,725 [INFO] [u_station_ab_night_autotune_v2] __main__: FILTER_FAIL token=AERO reason=source_qos_cap source=watchlist used=3/3
2026-02-26 23:13:47,727 [INFO] [u_station_ab_night_autotune_v2] __main__: FILTER_FAIL token=SYNTHESIS reason=safe_change_5m
2026-02-26 23:13:47,728 [INFO] [u_station_ab_night_autotune_v2] __main__: FILTER_FAIL token=SAFRO reason=safe_age
2026-02-26 23:13:47,729 [INFO] [u_station_ab_night_autotune_v2] __main__: FILTER_PASS token=Chompleton tier=A score=85 mode=YELLOW risk=MEDIUM liq=203129 vol5m=4961
2026-02-26 23:13:47,730 [INFO] [u_station_ab_night_autotune_v2] monitor.local_alerter: Local alert token=Chompleton address=0x24dfcb72dd64088c84cecfe306f0021dba591b07 score=85 reco=BUY risk=MEDIUM warnings=0 liq=203129 vol5m=4961
2026-02-26 23:13:47,730 [INFO] [u_station_ab_night_autotune_v2] __main__: FILTER_PASS token=cbBTC tier=A score=100 mode=YELLOW risk=MEDIUM liq=19709610 vol5m=10380
2026-02-26 23:13:47,733 [INFO] [u_station_ab_night_autotune_v2] __main__: FILTER_FAIL token=SPOTLIGHT reason=safe_change_5m
2026-02-26 23:13:47,734 [INFO] [u_station_ab_night_autotune_v2] __main__: FILTER_FAIL token=CLAWBLAD reason=score_min score=30 strict_min=48 soft_min=48 mode=YELLOW
2026-02-26 23:13:47,735 [INFO] [u_station_ab_night_autotune_v2] __main__: FILTER_PASS token=VIRTUAL tier=A score=75 mode=YELLOW risk=MEDIUM liq=7339373 vol5m=1143
2026-02-26 23:13:47,736 [INFO] [u_station_ab_night_autotune_v2] __main__: FILTER_FAIL token=POS reason=safe_volume vol5m=0 min=6 regime=YELLOW
2026-02-26 23:13:47,737 [INFO] [u_station_ab_night_autotune_v2] trading.v2_runtime: V2_QUALITY_ROTATE symbols_core=0 symbols_cooldown=0 sources=1 top_core=- top_cooldown=-
2026-02-26 23:13:47,738 [INFO] [u_station_ab_night_autotune_v2] __main__: V2_QUALITY_GATE enabled=True regime=YELLOW in=3 out=3 core_out=1 explore_out=2 probe_out=0 quota=2 max_symbol_share=0.333 drop={} sources_used={'watchlist': 2, 'dexscreener': 1}
2026-02-26 23:13:47,739 [INFO] [u_station_ab_night_autotune_v2] __main__: V2_ENTRY_ROUTE enabled=True regime=YELLOW in=3 out=2 core_out=1 explore_out=1 quota=1 allow_explore=True
2026-02-26 23:13:47,740 [WARNING] [u_station_ab_night_autotune_v2] trading.auto_trader: DATA_POLICY mode=OK reason=healthy | route=allow_all prev_mode=OK prev_reason=init_reset_manual
2026-02-26 23:13:47,741 [INFO] [u_station_ab_night_autotune_v2] __main__: MARKET_REGIME mode=YELLOW reason=hysteresis_recover_wait 1/4 raw=GREEN avg_cand_recent=3.00
2026-02-26 23:13:47,771 [INFO] [u_station_ab_night_autotune_v2] trading.auto_trader: AutoTrade adjust token=Chompleton reason=min_trade_floor size=$0.05->$0.10 min=$0.10
2026-02-26 23:13:47,772 [INFO] [u_station_ab_night_autotune_v2] trading.auto_trader: AutoTrade skip token=Chompleton reason=edge_low mode=both edge=-26.03% raw=-24.10% mult=1.08 min=0.05% probe_min=0.05% edge_usd=$-0.026 min_usd=$0.000 probe_min_usd=$0.000 size=$0.10 gross=6.40% costs=30.50% pwin=0.65 probe=- budget=0/1
2026-02-26 23:13:47,784 [INFO] [u_station_ab_night_autotune_v2] trading.auto_trader: AutoTrade skip token=cbBTC reason=ev_net_low expected_net=$-0.00140 min=$-0.00099 samples=45 conf=1.00 pwin=0.51 avg_win=$0.0092 avg_loss=$0.0115 kelly=0.000 mem=sparse trades=2<6
2026-02-26 23:13:47,785 [INFO] [u_station_ab_night_autotune_v2] trading.auto_trader: AutoTrade batch mode=top_n candidates=2 eligible=2 selected=2 opened=0 pe=off burst_window=0
2026-02-26 23:13:47,786 [INFO] [u_station_ab_night_autotune_v2] __main__: FILTER_THRESHOLDS safe_volume_5m_min=$5 safe_liquidity_min=$8000 safe_age_min=240s score_min=48 edge_min=0.05% lock_floor=0.95 no_momentum_max_pnl=0.25 weakness_pnl=-2.60
2026-02-26 23:13:47,787 [INFO] [u_station_ab_night_autotune_v2] __main__: Scanned 10 tokens | High quality: 6 | Alerts sent: 1 | Trade candidates: 3 | Quality out/core/explore/probe: 3/1/2/0 | Opened: 0 | Mode: local | Source: onchain+market | Policy: raw=OK/effective=OK(healthy | route=allow_all) | Regime: YELLOW(hysteresis_recover_wait 1/4 raw=GREEN) | Safety: checked=3 fail_closed=0 reasons=api_code_4029:3 | FiltersTop(session): safe_change_5m:2,source_qos_symbol_cap:1,source_qos_cap:1,safe_age:1 | Dedup: heavy_skip=0 override=0 | V2Budget: 3/280 | SourceQoS: enabled=1/in=10/out=8/dropped=2/active_cd=0/drops=source_qos_symbol_cap:1,source_qos_cap:1 | Ingest: q=0/oldest=0.0s/drop_old=0/dedup_skip=0/enq=5/drain=5 | Sources: dex_boosts:ok=1/fail=0/429=0/lim_wait=0/cd_wait=0/err=0.0%/avg=134ms; dexscreener:ok=12/fail=0/429=0/lim_wait=0/cd_wait=0/err=0.0%/avg=234ms; geckoterminal:ok=2/fail=0/429=0/lim_wait=0/cd_wait=0/err=0.0%/avg=78ms; onchain_enrich:ok=8/fail=0/429=0/lim_wait=0/cd_wait=0/err=0.0%/avg=97ms; onchain_weth_price:ok=1/fail=0/429=0/lim_wait=0/cd_wait=0/err=0.0%/avg=56ms; watchlist_dex:ok=10/fail=0/429=0/lim_wait=0/cd_wait=0/err=0.0%/avg=117ms; watchlist_gecko:ok=6/fail=0/429=0/lim_wait=0/cd_wait=0/err=0.0%/avg=543ms | Tasks: 3 | RSS: 0.0MB | CycleAvg: 0.00s
2026-02-26 23:13:52,118 [INFO] [u_station_ab_night_autotune_v2] monitor.onchain_factory: PAIR_DETECTED source=uniswap_v2 dex=uniswap_v2 pair=0xf33f9aa942f529f499c848d300c36362fdd0af8c token0=0x4200000000000000000000000000000000000006 token1=0x480a9df273609c3d53b0da9dbb5f3821a53e6169 block=42677334 factory=0x8909dc15e40173ff4699343b6eb8132c65e18ec6
2026-02-26 23:13:52,118 [INFO] [u_station_ab_night_autotune_v2] monitor.onchain_factory: PAIR_DETECTED source=uniswap_v2 dex=uniswap_v2 pair=0x2a646f02e6e120d621354154258fe5e350094c7f token0=0x4200000000000000000000000000000000000006 token1=0x44eedad687cb13f0a371c665e57c33a1e7c69946 block=42677337 factory=0x8909dc15e40173ff4699343b6eb8132c65e18ec6
2026-02-26 23:13:52,385 [INFO] [u_station_ab_night_autotune_v2] monitor.onchain_factory: ENRICH_RETRY token=0x0b9e378d2fe661240abade390478e2529c163b92 pair=0xc8091baa1a6f9a75ff86dac4dbc067780b806581 attempt=1/2 delay=10s
2026-02-26 23:13:52,565 [INFO] [u_station_ab_night_autotune_v2] monitor.onchain_factory: ENRICH_RETRY token=0x480a9df273609c3d53b0da9dbb5f3821a53e6169 pair=0xf33f9aa942f529f499c848d300c36362fdd0af8c attempt=1/2 delay=10s
2026-02-26 23:13:52,660 [INFO] [u_station_ab_night_autotune_v2] monitor.onchain_factory: ENRICH_RETRY token=0x44eedad687cb13f0a371c665e57c33a1e7c69946 pair=0x2a646f02e6e120d621354154258fe5e350094c7f attempt=1/2 delay=10s
2026-02-26 23:14:02,743 [INFO] [u_station_ab_night_autotune_v2] __main__: WATCHLIST merged count=4
2026-02-26 23:14:02,744 [INFO] [u_station_ab_night_autotune_v2] trading.v2_runtime: V2_UNIVERSE in=6 dedup=6 out=6 target=6 novel_target=6 novel_out=2 repeat_dropped=0 symbol_dropped=0 surge_in=1 surge_target=1 surge_out=1
2026-02-26 23:14:02,745 [INFO] [u_station_ab_night_autotune_v2] __main__: V2_SOURCE_QOS_FILTER in=6 out=5 drops={'source_qos_cap': 1} caps={'watchlist': 3, 'unknown': 0}
2026-02-26 23:14:02,747 [INFO] [u_station_ab_night_autotune_v2] __main__: FILTER_FAIL token=AERO reason=source_qos_cap source=watchlist used=3/3
2026-02-26 23:14:02,749 [INFO] [u_station_ab_night_autotune_v2] __main__: FILTER_PASS token=cbBTC tier=A score=100 mode=YELLOW risk=MEDIUM liq=19709610 vol5m=10380
2026-02-26 23:14:02,752 [INFO] [u_station_ab_night_autotune_v2] __main__: FILTER_FAIL token=SPOTLIGHT reason=safe_change_5m
2026-02-26 23:14:02,752 [INFO] [u_station_ab_night_autotune_v2] __main__: FILTER_PASS token=VIRTUAL tier=A score=75 mode=YELLOW risk=MEDIUM liq=7339373 vol5m=1143
2026-02-26 23:14:02,756 [INFO] [u_station_ab_night_autotune_v2] __main__: FILTER_FAIL token=WEFI reason=score_min score=30 strict_min=48 soft_min=48 mode=YELLOW
2026-02-26 23:14:02,757 [INFO] [u_station_ab_night_autotune_v2] __main__: FILTER_FAIL token=TSLA reason=score_min score=40 strict_min=48 soft_min=48 mode=YELLOW
2026-02-26 23:14:02,758 [INFO] [u_station_ab_night_autotune_v2] __main__: V2_QUALITY_GATE enabled=True regime=YELLOW in=2 out=2 core_out=1 explore_out=1 probe_out=0 quota=1 max_symbol_share=0.500 drop={} sources_used={'watchlist': 2}
2026-02-26 23:14:02,759 [INFO] [u_station_ab_night_autotune_v2] __main__: V2_ENTRY_ROUTE enabled=True regime=YELLOW in=2 out=2 core_out=1 explore_out=1 quota=1 allow_explore=True
2026-02-26 23:14:02,760 [INFO] [u_station_ab_night_autotune_v2] __main__: MARKET_REGIME mode=YELLOW reason=hysteresis_recover_wait 2/4 raw=GREEN avg_cand_recent=2.50
2026-02-26 23:14:02,762 [INFO] [u_station_ab_night_autotune_v2] trading.auto_trader: AutoTrade skip token=cbBTC reason=ev_net_low expected_net=$-0.00140 min=$-0.00099 samples=45 conf=1.00 pwin=0.51 avg_win=$0.0092 avg_loss=$0.0115 kelly=0.000 mem=sparse trades=2<6
2026-02-26 23:14:02,781 [INFO] [u_station_ab_night_autotune_v2] trading.auto_trader: AutoTrade adjust token=VIRTUAL reason=min_trade_floor size=$0.02->$0.10 min=$0.10
2026-02-26 23:14:02,782 [INFO] [u_station_ab_night_autotune_v2] trading.auto_trader: AutoTrade skip token=VIRTUAL reason=edge_low mode=both edge=-29.70% raw=-27.50% mult=1.08 min=0.05% probe_min=0.05% edge_usd=$-0.030 min_usd=$0.000 probe_min_usd=$0.000 size=$0.10 gross=3.20% costs=30.70% pwin=0.45 probe=- budget=0/1
2026-02-26 23:14:02,783 [INFO] [u_station_ab_night_autotune_v2] trading.auto_trader: AutoTrade batch mode=top_n candidates=2 eligible=2 selected=2 opened=0 pe=off burst_window=0
2026-02-26 23:14:02,784 [INFO] [u_station_ab_night_autotune_v2] __main__: Scanned 6 tokens | High quality: 3 | Alerts sent: 0 | Trade candidates: 2 | Quality out/core/explore/probe: 2/1/1/0 | Opened: 0 | Mode: local | Source: onchain+market | Policy: raw=OK/effective=OK(healthy | route=allow_all) | Regime: YELLOW(hysteresis_recover_wait 2/4 raw=GREEN) | Safety: checked=2 fail_closed=0 reasons=api_code_4029:2 | FiltersTop(session): safe_change_5m:3,score_min:3,source_qos_cap:2,source_qos_symbol_cap:1 | Dedup: heavy_skip=0 override=0 | V2Budget: 2/280 | SourceQoS: enabled=1/in=6/out=5/dropped=1/active_cd=0/drops=source_qos_cap:1 | Ingest: q=0/oldest=0.0s/drop_old=0/dedup_skip=0/enq=0/drain=0 | Sources: dex_boosts:ok=1/fail=0/429=0/lim_wait=0/cd_wait=0/err=0.0%/avg=241ms; dexscreener:ok=12/fail=0/429=0/lim_wait=0/cd_wait=0/err=0.0%/avg=180ms; onchain_enrich:ok=12/fail=0/429=0/lim_wait=0/cd_wait=0/err=0.0%/avg=121ms | Tasks: 3 | RSS: 0.0MB | CycleAvg: 12.56s
2026-02-26 23:14:07,084 [INFO] [u_station_ab_night_autotune_v2] monitor.onchain_factory: PAIR_DETECTED source=uniswap_v2 dex=uniswap_v2 pair=0xbac33ba2a6bef318da9d93da268f21dc69872004 token0=0x4200000000000000000000000000000000000006 token1=0x81fb6e6a9fa402a6ff741d41650fb7fc68b76771 block=42677343 factory=0x8909dc15e40173ff4699343b6eb8132c65e18ec6
2026-02-26 23:14:07,084 [INFO] [u_station_ab_night_autotune_v2] monitor.onchain_factory: PAIR_DETECTED source=uniswap_v2 dex=uniswap_v2 pair=0xcaafde3061bd2a421a56c961347b6612c11f5965 token0=0x4200000000000000000000000000000000000006 token1=0xd565763e8619c4940ad05835d931f6ecf1e6f85c block=42677344 factory=0x8909dc15e40173ff4699343b6eb8132c65e18ec6
2026-02-26 23:14:07,290 [INFO] [u_station_ab_night_autotune_v2] monitor.onchain_factory: ENRICH_RETRY token=0x480a9df273609c3d53b0da9dbb5f3821a53e6169 pair=0xf33f9aa942f529f499c848d300c36362fdd0af8c attempt=1/2 delay=10s
2026-02-26 23:14:07,332 [INFO] [u_station_ab_night_autotune_v2] monitor.onchain_factory: ENRICH_RETRY token=0x44eedad687cb13f0a371c665e57c33a1e7c69946 pair=0x2a646f02e6e120d621354154258fe5e350094c7f attempt=1/2 delay=10s
2026-02-26 23:14:07,520 [INFO] [u_station_ab_night_autotune_v2] monitor.onchain_factory: ENRICH_RETRY token=0x81fb6e6a9fa402a6ff741d41650fb7fc68b76771 pair=0xbac33ba2a6bef318da9d93da268f21dc69872004 attempt=1/2 delay=10s
2026-02-26 23:14:07,717 [INFO] [u_station_ab_night_autotune_v2] monitor.onchain_factory: ENRICH_RETRY token=0xd565763e8619c4940ad05835d931f6ecf1e6f85c pair=0xcaafde3061bd2a421a56c961347b6612c11f5965 attempt=1/2 delay=10s
2026-02-26 23:14:17,822 [INFO] [u_station_ab_night_autotune_v2] __main__: WATCHLIST merged count=4
2026-02-26 23:14:17,824 [INFO] [u_station_ab_night_autotune_v2] trading.v2_runtime: V2_UNIVERSE in=4 dedup=4 out=4 target=4 novel_target=4 novel_out=0 repeat_dropped=0 symbol_dropped=0 surge_in=1 surge_target=1 surge_out=1
2026-02-26 23:14:17,827 [INFO] [u_station_ab_night_autotune_v2] __main__: V2_SOURCE_QOS_FILTER in=4 out=3 drops={'source_qos_cap': 1} caps={'watchlist': 3}
2026-02-26 23:14:17,830 [INFO] [u_station_ab_night_autotune_v2] __main__: FILTER_FAIL token=AERO reason=source_qos_cap source=watchlist used=3/3
2026-02-26 23:14:17,833 [INFO] [u_station_ab_night_autotune_v2] __main__: FILTER_PASS token=cbBTC tier=A score=100 mode=YELLOW risk=MEDIUM liq=19709610 vol5m=10380
2026-02-26 23:14:17,836 [INFO] [u_station_ab_night_autotune_v2] __main__: FILTER_FAIL token=SPOTLIGHT reason=safe_change_5m
2026-02-26 23:14:17,837 [INFO] [u_station_ab_night_autotune_v2] __main__: FILTER_PASS token=VIRTUAL tier=A score=75 mode=YELLOW risk=MEDIUM liq=7339373 vol5m=1143
2026-02-26 23:14:17,839 [INFO] [u_station_ab_night_autotune_v2] __main__: V2_QUALITY_GATE enabled=True regime=YELLOW in=2 out=2 core_out=1 explore_out=1 probe_out=0 quota=1 max_symbol_share=0.500 drop={} sources_used={'watchlist': 2}
2026-02-26 23:14:17,840 [INFO] [u_station_ab_night_autotune_v2] __main__: V2_ENTRY_ROUTE enabled=True regime=YELLOW in=2 out=2 core_out=1 explore_out=1 quota=1 allow_explore=True
2026-02-26 23:14:17,841 [INFO] [u_station_ab_night_autotune_v2] __main__: MARKET_REGIME mode=YELLOW reason=avg_cand=2.33 avg_cand_recent=2.33
2026-02-26 23:14:17,844 [INFO] [u_station_ab_night_autotune_v2] trading.auto_trader: AutoTrade skip token=cbBTC reason=ev_net_low expected_net=$-0.00140 min=$-0.00099 samples=45 conf=1.00 pwin=0.51 avg_win=$0.0092 avg_loss=$0.0115 kelly=0.000 mem=sparse trades=2<6
2026-02-26 23:14:17,846 [INFO] [u_station_ab_night_autotune_v2] trading.auto_trader: AutoTrade adjust token=VIRTUAL reason=min_trade_floor size=$0.02->$0.10 min=$0.10
2026-02-26 23:14:17,848 [INFO] [u_station_ab_night_autotune_v2] trading.auto_trader: AutoTrade skip token=VIRTUAL reason=edge_low mode=both edge=-29.70% raw=-27.50% mult=1.08 min=0.05% probe_min=0.05% edge_usd=$-0.030 min_usd=$0.000 probe_min_usd=$0.000 size=$0.10 gross=3.20% costs=30.70% pwin=0.45 probe=- budget=0/1
2026-02-26 23:14:17,849 [INFO] [u_station_ab_night_autotune_v2] trading.auto_trader: AutoTrade batch mode=top_n candidates=2 eligible=2 selected=2 opened=0 pe=off burst_window=0
2026-02-26 23:14:17,850 [INFO] [u_station_ab_night_autotune_v2] __main__: Scanned 4 tokens | High quality: 3 | Alerts sent: 0 | Trade candidates: 2 | Quality out/core/explore/probe: 2/1/1/0 | Opened: 0 | Mode: local | Source: onchain+market | Policy: raw=OK/effective=OK(healthy | route=allow_all) | Regime: YELLOW(avg_cand=2.33) | Safety: checked=2 fail_closed=0 reasons=api_code_4029:2 | FiltersTop(session): safe_change_5m:4,source_qos_cap:3,score_min:3,source_qos_symbol_cap:1 | Dedup: heavy_skip=0 override=0 | V2Budget: 2/280 | SourceQoS: enabled=1/in=4/out=3/dropped=1/active_cd=0/drops=source_qos_cap:1 | Ingest: q=0/oldest=0.0s/drop_old=0/dedup_skip=0/enq=0/drain=0 | Sources: dex_boosts:ok=1/fail=0/429=0/lim_wait=0/cd_wait=0/err=0.0%/avg=74ms; dexscreener:ok=12/fail=0/429=0/lim_wait=0/cd_wait=0/err=0.0%/avg=177ms; onchain_enrich:ok=16/fail=0/429=0/lim_wait=0/cd_wait=0/err=0.0%/avg=83ms | Tasks: 3 | RSS: 0.0MB | CycleAvg: 11.77s
2026-02-26 23:14:22,275 [INFO] [u_station_ab_night_autotune_v2] monitor.onchain_factory: PAIR_DETECTED source=uniswap_v3 dex=uniswap_v3 pair=0xd99937375d04656692131bcb50cc9fc11967b4ec token0=0x39b0fba88252cc4cd23eecbedede593f169a9a48 token1=0x4200000000000000000000000000000000000006 block=42677348 factory=0x33128a8fc17869897dce68ed026d694621f6fdfd
2026-02-26 23:14:22,353 [INFO] [u_station_ab_night_autotune_v2] monitor.onchain_factory: ENRICH_RETRY token=0x480a9df273609c3d53b0da9dbb5f3821a53e6169 pair=0xf33f9aa942f529f499c848d300c36362fdd0af8c attempt=1/2 delay=10s
2026-02-26 23:14:22,362 [INFO] [u_station_ab_night_autotune_v2] monitor.onchain_factory: ENRICH_RETRY token=0x81fb6e6a9fa402a6ff741d41650fb7fc68b76771 pair=0xbac33ba2a6bef318da9d93da268f21dc69872004 attempt=1/2 delay=10s
2026-02-26 23:14:22,377 [INFO] [u_station_ab_night_autotune_v2] monitor.onchain_factory: ENRICH_RETRY token=0x44eedad687cb13f0a371c665e57c33a1e7c69946 pair=0x2a646f02e6e120d621354154258fe5e350094c7f attempt=1/2 delay=10s
2026-02-26 23:14:22,445 [INFO] [u_station_ab_night_autotune_v2] monitor.onchain_factory: ENRICH_RETRY token=0xd565763e8619c4940ad05835d931f6ecf1e6f85c pair=0xcaafde3061bd2a421a56c961347b6612c11f5965 attempt=1/2 delay=10s
2026-02-26 23:14:22,995 [INFO] [u_station_ab_night_autotune_v2] monitor.onchain_factory: ENRICH_RETRY token=0x39b0fba88252cc4cd23eecbedede593f169a9a48 pair=0xd99937375d04656692131bcb50cc9fc11967b4ec attempt=1/2 delay=10s
2026-02-26 23:14:33,096 [INFO] [u_station_ab_night_autotune_v2] __main__: WATCHLIST merged count=4
2026-02-26 23:14:33,096 [INFO] [u_station_ab_night_autotune_v2] trading.v2_runtime: V2_UNIVERSE in=6 dedup=6 out=6 target=6 novel_target=6 novel_out=2 repeat_dropped=0 symbol_dropped=0 surge_in=1 surge_target=1 surge_out=1
2026-02-26 23:14:33,097 [INFO] [u_station_ab_night_autotune_v2] __main__: V2_SOURCE_QOS_FILTER in=6 out=5 drops={'source_qos_cap': 1} caps={'watchlist': 3, 'unknown': 0}
2026-02-26 23:14:33,098 [INFO] [u_station_ab_night_autotune_v2] __main__: FILTER_FAIL token=AERO reason=source_qos_cap source=watchlist used=3/3
2026-02-26 23:14:33,099 [INFO] [u_station_ab_night_autotune_v2] __main__: FILTER_PASS token=cbBTC tier=A score=100 mode=YELLOW risk=MEDIUM liq=19709610 vol5m=10380
2026-02-26 23:14:33,101 [INFO] [u_station_ab_night_autotune_v2] __main__: FILTER_FAIL token=SPOTLIGHT reason=safe_change_5m
2026-02-26 23:14:33,102 [INFO] [u_station_ab_night_autotune_v2] __main__: FILTER_FAIL token=WALLY reason=safe_age
2026-02-26 23:14:33,103 [INFO] [u_station_ab_night_autotune_v2] __main__: FILTER_PASS token=VIRTUAL tier=A score=75 mode=YELLOW risk=MEDIUM liq=7339373 vol5m=1143
2026-02-26 23:14:33,105 [INFO] [u_station_ab_night_autotune_v2] __main__: FILTER_FAIL token=GAINS reason=score_min score=30 strict_min=48 soft_min=48 mode=YELLOW
2026-02-26 23:14:33,106 [INFO] [u_station_ab_night_autotune_v2] __main__: V2_QUALITY_GATE enabled=True regime=YELLOW in=2 out=2 core_out=1 explore_out=1 probe_out=0 quota=1 max_symbol_share=0.500 drop={} sources_used={'watchlist': 2}
2026-02-26 23:14:33,107 [INFO] [u_station_ab_night_autotune_v2] __main__: V2_ENTRY_ROUTE enabled=True regime=YELLOW in=2 out=2 core_out=1 explore_out=1 quota=1 allow_explore=True
2026-02-26 23:14:33,107 [INFO] [u_station_ab_night_autotune_v2] __main__: MARKET_REGIME mode=YELLOW reason=avg_cand=2.25 avg_cand_recent=2.25
2026-02-26 23:14:33,110 [INFO] [u_station_ab_night_autotune_v2] trading.auto_trader: AutoTrade skip token=cbBTC reason=ev_net_low expected_net=$-0.00140 min=$-0.00099 samples=45 conf=1.00 pwin=0.51 avg_win=$0.0092 avg_loss=$0.0115 kelly=0.000 mem=sparse trades=2<6
2026-02-26 23:14:33,112 [INFO] [u_station_ab_night_autotune_v2] trading.auto_trader: AutoTrade adjust token=VIRTUAL reason=min_trade_floor size=$0.02->$0.10 min=$0.10
2026-02-26 23:14:33,113 [INFO] [u_station_ab_night_autotune_v2] trading.auto_trader: AutoTrade skip token=VIRTUAL reason=edge_low mode=both edge=-29.70% raw=-27.50% mult=1.08 min=0.05% probe_min=0.05% edge_usd=$-0.030 min_usd=$0.000 probe_min_usd=$0.000 size=$0.10 gross=3.20% costs=30.70% pwin=0.45 probe=- budget=0/1
2026-02-26 23:14:33,114 [INFO] [u_station_ab_night_autotune_v2] trading.auto_trader: AutoTrade batch mode=top_n candidates=2 eligible=2 selected=2 opened=0 pe=off burst_window=0
2026-02-26 23:14:33,115 [INFO] [u_station_ab_night_autotune_v2] __main__: Scanned 6 tokens | High quality: 3 | Alerts sent: 0 | Trade candidates: 2 | Quality out/core/explore/probe: 2/1/1/0 | Opened: 0 | Mode: local | Source: onchain+market | Policy: raw=OK/effective=OK(healthy | route=allow_all) | Regime: YELLOW(avg_cand=2.25) | Safety: checked=2 fail_closed=0 reasons=api_code_4029:2 | FiltersTop(session): safe_change_5m:5,source_qos_cap:4,score_min:4,safe_age:2 | Dedup: heavy_skip=0 override=0 | V2Budget: 2/280 | SourceQoS: enabled=1/in=6/out=5/dropped=1/active_cd=0/drops=source_qos_cap:1 | Ingest: q=0/oldest=0.0s/drop_old=0/dedup_skip=0/enq=0/drain=0 | Sources: dex_boosts:ok=1/fail=0/429=0/lim_wait=0/cd_wait=0/err=0.0%/avg=39ms; dexscreener:ok=12/fail=0/429=0/lim_wait=0/cd_wait=0/err=0.0%/avg=46ms; onchain_enrich:ok=18/fail=0/429=0/lim_wait=0/cd_wait=0/err=0.0%/avg=84ms | Tasks: 3 | RSS: 0.0MB | CycleAvg: 11.53s
2026-02-26 23:14:37,390 [INFO] [u_station_ab_night_autotune_v2] monitor.onchain_factory: PAIR_DETECTED source=uniswap_v2 dex=uniswap_v2 pair=0xa687a2f66ea1c4a4c748dc98777bce33ecf4118b token0=0x4200000000000000000000000000000000000006 token1=0x47ab913e5f9cfd6f9dd6c2f19563d987b8874df3 block=42677356 factory=0x8909dc15e40173ff4699343b6eb8132c65e18ec6
2026-02-26 23:14:37,607 [INFO] [u_station_ab_night_autotune_v2] monitor.onchain_factory: ENRICH_RETRY token=0x81fb6e6a9fa402a6ff741d41650fb7fc68b76771 pair=0xbac33ba2a6bef318da9d93da268f21dc69872004 attempt=1/2 delay=10s
2026-02-26 23:14:37,616 [INFO] [u_station_ab_night_autotune_v2] monitor.onchain_factory: ENRICH_RETRY token=0xd565763e8619c4940ad05835d931f6ecf1e6f85c pair=0xcaafde3061bd2a421a56c961347b6612c11f5965 attempt=1/2 delay=10s
2026-02-26 23:14:37,682 [INFO] [u_station_ab_night_autotune_v2] monitor.onchain_factory: ENRICH_RETRY token=0x39b0fba88252cc4cd23eecbedede593f169a9a48 pair=0xd99937375d04656692131bcb50cc9fc11967b4ec attempt=1/2 delay=10s
2026-02-26 23:14:37,838 [INFO] [u_station_ab_night_autotune_v2] monitor.onchain_factory: ENRICH_RETRY token=0x47ab913e5f9cfd6f9dd6c2f19563d987b8874df3 pair=0xa687a2f66ea1c4a4c748dc98777bce33ecf4118b attempt=1/2 delay=10s
2026-02-26 23:14:47,902 [INFO] [u_station_ab_night_autotune_v2] __main__: WATCHLIST merged count=4
2026-02-26 23:14:47,903 [INFO] [u_station_ab_night_autotune_v2] trading.v2_runtime: V2_UNIVERSE in=6 dedup=6 out=6 target=6 novel_target=6 novel_out=2 repeat_dropped=0 symbol_dropped=0 surge_in=1 surge_target=1 surge_out=1
2026-02-26 23:14:47,904 [INFO] [u_station_ab_night_autotune_v2] __main__: V2_SOURCE_QOS_FILTER in=6 out=5 drops={'source_qos_cap': 1} caps={'watchlist': 3, 'unknown': 0}
2026-02-26 23:14:47,906 [INFO] [u_station_ab_night_autotune_v2] __main__: FILTER_FAIL token=AERO reason=source_qos_cap source=watchlist used=3/3
2026-02-26 23:14:47,907 [INFO] [u_station_ab_night_autotune_v2] __main__: FILTER_PASS token=cbBTC tier=A score=100 mode=YELLOW risk=MEDIUM liq=19709610 vol5m=10380
2026-02-26 23:14:47,908 [INFO] [u_station_ab_night_autotune_v2] __main__: FILTER_FAIL token=Chompleton reason=safe_age
2026-02-26 23:14:47,910 [INFO] [u_station_ab_night_autotune_v2] __main__: FILTER_FAIL token=SPOTLIGHT reason=safe_change_5m
2026-02-26 23:14:47,911 [INFO] [u_station_ab_night_autotune_v2] __main__: FILTER_PASS token=VIRTUAL tier=A score=75 mode=YELLOW risk=MEDIUM liq=7339373 vol5m=1143
2026-02-26 23:14:47,913 [INFO] [u_station_ab_night_autotune_v2] __main__: FILTER_FAIL token=ASM reason=score_min score=30 strict_min=48 soft_min=48 mode=YELLOW
2026-02-26 23:14:47,914 [INFO] [u_station_ab_night_autotune_v2] __main__: V2_QUALITY_GATE enabled=True regime=YELLOW in=2 out=2 core_out=1 explore_out=1 probe_out=0 quota=1 max_symbol_share=0.500 drop={} sources_used={'watchlist': 2}
2026-02-26 23:14:47,915 [INFO] [u_station_ab_night_autotune_v2] __main__: V2_ENTRY_ROUTE enabled=True regime=YELLOW in=2 out=2 core_out=1 explore_out=1 quota=1 allow_explore=True
2026-02-26 23:14:47,915 [INFO] [u_station_ab_night_autotune_v2] __main__: MARKET_REGIME mode=YELLOW reason=avg_cand=2.20 avg_cand_recent=2.20
2026-02-26 23:14:47,919 [INFO] [u_station_ab_night_autotune_v2] trading.auto_trader: AutoTrade skip token=cbBTC reason=ev_net_low expected_net=$-0.00140 min=$-0.00099 samples=45 conf=1.00 pwin=0.51 avg_win=$0.0092 avg_loss=$0.0115 kelly=0.000 mem=sparse trades=2<6
2026-02-26 23:14:47,920 [INFO] [u_station_ab_night_autotune_v2] trading.auto_trader: AutoTrade adjust token=VIRTUAL reason=min_trade_floor size=$0.02->$0.10 min=$0.10
2026-02-26 23:14:47,922 [INFO] [u_station_ab_night_autotune_v2] trading.auto_trader: AutoTrade skip token=VIRTUAL reason=edge_low mode=both edge=-29.70% raw=-27.50% mult=1.08 min=0.05% probe_min=0.05% edge_usd=$-0.030 min_usd=$0.000 probe_min_usd=$0.000 size=$0.10 gross=3.20% costs=30.70% pwin=0.45 probe=- budget=0/1
2026-02-26 23:14:47,923 [INFO] [u_station_ab_night_autotune_v2] trading.auto_trader: AutoTrade batch mode=top_n candidates=2 eligible=2 selected=2 opened=0 pe=off burst_window=0
2026-02-26 23:14:47,923 [INFO] [u_station_ab_night_autotune_v2] trading.auto_trader: PAPER_SUMMARY window=60s closed_delta=0 wins_delta=0 losses_delta=0 realized_delta=$0.00 total_closed=14 winrate_total=14.3% realized_total=$-0.13 balance=$6.87 equity=$6.87 open=0
2026-02-26 23:14:47,925 [INFO] [u_station_ab_night_autotune_v2] __main__: Scanned 6 tokens | High quality: 3 | Alerts sent: 0 | Trade candidates: 2 | Quality out/core/explore/probe: 2/1/1/0 | Opened: 0 | Mode: local | Source: onchain+market | Policy: raw=OK/effective=OK(healthy | route=allow_all) | Regime: YELLOW(avg_cand=2.20) | Safety: checked=2 fail_closed=0 reasons=api_code_4029:2 | FiltersTop(session): safe_change_5m:6,source_qos_cap:5,score_min:5,safe_age:3 | Dedup: heavy_skip=0 override=0 | V2Budget: 2/280 | SourceQoS: enabled=1/in=6/out=5/dropped=1/active_cd=0/drops=source_qos_cap:1 | Ingest: q=0/oldest=0.0s/drop_old=0/dedup_skip=0/enq=0/drain=0 | Sources: dex_boosts:ok=1/fail=0/429=0/lim_wait=0/cd_wait=0/err=0.0%/avg=139ms; dexscreener:ok=12/fail=0/429=0/lim_wait=0/cd_wait=0/err=0.0%/avg=102ms; onchain_enrich:ok=14/fail=0/429=0/lim_wait=0/cd_wait=0/err=0.0%/avg=82ms; onchain_weth_price:ok=1/fail=0/429=0/lim_wait=0/cd_wait=0/err=0.0%/avg=49ms | Tasks: 3 | RSS: 0.0MB | CycleAvg: 11.46s
2026-02-26 23:14:52,227 [INFO] [u_station_ab_night_autotune_v2] monitor.onchain_factory: PAIR_DETECTED source=uniswap_v2 dex=uniswap_v2 pair=0xa7d6a1c7c91f51360f8d0c080c417537b44714ec token0=0x4200000000000000000000000000000000000006 token1=0x80e3397e41c8efd1492c9761388cc9cf9de06ce5 block=42677366 factory=0x8909dc15e40173ff4699343b6eb8132c65e18ec6
2026-02-26 23:14:52,228 [INFO] [u_station_ab_night_autotune_v2] monitor.onchain_factory: PAIR_DETECTED source=uniswap_v2 dex=uniswap_v2 pair=0x60f6dac87a06d22d87919429a5f0243118f2964a token0=0x4200000000000000000000000000000000000006 token1=0x935adee8a7930581f686cb557ebc0b85ff6b69fa block=42677369 factory=0x8909dc15e40173ff4699343b6eb8132c65e18ec6
2026-02-26 23:14:52,456 [INFO] [u_station_ab_night_autotune_v2] monitor.onchain_factory: ENRICH_RETRY token=0x39b0fba88252cc4cd23eecbedede593f169a9a48 pair=0xd99937375d04656692131bcb50cc9fc11967b4ec attempt=1/2 delay=10s
2026-02-26 23:14:52,457 [INFO] [u_station_ab_night_autotune_v2] monitor.onchain_factory: ENRICH_RETRY token=0x47ab913e5f9cfd6f9dd6c2f19563d987b8874df3 pair=0xa687a2f66ea1c4a4c748dc98777bce33ecf4118b attempt=1/2 delay=10s
2026-02-26 23:14:52,843 [INFO] [u_station_ab_night_autotune_v2] monitor.onchain_factory: ENRICH_RETRY token=0x80e3397e41c8efd1492c9761388cc9cf9de06ce5 pair=0xa7d6a1c7c91f51360f8d0c080c417537b44714ec attempt=1/2 delay=10s
2026-02-26 23:14:52,930 [INFO] [u_station_ab_night_autotune_v2] monitor.onchain_factory: ENRICH_RETRY token=0x935adee8a7930581f686cb557ebc0b85ff6b69fa pair=0x60f6dac87a06d22d87919429a5f0243118f2964a attempt=1/2 delay=10s
2026-02-26 23:15:03,005 [INFO] [u_station_ab_night_autotune_v2] __main__: WATCHLIST merged count=4
2026-02-26 23:15:03,006 [INFO] [u_station_ab_night_autotune_v2] trading.v2_runtime: V2_UNIVERSE in=9 dedup=9 out=9 target=9 novel_target=8 novel_out=2 repeat_dropped=0 symbol_dropped=0 surge_in=2 surge_target=2 surge_out=2
2026-02-26 23:15:03,007 [INFO] [u_station_ab_night_autotune_v2] __main__: V2_SOURCE_QOS_FILTER in=9 out=8 drops={'source_qos_cap': 1} caps={'watchlist': 3, 'geckoterminal': 287}
2026-02-26 23:15:03,008 [INFO] [u_station_ab_night_autotune_v2] __main__: FILTER_FAIL token=AERO reason=source_qos_cap source=watchlist used=3/3
2026-02-26 23:15:03,010 [INFO] [u_station_ab_night_autotune_v2] __main__: FILTER_FAIL token=RUBY reason=safe_age
2026-02-26 23:15:03,011 [INFO] [u_station_ab_night_autotune_v2] __main__: FILTER_FAIL token=MOLTGM reason=safe_age
2026-02-26 23:15:03,012 [INFO] [u_station_ab_night_autotune_v2] __main__: FILTER_PASS token=cbBTC tier=A score=100 mode=YELLOW risk=MEDIUM liq=19709610 vol5m=10380
2026-02-26 23:15:03,014 [INFO] [u_station_ab_night_autotune_v2] __main__: FILTER_FAIL token=SPOTLIGHT reason=safe_change_5m
2026-02-26 23:15:03,015 [INFO] [u_station_ab_night_autotune_v2] __main__: FILTER_FAIL token=WALLY reason=safe_age
2026-02-26 23:15:03,016 [INFO] [u_station_ab_night_autotune_v2] __main__: FILTER_FAIL token=TSLA reason=score_min score=40 strict_min=48 soft_min=48 mode=YELLOW
2026-02-26 23:15:03,017 [INFO] [u_station_ab_night_autotune_v2] __main__: FILTER_PASS token=VIRTUAL tier=A score=75 mode=YELLOW risk=MEDIUM liq=7339373 vol5m=1143
2026-02-26 23:15:03,018 [INFO] [u_station_ab_night_autotune_v2] __main__: FILTER_FAIL token=Chompleton reason=safe_volume vol5m=0 min=6 regime=YELLOW
2026-02-26 23:15:03,019 [INFO] [u_station_ab_night_autotune_v2] __main__: V2_QUALITY_GATE enabled=True regime=YELLOW in=2 out=2 core_out=1 explore_out=1 probe_out=0 quota=1 max_symbol_share=0.500 drop={} sources_used={'watchlist': 2}
2026-02-26 23:15:03,020 [INFO] [u_station_ab_night_autotune_v2] __main__: V2_ENTRY_ROUTE enabled=True regime=YELLOW in=2 out=2 core_out=1 explore_out=1 quota=1 allow_explore=True
2026-02-26 23:15:03,020 [INFO] [u_station_ab_night_autotune_v2] __main__: MARKET_REGIME mode=YELLOW reason=avg_cand=2.17 avg_cand_recent=2.17
2026-02-26 23:15:03,022 [INFO] [u_station_ab_night_autotune_v2] trading.auto_trader: AutoTrade skip token=cbBTC reason=ev_net_low expected_net=$-0.00140 min=$-0.00099 samples=45 conf=1.00 pwin=0.51 avg_win=$0.0092 avg_loss=$0.0115 kelly=0.000 mem=sparse trades=2<6
2026-02-26 23:15:03,024 [INFO] [u_station_ab_night_autotune_v2] trading.auto_trader: AutoTrade adjust token=VIRTUAL reason=min_trade_floor size=$0.02->$0.10 min=$0.10
2026-02-26 23:15:03,024 [INFO] [u_station_ab_night_autotune_v2] trading.auto_trader: AutoTrade skip token=VIRTUAL reason=edge_low mode=both edge=-29.70% raw=-27.50% mult=1.08 min=0.05% probe_min=0.05% edge_usd=$-0.030 min_usd=$0.000 probe_min_usd=$0.000 size=$0.10 gross=3.20% costs=30.70% pwin=0.45 probe=- budget=0/1
2026-02-26 23:15:03,025 [INFO] [u_station_ab_night_autotune_v2] trading.auto_trader: AutoTrade batch mode=top_n candidates=2 eligible=2 selected=2 opened=0 pe=off burst_window=0
2026-02-26 23:15:03,027 [INFO] [u_station_ab_night_autotune_v2] __main__: Scanned 9 tokens | High quality: 4 | Alerts sent: 0 | Trade candidates: 2 | Quality out/core/explore/probe: 2/1/1/0 | Opened: 0 | Mode: local | Source: onchain+market | Policy: raw=OK/effective=OK(healthy | route=allow_all) | Regime: YELLOW(avg_cand=2.17) | Safety: checked=2 fail_closed=0 reasons=api_code_4029:2 | FiltersTop(session): safe_change_5m:7,source_qos_cap:6,safe_age:6,score_min:6 | Dedup: heavy_skip=0 override=0 | V2Budget: 2/280 | SourceQoS: enabled=1/in=9/out=8/dropped=1/active_cd=0/drops=source_qos_cap:1 | Ingest: q=0/oldest=0.0s/drop_old=0/dedup_skip=0/enq=5/drain=5 | Sources: dex_boosts:ok=1/fail=0/429=0/lim_wait=0/cd_wait=0/err=0.0%/avg=56ms; dexscreener:ok=12/fail=0/429=0/lim_wait=0/cd_wait=0/err=0.0%/avg=146ms; geckoterminal:ok=1/fail=0/429=0/lim_wait=0/cd_wait=0/err=0.0%/avg=806ms; onchain_enrich:ok=16/fail=0/429=0/lim_wait=0/cd_wait=0/err=0.0%/avg=122ms | Tasks: 3 | RSS: 0.0MB | CycleAvg: 11.33s
2026-02-26 23:15:07,293 [INFO] [u_station_ab_night_autotune_v2] monitor.onchain_factory: PAIR_DETECTED source=uniswap_v2 dex=uniswap_v2 pair=0xed6c2e15dcfc1cc9f439d88824c3209af01e778e token0=0x4200000000000000000000000000000000000006 token1=0xc0c9c7ca7263dccb4b3ec1de2c603b89db79bef4 block=42677375 factory=0x8909dc15e40173ff4699343b6eb8132c65e18ec6
2026-02-26 23:15:07,489 [INFO] [u_station_ab_night_autotune_v2] monitor.onchain_factory: ENRICH_RETRY token=0x39b0fba88252cc4cd23eecbedede593f169a9a48 pair=0xd99937375d04656692131bcb50cc9fc11967b4ec attempt=1/2 delay=10s
2026-02-26 23:15:07,522 [INFO] [u_station_ab_night_autotune_v2] monitor.onchain_factory: ENRICH_RETRY token=0x80e3397e41c8efd1492c9761388cc9cf9de06ce5 pair=0xa7d6a1c7c91f51360f8d0c080c417537b44714ec attempt=1/2 delay=10s
2026-02-26 23:15:07,531 [INFO] [u_station_ab_night_autotune_v2] monitor.onchain_factory: ENRICH_RETRY token=0x47ab913e5f9cfd6f9dd6c2f19563d987b8874df3 pair=0xa687a2f66ea1c4a4c748dc98777bce33ecf4118b attempt=1/2 delay=10s
2026-02-26 23:15:07,620 [INFO] [u_station_ab_night_autotune_v2] monitor.onchain_factory: ENRICH_RETRY token=0x935adee8a7930581f686cb557ebc0b85ff6b69fa pair=0x60f6dac87a06d22d87919429a5f0243118f2964a attempt=1/2 delay=10s
2026-02-26 23:15:07,912 [INFO] [u_station_ab_night_autotune_v2] monitor.onchain_factory: ENRICH_RETRY token=0xc0c9c7ca7263dccb4b3ec1de2c603b89db79bef4 pair=0xed6c2e15dcfc1cc9f439d88824c3209af01e778e attempt=1/2 delay=10s
2026-02-26 23:15:17,982 [INFO] [u_station_ab_night_autotune_v2] __main__: WATCHLIST merged count=4
2026-02-26 23:15:17,983 [INFO] [u_station_ab_night_autotune_v2] trading.v2_runtime: V2_UNIVERSE in=5 dedup=5 out=5 target=5 novel_target=5 novel_out=1 repeat_dropped=0 symbol_dropped=0 surge_in=1 surge_target=1 surge_out=1
2026-02-26 23:15:17,984 [INFO] [u_station_ab_night_autotune_v2] __main__: V2_SOURCE_QOS_FILTER in=5 out=4 drops={'source_qos_cap': 1} caps={'watchlist': 3, 'unknown': 0}
2026-02-26 23:15:17,985 [INFO] [u_station_ab_night_autotune_v2] __main__: FILTER_FAIL token=AERO reason=source_qos_cap source=watchlist used=3/3
2026-02-26 23:15:17,985 [INFO] [u_station_ab_night_autotune_v2] __main__: FILTER_PASS token=cbBTC tier=A score=100 mode=YELLOW risk=MEDIUM liq=19709610 vol5m=10380
2026-02-26 23:15:17,985 [INFO] [u_station_ab_night_autotune_v2] __main__: FILTER_FAIL token=SPOTLIGHT reason=safe_change_5m
2026-02-26 23:15:17,985 [INFO] [u_station_ab_night_autotune_v2] __main__: FILTER_PASS token=VIRTUAL tier=A score=75 mode=YELLOW risk=MEDIUM liq=7339373 vol5m=1143
2026-02-26 23:15:17,989 [INFO] [u_station_ab_night_autotune_v2] __main__: FILTER_FAIL token=ICBX reason=score_min score=30 strict_min=48 soft_min=48 mode=YELLOW
2026-02-26 23:15:17,990 [INFO] [u_station_ab_night_autotune_v2] __main__: V2_QUALITY_GATE enabled=True regime=YELLOW in=2 out=2 core_out=1 explore_out=1 probe_out=0 quota=1 max_symbol_share=0.500 drop={} sources_used={'watchlist': 2}
2026-02-26 23:15:17,991 [INFO] [u_station_ab_night_autotune_v2] __main__: V2_ENTRY_ROUTE enabled=True regime=YELLOW in=2 out=2 core_out=1 explore_out=1 quota=1 allow_explore=True
2026-02-26 23:15:17,992 [INFO] [u_station_ab_night_autotune_v2] __main__: MARKET_REGIME mode=YELLOW reason=avg_cand=2.14 avg_cand_recent=2.14
2026-02-26 23:15:18,012 [INFO] [u_station_ab_night_autotune_v2] trading.auto_trader: AutoTrade skip token=cbBTC reason=ev_net_low expected_net=$-0.00140 min=$-0.00099 samples=45 conf=1.00 pwin=0.51 avg_win=$0.0092 avg_loss=$0.0115 kelly=0.000 mem=sparse trades=2<6
2026-02-26 23:15:18,014 [INFO] [u_station_ab_night_autotune_v2] trading.auto_trader: AutoTrade adjust token=VIRTUAL reason=min_trade_floor size=$0.02->$0.10 min=$0.10
2026-02-26 23:15:18,015 [INFO] [u_station_ab_night_autotune_v2] trading.auto_trader: AutoTrade skip token=VIRTUAL reason=edge_low mode=both edge=-29.70% raw=-27.50% mult=1.08 min=0.05% probe_min=0.05% edge_usd=$-0.030 min_usd=$0.000 probe_min_usd=$0.000 size=$0.10 gross=3.20% costs=30.70% pwin=0.45 probe=- budget=0/1
2026-02-26 23:15:18,016 [INFO] [u_station_ab_night_autotune_v2] trading.auto_trader: AutoTrade batch mode=top_n candidates=2 eligible=2 selected=2 opened=0 pe=off burst_window=0
2026-02-26 23:15:18,016 [INFO] [u_station_ab_night_autotune_v2] __main__: Scanned 5 tokens | High quality: 3 | Alerts sent: 0 | Trade candidates: 2 | Quality out/core/explore/probe: 2/1/1/0 | Opened: 0 | Mode: local | Source: onchain+market | Policy: raw=OK/effective=OK(healthy | route=allow_all) | Regime: YELLOW(avg_cand=2.14) | Safety: checked=2 fail_closed=0 reasons=api_code_4029:2 | FiltersTop(session): safe_change_5m:8,source_qos_cap:7,score_min:7,safe_age:6 | Dedup: heavy_skip=0 override=0 | V2Budget: 2/280 | SourceQoS: enabled=1/in=5/out=4/dropped=1/active_cd=0/drops=source_qos_cap:1 | Ingest: q=0/oldest=0.0s/drop_old=0/dedup_skip=0/enq=0/drain=0 | Sources: dex_boosts:ok=1/fail=0/429=0/lim_wait=0/cd_wait=0/err=0.0%/avg=43ms; dexscreener:ok=12/fail=0/429=0/lim_wait=0/cd_wait=0/err=0.0%/avg=48ms; onchain_enrich:ok=19/fail=0/429=0/lim_wait=0/cd_wait=0/err=0.0%/avg=73ms | Tasks: 3 | RSS: 0.0MB | CycleAvg: 11.29s
2026-02-26 23:15:22,289 [INFO] [u_station_ab_night_autotune_v2] monitor.onchain_factory: PAIR_DETECTED source=uniswap_v2 dex=uniswap_v2 pair=0xe7a15a2f46bbc5ca5c358a9f33fe2541f0b72c7c token0=0x4200000000000000000000000000000000000006 token1=0x7569ff3d6f159e38ad57480490b5da8c2b79a8bc block=42677382 factory=0x8909dc15e40173ff4699343b6eb8132c65e18ec6
2026-02-26 23:15:22,434 [INFO] [u_station_ab_night_autotune_v2] monitor.onchain_factory: PAIR_DETECTED source=uniswap_v3 dex=uniswap_v3 pair=0xdebed4139e37fb6d3a2cbecf1104d7a5179530fe token0=0x0fe4ed6c0582270013d4a164e90094b7a3f212a9 token1=0x4200000000000000000000000000000000000006 block=42677381 factory=0x33128a8fc17869897dce68ed026d694621f6fdfd
2026-02-26 23:15:22,513 [INFO] [u_station_ab_night_autotune_v2] monitor.onchain_factory: ENRICH_RETRY token=0x935adee8a7930581f686cb557ebc0b85ff6b69fa pair=0x60f6dac87a06d22d87919429a5f0243118f2964a attempt=1/2 delay=10s
2026-02-26 23:15:22,517 [INFO] [u_station_ab_night_autotune_v2] monitor.onchain_factory: ENRICH_RETRY token=0x80e3397e41c8efd1492c9761388cc9cf9de06ce5 pair=0xa7d6a1c7c91f51360f8d0c080c417537b44714ec attempt=1/2 delay=10s
2026-02-26 23:15:22,520 [INFO] [u_station_ab_night_autotune_v2] monitor.onchain_factory: ENRICH_RETRY token=0x39b0fba88252cc4cd23eecbedede593f169a9a48 pair=0xd99937375d04656692131bcb50cc9fc11967b4ec attempt=1/2 delay=10s
2026-02-26 23:15:22,548 [INFO] [u_station_ab_night_autotune_v2] monitor.onchain_factory: ENRICH_RETRY token=0xc0c9c7ca7263dccb4b3ec1de2c603b89db79bef4 pair=0xed6c2e15dcfc1cc9f439d88824c3209af01e778e attempt=1/2 delay=10s
2026-02-26 23:15:22,819 [INFO] [u_station_ab_night_autotune_v2] monitor.onchain_factory: ENRICH_RETRY token=0x0fe4ed6c0582270013d4a164e90094b7a3f212a9 pair=0xdebed4139e37fb6d3a2cbecf1104d7a5179530fe attempt=1/2 delay=10s
2026-02-26 23:15:22,948 [INFO] [u_station_ab_night_autotune_v2] monitor.onchain_factory: ENRICH_RETRY token=0x7569ff3d6f159e38ad57480490b5da8c2b79a8bc pair=0xe7a15a2f46bbc5ca5c358a9f33fe2541f0b72c7c attempt=1/2 delay=10s
2026-02-26 23:15:33,018 [INFO] [u_station_ab_night_autotune_v2] __main__: WATCHLIST merged count=4
2026-02-26 23:15:33,019 [INFO] [u_station_ab_night_autotune_v2] trading.v2_runtime: V2_UNIVERSE in=6 dedup=6 out=6 target=6 novel_target=6 novel_out=2 repeat_dropped=0 symbol_dropped=0 surge_in=1 surge_target=1 surge_out=1
2026-02-26 23:15:33,020 [INFO] [u_station_ab_night_autotune_v2] __main__: V2_SOURCE_QOS_FILTER in=6 out=5 drops={'source_qos_cap': 1} caps={'watchlist': 3, 'unknown': 0}
2026-02-26 23:15:33,022 [INFO] [u_station_ab_night_autotune_v2] __main__: FILTER_FAIL token=AERO reason=source_qos_cap source=watchlist used=3/3
2026-02-26 23:15:33,022 [INFO] [u_station_ab_night_autotune_v2] __main__: FILTER_PASS token=cbBTC tier=A score=100 mode=YELLOW risk=MEDIUM liq=19709610 vol5m=10380
2026-02-26 23:15:33,024 [INFO] [u_station_ab_night_autotune_v2] __main__: FILTER_FAIL token=SPOTLIGHT reason=safe_change_5m
2026-02-26 23:15:33,025 [INFO] [u_station_ab_night_autotune_v2] __main__: FILTER_PASS token=VIRTUAL tier=A score=75 mode=YELLOW risk=MEDIUM liq=7339373 vol5m=1143
2026-02-26 23:15:33,026 [INFO] [u_station_ab_night_autotune_v2] __main__: FILTER_FAIL token=SXS reason=score_min score=30 strict_min=48 soft_min=48 mode=YELLOW
2026-02-26 23:15:33,027 [INFO] [u_station_ab_night_autotune_v2] __main__: FILTER_FAIL token=FLOW reason=score_min score=20 strict_min=48 soft_min=48 mode=YELLOW
2026-02-26 23:15:33,028 [INFO] [u_station_ab_night_autotune_v2] __main__: V2_QUALITY_GATE enabled=True regime=YELLOW in=2 out=2 core_out=1 explore_out=1 probe_out=0 quota=1 max_symbol_share=0.500 drop={} sources_used={'watchlist': 2}
2026-02-26 23:15:33,029 [INFO] [u_station_ab_night_autotune_v2] __main__: V2_ENTRY_ROUTE enabled=True regime=YELLOW in=2 out=2 core_out=1 explore_out=1 quota=1 allow_explore=True
2026-02-26 23:15:33,029 [INFO] [u_station_ab_night_autotune_v2] __main__: MARKET_REGIME mode=YELLOW reason=avg_cand=2.12 avg_cand_recent=2.12
2026-02-26 23:15:33,032 [INFO] [u_station_ab_night_autotune_v2] trading.auto_trader: AutoTrade skip token=cbBTC reason=ev_net_low expected_net=$-0.00140 min=$-0.00099 samples=45 conf=1.00 pwin=0.51 avg_win=$0.0092 avg_loss=$0.0115 kelly=0.000 mem=sparse trades=2<6
2026-02-26 23:15:33,051 [INFO] [u_station_ab_night_autotune_v2] trading.auto_trader: AutoTrade adjust token=VIRTUAL reason=min_trade_floor size=$0.02->$0.10 min=$0.10
2026-02-26 23:15:33,052 [INFO] [u_station_ab_night_autotune_v2] trading.auto_trader: AutoTrade skip token=VIRTUAL reason=edge_low mode=both edge=-29.70% raw=-27.50% mult=1.08 min=0.05% probe_min=0.05% edge_usd=$-0.030 min_usd=$0.000 probe_min_usd=$0.000 size=$0.10 gross=3.20% costs=30.70% pwin=0.45 probe=- budget=0/1
2026-02-26 23:15:33,053 [INFO] [u_station_ab_night_autotune_v2] trading.auto_trader: AutoTrade batch mode=top_n candidates=2 eligible=2 selected=2 opened=0 pe=off burst_window=0
2026-02-26 23:15:33,054 [INFO] [u_station_ab_night_autotune_v2] __main__: Scanned 6 tokens | High quality: 3 | Alerts sent: 0 | Trade candidates: 2 | Quality out/core/explore/probe: 2/1/1/0 | Opened: 0 | Mode: local | Source: onchain+market | Policy: raw=OK/effective=OK(healthy | route=allow_all) | Regime: YELLOW(avg_cand=2.12) | Safety: checked=2 fail_closed=0 reasons=api_code_4029:2 | FiltersTop(session): safe_change_5m:9,score_min:9,source_qos_cap:8,safe_age:6 | Dedup: heavy_skip=0 override=0 | V2Budget: 2/280 | SourceQoS: enabled=1/in=6/out=5/dropped=1/active_cd=0/drops=source_qos_cap:1 | Ingest: q=0/oldest=0.0s/drop_old=0/dedup_skip=0/enq=0/drain=0 | Sources: dex_boosts:ok=1/fail=0/429=0/lim_wait=0/cd_wait=0/err=0.0%/avg=41ms; dexscreener:ok=12/fail=0/429=0/lim_wait=0/cd_wait=0/err=0.0%/avg=43ms; onchain_enrich:ok=22/fail=0/429=0/lim_wait=0/cd_wait=0/err=0.0%/avg=75ms | Tasks: 3 | RSS: 0.0MB | CycleAvg: 11.25s
2026-02-26 23:15:37,337 [INFO] [u_station_ab_night_autotune_v2] monitor.onchain_factory: PAIR_DETECTED source=uniswap_v2 dex=uniswap_v2 pair=0x548080e84560b39f8e23edec085bf51b1013de8a token0=0x1045c33f3948850c2b166c6c73f25b9950f3e7f1 token1=0x4200000000000000000000000000000000000006 block=42677389 factory=0x8909dc15e40173ff4699343b6eb8132c65e18ec6
2026-02-26 23:15:37,338 [INFO] [u_station_ab_night_autotune_v2] monitor.onchain_factory: PAIR_DETECTED source=uniswap_v2 dex=uniswap_v2 pair=0xdf5dc6057ec08d03c86e716360712d8b5cd417be token0=0x4200000000000000000000000000000000000006 token1=0xcfb6ec1bb565b5b65e16e72bb8be832b5ae76ba3 block=42677393 factory=0x8909dc15e40173ff4699343b6eb8132c65e18ec6
2026-02-26 23:15:37,531 [INFO] [u_station_ab_night_autotune_v2] monitor.onchain_factory: ENRICH_RETRY token=0x7569ff3d6f159e38ad57480490b5da8c2b79a8bc pair=0xe7a15a2f46bbc5ca5c358a9f33fe2541f0b72c7c attempt=1/2 delay=10s
2026-02-26 23:15:37,539 [INFO] [u_station_ab_night_autotune_v2] monitor.onchain_factory: ENRICH_RETRY token=0x0fe4ed6c0582270013d4a164e90094b7a3f212a9 pair=0xdebed4139e37fb6d3a2cbecf1104d7a5179530fe attempt=1/2 delay=10s
2026-02-26 23:15:37,541 [INFO] [u_station_ab_night_autotune_v2] monitor.onchain_factory: ENRICH_RETRY token=0xc0c9c7ca7263dccb4b3ec1de2c603b89db79bef4 pair=0xed6c2e15dcfc1cc9f439d88824c3209af01e778e attempt=1/2 delay=10s
2026-02-26 23:15:37,779 [INFO] [u_station_ab_night_autotune_v2] monitor.onchain_factory: ENRICH_RETRY token=0x1045c33f3948850c2b166c6c73f25b9950f3e7f1 pair=0x548080e84560b39f8e23edec085bf51b1013de8a attempt=1/2 delay=10s
2026-02-26 23:15:37,789 [INFO] [u_station_ab_night_autotune_v2] monitor.onchain_factory: ENRICH_RETRY token=0xcfb6ec1bb565b5b65e16e72bb8be832b5ae76ba3 pair=0xdf5dc6057ec08d03c86e716360712d8b5cd417be attempt=1/2 delay=10s
2026-02-26 23:15:38,159 [INFO] [u_station_ab_night_autotune_v2] monitor.onchain_factory: ENRICH_RETRY token=0x39b0fba88252cc4cd23eecbedede593f169a9a48 pair=0xd99937375d04656692131bcb50cc9fc11967b4ec attempt=1/2 delay=10s
2026-02-26 23:15:48,250 [INFO] [u_station_ab_night_autotune_v2] __main__: WATCHLIST merged count=4
2026-02-26 23:15:48,250 [INFO] [u_station_ab_night_autotune_v2] trading.v2_runtime: V2_UNIVERSE in=5 dedup=5 out=5 target=5 novel_target=5 novel_out=1 repeat_dropped=0 symbol_dropped=0 surge_in=1 surge_target=1 surge_out=1
2026-02-26 23:15:48,251 [INFO] [u_station_ab_night_autotune_v2] __main__: V2_SOURCE_QOS_FILTER in=5 out=4 drops={'source_qos_cap': 1} caps={'watchlist': 3, 'unknown': 0}
2026-02-26 23:15:48,252 [INFO] [u_station_ab_night_autotune_v2] __main__: FILTER_FAIL token=AERO reason=source_qos_cap source=watchlist used=3/3
2026-02-26 23:15:48,253 [INFO] [u_station_ab_night_autotune_v2] __main__: FILTER_PASS token=cbBTC tier=A score=100 mode=YELLOW risk=MEDIUM liq=19709610 vol5m=10380
2026-02-26 23:15:48,253 [INFO] [u_station_ab_night_autotune_v2] __main__: FILTER_FAIL token=SPOTLIGHT reason=safe_change_5m
2026-02-26 23:15:48,254 [INFO] [u_station_ab_night_autotune_v2] __main__: FILTER_PASS token=VIRTUAL tier=A score=75 mode=YELLOW risk=MEDIUM liq=7339373 vol5m=1143
2026-02-26 23:15:48,256 [INFO] [u_station_ab_night_autotune_v2] __main__: FILTER_FAIL token=PRXS reason=score_min score=30 strict_min=48 soft_min=48 mode=YELLOW
2026-02-26 23:15:48,257 [INFO] [u_station_ab_night_autotune_v2] __main__: V2_QUALITY_GATE enabled=True regime=YELLOW in=2 out=2 core_out=1 explore_out=1 probe_out=0 quota=1 max_symbol_share=0.500 drop={} sources_used={'watchlist': 2}
2026-02-26 23:15:48,257 [INFO] [u_station_ab_night_autotune_v2] __main__: V2_ENTRY_ROUTE enabled=True regime=YELLOW in=2 out=2 core_out=1 explore_out=1 quota=1 allow_explore=True
2026-02-26 23:15:48,258 [INFO] [u_station_ab_night_autotune_v2] __main__: MARKET_REGIME mode=YELLOW reason=avg_cand=2.11 avg_cand_recent=2.11
2026-02-26 23:15:48,259 [INFO] [u_station_ab_night_autotune_v2] trading.auto_trader: AutoTrade skip token=cbBTC reason=ev_net_low expected_net=$-0.00140 min=$-0.00099 samples=45 conf=1.00 pwin=0.51 avg_win=$0.0092 avg_loss=$0.0115 kelly=0.000 mem=sparse trades=2<6
2026-02-26 23:15:48,260 [INFO] [u_station_ab_night_autotune_v2] trading.auto_trader: AutoTrade adjust token=VIRTUAL reason=min_trade_floor size=$0.02->$0.10 min=$0.10
2026-02-26 23:15:48,261 [INFO] [u_station_ab_night_autotune_v2] trading.auto_trader: AutoTrade skip token=VIRTUAL reason=edge_low mode=both edge=-29.70% raw=-27.50% mult=1.08 min=0.05% probe_min=0.05% edge_usd=$-0.030 min_usd=$0.000 probe_min_usd=$0.000 size=$0.10 gross=3.20% costs=30.70% pwin=0.45 probe=- budget=0/1
2026-02-26 23:15:48,262 [INFO] [u_station_ab_night_autotune_v2] trading.auto_trader: AutoTrade batch mode=top_n candidates=2 eligible=2 selected=2 opened=0 pe=off burst_window=0
2026-02-26 23:15:48,262 [INFO] [u_station_ab_night_autotune_v2] trading.auto_trader: PAPER_SUMMARY window=60s closed_delta=0 wins_delta=0 losses_delta=0 realized_delta=$0.00 total_closed=14 winrate_total=14.3% realized_total=$-0.13 balance=$6.87 equity=$6.87 open=0
2026-02-26 23:15:48,263 [INFO] [u_station_ab_night_autotune_v2] __main__: Scanned 5 tokens | High quality: 3 | Alerts sent: 0 | Trade candidates: 2 | Quality out/core/explore/probe: 2/1/1/0 | Opened: 0 | Mode: local | Source: onchain+market | Policy: raw=OK/effective=OK(healthy | route=allow_all) | Regime: YELLOW(avg_cand=2.11) | Safety: checked=2 fail_closed=0 reasons=api_code_4029:2 | FiltersTop(session): safe_change_5m:10,score_min:10,source_qos_cap:9,safe_age:6 | Dedup: heavy_skip=0 override=0 | V2Budget: 2/280 | SourceQoS: enabled=1/in=5/out=4/dropped=1/active_cd=0/drops=source_qos_cap:1 | Ingest: q=0/oldest=0.0s/drop_old=0/dedup_skip=0/enq=0/drain=0 | Sources: dex_boosts:ok=1/fail=0/429=0/lim_wait=0/cd_wait=0/err=0.0%/avg=50ms; dexscreener:ok=12/fail=0/429=0/lim_wait=0/cd_wait=0/err=0.0%/avg=170ms; onchain_enrich:ok=23/fail=0/429=0/lim_wait=0/cd_wait=0/err=0.0%/avg=90ms; onchain_weth_price:ok=2/fail=0/429=0/lim_wait=0/cd_wait=0/err=0.0%/avg=59ms | Tasks: 3 | RSS: 0.0MB | CycleAvg: 11.22s
2026-02-26 23:15:52,533 [INFO] [u_station_ab_night_autotune_v2] monitor.onchain_factory: PAIR_DETECTED source=uniswap_v2 dex=uniswap_v2 pair=0x49c5438767cf435493228bfe86885a26179d7cc4 token0=0x4200000000000000000000000000000000000006 token1=0xa1374f35cb768dee0dbee130f00720ea234b95b5 block=42677396 factory=0x8909dc15e40173ff4699343b6eb8132c65e18ec6
2026-02-26 23:15:52,535 [INFO] [u_station_ab_night_autotune_v2] monitor.onchain_factory: PAIR_DETECTED source=uniswap_v2 dex=uniswap_v2 pair=0xb19a437b0dd18e6c92395607fb52a4b646e68353 token0=0x4200000000000000000000000000000000000006 token1=0xf525f3836a83fba1b0b8a94cb4e3720050c65ba3 block=42677399 factory=0x8909dc15e40173ff4699343b6eb8132c65e18ec6
2026-02-26 23:15:52,778 [INFO] [u_station_ab_night_autotune_v2] monitor.onchain_factory: ENRICH_RETRY token=0x39b0fba88252cc4cd23eecbedede593f169a9a48 pair=0xd99937375d04656692131bcb50cc9fc11967b4ec attempt=1/2 delay=10s
2026-02-26 23:15:52,796 [INFO] [u_station_ab_night_autotune_v2] monitor.onchain_factory: ENRICH_RETRY token=0xcfb6ec1bb565b5b65e16e72bb8be832b5ae76ba3 pair=0xdf5dc6057ec08d03c86e716360712d8b5cd417be attempt=1/2 delay=10s
2026-02-26 23:15:52,798 [INFO] [u_station_ab_night_autotune_v2] monitor.onchain_factory: ENRICH_RETRY token=0x1045c33f3948850c2b166c6c73f25b9950f3e7f1 pair=0x548080e84560b39f8e23edec085bf51b1013de8a attempt=1/2 delay=10s
2026-02-26 23:15:52,840 [INFO] [u_station_ab_night_autotune_v2] monitor.onchain_factory: ENRICH_RETRY token=0x7569ff3d6f159e38ad57480490b5da8c2b79a8bc pair=0xe7a15a2f46bbc5ca5c358a9f33fe2541f0b72c7c attempt=1/2 delay=10s
2026-02-26 23:15:52,987 [INFO] [u_station_ab_night_autotune_v2] monitor.onchain_factory: ENRICH_RETRY token=0xf525f3836a83fba1b0b8a94cb4e3720050c65ba3 pair=0xb19a437b0dd18e6c92395607fb52a4b646e68353 attempt=1/2 delay=10s
2026-02-26 23:15:53,166 [INFO] [u_station_ab_night_autotune_v2] monitor.onchain_factory: ENRICH_RETRY token=0xa1374f35cb768dee0dbee130f00720ea234b95b5 pair=0x49c5438767cf435493228bfe86885a26179d7cc4 attempt=1/2 delay=10s
2026-02-26 23:16:03,220 [INFO] [u_station_ab_night_autotune_v2] __main__: WATCHLIST merged count=4
2026-02-26 23:16:03,221 [INFO] [u_station_ab_night_autotune_v2] trading.v2_runtime: V2_UNIVERSE in=6 dedup=6 out=6 target=6 novel_target=6 novel_out=2 repeat_dropped=0 symbol_dropped=0 surge_in=1 surge_target=1 surge_out=1
2026-02-26 23:16:03,221 [INFO] [u_station_ab_night_autotune_v2] __main__: V2_SOURCE_QOS_FILTER in=6 out=5 drops={'source_qos_cap': 1} caps={'watchlist': 3, 'unknown': 0}
2026-02-26 23:16:03,222 [INFO] [u_station_ab_night_autotune_v2] __main__: FILTER_FAIL token=AERO reason=source_qos_cap source=watchlist used=3/3
2026-02-26 23:16:03,223 [INFO] [u_station_ab_night_autotune_v2] __main__: FILTER_PASS token=cbBTC tier=A score=100 mode=YELLOW risk=MEDIUM liq=19709610 vol5m=10380
2026-02-26 23:16:03,225 [INFO] [u_station_ab_night_autotune_v2] __main__: FILTER_FAIL token=SPOTLIGHT reason=safe_change_5m
2026-02-26 23:16:03,225 [INFO] [u_station_ab_night_autotune_v2] __main__: FILTER_PASS token=VIRTUAL tier=A score=75 mode=YELLOW risk=MEDIUM liq=7339373 vol5m=1143
2026-02-26 23:16:03,227 [INFO] [u_station_ab_night_autotune_v2] __main__: FILTER_FAIL token=RWA reason=score_min score=30 strict_min=48 soft_min=48 mode=YELLOW
2026-02-26 23:16:03,228 [INFO] [u_station_ab_night_autotune_v2] __main__: FILTER_FAIL token=MOLTD reason=score_min score=20 strict_min=48 soft_min=48 mode=YELLOW
2026-02-26 23:16:03,229 [INFO] [u_station_ab_night_autotune_v2] __main__: V2_QUALITY_GATE enabled=True regime=YELLOW in=2 out=2 core_out=1 explore_out=1 probe_out=0 quota=1 max_symbol_share=0.500 drop={} sources_used={'watchlist': 2}
2026-02-26 23:16:03,230 [INFO] [u_station_ab_night_autotune_v2] __main__: V2_ENTRY_ROUTE enabled=True regime=YELLOW in=2 out=2 core_out=1 explore_out=1 quota=1 allow_explore=True
2026-02-26 23:16:03,230 [INFO] [u_station_ab_night_autotune_v2] __main__: MARKET_REGIME mode=YELLOW reason=avg_cand=2.10 avg_cand_recent=2.10
2026-02-26 23:16:03,232 [INFO] [u_station_ab_night_autotune_v2] trading.auto_trader: AutoTrade skip token=cbBTC reason=ev_net_low expected_net=$-0.00140 min=$-0.00099 samples=45 conf=1.00 pwin=0.51 avg_win=$0.0092 avg_loss=$0.0115 kelly=0.000 mem=sparse trades=2<6
2026-02-26 23:16:03,234 [INFO] [u_station_ab_night_autotune_v2] trading.auto_trader: AutoTrade adjust token=VIRTUAL reason=min_trade_floor size=$0.02->$0.10 min=$0.10
2026-02-26 23:16:03,236 [INFO] [u_station_ab_night_autotune_v2] trading.auto_trader: AutoTrade skip token=VIRTUAL reason=edge_low mode=both edge=-29.70% raw=-27.50% mult=1.08 min=0.05% probe_min=0.05% edge_usd=$-0.030 min_usd=$0.000 probe_min_usd=$0.000 size=$0.10 gross=3.20% costs=30.70% pwin=0.45 probe=- budget=0/1
2026-02-26 23:16:03,237 [INFO] [u_station_ab_night_autotune_v2] trading.auto_trader: AutoTrade batch mode=top_n candidates=2 eligible=2 selected=2 opened=0 pe=off burst_window=0
2026-02-26 23:16:03,238 [INFO] [u_station_ab_night_autotune_v2] __main__: Scanned 6 tokens | High quality: 3 | Alerts sent: 0 | Trade candidates: 2 | Quality out/core/explore/probe: 2/1/1/0 | Opened: 0 | Mode: local | Source: onchain+market | Policy: raw=OK/effective=OK(healthy | route=allow_all) | Regime: YELLOW(avg_cand=2.10) | Safety: checked=2 fail_closed=0 reasons=api_code_4029:2 | FiltersTop(session): score_min:12,safe_change_5m:11,source_qos_cap:10,safe_age:6 | Dedup: heavy_skip=0 override=0 | V2Budget: 2/280 | SourceQoS: enabled=1/in=6/out=5/dropped=1/active_cd=0/drops=source_qos_cap:1 | Ingest: q=0/oldest=0.0s/drop_old=0/dedup_skip=0/enq=0/drain=0 | Sources: dex_boosts:ok=1/fail=0/429=0/lim_wait=0/cd_wait=0/err=0.0%/avg=40ms; dexscreener:ok=12/fail=0/429=0/lim_wait=0/cd_wait=0/err=0.0%/avg=63ms; onchain_enrich:ok=24/fail=0/429=0/lim_wait=0/cd_wait=0/err=0.0%/avg=92ms | Tasks: 3 | RSS: 0.0MB | CycleAvg: 11.22s
2026-02-26 23:16:07,513 [INFO] [u_station_ab_night_autotune_v2] monitor.onchain_factory: PAIR_DETECTED source=uniswap_v2 dex=uniswap_v2 pair=0xcfafc3660667a832f07bf971c8c63c42c1081b6e token0=0x4200000000000000000000000000000000000006 token1=0x74684f09f03de8ece36ccedfa7cf423c31d08fe8 block=42677405 factory=0x8909dc15e40173ff4699343b6eb8132c65e18ec6
2026-02-26 23:16:07,716 [INFO] [u_station_ab_night_autotune_v2] monitor.onchain_factory: ENRICH_RETRY token=0x39b0fba88252cc4cd23eecbedede593f169a9a48 pair=0xd99937375d04656692131bcb50cc9fc11967b4ec attempt=1/2 delay=10s
2026-02-26 23:16:07,718 [INFO] [u_station_ab_night_autotune_v2] monitor.onchain_factory: ENRICH_RETRY token=0xf525f3836a83fba1b0b8a94cb4e3720050c65ba3 pair=0xb19a437b0dd18e6c92395607fb52a4b646e68353 attempt=1/2 delay=10s
2026-02-26 23:16:07,719 [INFO] [u_station_ab_night_autotune_v2] monitor.onchain_factory: ENRICH_RETRY token=0xa1374f35cb768dee0dbee130f00720ea234b95b5 pair=0x49c5438767cf435493228bfe86885a26179d7cc4 attempt=1/2 delay=10s
2026-02-26 23:16:08,313 [INFO] [u_station_ab_night_autotune_v2] monitor.onchain_factory: ENRICH_RETRY token=0x74684f09f03de8ece36ccedfa7cf423c31d08fe8 pair=0xcfafc3660667a832f07bf971c8c63c42c1081b6e attempt=1/2 delay=10s
