2026-02-27 13:22:39,882 [INFO] [u_station_ab_night_autotune_v2] __main__: SESSION_LOG file=logs/matrix/u_station_ab_night_autotune_v2\sessions\main_local_20260227_122239_pid14220.log
2026-02-27 13:22:39,903 [INFO] [u_station_ab_night_autotune_v2] trading.auto_trader_state: AutoTrade state loaded open=0 closed=101 balance=$7.31
2026-02-27 13:22:39,903 [WARNING] [u_station_ab_night_autotune_v2] trading.auto_trader: DATA_POLICY mode=OK reason=init_reset_manual prev_mode=OK prev_reason=healthy | route=allow_all
2026-02-27 13:22:39,919 [INFO] [u_station_ab_night_autotune_v2] __main__: AUTOTRADER_INIT state=ready reason=manual mode=paper
2026-02-27 13:22:39,919 [INFO] [u_station_ab_night_autotune_v2] __main__: Local mode started (Telegram disabled).
2026-02-27 13:22:40,327 [INFO] [u_station_ab_night_autotune_v2] monitor.onchain_factory: PAIR_DETECTED source=uniswap_v2 dex=uniswap_v2 pair=0x69b78489065256cf26471dd6913b04e53497d9d1 token0=0x0923db24d1629e906e5e85f55bf0e601a5c31c2c token1=0x4200000000000000000000000000000000000006 block=42702714 factory=0x8909dc15e40173ff4699343b6eb8132c65e18ec6
2026-02-27 13:22:40,327 [INFO] [u_station_ab_night_autotune_v2] monitor.onchain_factory: PAIR_DETECTED source=uniswap_v2 dex=uniswap_v2 pair=0x36cb3196ef0b494cbe6a640c4eac5bb6a098aa9e token0=0x4200000000000000000000000000000000000006 token1=0x5c373a4998b583e58f66ba31bace1207ad82eb07 block=42702771 factory=0x8909dc15e40173ff4699343b6eb8132c65e18ec6
2026-02-27 13:22:40,327 [INFO] [u_station_ab_night_autotune_v2] monitor.onchain_factory: PAIR_DETECTED source=uniswap_v2 dex=uniswap_v2 pair=0xfb15f36f31a2e4a2b79cfd9e81dea07ebab7c598 token0=0x4200000000000000000000000000000000000006 token1=0x5785eeaeff525af15231b1f011e1e525fc446a52 block=42702782 factory=0x8909dc15e40173ff4699343b6eb8132c65e18ec6
2026-02-27 13:22:40,327 [INFO] [u_station_ab_night_autotune_v2] monitor.onchain_factory: PAIR_DETECTED source=uniswap_v2 dex=uniswap_v2 pair=0xe5ddffa834739e8b2776ebdc75b6652557f7c9cc token0=0x295c8c1b1165530c0a0d637ee6a3125bb2de2bc0 token1=0x4200000000000000000000000000000000000006 block=42702784 factory=0x8909dc15e40173ff4699343b6eb8132c65e18ec6
2026-02-27 13:22:40,327 [INFO] [u_station_ab_night_autotune_v2] monitor.onchain_factory: PAIR_DETECTED source=uniswap_v2 dex=uniswap_v2 pair=0x7ea475a0d1362b8df9e4a11076bc7fae0744f1cb token0=0x02de0bd36be344e5e7f338771c06d50d70dfeb07 token1=0x4200000000000000000000000000000000000006 block=42702800 factory=0x8909dc15e40173ff4699343b6eb8132c65e18ec6
2026-02-27 13:22:40,469 [INFO] [u_station_ab_night_autotune_v2] monitor.onchain_factory: PAIR_DETECTED source=uniswap_v3 dex=uniswap_v3 pair=0xd6d88c3979e05be7702f29bdbea2e400e685ebb0 token0=0x4200000000000000000000000000000000000006 token1=0xdb143656a5d41f89737e36c6c496c1285ba15b28 block=42702722 factory=0x33128a8fc17869897dce68ed026d694621f6fdfd
2026-02-27 13:22:40,653 [INFO] [u_station_ab_night_autotune_v2] monitor.onchain_factory: ENRICH_RETRY token=0xdb143656a5d41f89737e36c6c496c1285ba15b28 pair=0xd6d88c3979e05be7702f29bdbea2e400e685ebb0 attempt=1/2 delay=10s
2026-02-27 13:22:40,728 [INFO] [u_station_ab_night_autotune_v2] monitor.onchain_factory: ENRICH_RETRY token=0x0923db24d1629e906e5e85f55bf0e601a5c31c2c pair=0x69b78489065256cf26471dd6913b04e53497d9d1 attempt=1/2 delay=10s
2026-02-27 13:22:40,837 [INFO] [u_station_ab_night_autotune_v2] monitor.onchain_factory: ENRICH_RETRY token=0x02de0bd36be344e5e7f338771c06d50d70dfeb07 pair=0x7ea475a0d1362b8df9e4a11076bc7fae0744f1cb attempt=1/2 delay=10s
2026-02-27 13:22:40,853 [INFO] [u_station_ab_night_autotune_v2] monitor.onchain_factory: ENRICH_RETRY token=0x5c373a4998b583e58f66ba31bace1207ad82eb07 pair=0x36cb3196ef0b494cbe6a640c4eac5bb6a098aa9e attempt=1/2 delay=10s
2026-02-27 13:22:40,962 [INFO] [u_station_ab_night_autotune_v2] monitor.onchain_factory: ENRICH_RETRY token=0x5785eeaeff525af15231b1f011e1e525fc446a52 pair=0xfb15f36f31a2e4a2b79cfd9e81dea07ebab7c598 attempt=1/2 delay=10s
2026-02-27 13:22:41,053 [INFO] [u_station_ab_night_autotune_v2] monitor.onchain_factory: ENRICH_RETRY token=0x295c8c1b1165530c0a0d637ee6a3125bb2de2bc0 pair=0xe5ddffa834739e8b2776ebdc75b6652557f7c9cc attempt=1/2 delay=10s
2026-02-27 13:22:52,504 [INFO] [u_station_ab_night_autotune_v2] __main__: WATCHLIST merged count=3
2026-02-27 13:22:52,505 [INFO] [u_station_ab_night_autotune_v2] trading.v2_runtime: V2_UNIVERSE in=16 dedup=16 out=16 target=16 novel_target=14 novel_out=16 repeat_dropped=0 symbol_dropped=0 surge_in=4 surge_target=4 surge_out=4
2026-02-27 13:22:52,506 [INFO] [u_station_ab_night_autotune_v2] __main__: V2_SOURCE_QOS_FILTER in=16 out=14 drops={'source_qos_symbol_cap': 1, 'source_qos_cap': 1} caps={'watchlist': 2, 'geckoterminal': 287, 'dexscreener': 292}
2026-02-27 13:22:52,507 [INFO] [u_station_ab_night_autotune_v2] __main__: FILTER_FAIL token=MOLTD reason=source_qos_symbol_cap symbol=MOLTD used=1/1
2026-02-27 13:22:52,508 [INFO] [u_station_ab_night_autotune_v2] __main__: FILTER_FAIL token=AERO reason=source_qos_cap source=watchlist used=2/2
2026-02-27 13:22:52,509 [INFO] [u_station_ab_night_autotune_v2] __main__: FILTER_FAIL token=KRAD reason=safe_change_5m
2026-02-27 13:22:52,509 [INFO] [u_station_ab_night_autotune_v2] __main__: FILTER_FAIL token=VEC reason=safe_change_5m
2026-02-27 13:22:52,511 [INFO] [u_station_ab_night_autotune_v2] __main__: FILTER_FAIL token=MOLTD reason=safe_change_5m
2026-02-27 13:22:52,511 [INFO] [u_station_ab_night_autotune_v2] __main__: FILTER_FAIL token=ROBO reason=safe_age
2026-02-27 13:22:52,512 [INFO] [u_station_ab_night_autotune_v2] __main__: FILTER_FAIL token=NOVPA reason=safe_age
2026-02-27 13:22:52,513 [INFO] [u_station_ab_night_autotune_v2] __main__: FILTER_PASS token=OMNIX tier=A score=60 mode=YELLOW risk=MEDIUM liq=44841 vol5m=494
2026-02-27 13:22:52,514 [INFO] [u_station_ab_night_autotune_v2] monitor.local_alerter: Local alert token=OMNIX address=0x6957c69f3ffe6b16144970d64533d783e0c779e6 score=60 reco=HOLD risk=MEDIUM warnings=0 liq=44841 vol5m=494
2026-02-27 13:22:52,514 [INFO] [u_station_ab_night_autotune_v2] __main__: FILTER_FAIL token=ð• reason=safe_age
2026-02-27 13:22:52,515 [INFO] [u_station_ab_night_autotune_v2] __main__: FILTER_FAIL token=CRACK_TEST reason=score_min score=40 strict_min=48 soft_min=48 mode=YELLOW
2026-02-27 13:22:52,516 [INFO] [u_station_ab_night_autotune_v2] __main__: FILTER_PASS token=VECTOR tier=A score=60 mode=YELLOW risk=MEDIUM liq=20299 vol5m=47
2026-02-27 13:22:52,517 [INFO] [u_station_ab_night_autotune_v2] monitor.local_alerter: Local alert token=VECTOR address=0x4ef184c5b0a8c866e4fbabb6cac74368764edb07 score=60 reco=HOLD risk=MEDIUM warnings=0 liq=20299 vol5m=47
2026-02-27 13:22:52,518 [INFO] [u_station_ab_night_autotune_v2] __main__: FILTER_FAIL token=NEXCHAIN reason=safe_age
2026-02-27 13:22:52,518 [INFO] [u_station_ab_night_autotune_v2] __main__: FILTER_PASS token=VIRTUAL tier=A score=75 mode=YELLOW risk=MEDIUM liq=7451640 vol5m=326
2026-02-27 13:22:52,520 [INFO] [u_station_ab_night_autotune_v2] __main__: FILTER_FAIL token=IRIS reason=safe_volume vol5m=3 min=6 regime=YELLOW
2026-02-27 13:22:52,520 [INFO] [u_station_ab_night_autotune_v2] __main__: FILTER_FAIL token=USBITCOIN reason=safe_volume vol5m=0 min=6 regime=YELLOW
2026-02-27 13:22:52,521 [INFO] [u_station_ab_night_autotune_v2] __main__: FILTER_FAIL token=cbBTC reason=safe_volume vol5m=0 min=6 regime=YELLOW
2026-02-27 13:22:52,521 [INFO] [u_station_ab_night_autotune_v2] trading.v2_runtime: V2_QUALITY_ROTATE symbols_core=0 symbols_cooldown=0 sources=1 top_core=- top_cooldown=-
2026-02-27 13:22:52,521 [INFO] [u_station_ab_night_autotune_v2] __main__: V2_QUALITY_GATE enabled=True regime=YELLOW in=3 out=3 core_out=0 explore_out=3 probe_out=0 quota=3 max_symbol_share=0.333 drop={} sources_used={'watchlist': 1, 'geckoterminal': 2}
2026-02-27 13:22:52,521 [INFO] [u_station_ab_night_autotune_v2] __main__: V2_ENTRY_ROUTE enabled=True regime=YELLOW in=3 out=2 core_out=1 explore_out=1 quota=1 allow_explore=True
2026-02-27 13:22:52,521 [WARNING] [u_station_ab_night_autotune_v2] trading.auto_trader: DATA_POLICY mode=OK reason=healthy | route=allow_all prev_mode=OK prev_reason=init_reset_manual
2026-02-27 13:22:52,521 [INFO] [u_station_ab_night_autotune_v2] __main__: MARKET_REGIME mode=YELLOW reason=hysteresis_recover_wait 1/4 raw=GREEN avg_cand_recent=3.00
2026-02-27 13:22:52,537 [INFO] [u_station_ab_night_autotune_v2] trading.auto_trader: AutoTrade adjust token=VIRTUAL reason=min_trade_floor size=$0.02->$0.10 min=$0.10
2026-02-27 13:22:52,537 [INFO] [u_station_ab_night_autotune_v2] trading.auto_trader: AutoTrade skip token=VIRTUAL reason=edge_low mode=both edge=-29.70% raw=-27.50% mult=1.08 min=0.05% probe_min=0.05% edge_usd=$-0.030 min_usd=$0.000 probe_min_usd=$0.000 size=$0.10 gross=3.20% costs=30.70% pwin=0.45 probe=- budget=0/1
2026-02-27 13:22:52,549 [INFO] [u_station_ab_night_autotune_v2] trading.auto_trader: AutoTrade batch mode=top_n candidates=2 eligible=1 selected=1 opened=0 pe=off burst_window=0
2026-02-27 13:22:52,549 [INFO] [u_station_ab_night_autotune_v2] __main__: FILTER_THRESHOLDS safe_volume_5m_min=$5 safe_liquidity_min=$8000 safe_age_min=240s score_min=48 edge_min=0.05% lock_floor=0.95 no_momentum_max_pnl=0.25 weakness_pnl=-2.60
2026-02-27 13:22:52,549 [INFO] [u_station_ab_night_autotune_v2] __main__: Scanned 16 tokens | High quality: 6 | Alerts sent: 2 | Trade candidates: 3 | Quality out/core/explore/probe: 3/0/3/0 | Opened: 0 | Mode: local | Source: onchain+market | Policy: raw=OK/effective=OK(healthy | route=allow_all) | Regime: YELLOW(hysteresis_recover_wait 1/4 raw=GREEN) | Safety: checked=3 fail_closed=0 reasons=api_code_4029:3 | FiltersTop(session): safe_age:4,safe_change_5m:3,safe_volume:3,source_qos_symbol_cap:1 | Dedup: heavy_skip=0 override=0 | V2Budget: 3/280 | SourceQoS: enabled=1/in=16/out=14/dropped=2/active_cd=0/drops=source_qos_symbol_cap:1,source_qos_cap:1 | Ingest: q=0/oldest=0.0s/drop_old=0/dedup_skip=0/enq=12/drain=12 | Sources: dex_boosts:ok=1/fail=0/429=0/lim_wait=0/cd_wait=0/err=0.0%/avg=127ms; dexscreener:ok=11/fail=0/429=0/lim_wait=0/cd_wait=0/err=0.0%/avg=221ms; geckoterminal:ok=2/fail=0/429=0/lim_wait=0/cd_wait=0/err=0.0%/avg=163ms; onchain_enrich:ok=24/fail=0/429=0/lim_wait=0/cd_wait=0/err=0.0%/avg=114ms; onchain_weth_price:ok=1/fail=0/429=0/lim_wait=0/cd_wait=0/err=0.0%/avg=48ms; watchlist_dex:ok=10/fail=0/429=0/lim_wait=0/cd_wait=0/err=0.0%/avg=105ms; watchlist_gecko:ok=6/fail=0/429=0/lim_wait=0/cd_wait=0/err=0.0%/avg=519ms | Tasks: 3 | RSS: 0.0MB | CycleAvg: 0.00s
2026-02-27 13:22:57,053 [INFO] [u_station_ab_night_autotune_v2] monitor.onchain_factory: ENRICH_RETRY token=0x0923db24d1629e906e5e85f55bf0e601a5c31c2c pair=0x69b78489065256cf26471dd6913b04e53497d9d1 attempt=1/2 delay=10s
2026-02-27 13:22:57,071 [INFO] [u_station_ab_night_autotune_v2] monitor.onchain_factory: ENRICH_RETRY token=0x5c373a4998b583e58f66ba31bace1207ad82eb07 pair=0x36cb3196ef0b494cbe6a640c4eac5bb6a098aa9e attempt=1/2 delay=10s
2026-02-27 13:22:57,134 [INFO] [u_station_ab_night_autotune_v2] monitor.onchain_factory: ENRICH_RETRY token=0x02de0bd36be344e5e7f338771c06d50d70dfeb07 pair=0x7ea475a0d1362b8df9e4a11076bc7fae0744f1cb attempt=1/2 delay=10s
2026-02-27 13:22:57,136 [INFO] [u_station_ab_night_autotune_v2] monitor.onchain_factory: ENRICH_RETRY token=0x5785eeaeff525af15231b1f011e1e525fc446a52 pair=0xfb15f36f31a2e4a2b79cfd9e81dea07ebab7c598 attempt=1/2 delay=10s
2026-02-27 13:22:57,139 [INFO] [u_station_ab_night_autotune_v2] monitor.onchain_factory: ENRICH_RETRY token=0x295c8c1b1165530c0a0d637ee6a3125bb2de2bc0 pair=0xe5ddffa834739e8b2776ebdc75b6652557f7c9cc attempt=1/2 delay=10s
2026-02-27 13:22:57,147 [INFO] [u_station_ab_night_autotune_v2] monitor.onchain_factory: ENRICH_RETRY token=0xdb143656a5d41f89737e36c6c496c1285ba15b28 pair=0xd6d88c3979e05be7702f29bdbea2e400e685ebb0 attempt=1/2 delay=10s
2026-02-27 13:23:07,240 [INFO] [u_station_ab_night_autotune_v2] __main__: WATCHLIST merged count=3
2026-02-27 13:23:07,242 [INFO] [u_station_ab_night_autotune_v2] trading.v2_runtime: V2_UNIVERSE in=3 dedup=3 out=3 target=3 novel_target=3 novel_out=0 repeat_dropped=0 symbol_dropped=0 surge_in=0 surge_target=0 surge_out=0
2026-02-27 13:23:07,243 [INFO] [u_station_ab_night_autotune_v2] __main__: FILTER_PASS token=VIRTUAL tier=A score=75 mode=YELLOW risk=MEDIUM liq=7451640 vol5m=326
2026-02-27 13:23:07,243 [INFO] [u_station_ab_night_autotune_v2] __main__: FILTER_FAIL token=cbBTC reason=safe_volume vol5m=0 min=6 regime=YELLOW
2026-02-27 13:23:07,243 [INFO] [u_station_ab_night_autotune_v2] __main__: FILTER_FAIL token=AERO reason=safe_volume vol5m=0 min=6 regime=YELLOW
2026-02-27 13:23:07,243 [INFO] [u_station_ab_night_autotune_v2] __main__: V2_QUALITY_GATE enabled=True regime=YELLOW in=1 out=1 core_out=0 explore_out=1 probe_out=0 quota=1 max_symbol_share=1.000 drop={} sources_used={'watchlist': 1}
2026-02-27 13:23:07,243 [INFO] [u_station_ab_night_autotune_v2] __main__: V2_ENTRY_ROUTE enabled=True regime=YELLOW in=1 out=1 core_out=0 explore_out=1 quota=1 allow_explore=True
2026-02-27 13:23:07,243 [INFO] [u_station_ab_night_autotune_v2] __main__: MARKET_REGIME mode=YELLOW reason=avg_cand=2.00 avg_cand_recent=2.00
2026-02-27 13:23:07,248 [INFO] [u_station_ab_night_autotune_v2] trading.auto_trader: AutoTrade adjust token=VIRTUAL reason=min_trade_floor size=$0.02->$0.10 min=$0.10
2026-02-27 13:23:07,248 [INFO] [u_station_ab_night_autotune_v2] trading.auto_trader: AutoTrade skip token=VIRTUAL reason=edge_low mode=both edge=-29.70% raw=-27.50% mult=1.08 min=0.05% probe_min=0.05% edge_usd=$-0.030 min_usd=$0.000 probe_min_usd=$0.000 size=$0.10 gross=3.20% costs=30.70% pwin=0.45 probe=- budget=0/1
2026-02-27 13:23:07,248 [INFO] [u_station_ab_night_autotune_v2] trading.auto_trader: AutoTrade batch mode=top_n candidates=1 eligible=1 selected=1 opened=0 pe=off burst_window=0
2026-02-27 13:23:07,248 [INFO] [u_station_ab_night_autotune_v2] __main__: Scanned 3 tokens | High quality: 3 | Alerts sent: 0 | Trade candidates: 1 | Quality out/core/explore/probe: 1/0/1/0 | Opened: 0 | Mode: local | Source: onchain+market | Policy: raw=OK/effective=OK(healthy | route=allow_all) | Regime: YELLOW(avg_cand=2.00) | Safety: checked=1 fail_closed=0 reasons=api_code_4029:1 | FiltersTop(session): safe_volume:5,safe_age:4,safe_change_5m:3,source_qos_symbol_cap:1 | Dedup: heavy_skip=0 override=0 | V2Budget: 1/280 | SourceQoS: enabled=1/in=3/out=3/dropped=0/active_cd=0/drops=none | Ingest: q=0/oldest=0.0s/drop_old=0/dedup_skip=0/enq=0/drain=0 | Sources: dex_boosts:ok=1/fail=0/429=0/lim_wait=0/cd_wait=0/err=0.0%/avg=94ms; dexscreener:ok=11/fail=0/429=0/lim_wait=0/cd_wait=0/err=0.0%/avg=98ms; onchain_enrich:ok=24/fail=0/429=0/lim_wait=0/cd_wait=0/err=0.0%/avg=52ms | Tasks: 3 | RSS: 0.0MB | CycleAvg: 12.63s
2026-02-27 13:23:11,857 [INFO] [u_station_ab_night_autotune_v2] monitor.onchain_factory: ENRICH_RETRY token=0xdb143656a5d41f89737e36c6c496c1285ba15b28 pair=0xd6d88c3979e05be7702f29bdbea2e400e685ebb0 attempt=1/2 delay=10s
2026-02-27 13:23:11,903 [INFO] [u_station_ab_night_autotune_v2] monitor.onchain_factory: ENRICH_RETRY token=0x0923db24d1629e906e5e85f55bf0e601a5c31c2c pair=0x69b78489065256cf26471dd6913b04e53497d9d1 attempt=1/2 delay=10s
2026-02-27 13:23:12,073 [INFO] [u_station_ab_night_autotune_v2] monitor.onchain_factory: ENRICH_RETRY token=0x295c8c1b1165530c0a0d637ee6a3125bb2de2bc0 pair=0xe5ddffa834739e8b2776ebdc75b6652557f7c9cc attempt=1/2 delay=10s
2026-02-27 13:23:12,103 [INFO] [u_station_ab_night_autotune_v2] monitor.onchain_factory: ENRICH_RETRY token=0x5785eeaeff525af15231b1f011e1e525fc446a52 pair=0xfb15f36f31a2e4a2b79cfd9e81dea07ebab7c598 attempt=1/2 delay=10s
2026-02-27 13:23:12,232 [INFO] [u_station_ab_night_autotune_v2] monitor.onchain_factory: ENRICH_RETRY token=0x02de0bd36be344e5e7f338771c06d50d70dfeb07 pair=0x7ea475a0d1362b8df9e4a11076bc7fae0744f1cb attempt=1/2 delay=10s
2026-02-27 13:23:12,318 [INFO] [u_station_ab_night_autotune_v2] monitor.onchain_factory: ENRICH_RETRY token=0x5c373a4998b583e58f66ba31bace1207ad82eb07 pair=0x36cb3196ef0b494cbe6a640c4eac5bb6a098aa9e attempt=1/2 delay=10s
2026-02-27 13:23:22,438 [INFO] [u_station_ab_night_autotune_v2] __main__: WATCHLIST merged count=3
2026-02-27 13:23:22,438 [INFO] [u_station_ab_night_autotune_v2] trading.v2_runtime: V2_UNIVERSE in=3 dedup=3 out=3 target=3 novel_target=3 novel_out=0 repeat_dropped=0 symbol_dropped=0 surge_in=0 surge_target=0 surge_out=0
2026-02-27 13:23:22,438 [INFO] [u_station_ab_night_autotune_v2] __main__: FILTER_PASS token=VIRTUAL tier=A score=75 mode=YELLOW risk=MEDIUM liq=7451640 vol5m=326
2026-02-27 13:23:22,438 [INFO] [u_station_ab_night_autotune_v2] __main__: FILTER_FAIL token=cbBTC reason=safe_volume vol5m=0 min=6 regime=YELLOW
2026-02-27 13:23:22,438 [INFO] [u_station_ab_night_autotune_v2] __main__: FILTER_FAIL token=AERO reason=safe_volume vol5m=0 min=6 regime=YELLOW
2026-02-27 13:23:22,438 [INFO] [u_station_ab_night_autotune_v2] __main__: V2_QUALITY_GATE enabled=True regime=YELLOW in=1 out=1 core_out=0 explore_out=1 probe_out=0 quota=1 max_symbol_share=1.000 drop={} sources_used={'watchlist': 1}
2026-02-27 13:23:22,438 [INFO] [u_station_ab_night_autotune_v2] __main__: V2_ENTRY_ROUTE enabled=True regime=YELLOW in=1 out=1 core_out=0 explore_out=1 quota=1 allow_explore=True
2026-02-27 13:23:22,438 [INFO] [u_station_ab_night_autotune_v2] __main__: MARKET_REGIME mode=YELLOW reason=avg_cand=1.67 avg_cand_recent=1.67
2026-02-27 13:23:22,438 [INFO] [u_station_ab_night_autotune_v2] trading.auto_trader: AutoTrade adjust token=VIRTUAL reason=min_trade_floor size=$0.02->$0.10 min=$0.10
2026-02-27 13:23:22,438 [INFO] [u_station_ab_night_autotune_v2] trading.auto_trader: AutoTrade skip token=VIRTUAL reason=edge_low mode=both edge=-29.70% raw=-27.50% mult=1.08 min=0.05% probe_min=0.05% edge_usd=$-0.030 min_usd=$0.000 probe_min_usd=$0.000 size=$0.10 gross=3.20% costs=30.70% pwin=0.45 probe=- budget=0/1
2026-02-27 13:23:22,438 [INFO] [u_station_ab_night_autotune_v2] trading.auto_trader: AutoTrade batch mode=top_n candidates=1 eligible=1 selected=1 opened=0 pe=off burst_window=0
2026-02-27 13:23:22,438 [INFO] [u_station_ab_night_autotune_v2] __main__: Scanned 3 tokens | High quality: 3 | Alerts sent: 0 | Trade candidates: 1 | Quality out/core/explore/probe: 1/0/1/0 | Opened: 0 | Mode: local | Source: onchain+market | Policy: raw=OK/effective=OK(healthy | route=allow_all) | Regime: YELLOW(avg_cand=1.67) | Safety: checked=1 fail_closed=0 reasons=api_code_4029:1 | FiltersTop(session): safe_volume:7,safe_age:4,safe_change_5m:3,source_qos_symbol_cap:1 | Dedup: heavy_skip=0 override=0 | V2Budget: 1/280 | SourceQoS: enabled=1/in=3/out=3/dropped=0/active_cd=0/drops=none | Ingest: q=0/oldest=0.0s/drop_old=0/dedup_skip=0/enq=0/drain=0 | Sources: dex_boosts:ok=1/fail=0/429=0/lim_wait=0/cd_wait=0/err=0.0%/avg=39ms; dexscreener:ok=11/fail=0/429=0/lim_wait=0/cd_wait=0/err=0.0%/avg=128ms; onchain_enrich:ok=24/fail=0/429=0/lim_wait=0/cd_wait=0/err=0.0%/avg=118ms | Tasks: 3 | RSS: 0.0MB | CycleAvg: 11.66s
2026-02-27 13:23:26,923 [INFO] [u_station_ab_night_autotune_v2] monitor.onchain_factory: ENRICH_RETRY token=0x5785eeaeff525af15231b1f011e1e525fc446a52 pair=0xfb15f36f31a2e4a2b79cfd9e81dea07ebab7c598 attempt=1/2 delay=10s
2026-02-27 13:23:26,929 [INFO] [u_station_ab_night_autotune_v2] monitor.onchain_factory: ENRICH_RETRY token=0x5c373a4998b583e58f66ba31bace1207ad82eb07 pair=0x36cb3196ef0b494cbe6a640c4eac5bb6a098aa9e attempt=1/2 delay=10s
2026-02-27 13:23:26,929 [INFO] [u_station_ab_night_autotune_v2] monitor.onchain_factory: ENRICH_RETRY token=0x295c8c1b1165530c0a0d637ee6a3125bb2de2bc0 pair=0xe5ddffa834739e8b2776ebdc75b6652557f7c9cc attempt=1/2 delay=10s
2026-02-27 13:23:26,929 [INFO] [u_station_ab_night_autotune_v2] monitor.onchain_factory: ENRICH_RETRY token=0x0923db24d1629e906e5e85f55bf0e601a5c31c2c pair=0x69b78489065256cf26471dd6913b04e53497d9d1 attempt=1/2 delay=10s
2026-02-27 13:23:26,944 [INFO] [u_station_ab_night_autotune_v2] monitor.onchain_factory: ENRICH_RETRY token=0x02de0bd36be344e5e7f338771c06d50d70dfeb07 pair=0x7ea475a0d1362b8df9e4a11076bc7fae0744f1cb attempt=1/2 delay=10s
2026-02-27 13:23:26,953 [INFO] [u_station_ab_night_autotune_v2] monitor.onchain_factory: ENRICH_RETRY token=0xdb143656a5d41f89737e36c6c496c1285ba15b28 pair=0xd6d88c3979e05be7702f29bdbea2e400e685ebb0 attempt=1/2 delay=10s
2026-02-27 13:23:37,203 [INFO] [u_station_ab_night_autotune_v2] __main__: WATCHLIST merged count=3
2026-02-27 13:23:37,203 [INFO] [u_station_ab_night_autotune_v2] trading.v2_runtime: V2_UNIVERSE in=3 dedup=3 out=3 target=3 novel_target=3 novel_out=0 repeat_dropped=0 symbol_dropped=0 surge_in=0 surge_target=0 surge_out=0
2026-02-27 13:23:37,203 [INFO] [u_station_ab_night_autotune_v2] __main__: FILTER_PASS token=VIRTUAL tier=A score=75 mode=YELLOW risk=MEDIUM liq=7451640 vol5m=326
2026-02-27 13:23:37,203 [INFO] [u_station_ab_night_autotune_v2] __main__: FILTER_FAIL token=cbBTC reason=safe_volume vol5m=0 min=6 regime=YELLOW
2026-02-27 13:23:37,203 [INFO] [u_station_ab_night_autotune_v2] __main__: FILTER_FAIL token=AERO reason=safe_volume vol5m=0 min=6 regime=YELLOW
2026-02-27 13:23:37,203 [INFO] [u_station_ab_night_autotune_v2] __main__: V2_QUALITY_GATE enabled=True regime=YELLOW in=1 out=1 core_out=0 explore_out=1 probe_out=0 quota=1 max_symbol_share=1.000 drop={} sources_used={'watchlist': 1}
2026-02-27 13:23:37,203 [INFO] [u_station_ab_night_autotune_v2] __main__: V2_ENTRY_ROUTE enabled=True regime=YELLOW in=1 out=1 core_out=0 explore_out=1 quota=1 allow_explore=True
2026-02-27 13:23:37,203 [INFO] [u_station_ab_night_autotune_v2] __main__: MARKET_REGIME mode=YELLOW reason=avg_cand=1.50 avg_cand_recent=1.50
2026-02-27 13:23:37,203 [INFO] [u_station_ab_night_autotune_v2] trading.auto_trader: AutoTrade adjust token=VIRTUAL reason=min_trade_floor size=$0.02->$0.10 min=$0.10
2026-02-27 13:23:37,203 [INFO] [u_station_ab_night_autotune_v2] trading.auto_trader: AutoTrade skip token=VIRTUAL reason=edge_low mode=both edge=-29.70% raw=-27.50% mult=1.08 min=0.05% probe_min=0.05% edge_usd=$-0.030 min_usd=$0.000 probe_min_usd=$0.000 size=$0.10 gross=3.20% costs=30.70% pwin=0.45 probe=- budget=0/1
2026-02-27 13:23:37,203 [INFO] [u_station_ab_night_autotune_v2] trading.auto_trader: AutoTrade batch mode=top_n candidates=1 eligible=1 selected=1 opened=0 pe=off burst_window=0
2026-02-27 13:23:37,203 [INFO] [u_station_ab_night_autotune_v2] __main__: Scanned 3 tokens | High quality: 3 | Alerts sent: 0 | Trade candidates: 1 | Quality out/core/explore/probe: 1/0/1/0 | Opened: 0 | Mode: local | Source: onchain+market | Policy: raw=OK/effective=OK(healthy | route=allow_all) | Regime: YELLOW(avg_cand=1.50) | Safety: checked=1 fail_closed=0 reasons=api_code_4029:1 | FiltersTop(session): safe_volume:9,safe_age:4,safe_change_5m:3,source_qos_symbol_cap:1 | Dedup: heavy_skip=0 override=0 | V2Budget: 1/280 | SourceQoS: enabled=1/in=3/out=3/dropped=0/active_cd=0/drops=none | Ingest: q=0/oldest=0.0s/drop_old=0/dedup_skip=0/enq=0/drain=0 | Sources: dex_boosts:ok=1/fail=0/429=0/lim_wait=0/cd_wait=0/err=0.0%/avg=59ms; dexscreener:ok=11/fail=0/429=0/lim_wait=0/cd_wait=0/err=0.0%/avg=139ms; onchain_enrich:ok=24/fail=0/429=0/lim_wait=0/cd_wait=0/err=0.0%/avg=52ms | Tasks: 3 | RSS: 0.0MB | CycleAvg: 11.50s
2026-02-27 13:23:41,736 [INFO] [u_station_ab_night_autotune_v2] monitor.onchain_factory: ENRICH_RETRY token=0x5c373a4998b583e58f66ba31bace1207ad82eb07 pair=0x36cb3196ef0b494cbe6a640c4eac5bb6a098aa9e attempt=1/2 delay=10s
2026-02-27 13:23:41,752 [INFO] [u_station_ab_night_autotune_v2] monitor.onchain_factory: ENRICH_RETRY token=0x5785eeaeff525af15231b1f011e1e525fc446a52 pair=0xfb15f36f31a2e4a2b79cfd9e81dea07ebab7c598 attempt=1/2 delay=10s
2026-02-27 13:23:41,753 [INFO] [u_station_ab_night_autotune_v2] monitor.onchain_factory: ENRICH_RETRY token=0x295c8c1b1165530c0a0d637ee6a3125bb2de2bc0 pair=0xe5ddffa834739e8b2776ebdc75b6652557f7c9cc attempt=1/2 delay=10s
2026-02-27 13:23:41,753 [INFO] [u_station_ab_night_autotune_v2] monitor.onchain_factory: ENRICH_RETRY token=0x02de0bd36be344e5e7f338771c06d50d70dfeb07 pair=0x7ea475a0d1362b8df9e4a11076bc7fae0744f1cb attempt=1/2 delay=10s
2026-02-27 13:23:41,753 [INFO] [u_station_ab_night_autotune_v2] monitor.onchain_factory: ENRICH_RETRY token=0xdb143656a5d41f89737e36c6c496c1285ba15b28 pair=0xd6d88c3979e05be7702f29bdbea2e400e685ebb0 attempt=1/2 delay=10s
2026-02-27 13:23:41,769 [INFO] [u_station_ab_night_autotune_v2] monitor.onchain_factory: ENRICH_RETRY token=0x0923db24d1629e906e5e85f55bf0e601a5c31c2c pair=0x69b78489065256cf26471dd6913b04e53497d9d1 attempt=1/2 delay=10s
2026-02-27 13:23:52,115 [INFO] [u_station_ab_night_autotune_v2] __main__: WATCHLIST merged count=3
2026-02-27 13:23:52,115 [INFO] [u_station_ab_night_autotune_v2] trading.v2_runtime: V2_UNIVERSE in=3 dedup=3 out=3 target=3 novel_target=3 novel_out=0 repeat_dropped=0 symbol_dropped=0 surge_in=0 surge_target=0 surge_out=0
2026-02-27 13:23:52,116 [INFO] [u_station_ab_night_autotune_v2] __main__: FILTER_PASS token=VIRTUAL tier=A score=75 mode=YELLOW risk=MEDIUM liq=7451640 vol5m=326
2026-02-27 13:23:52,117 [INFO] [u_station_ab_night_autotune_v2] __main__: FILTER_FAIL token=cbBTC reason=safe_volume vol5m=0 min=6 regime=YELLOW
2026-02-27 13:23:52,118 [INFO] [u_station_ab_night_autotune_v2] __main__: FILTER_FAIL token=AERO reason=safe_volume vol5m=0 min=6 regime=YELLOW
2026-02-27 13:23:52,119 [INFO] [u_station_ab_night_autotune_v2] __main__: V2_QUALITY_GATE enabled=True regime=YELLOW in=1 out=1 core_out=0 explore_out=1 probe_out=0 quota=1 max_symbol_share=1.000 drop={} sources_used={'watchlist': 1}
2026-02-27 13:23:52,120 [INFO] [u_station_ab_night_autotune_v2] __main__: V2_ENTRY_ROUTE enabled=True regime=YELLOW in=1 out=1 core_out=0 explore_out=1 quota=1 allow_explore=True
2026-02-27 13:23:52,120 [INFO] [u_station_ab_night_autotune_v2] __main__: MARKET_REGIME mode=YELLOW reason=avg_cand=1.40 avg_cand_recent=1.40
2026-02-27 13:23:52,121 [INFO] [u_station_ab_night_autotune_v2] trading.auto_trader: AutoTrade adjust token=VIRTUAL reason=min_trade_floor size=$0.02->$0.10 min=$0.10
2026-02-27 13:23:52,122 [INFO] [u_station_ab_night_autotune_v2] trading.auto_trader: AutoTrade skip token=VIRTUAL reason=edge_low mode=both edge=-29.70% raw=-27.50% mult=1.08 min=0.05% probe_min=0.05% edge_usd=$-0.030 min_usd=$0.000 probe_min_usd=$0.000 size=$0.10 gross=3.20% costs=30.70% pwin=0.45 probe=- budget=0/1
2026-02-27 13:23:52,123 [INFO] [u_station_ab_night_autotune_v2] trading.auto_trader: AutoTrade batch mode=top_n candidates=1 eligible=1 selected=1 opened=0 pe=off burst_window=0
2026-02-27 13:23:52,123 [INFO] [u_station_ab_night_autotune_v2] trading.auto_trader: PAPER_SUMMARY window=60s closed_delta=0 wins_delta=0 losses_delta=0 realized_delta=$0.00 total_closed=101 winrate_total=42.6% realized_total=$0.31 balance=$7.31 equity=$7.31 open=0
2026-02-27 13:23:52,124 [INFO] [u_station_ab_night_autotune_v2] __main__: Scanned 3 tokens | High quality: 3 | Alerts sent: 0 | Trade candidates: 1 | Quality out/core/explore/probe: 1/0/1/0 | Opened: 0 | Mode: local | Source: onchain+market | Policy: raw=OK/effective=OK(healthy | route=allow_all) | Regime: YELLOW(avg_cand=1.40) | Safety: checked=1 fail_closed=0 reasons=api_code_4029:1 | FiltersTop(session): safe_volume:11,safe_age:4,safe_change_5m:3,source_qos_symbol_cap:1 | Dedup: heavy_skip=0 override=0 | V2Budget: 1/280 | SourceQoS: enabled=1/in=3/out=3/dropped=0/active_cd=0/drops=none | Ingest: q=0/oldest=0.0s/drop_old=0/dedup_skip=0/enq=0/drain=0 | Sources: dex_boosts:ok=1/fail=0/429=0/lim_wait=0/cd_wait=0/err=0.0%/avg=48ms; dexscreener:ok=11/fail=0/429=0/lim_wait=0/cd_wait=0/err=0.0%/avg=60ms; onchain_enrich:ok=24/fail=0/429=0/lim_wait=0/cd_wait=0/err=0.0%/avg=85ms; onchain_weth_price:ok=3/fail=0/429=0/lim_wait=0/cd_wait=0/err=0.0%/avg=42ms | Tasks: 3 | RSS: 0.0MB | CycleAvg: 11.31s
2026-02-27 13:23:56,616 [INFO] [u_station_ab_night_autotune_v2] monitor.onchain_factory: ENRICH_RETRY token=0x0923db24d1629e906e5e85f55bf0e601a5c31c2c pair=0x69b78489065256cf26471dd6913b04e53497d9d1 attempt=1/2 delay=10s
2026-02-27 13:23:56,633 [INFO] [u_station_ab_night_autotune_v2] monitor.onchain_factory: ENRICH_RETRY token=0x02de0bd36be344e5e7f338771c06d50d70dfeb07 pair=0x7ea475a0d1362b8df9e4a11076bc7fae0744f1cb attempt=1/2 delay=10s
2026-02-27 13:23:56,633 [INFO] [u_station_ab_night_autotune_v2] monitor.onchain_factory: ENRICH_RETRY token=0x5785eeaeff525af15231b1f011e1e525fc446a52 pair=0xfb15f36f31a2e4a2b79cfd9e81dea07ebab7c598 attempt=1/2 delay=10s
2026-02-27 13:23:56,633 [INFO] [u_station_ab_night_autotune_v2] monitor.onchain_factory: ENRICH_RETRY token=0xdb143656a5d41f89737e36c6c496c1285ba15b28 pair=0xd6d88c3979e05be7702f29bdbea2e400e685ebb0 attempt=1/2 delay=10s
2026-02-27 13:23:56,633 [INFO] [u_station_ab_night_autotune_v2] monitor.onchain_factory: ENRICH_RETRY token=0x5c373a4998b583e58f66ba31bace1207ad82eb07 pair=0x36cb3196ef0b494cbe6a640c4eac5bb6a098aa9e attempt=1/2 delay=10s
2026-02-27 13:23:56,648 [INFO] [u_station_ab_night_autotune_v2] monitor.onchain_factory: ENRICH_RETRY token=0x295c8c1b1165530c0a0d637ee6a3125bb2de2bc0 pair=0xe5ddffa834739e8b2776ebdc75b6652557f7c9cc attempt=1/2 delay=10s
2026-02-27 13:24:06,836 [INFO] [u_station_ab_night_autotune_v2] __main__: WATCHLIST merged count=3
2026-02-27 13:24:06,836 [INFO] [u_station_ab_night_autotune_v2] trading.v2_runtime: V2_UNIVERSE in=4 dedup=4 out=4 target=4 novel_target=4 novel_out=1 repeat_dropped=0 symbol_dropped=0 surge_in=1 surge_target=1 surge_out=1
2026-02-27 13:24:06,836 [INFO] [u_station_ab_night_autotune_v2] __main__: V2_SOURCE_QOS_FILTER in=4 out=3 drops={'source_qos_cap': 1} caps={'watchlist': 2, 'geckoterminal': 287}
2026-02-27 13:24:06,836 [INFO] [u_station_ab_night_autotune_v2] __main__: FILTER_FAIL token=AERO reason=source_qos_cap source=watchlist used=2/2
2026-02-27 13:24:06,836 [INFO] [u_station_ab_night_autotune_v2] __main__: FILTER_FAIL token=MOMO reason=safe_age
2026-02-27 13:24:06,836 [INFO] [u_station_ab_night_autotune_v2] __main__: FILTER_PASS token=VIRTUAL tier=A score=75 mode=YELLOW risk=MEDIUM liq=7451640 vol5m=326
2026-02-27 13:24:06,836 [INFO] [u_station_ab_night_autotune_v2] __main__: FILTER_FAIL token=cbBTC reason=safe_volume vol5m=0 min=6 regime=YELLOW
2026-02-27 13:24:06,836 [INFO] [u_station_ab_night_autotune_v2] __main__: V2_QUALITY_GATE enabled=True regime=YELLOW in=1 out=1 core_out=0 explore_out=1 probe_out=0 quota=1 max_symbol_share=1.000 drop={} sources_used={'watchlist': 1}
2026-02-27 13:24:06,836 [INFO] [u_station_ab_night_autotune_v2] __main__: V2_ENTRY_ROUTE enabled=True regime=YELLOW in=1 out=1 core_out=0 explore_out=1 quota=1 allow_explore=True
2026-02-27 13:24:06,836 [INFO] [u_station_ab_night_autotune_v2] __main__: MARKET_REGIME mode=YELLOW reason=avg_cand=1.33 avg_cand_recent=1.33
2026-02-27 13:24:06,836 [INFO] [u_station_ab_night_autotune_v2] trading.auto_trader: AutoTrade adjust token=VIRTUAL reason=min_trade_floor size=$0.02->$0.10 min=$0.10
2026-02-27 13:24:06,836 [INFO] [u_station_ab_night_autotune_v2] trading.auto_trader: AutoTrade skip token=VIRTUAL reason=edge_low mode=both edge=-29.70% raw=-27.50% mult=1.08 min=0.05% probe_min=0.05% edge_usd=$-0.030 min_usd=$0.000 probe_min_usd=$0.000 size=$0.10 gross=3.20% costs=30.70% pwin=0.45 probe=- budget=0/1
2026-02-27 13:24:06,836 [INFO] [u_station_ab_night_autotune_v2] trading.auto_trader: AutoTrade batch mode=top_n candidates=1 eligible=1 selected=1 opened=0 pe=off burst_window=0
2026-02-27 13:24:06,852 [INFO] [u_station_ab_night_autotune_v2] __main__: Scanned 4 tokens | High quality: 2 | Alerts sent: 0 | Trade candidates: 1 | Quality out/core/explore/probe: 1/0/1/0 | Opened: 0 | Mode: local | Source: onchain+market | Policy: raw=OK/effective=OK(healthy | route=allow_all) | Regime: YELLOW(avg_cand=1.33) | Safety: checked=1 fail_closed=0 reasons=api_code_4029:1 | FiltersTop(session): safe_volume:12,safe_age:5,safe_change_5m:3,source_qos_cap:2 | Dedup: heavy_skip=0 override=0 | V2Budget: 1/280 | SourceQoS: enabled=1/in=4/out=3/dropped=1/active_cd=0/drops=source_qos_cap:1 | Ingest: q=0/oldest=0.0s/drop_old=0/dedup_skip=0/enq=1/drain=1 | Sources: dex_boosts:ok=1/fail=0/429=0/lim_wait=0/cd_wait=0/err=0.0%/avg=67ms; dexscreener:ok=11/fail=0/429=0/lim_wait=0/cd_wait=0/err=0.0%/avg=93ms; geckoterminal:ok=1/fail=0/429=0/lim_wait=0/cd_wait=0/err=0.0%/avg=124ms; onchain_enrich:ok=24/fail=0/429=0/lim_wait=0/cd_wait=0/err=0.0%/avg=48ms | Tasks: 3 | RSS: 0.0MB | CycleAvg: 11.23s
2026-02-27 13:24:11,371 [INFO] [u_station_ab_night_autotune_v2] monitor.onchain_factory: ENRICH_RETRY token=0x0923db24d1629e906e5e85f55bf0e601a5c31c2c pair=0x69b78489065256cf26471dd6913b04e53497d9d1 attempt=1/2 delay=10s
2026-02-27 13:24:11,387 [INFO] [u_station_ab_night_autotune_v2] monitor.onchain_factory: ENRICH_RETRY token=0x5c373a4998b583e58f66ba31bace1207ad82eb07 pair=0x36cb3196ef0b494cbe6a640c4eac5bb6a098aa9e attempt=1/2 delay=10s
2026-02-27 13:24:11,405 [INFO] [u_station_ab_night_autotune_v2] monitor.onchain_factory: ENRICH_RETRY token=0x5785eeaeff525af15231b1f011e1e525fc446a52 pair=0xfb15f36f31a2e4a2b79cfd9e81dea07ebab7c598 attempt=1/2 delay=10s
2026-02-27 13:24:11,405 [INFO] [u_station_ab_night_autotune_v2] monitor.onchain_factory: ENRICH_RETRY token=0xdb143656a5d41f89737e36c6c496c1285ba15b28 pair=0xd6d88c3979e05be7702f29bdbea2e400e685ebb0 attempt=1/2 delay=10s
2026-02-27 13:24:11,405 [INFO] [u_station_ab_night_autotune_v2] monitor.onchain_factory: ENRICH_RETRY token=0x295c8c1b1165530c0a0d637ee6a3125bb2de2bc0 pair=0xe5ddffa834739e8b2776ebdc75b6652557f7c9cc attempt=1/2 delay=10s
2026-02-27 13:24:11,405 [INFO] [u_station_ab_night_autotune_v2] monitor.onchain_factory: ENRICH_RETRY token=0x02de0bd36be344e5e7f338771c06d50d70dfeb07 pair=0x7ea475a0d1362b8df9e4a11076bc7fae0744f1cb attempt=1/2 delay=10s
2026-02-27 13:24:21,471 [INFO] [u_station_ab_night_autotune_v2] __main__: WATCHLIST merged count=3
2026-02-27 13:24:21,471 [INFO] [u_station_ab_night_autotune_v2] trading.v2_runtime: V2_UNIVERSE in=3 dedup=3 out=3 target=3 novel_target=3 novel_out=0 repeat_dropped=0 symbol_dropped=0 surge_in=0 surge_target=0 surge_out=0
2026-02-27 13:24:21,471 [INFO] [u_station_ab_night_autotune_v2] __main__: FILTER_PASS token=VIRTUAL tier=A score=75 mode=YELLOW risk=MEDIUM liq=7451640 vol5m=326
2026-02-27 13:24:21,471 [INFO] [u_station_ab_night_autotune_v2] __main__: FILTER_FAIL token=cbBTC reason=safe_volume vol5m=0 min=6 regime=YELLOW
2026-02-27 13:24:21,471 [INFO] [u_station_ab_night_autotune_v2] __main__: FILTER_FAIL token=AERO reason=safe_volume vol5m=0 min=6 regime=YELLOW
2026-02-27 13:24:21,486 [INFO] [u_station_ab_night_autotune_v2] __main__: V2_QUALITY_GATE enabled=True regime=YELLOW in=1 out=1 core_out=0 explore_out=1 probe_out=0 quota=1 max_symbol_share=1.000 drop={} sources_used={'watchlist': 1}
2026-02-27 13:24:21,486 [INFO] [u_station_ab_night_autotune_v2] __main__: V2_ENTRY_ROUTE enabled=True regime=YELLOW in=1 out=1 core_out=0 explore_out=1 quota=1 allow_explore=True
2026-02-27 13:24:21,486 [INFO] [u_station_ab_night_autotune_v2] __main__: MARKET_REGIME mode=YELLOW reason=avg_cand=1.29 avg_cand_recent=1.29
2026-02-27 13:24:21,486 [INFO] [u_station_ab_night_autotune_v2] trading.auto_trader: AutoTrade adjust token=VIRTUAL reason=min_trade_floor size=$0.02->$0.10 min=$0.10
2026-02-27 13:24:21,486 [INFO] [u_station_ab_night_autotune_v2] trading.auto_trader: AutoTrade skip token=VIRTUAL reason=edge_low mode=both edge=-29.70% raw=-27.50% mult=1.08 min=0.05% probe_min=0.05% edge_usd=$-0.030 min_usd=$0.000 probe_min_usd=$0.000 size=$0.10 gross=3.20% costs=30.70% pwin=0.45 probe=- budget=0/1
2026-02-27 13:24:21,486 [INFO] [u_station_ab_night_autotune_v2] trading.auto_trader: AutoTrade batch mode=top_n candidates=1 eligible=1 selected=1 opened=0 pe=off burst_window=0
2026-02-27 13:24:21,486 [INFO] [u_station_ab_night_autotune_v2] __main__: Scanned 3 tokens | High quality: 3 | Alerts sent: 0 | Trade candidates: 1 | Quality out/core/explore/probe: 1/0/1/0 | Opened: 0 | Mode: local | Source: onchain+market | Policy: raw=OK/effective=OK(healthy | route=allow_all) | Regime: YELLOW(avg_cand=1.29) | Safety: checked=1 fail_closed=0 reasons=api_code_4029:1 | FiltersTop(session): safe_volume:14,safe_age:5,safe_change_5m:3,source_qos_cap:2 | Dedup: heavy_skip=0 override=0 | V2Budget: 1/280 | SourceQoS: enabled=1/in=3/out=3/dropped=0/active_cd=0/drops=none | Ingest: q=0/oldest=0.0s/drop_old=0/dedup_skip=0/enq=0/drain=0 | Sources: dex_boosts:ok=1/fail=0/429=0/lim_wait=0/cd_wait=0/err=0.0%/avg=33ms; dexscreener:ok=11/fail=0/429=0/lim_wait=0/cd_wait=0/err=0.0%/avg=147ms; onchain_enrich:ok=24/fail=0/429=0/lim_wait=0/cd_wait=0/err=0.0%/avg=48ms | Tasks: 3 | RSS: 0.0MB | CycleAvg: 11.15s
2026-02-27 13:24:26,123 [INFO] [u_station_ab_night_autotune_v2] monitor.onchain_factory: ENRICH_RETRY token=0x0923db24d1629e906e5e85f55bf0e601a5c31c2c pair=0x69b78489065256cf26471dd6913b04e53497d9d1 attempt=1/2 delay=10s
2026-02-27 13:24:26,223 [INFO] [u_station_ab_night_autotune_v2] monitor.onchain_factory: ENRICH_RETRY token=0x02de0bd36be344e5e7f338771c06d50d70dfeb07 pair=0x7ea475a0d1362b8df9e4a11076bc7fae0744f1cb attempt=1/2 delay=10s
2026-02-27 13:24:26,253 [INFO] [u_station_ab_night_autotune_v2] monitor.onchain_factory: ENRICH_RETRY token=0x5785eeaeff525af15231b1f011e1e525fc446a52 pair=0xfb15f36f31a2e4a2b79cfd9e81dea07ebab7c598 attempt=1/2 delay=10s
2026-02-27 13:24:26,253 [INFO] [u_station_ab_night_autotune_v2] monitor.onchain_factory: ENRICH_RETRY token=0x5c373a4998b583e58f66ba31bace1207ad82eb07 pair=0x36cb3196ef0b494cbe6a640c4eac5bb6a098aa9e attempt=1/2 delay=10s
2026-02-27 13:24:26,285 [INFO] [u_station_ab_night_autotune_v2] monitor.onchain_factory: ENRICH_RETRY token=0xdb143656a5d41f89737e36c6c496c1285ba15b28 pair=0xd6d88c3979e05be7702f29bdbea2e400e685ebb0 attempt=1/2 delay=10s
2026-02-27 13:24:26,490 [INFO] [u_station_ab_night_autotune_v2] monitor.onchain_factory: ENRICH_RETRY token=0x295c8c1b1165530c0a0d637ee6a3125bb2de2bc0 pair=0xe5ddffa834739e8b2776ebdc75b6652557f7c9cc attempt=1/2 delay=10s
2026-02-27 13:24:36,581 [INFO] [u_station_ab_night_autotune_v2] __main__: WATCHLIST merged count=3
2026-02-27 13:24:36,581 [INFO] [u_station_ab_night_autotune_v2] trading.v2_runtime: V2_UNIVERSE in=3 dedup=3 out=3 target=3 novel_target=3 novel_out=0 repeat_dropped=0 symbol_dropped=0 surge_in=0 surge_target=0 surge_out=0
2026-02-27 13:24:36,581 [INFO] [u_station_ab_night_autotune_v2] __main__: FILTER_PASS token=VIRTUAL tier=A score=75 mode=YELLOW risk=MEDIUM liq=7451640 vol5m=326
2026-02-27 13:24:36,581 [INFO] [u_station_ab_night_autotune_v2] __main__: FILTER_FAIL token=cbBTC reason=safe_volume vol5m=0 min=6 regime=YELLOW
2026-02-27 13:24:36,581 [INFO] [u_station_ab_night_autotune_v2] __main__: FILTER_FAIL token=AERO reason=safe_volume vol5m=0 min=6 regime=YELLOW
2026-02-27 13:24:36,597 [INFO] [u_station_ab_night_autotune_v2] __main__: V2_QUALITY_GATE enabled=True regime=YELLOW in=1 out=1 core_out=0 explore_out=1 probe_out=0 quota=1 max_symbol_share=1.000 drop={} sources_used={'watchlist': 1}
2026-02-27 13:24:36,597 [INFO] [u_station_ab_night_autotune_v2] __main__: V2_ENTRY_ROUTE enabled=True regime=YELLOW in=1 out=1 core_out=0 explore_out=1 quota=1 allow_explore=True
2026-02-27 13:24:36,599 [INFO] [u_station_ab_night_autotune_v2] __main__: MARKET_REGIME mode=YELLOW reason=avg_cand=1.25 avg_cand_recent=1.25
2026-02-27 13:24:36,622 [INFO] [u_station_ab_night_autotune_v2] trading.auto_trader: AutoTrade adjust token=VIRTUAL reason=min_trade_floor size=$0.02->$0.10 min=$0.10
2026-02-27 13:24:36,622 [INFO] [u_station_ab_night_autotune_v2] trading.auto_trader: AutoTrade skip token=VIRTUAL reason=edge_low mode=both edge=-29.70% raw=-27.50% mult=1.08 min=0.05% probe_min=0.05% edge_usd=$-0.030 min_usd=$0.000 probe_min_usd=$0.000 size=$0.10 gross=3.20% costs=30.70% pwin=0.45 probe=- budget=0/1
2026-02-27 13:24:36,622 [INFO] [u_station_ab_night_autotune_v2] trading.auto_trader: AutoTrade batch mode=top_n candidates=1 eligible=1 selected=1 opened=0 pe=off burst_window=0
2026-02-27 13:24:36,622 [INFO] [u_station_ab_night_autotune_v2] __main__: Scanned 3 tokens | High quality: 3 | Alerts sent: 0 | Trade candidates: 1 | Quality out/core/explore/probe: 1/0/1/0 | Opened: 0 | Mode: local | Source: onchain+market | Policy: raw=OK/effective=OK(healthy | route=allow_all) | Regime: YELLOW(avg_cand=1.25) | Safety: checked=1 fail_closed=0 reasons=api_code_4029:1 | FiltersTop(session): safe_volume:16,safe_age:5,safe_change_5m:3,source_qos_cap:2 | Dedup: heavy_skip=0 override=0 | V2Budget: 1/280 | SourceQoS: enabled=1/in=3/out=3/dropped=0/active_cd=0/drops=none | Ingest: q=0/oldest=0.0s/drop_old=0/dedup_skip=0/enq=0/drain=0 | Sources: dex_boosts:ok=1/fail=0/429=0/lim_wait=0/cd_wait=0/err=0.0%/avg=38ms; dexscreener:ok=11/fail=0/429=0/lim_wait=0/cd_wait=0/err=0.0%/avg=42ms; onchain_enrich:ok=24/fail=0/429=0/lim_wait=0/cd_wait=0/err=0.0%/avg=108ms | Tasks: 3 | RSS: 0.0MB | CycleAvg: 11.07s
2026-02-27 13:24:41,140 [INFO] [u_station_ab_night_autotune_v2] monitor.onchain_factory: ENRICH_RETRY token=0x02de0bd36be344e5e7f338771c06d50d70dfeb07 pair=0x7ea475a0d1362b8df9e4a11076bc7fae0744f1cb attempt=1/2 delay=10s
2026-02-27 13:24:41,154 [INFO] [u_station_ab_night_autotune_v2] monitor.onchain_factory: ENRICH_RETRY token=0x295c8c1b1165530c0a0d637ee6a3125bb2de2bc0 pair=0xe5ddffa834739e8b2776ebdc75b6652557f7c9cc attempt=1/2 delay=10s
2026-02-27 13:24:41,154 [INFO] [u_station_ab_night_autotune_v2] monitor.onchain_factory: ENRICH_RETRY token=0x0923db24d1629e906e5e85f55bf0e601a5c31c2c pair=0x69b78489065256cf26471dd6913b04e53497d9d1 attempt=1/2 delay=10s
2026-02-27 13:24:41,154 [INFO] [u_station_ab_night_autotune_v2] monitor.onchain_factory: ENRICH_RETRY token=0x5c373a4998b583e58f66ba31bace1207ad82eb07 pair=0x36cb3196ef0b494cbe6a640c4eac5bb6a098aa9e attempt=1/2 delay=10s
2026-02-27 13:24:41,154 [INFO] [u_station_ab_night_autotune_v2] monitor.onchain_factory: ENRICH_RETRY token=0x5785eeaeff525af15231b1f011e1e525fc446a52 pair=0xfb15f36f31a2e4a2b79cfd9e81dea07ebab7c598 attempt=1/2 delay=10s
2026-02-27 13:24:41,154 [INFO] [u_station_ab_night_autotune_v2] monitor.onchain_factory: ENRICH_RETRY token=0xdb143656a5d41f89737e36c6c496c1285ba15b28 pair=0xd6d88c3979e05be7702f29bdbea2e400e685ebb0 attempt=1/2 delay=10s
2026-02-27 13:24:51,228 [INFO] [u_station_ab_night_autotune_v2] __main__: WATCHLIST merged count=3
2026-02-27 13:24:51,228 [INFO] [u_station_ab_night_autotune_v2] trading.v2_runtime: V2_UNIVERSE in=3 dedup=3 out=3 target=3 novel_target=3 novel_out=0 repeat_dropped=0 symbol_dropped=0 surge_in=0 surge_target=0 surge_out=0
2026-02-27 13:24:51,228 [INFO] [u_station_ab_night_autotune_v2] __main__: FILTER_PASS token=VIRTUAL tier=A score=75 mode=YELLOW risk=MEDIUM liq=7451640 vol5m=326
2026-02-27 13:24:51,228 [INFO] [u_station_ab_night_autotune_v2] __main__: FILTER_FAIL token=cbBTC reason=safe_volume vol5m=0 min=6 regime=YELLOW
2026-02-27 13:24:51,228 [INFO] [u_station_ab_night_autotune_v2] __main__: FILTER_FAIL token=AERO reason=safe_volume vol5m=0 min=6 regime=YELLOW
2026-02-27 13:24:51,228 [INFO] [u_station_ab_night_autotune_v2] __main__: V2_QUALITY_GATE enabled=True regime=YELLOW in=1 out=1 core_out=0 explore_out=1 probe_out=0 quota=1 max_symbol_share=1.000 drop={} sources_used={'watchlist': 1}
2026-02-27 13:24:51,228 [INFO] [u_station_ab_night_autotune_v2] __main__: V2_ENTRY_ROUTE enabled=True regime=YELLOW in=1 out=1 core_out=0 explore_out=1 quota=1 allow_explore=True
2026-02-27 13:24:51,228 [INFO] [u_station_ab_night_autotune_v2] __main__: MARKET_REGIME mode=YELLOW reason=avg_cand=1.22 avg_cand_recent=1.22
2026-02-27 13:24:51,228 [INFO] [u_station_ab_night_autotune_v2] trading.auto_trader: AutoTrade adjust token=VIRTUAL reason=min_trade_floor size=$0.02->$0.10 min=$0.10
2026-02-27 13:24:51,228 [INFO] [u_station_ab_night_autotune_v2] trading.auto_trader: AutoTrade skip token=VIRTUAL reason=edge_low mode=both edge=-29.70% raw=-27.50% mult=1.08 min=0.05% probe_min=0.05% edge_usd=$-0.030 min_usd=$0.000 probe_min_usd=$0.000 size=$0.10 gross=3.20% costs=30.70% pwin=0.45 probe=- budget=0/1
2026-02-27 13:24:51,228 [INFO] [u_station_ab_night_autotune_v2] trading.auto_trader: AutoTrade batch mode=top_n candidates=1 eligible=1 selected=1 opened=0 pe=off burst_window=0
2026-02-27 13:24:51,228 [INFO] [u_station_ab_night_autotune_v2] __main__: Scanned 3 tokens | High quality: 3 | Alerts sent: 0 | Trade candidates: 1 | Quality out/core/explore/probe: 1/0/1/0 | Opened: 0 | Mode: local | Source: onchain+market | Policy: raw=OK/effective=OK(healthy | route=allow_all) | Regime: YELLOW(avg_cand=1.22) | Safety: checked=1 fail_closed=0 reasons=api_code_4029:1 | FiltersTop(session): safe_volume:18,safe_age:5,safe_change_5m:3,source_qos_cap:2 | Dedup: heavy_skip=0 override=0 | V2Budget: 1/280 | SourceQoS: enabled=1/in=3/out=3/dropped=0/active_cd=0/drops=none | Ingest: q=0/oldest=0.0s/drop_old=0/dedup_skip=0/enq=0/drain=0 | Sources: dex_boosts:ok=1/fail=0/429=0/lim_wait=0/cd_wait=0/err=0.0%/avg=141ms; dexscreener:ok=11/fail=0/429=0/lim_wait=0/cd_wait=0/err=0.0%/avg=175ms; onchain_enrich:ok=24/fail=0/429=0/lim_wait=0/cd_wait=0/err=0.0%/avg=40ms | Tasks: 3 | RSS: 0.0MB | CycleAvg: 11.08s
2026-02-27 13:24:55,753 [INFO] [u_station_ab_night_autotune_v2] monitor.onchain_factory: ENRICH_RETRY token=0x5c373a4998b583e58f66ba31bace1207ad82eb07 pair=0x36cb3196ef0b494cbe6a640c4eac5bb6a098aa9e attempt=1/2 delay=10s
2026-02-27 13:24:55,753 [INFO] [u_station_ab_night_autotune_v2] monitor.onchain_factory: ENRICH_RETRY token=0x5785eeaeff525af15231b1f011e1e525fc446a52 pair=0xfb15f36f31a2e4a2b79cfd9e81dea07ebab7c598 attempt=1/2 delay=10s
2026-02-27 13:24:55,770 [INFO] [u_station_ab_night_autotune_v2] monitor.onchain_factory: ENRICH_RETRY token=0xdb143656a5d41f89737e36c6c496c1285ba15b28 pair=0xd6d88c3979e05be7702f29bdbea2e400e685ebb0 attempt=1/2 delay=10s
2026-02-27 13:24:55,770 [INFO] [u_station_ab_night_autotune_v2] monitor.onchain_factory: ENRICH_RETRY token=0x0923db24d1629e906e5e85f55bf0e601a5c31c2c pair=0x69b78489065256cf26471dd6913b04e53497d9d1 attempt=1/2 delay=10s
2026-02-27 13:24:55,775 [INFO] [u_station_ab_night_autotune_v2] monitor.onchain_factory: ENRICH_RETRY token=0x295c8c1b1165530c0a0d637ee6a3125bb2de2bc0 pair=0xe5ddffa834739e8b2776ebdc75b6652557f7c9cc attempt=1/2 delay=10s
2026-02-27 13:24:55,775 [INFO] [u_station_ab_night_autotune_v2] monitor.onchain_factory: ENRICH_RETRY token=0x02de0bd36be344e5e7f338771c06d50d70dfeb07 pair=0x7ea475a0d1362b8df9e4a11076bc7fae0744f1cb attempt=1/2 delay=10s
2026-02-27 13:25:06,327 [INFO] [u_station_ab_night_autotune_v2] __main__: WATCHLIST merged count=3
2026-02-27 13:25:06,327 [INFO] [u_station_ab_night_autotune_v2] trading.v2_runtime: V2_UNIVERSE in=3 dedup=3 out=3 target=3 novel_target=3 novel_out=0 repeat_dropped=0 symbol_dropped=0 surge_in=0 surge_target=0 surge_out=0
2026-02-27 13:25:06,327 [INFO] [u_station_ab_night_autotune_v2] __main__: FILTER_PASS token=VIRTUAL tier=A score=75 mode=YELLOW risk=MEDIUM liq=7451640 vol5m=326
2026-02-27 13:25:06,327 [INFO] [u_station_ab_night_autotune_v2] __main__: FILTER_FAIL token=cbBTC reason=safe_volume vol5m=0 min=6 regime=YELLOW
2026-02-27 13:25:06,327 [INFO] [u_station_ab_night_autotune_v2] __main__: FILTER_FAIL token=AERO reason=safe_volume vol5m=0 min=6 regime=YELLOW
2026-02-27 13:25:06,327 [INFO] [u_station_ab_night_autotune_v2] __main__: V2_QUALITY_GATE enabled=True regime=YELLOW in=1 out=1 core_out=0 explore_out=1 probe_out=0 quota=1 max_symbol_share=1.000 drop={} sources_used={'watchlist': 1}
2026-02-27 13:25:06,327 [INFO] [u_station_ab_night_autotune_v2] __main__: V2_ENTRY_ROUTE enabled=True regime=YELLOW in=1 out=1 core_out=0 explore_out=1 quota=1 allow_explore=True
2026-02-27 13:25:06,327 [INFO] [u_station_ab_night_autotune_v2] __main__: MARKET_REGIME mode=YELLOW reason=avg_cand=1.20 avg_cand_recent=1.20
2026-02-27 13:25:06,327 [INFO] [u_station_ab_night_autotune_v2] trading.auto_trader: AutoTrade adjust token=VIRTUAL reason=min_trade_floor size=$0.02->$0.10 min=$0.10
2026-02-27 13:25:06,327 [INFO] [u_station_ab_night_autotune_v2] trading.auto_trader: AutoTrade skip token=VIRTUAL reason=edge_low mode=both edge=-29.70% raw=-27.50% mult=1.08 min=0.05% probe_min=0.05% edge_usd=$-0.030 min_usd=$0.000 probe_min_usd=$0.000 size=$0.10 gross=3.20% costs=30.70% pwin=0.45 probe=- budget=0/1
2026-02-27 13:25:06,327 [INFO] [u_station_ab_night_autotune_v2] trading.auto_trader: AutoTrade batch mode=top_n candidates=1 eligible=1 selected=1 opened=0 pe=off burst_window=0
2026-02-27 13:25:06,327 [INFO] [u_station_ab_night_autotune_v2] trading.auto_trader: PAPER_SUMMARY window=60s closed_delta=0 wins_delta=0 losses_delta=0 realized_delta=$0.00 total_closed=101 winrate_total=42.6% realized_total=$0.31 balance=$7.31 equity=$7.31 open=0
2026-02-27 13:25:06,343 [INFO] [u_station_ab_night_autotune_v2] __main__: Scanned 3 tokens | High quality: 3 | Alerts sent: 0 | Trade candidates: 1 | Quality out/core/explore/probe: 1/0/1/0 | Opened: 0 | Mode: local | Source: onchain+market | Policy: raw=OK/effective=OK(healthy | route=allow_all) | Regime: YELLOW(avg_cand=1.20) | Safety: checked=1 fail_closed=0 reasons=api_code_4029:1 | FiltersTop(session): safe_volume:20,safe_age:5,safe_change_5m:3,source_qos_cap:2 | Dedup: heavy_skip=0 override=0 | V2Budget: 1/280 | SourceQoS: enabled=1/in=3/out=3/dropped=0/active_cd=0/drops=none | Ingest: q=0/oldest=0.0s/drop_old=0/dedup_skip=0/enq=0/drain=0 | Sources: dex_boosts:ok=1/fail=0/429=0/lim_wait=0/cd_wait=0/err=0.0%/avg=40ms; dexscreener:ok=11/fail=0/429=0/lim_wait=0/cd_wait=0/err=0.0%/avg=300ms; onchain_enrich:ok=24/fail=0/429=0/lim_wait=0/cd_wait=0/err=0.0%/avg=115ms; onchain_weth_price:ok=3/fail=0/429=0/lim_wait=0/cd_wait=0/err=0.0%/avg=57ms | Tasks: 3 | RSS: 0.0MB | CycleAvg: 11.03s
2026-02-27 13:25:10,840 [INFO] [u_station_ab_night_autotune_v2] monitor.onchain_factory: ENRICH_RETRY token=0x5c373a4998b583e58f66ba31bace1207ad82eb07 pair=0x36cb3196ef0b494cbe6a640c4eac5bb6a098aa9e attempt=1/2 delay=10s
2026-02-27 13:25:10,853 [INFO] [u_station_ab_night_autotune_v2] monitor.onchain_factory: ENRICH_RETRY token=0x5785eeaeff525af15231b1f011e1e525fc446a52 pair=0xfb15f36f31a2e4a2b79cfd9e81dea07ebab7c598 attempt=1/2 delay=10s
2026-02-27 13:25:10,853 [INFO] [u_station_ab_night_autotune_v2] monitor.onchain_factory: ENRICH_RETRY token=0x0923db24d1629e906e5e85f55bf0e601a5c31c2c pair=0x69b78489065256cf26471dd6913b04e53497d9d1 attempt=1/2 delay=10s
2026-02-27 13:25:10,853 [INFO] [u_station_ab_night_autotune_v2] monitor.onchain_factory: ENRICH_RETRY token=0x02de0bd36be344e5e7f338771c06d50d70dfeb07 pair=0x7ea475a0d1362b8df9e4a11076bc7fae0744f1cb attempt=1/2 delay=10s
2026-02-27 13:25:10,890 [INFO] [u_station_ab_night_autotune_v2] monitor.onchain_factory: ENRICH_RETRY token=0x295c8c1b1165530c0a0d637ee6a3125bb2de2bc0 pair=0xe5ddffa834739e8b2776ebdc75b6652557f7c9cc attempt=1/2 delay=10s
2026-02-27 13:25:10,890 [INFO] [u_station_ab_night_autotune_v2] monitor.onchain_factory: ENRICH_RETRY token=0xdb143656a5d41f89737e36c6c496c1285ba15b28 pair=0xd6d88c3979e05be7702f29bdbea2e400e685ebb0 attempt=1/2 delay=10s
2026-02-27 13:25:20,957 [INFO] [u_station_ab_night_autotune_v2] __main__: WATCHLIST merged count=3
2026-02-27 13:25:20,957 [INFO] [u_station_ab_night_autotune_v2] trading.v2_runtime: V2_UNIVERSE in=3 dedup=3 out=3 target=3 novel_target=3 novel_out=0 repeat_dropped=0 symbol_dropped=0 surge_in=0 surge_target=0 surge_out=0
2026-02-27 13:25:20,957 [INFO] [u_station_ab_night_autotune_v2] __main__: FILTER_PASS token=VIRTUAL tier=A score=75 mode=YELLOW risk=MEDIUM liq=7451640 vol5m=326
2026-02-27 13:25:20,957 [INFO] [u_station_ab_night_autotune_v2] __main__: FILTER_FAIL token=cbBTC reason=safe_volume vol5m=0 min=6 regime=YELLOW
2026-02-27 13:25:20,957 [INFO] [u_station_ab_night_autotune_v2] __main__: FILTER_FAIL token=AERO reason=safe_volume vol5m=0 min=6 regime=YELLOW
2026-02-27 13:25:20,957 [INFO] [u_station_ab_night_autotune_v2] __main__: V2_QUALITY_GATE enabled=True regime=YELLOW in=1 out=1 core_out=0 explore_out=1 probe_out=0 quota=1 max_symbol_share=1.000 drop={} sources_used={'watchlist': 1}
2026-02-27 13:25:20,957 [INFO] [u_station_ab_night_autotune_v2] __main__: V2_ENTRY_ROUTE enabled=True regime=YELLOW in=1 out=1 core_out=0 explore_out=1 quota=1 allow_explore=True
2026-02-27 13:25:20,957 [INFO] [u_station_ab_night_autotune_v2] __main__: MARKET_REGIME mode=YELLOW reason=avg_cand=1.18 avg_cand_recent=1.18
2026-02-27 13:25:20,957 [INFO] [u_station_ab_night_autotune_v2] trading.auto_trader: AutoTrade adjust token=VIRTUAL reason=min_trade_floor size=$0.02->$0.10 min=$0.10
2026-02-27 13:25:20,957 [INFO] [u_station_ab_night_autotune_v2] trading.auto_trader: AutoTrade skip token=VIRTUAL reason=edge_low mode=both edge=-29.70% raw=-27.50% mult=1.08 min=0.05% probe_min=0.05% edge_usd=$-0.030 min_usd=$0.000 probe_min_usd=$0.000 size=$0.10 gross=3.20% costs=30.70% pwin=0.45 probe=- budget=0/1
2026-02-27 13:25:20,957 [INFO] [u_station_ab_night_autotune_v2] trading.auto_trader: AutoTrade batch mode=top_n candidates=1 eligible=1 selected=1 opened=0 pe=off burst_window=0
2026-02-27 13:25:20,957 [INFO] [u_station_ab_night_autotune_v2] __main__: Scanned 3 tokens | High quality: 3 | Alerts sent: 0 | Trade candidates: 1 | Quality out/core/explore/probe: 1/0/1/0 | Opened: 0 | Mode: local | Source: onchain+market | Policy: raw=OK/effective=OK(healthy | route=allow_all) | Regime: YELLOW(avg_cand=1.18) | Safety: checked=1 fail_closed=0 reasons=api_code_4029:1 | FiltersTop(session): safe_volume:22,safe_age:5,safe_change_5m:3,source_qos_cap:2 | Dedup: heavy_skip=0 override=0 | V2Budget: 1/280 | SourceQoS: enabled=1/in=3/out=3/dropped=0/active_cd=0/drops=none | Ingest: q=2/oldest=9.7s/drop_old=0/dedup_skip=0/enq=2/drain=0 | Sources: dex_boosts:ok=1/fail=0/429=0/lim_wait=0/cd_wait=0/err=0.0%/avg=47ms; dexscreener:ok=11/fail=0/429=0/lim_wait=0/cd_wait=0/err=0.0%/avg=70ms; geckoterminal:ok=1/fail=0/429=0/lim_wait=0/cd_wait=0/err=0.0%/avg=845ms; onchain_enrich:ok=24/fail=0/429=0/lim_wait=0/cd_wait=0/err=0.0%/avg=42ms | Tasks: 3 | RSS: 0.0MB | CycleAvg: 11.03s
2026-02-27 13:25:25,486 [INFO] [u_station_ab_night_autotune_v2] monitor.onchain_factory: ENRICH_RETRY token=0x5c373a4998b583e58f66ba31bace1207ad82eb07 pair=0x36cb3196ef0b494cbe6a640c4eac5bb6a098aa9e attempt=1/2 delay=10s
2026-02-27 13:25:25,486 [INFO] [u_station_ab_night_autotune_v2] monitor.onchain_factory: ENRICH_RETRY token=0x0923db24d1629e906e5e85f55bf0e601a5c31c2c pair=0x69b78489065256cf26471dd6913b04e53497d9d1 attempt=1/2 delay=10s
2026-02-27 13:25:25,486 [INFO] [u_station_ab_night_autotune_v2] monitor.onchain_factory: ENRICH_RETRY token=0x5785eeaeff525af15231b1f011e1e525fc446a52 pair=0xfb15f36f31a2e4a2b79cfd9e81dea07ebab7c598 attempt=1/2 delay=10s
2026-02-27 13:25:25,486 [INFO] [u_station_ab_night_autotune_v2] monitor.onchain_factory: ENRICH_RETRY token=0x295c8c1b1165530c0a0d637ee6a3125bb2de2bc0 pair=0xe5ddffa834739e8b2776ebdc75b6652557f7c9cc attempt=1/2 delay=10s
2026-02-27 13:25:25,503 [INFO] [u_station_ab_night_autotune_v2] monitor.onchain_factory: ENRICH_RETRY token=0x02de0bd36be344e5e7f338771c06d50d70dfeb07 pair=0x7ea475a0d1362b8df9e4a11076bc7fae0744f1cb attempt=1/2 delay=10s
2026-02-27 13:25:25,503 [INFO] [u_station_ab_night_autotune_v2] monitor.onchain_factory: ENRICH_RETRY token=0xdb143656a5d41f89737e36c6c496c1285ba15b28 pair=0xd6d88c3979e05be7702f29bdbea2e400e685ebb0 attempt=1/2 delay=10s
2026-02-27 13:25:35,723 [INFO] [u_station_ab_night_autotune_v2] __main__: WATCHLIST merged count=3
2026-02-27 13:25:35,723 [INFO] [u_station_ab_night_autotune_v2] trading.v2_runtime: V2_UNIVERSE in=5 dedup=5 out=5 target=5 novel_target=5 novel_out=2 repeat_dropped=0 symbol_dropped=0 surge_in=0 surge_target=0 surge_out=0
2026-02-27 13:25:35,723 [INFO] [u_station_ab_night_autotune_v2] __main__: V2_SOURCE_QOS_FILTER in=5 out=4 drops={'source_qos_cap': 1} caps={'watchlist': 2, 'geckoterminal': 287}
2026-02-27 13:25:35,723 [INFO] [u_station_ab_night_autotune_v2] __main__: FILTER_FAIL token=AERO reason=source_qos_cap source=watchlist used=2/2
2026-02-27 13:25:35,723 [INFO] [u_station_ab_night_autotune_v2] __main__: FILTER_FAIL token=MOÂ§ES reason=safe_age
2026-02-27 13:25:35,723 [INFO] [u_station_ab_night_autotune_v2] __main__: FILTER_PASS token=VIRTUAL tier=A score=75 mode=YELLOW risk=MEDIUM liq=7451640 vol5m=326
2026-02-27 13:25:35,723 [INFO] [u_station_ab_night_autotune_v2] __main__: FILTER_FAIL token=cbBTC reason=safe_volume vol5m=0 min=6 regime=YELLOW
2026-02-27 13:25:35,723 [INFO] [u_station_ab_night_autotune_v2] __main__: FILTER_FAIL token=AM reason=safe_volume vol5m=0 min=6 regime=YELLOW
2026-02-27 13:25:35,723 [INFO] [u_station_ab_night_autotune_v2] __main__: V2_QUALITY_GATE enabled=True regime=YELLOW in=1 out=1 core_out=0 explore_out=1 probe_out=0 quota=1 max_symbol_share=1.000 drop={} sources_used={'watchlist': 1}
2026-02-27 13:25:35,723 [INFO] [u_station_ab_night_autotune_v2] __main__: V2_ENTRY_ROUTE enabled=True regime=YELLOW in=1 out=1 core_out=0 explore_out=1 quota=1 allow_explore=True
2026-02-27 13:25:35,723 [INFO] [u_station_ab_night_autotune_v2] __main__: MARKET_REGIME mode=YELLOW reason=avg_cand=1.17 avg_cand_recent=1.17
2026-02-27 13:25:35,723 [INFO] [u_station_ab_night_autotune_v2] trading.auto_trader: AutoTrade adjust token=VIRTUAL reason=min_trade_floor size=$0.02->$0.10 min=$0.10
2026-02-27 13:25:35,723 [INFO] [u_station_ab_night_autotune_v2] trading.auto_trader: AutoTrade skip token=VIRTUAL reason=edge_low mode=both edge=-29.70% raw=-27.50% mult=1.08 min=0.05% probe_min=0.05% edge_usd=$-0.030 min_usd=$0.000 probe_min_usd=$0.000 size=$0.10 gross=3.20% costs=30.70% pwin=0.45 probe=- budget=0/1
2026-02-27 13:25:35,723 [INFO] [u_station_ab_night_autotune_v2] trading.auto_trader: AutoTrade batch mode=top_n candidates=1 eligible=1 selected=1 opened=0 pe=off burst_window=0
2026-02-27 13:25:35,723 [INFO] [u_station_ab_night_autotune_v2] __main__: Scanned 5 tokens | High quality: 3 | Alerts sent: 0 | Trade candidates: 1 | Quality out/core/explore/probe: 1/0/1/0 | Opened: 0 | Mode: local | Source: onchain+market | Policy: raw=OK/effective=OK(healthy | route=allow_all) | Regime: YELLOW(avg_cand=1.17) | Safety: checked=1 fail_closed=0 reasons=api_code_4029:1 | FiltersTop(session): safe_volume:24,safe_age:6,source_qos_cap:3,safe_change_5m:3 | Dedup: heavy_skip=0 override=0 | V2Budget: 1/280 | SourceQoS: enabled=1/in=5/out=4/dropped=1/active_cd=0/drops=source_qos_cap:1 | Ingest: q=0/oldest=0.0s/drop_old=0/dedup_skip=0/enq=0/drain=2 | Sources: dex_boosts:ok=1/fail=0/429=0/lim_wait=0/cd_wait=0/err=0.0%/avg=46ms; dexscreener:ok=11/fail=0/429=0/lim_wait=0/cd_wait=0/err=0.0%/avg=94ms; onchain_enrich:ok=24/fail=0/429=0/lim_wait=0/cd_wait=0/err=0.0%/avg=48ms | Tasks: 3 | RSS: 0.0MB | CycleAvg: 10.99s
2026-02-27 13:25:40,405 [INFO] [u_station_ab_night_autotune_v2] monitor.onchain_factory: ENRICH_RETRY token=0x0923db24d1629e906e5e85f55bf0e601a5c31c2c pair=0x69b78489065256cf26471dd6913b04e53497d9d1 attempt=1/2 delay=10s
2026-02-27 13:25:40,537 [INFO] [u_station_ab_night_autotune_v2] monitor.onchain_factory: ENRICH_RETRY token=0x5c373a4998b583e58f66ba31bace1207ad82eb07 pair=0x36cb3196ef0b494cbe6a640c4eac5bb6a098aa9e attempt=1/2 delay=10s
2026-02-27 13:25:40,604 [INFO] [u_station_ab_night_autotune_v2] monitor.onchain_factory: ENRICH_RETRY token=0xdb143656a5d41f89737e36c6c496c1285ba15b28 pair=0xd6d88c3979e05be7702f29bdbea2e400e685ebb0 attempt=1/2 delay=10s
2026-02-27 13:25:40,753 [INFO] [u_station_ab_night_autotune_v2] monitor.onchain_factory: ENRICH_RETRY token=0x295c8c1b1165530c0a0d637ee6a3125bb2de2bc0 pair=0xe5ddffa834739e8b2776ebdc75b6652557f7c9cc attempt=1/2 delay=10s
2026-02-27 13:25:40,769 [INFO] [u_station_ab_night_autotune_v2] monitor.onchain_factory: ENRICH_RETRY token=0x02de0bd36be344e5e7f338771c06d50d70dfeb07 pair=0x7ea475a0d1362b8df9e4a11076bc7fae0744f1cb attempt=1/2 delay=10s
2026-02-27 13:25:40,787 [INFO] [u_station_ab_night_autotune_v2] monitor.onchain_factory: ENRICH_RETRY token=0x5785eeaeff525af15231b1f011e1e525fc446a52 pair=0xfb15f36f31a2e4a2b79cfd9e81dea07ebab7c598 attempt=1/2 delay=10s
2026-02-27 13:25:50,883 [INFO] [u_station_ab_night_autotune_v2] __main__: WATCHLIST merged count=3
2026-02-27 13:25:50,883 [INFO] [u_station_ab_night_autotune_v2] trading.v2_runtime: V2_UNIVERSE in=3 dedup=3 out=3 target=3 novel_target=3 novel_out=0 repeat_dropped=0 symbol_dropped=0 surge_in=0 surge_target=0 surge_out=0
2026-02-27 13:25:50,883 [INFO] [u_station_ab_night_autotune_v2] __main__: FILTER_PASS token=VIRTUAL tier=A score=75 mode=YELLOW risk=MEDIUM liq=7451640 vol5m=326
2026-02-27 13:25:50,883 [INFO] [u_station_ab_night_autotune_v2] __main__: FILTER_FAIL token=cbBTC reason=safe_volume vol5m=0 min=6 regime=YELLOW
2026-02-27 13:25:50,883 [INFO] [u_station_ab_night_autotune_v2] __main__: FILTER_FAIL token=AERO reason=safe_volume vol5m=0 min=6 regime=YELLOW
2026-02-27 13:25:50,883 [INFO] [u_station_ab_night_autotune_v2] __main__: V2_QUALITY_GATE enabled=True regime=YELLOW in=1 out=1 core_out=0 explore_out=1 probe_out=0 quota=1 max_symbol_share=1.000 drop={} sources_used={'watchlist': 1}
2026-02-27 13:25:50,883 [INFO] [u_station_ab_night_autotune_v2] __main__: V2_ENTRY_ROUTE enabled=True regime=YELLOW in=1 out=1 core_out=0 explore_out=1 quota=1 allow_explore=True
2026-02-27 13:25:50,883 [INFO] [u_station_ab_night_autotune_v2] __main__: MARKET_REGIME mode=YELLOW reason=avg_cand=1.00 avg_cand_recent=1.00
2026-02-27 13:25:50,883 [INFO] [u_station_ab_night_autotune_v2] trading.auto_trader: AutoTrade adjust token=VIRTUAL reason=min_trade_floor size=$0.02->$0.10 min=$0.10
2026-02-27 13:25:50,883 [INFO] [u_station_ab_night_autotune_v2] trading.auto_trader: AutoTrade skip token=VIRTUAL reason=edge_low mode=both edge=-29.70% raw=-27.50% mult=1.08 min=0.05% probe_min=0.05% edge_usd=$-0.030 min_usd=$0.000 probe_min_usd=$0.000 size=$0.10 gross=3.20% costs=30.70% pwin=0.45 probe=- budget=0/1
2026-02-27 13:25:50,883 [INFO] [u_station_ab_night_autotune_v2] trading.auto_trader: AutoTrade batch mode=top_n candidates=1 eligible=1 selected=1 opened=0 pe=off burst_window=0
2026-02-27 13:25:50,883 [INFO] [u_station_ab_night_autotune_v2] __main__: Scanned 3 tokens | High quality: 3 | Alerts sent: 0 | Trade candidates: 1 | Quality out/core/explore/probe: 1/0/1/0 | Opened: 0 | Mode: local | Source: onchain+market | Policy: raw=OK/effective=OK(healthy | route=allow_all) | Regime: YELLOW(avg_cand=1.00) | Safety: checked=1 fail_closed=0 reasons=api_code_4029:1 | FiltersTop(session): safe_volume:26,safe_age:6,source_qos_cap:3,safe_change_5m:3 | Dedup: heavy_skip=0 override=0 | V2Budget: 1/280 | SourceQoS: enabled=1/in=3/out=3/dropped=0/active_cd=0/drops=none | Ingest: q=0/oldest=0.0s/drop_old=0/dedup_skip=0/enq=0/drain=0 | Sources: dex_boosts:ok=1/fail=0/429=0/lim_wait=0/cd_wait=0/err=0.0%/avg=40ms; dexscreener:ok=11/fail=0/429=0/lim_wait=0/cd_wait=0/err=0.0%/avg=129ms; onchain_enrich:ok=24/fail=0/429=0/lim_wait=0/cd_wait=0/err=0.0%/avg=133ms | Tasks: 3 | RSS: 0.0MB | CycleAvg: 10.97s
2026-02-27 13:25:55,171 [INFO] [u_station_ab_night_autotune_v2] monitor.onchain_factory: PAIR_DETECTED source=uniswap_v2 dex=uniswap_v2 pair=0xa13a5060e796b99799c6fa0d0f886bb769562342 token0=0x4200000000000000000000000000000000000006 token1=0xfa664843aeb02243a6193ae012544c58d4cceb07 block=42702897 factory=0x8909dc15e40173ff4699343b6eb8132c65e18ec6
2026-02-27 13:25:55,403 [INFO] [u_station_ab_night_autotune_v2] monitor.onchain_factory: ENRICH_RETRY token=0x0923db24d1629e906e5e85f55bf0e601a5c31c2c pair=0x69b78489065256cf26471dd6913b04e53497d9d1 attempt=1/2 delay=10s
2026-02-27 13:25:55,419 [INFO] [u_station_ab_night_autotune_v2] monitor.onchain_factory: ENRICH_RETRY token=0x295c8c1b1165530c0a0d637ee6a3125bb2de2bc0 pair=0xe5ddffa834739e8b2776ebdc75b6652557f7c9cc attempt=1/2 delay=10s
2026-02-27 13:25:55,424 [INFO] [u_station_ab_night_autotune_v2] monitor.onchain_factory: ENRICH_RETRY token=0x5785eeaeff525af15231b1f011e1e525fc446a52 pair=0xfb15f36f31a2e4a2b79cfd9e81dea07ebab7c598 attempt=1/2 delay=10s
2026-02-27 13:25:55,440 [INFO] [u_station_ab_night_autotune_v2] monitor.onchain_factory: ENRICH_RETRY token=0x5c373a4998b583e58f66ba31bace1207ad82eb07 pair=0x36cb3196ef0b494cbe6a640c4eac5bb6a098aa9e attempt=1/2 delay=10s
2026-02-27 13:25:55,453 [INFO] [u_station_ab_night_autotune_v2] monitor.onchain_factory: ENRICH_RETRY token=0x02de0bd36be344e5e7f338771c06d50d70dfeb07 pair=0x7ea475a0d1362b8df9e4a11076bc7fae0744f1cb attempt=1/2 delay=10s
2026-02-27 13:25:55,474 [INFO] [u_station_ab_night_autotune_v2] monitor.onchain_factory: ENRICH_RETRY token=0xdb143656a5d41f89737e36c6c496c1285ba15b28 pair=0xd6d88c3979e05be7702f29bdbea2e400e685ebb0 attempt=1/2 delay=10s
2026-02-27 13:25:55,570 [INFO] [u_station_ab_night_autotune_v2] monitor.onchain_factory: ENRICH_RETRY token=0xfa664843aeb02243a6193ae012544c58d4cceb07 pair=0xa13a5060e796b99799c6fa0d0f886bb769562342 attempt=1/2 delay=10s
2026-02-27 13:26:05,647 [INFO] [u_station_ab_night_autotune_v2] __main__: WATCHLIST merged count=3
2026-02-27 13:26:05,647 [INFO] [u_station_ab_night_autotune_v2] trading.v2_runtime: V2_UNIVERSE in=3 dedup=3 out=3 target=3 novel_target=3 novel_out=0 repeat_dropped=0 symbol_dropped=0 surge_in=0 surge_target=0 surge_out=0
2026-02-27 13:26:05,647 [INFO] [u_station_ab_night_autotune_v2] __main__: FILTER_PASS token=VIRTUAL tier=A score=75 mode=YELLOW risk=MEDIUM liq=7451640 vol5m=326
2026-02-27 13:26:05,647 [INFO] [u_station_ab_night_autotune_v2] __main__: FILTER_FAIL token=cbBTC reason=safe_volume vol5m=0 min=6 regime=YELLOW
2026-02-27 13:26:05,647 [INFO] [u_station_ab_night_autotune_v2] __main__: FILTER_FAIL token=AERO reason=safe_volume vol5m=0 min=6 regime=YELLOW
2026-02-27 13:26:05,647 [INFO] [u_station_ab_night_autotune_v2] __main__: V2_QUALITY_GATE enabled=True regime=YELLOW in=1 out=1 core_out=0 explore_out=1 probe_out=0 quota=1 max_symbol_share=1.000 drop={} sources_used={'watchlist': 1}
2026-02-27 13:26:05,647 [INFO] [u_station_ab_night_autotune_v2] __main__: V2_ENTRY_ROUTE enabled=True regime=YELLOW in=1 out=1 core_out=0 explore_out=1 quota=1 allow_explore=True
2026-02-27 13:26:05,653 [INFO] [u_station_ab_night_autotune_v2] __main__: MARKET_REGIME mode=YELLOW reason=avg_cand=1.00 avg_cand_recent=1.00
2026-02-27 13:26:05,653 [INFO] [u_station_ab_night_autotune_v2] trading.auto_trader: AutoTrade adjust token=VIRTUAL reason=min_trade_floor size=$0.02->$0.10 min=$0.10
2026-02-27 13:26:05,653 [INFO] [u_station_ab_night_autotune_v2] trading.auto_trader: AutoTrade skip token=VIRTUAL reason=edge_low mode=both edge=-29.70% raw=-27.50% mult=1.08 min=0.05% probe_min=0.05% edge_usd=$-0.030 min_usd=$0.000 probe_min_usd=$0.000 size=$0.10 gross=3.20% costs=30.70% pwin=0.45 probe=- budget=0/1
2026-02-27 13:26:05,653 [INFO] [u_station_ab_night_autotune_v2] trading.auto_trader: AutoTrade batch mode=top_n candidates=1 eligible=1 selected=1 opened=0 pe=off burst_window=0
2026-02-27 13:26:05,653 [INFO] [u_station_ab_night_autotune_v2] __main__: Scanned 3 tokens | High quality: 3 | Alerts sent: 0 | Trade candidates: 1 | Quality out/core/explore/probe: 1/0/1/0 | Opened: 0 | Mode: local | Source: onchain+market | Policy: raw=OK/effective=OK(healthy | route=allow_all) | Regime: YELLOW(avg_cand=1.00) | Safety: checked=1 fail_closed=0 reasons=api_code_4029:1 | FiltersTop(session): safe_volume:28,safe_age:6,source_qos_cap:3,safe_change_5m:3 | Dedup: heavy_skip=0 override=0 | V2Budget: 1/280 | SourceQoS: enabled=1/in=3/out=3/dropped=0/active_cd=0/drops=none | Ingest: q=0/oldest=0.0s/drop_old=0/dedup_skip=0/enq=0/drain=0 | Sources: dex_boosts:ok=1/fail=0/429=0/lim_wait=0/cd_wait=0/err=0.0%/avg=48ms; dexscreener:ok=11/fail=0/429=0/lim_wait=0/cd_wait=0/err=0.0%/avg=87ms; onchain_enrich:ok=28/fail=0/429=0/lim_wait=0/cd_wait=0/err=0.0%/avg=47ms | Tasks: 3 | RSS: 0.0MB | CycleAvg: 10.99s
2026-02-27 13:26:10,219 [INFO] [u_station_ab_night_autotune_v2] monitor.onchain_factory: ENRICH_RETRY token=0x5c373a4998b583e58f66ba31bace1207ad82eb07 pair=0x36cb3196ef0b494cbe6a640c4eac5bb6a098aa9e attempt=1/2 delay=10s
2026-02-27 13:26:10,219 [INFO] [u_station_ab_night_autotune_v2] monitor.onchain_factory: ENRICH_RETRY token=0x0923db24d1629e906e5e85f55bf0e601a5c31c2c pair=0x69b78489065256cf26471dd6913b04e53497d9d1 attempt=1/2 delay=10s
2026-02-27 13:26:10,234 [INFO] [u_station_ab_night_autotune_v2] monitor.onchain_factory: ENRICH_RETRY token=0xdb143656a5d41f89737e36c6c496c1285ba15b28 pair=0xd6d88c3979e05be7702f29bdbea2e400e685ebb0 attempt=1/2 delay=10s
2026-02-27 13:26:10,234 [INFO] [u_station_ab_night_autotune_v2] monitor.onchain_factory: ENRICH_RETRY token=0x295c8c1b1165530c0a0d637ee6a3125bb2de2bc0 pair=0xe5ddffa834739e8b2776ebdc75b6652557f7c9cc attempt=1/2 delay=10s
2026-02-27 13:26:10,234 [INFO] [u_station_ab_night_autotune_v2] monitor.onchain_factory: ENRICH_RETRY token=0x5785eeaeff525af15231b1f011e1e525fc446a52 pair=0xfb15f36f31a2e4a2b79cfd9e81dea07ebab7c598 attempt=1/2 delay=10s
2026-02-27 13:26:10,250 [INFO] [u_station_ab_night_autotune_v2] monitor.onchain_factory: ENRICH_RETRY token=0x02de0bd36be344e5e7f338771c06d50d70dfeb07 pair=0x7ea475a0d1362b8df9e4a11076bc7fae0744f1cb attempt=1/2 delay=10s
2026-02-27 13:26:10,253 [INFO] [u_station_ab_night_autotune_v2] monitor.onchain_factory: ENRICH_RETRY token=0xfa664843aeb02243a6193ae012544c58d4cceb07 pair=0xa13a5060e796b99799c6fa0d0f886bb769562342 attempt=1/2 delay=10s
2026-02-27 13:26:20,803 [INFO] [u_station_ab_night_autotune_v2] __main__: WATCHLIST merged count=3
2026-02-27 13:26:20,803 [INFO] [u_station_ab_night_autotune_v2] trading.v2_runtime: V2_UNIVERSE in=3 dedup=3 out=3 target=3 novel_target=3 novel_out=0 repeat_dropped=0 symbol_dropped=0 surge_in=0 surge_target=0 surge_out=0
2026-02-27 13:26:20,803 [INFO] [u_station_ab_night_autotune_v2] __main__: FILTER_PASS token=VIRTUAL tier=A score=75 mode=YELLOW risk=MEDIUM liq=7451640 vol5m=326
2026-02-27 13:26:20,819 [INFO] [u_station_ab_night_autotune_v2] __main__: FILTER_FAIL token=cbBTC reason=safe_volume vol5m=0 min=6 regime=YELLOW
2026-02-27 13:26:20,820 [INFO] [u_station_ab_night_autotune_v2] __main__: FILTER_FAIL token=AERO reason=safe_volume vol5m=0 min=6 regime=YELLOW
2026-02-27 13:26:20,821 [INFO] [u_station_ab_night_autotune_v2] __main__: V2_QUALITY_GATE enabled=True regime=YELLOW in=1 out=1 core_out=0 explore_out=1 probe_out=0 quota=1 max_symbol_share=1.000 drop={} sources_used={'watchlist': 1}
2026-02-27 13:26:20,821 [INFO] [u_station_ab_night_autotune_v2] __main__: V2_ENTRY_ROUTE enabled=True regime=YELLOW in=1 out=1 core_out=0 explore_out=1 quota=1 allow_explore=True
2026-02-27 13:26:20,821 [INFO] [u_station_ab_night_autotune_v2] __main__: MARKET_REGIME mode=YELLOW reason=avg_cand=1.00 avg_cand_recent=1.00
2026-02-27 13:26:20,849 [INFO] [u_station_ab_night_autotune_v2] trading.auto_trader: AutoTrade adjust token=VIRTUAL reason=min_trade_floor size=$0.02->$0.10 min=$0.10
2026-02-27 13:26:20,850 [INFO] [u_station_ab_night_autotune_v2] trading.auto_trader: AutoTrade skip token=VIRTUAL reason=edge_low mode=both edge=-29.70% raw=-27.50% mult=1.08 min=0.05% probe_min=0.05% edge_usd=$-0.030 min_usd=$0.000 probe_min_usd=$0.000 size=$0.10 gross=3.20% costs=30.70% pwin=0.45 probe=- budget=0/1
2026-02-27 13:26:20,850 [INFO] [u_station_ab_night_autotune_v2] trading.auto_trader: AutoTrade batch mode=top_n candidates=1 eligible=1 selected=1 opened=0 pe=off burst_window=0
2026-02-27 13:26:20,850 [INFO] [u_station_ab_night_autotune_v2] trading.auto_trader: PAPER_SUMMARY window=60s closed_delta=0 wins_delta=0 losses_delta=0 realized_delta=$0.00 total_closed=101 winrate_total=42.6% realized_total=$0.31 balance=$7.31 equity=$7.31 open=0
2026-02-27 13:26:20,850 [INFO] [u_station_ab_night_autotune_v2] __main__: Scanned 3 tokens | High quality: 3 | Alerts sent: 0 | Trade candidates: 1 | Quality out/core/explore/probe: 1/0/1/0 | Opened: 0 | Mode: local | Source: onchain+market | Policy: raw=OK/effective=OK(healthy | route=allow_all) | Regime: YELLOW(avg_cand=1.00) | Safety: checked=1 fail_closed=0 reasons=api_code_4029:1 | FiltersTop(session): safe_volume:30,safe_age:6,source_qos_cap:3,safe_change_5m:3 | Dedup: heavy_skip=0 override=0 | V2Budget: 1/280 | SourceQoS: enabled=1/in=3/out=3/dropped=0/active_cd=0/drops=none | Ingest: q=0/oldest=0.0s/drop_old=0/dedup_skip=0/enq=0/drain=0 | Sources: dex_boosts:ok=1/fail=0/429=0/lim_wait=0/cd_wait=0/err=0.0%/avg=71ms; dexscreener:ok=11/fail=0/429=0/lim_wait=0/cd_wait=0/err=0.0%/avg=111ms; onchain_enrich:ok=28/fail=0/429=0/lim_wait=0/cd_wait=0/err=0.0%/avg=109ms; onchain_weth_price:ok=1/fail=0/429=0/lim_wait=0/cd_wait=0/err=0.0%/avg=60ms | Tasks: 3 | RSS: 0.0MB | CycleAvg: 10.97s
2026-02-27 13:26:25,373 [INFO] [u_station_ab_night_autotune_v2] monitor.onchain_factory: ENRICH_RETRY token=0x0923db24d1629e906e5e85f55bf0e601a5c31c2c pair=0x69b78489065256cf26471dd6913b04e53497d9d1 attempt=1/2 delay=10s
2026-02-27 13:26:25,375 [INFO] [u_station_ab_night_autotune_v2] monitor.onchain_factory: ENRICH_RETRY token=0x295c8c1b1165530c0a0d637ee6a3125bb2de2bc0 pair=0xe5ddffa834739e8b2776ebdc75b6652557f7c9cc attempt=1/2 delay=10s
2026-02-27 13:26:25,376 [INFO] [u_station_ab_night_autotune_v2] monitor.onchain_factory: ENRICH_RETRY token=0xdb143656a5d41f89737e36c6c496c1285ba15b28 pair=0xd6d88c3979e05be7702f29bdbea2e400e685ebb0 attempt=1/2 delay=10s
2026-02-27 13:26:25,377 [INFO] [u_station_ab_night_autotune_v2] monitor.onchain_factory: ENRICH_RETRY token=0x5785eeaeff525af15231b1f011e1e525fc446a52 pair=0xfb15f36f31a2e4a2b79cfd9e81dea07ebab7c598 attempt=1/2 delay=10s
2026-02-27 13:26:25,379 [INFO] [u_station_ab_night_autotune_v2] monitor.onchain_factory: ENRICH_RETRY token=0x02de0bd36be344e5e7f338771c06d50d70dfeb07 pair=0x7ea475a0d1362b8df9e4a11076bc7fae0744f1cb attempt=1/2 delay=10s
2026-02-27 13:26:25,392 [INFO] [u_station_ab_night_autotune_v2] monitor.onchain_factory: ENRICH_RETRY token=0x5c373a4998b583e58f66ba31bace1207ad82eb07 pair=0x36cb3196ef0b494cbe6a640c4eac5bb6a098aa9e attempt=1/2 delay=10s
2026-02-27 13:26:25,397 [INFO] [u_station_ab_night_autotune_v2] monitor.onchain_factory: ENRICH_RETRY token=0xfa664843aeb02243a6193ae012544c58d4cceb07 pair=0xa13a5060e796b99799c6fa0d0f886bb769562342 attempt=1/2 delay=10s
2026-02-27 13:26:35,771 [INFO] [u_station_ab_night_autotune_v2] __main__: WATCHLIST merged count=3
2026-02-27 13:26:35,771 [INFO] [u_station_ab_night_autotune_v2] trading.v2_runtime: V2_UNIVERSE in=3 dedup=3 out=3 target=3 novel_target=3 novel_out=0 repeat_dropped=0 symbol_dropped=0 surge_in=0 surge_target=0 surge_out=0
2026-02-27 13:26:35,771 [INFO] [u_station_ab_night_autotune_v2] __main__: FILTER_PASS token=VIRTUAL tier=A score=75 mode=YELLOW risk=MEDIUM liq=7451640 vol5m=326
2026-02-27 13:26:35,771 [INFO] [u_station_ab_night_autotune_v2] __main__: FILTER_FAIL token=cbBTC reason=safe_volume vol5m=0 min=6 regime=YELLOW
2026-02-27 13:26:35,771 [INFO] [u_station_ab_night_autotune_v2] __main__: FILTER_FAIL token=AERO reason=safe_volume vol5m=0 min=6 regime=YELLOW
2026-02-27 13:26:35,771 [INFO] [u_station_ab_night_autotune_v2] __main__: V2_QUALITY_GATE enabled=True regime=YELLOW in=1 out=1 core_out=0 explore_out=1 probe_out=0 quota=1 max_symbol_share=1.000 drop={} sources_used={'watchlist': 1}
2026-02-27 13:26:35,771 [INFO] [u_station_ab_night_autotune_v2] __main__: V2_ENTRY_ROUTE enabled=True regime=YELLOW in=1 out=1 core_out=0 explore_out=1 quota=1 allow_explore=True
2026-02-27 13:26:35,771 [INFO] [u_station_ab_night_autotune_v2] __main__: MARKET_REGIME mode=YELLOW reason=avg_cand=1.00 avg_cand_recent=1.00
2026-02-27 13:26:35,771 [INFO] [u_station_ab_night_autotune_v2] trading.auto_trader: AutoTrade adjust token=VIRTUAL reason=min_trade_floor size=$0.02->$0.10 min=$0.10
2026-02-27 13:26:35,771 [INFO] [u_station_ab_night_autotune_v2] trading.auto_trader: AutoTrade skip token=VIRTUAL reason=edge_low mode=both edge=-29.70% raw=-27.50% mult=1.08 min=0.05% probe_min=0.05% edge_usd=$-0.030 min_usd=$0.000 probe_min_usd=$0.000 size=$0.10 gross=3.20% costs=30.70% pwin=0.45 probe=- budget=0/1
2026-02-27 13:26:35,771 [INFO] [u_station_ab_night_autotune_v2] trading.auto_trader: AutoTrade batch mode=top_n candidates=1 eligible=1 selected=1 opened=0 pe=off burst_window=0
2026-02-27 13:26:35,771 [INFO] [u_station_ab_night_autotune_v2] __main__: Scanned 3 tokens | High quality: 3 | Alerts sent: 0 | Trade candidates: 1 | Quality out/core/explore/probe: 1/0/1/0 | Opened: 0 | Mode: local | Source: onchain+market | Policy: raw=OK/effective=OK(healthy | route=allow_all) | Regime: YELLOW(avg_cand=1.00) | Safety: checked=1 fail_closed=0 reasons=api_code_4029:1 | FiltersTop(session): safe_volume:32,safe_age:6,source_qos_cap:3,safe_change_5m:3 | Dedup: heavy_skip=0 override=0 | V2Budget: 1/280 | SourceQoS: enabled=1/in=3/out=3/dropped=0/active_cd=0/drops=none | Ingest: q=3/oldest=9.4s/drop_old=0/dedup_skip=0/enq=3/drain=0 | Sources: dex_boosts:ok=1/fail=0/429=0/lim_wait=0/cd_wait=0/err=0.0%/avg=30ms; dexscreener:ok=11/fail=0/429=0/lim_wait=0/cd_wait=0/err=0.0%/avg=146ms; geckoterminal:ok=1/fail=0/429=0/lim_wait=0/cd_wait=0/err=0.0%/avg=133ms; onchain_enrich:ok=28/fail=0/429=0/lim_wait=0/cd_wait=0/err=0.0%/avg=50ms | Tasks: 3 | RSS: 0.0MB | CycleAvg: 10.99s
2026-02-27 13:26:40,288 [INFO] [u_station_ab_night_autotune_v2] monitor.onchain_factory: ENRICH_RETRY token=0xdb143656a5d41f89737e36c6c496c1285ba15b28 pair=0xd6d88c3979e05be7702f29bdbea2e400e685ebb0 attempt=1/2 delay=10s
2026-02-27 13:26:40,289 [INFO] [u_station_ab_night_autotune_v2] monitor.onchain_factory: ENRICH_RETRY token=0x02de0bd36be344e5e7f338771c06d50d70dfeb07 pair=0x7ea475a0d1362b8df9e4a11076bc7fae0744f1cb attempt=1/2 delay=10s
2026-02-27 13:26:40,291 [INFO] [u_station_ab_night_autotune_v2] monitor.onchain_factory: ENRICH_RETRY token=0x5785eeaeff525af15231b1f011e1e525fc446a52 pair=0xfb15f36f31a2e4a2b79cfd9e81dea07ebab7c598 attempt=1/2 delay=10s
2026-02-27 13:26:40,292 [INFO] [u_station_ab_night_autotune_v2] monitor.onchain_factory: ENRICH_RETRY token=0x295c8c1b1165530c0a0d637ee6a3125bb2de2bc0 pair=0xe5ddffa834739e8b2776ebdc75b6652557f7c9cc attempt=1/2 delay=10s
2026-02-27 13:26:40,312 [INFO] [u_station_ab_night_autotune_v2] monitor.onchain_factory: ENRICH_RETRY token=0x5c373a4998b583e58f66ba31bace1207ad82eb07 pair=0x36cb3196ef0b494cbe6a640c4eac5bb6a098aa9e attempt=1/2 delay=10s
2026-02-27 13:26:40,334 [INFO] [u_station_ab_night_autotune_v2] monitor.onchain_factory: ENRICH_RETRY token=0xfa664843aeb02243a6193ae012544c58d4cceb07 pair=0xa13a5060e796b99799c6fa0d0f886bb769562342 attempt=1/2 delay=10s
2026-02-27 13:26:40,406 [INFO] [u_station_ab_night_autotune_v2] monitor.onchain_factory: ENRICH_RETRY token=0x0923db24d1629e906e5e85f55bf0e601a5c31c2c pair=0x69b78489065256cf26471dd6913b04e53497d9d1 attempt=1/2 delay=10s
2026-02-27 13:26:50,486 [INFO] [u_station_ab_night_autotune_v2] __main__: WATCHLIST merged count=3
2026-02-27 13:26:50,486 [INFO] [u_station_ab_night_autotune_v2] trading.v2_runtime: V2_UNIVERSE in=6 dedup=6 out=6 target=6 novel_target=6 novel_out=3 repeat_dropped=0 symbol_dropped=0 surge_in=0 surge_target=0 surge_out=0
2026-02-27 13:26:50,486 [INFO] [u_station_ab_night_autotune_v2] __main__: V2_SOURCE_QOS_FILTER in=6 out=5 drops={'source_qos_cap': 1} caps={'watchlist': 2, 'geckoterminal': 287}
2026-02-27 13:26:50,486 [INFO] [u_station_ab_night_autotune_v2] __main__: FILTER_FAIL token=AERO reason=source_qos_cap source=watchlist used=2/2
2026-02-27 13:26:50,486 [INFO] [u_station_ab_night_autotune_v2] __main__: FILTER_FAIL token=MOLTCLUB reason=safe_age
2026-02-27 13:26:50,486 [INFO] [u_station_ab_night_autotune_v2] __main__: FILTER_FAIL token=MOLTD reason=score_min score=30 strict_min=48 soft_min=48 mode=YELLOW
2026-02-27 13:26:50,486 [INFO] [u_station_ab_night_autotune_v2] __main__: FILTER_FAIL token=Nextchain reason=safe_age
2026-02-27 13:26:50,486 [INFO] [u_station_ab_night_autotune_v2] __main__: FILTER_PASS token=VIRTUAL tier=A score=75 mode=YELLOW risk=MEDIUM liq=7451640 vol5m=326
2026-02-27 13:26:50,486 [INFO] [u_station_ab_night_autotune_v2] __main__: FILTER_FAIL token=cbBTC reason=safe_volume vol5m=0 min=6 regime=YELLOW
2026-02-27 13:26:50,486 [INFO] [u_station_ab_night_autotune_v2] __main__: V2_QUALITY_GATE enabled=True regime=YELLOW in=1 out=1 core_out=0 explore_out=1 probe_out=0 quota=1 max_symbol_share=1.000 drop={} sources_used={'watchlist': 1}
2026-02-27 13:26:50,486 [INFO] [u_station_ab_night_autotune_v2] __main__: V2_ENTRY_ROUTE enabled=True regime=YELLOW in=1 out=1 core_out=0 explore_out=1 quota=1 allow_explore=True
2026-02-27 13:26:50,486 [INFO] [u_station_ab_night_autotune_v2] __main__: MARKET_REGIME mode=YELLOW reason=avg_cand=1.00 avg_cand_recent=1.00
2026-02-27 13:26:50,486 [INFO] [u_station_ab_night_autotune_v2] trading.auto_trader: AutoTrade adjust token=VIRTUAL reason=min_trade_floor size=$0.02->$0.10 min=$0.10
2026-02-27 13:26:50,486 [INFO] [u_station_ab_night_autotune_v2] trading.auto_trader: AutoTrade skip token=VIRTUAL reason=edge_low mode=both edge=-29.70% raw=-27.50% mult=1.08 min=0.05% probe_min=0.05% edge_usd=$-0.030 min_usd=$0.000 probe_min_usd=$0.000 size=$0.10 gross=3.20% costs=30.70% pwin=0.45 probe=- budget=0/1
2026-02-27 13:26:50,486 [INFO] [u_station_ab_night_autotune_v2] trading.auto_trader: AutoTrade batch mode=top_n candidates=1 eligible=1 selected=1 opened=0 pe=off burst_window=0
2026-02-27 13:26:50,486 [WARNING] [u_station_ab_night_autotune_v2] trading.v2_runtime: V2_ROLLING_EDGE action=relax reason=edge_low_share=1.000 open_rate=0.000 edge_usd=0.0005->0.0010 edge_pct=0.05->0.05
2026-02-27 13:26:50,486 [WARNING] [u_station_ab_night_autotune_v2] monitor.local_alerter: Local event symbol=V2_ROLLING_EDGE reco=RELAX risk=INFO
2026-02-27 13:26:50,486 [INFO] [u_station_ab_night_autotune_v2] __main__: Scanned 6 tokens | High quality: 2 | Alerts sent: 0 | Trade candidates: 1 | Quality out/core/explore/probe: 1/0/1/0 | Opened: 0 | Mode: local | Source: onchain+market | Policy: raw=OK/effective=OK(healthy | route=allow_all) | Regime: YELLOW(avg_cand=1.00) | Safety: checked=1 fail_closed=0 reasons=api_code_4029:1 | FiltersTop(session): safe_volume:33,safe_age:8,source_qos_cap:4,safe_change_5m:3 | Dedup: heavy_skip=0 override=0 | V2Budget: 1/280 | SourceQoS: enabled=1/in=6/out=5/dropped=1/active_cd=0/drops=source_qos_cap:1 | Ingest: q=0/oldest=0.0s/drop_old=0/dedup_skip=0/enq=0/drain=3 | Sources: dex_boosts:ok=1/fail=0/429=0/lim_wait=0/cd_wait=0/err=0.0%/avg=39ms; dexscreener:ok=11/fail=0/429=0/lim_wait=0/cd_wait=0/err=0.0%/avg=47ms; onchain_enrich:ok=28/fail=0/429=0/lim_wait=0/cd_wait=0/err=0.0%/avg=50ms | Tasks: 3 | RSS: 0.0MB | CycleAvg: 10.98s
2026-02-27 13:26:54,523 [WARNING] [u_station_ab_night_autotune_v2] __main__: GRACEFUL_STOP requested path=D:\earnforme\solana-alert-bot\data\graceful_stop.u_station_ab_night_autotune_v2.signal
2026-02-27 13:26:54,571 [INFO] [u_station_ab_night_autotune_v2] trading.auto_trader: AUTOTRADER_SHUTDOWN reason=main_local_shutdown open=0 closed=101
