2026-02-27 18:34:37,417 [INFO] [u_station_ab_night_autotune_v2] __main__: SESSION_LOG file=logs/matrix/u_station_ab_night_autotune_v2\sessions\main_local_20260227_173437_pid2240.log
2026-02-27 18:34:37,443 [INFO] [u_station_ab_night_autotune_v2] trading.auto_trader_state: AutoTrade state loaded open=0 closed=128 balance=$7.29
2026-02-27 18:34:37,452 [WARNING] [u_station_ab_night_autotune_v2] trading.auto_trader: DATA_POLICY mode=OK reason=init_reset_manual prev_mode=OK prev_reason=healthy | route=allow_all
2026-02-27 18:34:37,453 [INFO] [u_station_ab_night_autotune_v2] __main__: AUTOTRADER_INIT state=ready reason=manual mode=paper
2026-02-27 18:34:37,454 [INFO] [u_station_ab_night_autotune_v2] __main__: Local mode started (Telegram disabled).
2026-02-27 18:34:37,456 [WARNING] [u_station_ab_night_autotune_v2] __main__: RUNTIME_TUNER_CONTROL inactive run_tag=u_station_ab_night_autotune_v2: local adaptive controllers unlocked.
2026-02-27 18:34:37,465 [WARNING] [u_station_ab_night_autotune_v2] __main__: RUNTIME_TUNER_HOT_APPLY run_tag=u_station_ab_night_autotune_v2 keys=3 details=AUTO_TRADE_EXCLUDED_SYMBOLS,AUTO_TRADE_TOP_N,PAPER_TRADE_SIZE_MAX_USD skipped_unknown=3
2026-02-27 18:34:37,921 [INFO] [u_station_ab_night_autotune_v2] monitor.onchain_factory: PAIR_DETECTED source=uniswap_v2 dex=uniswap_v2 pair=0xd4c01ceb6eff9aa8ca4ecbf668aade8fdac8f3b3 token0=0x4200000000000000000000000000000000000006 token1=0x6a4d6d0d16590eb405a342b3e6fb42dd9a70eb07 block=42712144 factory=0x8909dc15e40173ff4699343b6eb8132c65e18ec6
2026-02-27 18:34:37,922 [INFO] [u_station_ab_night_autotune_v2] monitor.onchain_factory: PAIR_DETECTED source=uniswap_v2 dex=uniswap_v2 pair=0x3a03a62388441b0c75f1753fae8d6fd3072bd2a4 token0=0x4200000000000000000000000000000000000006 token1=0x903c23b93acaf72903cbc25403433d2e7aed7ba3 block=42712156 factory=0x8909dc15e40173ff4699343b6eb8132c65e18ec6
2026-02-27 18:34:38,436 [INFO] [u_station_ab_night_autotune_v2] monitor.onchain_factory: ENRICH_RETRY token=0x903c23b93acaf72903cbc25403433d2e7aed7ba3 pair=0x3a03a62388441b0c75f1753fae8d6fd3072bd2a4 attempt=1/2 delay=10s
2026-02-27 18:34:50,210 [WARNING] [u_station_ab_night_autotune_v2] monitor.watchlist: WATCHLIST low_supply fallback strict=3 final=3 min=12 relax_factor=0.50
2026-02-27 18:34:50,377 [WARNING] [u_station_ab_night_autotune_v2] monitor.watchlist: WATCHLIST low_supply fallback added=4 final=7
2026-02-27 18:34:50,378 [INFO] [u_station_ab_night_autotune_v2] __main__: WATCHLIST merged count=7
2026-02-27 18:34:50,379 [INFO] [u_station_ab_night_autotune_v2] trading.v2_runtime: V2_UNIVERSE in=18 dedup=18 out=18 target=18 novel_target=16 novel_out=18 repeat_dropped=0 symbol_dropped=0 surge_in=5 surge_target=5 surge_out=5
2026-02-27 18:34:50,381 [INFO] [u_station_ab_night_autotune_v2] __main__: FILTER_FAIL token=Gumal reason=safe_change_5m
2026-02-27 18:34:50,382 [INFO] [u_station_ab_night_autotune_v2] __main__: FILTER_PASS token=Kamal tier=A score=90 mode=YELLOW risk=MEDIUM liq=63176 vol5m=37631
2026-02-27 18:34:50,383 [INFO] [u_station_ab_night_autotune_v2] monitor.local_alerter: Local alert token=Kamal address=0xcde6467db03ec469f83c0ac76fcc705f3bfffa14 score=90 reco=BUY risk=MEDIUM warnings=0 liq=63176 vol5m=37631
2026-02-27 18:34:50,384 [INFO] [u_station_ab_night_autotune_v2] __main__: FILTER_FAIL token=BBC reason=safe_change_5m
2026-02-27 18:34:50,385 [INFO] [u_station_ab_night_autotune_v2] __main__: FILTER_FAIL token=Magpie reason=safe_change_5m
2026-02-27 18:34:50,386 [INFO] [u_station_ab_night_autotune_v2] __main__: FILTER_FAIL token=SIMD reason=safe_change_5m
2026-02-27 18:34:50,387 [INFO] [u_station_ab_night_autotune_v2] __main__: FILTER_PASS token=cbBTC tier=A score=100 mode=YELLOW risk=MEDIUM liq=18863420 vol5m=182835
2026-02-27 18:34:50,388 [INFO] [u_station_ab_night_autotune_v2] __main__: FILTER_FAIL token=Kamal reason=safe_change_5m
2026-02-27 18:34:50,389 [INFO] [u_station_ab_night_autotune_v2] __main__: FILTER_FAIL token=Pigeon reason=safe_change_5m
2026-02-27 18:34:50,389 [INFO] [u_station_ab_night_autotune_v2] __main__: FILTER_FAIL token=Lili reason=score_min score=40 strict_min=48 soft_min=48 mode=YELLOW
2026-02-27 18:34:50,390 [INFO] [u_station_ab_night_autotune_v2] __main__: FILTER_PASS token=SIMD tier=A score=60 mode=YELLOW risk=MEDIUM liq=34376 vol5m=402
2026-02-27 18:34:50,392 [INFO] [u_station_ab_night_autotune_v2] monitor.local_alerter: Local alert token=SIMD address=0xca522604d0a5dce811cfbe4b2e52eeb43f380588 score=60 reco=HOLD risk=MEDIUM warnings=0 liq=34376 vol5m=402
2026-02-27 18:34:50,394 [INFO] [u_station_ab_night_autotune_v2] __main__: FILTER_PASS token=ODAI tier=A score=95 mode=YELLOW risk=MEDIUM liq=376637 vol5m=6779
2026-02-27 18:34:50,395 [INFO] [u_station_ab_night_autotune_v2] __main__: FILTER_PASS token=NOOK tier=A score=85 mode=YELLOW risk=MEDIUM liq=517896 vol5m=3959
2026-02-27 18:34:50,396 [INFO] [u_station_ab_night_autotune_v2] __main__: FILTER_PASS token=ETH tier=A score=85 mode=YELLOW risk=MEDIUM liq=820909 vol5m=2976
2026-02-27 18:34:50,398 [INFO] [u_station_ab_night_autotune_v2] __main__: FILTER_FAIL token=TAKEBULL reason=score_min score=30 strict_min=48 soft_min=48 mode=YELLOW
2026-02-27 18:34:50,399 [INFO] [u_station_ab_night_autotune_v2] __main__: FILTER_FAIL token=TEECLWAW reason=score_min score=40 strict_min=48 soft_min=48 mode=YELLOW
2026-02-27 18:34:50,399 [INFO] [u_station_ab_night_autotune_v2] __main__: FILTER_PASS token=AERO tier=A score=75 mode=YELLOW risk=MEDIUM liq=1508786 vol5m=7
2026-02-27 18:34:50,400 [INFO] [u_station_ab_night_autotune_v2] __main__: FILTER_PASS token=VIRTUAL tier=A score=75 mode=YELLOW risk=MEDIUM liq=7240949 vol5m=9
2026-02-27 18:34:50,401 [INFO] [u_station_ab_night_autotune_v2] __main__: FILTER_FAIL token=DEFI.ssi reason=safe_volume vol5m=0 min=6 regime=YELLOW
2026-02-27 18:34:50,403 [INFO] [u_station_ab_night_autotune_v2] trading.v2_runtime: V2_QUALITY_ROTATE symbols_core=0 symbols_cooldown=0 sources=1 top_core=- top_cooldown=-
2026-02-27 18:34:50,404 [INFO] [u_station_ab_night_autotune_v2] __main__: V2_QUALITY_GATE enabled=True regime=YELLOW in=8 out=8 core_out=1 explore_out=7 probe_out=0 quota=3 max_symbol_share=0.125 drop={'duplicate_address': 4} sources_used={'watchlist': 6, 'geckoterminal': 2}
2026-02-27 18:34:50,407 [INFO] [u_station_ab_night_autotune_v2] __main__: V2_ENTRY_ROUTE enabled=True regime=YELLOW in=8 out=4 core_out=1 explore_out=3 quota=3 allow_explore=True
2026-02-27 18:34:50,407 [WARNING] [u_station_ab_night_autotune_v2] trading.auto_trader: DATA_POLICY mode=OK reason=healthy | route=allow_all prev_mode=OK prev_reason=init_reset_manual
2026-02-27 18:34:50,408 [INFO] [u_station_ab_night_autotune_v2] __main__: MARKET_REGIME mode=YELLOW reason=hysteresis_recover_wait 1/4 raw=GREEN avg_cand_recent=8.00
2026-02-27 18:34:50,426 [INFO] [u_station_ab_night_autotune_v2] trading.auto_trader: AutoTrade skip token=Kamal reason=edge_low mode=both edge=-18.88% raw=-17.48% mult=1.08 min=0.05% probe_min=0.05% edge_usd=$-0.023 min_usd=$0.000 probe_min_usd=$0.000 size=$0.12 gross=8.00% costs=25.48% pwin=0.75 probe=- budget=0/1
2026-02-27 18:34:50,436 [INFO] [u_station_ab_night_autotune_v2] trading.auto_trader: AUTO_DECISION token=cbBTC mode=YELLOW tier=A channel=core score=100 src=watchlist liq=18863420 vol5m=182835 chg5m=0.08% edge=2.46% raw=2.28% regime_mult=1.08 edge_usd=$0.015 size=$0.60 mult=1.35(score=1.15 liq=1.15 vol=1.10 volat=1.05) reinvest=0.88(growth_steps=0 drawdown=4.27% loss_streak=2 edge=5.52%) size_mode=0.80 hold_mode=1.06 exec_lane=runner exec_mult(size=1.10 hold=1.32 edge=0.94) edge_gate_mult(usd=1.00,pct=1.00) quality(edge=0.97,size=1.05 detail=src_mult=1.00 ev=0.00047 edge(src_relax=0.000 src_tight=0.000 ev_adj=-0.009) size(src_relax=0.000 src_cut=0.000 ev_adj=0.010)) costs=7.32% gas=$0.028 ev_net=$0.00035 ev_samples=160 conf=1.00 pwin=0.54 avg_win=$0.0065 avg_loss=$0.0059 kelly=0.86(k=0.118) token_ev=sparse trades=0<4 cluster=s3|l3|v3|m0|r1 cluster_route=ok samples=13 avg=0.00031 loss_share=0.38 breakdown={'liquidity_score': 30, 'volume_score': 30, 'risk_score': 15, 'age_score': 15, 'safety_score': 15}
2026-02-27 18:34:50,573 [INFO] [u_station_ab_night_autotune_v2] trading.auto_trader: AUTO_BUY Paper BUY token=cbBTC address=0xcbb7c0000ab88b473b1f5afd9ef808440eed33bf mode=YELLOW tier=A channel=core lane=runner entry=$65272.44000000 size=$0.60 score=100 edge=2.46% edge_usd=$0.015 mult=1.35(score=1.15 liq=1.15 vol=1.10 volat=1.05) hold=134s costs=2.70% gas=$0.03
2026-02-27 18:34:50,625 [INFO] [u_station_ab_night_autotune_v2] trading.auto_trader: AutoTrade skip token=ODAI reason=blacklist detail=honeypot_guard:simulation_failed,simulation_error,flag:high_fail_rate
2026-02-27 18:34:50,642 [INFO] [u_station_ab_night_autotune_v2] trading.auto_trader: AutoTrade adjust token=ETH reason=min_trade_floor size=$0.09->$0.10 min=$0.10
2026-02-27 18:34:50,643 [INFO] [u_station_ab_night_autotune_v2] trading.auto_trader: AutoTrade skip token=ETH reason=edge_low mode=both edge=-26.03% raw=-24.10% mult=1.08 min=0.05% probe_min=0.05% edge_usd=$-0.026 min_usd=$0.000 probe_min_usd=$0.000 size=$0.10 gross=6.40% costs=30.50% pwin=0.65 probe=- budget=0/1
2026-02-27 18:34:50,644 [INFO] [u_station_ab_night_autotune_v2] trading.auto_trader: AutoTrade batch mode=top_n candidates=4 eligible=4 selected=4 opened=1 pe=off burst_window=1
2026-02-27 18:34:50,787 [INFO] [u_station_ab_night_autotune_v2] __main__: FILTER_THRESHOLDS safe_volume_5m_min=$5 safe_liquidity_min=$8000 safe_age_min=240s score_min=48 edge_min=0.05% lock_floor=0.95 no_momentum_max_pnl=0.25 weakness_pnl=-2.60
2026-02-27 18:34:50,788 [INFO] [u_station_ab_night_autotune_v2] __main__: Scanned 18 tokens | High quality: 12 | Alerts sent: 2 | Trade candidates: 8 | Quality out/core/explore/probe: 8/1/7/0 | Opened: 1 | Mode: local | Source: onchain+market | Policy: raw=OK/effective=OK(healthy | route=allow_all) | Regime: YELLOW(hysteresis_recover_wait 1/4 raw=GREEN) | Safety: checked=8 fail_closed=0 reasons=api_code_4029:8 | FiltersTop(session): safe_change_5m:6,score_min:3,safe_volume:1 | Dedup: heavy_skip=0 override=0 | V2Budget: 8/280 | SourceQoS: enabled=1/in=18/out=18/dropped=0/active_cd=0/drops=none | Ingest: q=0/oldest=0.0s/drop_old=0/dedup_skip=0/enq=10/drain=10 | Sources: dex_boosts:ok=1/fail=0/429=0/lim_wait=0/cd_wait=0/err=0.0%/avg=116ms; dexscreener:ok=10/fail=0/429=0/lim_wait=0/cd_wait=0/err=0.0%/avg=263ms; geckoterminal:ok=2/fail=0/429=0/lim_wait=0/cd_wait=0/err=0.0%/avg=202ms; onchain_enrich:ok=5/fail=0/429=0/lim_wait=0/cd_wait=0/err=0.0%/avg=135ms; onchain_weth_price:ok=1/fail=0/429=0/lim_wait=0/cd_wait=0/err=0.0%/avg=66ms; watchlist_dex:ok=20/fail=0/429=0/lim_wait=0/cd_wait=0/err=0.0%/avg=72ms; watchlist_gecko:ok=8/fail=0/429=0/lim_wait=0/cd_wait=0/err=0.0%/avg=525ms | Tasks: 3 | RSS: 0.0MB | CycleAvg: 0.00s
2026-02-27 18:34:55,297 [INFO] [u_station_ab_night_autotune_v2] monitor.onchain_factory: ENRICH_RETRY token=0x903c23b93acaf72903cbc25403433d2e7aed7ba3 pair=0x3a03a62388441b0c75f1753fae8d6fd3072bd2a4 attempt=1/2 delay=10s
2026-02-27 18:35:05,895 [INFO] [u_station_ab_night_autotune_v2] __main__: WATCHLIST merged count=7
2026-02-27 18:35:05,895 [INFO] [u_station_ab_night_autotune_v2] trading.v2_runtime: V2_UNIVERSE in=7 dedup=7 out=5 target=5 novel_target=5 novel_out=0 repeat_dropped=2 symbol_dropped=0 surge_in=0 surge_target=0 surge_out=0
2026-02-27 18:35:05,896 [INFO] [u_station_ab_night_autotune_v2] __main__: V2_UNIVERSE cycle=2 before=7 after=5
2026-02-27 18:35:05,896 [INFO] [u_station_ab_night_autotune_v2] __main__: FILTER_PASS token=cbBTC tier=A score=100 mode=YELLOW risk=MEDIUM liq=18863420 vol5m=182835
2026-02-27 18:35:05,897 [INFO] [u_station_ab_night_autotune_v2] __main__: FILTER_PASS token=ODAI tier=A score=95 mode=YELLOW risk=MEDIUM liq=376637 vol5m=6779
2026-02-27 18:35:05,898 [INFO] [u_station_ab_night_autotune_v2] __main__: FILTER_PASS token=NOOK tier=A score=85 mode=YELLOW risk=MEDIUM liq=517896 vol5m=3959
2026-02-27 18:35:05,899 [INFO] [u_station_ab_night_autotune_v2] __main__: FILTER_PASS token=ETH tier=A score=85 mode=YELLOW risk=MEDIUM liq=820909 vol5m=2976
2026-02-27 18:35:05,901 [INFO] [u_station_ab_night_autotune_v2] __main__: FILTER_FAIL token=DEFI.ssi reason=safe_volume vol5m=0 min=6 regime=YELLOW
2026-02-27 18:35:05,902 [INFO] [u_station_ab_night_autotune_v2] __main__: V2_QUALITY_GATE enabled=True regime=YELLOW in=4 out=4 core_out=1 explore_out=3 probe_out=0 quota=3 max_symbol_share=0.250 drop={'source_budget': 1, 'duplicate_address': 3} sources_used={'watchlist': 4}
2026-02-27 18:35:05,905 [INFO] [u_station_ab_night_autotune_v2] __main__: V2_ENTRY_ROUTE enabled=True regime=YELLOW in=4 out=3 core_out=1 explore_out=2 quota=2 allow_explore=True
2026-02-27 18:35:05,905 [INFO] [u_station_ab_night_autotune_v2] __main__: MARKET_REGIME mode=YELLOW reason=hysteresis_recover_wait 2/4 raw=GREEN avg_cand_recent=6.00
2026-02-27 18:35:05,906 [INFO] [u_station_ab_night_autotune_v2] trading.auto_trader: AutoTrade batch prefilter removed=1 missing_addr=0 open_duplicate=1
2026-02-27 18:35:05,907 [INFO] [u_station_ab_night_autotune_v2] trading.auto_trader: AutoTrade skip token=ODAI reason=blacklist detail=honeypot_guard:simulation_failed,simulation_error,flag:high_fail_rate
2026-02-27 18:35:05,908 [INFO] [u_station_ab_night_autotune_v2] trading.auto_trader: AutoTrade adjust token=ETH reason=min_trade_floor size=$0.09->$0.10 min=$0.10
2026-02-27 18:35:05,909 [INFO] [u_station_ab_night_autotune_v2] trading.auto_trader: AutoTrade skip token=ETH reason=edge_low mode=both edge=-26.03% raw=-24.10% mult=1.08 min=0.05% probe_min=0.05% edge_usd=$-0.026 min_usd=$0.000 probe_min_usd=$0.000 size=$0.10 gross=6.40% costs=30.50% pwin=0.65 probe=- budget=0/1
2026-02-27 18:35:05,910 [INFO] [u_station_ab_night_autotune_v2] trading.auto_trader: AutoTrade batch mode=top_n candidates=3 eligible=2 selected=2 opened=0 pe=off burst_window=1
2026-02-27 18:35:15,783 [INFO] [u_station_ab_night_autotune_v2] __main__: Scanned 5 tokens | High quality: 5 | Alerts sent: 0 | Trade candidates: 4 | Quality out/core/explore/probe: 4/1/3/0 | Opened: 0 | Mode: local | Source: onchain+market | Policy: raw=OK/effective=OK(healthy | route=allow_all) | Regime: YELLOW(hysteresis_recover_wait 2/4 raw=GREEN) | Safety: checked=4 fail_closed=0 reasons=api_code_4029:4 | FiltersTop(session): safe_change_5m:6,score_min:3,safe_volume:2 | Dedup: heavy_skip=0 override=0 | V2Budget: 4/280 | SourceQoS: enabled=1/in=5/out=5/dropped=0/active_cd=0/drops=none | Ingest: q=0/oldest=0.0s/drop_old=0/dedup_skip=0/enq=0/drain=0 | Sources: dex_boosts:ok=1/fail=0/429=0/lim_wait=0/cd_wait=0/err=0.0%/avg=108ms; dexscreener:ok=10/fail=0/429=0/lim_wait=0/cd_wait=0/err=0.0%/avg=101ms; onchain_enrich:ok=4/fail=0/429=0/lim_wait=0/cd_wait=0/err=0.0%/avg=169ms | Tasks: 3 | RSS: 0.0MB | CycleAvg: 13.32s
2026-02-27 18:35:20,093 [INFO] [u_station_ab_night_autotune_v2] monitor.onchain_factory: PAIR_DETECTED source=uniswap_v2 dex=uniswap_v2 pair=0x84c371a9bc9ed3d9ead39953fefd90e4bbf97896 token0=0x4200000000000000000000000000000000000006 token1=0x5ae2d136107873663f59dcfdfb4b63df24a0e4f0 block=42712174 factory=0x8909dc15e40173ff4699343b6eb8132c65e18ec6
2026-02-27 18:35:20,093 [INFO] [u_station_ab_night_autotune_v2] monitor.onchain_factory: PAIR_DETECTED source=uniswap_v2 dex=uniswap_v2 pair=0x929499378cb39cf60104c6a1dbf27968c535dfe9 token0=0x05c41fb4fd56220cb00a06616d087bb70dfabb07 token1=0x4200000000000000000000000000000000000006 block=42712178 factory=0x8909dc15e40173ff4699343b6eb8132c65e18ec6
2026-02-27 18:35:20,636 [INFO] [u_station_ab_night_autotune_v2] monitor.onchain_factory: ENRICH_RETRY token=0x5ae2d136107873663f59dcfdfb4b63df24a0e4f0 pair=0x84c371a9bc9ed3d9ead39953fefd90e4bbf97896 attempt=1/2 delay=10s
2026-02-27 18:35:20,838 [INFO] [u_station_ab_night_autotune_v2] monitor.onchain_factory: ENRICH_RETRY token=0x05c41fb4fd56220cb00a06616d087bb70dfabb07 pair=0x929499378cb39cf60104c6a1dbf27968c535dfe9 attempt=1/2 delay=10s
