2026-02-27 14:25:11,303 [INFO] [u_station_ab_night_autotune_v2] __main__: SESSION_LOG file=logs/matrix/u_station_ab_night_autotune_v2\sessions\main_local_20260227_132511_pid14724.log
2026-02-27 14:25:11,320 [INFO] [u_station_ab_night_autotune_v2] trading.auto_trader_state: AutoTrade state loaded open=0 closed=109 balance=$7.30
2026-02-27 14:25:11,320 [WARNING] [u_station_ab_night_autotune_v2] trading.auto_trader: DATA_POLICY mode=OK reason=init_reset_manual prev_mode=OK prev_reason=healthy | route=allow_all
2026-02-27 14:25:11,320 [INFO] [u_station_ab_night_autotune_v2] __main__: AUTOTRADER_INIT state=ready reason=manual mode=paper
2026-02-27 14:25:11,336 [INFO] [u_station_ab_night_autotune_v2] __main__: Local mode started (Telegram disabled).
2026-02-27 14:25:11,820 [INFO] [u_station_ab_night_autotune_v2] monitor.onchain_factory: PAIR_DETECTED source=uniswap_v2 dex=uniswap_v2 pair=0x89072fa88ee3112c869f24fda0cb2cbe2bac3b04 token0=0x4200000000000000000000000000000000000006 token1=0x778b377f219e6778b7b0de16ef56c0eaf3d9bb07 block=42704614 factory=0x8909dc15e40173ff4699343b6eb8132c65e18ec6
2026-02-27 14:25:11,820 [INFO] [u_station_ab_night_autotune_v2] monitor.onchain_factory: PAIR_DETECTED source=uniswap_v2 dex=uniswap_v2 pair=0x1870bcdd8046f06c753dcc128b1d78dacc98d0ba token0=0x4200000000000000000000000000000000000006 token1=0xfc923bf20ee5fb5ae563e009cd750a29b1752cff block=42704618 factory=0x8909dc15e40173ff4699343b6eb8132c65e18ec6
2026-02-27 14:25:11,969 [INFO] [u_station_ab_night_autotune_v2] monitor.onchain_factory: PAIR_DETECTED source=uniswap_v3 dex=uniswap_v3 pair=0x12c826eaa2609b59afb0d68d1d762d23aa63f99e token0=0x4200000000000000000000000000000000000006 token1=0xe58ad4f2661dadba50b4abb7971109e202053c8d block=42704643 factory=0x33128a8fc17869897dce68ed026d694621f6fdfd
2026-02-27 14:25:13,787 [INFO] [u_station_ab_night_autotune_v2] __main__: WATCHLIST merged count=4
2026-02-27 14:25:13,787 [INFO] [u_station_ab_night_autotune_v2] trading.v2_runtime: V2_UNIVERSE in=17 dedup=17 out=17 target=17 novel_target=15 novel_out=17 repeat_dropped=0 symbol_dropped=0 surge_in=10 surge_target=5 surge_out=10
2026-02-27 14:25:13,787 [INFO] [u_station_ab_night_autotune_v2] __main__: V2_SOURCE_QOS_FILTER in=17 out=11 drops={'source_qos_symbol_cap': 4, 'source_qos_cap': 2} caps={'geckoterminal': 287, 'dexscreener': 292, 'watchlist': 2, 'unknown': 0}
2026-02-27 14:25:13,787 [INFO] [u_station_ab_night_autotune_v2] __main__: FILTER_FAIL token=whiskers reason=source_qos_symbol_cap symbol=WHISKERS used=1/1
2026-02-27 14:25:13,787 [INFO] [u_station_ab_night_autotune_v2] __main__: FILTER_FAIL token=Novaiok reason=source_qos_symbol_cap symbol=NOVAIOK used=1/1
2026-02-27 14:25:13,803 [INFO] [u_station_ab_night_autotune_v2] __main__: FILTER_FAIL token=whiskers reason=source_qos_symbol_cap symbol=WHISKERS used=1/1
2026-02-27 14:25:13,804 [INFO] [u_station_ab_night_autotune_v2] __main__: FILTER_FAIL token=MOLTD reason=source_qos_symbol_cap symbol=MOLTD used=1/1
2026-02-27 14:25:13,805 [INFO] [u_station_ab_night_autotune_v2] __main__: FILTER_FAIL token=VIRTUAL reason=source_qos_cap source=watchlist used=2/2
2026-02-27 14:25:13,805 [INFO] [u_station_ab_night_autotune_v2] __main__: FILTER_FAIL token=AERO reason=source_qos_cap source=watchlist used=2/2
2026-02-27 14:25:13,805 [INFO] [u_station_ab_night_autotune_v2] __main__: FILTER_FAIL token=Novaiok reason=safe_change_5m
2026-02-27 14:25:13,805 [INFO] [u_station_ab_night_autotune_v2] __main__: FILTER_FAIL token=Whiskers reason=safe_change_5m
2026-02-27 14:25:13,805 [INFO] [u_station_ab_night_autotune_v2] __main__: FILTER_FAIL token=NOVA reason=safe_change_5m
2026-02-27 14:25:13,805 [INFO] [u_station_ab_night_autotune_v2] __main__: FILTER_FAIL token=MOLTD reason=safe_change_5m
2026-02-27 14:25:13,805 [INFO] [u_station_ab_night_autotune_v2] __main__: FILTER_FAIL token=Ranmaru reason=safe_age
2026-02-27 14:25:13,805 [INFO] [u_station_ab_night_autotune_v2] __main__: FILTER_PASS token=cbBTC tier=A score=100 mode=YELLOW risk=MEDIUM liq=24212802 vol5m=124766
2026-02-27 14:25:13,805 [INFO] [u_station_ab_night_autotune_v2] __main__: FILTER_PASS token=ToruCeoAI tier=A score=100 mode=YELLOW risk=MEDIUM liq=114261 vol5m=28857
2026-02-27 14:25:13,805 [INFO] [u_station_ab_night_autotune_v2] __main__: FILTER_FAIL token=TURCH reason=safe_age
2026-02-27 14:25:13,805 [INFO] [u_station_ab_night_autotune_v2] __main__: FILTER_PASS token=YiClaw tier=A score=60 mode=YELLOW risk=MEDIUM liq=20413 vol5m=776
2026-02-27 14:25:13,805 [INFO] [u_station_ab_night_autotune_v2] monitor.local_alerter: Local alert token=YiClaw address=0x347d7d324710d05f66ec0c5aa4f43869c8fccba3 score=60 reco=HOLD risk=MEDIUM warnings=0 liq=20413 vol5m=776
2026-02-27 14:25:13,805 [INFO] [u_station_ab_night_autotune_v2] __main__: FILTER_FAIL token=ITO reason=safe_age
2026-02-27 14:25:13,805 [INFO] [u_station_ab_night_autotune_v2] __main__: FILTER_FAIL token=SAMX reason=safe_volume vol5m=0 min=6 regime=YELLOW
2026-02-27 14:25:13,805 [INFO] [u_station_ab_night_autotune_v2] trading.v2_runtime: V2_QUALITY_ROTATE symbols_core=0 symbols_cooldown=0 sources=2 top_core=- top_cooldown=-
2026-02-27 14:25:13,805 [INFO] [u_station_ab_night_autotune_v2] __main__: V2_QUALITY_GATE enabled=True regime=YELLOW in=3 out=3 core_out=1 explore_out=2 probe_out=0 quota=2 max_symbol_share=0.333 drop={} sources_used={'watchlist': 2, 'geckoterminal': 1}
2026-02-27 14:25:13,818 [INFO] [u_station_ab_night_autotune_v2] __main__: V2_ENTRY_ROUTE enabled=True regime=YELLOW in=3 out=2 core_out=1 explore_out=1 quota=1 allow_explore=True
2026-02-27 14:25:13,818 [WARNING] [u_station_ab_night_autotune_v2] trading.auto_trader: DATA_POLICY mode=OK reason=healthy | route=allow_all prev_mode=OK prev_reason=init_reset_manual
2026-02-27 14:25:13,818 [INFO] [u_station_ab_night_autotune_v2] __main__: MARKET_REGIME mode=YELLOW reason=hysteresis_recover_wait 1/4 raw=GREEN avg_cand_recent=3.00
2026-02-27 14:25:13,833 [INFO] [u_station_ab_night_autotune_v2] trading.auto_trader: AutoTrade adjust token=cbBTC reason=min_trade_floor size=$0.08->$0.10 min=$0.10
2026-02-27 14:25:13,833 [INFO] [u_station_ab_night_autotune_v2] trading.auto_trader: AutoTrade skip token=cbBTC reason=ev_net_low expected_net=$-0.00488 min=$-0.00250 samples=31 conf=1.00 pwin=0.48 avg_win=$0.0034 avg_loss=$0.0121 kelly=0.000 mem=sparse trades=6<18
2026-02-27 14:25:13,833 [INFO] [u_station_ab_night_autotune_v2] trading.auto_trader: AutoTrade skip token=ToruCeoAI reason=core_l1_block cluster=s3|l1|v3|m3|r1 entry_channel=core
2026-02-27 14:25:13,849 [INFO] [u_station_ab_night_autotune_v2] trading.auto_trader: AutoTrade batch mode=top_n candidates=2 eligible=2 selected=2 opened=0 pe=off burst_window=0
2026-02-27 14:25:13,849 [INFO] [u_station_ab_night_autotune_v2] __main__: FILTER_THRESHOLDS safe_volume_5m_min=$5 safe_liquidity_min=$8000 safe_age_min=240s score_min=48 edge_min=0.05% lock_floor=0.95 no_momentum_max_pnl=0.25 weakness_pnl=-2.60
2026-02-27 14:25:13,849 [INFO] [u_station_ab_night_autotune_v2] __main__: Scanned 17 tokens | High quality: 7 | Alerts sent: 1 | Trade candidates: 3 | Quality out/core/explore/probe: 3/1/2/0 | Opened: 0 | Mode: local | Source: onchain+market | Policy: raw=OK/effective=OK(healthy | route=allow_all) | Regime: YELLOW(hysteresis_recover_wait 1/4 raw=GREEN) | Safety: checked=3 fail_closed=0 reasons=api_code_4029:3 | FiltersTop(session): source_qos_symbol_cap:4,safe_change_5m:4,safe_age:3,source_qos_cap:2 | Dedup: heavy_skip=0 override=0 | V2Budget: 3/280 | SourceQoS: enabled=1/in=17/out=11/dropped=6/active_cd=0/drops=source_qos_symbol_cap:4,source_qos_cap:2 | Ingest: q=0/oldest=0.0s/drop_old=0/dedup_skip=0/enq=11/drain=11 | Sources: dex_boosts:ok=1/fail=0/429=0/lim_wait=0/cd_wait=0/err=0.0%/avg=154ms; dexscreener:ok=11/fail=0/429=0/lim_wait=0/cd_wait=0/err=0.0%/avg=320ms; geckoterminal:ok=2/fail=0/429=0/lim_wait=0/cd_wait=0/err=0.0%/avg=128ms; onchain_enrich:ok=3/fail=0/429=0/lim_wait=0/cd_wait=0/err=0.0%/avg=190ms; watchlist_dex:ok=10/fail=0/429=0/lim_wait=0/cd_wait=0/err=0.0%/avg=160ms; watchlist_gecko:ok=6/fail=0/429=0/lim_wait=0/cd_wait=0/err=0.0%/avg=576ms | Tasks: 3 | RSS: 0.0MB | CycleAvg: 0.00s
2026-02-27 14:25:18,303 [INFO] [u_station_ab_night_autotune_v2] __main__: WATCHLIST merged count=4
2026-02-27 14:25:18,303 [INFO] [u_station_ab_night_autotune_v2] trading.v2_runtime: V2_UNIVERSE in=4 dedup=4 out=4 target=4 novel_target=4 novel_out=0 repeat_dropped=0 symbol_dropped=0 surge_in=1 surge_target=1 surge_out=1
2026-02-27 14:25:18,303 [INFO] [u_station_ab_night_autotune_v2] __main__: V2_SOURCE_QOS_FILTER in=4 out=3 drops={'source_qos_cap': 1} caps={'watchlist': 3}
2026-02-27 14:25:18,303 [INFO] [u_station_ab_night_autotune_v2] __main__: FILTER_FAIL token=AERO reason=source_qos_cap source=watchlist used=3/3
2026-02-27 14:25:18,303 [INFO] [u_station_ab_night_autotune_v2] __main__: FILTER_PASS token=cbBTC tier=A score=100 mode=YELLOW risk=MEDIUM liq=24212802 vol5m=124766
2026-02-27 14:25:18,303 [INFO] [u_station_ab_night_autotune_v2] __main__: FILTER_PASS token=ToruCeoAI tier=A score=100 mode=YELLOW risk=MEDIUM liq=114261 vol5m=28857
2026-02-27 14:25:18,303 [INFO] [u_station_ab_night_autotune_v2] __main__: FILTER_PASS token=VIRTUAL tier=A score=75 mode=YELLOW risk=MEDIUM liq=7404445 vol5m=291
2026-02-27 14:25:18,319 [INFO] [u_station_ab_night_autotune_v2] __main__: V2_QUALITY_GATE enabled=True regime=YELLOW in=3 out=3 core_out=1 explore_out=2 probe_out=0 quota=2 max_symbol_share=0.333 drop={} sources_used={'watchlist': 3}
2026-02-27 14:25:18,320 [INFO] [u_station_ab_night_autotune_v2] __main__: V2_ENTRY_ROUTE enabled=True regime=YELLOW in=3 out=2 core_out=1 explore_out=1 quota=1 allow_explore=True
2026-02-27 14:25:18,320 [INFO] [u_station_ab_night_autotune_v2] __main__: MARKET_REGIME mode=YELLOW reason=hysteresis_recover_wait 2/4 raw=GREEN avg_cand_recent=3.00
2026-02-27 14:25:18,320 [INFO] [u_station_ab_night_autotune_v2] trading.auto_trader: AutoTrade adjust token=cbBTC reason=min_trade_floor size=$0.08->$0.10 min=$0.10
2026-02-27 14:25:18,320 [INFO] [u_station_ab_night_autotune_v2] trading.auto_trader: AutoTrade skip token=cbBTC reason=ev_net_low expected_net=$-0.00488 min=$-0.00250 samples=31 conf=1.00 pwin=0.48 avg_win=$0.0034 avg_loss=$0.0121 kelly=0.000 mem=sparse trades=6<18
2026-02-27 14:25:18,320 [INFO] [u_station_ab_night_autotune_v2] trading.auto_trader: AutoTrade skip token=ToruCeoAI reason=core_l1_block cluster=s3|l1|v3|m3|r1 entry_channel=core
2026-02-27 14:25:18,320 [INFO] [u_station_ab_night_autotune_v2] trading.auto_trader: AutoTrade batch mode=top_n candidates=2 eligible=2 selected=2 opened=0 pe=off burst_window=0
2026-02-27 14:25:18,320 [INFO] [u_station_ab_night_autotune_v2] __main__: Scanned 4 tokens | High quality: 3 | Alerts sent: 0 | Trade candidates: 3 | Quality out/core/explore/probe: 3/1/2/0 | Opened: 0 | Mode: local | Source: onchain+market | Policy: raw=OK/effective=OK(healthy | route=allow_all) | Regime: YELLOW(hysteresis_recover_wait 2/4 raw=GREEN) | Safety: checked=3 fail_closed=0 reasons=api_code_4029:3 | FiltersTop(session): source_qos_symbol_cap:4,safe_change_5m:4,source_qos_cap:3,safe_age:3 | Dedup: heavy_skip=0 override=0 | V2Budget: 3/280 | SourceQoS: enabled=1/in=4/out=3/dropped=1/active_cd=0/drops=source_qos_cap:1 | Ingest: q=0/oldest=0.0s/drop_old=0/dedup_skip=0/enq=0/drain=0 | Sources: dex_boosts:ok=1/fail=0/429=0/lim_wait=0/cd_wait=0/err=0.0%/avg=38ms; dexscreener:ok=11/fail=0/429=0/lim_wait=0/cd_wait=0/err=0.0%/avg=52ms | Tasks: 3 | RSS: 0.0MB | CycleAvg: 2.51s
2026-02-27 14:25:22,795 [INFO] [u_station_ab_night_autotune_v2] __main__: WATCHLIST merged count=4
2026-02-27 14:25:22,795 [INFO] [u_station_ab_night_autotune_v2] trading.v2_runtime: V2_UNIVERSE in=4 dedup=4 out=4 target=4 novel_target=4 novel_out=0 repeat_dropped=0 symbol_dropped=0 surge_in=1 surge_target=1 surge_out=1
2026-02-27 14:25:22,796 [INFO] [u_station_ab_night_autotune_v2] __main__: V2_SOURCE_QOS_FILTER in=4 out=3 drops={'source_qos_cap': 1} caps={'watchlist': 3}
2026-02-27 14:25:22,798 [INFO] [u_station_ab_night_autotune_v2] __main__: FILTER_FAIL token=AERO reason=source_qos_cap source=watchlist used=3/3
2026-02-27 14:25:22,798 [INFO] [u_station_ab_night_autotune_v2] __main__: FILTER_PASS token=cbBTC tier=A score=100 mode=YELLOW risk=MEDIUM liq=24212802 vol5m=124766
2026-02-27 14:25:22,799 [INFO] [u_station_ab_night_autotune_v2] __main__: FILTER_PASS token=ToruCeoAI tier=A score=100 mode=YELLOW risk=MEDIUM liq=114261 vol5m=28857
2026-02-27 14:25:22,801 [INFO] [u_station_ab_night_autotune_v2] __main__: FILTER_PASS token=VIRTUAL tier=A score=75 mode=YELLOW risk=MEDIUM liq=7404445 vol5m=291
2026-02-27 14:25:22,802 [INFO] [u_station_ab_night_autotune_v2] __main__: V2_QUALITY_GATE enabled=True regime=YELLOW in=3 out=3 core_out=1 explore_out=2 probe_out=0 quota=2 max_symbol_share=0.333 drop={} sources_used={'watchlist': 3}
2026-02-27 14:25:22,803 [INFO] [u_station_ab_night_autotune_v2] __main__: V2_ENTRY_ROUTE enabled=True regime=YELLOW in=3 out=2 core_out=1 explore_out=1 quota=1 allow_explore=True
2026-02-27 14:25:22,803 [INFO] [u_station_ab_night_autotune_v2] __main__: MARKET_REGIME mode=YELLOW reason=hysteresis_recover_wait 3/4 raw=GREEN avg_cand_recent=3.00
2026-02-27 14:25:22,805 [INFO] [u_station_ab_night_autotune_v2] trading.auto_trader: AutoTrade adjust token=cbBTC reason=min_trade_floor size=$0.08->$0.10 min=$0.10
2026-02-27 14:25:22,806 [INFO] [u_station_ab_night_autotune_v2] trading.auto_trader: AutoTrade skip token=cbBTC reason=ev_net_low expected_net=$-0.00488 min=$-0.00250 samples=31 conf=1.00 pwin=0.48 avg_win=$0.0034 avg_loss=$0.0121 kelly=0.000 mem=sparse trades=6<18
2026-02-27 14:25:22,808 [INFO] [u_station_ab_night_autotune_v2] trading.auto_trader: AutoTrade skip token=ToruCeoAI reason=core_l1_block cluster=s3|l1|v3|m3|r1 entry_channel=core
2026-02-27 14:25:22,808 [INFO] [u_station_ab_night_autotune_v2] trading.auto_trader: AutoTrade batch mode=top_n candidates=2 eligible=2 selected=2 opened=0 pe=off burst_window=0
2026-02-27 14:25:22,809 [INFO] [u_station_ab_night_autotune_v2] __main__: Scanned 4 tokens | High quality: 3 | Alerts sent: 0 | Trade candidates: 3 | Quality out/core/explore/probe: 3/1/2/0 | Opened: 0 | Mode: local | Source: onchain+market | Policy: raw=OK/effective=OK(healthy | route=allow_all) | Regime: YELLOW(hysteresis_recover_wait 3/4 raw=GREEN) | Safety: checked=3 fail_closed=0 reasons=api_code_4029:3 | FiltersTop(session): source_qos_symbol_cap:4,source_qos_cap:4,safe_change_5m:4,safe_age:3 | Dedup: heavy_skip=0 override=0 | V2Budget: 3/280 | SourceQoS: enabled=1/in=4/out=3/dropped=1/active_cd=0/drops=source_qos_cap:1 | Ingest: q=0/oldest=0.0s/drop_old=0/dedup_skip=0/enq=0/drain=0 | Sources: dex_boosts:ok=1/fail=0/429=0/lim_wait=0/cd_wait=0/err=0.0%/avg=64ms; dexscreener:ok=11/fail=0/429=0/lim_wait=0/cd_wait=0/err=0.0%/avg=70ms | Tasks: 3 | RSS: 0.0MB | CycleAvg: 1.48s
2026-02-27 14:25:27,227 [INFO] [u_station_ab_night_autotune_v2] __main__: WATCHLIST merged count=4
2026-02-27 14:25:27,227 [INFO] [u_station_ab_night_autotune_v2] trading.v2_runtime: V2_UNIVERSE in=4 dedup=4 out=4 target=4 novel_target=4 novel_out=0 repeat_dropped=0 symbol_dropped=0 surge_in=1 surge_target=1 surge_out=1
2026-02-27 14:25:27,227 [INFO] [u_station_ab_night_autotune_v2] __main__: V2_SOURCE_QOS_FILTER in=4 out=3 drops={'source_qos_cap': 1} caps={'watchlist': 3}
2026-02-27 14:25:27,227 [INFO] [u_station_ab_night_autotune_v2] __main__: FILTER_FAIL token=AERO reason=source_qos_cap source=watchlist used=3/3
2026-02-27 14:25:27,227 [INFO] [u_station_ab_night_autotune_v2] __main__: FILTER_PASS token=cbBTC tier=A score=100 mode=YELLOW risk=MEDIUM liq=24212802 vol5m=124766
2026-02-27 14:25:27,227 [INFO] [u_station_ab_night_autotune_v2] __main__: FILTER_PASS token=ToruCeoAI tier=A score=100 mode=YELLOW risk=MEDIUM liq=114261 vol5m=28857
2026-02-27 14:25:27,227 [INFO] [u_station_ab_night_autotune_v2] __main__: FILTER_PASS token=VIRTUAL tier=A score=75 mode=YELLOW risk=MEDIUM liq=7404445 vol5m=291
2026-02-27 14:25:27,227 [INFO] [u_station_ab_night_autotune_v2] __main__: V2_QUALITY_GATE enabled=True regime=GREEN in=3 out=3 core_out=1 explore_out=2 probe_out=0 quota=2 max_symbol_share=0.333 drop={} sources_used={'watchlist': 3}
2026-02-27 14:25:27,227 [INFO] [u_station_ab_night_autotune_v2] __main__: V2_ENTRY_ROUTE enabled=True regime=GREEN in=3 out=2 core_out=1 explore_out=1 quota=1 allow_explore=True
2026-02-27 14:25:27,227 [INFO] [u_station_ab_night_autotune_v2] __main__: MARKET_REGIME mode=GREEN reason=avg_cand=3.00 avg_cand_recent=3.00
2026-02-27 14:25:27,227 [WARNING] [u_station_ab_night_autotune_v2] monitor.local_alerter: Local event symbol=MARKET_MODE reco=GREEN risk=INFO
2026-02-27 14:25:27,227 [INFO] [u_station_ab_night_autotune_v2] trading.auto_trader: AutoTrade skip token=cbBTC reason=source_route_prob source=watchlist p=0.95 detail=bad samples=14 avg=-0.00091 loss=0.64
2026-02-27 14:25:27,227 [INFO] [u_station_ab_night_autotune_v2] trading.auto_trader: AutoTrade skip token=ToruCeoAI reason=core_l1_block cluster=s3|l1|v3|m3|r1 entry_channel=core
2026-02-27 14:25:27,227 [INFO] [u_station_ab_night_autotune_v2] trading.auto_trader: AutoTrade batch mode=top_n candidates=2 eligible=2 selected=2 opened=0 pe=off burst_window=0
2026-02-27 14:25:27,227 [INFO] [u_station_ab_night_autotune_v2] __main__: Scanned 4 tokens | High quality: 3 | Alerts sent: 0 | Trade candidates: 3 | Quality out/core/explore/probe: 3/1/2/0 | Opened: 0 | Mode: local | Source: onchain+market | Policy: raw=OK/effective=OK(healthy | route=allow_all) | Regime: GREEN(avg_cand=3.00) | Safety: checked=3 fail_closed=0 reasons=api_code_4029:3 | FiltersTop(session): source_qos_cap:5,source_qos_symbol_cap:4,safe_change_5m:4,safe_age:3 | Dedup: heavy_skip=0 override=0 | V2Budget: 3/280 | SourceQoS: enabled=1/in=4/out=3/dropped=1/active_cd=0/drops=source_qos_cap:1 | Ingest: q=0/oldest=0.0s/drop_old=0/dedup_skip=0/enq=0/drain=0 | Sources: dex_boosts:ok=1/fail=0/429=0/lim_wait=0/cd_wait=0/err=0.0%/avg=43ms; dexscreener:ok=11/fail=0/429=0/lim_wait=0/cd_wait=0/err=0.0%/avg=62ms | Tasks: 3 | RSS: 0.0MB | CycleAvg: 1.15s
2026-02-27 14:25:31,753 [INFO] [u_station_ab_night_autotune_v2] __main__: WATCHLIST merged count=4
2026-02-27 14:25:31,753 [INFO] [u_station_ab_night_autotune_v2] trading.v2_runtime: V2_UNIVERSE in=4 dedup=4 out=4 target=4 novel_target=4 novel_out=0 repeat_dropped=0 symbol_dropped=0 surge_in=1 surge_target=1 surge_out=1
2026-02-27 14:25:31,769 [INFO] [u_station_ab_night_autotune_v2] __main__: V2_SOURCE_QOS_FILTER in=4 out=3 drops={'source_qos_cap': 1} caps={'watchlist': 3}
2026-02-27 14:25:31,769 [INFO] [u_station_ab_night_autotune_v2] __main__: FILTER_FAIL token=AERO reason=source_qos_cap source=watchlist used=3/3
2026-02-27 14:25:31,769 [INFO] [u_station_ab_night_autotune_v2] __main__: FILTER_PASS token=cbBTC tier=A score=100 mode=GREEN risk=MEDIUM liq=24212802 vol5m=124766
2026-02-27 14:25:31,769 [INFO] [u_station_ab_night_autotune_v2] __main__: FILTER_PASS token=ToruCeoAI tier=A score=100 mode=GREEN risk=MEDIUM liq=114261 vol5m=28857
2026-02-27 14:25:31,769 [INFO] [u_station_ab_night_autotune_v2] __main__: FILTER_PASS token=VIRTUAL tier=A score=75 mode=GREEN risk=MEDIUM liq=7404445 vol5m=291
2026-02-27 14:25:31,769 [INFO] [u_station_ab_night_autotune_v2] __main__: V2_QUALITY_GATE enabled=True regime=GREEN in=3 out=3 core_out=1 explore_out=2 probe_out=0 quota=2 max_symbol_share=0.333 drop={} sources_used={'watchlist': 3}
2026-02-27 14:25:31,769 [INFO] [u_station_ab_night_autotune_v2] __main__: V2_ENTRY_ROUTE enabled=True regime=GREEN in=3 out=2 core_out=1 explore_out=1 quota=1 allow_explore=True
2026-02-27 14:25:31,769 [INFO] [u_station_ab_night_autotune_v2] __main__: MARKET_REGIME mode=GREEN reason=avg_cand=3.00 avg_cand_recent=3.00
2026-02-27 14:25:31,787 [INFO] [u_station_ab_night_autotune_v2] trading.auto_trader: AutoTrade adjust token=cbBTC reason=min_trade_floor size=$0.10->$0.10 min=$0.10
2026-02-27 14:25:31,787 [INFO] [u_station_ab_night_autotune_v2] trading.auto_trader: AutoTrade skip token=cbBTC reason=ev_net_low expected_net=$-0.00360 min=$-0.00231 samples=40 conf=1.00 pwin=0.40 avg_win=$0.0054 avg_loss=$0.0075 kelly=0.000 mem=sparse trades=6<18
2026-02-27 14:25:31,787 [INFO] [u_station_ab_night_autotune_v2] trading.auto_trader: AutoTrade skip token=ToruCeoAI reason=core_l1_block cluster=s3|l1|v3|m3|r1 entry_channel=core
2026-02-27 14:25:31,787 [INFO] [u_station_ab_night_autotune_v2] trading.auto_trader: AutoTrade batch mode=top_n candidates=2 eligible=2 selected=2 opened=0 pe=off burst_window=0
2026-02-27 14:25:31,787 [INFO] [u_station_ab_night_autotune_v2] __main__: Scanned 4 tokens | High quality: 3 | Alerts sent: 0 | Trade candidates: 3 | Quality out/core/explore/probe: 3/1/2/0 | Opened: 0 | Mode: local | Source: onchain+market | Policy: raw=OK/effective=OK(healthy | route=allow_all) | Regime: GREEN(avg_cand=3.00) | Safety: checked=3 fail_closed=0 reasons=api_code_4029:3 | FiltersTop(session): source_qos_cap:6,source_qos_symbol_cap:4,safe_change_5m:4,safe_age:3 | Dedup: heavy_skip=0 override=0 | V2Budget: 3/280 | SourceQoS: enabled=1/in=4/out=3/dropped=1/active_cd=0/drops=source_qos_cap:1 | Ingest: q=0/oldest=0.0s/drop_old=0/dedup_skip=0/enq=0/drain=0 | Sources: dex_boosts:ok=1/fail=0/429=0/lim_wait=0/cd_wait=0/err=0.0%/avg=42ms; dexscreener:ok=11/fail=0/429=0/lim_wait=0/cd_wait=0/err=0.0%/avg=62ms | Tasks: 3 | RSS: 0.0MB | CycleAvg: 0.96s
2026-02-27 14:25:36,213 [INFO] [u_station_ab_night_autotune_v2] __main__: WATCHLIST merged count=4
2026-02-27 14:25:36,214 [INFO] [u_station_ab_night_autotune_v2] trading.v2_runtime: V2_UNIVERSE in=4 dedup=4 out=4 target=4 novel_target=4 novel_out=0 repeat_dropped=0 symbol_dropped=0 surge_in=1 surge_target=1 surge_out=1
2026-02-27 14:25:36,214 [INFO] [u_station_ab_night_autotune_v2] __main__: V2_SOURCE_QOS_FILTER in=4 out=3 drops={'source_qos_cap': 1} caps={'watchlist': 3}
2026-02-27 14:25:36,215 [INFO] [u_station_ab_night_autotune_v2] __main__: FILTER_FAIL token=AERO reason=source_qos_cap source=watchlist used=3/3
2026-02-27 14:25:36,216 [INFO] [u_station_ab_night_autotune_v2] __main__: FILTER_PASS token=cbBTC tier=A score=100 mode=GREEN risk=MEDIUM liq=24212802 vol5m=124766
2026-02-27 14:25:36,217 [INFO] [u_station_ab_night_autotune_v2] __main__: FILTER_PASS token=ToruCeoAI tier=A score=100 mode=GREEN risk=MEDIUM liq=114261 vol5m=28857
2026-02-27 14:25:36,218 [INFO] [u_station_ab_night_autotune_v2] __main__: FILTER_PASS token=VIRTUAL tier=A score=75 mode=GREEN risk=MEDIUM liq=7404445 vol5m=291
2026-02-27 14:25:36,219 [INFO] [u_station_ab_night_autotune_v2] __main__: V2_QUALITY_GATE enabled=True regime=GREEN in=3 out=3 core_out=1 explore_out=2 probe_out=0 quota=2 max_symbol_share=0.333 drop={} sources_used={'watchlist': 3}
2026-02-27 14:25:36,220 [INFO] [u_station_ab_night_autotune_v2] __main__: V2_ENTRY_ROUTE enabled=True regime=GREEN in=3 out=2 core_out=1 explore_out=1 quota=1 allow_explore=True
2026-02-27 14:25:36,220 [INFO] [u_station_ab_night_autotune_v2] __main__: MARKET_REGIME mode=GREEN reason=avg_cand=3.00 avg_cand_recent=3.00
2026-02-27 14:25:36,222 [INFO] [u_station_ab_night_autotune_v2] trading.auto_trader: AutoTrade adjust token=cbBTC reason=min_trade_floor size=$0.10->$0.10 min=$0.10
2026-02-27 14:25:36,223 [INFO] [u_station_ab_night_autotune_v2] trading.auto_trader: AutoTrade skip token=cbBTC reason=ev_net_low expected_net=$-0.00360 min=$-0.00231 samples=40 conf=1.00 pwin=0.40 avg_win=$0.0054 avg_loss=$0.0075 kelly=0.000 mem=sparse trades=6<18
2026-02-27 14:25:36,224 [INFO] [u_station_ab_night_autotune_v2] trading.auto_trader: AutoTrade skip token=ToruCeoAI reason=core_l1_block cluster=s3|l1|v3|m3|r1 entry_channel=core
2026-02-27 14:25:36,224 [INFO] [u_station_ab_night_autotune_v2] trading.auto_trader: AutoTrade batch mode=top_n candidates=2 eligible=2 selected=2 opened=0 pe=off burst_window=0
2026-02-27 14:25:36,224 [INFO] [u_station_ab_night_autotune_v2] __main__: Scanned 4 tokens | High quality: 3 | Alerts sent: 0 | Trade candidates: 3 | Quality out/core/explore/probe: 3/1/2/0 | Opened: 0 | Mode: local | Source: onchain+market | Policy: raw=OK/effective=OK(healthy | route=allow_all) | Regime: GREEN(avg_cand=3.00) | Safety: checked=3 fail_closed=0 reasons=api_code_4029:3 | FiltersTop(session): source_qos_cap:7,source_qos_symbol_cap:4,safe_change_5m:4,safe_age:3 | Dedup: heavy_skip=0 override=0 | V2Budget: 3/280 | SourceQoS: enabled=1/in=4/out=3/dropped=1/active_cd=0/drops=source_qos_cap:1 | Ingest: q=0/oldest=0.0s/drop_old=0/dedup_skip=0/enq=0/drain=0 | Sources: dex_boosts:ok=1/fail=0/429=0/lim_wait=0/cd_wait=0/err=0.0%/avg=42ms; dexscreener:ok=11/fail=0/429=0/lim_wait=0/cd_wait=0/err=0.0%/avg=72ms | Tasks: 3 | RSS: 0.0MB | CycleAvg: 0.88s
2026-02-27 14:25:40,653 [INFO] [u_station_ab_night_autotune_v2] __main__: WATCHLIST merged count=4
2026-02-27 14:25:40,653 [INFO] [u_station_ab_night_autotune_v2] trading.v2_runtime: V2_UNIVERSE in=4 dedup=4 out=4 target=4 novel_target=4 novel_out=0 repeat_dropped=0 symbol_dropped=0 surge_in=1 surge_target=1 surge_out=1
2026-02-27 14:25:40,653 [INFO] [u_station_ab_night_autotune_v2] __main__: V2_SOURCE_QOS_FILTER in=4 out=3 drops={'source_qos_cap': 1} caps={'watchlist': 3}
2026-02-27 14:25:40,653 [INFO] [u_station_ab_night_autotune_v2] __main__: FILTER_FAIL token=AERO reason=source_qos_cap source=watchlist used=3/3
2026-02-27 14:25:40,653 [INFO] [u_station_ab_night_autotune_v2] __main__: FILTER_PASS token=cbBTC tier=A score=100 mode=GREEN risk=MEDIUM liq=24212802 vol5m=124766
2026-02-27 14:25:40,669 [INFO] [u_station_ab_night_autotune_v2] __main__: FILTER_PASS token=ToruCeoAI tier=A score=100 mode=GREEN risk=MEDIUM liq=114261 vol5m=28857
2026-02-27 14:25:40,669 [INFO] [u_station_ab_night_autotune_v2] __main__: FILTER_PASS token=VIRTUAL tier=A score=75 mode=GREEN risk=MEDIUM liq=7404445 vol5m=291
2026-02-27 14:25:40,677 [INFO] [u_station_ab_night_autotune_v2] __main__: V2_QUALITY_GATE enabled=True regime=GREEN in=3 out=3 core_out=1 explore_out=2 probe_out=0 quota=2 max_symbol_share=0.333 drop={} sources_used={'watchlist': 3}
2026-02-27 14:25:40,677 [INFO] [u_station_ab_night_autotune_v2] __main__: V2_ENTRY_ROUTE enabled=True regime=GREEN in=3 out=2 core_out=1 explore_out=1 quota=1 allow_explore=True
2026-02-27 14:25:40,677 [INFO] [u_station_ab_night_autotune_v2] __main__: MARKET_REGIME mode=GREEN reason=avg_cand=3.00 avg_cand_recent=3.00
2026-02-27 14:25:40,677 [INFO] [u_station_ab_night_autotune_v2] trading.auto_trader: AutoTrade adjust token=cbBTC reason=min_trade_floor size=$0.10->$0.10 min=$0.10
2026-02-27 14:25:40,677 [INFO] [u_station_ab_night_autotune_v2] trading.auto_trader: AutoTrade skip token=cbBTC reason=ev_net_low expected_net=$-0.00360 min=$-0.00231 samples=40 conf=1.00 pwin=0.40 avg_win=$0.0054 avg_loss=$0.0075 kelly=0.000 mem=sparse trades=6<18
2026-02-27 14:25:40,677 [INFO] [u_station_ab_night_autotune_v2] trading.auto_trader: AutoTrade skip token=ToruCeoAI reason=core_l1_block cluster=s3|l1|v3|m3|r1 entry_channel=core
2026-02-27 14:25:40,677 [INFO] [u_station_ab_night_autotune_v2] trading.auto_trader: AutoTrade batch mode=top_n candidates=2 eligible=2 selected=2 opened=0 pe=off burst_window=0
2026-02-27 14:25:40,677 [INFO] [u_station_ab_night_autotune_v2] __main__: Scanned 4 tokens | High quality: 3 | Alerts sent: 0 | Trade candidates: 3 | Quality out/core/explore/probe: 3/1/2/0 | Opened: 0 | Mode: local | Source: onchain+market | Policy: raw=OK/effective=OK(healthy | route=allow_all) | Regime: GREEN(avg_cand=3.00) | Safety: checked=3 fail_closed=0 reasons=api_code_4029:3 | FiltersTop(session): source_qos_cap:8,source_qos_symbol_cap:4,safe_change_5m:4,safe_age:3 | Dedup: heavy_skip=0 override=0 | V2Budget: 3/280 | SourceQoS: enabled=1/in=4/out=3/dropped=1/active_cd=0/drops=source_qos_cap:1 | Ingest: q=0/oldest=0.0s/drop_old=0/dedup_skip=0/enq=0/drain=0 | Sources: dex_boosts:ok=1/fail=0/429=0/lim_wait=0/cd_wait=0/err=0.0%/avg=59ms; dexscreener:ok=11/fail=0/429=0/lim_wait=0/cd_wait=0/err=0.0%/avg=67ms | Tasks: 3 | RSS: 0.0MB | CycleAvg: 0.81s
2026-02-27 14:25:45,168 [INFO] [u_station_ab_night_autotune_v2] __main__: WATCHLIST merged count=4
2026-02-27 14:25:45,168 [INFO] [u_station_ab_night_autotune_v2] trading.v2_runtime: V2_UNIVERSE in=4 dedup=4 out=4 target=4 novel_target=4 novel_out=0 repeat_dropped=0 symbol_dropped=0 surge_in=1 surge_target=1 surge_out=1
2026-02-27 14:25:45,168 [INFO] [u_station_ab_night_autotune_v2] __main__: V2_SOURCE_QOS_FILTER in=4 out=3 drops={'source_qos_cap': 1} caps={'watchlist': 3}
2026-02-27 14:25:45,168 [INFO] [u_station_ab_night_autotune_v2] __main__: FILTER_FAIL token=AERO reason=source_qos_cap source=watchlist used=3/3
2026-02-27 14:25:45,168 [INFO] [u_station_ab_night_autotune_v2] __main__: FILTER_PASS token=cbBTC tier=A score=100 mode=GREEN risk=MEDIUM liq=24212802 vol5m=124766
2026-02-27 14:25:45,168 [INFO] [u_station_ab_night_autotune_v2] __main__: FILTER_PASS token=ToruCeoAI tier=A score=100 mode=GREEN risk=MEDIUM liq=114261 vol5m=28857
2026-02-27 14:25:45,168 [INFO] [u_station_ab_night_autotune_v2] __main__: FILTER_PASS token=VIRTUAL tier=A score=75 mode=GREEN risk=MEDIUM liq=7404445 vol5m=291
2026-02-27 14:25:45,168 [INFO] [u_station_ab_night_autotune_v2] __main__: V2_QUALITY_GATE enabled=True regime=GREEN in=3 out=3 core_out=1 explore_out=2 probe_out=0 quota=2 max_symbol_share=0.333 drop={} sources_used={'watchlist': 3}
2026-02-27 14:25:45,168 [INFO] [u_station_ab_night_autotune_v2] __main__: V2_ENTRY_ROUTE enabled=True regime=GREEN in=3 out=2 core_out=1 explore_out=1 quota=1 allow_explore=True
2026-02-27 14:25:45,168 [INFO] [u_station_ab_night_autotune_v2] __main__: MARKET_REGIME mode=GREEN reason=avg_cand=3.00 avg_cand_recent=3.00
2026-02-27 14:25:45,168 [INFO] [u_station_ab_night_autotune_v2] trading.auto_trader: AutoTrade adjust token=cbBTC reason=min_trade_floor size=$0.10->$0.10 min=$0.10
2026-02-27 14:25:45,168 [INFO] [u_station_ab_night_autotune_v2] trading.auto_trader: AutoTrade skip token=cbBTC reason=ev_net_low expected_net=$-0.00360 min=$-0.00231 samples=40 conf=1.00 pwin=0.40 avg_win=$0.0054 avg_loss=$0.0075 kelly=0.000 mem=sparse trades=6<18
2026-02-27 14:25:45,168 [INFO] [u_station_ab_night_autotune_v2] trading.auto_trader: AutoTrade skip token=ToruCeoAI reason=core_l1_block cluster=s3|l1|v3|m3|r1 entry_channel=core
2026-02-27 14:25:45,168 [INFO] [u_station_ab_night_autotune_v2] trading.auto_trader: AutoTrade batch mode=top_n candidates=2 eligible=2 selected=2 opened=0 pe=off burst_window=0
2026-02-27 14:25:45,183 [INFO] [u_station_ab_night_autotune_v2] __main__: Scanned 4 tokens | High quality: 3 | Alerts sent: 0 | Trade candidates: 3 | Quality out/core/explore/probe: 3/1/2/0 | Opened: 0 | Mode: local | Source: onchain+market | Policy: raw=OK/effective=OK(healthy | route=allow_all) | Regime: GREEN(avg_cand=3.00) | Safety: checked=3 fail_closed=0 reasons=api_code_4029:3 | FiltersTop(session): source_qos_cap:9,source_qos_symbol_cap:4,safe_change_5m:4,safe_age:3 | Dedup: heavy_skip=0 override=0 | V2Budget: 3/280 | SourceQoS: enabled=1/in=4/out=3/dropped=1/active_cd=0/drops=source_qos_cap:1 | Ingest: q=0/oldest=0.0s/drop_old=0/dedup_skip=0/enq=0/drain=0 | Sources: dex_boosts:ok=1/fail=0/429=0/lim_wait=0/cd_wait=0/err=0.0%/avg=53ms; dexscreener:ok=11/fail=0/429=0/lim_wait=0/cd_wait=0/err=0.0%/avg=230ms | Tasks: 3 | RSS: 0.0MB | CycleAvg: 0.76s
2026-02-27 14:25:49,776 [INFO] [u_station_ab_night_autotune_v2] monitor.onchain_factory: PAIR_DETECTED source=uniswap_v3 dex=uniswap_v3 pair=0x77817c264e359276cf1825ceab93d6fc8d9686b4 token0=0x1b15a534666934c8d5f38e3737bf96c49a71a7ec token1=0x4200000000000000000000000000000000000006 block=42704697 factory=0x33128a8fc17869897dce68ed026d694621f6fdfd
2026-02-27 14:25:50,277 [INFO] [u_station_ab_night_autotune_v2] monitor.onchain_factory: ENRICH_RETRY token=0x1b15a534666934c8d5f38e3737bf96c49a71a7ec pair=0x77817c264e359276cf1825ceab93d6fc8d9686b4 attempt=1/2 delay=10s
2026-02-27 14:26:00,473 [INFO] [u_station_ab_night_autotune_v2] __main__: WATCHLIST merged count=4
2026-02-27 14:26:00,473 [INFO] [u_station_ab_night_autotune_v2] trading.v2_runtime: V2_UNIVERSE in=4 dedup=4 out=4 target=4 novel_target=4 novel_out=0 repeat_dropped=0 symbol_dropped=0 surge_in=1 surge_target=1 surge_out=1
2026-02-27 14:26:00,473 [INFO] [u_station_ab_night_autotune_v2] __main__: V2_SOURCE_QOS_FILTER in=4 out=3 drops={'source_qos_cap': 1} caps={'watchlist': 3}
2026-02-27 14:26:00,473 [INFO] [u_station_ab_night_autotune_v2] __main__: FILTER_FAIL token=AERO reason=source_qos_cap source=watchlist used=3/3
2026-02-27 14:26:00,473 [INFO] [u_station_ab_night_autotune_v2] __main__: FILTER_PASS token=cbBTC tier=A score=100 mode=GREEN risk=MEDIUM liq=24212802 vol5m=124766
2026-02-27 14:26:00,473 [INFO] [u_station_ab_night_autotune_v2] __main__: FILTER_PASS token=ToruCeoAI tier=A score=100 mode=GREEN risk=MEDIUM liq=114261 vol5m=28857
2026-02-27 14:26:00,473 [INFO] [u_station_ab_night_autotune_v2] __main__: FILTER_PASS token=VIRTUAL tier=A score=75 mode=GREEN risk=MEDIUM liq=7404445 vol5m=291
2026-02-27 14:26:00,473 [INFO] [u_station_ab_night_autotune_v2] __main__: V2_QUALITY_GATE enabled=True regime=GREEN in=3 out=3 core_out=1 explore_out=2 probe_out=0 quota=2 max_symbol_share=0.333 drop={} sources_used={'watchlist': 3}
2026-02-27 14:26:00,473 [INFO] [u_station_ab_night_autotune_v2] __main__: V2_ENTRY_ROUTE enabled=True regime=GREEN in=3 out=2 core_out=1 explore_out=1 quota=1 allow_explore=True
2026-02-27 14:26:00,488 [INFO] [u_station_ab_night_autotune_v2] __main__: MARKET_REGIME mode=GREEN reason=avg_cand=3.00 avg_cand_recent=3.00
2026-02-27 14:26:00,488 [INFO] [u_station_ab_night_autotune_v2] trading.auto_trader: AutoTrade adjust token=cbBTC reason=min_trade_floor size=$0.10->$0.10 min=$0.10
2026-02-27 14:26:00,488 [INFO] [u_station_ab_night_autotune_v2] trading.auto_trader: AutoTrade skip token=cbBTC reason=ev_net_low expected_net=$-0.00360 min=$-0.00231 samples=40 conf=1.00 pwin=0.40 avg_win=$0.0054 avg_loss=$0.0075 kelly=0.000 mem=sparse trades=6<18
2026-02-27 14:26:00,488 [INFO] [u_station_ab_night_autotune_v2] trading.auto_trader: AutoTrade skip token=ToruCeoAI reason=source_route_prob source=watchlist p=0.95 detail=bad samples=14 avg=-0.00091 loss=0.64
2026-02-27 14:26:00,488 [INFO] [u_station_ab_night_autotune_v2] trading.auto_trader: AutoTrade batch mode=top_n candidates=2 eligible=2 selected=2 opened=0 pe=off burst_window=0
2026-02-27 14:26:00,488 [INFO] [u_station_ab_night_autotune_v2] __main__: Scanned 4 tokens | High quality: 3 | Alerts sent: 0 | Trade candidates: 3 | Quality out/core/explore/probe: 3/1/2/0 | Opened: 0 | Mode: local | Source: onchain+market | Policy: raw=OK/effective=OK(healthy | route=allow_all) | Regime: GREEN(avg_cand=3.00) | Safety: checked=3 fail_closed=0 reasons=api_code_4029:3 | FiltersTop(session): source_qos_cap:10,source_qos_symbol_cap:4,safe_change_5m:4,safe_age:3 | Dedup: heavy_skip=0 override=0 | V2Budget: 3/280 | SourceQoS: enabled=1/in=4/out=3/dropped=1/active_cd=0/drops=source_qos_cap:1 | Ingest: q=0/oldest=0.0s/drop_old=0/dedup_skip=0/enq=0/drain=0 | Sources: dex_boosts:ok=1/fail=0/429=0/lim_wait=0/cd_wait=0/err=0.0%/avg=46ms; dexscreener:ok=11/fail=0/429=0/lim_wait=0/cd_wait=0/err=0.0%/avg=89ms; onchain_enrich:ok=4/fail=0/429=0/lim_wait=0/cd_wait=0/err=0.0%/avg=155ms; onchain_weth_price:ok=1/fail=0/429=0/lim_wait=0/cd_wait=0/err=0.0%/avg=73ms | Tasks: 3 | RSS: 0.0MB | CycleAvg: 0.72s
2026-02-27 14:26:05,053 [INFO] [u_station_ab_night_autotune_v2] monitor.onchain_factory: ENRICH_RETRY token=0x1b15a534666934c8d5f38e3737bf96c49a71a7ec pair=0x77817c264e359276cf1825ceab93d6fc8d9686b4 attempt=1/2 delay=10s
2026-02-27 14:26:15,185 [INFO] [u_station_ab_night_autotune_v2] __main__: WATCHLIST merged count=4
2026-02-27 14:26:15,185 [INFO] [u_station_ab_night_autotune_v2] trading.v2_runtime: V2_UNIVERSE in=4 dedup=4 out=4 target=4 novel_target=4 novel_out=0 repeat_dropped=0 symbol_dropped=0 surge_in=1 surge_target=1 surge_out=1
2026-02-27 14:26:15,185 [INFO] [u_station_ab_night_autotune_v2] __main__: V2_SOURCE_QOS_FILTER in=4 out=3 drops={'source_qos_cap': 1} caps={'watchlist': 3}
2026-02-27 14:26:15,185 [INFO] [u_station_ab_night_autotune_v2] __main__: FILTER_FAIL token=AERO reason=source_qos_cap source=watchlist used=3/3
2026-02-27 14:26:15,185 [INFO] [u_station_ab_night_autotune_v2] __main__: FILTER_PASS token=cbBTC tier=A score=100 mode=GREEN risk=MEDIUM liq=24212802 vol5m=124766
2026-02-27 14:26:15,185 [INFO] [u_station_ab_night_autotune_v2] __main__: FILTER_PASS token=ToruCeoAI tier=A score=100 mode=GREEN risk=MEDIUM liq=114261 vol5m=28857
2026-02-27 14:26:15,185 [INFO] [u_station_ab_night_autotune_v2] __main__: FILTER_PASS token=VIRTUAL tier=A score=75 mode=GREEN risk=MEDIUM liq=7404445 vol5m=291
2026-02-27 14:26:15,185 [INFO] [u_station_ab_night_autotune_v2] __main__: V2_QUALITY_GATE enabled=True regime=GREEN in=3 out=3 core_out=1 explore_out=2 probe_out=0 quota=2 max_symbol_share=0.333 drop={} sources_used={'watchlist': 3}
2026-02-27 14:26:15,185 [INFO] [u_station_ab_night_autotune_v2] __main__: V2_ENTRY_ROUTE enabled=True regime=GREEN in=3 out=2 core_out=1 explore_out=1 quota=1 allow_explore=True
2026-02-27 14:26:15,185 [INFO] [u_station_ab_night_autotune_v2] __main__: MARKET_REGIME mode=GREEN reason=avg_cand=3.00 avg_cand_recent=3.00
2026-02-27 14:26:15,185 [INFO] [u_station_ab_night_autotune_v2] trading.auto_trader: AutoTrade adjust token=cbBTC reason=min_trade_floor size=$0.10->$0.10 min=$0.10
2026-02-27 14:26:15,185 [INFO] [u_station_ab_night_autotune_v2] trading.auto_trader: AutoTrade skip token=cbBTC reason=ev_net_low expected_net=$-0.00360 min=$-0.00231 samples=40 conf=1.00 pwin=0.40 avg_win=$0.0054 avg_loss=$0.0075 kelly=0.000 mem=sparse trades=6<18
2026-02-27 14:26:15,185 [INFO] [u_station_ab_night_autotune_v2] trading.auto_trader: AutoTrade skip token=ToruCeoAI reason=core_l1_block cluster=s3|l1|v3|m3|r1 entry_channel=core
2026-02-27 14:26:15,185 [INFO] [u_station_ab_night_autotune_v2] trading.auto_trader: AutoTrade batch mode=top_n candidates=2 eligible=2 selected=2 opened=0 pe=off burst_window=0
2026-02-27 14:26:15,185 [INFO] [u_station_ab_night_autotune_v2] trading.auto_trader: PAPER_SUMMARY window=60s closed_delta=0 wins_delta=0 losses_delta=0 realized_delta=$0.00 total_closed=109 winrate_total=42.2% realized_total=$0.30 balance=$7.30 equity=$7.30 open=0
2026-02-27 14:26:15,185 [INFO] [u_station_ab_night_autotune_v2] __main__: Scanned 4 tokens | High quality: 3 | Alerts sent: 0 | Trade candidates: 3 | Quality out/core/explore/probe: 3/1/2/0 | Opened: 0 | Mode: local | Source: onchain+market | Policy: raw=OK/effective=OK(healthy | route=allow_all) | Regime: GREEN(avg_cand=3.00) | Safety: checked=3 fail_closed=0 reasons=api_code_4029:3 | FiltersTop(session): source_qos_cap:11,source_qos_symbol_cap:4,safe_change_5m:4,safe_age:3 | Dedup: heavy_skip=0 override=0 | V2Budget: 3/280 | SourceQoS: enabled=1/in=4/out=3/dropped=1/active_cd=0/drops=source_qos_cap:1 | Ingest: q=0/oldest=0.0s/drop_old=0/dedup_skip=0/enq=0/drain=0 | Sources: dex_boosts:ok=1/fail=0/429=0/lim_wait=0/cd_wait=0/err=0.0%/avg=130ms; dexscreener:ok=11/fail=0/429=0/lim_wait=0/cd_wait=0/err=0.0%/avg=128ms; onchain_enrich:ok=4/fail=0/429=0/lim_wait=0/cd_wait=0/err=0.0%/avg=64ms | Tasks: 3 | RSS: 0.0MB | CycleAvg: 1.90s
2026-02-27 14:26:19,754 [INFO] [u_station_ab_night_autotune_v2] monitor.onchain_factory: ENRICH_RETRY token=0x1b15a534666934c8d5f38e3737bf96c49a71a7ec pair=0x77817c264e359276cf1825ceab93d6fc8d9686b4 attempt=1/2 delay=10s
2026-02-27 14:26:30,207 [INFO] [u_station_ab_night_autotune_v2] __main__: WATCHLIST merged count=4
2026-02-27 14:26:30,207 [INFO] [u_station_ab_night_autotune_v2] trading.v2_runtime: V2_UNIVERSE in=4 dedup=4 out=4 target=4 novel_target=4 novel_out=0 repeat_dropped=0 symbol_dropped=0 surge_in=1 surge_target=1 surge_out=1
2026-02-27 14:26:30,207 [INFO] [u_station_ab_night_autotune_v2] __main__: V2_SOURCE_QOS_FILTER in=4 out=3 drops={'source_qos_cap': 1} caps={'watchlist': 3}
2026-02-27 14:26:30,207 [INFO] [u_station_ab_night_autotune_v2] __main__: FILTER_FAIL token=AERO reason=source_qos_cap source=watchlist used=3/3
2026-02-27 14:26:30,207 [INFO] [u_station_ab_night_autotune_v2] __main__: FILTER_PASS token=cbBTC tier=A score=100 mode=GREEN risk=MEDIUM liq=24212802 vol5m=124766
2026-02-27 14:26:30,207 [INFO] [u_station_ab_night_autotune_v2] __main__: FILTER_PASS token=ToruCeoAI tier=A score=100 mode=GREEN risk=MEDIUM liq=114261 vol5m=28857
2026-02-27 14:26:30,207 [INFO] [u_station_ab_night_autotune_v2] __main__: FILTER_PASS token=VIRTUAL tier=A score=75 mode=GREEN risk=MEDIUM liq=7404445 vol5m=291
2026-02-27 14:26:30,217 [INFO] [u_station_ab_night_autotune_v2] __main__: V2_QUALITY_GATE enabled=True regime=GREEN in=3 out=3 core_out=1 explore_out=2 probe_out=0 quota=2 max_symbol_share=0.333 drop={} sources_used={'watchlist': 3}
2026-02-27 14:26:30,217 [INFO] [u_station_ab_night_autotune_v2] __main__: V2_ENTRY_ROUTE enabled=True regime=GREEN in=3 out=2 core_out=1 explore_out=1 quota=1 allow_explore=True
2026-02-27 14:26:30,217 [INFO] [u_station_ab_night_autotune_v2] __main__: MARKET_REGIME mode=GREEN reason=avg_cand=3.00 avg_cand_recent=3.00
2026-02-27 14:26:30,217 [INFO] [u_station_ab_night_autotune_v2] trading.auto_trader: AutoTrade adjust token=cbBTC reason=min_trade_floor size=$0.10->$0.10 min=$0.10
2026-02-27 14:26:30,217 [INFO] [u_station_ab_night_autotune_v2] trading.auto_trader: AutoTrade skip token=cbBTC reason=ev_net_low expected_net=$-0.00360 min=$-0.00231 samples=40 conf=1.00 pwin=0.40 avg_win=$0.0054 avg_loss=$0.0075 kelly=0.000 mem=sparse trades=6<18
2026-02-27 14:26:30,217 [INFO] [u_station_ab_night_autotune_v2] trading.auto_trader: AutoTrade skip token=ToruCeoAI reason=core_l1_block cluster=s3|l1|v3|m3|r1 entry_channel=core
2026-02-27 14:26:30,217 [INFO] [u_station_ab_night_autotune_v2] trading.auto_trader: AutoTrade batch mode=top_n candidates=2 eligible=2 selected=2 opened=0 pe=off burst_window=0
2026-02-27 14:26:30,217 [INFO] [u_station_ab_night_autotune_v2] __main__: Scanned 4 tokens | High quality: 3 | Alerts sent: 0 | Trade candidates: 3 | Quality out/core/explore/probe: 3/1/2/0 | Opened: 0 | Mode: local | Source: onchain+market | Policy: raw=OK/effective=OK(healthy | route=allow_all) | Regime: GREEN(avg_cand=3.00) | Safety: checked=3 fail_closed=0 reasons=api_code_4029:3 | FiltersTop(session): source_qos_cap:12,source_qos_symbol_cap:4,safe_change_5m:4,safe_age:3 | Dedup: heavy_skip=0 override=0 | V2Budget: 3/280 | SourceQoS: enabled=1/in=4/out=3/dropped=1/active_cd=0/drops=source_qos_cap:1 | Ingest: q=3/oldest=2.8s/drop_old=0/dedup_skip=0/enq=3/drain=0 | Sources: dex_boosts:ok=1/fail=0/429=0/lim_wait=0/cd_wait=0/err=0.0%/avg=74ms; dexscreener:ok=11/fail=0/429=0/lim_wait=0/cd_wait=0/err=0.0%/avg=237ms; geckoterminal:ok=1/fail=0/429=0/lim_wait=0/cd_wait=0/err=0.0%/avg=862ms; onchain_enrich:ok=4/fail=0/429=0/lim_wait=0/cd_wait=0/err=0.0%/avg=135ms | Tasks: 3 | RSS: 0.0MB | CycleAvg: 2.78s
2026-02-27 14:26:34,888 [INFO] [u_station_ab_night_autotune_v2] monitor.onchain_factory: ENRICH_RETRY token=0x1b15a534666934c8d5f38e3737bf96c49a71a7ec pair=0x77817c264e359276cf1825ceab93d6fc8d9686b4 attempt=1/2 delay=10s
2026-02-27 14:26:44,985 [INFO] [u_station_ab_night_autotune_v2] __main__: WATCHLIST merged count=4
2026-02-27 14:26:44,987 [INFO] [u_station_ab_night_autotune_v2] trading.v2_runtime: V2_UNIVERSE in=7 dedup=7 out=7 target=7 novel_target=6 novel_out=2 repeat_dropped=0 symbol_dropped=0 surge_in=2 surge_target=2 surge_out=2
2026-02-27 14:26:44,987 [INFO] [u_station_ab_night_autotune_v2] __main__: V2_SOURCE_QOS_FILTER in=7 out=5 drops={'source_qos_cap': 2} caps={'geckoterminal': 287, 'watchlist': 2}
2026-02-27 14:26:44,987 [INFO] [u_station_ab_night_autotune_v2] __main__: FILTER_FAIL token=VIRTUAL reason=source_qos_cap source=watchlist used=2/2
2026-02-27 14:26:44,987 [INFO] [u_station_ab_night_autotune_v2] __main__: FILTER_FAIL token=AERO reason=source_qos_cap source=watchlist used=2/2
2026-02-27 14:26:44,987 [INFO] [u_station_ab_night_autotune_v2] __main__: FILTER_PASS token=cbBTC tier=A score=100 mode=GREEN risk=MEDIUM liq=24212802 vol5m=124766
2026-02-27 14:26:44,987 [INFO] [u_station_ab_night_autotune_v2] __main__: FILTER_FAIL token=TURCH reason=safe_age
2026-02-27 14:26:44,987 [INFO] [u_station_ab_night_autotune_v2] __main__: FILTER_PASS token=ToruCeoAI tier=A score=100 mode=GREEN risk=MEDIUM liq=114261 vol5m=28857
2026-02-27 14:26:44,987 [INFO] [u_station_ab_night_autotune_v2] __main__: FILTER_FAIL token=EKRM reason=score_min score=30 strict_min=48 soft_min=48 mode=GREEN
2026-02-27 14:26:44,987 [INFO] [u_station_ab_night_autotune_v2] __main__: FILTER_FAIL token=diemad reason=safe_volume vol5m=0 min=5 regime=GREEN
2026-02-27 14:26:44,987 [INFO] [u_station_ab_night_autotune_v2] __main__: V2_QUALITY_GATE enabled=True regime=GREEN in=2 out=2 core_out=1 explore_out=1 probe_out=0 quota=1 max_symbol_share=0.500 drop={} sources_used={'watchlist': 2}
2026-02-27 14:26:44,987 [INFO] [u_station_ab_night_autotune_v2] __main__: V2_ENTRY_ROUTE enabled=True regime=GREEN in=2 out=2 core_out=1 explore_out=1 quota=1 allow_explore=True
2026-02-27 14:26:44,987 [INFO] [u_station_ab_night_autotune_v2] __main__: MARKET_REGIME mode=GREEN reason=avg_cand=2.92 avg_cand_recent=2.92
2026-02-27 14:26:44,987 [INFO] [u_station_ab_night_autotune_v2] trading.auto_trader: AutoTrade adjust token=cbBTC reason=min_trade_floor size=$0.10->$0.10 min=$0.10
2026-02-27 14:26:44,987 [INFO] [u_station_ab_night_autotune_v2] trading.auto_trader: AutoTrade skip token=cbBTC reason=ev_net_low expected_net=$-0.00360 min=$-0.00231 samples=40 conf=1.00 pwin=0.40 avg_win=$0.0054 avg_loss=$0.0075 kelly=0.000 mem=sparse trades=6<18
2026-02-27 14:26:44,987 [INFO] [u_station_ab_night_autotune_v2] trading.auto_trader: AutoTrade skip token=ToruCeoAI reason=core_l1_block cluster=s3|l1|v3|m3|r1 entry_channel=core
2026-02-27 14:26:44,987 [INFO] [u_station_ab_night_autotune_v2] trading.auto_trader: AutoTrade batch mode=top_n candidates=2 eligible=2 selected=2 opened=0 pe=off burst_window=0
2026-02-27 14:26:45,003 [INFO] [u_station_ab_night_autotune_v2] __main__: Scanned 7 tokens | High quality: 2 | Alerts sent: 0 | Trade candidates: 2 | Quality out/core/explore/probe: 2/1/1/0 | Opened: 0 | Mode: local | Source: onchain+market | Policy: raw=OK/effective=OK(healthy | route=allow_all) | Regime: GREEN(avg_cand=2.92) | Safety: checked=2 fail_closed=0 reasons=api_code_4029:2 | FiltersTop(session): source_qos_cap:14,source_qos_symbol_cap:4,safe_change_5m:4,safe_age:4 | Dedup: heavy_skip=0 override=0 | V2Budget: 2/280 | SourceQoS: enabled=1/in=7/out=5/dropped=2/active_cd=0/drops=source_qos_cap:2 | Ingest: q=0/oldest=0.0s/drop_old=0/dedup_skip=0/enq=0/drain=3 | Sources: dex_boosts:ok=1/fail=0/429=0/lim_wait=0/cd_wait=0/err=0.0%/avg=97ms; dexscreener:ok=11/fail=0/429=0/lim_wait=0/cd_wait=0/err=0.0%/avg=122ms; onchain_enrich:ok=4/fail=0/429=0/lim_wait=0/cd_wait=0/err=0.0%/avg=54ms | Tasks: 3 | RSS: 0.0MB | CycleAvg: 3.53s
2026-02-27 14:26:49,303 [INFO] [u_station_ab_night_autotune_v2] monitor.onchain_factory: PAIR_DETECTED source=uniswap_v2 dex=uniswap_v2 pair=0x436749a0808c69687eeec7a980c491f4fad7ba73 token0=0x06d3a27ae590fd6876d1050af0d380178ef06f88 token1=0x4200000000000000000000000000000000000006 block=42704723 factory=0x8909dc15e40173ff4699343b6eb8132c65e18ec6
2026-02-27 14:26:49,319 [INFO] [u_station_ab_night_autotune_v2] monitor.onchain_factory: PAIR_DETECTED source=uniswap_v2 dex=uniswap_v2 pair=0x39a197fcb0dfb8892e6028c45fd421cfe59bc14f token0=0x4200000000000000000000000000000000000006 token1=0x65ca97e09cf25def9bef13832a35b8465a949445 block=42704726 factory=0x8909dc15e40173ff4699343b6eb8132c65e18ec6
2026-02-27 14:26:49,653 [INFO] [u_station_ab_night_autotune_v2] monitor.onchain_factory: ENRICH_RETRY token=0x1b15a534666934c8d5f38e3737bf96c49a71a7ec pair=0x77817c264e359276cf1825ceab93d6fc8d9686b4 attempt=1/2 delay=10s
2026-02-27 14:26:49,886 [INFO] [u_station_ab_night_autotune_v2] monitor.onchain_factory: ENRICH_RETRY token=0x06d3a27ae590fd6876d1050af0d380178ef06f88 pair=0x436749a0808c69687eeec7a980c491f4fad7ba73 attempt=1/2 delay=10s
2026-02-27 14:26:50,088 [INFO] [u_station_ab_night_autotune_v2] monitor.onchain_factory: ENRICH_RETRY token=0x65ca97e09cf25def9bef13832a35b8465a949445 pair=0x39a197fcb0dfb8892e6028c45fd421cfe59bc14f attempt=1/2 delay=10s
2026-02-27 14:27:00,219 [INFO] [u_station_ab_night_autotune_v2] __main__: WATCHLIST merged count=4
2026-02-27 14:27:00,220 [INFO] [u_station_ab_night_autotune_v2] trading.v2_runtime: V2_UNIVERSE in=4 dedup=4 out=4 target=4 novel_target=4 novel_out=0 repeat_dropped=0 symbol_dropped=0 surge_in=1 surge_target=1 surge_out=1
2026-02-27 14:27:00,221 [INFO] [u_station_ab_night_autotune_v2] __main__: V2_SOURCE_QOS_FILTER in=4 out=3 drops={'source_qos_cap': 1} caps={'watchlist': 3}
2026-02-27 14:27:00,222 [INFO] [u_station_ab_night_autotune_v2] __main__: FILTER_FAIL token=AERO reason=source_qos_cap source=watchlist used=3/3
2026-02-27 14:27:00,223 [INFO] [u_station_ab_night_autotune_v2] __main__: FILTER_PASS token=cbBTC tier=A score=100 mode=GREEN risk=MEDIUM liq=24212802 vol5m=124766
2026-02-27 14:27:00,225 [INFO] [u_station_ab_night_autotune_v2] __main__: FILTER_PASS token=ToruCeoAI tier=A score=100 mode=GREEN risk=MEDIUM liq=114261 vol5m=28857
2026-02-27 14:27:00,226 [INFO] [u_station_ab_night_autotune_v2] __main__: FILTER_PASS token=VIRTUAL tier=A score=75 mode=GREEN risk=MEDIUM liq=7404445 vol5m=291
2026-02-27 14:27:00,228 [INFO] [u_station_ab_night_autotune_v2] __main__: V2_QUALITY_GATE enabled=True regime=GREEN in=3 out=3 core_out=1 explore_out=2 probe_out=0 quota=2 max_symbol_share=0.333 drop={} sources_used={'watchlist': 3}
2026-02-27 14:27:00,229 [INFO] [u_station_ab_night_autotune_v2] __main__: V2_ENTRY_ROUTE enabled=True regime=GREEN in=3 out=2 core_out=1 explore_out=1 quota=1 allow_explore=True
2026-02-27 14:27:00,230 [INFO] [u_station_ab_night_autotune_v2] __main__: MARKET_REGIME mode=GREEN reason=avg_cand=2.92 avg_cand_recent=2.92
2026-02-27 14:27:00,232 [INFO] [u_station_ab_night_autotune_v2] trading.auto_trader: AutoTrade adjust token=cbBTC reason=min_trade_floor size=$0.10->$0.10 min=$0.10
2026-02-27 14:27:00,233 [INFO] [u_station_ab_night_autotune_v2] trading.auto_trader: AutoTrade skip token=cbBTC reason=ev_net_low expected_net=$-0.00360 min=$-0.00231 samples=40 conf=1.00 pwin=0.40 avg_win=$0.0054 avg_loss=$0.0075 kelly=0.000 mem=sparse trades=6<18
2026-02-27 14:27:00,235 [INFO] [u_station_ab_night_autotune_v2] trading.auto_trader: AutoTrade skip token=ToruCeoAI reason=core_l1_block cluster=s3|l1|v3|m3|r1 entry_channel=core
2026-02-27 14:27:00,235 [INFO] [u_station_ab_night_autotune_v2] trading.auto_trader: AutoTrade batch mode=top_n candidates=2 eligible=2 selected=2 opened=0 pe=off burst_window=0
2026-02-27 14:27:00,237 [INFO] [u_station_ab_night_autotune_v2] __main__: Scanned 4 tokens | High quality: 3 | Alerts sent: 0 | Trade candidates: 3 | Quality out/core/explore/probe: 3/1/2/0 | Opened: 0 | Mode: local | Source: onchain+market | Policy: raw=OK/effective=OK(healthy | route=allow_all) | Regime: GREEN(avg_cand=2.92) | Safety: checked=3 fail_closed=0 reasons=api_code_4029:3 | FiltersTop(session): source_qos_cap:15,source_qos_symbol_cap:4,safe_change_5m:4,safe_age:4 | Dedup: heavy_skip=0 override=0 | V2Budget: 3/280 | SourceQoS: enabled=1/in=4/out=3/dropped=1/active_cd=0/drops=source_qos_cap:1 | Ingest: q=0/oldest=0.0s/drop_old=0/dedup_skip=0/enq=0/drain=0 | Sources: dex_boosts:ok=1/fail=0/429=0/lim_wait=0/cd_wait=0/err=0.0%/avg=50ms; dexscreener:ok=11/fail=0/429=0/lim_wait=0/cd_wait=0/err=0.0%/avg=73ms; onchain_enrich:ok=12/fail=0/429=0/lim_wait=0/cd_wait=0/err=0.0%/avg=126ms | Tasks: 3 | RSS: 0.0MB | CycleAvg: 4.13s
2026-02-27 14:27:04,864 [INFO] [u_station_ab_night_autotune_v2] monitor.onchain_factory: ENRICH_RETRY token=0x06d3a27ae590fd6876d1050af0d380178ef06f88 pair=0x436749a0808c69687eeec7a980c491f4fad7ba73 attempt=1/2 delay=10s
2026-02-27 14:27:04,900 [INFO] [u_station_ab_night_autotune_v2] monitor.onchain_factory: ENRICH_RETRY token=0x65ca97e09cf25def9bef13832a35b8465a949445 pair=0x39a197fcb0dfb8892e6028c45fd421cfe59bc14f attempt=1/2 delay=10s
2026-02-27 14:27:05,136 [INFO] [u_station_ab_night_autotune_v2] monitor.onchain_factory: ENRICH_RETRY token=0x1b15a534666934c8d5f38e3737bf96c49a71a7ec pair=0x77817c264e359276cf1825ceab93d6fc8d9686b4 attempt=1/2 delay=10s
2026-02-27 14:27:15,210 [INFO] [u_station_ab_night_autotune_v2] __main__: WATCHLIST merged count=4
2026-02-27 14:27:15,227 [INFO] [u_station_ab_night_autotune_v2] trading.v2_runtime: V2_UNIVERSE in=5 dedup=5 out=5 target=5 novel_target=5 novel_out=1 repeat_dropped=0 symbol_dropped=0 surge_in=1 surge_target=1 surge_out=1
2026-02-27 14:27:15,227 [INFO] [u_station_ab_night_autotune_v2] __main__: V2_SOURCE_QOS_FILTER in=5 out=3 drops={'source_qos_cap': 2} caps={'watchlist': 2, 'unknown': 0}
2026-02-27 14:27:15,232 [INFO] [u_station_ab_night_autotune_v2] __main__: FILTER_FAIL token=VIRTUAL reason=source_qos_cap source=watchlist used=2/2
2026-02-27 14:27:15,232 [INFO] [u_station_ab_night_autotune_v2] __main__: FILTER_FAIL token=AERO reason=source_qos_cap source=watchlist used=2/2
2026-02-27 14:27:15,232 [INFO] [u_station_ab_night_autotune_v2] __main__: FILTER_PASS token=cbBTC tier=A score=100 mode=GREEN risk=MEDIUM liq=24212802 vol5m=124766
2026-02-27 14:27:15,232 [INFO] [u_station_ab_night_autotune_v2] __main__: FILTER_PASS token=ToruCeoAI tier=A score=100 mode=GREEN risk=MEDIUM liq=114261 vol5m=28857
2026-02-27 14:27:15,232 [INFO] [u_station_ab_night_autotune_v2] __main__: FILTER_FAIL token=KABOSU reason=score_min score=30 strict_min=48 soft_min=48 mode=GREEN
2026-02-27 14:27:15,232 [INFO] [u_station_ab_night_autotune_v2] __main__: V2_QUALITY_GATE enabled=True regime=GREEN in=2 out=2 core_out=1 explore_out=1 probe_out=0 quota=1 max_symbol_share=0.500 drop={} sources_used={'watchlist': 2}
2026-02-27 14:27:15,247 [INFO] [u_station_ab_night_autotune_v2] __main__: V2_ENTRY_ROUTE enabled=True regime=GREEN in=2 out=2 core_out=1 explore_out=1 quota=1 allow_explore=True
2026-02-27 14:27:15,247 [INFO] [u_station_ab_night_autotune_v2] __main__: MARKET_REGIME mode=GREEN reason=avg_cand=2.83 avg_cand_recent=2.83
2026-02-27 14:27:15,270 [INFO] [u_station_ab_night_autotune_v2] trading.auto_trader: AutoTrade adjust token=cbBTC reason=min_trade_floor size=$0.10->$0.10 min=$0.10
2026-02-27 14:27:15,270 [INFO] [u_station_ab_night_autotune_v2] trading.auto_trader: AutoTrade skip token=cbBTC reason=ev_net_low expected_net=$-0.00360 min=$-0.00231 samples=40 conf=1.00 pwin=0.40 avg_win=$0.0054 avg_loss=$0.0075 kelly=0.000 mem=sparse trades=6<18
2026-02-27 14:27:15,270 [INFO] [u_station_ab_night_autotune_v2] trading.auto_trader: AutoTrade skip token=ToruCeoAI reason=core_l1_block cluster=s3|l1|v3|m3|r1 entry_channel=core
2026-02-27 14:27:15,270 [INFO] [u_station_ab_night_autotune_v2] trading.auto_trader: AutoTrade batch mode=top_n candidates=2 eligible=2 selected=2 opened=0 pe=off burst_window=0
2026-02-27 14:27:15,270 [INFO] [u_station_ab_night_autotune_v2] trading.auto_trader: PAPER_SUMMARY window=60s closed_delta=0 wins_delta=0 losses_delta=0 realized_delta=$0.00 total_closed=109 winrate_total=42.2% realized_total=$0.30 balance=$7.30 equity=$7.30 open=0
2026-02-27 14:27:15,270 [INFO] [u_station_ab_night_autotune_v2] __main__: Scanned 5 tokens | High quality: 2 | Alerts sent: 0 | Trade candidates: 2 | Quality out/core/explore/probe: 2/1/1/0 | Opened: 0 | Mode: local | Source: onchain+market | Policy: raw=OK/effective=OK(healthy | route=allow_all) | Regime: GREEN(avg_cand=2.83) | Safety: checked=2 fail_closed=0 reasons=api_code_4029:2 | FiltersTop(session): source_qos_cap:17,source_qos_symbol_cap:4,safe_change_5m:4,safe_age:4 | Dedup: heavy_skip=0 override=0 | V2Budget: 2/280 | SourceQoS: enabled=1/in=5/out=3/dropped=2/active_cd=0/drops=source_qos_cap:2 | Ingest: q=0/oldest=0.0s/drop_old=0/dedup_skip=0/enq=0/drain=0 | Sources: dex_boosts:ok=1/fail=0/429=0/lim_wait=0/cd_wait=0/err=0.0%/avg=197ms; dexscreener:ok=11/fail=0/429=0/lim_wait=0/cd_wait=0/err=0.0%/avg=351ms; onchain_enrich:ok=12/fail=0/429=0/lim_wait=0/cd_wait=0/err=0.0%/avg=85ms; onchain_weth_price:ok=1/fail=0/429=0/lim_wait=0/cd_wait=0/err=0.0%/avg=58ms | Tasks: 3 | RSS: 0.0MB | CycleAvg: 4.68s
2026-02-27 14:27:19,603 [INFO] [u_station_ab_night_autotune_v2] monitor.onchain_factory: PAIR_DETECTED source=uniswap_v2 dex=uniswap_v2 pair=0x4f968d32f3a6440f9baf88d0e5453da57d99fc91 token0=0x4200000000000000000000000000000000000006 token1=0xda25fd1db34efd34c249fce35173538673d221a6 block=42704740 factory=0x8909dc15e40173ff4699343b6eb8132c65e18ec6
2026-02-27 14:27:19,906 [INFO] [u_station_ab_night_autotune_v2] monitor.onchain_factory: ENRICH_RETRY token=0x1b15a534666934c8d5f38e3737bf96c49a71a7ec pair=0x77817c264e359276cf1825ceab93d6fc8d9686b4 attempt=1/2 delay=10s
2026-02-27 14:27:19,923 [INFO] [u_station_ab_night_autotune_v2] monitor.onchain_factory: ENRICH_RETRY token=0x06d3a27ae590fd6876d1050af0d380178ef06f88 pair=0x436749a0808c69687eeec7a980c491f4fad7ba73 attempt=1/2 delay=10s
2026-02-27 14:27:20,187 [INFO] [u_station_ab_night_autotune_v2] monitor.onchain_factory: ENRICH_RETRY token=0xda25fd1db34efd34c249fce35173538673d221a6 pair=0x4f968d32f3a6440f9baf88d0e5453da57d99fc91 attempt=1/2 delay=10s
2026-02-27 14:27:30,316 [INFO] [u_station_ab_night_autotune_v2] __main__: WATCHLIST merged count=4
2026-02-27 14:27:30,316 [INFO] [u_station_ab_night_autotune_v2] trading.v2_runtime: V2_UNIVERSE in=4 dedup=4 out=4 target=4 novel_target=4 novel_out=0 repeat_dropped=0 symbol_dropped=0 surge_in=1 surge_target=1 surge_out=1
2026-02-27 14:27:30,317 [INFO] [u_station_ab_night_autotune_v2] __main__: V2_SOURCE_QOS_FILTER in=4 out=3 drops={'source_qos_cap': 1} caps={'watchlist': 3}
2026-02-27 14:27:30,317 [INFO] [u_station_ab_night_autotune_v2] __main__: FILTER_FAIL token=AERO reason=source_qos_cap source=watchlist used=3/3
2026-02-27 14:27:30,318 [INFO] [u_station_ab_night_autotune_v2] __main__: FILTER_PASS token=cbBTC tier=A score=100 mode=GREEN risk=MEDIUM liq=24212802 vol5m=124766
2026-02-27 14:27:30,319 [INFO] [u_station_ab_night_autotune_v2] __main__: FILTER_PASS token=ToruCeoAI tier=A score=100 mode=GREEN risk=MEDIUM liq=114261 vol5m=28857
2026-02-27 14:27:30,319 [INFO] [u_station_ab_night_autotune_v2] __main__: FILTER_PASS token=VIRTUAL tier=A score=75 mode=GREEN risk=MEDIUM liq=7404445 vol5m=291
2026-02-27 14:27:30,319 [INFO] [u_station_ab_night_autotune_v2] __main__: V2_QUALITY_GATE enabled=True regime=GREEN in=3 out=3 core_out=1 explore_out=2 probe_out=0 quota=2 max_symbol_share=0.333 drop={} sources_used={'watchlist': 3}
2026-02-27 14:27:30,319 [INFO] [u_station_ab_night_autotune_v2] __main__: V2_ENTRY_ROUTE enabled=True regime=GREEN in=3 out=2 core_out=1 explore_out=1 quota=1 allow_explore=True
2026-02-27 14:27:30,319 [INFO] [u_station_ab_night_autotune_v2] __main__: MARKET_REGIME mode=GREEN reason=avg_cand=2.83 avg_cand_recent=2.83
2026-02-27 14:27:30,319 [INFO] [u_station_ab_night_autotune_v2] trading.auto_trader: AutoTrade adjust token=cbBTC reason=min_trade_floor size=$0.10->$0.10 min=$0.10
2026-02-27 14:27:30,319 [INFO] [u_station_ab_night_autotune_v2] trading.auto_trader: AutoTrade skip token=cbBTC reason=ev_net_low expected_net=$-0.00360 min=$-0.00231 samples=40 conf=1.00 pwin=0.40 avg_win=$0.0054 avg_loss=$0.0075 kelly=0.000 mem=sparse trades=6<18
2026-02-27 14:27:30,319 [INFO] [u_station_ab_night_autotune_v2] trading.auto_trader: AutoTrade skip token=ToruCeoAI reason=core_l1_block cluster=s3|l1|v3|m3|r1 entry_channel=core
2026-02-27 14:27:30,319 [INFO] [u_station_ab_night_autotune_v2] trading.auto_trader: AutoTrade batch mode=top_n candidates=2 eligible=2 selected=2 opened=0 pe=off burst_window=0
2026-02-27 14:27:30,319 [INFO] [u_station_ab_night_autotune_v2] __main__: Scanned 4 tokens | High quality: 3 | Alerts sent: 0 | Trade candidates: 3 | Quality out/core/explore/probe: 3/1/2/0 | Opened: 0 | Mode: local | Source: onchain+market | Policy: raw=OK/effective=OK(healthy | route=allow_all) | Regime: GREEN(avg_cand=2.83) | Safety: checked=3 fail_closed=0 reasons=api_code_4029:3 | FiltersTop(session): source_qos_cap:18,source_qos_symbol_cap:4,safe_change_5m:4,safe_age:4 | Dedup: heavy_skip=0 override=0 | V2Budget: 3/280 | SourceQoS: enabled=1/in=4/out=3/dropped=1/active_cd=0/drops=source_qos_cap:1 | Ingest: q=0/oldest=0.0s/drop_old=0/dedup_skip=0/enq=0/drain=0 | Sources: dex_boosts:ok=1/fail=0/429=0/lim_wait=0/cd_wait=0/err=0.0%/avg=62ms; dexscreener:ok=11/fail=0/429=0/lim_wait=0/cd_wait=0/err=0.0%/avg=102ms; onchain_enrich:ok=12/fail=0/429=0/lim_wait=0/cd_wait=0/err=0.0%/avg=112ms | Tasks: 3 | RSS: 0.0MB | CycleAvg: 5.13s
2026-02-27 14:27:34,610 [INFO] [u_station_ab_night_autotune_v2] monitor.onchain_factory: PAIR_DETECTED source=uniswap_v2 dex=uniswap_v2 pair=0x7a0bd0e5d25f3d7b67bfcc46b164c942421637c6 token0=0x4200000000000000000000000000000000000006 token1=0xd8a8f31f5b4a676d86342377acf181bc06ccab07 block=42704746 factory=0x8909dc15e40173ff4699343b6eb8132c65e18ec6
2026-02-27 14:27:34,822 [INFO] [u_station_ab_night_autotune_v2] monitor.onchain_factory: ENRICH_RETRY token=0x06d3a27ae590fd6876d1050af0d380178ef06f88 pair=0x436749a0808c69687eeec7a980c491f4fad7ba73 attempt=1/2 delay=10s
2026-02-27 14:27:34,823 [INFO] [u_station_ab_night_autotune_v2] monitor.onchain_factory: ENRICH_RETRY token=0x1b15a534666934c8d5f38e3737bf96c49a71a7ec pair=0x77817c264e359276cf1825ceab93d6fc8d9686b4 attempt=1/2 delay=10s
2026-02-27 14:27:34,901 [INFO] [u_station_ab_night_autotune_v2] monitor.onchain_factory: ENRICH_RETRY token=0xda25fd1db34efd34c249fce35173538673d221a6 pair=0x4f968d32f3a6440f9baf88d0e5453da57d99fc91 attempt=1/2 delay=10s
2026-02-27 14:27:34,978 [INFO] [u_station_ab_night_autotune_v2] monitor.onchain_factory: ENRICH_RETRY token=0xd8a8f31f5b4a676d86342377acf181bc06ccab07 pair=0x7a0bd0e5d25f3d7b67bfcc46b164c942421637c6 attempt=1/2 delay=10s
2026-02-27 14:27:45,527 [INFO] [u_station_ab_night_autotune_v2] __main__: WATCHLIST merged count=4
2026-02-27 14:27:45,528 [INFO] [u_station_ab_night_autotune_v2] trading.v2_runtime: V2_UNIVERSE in=4 dedup=4 out=4 target=4 novel_target=4 novel_out=0 repeat_dropped=0 symbol_dropped=0 surge_in=1 surge_target=1 surge_out=1
2026-02-27 14:27:45,529 [INFO] [u_station_ab_night_autotune_v2] __main__: V2_SOURCE_QOS_FILTER in=4 out=3 drops={'source_qos_cap': 1} caps={'watchlist': 3}
2026-02-27 14:27:45,530 [INFO] [u_station_ab_night_autotune_v2] __main__: FILTER_FAIL token=AERO reason=source_qos_cap source=watchlist used=3/3
2026-02-27 14:27:45,530 [INFO] [u_station_ab_night_autotune_v2] __main__: FILTER_PASS token=cbBTC tier=A score=100 mode=GREEN risk=MEDIUM liq=24212802 vol5m=124766
2026-02-27 14:27:45,531 [INFO] [u_station_ab_night_autotune_v2] __main__: FILTER_PASS token=ToruCeoAI tier=A score=100 mode=GREEN risk=MEDIUM liq=114261 vol5m=28857
2026-02-27 14:27:45,532 [INFO] [u_station_ab_night_autotune_v2] __main__: FILTER_PASS token=VIRTUAL tier=A score=75 mode=GREEN risk=MEDIUM liq=7404445 vol5m=291
2026-02-27 14:27:45,533 [INFO] [u_station_ab_night_autotune_v2] __main__: V2_QUALITY_GATE enabled=True regime=GREEN in=3 out=3 core_out=1 explore_out=2 probe_out=0 quota=2 max_symbol_share=0.333 drop={} sources_used={'watchlist': 3}
2026-02-27 14:27:45,534 [INFO] [u_station_ab_night_autotune_v2] __main__: V2_ENTRY_ROUTE enabled=True regime=GREEN in=3 out=2 core_out=1 explore_out=1 quota=1 allow_explore=True
2026-02-27 14:27:45,534 [INFO] [u_station_ab_night_autotune_v2] __main__: MARKET_REGIME mode=GREEN reason=avg_cand=2.83 avg_cand_recent=2.83
2026-02-27 14:27:45,536 [INFO] [u_station_ab_night_autotune_v2] trading.auto_trader: AutoTrade adjust token=cbBTC reason=min_trade_floor size=$0.10->$0.10 min=$0.10
2026-02-27 14:27:45,537 [INFO] [u_station_ab_night_autotune_v2] trading.auto_trader: AutoTrade skip token=cbBTC reason=ev_net_low expected_net=$-0.00360 min=$-0.00231 samples=40 conf=1.00 pwin=0.40 avg_win=$0.0054 avg_loss=$0.0075 kelly=0.000 mem=sparse trades=6<18
2026-02-27 14:27:45,538 [INFO] [u_station_ab_night_autotune_v2] trading.auto_trader: AutoTrade skip token=ToruCeoAI reason=core_l1_block cluster=s3|l1|v3|m3|r1 entry_channel=core
2026-02-27 14:27:45,539 [INFO] [u_station_ab_night_autotune_v2] trading.auto_trader: AutoTrade batch mode=top_n candidates=2 eligible=2 selected=2 opened=0 pe=off burst_window=0
2026-02-27 14:27:45,540 [INFO] [u_station_ab_night_autotune_v2] __main__: Scanned 4 tokens | High quality: 3 | Alerts sent: 0 | Trade candidates: 3 | Quality out/core/explore/probe: 3/1/2/0 | Opened: 0 | Mode: local | Source: onchain+market | Policy: raw=OK/effective=OK(healthy | route=allow_all) | Regime: GREEN(avg_cand=2.83) | Safety: checked=3 fail_closed=0 reasons=api_code_4029:3 | FiltersTop(session): source_qos_cap:19,source_qos_symbol_cap:4,safe_change_5m:4,safe_age:4 | Dedup: heavy_skip=0 override=0 | V2Budget: 3/280 | SourceQoS: enabled=1/in=4/out=3/dropped=1/active_cd=0/drops=source_qos_cap:1 | Ingest: q=4/oldest=2.9s/drop_old=0/dedup_skip=0/enq=4/drain=0 | Sources: dex_boosts:ok=1/fail=0/429=0/lim_wait=0/cd_wait=0/err=0.0%/avg=40ms; dexscreener:ok=11/fail=0/429=0/lim_wait=0/cd_wait=0/err=0.0%/avg=53ms; geckoterminal:ok=1/fail=0/429=0/lim_wait=0/cd_wait=0/err=0.0%/avg=144ms; onchain_enrich:ok=16/fail=0/429=0/lim_wait=0/cd_wait=0/err=0.0%/avg=96ms | Tasks: 3 | RSS: 0.0MB | CycleAvg: 5.53s
2026-02-27 14:27:50,050 [INFO] [u_station_ab_night_autotune_v2] monitor.onchain_factory: ENRICH_RETRY token=0x06d3a27ae590fd6876d1050af0d380178ef06f88 pair=0x436749a0808c69687eeec7a980c491f4fad7ba73 attempt=1/2 delay=10s
2026-02-27 14:27:50,053 [INFO] [u_station_ab_night_autotune_v2] monitor.onchain_factory: ENRICH_RETRY token=0x1b15a534666934c8d5f38e3737bf96c49a71a7ec pair=0x77817c264e359276cf1825ceab93d6fc8d9686b4 attempt=1/2 delay=10s
2026-02-27 14:27:50,053 [INFO] [u_station_ab_night_autotune_v2] monitor.onchain_factory: ENRICH_RETRY token=0xda25fd1db34efd34c249fce35173538673d221a6 pair=0x4f968d32f3a6440f9baf88d0e5453da57d99fc91 attempt=1/2 delay=10s
2026-02-27 14:27:50,105 [INFO] [u_station_ab_night_autotune_v2] monitor.onchain_factory: ENRICH_RETRY token=0xd8a8f31f5b4a676d86342377acf181bc06ccab07 pair=0x7a0bd0e5d25f3d7b67bfcc46b164c942421637c6 attempt=1/2 delay=10s
2026-02-27 14:28:00,253 [INFO] [u_station_ab_night_autotune_v2] __main__: WATCHLIST merged count=4
2026-02-27 14:28:00,253 [INFO] [u_station_ab_night_autotune_v2] trading.v2_runtime: V2_UNIVERSE in=8 dedup=8 out=8 target=8 novel_target=7 novel_out=3 repeat_dropped=0 symbol_dropped=0 surge_in=2 surge_target=2 surge_out=2
2026-02-27 14:28:00,253 [INFO] [u_station_ab_night_autotune_v2] __main__: V2_SOURCE_QOS_FILTER in=8 out=6 drops={'source_qos_cap': 2} caps={'geckoterminal': 287, 'watchlist': 2, 'unknown': 0}
2026-02-27 14:28:00,269 [INFO] [u_station_ab_night_autotune_v2] __main__: FILTER_FAIL token=VIRTUAL reason=source_qos_cap source=watchlist used=2/2
2026-02-27 14:28:00,269 [INFO] [u_station_ab_night_autotune_v2] __main__: FILTER_FAIL token=AERO reason=source_qos_cap source=watchlist used=2/2
2026-02-27 14:28:00,269 [INFO] [u_station_ab_night_autotune_v2] __main__: FILTER_FAIL token=ClawCash reason=safe_age
2026-02-27 14:28:00,269 [INFO] [u_station_ab_night_autotune_v2] __main__: FILTER_PASS token=cbBTC tier=A score=100 mode=GREEN risk=MEDIUM liq=24212802 vol5m=124766
2026-02-27 14:28:00,269 [INFO] [u_station_ab_night_autotune_v2] __main__: FILTER_PASS token=ToruCeoAI tier=A score=100 mode=GREEN risk=MEDIUM liq=114261 vol5m=28857
2026-02-27 14:28:00,269 [INFO] [u_station_ab_night_autotune_v2] __main__: FILTER_FAIL token=AGNTCLW reason=safe_age
2026-02-27 14:28:00,269 [INFO] [u_station_ab_night_autotune_v2] __main__: FILTER_FAIL token=Novaiok reason=score_min score=30 strict_min=48 soft_min=48 mode=GREEN
2026-02-27 14:28:00,269 [INFO] [u_station_ab_night_autotune_v2] __main__: FILTER_FAIL token=KABOSU reason=score_min score=30 strict_min=48 soft_min=48 mode=GREEN
2026-02-27 14:28:00,269 [INFO] [u_station_ab_night_autotune_v2] __main__: V2_QUALITY_GATE enabled=True regime=GREEN in=2 out=2 core_out=1 explore_out=1 probe_out=0 quota=1 max_symbol_share=0.500 drop={} sources_used={'watchlist': 2}
2026-02-27 14:28:00,269 [INFO] [u_station_ab_night_autotune_v2] __main__: V2_ENTRY_ROUTE enabled=True regime=GREEN in=2 out=2 core_out=1 explore_out=1 quota=1 allow_explore=True
2026-02-27 14:28:00,284 [INFO] [u_station_ab_night_autotune_v2] __main__: MARKET_REGIME mode=GREEN reason=avg_cand=2.75 avg_cand_recent=2.75
2026-02-27 14:28:00,287 [INFO] [u_station_ab_night_autotune_v2] trading.auto_trader: AutoTrade adjust token=cbBTC reason=min_trade_floor size=$0.10->$0.10 min=$0.10
2026-02-27 14:28:00,287 [INFO] [u_station_ab_night_autotune_v2] trading.auto_trader: AutoTrade skip token=cbBTC reason=ev_net_low expected_net=$-0.00360 min=$-0.00231 samples=40 conf=1.00 pwin=0.40 avg_win=$0.0054 avg_loss=$0.0075 kelly=0.000 mem=sparse trades=6<18
2026-02-27 14:28:00,289 [INFO] [u_station_ab_night_autotune_v2] trading.auto_trader: AutoTrade skip token=ToruCeoAI reason=core_l1_block cluster=s3|l1|v3|m3|r1 entry_channel=core
2026-02-27 14:28:00,290 [INFO] [u_station_ab_night_autotune_v2] trading.auto_trader: AutoTrade batch mode=top_n candidates=2 eligible=2 selected=2 opened=0 pe=off burst_window=0
2026-02-27 14:28:00,291 [INFO] [u_station_ab_night_autotune_v2] __main__: Scanned 8 tokens | High quality: 3 | Alerts sent: 0 | Trade candidates: 2 | Quality out/core/explore/probe: 2/1/1/0 | Opened: 0 | Mode: local | Source: onchain+market | Policy: raw=OK/effective=OK(healthy | route=allow_all) | Regime: GREEN(avg_cand=2.75) | Safety: checked=2 fail_closed=0 reasons=api_code_4029:2 | FiltersTop(session): source_qos_cap:21,safe_age:6,source_qos_symbol_cap:4,safe_change_5m:4 | Dedup: heavy_skip=0 override=0 | V2Budget: 2/280 | SourceQoS: enabled=1/in=8/out=6/dropped=2/active_cd=0/drops=source_qos_cap:2 | Ingest: q=0/oldest=0.0s/drop_old=0/dedup_skip=0/enq=0/drain=4 | Sources: dex_boosts:ok=1/fail=0/429=0/lim_wait=0/cd_wait=0/err=0.0%/avg=142ms; dexscreener:ok=11/fail=0/429=0/lim_wait=0/cd_wait=0/err=0.0%/avg=215ms; onchain_enrich:ok=15/fail=0/429=0/lim_wait=0/cd_wait=0/err=0.0%/avg=56ms | Tasks: 3 | RSS: 0.0MB | CycleAvg: 5.88s
2026-02-27 14:28:04,799 [INFO] [u_station_ab_night_autotune_v2] monitor.onchain_factory: ENRICH_RETRY token=0xd8a8f31f5b4a676d86342377acf181bc06ccab07 pair=0x7a0bd0e5d25f3d7b67bfcc46b164c942421637c6 attempt=1/2 delay=10s
2026-02-27 14:28:04,800 [INFO] [u_station_ab_night_autotune_v2] monitor.onchain_factory: ENRICH_RETRY token=0x1b15a534666934c8d5f38e3737bf96c49a71a7ec pair=0x77817c264e359276cf1825ceab93d6fc8d9686b4 attempt=1/2 delay=10s
2026-02-27 14:28:05,103 [INFO] [u_station_ab_night_autotune_v2] monitor.onchain_factory: ENRICH_RETRY token=0x06d3a27ae590fd6876d1050af0d380178ef06f88 pair=0x436749a0808c69687eeec7a980c491f4fad7ba73 attempt=1/2 delay=10s
2026-02-27 14:28:15,328 [INFO] [u_station_ab_night_autotune_v2] __main__: WATCHLIST merged count=4
2026-02-27 14:28:15,328 [INFO] [u_station_ab_night_autotune_v2] trading.v2_runtime: V2_UNIVERSE in=5 dedup=5 out=5 target=5 novel_target=5 novel_out=1 repeat_dropped=0 symbol_dropped=0 surge_in=1 surge_target=1 surge_out=1
2026-02-27 14:28:15,328 [INFO] [u_station_ab_night_autotune_v2] __main__: V2_SOURCE_QOS_FILTER in=5 out=3 drops={'source_qos_cap': 2} caps={'watchlist': 2, 'unknown': 0}
2026-02-27 14:28:15,328 [INFO] [u_station_ab_night_autotune_v2] __main__: FILTER_FAIL token=VIRTUAL reason=source_qos_cap source=watchlist used=2/2
2026-02-27 14:28:15,332 [INFO] [u_station_ab_night_autotune_v2] __main__: FILTER_FAIL token=AERO reason=source_qos_cap source=watchlist used=2/2
2026-02-27 14:28:15,332 [INFO] [u_station_ab_night_autotune_v2] __main__: FILTER_PASS token=cbBTC tier=A score=100 mode=GREEN risk=MEDIUM liq=24212802 vol5m=124766
2026-02-27 14:28:15,334 [INFO] [u_station_ab_night_autotune_v2] __main__: FILTER_PASS token=ToruCeoAI tier=A score=100 mode=GREEN risk=MEDIUM liq=114261 vol5m=28857
2026-02-27 14:28:15,334 [INFO] [u_station_ab_night_autotune_v2] __main__: FILTER_FAIL token=AI reason=score_min score=40 strict_min=48 soft_min=48 mode=GREEN
2026-02-27 14:28:15,334 [INFO] [u_station_ab_night_autotune_v2] __main__: V2_QUALITY_GATE enabled=True regime=GREEN in=2 out=2 core_out=1 explore_out=1 probe_out=0 quota=1 max_symbol_share=0.500 drop={} sources_used={'watchlist': 2}
2026-02-27 14:28:15,334 [INFO] [u_station_ab_night_autotune_v2] __main__: V2_ENTRY_ROUTE enabled=True regime=GREEN in=2 out=2 core_out=1 explore_out=1 quota=1 allow_explore=True
2026-02-27 14:28:15,334 [INFO] [u_station_ab_night_autotune_v2] __main__: MARKET_REGIME mode=GREEN reason=avg_cand=2.67 avg_cand_recent=2.67
2026-02-27 14:28:15,334 [INFO] [u_station_ab_night_autotune_v2] trading.auto_trader: AutoTrade adjust token=cbBTC reason=min_trade_floor size=$0.10->$0.10 min=$0.10
2026-02-27 14:28:15,334 [INFO] [u_station_ab_night_autotune_v2] trading.auto_trader: AutoTrade skip token=cbBTC reason=ev_net_low expected_net=$-0.00360 min=$-0.00231 samples=40 conf=1.00 pwin=0.40 avg_win=$0.0054 avg_loss=$0.0075 kelly=0.000 mem=sparse trades=6<18
2026-02-27 14:28:15,334 [INFO] [u_station_ab_night_autotune_v2] trading.auto_trader: AutoTrade skip token=ToruCeoAI reason=core_l1_block cluster=s3|l1|v3|m3|r1 entry_channel=core
2026-02-27 14:28:15,334 [INFO] [u_station_ab_night_autotune_v2] trading.auto_trader: AutoTrade batch mode=top_n candidates=2 eligible=2 selected=2 opened=0 pe=off burst_window=0
2026-02-27 14:28:15,334 [INFO] [u_station_ab_night_autotune_v2] trading.auto_trader: PAPER_SUMMARY window=60s closed_delta=0 wins_delta=0 losses_delta=0 realized_delta=$0.00 total_closed=109 winrate_total=42.2% realized_total=$0.30 balance=$7.30 equity=$7.30 open=0
2026-02-27 14:28:15,334 [INFO] [u_station_ab_night_autotune_v2] __main__: Scanned 5 tokens | High quality: 2 | Alerts sent: 0 | Trade candidates: 2 | Quality out/core/explore/probe: 2/1/1/0 | Opened: 0 | Mode: local | Source: onchain+market | Policy: raw=OK/effective=OK(healthy | route=allow_all) | Regime: GREEN(avg_cand=2.67) | Safety: checked=2 fail_closed=0 reasons=api_code_4029:2 | FiltersTop(session): source_qos_cap:23,safe_age:6,score_min:5,source_qos_symbol_cap:4 | Dedup: heavy_skip=0 override=0 | V2Budget: 2/280 | SourceQoS: enabled=1/in=5/out=3/dropped=2/active_cd=0/drops=source_qos_cap:2 | Ingest: q=0/oldest=0.0s/drop_old=0/dedup_skip=0/enq=0/drain=0 | Sources: dex_boosts:ok=1/fail=0/429=0/lim_wait=0/cd_wait=0/err=0.0%/avg=40ms; dexscreener:ok=11/fail=0/429=0/lim_wait=0/cd_wait=0/err=0.0%/avg=46ms; onchain_enrich:ok=11/fail=0/429=0/lim_wait=0/cd_wait=0/err=0.0%/avg=79ms; onchain_weth_price:ok=1/fail=0/429=0/lim_wait=0/cd_wait=0/err=0.0%/avg=67ms | Tasks: 3 | RSS: 0.0MB | CycleAvg: 6.17s
2026-02-27 14:28:19,616 [INFO] [u_station_ab_night_autotune_v2] monitor.onchain_factory: PAIR_DETECTED source=uniswap_v2 dex=uniswap_v2 pair=0x08db8a1559eded2521cd80a554a4b1add0f38608 token0=0x1315b5c06d497a8d38365040766e99a5bf211cea token1=0x4200000000000000000000000000000000000006 block=42704772 factory=0x8909dc15e40173ff4699343b6eb8132c65e18ec6
2026-02-27 14:28:19,834 [INFO] [u_station_ab_night_autotune_v2] monitor.onchain_factory: ENRICH_RETRY token=0x06d3a27ae590fd6876d1050af0d380178ef06f88 pair=0x436749a0808c69687eeec7a980c491f4fad7ba73 attempt=1/2 delay=10s
2026-02-27 14:28:20,086 [INFO] [u_station_ab_night_autotune_v2] monitor.onchain_factory: ENRICH_RETRY token=0x1315b5c06d497a8d38365040766e99a5bf211cea pair=0x08db8a1559eded2521cd80a554a4b1add0f38608 attempt=1/2 delay=10s
2026-02-27 14:28:20,304 [INFO] [u_station_ab_night_autotune_v2] monitor.onchain_factory: ENRICH_RETRY token=0x1b15a534666934c8d5f38e3737bf96c49a71a7ec pair=0x77817c264e359276cf1825ceab93d6fc8d9686b4 attempt=1/2 delay=10s
2026-02-27 14:28:30,392 [INFO] [u_station_ab_night_autotune_v2] __main__: WATCHLIST merged count=4
2026-02-27 14:28:30,393 [INFO] [u_station_ab_night_autotune_v2] trading.v2_runtime: V2_UNIVERSE in=4 dedup=4 out=4 target=4 novel_target=4 novel_out=0 repeat_dropped=0 symbol_dropped=0 surge_in=1 surge_target=1 surge_out=1
2026-02-27 14:28:30,394 [INFO] [u_station_ab_night_autotune_v2] __main__: V2_SOURCE_QOS_FILTER in=4 out=3 drops={'source_qos_cap': 1} caps={'watchlist': 3}
2026-02-27 14:28:30,396 [INFO] [u_station_ab_night_autotune_v2] __main__: FILTER_FAIL token=AERO reason=source_qos_cap source=watchlist used=3/3
2026-02-27 14:28:30,396 [INFO] [u_station_ab_night_autotune_v2] __main__: FILTER_PASS token=cbBTC tier=A score=100 mode=GREEN risk=MEDIUM liq=24212802 vol5m=124766
2026-02-27 14:28:30,396 [INFO] [u_station_ab_night_autotune_v2] __main__: FILTER_PASS token=ToruCeoAI tier=A score=100 mode=GREEN risk=MEDIUM liq=114261 vol5m=28857
2026-02-27 14:28:30,398 [INFO] [u_station_ab_night_autotune_v2] __main__: FILTER_PASS token=VIRTUAL tier=A score=75 mode=GREEN risk=MEDIUM liq=7404445 vol5m=291
2026-02-27 14:28:30,398 [INFO] [u_station_ab_night_autotune_v2] __main__: V2_QUALITY_GATE enabled=True regime=GREEN in=3 out=3 core_out=1 explore_out=2 probe_out=0 quota=2 max_symbol_share=0.333 drop={} sources_used={'watchlist': 3}
2026-02-27 14:28:30,398 [INFO] [u_station_ab_night_autotune_v2] __main__: V2_ENTRY_ROUTE enabled=True regime=GREEN in=3 out=2 core_out=1 explore_out=1 quota=1 allow_explore=True
2026-02-27 14:28:30,398 [INFO] [u_station_ab_night_autotune_v2] __main__: MARKET_REGIME mode=GREEN reason=avg_cand=2.67 avg_cand_recent=2.67
2026-02-27 14:28:30,398 [INFO] [u_station_ab_night_autotune_v2] trading.auto_trader: AutoTrade adjust token=cbBTC reason=min_trade_floor size=$0.10->$0.10 min=$0.10
2026-02-27 14:28:30,398 [INFO] [u_station_ab_night_autotune_v2] trading.auto_trader: AutoTrade skip token=cbBTC reason=ev_net_low expected_net=$-0.00360 min=$-0.00231 samples=40 conf=1.00 pwin=0.40 avg_win=$0.0054 avg_loss=$0.0075 kelly=0.000 mem=sparse trades=6<18
2026-02-27 14:28:30,398 [INFO] [u_station_ab_night_autotune_v2] trading.auto_trader: AutoTrade skip token=ToruCeoAI reason=core_l1_block cluster=s3|l1|v3|m3|r1 entry_channel=core
2026-02-27 14:28:30,403 [INFO] [u_station_ab_night_autotune_v2] trading.auto_trader: AutoTrade batch mode=top_n candidates=2 eligible=2 selected=2 opened=0 pe=off burst_window=0
2026-02-27 14:28:30,405 [INFO] [u_station_ab_night_autotune_v2] __main__: Scanned 4 tokens | High quality: 3 | Alerts sent: 0 | Trade candidates: 3 | Quality out/core/explore/probe: 3/1/2/0 | Opened: 0 | Mode: local | Source: onchain+market | Policy: raw=OK/effective=OK(healthy | route=allow_all) | Regime: GREEN(avg_cand=2.67) | Safety: checked=3 fail_closed=0 reasons=api_code_4029:3 | FiltersTop(session): source_qos_cap:24,safe_age:6,score_min:5,source_qos_symbol_cap:4 | Dedup: heavy_skip=0 override=0 | V2Budget: 3/280 | SourceQoS: enabled=1/in=4/out=3/dropped=1/active_cd=0/drops=source_qos_cap:1 | Ingest: q=0/oldest=0.0s/drop_old=0/dedup_skip=0/enq=0/drain=0 | Sources: dex_boosts:ok=1/fail=0/429=0/lim_wait=0/cd_wait=0/err=0.0%/avg=39ms; dexscreener:ok=11/fail=0/429=0/lim_wait=0/cd_wait=0/err=0.0%/avg=55ms; onchain_enrich:ok=12/fail=0/429=0/lim_wait=0/cd_wait=0/err=0.0%/avg=98ms | Tasks: 3 | RSS: 0.0MB | CycleAvg: 6.44s
2026-02-27 14:28:34,935 [INFO] [u_station_ab_night_autotune_v2] monitor.onchain_factory: ENRICH_RETRY token=0x06d3a27ae590fd6876d1050af0d380178ef06f88 pair=0x436749a0808c69687eeec7a980c491f4fad7ba73 attempt=1/2 delay=10s
2026-02-27 14:28:34,935 [INFO] [u_station_ab_night_autotune_v2] monitor.onchain_factory: ENRICH_RETRY token=0x1b15a534666934c8d5f38e3737bf96c49a71a7ec pair=0x77817c264e359276cf1825ceab93d6fc8d9686b4 attempt=1/2 delay=10s
2026-02-27 14:28:35,004 [INFO] [u_station_ab_night_autotune_v2] monitor.onchain_factory: ENRICH_RETRY token=0x1315b5c06d497a8d38365040766e99a5bf211cea pair=0x08db8a1559eded2521cd80a554a4b1add0f38608 attempt=1/2 delay=10s
2026-02-27 14:28:45,319 [INFO] [u_station_ab_night_autotune_v2] __main__: WATCHLIST merged count=4
2026-02-27 14:28:45,335 [INFO] [u_station_ab_night_autotune_v2] trading.v2_runtime: V2_UNIVERSE in=4 dedup=4 out=4 target=4 novel_target=4 novel_out=0 repeat_dropped=0 symbol_dropped=0 surge_in=1 surge_target=1 surge_out=1
2026-02-27 14:28:45,335 [INFO] [u_station_ab_night_autotune_v2] __main__: V2_SOURCE_QOS_FILTER in=4 out=3 drops={'source_qos_cap': 1} caps={'watchlist': 3}
2026-02-27 14:28:45,335 [INFO] [u_station_ab_night_autotune_v2] __main__: FILTER_FAIL token=AERO reason=source_qos_cap source=watchlist used=3/3
2026-02-27 14:28:45,335 [INFO] [u_station_ab_night_autotune_v2] __main__: FILTER_PASS token=cbBTC tier=A score=100 mode=GREEN risk=MEDIUM liq=24212802 vol5m=124766
2026-02-27 14:28:45,335 [INFO] [u_station_ab_night_autotune_v2] __main__: FILTER_PASS token=ToruCeoAI tier=A score=100 mode=GREEN risk=MEDIUM liq=114261 vol5m=28857
2026-02-27 14:28:45,335 [INFO] [u_station_ab_night_autotune_v2] __main__: FILTER_PASS token=VIRTUAL tier=A score=75 mode=GREEN risk=MEDIUM liq=7404445 vol5m=291
2026-02-27 14:28:45,335 [INFO] [u_station_ab_night_autotune_v2] __main__: V2_QUALITY_GATE enabled=True regime=GREEN in=3 out=3 core_out=1 explore_out=2 probe_out=0 quota=2 max_symbol_share=0.333 drop={} sources_used={'watchlist': 3}
2026-02-27 14:28:45,335 [INFO] [u_station_ab_night_autotune_v2] __main__: V2_ENTRY_ROUTE enabled=True regime=GREEN in=3 out=2 core_out=1 explore_out=1 quota=1 allow_explore=True
2026-02-27 14:28:45,335 [INFO] [u_station_ab_night_autotune_v2] __main__: MARKET_REGIME mode=GREEN reason=avg_cand=2.67 avg_cand_recent=2.67
2026-02-27 14:28:45,354 [INFO] [u_station_ab_night_autotune_v2] trading.auto_trader: AutoTrade adjust token=cbBTC reason=min_trade_floor size=$0.10->$0.10 min=$0.10
2026-02-27 14:28:45,354 [INFO] [u_station_ab_night_autotune_v2] trading.auto_trader: AutoTrade skip token=cbBTC reason=ev_net_low expected_net=$-0.00360 min=$-0.00231 samples=40 conf=1.00 pwin=0.40 avg_win=$0.0054 avg_loss=$0.0075 kelly=0.000 mem=sparse trades=6<18
2026-02-27 14:28:45,354 [INFO] [u_station_ab_night_autotune_v2] trading.auto_trader: AutoTrade skip token=ToruCeoAI reason=core_l1_block cluster=s3|l1|v3|m3|r1 entry_channel=core
2026-02-27 14:28:45,354 [INFO] [u_station_ab_night_autotune_v2] trading.auto_trader: AutoTrade batch mode=top_n candidates=2 eligible=2 selected=2 opened=0 pe=off burst_window=0
2026-02-27 14:28:45,354 [INFO] [u_station_ab_night_autotune_v2] __main__: Scanned 4 tokens | High quality: 3 | Alerts sent: 0 | Trade candidates: 3 | Quality out/core/explore/probe: 3/1/2/0 | Opened: 0 | Mode: local | Source: onchain+market | Policy: raw=OK/effective=OK(healthy | route=allow_all) | Regime: GREEN(avg_cand=2.67) | Safety: checked=3 fail_closed=0 reasons=api_code_4029:3 | FiltersTop(session): source_qos_cap:25,safe_age:6,score_min:5,source_qos_symbol_cap:4 | Dedup: heavy_skip=0 override=0 | V2Budget: 3/280 | SourceQoS: enabled=1/in=4/out=3/dropped=1/active_cd=0/drops=source_qos_cap:1 | Ingest: q=0/oldest=0.0s/drop_old=0/dedup_skip=0/enq=0/drain=0 | Sources: dex_boosts:ok=1/fail=0/429=0/lim_wait=0/cd_wait=0/err=0.0%/avg=59ms; dexscreener:ok=11/fail=0/429=0/lim_wait=0/cd_wait=0/err=0.0%/avg=232ms; onchain_enrich:ok=12/fail=0/429=0/lim_wait=0/cd_wait=0/err=0.0%/avg=74ms | Tasks: 3 | RSS: 0.0MB | CycleAvg: 6.68s
2026-02-27 14:28:49,796 [INFO] [u_station_ab_night_autotune_v2] monitor.onchain_factory: PAIR_DETECTED source=uniswap_v3 dex=uniswap_v3 pair=0x3e2c6b191511aaffcc1248fdc96a754da38039bd token0=0x2193ddbfe1e490ce925f3caea625881f0b1248da token1=0x4200000000000000000000000000000000000006 block=42704783 factory=0x33128a8fc17869897dce68ed026d694621f6fdfd
2026-02-27 14:28:49,881 [INFO] [u_station_ab_night_autotune_v2] monitor.onchain_factory: ENRICH_RETRY token=0x1b15a534666934c8d5f38e3737bf96c49a71a7ec pair=0x77817c264e359276cf1825ceab93d6fc8d9686b4 attempt=1/2 delay=10s
2026-02-27 14:28:49,897 [INFO] [u_station_ab_night_autotune_v2] monitor.onchain_factory: ENRICH_RETRY token=0x06d3a27ae590fd6876d1050af0d380178ef06f88 pair=0x436749a0808c69687eeec7a980c491f4fad7ba73 attempt=1/2 delay=10s
2026-02-27 14:28:49,938 [INFO] [u_station_ab_night_autotune_v2] monitor.onchain_factory: ENRICH_RETRY token=0x1315b5c06d497a8d38365040766e99a5bf211cea pair=0x08db8a1559eded2521cd80a554a4b1add0f38608 attempt=1/2 delay=10s
2026-02-27 14:28:50,355 [INFO] [u_station_ab_night_autotune_v2] monitor.onchain_factory: ENRICH_RETRY token=0x2193ddbfe1e490ce925f3caea625881f0b1248da pair=0x3e2c6b191511aaffcc1248fdc96a754da38039bd attempt=1/2 delay=10s
2026-02-27 14:29:00,420 [INFO] [u_station_ab_night_autotune_v2] __main__: WATCHLIST merged count=4
2026-02-27 14:29:00,420 [INFO] [u_station_ab_night_autotune_v2] trading.v2_runtime: V2_UNIVERSE in=5 dedup=5 out=5 target=5 novel_target=5 novel_out=1 repeat_dropped=0 symbol_dropped=0 surge_in=1 surge_target=1 surge_out=1
2026-02-27 14:29:00,420 [INFO] [u_station_ab_night_autotune_v2] __main__: V2_SOURCE_QOS_FILTER in=5 out=3 drops={'source_qos_cap': 2} caps={'watchlist': 2, 'unknown': 0}
2026-02-27 14:29:00,420 [INFO] [u_station_ab_night_autotune_v2] __main__: FILTER_FAIL token=VIRTUAL reason=source_qos_cap source=watchlist used=2/2
2026-02-27 14:29:00,420 [INFO] [u_station_ab_night_autotune_v2] __main__: FILTER_FAIL token=AERO reason=source_qos_cap source=watchlist used=2/2
2026-02-27 14:29:00,420 [INFO] [u_station_ab_night_autotune_v2] __main__: FILTER_PASS token=cbBTC tier=A score=100 mode=GREEN risk=MEDIUM liq=24212802 vol5m=124766
2026-02-27 14:29:00,420 [INFO] [u_station_ab_night_autotune_v2] __main__: FILTER_PASS token=ToruCeoAI tier=A score=100 mode=GREEN risk=MEDIUM liq=114261 vol5m=28857
2026-02-27 14:29:00,420 [INFO] [u_station_ab_night_autotune_v2] __main__: FILTER_FAIL token=Ranmaru reason=score_min score=40 strict_min=48 soft_min=48 mode=GREEN
2026-02-27 14:29:00,420 [INFO] [u_station_ab_night_autotune_v2] __main__: V2_QUALITY_GATE enabled=True regime=GREEN in=2 out=2 core_out=1 explore_out=1 probe_out=0 quota=1 max_symbol_share=0.500 drop={} sources_used={'watchlist': 2}
2026-02-27 14:29:00,420 [INFO] [u_station_ab_night_autotune_v2] __main__: V2_ENTRY_ROUTE enabled=True regime=GREEN in=2 out=2 core_out=1 explore_out=1 quota=1 allow_explore=True
2026-02-27 14:29:00,420 [INFO] [u_station_ab_night_autotune_v2] __main__: MARKET_REGIME mode=GREEN reason=avg_cand=2.58 avg_cand_recent=2.58
2026-02-27 14:29:00,435 [INFO] [u_station_ab_night_autotune_v2] trading.auto_trader: AutoTrade adjust token=cbBTC reason=min_trade_floor size=$0.10->$0.10 min=$0.10
2026-02-27 14:29:00,437 [INFO] [u_station_ab_night_autotune_v2] trading.auto_trader: AutoTrade skip token=cbBTC reason=ev_net_low expected_net=$-0.00360 min=$-0.00231 samples=40 conf=1.00 pwin=0.40 avg_win=$0.0054 avg_loss=$0.0075 kelly=0.000 mem=sparse trades=6<18
2026-02-27 14:29:00,438 [INFO] [u_station_ab_night_autotune_v2] trading.auto_trader: AutoTrade skip token=ToruCeoAI reason=core_l1_block cluster=s3|l1|v3|m3|r1 entry_channel=core
2026-02-27 14:29:00,438 [INFO] [u_station_ab_night_autotune_v2] trading.auto_trader: AutoTrade batch mode=top_n candidates=2 eligible=2 selected=2 opened=0 pe=off burst_window=0
2026-02-27 14:29:00,438 [INFO] [u_station_ab_night_autotune_v2] __main__: Scanned 5 tokens | High quality: 2 | Alerts sent: 0 | Trade candidates: 2 | Quality out/core/explore/probe: 2/1/1/0 | Opened: 0 | Mode: local | Source: onchain+market | Policy: raw=OK/effective=OK(healthy | route=allow_all) | Regime: GREEN(avg_cand=2.58) | Safety: checked=2 fail_closed=0 reasons=api_code_4029:2 | FiltersTop(session): source_qos_cap:27,safe_age:6,score_min:6,source_qos_symbol_cap:4 | Dedup: heavy_skip=0 override=0 | V2Budget: 2/280 | SourceQoS: enabled=1/in=5/out=3/dropped=2/active_cd=0/drops=source_qos_cap:2 | Ingest: q=4/oldest=2.1s/drop_old=0/dedup_skip=0/enq=4/drain=0 | Sources: dex_boosts:ok=1/fail=0/429=0/lim_wait=0/cd_wait=0/err=0.0%/avg=63ms; dexscreener:ok=11/fail=0/429=0/lim_wait=0/cd_wait=0/err=0.0%/avg=53ms; geckoterminal:ok=1/fail=0/429=0/lim_wait=0/cd_wait=0/err=0.0%/avg=715ms; onchain_enrich:ok=15/fail=0/429=0/lim_wait=0/cd_wait=0/err=0.0%/avg=98ms | Tasks: 3 | RSS: 0.0MB | CycleAvg: 6.89s
2026-02-27 14:29:04,920 [INFO] [u_station_ab_night_autotune_v2] monitor.onchain_factory: ENRICH_RETRY token=0x2193ddbfe1e490ce925f3caea625881f0b1248da pair=0x3e2c6b191511aaffcc1248fdc96a754da38039bd attempt=1/2 delay=10s
2026-02-27 14:29:04,936 [INFO] [u_station_ab_night_autotune_v2] monitor.onchain_factory: ENRICH_RETRY token=0x06d3a27ae590fd6876d1050af0d380178ef06f88 pair=0x436749a0808c69687eeec7a980c491f4fad7ba73 attempt=1/2 delay=10s
2026-02-27 14:29:04,953 [INFO] [u_station_ab_night_autotune_v2] monitor.onchain_factory: ENRICH_RETRY token=0x1b15a534666934c8d5f38e3737bf96c49a71a7ec pair=0x77817c264e359276cf1825ceab93d6fc8d9686b4 attempt=1/2 delay=10s
2026-02-27 14:29:15,019 [INFO] [u_station_ab_night_autotune_v2] __main__: WATCHLIST merged count=4
2026-02-27 14:29:15,019 [INFO] [u_station_ab_night_autotune_v2] trading.v2_runtime: V2_UNIVERSE in=8 dedup=8 out=8 target=8 novel_target=7 novel_out=2 repeat_dropped=0 symbol_dropped=0 surge_in=3 surge_target=2 surge_out=3
2026-02-27 14:29:15,019 [INFO] [u_station_ab_night_autotune_v2] __main__: V2_SOURCE_QOS_FILTER in=8 out=6 drops={'source_qos_cap': 2} caps={'geckoterminal': 287, 'watchlist': 2}
2026-02-27 14:29:15,035 [INFO] [u_station_ab_night_autotune_v2] __main__: FILTER_FAIL token=VIRTUAL reason=source_qos_cap source=watchlist used=2/2
2026-02-27 14:29:15,035 [INFO] [u_station_ab_night_autotune_v2] __main__: FILTER_FAIL token=AERO reason=source_qos_cap source=watchlist used=2/2
2026-02-27 14:29:15,035 [INFO] [u_station_ab_night_autotune_v2] __main__: FILTER_FAIL token=AI reason=safe_age
2026-02-27 14:29:15,035 [INFO] [u_station_ab_night_autotune_v2] __main__: FILTER_PASS token=cbBTC tier=A score=100 mode=GREEN risk=MEDIUM liq=24212802 vol5m=124766
2026-02-27 14:29:15,035 [INFO] [u_station_ab_night_autotune_v2] __main__: FILTER_FAIL token=ClawCash reason=safe_age
2026-02-27 14:29:15,035 [INFO] [u_station_ab_night_autotune_v2] __main__: FILTER_PASS token=ToruCeoAI tier=A score=100 mode=GREEN risk=MEDIUM liq=114261 vol5m=28857
2026-02-27 14:29:15,035 [INFO] [u_station_ab_night_autotune_v2] __main__: FILTER_FAIL token=Overtime reason=safe_age
2026-02-27 14:29:15,035 [INFO] [u_station_ab_night_autotune_v2] __main__: FILTER_FAIL token=Ranmaru reason=score_min score=40 strict_min=48 soft_min=48 mode=GREEN
2026-02-27 14:29:15,035 [INFO] [u_station_ab_night_autotune_v2] __main__: V2_QUALITY_GATE enabled=True regime=GREEN in=2 out=2 core_out=1 explore_out=1 probe_out=0 quota=1 max_symbol_share=0.500 drop={} sources_used={'watchlist': 2}
2026-02-27 14:29:15,035 [INFO] [u_station_ab_night_autotune_v2] __main__: V2_ENTRY_ROUTE enabled=True regime=GREEN in=2 out=2 core_out=1 explore_out=1 quota=1 allow_explore=True
2026-02-27 14:29:15,035 [INFO] [u_station_ab_night_autotune_v2] __main__: MARKET_REGIME mode=GREEN reason=avg_cand=2.50 avg_cand_recent=2.50
2026-02-27 14:29:15,035 [INFO] [u_station_ab_night_autotune_v2] trading.auto_trader: AutoTrade adjust token=cbBTC reason=min_trade_floor size=$0.10->$0.10 min=$0.10
2026-02-27 14:29:15,035 [INFO] [u_station_ab_night_autotune_v2] trading.auto_trader: AutoTrade skip token=cbBTC reason=ev_net_low expected_net=$-0.00360 min=$-0.00231 samples=40 conf=1.00 pwin=0.40 avg_win=$0.0054 avg_loss=$0.0075 kelly=0.000 mem=sparse trades=6<18
2026-02-27 14:29:15,035 [INFO] [u_station_ab_night_autotune_v2] trading.auto_trader: AutoTrade skip token=ToruCeoAI reason=core_l1_block cluster=s3|l1|v3|m3|r1 entry_channel=core
2026-02-27 14:29:15,035 [INFO] [u_station_ab_night_autotune_v2] trading.auto_trader: AutoTrade batch mode=top_n candidates=2 eligible=2 selected=2 opened=0 pe=off burst_window=0
2026-02-27 14:29:15,035 [INFO] [u_station_ab_night_autotune_v2] __main__: Scanned 8 tokens | High quality: 2 | Alerts sent: 0 | Trade candidates: 2 | Quality out/core/explore/probe: 2/1/1/0 | Opened: 0 | Mode: local | Source: onchain+market | Policy: raw=OK/effective=OK(healthy | route=allow_all) | Regime: GREEN(avg_cand=2.50) | Safety: checked=2 fail_closed=0 reasons=api_code_4029:2 | FiltersTop(session): source_qos_cap:29,safe_age:9,score_min:7,source_qos_symbol_cap:4 | Dedup: heavy_skip=0 override=0 | V2Budget: 2/280 | SourceQoS: enabled=1/in=8/out=6/dropped=2/active_cd=0/drops=source_qos_cap:2 | Ingest: q=0/oldest=0.0s/drop_old=0/dedup_skip=0/enq=0/drain=4 | Sources: dex_boosts:ok=1/fail=0/429=0/lim_wait=0/cd_wait=0/err=0.0%/avg=52ms; dexscreener:ok=11/fail=0/429=0/lim_wait=0/cd_wait=0/err=0.0%/avg=97ms; onchain_enrich:ok=12/fail=0/429=0/lim_wait=0/cd_wait=0/err=0.0%/avg=41ms | Tasks: 3 | RSS: 0.0MB | CycleAvg: 7.09s
2026-02-27 14:29:19,054 [WARNING] [u_station_ab_night_autotune_v2] __main__: GRACEFUL_STOP requested path=D:\earnforme\solana-alert-bot\data\graceful_stop.u_station_ab_night_autotune_v2.signal
2026-02-27 14:29:19,119 [INFO] [u_station_ab_night_autotune_v2] trading.auto_trader: AUTOTRADER_SHUTDOWN reason=main_local_shutdown open=0 closed=109
