2026-02-27 18:18:19,820 [INFO] [u_station_ab_night_autotune_v2] __main__: SESSION_LOG file=logs/matrix/u_station_ab_night_autotune_v2\sessions\main_local_20260227_171819_pid15004.log
2026-02-27 18:18:19,850 [INFO] [u_station_ab_night_autotune_v2] trading.auto_trader_state: AutoTrade state loaded open=0 closed=127 balance=$7.29
2026-02-27 18:18:19,862 [WARNING] [u_station_ab_night_autotune_v2] trading.auto_trader: DATA_POLICY mode=OK reason=init_reset_manual prev_mode=OK prev_reason=healthy | route=allow_all
2026-02-27 18:18:19,862 [INFO] [u_station_ab_night_autotune_v2] __main__: AUTOTRADER_INIT state=ready reason=manual mode=paper
2026-02-27 18:18:19,864 [INFO] [u_station_ab_night_autotune_v2] __main__: Local mode started (Telegram disabled).
2026-02-27 18:18:19,984 [WARNING] [u_station_ab_night_autotune_v2] __main__: RUNTIME_TUNER_CONTROL active run_tag=u_station_ab_night_autotune_v2: local adaptive controllers locked (kpi/calibration/rolling/orchestrator).
2026-02-27 18:18:20,435 [INFO] [u_station_ab_night_autotune_v2] monitor.onchain_factory: PAIR_DETECTED source=uniswap_v2 dex=uniswap_v2 pair=0xe593589cc3cbd8074da748d191a55f670c51f1a1 token0=0x4200000000000000000000000000000000000006 token1=0xc037fad20a3dfe3f8fa294f5a041d417410cab07 block=42711591 factory=0x8909dc15e40173ff4699343b6eb8132c65e18ec6
2026-02-27 18:18:20,436 [INFO] [u_station_ab_night_autotune_v2] monitor.onchain_factory: PAIR_DETECTED source=uniswap_v2 dex=uniswap_v2 pair=0x5a1b87418006fb63cfd2a262db9fc0ee5046bfa5 token0=0x4200000000000000000000000000000000000006 token1=0x9ecbf31408553fd41ea504dadce9213293c8eb07 block=42711598 factory=0x8909dc15e40173ff4699343b6eb8132c65e18ec6
2026-02-27 18:18:20,436 [INFO] [u_station_ab_night_autotune_v2] monitor.onchain_factory: PAIR_DETECTED source=uniswap_v2 dex=uniswap_v2 pair=0xa69473d11a2f247350b2cbc790555c1670532562 token0=0x4200000000000000000000000000000000000006 token1=0x70d84522a6dd4b1579d12c8740911b0e4faeab07 block=42711636 factory=0x8909dc15e40173ff4699343b6eb8132c65e18ec6
2026-02-27 18:18:20,437 [INFO] [u_station_ab_night_autotune_v2] monitor.onchain_factory: PAIR_DETECTED source=uniswap_v2 dex=uniswap_v2 pair=0x617240861a13d978695eba3c88114bf8e9f578ff token0=0x4200000000000000000000000000000000000006 token1=0x85e645644152088c5c84038b8ee57135a95300e5 block=42711641 factory=0x8909dc15e40173ff4699343b6eb8132c65e18ec6
2026-02-27 18:18:20,438 [INFO] [u_station_ab_night_autotune_v2] monitor.onchain_factory: PAIR_DETECTED source=uniswap_v2 dex=uniswap_v2 pair=0xb0e5b598f1a9525393db01367b2116b2ad4f5aa1 token0=0x4200000000000000000000000000000000000006 token1=0x7c69dbbff9e1f0f371f4c251629d2677f34d5ba3 block=42711662 factory=0x8909dc15e40173ff4699343b6eb8132c65e18ec6
2026-02-27 18:18:20,873 [INFO] [u_station_ab_night_autotune_v2] monitor.onchain_factory: ENRICH_RETRY token=0x7c69dbbff9e1f0f371f4c251629d2677f34d5ba3 pair=0xb0e5b598f1a9525393db01367b2116b2ad4f5aa1 attempt=1/2 delay=10s
2026-02-27 18:18:32,708 [WARNING] [u_station_ab_night_autotune_v2] monitor.watchlist: WATCHLIST low_supply fallback strict=3 final=3 min=12 relax_factor=0.50
2026-02-27 18:18:32,917 [WARNING] [u_station_ab_night_autotune_v2] monitor.watchlist: WATCHLIST low_supply fallback added=2 final=5
2026-02-27 18:18:32,918 [INFO] [u_station_ab_night_autotune_v2] __main__: WATCHLIST merged count=5
2026-02-27 18:18:32,919 [INFO] [u_station_ab_night_autotune_v2] trading.v2_runtime: V2_UNIVERSE in=19 dedup=19 out=19 target=19 novel_target=17 novel_out=19 repeat_dropped=0 symbol_dropped=0 surge_in=7 surge_target=5 surge_out=7
2026-02-27 18:18:32,920 [INFO] [u_station_ab_night_autotune_v2] __main__: V2_SOURCE_QOS_FILTER in=19 out=16 drops={'source_qos_symbol_cap': 2, 'source_qos_cap': 1} caps={'geckoterminal': 317, 'unknown': 0, 'watchlist': 4}
2026-02-27 18:18:32,921 [INFO] [u_station_ab_night_autotune_v2] __main__: FILTER_FAIL token=Kamal reason=source_qos_symbol_cap symbol=KAMAL used=1/1
2026-02-27 18:18:32,922 [INFO] [u_station_ab_night_autotune_v2] __main__: FILTER_FAIL token=MAGPIE reason=source_qos_symbol_cap symbol=MAGPIE used=1/1
2026-02-27 18:18:32,923 [INFO] [u_station_ab_night_autotune_v2] __main__: FILTER_FAIL token=DEFI.ssi reason=source_qos_cap source=watchlist used=4/4
2026-02-27 18:18:32,924 [INFO] [u_station_ab_night_autotune_v2] __main__: FILTER_FAIL token=Kamal reason=safe_age
2026-02-27 18:18:32,925 [INFO] [u_station_ab_night_autotune_v2] __main__: FILTER_FAIL token=Magpie reason=safe_age
2026-02-27 18:18:32,926 [INFO] [u_station_ab_night_autotune_v2] __main__: FILTER_FAIL token=JOB reason=safe_age
2026-02-27 18:18:32,927 [INFO] [u_station_ab_night_autotune_v2] __main__: FILTER_FAIL token=Arturo reason=safe_age
2026-02-27 18:18:32,929 [INFO] [u_station_ab_night_autotune_v2] __main__: FILTER_FAIL token=DREW reason=safe_age
2026-02-27 18:18:32,929 [INFO] [u_station_ab_night_autotune_v2] __main__: FILTER_PASS token=AERO tier=A score=95 mode=YELLOW risk=MEDIUM liq=1276986 vol5m=8575
2026-02-27 18:18:32,931 [INFO] [u_station_ab_night_autotune_v2] __main__: FILTER_PASS token=CLAWD tier=A score=100 mode=YELLOW risk=MEDIUM liq=1592545 vol5m=13770
2026-02-27 18:18:32,933 [INFO] [u_station_ab_night_autotune_v2] __main__: FILTER_FAIL token=WORK reason=safe_age
2026-02-27 18:18:32,933 [INFO] [u_station_ab_night_autotune_v2] __main__: FILTER_PASS token=ETH tier=A score=85 mode=YELLOW risk=MEDIUM liq=823339 vol5m=2973
2026-02-27 18:18:32,935 [INFO] [u_station_ab_night_autotune_v2] __main__: FILTER_FAIL token=CPS reason=score_min score=20 strict_min=48 soft_min=48 mode=YELLOW
2026-02-27 18:18:32,936 [INFO] [u_station_ab_night_autotune_v2] __main__: FILTER_FAIL token=FEMO reason=safe_volume vol5m=2 min=6 regime=YELLOW
2026-02-27 18:18:32,938 [INFO] [u_station_ab_night_autotune_v2] __main__: FILTER_FAIL token=VIRTUAL reason=safe_volume vol5m=3 min=6 regime=YELLOW
2026-02-27 18:18:32,939 [INFO] [u_station_ab_night_autotune_v2] __main__: FILTER_FAIL token=Base reason=safe_volume vol5m=0 min=6 regime=YELLOW
2026-02-27 18:18:32,940 [INFO] [u_station_ab_night_autotune_v2] __main__: FILTER_FAIL token=NOOK reason=excluded_symbol
2026-02-27 18:18:32,941 [INFO] [u_station_ab_night_autotune_v2] __main__: FILTER_FAIL token=KOKO reason=safe_volume vol5m=0 min=6 regime=YELLOW
2026-02-27 18:18:32,943 [INFO] [u_station_ab_night_autotune_v2] __main__: FILTER_FAIL token=BBC reason=score_min score=40 strict_min=48 soft_min=48 mode=YELLOW
2026-02-27 18:18:32,944 [INFO] [u_station_ab_night_autotune_v2] trading.v2_runtime: V2_QUALITY_ROTATE symbols_core=0 symbols_cooldown=0 sources=1 top_core=- top_cooldown=-
2026-02-27 18:18:32,945 [INFO] [u_station_ab_night_autotune_v2] __main__: V2_QUALITY_GATE enabled=True regime=YELLOW in=3 out=3 core_out=1 explore_out=2 probe_out=0 quota=2 max_symbol_share=0.333 drop={} sources_used={'watchlist': 3}
2026-02-27 18:18:32,946 [INFO] [u_station_ab_night_autotune_v2] __main__: V2_ENTRY_ROUTE enabled=True regime=YELLOW in=3 out=2 core_out=1 explore_out=1 quota=1 allow_explore=True
2026-02-27 18:18:32,946 [WARNING] [u_station_ab_night_autotune_v2] trading.auto_trader: DATA_POLICY mode=OK reason=healthy | route=allow_all prev_mode=OK prev_reason=init_reset_manual
2026-02-27 18:18:32,947 [INFO] [u_station_ab_night_autotune_v2] __main__: MARKET_REGIME mode=YELLOW reason=hysteresis_recover_wait 1/4 raw=GREEN avg_cand_recent=3.00
2026-02-27 18:18:32,970 [INFO] [u_station_ab_night_autotune_v2] trading.auto_trader: AUTO_DECISION token=CLAWD mode=YELLOW tier=A channel=core score=100 src=watchlist liq=1592545 vol5m=13770 chg5m=5.09% edge=0.83% raw=0.77% regime_mult=1.08 edge_usd=$0.004 size=$0.45 mult=1.35(score=1.15 liq=1.15 vol=1.05 volat=1.00) reinvest=0.97(growth_steps=0 drawdown=4.34% loss_streak=1 edge=5.52%) size_mode=0.80 hold_mode=1.06 exec_lane=runner exec_mult(size=1.10 hold=1.32 edge=0.94) edge_gate_mult(usd=1.00,pct=1.00) quality(edge=0.98,size=1.04 detail=src_mult=1.00 ev=0.00000 edge(src_relax=0.000 src_tight=0.000 ev_adj=-0.000) size(src_relax=0.000 src_cut=0.000 ev_adj=0.000)) costs=8.83% gas=$0.028 ev_net=$0.00041 ev_samples=148 conf=1.00 pwin=0.53 avg_win=$0.0069 avg_loss=$0.0063 kelly=0.81(k=0.094) token_ev=sparse trades=1<18 cluster=s3|l3|v3|m2|r1 cluster_route=sparse samples=1<10 breakdown={'liquidity_score': 30, 'volume_score': 30, 'risk_score': 15, 'age_score': 15, 'safety_score': 15}
2026-02-27 18:18:33,124 [INFO] [u_station_ab_night_autotune_v2] trading.auto_trader: AUTO_BUY Paper BUY token=CLAWD address=0x9f86db9fc6f7c9408e8fda3ff8ce4e78ac7a6b07 mode=YELLOW tier=A channel=core lane=runner entry=$0.00005099 size=$0.45 score=100 edge=0.83% edge_usd=$0.004 mult=1.35(score=1.15 liq=1.15 vol=1.05 volat=1.00) hold=131s costs=2.70% gas=$0.03
2026-02-27 18:18:33,214 [INFO] [u_station_ab_night_autotune_v2] trading.auto_trader: AutoTrade skip token=AERO reason=edge_low mode=both edge=-20.74% raw=-19.21% mult=1.08 min=0.04% probe_min=0.04% edge_usd=$-0.022 min_usd=$0.000 probe_min_usd=$0.000 size=$0.11 gross=9.60% costs=28.81% pwin=0.85 probe=- budget=0/1
2026-02-27 18:18:33,215 [INFO] [u_station_ab_night_autotune_v2] trading.auto_trader: AutoTrade batch mode=top_n candidates=2 eligible=2 selected=2 opened=1 pe=off burst_window=1
2026-02-27 18:18:33,469 [INFO] [u_station_ab_night_autotune_v2] __main__: FILTER_THRESHOLDS safe_volume_5m_min=$5 safe_liquidity_min=$8000 safe_age_min=240s score_min=48 edge_min=0.05% lock_floor=0.95 no_momentum_max_pnl=0.25 weakness_pnl=-2.60
2026-02-27 18:18:33,470 [INFO] [u_station_ab_night_autotune_v2] __main__: Scanned 19 tokens | High quality: 8 | Alerts sent: 0 | Trade candidates: 3 | Quality out/core/explore/probe: 3/1/2/0 | Opened: 1 | Mode: local | Source: onchain+market | Policy: raw=OK/effective=OK(healthy | route=allow_all) | Regime: YELLOW(hysteresis_recover_wait 1/4 raw=GREEN) | Safety: checked=3 fail_closed=0 reasons=api_code_4029:3 | FiltersTop(session): safe_age:6,safe_volume:4,source_qos_symbol_cap:2,score_min:2 | Dedup: heavy_skip=0 override=0 | V2Budget: 3/280 | SourceQoS: enabled=1/in=19/out=16/dropped=3/active_cd=0/drops=source_qos_symbol_cap:2,source_qos_cap:1 | Ingest: q=0/oldest=0.0s/drop_old=0/dedup_skip=0/enq=12/drain=12 | Sources: dex_boosts:ok=1/fail=0/429=0/lim_wait=0/cd_wait=0/err=0.0%/avg=125ms; dexscreener:ok=10/fail=0/429=0/lim_wait=0/cd_wait=0/err=0.0%/avg=256ms; geckoterminal:ok=2/fail=0/429=0/lim_wait=0/cd_wait=0/err=0.0%/avg=420ms; onchain_enrich:ok=8/fail=0/429=0/lim_wait=0/cd_wait=0/err=0.0%/avg=155ms; onchain_weth_price:ok=1/fail=0/429=0/lim_wait=0/cd_wait=0/err=0.0%/avg=58ms; watchlist_dex:ok=20/fail=0/429=0/lim_wait=0/cd_wait=0/err=0.0%/avg=73ms; watchlist_gecko:ok=8/fail=0/429=0/lim_wait=0/cd_wait=0/err=0.0%/avg=451ms | Tasks: 3 | RSS: 0.0MB | CycleAvg: 0.00s
2026-02-27 18:18:37,598 [WARNING] [u_station_ab_night_autotune_v2] __main__: GRACEFUL_STOP requested path=D:\earnforme\solana-alert-bot\data\graceful_stop.u_station_ab_night_autotune_v2.signal
2026-02-27 18:18:37,648 [INFO] [u_station_ab_night_autotune_v2] trading.auto_trader: AUTOTRADER_SHUTDOWN reason=main_local_shutdown open=1 closed=127
