2026-02-27 16:36:08,181 [INFO] [u_station_ab_night_autotune_v2] __main__: SESSION_LOG file=logs/matrix/u_station_ab_night_autotune_v2\sessions\main_local_20260227_153608_pid12996.log
2026-02-27 16:36:08,215 [INFO] [u_station_ab_night_autotune_v2] trading.auto_trader_state: AutoTrade state loaded open=0 closed=117 balance=$7.31
2026-02-27 16:36:08,229 [WARNING] [u_station_ab_night_autotune_v2] trading.auto_trader: DATA_POLICY mode=OK reason=init_reset_manual prev_mode=OK prev_reason=healthy | route=allow_all
2026-02-27 16:36:08,230 [INFO] [u_station_ab_night_autotune_v2] __main__: AUTOTRADER_INIT state=ready reason=manual mode=paper
2026-02-27 16:36:08,233 [INFO] [u_station_ab_night_autotune_v2] __main__: Local mode started (Telegram disabled).
2026-02-27 16:36:08,376 [WARNING] [u_station_ab_night_autotune_v2] __main__: RUNTIME_TUNER_CONTROL active run_tag=u_station_ab_night_autotune_v2: local adaptive controllers locked (kpi/calibration/rolling/orchestrator).
2026-02-27 16:36:08,823 [INFO] [u_station_ab_night_autotune_v2] monitor.onchain_factory: PAIR_DETECTED source=uniswap_v2 dex=uniswap_v2 pair=0xa8d6ca771f6f1b490b88d62cbb24845a4cb9146b token0=0x0c973ff31063079672669785168bbbec51fe7ba3 token1=0x4200000000000000000000000000000000000006 block=42708608 factory=0x8909dc15e40173ff4699343b6eb8132c65e18ec6
2026-02-27 16:36:09,337 [INFO] [u_station_ab_night_autotune_v2] monitor.onchain_factory: ENRICH_RETRY token=0x0c973ff31063079672669785168bbbec51fe7ba3 pair=0xa8d6ca771f6f1b490b88d62cbb24845a4cb9146b attempt=1/2 delay=10s
2026-02-27 16:36:21,052 [WARNING] [u_station_ab_night_autotune_v2] monitor.watchlist: WATCHLIST low_supply fallback strict=4 final=4 min=12 relax_factor=0.50
2026-02-27 16:36:21,196 [WARNING] [u_station_ab_night_autotune_v2] monitor.watchlist: WATCHLIST low_supply fallback added=7 final=11
2026-02-27 16:36:21,198 [INFO] [u_station_ab_night_autotune_v2] __main__: WATCHLIST merged count=11
2026-02-27 16:36:21,200 [INFO] [u_station_ab_night_autotune_v2] trading.v2_runtime: V2_UNIVERSE in=22 dedup=22 out=22 target=22 novel_target=19 novel_out=22 repeat_dropped=0 symbol_dropped=0 surge_in=4 surge_target=4 surge_out=4
2026-02-27 16:36:21,202 [INFO] [u_station_ab_night_autotune_v2] __main__: V2_SOURCE_QOS_FILTER in=22 out=21 drops={'source_qos_symbol_cap': 1} caps={'watchlist': 54, 'geckoterminal': 448, 'dexscreener': 453}
2026-02-27 16:36:21,205 [INFO] [u_station_ab_night_autotune_v2] __main__: FILTER_FAIL token=ToruCeoAI reason=source_qos_symbol_cap symbol=TORUCEOAI used=1/1
2026-02-27 16:36:21,208 [INFO] [u_station_ab_night_autotune_v2] __main__: FILTER_FAIL token=Pippinwhal reason=safe_age
2026-02-27 16:36:21,210 [INFO] [u_station_ab_night_autotune_v2] __main__: FILTER_FAIL token=SEDMAT reason=safe_age
2026-02-27 16:36:21,211 [INFO] [u_station_ab_night_autotune_v2] __main__: FILTER_FAIL token=ToruCeoAI reason=safe_change_5m
2026-02-27 16:36:21,212 [INFO] [u_station_ab_night_autotune_v2] __main__: FILTER_PASS token=POOPCOIN tier=A score=85 mode=YELLOW risk=MEDIUM liq=437364 vol5m=2983
2026-02-27 16:36:21,213 [INFO] [u_station_ab_night_autotune_v2] __main__: FILTER_PASS token=HOTDOGZ tier=A score=85 mode=YELLOW risk=MEDIUM liq=181136 vol5m=3476
2026-02-27 16:36:21,217 [INFO] [u_station_ab_night_autotune_v2] __main__: FILTER_FAIL token=MOLT reason=safe_age
2026-02-27 16:36:21,218 [INFO] [u_station_ab_night_autotune_v2] __main__: FILTER_PASS token=ETH tier=A score=85 mode=YELLOW risk=MEDIUM liq=830001 vol5m=2904
2026-02-27 16:36:21,219 [INFO] [u_station_ab_night_autotune_v2] __main__: FILTER_PASS token=JUNO tier=A score=85 mode=YELLOW risk=MEDIUM liq=524601 vol5m=2592
2026-02-27 16:36:21,221 [INFO] [u_station_ab_night_autotune_v2] __main__: FILTER_PASS token=VIRTUAL tier=A score=75 mode=YELLOW risk=MEDIUM liq=7371811 vol5m=351
2026-02-27 16:36:21,223 [INFO] [u_station_ab_night_autotune_v2] __main__: FILTER_PASS token=USD₮0 tier=A score=75 mode=YELLOW risk=MEDIUM liq=120534 vol5m=30
2026-02-27 16:36:21,230 [INFO] [u_station_ab_night_autotune_v2] __main__: FILTER_FAIL token=claweai reason=safe_volume vol5m=0 min=6 regime=YELLOW
2026-02-27 16:36:21,232 [INFO] [u_station_ab_night_autotune_v2] __main__: FILTER_FAIL token=Wavychu reason=safe_volume vol5m=0 min=6 regime=YELLOW
2026-02-27 16:36:21,237 [INFO] [u_station_ab_night_autotune_v2] __main__: FILTER_FAIL token=sodacat reason=score_min score=40 strict_min=48 soft_min=48 mode=YELLOW
2026-02-27 16:36:21,239 [INFO] [u_station_ab_night_autotune_v2] __main__: FILTER_FAIL token=INSTAGRAPH reason=safe_volume vol5m=0 min=6 regime=YELLOW
2026-02-27 16:36:21,241 [INFO] [u_station_ab_night_autotune_v2] __main__: FILTER_FAIL token=gnome reason=score_min score=40 strict_min=48 soft_min=48 mode=YELLOW
2026-02-27 16:36:21,243 [INFO] [u_station_ab_night_autotune_v2] __main__: FILTER_FAIL token=SenpiAI reason=safe_volume vol5m=0 min=6 regime=YELLOW
2026-02-27 16:36:21,245 [INFO] [u_station_ab_night_autotune_v2] __main__: FILTER_FAIL token=SERIA A reason=safe_volume vol5m=0 min=6 regime=YELLOW
2026-02-27 16:36:21,246 [INFO] [u_station_ab_night_autotune_v2] __main__: FILTER_FAIL token=EXO reason=safe_volume vol5m=0 min=6 regime=YELLOW
2026-02-27 16:36:21,249 [INFO] [u_station_ab_night_autotune_v2] __main__: FILTER_FAIL token=AERO reason=safe_volume vol5m=1 min=6 regime=YELLOW
2026-02-27 16:36:21,251 [INFO] [u_station_ab_night_autotune_v2] __main__: FILTER_FAIL token=DEFI.ssi reason=safe_volume vol5m=0 min=6 regime=YELLOW
2026-02-27 16:36:21,254 [INFO] [u_station_ab_night_autotune_v2] __main__: FILTER_FAIL token=MONSTRO reason=safe_volume vol5m=0 min=6 regime=YELLOW
2026-02-27 16:36:21,256 [INFO] [u_station_ab_night_autotune_v2] trading.v2_runtime: V2_QUALITY_ROTATE symbols_core=1 symbols_cooldown=0 sources=1 top_core=CBBTC:0.0002/12 top_cooldown=-
2026-02-27 16:36:21,258 [INFO] [u_station_ab_night_autotune_v2] __main__: V2_QUALITY_GATE enabled=True regime=YELLOW in=6 out=6 core_out=0 explore_out=6 probe_out=0 quota=3 max_symbol_share=0.167 drop={'duplicate_address': 3} sources_used={'watchlist': 6}
2026-02-27 16:36:21,263 [INFO] [u_station_ab_night_autotune_v2] __main__: V2_ENTRY_ROUTE enabled=True regime=YELLOW in=6 out=4 core_out=1 explore_out=3 quota=3 allow_explore=True
2026-02-27 16:36:21,264 [WARNING] [u_station_ab_night_autotune_v2] trading.auto_trader: DATA_POLICY mode=OK reason=healthy | route=allow_all prev_mode=OK prev_reason=init_reset_manual
2026-02-27 16:36:21,268 [INFO] [u_station_ab_night_autotune_v2] __main__: MARKET_REGIME mode=YELLOW reason=hysteresis_recover_wait 1/4 raw=GREEN avg_cand_recent=6.00
2026-02-27 16:36:21,273 [INFO] [u_station_ab_night_autotune_v2] trading.auto_trader: AutoTrade skip token=ETH reason=blacklist detail=honeypot_guard:honeypot_api_status_400
2026-02-27 16:36:21,413 [INFO] [u_station_ab_night_autotune_v2] trading.auto_trader: AutoTrade adjust token=JUNO reason=min_trade_floor size=$0.06->$0.10 min=$0.10
2026-02-27 16:36:21,420 [INFO] [u_station_ab_night_autotune_v2] trading.auto_trader: AutoTrade skip token=JUNO reason=edge_low mode=both edge=-26.03% raw=-24.10% mult=1.08 min=0.05% probe_min=0.05% edge_usd=$-0.026 min_usd=$0.000 probe_min_usd=$0.000 size=$0.10 gross=6.40% costs=30.50% pwin=0.65 probe=- budget=0/1
2026-02-27 16:36:21,426 [INFO] [u_station_ab_night_autotune_v2] trading.auto_trader: AutoTrade skip token=POOPCOIN reason=blacklist detail=honeypot_guard:honeypot_api_status_404
2026-02-27 16:36:21,430 [INFO] [u_station_ab_night_autotune_v2] trading.auto_trader: AutoTrade skip token=HOTDOGZ reason=blacklist detail=honeypot_guard:honeypot_api_status_404
2026-02-27 16:36:21,435 [INFO] [u_station_ab_night_autotune_v2] trading.auto_trader: AutoTrade batch mode=top_n candidates=4 eligible=4 selected=4 opened=0 pe=off burst_window=0
2026-02-27 16:36:21,438 [INFO] [u_station_ab_night_autotune_v2] __main__: FILTER_THRESHOLDS safe_volume_5m_min=$5 safe_liquidity_min=$8000 safe_age_min=240s score_min=48 edge_min=0.05% lock_floor=0.95 no_momentum_max_pnl=0.25 weakness_pnl=-2.60
2026-02-27 16:36:21,439 [INFO] [u_station_ab_night_autotune_v2] __main__: Scanned 22 tokens | High quality: 12 | Alerts sent: 0 | Trade candidates: 6 | Quality out/core/explore/probe: 6/0/6/0 | Opened: 0 | Mode: local | Source: onchain+market | Policy: raw=OK/effective=OK(healthy | route=allow_all) | Regime: YELLOW(hysteresis_recover_wait 1/4 raw=GREEN) | Safety: checked=6 fail_closed=0 reasons=api_code_4029:6 | FiltersTop(session): safe_volume:9,safe_age:3,score_min:2,source_qos_symbol_cap:1 | Dedup: heavy_skip=0 override=0 | V2Budget: 6/280 | SourceQoS: enabled=1/in=22/out=21/dropped=1/active_cd=0/drops=source_qos_symbol_cap:1 | Ingest: q=0/oldest=0.0s/drop_old=0/dedup_skip=0/enq=10/drain=10 | Sources: dex_boosts:ok=1/fail=0/429=0/lim_wait=0/cd_wait=0/err=0.0%/avg=102ms; dexscreener:ok=11/fail=0/429=0/lim_wait=0/cd_wait=0/err=0.0%/avg=95ms; geckoterminal:ok=2/fail=0/429=0/lim_wait=0/cd_wait=0/err=0.0%/avg=87ms; onchain_enrich:ok=4/fail=0/429=0/lim_wait=0/cd_wait=0/err=0.0%/avg=114ms; onchain_weth_price:ok=1/fail=0/429=0/lim_wait=0/cd_wait=0/err=0.0%/avg=73ms; watchlist_dex:ok=20/fail=0/429=0/lim_wait=0/cd_wait=0/err=0.0%/avg=84ms; watchlist_gecko:ok=8/fail=0/429=0/lim_wait=0/cd_wait=0/err=0.0%/avg=470ms | Tasks: 3 | RSS: 0.0MB | CycleAvg: 0.00s
2026-02-27 16:36:26,253 [INFO] [u_station_ab_night_autotune_v2] monitor.onchain_factory: ENRICH_RETRY token=0x0c973ff31063079672669785168bbbec51fe7ba3 pair=0xa8d6ca771f6f1b490b88d62cbb24845a4cb9146b attempt=1/2 delay=10s
2026-02-27 16:36:36,333 [INFO] [u_station_ab_night_autotune_v2] __main__: WATCHLIST merged count=11
2026-02-27 16:36:36,334 [INFO] [u_station_ab_night_autotune_v2] trading.v2_runtime: V2_UNIVERSE in=11 dedup=11 out=11 target=11 novel_target=10 novel_out=0 repeat_dropped=0 symbol_dropped=0 surge_in=2 surge_target=2 surge_out=2
2026-02-27 16:36:36,335 [INFO] [u_station_ab_night_autotune_v2] __main__: V2_SOURCE_QOS_FILTER in=11 out=10 drops={'source_qos_symbol_cap': 1} caps={'watchlist': 54}
2026-02-27 16:36:36,337 [INFO] [u_station_ab_night_autotune_v2] __main__: FILTER_FAIL token=ToruCeoAI reason=source_qos_symbol_cap symbol=TORUCEOAI used=1/1
2026-02-27 16:36:36,338 [INFO] [u_station_ab_night_autotune_v2] __main__: FILTER_FAIL token=ToruCeoAI reason=safe_change_5m
2026-02-27 16:36:36,339 [INFO] [u_station_ab_night_autotune_v2] __main__: FILTER_PASS token=POOPCOIN tier=A score=85 mode=YELLOW risk=MEDIUM liq=437364 vol5m=2983
2026-02-27 16:36:36,340 [INFO] [u_station_ab_night_autotune_v2] __main__: FILTER_PASS token=HOTDOGZ tier=A score=85 mode=YELLOW risk=MEDIUM liq=181136 vol5m=3476
2026-02-27 16:36:36,341 [INFO] [u_station_ab_night_autotune_v2] __main__: FILTER_PASS token=ETH tier=A score=85 mode=YELLOW risk=MEDIUM liq=830001 vol5m=2904
2026-02-27 16:36:36,343 [INFO] [u_station_ab_night_autotune_v2] __main__: FILTER_PASS token=JUNO tier=A score=85 mode=YELLOW risk=MEDIUM liq=524601 vol5m=2592
2026-02-27 16:36:36,344 [INFO] [u_station_ab_night_autotune_v2] __main__: FILTER_PASS token=VIRTUAL tier=A score=75 mode=YELLOW risk=MEDIUM liq=7371811 vol5m=351
2026-02-27 16:36:36,345 [INFO] [u_station_ab_night_autotune_v2] __main__: FILTER_PASS token=USD₮0 tier=A score=75 mode=YELLOW risk=MEDIUM liq=120534 vol5m=30
2026-02-27 16:36:36,349 [INFO] [u_station_ab_night_autotune_v2] __main__: FILTER_FAIL token=AERO reason=safe_volume vol5m=1 min=6 regime=YELLOW
2026-02-27 16:36:36,350 [INFO] [u_station_ab_night_autotune_v2] __main__: FILTER_FAIL token=DEFI.ssi reason=safe_volume vol5m=0 min=6 regime=YELLOW
2026-02-27 16:36:36,352 [INFO] [u_station_ab_night_autotune_v2] __main__: FILTER_FAIL token=MONSTRO reason=safe_volume vol5m=0 min=6 regime=YELLOW
2026-02-27 16:36:36,355 [INFO] [u_station_ab_night_autotune_v2] __main__: V2_QUALITY_GATE enabled=True regime=YELLOW in=6 out=6 core_out=0 explore_out=6 probe_out=0 quota=3 max_symbol_share=0.167 drop={'duplicate_address': 3} sources_used={'watchlist': 6}
2026-02-27 16:36:36,356 [INFO] [u_station_ab_night_autotune_v2] __main__: V2_ENTRY_ROUTE enabled=True regime=YELLOW in=6 out=4 core_out=1 explore_out=3 quota=3 allow_explore=True
2026-02-27 16:36:36,357 [INFO] [u_station_ab_night_autotune_v2] __main__: MARKET_REGIME mode=YELLOW reason=hysteresis_recover_wait 2/4 raw=GREEN avg_cand_recent=6.00
2026-02-27 16:36:36,359 [INFO] [u_station_ab_night_autotune_v2] trading.auto_trader: AutoTrade skip token=ETH reason=blacklist detail=honeypot_guard:honeypot_api_status_400
2026-02-27 16:36:36,361 [INFO] [u_station_ab_night_autotune_v2] trading.auto_trader: AutoTrade adjust token=JUNO reason=min_trade_floor size=$0.06->$0.10 min=$0.10
2026-02-27 16:36:36,362 [INFO] [u_station_ab_night_autotune_v2] trading.auto_trader: AutoTrade skip token=JUNO reason=edge_low mode=both edge=-26.03% raw=-24.10% mult=1.08 min=0.05% probe_min=0.05% edge_usd=$-0.026 min_usd=$0.000 probe_min_usd=$0.000 size=$0.10 gross=6.40% costs=30.50% pwin=0.65 probe=- budget=0/1
2026-02-27 16:36:36,364 [INFO] [u_station_ab_night_autotune_v2] trading.auto_trader: AutoTrade skip token=POOPCOIN reason=blacklist detail=honeypot_guard:honeypot_api_status_404
2026-02-27 16:36:36,366 [INFO] [u_station_ab_night_autotune_v2] trading.auto_trader: AutoTrade skip token=HOTDOGZ reason=blacklist detail=honeypot_guard:honeypot_api_status_404
2026-02-27 16:36:36,367 [INFO] [u_station_ab_night_autotune_v2] trading.auto_trader: AutoTrade batch mode=top_n candidates=4 eligible=4 selected=4 opened=0 pe=off burst_window=0
2026-02-27 16:36:36,368 [INFO] [u_station_ab_night_autotune_v2] __main__: Scanned 11 tokens | High quality: 10 | Alerts sent: 0 | Trade candidates: 6 | Quality out/core/explore/probe: 6/0/6/0 | Opened: 0 | Mode: local | Source: onchain+market | Policy: raw=OK/effective=OK(healthy | route=allow_all) | Regime: YELLOW(hysteresis_recover_wait 2/4 raw=GREEN) | Safety: checked=6 fail_closed=0 reasons=api_code_4029:6 | FiltersTop(session): safe_volume:12,safe_age:3,source_qos_symbol_cap:2,safe_change_5m:2 | Dedup: heavy_skip=0 override=0 | V2Budget: 6/280 | SourceQoS: enabled=1/in=11/out=10/dropped=1/active_cd=0/drops=source_qos_symbol_cap:1 | Ingest: q=0/oldest=0.0s/drop_old=0/dedup_skip=0/enq=0/drain=0 | Sources: dex_boosts:ok=1/fail=0/429=0/lim_wait=0/cd_wait=0/err=0.0%/avg=122ms; dexscreener:ok=11/fail=0/429=0/lim_wait=0/cd_wait=0/err=0.0%/avg=115ms; onchain_enrich:ok=4/fail=0/429=0/lim_wait=0/cd_wait=0/err=0.0%/avg=37ms | Tasks: 3 | RSS: 0.0MB | CycleAvg: 13.06s
2026-02-27 16:36:41,170 [INFO] [u_station_ab_night_autotune_v2] __main__: WATCHLIST merged count=11
2026-02-27 16:36:41,171 [INFO] [u_station_ab_night_autotune_v2] trading.v2_runtime: V2_UNIVERSE in=12 dedup=12 out=12 target=12 novel_target=11 novel_out=1 repeat_dropped=0 symbol_dropped=0 surge_in=2 surge_target=2 surge_out=2
2026-02-27 16:36:41,172 [INFO] [u_station_ab_night_autotune_v2] __main__: V2_SOURCE_QOS_FILTER in=12 out=11 drops={'source_qos_symbol_cap': 1} caps={'watchlist': 54, 'unknown': 0}
2026-02-27 16:36:41,173 [INFO] [u_station_ab_night_autotune_v2] __main__: FILTER_FAIL token=ToruCeoAI reason=source_qos_symbol_cap symbol=TORUCEOAI used=1/1
2026-02-27 16:36:41,175 [INFO] [u_station_ab_night_autotune_v2] __main__: FILTER_FAIL token=ToruCeoAI reason=safe_change_5m
2026-02-27 16:36:41,176 [INFO] [u_station_ab_night_autotune_v2] __main__: FILTER_PASS token=POOPCOIN tier=A score=85 mode=YELLOW risk=MEDIUM liq=437364 vol5m=2983
2026-02-27 16:36:41,177 [INFO] [u_station_ab_night_autotune_v2] __main__: FILTER_PASS token=HOTDOGZ tier=A score=85 mode=YELLOW risk=MEDIUM liq=181136 vol5m=3476
2026-02-27 16:36:41,178 [INFO] [u_station_ab_night_autotune_v2] __main__: FILTER_PASS token=ETH tier=A score=85 mode=YELLOW risk=MEDIUM liq=830001 vol5m=2904
2026-02-27 16:36:41,180 [INFO] [u_station_ab_night_autotune_v2] __main__: FILTER_PASS token=JUNO tier=A score=85 mode=YELLOW risk=MEDIUM liq=524601 vol5m=2592
2026-02-27 16:36:41,181 [INFO] [u_station_ab_night_autotune_v2] __main__: FILTER_PASS token=VIRTUAL tier=A score=75 mode=YELLOW risk=MEDIUM liq=7371811 vol5m=351
2026-02-27 16:36:41,183 [INFO] [u_station_ab_night_autotune_v2] __main__: FILTER_PASS token=USD₮0 tier=A score=75 mode=YELLOW risk=MEDIUM liq=120534 vol5m=30
2026-02-27 16:36:41,185 [INFO] [u_station_ab_night_autotune_v2] __main__: FILTER_FAIL token=SEDMAT reason=score_min score=40 strict_min=48 soft_min=48 mode=YELLOW
2026-02-27 16:36:41,187 [INFO] [u_station_ab_night_autotune_v2] __main__: FILTER_FAIL token=AERO reason=safe_volume vol5m=1 min=6 regime=YELLOW
2026-02-27 16:36:41,188 [INFO] [u_station_ab_night_autotune_v2] __main__: FILTER_FAIL token=DEFI.ssi reason=safe_volume vol5m=0 min=6 regime=YELLOW
2026-02-27 16:36:41,190 [INFO] [u_station_ab_night_autotune_v2] __main__: FILTER_FAIL token=MONSTRO reason=safe_volume vol5m=0 min=6 regime=YELLOW
2026-02-27 16:36:41,191 [INFO] [u_station_ab_night_autotune_v2] __main__: V2_QUALITY_GATE enabled=True regime=YELLOW in=6 out=6 core_out=0 explore_out=6 probe_out=0 quota=3 max_symbol_share=0.167 drop={'duplicate_address': 3} sources_used={'watchlist': 6}
2026-02-27 16:36:41,194 [INFO] [u_station_ab_night_autotune_v2] __main__: V2_ENTRY_ROUTE enabled=True regime=YELLOW in=6 out=4 core_out=1 explore_out=3 quota=3 allow_explore=True
2026-02-27 16:36:41,195 [INFO] [u_station_ab_night_autotune_v2] __main__: MARKET_REGIME mode=YELLOW reason=hysteresis_recover_wait 3/4 raw=GREEN avg_cand_recent=6.00
2026-02-27 16:36:41,197 [INFO] [u_station_ab_night_autotune_v2] trading.auto_trader: AutoTrade skip token=ETH reason=blacklist detail=honeypot_guard:honeypot_api_status_400
2026-02-27 16:36:41,200 [INFO] [u_station_ab_night_autotune_v2] trading.auto_trader: AutoTrade adjust token=JUNO reason=min_trade_floor size=$0.06->$0.10 min=$0.10
2026-02-27 16:36:41,201 [INFO] [u_station_ab_night_autotune_v2] trading.auto_trader: AutoTrade skip token=JUNO reason=edge_low mode=both edge=-26.03% raw=-24.10% mult=1.08 min=0.05% probe_min=0.05% edge_usd=$-0.026 min_usd=$0.000 probe_min_usd=$0.000 size=$0.10 gross=6.40% costs=30.50% pwin=0.65 probe=- budget=0/1
2026-02-27 16:36:41,203 [INFO] [u_station_ab_night_autotune_v2] trading.auto_trader: AutoTrade skip token=POOPCOIN reason=blacklist detail=honeypot_guard:honeypot_api_status_404
2026-02-27 16:36:41,205 [INFO] [u_station_ab_night_autotune_v2] trading.auto_trader: AutoTrade skip token=HOTDOGZ reason=blacklist detail=honeypot_guard:honeypot_api_status_404
2026-02-27 16:36:41,206 [INFO] [u_station_ab_night_autotune_v2] trading.auto_trader: AutoTrade batch mode=top_n candidates=4 eligible=4 selected=4 opened=0 pe=off burst_window=0
2026-02-27 16:36:41,207 [INFO] [u_station_ab_night_autotune_v2] __main__: Scanned 12 tokens | High quality: 10 | Alerts sent: 0 | Trade candidates: 6 | Quality out/core/explore/probe: 6/0/6/0 | Opened: 0 | Mode: local | Source: onchain+market | Policy: raw=OK/effective=OK(healthy | route=allow_all) | Regime: YELLOW(hysteresis_recover_wait 3/4 raw=GREEN) | Safety: checked=6 fail_closed=0 reasons=api_code_4029:6 | FiltersTop(session): safe_volume:15,source_qos_symbol_cap:3,safe_age:3,safe_change_5m:3 | Dedup: heavy_skip=0 override=0 | V2Budget: 6/280 | SourceQoS: enabled=1/in=12/out=11/dropped=1/active_cd=0/drops=source_qos_symbol_cap:1 | Ingest: q=0/oldest=0.0s/drop_old=0/dedup_skip=0/enq=0/drain=0 | Sources: dex_boosts:ok=1/fail=0/429=0/lim_wait=0/cd_wait=0/err=0.0%/avg=44ms; dexscreener:ok=11/fail=0/429=0/lim_wait=0/cd_wait=0/err=0.0%/avg=210ms; onchain_enrich:ok=1/fail=0/429=0/lim_wait=0/cd_wait=0/err=0.0%/avg=195ms | Tasks: 3 | RSS: 0.0MB | CycleAvg: 11.85s
2026-02-27 16:36:45,761 [INFO] [u_station_ab_night_autotune_v2] __main__: WATCHLIST merged count=11
2026-02-27 16:36:45,761 [INFO] [u_station_ab_night_autotune_v2] trading.v2_runtime: V2_UNIVERSE in=11 dedup=11 out=11 target=11 novel_target=10 novel_out=0 repeat_dropped=0 symbol_dropped=0 surge_in=2 surge_target=2 surge_out=2
2026-02-27 16:36:45,762 [INFO] [u_station_ab_night_autotune_v2] __main__: V2_SOURCE_QOS_FILTER in=11 out=10 drops={'source_qos_symbol_cap': 1} caps={'watchlist': 54}
2026-02-27 16:36:45,763 [INFO] [u_station_ab_night_autotune_v2] __main__: FILTER_FAIL token=ToruCeoAI reason=source_qos_symbol_cap symbol=TORUCEOAI used=1/1
2026-02-27 16:36:45,764 [INFO] [u_station_ab_night_autotune_v2] __main__: FILTER_FAIL token=ToruCeoAI reason=safe_change_5m
2026-02-27 16:36:45,765 [INFO] [u_station_ab_night_autotune_v2] __main__: FILTER_PASS token=POOPCOIN tier=A score=85 mode=YELLOW risk=MEDIUM liq=437364 vol5m=2983
2026-02-27 16:36:45,766 [INFO] [u_station_ab_night_autotune_v2] __main__: FILTER_PASS token=HOTDOGZ tier=A score=85 mode=YELLOW risk=MEDIUM liq=181136 vol5m=3476
2026-02-27 16:36:45,768 [INFO] [u_station_ab_night_autotune_v2] __main__: FILTER_PASS token=ETH tier=A score=85 mode=YELLOW risk=MEDIUM liq=830001 vol5m=2904
2026-02-27 16:36:45,769 [INFO] [u_station_ab_night_autotune_v2] __main__: FILTER_PASS token=JUNO tier=A score=85 mode=YELLOW risk=MEDIUM liq=524601 vol5m=2592
2026-02-27 16:36:45,771 [INFO] [u_station_ab_night_autotune_v2] __main__: FILTER_PASS token=VIRTUAL tier=A score=75 mode=YELLOW risk=MEDIUM liq=7371811 vol5m=351
2026-02-27 16:36:45,772 [INFO] [u_station_ab_night_autotune_v2] __main__: FILTER_PASS token=USD₮0 tier=A score=75 mode=YELLOW risk=MEDIUM liq=120534 vol5m=30
2026-02-27 16:36:45,773 [INFO] [u_station_ab_night_autotune_v2] __main__: FILTER_FAIL token=AERO reason=safe_volume vol5m=1 min=6 regime=YELLOW
2026-02-27 16:36:45,774 [INFO] [u_station_ab_night_autotune_v2] __main__: FILTER_FAIL token=DEFI.ssi reason=safe_volume vol5m=0 min=6 regime=YELLOW
2026-02-27 16:36:45,776 [INFO] [u_station_ab_night_autotune_v2] __main__: FILTER_FAIL token=MONSTRO reason=safe_volume vol5m=0 min=6 regime=YELLOW
2026-02-27 16:36:45,777 [INFO] [u_station_ab_night_autotune_v2] __main__: V2_QUALITY_GATE enabled=True regime=GREEN in=6 out=6 core_out=0 explore_out=6 probe_out=0 quota=3 max_symbol_share=0.167 drop={'duplicate_address': 3} sources_used={'watchlist': 6}
2026-02-27 16:36:45,779 [INFO] [u_station_ab_night_autotune_v2] __main__: V2_ENTRY_ROUTE enabled=True regime=GREEN in=6 out=4 core_out=1 explore_out=3 quota=3 allow_explore=True
2026-02-27 16:36:45,781 [INFO] [u_station_ab_night_autotune_v2] __main__: MARKET_REGIME mode=GREEN reason=avg_cand=6.00 avg_cand_recent=6.00
2026-02-27 16:36:45,782 [WARNING] [u_station_ab_night_autotune_v2] monitor.local_alerter: Local event symbol=MARKET_MODE reco=GREEN risk=INFO
2026-02-27 16:36:45,818 [INFO] [u_station_ab_night_autotune_v2] trading.auto_trader: AutoTrade skip token=ETH reason=blacklist detail=honeypot_guard:honeypot_api_status_400
2026-02-27 16:36:45,821 [INFO] [u_station_ab_night_autotune_v2] trading.auto_trader: AutoTrade adjust token=JUNO reason=min_trade_floor size=$0.06->$0.10 min=$0.10
2026-02-27 16:36:45,822 [INFO] [u_station_ab_night_autotune_v2] trading.auto_trader: AutoTrade skip token=JUNO reason=edge_low mode=both edge=-26.03% raw=-24.10% mult=1.08 min=0.05% probe_min=0.05% edge_usd=$-0.026 min_usd=$0.000 probe_min_usd=$0.000 size=$0.10 gross=6.40% costs=30.50% pwin=0.65 probe=- budget=0/1
2026-02-27 16:36:45,824 [INFO] [u_station_ab_night_autotune_v2] trading.auto_trader: AutoTrade skip token=POOPCOIN reason=blacklist detail=honeypot_guard:honeypot_api_status_404
2026-02-27 16:36:45,827 [INFO] [u_station_ab_night_autotune_v2] trading.auto_trader: AutoTrade skip token=HOTDOGZ reason=blacklist detail=honeypot_guard:honeypot_api_status_404
2026-02-27 16:36:45,828 [INFO] [u_station_ab_night_autotune_v2] trading.auto_trader: AutoTrade batch mode=top_n candidates=4 eligible=4 selected=4 opened=0 pe=off burst_window=0
2026-02-27 16:36:45,829 [INFO] [u_station_ab_night_autotune_v2] __main__: Scanned 11 tokens | High quality: 10 | Alerts sent: 0 | Trade candidates: 6 | Quality out/core/explore/probe: 6/0/6/0 | Opened: 0 | Mode: local | Source: onchain+market | Policy: raw=OK/effective=OK(healthy | route=allow_all) | Regime: GREEN(avg_cand=6.00) | Safety: checked=6 fail_closed=0 reasons=api_code_4029:6 | FiltersTop(session): safe_volume:18,source_qos_symbol_cap:4,safe_change_5m:4,safe_age:3 | Dedup: heavy_skip=0 override=0 | V2Budget: 6/280 | SourceQoS: enabled=1/in=11/out=10/dropped=1/active_cd=0/drops=source_qos_symbol_cap:1 | Ingest: q=0/oldest=0.0s/drop_old=0/dedup_skip=0/enq=0/drain=0 | Sources: dex_boosts:ok=1/fail=0/429=0/lim_wait=0/cd_wait=0/err=0.0%/avg=47ms; dexscreener:ok=11/fail=0/429=0/lim_wait=0/cd_wait=0/err=0.0%/avg=50ms | Tasks: 3 | RSS: 0.0MB | CycleAvg: 8.12s
2026-02-27 16:36:50,462 [INFO] [u_station_ab_night_autotune_v2] __main__: WATCHLIST merged count=11
2026-02-27 16:36:50,463 [INFO] [u_station_ab_night_autotune_v2] trading.v2_runtime: V2_UNIVERSE in=11 dedup=11 out=11 target=11 novel_target=10 novel_out=0 repeat_dropped=0 symbol_dropped=0 surge_in=2 surge_target=2 surge_out=2
2026-02-27 16:36:50,464 [INFO] [u_station_ab_night_autotune_v2] __main__: V2_SOURCE_QOS_FILTER in=11 out=10 drops={'source_qos_symbol_cap': 1} caps={'watchlist': 54}
2026-02-27 16:36:50,466 [INFO] [u_station_ab_night_autotune_v2] __main__: FILTER_FAIL token=ToruCeoAI reason=source_qos_symbol_cap symbol=TORUCEOAI used=1/1
2026-02-27 16:36:50,468 [INFO] [u_station_ab_night_autotune_v2] __main__: FILTER_FAIL token=ToruCeoAI reason=safe_change_5m
2026-02-27 16:36:50,468 [INFO] [u_station_ab_night_autotune_v2] __main__: FILTER_PASS token=POOPCOIN tier=A score=85 mode=GREEN risk=MEDIUM liq=437364 vol5m=2983
2026-02-27 16:36:50,470 [INFO] [u_station_ab_night_autotune_v2] __main__: FILTER_PASS token=HOTDOGZ tier=A score=85 mode=GREEN risk=MEDIUM liq=181136 vol5m=3476
2026-02-27 16:36:50,472 [INFO] [u_station_ab_night_autotune_v2] __main__: FILTER_PASS token=ETH tier=A score=85 mode=GREEN risk=MEDIUM liq=830001 vol5m=2904
2026-02-27 16:36:50,473 [INFO] [u_station_ab_night_autotune_v2] __main__: FILTER_PASS token=JUNO tier=A score=85 mode=GREEN risk=MEDIUM liq=524601 vol5m=2592
2026-02-27 16:36:50,475 [INFO] [u_station_ab_night_autotune_v2] __main__: FILTER_PASS token=VIRTUAL tier=A score=75 mode=GREEN risk=MEDIUM liq=7371811 vol5m=351
2026-02-27 16:36:50,477 [INFO] [u_station_ab_night_autotune_v2] __main__: FILTER_PASS token=USD₮0 tier=A score=75 mode=GREEN risk=MEDIUM liq=120534 vol5m=30
2026-02-27 16:36:50,478 [INFO] [u_station_ab_night_autotune_v2] __main__: FILTER_FAIL token=AERO reason=safe_volume vol5m=1 min=5 regime=GREEN
2026-02-27 16:36:50,479 [INFO] [u_station_ab_night_autotune_v2] __main__: FILTER_FAIL token=DEFI.ssi reason=safe_volume vol5m=0 min=5 regime=GREEN
2026-02-27 16:36:50,481 [INFO] [u_station_ab_night_autotune_v2] __main__: FILTER_FAIL token=MONSTRO reason=safe_volume vol5m=0 min=5 regime=GREEN
2026-02-27 16:36:50,482 [INFO] [u_station_ab_night_autotune_v2] __main__: V2_QUALITY_GATE enabled=True regime=GREEN in=6 out=6 core_out=0 explore_out=6 probe_out=0 quota=3 max_symbol_share=0.167 drop={'duplicate_address': 3} sources_used={'watchlist': 6}
2026-02-27 16:36:50,485 [INFO] [u_station_ab_night_autotune_v2] __main__: V2_ENTRY_ROUTE enabled=True regime=GREEN in=6 out=4 core_out=1 explore_out=3 quota=3 allow_explore=True
2026-02-27 16:36:50,485 [INFO] [u_station_ab_night_autotune_v2] __main__: MARKET_REGIME mode=GREEN reason=avg_cand=6.00 avg_cand_recent=6.00
2026-02-27 16:36:50,488 [INFO] [u_station_ab_night_autotune_v2] trading.auto_trader: AutoTrade skip token=ETH reason=blacklist detail=honeypot_guard:honeypot_api_status_400
2026-02-27 16:36:50,513 [INFO] [u_station_ab_night_autotune_v2] trading.auto_trader: AutoTrade adjust token=JUNO reason=min_trade_floor size=$0.06->$0.10 min=$0.10
2026-02-27 16:36:50,517 [INFO] [u_station_ab_night_autotune_v2] trading.auto_trader: AutoTrade skip token=JUNO reason=edge_low mode=both edge=-24.10% raw=-24.10% mult=1.00 min=0.05% probe_min=0.05% edge_usd=$-0.024 min_usd=$0.000 probe_min_usd=$0.000 size=$0.10 gross=6.40% costs=30.50% pwin=0.65 probe=- budget=0/1
2026-02-27 16:36:50,518 [INFO] [u_station_ab_night_autotune_v2] trading.auto_trader: AutoTrade skip token=POOPCOIN reason=blacklist detail=honeypot_guard:honeypot_api_status_404
2026-02-27 16:36:50,521 [INFO] [u_station_ab_night_autotune_v2] trading.auto_trader: AutoTrade skip token=HOTDOGZ reason=blacklist detail=honeypot_guard:honeypot_api_status_404
2026-02-27 16:36:50,522 [INFO] [u_station_ab_night_autotune_v2] trading.auto_trader: AutoTrade batch mode=top_n candidates=4 eligible=4 selected=4 opened=0 pe=off burst_window=0
2026-02-27 16:36:50,524 [INFO] [u_station_ab_night_autotune_v2] __main__: Scanned 11 tokens | High quality: 10 | Alerts sent: 0 | Trade candidates: 6 | Quality out/core/explore/probe: 6/0/6/0 | Opened: 0 | Mode: local | Source: onchain+market | Policy: raw=OK/effective=OK(healthy | route=allow_all) | Regime: GREEN(avg_cand=6.00) | Safety: checked=6 fail_closed=0 reasons=api_code_4029:6 | FiltersTop(session): safe_volume:21,source_qos_symbol_cap:5,safe_change_5m:5,safe_age:3 | Dedup: heavy_skip=0 override=0 | V2Budget: 6/280 | SourceQoS: enabled=1/in=11/out=10/dropped=1/active_cd=0/drops=source_qos_symbol_cap:1 | Ingest: q=0/oldest=0.0s/drop_old=0/dedup_skip=0/enq=0/drain=0 | Sources: dex_boosts:ok=1/fail=0/429=0/lim_wait=0/cd_wait=0/err=0.0%/avg=39ms; dexscreener:ok=11/fail=0/429=0/lim_wait=0/cd_wait=0/err=0.0%/avg=47ms | Tasks: 3 | RSS: 0.0MB | CycleAvg: 6.21s
2026-02-27 16:36:55,137 [INFO] [u_station_ab_night_autotune_v2] __main__: WATCHLIST merged count=11
2026-02-27 16:36:55,141 [INFO] [u_station_ab_night_autotune_v2] trading.v2_runtime: V2_UNIVERSE in=11 dedup=11 out=11 target=11 novel_target=10 novel_out=0 repeat_dropped=0 symbol_dropped=0 surge_in=2 surge_target=2 surge_out=2
2026-02-27 16:36:55,144 [INFO] [u_station_ab_night_autotune_v2] __main__: V2_SOURCE_QOS_FILTER in=11 out=10 drops={'source_qos_symbol_cap': 1} caps={'watchlist': 54}
2026-02-27 16:36:55,150 [INFO] [u_station_ab_night_autotune_v2] __main__: FILTER_FAIL token=ToruCeoAI reason=source_qos_symbol_cap symbol=TORUCEOAI used=1/1
2026-02-27 16:36:55,155 [INFO] [u_station_ab_night_autotune_v2] __main__: FILTER_FAIL token=ToruCeoAI reason=safe_change_5m
2026-02-27 16:36:55,156 [INFO] [u_station_ab_night_autotune_v2] __main__: FILTER_PASS token=POOPCOIN tier=A score=85 mode=GREEN risk=MEDIUM liq=437364 vol5m=2983
2026-02-27 16:36:55,161 [INFO] [u_station_ab_night_autotune_v2] __main__: FILTER_PASS token=HOTDOGZ tier=A score=85 mode=GREEN risk=MEDIUM liq=181136 vol5m=3476
2026-02-27 16:36:55,164 [INFO] [u_station_ab_night_autotune_v2] __main__: FILTER_PASS token=ETH tier=A score=85 mode=GREEN risk=MEDIUM liq=830001 vol5m=2904
2026-02-27 16:36:55,169 [INFO] [u_station_ab_night_autotune_v2] __main__: FILTER_PASS token=JUNO tier=A score=85 mode=GREEN risk=MEDIUM liq=524601 vol5m=2592
2026-02-27 16:36:55,183 [INFO] [u_station_ab_night_autotune_v2] __main__: FILTER_PASS token=VIRTUAL tier=A score=75 mode=GREEN risk=MEDIUM liq=7371811 vol5m=351
2026-02-27 16:36:55,190 [INFO] [u_station_ab_night_autotune_v2] __main__: FILTER_PASS token=USD₮0 tier=A score=75 mode=GREEN risk=MEDIUM liq=120534 vol5m=30
2026-02-27 16:36:55,198 [INFO] [u_station_ab_night_autotune_v2] __main__: FILTER_FAIL token=AERO reason=safe_volume vol5m=1 min=5 regime=GREEN
2026-02-27 16:36:55,207 [INFO] [u_station_ab_night_autotune_v2] __main__: FILTER_FAIL token=DEFI.ssi reason=safe_volume vol5m=0 min=5 regime=GREEN
2026-02-27 16:36:55,215 [INFO] [u_station_ab_night_autotune_v2] __main__: FILTER_FAIL token=MONSTRO reason=safe_volume vol5m=0 min=5 regime=GREEN
2026-02-27 16:36:55,218 [INFO] [u_station_ab_night_autotune_v2] __main__: V2_QUALITY_GATE enabled=True regime=GREEN in=6 out=6 core_out=0 explore_out=6 probe_out=0 quota=3 max_symbol_share=0.167 drop={'duplicate_address': 3} sources_used={'watchlist': 6}
2026-02-27 16:36:55,228 [INFO] [u_station_ab_night_autotune_v2] __main__: V2_ENTRY_ROUTE enabled=True regime=GREEN in=6 out=4 core_out=1 explore_out=3 quota=3 allow_explore=True
2026-02-27 16:36:55,232 [INFO] [u_station_ab_night_autotune_v2] __main__: MARKET_REGIME mode=GREEN reason=avg_cand=6.00 avg_cand_recent=6.00
2026-02-27 16:36:55,241 [INFO] [u_station_ab_night_autotune_v2] trading.auto_trader: AutoTrade skip token=ETH reason=blacklist detail=honeypot_guard:honeypot_api_status_400
2026-02-27 16:36:55,245 [INFO] [u_station_ab_night_autotune_v2] trading.auto_trader: AutoTrade adjust token=JUNO reason=min_trade_floor size=$0.06->$0.10 min=$0.10
2026-02-27 16:36:55,246 [INFO] [u_station_ab_night_autotune_v2] trading.auto_trader: AutoTrade skip token=JUNO reason=edge_low mode=both edge=-24.10% raw=-24.10% mult=1.00 min=0.05% probe_min=0.05% edge_usd=$-0.024 min_usd=$0.000 probe_min_usd=$0.000 size=$0.10 gross=6.40% costs=30.50% pwin=0.65 probe=- budget=0/1
2026-02-27 16:36:55,250 [INFO] [u_station_ab_night_autotune_v2] trading.auto_trader: AutoTrade skip token=POOPCOIN reason=blacklist detail=honeypot_guard:honeypot_api_status_404
2026-02-27 16:36:55,252 [INFO] [u_station_ab_night_autotune_v2] trading.auto_trader: AutoTrade skip token=HOTDOGZ reason=blacklist detail=honeypot_guard:honeypot_api_status_404
2026-02-27 16:36:55,254 [INFO] [u_station_ab_night_autotune_v2] trading.auto_trader: AutoTrade batch mode=top_n candidates=4 eligible=4 selected=4 opened=0 pe=off burst_window=0
2026-02-27 16:36:55,256 [INFO] [u_station_ab_night_autotune_v2] __main__: Scanned 11 tokens | High quality: 10 | Alerts sent: 0 | Trade candidates: 6 | Quality out/core/explore/probe: 6/0/6/0 | Opened: 0 | Mode: local | Source: onchain+market | Policy: raw=OK/effective=OK(healthy | route=allow_all) | Regime: GREEN(avg_cand=6.00) | Safety: checked=6 fail_closed=0 reasons=api_code_4029:6 | FiltersTop(session): safe_volume:24,source_qos_symbol_cap:6,safe_change_5m:6,safe_age:3 | Dedup: heavy_skip=0 override=0 | V2Budget: 6/280 | SourceQoS: enabled=1/in=11/out=10/dropped=1/active_cd=0/drops=source_qos_symbol_cap:1 | Ingest: q=0/oldest=0.0s/drop_old=0/dedup_skip=0/enq=0/drain=0 | Sources: dex_boosts:ok=1/fail=0/429=0/lim_wait=0/cd_wait=0/err=0.0%/avg=46ms; dexscreener:ok=11/fail=0/429=0/lim_wait=0/cd_wait=0/err=0.0%/avg=64ms | Tasks: 3 | RSS: 0.0MB | CycleAvg: 5.06s
2026-02-27 16:36:59,795 [INFO] [u_station_ab_night_autotune_v2] __main__: WATCHLIST merged count=11
2026-02-27 16:36:59,795 [INFO] [u_station_ab_night_autotune_v2] trading.v2_runtime: V2_UNIVERSE in=11 dedup=11 out=11 target=11 novel_target=10 novel_out=0 repeat_dropped=0 symbol_dropped=0 surge_in=2 surge_target=2 surge_out=2
2026-02-27 16:36:59,796 [INFO] [u_station_ab_night_autotune_v2] __main__: V2_SOURCE_QOS_FILTER in=11 out=10 drops={'source_qos_symbol_cap': 1} caps={'watchlist': 54}
2026-02-27 16:36:59,797 [INFO] [u_station_ab_night_autotune_v2] __main__: FILTER_FAIL token=ToruCeoAI reason=source_qos_symbol_cap symbol=TORUCEOAI used=1/1
2026-02-27 16:36:59,798 [INFO] [u_station_ab_night_autotune_v2] __main__: FILTER_FAIL token=ToruCeoAI reason=safe_change_5m
2026-02-27 16:36:59,799 [INFO] [u_station_ab_night_autotune_v2] __main__: FILTER_PASS token=POOPCOIN tier=A score=85 mode=GREEN risk=MEDIUM liq=437364 vol5m=2983
2026-02-27 16:36:59,801 [INFO] [u_station_ab_night_autotune_v2] __main__: FILTER_PASS token=HOTDOGZ tier=A score=85 mode=GREEN risk=MEDIUM liq=181136 vol5m=3476
2026-02-27 16:36:59,802 [INFO] [u_station_ab_night_autotune_v2] __main__: FILTER_PASS token=ETH tier=A score=85 mode=GREEN risk=MEDIUM liq=830001 vol5m=2904
2026-02-27 16:36:59,803 [INFO] [u_station_ab_night_autotune_v2] __main__: FILTER_PASS token=JUNO tier=A score=85 mode=GREEN risk=MEDIUM liq=524601 vol5m=2592
2026-02-27 16:36:59,805 [INFO] [u_station_ab_night_autotune_v2] __main__: FILTER_PASS token=VIRTUAL tier=A score=75 mode=GREEN risk=MEDIUM liq=7371811 vol5m=351
2026-02-27 16:36:59,807 [INFO] [u_station_ab_night_autotune_v2] __main__: FILTER_PASS token=USD₮0 tier=A score=75 mode=GREEN risk=MEDIUM liq=120534 vol5m=30
2026-02-27 16:36:59,808 [INFO] [u_station_ab_night_autotune_v2] __main__: FILTER_FAIL token=AERO reason=safe_volume vol5m=1 min=5 regime=GREEN
2026-02-27 16:36:59,810 [INFO] [u_station_ab_night_autotune_v2] __main__: FILTER_FAIL token=DEFI.ssi reason=safe_volume vol5m=0 min=5 regime=GREEN
2026-02-27 16:36:59,810 [INFO] [u_station_ab_night_autotune_v2] __main__: FILTER_FAIL token=MONSTRO reason=safe_volume vol5m=0 min=5 regime=GREEN
2026-02-27 16:36:59,811 [INFO] [u_station_ab_night_autotune_v2] __main__: V2_QUALITY_GATE enabled=True regime=GREEN in=6 out=6 core_out=0 explore_out=6 probe_out=0 quota=3 max_symbol_share=0.167 drop={'duplicate_address': 3} sources_used={'watchlist': 6}
2026-02-27 16:36:59,813 [INFO] [u_station_ab_night_autotune_v2] __main__: V2_ENTRY_ROUTE enabled=True regime=GREEN in=6 out=4 core_out=1 explore_out=3 quota=3 allow_explore=True
2026-02-27 16:36:59,814 [INFO] [u_station_ab_night_autotune_v2] __main__: MARKET_REGIME mode=GREEN reason=avg_cand=6.00 avg_cand_recent=6.00
2026-02-27 16:36:59,816 [INFO] [u_station_ab_night_autotune_v2] trading.auto_trader: AutoTrade skip token=ETH reason=blacklist detail=honeypot_guard:honeypot_api_status_400
2026-02-27 16:36:59,818 [INFO] [u_station_ab_night_autotune_v2] trading.auto_trader: AutoTrade adjust token=JUNO reason=min_trade_floor size=$0.06->$0.10 min=$0.10
2026-02-27 16:36:59,820 [INFO] [u_station_ab_night_autotune_v2] trading.auto_trader: AutoTrade skip token=JUNO reason=edge_low mode=both edge=-24.10% raw=-24.10% mult=1.00 min=0.05% probe_min=0.05% edge_usd=$-0.024 min_usd=$0.000 probe_min_usd=$0.000 size=$0.10 gross=6.40% costs=30.50% pwin=0.65 probe=- budget=0/1
2026-02-27 16:36:59,822 [INFO] [u_station_ab_night_autotune_v2] trading.auto_trader: AutoTrade skip token=POOPCOIN reason=blacklist detail=honeypot_guard:honeypot_api_status_404
2026-02-27 16:36:59,823 [INFO] [u_station_ab_night_autotune_v2] trading.auto_trader: AutoTrade skip token=HOTDOGZ reason=blacklist detail=honeypot_guard:honeypot_api_status_404
2026-02-27 16:36:59,824 [INFO] [u_station_ab_night_autotune_v2] trading.auto_trader: AutoTrade batch mode=top_n candidates=4 eligible=4 selected=4 opened=0 pe=off burst_window=0
2026-02-27 16:36:59,826 [INFO] [u_station_ab_night_autotune_v2] __main__: Scanned 11 tokens | High quality: 10 | Alerts sent: 0 | Trade candidates: 6 | Quality out/core/explore/probe: 6/0/6/0 | Opened: 0 | Mode: local | Source: onchain+market | Policy: raw=OK/effective=OK(healthy | route=allow_all) | Regime: GREEN(avg_cand=6.00) | Safety: checked=6 fail_closed=0 reasons=api_code_4029:6 | FiltersTop(session): safe_volume:27,source_qos_symbol_cap:7,safe_change_5m:7,safe_age:3 | Dedup: heavy_skip=0 override=0 | V2Budget: 6/280 | SourceQoS: enabled=1/in=11/out=10/dropped=1/active_cd=0/drops=source_qos_symbol_cap:1 | Ingest: q=0/oldest=0.0s/drop_old=0/dedup_skip=0/enq=0/drain=0 | Sources: dex_boosts:ok=1/fail=0/429=0/lim_wait=0/cd_wait=0/err=0.0%/avg=52ms; dexscreener:ok=11/fail=0/429=0/lim_wait=0/cd_wait=0/err=0.0%/avg=49ms | Tasks: 3 | RSS: 0.0MB | CycleAvg: 4.31s
2026-02-27 16:37:04,359 [INFO] [u_station_ab_night_autotune_v2] __main__: WATCHLIST merged count=11
2026-02-27 16:37:04,361 [INFO] [u_station_ab_night_autotune_v2] trading.v2_runtime: V2_UNIVERSE in=11 dedup=11 out=11 target=11 novel_target=10 novel_out=0 repeat_dropped=0 symbol_dropped=0 surge_in=2 surge_target=2 surge_out=2
2026-02-27 16:37:04,362 [INFO] [u_station_ab_night_autotune_v2] __main__: V2_SOURCE_QOS_FILTER in=11 out=10 drops={'source_qos_symbol_cap': 1} caps={'watchlist': 54}
2026-02-27 16:37:04,362 [INFO] [u_station_ab_night_autotune_v2] __main__: FILTER_FAIL token=ToruCeoAI reason=source_qos_symbol_cap symbol=TORUCEOAI used=1/1
2026-02-27 16:37:04,363 [INFO] [u_station_ab_night_autotune_v2] __main__: FILTER_FAIL token=ToruCeoAI reason=safe_change_5m
2026-02-27 16:37:04,365 [INFO] [u_station_ab_night_autotune_v2] __main__: FILTER_PASS token=POOPCOIN tier=A score=85 mode=GREEN risk=MEDIUM liq=437364 vol5m=2983
2026-02-27 16:37:04,366 [INFO] [u_station_ab_night_autotune_v2] __main__: FILTER_PASS token=HOTDOGZ tier=A score=85 mode=GREEN risk=MEDIUM liq=181136 vol5m=3476
2026-02-27 16:37:04,368 [INFO] [u_station_ab_night_autotune_v2] __main__: FILTER_PASS token=ETH tier=A score=85 mode=GREEN risk=MEDIUM liq=830001 vol5m=2904
2026-02-27 16:37:04,369 [INFO] [u_station_ab_night_autotune_v2] __main__: FILTER_PASS token=JUNO tier=A score=85 mode=GREEN risk=MEDIUM liq=524601 vol5m=2592
2026-02-27 16:37:04,370 [INFO] [u_station_ab_night_autotune_v2] __main__: FILTER_PASS token=VIRTUAL tier=A score=75 mode=GREEN risk=MEDIUM liq=7371811 vol5m=351
2026-02-27 16:37:04,372 [INFO] [u_station_ab_night_autotune_v2] __main__: FILTER_PASS token=USD₮0 tier=A score=75 mode=GREEN risk=MEDIUM liq=120534 vol5m=30
2026-02-27 16:37:04,373 [INFO] [u_station_ab_night_autotune_v2] __main__: FILTER_FAIL token=AERO reason=safe_volume vol5m=1 min=5 regime=GREEN
2026-02-27 16:37:04,374 [INFO] [u_station_ab_night_autotune_v2] __main__: FILTER_FAIL token=DEFI.ssi reason=safe_volume vol5m=0 min=5 regime=GREEN
2026-02-27 16:37:04,376 [INFO] [u_station_ab_night_autotune_v2] __main__: FILTER_FAIL token=MONSTRO reason=safe_volume vol5m=0 min=5 regime=GREEN
2026-02-27 16:37:04,377 [INFO] [u_station_ab_night_autotune_v2] __main__: V2_QUALITY_GATE enabled=True regime=GREEN in=6 out=6 core_out=0 explore_out=6 probe_out=0 quota=3 max_symbol_share=0.167 drop={'duplicate_address': 3} sources_used={'watchlist': 6}
2026-02-27 16:37:04,379 [INFO] [u_station_ab_night_autotune_v2] __main__: V2_ENTRY_ROUTE enabled=True regime=GREEN in=6 out=4 core_out=1 explore_out=3 quota=3 allow_explore=True
2026-02-27 16:37:04,380 [INFO] [u_station_ab_night_autotune_v2] __main__: MARKET_REGIME mode=GREEN reason=avg_cand=6.00 avg_cand_recent=6.00
2026-02-27 16:37:04,382 [INFO] [u_station_ab_night_autotune_v2] trading.auto_trader: AutoTrade skip token=ETH reason=blacklist detail=honeypot_guard:honeypot_api_status_400
2026-02-27 16:37:04,384 [INFO] [u_station_ab_night_autotune_v2] trading.auto_trader: AutoTrade adjust token=JUNO reason=min_trade_floor size=$0.06->$0.10 min=$0.10
2026-02-27 16:37:04,385 [INFO] [u_station_ab_night_autotune_v2] trading.auto_trader: AutoTrade skip token=JUNO reason=edge_low mode=both edge=-24.10% raw=-24.10% mult=1.00 min=0.05% probe_min=0.05% edge_usd=$-0.024 min_usd=$0.000 probe_min_usd=$0.000 size=$0.10 gross=6.40% costs=30.50% pwin=0.65 probe=- budget=0/1
2026-02-27 16:37:04,386 [INFO] [u_station_ab_night_autotune_v2] trading.auto_trader: AutoTrade skip token=POOPCOIN reason=blacklist detail=honeypot_guard:honeypot_api_status_404
2026-02-27 16:37:04,388 [INFO] [u_station_ab_night_autotune_v2] trading.auto_trader: AutoTrade skip token=HOTDOGZ reason=blacklist detail=honeypot_guard:honeypot_api_status_404
2026-02-27 16:37:04,389 [INFO] [u_station_ab_night_autotune_v2] trading.auto_trader: AutoTrade batch mode=top_n candidates=4 eligible=4 selected=4 opened=0 pe=off burst_window=0
2026-02-27 16:37:04,390 [INFO] [u_station_ab_night_autotune_v2] __main__: Scanned 11 tokens | High quality: 10 | Alerts sent: 0 | Trade candidates: 6 | Quality out/core/explore/probe: 6/0/6/0 | Opened: 0 | Mode: local | Source: onchain+market | Policy: raw=OK/effective=OK(healthy | route=allow_all) | Regime: GREEN(avg_cand=6.00) | Safety: checked=6 fail_closed=0 reasons=api_code_4029:6 | FiltersTop(session): safe_volume:30,source_qos_symbol_cap:8,safe_change_5m:8,safe_age:3 | Dedup: heavy_skip=0 override=0 | V2Budget: 6/280 | SourceQoS: enabled=1/in=11/out=10/dropped=1/active_cd=0/drops=source_qos_symbol_cap:1 | Ingest: q=0/oldest=0.0s/drop_old=0/dedup_skip=0/enq=0/drain=0 | Sources: dex_boosts:ok=1/fail=0/429=0/lim_wait=0/cd_wait=0/err=0.0%/avg=35ms; dexscreener:ok=11/fail=0/429=0/lim_wait=0/cd_wait=0/err=0.0%/avg=42ms | Tasks: 3 | RSS: 0.0MB | CycleAvg: 3.76s
2026-02-27 16:37:08,978 [INFO] [u_station_ab_night_autotune_v2] monitor.onchain_factory: PAIR_DETECTED source=uniswap_v2 dex=uniswap_v2 pair=0xe81af1b17578a2b07f59ab475ad11abbee8cdb6e token0=0x4200000000000000000000000000000000000006 token1=0xf90caa85c8a0939f8299fc0ca734a322120bbb07 block=42708637 factory=0x8909dc15e40173ff4699343b6eb8132c65e18ec6
2026-02-27 16:37:09,497 [INFO] [u_station_ab_night_autotune_v2] monitor.onchain_factory: ENRICH_RETRY token=0xf90caa85c8a0939f8299fc0ca734a322120bbb07 pair=0xe81af1b17578a2b07f59ab475ad11abbee8cdb6e attempt=1/2 delay=10s
2026-02-27 16:37:19,624 [INFO] [u_station_ab_night_autotune_v2] __main__: WATCHLIST merged count=11
2026-02-27 16:37:19,626 [INFO] [u_station_ab_night_autotune_v2] trading.v2_runtime: V2_UNIVERSE in=11 dedup=11 out=11 target=11 novel_target=10 novel_out=0 repeat_dropped=0 symbol_dropped=0 surge_in=2 surge_target=2 surge_out=2
2026-02-27 16:37:19,627 [INFO] [u_station_ab_night_autotune_v2] __main__: V2_SOURCE_QOS_FILTER in=11 out=10 drops={'source_qos_symbol_cap': 1} caps={'watchlist': 54}
2026-02-27 16:37:19,629 [INFO] [u_station_ab_night_autotune_v2] __main__: FILTER_FAIL token=ToruCeoAI reason=source_qos_symbol_cap symbol=TORUCEOAI used=1/1
2026-02-27 16:37:19,631 [INFO] [u_station_ab_night_autotune_v2] __main__: FILTER_FAIL token=ToruCeoAI reason=safe_change_5m
2026-02-27 16:37:19,632 [INFO] [u_station_ab_night_autotune_v2] __main__: FILTER_PASS token=POOPCOIN tier=A score=85 mode=GREEN risk=MEDIUM liq=437364 vol5m=2983
2026-02-27 16:37:19,634 [INFO] [u_station_ab_night_autotune_v2] __main__: FILTER_PASS token=HOTDOGZ tier=A score=85 mode=GREEN risk=MEDIUM liq=181136 vol5m=3476
2026-02-27 16:37:19,635 [INFO] [u_station_ab_night_autotune_v2] __main__: FILTER_PASS token=ETH tier=A score=85 mode=GREEN risk=MEDIUM liq=830001 vol5m=2904
2026-02-27 16:37:19,636 [INFO] [u_station_ab_night_autotune_v2] __main__: FILTER_PASS token=JUNO tier=A score=85 mode=GREEN risk=MEDIUM liq=524601 vol5m=2592
2026-02-27 16:37:19,638 [INFO] [u_station_ab_night_autotune_v2] __main__: FILTER_PASS token=VIRTUAL tier=A score=75 mode=GREEN risk=MEDIUM liq=7371811 vol5m=351
2026-02-27 16:37:19,640 [INFO] [u_station_ab_night_autotune_v2] __main__: FILTER_PASS token=USD₮0 tier=A score=75 mode=GREEN risk=MEDIUM liq=120534 vol5m=30
2026-02-27 16:37:19,642 [INFO] [u_station_ab_night_autotune_v2] __main__: FILTER_FAIL token=AERO reason=safe_volume vol5m=1 min=5 regime=GREEN
2026-02-27 16:37:19,643 [INFO] [u_station_ab_night_autotune_v2] __main__: FILTER_FAIL token=DEFI.ssi reason=safe_volume vol5m=0 min=5 regime=GREEN
2026-02-27 16:37:19,644 [INFO] [u_station_ab_night_autotune_v2] __main__: FILTER_FAIL token=MONSTRO reason=safe_volume vol5m=0 min=5 regime=GREEN
2026-02-27 16:37:19,646 [INFO] [u_station_ab_night_autotune_v2] __main__: V2_QUALITY_GATE enabled=True regime=GREEN in=6 out=6 core_out=0 explore_out=6 probe_out=0 quota=3 max_symbol_share=0.167 drop={'duplicate_address': 3} sources_used={'watchlist': 6}
2026-02-27 16:37:19,649 [INFO] [u_station_ab_night_autotune_v2] __main__: V2_ENTRY_ROUTE enabled=True regime=GREEN in=6 out=4 core_out=1 explore_out=3 quota=3 allow_explore=True
2026-02-27 16:37:19,650 [INFO] [u_station_ab_night_autotune_v2] __main__: MARKET_REGIME mode=GREEN reason=avg_cand=6.00 avg_cand_recent=6.00
2026-02-27 16:37:19,652 [INFO] [u_station_ab_night_autotune_v2] trading.auto_trader: AutoTrade skip token=ETH reason=blacklist detail=honeypot_guard:honeypot_api_status_400
2026-02-27 16:37:19,654 [INFO] [u_station_ab_night_autotune_v2] trading.auto_trader: AutoTrade adjust token=JUNO reason=min_trade_floor size=$0.06->$0.10 min=$0.10
2026-02-27 16:37:19,655 [INFO] [u_station_ab_night_autotune_v2] trading.auto_trader: AutoTrade skip token=JUNO reason=edge_low mode=both edge=-24.10% raw=-24.10% mult=1.00 min=0.05% probe_min=0.05% edge_usd=$-0.024 min_usd=$0.000 probe_min_usd=$0.000 size=$0.10 gross=6.40% costs=30.50% pwin=0.65 probe=- budget=0/1
2026-02-27 16:37:19,657 [INFO] [u_station_ab_night_autotune_v2] trading.auto_trader: AutoTrade skip token=POOPCOIN reason=blacklist detail=honeypot_guard:honeypot_api_status_404
2026-02-27 16:37:19,660 [INFO] [u_station_ab_night_autotune_v2] trading.auto_trader: AutoTrade skip token=HOTDOGZ reason=blacklist detail=honeypot_guard:honeypot_api_status_404
2026-02-27 16:37:19,660 [INFO] [u_station_ab_night_autotune_v2] trading.auto_trader: AutoTrade batch mode=top_n candidates=4 eligible=4 selected=4 opened=0 pe=off burst_window=0
2026-02-27 16:37:19,661 [INFO] [u_station_ab_night_autotune_v2] trading.auto_trader: PAPER_SUMMARY window=60s closed_delta=0 wins_delta=0 losses_delta=0 realized_delta=$0.00 total_closed=117 winrate_total=41.9% realized_total=$0.31 balance=$7.31 equity=$7.31 open=0
2026-02-27 16:37:19,662 [INFO] [u_station_ab_night_autotune_v2] __main__: Scanned 11 tokens | High quality: 10 | Alerts sent: 0 | Trade candidates: 6 | Quality out/core/explore/probe: 6/0/6/0 | Opened: 0 | Mode: local | Source: onchain+market | Policy: raw=OK/effective=OK(healthy | route=allow_all) | Regime: GREEN(avg_cand=6.00) | Safety: checked=6 fail_closed=0 reasons=api_code_4029:6 | FiltersTop(session): safe_volume:33,source_qos_symbol_cap:9,safe_change_5m:9,safe_age:3 | Dedup: heavy_skip=0 override=0 | V2Budget: 6/280 | SourceQoS: enabled=1/in=11/out=10/dropped=1/active_cd=0/drops=source_qos_symbol_cap:1 | Ingest: q=0/oldest=0.0s/drop_old=0/dedup_skip=0/enq=0/drain=0 | Sources: dex_boosts:ok=1/fail=0/429=0/lim_wait=0/cd_wait=0/err=0.0%/avg=84ms; dexscreener:ok=11/fail=0/429=0/lim_wait=0/cd_wait=0/err=0.0%/avg=62ms; onchain_enrich:ok=4/fail=0/429=0/lim_wait=0/cd_wait=0/err=0.0%/avg=114ms; onchain_weth_price:ok=1/fail=0/429=0/lim_wait=0/cd_wait=0/err=0.0%/avg=52ms | Tasks: 3 | RSS: 0.0MB | CycleAvg: 3.34s
2026-02-27 16:37:24,288 [INFO] [u_station_ab_night_autotune_v2] monitor.onchain_factory: ENRICH_RETRY token=0xf90caa85c8a0939f8299fc0ca734a322120bbb07 pair=0xe81af1b17578a2b07f59ab475ad11abbee8cdb6e attempt=1/2 delay=10s
2026-02-27 16:37:34,394 [INFO] [u_station_ab_night_autotune_v2] __main__: WATCHLIST merged count=11
2026-02-27 16:37:34,395 [INFO] [u_station_ab_night_autotune_v2] trading.v2_runtime: V2_UNIVERSE in=11 dedup=11 out=11 target=11 novel_target=10 novel_out=0 repeat_dropped=0 symbol_dropped=0 surge_in=2 surge_target=2 surge_out=2
2026-02-27 16:37:34,396 [INFO] [u_station_ab_night_autotune_v2] __main__: V2_SOURCE_QOS_FILTER in=11 out=10 drops={'source_qos_symbol_cap': 1} caps={'watchlist': 54}
2026-02-27 16:37:34,397 [INFO] [u_station_ab_night_autotune_v2] __main__: FILTER_FAIL token=ToruCeoAI reason=source_qos_symbol_cap symbol=TORUCEOAI used=1/1
2026-02-27 16:37:34,398 [INFO] [u_station_ab_night_autotune_v2] __main__: FILTER_FAIL token=ToruCeoAI reason=safe_change_5m
2026-02-27 16:37:34,399 [INFO] [u_station_ab_night_autotune_v2] __main__: FILTER_PASS token=POOPCOIN tier=A score=85 mode=GREEN risk=MEDIUM liq=437364 vol5m=2983
2026-02-27 16:37:34,400 [INFO] [u_station_ab_night_autotune_v2] __main__: FILTER_PASS token=HOTDOGZ tier=A score=85 mode=GREEN risk=MEDIUM liq=181136 vol5m=3476
2026-02-27 16:37:34,401 [INFO] [u_station_ab_night_autotune_v2] __main__: FILTER_PASS token=ETH tier=A score=85 mode=GREEN risk=MEDIUM liq=830001 vol5m=2904
2026-02-27 16:37:34,403 [INFO] [u_station_ab_night_autotune_v2] __main__: FILTER_PASS token=JUNO tier=A score=85 mode=GREEN risk=MEDIUM liq=524601 vol5m=2592
2026-02-27 16:37:34,404 [INFO] [u_station_ab_night_autotune_v2] __main__: FILTER_PASS token=VIRTUAL tier=A score=75 mode=GREEN risk=MEDIUM liq=7371811 vol5m=351
2026-02-27 16:37:34,406 [INFO] [u_station_ab_night_autotune_v2] __main__: FILTER_PASS token=USD₮0 tier=A score=75 mode=GREEN risk=MEDIUM liq=120534 vol5m=30
2026-02-27 16:37:34,408 [INFO] [u_station_ab_night_autotune_v2] __main__: FILTER_FAIL token=AERO reason=safe_volume vol5m=1 min=5 regime=GREEN
2026-02-27 16:37:34,409 [INFO] [u_station_ab_night_autotune_v2] __main__: FILTER_FAIL token=DEFI.ssi reason=safe_volume vol5m=0 min=5 regime=GREEN
2026-02-27 16:37:34,410 [INFO] [u_station_ab_night_autotune_v2] __main__: FILTER_FAIL token=MONSTRO reason=safe_volume vol5m=0 min=5 regime=GREEN
2026-02-27 16:37:34,412 [INFO] [u_station_ab_night_autotune_v2] __main__: V2_QUALITY_GATE enabled=True regime=GREEN in=6 out=6 core_out=0 explore_out=6 probe_out=0 quota=3 max_symbol_share=0.167 drop={'duplicate_address': 3} sources_used={'watchlist': 6}
2026-02-27 16:37:34,413 [INFO] [u_station_ab_night_autotune_v2] __main__: V2_ENTRY_ROUTE enabled=True regime=GREEN in=6 out=4 core_out=1 explore_out=3 quota=3 allow_explore=True
2026-02-27 16:37:34,414 [INFO] [u_station_ab_night_autotune_v2] __main__: MARKET_REGIME mode=GREEN reason=avg_cand=6.00 avg_cand_recent=6.00
2026-02-27 16:37:34,416 [INFO] [u_station_ab_night_autotune_v2] trading.auto_trader: AutoTrade skip token=ETH reason=blacklist detail=honeypot_guard:honeypot_api_status_400
2026-02-27 16:37:34,418 [INFO] [u_station_ab_night_autotune_v2] trading.auto_trader: AutoTrade adjust token=JUNO reason=min_trade_floor size=$0.06->$0.10 min=$0.10
2026-02-27 16:37:34,419 [INFO] [u_station_ab_night_autotune_v2] trading.auto_trader: AutoTrade skip token=JUNO reason=edge_low mode=both edge=-24.10% raw=-24.10% mult=1.00 min=0.05% probe_min=0.05% edge_usd=$-0.024 min_usd=$0.000 probe_min_usd=$0.000 size=$0.10 gross=6.40% costs=30.50% pwin=0.65 probe=- budget=0/1
2026-02-27 16:37:34,421 [INFO] [u_station_ab_night_autotune_v2] trading.auto_trader: AutoTrade skip token=POOPCOIN reason=blacklist detail=honeypot_guard:honeypot_api_status_404
2026-02-27 16:37:34,423 [INFO] [u_station_ab_night_autotune_v2] trading.auto_trader: AutoTrade skip token=HOTDOGZ reason=blacklist detail=honeypot_guard:honeypot_api_status_404
2026-02-27 16:37:34,423 [INFO] [u_station_ab_night_autotune_v2] trading.auto_trader: AutoTrade batch mode=top_n candidates=4 eligible=4 selected=4 opened=0 pe=off burst_window=0
2026-02-27 16:37:34,425 [INFO] [u_station_ab_night_autotune_v2] __main__: Scanned 11 tokens | High quality: 10 | Alerts sent: 0 | Trade candidates: 6 | Quality out/core/explore/probe: 6/0/6/0 | Opened: 0 | Mode: local | Source: onchain+market | Policy: raw=OK/effective=OK(healthy | route=allow_all) | Regime: GREEN(avg_cand=6.00) | Safety: checked=6 fail_closed=0 reasons=api_code_4029:6 | FiltersTop(session): safe_volume:36,source_qos_symbol_cap:10,safe_change_5m:10,safe_age:3 | Dedup: heavy_skip=0 override=0 | V2Budget: 6/280 | SourceQoS: enabled=1/in=11/out=10/dropped=1/active_cd=0/drops=source_qos_symbol_cap:1 | Ingest: q=4/oldest=9.9s/drop_old=0/dedup_skip=0/enq=4/drain=0 | Sources: dex_boosts:ok=1/fail=0/429=0/lim_wait=0/cd_wait=0/err=0.0%/avg=45ms; dexscreener:ok=11/fail=0/429=0/lim_wait=0/cd_wait=0/err=0.0%/avg=325ms; geckoterminal:ok=1/fail=0/429=0/lim_wait=0/cd_wait=0/err=0.0%/avg=988ms; onchain_enrich:ok=4/fail=0/429=0/lim_wait=0/cd_wait=0/err=0.0%/avg=38ms | Tasks: 3 | RSS: 0.0MB | CycleAvg: 4.20s
2026-02-27 16:37:39,021 [INFO] [u_station_ab_night_autotune_v2] monitor.onchain_factory: ENRICH_RETRY token=0xf90caa85c8a0939f8299fc0ca734a322120bbb07 pair=0xe81af1b17578a2b07f59ab475ad11abbee8cdb6e attempt=1/2 delay=10s
2026-02-27 16:37:49,089 [INFO] [u_station_ab_night_autotune_v2] __main__: WATCHLIST merged count=11
2026-02-27 16:37:49,090 [INFO] [u_station_ab_night_autotune_v2] trading.v2_runtime: V2_UNIVERSE in=15 dedup=15 out=15 target=15 novel_target=13 novel_out=3 repeat_dropped=0 symbol_dropped=0 surge_in=2 surge_target=2 surge_out=2
2026-02-27 16:37:49,091 [INFO] [u_station_ab_night_autotune_v2] __main__: V2_SOURCE_QOS_FILTER in=15 out=14 drops={'source_qos_symbol_cap': 1} caps={'watchlist': 54, 'geckoterminal': 448, 'unknown': 0}
2026-02-27 16:37:49,093 [INFO] [u_station_ab_night_autotune_v2] __main__: FILTER_FAIL token=ToruCeoAI reason=source_qos_symbol_cap symbol=TORUCEOAI used=1/1
2026-02-27 16:37:49,094 [INFO] [u_station_ab_night_autotune_v2] __main__: FILTER_FAIL token=SEDMAT reason=safe_age
2026-02-27 16:37:49,095 [INFO] [u_station_ab_night_autotune_v2] __main__: FILTER_FAIL token=ToruCeoAI reason=safe_change_5m
2026-02-27 16:37:49,096 [INFO] [u_station_ab_night_autotune_v2] __main__: FILTER_FAIL token=Pombon reason=safe_age
2026-02-27 16:37:49,097 [INFO] [u_station_ab_night_autotune_v2] __main__: FILTER_PASS token=POOPCOIN tier=A score=85 mode=GREEN risk=MEDIUM liq=437364 vol5m=2983
2026-02-27 16:37:49,099 [INFO] [u_station_ab_night_autotune_v2] __main__: FILTER_PASS token=HOTDOGZ tier=A score=85 mode=GREEN risk=MEDIUM liq=181136 vol5m=3476
2026-02-27 16:37:49,101 [INFO] [u_station_ab_night_autotune_v2] __main__: FILTER_PASS token=ETH tier=A score=85 mode=GREEN risk=MEDIUM liq=830001 vol5m=2904
2026-02-27 16:37:49,101 [INFO] [u_station_ab_night_autotune_v2] __main__: FILTER_PASS token=JUNO tier=A score=85 mode=GREEN risk=MEDIUM liq=524601 vol5m=2592
2026-02-27 16:37:49,103 [INFO] [u_station_ab_night_autotune_v2] __main__: FILTER_FAIL token=PCT reason=score_min score=30 strict_min=48 soft_min=48 mode=GREEN
2026-02-27 16:37:49,104 [INFO] [u_station_ab_night_autotune_v2] __main__: FILTER_PASS token=VIRTUAL tier=A score=75 mode=GREEN risk=MEDIUM liq=7371811 vol5m=351
2026-02-27 16:37:49,106 [INFO] [u_station_ab_night_autotune_v2] __main__: FILTER_PASS token=USD₮0 tier=A score=75 mode=GREEN risk=MEDIUM liq=120534 vol5m=30
2026-02-27 16:37:49,107 [INFO] [u_station_ab_night_autotune_v2] __main__: FILTER_FAIL token=ILLUSTRATOR reason=safe_volume vol5m=0 min=5 regime=GREEN
2026-02-27 16:37:49,109 [INFO] [u_station_ab_night_autotune_v2] __main__: FILTER_FAIL token=AERO reason=safe_volume vol5m=1 min=5 regime=GREEN
2026-02-27 16:37:49,110 [INFO] [u_station_ab_night_autotune_v2] __main__: FILTER_FAIL token=DEFI.ssi reason=safe_volume vol5m=0 min=5 regime=GREEN
2026-02-27 16:37:49,111 [INFO] [u_station_ab_night_autotune_v2] __main__: FILTER_FAIL token=MONSTRO reason=safe_volume vol5m=0 min=5 regime=GREEN
2026-02-27 16:37:49,113 [INFO] [u_station_ab_night_autotune_v2] __main__: V2_QUALITY_GATE enabled=True regime=GREEN in=6 out=6 core_out=0 explore_out=6 probe_out=0 quota=3 max_symbol_share=0.167 drop={'duplicate_address': 3} sources_used={'watchlist': 6}
2026-02-27 16:37:49,116 [INFO] [u_station_ab_night_autotune_v2] __main__: V2_ENTRY_ROUTE enabled=True regime=GREEN in=6 out=4 core_out=1 explore_out=3 quota=3 allow_explore=True
2026-02-27 16:37:49,117 [INFO] [u_station_ab_night_autotune_v2] __main__: MARKET_REGIME mode=GREEN reason=avg_cand=6.00 avg_cand_recent=6.00
2026-02-27 16:37:49,118 [INFO] [u_station_ab_night_autotune_v2] trading.auto_trader: AutoTrade skip token=ETH reason=blacklist detail=honeypot_guard:honeypot_api_status_400
2026-02-27 16:37:49,121 [INFO] [u_station_ab_night_autotune_v2] trading.auto_trader: AutoTrade adjust token=JUNO reason=min_trade_floor size=$0.06->$0.10 min=$0.10
2026-02-27 16:37:49,122 [INFO] [u_station_ab_night_autotune_v2] trading.auto_trader: AutoTrade skip token=JUNO reason=edge_low mode=both edge=-24.10% raw=-24.10% mult=1.00 min=0.05% probe_min=0.05% edge_usd=$-0.024 min_usd=$0.000 probe_min_usd=$0.000 size=$0.10 gross=6.40% costs=30.50% pwin=0.65 probe=- budget=0/1
2026-02-27 16:37:49,124 [INFO] [u_station_ab_night_autotune_v2] trading.auto_trader: AutoTrade skip token=POOPCOIN reason=blacklist detail=honeypot_guard:honeypot_api_status_404
2026-02-27 16:37:49,125 [INFO] [u_station_ab_night_autotune_v2] trading.auto_trader: AutoTrade skip token=HOTDOGZ reason=blacklist detail=honeypot_guard:honeypot_api_status_404
2026-02-27 16:37:49,126 [INFO] [u_station_ab_night_autotune_v2] trading.auto_trader: AutoTrade batch mode=top_n candidates=4 eligible=4 selected=4 opened=0 pe=off burst_window=0
2026-02-27 16:37:49,128 [INFO] [u_station_ab_night_autotune_v2] __main__: Scanned 15 tokens | High quality: 10 | Alerts sent: 0 | Trade candidates: 6 | Quality out/core/explore/probe: 6/0/6/0 | Opened: 0 | Mode: local | Source: onchain+market | Policy: raw=OK/effective=OK(healthy | route=allow_all) | Regime: GREEN(avg_cand=6.00) | Safety: checked=6 fail_closed=0 reasons=api_code_4029:6 | FiltersTop(session): safe_volume:40,source_qos_symbol_cap:11,safe_change_5m:11,safe_age:5 | Dedup: heavy_skip=0 override=0 | V2Budget: 6/280 | SourceQoS: enabled=1/in=15/out=14/dropped=1/active_cd=0/drops=source_qos_symbol_cap:1 | Ingest: q=0/oldest=0.0s/drop_old=0/dedup_skip=0/enq=0/drain=4 | Sources: dex_boosts:ok=1/fail=0/429=0/lim_wait=0/cd_wait=0/err=0.0%/avg=64ms; dexscreener:ok=11/fail=0/429=0/lim_wait=0/cd_wait=0/err=0.0%/avg=45ms; onchain_enrich:ok=3/fail=0/429=0/lim_wait=0/cd_wait=0/err=0.0%/avg=40ms | Tasks: 3 | RSS: 0.0MB | CycleAvg: 4.84s
2026-02-27 16:37:53,690 [INFO] [u_station_ab_night_autotune_v2] __main__: WATCHLIST merged count=11
2026-02-27 16:37:53,691 [INFO] [u_station_ab_night_autotune_v2] trading.v2_runtime: V2_UNIVERSE in=11 dedup=11 out=11 target=11 novel_target=10 novel_out=0 repeat_dropped=0 symbol_dropped=0 surge_in=2 surge_target=2 surge_out=2
2026-02-27 16:37:53,693 [INFO] [u_station_ab_night_autotune_v2] __main__: V2_SOURCE_QOS_FILTER in=11 out=10 drops={'source_qos_symbol_cap': 1} caps={'watchlist': 54}
2026-02-27 16:37:53,694 [INFO] [u_station_ab_night_autotune_v2] __main__: FILTER_FAIL token=ToruCeoAI reason=source_qos_symbol_cap symbol=TORUCEOAI used=1/1
2026-02-27 16:37:53,696 [INFO] [u_station_ab_night_autotune_v2] __main__: FILTER_FAIL token=ToruCeoAI reason=safe_change_5m
2026-02-27 16:37:53,697 [INFO] [u_station_ab_night_autotune_v2] __main__: FILTER_PASS token=POOPCOIN tier=A score=85 mode=GREEN risk=MEDIUM liq=437364 vol5m=2983
2026-02-27 16:37:53,698 [INFO] [u_station_ab_night_autotune_v2] __main__: FILTER_PASS token=HOTDOGZ tier=A score=85 mode=GREEN risk=MEDIUM liq=181136 vol5m=3476
2026-02-27 16:37:53,700 [INFO] [u_station_ab_night_autotune_v2] __main__: FILTER_PASS token=ETH tier=A score=85 mode=GREEN risk=MEDIUM liq=830001 vol5m=2904
2026-02-27 16:37:53,702 [INFO] [u_station_ab_night_autotune_v2] __main__: FILTER_PASS token=JUNO tier=A score=85 mode=GREEN risk=MEDIUM liq=524601 vol5m=2592
2026-02-27 16:37:53,703 [INFO] [u_station_ab_night_autotune_v2] __main__: FILTER_PASS token=VIRTUAL tier=A score=75 mode=GREEN risk=MEDIUM liq=7371811 vol5m=351
2026-02-27 16:37:53,705 [INFO] [u_station_ab_night_autotune_v2] __main__: FILTER_PASS token=USD₮0 tier=A score=75 mode=GREEN risk=MEDIUM liq=120534 vol5m=30
2026-02-27 16:37:53,707 [INFO] [u_station_ab_night_autotune_v2] __main__: FILTER_FAIL token=AERO reason=safe_volume vol5m=1 min=5 regime=GREEN
2026-02-27 16:37:53,708 [INFO] [u_station_ab_night_autotune_v2] __main__: FILTER_FAIL token=DEFI.ssi reason=safe_volume vol5m=0 min=5 regime=GREEN
2026-02-27 16:37:53,709 [INFO] [u_station_ab_night_autotune_v2] __main__: FILTER_FAIL token=MONSTRO reason=safe_volume vol5m=0 min=5 regime=GREEN
2026-02-27 16:37:53,711 [INFO] [u_station_ab_night_autotune_v2] __main__: V2_QUALITY_GATE enabled=True regime=GREEN in=6 out=6 core_out=0 explore_out=6 probe_out=0 quota=3 max_symbol_share=0.167 drop={'duplicate_address': 3} sources_used={'watchlist': 6}
2026-02-27 16:37:53,713 [INFO] [u_station_ab_night_autotune_v2] __main__: V2_ENTRY_ROUTE enabled=True regime=GREEN in=6 out=4 core_out=1 explore_out=3 quota=3 allow_explore=True
2026-02-27 16:37:53,713 [INFO] [u_station_ab_night_autotune_v2] __main__: MARKET_REGIME mode=GREEN reason=avg_cand=6.00 avg_cand_recent=6.00
2026-02-27 16:37:53,715 [INFO] [u_station_ab_night_autotune_v2] trading.auto_trader: AutoTrade skip token=ETH reason=blacklist detail=honeypot_guard:honeypot_api_status_400
2026-02-27 16:37:53,718 [INFO] [u_station_ab_night_autotune_v2] trading.auto_trader: AutoTrade adjust token=JUNO reason=min_trade_floor size=$0.06->$0.10 min=$0.10
2026-02-27 16:37:53,719 [INFO] [u_station_ab_night_autotune_v2] trading.auto_trader: AutoTrade skip token=JUNO reason=edge_low mode=both edge=-24.10% raw=-24.10% mult=1.00 min=0.05% probe_min=0.05% edge_usd=$-0.024 min_usd=$0.000 probe_min_usd=$0.000 size=$0.10 gross=6.40% costs=30.50% pwin=0.65 probe=- budget=0/1
2026-02-27 16:37:53,721 [INFO] [u_station_ab_night_autotune_v2] trading.auto_trader: AutoTrade skip token=POOPCOIN reason=blacklist detail=honeypot_guard:honeypot_api_status_404
2026-02-27 16:37:53,723 [INFO] [u_station_ab_night_autotune_v2] trading.auto_trader: AutoTrade skip token=HOTDOGZ reason=blacklist detail=honeypot_guard:honeypot_api_status_404
2026-02-27 16:37:53,723 [INFO] [u_station_ab_night_autotune_v2] trading.auto_trader: AutoTrade batch mode=top_n candidates=4 eligible=4 selected=4 opened=0 pe=off burst_window=0
2026-02-27 16:37:53,725 [INFO] [u_station_ab_night_autotune_v2] __main__: Scanned 11 tokens | High quality: 10 | Alerts sent: 0 | Trade candidates: 6 | Quality out/core/explore/probe: 6/0/6/0 | Opened: 0 | Mode: local | Source: onchain+market | Policy: raw=OK/effective=OK(healthy | route=allow_all) | Regime: GREEN(avg_cand=6.00) | Safety: checked=6 fail_closed=0 reasons=api_code_4029:6 | FiltersTop(session): safe_volume:43,source_qos_symbol_cap:12,safe_change_5m:12,safe_age:5 | Dedup: heavy_skip=0 override=0 | V2Budget: 6/280 | SourceQoS: enabled=1/in=11/out=10/dropped=1/active_cd=0/drops=source_qos_symbol_cap:1 | Ingest: q=0/oldest=0.0s/drop_old=0/dedup_skip=0/enq=0/drain=0 | Sources: dex_boosts:ok=1/fail=0/429=0/lim_wait=0/cd_wait=0/err=0.0%/avg=47ms; dexscreener:ok=11/fail=0/429=0/lim_wait=0/cd_wait=0/err=0.0%/avg=43ms | Tasks: 3 | RSS: 0.0MB | CycleAvg: 5.36s
2026-02-27 16:37:58,428 [INFO] [u_station_ab_night_autotune_v2] __main__: WATCHLIST merged count=11
2026-02-27 16:37:58,429 [INFO] [u_station_ab_night_autotune_v2] trading.v2_runtime: V2_UNIVERSE in=11 dedup=11 out=11 target=11 novel_target=10 novel_out=0 repeat_dropped=0 symbol_dropped=0 surge_in=2 surge_target=2 surge_out=2
2026-02-27 16:37:58,430 [INFO] [u_station_ab_night_autotune_v2] __main__: V2_SOURCE_QOS_FILTER in=11 out=10 drops={'source_qos_symbol_cap': 1} caps={'watchlist': 54}
2026-02-27 16:37:58,432 [INFO] [u_station_ab_night_autotune_v2] __main__: FILTER_FAIL token=ToruCeoAI reason=source_qos_symbol_cap symbol=TORUCEOAI used=1/1
2026-02-27 16:37:58,433 [INFO] [u_station_ab_night_autotune_v2] __main__: FILTER_FAIL token=ToruCeoAI reason=safe_change_5m
2026-02-27 16:37:58,434 [INFO] [u_station_ab_night_autotune_v2] __main__: FILTER_PASS token=POOPCOIN tier=A score=85 mode=GREEN risk=MEDIUM liq=437364 vol5m=2983
2026-02-27 16:37:58,436 [INFO] [u_station_ab_night_autotune_v2] __main__: FILTER_PASS token=HOTDOGZ tier=A score=85 mode=GREEN risk=MEDIUM liq=181136 vol5m=3476
2026-02-27 16:37:58,437 [INFO] [u_station_ab_night_autotune_v2] __main__: FILTER_PASS token=ETH tier=A score=85 mode=GREEN risk=MEDIUM liq=830001 vol5m=2904
2026-02-27 16:37:58,439 [INFO] [u_station_ab_night_autotune_v2] __main__: FILTER_PASS token=JUNO tier=A score=85 mode=GREEN risk=MEDIUM liq=524601 vol5m=2592
2026-02-27 16:37:58,441 [INFO] [u_station_ab_night_autotune_v2] __main__: FILTER_PASS token=VIRTUAL tier=A score=75 mode=GREEN risk=MEDIUM liq=7371811 vol5m=351
2026-02-27 16:37:58,443 [INFO] [u_station_ab_night_autotune_v2] __main__: FILTER_PASS token=USD₮0 tier=A score=75 mode=GREEN risk=MEDIUM liq=120534 vol5m=30
2026-02-27 16:37:58,445 [INFO] [u_station_ab_night_autotune_v2] __main__: FILTER_FAIL token=AERO reason=safe_volume vol5m=1 min=5 regime=GREEN
2026-02-27 16:37:58,446 [INFO] [u_station_ab_night_autotune_v2] __main__: FILTER_FAIL token=DEFI.ssi reason=safe_volume vol5m=0 min=5 regime=GREEN
2026-02-27 16:37:58,448 [INFO] [u_station_ab_night_autotune_v2] __main__: FILTER_FAIL token=MONSTRO reason=safe_volume vol5m=0 min=5 regime=GREEN
2026-02-27 16:37:58,449 [INFO] [u_station_ab_night_autotune_v2] __main__: V2_QUALITY_GATE enabled=True regime=GREEN in=6 out=6 core_out=0 explore_out=6 probe_out=0 quota=3 max_symbol_share=0.167 drop={'duplicate_address': 3} sources_used={'watchlist': 6}
2026-02-27 16:37:58,452 [INFO] [u_station_ab_night_autotune_v2] __main__: V2_ENTRY_ROUTE enabled=True regime=GREEN in=6 out=4 core_out=1 explore_out=3 quota=3 allow_explore=True
2026-02-27 16:37:58,454 [INFO] [u_station_ab_night_autotune_v2] __main__: MARKET_REGIME mode=GREEN reason=avg_cand=6.00 avg_cand_recent=6.00
2026-02-27 16:37:58,456 [INFO] [u_station_ab_night_autotune_v2] trading.auto_trader: AutoTrade skip token=ETH reason=blacklist detail=honeypot_guard:honeypot_api_status_400
2026-02-27 16:37:58,460 [INFO] [u_station_ab_night_autotune_v2] trading.auto_trader: AutoTrade adjust token=JUNO reason=min_trade_floor size=$0.06->$0.10 min=$0.10
2026-02-27 16:37:58,461 [INFO] [u_station_ab_night_autotune_v2] trading.auto_trader: AutoTrade skip token=JUNO reason=edge_low mode=both edge=-24.10% raw=-24.10% mult=1.00 min=0.05% probe_min=0.05% edge_usd=$-0.024 min_usd=$0.000 probe_min_usd=$0.000 size=$0.10 gross=6.40% costs=30.50% pwin=0.65 probe=- budget=0/1
2026-02-27 16:37:58,463 [INFO] [u_station_ab_night_autotune_v2] trading.auto_trader: AutoTrade skip token=POOPCOIN reason=blacklist detail=honeypot_guard:honeypot_api_status_404
2026-02-27 16:37:58,465 [INFO] [u_station_ab_night_autotune_v2] trading.auto_trader: AutoTrade skip token=HOTDOGZ reason=blacklist detail=honeypot_guard:honeypot_api_status_404
2026-02-27 16:37:58,467 [INFO] [u_station_ab_night_autotune_v2] trading.auto_trader: AutoTrade batch mode=top_n candidates=4 eligible=4 selected=4 opened=0 pe=off burst_window=0
2026-02-27 16:37:58,468 [INFO] [u_station_ab_night_autotune_v2] __main__: Scanned 11 tokens | High quality: 10 | Alerts sent: 0 | Trade candidates: 6 | Quality out/core/explore/probe: 6/0/6/0 | Opened: 0 | Mode: local | Source: onchain+market | Policy: raw=OK/effective=OK(healthy | route=allow_all) | Regime: GREEN(avg_cand=6.00) | Safety: checked=6 fail_closed=0 reasons=api_code_4029:6 | FiltersTop(session): safe_volume:46,source_qos_symbol_cap:13,safe_change_5m:13,safe_age:5 | Dedup: heavy_skip=0 override=0 | V2Budget: 6/280 | SourceQoS: enabled=1/in=11/out=10/dropped=1/active_cd=0/drops=source_qos_symbol_cap:1 | Ingest: q=0/oldest=0.0s/drop_old=0/dedup_skip=0/enq=0/drain=0 | Sources: dex_boosts:ok=1/fail=0/429=0/lim_wait=0/cd_wait=0/err=0.0%/avg=37ms; dexscreener:ok=11/fail=0/429=0/lim_wait=0/cd_wait=0/err=0.0%/avg=220ms | Tasks: 3 | RSS: 0.0MB | CycleAvg: 4.95s
