2026-02-27 10:27:27,225 [INFO] [u_station_ab_night_autotune_v2] __main__: SESSION_LOG file=logs/matrix/u_station_ab_night_autotune_v2\sessions\main_local_20260227_092727_pid17072.log
2026-02-27 10:27:27,253 [INFO] [u_station_ab_night_autotune_v2] trading.auto_trader_state: AutoTrade state loaded open=0 closed=90 balance=$7.35
2026-02-27 10:27:27,253 [WARNING] [u_station_ab_night_autotune_v2] trading.auto_trader: DATA_POLICY mode=OK reason=init_reset_manual prev_mode=OK prev_reason=healthy | route=allow_all
2026-02-27 10:27:27,253 [INFO] [u_station_ab_night_autotune_v2] __main__: AUTOTRADER_INIT state=ready reason=manual mode=paper
2026-02-27 10:27:27,253 [INFO] [u_station_ab_night_autotune_v2] __main__: Local mode started (Telegram disabled).
2026-02-27 10:27:27,704 [INFO] [u_station_ab_night_autotune_v2] monitor.onchain_factory: PAIR_DETECTED source=uniswap_v2 dex=uniswap_v2 pair=0x0b05d69e008b99557c1639ef04106408033f686a token0=0x199f112a400117e8f1e73dd341abe3763143ab07 token1=0x4200000000000000000000000000000000000006 block=42697461 factory=0x8909dc15e40173ff4699343b6eb8132c65e18ec6
2026-02-27 10:27:27,720 [INFO] [u_station_ab_night_autotune_v2] monitor.onchain_factory: PAIR_DETECTED source=uniswap_v2 dex=uniswap_v2 pair=0xb7cf4a8fe3497369f4cfc4fd37e6b7820cb65d75 token0=0x4200000000000000000000000000000000000006 token1=0x65edf0733429622d5717d64b017c8fb6ec3bbb07 block=42697491 factory=0x8909dc15e40173ff4699343b6eb8132c65e18ec6
2026-02-27 10:27:27,720 [INFO] [u_station_ab_night_autotune_v2] monitor.onchain_factory: PAIR_DETECTED source=uniswap_v2 dex=uniswap_v2 pair=0xd1c1966122c4bc65699166df07c061134b441b0b token0=0x4200000000000000000000000000000000000006 token1=0xced75225d97b4f91758cc2c7615c41d67c6e0042 block=42697492 factory=0x8909dc15e40173ff4699343b6eb8132c65e18ec6
2026-02-27 10:27:27,720 [INFO] [u_station_ab_night_autotune_v2] monitor.onchain_factory: PAIR_DETECTED source=uniswap_v2 dex=uniswap_v2 pair=0x4ec825a2b225046075ace217b90e0f47617e683e token0=0x4200000000000000000000000000000000000006 token1=0xcfb7a3dfcca73fa84af93ae34899e819d607eb07 block=42697494 factory=0x8909dc15e40173ff4699343b6eb8132c65e18ec6
2026-02-27 10:27:27,720 [INFO] [u_station_ab_night_autotune_v2] monitor.onchain_factory: PAIR_DETECTED source=uniswap_v2 dex=uniswap_v2 pair=0x15c9a933a57509a6d074e76a574499d582e30243 token0=0x3cf1826067b43c6a510e8764747bb0cccf38ab07 token1=0x4200000000000000000000000000000000000006 block=42697505 factory=0x8909dc15e40173ff4699343b6eb8132c65e18ec6
2026-02-27 10:27:27,720 [INFO] [u_station_ab_night_autotune_v2] monitor.onchain_factory: PAIR_DETECTED source=uniswap_v2 dex=uniswap_v2 pair=0xd445fd9b1a8e99e137a94bd44e3753d13e6e819f token0=0x4200000000000000000000000000000000000006 token1=0xec71fc3f85901f4fcf02d71e5c856db97c85e060 block=42697506 factory=0x8909dc15e40173ff4699343b6eb8132c65e18ec6
2026-02-27 10:27:27,720 [INFO] [u_station_ab_night_autotune_v2] monitor.onchain_factory: PAIR_DETECTED source=uniswap_v2 dex=uniswap_v2 pair=0x326caeb4456ed1a5e7a6c27c8eac44e6e2fba232 token0=0x4200000000000000000000000000000000000006 token1=0xe17c85efda5323bb40c2a037ad3c7afe374dcb07 block=42697522 factory=0x8909dc15e40173ff4699343b6eb8132c65e18ec6
2026-02-27 10:27:27,720 [INFO] [u_station_ab_night_autotune_v2] monitor.onchain_factory: PAIR_DETECTED source=uniswap_v2 dex=uniswap_v2 pair=0x5cccf44c7126afba289b355de350533d403dd0bf token0=0x4200000000000000000000000000000000000006 token1=0x7235e9dfaed3d1114d9f01c3476486689916ab07 block=42697546 factory=0x8909dc15e40173ff4699343b6eb8132c65e18ec6
2026-02-27 10:27:27,853 [INFO] [u_station_ab_night_autotune_v2] monitor.onchain_factory: PAIR_DETECTED source=uniswap_v3 dex=uniswap_v3 pair=0x87117974e32554bfabd38a86371d6a58477244a0 token0=0x021085a044b74f1629075bf56761fa1e259e43fc token1=0x4200000000000000000000000000000000000006 block=42697494 factory=0x33128a8fc17869897dce68ed026d694621f6fdfd
2026-02-27 10:27:28,269 [INFO] [u_station_ab_night_autotune_v2] monitor.onchain_factory: ENRICH_RETRY token=0xced75225d97b4f91758cc2c7615c41d67c6e0042 pair=0xd1c1966122c4bc65699166df07c061134b441b0b attempt=1/2 delay=10s
2026-02-27 10:27:28,321 [INFO] [u_station_ab_night_autotune_v2] monitor.onchain_factory: ENRICH_RETRY token=0x7235e9dfaed3d1114d9f01c3476486689916ab07 pair=0x5cccf44c7126afba289b355de350533d403dd0bf attempt=1/2 delay=10s
2026-02-27 10:27:40,003 [INFO] [u_station_ab_night_autotune_v2] __main__: WATCHLIST merged count=3
2026-02-27 10:27:40,019 [INFO] [u_station_ab_night_autotune_v2] trading.v2_runtime: V2_UNIVERSE in=11 dedup=11 out=11 target=11 novel_target=10 novel_out=11 repeat_dropped=0 symbol_dropped=0 surge_in=5 surge_target=3 surge_out=5
2026-02-27 10:27:40,022 [INFO] [u_station_ab_night_autotune_v2] __main__: V2_SOURCE_QOS_FILTER in=11 out=9 drops={'source_qos_symbol_cap': 1, 'source_qos_cap': 1} caps={'watchlist': 2, 'geckoterminal': 287, 'unknown': 0}
2026-02-27 10:27:40,024 [INFO] [u_station_ab_night_autotune_v2] __main__: FILTER_FAIL token=PEWBOT reason=source_qos_symbol_cap symbol=PEWBOT used=1/1
2026-02-27 10:27:40,028 [INFO] [u_station_ab_night_autotune_v2] __main__: FILTER_FAIL token=AERO reason=source_qos_cap source=watchlist used=2/2
2026-02-27 10:27:40,028 [INFO] [u_station_ab_night_autotune_v2] __main__: FILTER_FAIL token=Pikachu reason=safe_age
2026-02-27 10:27:40,028 [INFO] [u_station_ab_night_autotune_v2] __main__: FILTER_FAIL token=SUCA reason=safe_age
2026-02-27 10:27:40,028 [INFO] [u_station_ab_night_autotune_v2] __main__: FILTER_FAIL token=ToruCeoAI reason=safe_age
2026-02-27 10:27:40,028 [INFO] [u_station_ab_night_autotune_v2] __main__: FILTER_FAIL token=PEWBOT reason=safe_age
2026-02-27 10:27:40,028 [INFO] [u_station_ab_night_autotune_v2] __main__: FILTER_PASS token=cbBTC tier=A score=100 mode=YELLOW risk=MEDIUM liq=23518664 vol5m=30289
2026-02-27 10:27:40,028 [INFO] [u_station_ab_night_autotune_v2] __main__: FILTER_FAIL token=CHARA reason=score_min score=40 strict_min=48 soft_min=48 mode=YELLOW
2026-02-27 10:27:40,028 [INFO] [u_station_ab_night_autotune_v2] __main__: FILTER_FAIL token=COINANGEL reason=score_min score=30 strict_min=48 soft_min=48 mode=YELLOW
2026-02-27 10:27:40,028 [INFO] [u_station_ab_night_autotune_v2] __main__: FILTER_PASS token=VIRTUAL tier=A score=75 mode=YELLOW risk=MEDIUM liq=7791113 vol5m=1922
2026-02-27 10:27:40,028 [INFO] [u_station_ab_night_autotune_v2] __main__: FILTER_FAIL token=KellyClaud reason=safe_volume vol5m=0 min=6 regime=YELLOW
2026-02-27 10:27:40,028 [INFO] [u_station_ab_night_autotune_v2] trading.v2_runtime: V2_QUALITY_ROTATE symbols_core=0 symbols_cooldown=0 sources=2 top_core=- top_cooldown=-
2026-02-27 10:27:40,028 [INFO] [u_station_ab_night_autotune_v2] __main__: V2_QUALITY_GATE enabled=True regime=YELLOW in=2 out=2 core_out=1 explore_out=1 probe_out=0 quota=1 max_symbol_share=0.500 drop={} sources_used={'watchlist': 2}
2026-02-27 10:27:40,028 [INFO] [u_station_ab_night_autotune_v2] __main__: V2_ENTRY_ROUTE enabled=True regime=YELLOW in=2 out=2 core_out=1 explore_out=1 quota=1 allow_explore=True
2026-02-27 10:27:40,028 [WARNING] [u_station_ab_night_autotune_v2] trading.auto_trader: DATA_POLICY mode=OK reason=healthy | route=allow_all prev_mode=OK prev_reason=init_reset_manual
2026-02-27 10:27:40,044 [INFO] [u_station_ab_night_autotune_v2] __main__: MARKET_REGIME mode=YELLOW reason=avg_cand=2.00 avg_cand_recent=2.00
2026-02-27 10:27:40,044 [INFO] [u_station_ab_night_autotune_v2] trading.auto_trader: AutoTrade skip token=cbBTC reason=disabled_or_limits detail=max_tx_per_day 180/180
2026-02-27 10:27:40,046 [INFO] [u_station_ab_night_autotune_v2] trading.auto_trader: AutoTrade skip token=VIRTUAL reason=disabled_or_limits detail=max_tx_per_day 180/180
2026-02-27 10:27:40,046 [INFO] [u_station_ab_night_autotune_v2] trading.auto_trader: AutoTrade batch mode=top_n candidates=2 eligible=2 selected=2 opened=0 pe=off burst_window=0
2026-02-27 10:27:40,048 [INFO] [u_station_ab_night_autotune_v2] __main__: FILTER_THRESHOLDS safe_volume_5m_min=$5 safe_liquidity_min=$8000 safe_age_min=240s score_min=48 edge_min=0.05% lock_floor=0.95 no_momentum_max_pnl=0.25 weakness_pnl=-2.60
2026-02-27 10:27:40,048 [INFO] [u_station_ab_night_autotune_v2] __main__: Scanned 11 tokens | High quality: 4 | Alerts sent: 0 | Trade candidates: 2 | Quality out/core/explore/probe: 2/1/1/0 | Opened: 0 | Mode: local | Source: onchain+market | Policy: raw=OK/effective=OK(healthy | route=allow_all) | Regime: YELLOW(avg_cand=2.00) | Safety: checked=2 fail_closed=0 reasons=api_code_4029:2 | FiltersTop(session): safe_age:4,score_min:2,source_qos_symbol_cap:1,source_qos_cap:1 | Dedup: heavy_skip=0 override=0 | V2Budget: 2/280 | SourceQoS: enabled=1/in=11/out=9/dropped=2/active_cd=0/drops=source_qos_symbol_cap:1,source_qos_cap:1 | Ingest: q=0/oldest=0.0s/drop_old=0/dedup_skip=0/enq=6/drain=6 | Sources: dex_boosts:ok=1/fail=0/429=0/lim_wait=0/cd_wait=0/err=0.0%/avg=145ms; dexscreener:ok=10/fail=0/429=0/lim_wait=0/cd_wait=0/err=0.0%/avg=246ms; geckoterminal:ok=2/fail=0/429=0/lim_wait=0/cd_wait=0/err=0.0%/avg=191ms; onchain_enrich:ok=15/fail=0/429=0/lim_wait=0/cd_wait=0/err=0.0%/avg=165ms; onchain_weth_price:ok=2/fail=0/429=0/lim_wait=0/cd_wait=0/err=0.0%/avg=68ms; watchlist_dex:ok=10/fail=0/429=0/lim_wait=0/cd_wait=0/err=0.0%/avg=110ms; watchlist_gecko:ok=6/fail=0/429=0/lim_wait=0/cd_wait=0/err=0.0%/avg=581ms | Tasks: 3 | RSS: 0.0MB | CycleAvg: 0.00s
2026-02-27 10:27:44,531 [INFO] [u_station_ab_night_autotune_v2] monitor.onchain_factory: ENRICH_RETRY token=0xced75225d97b4f91758cc2c7615c41d67c6e0042 pair=0xd1c1966122c4bc65699166df07c061134b441b0b attempt=1/2 delay=10s
2026-02-27 10:27:44,551 [INFO] [u_station_ab_night_autotune_v2] monitor.onchain_factory: ENRICH_RETRY token=0x7235e9dfaed3d1114d9f01c3476486689916ab07 pair=0x5cccf44c7126afba289b355de350533d403dd0bf attempt=1/2 delay=10s
2026-02-27 10:27:54,631 [INFO] [u_station_ab_night_autotune_v2] __main__: WATCHLIST merged count=3
2026-02-27 10:27:54,631 [INFO] [u_station_ab_night_autotune_v2] trading.v2_runtime: V2_UNIVERSE in=3 dedup=3 out=3 target=3 novel_target=3 novel_out=0 repeat_dropped=0 symbol_dropped=0 surge_in=0 surge_target=0 surge_out=0
2026-02-27 10:27:54,631 [INFO] [u_station_ab_night_autotune_v2] __main__: FILTER_PASS token=cbBTC tier=A score=100 mode=YELLOW risk=MEDIUM liq=23518664 vol5m=30289
2026-02-27 10:27:54,631 [INFO] [u_station_ab_night_autotune_v2] __main__: FILTER_PASS token=VIRTUAL tier=A score=75 mode=YELLOW risk=MEDIUM liq=7791113 vol5m=1922
2026-02-27 10:27:54,631 [INFO] [u_station_ab_night_autotune_v2] __main__: FILTER_PASS token=AERO tier=A score=75 mode=YELLOW risk=MEDIUM liq=2688942 vol5m=48
2026-02-27 10:27:54,631 [INFO] [u_station_ab_night_autotune_v2] __main__: V2_QUALITY_GATE enabled=True regime=YELLOW in=3 out=3 core_out=1 explore_out=2 probe_out=0 quota=2 max_symbol_share=0.333 drop={} sources_used={'watchlist': 3}
2026-02-27 10:27:54,631 [INFO] [u_station_ab_night_autotune_v2] __main__: V2_ENTRY_ROUTE enabled=True regime=YELLOW in=3 out=2 core_out=1 explore_out=1 quota=1 allow_explore=True
2026-02-27 10:27:54,631 [INFO] [u_station_ab_night_autotune_v2] __main__: MARKET_REGIME mode=YELLOW reason=hysteresis_recover_wait 1/4 raw=GREEN avg_cand_recent=2.50
2026-02-27 10:27:54,631 [INFO] [u_station_ab_night_autotune_v2] trading.auto_trader: AutoTrade skip token=cbBTC reason=disabled_or_limits detail=max_tx_per_day 180/180
2026-02-27 10:27:54,631 [INFO] [u_station_ab_night_autotune_v2] trading.auto_trader: AutoTrade skip token=VIRTUAL reason=disabled_or_limits detail=max_tx_per_day 180/180
2026-02-27 10:27:54,631 [INFO] [u_station_ab_night_autotune_v2] trading.auto_trader: AutoTrade batch mode=top_n candidates=2 eligible=2 selected=2 opened=0 pe=off burst_window=0
2026-02-27 10:27:54,631 [INFO] [u_station_ab_night_autotune_v2] __main__: Scanned 3 tokens | High quality: 3 | Alerts sent: 0 | Trade candidates: 3 | Quality out/core/explore/probe: 3/1/2/0 | Opened: 0 | Mode: local | Source: onchain+market | Policy: raw=OK/effective=OK(healthy | route=allow_all) | Regime: YELLOW(hysteresis_recover_wait 1/4 raw=GREEN) | Safety: checked=3 fail_closed=0 reasons=api_code_4029:3 | FiltersTop(session): safe_age:4,score_min:2,source_qos_symbol_cap:1,source_qos_cap:1 | Dedup: heavy_skip=0 override=0 | V2Budget: 3/280 | SourceQoS: enabled=1/in=3/out=3/dropped=0/active_cd=0/drops=none | Ingest: q=0/oldest=0.0s/drop_old=0/dedup_skip=0/enq=0/drain=0 | Sources: dex_boosts:ok=1/fail=0/429=0/lim_wait=0/cd_wait=0/err=0.0%/avg=107ms; dexscreener:ok=10/fail=0/429=0/lim_wait=0/cd_wait=0/err=0.0%/avg=105ms; onchain_enrich:ok=8/fail=0/429=0/lim_wait=0/cd_wait=0/err=0.0%/avg=44ms | Tasks: 3 | RSS: 0.0MB | CycleAvg: 12.78s
2026-02-27 10:27:59,380 [INFO] [u_station_ab_night_autotune_v2] monitor.onchain_factory: ENRICH_RETRY token=0xced75225d97b4f91758cc2c7615c41d67c6e0042 pair=0xd1c1966122c4bc65699166df07c061134b441b0b attempt=1/2 delay=10s
2026-02-27 10:28:09,469 [INFO] [u_station_ab_night_autotune_v2] __main__: WATCHLIST merged count=3
2026-02-27 10:28:09,469 [INFO] [u_station_ab_night_autotune_v2] trading.v2_runtime: V2_UNIVERSE in=4 dedup=4 out=4 target=4 novel_target=4 novel_out=1 repeat_dropped=0 symbol_dropped=0 surge_in=0 surge_target=0 surge_out=0
2026-02-27 10:28:09,469 [INFO] [u_station_ab_night_autotune_v2] __main__: V2_SOURCE_QOS_FILTER in=4 out=3 drops={'source_qos_cap': 1} caps={'watchlist': 2, 'unknown': 0}
2026-02-27 10:28:09,469 [INFO] [u_station_ab_night_autotune_v2] __main__: FILTER_FAIL token=AERO reason=source_qos_cap source=watchlist used=2/2
2026-02-27 10:28:09,469 [INFO] [u_station_ab_night_autotune_v2] __main__: FILTER_PASS token=cbBTC tier=A score=100 mode=YELLOW risk=MEDIUM liq=23518664 vol5m=30289
2026-02-27 10:28:09,469 [INFO] [u_station_ab_night_autotune_v2] __main__: FILTER_PASS token=VIRTUAL tier=A score=75 mode=YELLOW risk=MEDIUM liq=7791113 vol5m=1922
2026-02-27 10:28:09,469 [INFO] [u_station_ab_night_autotune_v2] __main__: FILTER_FAIL token=PEWBOT reason=score_min score=40 strict_min=48 soft_min=48 mode=YELLOW
2026-02-27 10:28:09,469 [INFO] [u_station_ab_night_autotune_v2] __main__: V2_QUALITY_GATE enabled=True regime=YELLOW in=2 out=2 core_out=1 explore_out=1 probe_out=0 quota=1 max_symbol_share=0.500 drop={} sources_used={'watchlist': 2}
2026-02-27 10:28:09,469 [INFO] [u_station_ab_night_autotune_v2] __main__: V2_ENTRY_ROUTE enabled=True regime=YELLOW in=2 out=2 core_out=1 explore_out=1 quota=1 allow_explore=True
2026-02-27 10:28:09,469 [INFO] [u_station_ab_night_autotune_v2] __main__: MARKET_REGIME mode=YELLOW reason=avg_cand=2.33 avg_cand_recent=2.33
2026-02-27 10:28:09,479 [INFO] [u_station_ab_night_autotune_v2] trading.auto_trader: AutoTrade skip token=cbBTC reason=disabled_or_limits detail=max_tx_per_day 180/180
2026-02-27 10:28:09,479 [INFO] [u_station_ab_night_autotune_v2] trading.auto_trader: AutoTrade skip token=VIRTUAL reason=disabled_or_limits detail=max_tx_per_day 180/180
2026-02-27 10:28:09,479 [INFO] [u_station_ab_night_autotune_v2] trading.auto_trader: AutoTrade batch mode=top_n candidates=2 eligible=2 selected=2 opened=0 pe=off burst_window=0
2026-02-27 10:28:09,479 [INFO] [u_station_ab_night_autotune_v2] __main__: Scanned 4 tokens | High quality: 2 | Alerts sent: 0 | Trade candidates: 2 | Quality out/core/explore/probe: 2/1/1/0 | Opened: 0 | Mode: local | Source: onchain+market | Policy: raw=OK/effective=OK(healthy | route=allow_all) | Regime: YELLOW(avg_cand=2.33) | Safety: checked=2 fail_closed=0 reasons=api_code_4029:2 | FiltersTop(session): safe_age:4,score_min:3,source_qos_cap:2,source_qos_symbol_cap:1 | Dedup: heavy_skip=0 override=0 | V2Budget: 2/280 | SourceQoS: enabled=1/in=4/out=3/dropped=1/active_cd=0/drops=source_qos_cap:1 | Ingest: q=0/oldest=0.0s/drop_old=0/dedup_skip=0/enq=0/drain=0 | Sources: dex_boosts:ok=1/fail=0/429=0/lim_wait=0/cd_wait=0/err=0.0%/avg=71ms; dexscreener:ok=10/fail=0/429=0/lim_wait=0/cd_wait=0/err=0.0%/avg=195ms; onchain_enrich:ok=5/fail=0/429=0/lim_wait=0/cd_wait=0/err=0.0%/avg=131ms | Tasks: 3 | RSS: 0.0MB | CycleAvg: 11.69s
2026-02-27 10:28:14,019 [INFO] [u_station_ab_night_autotune_v2] monitor.onchain_factory: ENRICH_RETRY token=0xced75225d97b4f91758cc2c7615c41d67c6e0042 pair=0xd1c1966122c4bc65699166df07c061134b441b0b attempt=1/2 delay=10s
2026-02-27 10:28:24,132 [INFO] [u_station_ab_night_autotune_v2] __main__: WATCHLIST merged count=3
2026-02-27 10:28:24,132 [INFO] [u_station_ab_night_autotune_v2] trading.v2_runtime: V2_UNIVERSE in=3 dedup=3 out=3 target=3 novel_target=3 novel_out=0 repeat_dropped=0 symbol_dropped=0 surge_in=0 surge_target=0 surge_out=0
2026-02-27 10:28:24,132 [INFO] [u_station_ab_night_autotune_v2] __main__: FILTER_PASS token=cbBTC tier=A score=100 mode=YELLOW risk=MEDIUM liq=23518664 vol5m=30289
2026-02-27 10:28:24,147 [INFO] [u_station_ab_night_autotune_v2] __main__: FILTER_PASS token=VIRTUAL tier=A score=75 mode=YELLOW risk=MEDIUM liq=7791113 vol5m=1922
2026-02-27 10:28:24,154 [INFO] [u_station_ab_night_autotune_v2] __main__: FILTER_PASS token=AERO tier=A score=75 mode=YELLOW risk=MEDIUM liq=2688942 vol5m=48
2026-02-27 10:28:24,154 [INFO] [u_station_ab_night_autotune_v2] __main__: V2_QUALITY_GATE enabled=True regime=YELLOW in=3 out=3 core_out=1 explore_out=2 probe_out=0 quota=2 max_symbol_share=0.333 drop={} sources_used={'watchlist': 3}
2026-02-27 10:28:24,154 [INFO] [u_station_ab_night_autotune_v2] __main__: V2_ENTRY_ROUTE enabled=True regime=YELLOW in=3 out=2 core_out=1 explore_out=1 quota=1 allow_explore=True
2026-02-27 10:28:24,154 [INFO] [u_station_ab_night_autotune_v2] __main__: MARKET_REGIME mode=YELLOW reason=hysteresis_recover_wait 1/4 raw=GREEN avg_cand_recent=2.50
2026-02-27 10:28:24,154 [INFO] [u_station_ab_night_autotune_v2] trading.auto_trader: AutoTrade skip token=cbBTC reason=disabled_or_limits detail=max_tx_per_day 180/180
2026-02-27 10:28:24,154 [INFO] [u_station_ab_night_autotune_v2] trading.auto_trader: AutoTrade skip token=VIRTUAL reason=disabled_or_limits detail=max_tx_per_day 180/180
2026-02-27 10:28:24,154 [INFO] [u_station_ab_night_autotune_v2] trading.auto_trader: AutoTrade batch mode=top_n candidates=2 eligible=2 selected=2 opened=0 pe=off burst_window=0
2026-02-27 10:28:24,154 [INFO] [u_station_ab_night_autotune_v2] __main__: Scanned 3 tokens | High quality: 3 | Alerts sent: 0 | Trade candidates: 3 | Quality out/core/explore/probe: 3/1/2/0 | Opened: 0 | Mode: local | Source: onchain+market | Policy: raw=OK/effective=OK(healthy | route=allow_all) | Regime: YELLOW(hysteresis_recover_wait 1/4 raw=GREEN) | Safety: checked=3 fail_closed=0 reasons=api_code_4029:3 | FiltersTop(session): safe_age:4,score_min:3,source_qos_cap:2,source_qos_symbol_cap:1 | Dedup: heavy_skip=0 override=0 | V2Budget: 3/280 | SourceQoS: enabled=1/in=3/out=3/dropped=0/active_cd=0/drops=none | Ingest: q=0/oldest=0.0s/drop_old=0/dedup_skip=0/enq=0/drain=0 | Sources: dex_boosts:ok=1/fail=0/429=0/lim_wait=0/cd_wait=0/err=0.0%/avg=42ms; dexscreener:ok=10/fail=0/429=0/lim_wait=0/cd_wait=0/err=0.0%/avg=41ms; onchain_enrich:ok=4/fail=0/429=0/lim_wait=0/cd_wait=0/err=0.0%/avg=54ms | Tasks: 3 | RSS: 0.0MB | CycleAvg: 11.41s
2026-02-27 10:28:28,571 [INFO] [u_station_ab_night_autotune_v2] monitor.onchain_factory: PAIR_DETECTED source=uniswap_v3 dex=uniswap_v3 pair=0xd737b15561062a45604f44fd30e8cb7537bc6668 token0=0x2baa0511f0431d9047699d92650b9fee19d3c367 token1=0x4200000000000000000000000000000000000006 block=42697577 factory=0x33128a8fc17869897dce68ed026d694621f6fdfd
2026-02-27 10:28:28,703 [INFO] [u_station_ab_night_autotune_v2] monitor.onchain_factory: ENRICH_RETRY token=0xced75225d97b4f91758cc2c7615c41d67c6e0042 pair=0xd1c1966122c4bc65699166df07c061134b441b0b attempt=1/2 delay=10s
2026-02-27 10:28:28,903 [INFO] [u_station_ab_night_autotune_v2] monitor.onchain_factory: ENRICH_RETRY token=0x2baa0511f0431d9047699d92650b9fee19d3c367 pair=0xd737b15561062a45604f44fd30e8cb7537bc6668 attempt=1/2 delay=10s
2026-02-27 10:28:39,501 [INFO] [u_station_ab_night_autotune_v2] __main__: WATCHLIST merged count=3
2026-02-27 10:28:39,501 [INFO] [u_station_ab_night_autotune_v2] trading.v2_runtime: V2_UNIVERSE in=3 dedup=3 out=3 target=3 novel_target=3 novel_out=0 repeat_dropped=0 symbol_dropped=0 surge_in=0 surge_target=0 surge_out=0
2026-02-27 10:28:39,501 [INFO] [u_station_ab_night_autotune_v2] __main__: FILTER_PASS token=cbBTC tier=A score=100 mode=YELLOW risk=MEDIUM liq=23518664 vol5m=30289
2026-02-27 10:28:39,503 [INFO] [u_station_ab_night_autotune_v2] __main__: FILTER_PASS token=VIRTUAL tier=A score=75 mode=YELLOW risk=MEDIUM liq=7791113 vol5m=1922
2026-02-27 10:28:39,503 [INFO] [u_station_ab_night_autotune_v2] __main__: FILTER_PASS token=AERO tier=A score=75 mode=YELLOW risk=MEDIUM liq=2688942 vol5m=48
2026-02-27 10:28:39,503 [INFO] [u_station_ab_night_autotune_v2] __main__: V2_QUALITY_GATE enabled=True regime=YELLOW in=3 out=3 core_out=1 explore_out=2 probe_out=0 quota=2 max_symbol_share=0.333 drop={} sources_used={'watchlist': 3}
2026-02-27 10:28:39,503 [INFO] [u_station_ab_night_autotune_v2] __main__: V2_ENTRY_ROUTE enabled=True regime=YELLOW in=3 out=2 core_out=1 explore_out=1 quota=1 allow_explore=True
2026-02-27 10:28:39,503 [INFO] [u_station_ab_night_autotune_v2] __main__: MARKET_REGIME mode=YELLOW reason=hysteresis_recover_wait 2/4 raw=GREEN avg_cand_recent=2.60
2026-02-27 10:28:39,503 [INFO] [u_station_ab_night_autotune_v2] trading.auto_trader: AutoTrade skip token=cbBTC reason=disabled_or_limits detail=max_tx_per_day 180/180
2026-02-27 10:28:39,503 [INFO] [u_station_ab_night_autotune_v2] trading.auto_trader: AutoTrade skip token=VIRTUAL reason=disabled_or_limits detail=max_tx_per_day 180/180
2026-02-27 10:28:39,503 [INFO] [u_station_ab_night_autotune_v2] trading.auto_trader: AutoTrade batch mode=top_n candidates=2 eligible=2 selected=2 opened=0 pe=off burst_window=0
2026-02-27 10:28:39,503 [INFO] [u_station_ab_night_autotune_v2] trading.auto_trader: PAPER_SUMMARY window=60s closed_delta=0 wins_delta=0 losses_delta=0 realized_delta=$0.00 total_closed=90 winrate_total=45.6% realized_total=$0.35 balance=$7.35 equity=$7.35 open=0
2026-02-27 10:28:39,503 [INFO] [u_station_ab_night_autotune_v2] __main__: Scanned 3 tokens | High quality: 3 | Alerts sent: 0 | Trade candidates: 3 | Quality out/core/explore/probe: 3/1/2/0 | Opened: 0 | Mode: local | Source: onchain+market | Policy: raw=OK/effective=OK(healthy | route=allow_all) | Regime: YELLOW(hysteresis_recover_wait 2/4 raw=GREEN) | Safety: checked=3 fail_closed=0 reasons=api_code_4029:3 | FiltersTop(session): safe_age:4,score_min:3,source_qos_cap:2,source_qos_symbol_cap:1 | Dedup: heavy_skip=0 override=0 | V2Budget: 3/280 | SourceQoS: enabled=1/in=3/out=3/dropped=0/active_cd=0/drops=none | Ingest: q=0/oldest=0.0s/drop_old=0/dedup_skip=0/enq=0/drain=0 | Sources: dex_boosts:ok=1/fail=0/429=0/lim_wait=0/cd_wait=0/err=0.0%/avg=43ms; dexscreener:ok=10/fail=0/429=0/lim_wait=0/cd_wait=0/err=0.0%/avg=54ms; onchain_enrich:ok=8/fail=0/429=0/lim_wait=0/cd_wait=0/err=0.0%/avg=167ms; onchain_weth_price:ok=1/fail=0/429=0/lim_wait=0/cd_wait=0/err=0.0%/avg=56ms | Tasks: 3 | RSS: 0.0MB | CycleAvg: 11.22s
2026-02-27 10:28:43,771 [INFO] [u_station_ab_night_autotune_v2] monitor.onchain_factory: PAIR_DETECTED source=uniswap_v2 dex=uniswap_v2 pair=0xdc2816b321c505c0de8852f412db07eb260d3608 token0=0x4200000000000000000000000000000000000006 token1=0xe12b5bafed4f0316533e701f1bf869b21937ab07 block=42697585 factory=0x8909dc15e40173ff4699343b6eb8132c65e18ec6
2026-02-27 10:28:43,976 [INFO] [u_station_ab_night_autotune_v2] monitor.onchain_factory: ENRICH_RETRY token=0xced75225d97b4f91758cc2c7615c41d67c6e0042 pair=0xd1c1966122c4bc65699166df07c061134b441b0b attempt=1/2 delay=10s
2026-02-27 10:28:44,036 [INFO] [u_station_ab_night_autotune_v2] monitor.onchain_factory: ENRICH_RETRY token=0x2baa0511f0431d9047699d92650b9fee19d3c367 pair=0xd737b15561062a45604f44fd30e8cb7537bc6668 attempt=1/2 delay=10s
2026-02-27 10:28:44,397 [INFO] [u_station_ab_night_autotune_v2] monitor.onchain_factory: ENRICH_RETRY token=0xe12b5bafed4f0316533e701f1bf869b21937ab07 pair=0xdc2816b321c505c0de8852f412db07eb260d3608 attempt=1/2 delay=10s
2026-02-27 10:28:54,479 [INFO] [u_station_ab_night_autotune_v2] __main__: WATCHLIST merged count=3
2026-02-27 10:28:54,495 [INFO] [u_station_ab_night_autotune_v2] trading.v2_runtime: V2_UNIVERSE in=5 dedup=5 out=5 target=5 novel_target=5 novel_out=0 repeat_dropped=0 symbol_dropped=0 surge_in=1 surge_target=1 surge_out=1
2026-02-27 10:28:54,495 [INFO] [u_station_ab_night_autotune_v2] __main__: V2_SOURCE_QOS_FILTER in=5 out=4 drops={'source_qos_cap': 1} caps={'watchlist': 2, 'geckoterminal': 287}
2026-02-27 10:28:54,495 [INFO] [u_station_ab_night_autotune_v2] __main__: FILTER_FAIL token=AERO reason=source_qos_cap source=watchlist used=2/2
2026-02-27 10:28:54,503 [INFO] [u_station_ab_night_autotune_v2] __main__: FILTER_FAIL token=KellyClaud reason=safe_age
2026-02-27 10:28:54,503 [INFO] [u_station_ab_night_autotune_v2] __main__: FILTER_PASS token=cbBTC tier=A score=100 mode=YELLOW risk=MEDIUM liq=23518664 vol5m=30289
2026-02-27 10:28:54,503 [INFO] [u_station_ab_night_autotune_v2] __main__: FILTER_FAIL token=PEWBOT reason=score_min score=40 strict_min=48 soft_min=48 mode=YELLOW
2026-02-27 10:28:54,503 [INFO] [u_station_ab_night_autotune_v2] __main__: FILTER_PASS token=VIRTUAL tier=A score=75 mode=YELLOW risk=MEDIUM liq=7791113 vol5m=1922
2026-02-27 10:28:54,503 [INFO] [u_station_ab_night_autotune_v2] __main__: V2_QUALITY_GATE enabled=True regime=YELLOW in=2 out=2 core_out=1 explore_out=1 probe_out=0 quota=1 max_symbol_share=0.500 drop={} sources_used={'watchlist': 2}
2026-02-27 10:28:54,519 [INFO] [u_station_ab_night_autotune_v2] __main__: V2_ENTRY_ROUTE enabled=True regime=YELLOW in=2 out=2 core_out=1 explore_out=1 quota=1 allow_explore=True
2026-02-27 10:28:54,519 [INFO] [u_station_ab_night_autotune_v2] __main__: MARKET_REGIME mode=YELLOW reason=hysteresis_recover_wait 3/4 raw=GREEN avg_cand_recent=2.50
2026-02-27 10:28:54,519 [INFO] [u_station_ab_night_autotune_v2] trading.auto_trader: AutoTrade skip token=cbBTC reason=disabled_or_limits detail=max_tx_per_day 180/180
2026-02-27 10:28:54,519 [INFO] [u_station_ab_night_autotune_v2] trading.auto_trader: AutoTrade skip token=VIRTUAL reason=disabled_or_limits detail=max_tx_per_day 180/180
2026-02-27 10:28:54,519 [INFO] [u_station_ab_night_autotune_v2] trading.auto_trader: AutoTrade batch mode=top_n candidates=2 eligible=2 selected=2 opened=0 pe=off burst_window=0
2026-02-27 10:28:54,519 [INFO] [u_station_ab_night_autotune_v2] __main__: Scanned 5 tokens | High quality: 2 | Alerts sent: 0 | Trade candidates: 2 | Quality out/core/explore/probe: 2/1/1/0 | Opened: 0 | Mode: local | Source: onchain+market | Policy: raw=OK/effective=OK(healthy | route=allow_all) | Regime: YELLOW(hysteresis_recover_wait 3/4 raw=GREEN) | Safety: checked=2 fail_closed=0 reasons=api_code_4029:2 | FiltersTop(session): safe_age:5,score_min:4,source_qos_cap:3,source_qos_symbol_cap:1 | Dedup: heavy_skip=0 override=0 | V2Budget: 2/280 | SourceQoS: enabled=1/in=5/out=4/dropped=1/active_cd=0/drops=source_qos_cap:1 | Ingest: q=0/oldest=0.0s/drop_old=0/dedup_skip=0/enq=2/drain=2 | Sources: dex_boosts:ok=1/fail=0/429=0/lim_wait=0/cd_wait=0/err=0.0%/avg=118ms; dexscreener:ok=10/fail=0/429=0/lim_wait=0/cd_wait=0/err=0.0%/avg=210ms; geckoterminal:ok=1/fail=0/429=0/lim_wait=0/cd_wait=0/err=0.0%/avg=257ms; onchain_enrich:ok=12/fail=0/429=0/lim_wait=0/cd_wait=0/err=0.0%/avg=79ms | Tasks: 3 | RSS: 0.0MB | CycleAvg: 11.25s
2026-02-27 10:28:59,003 [INFO] [u_station_ab_night_autotune_v2] monitor.onchain_factory: ENRICH_RETRY token=0xced75225d97b4f91758cc2c7615c41d67c6e0042 pair=0xd1c1966122c4bc65699166df07c061134b441b0b attempt=1/2 delay=10s
2026-02-27 10:28:59,019 [INFO] [u_station_ab_night_autotune_v2] monitor.onchain_factory: ENRICH_RETRY token=0x2baa0511f0431d9047699d92650b9fee19d3c367 pair=0xd737b15561062a45604f44fd30e8cb7537bc6668 attempt=1/2 delay=10s
2026-02-27 10:28:59,019 [INFO] [u_station_ab_night_autotune_v2] monitor.onchain_factory: ENRICH_RETRY token=0xe12b5bafed4f0316533e701f1bf869b21937ab07 pair=0xdc2816b321c505c0de8852f412db07eb260d3608 attempt=1/2 delay=10s
2026-02-27 10:29:09,354 [INFO] [u_station_ab_night_autotune_v2] __main__: WATCHLIST merged count=3
2026-02-27 10:29:09,354 [INFO] [u_station_ab_night_autotune_v2] trading.v2_runtime: V2_UNIVERSE in=3 dedup=3 out=3 target=3 novel_target=3 novel_out=0 repeat_dropped=0 symbol_dropped=0 surge_in=0 surge_target=0 surge_out=0
2026-02-27 10:29:09,354 [INFO] [u_station_ab_night_autotune_v2] __main__: FILTER_PASS token=cbBTC tier=A score=100 mode=YELLOW risk=MEDIUM liq=23518664 vol5m=30289
2026-02-27 10:29:09,354 [INFO] [u_station_ab_night_autotune_v2] __main__: FILTER_PASS token=VIRTUAL tier=A score=75 mode=YELLOW risk=MEDIUM liq=7791113 vol5m=1922
2026-02-27 10:29:09,354 [INFO] [u_station_ab_night_autotune_v2] __main__: FILTER_PASS token=AERO tier=A score=75 mode=YELLOW risk=MEDIUM liq=2688942 vol5m=48
2026-02-27 10:29:09,354 [INFO] [u_station_ab_night_autotune_v2] __main__: V2_QUALITY_GATE enabled=True regime=GREEN in=3 out=3 core_out=1 explore_out=2 probe_out=0 quota=2 max_symbol_share=0.333 drop={} sources_used={'watchlist': 3}
2026-02-27 10:29:09,354 [INFO] [u_station_ab_night_autotune_v2] __main__: V2_ENTRY_ROUTE enabled=True regime=GREEN in=3 out=2 core_out=1 explore_out=1 quota=1 allow_explore=True
2026-02-27 10:29:09,354 [INFO] [u_station_ab_night_autotune_v2] __main__: MARKET_REGIME mode=GREEN reason=avg_cand=2.57 avg_cand_recent=2.57
2026-02-27 10:29:09,354 [WARNING] [u_station_ab_night_autotune_v2] monitor.local_alerter: Local event symbol=MARKET_MODE reco=GREEN risk=INFO
2026-02-27 10:29:09,354 [INFO] [u_station_ab_night_autotune_v2] trading.auto_trader: AutoTrade skip token=cbBTC reason=disabled_or_limits detail=max_tx_per_day 180/180
2026-02-27 10:29:09,354 [INFO] [u_station_ab_night_autotune_v2] trading.auto_trader: AutoTrade skip token=VIRTUAL reason=disabled_or_limits detail=max_tx_per_day 180/180
2026-02-27 10:29:09,354 [INFO] [u_station_ab_night_autotune_v2] trading.auto_trader: AutoTrade batch mode=top_n candidates=2 eligible=2 selected=2 opened=0 pe=off burst_window=0
2026-02-27 10:29:09,370 [INFO] [u_station_ab_night_autotune_v2] __main__: Scanned 3 tokens | High quality: 3 | Alerts sent: 0 | Trade candidates: 3 | Quality out/core/explore/probe: 3/1/2/0 | Opened: 0 | Mode: local | Source: onchain+market | Policy: raw=OK/effective=OK(healthy | route=allow_all) | Regime: GREEN(avg_cand=2.57) | Safety: checked=3 fail_closed=0 reasons=api_code_4029:3 | FiltersTop(session): safe_age:5,score_min:4,source_qos_cap:3,source_qos_symbol_cap:1 | Dedup: heavy_skip=0 override=0 | V2Budget: 3/280 | SourceQoS: enabled=1/in=3/out=3/dropped=0/active_cd=0/drops=none | Ingest: q=0/oldest=0.0s/drop_old=0/dedup_skip=0/enq=0/drain=0 | Sources: dex_boosts:ok=1/fail=0/429=0/lim_wait=0/cd_wait=0/err=0.0%/avg=50ms; dexscreener:ok=10/fail=0/429=0/lim_wait=0/cd_wait=0/err=0.0%/avg=45ms; onchain_enrich:ok=12/fail=0/429=0/lim_wait=0/cd_wait=0/err=0.0%/avg=65ms | Tasks: 3 | RSS: 0.0MB | CycleAvg: 11.21s
2026-02-27 10:29:13,853 [INFO] [u_station_ab_night_autotune_v2] monitor.onchain_factory: ENRICH_RETRY token=0xe12b5bafed4f0316533e701f1bf869b21937ab07 pair=0xdc2816b321c505c0de8852f412db07eb260d3608 attempt=1/2 delay=10s
2026-02-27 10:29:13,870 [INFO] [u_station_ab_night_autotune_v2] monitor.onchain_factory: ENRICH_RETRY token=0x2baa0511f0431d9047699d92650b9fee19d3c367 pair=0xd737b15561062a45604f44fd30e8cb7537bc6668 attempt=1/2 delay=10s
2026-02-27 10:29:14,136 [INFO] [u_station_ab_night_autotune_v2] monitor.onchain_factory: ENRICH_RETRY token=0xced75225d97b4f91758cc2c7615c41d67c6e0042 pair=0xd1c1966122c4bc65699166df07c061134b441b0b attempt=1/2 delay=10s
2026-02-27 10:29:24,203 [INFO] [u_station_ab_night_autotune_v2] __main__: WATCHLIST merged count=3
2026-02-27 10:29:24,203 [INFO] [u_station_ab_night_autotune_v2] trading.v2_runtime: V2_UNIVERSE in=4 dedup=4 out=4 target=4 novel_target=4 novel_out=1 repeat_dropped=0 symbol_dropped=0 surge_in=0 surge_target=0 surge_out=0
2026-02-27 10:29:24,203 [INFO] [u_station_ab_night_autotune_v2] __main__: V2_SOURCE_QOS_FILTER in=4 out=3 drops={'source_qos_cap': 1} caps={'watchlist': 2, 'unknown': 0}
2026-02-27 10:29:24,203 [INFO] [u_station_ab_night_autotune_v2] __main__: FILTER_FAIL token=AERO reason=source_qos_cap source=watchlist used=2/2
2026-02-27 10:29:24,203 [INFO] [u_station_ab_night_autotune_v2] __main__: FILTER_PASS token=cbBTC tier=A score=100 mode=GREEN risk=MEDIUM liq=23518664 vol5m=30289
2026-02-27 10:29:24,203 [INFO] [u_station_ab_night_autotune_v2] __main__: FILTER_FAIL token=PEWBOT reason=score_min score=20 strict_min=48 soft_min=48 mode=GREEN
2026-02-27 10:29:24,203 [INFO] [u_station_ab_night_autotune_v2] __main__: FILTER_PASS token=VIRTUAL tier=A score=75 mode=GREEN risk=MEDIUM liq=7791113 vol5m=1922
2026-02-27 10:29:24,203 [INFO] [u_station_ab_night_autotune_v2] __main__: V2_QUALITY_GATE enabled=True regime=GREEN in=2 out=2 core_out=1 explore_out=1 probe_out=0 quota=1 max_symbol_share=0.500 drop={} sources_used={'watchlist': 2}
2026-02-27 10:29:24,203 [INFO] [u_station_ab_night_autotune_v2] __main__: V2_ENTRY_ROUTE enabled=True regime=GREEN in=2 out=2 core_out=1 explore_out=1 quota=1 allow_explore=True
2026-02-27 10:29:24,203 [INFO] [u_station_ab_night_autotune_v2] __main__: MARKET_REGIME mode=GREEN reason=avg_cand=2.50 avg_cand_recent=2.50
2026-02-27 10:29:24,203 [INFO] [u_station_ab_night_autotune_v2] trading.auto_trader: AutoTrade skip token=cbBTC reason=disabled_or_limits detail=max_tx_per_day 180/180
2026-02-27 10:29:24,203 [INFO] [u_station_ab_night_autotune_v2] trading.auto_trader: AutoTrade skip token=VIRTUAL reason=disabled_or_limits detail=max_tx_per_day 180/180
2026-02-27 10:29:24,203 [INFO] [u_station_ab_night_autotune_v2] trading.auto_trader: AutoTrade batch mode=top_n candidates=2 eligible=2 selected=2 opened=0 pe=off burst_window=0
2026-02-27 10:29:24,203 [INFO] [u_station_ab_night_autotune_v2] __main__: Scanned 4 tokens | High quality: 2 | Alerts sent: 0 | Trade candidates: 2 | Quality out/core/explore/probe: 2/1/1/0 | Opened: 0 | Mode: local | Source: onchain+market | Policy: raw=OK/effective=OK(healthy | route=allow_all) | Regime: GREEN(avg_cand=2.50) | Safety: checked=2 fail_closed=0 reasons=api_code_4029:2 | FiltersTop(session): safe_age:5,score_min:5,source_qos_cap:4,source_qos_symbol_cap:1 | Dedup: heavy_skip=0 override=0 | V2Budget: 2/280 | SourceQoS: enabled=1/in=4/out=3/dropped=1/active_cd=0/drops=source_qos_cap:1 | Ingest: q=0/oldest=0.0s/drop_old=0/dedup_skip=0/enq=0/drain=0 | Sources: dex_boosts:ok=1/fail=0/429=0/lim_wait=0/cd_wait=0/err=0.0%/avg=45ms; dexscreener:ok=10/fail=0/429=0/lim_wait=0/cd_wait=0/err=0.0%/avg=41ms; onchain_enrich:ok=11/fail=0/429=0/lim_wait=0/cd_wait=0/err=0.0%/avg=81ms | Tasks: 3 | RSS: 0.0MB | CycleAvg: 11.15s
2026-02-27 10:29:28,677 [INFO] [u_station_ab_night_autotune_v2] monitor.onchain_factory: ENRICH_RETRY token=0xced75225d97b4f91758cc2c7615c41d67c6e0042 pair=0xd1c1966122c4bc65699166df07c061134b441b0b attempt=1/2 delay=10s
2026-02-27 10:29:28,693 [INFO] [u_station_ab_night_autotune_v2] monitor.onchain_factory: ENRICH_RETRY token=0x2baa0511f0431d9047699d92650b9fee19d3c367 pair=0xd737b15561062a45604f44fd30e8cb7537bc6668 attempt=1/2 delay=10s
2026-02-27 10:29:38,822 [INFO] [u_station_ab_night_autotune_v2] __main__: WATCHLIST merged count=3
2026-02-27 10:29:38,822 [INFO] [u_station_ab_night_autotune_v2] trading.v2_runtime: V2_UNIVERSE in=3 dedup=3 out=3 target=3 novel_target=3 novel_out=0 repeat_dropped=0 symbol_dropped=0 surge_in=0 surge_target=0 surge_out=0
2026-02-27 10:29:38,822 [INFO] [u_station_ab_night_autotune_v2] __main__: FILTER_PASS token=cbBTC tier=A score=100 mode=GREEN risk=MEDIUM liq=23518664 vol5m=30289
2026-02-27 10:29:38,822 [INFO] [u_station_ab_night_autotune_v2] __main__: FILTER_PASS token=VIRTUAL tier=A score=75 mode=GREEN risk=MEDIUM liq=7791113 vol5m=1922
2026-02-27 10:29:38,822 [INFO] [u_station_ab_night_autotune_v2] __main__: FILTER_PASS token=AERO tier=A score=75 mode=GREEN risk=MEDIUM liq=2688942 vol5m=48
2026-02-27 10:29:38,822 [INFO] [u_station_ab_night_autotune_v2] __main__: V2_QUALITY_GATE enabled=True regime=GREEN in=3 out=3 core_out=1 explore_out=2 probe_out=0 quota=2 max_symbol_share=0.333 drop={} sources_used={'watchlist': 3}
2026-02-27 10:29:38,822 [INFO] [u_station_ab_night_autotune_v2] __main__: V2_ENTRY_ROUTE enabled=True regime=GREEN in=3 out=2 core_out=1 explore_out=1 quota=1 allow_explore=True
2026-02-27 10:29:38,822 [INFO] [u_station_ab_night_autotune_v2] __main__: MARKET_REGIME mode=GREEN reason=avg_cand=2.56 avg_cand_recent=2.56
2026-02-27 10:29:38,822 [INFO] [u_station_ab_night_autotune_v2] trading.auto_trader: AutoTrade skip token=cbBTC reason=disabled_or_limits detail=max_tx_per_day 180/180
2026-02-27 10:29:38,822 [INFO] [u_station_ab_night_autotune_v2] trading.auto_trader: AutoTrade skip token=VIRTUAL reason=disabled_or_limits detail=max_tx_per_day 180/180
2026-02-27 10:29:38,822 [INFO] [u_station_ab_night_autotune_v2] trading.auto_trader: AutoTrade batch mode=top_n candidates=2 eligible=2 selected=2 opened=0 pe=off burst_window=0
2026-02-27 10:29:38,822 [INFO] [u_station_ab_night_autotune_v2] __main__: Scanned 3 tokens | High quality: 3 | Alerts sent: 0 | Trade candidates: 3 | Quality out/core/explore/probe: 3/1/2/0 | Opened: 0 | Mode: local | Source: onchain+market | Policy: raw=OK/effective=OK(healthy | route=allow_all) | Regime: GREEN(avg_cand=2.56) | Safety: checked=3 fail_closed=0 reasons=api_code_4029:3 | FiltersTop(session): safe_age:5,score_min:5,source_qos_cap:4,source_qos_symbol_cap:1 | Dedup: heavy_skip=0 override=0 | V2Budget: 3/280 | SourceQoS: enabled=1/in=3/out=3/dropped=0/active_cd=0/drops=none | Ingest: q=0/oldest=0.0s/drop_old=0/dedup_skip=0/enq=0/drain=0 | Sources: dex_boosts:ok=1/fail=0/429=0/lim_wait=0/cd_wait=0/err=0.0%/avg=42ms; dexscreener:ok=10/fail=0/429=0/lim_wait=0/cd_wait=0/err=0.0%/avg=225ms; onchain_enrich:ok=8/fail=0/429=0/lim_wait=0/cd_wait=0/err=0.0%/avg=46ms | Tasks: 3 | RSS: 0.0MB | CycleAvg: 11.11s
2026-02-27 10:29:43,303 [INFO] [u_station_ab_night_autotune_v2] monitor.onchain_factory: ENRICH_RETRY token=0xced75225d97b4f91758cc2c7615c41d67c6e0042 pair=0xd1c1966122c4bc65699166df07c061134b441b0b attempt=1/2 delay=10s
2026-02-27 10:29:43,587 [INFO] [u_station_ab_night_autotune_v2] monitor.onchain_factory: ENRICH_RETRY token=0x2baa0511f0431d9047699d92650b9fee19d3c367 pair=0xd737b15561062a45604f44fd30e8cb7537bc6668 attempt=1/2 delay=10s
2026-02-27 10:29:53,715 [INFO] [u_station_ab_night_autotune_v2] __main__: WATCHLIST merged count=3
2026-02-27 10:29:53,715 [INFO] [u_station_ab_night_autotune_v2] trading.v2_runtime: V2_UNIVERSE in=3 dedup=3 out=3 target=3 novel_target=3 novel_out=0 repeat_dropped=0 symbol_dropped=0 surge_in=0 surge_target=0 surge_out=0
2026-02-27 10:29:53,731 [INFO] [u_station_ab_night_autotune_v2] __main__: FILTER_PASS token=cbBTC tier=A score=100 mode=GREEN risk=MEDIUM liq=23518664 vol5m=30289
2026-02-27 10:29:53,731 [INFO] [u_station_ab_night_autotune_v2] __main__: FILTER_PASS token=VIRTUAL tier=A score=75 mode=GREEN risk=MEDIUM liq=7791113 vol5m=1922
2026-02-27 10:29:53,731 [INFO] [u_station_ab_night_autotune_v2] __main__: FILTER_PASS token=AERO tier=A score=75 mode=GREEN risk=MEDIUM liq=2688942 vol5m=48
2026-02-27 10:29:53,731 [INFO] [u_station_ab_night_autotune_v2] __main__: V2_QUALITY_GATE enabled=True regime=GREEN in=3 out=3 core_out=1 explore_out=2 probe_out=0 quota=2 max_symbol_share=0.333 drop={} sources_used={'watchlist': 3}
2026-02-27 10:29:53,731 [INFO] [u_station_ab_night_autotune_v2] __main__: V2_ENTRY_ROUTE enabled=True regime=GREEN in=3 out=2 core_out=1 explore_out=1 quota=1 allow_explore=True
2026-02-27 10:29:53,731 [INFO] [u_station_ab_night_autotune_v2] __main__: MARKET_REGIME mode=GREEN reason=avg_cand=2.60 avg_cand_recent=2.60
2026-02-27 10:29:53,731 [INFO] [u_station_ab_night_autotune_v2] trading.auto_trader: AutoTrade skip token=cbBTC reason=disabled_or_limits detail=max_tx_per_day 180/180
2026-02-27 10:29:53,731 [INFO] [u_station_ab_night_autotune_v2] trading.auto_trader: AutoTrade skip token=VIRTUAL reason=disabled_or_limits detail=max_tx_per_day 180/180
2026-02-27 10:29:53,731 [INFO] [u_station_ab_night_autotune_v2] trading.auto_trader: AutoTrade batch mode=top_n candidates=2 eligible=2 selected=2 opened=0 pe=off burst_window=0
2026-02-27 10:29:53,731 [INFO] [u_station_ab_night_autotune_v2] trading.auto_trader: PAPER_SUMMARY window=60s closed_delta=0 wins_delta=0 losses_delta=0 realized_delta=$0.00 total_closed=90 winrate_total=45.6% realized_total=$0.35 balance=$7.35 equity=$7.35 open=0
2026-02-27 10:29:53,731 [INFO] [u_station_ab_night_autotune_v2] __main__: Scanned 3 tokens | High quality: 3 | Alerts sent: 0 | Trade candidates: 3 | Quality out/core/explore/probe: 3/1/2/0 | Opened: 0 | Mode: local | Source: onchain+market | Policy: raw=OK/effective=OK(healthy | route=allow_all) | Regime: GREEN(avg_cand=2.60) | Safety: checked=3 fail_closed=0 reasons=api_code_4029:3 | FiltersTop(session): safe_age:5,score_min:5,source_qos_cap:4,source_qos_symbol_cap:1 | Dedup: heavy_skip=0 override=0 | V2Budget: 3/280 | SourceQoS: enabled=1/in=3/out=3/dropped=0/active_cd=0/drops=none | Ingest: q=0/oldest=0.0s/drop_old=0/dedup_skip=0/enq=0/drain=0 | Sources: dex_boosts:ok=1/fail=0/429=0/lim_wait=0/cd_wait=0/err=0.0%/avg=45ms; dexscreener:ok=10/fail=0/429=0/lim_wait=0/cd_wait=0/err=0.0%/avg=47ms; onchain_enrich:ok=8/fail=0/429=0/lim_wait=0/cd_wait=0/err=0.0%/avg=106ms; onchain_weth_price:ok=2/fail=0/429=0/lim_wait=0/cd_wait=0/err=0.0%/avg=55ms | Tasks: 3 | RSS: 0.0MB | CycleAvg: 11.06s
2026-02-27 10:29:58,004 [INFO] [u_station_ab_night_autotune_v2] monitor.onchain_factory: PAIR_DETECTED source=uniswap_v2 dex=uniswap_v2 pair=0x8bfddec6e03a9a1f59a6a5acc93e665be6b04e97 token0=0x4200000000000000000000000000000000000006 token1=0xe6e75c9d3995588725f9a1b80516e43fbf91ab07 block=42697617 factory=0x8909dc15e40173ff4699343b6eb8132c65e18ec6
2026-02-27 10:29:58,004 [INFO] [u_station_ab_night_autotune_v2] monitor.onchain_factory: PAIR_DETECTED source=uniswap_v2 dex=uniswap_v2 pair=0x65bdb2c23625ccab54bdf1431f2634871dde32bd token0=0x1d7ecc1edc8670eb11a1cc4734087ce8a8434af0 token1=0x4200000000000000000000000000000000000006 block=42697621 factory=0x8909dc15e40173ff4699343b6eb8132c65e18ec6
2026-02-27 10:29:58,254 [INFO] [u_station_ab_night_autotune_v2] monitor.onchain_factory: ENRICH_RETRY token=0xe6e75c9d3995588725f9a1b80516e43fbf91ab07 pair=0x8bfddec6e03a9a1f59a6a5acc93e665be6b04e97 attempt=1/2 delay=10s
2026-02-27 10:29:58,254 [INFO] [u_station_ab_night_autotune_v2] monitor.onchain_factory: ENRICH_RETRY token=0xced75225d97b4f91758cc2c7615c41d67c6e0042 pair=0xd1c1966122c4bc65699166df07c061134b441b0b attempt=1/2 delay=10s
2026-02-27 10:29:58,254 [INFO] [u_station_ab_night_autotune_v2] monitor.onchain_factory: ENRICH_RETRY token=0x2baa0511f0431d9047699d92650b9fee19d3c367 pair=0xd737b15561062a45604f44fd30e8cb7537bc6668 attempt=1/2 delay=10s
2026-02-27 10:29:58,403 [INFO] [u_station_ab_night_autotune_v2] monitor.onchain_factory: ENRICH_RETRY token=0x1d7ecc1edc8670eb11a1cc4734087ce8a8434af0 pair=0x65bdb2c23625ccab54bdf1431f2634871dde32bd attempt=1/2 delay=10s
2026-02-27 10:30:08,453 [INFO] [u_station_ab_night_autotune_v2] __main__: WATCHLIST merged count=3
2026-02-27 10:30:08,453 [INFO] [u_station_ab_night_autotune_v2] trading.v2_runtime: V2_UNIVERSE in=3 dedup=3 out=3 target=3 novel_target=3 novel_out=0 repeat_dropped=0 symbol_dropped=0 surge_in=0 surge_target=0 surge_out=0
2026-02-27 10:30:08,453 [INFO] [u_station_ab_night_autotune_v2] __main__: FILTER_PASS token=cbBTC tier=A score=100 mode=GREEN risk=MEDIUM liq=23518664 vol5m=30289
2026-02-27 10:30:08,469 [INFO] [u_station_ab_night_autotune_v2] __main__: FILTER_PASS token=VIRTUAL tier=A score=75 mode=GREEN risk=MEDIUM liq=7791113 vol5m=1922
2026-02-27 10:30:08,470 [INFO] [u_station_ab_night_autotune_v2] __main__: FILTER_PASS token=AERO tier=A score=75 mode=GREEN risk=MEDIUM liq=2688942 vol5m=48
2026-02-27 10:30:08,471 [INFO] [u_station_ab_night_autotune_v2] __main__: V2_QUALITY_GATE enabled=True regime=GREEN in=3 out=3 core_out=1 explore_out=2 probe_out=0 quota=2 max_symbol_share=0.333 drop={} sources_used={'watchlist': 3}
2026-02-27 10:30:08,472 [INFO] [u_station_ab_night_autotune_v2] __main__: V2_ENTRY_ROUTE enabled=True regime=GREEN in=3 out=2 core_out=1 explore_out=1 quota=1 allow_explore=True
2026-02-27 10:30:08,472 [INFO] [u_station_ab_night_autotune_v2] __main__: MARKET_REGIME mode=GREEN reason=avg_cand=2.64 avg_cand_recent=2.64
2026-02-27 10:30:08,473 [INFO] [u_station_ab_night_autotune_v2] trading.auto_trader: AutoTrade skip token=cbBTC reason=disabled_or_limits detail=max_tx_per_day 180/180
2026-02-27 10:30:08,474 [INFO] [u_station_ab_night_autotune_v2] trading.auto_trader: AutoTrade skip token=VIRTUAL reason=disabled_or_limits detail=max_tx_per_day 180/180
2026-02-27 10:30:08,475 [INFO] [u_station_ab_night_autotune_v2] trading.auto_trader: AutoTrade batch mode=top_n candidates=2 eligible=2 selected=2 opened=0 pe=off burst_window=0
2026-02-27 10:30:08,475 [INFO] [u_station_ab_night_autotune_v2] __main__: Scanned 3 tokens | High quality: 3 | Alerts sent: 0 | Trade candidates: 3 | Quality out/core/explore/probe: 3/1/2/0 | Opened: 0 | Mode: local | Source: onchain+market | Policy: raw=OK/effective=OK(healthy | route=allow_all) | Regime: GREEN(avg_cand=2.64) | Safety: checked=3 fail_closed=0 reasons=api_code_4029:3 | FiltersTop(session): safe_age:5,score_min:5,source_qos_cap:4,source_qos_symbol_cap:1 | Dedup: heavy_skip=0 override=0 | V2Budget: 3/280 | SourceQoS: enabled=1/in=3/out=3/dropped=0/active_cd=0/drops=none | Ingest: q=1/oldest=10.3s/drop_old=0/dedup_skip=0/enq=1/drain=0 | Sources: dex_boosts:ok=1/fail=0/429=0/lim_wait=0/cd_wait=0/err=0.0%/avg=52ms; dexscreener:ok=10/fail=0/429=0/lim_wait=0/cd_wait=0/err=0.0%/avg=46ms; geckoterminal:ok=1/fail=0/429=0/lim_wait=0/cd_wait=0/err=0.0%/avg=238ms; onchain_enrich:ok=16/fail=0/429=0/lim_wait=0/cd_wait=0/err=0.0%/avg=58ms | Tasks: 3 | RSS: 0.0MB | CycleAvg: 11.04s
2026-02-27 10:30:12,970 [INFO] [u_station_ab_night_autotune_v2] monitor.onchain_factory: ENRICH_RETRY token=0xe6e75c9d3995588725f9a1b80516e43fbf91ab07 pair=0x8bfddec6e03a9a1f59a6a5acc93e665be6b04e97 attempt=1/2 delay=10s
2026-02-27 10:30:12,975 [INFO] [u_station_ab_night_autotune_v2] monitor.onchain_factory: ENRICH_RETRY token=0xced75225d97b4f91758cc2c7615c41d67c6e0042 pair=0xd1c1966122c4bc65699166df07c061134b441b0b attempt=1/2 delay=10s
2026-02-27 10:30:12,975 [INFO] [u_station_ab_night_autotune_v2] monitor.onchain_factory: ENRICH_RETRY token=0x2baa0511f0431d9047699d92650b9fee19d3c367 pair=0xd737b15561062a45604f44fd30e8cb7537bc6668 attempt=1/2 delay=10s
2026-02-27 10:30:12,975 [INFO] [u_station_ab_night_autotune_v2] monitor.onchain_factory: ENRICH_RETRY token=0x1d7ecc1edc8670eb11a1cc4734087ce8a8434af0 pair=0x65bdb2c23625ccab54bdf1431f2634871dde32bd attempt=1/2 delay=10s
2026-02-27 10:30:23,322 [INFO] [u_station_ab_night_autotune_v2] __main__: WATCHLIST merged count=3
2026-02-27 10:30:23,322 [INFO] [u_station_ab_night_autotune_v2] trading.v2_runtime: V2_UNIVERSE in=5 dedup=5 out=5 target=5 novel_target=5 novel_out=1 repeat_dropped=0 symbol_dropped=0 surge_in=0 surge_target=0 surge_out=0
2026-02-27 10:30:23,322 [INFO] [u_station_ab_night_autotune_v2] __main__: V2_SOURCE_QOS_FILTER in=5 out=4 drops={'source_qos_cap': 1} caps={'watchlist': 2, 'geckoterminal': 287, 'unknown': 0}
2026-02-27 10:30:23,322 [INFO] [u_station_ab_night_autotune_v2] __main__: FILTER_FAIL token=AERO reason=source_qos_cap source=watchlist used=2/2
2026-02-27 10:30:23,322 [INFO] [u_station_ab_night_autotune_v2] __main__: FILTER_PASS token=cbBTC tier=A score=100 mode=GREEN risk=MEDIUM liq=23518664 vol5m=30289
2026-02-27 10:30:23,322 [INFO] [u_station_ab_night_autotune_v2] __main__: FILTER_PASS token=VIRTUAL tier=A score=75 mode=GREEN risk=MEDIUM liq=7791113 vol5m=1922
2026-02-27 10:30:23,338 [INFO] [u_station_ab_night_autotune_v2] __main__: FILTER_FAIL token=CRAIG reason=safe_volume vol5m=0 min=5 regime=GREEN
2026-02-27 10:30:23,338 [INFO] [u_station_ab_night_autotune_v2] __main__: FILTER_FAIL token=PEWBOT reason=score_min score=40 strict_min=48 soft_min=48 mode=GREEN
2026-02-27 10:30:23,338 [INFO] [u_station_ab_night_autotune_v2] __main__: V2_QUALITY_GATE enabled=True regime=GREEN in=2 out=2 core_out=1 explore_out=1 probe_out=0 quota=1 max_symbol_share=0.500 drop={} sources_used={'watchlist': 2}
2026-02-27 10:30:23,338 [INFO] [u_station_ab_night_autotune_v2] __main__: V2_ENTRY_ROUTE enabled=True regime=GREEN in=2 out=2 core_out=1 explore_out=1 quota=1 allow_explore=True
2026-02-27 10:30:23,338 [INFO] [u_station_ab_night_autotune_v2] __main__: MARKET_REGIME mode=GREEN reason=avg_cand=2.58 avg_cand_recent=2.58
2026-02-27 10:30:23,338 [INFO] [u_station_ab_night_autotune_v2] trading.auto_trader: AutoTrade skip token=cbBTC reason=disabled_or_limits detail=max_tx_per_day 180/180
2026-02-27 10:30:23,338 [INFO] [u_station_ab_night_autotune_v2] trading.auto_trader: AutoTrade skip token=VIRTUAL reason=disabled_or_limits detail=max_tx_per_day 180/180
2026-02-27 10:30:23,338 [INFO] [u_station_ab_night_autotune_v2] trading.auto_trader: AutoTrade batch mode=top_n candidates=2 eligible=2 selected=2 opened=0 pe=off burst_window=0
2026-02-27 10:30:23,338 [INFO] [u_station_ab_night_autotune_v2] __main__: Scanned 5 tokens | High quality: 2 | Alerts sent: 0 | Trade candidates: 2 | Quality out/core/explore/probe: 2/1/1/0 | Opened: 0 | Mode: local | Source: onchain+market | Policy: raw=OK/effective=OK(healthy | route=allow_all) | Regime: GREEN(avg_cand=2.58) | Safety: checked=2 fail_closed=0 reasons=api_code_4029:2 | FiltersTop(session): score_min:6,source_qos_cap:5,safe_age:5,safe_volume:2 | Dedup: heavy_skip=0 override=0 | V2Budget: 2/280 | SourceQoS: enabled=1/in=5/out=4/dropped=1/active_cd=0/drops=source_qos_cap:1 | Ingest: q=0/oldest=0.0s/drop_old=0/dedup_skip=0/enq=0/drain=1 | Sources: dex_boosts:ok=1/fail=0/429=0/lim_wait=0/cd_wait=0/err=0.0%/avg=38ms; dexscreener:ok=10/fail=0/429=0/lim_wait=0/cd_wait=0/err=0.0%/avg=210ms; onchain_enrich:ok=15/fail=0/429=0/lim_wait=0/cd_wait=0/err=0.0%/avg=66ms | Tasks: 3 | RSS: 0.0MB | CycleAvg: 11.01s
2026-02-27 10:30:27,830 [INFO] [u_station_ab_night_autotune_v2] monitor.onchain_factory: ENRICH_RETRY token=0xe6e75c9d3995588725f9a1b80516e43fbf91ab07 pair=0x8bfddec6e03a9a1f59a6a5acc93e665be6b04e97 attempt=1/2 delay=10s
2026-02-27 10:30:27,870 [INFO] [u_station_ab_night_autotune_v2] monitor.onchain_factory: ENRICH_RETRY token=0x2baa0511f0431d9047699d92650b9fee19d3c367 pair=0xd737b15561062a45604f44fd30e8cb7537bc6668 attempt=1/2 delay=10s
2026-02-27 10:30:28,090 [INFO] [u_station_ab_night_autotune_v2] monitor.onchain_factory: ENRICH_RETRY token=0xced75225d97b4f91758cc2c7615c41d67c6e0042 pair=0xd1c1966122c4bc65699166df07c061134b441b0b attempt=1/2 delay=10s
2026-02-27 10:30:38,169 [INFO] [u_station_ab_night_autotune_v2] __main__: WATCHLIST merged count=3
2026-02-27 10:30:38,169 [INFO] [u_station_ab_night_autotune_v2] trading.v2_runtime: V2_UNIVERSE in=4 dedup=4 out=4 target=4 novel_target=4 novel_out=1 repeat_dropped=0 symbol_dropped=0 surge_in=0 surge_target=0 surge_out=0
2026-02-27 10:30:38,184 [INFO] [u_station_ab_night_autotune_v2] __main__: V2_SOURCE_QOS_FILTER in=4 out=3 drops={'source_qos_cap': 1} caps={'watchlist': 2, 'unknown': 0}
2026-02-27 10:30:38,184 [INFO] [u_station_ab_night_autotune_v2] __main__: FILTER_FAIL token=AERO reason=source_qos_cap source=watchlist used=2/2
2026-02-27 10:30:38,184 [INFO] [u_station_ab_night_autotune_v2] __main__: FILTER_PASS token=cbBTC tier=A score=100 mode=GREEN risk=MEDIUM liq=23518664 vol5m=30289
2026-02-27 10:30:38,184 [INFO] [u_station_ab_night_autotune_v2] __main__: FILTER_FAIL token=PEWBOT reason=score_min score=40 strict_min=48 soft_min=48 mode=GREEN
2026-02-27 10:30:38,184 [INFO] [u_station_ab_night_autotune_v2] __main__: FILTER_PASS token=VIRTUAL tier=A score=75 mode=GREEN risk=MEDIUM liq=7791113 vol5m=1922
2026-02-27 10:30:38,184 [INFO] [u_station_ab_night_autotune_v2] __main__: V2_QUALITY_GATE enabled=True regime=GREEN in=2 out=2 core_out=1 explore_out=1 probe_out=0 quota=1 max_symbol_share=0.500 drop={} sources_used={'watchlist': 2}
2026-02-27 10:30:38,184 [INFO] [u_station_ab_night_autotune_v2] __main__: V2_ENTRY_ROUTE enabled=True regime=GREEN in=2 out=2 core_out=1 explore_out=1 quota=1 allow_explore=True
2026-02-27 10:30:38,184 [INFO] [u_station_ab_night_autotune_v2] __main__: MARKET_REGIME mode=GREEN reason=avg_cand=2.58 avg_cand_recent=2.58
2026-02-27 10:30:38,202 [INFO] [u_station_ab_night_autotune_v2] trading.auto_trader: AutoTrade skip token=cbBTC reason=disabled_or_limits detail=max_tx_per_day 180/180
2026-02-27 10:30:38,205 [INFO] [u_station_ab_night_autotune_v2] trading.auto_trader: AutoTrade skip token=VIRTUAL reason=disabled_or_limits detail=max_tx_per_day 180/180
2026-02-27 10:30:38,205 [INFO] [u_station_ab_night_autotune_v2] trading.auto_trader: AutoTrade batch mode=top_n candidates=2 eligible=2 selected=2 opened=0 pe=off burst_window=0
2026-02-27 10:30:38,207 [INFO] [u_station_ab_night_autotune_v2] __main__: Scanned 4 tokens | High quality: 2 | Alerts sent: 0 | Trade candidates: 2 | Quality out/core/explore/probe: 2/1/1/0 | Opened: 0 | Mode: local | Source: onchain+market | Policy: raw=OK/effective=OK(healthy | route=allow_all) | Regime: GREEN(avg_cand=2.58) | Safety: checked=2 fail_closed=0 reasons=api_code_4029:2 | FiltersTop(session): score_min:7,source_qos_cap:6,safe_age:5,safe_volume:2 | Dedup: heavy_skip=0 override=0 | V2Budget: 2/280 | SourceQoS: enabled=1/in=4/out=3/dropped=1/active_cd=0/drops=source_qos_cap:1 | Ingest: q=0/oldest=0.0s/drop_old=0/dedup_skip=0/enq=0/drain=0 | Sources: dex_boosts:ok=1/fail=0/429=0/lim_wait=0/cd_wait=0/err=0.0%/avg=33ms; dexscreener:ok=10/fail=0/429=0/lim_wait=0/cd_wait=0/err=0.0%/avg=41ms; onchain_enrich:ok=11/fail=0/429=0/lim_wait=0/cd_wait=0/err=0.0%/avg=71ms | Tasks: 3 | RSS: 0.0MB | CycleAvg: 11.00s
2026-02-27 10:30:42,487 [INFO] [u_station_ab_night_autotune_v2] monitor.onchain_factory: PAIR_DETECTED source=uniswap_v2 dex=uniswap_v2 pair=0x52119156a389286327d4907396ad737dd2318d27 token0=0x4200000000000000000000000000000000000006 token1=0xd2845cc526117fcbfea5ac67961b3176affe3c2d block=42697642 factory=0x8909dc15e40173ff4699343b6eb8132c65e18ec6
2026-02-27 10:30:42,488 [INFO] [u_station_ab_night_autotune_v2] monitor.onchain_factory: PAIR_DETECTED source=uniswap_v2 dex=uniswap_v2 pair=0xaa12a73db3e252c1e5fa28b9e3b4f0b3e8b99c49 token0=0x4200000000000000000000000000000000000006 token1=0x52c789fe84bb9b5a4b1a7c2d97e6d4d5dca579d0 block=42697645 factory=0x8909dc15e40173ff4699343b6eb8132c65e18ec6
2026-02-27 10:30:42,682 [INFO] [u_station_ab_night_autotune_v2] monitor.onchain_factory: ENRICH_RETRY token=0xced75225d97b4f91758cc2c7615c41d67c6e0042 pair=0xd1c1966122c4bc65699166df07c061134b441b0b attempt=1/2 delay=10s
2026-02-27 10:30:42,741 [INFO] [u_station_ab_night_autotune_v2] monitor.onchain_factory: ENRICH_RETRY token=0x2baa0511f0431d9047699d92650b9fee19d3c367 pair=0xd737b15561062a45604f44fd30e8cb7537bc6668 attempt=1/2 delay=10s
2026-02-27 10:30:42,936 [INFO] [u_station_ab_night_autotune_v2] monitor.onchain_factory: ENRICH_RETRY token=0xd2845cc526117fcbfea5ac67961b3176affe3c2d pair=0x52119156a389286327d4907396ad737dd2318d27 attempt=1/2 delay=10s
2026-02-27 10:30:43,106 [INFO] [u_station_ab_night_autotune_v2] monitor.onchain_factory: ENRICH_RETRY token=0x52c789fe84bb9b5a4b1a7c2d97e6d4d5dca579d0 pair=0xaa12a73db3e252c1e5fa28b9e3b4f0b3e8b99c49 attempt=1/2 delay=10s
2026-02-27 10:30:53,169 [INFO] [u_station_ab_night_autotune_v2] __main__: WATCHLIST merged count=3
2026-02-27 10:30:53,169 [INFO] [u_station_ab_night_autotune_v2] trading.v2_runtime: V2_UNIVERSE in=3 dedup=3 out=3 target=3 novel_target=3 novel_out=0 repeat_dropped=0 symbol_dropped=0 surge_in=0 surge_target=0 surge_out=0
2026-02-27 10:30:53,169 [INFO] [u_station_ab_night_autotune_v2] __main__: FILTER_PASS token=cbBTC tier=A score=100 mode=GREEN risk=MEDIUM liq=23518664 vol5m=30289
2026-02-27 10:30:53,185 [INFO] [u_station_ab_night_autotune_v2] __main__: FILTER_PASS token=VIRTUAL tier=A score=75 mode=GREEN risk=MEDIUM liq=7791113 vol5m=1922
2026-02-27 10:30:53,185 [INFO] [u_station_ab_night_autotune_v2] __main__: FILTER_PASS token=AERO tier=A score=75 mode=GREEN risk=MEDIUM liq=2688942 vol5m=48
2026-02-27 10:30:53,185 [INFO] [u_station_ab_night_autotune_v2] __main__: V2_QUALITY_GATE enabled=True regime=GREEN in=3 out=3 core_out=1 explore_out=2 probe_out=0 quota=2 max_symbol_share=0.333 drop={} sources_used={'watchlist': 3}
2026-02-27 10:30:53,185 [INFO] [u_station_ab_night_autotune_v2] __main__: V2_ENTRY_ROUTE enabled=True regime=GREEN in=3 out=2 core_out=1 explore_out=1 quota=1 allow_explore=True
2026-02-27 10:30:53,185 [INFO] [u_station_ab_night_autotune_v2] __main__: MARKET_REGIME mode=GREEN reason=avg_cand=2.58 avg_cand_recent=2.58
2026-02-27 10:30:53,185 [INFO] [u_station_ab_night_autotune_v2] trading.auto_trader: AutoTrade skip token=cbBTC reason=disabled_or_limits detail=max_tx_per_day 180/180
2026-02-27 10:30:53,185 [INFO] [u_station_ab_night_autotune_v2] trading.auto_trader: AutoTrade skip token=VIRTUAL reason=disabled_or_limits detail=max_tx_per_day 180/180
2026-02-27 10:30:53,185 [INFO] [u_station_ab_night_autotune_v2] trading.auto_trader: AutoTrade batch mode=top_n candidates=2 eligible=2 selected=2 opened=0 pe=off burst_window=0
2026-02-27 10:30:53,185 [INFO] [u_station_ab_night_autotune_v2] __main__: Scanned 3 tokens | High quality: 3 | Alerts sent: 0 | Trade candidates: 3 | Quality out/core/explore/probe: 3/1/2/0 | Opened: 0 | Mode: local | Source: onchain+market | Policy: raw=OK/effective=OK(healthy | route=allow_all) | Regime: GREEN(avg_cand=2.58) | Safety: checked=3 fail_closed=0 reasons=api_code_4029:3 | FiltersTop(session): score_min:7,source_qos_cap:6,safe_age:5,safe_volume:2 | Dedup: heavy_skip=0 override=0 | V2Budget: 3/280 | SourceQoS: enabled=1/in=3/out=3/dropped=0/active_cd=0/drops=none | Ingest: q=0/oldest=0.0s/drop_old=0/dedup_skip=0/enq=0/drain=0 | Sources: dex_boosts:ok=1/fail=0/429=0/lim_wait=0/cd_wait=0/err=0.0%/avg=61ms; dexscreener:ok=10/fail=0/429=0/lim_wait=0/cd_wait=0/err=0.0%/avg=49ms; onchain_enrich:ok=16/fail=0/429=0/lim_wait=0/cd_wait=0/err=0.0%/avg=80ms | Tasks: 3 | RSS: 0.0MB | CycleAvg: 10.99s
2026-02-27 10:30:57,453 [INFO] [u_station_ab_night_autotune_v2] monitor.onchain_factory: PAIR_DETECTED source=uniswap_v2 dex=uniswap_v2 pair=0x8adadfa50c094b09214f0de897c20deb071dcd78 token0=0x4200000000000000000000000000000000000006 token1=0x70e2f157f5df9f83dfbb3bf76271d5ea888b963c block=42697646 factory=0x8909dc15e40173ff4699343b6eb8132c65e18ec6
2026-02-27 10:30:57,453 [INFO] [u_station_ab_night_autotune_v2] monitor.onchain_factory: PAIR_DETECTED source=uniswap_v2 dex=uniswap_v2 pair=0xddf88f8ec5d651270b63bd32d64f96fefcdeaac3 token0=0x4200000000000000000000000000000000000006 token1=0xaa4cb7cadd174f8df4150153477a72998b23bb07 block=42697650 factory=0x8909dc15e40173ff4699343b6eb8132c65e18ec6
2026-02-27 10:30:57,653 [INFO] [u_station_ab_night_autotune_v2] monitor.onchain_factory: ENRICH_RETRY token=0xced75225d97b4f91758cc2c7615c41d67c6e0042 pair=0xd1c1966122c4bc65699166df07c061134b441b0b attempt=1/2 delay=10s
2026-02-27 10:30:57,719 [INFO] [u_station_ab_night_autotune_v2] monitor.onchain_factory: ENRICH_RETRY token=0xd2845cc526117fcbfea5ac67961b3176affe3c2d pair=0x52119156a389286327d4907396ad737dd2318d27 attempt=1/2 delay=10s
2026-02-27 10:30:57,719 [INFO] [u_station_ab_night_autotune_v2] monitor.onchain_factory: ENRICH_RETRY token=0x52c789fe84bb9b5a4b1a7c2d97e6d4d5dca579d0 pair=0xaa12a73db3e252c1e5fa28b9e3b4f0b3e8b99c49 attempt=1/2 delay=10s
2026-02-27 10:30:58,120 [INFO] [u_station_ab_night_autotune_v2] monitor.onchain_factory: ENRICH_RETRY token=0x70e2f157f5df9f83dfbb3bf76271d5ea888b963c pair=0x8adadfa50c094b09214f0de897c20deb071dcd78 attempt=1/2 delay=10s
2026-02-27 10:30:58,132 [INFO] [u_station_ab_night_autotune_v2] monitor.onchain_factory: ENRICH_RETRY token=0xaa4cb7cadd174f8df4150153477a72998b23bb07 pair=0xddf88f8ec5d651270b63bd32d64f96fefcdeaac3 attempt=1/2 delay=10s
2026-02-27 10:30:58,246 [INFO] [u_station_ab_night_autotune_v2] monitor.onchain_factory: ENRICH_RETRY token=0x2baa0511f0431d9047699d92650b9fee19d3c367 pair=0xd737b15561062a45604f44fd30e8cb7537bc6668 attempt=1/2 delay=10s
2026-02-27 10:31:08,304 [INFO] [u_station_ab_night_autotune_v2] __main__: WATCHLIST merged count=3
2026-02-27 10:31:08,320 [INFO] [u_station_ab_night_autotune_v2] trading.v2_runtime: V2_UNIVERSE in=3 dedup=3 out=3 target=3 novel_target=3 novel_out=0 repeat_dropped=0 symbol_dropped=0 surge_in=0 surge_target=0 surge_out=0
2026-02-27 10:31:08,323 [INFO] [u_station_ab_night_autotune_v2] __main__: FILTER_PASS token=cbBTC tier=A score=100 mode=GREEN risk=MEDIUM liq=23518664 vol5m=30289
2026-02-27 10:31:08,326 [INFO] [u_station_ab_night_autotune_v2] __main__: FILTER_PASS token=VIRTUAL tier=A score=75 mode=GREEN risk=MEDIUM liq=7791113 vol5m=1922
2026-02-27 10:31:08,329 [INFO] [u_station_ab_night_autotune_v2] __main__: FILTER_PASS token=AERO tier=A score=75 mode=GREEN risk=MEDIUM liq=2688942 vol5m=48
2026-02-27 10:31:08,333 [INFO] [u_station_ab_night_autotune_v2] __main__: V2_QUALITY_GATE enabled=True regime=GREEN in=3 out=3 core_out=1 explore_out=2 probe_out=0 quota=2 max_symbol_share=0.333 drop={} sources_used={'watchlist': 3}
2026-02-27 10:31:08,334 [INFO] [u_station_ab_night_autotune_v2] __main__: V2_ENTRY_ROUTE enabled=True regime=GREEN in=3 out=2 core_out=1 explore_out=1 quota=1 allow_explore=True
2026-02-27 10:31:08,334 [INFO] [u_station_ab_night_autotune_v2] __main__: MARKET_REGIME mode=GREEN reason=avg_cand=2.67 avg_cand_recent=2.67
2026-02-27 10:31:08,337 [INFO] [u_station_ab_night_autotune_v2] trading.auto_trader: AutoTrade skip token=cbBTC reason=disabled_or_limits detail=max_tx_per_day 180/180
2026-02-27 10:31:08,339 [INFO] [u_station_ab_night_autotune_v2] trading.auto_trader: AutoTrade skip token=VIRTUAL reason=disabled_or_limits detail=max_tx_per_day 180/180
2026-02-27 10:31:08,340 [INFO] [u_station_ab_night_autotune_v2] trading.auto_trader: AutoTrade batch mode=top_n candidates=2 eligible=2 selected=2 opened=0 pe=off burst_window=0
2026-02-27 10:31:08,341 [INFO] [u_station_ab_night_autotune_v2] trading.auto_trader: PAPER_SUMMARY window=60s closed_delta=0 wins_delta=0 losses_delta=0 realized_delta=$0.00 total_closed=90 winrate_total=45.6% realized_total=$0.35 balance=$7.35 equity=$7.35 open=0
2026-02-27 10:31:08,342 [INFO] [u_station_ab_night_autotune_v2] __main__: Scanned 3 tokens | High quality: 3 | Alerts sent: 0 | Trade candidates: 3 | Quality out/core/explore/probe: 3/1/2/0 | Opened: 0 | Mode: local | Source: onchain+market | Policy: raw=OK/effective=OK(healthy | route=allow_all) | Regime: GREEN(avg_cand=2.67) | Safety: checked=3 fail_closed=0 reasons=api_code_4029:3 | FiltersTop(session): score_min:7,source_qos_cap:6,safe_age:5,safe_volume:2 | Dedup: heavy_skip=0 override=0 | V2Budget: 3/280 | SourceQoS: enabled=1/in=3/out=3/dropped=0/active_cd=0/drops=none | Ingest: q=0/oldest=0.0s/drop_old=0/dedup_skip=0/enq=0/drain=0 | Sources: dex_boosts:ok=1/fail=0/429=0/lim_wait=0/cd_wait=0/err=0.0%/avg=46ms; dexscreener:ok=10/fail=0/429=0/lim_wait=0/cd_wait=0/err=0.0%/avg=270ms; onchain_enrich:ok=24/fail=0/429=0/lim_wait=0/cd_wait=0/err=0.0%/avg=118ms; onchain_weth_price:ok=2/fail=0/429=0/lim_wait=0/cd_wait=0/err=0.0%/avg=56ms | Tasks: 3 | RSS: 0.0MB | CycleAvg: 10.99s
2026-02-27 10:31:12,803 [INFO] [u_station_ab_night_autotune_v2] monitor.onchain_factory: ENRICH_RETRY token=0xced75225d97b4f91758cc2c7615c41d67c6e0042 pair=0xd1c1966122c4bc65699166df07c061134b441b0b attempt=1/2 delay=10s
2026-02-27 10:31:12,831 [INFO] [u_station_ab_night_autotune_v2] monitor.onchain_factory: ENRICH_RETRY token=0xd2845cc526117fcbfea5ac67961b3176affe3c2d pair=0x52119156a389286327d4907396ad737dd2318d27 attempt=1/2 delay=10s
2026-02-27 10:31:12,831 [INFO] [u_station_ab_night_autotune_v2] monitor.onchain_factory: ENRICH_RETRY token=0x2baa0511f0431d9047699d92650b9fee19d3c367 pair=0xd737b15561062a45604f44fd30e8cb7537bc6668 attempt=1/2 delay=10s
2026-02-27 10:31:12,865 [INFO] [u_station_ab_night_autotune_v2] monitor.onchain_factory: ENRICH_RETRY token=0xaa4cb7cadd174f8df4150153477a72998b23bb07 pair=0xddf88f8ec5d651270b63bd32d64f96fefcdeaac3 attempt=1/2 delay=10s
2026-02-27 10:31:12,874 [INFO] [u_station_ab_night_autotune_v2] monitor.onchain_factory: ENRICH_RETRY token=0x70e2f157f5df9f83dfbb3bf76271d5ea888b963c pair=0x8adadfa50c094b09214f0de897c20deb071dcd78 attempt=1/2 delay=10s
2026-02-27 10:31:12,874 [INFO] [u_station_ab_night_autotune_v2] monitor.onchain_factory: ENRICH_RETRY token=0x52c789fe84bb9b5a4b1a7c2d97e6d4d5dca579d0 pair=0xaa12a73db3e252c1e5fa28b9e3b4f0b3e8b99c49 attempt=1/2 delay=10s
2026-02-27 10:31:23,104 [INFO] [u_station_ab_night_autotune_v2] __main__: WATCHLIST merged count=3
2026-02-27 10:31:23,104 [INFO] [u_station_ab_night_autotune_v2] trading.v2_runtime: V2_UNIVERSE in=5 dedup=5 out=5 target=5 novel_target=5 novel_out=2 repeat_dropped=0 symbol_dropped=0 surge_in=0 surge_target=0 surge_out=0
2026-02-27 10:31:23,105 [INFO] [u_station_ab_night_autotune_v2] __main__: V2_SOURCE_QOS_FILTER in=5 out=4 drops={'source_qos_cap': 1} caps={'watchlist': 2, 'unknown': 0}
2026-02-27 10:31:23,105 [INFO] [u_station_ab_night_autotune_v2] __main__: FILTER_FAIL token=AERO reason=source_qos_cap source=watchlist used=2/2
2026-02-27 10:31:23,105 [INFO] [u_station_ab_night_autotune_v2] __main__: FILTER_PASS token=cbBTC tier=A score=100 mode=GREEN risk=MEDIUM liq=23518664 vol5m=30289
2026-02-27 10:31:23,105 [INFO] [u_station_ab_night_autotune_v2] __main__: FILTER_FAIL token=AYA reason=safe_age
2026-02-27 10:31:23,105 [INFO] [u_station_ab_night_autotune_v2] __main__: FILTER_PASS token=VIRTUAL tier=A score=75 mode=GREEN risk=MEDIUM liq=7791113 vol5m=1922
2026-02-27 10:31:23,105 [INFO] [u_station_ab_night_autotune_v2] __main__: FILTER_FAIL token=RETSA reason=score_min score=40 strict_min=48 soft_min=48 mode=GREEN
2026-02-27 10:31:23,105 [INFO] [u_station_ab_night_autotune_v2] __main__: V2_QUALITY_GATE enabled=True regime=GREEN in=2 out=2 core_out=1 explore_out=1 probe_out=0 quota=1 max_symbol_share=0.500 drop={} sources_used={'watchlist': 2}
2026-02-27 10:31:23,105 [INFO] [u_station_ab_night_autotune_v2] __main__: V2_ENTRY_ROUTE enabled=True regime=GREEN in=2 out=2 core_out=1 explore_out=1 quota=1 allow_explore=True
2026-02-27 10:31:23,105 [INFO] [u_station_ab_night_autotune_v2] __main__: MARKET_REGIME mode=GREEN reason=avg_cand=2.58 avg_cand_recent=2.58
2026-02-27 10:31:23,105 [INFO] [u_station_ab_night_autotune_v2] trading.auto_trader: AutoTrade skip token=cbBTC reason=disabled_or_limits detail=max_tx_per_day 180/180
2026-02-27 10:31:23,105 [INFO] [u_station_ab_night_autotune_v2] trading.auto_trader: AutoTrade skip token=VIRTUAL reason=disabled_or_limits detail=max_tx_per_day 180/180
2026-02-27 10:31:23,105 [INFO] [u_station_ab_night_autotune_v2] trading.auto_trader: AutoTrade batch mode=top_n candidates=2 eligible=2 selected=2 opened=0 pe=off burst_window=0
2026-02-27 10:31:23,105 [INFO] [u_station_ab_night_autotune_v2] __main__: Scanned 5 tokens | High quality: 2 | Alerts sent: 0 | Trade candidates: 2 | Quality out/core/explore/probe: 2/1/1/0 | Opened: 0 | Mode: local | Source: onchain+market | Policy: raw=OK/effective=OK(healthy | route=allow_all) | Regime: GREEN(avg_cand=2.58) | Safety: checked=2 fail_closed=0 reasons=api_code_4029:2 | FiltersTop(session): score_min:8,source_qos_cap:7,safe_age:6,safe_volume:2 | Dedup: heavy_skip=0 override=0 | V2Budget: 2/280 | SourceQoS: enabled=1/in=5/out=4/dropped=1/active_cd=0/drops=source_qos_cap:1 | Ingest: q=6/oldest=9.3s/drop_old=0/dedup_skip=0/enq=6/drain=0 | Sources: dex_boosts:ok=1/fail=0/429=0/lim_wait=0/cd_wait=0/err=0.0%/avg=43ms; dexscreener:ok=10/fail=0/429=0/lim_wait=0/cd_wait=0/err=0.0%/avg=63ms; geckoterminal:ok=1/fail=0/429=0/lim_wait=0/cd_wait=0/err=0.0%/avg=645ms; onchain_enrich:ok=22/fail=0/429=0/lim_wait=0/cd_wait=0/err=0.0%/avg=64ms | Tasks: 3 | RSS: 0.0MB | CycleAvg: 11.00s
2026-02-27 10:31:27,382 [INFO] [u_station_ab_night_autotune_v2] monitor.onchain_factory: PAIR_DETECTED source=uniswap_v2 dex=uniswap_v2 pair=0x80c3186bd716870d56ee2349f38049452ad4ea7e token0=0x4200000000000000000000000000000000000006 token1=0x4f3f3a8e945e30bffc3d2aa6d47dd92f019fab07 block=42697661 factory=0x8909dc15e40173ff4699343b6eb8132c65e18ec6
2026-02-27 10:31:27,585 [INFO] [u_station_ab_night_autotune_v2] monitor.onchain_factory: ENRICH_RETRY token=0xced75225d97b4f91758cc2c7615c41d67c6e0042 pair=0xd1c1966122c4bc65699166df07c061134b441b0b attempt=1/2 delay=10s
2026-02-27 10:31:27,603 [INFO] [u_station_ab_night_autotune_v2] monitor.onchain_factory: ENRICH_RETRY token=0x70e2f157f5df9f83dfbb3bf76271d5ea888b963c pair=0x8adadfa50c094b09214f0de897c20deb071dcd78 attempt=1/2 delay=10s
2026-02-27 10:31:27,603 [INFO] [u_station_ab_night_autotune_v2] monitor.onchain_factory: ENRICH_RETRY token=0xaa4cb7cadd174f8df4150153477a72998b23bb07 pair=0xddf88f8ec5d651270b63bd32d64f96fefcdeaac3 attempt=1/2 delay=10s
2026-02-27 10:31:27,603 [INFO] [u_station_ab_night_autotune_v2] monitor.onchain_factory: ENRICH_RETRY token=0x2baa0511f0431d9047699d92650b9fee19d3c367 pair=0xd737b15561062a45604f44fd30e8cb7537bc6668 attempt=1/2 delay=10s
2026-02-27 10:31:27,869 [INFO] [u_station_ab_night_autotune_v2] monitor.onchain_factory: ENRICH_RETRY token=0x4f3f3a8e945e30bffc3d2aa6d47dd92f019fab07 pair=0x80c3186bd716870d56ee2349f38049452ad4ea7e attempt=1/2 delay=10s
2026-02-27 10:31:37,947 [INFO] [u_station_ab_night_autotune_v2] __main__: WATCHLIST merged count=3
2026-02-27 10:31:37,947 [INFO] [u_station_ab_night_autotune_v2] trading.v2_runtime: V2_UNIVERSE in=9 dedup=9 out=9 target=9 novel_target=8 novel_out=3 repeat_dropped=0 symbol_dropped=0 surge_in=0 surge_target=0 surge_out=0
2026-02-27 10:31:37,948 [INFO] [u_station_ab_night_autotune_v2] __main__: V2_SOURCE_QOS_FILTER in=9 out=8 drops={'source_qos_cap': 1} caps={'watchlist': 2, 'geckoterminal': 287, 'unknown': 0}
2026-02-27 10:31:37,949 [INFO] [u_station_ab_night_autotune_v2] __main__: FILTER_FAIL token=AERO reason=source_qos_cap source=watchlist used=2/2
2026-02-27 10:31:37,950 [INFO] [u_station_ab_night_autotune_v2] __main__: FILTER_PASS token=cbBTC tier=A score=100 mode=GREEN risk=MEDIUM liq=23518664 vol5m=30289
2026-02-27 10:31:37,952 [INFO] [u_station_ab_night_autotune_v2] __main__: FILTER_FAIL token=CHARLES reason=safe_age
2026-02-27 10:31:37,953 [INFO] [u_station_ab_night_autotune_v2] __main__: FILTER_FAIL token=CRAIG reason=safe_age
2026-02-27 10:31:37,954 [INFO] [u_station_ab_night_autotune_v2] __main__: FILTER_PASS token=VIRTUAL tier=A score=75 mode=GREEN risk=MEDIUM liq=7791113 vol5m=1922
2026-02-27 10:31:37,955 [INFO] [u_station_ab_night_autotune_v2] __main__: FILTER_FAIL token=AYA reason=safe_volume vol5m=0 min=5 regime=GREEN
2026-02-27 10:31:37,955 [INFO] [u_station_ab_night_autotune_v2] __main__: FILTER_FAIL token=PEWBOT reason=safe_volume vol5m=0 min=5 regime=GREEN
2026-02-27 10:31:37,956 [INFO] [u_station_ab_night_autotune_v2] __main__: FILTER_FAIL token=FUNGI reason=safe_volume vol5m=0 min=5 regime=GREEN
2026-02-27 10:31:37,957 [INFO] [u_station_ab_night_autotune_v2] __main__: FILTER_FAIL token=RETSA reason=score_min score=40 strict_min=48 soft_min=48 mode=GREEN
2026-02-27 10:31:37,957 [INFO] [u_station_ab_night_autotune_v2] __main__: V2_QUALITY_GATE enabled=True regime=GREEN in=2 out=2 core_out=1 explore_out=1 probe_out=0 quota=1 max_symbol_share=0.500 drop={} sources_used={'watchlist': 2}
2026-02-27 10:31:37,958 [INFO] [u_station_ab_night_autotune_v2] __main__: V2_ENTRY_ROUTE enabled=True regime=GREEN in=2 out=2 core_out=1 explore_out=1 quota=1 allow_explore=True
2026-02-27 10:31:37,958 [INFO] [u_station_ab_night_autotune_v2] __main__: MARKET_REGIME mode=GREEN reason=avg_cand=2.50 avg_cand_recent=2.50
2026-02-27 10:31:37,960 [INFO] [u_station_ab_night_autotune_v2] trading.auto_trader: AutoTrade skip token=cbBTC reason=disabled_or_limits detail=max_tx_per_day 180/180
2026-02-27 10:31:37,961 [INFO] [u_station_ab_night_autotune_v2] trading.auto_trader: AutoTrade skip token=VIRTUAL reason=disabled_or_limits detail=max_tx_per_day 180/180
2026-02-27 10:31:37,961 [INFO] [u_station_ab_night_autotune_v2] trading.auto_trader: AutoTrade batch mode=top_n candidates=2 eligible=2 selected=2 opened=0 pe=off burst_window=0
2026-02-27 10:31:37,962 [INFO] [u_station_ab_night_autotune_v2] __main__: Scanned 9 tokens | High quality: 2 | Alerts sent: 0 | Trade candidates: 2 | Quality out/core/explore/probe: 2/1/1/0 | Opened: 0 | Mode: local | Source: onchain+market | Policy: raw=OK/effective=OK(healthy | route=allow_all) | Regime: GREEN(avg_cand=2.50) | Safety: checked=2 fail_closed=0 reasons=api_code_4029:2 | FiltersTop(session): score_min:9,source_qos_cap:8,safe_age:8,safe_volume:5 | Dedup: heavy_skip=0 override=0 | V2Budget: 2/280 | SourceQoS: enabled=1/in=9/out=8/dropped=1/active_cd=0/drops=source_qos_cap:1 | Ingest: q=0/oldest=0.0s/drop_old=0/dedup_skip=0/enq=0/drain=6 | Sources: dex_boosts:ok=1/fail=0/429=0/lim_wait=0/cd_wait=0/err=0.0%/avg=35ms; dexscreener:ok=10/fail=0/429=0/lim_wait=0/cd_wait=0/err=0.0%/avg=51ms; onchain_enrich:ok=18/fail=0/429=0/lim_wait=0/cd_wait=0/err=0.0%/avg=71ms | Tasks: 3 | RSS: 0.0MB | CycleAvg: 10.99s
2026-02-27 10:31:41,969 [WARNING] [u_station_ab_night_autotune_v2] __main__: GRACEFUL_STOP requested path=D:\earnforme\solana-alert-bot\data\graceful_stop.u_station_ab_night_autotune_v2.signal
2026-02-27 10:31:42,028 [INFO] [u_station_ab_night_autotune_v2] trading.auto_trader: AUTOTRADER_SHUTDOWN reason=main_local_shutdown open=0 closed=90
