2026-02-27 03:56:21,721 [INFO] [u_station_ab_night_autotune_v2] __main__: SESSION_LOG file=logs/matrix/u_station_ab_night_autotune_v2\sessions\main_local_20260227_025621_pid17084.log
2026-02-27 03:56:21,752 [INFO] [u_station_ab_night_autotune_v2] trading.auto_trader_state: AutoTrade state loaded open=0 closed=62 balance=$7.20
2026-02-27 03:56:21,758 [WARNING] [u_station_ab_night_autotune_v2] trading.auto_trader: DATA_POLICY mode=OK reason=init_reset_manual prev_mode=OK prev_reason=healthy | route=allow_all
2026-02-27 03:56:21,763 [INFO] [u_station_ab_night_autotune_v2] __main__: AUTOTRADER_INIT state=ready reason=manual mode=paper
2026-02-27 03:56:21,765 [INFO] [u_station_ab_night_autotune_v2] __main__: Local mode started (Telegram disabled).
2026-02-27 03:58:23,428 [INFO] [u_station_ab_night_autotune_v2] __main__: WATCHLIST merged count=6
2026-02-27 03:58:23,443 [INFO] [u_station_ab_night_autotune_v2] trading.v2_runtime: V2_UNIVERSE in=19 dedup=19 out=19 target=19 novel_target=17 novel_out=19 repeat_dropped=0 symbol_dropped=0 surge_in=6 surge_target=5 surge_out=6
2026-02-27 03:58:23,443 [INFO] [u_station_ab_night_autotune_v2] __main__: V2_SOURCE_QOS_FILTER in=19 out=16 drops={'source_qos_symbol_cap': 1, 'source_qos_cap': 2} caps={'watchlist': 4, 'geckoterminal': 295}
2026-02-27 03:58:23,443 [INFO] [u_station_ab_night_autotune_v2] __main__: FILTER_FAIL token=ToruCeoAI reason=source_qos_symbol_cap symbol=TORUCEOAI used=1/1
2026-02-27 03:58:23,443 [INFO] [u_station_ab_night_autotune_v2] __main__: FILTER_FAIL token=JUNO reason=source_qos_cap source=watchlist used=4/4
2026-02-27 03:58:23,443 [INFO] [u_station_ab_night_autotune_v2] __main__: FILTER_FAIL token=VIRTUAL reason=source_qos_cap source=watchlist used=4/4
2026-02-27 03:58:23,443 [INFO] [u_station_ab_night_autotune_v2] __main__: FILTER_FAIL token=trader reason=safe_change_5m
2026-02-27 03:58:23,443 [INFO] [u_station_ab_night_autotune_v2] __main__: FILTER_FAIL token=CLAW reason=safe_change_5m
2026-02-27 03:58:23,443 [INFO] [u_station_ab_night_autotune_v2] __main__: FILTER_FAIL token=ToruCeoAI reason=safe_change_5m
2026-02-27 03:58:23,443 [INFO] [u_station_ab_night_autotune_v2] __main__: FILTER_FAIL token=CYMO reason=safe_change_5m
2026-02-27 03:58:23,443 [INFO] [u_station_ab_night_autotune_v2] __main__: FILTER_PASS token=FLOW tier=A score=100 mode=YELLOW risk=MEDIUM liq=145445 vol5m=22832
2026-02-27 03:58:23,443 [INFO] [u_station_ab_night_autotune_v2] __main__: FILTER_PASS token=POOPCOIN tier=A score=100 mode=YELLOW risk=MEDIUM liq=514847 vol5m=17676
2026-02-27 03:58:23,453 [INFO] [u_station_ab_night_autotune_v2] __main__: FILTER_PASS token=cbBTC tier=A score=100 mode=YELLOW risk=MEDIUM liq=22731051 vol5m=105017
2026-02-27 03:58:23,453 [INFO] [u_station_ab_night_autotune_v2] __main__: FILTER_FAIL token=C4 reason=safe_age
2026-02-27 03:58:23,453 [INFO] [u_station_ab_night_autotune_v2] __main__: FILTER_PASS token=CLAWCRAFT tier=A score=60 mode=YELLOW risk=MEDIUM liq=21141 vol5m=856
2026-02-27 03:58:23,453 [INFO] [u_station_ab_night_autotune_v2] monitor.local_alerter: Local alert token=CLAWCRAFT address=0xded5ca52dc05d6a723d67f249d4ed399e2c00ba3 score=60 reco=HOLD risk=MEDIUM warnings=0 liq=21141 vol5m=856
2026-02-27 03:58:23,453 [INFO] [u_station_ab_night_autotune_v2] __main__: FILTER_FAIL token=IXIC reason=safe_contract
2026-02-27 03:58:23,453 [INFO] [u_station_ab_night_autotune_v2] __main__: FILTER_FAIL token=CIGAR reason=safe_age
2026-02-27 03:58:23,453 [INFO] [u_station_ab_night_autotune_v2] __main__: FILTER_PASS token=NUMINA tier=A score=60 mode=YELLOW risk=MEDIUM liq=40938 vol5m=198
2026-02-27 03:58:23,453 [INFO] [u_station_ab_night_autotune_v2] monitor.local_alerter: Local alert token=NUMINA address=0xa355bfaee3ad90b73f33dfc057b01151f3633ba3 score=60 reco=HOLD risk=MEDIUM warnings=0 liq=40938 vol5m=198
2026-02-27 03:58:23,453 [INFO] [u_station_ab_night_autotune_v2] __main__: FILTER_PASS token=ROBO tier=A score=50 mode=YELLOW risk=MEDIUM liq=19796 vol5m=121
2026-02-27 03:58:23,453 [INFO] [u_station_ab_night_autotune_v2] monitor.local_alerter: Local alert token=ROBO address=0xae7f0caa19bd03aaf6fbd7f5e7fa78ea013b9ba3 score=50 reco=HOLD risk=MEDIUM warnings=0 liq=19796 vol5m=121
2026-02-27 03:58:23,453 [INFO] [u_station_ab_night_autotune_v2] __main__: FILTER_PASS token=AERO tier=A score=75 mode=YELLOW risk=MEDIUM liq=1330758 vol5m=900
2026-02-27 03:58:23,453 [INFO] [u_station_ab_night_autotune_v2] __main__: FILTER_PASS token=AFL tier=A score=60 mode=YELLOW risk=MEDIUM liq=20022 vol5m=98
2026-02-27 03:58:23,453 [INFO] [u_station_ab_night_autotune_v2] monitor.local_alerter: Local alert token=AFL address=0x488beccc840a09f2934f6a6290edd6b277e93ba3 score=60 reco=HOLD risk=MEDIUM warnings=0 liq=20022 vol5m=98
2026-02-27 03:58:23,453 [INFO] [u_station_ab_night_autotune_v2] __main__: FILTER_FAIL token=SAIRI reason=safe_volume vol5m=0 min=6 regime=YELLOW
2026-02-27 03:58:23,453 [INFO] [u_station_ab_night_autotune_v2] trading.v2_runtime: V2_QUALITY_ROTATE symbols_core=1 symbols_cooldown=0 sources=1 top_core=JUNO:0.0126/12 top_cooldown=-
2026-02-27 03:58:23,453 [INFO] [u_station_ab_night_autotune_v2] __main__: V2_QUALITY_GATE enabled=True regime=YELLOW in=8 out=8 core_out=2 explore_out=6 probe_out=0 quota=3 max_symbol_share=0.125 drop={'duplicate_address': 5} sources_used={'watchlist': 4, 'geckoterminal': 4}
2026-02-27 03:58:23,469 [INFO] [u_station_ab_night_autotune_v2] __main__: V2_ENTRY_ROUTE enabled=True regime=YELLOW in=8 out=5 core_out=2 explore_out=3 quota=3 allow_explore=True
2026-02-27 03:58:23,469 [WARNING] [u_station_ab_night_autotune_v2] trading.auto_trader: DATA_POLICY mode=OK reason=healthy | route=allow_all prev_mode=OK prev_reason=init_reset_manual
2026-02-27 03:58:23,469 [INFO] [u_station_ab_night_autotune_v2] __main__: MARKET_REGIME mode=YELLOW reason=hysteresis_recover_wait 1/4 raw=GREEN avg_cand_recent=8.00
2026-02-27 03:58:23,503 [INFO] [u_station_ab_night_autotune_v2] trading.auto_trader: AutoTrade adjust token=cbBTC reason=min_trade_floor size=$0.08->$0.10 min=$0.10
2026-02-27 03:58:23,506 [INFO] [u_station_ab_night_autotune_v2] trading.auto_trader: AutoTrade skip token=cbBTC reason=ev_net_low expected_net=$-0.00678 min=$-0.00251 samples=22 conf=1.00 pwin=0.45 avg_win=$0.0043 avg_loss=$0.0168 kelly=0.000 mem=sparse trades=2<18
2026-02-27 03:58:23,506 [INFO] [u_station_ab_night_autotune_v2] trading.auto_trader: AutoTrade skip token=POOPCOIN reason=blacklist detail=honeypot_guard:honeypot_api_status_404
2026-02-27 03:58:23,506 [INFO] [u_station_ab_night_autotune_v2] trading.auto_trader: AUTO_DECISION token=FLOW mode=YELLOW tier=A channel=core score=100 src=watchlist liq=145445 vol5m=22832 chg5m=-10.84% edge=0.83% raw=0.77% regime_mult=1.08 edge_usd=$0.004 size=$0.45 mult=1.30(score=1.15 liq=1.08 vol=1.05 volat=1.00) reinvest=1.05(growth_steps=0 drawdown=3.00% loss_streak=0 edge=5.52%) size_mode=0.67 hold_mode=0.95 exec_lane=runner exec_mult(size=1.10 hold=1.32 edge=0.94) edge_gate_mult(usd=1.04,pct=1.03) quality(edge=0.98,size=1.04 detail=src_mult=1.00 ev=0.00000 edge(src_relax=0.000 src_tight=0.000 ev_adj=-0.000) size(src_relax=0.000 src_cut=0.000 ev_adj=0.000)) costs=8.83% gas=$0.028 ev_net=$0.00166 ev_samples=84 conf=1.00 pwin=0.62 avg_win=$0.0093 avg_loss=$0.0090 kelly=1.13(k=0.250) token_ev=sparse trades=0<18 cluster=s3|l2|v3|m3|r1 cluster_route=sparse samples=1<10 breakdown={'liquidity_score': 30, 'volume_score': 30, 'risk_score': 15, 'age_score': 15, 'safety_score': 15}
2026-02-27 03:58:23,637 [WARNING] [u_station_ab_night_autotune_v2] trading.auto_trader: AutoTrade skip token=FLOW reason=honeypot_guard detail=is_honeypot,flag:high_fail_rate,sell_tax>5.0%(100.0%) mode=paper
2026-02-27 03:58:23,656 [INFO] [u_station_ab_night_autotune_v2] trading.auto_trader: AutoTrade adjust token=AERO reason=min_trade_floor size=$0.03->$0.10 min=$0.10
2026-02-27 03:58:23,656 [INFO] [u_station_ab_night_autotune_v2] trading.auto_trader: AutoTrade skip token=AERO reason=edge_low mode=both edge=-29.70% raw=-27.50% mult=1.08 min=0.05% probe_min=0.05% edge_usd=$-0.030 min_usd=$0.000 probe_min_usd=$0.000 size=$0.10 gross=3.20% costs=30.70% pwin=0.45 probe=- budget=0/1
2026-02-27 03:58:23,656 [INFO] [u_station_ab_night_autotune_v2] trading.auto_trader: AutoTrade batch mode=top_n candidates=5 eligible=4 selected=4 opened=0 pe=off burst_window=0
2026-02-27 03:58:23,656 [INFO] [u_station_ab_night_autotune_v2] trading.auto_trader: PAPER_SUMMARY window=60s closed_delta=0 wins_delta=0 losses_delta=0 realized_delta=$0.00 total_closed=62 winrate_total=46.8% realized_total=$0.20 balance=$7.20 equity=$7.20 open=0
2026-02-27 03:58:23,656 [INFO] [u_station_ab_night_autotune_v2] __main__: FILTER_THRESHOLDS safe_volume_5m_min=$5 safe_liquidity_min=$8000 safe_age_min=240s score_min=48 edge_min=0.05% lock_floor=0.95 no_momentum_max_pnl=0.25 weakness_pnl=-2.60
2026-02-27 03:58:23,656 [INFO] [u_station_ab_night_autotune_v2] __main__: Scanned 19 tokens | High quality: 9 | Alerts sent: 4 | Trade candidates: 8 | Quality out/core/explore/probe: 8/2/6/0 | Opened: 0 | Mode: local | Source: onchain+market | Policy: raw=OK/effective=OK(healthy | route=allow_all) | Regime: YELLOW(hysteresis_recover_wait 1/4 raw=GREEN) | Safety: checked=9 fail_closed=0 reasons=api_code_4029:9 | FiltersTop(session): safe_change_5m:4,source_qos_cap:2,safe_age:2,source_qos_symbol_cap:1 | Dedup: heavy_skip=0 override=0 | V2Budget: 9/280 | SourceQoS: enabled=1/in=19/out=16/dropped=3/active_cd=0/drops=source_qos_cap:2,source_qos_symbol_cap:1 | Ingest: q=4/oldest=45.9s/drop_old=0/dedup_skip=0/enq=17/drain=13 | Sources: dex_boosts:ok=1/fail=0/429=0/lim_wait=0/cd_wait=0/err=0.0%/avg=123ms; dexscreener:ok=12/fail=0/429=0/lim_wait=0/cd_wait=0/err=0.0%/avg=273ms; geckoterminal:ok=3/fail=0/429=0/lim_wait=0/cd_wait=0/err=0.0%/avg=253ms; watchlist_dex:ok=10/fail=0/429=0/lim_wait=0/cd_wait=0/err=0.0%/avg=99ms; watchlist_gecko:ok=6/fail=0/429=2/lim_wait=0/cd_wait=2/err=0.0%/avg=177ms | Tasks: 3 | RSS: 0.0MB | CycleAvg: 0.00s
2026-02-27 03:58:27,960 [INFO] [u_station_ab_night_autotune_v2] monitor.onchain_factory: PAIR_DETECTED source=uniswap_v2 dex=uniswap_v2 pair=0xc982e1afdc57642edd914ddb2433f9264276899c token0=0x4200000000000000000000000000000000000006 token1=0xeafb8ab01fbdbaac3f91af0d91fa6d682ce7ab07 block=42685832 factory=0x8909dc15e40173ff4699343b6eb8132c65e18ec6
2026-02-27 03:58:27,962 [INFO] [u_station_ab_night_autotune_v2] monitor.onchain_factory: PAIR_DETECTED source=uniswap_v2 dex=uniswap_v2 pair=0x6c672075dc2fc00f1c4a5d0d70edeb94a5f226a3 token0=0x009e3337b7a0f9ae7cd40760233c36b1453b6b07 token1=0x4200000000000000000000000000000000000006 block=42685844 factory=0x8909dc15e40173ff4699343b6eb8132c65e18ec6
2026-02-27 03:58:27,962 [INFO] [u_station_ab_night_autotune_v2] monitor.onchain_factory: PAIR_DETECTED source=uniswap_v2 dex=uniswap_v2 pair=0x2771c67dd089ea7265e3bc24428f215be14dcef4 token0=0x4200000000000000000000000000000000000006 token1=0x477a97ea290a1e6bd75c4871aaf7a79ad1eba988 block=42685847 factory=0x8909dc15e40173ff4699343b6eb8132c65e18ec6
2026-02-27 03:58:27,963 [INFO] [u_station_ab_night_autotune_v2] monitor.onchain_factory: PAIR_DETECTED source=uniswap_v2 dex=uniswap_v2 pair=0x2f00fbea1ececcaad43f114b1a30bb6d025b7ae5 token0=0x4200000000000000000000000000000000000006 token1=0xeda52be331d4c5450c6564b5d9a8f75917b7db4a block=42685864 factory=0x8909dc15e40173ff4699343b6eb8132c65e18ec6
2026-02-27 03:58:27,964 [INFO] [u_station_ab_night_autotune_v2] monitor.onchain_factory: PAIR_DETECTED source=uniswap_v2 dex=uniswap_v2 pair=0x437fd3708b83fe6404780eded201c6878b279963 token0=0x4200000000000000000000000000000000000006 token1=0xf3670b07faf125b5c1f9f572c49c8e293020881d block=42685874 factory=0x8909dc15e40173ff4699343b6eb8132c65e18ec6
2026-02-27 03:58:28,091 [INFO] [u_station_ab_night_autotune_v2] monitor.onchain_factory: PAIR_DETECTED source=uniswap_v3 dex=uniswap_v3 pair=0xf40ab98c51217f324a9e2a62152397b364b5745c token0=0x4200000000000000000000000000000000000006 token1=0xcdbf8f8107a38e157c6b9f8255489a1565178a16 block=42685827 factory=0x33128a8fc17869897dce68ed026d694621f6fdfd
2026-02-27 03:58:28,245 [INFO] [u_station_ab_night_autotune_v2] monitor.onchain_factory: ENRICH_RETRY token=0xeda52be331d4c5450c6564b5d9a8f75917b7db4a pair=0x2f00fbea1ececcaad43f114b1a30bb6d025b7ae5 attempt=1/2 delay=10s
2026-02-27 03:58:28,433 [INFO] [u_station_ab_night_autotune_v2] monitor.onchain_factory: ENRICH_RETRY token=0xf3670b07faf125b5c1f9f572c49c8e293020881d pair=0x437fd3708b83fe6404780eded201c6878b279963 attempt=1/2 delay=10s
2026-02-27 03:58:38,492 [INFO] [u_station_ab_night_autotune_v2] __main__: WATCHLIST merged count=6
2026-02-27 03:58:38,493 [INFO] [u_station_ab_night_autotune_v2] trading.v2_runtime: V2_UNIVERSE in=12 dedup=12 out=12 target=12 novel_target=11 novel_out=6 repeat_dropped=0 symbol_dropped=0 surge_in=2 surge_target=2 surge_out=2
2026-02-27 03:58:38,494 [INFO] [u_station_ab_night_autotune_v2] __main__: V2_SOURCE_QOS_FILTER in=12 out=10 drops={'source_qos_cap': 2} caps={'watchlist': 4, 'geckoterminal': 295, 'unknown': 0}
2026-02-27 03:58:38,495 [INFO] [u_station_ab_night_autotune_v2] __main__: FILTER_FAIL token=JUNO reason=source_qos_cap source=watchlist used=4/4
2026-02-27 03:58:38,497 [INFO] [u_station_ab_night_autotune_v2] __main__: FILTER_FAIL token=VIRTUAL reason=source_qos_cap source=watchlist used=4/4
2026-02-27 03:58:38,497 [INFO] [u_station_ab_night_autotune_v2] __main__: FILTER_PASS token=FLOW tier=A score=100 mode=YELLOW risk=MEDIUM liq=145445 vol5m=22832
2026-02-27 03:58:38,498 [INFO] [u_station_ab_night_autotune_v2] __main__: FILTER_FAIL token=ROTI reason=safe_age
2026-02-27 03:58:38,499 [INFO] [u_station_ab_night_autotune_v2] __main__: FILTER_PASS token=POOPCOIN tier=A score=100 mode=YELLOW risk=MEDIUM liq=514847 vol5m=17676
2026-02-27 03:58:38,500 [INFO] [u_station_ab_night_autotune_v2] __main__: FILTER_PASS token=cbBTC tier=A score=100 mode=YELLOW risk=MEDIUM liq=22731051 vol5m=105017
2026-02-27 03:58:38,501 [INFO] [u_station_ab_night_autotune_v2] __main__: FILTER_FAIL token=Butthole reason=safe_age
2026-02-27 03:58:38,503 [INFO] [u_station_ab_night_autotune_v2] __main__: FILTER_FAIL token=agents reason=safe_age
2026-02-27 03:58:38,504 [INFO] [u_station_ab_night_autotune_v2] __main__: FILTER_FAIL token=$PENG reason=safe_age
2026-02-27 03:58:38,504 [INFO] [u_station_ab_night_autotune_v2] __main__: FILTER_PASS token=AERO tier=A score=75 mode=YELLOW risk=MEDIUM liq=1330758 vol5m=900
2026-02-27 03:58:38,505 [INFO] [u_station_ab_night_autotune_v2] __main__: FILTER_FAIL token=CLAW reason=safe_volume vol5m=0 min=6 regime=YELLOW
2026-02-27 03:58:38,506 [INFO] [u_station_ab_night_autotune_v2] __main__: FILTER_FAIL token=SCHIRLEY reason=score_min score=45 strict_min=48 soft_min=48 mode=YELLOW
2026-02-27 03:58:38,507 [INFO] [u_station_ab_night_autotune_v2] __main__: V2_QUALITY_GATE enabled=True regime=YELLOW in=4 out=4 core_out=2 explore_out=2 probe_out=0 quota=2 max_symbol_share=0.250 drop={} sources_used={'watchlist': 4}
2026-02-27 03:58:38,507 [INFO] [u_station_ab_night_autotune_v2] __main__: V2_ENTRY_ROUTE enabled=True regime=YELLOW in=4 out=4 core_out=2 explore_out=2 quota=2 allow_explore=True
2026-02-27 03:58:38,508 [INFO] [u_station_ab_night_autotune_v2] __main__: MARKET_REGIME mode=YELLOW reason=hysteresis_recover_wait 2/4 raw=GREEN avg_cand_recent=6.00
2026-02-27 03:58:38,510 [INFO] [u_station_ab_night_autotune_v2] trading.auto_trader: AutoTrade adjust token=cbBTC reason=min_trade_floor size=$0.08->$0.10 min=$0.10
2026-02-27 03:58:38,510 [INFO] [u_station_ab_night_autotune_v2] trading.auto_trader: AutoTrade skip token=cbBTC reason=ev_net_low expected_net=$-0.00678 min=$-0.00251 samples=22 conf=1.00 pwin=0.45 avg_win=$0.0043 avg_loss=$0.0168 kelly=0.000 mem=sparse trades=2<18
2026-02-27 03:58:38,511 [INFO] [u_station_ab_night_autotune_v2] trading.auto_trader: AutoTrade skip token=POOPCOIN reason=blacklist detail=honeypot_guard:honeypot_api_status_404
2026-02-27 03:58:38,512 [INFO] [u_station_ab_night_autotune_v2] trading.auto_trader: AutoTrade skip token=FLOW reason=blacklist detail=honeypot_guard:is_honeypot,flag:high_fail_rate,sell_tax>5.0%(100.0%)
2026-02-27 03:58:38,513 [INFO] [u_station_ab_night_autotune_v2] trading.auto_trader: AutoTrade adjust token=AERO reason=min_trade_floor size=$0.03->$0.10 min=$0.10
2026-02-27 03:58:38,515 [INFO] [u_station_ab_night_autotune_v2] trading.auto_trader: AutoTrade skip token=AERO reason=edge_low mode=both edge=-29.70% raw=-27.50% mult=1.08 min=0.05% probe_min=0.05% edge_usd=$-0.030 min_usd=$0.000 probe_min_usd=$0.000 size=$0.10 gross=3.20% costs=30.70% pwin=0.45 probe=- budget=0/1
2026-02-27 03:58:38,515 [INFO] [u_station_ab_night_autotune_v2] trading.auto_trader: AutoTrade batch mode=top_n candidates=4 eligible=4 selected=4 opened=0 pe=off burst_window=0
2026-02-27 03:58:38,516 [INFO] [u_station_ab_night_autotune_v2] __main__: Scanned 12 tokens | High quality: 5 | Alerts sent: 0 | Trade candidates: 4 | Quality out/core/explore/probe: 4/2/2/0 | Opened: 0 | Mode: local | Source: onchain+market | Policy: raw=OK/effective=OK(healthy | route=allow_all) | Regime: YELLOW(hysteresis_recover_wait 2/4 raw=GREEN) | Safety: checked=4 fail_closed=0 reasons=api_code_4029:4 | FiltersTop(session): safe_age:6,source_qos_cap:4,safe_change_5m:4,safe_volume:2 | Dedup: heavy_skip=0 override=0 | V2Budget: 4/280 | SourceQoS: enabled=1/in=12/out=10/dropped=2/active_cd=0/drops=source_qos_cap:2 | Ingest: q=0/oldest=0.0s/drop_old=0/dedup_skip=0/enq=0/drain=4 | Sources: dex_boosts:ok=1/fail=0/429=0/lim_wait=0/cd_wait=0/err=0.0%/avg=128ms; dexscreener:ok=12/fail=0/429=0/lim_wait=0/cd_wait=0/err=0.0%/avg=276ms; onchain_enrich:ok=13/fail=0/429=0/lim_wait=0/cd_wait=0/err=0.0%/avg=126ms; onchain_weth_price:ok=1/fail=0/429=0/lim_wait=0/cd_wait=0/err=0.0%/avg=56ms; watchlist_gecko:ok=0/fail=0/429=0/lim_wait=0/cd_wait=0/err=0.0%/avg=0ms | Tasks: 3 | RSS: 0.0MB | CycleAvg: 121.89s
2026-02-27 03:58:42,808 [INFO] [u_station_ab_night_autotune_v2] monitor.onchain_factory: PAIR_DETECTED source=uniswap_v2 dex=uniswap_v2 pair=0x7ccd32b295f768f18378d7c4d7f7981798efd454 token0=0x0bb5d516a7549ab457f95afa6219aafd73ca0f6e token1=0x4200000000000000000000000000000000000006 block=42685881 factory=0x8909dc15e40173ff4699343b6eb8132c65e18ec6
2026-02-27 03:58:43,009 [INFO] [u_station_ab_night_autotune_v2] monitor.onchain_factory: ENRICH_RETRY token=0xf3670b07faf125b5c1f9f572c49c8e293020881d pair=0x437fd3708b83fe6404780eded201c6878b279963 attempt=1/2 delay=10s
2026-02-27 03:58:43,010 [INFO] [u_station_ab_night_autotune_v2] monitor.onchain_factory: ENRICH_RETRY token=0xeda52be331d4c5450c6564b5d9a8f75917b7db4a pair=0x2f00fbea1ececcaad43f114b1a30bb6d025b7ae5 attempt=1/2 delay=10s
2026-02-27 03:58:43,238 [INFO] [u_station_ab_night_autotune_v2] monitor.onchain_factory: ENRICH_RETRY token=0x0bb5d516a7549ab457f95afa6219aafd73ca0f6e pair=0x7ccd32b295f768f18378d7c4d7f7981798efd454 attempt=1/2 delay=10s
2026-02-27 03:58:53,319 [INFO] [u_station_ab_night_autotune_v2] __main__: WATCHLIST merged count=6
2026-02-27 03:58:53,319 [INFO] [u_station_ab_night_autotune_v2] trading.v2_runtime: V2_UNIVERSE in=6 dedup=6 out=6 target=6 novel_target=6 novel_out=0 repeat_dropped=0 symbol_dropped=0 surge_in=1 surge_target=1 surge_out=1
2026-02-27 03:58:53,319 [INFO] [u_station_ab_night_autotune_v2] __main__: V2_SOURCE_QOS_FILTER in=6 out=4 drops={'source_qos_cap': 2} caps={'watchlist': 4}
2026-02-27 03:58:53,335 [INFO] [u_station_ab_night_autotune_v2] __main__: FILTER_FAIL token=JUNO reason=source_qos_cap source=watchlist used=4/4
2026-02-27 03:58:53,335 [INFO] [u_station_ab_night_autotune_v2] __main__: FILTER_FAIL token=VIRTUAL reason=source_qos_cap source=watchlist used=4/4
2026-02-27 03:58:53,335 [INFO] [u_station_ab_night_autotune_v2] __main__: FILTER_PASS token=FLOW tier=A score=100 mode=YELLOW risk=MEDIUM liq=145445 vol5m=22832
2026-02-27 03:58:53,335 [INFO] [u_station_ab_night_autotune_v2] __main__: FILTER_PASS token=POOPCOIN tier=A score=100 mode=YELLOW risk=MEDIUM liq=514847 vol5m=17676
2026-02-27 03:58:53,335 [INFO] [u_station_ab_night_autotune_v2] __main__: FILTER_PASS token=cbBTC tier=A score=100 mode=YELLOW risk=MEDIUM liq=22731051 vol5m=105017
2026-02-27 03:58:53,335 [INFO] [u_station_ab_night_autotune_v2] __main__: FILTER_PASS token=AERO tier=A score=75 mode=YELLOW risk=MEDIUM liq=1330758 vol5m=900
2026-02-27 03:58:53,335 [INFO] [u_station_ab_night_autotune_v2] __main__: V2_QUALITY_GATE enabled=True regime=YELLOW in=4 out=4 core_out=2 explore_out=2 probe_out=0 quota=2 max_symbol_share=0.250 drop={} sources_used={'watchlist': 4}
2026-02-27 03:58:53,335 [INFO] [u_station_ab_night_autotune_v2] __main__: V2_ENTRY_ROUTE enabled=True regime=YELLOW in=4 out=4 core_out=2 explore_out=2 quota=2 allow_explore=True
2026-02-27 03:58:53,335 [INFO] [u_station_ab_night_autotune_v2] __main__: MARKET_REGIME mode=YELLOW reason=hysteresis_recover_wait 3/4 raw=GREEN avg_cand_recent=5.33
2026-02-27 03:58:53,335 [INFO] [u_station_ab_night_autotune_v2] trading.auto_trader: AutoTrade adjust token=cbBTC reason=min_trade_floor size=$0.08->$0.10 min=$0.10
2026-02-27 03:58:53,335 [INFO] [u_station_ab_night_autotune_v2] trading.auto_trader: AutoTrade skip token=cbBTC reason=ev_net_low expected_net=$-0.00678 min=$-0.00251 samples=22 conf=1.00 pwin=0.45 avg_win=$0.0043 avg_loss=$0.0168 kelly=0.000 mem=sparse trades=2<18
2026-02-27 03:58:53,335 [INFO] [u_station_ab_night_autotune_v2] trading.auto_trader: AutoTrade skip token=POOPCOIN reason=blacklist detail=honeypot_guard:honeypot_api_status_404
2026-02-27 03:58:53,335 [INFO] [u_station_ab_night_autotune_v2] trading.auto_trader: AutoTrade skip token=FLOW reason=blacklist detail=honeypot_guard:is_honeypot,flag:high_fail_rate,sell_tax>5.0%(100.0%)
2026-02-27 03:58:53,335 [INFO] [u_station_ab_night_autotune_v2] trading.auto_trader: AutoTrade adjust token=AERO reason=min_trade_floor size=$0.03->$0.10 min=$0.10
2026-02-27 03:58:53,335 [INFO] [u_station_ab_night_autotune_v2] trading.auto_trader: AutoTrade skip token=AERO reason=edge_low mode=both edge=-29.70% raw=-27.50% mult=1.08 min=0.05% probe_min=0.05% edge_usd=$-0.030 min_usd=$0.000 probe_min_usd=$0.000 size=$0.10 gross=3.20% costs=30.70% pwin=0.45 probe=- budget=0/1
2026-02-27 03:58:53,335 [INFO] [u_station_ab_night_autotune_v2] trading.auto_trader: AutoTrade batch mode=top_n candidates=4 eligible=4 selected=4 opened=0 pe=off burst_window=0
2026-02-27 03:58:53,335 [INFO] [u_station_ab_night_autotune_v2] __main__: Scanned 6 tokens | High quality: 4 | Alerts sent: 0 | Trade candidates: 4 | Quality out/core/explore/probe: 4/2/2/0 | Opened: 0 | Mode: local | Source: onchain+market | Policy: raw=OK/effective=OK(healthy | route=allow_all) | Regime: YELLOW(hysteresis_recover_wait 3/4 raw=GREEN) | Safety: checked=4 fail_closed=0 reasons=api_code_4029:4 | FiltersTop(session): source_qos_cap:6,safe_age:6,safe_change_5m:4,safe_volume:2 | Dedup: heavy_skip=0 override=0 | V2Budget: 4/280 | SourceQoS: enabled=1/in=6/out=4/dropped=2/active_cd=0/drops=source_qos_cap:2 | Ingest: q=2/oldest=0.6s/drop_old=0/dedup_skip=0/enq=2/drain=0 | Sources: dex_boosts:ok=1/fail=0/429=0/lim_wait=0/cd_wait=0/err=0.0%/avg=40ms; dexscreener:ok=12/fail=0/429=0/lim_wait=0/cd_wait=0/err=0.0%/avg=42ms; geckoterminal:ok=1/fail=0/429=0/lim_wait=0/cd_wait=0/err=0.0%/avg=239ms; onchain_enrich:ok=12/fail=0/429=0/lim_wait=0/cd_wait=0/err=0.0%/avg=64ms; watchlist_gecko:ok=0/fail=0/429=0/lim_wait=0/cd_wait=0/err=0.0%/avg=0ms | Tasks: 3 | RSS: 0.0MB | CycleAvg: 66.38s
2026-02-27 03:58:57,601 [INFO] [u_station_ab_night_autotune_v2] monitor.onchain_factory: PAIR_DETECTED source=uniswap_v2 dex=uniswap_v2 pair=0x7fae1f6b8350f572ae109fa7162cf983d352a016 token0=0x4200000000000000000000000000000000000006 token1=0x5c792d268d55d6570514f39f8bd1710e0003b24e block=42685888 factory=0x8909dc15e40173ff4699343b6eb8132c65e18ec6
2026-02-27 03:58:57,817 [INFO] [u_station_ab_night_autotune_v2] monitor.onchain_factory: ENRICH_RETRY token=0xf3670b07faf125b5c1f9f572c49c8e293020881d pair=0x437fd3708b83fe6404780eded201c6878b279963 attempt=1/2 delay=10s
2026-02-27 03:58:57,826 [INFO] [u_station_ab_night_autotune_v2] monitor.onchain_factory: ENRICH_RETRY token=0xeda52be331d4c5450c6564b5d9a8f75917b7db4a pair=0x2f00fbea1ececcaad43f114b1a30bb6d025b7ae5 attempt=1/2 delay=10s
2026-02-27 03:58:57,875 [INFO] [u_station_ab_night_autotune_v2] monitor.onchain_factory: ENRICH_RETRY token=0x0bb5d516a7549ab457f95afa6219aafd73ca0f6e pair=0x7ccd32b295f768f18378d7c4d7f7981798efd454 attempt=1/2 delay=10s
2026-02-27 03:58:58,261 [INFO] [u_station_ab_night_autotune_v2] monitor.onchain_factory: ENRICH_RETRY token=0x5c792d268d55d6570514f39f8bd1710e0003b24e pair=0x7fae1f6b8350f572ae109fa7162cf983d352a016 attempt=1/2 delay=10s
2026-02-27 03:59:08,354 [INFO] [u_station_ab_night_autotune_v2] __main__: WATCHLIST merged count=6
2026-02-27 03:59:08,356 [INFO] [u_station_ab_night_autotune_v2] trading.v2_runtime: V2_UNIVERSE in=10 dedup=10 out=10 target=10 novel_target=9 novel_out=3 repeat_dropped=0 symbol_dropped=0 surge_in=1 surge_target=1 surge_out=1
2026-02-27 03:59:08,359 [INFO] [u_station_ab_night_autotune_v2] __main__: V2_SOURCE_QOS_FILTER in=10 out=8 drops={'source_qos_cap': 2} caps={'watchlist': 4, 'geckoterminal': 295, 'unknown': 0}
2026-02-27 03:59:08,362 [INFO] [u_station_ab_night_autotune_v2] __main__: FILTER_FAIL token=JUNO reason=source_qos_cap source=watchlist used=4/4
2026-02-27 03:59:08,364 [INFO] [u_station_ab_night_autotune_v2] __main__: FILTER_FAIL token=VIRTUAL reason=source_qos_cap source=watchlist used=4/4
2026-02-27 03:59:08,366 [INFO] [u_station_ab_night_autotune_v2] __main__: FILTER_PASS token=FLOW tier=A score=100 mode=YELLOW risk=MEDIUM liq=145445 vol5m=22832
2026-02-27 03:59:08,366 [INFO] [u_station_ab_night_autotune_v2] __main__: FILTER_PASS token=POOPCOIN tier=A score=100 mode=YELLOW risk=MEDIUM liq=514847 vol5m=17676
2026-02-27 03:59:08,366 [INFO] [u_station_ab_night_autotune_v2] __main__: FILTER_PASS token=cbBTC tier=A score=100 mode=YELLOW risk=MEDIUM liq=22731051 vol5m=105017
2026-02-27 03:59:08,366 [INFO] [u_station_ab_night_autotune_v2] __main__: FILTER_FAIL token=CLAW reason=safe_age
2026-02-27 03:59:08,366 [INFO] [u_station_ab_night_autotune_v2] __main__: FILTER_FAIL token=Nikita reason=safe_age
2026-02-27 03:59:08,366 [INFO] [u_station_ab_night_autotune_v2] __main__: FILTER_PASS token=AERO tier=A score=75 mode=YELLOW risk=MEDIUM liq=1330758 vol5m=900
2026-02-27 03:59:08,366 [INFO] [u_station_ab_night_autotune_v2] __main__: FILTER_FAIL token=SCAM reason=score_min score=30 strict_min=48 soft_min=48 mode=YELLOW
2026-02-27 03:59:08,366 [INFO] [u_station_ab_night_autotune_v2] __main__: FILTER_FAIL token=XDOGE reason=score_min score=30 strict_min=48 soft_min=48 mode=YELLOW
2026-02-27 03:59:08,366 [INFO] [u_station_ab_night_autotune_v2] __main__: V2_QUALITY_GATE enabled=True regime=GREEN in=4 out=4 core_out=2 explore_out=2 probe_out=0 quota=2 max_symbol_share=0.250 drop={} sources_used={'watchlist': 4}
2026-02-27 03:59:08,366 [INFO] [u_station_ab_night_autotune_v2] __main__: V2_ENTRY_ROUTE enabled=True regime=GREEN in=4 out=4 core_out=2 explore_out=2 quota=2 allow_explore=True
2026-02-27 03:59:08,366 [INFO] [u_station_ab_night_autotune_v2] __main__: MARKET_REGIME mode=GREEN reason=avg_cand=5.00 avg_cand_recent=5.00
2026-02-27 03:59:08,366 [WARNING] [u_station_ab_night_autotune_v2] monitor.local_alerter: Local event symbol=MARKET_MODE reco=GREEN risk=INFO
2026-02-27 03:59:08,366 [INFO] [u_station_ab_night_autotune_v2] trading.auto_trader: AutoTrade adjust token=cbBTC reason=min_trade_floor size=$0.08->$0.10 min=$0.10
2026-02-27 03:59:08,382 [INFO] [u_station_ab_night_autotune_v2] trading.auto_trader: AutoTrade skip token=cbBTC reason=ev_net_low expected_net=$-0.00678 min=$-0.00251 samples=22 conf=1.00 pwin=0.45 avg_win=$0.0043 avg_loss=$0.0168 kelly=0.000 mem=sparse trades=2<18
2026-02-27 03:59:08,382 [INFO] [u_station_ab_night_autotune_v2] trading.auto_trader: AutoTrade skip token=POOPCOIN reason=blacklist detail=honeypot_guard:honeypot_api_status_404
2026-02-27 03:59:08,382 [INFO] [u_station_ab_night_autotune_v2] trading.auto_trader: AutoTrade skip token=FLOW reason=blacklist detail=honeypot_guard:is_honeypot,flag:high_fail_rate,sell_tax>5.0%(100.0%)
2026-02-27 03:59:08,382 [INFO] [u_station_ab_night_autotune_v2] trading.auto_trader: AutoTrade adjust token=AERO reason=min_trade_floor size=$0.03->$0.10 min=$0.10
2026-02-27 03:59:08,382 [INFO] [u_station_ab_night_autotune_v2] trading.auto_trader: AutoTrade skip token=AERO reason=edge_low mode=both edge=-29.70% raw=-27.50% mult=1.08 min=0.05% probe_min=0.05% edge_usd=$-0.030 min_usd=$0.000 probe_min_usd=$0.000 size=$0.10 gross=3.20% costs=30.70% pwin=0.45 probe=- budget=0/1
2026-02-27 03:59:08,382 [INFO] [u_station_ab_night_autotune_v2] trading.auto_trader: AutoTrade batch mode=top_n candidates=4 eligible=4 selected=4 opened=0 pe=off burst_window=0
2026-02-27 03:59:08,382 [INFO] [u_station_ab_night_autotune_v2] __main__: Scanned 10 tokens | High quality: 4 | Alerts sent: 0 | Trade candidates: 4 | Quality out/core/explore/probe: 4/2/2/0 | Opened: 0 | Mode: local | Source: onchain+market | Policy: raw=OK/effective=OK(healthy | route=allow_all) | Regime: GREEN(avg_cand=5.00) | Safety: checked=4 fail_closed=0 reasons=api_code_4029:4 | FiltersTop(session): source_qos_cap:8,safe_age:8,safe_change_5m:4,score_min:3 | Dedup: heavy_skip=0 override=0 | V2Budget: 4/280 | SourceQoS: enabled=1/in=10/out=8/dropped=2/active_cd=0/drops=source_qos_cap:2 | Ingest: q=0/oldest=0.0s/drop_old=0/dedup_skip=0/enq=0/drain=2 | Sources: dex_boosts:ok=1/fail=0/429=0/lim_wait=0/cd_wait=0/err=0.0%/avg=42ms; dexscreener:ok=12/fail=0/429=0/lim_wait=0/cd_wait=0/err=0.0%/avg=40ms; onchain_enrich:ok=14/fail=0/429=0/lim_wait=0/cd_wait=0/err=0.0%/avg=87ms; watchlist_gecko:ok=0/fail=0/429=0/lim_wait=0/cd_wait=0/err=0.0%/avg=0ms | Tasks: 3 | RSS: 0.0MB | CycleAvg: 47.86s
2026-02-27 03:59:12,663 [INFO] [u_station_ab_night_autotune_v2] monitor.onchain_factory: PAIR_DETECTED source=uniswap_v2 dex=uniswap_v2 pair=0x79e6be6ea6057abb3a97b675be51506ecd086d4b token0=0x4200000000000000000000000000000000000006 token1=0xdcd6ec6db3f4eddca79374b58e6310c48e6ffdf1 block=42685897 factory=0x8909dc15e40173ff4699343b6eb8132c65e18ec6
2026-02-27 03:59:12,879 [INFO] [u_station_ab_night_autotune_v2] monitor.onchain_factory: ENRICH_RETRY token=0x0bb5d516a7549ab457f95afa6219aafd73ca0f6e pair=0x7ccd32b295f768f18378d7c4d7f7981798efd454 attempt=1/2 delay=10s
2026-02-27 03:59:12,891 [INFO] [u_station_ab_night_autotune_v2] monitor.onchain_factory: ENRICH_RETRY token=0x5c792d268d55d6570514f39f8bd1710e0003b24e pair=0x7fae1f6b8350f572ae109fa7162cf983d352a016 attempt=1/2 delay=10s
2026-02-27 03:59:13,273 [INFO] [u_station_ab_night_autotune_v2] monitor.onchain_factory: ENRICH_RETRY token=0xdcd6ec6db3f4eddca79374b58e6310c48e6ffdf1 pair=0x79e6be6ea6057abb3a97b675be51506ecd086d4b attempt=1/2 delay=10s
2026-02-27 03:59:23,353 [INFO] [u_station_ab_night_autotune_v2] __main__: WATCHLIST merged count=6
2026-02-27 03:59:23,353 [INFO] [u_station_ab_night_autotune_v2] trading.v2_runtime: V2_UNIVERSE in=7 dedup=7 out=7 target=7 novel_target=6 novel_out=1 repeat_dropped=0 symbol_dropped=0 surge_in=1 surge_target=1 surge_out=1
2026-02-27 03:59:23,353 [INFO] [u_station_ab_night_autotune_v2] __main__: V2_SOURCE_QOS_FILTER in=7 out=5 drops={'source_qos_cap': 2} caps={'watchlist': 4, 'unknown': 0}
2026-02-27 03:59:23,353 [INFO] [u_station_ab_night_autotune_v2] __main__: FILTER_FAIL token=JUNO reason=source_qos_cap source=watchlist used=4/4
2026-02-27 03:59:23,353 [INFO] [u_station_ab_night_autotune_v2] __main__: FILTER_FAIL token=VIRTUAL reason=source_qos_cap source=watchlist used=4/4
2026-02-27 03:59:23,353 [INFO] [u_station_ab_night_autotune_v2] __main__: FILTER_PASS token=FLOW tier=A score=100 mode=GREEN risk=MEDIUM liq=145445 vol5m=22832
2026-02-27 03:59:23,353 [INFO] [u_station_ab_night_autotune_v2] __main__: FILTER_PASS token=POOPCOIN tier=A score=100 mode=GREEN risk=MEDIUM liq=514847 vol5m=17676
2026-02-27 03:59:23,353 [INFO] [u_station_ab_night_autotune_v2] __main__: FILTER_PASS token=cbBTC tier=A score=100 mode=GREEN risk=MEDIUM liq=22731051 vol5m=105017
2026-02-27 03:59:23,353 [INFO] [u_station_ab_night_autotune_v2] __main__: FILTER_PASS token=AERO tier=A score=75 mode=GREEN risk=MEDIUM liq=1330758 vol5m=900
2026-02-27 03:59:23,353 [INFO] [u_station_ab_night_autotune_v2] __main__: FILTER_FAIL token=LPETH reason=score_min score=30 strict_min=48 soft_min=48 mode=GREEN
2026-02-27 03:59:23,369 [INFO] [u_station_ab_night_autotune_v2] __main__: V2_QUALITY_GATE enabled=True regime=GREEN in=4 out=4 core_out=2 explore_out=2 probe_out=0 quota=2 max_symbol_share=0.250 drop={} sources_used={'watchlist': 4}
2026-02-27 03:59:23,371 [INFO] [u_station_ab_night_autotune_v2] __main__: V2_ENTRY_ROUTE enabled=True regime=GREEN in=4 out=4 core_out=2 explore_out=2 quota=2 allow_explore=True
2026-02-27 03:59:23,371 [INFO] [u_station_ab_night_autotune_v2] __main__: MARKET_REGIME mode=GREEN reason=avg_cand=4.80 avg_cand_recent=4.80
2026-02-27 03:59:23,381 [INFO] [u_station_ab_night_autotune_v2] trading.auto_trader: AutoTrade adjust token=cbBTC reason=min_trade_floor size=$0.10->$0.10 min=$0.10
2026-02-27 03:59:23,381 [INFO] [u_station_ab_night_autotune_v2] trading.auto_trader: AutoTrade skip token=cbBTC reason=ev_net_low expected_net=$-0.00457 min=$-0.00232 samples=31 conf=1.00 pwin=0.35 avg_win=$0.0066 avg_loss=$0.0094 kelly=0.000 mem=sparse trades=2<18
2026-02-27 03:59:23,381 [INFO] [u_station_ab_night_autotune_v2] trading.auto_trader: AutoTrade skip token=POOPCOIN reason=blacklist detail=honeypot_guard:honeypot_api_status_404
2026-02-27 03:59:23,381 [INFO] [u_station_ab_night_autotune_v2] trading.auto_trader: AutoTrade skip token=FLOW reason=blacklist detail=honeypot_guard:is_honeypot,flag:high_fail_rate,sell_tax>5.0%(100.0%)
2026-02-27 03:59:23,403 [INFO] [u_station_ab_night_autotune_v2] trading.auto_trader: AutoTrade adjust token=AERO reason=min_trade_floor size=$0.02->$0.10 min=$0.10
2026-02-27 03:59:23,403 [INFO] [u_station_ab_night_autotune_v2] trading.auto_trader: AutoTrade skip token=AERO reason=ev_net_low expected_net=$-0.00987 min=$-0.00232 samples=23 conf=1.00 pwin=0.30 avg_win=$0.0097 avg_loss=$0.0177 kelly=0.000 mem=sparse trades=0<18
2026-02-27 03:59:23,403 [INFO] [u_station_ab_night_autotune_v2] trading.auto_trader: AutoTrade batch mode=top_n candidates=4 eligible=4 selected=4 opened=0 pe=off burst_window=0
2026-02-27 03:59:23,403 [INFO] [u_station_ab_night_autotune_v2] __main__: Scanned 7 tokens | High quality: 4 | Alerts sent: 0 | Trade candidates: 4 | Quality out/core/explore/probe: 4/2/2/0 | Opened: 0 | Mode: local | Source: onchain+market | Policy: raw=OK/effective=OK(healthy | route=allow_all) | Regime: GREEN(avg_cand=4.80) | Safety: checked=4 fail_closed=0 reasons=api_code_4029:4 | FiltersTop(session): source_qos_cap:10,safe_age:8,safe_change_5m:4,score_min:4 | Dedup: heavy_skip=0 override=0 | V2Budget: 4/280 | SourceQoS: enabled=1/in=7/out=5/dropped=2/active_cd=0/drops=source_qos_cap:2 | Ingest: q=0/oldest=0.0s/drop_old=0/dedup_skip=0/enq=0/drain=0 | Sources: dex_boosts:ok=1/fail=0/429=0/lim_wait=0/cd_wait=0/err=0.0%/avg=60ms; dexscreener:ok=12/fail=0/429=0/lim_wait=0/cd_wait=0/err=0.0%/avg=251ms; onchain_enrich:ok=11/fail=0/429=0/lim_wait=0/cd_wait=0/err=0.0%/avg=85ms; watchlist_gecko:ok=0/fail=0/429=0/lim_wait=0/cd_wait=0/err=0.0%/avg=0ms | Tasks: 3 | RSS: 0.0MB | CycleAvg: 38.66s
2026-02-27 03:59:27,653 [INFO] [u_station_ab_night_autotune_v2] monitor.onchain_factory: PAIR_DETECTED source=uniswap_v2 dex=uniswap_v2 pair=0xbc70783704200592165456170605ae0f7cb4d76b token0=0x4200000000000000000000000000000000000006 token1=0x5ec27f492931a93c83a17db8d8e24426fd77d8d7 block=42685907 factory=0x8909dc15e40173ff4699343b6eb8132c65e18ec6
2026-02-27 03:59:27,869 [INFO] [u_station_ab_night_autotune_v2] monitor.onchain_factory: ENRICH_RETRY token=0xdcd6ec6db3f4eddca79374b58e6310c48e6ffdf1 pair=0x79e6be6ea6057abb3a97b675be51506ecd086d4b attempt=1/2 delay=10s
2026-02-27 03:59:27,882 [INFO] [u_station_ab_night_autotune_v2] monitor.onchain_factory: ENRICH_RETRY token=0x5c792d268d55d6570514f39f8bd1710e0003b24e pair=0x7fae1f6b8350f572ae109fa7162cf983d352a016 attempt=1/2 delay=10s
2026-02-27 03:59:28,127 [INFO] [u_station_ab_night_autotune_v2] monitor.onchain_factory: ENRICH_RETRY token=0x5ec27f492931a93c83a17db8d8e24426fd77d8d7 pair=0xbc70783704200592165456170605ae0f7cb4d76b attempt=1/2 delay=10s
2026-02-27 03:59:38,201 [INFO] [u_station_ab_night_autotune_v2] __main__: WATCHLIST merged count=6
2026-02-27 03:59:38,201 [INFO] [u_station_ab_night_autotune_v2] trading.v2_runtime: V2_UNIVERSE in=7 dedup=7 out=7 target=7 novel_target=6 novel_out=1 repeat_dropped=0 symbol_dropped=0 surge_in=1 surge_target=1 surge_out=1
2026-02-27 03:59:38,202 [INFO] [u_station_ab_night_autotune_v2] __main__: V2_SOURCE_QOS_FILTER in=7 out=5 drops={'source_qos_cap': 2} caps={'watchlist': 4, 'unknown': 0}
2026-02-27 03:59:38,203 [INFO] [u_station_ab_night_autotune_v2] __main__: FILTER_FAIL token=JUNO reason=source_qos_cap source=watchlist used=4/4
2026-02-27 03:59:38,204 [INFO] [u_station_ab_night_autotune_v2] __main__: FILTER_FAIL token=VIRTUAL reason=source_qos_cap source=watchlist used=4/4
2026-02-27 03:59:38,205 [INFO] [u_station_ab_night_autotune_v2] __main__: FILTER_PASS token=FLOW tier=A score=100 mode=GREEN risk=MEDIUM liq=145445 vol5m=22832
2026-02-27 03:59:38,206 [INFO] [u_station_ab_night_autotune_v2] __main__: FILTER_PASS token=POOPCOIN tier=A score=100 mode=GREEN risk=MEDIUM liq=514847 vol5m=17676
2026-02-27 03:59:38,208 [INFO] [u_station_ab_night_autotune_v2] __main__: FILTER_PASS token=cbBTC tier=A score=100 mode=GREEN risk=MEDIUM liq=22731051 vol5m=105017
2026-02-27 03:59:38,209 [INFO] [u_station_ab_night_autotune_v2] __main__: FILTER_PASS token=AERO tier=A score=75 mode=GREEN risk=MEDIUM liq=1330758 vol5m=900
2026-02-27 03:59:38,210 [INFO] [u_station_ab_night_autotune_v2] __main__: FILTER_FAIL token=PUP reason=score_min score=30 strict_min=48 soft_min=48 mode=GREEN
2026-02-27 03:59:38,211 [INFO] [u_station_ab_night_autotune_v2] __main__: V2_QUALITY_GATE enabled=True regime=GREEN in=4 out=4 core_out=2 explore_out=2 probe_out=0 quota=2 max_symbol_share=0.250 drop={} sources_used={'watchlist': 4}
2026-02-27 03:59:38,211 [INFO] [u_station_ab_night_autotune_v2] __main__: V2_ENTRY_ROUTE enabled=True regime=GREEN in=4 out=4 core_out=2 explore_out=2 quota=2 allow_explore=True
2026-02-27 03:59:38,212 [INFO] [u_station_ab_night_autotune_v2] __main__: MARKET_REGIME mode=GREEN reason=avg_cand=4.67 avg_cand_recent=4.67
2026-02-27 03:59:38,214 [INFO] [u_station_ab_night_autotune_v2] trading.auto_trader: AutoTrade adjust token=cbBTC reason=min_trade_floor size=$0.10->$0.10 min=$0.10
2026-02-27 03:59:38,215 [INFO] [u_station_ab_night_autotune_v2] trading.auto_trader: AutoTrade skip token=cbBTC reason=ev_net_low expected_net=$-0.00457 min=$-0.00232 samples=31 conf=1.00 pwin=0.35 avg_win=$0.0066 avg_loss=$0.0094 kelly=0.000 mem=sparse trades=2<18
2026-02-27 03:59:38,216 [INFO] [u_station_ab_night_autotune_v2] trading.auto_trader: AutoTrade skip token=POOPCOIN reason=blacklist detail=honeypot_guard:honeypot_api_status_404
2026-02-27 03:59:38,218 [INFO] [u_station_ab_night_autotune_v2] trading.auto_trader: AutoTrade skip token=FLOW reason=blacklist detail=honeypot_guard:is_honeypot,flag:high_fail_rate,sell_tax>5.0%(100.0%)
2026-02-27 03:59:38,221 [INFO] [u_station_ab_night_autotune_v2] trading.auto_trader: AutoTrade adjust token=AERO reason=min_trade_floor size=$0.02->$0.10 min=$0.10
2026-02-27 03:59:38,221 [INFO] [u_station_ab_night_autotune_v2] trading.auto_trader: AutoTrade skip token=AERO reason=ev_net_low expected_net=$-0.00987 min=$-0.00232 samples=23 conf=1.00 pwin=0.30 avg_win=$0.0097 avg_loss=$0.0177 kelly=0.000 mem=sparse trades=0<18
2026-02-27 03:59:38,223 [INFO] [u_station_ab_night_autotune_v2] trading.auto_trader: AutoTrade batch mode=top_n candidates=4 eligible=4 selected=4 opened=0 pe=off burst_window=0
2026-02-27 03:59:38,223 [INFO] [u_station_ab_night_autotune_v2] trading.auto_trader: PAPER_SUMMARY window=60s closed_delta=0 wins_delta=0 losses_delta=0 realized_delta=$0.00 total_closed=62 winrate_total=46.8% realized_total=$0.20 balance=$7.20 equity=$7.20 open=0
2026-02-27 03:59:38,224 [INFO] [u_station_ab_night_autotune_v2] __main__: Scanned 7 tokens | High quality: 4 | Alerts sent: 0 | Trade candidates: 4 | Quality out/core/explore/probe: 4/2/2/0 | Opened: 0 | Mode: local | Source: onchain+market | Policy: raw=OK/effective=OK(healthy | route=allow_all) | Regime: GREEN(avg_cand=4.67) | Safety: checked=4 fail_closed=0 reasons=api_code_4029:4 | FiltersTop(session): source_qos_cap:12,safe_age:8,score_min:5,safe_change_5m:4 | Dedup: heavy_skip=0 override=0 | V2Budget: 4/280 | SourceQoS: enabled=1/in=7/out=5/dropped=2/active_cd=0/drops=source_qos_cap:2 | Ingest: q=0/oldest=0.0s/drop_old=0/dedup_skip=0/enq=0/drain=0 | Sources: dex_boosts:ok=1/fail=0/429=0/lim_wait=0/cd_wait=0/err=0.0%/avg=38ms; dexscreener:ok=12/fail=0/429=0/lim_wait=0/cd_wait=0/err=0.0%/avg=40ms; onchain_enrich:ok=11/fail=0/429=0/lim_wait=0/cd_wait=0/err=0.0%/avg=62ms; onchain_weth_price:ok=1/fail=0/429=0/lim_wait=0/cd_wait=0/err=0.0%/avg=51ms; watchlist_gecko:ok=0/fail=0/429=0/lim_wait=0/cd_wait=0/err=0.0%/avg=0ms | Tasks: 3 | RSS: 0.0MB | CycleAvg: 33.13s
2026-02-27 03:59:42,687 [INFO] [u_station_ab_night_autotune_v2] monitor.onchain_factory: ENRICH_RETRY token=0xdcd6ec6db3f4eddca79374b58e6310c48e6ffdf1 pair=0x79e6be6ea6057abb3a97b675be51506ecd086d4b attempt=1/2 delay=10s
2026-02-27 03:59:42,687 [INFO] [u_station_ab_night_autotune_v2] monitor.onchain_factory: ENRICH_RETRY token=0x5ec27f492931a93c83a17db8d8e24426fd77d8d7 pair=0xbc70783704200592165456170605ae0f7cb4d76b attempt=1/2 delay=10s
2026-02-27 03:59:52,747 [INFO] [u_station_ab_night_autotune_v2] __main__: WATCHLIST merged count=6
2026-02-27 03:59:52,748 [INFO] [u_station_ab_night_autotune_v2] trading.v2_runtime: V2_UNIVERSE in=7 dedup=7 out=7 target=7 novel_target=6 novel_out=1 repeat_dropped=0 symbol_dropped=0 surge_in=1 surge_target=1 surge_out=1
2026-02-27 03:59:52,748 [INFO] [u_station_ab_night_autotune_v2] __main__: V2_SOURCE_QOS_FILTER in=7 out=5 drops={'source_qos_cap': 2} caps={'watchlist': 4, 'unknown': 0}
2026-02-27 03:59:52,749 [INFO] [u_station_ab_night_autotune_v2] __main__: FILTER_FAIL token=JUNO reason=source_qos_cap source=watchlist used=4/4
2026-02-27 03:59:52,751 [INFO] [u_station_ab_night_autotune_v2] __main__: FILTER_FAIL token=VIRTUAL reason=source_qos_cap source=watchlist used=4/4
2026-02-27 03:59:52,752 [INFO] [u_station_ab_night_autotune_v2] __main__: FILTER_PASS token=FLOW tier=A score=100 mode=GREEN risk=MEDIUM liq=145445 vol5m=22832
2026-02-27 03:59:52,753 [INFO] [u_station_ab_night_autotune_v2] __main__: FILTER_PASS token=POOPCOIN tier=A score=100 mode=GREEN risk=MEDIUM liq=514847 vol5m=17676
2026-02-27 03:59:52,754 [INFO] [u_station_ab_night_autotune_v2] __main__: FILTER_PASS token=cbBTC tier=A score=100 mode=GREEN risk=MEDIUM liq=22731051 vol5m=105017
2026-02-27 03:59:52,756 [INFO] [u_station_ab_night_autotune_v2] __main__: FILTER_PASS token=AERO tier=A score=75 mode=GREEN risk=MEDIUM liq=1330758 vol5m=900
2026-02-27 03:59:52,757 [INFO] [u_station_ab_night_autotune_v2] __main__: FILTER_FAIL token=SURF reason=score_min score=30 strict_min=48 soft_min=48 mode=GREEN
2026-02-27 03:59:52,757 [INFO] [u_station_ab_night_autotune_v2] __main__: V2_QUALITY_GATE enabled=True regime=GREEN in=4 out=4 core_out=2 explore_out=2 probe_out=0 quota=2 max_symbol_share=0.250 drop={} sources_used={'watchlist': 4}
2026-02-27 03:59:52,759 [INFO] [u_station_ab_night_autotune_v2] __main__: V2_ENTRY_ROUTE enabled=True regime=GREEN in=4 out=4 core_out=2 explore_out=2 quota=2 allow_explore=True
2026-02-27 03:59:52,760 [INFO] [u_station_ab_night_autotune_v2] __main__: MARKET_REGIME mode=GREEN reason=avg_cand=4.57 avg_cand_recent=4.57
2026-02-27 03:59:52,761 [INFO] [u_station_ab_night_autotune_v2] trading.auto_trader: AutoTrade adjust token=cbBTC reason=min_trade_floor size=$0.10->$0.10 min=$0.10
2026-02-27 03:59:52,762 [INFO] [u_station_ab_night_autotune_v2] trading.auto_trader: AutoTrade skip token=cbBTC reason=ev_net_low expected_net=$-0.00457 min=$-0.00232 samples=31 conf=1.00 pwin=0.35 avg_win=$0.0066 avg_loss=$0.0094 kelly=0.000 mem=sparse trades=2<18
2026-02-27 03:59:52,763 [INFO] [u_station_ab_night_autotune_v2] trading.auto_trader: AutoTrade skip token=POOPCOIN reason=blacklist detail=honeypot_guard:honeypot_api_status_404
2026-02-27 03:59:52,763 [INFO] [u_station_ab_night_autotune_v2] trading.auto_trader: AutoTrade skip token=FLOW reason=blacklist detail=honeypot_guard:is_honeypot,flag:high_fail_rate,sell_tax>5.0%(100.0%)
2026-02-27 03:59:52,765 [INFO] [u_station_ab_night_autotune_v2] trading.auto_trader: AutoTrade adjust token=AERO reason=min_trade_floor size=$0.02->$0.10 min=$0.10
2026-02-27 03:59:52,766 [INFO] [u_station_ab_night_autotune_v2] trading.auto_trader: AutoTrade skip token=AERO reason=ev_net_low expected_net=$-0.00987 min=$-0.00232 samples=23 conf=1.00 pwin=0.30 avg_win=$0.0097 avg_loss=$0.0177 kelly=0.000 mem=sparse trades=0<18
2026-02-27 03:59:52,767 [INFO] [u_station_ab_night_autotune_v2] trading.auto_trader: AutoTrade batch mode=top_n candidates=4 eligible=4 selected=4 opened=0 pe=off burst_window=0
2026-02-27 03:59:52,768 [INFO] [u_station_ab_night_autotune_v2] __main__: Scanned 7 tokens | High quality: 4 | Alerts sent: 0 | Trade candidates: 4 | Quality out/core/explore/probe: 4/2/2/0 | Opened: 0 | Mode: local | Source: onchain+market | Policy: raw=OK/effective=OK(healthy | route=allow_all) | Regime: GREEN(avg_cand=4.57) | Safety: checked=4 fail_closed=0 reasons=api_code_4029:4 | FiltersTop(session): source_qos_cap:14,safe_age:8,score_min:6,safe_change_5m:4 | Dedup: heavy_skip=0 override=0 | V2Budget: 4/280 | SourceQoS: enabled=1/in=7/out=5/dropped=2/active_cd=0/drops=source_qos_cap:2 | Ingest: q=0/oldest=0.0s/drop_old=0/dedup_skip=0/enq=0/drain=0 | Sources: dex_boosts:ok=1/fail=0/429=0/lim_wait=0/cd_wait=0/err=0.0%/avg=39ms; dexscreener:ok=12/fail=0/429=0/lim_wait=0/cd_wait=0/err=0.0%/avg=41ms; onchain_enrich:ok=7/fail=0/429=0/lim_wait=0/cd_wait=0/err=0.0%/avg=33ms; watchlist_gecko:ok=0/fail=0/429=0/lim_wait=0/cd_wait=0/err=0.0%/avg=0ms | Tasks: 3 | RSS: 0.0MB | CycleAvg: 29.41s
2026-02-27 03:59:57,053 [INFO] [u_station_ab_night_autotune_v2] monitor.onchain_factory: PAIR_DETECTED source=uniswap_v2 dex=uniswap_v2 pair=0x85288298005a07c1aeb1a7e2cbfa4fe6350bf475 token0=0x4200000000000000000000000000000000000006 token1=0xd3569baae7caf8c1af734ae29353df995622f982 block=42685919 factory=0x8909dc15e40173ff4699343b6eb8132c65e18ec6
2026-02-27 03:59:57,237 [INFO] [u_station_ab_night_autotune_v2] monitor.onchain_factory: ENRICH_RETRY token=0x5ec27f492931a93c83a17db8d8e24426fd77d8d7 pair=0xbc70783704200592165456170605ae0f7cb4d76b attempt=1/2 delay=10s
2026-02-27 03:59:57,654 [INFO] [u_station_ab_night_autotune_v2] monitor.onchain_factory: ENRICH_RETRY token=0xd3569baae7caf8c1af734ae29353df995622f982 pair=0x85288298005a07c1aeb1a7e2cbfa4fe6350bf475 attempt=1/2 delay=10s
2026-02-27 04:00:07,728 [INFO] [u_station_ab_night_autotune_v2] __main__: WATCHLIST merged count=6
2026-02-27 04:00:07,728 [INFO] [u_station_ab_night_autotune_v2] trading.v2_runtime: V2_UNIVERSE in=7 dedup=7 out=7 target=7 novel_target=6 novel_out=1 repeat_dropped=0 symbol_dropped=0 surge_in=1 surge_target=1 surge_out=1
2026-02-27 04:00:07,728 [INFO] [u_station_ab_night_autotune_v2] __main__: V2_SOURCE_QOS_FILTER in=7 out=5 drops={'source_qos_cap': 2} caps={'watchlist': 4, 'unknown': 0}
2026-02-27 04:00:07,728 [INFO] [u_station_ab_night_autotune_v2] __main__: FILTER_FAIL token=JUNO reason=source_qos_cap source=watchlist used=4/4
2026-02-27 04:00:07,728 [INFO] [u_station_ab_night_autotune_v2] __main__: FILTER_FAIL token=VIRTUAL reason=source_qos_cap source=watchlist used=4/4
2026-02-27 04:00:07,728 [INFO] [u_station_ab_night_autotune_v2] __main__: FILTER_PASS token=FLOW tier=A score=100 mode=GREEN risk=MEDIUM liq=145445 vol5m=22832
2026-02-27 04:00:07,728 [INFO] [u_station_ab_night_autotune_v2] __main__: FILTER_PASS token=POOPCOIN tier=A score=100 mode=GREEN risk=MEDIUM liq=514847 vol5m=17676
2026-02-27 04:00:07,728 [INFO] [u_station_ab_night_autotune_v2] __main__: FILTER_PASS token=cbBTC tier=A score=100 mode=GREEN risk=MEDIUM liq=22731051 vol5m=105017
2026-02-27 04:00:07,728 [INFO] [u_station_ab_night_autotune_v2] __main__: FILTER_PASS token=AERO tier=A score=75 mode=GREEN risk=MEDIUM liq=1330758 vol5m=900
2026-02-27 04:00:07,728 [INFO] [u_station_ab_night_autotune_v2] __main__: FILTER_FAIL token=GRIX reason=score_min score=30 strict_min=48 soft_min=48 mode=GREEN
2026-02-27 04:00:07,728 [INFO] [u_station_ab_night_autotune_v2] __main__: V2_QUALITY_GATE enabled=True regime=GREEN in=4 out=4 core_out=2 explore_out=2 probe_out=0 quota=2 max_symbol_share=0.250 drop={} sources_used={'watchlist': 4}
2026-02-27 04:00:07,728 [INFO] [u_station_ab_night_autotune_v2] __main__: V2_ENTRY_ROUTE enabled=True regime=GREEN in=4 out=4 core_out=2 explore_out=2 quota=2 allow_explore=True
2026-02-27 04:00:07,728 [INFO] [u_station_ab_night_autotune_v2] __main__: MARKET_REGIME mode=GREEN reason=avg_cand=4.50 avg_cand_recent=4.50
2026-02-27 04:00:07,728 [INFO] [u_station_ab_night_autotune_v2] trading.auto_trader: AutoTrade adjust token=cbBTC reason=min_trade_floor size=$0.10->$0.10 min=$0.10
2026-02-27 04:00:07,728 [INFO] [u_station_ab_night_autotune_v2] trading.auto_trader: AutoTrade skip token=cbBTC reason=ev_net_low expected_net=$-0.00457 min=$-0.00232 samples=31 conf=1.00 pwin=0.35 avg_win=$0.0066 avg_loss=$0.0094 kelly=0.000 mem=sparse trades=2<18
2026-02-27 04:00:07,728 [INFO] [u_station_ab_night_autotune_v2] trading.auto_trader: AutoTrade skip token=POOPCOIN reason=blacklist detail=honeypot_guard:honeypot_api_status_404
2026-02-27 04:00:07,728 [INFO] [u_station_ab_night_autotune_v2] trading.auto_trader: AutoTrade skip token=FLOW reason=blacklist detail=honeypot_guard:is_honeypot,flag:high_fail_rate,sell_tax>5.0%(100.0%)
2026-02-27 04:00:07,743 [INFO] [u_station_ab_night_autotune_v2] trading.auto_trader: AutoTrade adjust token=AERO reason=min_trade_floor size=$0.02->$0.10 min=$0.10
2026-02-27 04:00:07,743 [INFO] [u_station_ab_night_autotune_v2] trading.auto_trader: AutoTrade skip token=AERO reason=ev_net_low expected_net=$-0.00987 min=$-0.00232 samples=23 conf=1.00 pwin=0.30 avg_win=$0.0097 avg_loss=$0.0177 kelly=0.000 mem=sparse trades=0<18
2026-02-27 04:00:07,743 [INFO] [u_station_ab_night_autotune_v2] trading.auto_trader: AutoTrade batch mode=top_n candidates=4 eligible=4 selected=4 opened=0 pe=off burst_window=0
2026-02-27 04:00:07,743 [INFO] [u_station_ab_night_autotune_v2] __main__: Scanned 7 tokens | High quality: 4 | Alerts sent: 0 | Trade candidates: 4 | Quality out/core/explore/probe: 4/2/2/0 | Opened: 0 | Mode: local | Source: onchain+market | Policy: raw=OK/effective=OK(healthy | route=allow_all) | Regime: GREEN(avg_cand=4.50) | Safety: checked=4 fail_closed=0 reasons=api_code_4029:4 | FiltersTop(session): source_qos_cap:16,safe_age:8,score_min:7,safe_change_5m:4 | Dedup: heavy_skip=0 override=0 | V2Budget: 4/280 | SourceQoS: enabled=1/in=7/out=5/dropped=2/active_cd=0/drops=source_qos_cap:2 | Ingest: q=0/oldest=0.0s/drop_old=0/dedup_skip=0/enq=0/drain=0 | Sources: dex_boosts:ok=1/fail=0/429=0/lim_wait=0/cd_wait=0/err=0.0%/avg=52ms; dexscreener:ok=12/fail=0/429=0/lim_wait=0/cd_wait=0/err=0.0%/avg=213ms; onchain_enrich:ok=7/fail=0/429=0/lim_wait=0/cd_wait=0/err=0.0%/avg=110ms; watchlist_gecko:ok=0/fail=0/429=0/lim_wait=0/cd_wait=0/err=0.0%/avg=0ms | Tasks: 3 | RSS: 0.0MB | CycleAvg: 26.72s
2026-02-27 04:00:12,014 [INFO] [u_station_ab_night_autotune_v2] monitor.onchain_factory: PAIR_DETECTED source=uniswap_v2 dex=uniswap_v2 pair=0x8b31e01f372af22a4f6405f9396fab3c5e026b0b token0=0x0bffac09c44daba0d1744b0cd303bbd6464b66e9 token1=0x4200000000000000000000000000000000000006 block=42685926 factory=0x8909dc15e40173ff4699343b6eb8132c65e18ec6
2026-02-27 04:00:12,239 [INFO] [u_station_ab_night_autotune_v2] monitor.onchain_factory: ENRICH_RETRY token=0xd3569baae7caf8c1af734ae29353df995622f982 pair=0x85288298005a07c1aeb1a7e2cbfa4fe6350bf475 attempt=1/2 delay=10s
2026-02-27 04:00:12,826 [INFO] [u_station_ab_night_autotune_v2] monitor.onchain_factory: ENRICH_RETRY token=0x0bffac09c44daba0d1744b0cd303bbd6464b66e9 pair=0x8b31e01f372af22a4f6405f9396fab3c5e026b0b attempt=1/2 delay=10s
2026-02-27 04:00:22,896 [INFO] [u_station_ab_night_autotune_v2] __main__: WATCHLIST merged count=6
2026-02-27 04:00:22,896 [INFO] [u_station_ab_night_autotune_v2] trading.v2_runtime: V2_UNIVERSE in=6 dedup=6 out=6 target=6 novel_target=6 novel_out=0 repeat_dropped=0 symbol_dropped=0 surge_in=1 surge_target=1 surge_out=1
2026-02-27 04:00:22,896 [INFO] [u_station_ab_night_autotune_v2] __main__: V2_SOURCE_QOS_FILTER in=6 out=4 drops={'source_qos_cap': 2} caps={'watchlist': 4}
2026-02-27 04:00:22,903 [INFO] [u_station_ab_night_autotune_v2] __main__: FILTER_FAIL token=JUNO reason=source_qos_cap source=watchlist used=4/4
2026-02-27 04:00:22,903 [INFO] [u_station_ab_night_autotune_v2] __main__: FILTER_FAIL token=VIRTUAL reason=source_qos_cap source=watchlist used=4/4
2026-02-27 04:00:22,903 [INFO] [u_station_ab_night_autotune_v2] __main__: FILTER_PASS token=FLOW tier=A score=100 mode=GREEN risk=MEDIUM liq=145445 vol5m=22832
2026-02-27 04:00:22,903 [INFO] [u_station_ab_night_autotune_v2] __main__: FILTER_PASS token=POOPCOIN tier=A score=100 mode=GREEN risk=MEDIUM liq=514847 vol5m=17676
2026-02-27 04:00:22,903 [INFO] [u_station_ab_night_autotune_v2] __main__: FILTER_PASS token=cbBTC tier=A score=100 mode=GREEN risk=MEDIUM liq=22731051 vol5m=105017
2026-02-27 04:00:22,903 [INFO] [u_station_ab_night_autotune_v2] __main__: FILTER_PASS token=AERO tier=A score=75 mode=GREEN risk=MEDIUM liq=1330758 vol5m=900
2026-02-27 04:00:22,919 [INFO] [u_station_ab_night_autotune_v2] __main__: V2_QUALITY_GATE enabled=True regime=GREEN in=4 out=4 core_out=2 explore_out=2 probe_out=0 quota=2 max_symbol_share=0.250 drop={} sources_used={'watchlist': 4}
2026-02-27 04:00:22,919 [INFO] [u_station_ab_night_autotune_v2] __main__: V2_ENTRY_ROUTE enabled=True regime=GREEN in=4 out=4 core_out=2 explore_out=2 quota=2 allow_explore=True
2026-02-27 04:00:22,919 [INFO] [u_station_ab_night_autotune_v2] __main__: MARKET_REGIME mode=GREEN reason=avg_cand=4.44 avg_cand_recent=4.44
2026-02-27 04:00:22,919 [INFO] [u_station_ab_night_autotune_v2] trading.auto_trader: AutoTrade adjust token=cbBTC reason=min_trade_floor size=$0.10->$0.10 min=$0.10
2026-02-27 04:00:22,919 [INFO] [u_station_ab_night_autotune_v2] trading.auto_trader: AutoTrade skip token=cbBTC reason=ev_net_low expected_net=$-0.00457 min=$-0.00232 samples=31 conf=1.00 pwin=0.35 avg_win=$0.0066 avg_loss=$0.0094 kelly=0.000 mem=sparse trades=2<18
2026-02-27 04:00:22,919 [INFO] [u_station_ab_night_autotune_v2] trading.auto_trader: AutoTrade skip token=POOPCOIN reason=blacklist detail=honeypot_guard:honeypot_api_status_404
2026-02-27 04:00:22,919 [INFO] [u_station_ab_night_autotune_v2] trading.auto_trader: AutoTrade skip token=FLOW reason=blacklist detail=honeypot_guard:is_honeypot,flag:high_fail_rate,sell_tax>5.0%(100.0%)
2026-02-27 04:00:22,919 [INFO] [u_station_ab_night_autotune_v2] trading.auto_trader: AutoTrade adjust token=AERO reason=min_trade_floor size=$0.02->$0.10 min=$0.10
2026-02-27 04:00:22,919 [INFO] [u_station_ab_night_autotune_v2] trading.auto_trader: AutoTrade skip token=AERO reason=ev_net_low expected_net=$-0.00987 min=$-0.00232 samples=23 conf=1.00 pwin=0.30 avg_win=$0.0097 avg_loss=$0.0177 kelly=0.000 mem=sparse trades=0<18
2026-02-27 04:00:22,919 [INFO] [u_station_ab_night_autotune_v2] trading.auto_trader: AutoTrade batch mode=top_n candidates=4 eligible=4 selected=4 opened=0 pe=off burst_window=0
2026-02-27 04:00:22,919 [INFO] [u_station_ab_night_autotune_v2] __main__: Scanned 6 tokens | High quality: 4 | Alerts sent: 0 | Trade candidates: 4 | Quality out/core/explore/probe: 4/2/2/0 | Opened: 0 | Mode: local | Source: onchain+market | Policy: raw=OK/effective=OK(healthy | route=allow_all) | Regime: GREEN(avg_cand=4.44) | Safety: checked=4 fail_closed=0 reasons=api_code_4029:4 | FiltersTop(session): source_qos_cap:18,safe_age:8,score_min:7,safe_change_5m:4 | Dedup: heavy_skip=0 override=0 | V2Budget: 4/280 | SourceQoS: enabled=1/in=6/out=4/dropped=2/active_cd=0/drops=source_qos_cap:2 | Ingest: q=0/oldest=0.0s/drop_old=0/dedup_skip=0/enq=0/drain=0 | Sources: dex_boosts:ok=1/fail=0/429=0/lim_wait=0/cd_wait=0/err=0.0%/avg=34ms; dexscreener:ok=12/fail=0/429=0/lim_wait=0/cd_wait=0/err=0.0%/avg=37ms; geckoterminal:ok=1/fail=0/429=0/lim_wait=0/cd_wait=0/err=0.0%/avg=269ms; onchain_enrich:ok=8/fail=0/429=0/lim_wait=0/cd_wait=0/err=0.0%/avg=113ms; watchlist_gecko:ok=0/fail=0/429=0/lim_wait=0/cd_wait=0/err=0.0%/avg=0ms | Tasks: 3 | RSS: 0.0MB | CycleAvg: 24.75s
2026-02-27 04:00:27,203 [INFO] [u_station_ab_night_autotune_v2] monitor.onchain_factory: PAIR_DETECTED source=uniswap_v2 dex=uniswap_v2 pair=0x460859db0c40d617ffb3900bfc472a81ff0a9862 token0=0x34877a807de3b53d1a33e24dc04444cf3c6eefd8 token1=0x4200000000000000000000000000000000000006 block=42685934 factory=0x8909dc15e40173ff4699343b6eb8132c65e18ec6
2026-02-27 04:00:27,460 [INFO] [u_station_ab_night_autotune_v2] monitor.onchain_factory: ENRICH_RETRY token=0x0bffac09c44daba0d1744b0cd303bbd6464b66e9 pair=0x8b31e01f372af22a4f6405f9396fab3c5e026b0b attempt=1/2 delay=10s
2026-02-27 04:00:27,479 [INFO] [u_station_ab_night_autotune_v2] monitor.onchain_factory: ENRICH_RETRY token=0xd3569baae7caf8c1af734ae29353df995622f982 pair=0x85288298005a07c1aeb1a7e2cbfa4fe6350bf475 attempt=1/2 delay=10s
2026-02-27 04:00:27,641 [INFO] [u_station_ab_night_autotune_v2] monitor.onchain_factory: ENRICH_RETRY token=0x34877a807de3b53d1a33e24dc04444cf3c6eefd8 pair=0x460859db0c40d617ffb3900bfc472a81ff0a9862 attempt=1/2 delay=10s
2026-02-27 04:00:37,785 [INFO] [u_station_ab_night_autotune_v2] __main__: WATCHLIST merged count=6
2026-02-27 04:00:37,785 [INFO] [u_station_ab_night_autotune_v2] trading.v2_runtime: V2_UNIVERSE in=7 dedup=7 out=7 target=7 novel_target=6 novel_out=1 repeat_dropped=0 symbol_dropped=0 surge_in=1 surge_target=1 surge_out=1
2026-02-27 04:00:37,785 [INFO] [u_station_ab_night_autotune_v2] __main__: V2_SOURCE_QOS_FILTER in=7 out=5 drops={'source_qos_cap': 2} caps={'watchlist': 4, 'unknown': 0}
2026-02-27 04:00:37,785 [INFO] [u_station_ab_night_autotune_v2] __main__: FILTER_FAIL token=JUNO reason=source_qos_cap source=watchlist used=4/4
2026-02-27 04:00:37,788 [INFO] [u_station_ab_night_autotune_v2] __main__: FILTER_FAIL token=VIRTUAL reason=source_qos_cap source=watchlist used=4/4
2026-02-27 04:00:37,788 [INFO] [u_station_ab_night_autotune_v2] __main__: FILTER_PASS token=FLOW tier=A score=100 mode=GREEN risk=MEDIUM liq=145445 vol5m=22832
2026-02-27 04:00:37,788 [INFO] [u_station_ab_night_autotune_v2] __main__: FILTER_PASS token=POOPCOIN tier=A score=100 mode=GREEN risk=MEDIUM liq=514847 vol5m=17676
2026-02-27 04:00:37,788 [INFO] [u_station_ab_night_autotune_v2] __main__: FILTER_PASS token=cbBTC tier=A score=100 mode=GREEN risk=MEDIUM liq=22731051 vol5m=105017
2026-02-27 04:00:37,788 [INFO] [u_station_ab_night_autotune_v2] __main__: FILTER_PASS token=AERO tier=A score=75 mode=GREEN risk=MEDIUM liq=1330758 vol5m=900
2026-02-27 04:00:37,788 [INFO] [u_station_ab_night_autotune_v2] __main__: FILTER_FAIL token=NEOX reason=score_min score=30 strict_min=48 soft_min=48 mode=GREEN
2026-02-27 04:00:37,788 [INFO] [u_station_ab_night_autotune_v2] __main__: V2_QUALITY_GATE enabled=True regime=GREEN in=4 out=4 core_out=2 explore_out=2 probe_out=0 quota=2 max_symbol_share=0.250 drop={} sources_used={'watchlist': 4}
2026-02-27 04:00:37,788 [INFO] [u_station_ab_night_autotune_v2] __main__: V2_ENTRY_ROUTE enabled=True regime=GREEN in=4 out=4 core_out=2 explore_out=2 quota=2 allow_explore=True
2026-02-27 04:00:37,788 [INFO] [u_station_ab_night_autotune_v2] __main__: MARKET_REGIME mode=GREEN reason=avg_cand=4.40 avg_cand_recent=4.40
2026-02-27 04:00:37,788 [INFO] [u_station_ab_night_autotune_v2] trading.auto_trader: AutoTrade adjust token=cbBTC reason=min_trade_floor size=$0.10->$0.10 min=$0.10
2026-02-27 04:00:37,788 [INFO] [u_station_ab_night_autotune_v2] trading.auto_trader: AutoTrade skip token=cbBTC reason=ev_net_low expected_net=$-0.00457 min=$-0.00232 samples=31 conf=1.00 pwin=0.35 avg_win=$0.0066 avg_loss=$0.0094 kelly=0.000 mem=sparse trades=2<18
2026-02-27 04:00:37,788 [INFO] [u_station_ab_night_autotune_v2] trading.auto_trader: AutoTrade skip token=POOPCOIN reason=blacklist detail=honeypot_guard:honeypot_api_status_404
2026-02-27 04:00:37,788 [INFO] [u_station_ab_night_autotune_v2] trading.auto_trader: AutoTrade skip token=FLOW reason=blacklist detail=honeypot_guard:is_honeypot,flag:high_fail_rate,sell_tax>5.0%(100.0%)
2026-02-27 04:00:37,788 [INFO] [u_station_ab_night_autotune_v2] trading.auto_trader: AutoTrade adjust token=AERO reason=min_trade_floor size=$0.02->$0.10 min=$0.10
2026-02-27 04:00:37,788 [INFO] [u_station_ab_night_autotune_v2] trading.auto_trader: AutoTrade skip token=AERO reason=ev_net_low expected_net=$-0.00987 min=$-0.00232 samples=23 conf=1.00 pwin=0.30 avg_win=$0.0097 avg_loss=$0.0177 kelly=0.000 mem=sparse trades=0<18
2026-02-27 04:00:37,788 [INFO] [u_station_ab_night_autotune_v2] trading.auto_trader: AutoTrade batch mode=top_n candidates=4 eligible=4 selected=4 opened=0 pe=off burst_window=0
2026-02-27 04:00:37,788 [INFO] [u_station_ab_night_autotune_v2] __main__: Scanned 7 tokens | High quality: 4 | Alerts sent: 0 | Trade candidates: 4 | Quality out/core/explore/probe: 4/2/2/0 | Opened: 0 | Mode: local | Source: onchain+market | Policy: raw=OK/effective=OK(healthy | route=allow_all) | Regime: GREEN(avg_cand=4.40) | Safety: checked=4 fail_closed=0 reasons=api_code_4029:4 | FiltersTop(session): source_qos_cap:20,safe_age:8,score_min:8,safe_change_5m:4 | Dedup: heavy_skip=0 override=0 | V2Budget: 4/280 | SourceQoS: enabled=1/in=7/out=5/dropped=2/active_cd=0/drops=source_qos_cap:2 | Ingest: q=0/oldest=0.0s/drop_old=0/dedup_skip=0/enq=0/drain=0 | Sources: dex_boosts:ok=1/fail=0/429=0/lim_wait=0/cd_wait=0/err=0.0%/avg=116ms; dexscreener:ok=12/fail=0/429=0/lim_wait=0/cd_wait=0/err=0.0%/avg=89ms; onchain_enrich:ok=12/fail=0/429=0/lim_wait=0/cd_wait=0/err=0.0%/avg=85ms; watchlist_gecko:ok=0/fail=0/429=0/lim_wait=0/cd_wait=0/err=0.0%/avg=0ms | Tasks: 3 | RSS: 0.0MB | CycleAvg: 23.24s
2026-02-27 04:00:42,077 [INFO] [u_station_ab_night_autotune_v2] monitor.onchain_factory: PAIR_DETECTED source=uniswap_v2 dex=uniswap_v2 pair=0x17eae697c899b1f984d67c5fa9bb9189a05d7ed8 token0=0x4200000000000000000000000000000000000006 token1=0xf976ea066a449ce12bd8852602d1669f96d9b2f5 block=42685941 factory=0x8909dc15e40173ff4699343b6eb8132c65e18ec6
2026-02-27 04:00:42,269 [INFO] [u_station_ab_night_autotune_v2] monitor.onchain_factory: ENRICH_RETRY token=0x34877a807de3b53d1a33e24dc04444cf3c6eefd8 pair=0x460859db0c40d617ffb3900bfc472a81ff0a9862 attempt=1/2 delay=10s
2026-02-27 04:00:42,288 [INFO] [u_station_ab_night_autotune_v2] monitor.onchain_factory: ENRICH_RETRY token=0x0bffac09c44daba0d1744b0cd303bbd6464b66e9 pair=0x8b31e01f372af22a4f6405f9396fab3c5e026b0b attempt=1/2 delay=10s
2026-02-27 04:00:42,503 [INFO] [u_station_ab_night_autotune_v2] monitor.onchain_factory: ENRICH_RETRY token=0xf976ea066a449ce12bd8852602d1669f96d9b2f5 pair=0x17eae697c899b1f984d67c5fa9bb9189a05d7ed8 attempt=1/2 delay=10s
2026-02-27 04:00:52,584 [INFO] [u_station_ab_night_autotune_v2] __main__: WATCHLIST merged count=6
2026-02-27 04:00:52,584 [INFO] [u_station_ab_night_autotune_v2] trading.v2_runtime: V2_UNIVERSE in=7 dedup=7 out=7 target=7 novel_target=6 novel_out=1 repeat_dropped=0 symbol_dropped=0 surge_in=1 surge_target=1 surge_out=1
2026-02-27 04:00:52,584 [INFO] [u_station_ab_night_autotune_v2] __main__: V2_SOURCE_QOS_FILTER in=7 out=5 drops={'source_qos_cap': 2} caps={'watchlist': 4, 'unknown': 0}
2026-02-27 04:00:52,584 [INFO] [u_station_ab_night_autotune_v2] __main__: FILTER_FAIL token=JUNO reason=source_qos_cap source=watchlist used=4/4
2026-02-27 04:00:52,584 [INFO] [u_station_ab_night_autotune_v2] __main__: FILTER_FAIL token=VIRTUAL reason=source_qos_cap source=watchlist used=4/4
2026-02-27 04:00:52,584 [INFO] [u_station_ab_night_autotune_v2] __main__: FILTER_PASS token=FLOW tier=A score=100 mode=GREEN risk=MEDIUM liq=145445 vol5m=22832
2026-02-27 04:00:52,584 [INFO] [u_station_ab_night_autotune_v2] __main__: FILTER_PASS token=POOPCOIN tier=A score=100 mode=GREEN risk=MEDIUM liq=514847 vol5m=17676
2026-02-27 04:00:52,584 [INFO] [u_station_ab_night_autotune_v2] __main__: FILTER_PASS token=cbBTC tier=A score=100 mode=GREEN risk=MEDIUM liq=22731051 vol5m=105017
2026-02-27 04:00:52,600 [INFO] [u_station_ab_night_autotune_v2] __main__: FILTER_PASS token=AERO tier=A score=75 mode=GREEN risk=MEDIUM liq=1330758 vol5m=900
2026-02-27 04:00:52,600 [INFO] [u_station_ab_night_autotune_v2] __main__: FILTER_FAIL token=SYNAPZ reason=score_min score=30 strict_min=48 soft_min=48 mode=GREEN
2026-02-27 04:00:52,603 [INFO] [u_station_ab_night_autotune_v2] __main__: V2_QUALITY_GATE enabled=True regime=GREEN in=4 out=4 core_out=2 explore_out=2 probe_out=0 quota=2 max_symbol_share=0.250 drop={} sources_used={'watchlist': 4}
2026-02-27 04:00:52,603 [INFO] [u_station_ab_night_autotune_v2] __main__: V2_ENTRY_ROUTE enabled=True regime=GREEN in=4 out=4 core_out=2 explore_out=2 quota=2 allow_explore=True
2026-02-27 04:00:52,603 [INFO] [u_station_ab_night_autotune_v2] __main__: MARKET_REGIME mode=GREEN reason=avg_cand=4.36 avg_cand_recent=4.36
2026-02-27 04:00:52,603 [INFO] [u_station_ab_night_autotune_v2] trading.auto_trader: AutoTrade adjust token=cbBTC reason=min_trade_floor size=$0.10->$0.10 min=$0.10
2026-02-27 04:00:52,603 [INFO] [u_station_ab_night_autotune_v2] trading.auto_trader: AutoTrade skip token=cbBTC reason=ev_net_low expected_net=$-0.00457 min=$-0.00232 samples=31 conf=1.00 pwin=0.35 avg_win=$0.0066 avg_loss=$0.0094 kelly=0.000 mem=sparse trades=2<18
2026-02-27 04:00:52,603 [INFO] [u_station_ab_night_autotune_v2] trading.auto_trader: AutoTrade skip token=POOPCOIN reason=blacklist detail=honeypot_guard:honeypot_api_status_404
2026-02-27 04:00:52,603 [INFO] [u_station_ab_night_autotune_v2] trading.auto_trader: AutoTrade skip token=FLOW reason=blacklist detail=honeypot_guard:is_honeypot,flag:high_fail_rate,sell_tax>5.0%(100.0%)
2026-02-27 04:00:52,603 [INFO] [u_station_ab_night_autotune_v2] trading.auto_trader: AutoTrade adjust token=AERO reason=min_trade_floor size=$0.02->$0.10 min=$0.10
2026-02-27 04:00:52,603 [INFO] [u_station_ab_night_autotune_v2] trading.auto_trader: AutoTrade skip token=AERO reason=ev_net_low expected_net=$-0.00987 min=$-0.00232 samples=23 conf=1.00 pwin=0.30 avg_win=$0.0097 avg_loss=$0.0177 kelly=0.000 mem=sparse trades=0<18
2026-02-27 04:00:52,603 [INFO] [u_station_ab_night_autotune_v2] trading.auto_trader: AutoTrade batch mode=top_n candidates=4 eligible=4 selected=4 opened=0 pe=off burst_window=0
2026-02-27 04:00:52,603 [INFO] [u_station_ab_night_autotune_v2] trading.auto_trader: PAPER_SUMMARY window=60s closed_delta=0 wins_delta=0 losses_delta=0 realized_delta=$0.00 total_closed=62 winrate_total=46.8% realized_total=$0.20 balance=$7.20 equity=$7.20 open=0
2026-02-27 04:00:52,603 [INFO] [u_station_ab_night_autotune_v2] __main__: Scanned 7 tokens | High quality: 4 | Alerts sent: 0 | Trade candidates: 4 | Quality out/core/explore/probe: 4/2/2/0 | Opened: 0 | Mode: local | Source: onchain+market | Policy: raw=OK/effective=OK(healthy | route=allow_all) | Regime: GREEN(avg_cand=4.36) | Safety: checked=4 fail_closed=0 reasons=api_code_4029:4 | FiltersTop(session): source_qos_cap:22,score_min:9,safe_age:8,safe_change_5m:4 | Dedup: heavy_skip=0 override=0 | V2Budget: 4/280 | SourceQoS: enabled=1/in=7/out=5/dropped=2/active_cd=0/drops=source_qos_cap:2 | Ingest: q=0/oldest=0.0s/drop_old=0/dedup_skip=0/enq=0/drain=0 | Sources: dex_boosts:ok=1/fail=0/429=0/lim_wait=0/cd_wait=0/err=0.0%/avg=81ms; dexscreener:ok=12/fail=0/429=0/lim_wait=0/cd_wait=0/err=0.0%/avg=175ms; onchain_enrich:ok=11/fail=0/429=0/lim_wait=0/cd_wait=0/err=0.0%/avg=70ms; onchain_weth_price:ok=1/fail=0/429=0/lim_wait=0/cd_wait=0/err=0.0%/avg=49ms; watchlist_gecko:ok=0/fail=0/429=0/lim_wait=0/cd_wait=0/err=0.0%/avg=0ms | Tasks: 3 | RSS: 0.0MB | CycleAvg: 22.00s
2026-02-27 04:00:56,870 [INFO] [u_station_ab_night_autotune_v2] monitor.onchain_factory: PAIR_DETECTED source=uniswap_v2 dex=uniswap_v2 pair=0x0af70225573658024b351214fcb0d25f9f2d33ee token0=0x4200000000000000000000000000000000000006 token1=0xfc57007f65cf37f59c6afe7a1a13d92d5149eb07 block=42685949 factory=0x8909dc15e40173ff4699343b6eb8132c65e18ec6
2026-02-27 04:00:57,053 [INFO] [u_station_ab_night_autotune_v2] monitor.onchain_factory: ENRICH_RETRY token=0x34877a807de3b53d1a33e24dc04444cf3c6eefd8 pair=0x460859db0c40d617ffb3900bfc472a81ff0a9862 attempt=1/2 delay=10s
2026-02-27 04:00:57,069 [INFO] [u_station_ab_night_autotune_v2] monitor.onchain_factory: ENRICH_RETRY token=0xf976ea066a449ce12bd8852602d1669f96d9b2f5 pair=0x17eae697c899b1f984d67c5fa9bb9189a05d7ed8 attempt=1/2 delay=10s
2026-02-27 04:00:57,285 [INFO] [u_station_ab_night_autotune_v2] monitor.onchain_factory: ENRICH_RETRY token=0xfc57007f65cf37f59c6afe7a1a13d92d5149eb07 pair=0x0af70225573658024b351214fcb0d25f9f2d33ee attempt=1/2 delay=10s
2026-02-27 04:01:07,374 [INFO] [u_station_ab_night_autotune_v2] __main__: WATCHLIST merged count=6
2026-02-27 04:01:07,375 [INFO] [u_station_ab_night_autotune_v2] trading.v2_runtime: V2_UNIVERSE in=8 dedup=8 out=8 target=8 novel_target=7 novel_out=2 repeat_dropped=0 symbol_dropped=0 surge_in=1 surge_target=1 surge_out=1
2026-02-27 04:01:07,376 [INFO] [u_station_ab_night_autotune_v2] __main__: V2_SOURCE_QOS_FILTER in=8 out=6 drops={'source_qos_cap': 2} caps={'watchlist': 4, 'unknown': 0}
2026-02-27 04:01:07,378 [INFO] [u_station_ab_night_autotune_v2] __main__: FILTER_FAIL token=JUNO reason=source_qos_cap source=watchlist used=4/4
2026-02-27 04:01:07,379 [INFO] [u_station_ab_night_autotune_v2] __main__: FILTER_FAIL token=VIRTUAL reason=source_qos_cap source=watchlist used=4/4
2026-02-27 04:01:07,380 [INFO] [u_station_ab_night_autotune_v2] __main__: FILTER_PASS token=FLOW tier=A score=100 mode=GREEN risk=MEDIUM liq=145445 vol5m=22832
2026-02-27 04:01:07,381 [INFO] [u_station_ab_night_autotune_v2] __main__: FILTER_PASS token=POOPCOIN tier=A score=100 mode=GREEN risk=MEDIUM liq=514847 vol5m=17676
2026-02-27 04:01:07,381 [INFO] [u_station_ab_night_autotune_v2] __main__: FILTER_PASS token=cbBTC tier=A score=100 mode=GREEN risk=MEDIUM liq=22731051 vol5m=105017
2026-02-27 04:01:07,381 [INFO] [u_station_ab_night_autotune_v2] __main__: FILTER_FAIL token=ACE reason=score_min score=30 strict_min=48 soft_min=48 mode=GREEN
2026-02-27 04:01:07,381 [INFO] [u_station_ab_night_autotune_v2] __main__: FILTER_PASS token=AERO tier=A score=75 mode=GREEN risk=MEDIUM liq=1330758 vol5m=900
2026-02-27 04:01:07,381 [INFO] [u_station_ab_night_autotune_v2] __main__: FILTER_FAIL token=IDO reason=score_min score=30 strict_min=48 soft_min=48 mode=GREEN
2026-02-27 04:01:07,381 [INFO] [u_station_ab_night_autotune_v2] __main__: V2_QUALITY_GATE enabled=True regime=GREEN in=4 out=4 core_out=2 explore_out=2 probe_out=0 quota=2 max_symbol_share=0.250 drop={} sources_used={'watchlist': 4}
2026-02-27 04:01:07,381 [INFO] [u_station_ab_night_autotune_v2] __main__: V2_ENTRY_ROUTE enabled=True regime=GREEN in=4 out=4 core_out=2 explore_out=2 quota=2 allow_explore=True
2026-02-27 04:01:07,381 [INFO] [u_station_ab_night_autotune_v2] __main__: MARKET_REGIME mode=GREEN reason=avg_cand=4.33 avg_cand_recent=4.33
2026-02-27 04:01:07,409 [INFO] [u_station_ab_night_autotune_v2] trading.auto_trader: AutoTrade adjust token=cbBTC reason=min_trade_floor size=$0.10->$0.10 min=$0.10
2026-02-27 04:01:07,411 [INFO] [u_station_ab_night_autotune_v2] trading.auto_trader: AutoTrade skip token=cbBTC reason=ev_net_low expected_net=$-0.00457 min=$-0.00232 samples=31 conf=1.00 pwin=0.35 avg_win=$0.0066 avg_loss=$0.0094 kelly=0.000 mem=sparse trades=2<18
2026-02-27 04:01:07,411 [INFO] [u_station_ab_night_autotune_v2] trading.auto_trader: AutoTrade skip token=POOPCOIN reason=blacklist detail=honeypot_guard:honeypot_api_status_404
2026-02-27 04:01:07,411 [INFO] [u_station_ab_night_autotune_v2] trading.auto_trader: AutoTrade skip token=FLOW reason=blacklist detail=honeypot_guard:is_honeypot,flag:high_fail_rate,sell_tax>5.0%(100.0%)
2026-02-27 04:01:07,432 [INFO] [u_station_ab_night_autotune_v2] trading.auto_trader: AutoTrade adjust token=AERO reason=min_trade_floor size=$0.02->$0.10 min=$0.10
2026-02-27 04:01:07,432 [INFO] [u_station_ab_night_autotune_v2] trading.auto_trader: AutoTrade skip token=AERO reason=ev_net_low expected_net=$-0.00987 min=$-0.00232 samples=23 conf=1.00 pwin=0.30 avg_win=$0.0097 avg_loss=$0.0177 kelly=0.000 mem=sparse trades=0<18
2026-02-27 04:01:07,432 [INFO] [u_station_ab_night_autotune_v2] trading.auto_trader: AutoTrade batch mode=top_n candidates=4 eligible=4 selected=4 opened=0 pe=off burst_window=0
2026-02-27 04:01:07,432 [INFO] [u_station_ab_night_autotune_v2] __main__: Scanned 8 tokens | High quality: 4 | Alerts sent: 0 | Trade candidates: 4 | Quality out/core/explore/probe: 4/2/2/0 | Opened: 0 | Mode: local | Source: onchain+market | Policy: raw=OK/effective=OK(healthy | route=allow_all) | Regime: GREEN(avg_cand=4.33) | Safety: checked=4 fail_closed=0 reasons=api_code_4029:4 | FiltersTop(session): source_qos_cap:24,score_min:11,safe_age:8,safe_change_5m:4 | Dedup: heavy_skip=0 override=0 | V2Budget: 4/280 | SourceQoS: enabled=1/in=8/out=6/dropped=2/active_cd=0/drops=source_qos_cap:2 | Ingest: q=0/oldest=0.0s/drop_old=0/dedup_skip=0/enq=0/drain=0 | Sources: dex_boosts:ok=1/fail=0/429=0/lim_wait=0/cd_wait=0/err=0.0%/avg=53ms; dexscreener:ok=12/fail=0/429=0/lim_wait=0/cd_wait=0/err=0.0%/avg=45ms; onchain_enrich:ok=10/fail=0/429=0/lim_wait=0/cd_wait=0/err=0.0%/avg=90ms; watchlist_gecko:ok=0/fail=0/429=0/lim_wait=0/cd_wait=0/err=0.0%/avg=0ms | Tasks: 3 | RSS: 0.0MB | CycleAvg: 20.98s
2026-02-27 04:01:11,735 [INFO] [u_station_ab_night_autotune_v2] monitor.onchain_factory: PAIR_DETECTED source=uniswap_v2 dex=uniswap_v2 pair=0x275ba7aaf80f50bcf0ef144511573877bc88a41e token0=0x4200000000000000000000000000000000000006 token1=0x7afa1c214dd68a8618159d22b58ee873f2c49033 block=42685953 factory=0x8909dc15e40173ff4699343b6eb8132c65e18ec6
2026-02-27 04:01:11,928 [INFO] [u_station_ab_night_autotune_v2] monitor.onchain_factory: ENRICH_RETRY token=0xfc57007f65cf37f59c6afe7a1a13d92d5149eb07 pair=0x0af70225573658024b351214fcb0d25f9f2d33ee attempt=1/2 delay=10s
2026-02-27 04:01:12,185 [INFO] [u_station_ab_night_autotune_v2] monitor.onchain_factory: ENRICH_RETRY token=0x7afa1c214dd68a8618159d22b58ee873f2c49033 pair=0x275ba7aaf80f50bcf0ef144511573877bc88a41e attempt=1/2 delay=10s
2026-02-27 04:01:22,253 [INFO] [u_station_ab_night_autotune_v2] __main__: WATCHLIST merged count=6
2026-02-27 04:01:22,253 [INFO] [u_station_ab_night_autotune_v2] trading.v2_runtime: V2_UNIVERSE in=6 dedup=6 out=6 target=6 novel_target=6 novel_out=0 repeat_dropped=0 symbol_dropped=0 surge_in=1 surge_target=1 surge_out=1
2026-02-27 04:01:22,253 [INFO] [u_station_ab_night_autotune_v2] __main__: V2_SOURCE_QOS_FILTER in=6 out=4 drops={'source_qos_cap': 2} caps={'watchlist': 4}
2026-02-27 04:01:22,253 [INFO] [u_station_ab_night_autotune_v2] __main__: FILTER_FAIL token=JUNO reason=source_qos_cap source=watchlist used=4/4
2026-02-27 04:01:22,253 [INFO] [u_station_ab_night_autotune_v2] __main__: FILTER_FAIL token=VIRTUAL reason=source_qos_cap source=watchlist used=4/4
2026-02-27 04:01:22,253 [INFO] [u_station_ab_night_autotune_v2] __main__: FILTER_PASS token=FLOW tier=A score=100 mode=GREEN risk=MEDIUM liq=145445 vol5m=22832
2026-02-27 04:01:22,253 [INFO] [u_station_ab_night_autotune_v2] __main__: FILTER_PASS token=POOPCOIN tier=A score=100 mode=GREEN risk=MEDIUM liq=514847 vol5m=17676
2026-02-27 04:01:22,253 [INFO] [u_station_ab_night_autotune_v2] __main__: FILTER_PASS token=cbBTC tier=A score=100 mode=GREEN risk=MEDIUM liq=22731051 vol5m=105017
2026-02-27 04:01:22,253 [INFO] [u_station_ab_night_autotune_v2] __main__: FILTER_PASS token=AERO tier=A score=75 mode=GREEN risk=MEDIUM liq=1330758 vol5m=900
2026-02-27 04:01:22,253 [INFO] [u_station_ab_night_autotune_v2] __main__: V2_QUALITY_GATE enabled=True regime=GREEN in=4 out=4 core_out=2 explore_out=2 probe_out=0 quota=2 max_symbol_share=0.250 drop={} sources_used={'watchlist': 4}
2026-02-27 04:01:22,253 [INFO] [u_station_ab_night_autotune_v2] __main__: V2_ENTRY_ROUTE enabled=True regime=GREEN in=4 out=4 core_out=2 explore_out=2 quota=2 allow_explore=True
2026-02-27 04:01:22,253 [INFO] [u_station_ab_night_autotune_v2] __main__: MARKET_REGIME mode=GREEN reason=avg_cand=4.00 avg_cand_recent=4.00
2026-02-27 04:01:22,253 [INFO] [u_station_ab_night_autotune_v2] trading.auto_trader: AutoTrade adjust token=cbBTC reason=min_trade_floor size=$0.10->$0.10 min=$0.10
2026-02-27 04:01:22,253 [INFO] [u_station_ab_night_autotune_v2] trading.auto_trader: AutoTrade skip token=cbBTC reason=ev_net_low expected_net=$-0.00457 min=$-0.00232 samples=31 conf=1.00 pwin=0.35 avg_win=$0.0066 avg_loss=$0.0094 kelly=0.000 mem=sparse trades=2<18
2026-02-27 04:01:22,269 [INFO] [u_station_ab_night_autotune_v2] trading.auto_trader: AutoTrade skip token=POOPCOIN reason=blacklist detail=honeypot_guard:honeypot_api_status_404
2026-02-27 04:01:22,269 [INFO] [u_station_ab_night_autotune_v2] trading.auto_trader: AutoTrade skip token=FLOW reason=blacklist detail=honeypot_guard:is_honeypot,flag:high_fail_rate,sell_tax>5.0%(100.0%)
2026-02-27 04:01:22,269 [INFO] [u_station_ab_night_autotune_v2] trading.auto_trader: AutoTrade adjust token=AERO reason=min_trade_floor size=$0.02->$0.10 min=$0.10
2026-02-27 04:01:22,269 [INFO] [u_station_ab_night_autotune_v2] trading.auto_trader: AutoTrade skip token=AERO reason=ev_net_low expected_net=$-0.00987 min=$-0.00232 samples=23 conf=1.00 pwin=0.30 avg_win=$0.0097 avg_loss=$0.0177 kelly=0.000 mem=sparse trades=0<18
2026-02-27 04:01:22,269 [INFO] [u_station_ab_night_autotune_v2] trading.auto_trader: AutoTrade batch mode=top_n candidates=4 eligible=4 selected=4 opened=0 pe=off burst_window=0
2026-02-27 04:01:22,269 [WARNING] [u_station_ab_night_autotune_v2] __main__: ORCHESTRATOR mode=apply profile=harvest target=harvest changed=False reason=hold policy=OK regime=GREEN avg_cand=4.31 avg_opened=0.00 closed_delta=0 wins_delta=0 losses_delta=0 avg_pnl_trade=$0.0000 loss_share=0.00
2026-02-27 04:01:22,269 [INFO] [u_station_ab_night_autotune_v2] __main__: Scanned 6 tokens | High quality: 4 | Alerts sent: 0 | Trade candidates: 4 | Quality out/core/explore/probe: 4/2/2/0 | Opened: 0 | Mode: local | Source: onchain+market | Policy: raw=OK/effective=OK(healthy | route=allow_all) | Regime: GREEN(avg_cand=4.00) | Safety: checked=4 fail_closed=0 reasons=api_code_4029:4 | FiltersTop(session): source_qos_cap:26,score_min:11,safe_age:8,safe_change_5m:4 | Dedup: heavy_skip=0 override=0 | V2Budget: 4/280 | SourceQoS: enabled=1/in=6/out=4/dropped=2/active_cd=0/drops=source_qos_cap:2 | Ingest: q=0/oldest=0.0s/drop_old=0/dedup_skip=0/enq=0/drain=0 | Sources: dex_boosts:ok=1/fail=0/429=0/lim_wait=0/cd_wait=0/err=0.0%/avg=46ms; dexscreener:ok=12/fail=0/429=0/lim_wait=0/cd_wait=0/err=0.0%/avg=42ms; onchain_enrich:ok=8/fail=0/429=0/lim_wait=0/cd_wait=0/err=0.0%/avg=68ms; watchlist_gecko:ok=0/fail=0/429=0/lim_wait=0/cd_wait=0/err=0.0%/avg=0ms | Tasks: 3 | RSS: 0.0MB | CycleAvg: 20.14s
2026-02-27 04:01:26,572 [INFO] [u_station_ab_night_autotune_v2] monitor.onchain_factory: PAIR_DETECTED source=uniswap_v2 dex=uniswap_v2 pair=0xda00321e50919d33dae960bb58a62334c42ae602 token0=0x01ae79b90c02cc4b2f8803ce1413c2c4045f963c token1=0x4200000000000000000000000000000000000006 block=42685962 factory=0x8909dc15e40173ff4699343b6eb8132c65e18ec6
2026-02-27 04:01:26,573 [INFO] [u_station_ab_night_autotune_v2] monitor.onchain_factory: PAIR_DETECTED source=uniswap_v2 dex=uniswap_v2 pair=0x92a414cda3377c2c1c2658fd5e82c857894673bb token0=0x4200000000000000000000000000000000000006 token1=0x5a329e8caf685a736e58f55b4f5c0aa8f04afefa block=42685963 factory=0x8909dc15e40173ff4699343b6eb8132c65e18ec6
2026-02-27 04:01:26,837 [INFO] [u_station_ab_night_autotune_v2] monitor.onchain_factory: ENRICH_RETRY token=0xfc57007f65cf37f59c6afe7a1a13d92d5149eb07 pair=0x0af70225573658024b351214fcb0d25f9f2d33ee attempt=1/2 delay=10s
2026-02-27 04:01:26,837 [INFO] [u_station_ab_night_autotune_v2] monitor.onchain_factory: ENRICH_RETRY token=0x7afa1c214dd68a8618159d22b58ee873f2c49033 pair=0x275ba7aaf80f50bcf0ef144511573877bc88a41e attempt=1/2 delay=10s
2026-02-27 04:01:27,003 [INFO] [u_station_ab_night_autotune_v2] monitor.onchain_factory: ENRICH_RETRY token=0x5a329e8caf685a736e58f55b4f5c0aa8f04afefa pair=0x92a414cda3377c2c1c2658fd5e82c857894673bb attempt=1/2 delay=10s
2026-02-27 04:01:27,003 [INFO] [u_station_ab_night_autotune_v2] monitor.onchain_factory: ENRICH_RETRY token=0x01ae79b90c02cc4b2f8803ce1413c2c4045f963c pair=0xda00321e50919d33dae960bb58a62334c42ae602 attempt=1/2 delay=10s
2026-02-27 04:01:37,073 [INFO] [u_station_ab_night_autotune_v2] __main__: WATCHLIST merged count=6
2026-02-27 04:01:37,073 [INFO] [u_station_ab_night_autotune_v2] trading.v2_runtime: V2_UNIVERSE in=7 dedup=7 out=7 target=7 novel_target=6 novel_out=1 repeat_dropped=0 symbol_dropped=0 surge_in=1 surge_target=1 surge_out=1
2026-02-27 04:01:37,073 [INFO] [u_station_ab_night_autotune_v2] __main__: V2_SOURCE_QOS_FILTER in=7 out=5 drops={'source_qos_cap': 2} caps={'watchlist': 4, 'unknown': 0}
2026-02-27 04:01:37,073 [INFO] [u_station_ab_night_autotune_v2] __main__: FILTER_FAIL token=JUNO reason=source_qos_cap source=watchlist used=4/4
2026-02-27 04:01:37,088 [INFO] [u_station_ab_night_autotune_v2] __main__: FILTER_FAIL token=VIRTUAL reason=source_qos_cap source=watchlist used=4/4
2026-02-27 04:01:37,088 [INFO] [u_station_ab_night_autotune_v2] __main__: FILTER_PASS token=FLOW tier=A score=100 mode=GREEN risk=MEDIUM liq=145445 vol5m=22832
2026-02-27 04:01:37,088 [INFO] [u_station_ab_night_autotune_v2] __main__: FILTER_PASS token=POOPCOIN tier=A score=100 mode=GREEN risk=MEDIUM liq=514847 vol5m=17676
2026-02-27 04:01:37,088 [INFO] [u_station_ab_night_autotune_v2] __main__: FILTER_PASS token=cbBTC tier=A score=100 mode=GREEN risk=MEDIUM liq=22731051 vol5m=105017
2026-02-27 04:01:37,088 [INFO] [u_station_ab_night_autotune_v2] __main__: FILTER_FAIL token=ROBOTHEISM reason=score_min score=40 strict_min=48 soft_min=48 mode=GREEN
2026-02-27 04:01:37,088 [INFO] [u_station_ab_night_autotune_v2] __main__: FILTER_PASS token=AERO tier=A score=75 mode=GREEN risk=MEDIUM liq=1330758 vol5m=900
2026-02-27 04:01:37,088 [INFO] [u_station_ab_night_autotune_v2] __main__: V2_QUALITY_GATE enabled=True regime=GREEN in=4 out=4 core_out=2 explore_out=2 probe_out=0 quota=2 max_symbol_share=0.250 drop={} sources_used={'watchlist': 4}
2026-02-27 04:01:37,088 [INFO] [u_station_ab_night_autotune_v2] __main__: V2_ENTRY_ROUTE enabled=True regime=GREEN in=4 out=4 core_out=2 explore_out=2 quota=2 allow_explore=True
2026-02-27 04:01:37,088 [INFO] [u_station_ab_night_autotune_v2] __main__: MARKET_REGIME mode=GREEN reason=avg_cand=4.00 avg_cand_recent=4.00
2026-02-27 04:01:37,088 [INFO] [u_station_ab_night_autotune_v2] trading.auto_trader: AutoTrade adjust token=cbBTC reason=min_trade_floor size=$0.10->$0.10 min=$0.10
2026-02-27 04:01:37,088 [INFO] [u_station_ab_night_autotune_v2] trading.auto_trader: AutoTrade skip token=cbBTC reason=ev_net_low expected_net=$-0.00457 min=$-0.00232 samples=31 conf=1.00 pwin=0.35 avg_win=$0.0066 avg_loss=$0.0094 kelly=0.000 mem=sparse trades=2<18
2026-02-27 04:01:37,088 [INFO] [u_station_ab_night_autotune_v2] trading.auto_trader: AutoTrade skip token=POOPCOIN reason=blacklist detail=honeypot_guard:honeypot_api_status_404
2026-02-27 04:01:37,088 [INFO] [u_station_ab_night_autotune_v2] trading.auto_trader: AutoTrade skip token=FLOW reason=blacklist detail=honeypot_guard:is_honeypot,flag:high_fail_rate,sell_tax>5.0%(100.0%)
2026-02-27 04:01:37,088 [INFO] [u_station_ab_night_autotune_v2] trading.auto_trader: AutoTrade adjust token=AERO reason=min_trade_floor size=$0.02->$0.10 min=$0.10
2026-02-27 04:01:37,088 [INFO] [u_station_ab_night_autotune_v2] trading.auto_trader: AutoTrade skip token=AERO reason=ev_net_low expected_net=$-0.00987 min=$-0.00232 samples=23 conf=1.00 pwin=0.30 avg_win=$0.0097 avg_loss=$0.0177 kelly=0.000 mem=sparse trades=0<18
2026-02-27 04:01:37,088 [INFO] [u_station_ab_night_autotune_v2] trading.auto_trader: AutoTrade batch mode=top_n candidates=4 eligible=4 selected=4 opened=0 pe=off burst_window=0
2026-02-27 04:01:37,103 [INFO] [u_station_ab_night_autotune_v2] __main__: Scanned 7 tokens | High quality: 4 | Alerts sent: 0 | Trade candidates: 4 | Quality out/core/explore/probe: 4/2/2/0 | Opened: 0 | Mode: local | Source: onchain+market | Policy: raw=OK/effective=OK(healthy | route=allow_all) | Regime: GREEN(avg_cand=4.00) | Safety: checked=4 fail_closed=0 reasons=api_code_4029:4 | FiltersTop(session): source_qos_cap:28,score_min:12,safe_age:8,safe_change_5m:4 | Dedup: heavy_skip=0 override=0 | V2Budget: 4/280 | SourceQoS: enabled=1/in=7/out=5/dropped=2/active_cd=0/drops=source_qos_cap:2 | Ingest: q=0/oldest=0.0s/drop_old=0/dedup_skip=0/enq=0/drain=0 | Sources: dex_boosts:ok=1/fail=0/429=0/lim_wait=0/cd_wait=0/err=0.0%/avg=48ms; dexscreener:ok=12/fail=0/429=0/lim_wait=0/cd_wait=0/err=0.0%/avg=246ms; geckoterminal:ok=1/fail=0/429=0/lim_wait=0/cd_wait=0/err=0.0%/avg=245ms; onchain_enrich:ok=15/fail=0/429=0/lim_wait=0/cd_wait=0/err=0.0%/avg=84ms; watchlist_gecko:ok=0/fail=0/429=0/lim_wait=0/cd_wait=0/err=0.0%/avg=0ms | Tasks: 3 | RSS: 0.0MB | CycleAvg: 19.42s
2026-02-27 04:01:41,390 [INFO] [u_station_ab_night_autotune_v2] monitor.onchain_factory: PAIR_DETECTED source=uniswap_v2 dex=uniswap_v2 pair=0xd59cb773b4264ad85ad0a39448b871b9e6a02fa2 token0=0x4200000000000000000000000000000000000006 token1=0xae264f06ccf32f76468dc5ef9f5bf7755d5a5b53 block=42685970 factory=0x8909dc15e40173ff4699343b6eb8132c65e18ec6
2026-02-27 04:01:41,392 [INFO] [u_station_ab_night_autotune_v2] monitor.onchain_factory: PAIR_DETECTED source=uniswap_v2 dex=uniswap_v2 pair=0x3af4ac6b7c54de4a78cb3a326f81a1b07c8d062e token0=0x4200000000000000000000000000000000000006 token1=0x82ceb7be15891b90d7e9a325834c33c8663caba3 block=42685973 factory=0x8909dc15e40173ff4699343b6eb8132c65e18ec6
2026-02-27 04:01:41,603 [INFO] [u_station_ab_night_autotune_v2] monitor.onchain_factory: ENRICH_RETRY token=0x7afa1c214dd68a8618159d22b58ee873f2c49033 pair=0x275ba7aaf80f50bcf0ef144511573877bc88a41e attempt=1/2 delay=10s
2026-02-27 04:01:41,603 [INFO] [u_station_ab_night_autotune_v2] monitor.onchain_factory: ENRICH_RETRY token=0x01ae79b90c02cc4b2f8803ce1413c2c4045f963c pair=0xda00321e50919d33dae960bb58a62334c42ae602 attempt=1/2 delay=10s
2026-02-27 04:01:41,659 [INFO] [u_station_ab_night_autotune_v2] monitor.onchain_factory: ENRICH_RETRY token=0x5a329e8caf685a736e58f55b4f5c0aa8f04afefa pair=0x92a414cda3377c2c1c2658fd5e82c857894673bb attempt=1/2 delay=10s
2026-02-27 04:01:41,835 [INFO] [u_station_ab_night_autotune_v2] monitor.onchain_factory: ENRICH_RETRY token=0x82ceb7be15891b90d7e9a325834c33c8663caba3 pair=0x3af4ac6b7c54de4a78cb3a326f81a1b07c8d062e attempt=1/2 delay=10s
2026-02-27 04:01:42,021 [INFO] [u_station_ab_night_autotune_v2] monitor.onchain_factory: ENRICH_RETRY token=0xae264f06ccf32f76468dc5ef9f5bf7755d5a5b53 pair=0xd59cb773b4264ad85ad0a39448b871b9e6a02fa2 attempt=1/2 delay=10s
2026-02-27 04:01:52,106 [INFO] [u_station_ab_night_autotune_v2] __main__: WATCHLIST merged count=6
2026-02-27 04:01:52,106 [INFO] [u_station_ab_night_autotune_v2] trading.v2_runtime: V2_UNIVERSE in=8 dedup=8 out=8 target=8 novel_target=7 novel_out=2 repeat_dropped=0 symbol_dropped=0 surge_in=1 surge_target=1 surge_out=1
2026-02-27 04:01:52,106 [INFO] [u_station_ab_night_autotune_v2] __main__: V2_SOURCE_QOS_FILTER in=8 out=6 drops={'source_qos_cap': 2} caps={'watchlist': 4, 'unknown': 0}
2026-02-27 04:01:52,106 [INFO] [u_station_ab_night_autotune_v2] __main__: FILTER_FAIL token=JUNO reason=source_qos_cap source=watchlist used=4/4
2026-02-27 04:01:52,106 [INFO] [u_station_ab_night_autotune_v2] __main__: FILTER_FAIL token=VIRTUAL reason=source_qos_cap source=watchlist used=4/4
2026-02-27 04:01:52,106 [INFO] [u_station_ab_night_autotune_v2] __main__: FILTER_PASS token=FLOW tier=A score=100 mode=GREEN risk=MEDIUM liq=145445 vol5m=22832
2026-02-27 04:01:52,106 [INFO] [u_station_ab_night_autotune_v2] __main__: FILTER_PASS token=POOPCOIN tier=A score=100 mode=GREEN risk=MEDIUM liq=514847 vol5m=17676
2026-02-27 04:01:52,106 [INFO] [u_station_ab_night_autotune_v2] __main__: FILTER_PASS token=cbBTC tier=A score=100 mode=GREEN risk=MEDIUM liq=22731051 vol5m=105017
2026-02-27 04:01:52,106 [INFO] [u_station_ab_night_autotune_v2] __main__: FILTER_PASS token=AERO tier=A score=75 mode=GREEN risk=MEDIUM liq=1330758 vol5m=900
2026-02-27 04:01:52,106 [INFO] [u_station_ab_night_autotune_v2] __main__: FILTER_FAIL token=SHEKEL reason=score_min score=30 strict_min=48 soft_min=48 mode=GREEN
2026-02-27 04:01:52,106 [INFO] [u_station_ab_night_autotune_v2] __main__: FILTER_FAIL token=CHARLES reason=safe_volume vol5m=0 min=5 regime=GREEN
2026-02-27 04:01:52,106 [INFO] [u_station_ab_night_autotune_v2] __main__: V2_QUALITY_GATE enabled=True regime=GREEN in=4 out=4 core_out=2 explore_out=2 probe_out=0 quota=2 max_symbol_share=0.250 drop={} sources_used={'watchlist': 4}
2026-02-27 04:01:52,106 [INFO] [u_station_ab_night_autotune_v2] __main__: V2_ENTRY_ROUTE enabled=True regime=GREEN in=4 out=4 core_out=2 explore_out=2 quota=2 allow_explore=True
2026-02-27 04:01:52,106 [INFO] [u_station_ab_night_autotune_v2] __main__: MARKET_REGIME mode=GREEN reason=avg_cand=4.00 avg_cand_recent=4.00
2026-02-27 04:01:52,106 [INFO] [u_station_ab_night_autotune_v2] trading.auto_trader: AutoTrade adjust token=cbBTC reason=min_trade_floor size=$0.10->$0.10 min=$0.10
2026-02-27 04:01:52,122 [INFO] [u_station_ab_night_autotune_v2] trading.auto_trader: AutoTrade skip token=cbBTC reason=ev_net_low expected_net=$-0.00457 min=$-0.00232 samples=31 conf=1.00 pwin=0.35 avg_win=$0.0066 avg_loss=$0.0094 kelly=0.000 mem=sparse trades=2<18
2026-02-27 04:01:52,122 [INFO] [u_station_ab_night_autotune_v2] trading.auto_trader: AutoTrade skip token=POOPCOIN reason=blacklist detail=honeypot_guard:honeypot_api_status_404
2026-02-27 04:01:52,122 [INFO] [u_station_ab_night_autotune_v2] trading.auto_trader: AutoTrade skip token=FLOW reason=blacklist detail=honeypot_guard:is_honeypot,flag:high_fail_rate,sell_tax>5.0%(100.0%)
2026-02-27 04:01:52,122 [INFO] [u_station_ab_night_autotune_v2] trading.auto_trader: AutoTrade adjust token=AERO reason=min_trade_floor size=$0.02->$0.10 min=$0.10
2026-02-27 04:01:52,122 [INFO] [u_station_ab_night_autotune_v2] trading.auto_trader: AutoTrade skip token=AERO reason=ev_net_low expected_net=$-0.00987 min=$-0.00232 samples=23 conf=1.00 pwin=0.30 avg_win=$0.0097 avg_loss=$0.0177 kelly=0.000 mem=sparse trades=0<18
2026-02-27 04:01:52,122 [INFO] [u_station_ab_night_autotune_v2] trading.auto_trader: AutoTrade batch mode=top_n candidates=4 eligible=4 selected=4 opened=0 pe=off burst_window=0
2026-02-27 04:01:52,122 [INFO] [u_station_ab_night_autotune_v2] __main__: Scanned 8 tokens | High quality: 4 | Alerts sent: 0 | Trade candidates: 4 | Quality out/core/explore/probe: 4/2/2/0 | Opened: 0 | Mode: local | Source: onchain+market | Policy: raw=OK/effective=OK(healthy | route=allow_all) | Regime: GREEN(avg_cand=4.00) | Safety: checked=4 fail_closed=0 reasons=api_code_4029:4 | FiltersTop(session): source_qos_cap:30,score_min:13,safe_age:8,safe_change_5m:4 | Dedup: heavy_skip=0 override=0 | V2Budget: 4/280 | SourceQoS: enabled=1/in=8/out=6/dropped=2/active_cd=0/drops=source_qos_cap:2 | Ingest: q=0/oldest=0.0s/drop_old=0/dedup_skip=0/enq=0/drain=0 | Sources: dex_boosts:ok=1/fail=0/429=0/lim_wait=0/cd_wait=0/err=0.0%/avg=40ms; dexscreener:ok=12/fail=0/429=0/lim_wait=0/cd_wait=0/err=0.0%/avg=37ms; onchain_enrich:ok=19/fail=0/429=0/lim_wait=0/cd_wait=0/err=0.0%/avg=79ms; watchlist_gecko:ok=0/fail=0/429=0/lim_wait=0/cd_wait=0/err=0.0%/avg=0ms | Tasks: 3 | RSS: 0.0MB | CycleAvg: 18.81s
2026-02-27 04:01:56,413 [INFO] [u_station_ab_night_autotune_v2] monitor.onchain_factory: PAIR_DETECTED source=uniswap_v2 dex=uniswap_v2 pair=0xb7b6d823f0ee55583d7afe8d34e02264555305f2 token0=0x1ac8f85c9b36ac33cb4bf99446f989414c0cf825 token1=0x4200000000000000000000000000000000000006 block=42685980 factory=0x8909dc15e40173ff4699343b6eb8132c65e18ec6
2026-02-27 04:01:56,603 [INFO] [u_station_ab_night_autotune_v2] monitor.onchain_factory: ENRICH_RETRY token=0x82ceb7be15891b90d7e9a325834c33c8663caba3 pair=0x3af4ac6b7c54de4a78cb3a326f81a1b07c8d062e attempt=1/2 delay=10s
2026-02-27 04:01:56,625 [INFO] [u_station_ab_night_autotune_v2] monitor.onchain_factory: ENRICH_RETRY token=0xae264f06ccf32f76468dc5ef9f5bf7755d5a5b53 pair=0xd59cb773b4264ad85ad0a39448b871b9e6a02fa2 attempt=1/2 delay=10s
2026-02-27 04:01:56,631 [INFO] [u_station_ab_night_autotune_v2] monitor.onchain_factory: ENRICH_RETRY token=0x5a329e8caf685a736e58f55b4f5c0aa8f04afefa pair=0x92a414cda3377c2c1c2658fd5e82c857894673bb attempt=1/2 delay=10s
2026-02-27 04:01:57,251 [INFO] [u_station_ab_night_autotune_v2] monitor.onchain_factory: ENRICH_RETRY token=0x1ac8f85c9b36ac33cb4bf99446f989414c0cf825 pair=0xb7b6d823f0ee55583d7afe8d34e02264555305f2 attempt=1/2 delay=10s
2026-02-27 04:02:07,303 [INFO] [u_station_ab_night_autotune_v2] __main__: WATCHLIST merged count=6
2026-02-27 04:02:07,303 [INFO] [u_station_ab_night_autotune_v2] trading.v2_runtime: V2_UNIVERSE in=7 dedup=7 out=7 target=7 novel_target=6 novel_out=1 repeat_dropped=0 symbol_dropped=0 surge_in=1 surge_target=1 surge_out=1
2026-02-27 04:02:07,303 [INFO] [u_station_ab_night_autotune_v2] __main__: V2_SOURCE_QOS_FILTER in=7 out=5 drops={'source_qos_cap': 2} caps={'watchlist': 4, 'unknown': 0}
2026-02-27 04:02:07,303 [INFO] [u_station_ab_night_autotune_v2] __main__: FILTER_FAIL token=JUNO reason=source_qos_cap source=watchlist used=4/4
2026-02-27 04:02:07,303 [INFO] [u_station_ab_night_autotune_v2] __main__: FILTER_FAIL token=VIRTUAL reason=source_qos_cap source=watchlist used=4/4
2026-02-27 04:02:07,303 [INFO] [u_station_ab_night_autotune_v2] __main__: FILTER_PASS token=FLOW tier=A score=100 mode=GREEN risk=MEDIUM liq=145445 vol5m=22832
2026-02-27 04:02:07,318 [INFO] [u_station_ab_night_autotune_v2] __main__: FILTER_PASS token=POOPCOIN tier=A score=100 mode=GREEN risk=MEDIUM liq=514847 vol5m=17676
2026-02-27 04:02:07,318 [INFO] [u_station_ab_night_autotune_v2] __main__: FILTER_PASS token=cbBTC tier=A score=100 mode=GREEN risk=MEDIUM liq=22731051 vol5m=105017
2026-02-27 04:02:07,318 [INFO] [u_station_ab_night_autotune_v2] __main__: FILTER_PASS token=AERO tier=A score=75 mode=GREEN risk=MEDIUM liq=1330758 vol5m=900
2026-02-27 04:02:07,325 [INFO] [u_station_ab_night_autotune_v2] __main__: FILTER_FAIL token=UNV reason=score_min score=30 strict_min=48 soft_min=48 mode=GREEN
2026-02-27 04:02:07,325 [INFO] [u_station_ab_night_autotune_v2] __main__: V2_QUALITY_GATE enabled=True regime=GREEN in=4 out=4 core_out=2 explore_out=2 probe_out=0 quota=2 max_symbol_share=0.250 drop={} sources_used={'watchlist': 4}
2026-02-27 04:02:07,325 [INFO] [u_station_ab_night_autotune_v2] __main__: V2_ENTRY_ROUTE enabled=True regime=GREEN in=4 out=4 core_out=2 explore_out=2 quota=2 allow_explore=True
2026-02-27 04:02:07,325 [INFO] [u_station_ab_night_autotune_v2] __main__: MARKET_REGIME mode=GREEN reason=avg_cand=4.00 avg_cand_recent=4.00
2026-02-27 04:02:07,325 [INFO] [u_station_ab_night_autotune_v2] trading.auto_trader: AutoTrade adjust token=cbBTC reason=min_trade_floor size=$0.10->$0.10 min=$0.10
2026-02-27 04:02:07,325 [INFO] [u_station_ab_night_autotune_v2] trading.auto_trader: AutoTrade skip token=cbBTC reason=ev_net_low expected_net=$-0.00457 min=$-0.00232 samples=31 conf=1.00 pwin=0.35 avg_win=$0.0066 avg_loss=$0.0094 kelly=0.000 mem=sparse trades=2<18
2026-02-27 04:02:07,325 [INFO] [u_station_ab_night_autotune_v2] trading.auto_trader: AutoTrade skip token=POOPCOIN reason=blacklist detail=honeypot_guard:honeypot_api_status_404
2026-02-27 04:02:07,325 [INFO] [u_station_ab_night_autotune_v2] trading.auto_trader: AutoTrade skip token=FLOW reason=blacklist detail=honeypot_guard:is_honeypot,flag:high_fail_rate,sell_tax>5.0%(100.0%)
2026-02-27 04:02:07,325 [INFO] [u_station_ab_night_autotune_v2] trading.auto_trader: AutoTrade adjust token=AERO reason=min_trade_floor size=$0.02->$0.10 min=$0.10
2026-02-27 04:02:07,325 [INFO] [u_station_ab_night_autotune_v2] trading.auto_trader: AutoTrade skip token=AERO reason=ev_net_low expected_net=$-0.00987 min=$-0.00232 samples=23 conf=1.00 pwin=0.30 avg_win=$0.0097 avg_loss=$0.0177 kelly=0.000 mem=sparse trades=0<18
2026-02-27 04:02:07,325 [INFO] [u_station_ab_night_autotune_v2] trading.auto_trader: AutoTrade batch mode=top_n candidates=4 eligible=4 selected=4 opened=0 pe=off burst_window=0
2026-02-27 04:02:07,325 [INFO] [u_station_ab_night_autotune_v2] trading.auto_trader: PAPER_SUMMARY window=60s closed_delta=0 wins_delta=0 losses_delta=0 realized_delta=$0.00 total_closed=62 winrate_total=46.8% realized_total=$0.20 balance=$7.20 equity=$7.20 open=0
2026-02-27 04:02:07,325 [INFO] [u_station_ab_night_autotune_v2] __main__: Scanned 7 tokens | High quality: 4 | Alerts sent: 0 | Trade candidates: 4 | Quality out/core/explore/probe: 4/2/2/0 | Opened: 0 | Mode: local | Source: onchain+market | Policy: raw=OK/effective=OK(healthy | route=allow_all) | Regime: GREEN(avg_cand=4.00) | Safety: checked=4 fail_closed=0 reasons=api_code_4029:4 | FiltersTop(session): source_qos_cap:32,score_min:14,safe_age:8,safe_change_5m:4 | Dedup: heavy_skip=0 override=0 | V2Budget: 4/280 | SourceQoS: enabled=1/in=7/out=5/dropped=2/active_cd=0/drops=source_qos_cap:2 | Ingest: q=0/oldest=0.0s/drop_old=0/dedup_skip=0/enq=0/drain=0 | Sources: dex_boosts:ok=1/fail=0/429=0/lim_wait=0/cd_wait=0/err=0.0%/avg=36ms; dexscreener:ok=12/fail=0/429=0/lim_wait=0/cd_wait=0/err=0.0%/avg=41ms; onchain_enrich:ok=15/fail=0/429=0/lim_wait=0/cd_wait=0/err=0.0%/avg=79ms; onchain_weth_price:ok=2/fail=0/429=0/lim_wait=0/cd_wait=0/err=0.0%/avg=50ms; watchlist_gecko:ok=0/fail=0/429=0/lim_wait=0/cd_wait=0/err=0.0%/avg=0ms | Tasks: 3 | RSS: 0.0MB | CycleAvg: 18.29s
2026-02-27 04:02:11,348 [WARNING] [u_station_ab_night_autotune_v2] __main__: GRACEFUL_STOP requested path=D:\earnforme\solana-alert-bot\data\graceful_stop.u_station_ab_night_autotune_v2.signal
2026-02-27 04:02:11,383 [INFO] [u_station_ab_night_autotune_v2] trading.auto_trader: AUTOTRADER_SHUTDOWN reason=main_local_shutdown open=0 closed=62
