2026-02-27 03:43:29,932 [INFO] [u_station_ab_night_autotune_v2] __main__: SESSION_LOG file=logs/matrix/u_station_ab_night_autotune_v2\sessions\main_local_20260227_024329_pid12380.log
2026-02-27 03:43:29,958 [INFO] [u_station_ab_night_autotune_v2] trading.auto_trader_state: AutoTrade state loaded open=0 closed=61 balance=$7.18
2026-02-27 03:43:29,960 [WARNING] [u_station_ab_night_autotune_v2] trading.auto_trader: DATA_POLICY mode=OK reason=init_reset_manual prev_mode=OK prev_reason=healthy | route=allow_all
2026-02-27 03:43:29,960 [INFO] [u_station_ab_night_autotune_v2] __main__: AUTOTRADER_INIT state=ready reason=manual mode=paper
2026-02-27 03:43:29,960 [INFO] [u_station_ab_night_autotune_v2] __main__: Local mode started (Telegram disabled).
2026-02-27 03:43:30,392 [INFO] [u_station_ab_night_autotune_v2] monitor.onchain_factory: PAIR_DETECTED source=uniswap_v2 dex=uniswap_v2 pair=0xd971cc98f005ea97840c22336371bb1b300a6480 token0=0x4200000000000000000000000000000000000006 token1=0x99ab23811aa2f89ba08130a252d8bb4b1dd2f7dd block=42685420 factory=0x8909dc15e40173ff4699343b6eb8132c65e18ec6
2026-02-27 03:43:30,924 [INFO] [u_station_ab_night_autotune_v2] monitor.onchain_factory: ENRICH_RETRY token=0x99ab23811aa2f89ba08130a252d8bb4b1dd2f7dd pair=0xd971cc98f005ea97840c22336371bb1b300a6480 attempt=1/2 delay=10s
2026-02-27 03:43:42,553 [INFO] [u_station_ab_night_autotune_v2] __main__: WATCHLIST merged count=4
2026-02-27 03:43:42,555 [INFO] [u_station_ab_night_autotune_v2] trading.v2_runtime: V2_UNIVERSE in=10 dedup=10 out=10 target=10 novel_target=9 novel_out=10 repeat_dropped=0 symbol_dropped=0 surge_in=2 surge_target=2 surge_out=2
2026-02-27 03:43:42,555 [INFO] [u_station_ab_night_autotune_v2] __main__: V2_SOURCE_QOS_FILTER in=10 out=8 drops={'source_qos_cap': 2} caps={'watchlist': 2, 'geckoterminal': 287}
2026-02-27 03:43:42,555 [INFO] [u_station_ab_night_autotune_v2] __main__: FILTER_FAIL token=VIRTUAL reason=source_qos_cap source=watchlist used=2/2
2026-02-27 03:43:42,555 [INFO] [u_station_ab_night_autotune_v2] __main__: FILTER_FAIL token=AERO reason=source_qos_cap source=watchlist used=2/2
2026-02-27 03:43:42,555 [INFO] [u_station_ab_night_autotune_v2] __main__: FILTER_FAIL token=WiseOldMan reason=safe_age
2026-02-27 03:43:42,555 [INFO] [u_station_ab_night_autotune_v2] __main__: FILTER_FAIL token=FLTI reason=safe_age
2026-02-27 03:43:42,555 [INFO] [u_station_ab_night_autotune_v2] __main__: FILTER_PASS token=POOPCOIN tier=A score=100 mode=YELLOW risk=MEDIUM liq=453568 vol5m=10590
2026-02-27 03:43:42,555 [INFO] [u_station_ab_night_autotune_v2] __main__: FILTER_PASS token=cbBTC tier=A score=100 mode=YELLOW risk=MEDIUM liq=21034306 vol5m=52997
2026-02-27 03:43:42,555 [INFO] [u_station_ab_night_autotune_v2] __main__: FILTER_FAIL token=GRANDMA reason=safe_contract
2026-02-27 03:43:42,555 [INFO] [u_station_ab_night_autotune_v2] __main__: FILTER_FAIL token=CHARMS reason=score_min score=30 strict_min=48 soft_min=48 mode=YELLOW
2026-02-27 03:43:42,571 [INFO] [u_station_ab_night_autotune_v2] __main__: FILTER_FAIL token=KINETI reason=safe_volume vol5m=0 min=6 regime=YELLOW
2026-02-27 03:43:42,572 [INFO] [u_station_ab_night_autotune_v2] __main__: FILTER_FAIL token=ToruCeoAI reason=safe_volume vol5m=0 min=6 regime=YELLOW
2026-02-27 03:43:42,573 [INFO] [u_station_ab_night_autotune_v2] trading.v2_runtime: V2_QUALITY_ROTATE symbols_core=1 symbols_cooldown=0 sources=1 top_core=JUNO:0.0126/12 top_cooldown=-
2026-02-27 03:43:42,574 [INFO] [u_station_ab_night_autotune_v2] __main__: V2_QUALITY_GATE enabled=True regime=YELLOW in=2 out=2 core_out=1 explore_out=1 probe_out=0 quota=1 max_symbol_share=0.500 drop={} sources_used={'watchlist': 2}
2026-02-27 03:43:42,574 [INFO] [u_station_ab_night_autotune_v2] __main__: V2_ENTRY_ROUTE enabled=True regime=YELLOW in=2 out=2 core_out=1 explore_out=1 quota=1 allow_explore=True
2026-02-27 03:43:42,575 [WARNING] [u_station_ab_night_autotune_v2] trading.auto_trader: DATA_POLICY mode=OK reason=healthy | route=allow_all prev_mode=OK prev_reason=init_reset_manual
2026-02-27 03:43:42,575 [INFO] [u_station_ab_night_autotune_v2] __main__: MARKET_REGIME mode=YELLOW reason=avg_cand=2.00 avg_cand_recent=2.00
2026-02-27 03:43:42,576 [INFO] [u_station_ab_night_autotune_v2] trading.auto_trader: AutoTrade skip token=cbBTC reason=cooldown_left_292s
2026-02-27 03:43:42,577 [INFO] [u_station_ab_night_autotune_v2] trading.auto_trader: AutoTrade skip token=POOPCOIN reason=blacklist detail=honeypot_guard:honeypot_api_status_404
2026-02-27 03:43:42,578 [INFO] [u_station_ab_night_autotune_v2] trading.auto_trader: AutoTrade batch mode=top_n candidates=2 eligible=2 selected=2 opened=0 pe=off burst_window=0
2026-02-27 03:43:42,579 [INFO] [u_station_ab_night_autotune_v2] __main__: FILTER_THRESHOLDS safe_volume_5m_min=$5 safe_liquidity_min=$8000 safe_age_min=240s score_min=48 edge_min=0.05% lock_floor=0.95 no_momentum_max_pnl=0.25 weakness_pnl=-2.60
2026-02-27 03:43:42,579 [INFO] [u_station_ab_night_autotune_v2] __main__: Scanned 10 tokens | High quality: 3 | Alerts sent: 0 | Trade candidates: 2 | Quality out/core/explore/probe: 2/1/1/0 | Opened: 0 | Mode: local | Source: onchain+market | Policy: raw=OK/effective=OK(healthy | route=allow_all) | Regime: YELLOW(avg_cand=2.00) | Safety: checked=3 fail_closed=0 reasons=api_code_4029:3 | FiltersTop(session): source_qos_cap:2,safe_age:2,safe_volume:2,safe_contract:1 | Dedup: heavy_skip=0 override=0 | V2Budget: 3/280 | SourceQoS: enabled=1/in=10/out=8/dropped=2/active_cd=0/drops=source_qos_cap:2 | Ingest: q=0/oldest=0.0s/drop_old=0/dedup_skip=0/enq=6/drain=6 | Sources: dex_boosts:ok=1/fail=0/429=0/lim_wait=0/cd_wait=0/err=0.0%/avg=96ms; dexscreener:ok=12/fail=0/429=0/lim_wait=0/cd_wait=0/err=0.0%/avg=281ms; geckoterminal:ok=2/fail=0/429=0/lim_wait=0/cd_wait=0/err=0.0%/avg=430ms; onchain_enrich:ok=4/fail=0/429=0/lim_wait=0/cd_wait=0/err=0.0%/avg=109ms; onchain_weth_price:ok=1/fail=0/429=0/lim_wait=0/cd_wait=0/err=0.0%/avg=46ms; watchlist_dex:ok=10/fail=0/429=0/lim_wait=0/cd_wait=0/err=0.0%/avg=93ms; watchlist_gecko:ok=6/fail=0/429=0/lim_wait=0/cd_wait=0/err=0.0%/avg=577ms | Tasks: 3 | RSS: 0.0MB | CycleAvg: 0.00s
2026-02-27 03:43:47,053 [INFO] [u_station_ab_night_autotune_v2] monitor.onchain_factory: ENRICH_RETRY token=0x99ab23811aa2f89ba08130a252d8bb4b1dd2f7dd pair=0xd971cc98f005ea97840c22336371bb1b300a6480 attempt=1/2 delay=10s
2026-02-27 03:43:57,135 [INFO] [u_station_ab_night_autotune_v2] __main__: WATCHLIST merged count=4
2026-02-27 03:43:57,135 [INFO] [u_station_ab_night_autotune_v2] trading.v2_runtime: V2_UNIVERSE in=4 dedup=4 out=4 target=4 novel_target=4 novel_out=0 repeat_dropped=0 symbol_dropped=0 surge_in=0 surge_target=0 surge_out=0
2026-02-27 03:43:57,135 [INFO] [u_station_ab_night_autotune_v2] __main__: V2_SOURCE_QOS_FILTER in=4 out=3 drops={'source_qos_cap': 1} caps={'watchlist': 3}
2026-02-27 03:43:57,135 [INFO] [u_station_ab_night_autotune_v2] __main__: FILTER_FAIL token=AERO reason=source_qos_cap source=watchlist used=3/3
2026-02-27 03:43:57,135 [INFO] [u_station_ab_night_autotune_v2] __main__: FILTER_PASS token=POOPCOIN tier=A score=100 mode=YELLOW risk=MEDIUM liq=453568 vol5m=10590
2026-02-27 03:43:57,135 [INFO] [u_station_ab_night_autotune_v2] __main__: FILTER_PASS token=cbBTC tier=A score=100 mode=YELLOW risk=MEDIUM liq=21034306 vol5m=52997
2026-02-27 03:43:57,135 [INFO] [u_station_ab_night_autotune_v2] __main__: FILTER_PASS token=VIRTUAL tier=A score=75 mode=YELLOW risk=MEDIUM liq=7378362 vol5m=79
2026-02-27 03:43:57,135 [INFO] [u_station_ab_night_autotune_v2] __main__: V2_QUALITY_GATE enabled=True regime=YELLOW in=3 out=3 core_out=1 explore_out=2 probe_out=0 quota=2 max_symbol_share=0.333 drop={} sources_used={'watchlist': 3}
2026-02-27 03:43:57,135 [INFO] [u_station_ab_night_autotune_v2] __main__: V2_ENTRY_ROUTE enabled=True regime=YELLOW in=3 out=2 core_out=1 explore_out=1 quota=1 allow_explore=True
2026-02-27 03:43:57,135 [INFO] [u_station_ab_night_autotune_v2] __main__: MARKET_REGIME mode=YELLOW reason=hysteresis_recover_wait 1/4 raw=GREEN avg_cand_recent=2.50
2026-02-27 03:43:57,135 [INFO] [u_station_ab_night_autotune_v2] trading.auto_trader: AutoTrade skip token=cbBTC reason=cooldown_left_277s
2026-02-27 03:43:57,135 [INFO] [u_station_ab_night_autotune_v2] trading.auto_trader: AutoTrade skip token=POOPCOIN reason=blacklist detail=honeypot_guard:honeypot_api_status_404
2026-02-27 03:43:57,135 [INFO] [u_station_ab_night_autotune_v2] trading.auto_trader: AutoTrade batch mode=top_n candidates=2 eligible=2 selected=2 opened=0 pe=off burst_window=0
2026-02-27 03:43:57,135 [INFO] [u_station_ab_night_autotune_v2] __main__: Scanned 4 tokens | High quality: 3 | Alerts sent: 0 | Trade candidates: 3 | Quality out/core/explore/probe: 3/1/2/0 | Opened: 0 | Mode: local | Source: onchain+market | Policy: raw=OK/effective=OK(healthy | route=allow_all) | Regime: YELLOW(hysteresis_recover_wait 1/4 raw=GREEN) | Safety: checked=3 fail_closed=0 reasons=api_code_4029:3 | FiltersTop(session): source_qos_cap:3,safe_age:2,safe_volume:2,safe_contract:1 | Dedup: heavy_skip=0 override=0 | V2Budget: 3/280 | SourceQoS: enabled=1/in=4/out=3/dropped=1/active_cd=0/drops=source_qos_cap:1 | Ingest: q=0/oldest=0.0s/drop_old=0/dedup_skip=0/enq=0/drain=0 | Sources: dex_boosts:ok=1/fail=0/429=0/lim_wait=0/cd_wait=0/err=0.0%/avg=137ms; dexscreener:ok=12/fail=0/429=0/lim_wait=0/cd_wait=0/err=0.0%/avg=81ms; onchain_enrich:ok=4/fail=0/429=0/lim_wait=0/cd_wait=0/err=0.0%/avg=29ms | Tasks: 3 | RSS: 0.0MB | CycleAvg: 12.61s
2026-02-27 03:44:01,739 [INFO] [u_station_ab_night_autotune_v2] __main__: WATCHLIST merged count=4
2026-02-27 03:44:01,739 [INFO] [u_station_ab_night_autotune_v2] trading.v2_runtime: V2_UNIVERSE in=5 dedup=5 out=5 target=5 novel_target=5 novel_out=1 repeat_dropped=0 symbol_dropped=0 surge_in=0 surge_target=0 surge_out=0
2026-02-27 03:44:01,739 [INFO] [u_station_ab_night_autotune_v2] __main__: V2_SOURCE_QOS_FILTER in=5 out=3 drops={'source_qos_cap': 2} caps={'watchlist': 2, 'unknown': 0}
2026-02-27 03:44:01,739 [INFO] [u_station_ab_night_autotune_v2] __main__: FILTER_FAIL token=VIRTUAL reason=source_qos_cap source=watchlist used=2/2
2026-02-27 03:44:01,739 [INFO] [u_station_ab_night_autotune_v2] __main__: FILTER_FAIL token=AERO reason=source_qos_cap source=watchlist used=2/2
2026-02-27 03:44:01,739 [INFO] [u_station_ab_night_autotune_v2] __main__: FILTER_PASS token=POOPCOIN tier=A score=100 mode=YELLOW risk=MEDIUM liq=453568 vol5m=10590
2026-02-27 03:44:01,753 [INFO] [u_station_ab_night_autotune_v2] __main__: FILTER_PASS token=cbBTC tier=A score=100 mode=YELLOW risk=MEDIUM liq=21034306 vol5m=52997
2026-02-27 03:44:01,753 [INFO] [u_station_ab_night_autotune_v2] __main__: FILTER_FAIL token=ACC reason=score_min score=30 strict_min=48 soft_min=48 mode=YELLOW
2026-02-27 03:44:01,753 [INFO] [u_station_ab_night_autotune_v2] __main__: V2_QUALITY_GATE enabled=True regime=YELLOW in=2 out=2 core_out=1 explore_out=1 probe_out=0 quota=1 max_symbol_share=0.500 drop={} sources_used={'watchlist': 2}
2026-02-27 03:44:01,753 [INFO] [u_station_ab_night_autotune_v2] __main__: V2_ENTRY_ROUTE enabled=True regime=YELLOW in=2 out=2 core_out=1 explore_out=1 quota=1 allow_explore=True
2026-02-27 03:44:01,753 [INFO] [u_station_ab_night_autotune_v2] __main__: MARKET_REGIME mode=YELLOW reason=avg_cand=2.33 avg_cand_recent=2.33
2026-02-27 03:44:01,753 [INFO] [u_station_ab_night_autotune_v2] trading.auto_trader: AutoTrade skip token=cbBTC reason=cooldown_left_273s
2026-02-27 03:44:01,753 [INFO] [u_station_ab_night_autotune_v2] trading.auto_trader: AutoTrade skip token=POOPCOIN reason=blacklist detail=honeypot_guard:honeypot_api_status_404
2026-02-27 03:44:01,753 [INFO] [u_station_ab_night_autotune_v2] trading.auto_trader: AutoTrade batch mode=top_n candidates=2 eligible=2 selected=2 opened=0 pe=off burst_window=0
2026-02-27 03:44:01,753 [INFO] [u_station_ab_night_autotune_v2] __main__: Scanned 5 tokens | High quality: 2 | Alerts sent: 0 | Trade candidates: 2 | Quality out/core/explore/probe: 2/1/1/0 | Opened: 0 | Mode: local | Source: onchain+market | Policy: raw=OK/effective=OK(healthy | route=allow_all) | Regime: YELLOW(avg_cand=2.33) | Safety: checked=2 fail_closed=0 reasons=api_code_4029:2 | FiltersTop(session): source_qos_cap:5,safe_age:2,score_min:2,safe_volume:2 | Dedup: heavy_skip=0 override=0 | V2Budget: 2/280 | SourceQoS: enabled=1/in=5/out=3/dropped=2/active_cd=0/drops=source_qos_cap:2 | Ingest: q=0/oldest=0.0s/drop_old=0/dedup_skip=0/enq=0/drain=0 | Sources: dex_boosts:ok=1/fail=0/429=0/lim_wait=0/cd_wait=0/err=0.0%/avg=55ms; dexscreener:ok=12/fail=0/429=0/lim_wait=0/cd_wait=0/err=0.0%/avg=45ms; onchain_enrich:ok=2/fail=0/429=0/lim_wait=0/cd_wait=0/err=0.0%/avg=92ms | Tasks: 3 | RSS: 0.0MB | CycleAvg: 11.59s
2026-02-27 03:44:06,172 [INFO] [u_station_ab_night_autotune_v2] __main__: WATCHLIST merged count=4
2026-02-27 03:44:06,172 [INFO] [u_station_ab_night_autotune_v2] trading.v2_runtime: V2_UNIVERSE in=4 dedup=4 out=4 target=4 novel_target=4 novel_out=0 repeat_dropped=0 symbol_dropped=0 surge_in=0 surge_target=0 surge_out=0
2026-02-27 03:44:06,172 [INFO] [u_station_ab_night_autotune_v2] __main__: V2_SOURCE_QOS_FILTER in=4 out=3 drops={'source_qos_cap': 1} caps={'watchlist': 3}
2026-02-27 03:44:06,172 [INFO] [u_station_ab_night_autotune_v2] __main__: FILTER_FAIL token=AERO reason=source_qos_cap source=watchlist used=3/3
2026-02-27 03:44:06,172 [INFO] [u_station_ab_night_autotune_v2] __main__: FILTER_PASS token=POOPCOIN tier=A score=100 mode=YELLOW risk=MEDIUM liq=453568 vol5m=10590
2026-02-27 03:44:06,172 [INFO] [u_station_ab_night_autotune_v2] __main__: FILTER_PASS token=cbBTC tier=A score=100 mode=YELLOW risk=MEDIUM liq=21034306 vol5m=52997
2026-02-27 03:44:06,172 [INFO] [u_station_ab_night_autotune_v2] __main__: FILTER_PASS token=VIRTUAL tier=A score=75 mode=YELLOW risk=MEDIUM liq=7378362 vol5m=79
2026-02-27 03:44:06,172 [INFO] [u_station_ab_night_autotune_v2] __main__: V2_QUALITY_GATE enabled=True regime=YELLOW in=3 out=3 core_out=1 explore_out=2 probe_out=0 quota=2 max_symbol_share=0.333 drop={} sources_used={'watchlist': 3}
2026-02-27 03:44:06,172 [INFO] [u_station_ab_night_autotune_v2] __main__: V2_ENTRY_ROUTE enabled=True regime=YELLOW in=3 out=2 core_out=1 explore_out=1 quota=1 allow_explore=True
2026-02-27 03:44:06,172 [INFO] [u_station_ab_night_autotune_v2] __main__: MARKET_REGIME mode=YELLOW reason=hysteresis_recover_wait 1/4 raw=GREEN avg_cand_recent=2.50
2026-02-27 03:44:06,172 [INFO] [u_station_ab_night_autotune_v2] trading.auto_trader: AutoTrade skip token=cbBTC reason=cooldown_left_268s
2026-02-27 03:44:06,172 [INFO] [u_station_ab_night_autotune_v2] trading.auto_trader: AutoTrade skip token=POOPCOIN reason=blacklist detail=honeypot_guard:honeypot_api_status_404
2026-02-27 03:44:06,187 [INFO] [u_station_ab_night_autotune_v2] trading.auto_trader: AutoTrade batch mode=top_n candidates=2 eligible=2 selected=2 opened=0 pe=off burst_window=0
2026-02-27 03:44:06,187 [INFO] [u_station_ab_night_autotune_v2] __main__: Scanned 4 tokens | High quality: 3 | Alerts sent: 0 | Trade candidates: 3 | Quality out/core/explore/probe: 3/1/2/0 | Opened: 0 | Mode: local | Source: onchain+market | Policy: raw=OK/effective=OK(healthy | route=allow_all) | Regime: YELLOW(hysteresis_recover_wait 1/4 raw=GREEN) | Safety: checked=3 fail_closed=0 reasons=api_code_4029:3 | FiltersTop(session): source_qos_cap:6,safe_age:2,score_min:2,safe_volume:2 | Dedup: heavy_skip=0 override=0 | V2Budget: 3/280 | SourceQoS: enabled=1/in=4/out=3/dropped=1/active_cd=0/drops=source_qos_cap:1 | Ingest: q=0/oldest=0.0s/drop_old=0/dedup_skip=0/enq=0/drain=0 | Sources: dex_boosts:ok=1/fail=0/429=0/lim_wait=0/cd_wait=0/err=0.0%/avg=35ms; dexscreener:ok=12/fail=0/429=0/lim_wait=0/cd_wait=0/err=0.0%/avg=161ms | Tasks: 3 | RSS: 0.0MB | CycleAvg: 7.92s
2026-02-27 03:44:10,586 [INFO] [u_station_ab_night_autotune_v2] __main__: WATCHLIST merged count=4
2026-02-27 03:44:10,586 [INFO] [u_station_ab_night_autotune_v2] trading.v2_runtime: V2_UNIVERSE in=4 dedup=4 out=4 target=4 novel_target=4 novel_out=0 repeat_dropped=0 symbol_dropped=0 surge_in=0 surge_target=0 surge_out=0
2026-02-27 03:44:10,586 [INFO] [u_station_ab_night_autotune_v2] __main__: V2_SOURCE_QOS_FILTER in=4 out=3 drops={'source_qos_cap': 1} caps={'watchlist': 3}
2026-02-27 03:44:10,586 [INFO] [u_station_ab_night_autotune_v2] __main__: FILTER_FAIL token=AERO reason=source_qos_cap source=watchlist used=3/3
2026-02-27 03:44:10,601 [INFO] [u_station_ab_night_autotune_v2] __main__: FILTER_PASS token=POOPCOIN tier=A score=100 mode=YELLOW risk=MEDIUM liq=453568 vol5m=10590
2026-02-27 03:44:10,604 [INFO] [u_station_ab_night_autotune_v2] __main__: FILTER_PASS token=cbBTC tier=A score=100 mode=YELLOW risk=MEDIUM liq=21034306 vol5m=52997
2026-02-27 03:44:10,604 [INFO] [u_station_ab_night_autotune_v2] __main__: FILTER_PASS token=VIRTUAL tier=A score=75 mode=YELLOW risk=MEDIUM liq=7378362 vol5m=79
2026-02-27 03:44:10,604 [INFO] [u_station_ab_night_autotune_v2] __main__: V2_QUALITY_GATE enabled=True regime=YELLOW in=3 out=3 core_out=1 explore_out=2 probe_out=0 quota=2 max_symbol_share=0.333 drop={} sources_used={'watchlist': 3}
2026-02-27 03:44:10,604 [INFO] [u_station_ab_night_autotune_v2] __main__: V2_ENTRY_ROUTE enabled=True regime=YELLOW in=3 out=2 core_out=1 explore_out=1 quota=1 allow_explore=True
2026-02-27 03:44:10,604 [INFO] [u_station_ab_night_autotune_v2] __main__: MARKET_REGIME mode=YELLOW reason=hysteresis_recover_wait 2/4 raw=GREEN avg_cand_recent=2.60
2026-02-27 03:44:10,604 [INFO] [u_station_ab_night_autotune_v2] trading.auto_trader: AutoTrade skip token=cbBTC reason=cooldown_left_264s
2026-02-27 03:44:10,604 [INFO] [u_station_ab_night_autotune_v2] trading.auto_trader: AutoTrade skip token=POOPCOIN reason=blacklist detail=honeypot_guard:honeypot_api_status_404
2026-02-27 03:44:10,604 [INFO] [u_station_ab_night_autotune_v2] trading.auto_trader: AutoTrade batch mode=top_n candidates=2 eligible=2 selected=2 opened=0 pe=off burst_window=0
2026-02-27 03:44:10,620 [INFO] [u_station_ab_night_autotune_v2] __main__: Scanned 4 tokens | High quality: 3 | Alerts sent: 0 | Trade candidates: 3 | Quality out/core/explore/probe: 3/1/2/0 | Opened: 0 | Mode: local | Source: onchain+market | Policy: raw=OK/effective=OK(healthy | route=allow_all) | Regime: YELLOW(hysteresis_recover_wait 2/4 raw=GREEN) | Safety: checked=3 fail_closed=0 reasons=api_code_4029:3 | FiltersTop(session): source_qos_cap:7,safe_age:2,score_min:2,safe_volume:2 | Dedup: heavy_skip=0 override=0 | V2Budget: 3/280 | SourceQoS: enabled=1/in=4/out=3/dropped=1/active_cd=0/drops=source_qos_cap:1 | Ingest: q=0/oldest=0.0s/drop_old=0/dedup_skip=0/enq=0/drain=0 | Sources: dex_boosts:ok=1/fail=0/429=0/lim_wait=0/cd_wait=0/err=0.0%/avg=40ms; dexscreener:ok=12/fail=0/429=0/lim_wait=0/cd_wait=0/err=0.0%/avg=40ms | Tasks: 3 | RSS: 0.0MB | CycleAvg: 6.05s
2026-02-27 03:44:15,034 [INFO] [u_station_ab_night_autotune_v2] __main__: WATCHLIST merged count=4
2026-02-27 03:44:15,034 [INFO] [u_station_ab_night_autotune_v2] trading.v2_runtime: V2_UNIVERSE in=4 dedup=4 out=4 target=4 novel_target=4 novel_out=0 repeat_dropped=0 symbol_dropped=0 surge_in=0 surge_target=0 surge_out=0
2026-02-27 03:44:15,034 [INFO] [u_station_ab_night_autotune_v2] __main__: V2_SOURCE_QOS_FILTER in=4 out=3 drops={'source_qos_cap': 1} caps={'watchlist': 3}
2026-02-27 03:44:15,050 [INFO] [u_station_ab_night_autotune_v2] __main__: FILTER_FAIL token=AERO reason=source_qos_cap source=watchlist used=3/3
2026-02-27 03:44:15,050 [INFO] [u_station_ab_night_autotune_v2] __main__: FILTER_PASS token=POOPCOIN tier=A score=100 mode=YELLOW risk=MEDIUM liq=453568 vol5m=10590
2026-02-27 03:44:15,050 [INFO] [u_station_ab_night_autotune_v2] __main__: FILTER_PASS token=cbBTC tier=A score=100 mode=YELLOW risk=MEDIUM liq=21034306 vol5m=52997
2026-02-27 03:44:15,053 [INFO] [u_station_ab_night_autotune_v2] __main__: FILTER_PASS token=VIRTUAL tier=A score=75 mode=YELLOW risk=MEDIUM liq=7378362 vol5m=79
2026-02-27 03:44:15,053 [INFO] [u_station_ab_night_autotune_v2] __main__: V2_QUALITY_GATE enabled=True regime=YELLOW in=3 out=3 core_out=1 explore_out=2 probe_out=0 quota=2 max_symbol_share=0.333 drop={} sources_used={'watchlist': 3}
2026-02-27 03:44:15,053 [INFO] [u_station_ab_night_autotune_v2] __main__: V2_ENTRY_ROUTE enabled=True regime=YELLOW in=3 out=2 core_out=1 explore_out=1 quota=1 allow_explore=True
2026-02-27 03:44:15,053 [INFO] [u_station_ab_night_autotune_v2] __main__: MARKET_REGIME mode=YELLOW reason=hysteresis_recover_wait 3/4 raw=GREEN avg_cand_recent=2.67
2026-02-27 03:44:15,053 [INFO] [u_station_ab_night_autotune_v2] trading.auto_trader: AutoTrade skip token=cbBTC reason=cooldown_left_259s
2026-02-27 03:44:15,053 [INFO] [u_station_ab_night_autotune_v2] trading.auto_trader: AutoTrade skip token=POOPCOIN reason=blacklist detail=honeypot_guard:honeypot_api_status_404
2026-02-27 03:44:15,053 [INFO] [u_station_ab_night_autotune_v2] trading.auto_trader: AutoTrade batch mode=top_n candidates=2 eligible=2 selected=2 opened=0 pe=off burst_window=0
2026-02-27 03:44:15,053 [INFO] [u_station_ab_night_autotune_v2] __main__: Scanned 4 tokens | High quality: 3 | Alerts sent: 0 | Trade candidates: 3 | Quality out/core/explore/probe: 3/1/2/0 | Opened: 0 | Mode: local | Source: onchain+market | Policy: raw=OK/effective=OK(healthy | route=allow_all) | Regime: YELLOW(hysteresis_recover_wait 3/4 raw=GREEN) | Safety: checked=3 fail_closed=0 reasons=api_code_4029:3 | FiltersTop(session): source_qos_cap:8,safe_age:2,score_min:2,safe_volume:2 | Dedup: heavy_skip=0 override=0 | V2Budget: 3/280 | SourceQoS: enabled=1/in=4/out=3/dropped=1/active_cd=0/drops=source_qos_cap:1 | Ingest: q=0/oldest=0.0s/drop_old=0/dedup_skip=0/enq=0/drain=0 | Sources: dex_boosts:ok=1/fail=0/429=0/lim_wait=0/cd_wait=0/err=0.0%/avg=35ms; dexscreener:ok=12/fail=0/429=0/lim_wait=0/cd_wait=0/err=0.0%/avg=74ms | Tasks: 3 | RSS: 0.0MB | CycleAvg: 4.92s
2026-02-27 03:44:19,453 [INFO] [u_station_ab_night_autotune_v2] __main__: WATCHLIST merged count=4
2026-02-27 03:44:19,453 [INFO] [u_station_ab_night_autotune_v2] trading.v2_runtime: V2_UNIVERSE in=4 dedup=4 out=4 target=4 novel_target=4 novel_out=0 repeat_dropped=0 symbol_dropped=0 surge_in=0 surge_target=0 surge_out=0
2026-02-27 03:44:19,453 [INFO] [u_station_ab_night_autotune_v2] __main__: V2_SOURCE_QOS_FILTER in=4 out=3 drops={'source_qos_cap': 1} caps={'watchlist': 3}
2026-02-27 03:44:19,453 [INFO] [u_station_ab_night_autotune_v2] __main__: FILTER_FAIL token=AERO reason=source_qos_cap source=watchlist used=3/3
2026-02-27 03:44:19,453 [INFO] [u_station_ab_night_autotune_v2] __main__: FILTER_PASS token=POOPCOIN tier=A score=100 mode=YELLOW risk=MEDIUM liq=453568 vol5m=10590
2026-02-27 03:44:19,453 [INFO] [u_station_ab_night_autotune_v2] __main__: FILTER_PASS token=cbBTC tier=A score=100 mode=YELLOW risk=MEDIUM liq=21034306 vol5m=52997
2026-02-27 03:44:19,453 [INFO] [u_station_ab_night_autotune_v2] __main__: FILTER_PASS token=VIRTUAL tier=A score=75 mode=YELLOW risk=MEDIUM liq=7378362 vol5m=79
2026-02-27 03:44:19,453 [INFO] [u_station_ab_night_autotune_v2] __main__: V2_QUALITY_GATE enabled=True regime=GREEN in=3 out=3 core_out=1 explore_out=2 probe_out=0 quota=2 max_symbol_share=0.333 drop={} sources_used={'watchlist': 3}
2026-02-27 03:44:19,453 [INFO] [u_station_ab_night_autotune_v2] __main__: V2_ENTRY_ROUTE enabled=True regime=GREEN in=3 out=2 core_out=1 explore_out=1 quota=1 allow_explore=True
2026-02-27 03:44:19,453 [INFO] [u_station_ab_night_autotune_v2] __main__: MARKET_REGIME mode=GREEN reason=avg_cand=2.71 avg_cand_recent=2.71
2026-02-27 03:44:19,453 [WARNING] [u_station_ab_night_autotune_v2] monitor.local_alerter: Local event symbol=MARKET_MODE reco=GREEN risk=INFO
2026-02-27 03:44:19,453 [INFO] [u_station_ab_night_autotune_v2] trading.auto_trader: AutoTrade skip token=cbBTC reason=cooldown_left_255s
2026-02-27 03:44:19,453 [INFO] [u_station_ab_night_autotune_v2] trading.auto_trader: AutoTrade skip token=POOPCOIN reason=blacklist detail=honeypot_guard:honeypot_api_status_404
2026-02-27 03:44:19,453 [INFO] [u_station_ab_night_autotune_v2] trading.auto_trader: AutoTrade batch mode=top_n candidates=2 eligible=2 selected=2 opened=0 pe=off burst_window=0
2026-02-27 03:44:19,453 [INFO] [u_station_ab_night_autotune_v2] __main__: Scanned 4 tokens | High quality: 3 | Alerts sent: 0 | Trade candidates: 3 | Quality out/core/explore/probe: 3/1/2/0 | Opened: 0 | Mode: local | Source: onchain+market | Policy: raw=OK/effective=OK(healthy | route=allow_all) | Regime: GREEN(avg_cand=2.71) | Safety: checked=3 fail_closed=0 reasons=api_code_4029:3 | FiltersTop(session): source_qos_cap:9,safe_age:2,score_min:2,safe_volume:2 | Dedup: heavy_skip=0 override=0 | V2Budget: 3/280 | SourceQoS: enabled=1/in=4/out=3/dropped=1/active_cd=0/drops=source_qos_cap:1 | Ingest: q=0/oldest=0.0s/drop_old=0/dedup_skip=0/enq=0/drain=0 | Sources: dex_boosts:ok=1/fail=0/429=0/lim_wait=0/cd_wait=0/err=0.0%/avg=53ms; dexscreener:ok=12/fail=0/429=0/lim_wait=0/cd_wait=0/err=0.0%/avg=39ms | Tasks: 3 | RSS: 0.0MB | CycleAvg: 4.17s
2026-02-27 03:44:23,870 [INFO] [u_station_ab_night_autotune_v2] __main__: WATCHLIST merged count=4
2026-02-27 03:44:23,870 [INFO] [u_station_ab_night_autotune_v2] trading.v2_runtime: V2_UNIVERSE in=4 dedup=4 out=4 target=4 novel_target=4 novel_out=0 repeat_dropped=0 symbol_dropped=0 surge_in=0 surge_target=0 surge_out=0
2026-02-27 03:44:23,870 [INFO] [u_station_ab_night_autotune_v2] __main__: V2_SOURCE_QOS_FILTER in=4 out=3 drops={'source_qos_cap': 1} caps={'watchlist': 3}
2026-02-27 03:44:23,886 [INFO] [u_station_ab_night_autotune_v2] __main__: FILTER_FAIL token=AERO reason=source_qos_cap source=watchlist used=3/3
2026-02-27 03:44:23,886 [INFO] [u_station_ab_night_autotune_v2] __main__: FILTER_PASS token=POOPCOIN tier=A score=100 mode=GREEN risk=MEDIUM liq=453568 vol5m=10590
2026-02-27 03:44:23,887 [INFO] [u_station_ab_night_autotune_v2] __main__: FILTER_PASS token=cbBTC tier=A score=100 mode=GREEN risk=MEDIUM liq=21034306 vol5m=52997
2026-02-27 03:44:23,887 [INFO] [u_station_ab_night_autotune_v2] __main__: FILTER_PASS token=VIRTUAL tier=A score=75 mode=GREEN risk=MEDIUM liq=7378362 vol5m=79
2026-02-27 03:44:23,887 [INFO] [u_station_ab_night_autotune_v2] __main__: V2_QUALITY_GATE enabled=True regime=GREEN in=3 out=3 core_out=1 explore_out=2 probe_out=0 quota=2 max_symbol_share=0.333 drop={} sources_used={'watchlist': 3}
2026-02-27 03:44:23,887 [INFO] [u_station_ab_night_autotune_v2] __main__: V2_ENTRY_ROUTE enabled=True regime=GREEN in=3 out=2 core_out=1 explore_out=1 quota=1 allow_explore=True
2026-02-27 03:44:23,887 [INFO] [u_station_ab_night_autotune_v2] __main__: MARKET_REGIME mode=GREEN reason=avg_cand=2.75 avg_cand_recent=2.75
2026-02-27 03:44:23,894 [INFO] [u_station_ab_night_autotune_v2] trading.auto_trader: AutoTrade skip token=cbBTC reason=cooldown_left_251s
2026-02-27 03:44:23,896 [INFO] [u_station_ab_night_autotune_v2] trading.auto_trader: AutoTrade skip token=POOPCOIN reason=blacklist detail=honeypot_guard:honeypot_api_status_404
2026-02-27 03:44:23,896 [INFO] [u_station_ab_night_autotune_v2] trading.auto_trader: AutoTrade batch mode=top_n candidates=2 eligible=2 selected=2 opened=0 pe=off burst_window=0
2026-02-27 03:44:23,897 [INFO] [u_station_ab_night_autotune_v2] __main__: Scanned 4 tokens | High quality: 3 | Alerts sent: 0 | Trade candidates: 3 | Quality out/core/explore/probe: 3/1/2/0 | Opened: 0 | Mode: local | Source: onchain+market | Policy: raw=OK/effective=OK(healthy | route=allow_all) | Regime: GREEN(avg_cand=2.75) | Safety: checked=3 fail_closed=0 reasons=api_code_4029:3 | FiltersTop(session): source_qos_cap:10,safe_age:2,score_min:2,safe_volume:2 | Dedup: heavy_skip=0 override=0 | V2Budget: 3/280 | SourceQoS: enabled=1/in=4/out=3/dropped=1/active_cd=0/drops=source_qos_cap:1 | Ingest: q=0/oldest=0.0s/drop_old=0/dedup_skip=0/enq=0/drain=0 | Sources: dex_boosts:ok=1/fail=0/429=0/lim_wait=0/cd_wait=0/err=0.0%/avg=30ms; dexscreener:ok=12/fail=0/429=0/lim_wait=0/cd_wait=0/err=0.0%/avg=40ms | Tasks: 3 | RSS: 0.0MB | CycleAvg: 3.63s
2026-02-27 03:44:28,153 [INFO] [u_station_ab_night_autotune_v2] monitor.onchain_factory: PAIR_DETECTED source=uniswap_v2 dex=uniswap_v2 pair=0x7dfc182c0599bb3d33e7a44493ae4500b317c78b token0=0x3931e6274ced078d6712f71bdafc7f3fa3eff8a0 token1=0x4200000000000000000000000000000000000006 block=42685457 factory=0x8909dc15e40173ff4699343b6eb8132c65e18ec6
2026-02-27 03:44:28,716 [INFO] [u_station_ab_night_autotune_v2] monitor.onchain_factory: ENRICH_RETRY token=0x3931e6274ced078d6712f71bdafc7f3fa3eff8a0 pair=0x7dfc182c0599bb3d33e7a44493ae4500b317c78b attempt=1/2 delay=10s
2026-02-27 03:44:38,805 [INFO] [u_station_ab_night_autotune_v2] __main__: WATCHLIST merged count=4
2026-02-27 03:44:38,806 [INFO] [u_station_ab_night_autotune_v2] trading.v2_runtime: V2_UNIVERSE in=4 dedup=4 out=4 target=4 novel_target=4 novel_out=0 repeat_dropped=0 symbol_dropped=0 surge_in=0 surge_target=0 surge_out=0
2026-02-27 03:44:38,807 [INFO] [u_station_ab_night_autotune_v2] __main__: V2_SOURCE_QOS_FILTER in=4 out=3 drops={'source_qos_cap': 1} caps={'watchlist': 3}
2026-02-27 03:44:38,808 [INFO] [u_station_ab_night_autotune_v2] __main__: FILTER_FAIL token=AERO reason=source_qos_cap source=watchlist used=3/3
2026-02-27 03:44:38,808 [INFO] [u_station_ab_night_autotune_v2] __main__: FILTER_PASS token=POOPCOIN tier=A score=100 mode=GREEN risk=MEDIUM liq=453568 vol5m=10590
2026-02-27 03:44:38,809 [INFO] [u_station_ab_night_autotune_v2] __main__: FILTER_PASS token=cbBTC tier=A score=100 mode=GREEN risk=MEDIUM liq=21034306 vol5m=52997
2026-02-27 03:44:38,810 [INFO] [u_station_ab_night_autotune_v2] __main__: FILTER_PASS token=VIRTUAL tier=A score=75 mode=GREEN risk=MEDIUM liq=7378362 vol5m=79
2026-02-27 03:44:38,812 [INFO] [u_station_ab_night_autotune_v2] __main__: V2_QUALITY_GATE enabled=True regime=GREEN in=3 out=3 core_out=1 explore_out=2 probe_out=0 quota=2 max_symbol_share=0.333 drop={} sources_used={'watchlist': 3}
2026-02-27 03:44:38,812 [INFO] [u_station_ab_night_autotune_v2] __main__: V2_ENTRY_ROUTE enabled=True regime=GREEN in=3 out=2 core_out=1 explore_out=1 quota=1 allow_explore=True
2026-02-27 03:44:38,812 [INFO] [u_station_ab_night_autotune_v2] __main__: MARKET_REGIME mode=GREEN reason=avg_cand=2.78 avg_cand_recent=2.78
2026-02-27 03:44:38,815 [INFO] [u_station_ab_night_autotune_v2] trading.auto_trader: AutoTrade skip token=cbBTC reason=cooldown_left_236s
2026-02-27 03:44:38,816 [INFO] [u_station_ab_night_autotune_v2] trading.auto_trader: AutoTrade skip token=POOPCOIN reason=blacklist detail=honeypot_guard:honeypot_api_status_404
2026-02-27 03:44:38,816 [INFO] [u_station_ab_night_autotune_v2] trading.auto_trader: AutoTrade batch mode=top_n candidates=2 eligible=2 selected=2 opened=0 pe=off burst_window=0
2026-02-27 03:44:38,817 [INFO] [u_station_ab_night_autotune_v2] trading.auto_trader: PAPER_SUMMARY window=60s closed_delta=0 wins_delta=0 losses_delta=0 realized_delta=$0.00 total_closed=61 winrate_total=45.9% realized_total=$0.18 balance=$7.18 equity=$7.18 open=0
2026-02-27 03:44:38,818 [INFO] [u_station_ab_night_autotune_v2] __main__: Scanned 4 tokens | High quality: 3 | Alerts sent: 0 | Trade candidates: 3 | Quality out/core/explore/probe: 3/1/2/0 | Opened: 0 | Mode: local | Source: onchain+market | Policy: raw=OK/effective=OK(healthy | route=allow_all) | Regime: GREEN(avg_cand=2.78) | Safety: checked=3 fail_closed=0 reasons=api_code_4029:3 | FiltersTop(session): source_qos_cap:11,safe_age:2,score_min:2,safe_volume:2 | Dedup: heavy_skip=0 override=0 | V2Budget: 3/280 | SourceQoS: enabled=1/in=4/out=3/dropped=1/active_cd=0/drops=source_qos_cap:1 | Ingest: q=0/oldest=0.0s/drop_old=0/dedup_skip=0/enq=0/drain=0 | Sources: dex_boosts:ok=1/fail=0/429=0/lim_wait=0/cd_wait=0/err=0.0%/avg=36ms; dexscreener:ok=12/fail=0/429=0/lim_wait=0/cd_wait=0/err=0.0%/avg=40ms; onchain_enrich:ok=4/fail=0/429=0/lim_wait=0/cd_wait=0/err=0.0%/avg=127ms | Tasks: 3 | RSS: 0.0MB | CycleAvg: 3.23s
2026-02-27 03:44:43,089 [INFO] [u_station_ab_night_autotune_v2] monitor.onchain_factory: PAIR_DETECTED source=uniswap_v2 dex=uniswap_v2 pair=0x757f0457ccb85238a3f235954440895ece524055 token0=0x4200000000000000000000000000000000000006 token1=0x4850ec7e1eefd562a5131a69b75f2a831589ab07 block=42685462 factory=0x8909dc15e40173ff4699343b6eb8132c65e18ec6
2026-02-27 03:44:43,089 [INFO] [u_station_ab_night_autotune_v2] monitor.onchain_factory: PAIR_DETECTED source=uniswap_v2 dex=uniswap_v2 pair=0xae813235aa188489989472dded4e18db198e3e46 token0=0x4200000000000000000000000000000000000006 token1=0xdcc7cc5dacb1946920ba9cf1f5d48aa47707aace block=42685464 factory=0x8909dc15e40173ff4699343b6eb8132c65e18ec6
2026-02-27 03:44:43,354 [INFO] [u_station_ab_night_autotune_v2] monitor.onchain_factory: ENRICH_RETRY token=0x3931e6274ced078d6712f71bdafc7f3fa3eff8a0 pair=0x7dfc182c0599bb3d33e7a44493ae4500b317c78b attempt=1/2 delay=10s
2026-02-27 03:44:43,709 [INFO] [u_station_ab_night_autotune_v2] monitor.onchain_factory: ENRICH_RETRY token=0x4850ec7e1eefd562a5131a69b75f2a831589ab07 pair=0x757f0457ccb85238a3f235954440895ece524055 attempt=1/2 delay=10s
2026-02-27 03:44:43,774 [INFO] [u_station_ab_night_autotune_v2] monitor.onchain_factory: ENRICH_RETRY token=0xdcc7cc5dacb1946920ba9cf1f5d48aa47707aace pair=0xae813235aa188489989472dded4e18db198e3e46 attempt=1/2 delay=10s
2026-02-27 03:44:53,819 [INFO] [u_station_ab_night_autotune_v2] __main__: WATCHLIST merged count=4
2026-02-27 03:44:53,819 [INFO] [u_station_ab_night_autotune_v2] trading.v2_runtime: V2_UNIVERSE in=4 dedup=4 out=4 target=4 novel_target=4 novel_out=0 repeat_dropped=0 symbol_dropped=0 surge_in=0 surge_target=0 surge_out=0
2026-02-27 03:44:53,819 [INFO] [u_station_ab_night_autotune_v2] __main__: V2_SOURCE_QOS_FILTER in=4 out=3 drops={'source_qos_cap': 1} caps={'watchlist': 3}
2026-02-27 03:44:53,819 [INFO] [u_station_ab_night_autotune_v2] __main__: FILTER_FAIL token=AERO reason=source_qos_cap source=watchlist used=3/3
2026-02-27 03:44:53,819 [INFO] [u_station_ab_night_autotune_v2] __main__: FILTER_PASS token=POOPCOIN tier=A score=100 mode=GREEN risk=MEDIUM liq=453568 vol5m=10590
2026-02-27 03:44:53,819 [INFO] [u_station_ab_night_autotune_v2] __main__: FILTER_PASS token=cbBTC tier=A score=100 mode=GREEN risk=MEDIUM liq=21034306 vol5m=52997
2026-02-27 03:44:53,819 [INFO] [u_station_ab_night_autotune_v2] __main__: FILTER_PASS token=VIRTUAL tier=A score=75 mode=GREEN risk=MEDIUM liq=7378362 vol5m=79
2026-02-27 03:44:53,819 [INFO] [u_station_ab_night_autotune_v2] __main__: V2_QUALITY_GATE enabled=True regime=GREEN in=3 out=3 core_out=1 explore_out=2 probe_out=0 quota=2 max_symbol_share=0.333 drop={} sources_used={'watchlist': 3}
2026-02-27 03:44:53,835 [INFO] [u_station_ab_night_autotune_v2] __main__: V2_ENTRY_ROUTE enabled=True regime=GREEN in=3 out=2 core_out=1 explore_out=1 quota=1 allow_explore=True
2026-02-27 03:44:53,835 [INFO] [u_station_ab_night_autotune_v2] __main__: MARKET_REGIME mode=GREEN reason=avg_cand=2.80 avg_cand_recent=2.80
2026-02-27 03:44:53,838 [INFO] [u_station_ab_night_autotune_v2] trading.auto_trader: AutoTrade skip token=cbBTC reason=cooldown_left_221s
2026-02-27 03:44:53,838 [INFO] [u_station_ab_night_autotune_v2] trading.auto_trader: AutoTrade skip token=POOPCOIN reason=blacklist detail=honeypot_guard:honeypot_api_status_404
2026-02-27 03:44:53,838 [INFO] [u_station_ab_night_autotune_v2] trading.auto_trader: AutoTrade batch mode=top_n candidates=2 eligible=2 selected=2 opened=0 pe=off burst_window=0
2026-02-27 03:44:53,838 [INFO] [u_station_ab_night_autotune_v2] __main__: Scanned 4 tokens | High quality: 3 | Alerts sent: 0 | Trade candidates: 3 | Quality out/core/explore/probe: 3/1/2/0 | Opened: 0 | Mode: local | Source: onchain+market | Policy: raw=OK/effective=OK(healthy | route=allow_all) | Regime: GREEN(avg_cand=2.80) | Safety: checked=3 fail_closed=0 reasons=api_code_4029:3 | FiltersTop(session): source_qos_cap:12,safe_age:2,score_min:2,safe_volume:2 | Dedup: heavy_skip=0 override=0 | V2Budget: 3/280 | SourceQoS: enabled=1/in=4/out=3/dropped=1/active_cd=0/drops=source_qos_cap:1 | Ingest: q=4/oldest=7.3s/drop_old=0/dedup_skip=0/enq=4/drain=0 | Sources: dex_boosts:ok=1/fail=0/429=0/lim_wait=0/cd_wait=0/err=0.0%/avg=33ms; dexscreener:ok=12/fail=0/429=0/lim_wait=0/cd_wait=0/err=0.0%/avg=166ms; geckoterminal:ok=1/fail=0/429=0/lim_wait=0/cd_wait=0/err=0.0%/avg=681ms; onchain_enrich:ok=12/fail=0/429=0/lim_wait=0/cd_wait=0/err=0.0%/avg=115ms; onchain_weth_price:ok=1/fail=0/429=0/lim_wait=0/cd_wait=0/err=0.0%/avg=43ms | Tasks: 3 | RSS: 0.0MB | CycleAvg: 4.09s
2026-02-27 03:44:58,107 [INFO] [u_station_ab_night_autotune_v2] monitor.onchain_factory: PAIR_DETECTED source=uniswap_v2 dex=uniswap_v2 pair=0xe1fa71814bbd7f69729cefbf1863a3ffd26a51aa token0=0x177f2a2ec325eb65cb51e4953980933af845203a token1=0x4200000000000000000000000000000000000006 block=42685473 factory=0x8909dc15e40173ff4699343b6eb8132c65e18ec6
2026-02-27 03:44:58,288 [INFO] [u_station_ab_night_autotune_v2] monitor.onchain_factory: ENRICH_RETRY token=0x3931e6274ced078d6712f71bdafc7f3fa3eff8a0 pair=0x7dfc182c0599bb3d33e7a44493ae4500b317c78b attempt=1/2 delay=10s
2026-02-27 03:44:58,288 [INFO] [u_station_ab_night_autotune_v2] monitor.onchain_factory: ENRICH_RETRY token=0x4850ec7e1eefd562a5131a69b75f2a831589ab07 pair=0x757f0457ccb85238a3f235954440895ece524055 attempt=1/2 delay=10s
2026-02-27 03:44:58,332 [INFO] [u_station_ab_night_autotune_v2] monitor.onchain_factory: ENRICH_RETRY token=0xdcc7cc5dacb1946920ba9cf1f5d48aa47707aace pair=0xae813235aa188489989472dded4e18db198e3e46 attempt=1/2 delay=10s
2026-02-27 03:44:58,725 [INFO] [u_station_ab_night_autotune_v2] monitor.onchain_factory: ENRICH_RETRY token=0x177f2a2ec325eb65cb51e4953980933af845203a pair=0xe1fa71814bbd7f69729cefbf1863a3ffd26a51aa attempt=1/2 delay=10s
2026-02-27 03:45:08,790 [INFO] [u_station_ab_night_autotune_v2] __main__: WATCHLIST merged count=4
2026-02-27 03:45:08,790 [INFO] [u_station_ab_night_autotune_v2] trading.v2_runtime: V2_UNIVERSE in=10 dedup=10 out=10 target=10 novel_target=9 novel_out=6 repeat_dropped=0 symbol_dropped=0 surge_in=2 surge_target=2 surge_out=2
2026-02-27 03:45:08,790 [INFO] [u_station_ab_night_autotune_v2] __main__: V2_SOURCE_QOS_FILTER in=10 out=7 drops={'source_qos_symbol_cap': 1, 'source_qos_cap': 2} caps={'watchlist': 2, 'unknown': 0, 'geckoterminal': 287}
2026-02-27 03:45:08,790 [INFO] [u_station_ab_night_autotune_v2] __main__: FILTER_FAIL token=CLAW reason=source_qos_symbol_cap symbol=CLAW used=1/1
2026-02-27 03:45:08,790 [INFO] [u_station_ab_night_autotune_v2] __main__: FILTER_FAIL token=VIRTUAL reason=source_qos_cap source=watchlist used=2/2
2026-02-27 03:45:08,803 [INFO] [u_station_ab_night_autotune_v2] __main__: FILTER_FAIL token=AERO reason=source_qos_cap source=watchlist used=2/2
2026-02-27 03:45:08,803 [INFO] [u_station_ab_night_autotune_v2] __main__: FILTER_FAIL token=CLAW reason=safe_age
2026-02-27 03:45:08,803 [INFO] [u_station_ab_night_autotune_v2] __main__: FILTER_FAIL token=Hustle reason=safe_age
2026-02-27 03:45:08,803 [INFO] [u_station_ab_night_autotune_v2] __main__: FILTER_PASS token=POOPCOIN tier=A score=100 mode=GREEN risk=MEDIUM liq=453568 vol5m=10590
2026-02-27 03:45:08,803 [INFO] [u_station_ab_night_autotune_v2] __main__: FILTER_PASS token=cbBTC tier=A score=100 mode=GREEN risk=MEDIUM liq=21034306 vol5m=52997
2026-02-27 03:45:08,803 [INFO] [u_station_ab_night_autotune_v2] __main__: FILTER_FAIL token=POL reason=score_min score=30 strict_min=48 soft_min=48 mode=GREEN
2026-02-27 03:45:08,803 [INFO] [u_station_ab_night_autotune_v2] __main__: FILTER_FAIL token=MCHC reason=score_min score=30 strict_min=48 soft_min=48 mode=GREEN
2026-02-27 03:45:08,803 [INFO] [u_station_ab_night_autotune_v2] __main__: FILTER_FAIL token=DOH reason=score_min score=40 strict_min=48 soft_min=48 mode=GREEN
2026-02-27 03:45:08,803 [INFO] [u_station_ab_night_autotune_v2] __main__: V2_QUALITY_GATE enabled=True regime=GREEN in=2 out=2 core_out=1 explore_out=1 probe_out=0 quota=1 max_symbol_share=0.500 drop={} sources_used={'watchlist': 2}
2026-02-27 03:45:08,803 [INFO] [u_station_ab_night_autotune_v2] __main__: V2_ENTRY_ROUTE enabled=True regime=GREEN in=2 out=2 core_out=1 explore_out=1 quota=1 allow_explore=True
2026-02-27 03:45:08,803 [INFO] [u_station_ab_night_autotune_v2] __main__: MARKET_REGIME mode=GREEN reason=avg_cand=2.73 avg_cand_recent=2.73
2026-02-27 03:45:08,803 [INFO] [u_station_ab_night_autotune_v2] trading.auto_trader: AutoTrade skip token=cbBTC reason=cooldown_left_206s
2026-02-27 03:45:08,803 [INFO] [u_station_ab_night_autotune_v2] trading.auto_trader: AutoTrade skip token=POOPCOIN reason=blacklist detail=honeypot_guard:honeypot_api_status_404
2026-02-27 03:45:08,803 [INFO] [u_station_ab_night_autotune_v2] trading.auto_trader: AutoTrade batch mode=top_n candidates=2 eligible=2 selected=2 opened=0 pe=off burst_window=0
2026-02-27 03:45:08,803 [INFO] [u_station_ab_night_autotune_v2] __main__: Scanned 10 tokens | High quality: 4 | Alerts sent: 0 | Trade candidates: 2 | Quality out/core/explore/probe: 2/1/1/0 | Opened: 0 | Mode: local | Source: onchain+market | Policy: raw=OK/effective=OK(healthy | route=allow_all) | Regime: GREEN(avg_cand=2.73) | Safety: checked=2 fail_closed=0 reasons=api_code_4029:2 | FiltersTop(session): source_qos_cap:14,score_min:5,safe_age:4,safe_volume:2 | Dedup: heavy_skip=0 override=0 | V2Budget: 2/280 | SourceQoS: enabled=1/in=10/out=7/dropped=3/active_cd=0/drops=source_qos_cap:2,source_qos_symbol_cap:1 | Ingest: q=0/oldest=0.0s/drop_old=0/dedup_skip=0/enq=0/drain=4 | Sources: dex_boosts:ok=1/fail=0/429=0/lim_wait=0/cd_wait=0/err=0.0%/avg=67ms; dexscreener:ok=12/fail=0/429=0/lim_wait=0/cd_wait=0/err=0.0%/avg=43ms; onchain_enrich:ok=14/fail=0/429=0/lim_wait=0/cd_wait=0/err=0.0%/avg=76ms | Tasks: 3 | RSS: 0.0MB | CycleAvg: 4.78s
2026-02-27 03:45:13,103 [INFO] [u_station_ab_night_autotune_v2] monitor.onchain_factory: PAIR_DETECTED source=uniswap_v2 dex=uniswap_v2 pair=0x258827719ccbfe5c3a65790cd83a2fa9dacea9ad token0=0x4200000000000000000000000000000000000006 token1=0x5c59294cc18194d94c5e89c1d06a32d25889b9cc block=42685480 factory=0x8909dc15e40173ff4699343b6eb8132c65e18ec6
2026-02-27 03:45:13,303 [INFO] [u_station_ab_night_autotune_v2] monitor.onchain_factory: ENRICH_RETRY token=0x4850ec7e1eefd562a5131a69b75f2a831589ab07 pair=0x757f0457ccb85238a3f235954440895ece524055 attempt=1/2 delay=10s
2026-02-27 03:45:13,339 [INFO] [u_station_ab_night_autotune_v2] monitor.onchain_factory: ENRICH_RETRY token=0x177f2a2ec325eb65cb51e4953980933af845203a pair=0xe1fa71814bbd7f69729cefbf1863a3ffd26a51aa attempt=1/2 delay=10s
2026-02-27 03:45:13,535 [INFO] [u_station_ab_night_autotune_v2] monitor.onchain_factory: ENRICH_RETRY token=0x5c59294cc18194d94c5e89c1d06a32d25889b9cc pair=0x258827719ccbfe5c3a65790cd83a2fa9dacea9ad attempt=1/2 delay=10s
2026-02-27 03:45:23,604 [INFO] [u_station_ab_night_autotune_v2] __main__: WATCHLIST merged count=4
2026-02-27 03:45:23,621 [INFO] [u_station_ab_night_autotune_v2] trading.v2_runtime: V2_UNIVERSE in=5 dedup=5 out=5 target=5 novel_target=5 novel_out=0 repeat_dropped=0 symbol_dropped=0 surge_in=0 surge_target=0 surge_out=0
2026-02-27 03:45:23,623 [INFO] [u_station_ab_night_autotune_v2] __main__: V2_SOURCE_QOS_FILTER in=5 out=3 drops={'source_qos_cap': 2} caps={'watchlist': 2, 'unknown': 0}
2026-02-27 03:45:23,628 [INFO] [u_station_ab_night_autotune_v2] __main__: FILTER_FAIL token=VIRTUAL reason=source_qos_cap source=watchlist used=2/2
2026-02-27 03:45:23,633 [INFO] [u_station_ab_night_autotune_v2] __main__: FILTER_FAIL token=AERO reason=source_qos_cap source=watchlist used=2/2
2026-02-27 03:45:23,635 [INFO] [u_station_ab_night_autotune_v2] __main__: FILTER_PASS token=POOPCOIN tier=A score=100 mode=GREEN risk=MEDIUM liq=453568 vol5m=10590
2026-02-27 03:45:23,638 [INFO] [u_station_ab_night_autotune_v2] __main__: FILTER_PASS token=cbBTC tier=A score=100 mode=GREEN risk=MEDIUM liq=21034306 vol5m=52997
2026-02-27 03:45:23,640 [INFO] [u_station_ab_night_autotune_v2] __main__: FILTER_FAIL token=DOH reason=score_min score=40 strict_min=48 soft_min=48 mode=GREEN
2026-02-27 03:45:23,641 [INFO] [u_station_ab_night_autotune_v2] __main__: V2_QUALITY_GATE enabled=True regime=GREEN in=2 out=2 core_out=1 explore_out=1 probe_out=0 quota=1 max_symbol_share=0.500 drop={} sources_used={'watchlist': 2}
2026-02-27 03:45:23,642 [INFO] [u_station_ab_night_autotune_v2] __main__: V2_ENTRY_ROUTE enabled=True regime=GREEN in=2 out=2 core_out=1 explore_out=1 quota=1 allow_explore=True
2026-02-27 03:45:23,643 [INFO] [u_station_ab_night_autotune_v2] __main__: MARKET_REGIME mode=GREEN reason=avg_cand=2.67 avg_cand_recent=2.67
2026-02-27 03:45:23,644 [INFO] [u_station_ab_night_autotune_v2] trading.auto_trader: AutoTrade skip token=cbBTC reason=cooldown_left_191s
2026-02-27 03:45:23,646 [INFO] [u_station_ab_night_autotune_v2] trading.auto_trader: AutoTrade skip token=POOPCOIN reason=blacklist detail=honeypot_guard:honeypot_api_status_404
2026-02-27 03:45:23,647 [INFO] [u_station_ab_night_autotune_v2] trading.auto_trader: AutoTrade batch mode=top_n candidates=2 eligible=2 selected=2 opened=0 pe=off burst_window=0
2026-02-27 03:45:23,648 [INFO] [u_station_ab_night_autotune_v2] __main__: Scanned 5 tokens | High quality: 2 | Alerts sent: 0 | Trade candidates: 2 | Quality out/core/explore/probe: 2/1/1/0 | Opened: 0 | Mode: local | Source: onchain+market | Policy: raw=OK/effective=OK(healthy | route=allow_all) | Regime: GREEN(avg_cand=2.67) | Safety: checked=2 fail_closed=0 reasons=api_code_4029:2 | FiltersTop(session): source_qos_cap:16,score_min:6,safe_age:4,safe_volume:2 | Dedup: heavy_skip=0 override=0 | V2Budget: 2/280 | SourceQoS: enabled=1/in=5/out=3/dropped=2/active_cd=0/drops=source_qos_cap:2 | Ingest: q=0/oldest=0.0s/drop_old=0/dedup_skip=0/enq=0/drain=0 | Sources: dex_boosts:ok=1/fail=0/429=0/lim_wait=0/cd_wait=0/err=0.0%/avg=34ms; dexscreener:ok=12/fail=0/429=0/lim_wait=0/cd_wait=0/err=0.0%/avg=39ms; onchain_enrich:ok=11/fail=0/429=0/lim_wait=0/cd_wait=0/err=0.0%/avg=59ms | Tasks: 3 | RSS: 0.0MB | CycleAvg: 5.34s
2026-02-27 03:45:27,920 [INFO] [u_station_ab_night_autotune_v2] monitor.onchain_factory: PAIR_DETECTED source=uniswap_v2 dex=uniswap_v2 pair=0x4000f2a349b6bc2e75cb6b058a9ef69ba46d0f0c token0=0x4200000000000000000000000000000000000006 token1=0xc801e93497a51108b4ecfb27c5676330f12daf36 block=42685483 factory=0x8909dc15e40173ff4699343b6eb8132c65e18ec6
2026-02-27 03:45:27,920 [INFO] [u_station_ab_night_autotune_v2] monitor.onchain_factory: PAIR_DETECTED source=uniswap_v2 dex=uniswap_v2 pair=0x0db158785fc22ddc9cbf2dbbdfa860e90883a625 token0=0x4200000000000000000000000000000000000006 token1=0xf987530222dc7fabee9a984308b94de8bcdb77a3 block=42685487 factory=0x8909dc15e40173ff4699343b6eb8132c65e18ec6
2026-02-27 03:45:27,920 [INFO] [u_station_ab_night_autotune_v2] monitor.onchain_factory: PAIR_DETECTED source=uniswap_v2 dex=uniswap_v2 pair=0x5f47fcb7d38ff5517ed4a8ad4474e3eef82a8bc1 token0=0x4200000000000000000000000000000000000006 token1=0x8ef4f6da60d00c92d502340912a0ff6031733707 block=42685487 factory=0x8909dc15e40173ff4699343b6eb8132c65e18ec6
2026-02-27 03:45:28,163 [INFO] [u_station_ab_night_autotune_v2] monitor.onchain_factory: ENRICH_RETRY token=0x177f2a2ec325eb65cb51e4953980933af845203a pair=0xe1fa71814bbd7f69729cefbf1863a3ffd26a51aa attempt=1/2 delay=10s
2026-02-27 03:45:28,169 [INFO] [u_station_ab_night_autotune_v2] monitor.onchain_factory: ENRICH_RETRY token=0x5c59294cc18194d94c5e89c1d06a32d25889b9cc pair=0x258827719ccbfe5c3a65790cd83a2fa9dacea9ad attempt=1/2 delay=10s
2026-02-27 03:45:28,369 [INFO] [u_station_ab_night_autotune_v2] monitor.onchain_factory: ENRICH_RETRY token=0xf987530222dc7fabee9a984308b94de8bcdb77a3 pair=0x0db158785fc22ddc9cbf2dbbdfa860e90883a625 attempt=1/2 delay=10s
2026-02-27 03:45:28,385 [INFO] [u_station_ab_night_autotune_v2] monitor.onchain_factory: ENRICH_RETRY token=0xc801e93497a51108b4ecfb27c5676330f12daf36 pair=0x4000f2a349b6bc2e75cb6b058a9ef69ba46d0f0c attempt=1/2 delay=10s
2026-02-27 03:45:28,385 [INFO] [u_station_ab_night_autotune_v2] monitor.onchain_factory: ENRICH_RETRY token=0x8ef4f6da60d00c92d502340912a0ff6031733707 pair=0x5f47fcb7d38ff5517ed4a8ad4474e3eef82a8bc1 attempt=1/2 delay=10s
2026-02-27 03:45:38,444 [INFO] [u_station_ab_night_autotune_v2] __main__: WATCHLIST merged count=4
2026-02-27 03:45:38,444 [INFO] [u_station_ab_night_autotune_v2] trading.v2_runtime: V2_UNIVERSE in=5 dedup=5 out=5 target=5 novel_target=5 novel_out=1 repeat_dropped=0 symbol_dropped=0 surge_in=0 surge_target=0 surge_out=0
2026-02-27 03:45:38,444 [INFO] [u_station_ab_night_autotune_v2] __main__: V2_SOURCE_QOS_FILTER in=5 out=3 drops={'source_qos_cap': 2} caps={'watchlist': 2, 'unknown': 0}
2026-02-27 03:45:38,454 [INFO] [u_station_ab_night_autotune_v2] __main__: FILTER_FAIL token=VIRTUAL reason=source_qos_cap source=watchlist used=2/2
2026-02-27 03:45:38,454 [INFO] [u_station_ab_night_autotune_v2] __main__: FILTER_FAIL token=AERO reason=source_qos_cap source=watchlist used=2/2
2026-02-27 03:45:38,454 [INFO] [u_station_ab_night_autotune_v2] __main__: FILTER_PASS token=POOPCOIN tier=A score=100 mode=GREEN risk=MEDIUM liq=453568 vol5m=10590
2026-02-27 03:45:38,454 [INFO] [u_station_ab_night_autotune_v2] __main__: FILTER_PASS token=cbBTC tier=A score=100 mode=GREEN risk=MEDIUM liq=21034306 vol5m=52997
2026-02-27 03:45:38,454 [INFO] [u_station_ab_night_autotune_v2] __main__: FILTER_FAIL token=WAARBWETH reason=score_min score=30 strict_min=48 soft_min=48 mode=GREEN
2026-02-27 03:45:38,454 [INFO] [u_station_ab_night_autotune_v2] __main__: V2_QUALITY_GATE enabled=True regime=GREEN in=2 out=2 core_out=1 explore_out=1 probe_out=0 quota=1 max_symbol_share=0.500 drop={} sources_used={'watchlist': 2}
2026-02-27 03:45:38,454 [INFO] [u_station_ab_night_autotune_v2] __main__: V2_ENTRY_ROUTE enabled=True regime=GREEN in=2 out=2 core_out=1 explore_out=1 quota=1 allow_explore=True
2026-02-27 03:45:38,454 [INFO] [u_station_ab_night_autotune_v2] __main__: MARKET_REGIME mode=GREEN reason=avg_cand=2.67 avg_cand_recent=2.67
2026-02-27 03:45:38,454 [INFO] [u_station_ab_night_autotune_v2] trading.auto_trader: AutoTrade skip token=cbBTC reason=cooldown_left_176s
2026-02-27 03:45:38,454 [INFO] [u_station_ab_night_autotune_v2] trading.auto_trader: AutoTrade skip token=POOPCOIN reason=blacklist detail=honeypot_guard:honeypot_api_status_404
2026-02-27 03:45:38,454 [INFO] [u_station_ab_night_autotune_v2] trading.auto_trader: AutoTrade batch mode=top_n candidates=2 eligible=2 selected=2 opened=0 pe=off burst_window=0
2026-02-27 03:45:38,454 [INFO] [u_station_ab_night_autotune_v2] __main__: Scanned 5 tokens | High quality: 2 | Alerts sent: 0 | Trade candidates: 2 | Quality out/core/explore/probe: 2/1/1/0 | Opened: 0 | Mode: local | Source: onchain+market | Policy: raw=OK/effective=OK(healthy | route=allow_all) | Regime: GREEN(avg_cand=2.67) | Safety: checked=2 fail_closed=0 reasons=api_code_4029:2 | FiltersTop(session): source_qos_cap:18,score_min:7,safe_age:4,safe_volume:2 | Dedup: heavy_skip=0 override=0 | V2Budget: 2/280 | SourceQoS: enabled=1/in=5/out=3/dropped=2/active_cd=0/drops=source_qos_cap:2 | Ingest: q=0/oldest=0.0s/drop_old=0/dedup_skip=0/enq=0/drain=0 | Sources: dex_boosts:ok=1/fail=0/429=0/lim_wait=0/cd_wait=0/err=0.0%/avg=46ms; dexscreener:ok=12/fail=0/429=0/lim_wait=0/cd_wait=0/err=0.0%/avg=189ms; onchain_enrich:ok=19/fail=0/429=0/lim_wait=0/cd_wait=0/err=0.0%/avg=86ms | Tasks: 3 | RSS: 0.0MB | CycleAvg: 5.80s
2026-02-27 03:45:42,476 [WARNING] [u_station_ab_night_autotune_v2] __main__: GRACEFUL_STOP requested path=D:\earnforme\solana-alert-bot\data\graceful_stop.u_station_ab_night_autotune_v2.signal
2026-02-27 03:45:42,523 [INFO] [u_station_ab_night_autotune_v2] trading.auto_trader: AUTOTRADER_SHUTDOWN reason=main_local_shutdown open=0 closed=61
