2026-02-27 12:49:14,288 [INFO] [u_station_ab_night_autotune_v2] __main__: SESSION_LOG file=logs/matrix/u_station_ab_night_autotune_v2\sessions\main_local_20260227_114914_pid12784.log
2026-02-27 12:49:14,319 [INFO] [u_station_ab_night_autotune_v2] trading.auto_trader_state: AutoTrade state loaded open=0 closed=97 balance=$7.32
2026-02-27 12:49:14,319 [WARNING] [u_station_ab_night_autotune_v2] trading.auto_trader: DATA_POLICY mode=OK reason=init_reset_manual prev_mode=OK prev_reason=healthy | route=allow_all
2026-02-27 12:49:14,319 [INFO] [u_station_ab_night_autotune_v2] __main__: AUTOTRADER_INIT state=ready reason=manual mode=paper
2026-02-27 12:49:14,319 [INFO] [u_station_ab_night_autotune_v2] __main__: Local mode started (Telegram disabled).
2026-02-27 12:49:14,790 [INFO] [u_station_ab_night_autotune_v2] monitor.onchain_factory: PAIR_DETECTED source=uniswap_v2 dex=uniswap_v2 pair=0x26b7bc047058fceee2e7cbce6c93beedb85841ce token0=0x2b2dbba18af0c670f78da9438779c24bafa3eb07 token1=0x4200000000000000000000000000000000000006 block=42701753 factory=0x8909dc15e40173ff4699343b6eb8132c65e18ec6
2026-02-27 12:49:14,987 [INFO] [u_station_ab_night_autotune_v2] monitor.onchain_factory: PAIR_DETECTED source=uniswap_v3 dex=uniswap_v3 pair=0x7f029d63fcbf4baffa7fed1875e5f7d91d1797cc token0=0x4200000000000000000000000000000000000006 token1=0x9607997a404531613321661f511c9f3ab5ed055c block=42701733 factory=0x33128a8fc17869897dce68ed026d694621f6fdfd
2026-02-27 12:49:14,987 [INFO] [u_station_ab_night_autotune_v2] monitor.onchain_factory: PAIR_DETECTED source=uniswap_v3 dex=uniswap_v3 pair=0xe3b975fc73eb513f0a6bc538ab1e03e4c0e71a33 token0=0x4200000000000000000000000000000000000006 token1=0xd8c16ee8ff54f5418f7043815b4163479b934a26 block=42701734 factory=0x33128a8fc17869897dce68ed026d694621f6fdfd
2026-02-27 12:49:15,421 [INFO] [u_station_ab_night_autotune_v2] monitor.onchain_factory: ENRICH_RETRY token=0xd8c16ee8ff54f5418f7043815b4163479b934a26 pair=0xe3b975fc73eb513f0a6bc538ab1e03e4c0e71a33 attempt=1/2 delay=10s
2026-02-27 12:49:15,479 [INFO] [u_station_ab_night_autotune_v2] monitor.onchain_factory: ENRICH_RETRY token=0x9607997a404531613321661f511c9f3ab5ed055c pair=0x7f029d63fcbf4baffa7fed1875e5f7d91d1797cc attempt=1/2 delay=10s
2026-02-27 12:49:15,621 [INFO] [u_station_ab_night_autotune_v2] monitor.onchain_factory: ENRICH_RETRY token=0x2b2dbba18af0c670f78da9438779c24bafa3eb07 pair=0x26b7bc047058fceee2e7cbce6c93beedb85841ce attempt=1/2 delay=10s
2026-02-27 12:49:27,091 [INFO] [u_station_ab_night_autotune_v2] __main__: WATCHLIST merged count=5
2026-02-27 12:49:27,091 [INFO] [u_station_ab_night_autotune_v2] trading.v2_runtime: V2_UNIVERSE in=17 dedup=17 out=17 target=17 novel_target=15 novel_out=17 repeat_dropped=0 symbol_dropped=0 surge_in=5 surge_target=5 surge_out=5
2026-02-27 12:49:27,091 [INFO] [u_station_ab_night_autotune_v2] __main__: V2_SOURCE_QOS_FILTER in=17 out=12 drops={'source_qos_symbol_cap': 2, 'source_qos_cap': 3} caps={'geckoterminal': 287, 'dexscreener': 292, 'watchlist': 2}
2026-02-27 12:49:27,091 [INFO] [u_station_ab_night_autotune_v2] __main__: FILTER_FAIL token=MOLTD reason=source_qos_symbol_cap symbol=MOLTD used=1/1
2026-02-27 12:49:27,091 [INFO] [u_station_ab_night_autotune_v2] __main__: FILTER_FAIL token=MOLTD reason=source_qos_symbol_cap symbol=MOLTD used=1/1
2026-02-27 12:49:27,091 [INFO] [u_station_ab_night_autotune_v2] __main__: FILTER_FAIL token=SPOTLIGHT reason=source_qos_cap source=watchlist used=2/2
2026-02-27 12:49:27,097 [INFO] [u_station_ab_night_autotune_v2] __main__: FILTER_FAIL token=cbBTC reason=source_qos_cap source=watchlist used=2/2
2026-02-27 12:49:27,097 [INFO] [u_station_ab_night_autotune_v2] __main__: FILTER_FAIL token=AERO reason=source_qos_cap source=watchlist used=2/2
2026-02-27 12:49:27,097 [INFO] [u_station_ab_night_autotune_v2] __main__: FILTER_PASS token=GUY tier=A score=90 mode=YELLOW risk=MEDIUM liq=24609 vol5m=44121
2026-02-27 12:49:27,097 [INFO] [u_station_ab_night_autotune_v2] monitor.local_alerter: Local alert token=GUY address=0x3a3ae24cf3ad353c2e264484f2b53c099d56eb07 score=90 reco=BUY risk=MEDIUM warnings=0 liq=24609 vol5m=44121
2026-02-27 12:49:27,097 [INFO] [u_station_ab_night_autotune_v2] __main__: FILTER_FAIL token=Constituti reason=safe_change_5m
2026-02-27 12:49:27,097 [INFO] [u_station_ab_night_autotune_v2] __main__: FILTER_FAIL token=CLAWNCH reason=safe_change_5m
2026-02-27 12:49:27,097 [INFO] [u_station_ab_night_autotune_v2] __main__: FILTER_FAIL token=ROBO reason=safe_age
2026-02-27 12:49:27,097 [INFO] [u_station_ab_night_autotune_v2] __main__: FILTER_FAIL token=MOLTD reason=safe_change_5m
2026-02-27 12:49:27,097 [INFO] [u_station_ab_night_autotune_v2] __main__: FILTER_FAIL token=STTO reason=safe_age
2026-02-27 12:49:27,103 [INFO] [u_station_ab_night_autotune_v2] __main__: FILTER_PASS token=Coolcats tier=A score=60 mode=YELLOW risk=MEDIUM liq=24184 vol5m=1973
2026-02-27 12:49:27,103 [INFO] [u_station_ab_night_autotune_v2] monitor.local_alerter: Local alert token=Coolcats address=0x1937d44a13e94d18dae433f994b22440f8644ba3 score=60 reco=HOLD risk=MEDIUM warnings=0 liq=24184 vol5m=1973
2026-02-27 12:49:27,103 [INFO] [u_station_ab_night_autotune_v2] __main__: FILTER_PASS token=Dreamcash tier=A score=60 mode=YELLOW risk=MEDIUM liq=20738 vol5m=775
2026-02-27 12:49:27,103 [INFO] [u_station_ab_night_autotune_v2] monitor.local_alerter: Local alert token=Dreamcash address=0xf2d49613c302aac241f93816ce0585571d4ffba3 score=60 reco=HOLD risk=MEDIUM warnings=0 liq=20738 vol5m=775
2026-02-27 12:49:27,103 [INFO] [u_station_ab_night_autotune_v2] __main__: FILTER_PASS token=VVV tier=A score=100 mode=YELLOW risk=MEDIUM liq=2983779 vol5m=107742
2026-02-27 12:49:27,103 [INFO] [u_station_ab_night_autotune_v2] __main__: FILTER_FAIL token=XAG reason=safe_contract
2026-02-27 12:49:27,103 [INFO] [u_station_ab_night_autotune_v2] __main__: FILTER_PASS token=VIRTUAL tier=A score=95 mode=YELLOW risk=MEDIUM liq=7409920 vol5m=9881
2026-02-27 12:49:27,103 [INFO] [u_station_ab_night_autotune_v2] __main__: FILTER_PASS token=drifcw tier=A score=60 mode=YELLOW risk=MEDIUM liq=20589 vol5m=194
2026-02-27 12:49:27,103 [INFO] [u_station_ab_night_autotune_v2] monitor.local_alerter: Local alert token=drifcw address=0x69c918d105388cfb551984e231f69d1cbe78fba3 score=60 reco=HOLD risk=MEDIUM warnings=0 liq=20589 vol5m=194
2026-02-27 12:49:27,103 [INFO] [u_station_ab_night_autotune_v2] trading.v2_runtime: V2_QUALITY_ROTATE symbols_core=0 symbols_cooldown=0 sources=1 top_core=- top_cooldown=-
2026-02-27 12:49:27,103 [INFO] [u_station_ab_night_autotune_v2] __main__: V2_QUALITY_GATE enabled=True regime=YELLOW in=6 out=6 core_out=1 explore_out=5 probe_out=0 quota=3 max_symbol_share=0.167 drop={'duplicate_address': 4} sources_used={'watchlist': 2, 'geckoterminal': 4}
2026-02-27 12:49:27,103 [INFO] [u_station_ab_night_autotune_v2] __main__: V2_ENTRY_ROUTE enabled=True regime=YELLOW in=6 out=4 core_out=1 explore_out=3 quota=3 allow_explore=True
2026-02-27 12:49:27,103 [WARNING] [u_station_ab_night_autotune_v2] trading.auto_trader: DATA_POLICY mode=OK reason=healthy | route=allow_all prev_mode=OK prev_reason=init_reset_manual
2026-02-27 12:49:27,103 [INFO] [u_station_ab_night_autotune_v2] __main__: MARKET_REGIME mode=YELLOW reason=hysteresis_recover_wait 1/4 raw=GREEN avg_cand_recent=6.00
2026-02-27 12:49:27,120 [INFO] [u_station_ab_night_autotune_v2] trading.auto_trader: AutoTrade adjust token=GUY reason=min_trade_floor size=$0.06->$0.10 min=$0.10
2026-02-27 12:49:27,120 [INFO] [u_station_ab_night_autotune_v2] trading.auto_trader: AutoTrade skip token=GUY reason=edge_low mode=both edge=-24.19% raw=-22.40% mult=1.08 min=0.05% probe_min=0.05% edge_usd=$-0.024 min_usd=$0.000 probe_min_usd=$0.000 size=$0.10 gross=8.00% costs=30.40% pwin=0.75 probe=- budget=0/1
2026-02-27 12:49:27,135 [INFO] [u_station_ab_night_autotune_v2] trading.auto_trader: AUTO_DECISION token=VVV mode=YELLOW tier=A channel=core score=100 src=watchlist liq=2983779 vol5m=107742 chg5m=-2.93% edge=0.83% raw=0.77% regime_mult=1.08 edge_usd=$0.004 size=$0.45 mult=1.35(score=1.15 liq=1.15 vol=1.10 volat=1.05) reinvest=1.05(growth_steps=0 drawdown=4.66% loss_streak=0 edge=5.52%) size_mode=0.80 hold_mode=1.06 exec_lane=runner exec_mult(size=1.10 hold=1.32 edge=0.94) edge_gate_mult(usd=1.00,pct=1.00) quality(edge=0.98,size=1.04 detail=src_mult=1.00 ev=0.00000 edge(src_relax=0.000 src_tight=0.000 ev_adj=-0.000) size(src_relax=0.000 src_cut=0.000 ev_adj=0.000)) costs=8.83% gas=$0.028 ev_net=$0.00060 ev_samples=115 conf=1.00 pwin=0.56 avg_win=$0.0084 avg_loss=$0.0083 kelly=0.86(k=0.115) token_ev=sparse trades=0<18 cluster=s3|l3|v3|m1|r1 cluster_route=sparse samples=0<10 breakdown={'liquidity_score': 30, 'volume_score': 30, 'risk_score': 15, 'age_score': 15, 'safety_score': 15}
2026-02-27 12:49:27,353 [INFO] [u_station_ab_night_autotune_v2] trading.auto_trader: AUTO_BUY Paper BUY token=VVV address=0xacfe6019ed1a7dc6f7b508c02d1b04ec88cc21bf mode=YELLOW tier=A channel=core lane=runner entry=$4.88631300 size=$0.45 score=100 edge=0.83% edge_usd=$0.004 mult=1.35(score=1.15 liq=1.15 vol=1.10 volat=1.05) hold=133s costs=2.70% gas=$0.03
2026-02-27 12:49:27,404 [INFO] [u_station_ab_night_autotune_v2] trading.auto_trader: AutoTrade skip token=VIRTUAL reason=edge_low mode=both edge=-19.49% raw=-18.05% mult=1.08 min=0.05% probe_min=0.05% edge_usd=$-0.022 min_usd=$0.000 probe_min_usd=$0.000 size=$0.11 gross=9.60% costs=27.65% pwin=0.85 probe=- budget=0/1
2026-02-27 12:49:27,404 [INFO] [u_station_ab_night_autotune_v2] trading.auto_trader: AutoTrade batch mode=top_n candidates=4 eligible=3 selected=3 opened=1 pe=off burst_window=1
2026-02-27 12:49:27,738 [INFO] [u_station_ab_night_autotune_v2] __main__: FILTER_THRESHOLDS safe_volume_5m_min=$5 safe_liquidity_min=$8000 safe_age_min=240s score_min=48 edge_min=0.05% lock_floor=0.95 no_momentum_max_pnl=0.25 weakness_pnl=-2.60
2026-02-27 12:49:27,738 [INFO] [u_station_ab_night_autotune_v2] __main__: Scanned 17 tokens | High quality: 6 | Alerts sent: 4 | Trade candidates: 6 | Quality out/core/explore/probe: 6/1/5/0 | Opened: 1 | Mode: local | Source: onchain+market | Policy: raw=OK/effective=OK(healthy | route=allow_all) | Regime: YELLOW(hysteresis_recover_wait 1/4 raw=GREEN) | Safety: checked=7 fail_closed=0 reasons=api_code_4029:7 | FiltersTop(session): source_qos_cap:3,safe_change_5m:3,source_qos_symbol_cap:2,safe_age:2 | Dedup: heavy_skip=0 override=0 | V2Budget: 7/280 | SourceQoS: enabled=1/in=17/out=12/dropped=5/active_cd=0/drops=source_qos_cap:3,source_qos_symbol_cap:2 | Ingest: q=0/oldest=0.0s/drop_old=0/dedup_skip=0/enq=11/drain=11 | Sources: dex_boosts:ok=1/fail=0/429=0/lim_wait=0/cd_wait=0/err=0.0%/avg=180ms; dexscreener:ok=11/fail=0/429=0/lim_wait=0/cd_wait=0/err=0.0%/avg=340ms; geckoterminal:ok=2/fail=0/429=0/lim_wait=0/cd_wait=0/err=0.0%/avg=162ms; onchain_enrich:ok=12/fail=0/429=0/lim_wait=0/cd_wait=0/err=0.0%/avg=148ms; onchain_weth_price:ok=2/fail=0/429=0/lim_wait=0/cd_wait=0/err=0.0%/avg=66ms; watchlist_dex:ok=10/fail=0/429=0/lim_wait=0/cd_wait=0/err=0.0%/avg=127ms; watchlist_gecko:ok=6/fail=0/429=0/lim_wait=0/cd_wait=0/err=0.0%/avg=526ms | Tasks: 3 | RSS: 0.0MB | CycleAvg: 0.00s
2026-02-27 12:49:32,282 [INFO] [u_station_ab_night_autotune_v2] monitor.onchain_factory: ENRICH_RETRY token=0x2b2dbba18af0c670f78da9438779c24bafa3eb07 pair=0x26b7bc047058fceee2e7cbce6c93beedb85841ce attempt=1/2 delay=10s
2026-02-27 12:49:32,282 [INFO] [u_station_ab_night_autotune_v2] monitor.onchain_factory: ENRICH_RETRY token=0x9607997a404531613321661f511c9f3ab5ed055c pair=0x7f029d63fcbf4baffa7fed1875e5f7d91d1797cc attempt=1/2 delay=10s
2026-02-27 12:49:32,382 [INFO] [u_station_ab_night_autotune_v2] monitor.onchain_factory: ENRICH_RETRY token=0xd8c16ee8ff54f5418f7043815b4163479b934a26 pair=0xe3b975fc73eb513f0a6bc538ab1e03e4c0e71a33 attempt=1/2 delay=10s
2026-02-27 12:49:42,453 [INFO] [u_station_ab_night_autotune_v2] __main__: WATCHLIST merged count=5
2026-02-27 12:49:42,453 [INFO] [u_station_ab_night_autotune_v2] trading.v2_runtime: V2_UNIVERSE in=5 dedup=5 out=5 target=5 novel_target=5 novel_out=0 repeat_dropped=0 symbol_dropped=0 surge_in=0 surge_target=0 surge_out=0
2026-02-27 12:49:42,453 [INFO] [u_station_ab_night_autotune_v2] __main__: V2_SOURCE_QOS_FILTER in=5 out=3 drops={'source_qos_cap': 2} caps={'watchlist': 3}
2026-02-27 12:49:42,453 [INFO] [u_station_ab_night_autotune_v2] __main__: FILTER_FAIL token=cbBTC reason=source_qos_cap source=watchlist used=3/3
2026-02-27 12:49:42,453 [INFO] [u_station_ab_night_autotune_v2] __main__: FILTER_FAIL token=AERO reason=source_qos_cap source=watchlist used=3/3
2026-02-27 12:49:42,453 [INFO] [u_station_ab_night_autotune_v2] __main__: FILTER_PASS token=VVV tier=A score=100 mode=YELLOW risk=MEDIUM liq=2983779 vol5m=107742
2026-02-27 12:49:42,453 [INFO] [u_station_ab_night_autotune_v2] __main__: FILTER_PASS token=VIRTUAL tier=A score=95 mode=YELLOW risk=MEDIUM liq=7409920 vol5m=9881
2026-02-27 12:49:42,453 [INFO] [u_station_ab_night_autotune_v2] __main__: FILTER_FAIL token=SPOTLIGHT reason=safe_change_5m
2026-02-27 12:49:42,453 [INFO] [u_station_ab_night_autotune_v2] __main__: V2_QUALITY_GATE enabled=True regime=YELLOW in=2 out=2 core_out=1 explore_out=1 probe_out=0 quota=1 max_symbol_share=0.500 drop={} sources_used={'watchlist': 2}
2026-02-27 12:49:42,453 [INFO] [u_station_ab_night_autotune_v2] __main__: V2_ENTRY_ROUTE enabled=True regime=YELLOW in=2 out=2 core_out=1 explore_out=1 quota=1 allow_explore=True
2026-02-27 12:49:42,453 [INFO] [u_station_ab_night_autotune_v2] __main__: MARKET_REGIME mode=YELLOW reason=hysteresis_recover_wait 2/4 raw=GREEN avg_cand_recent=4.00
2026-02-27 12:49:42,453 [INFO] [u_station_ab_night_autotune_v2] trading.auto_trader: AutoTrade batch prefilter removed=1 missing_addr=0 open_duplicate=1
2026-02-27 12:49:42,453 [INFO] [u_station_ab_night_autotune_v2] trading.auto_trader: AutoTrade skip token=VIRTUAL reason=edge_low mode=both edge=-19.49% raw=-18.05% mult=1.08 min=0.05% probe_min=0.05% edge_usd=$-0.022 min_usd=$0.000 probe_min_usd=$0.000 size=$0.11 gross=9.60% costs=27.65% pwin=0.85 probe=- budget=0/1
2026-02-27 12:49:42,453 [INFO] [u_station_ab_night_autotune_v2] trading.auto_trader: AutoTrade batch mode=top_n candidates=2 eligible=1 selected=1 opened=0 pe=off burst_window=1
2026-02-27 12:49:42,538 [INFO] [u_station_ab_night_autotune_v2] __main__: Scanned 5 tokens | High quality: 3 | Alerts sent: 0 | Trade candidates: 2 | Quality out/core/explore/probe: 2/1/1/0 | Opened: 0 | Mode: local | Source: onchain+market | Policy: raw=OK/effective=OK(healthy | route=allow_all) | Regime: YELLOW(hysteresis_recover_wait 2/4 raw=GREEN) | Safety: checked=2 fail_closed=0 reasons=api_code_4029:2 | FiltersTop(session): source_qos_cap:5,safe_change_5m:4,source_qos_symbol_cap:2,safe_age:2 | Dedup: heavy_skip=0 override=0 | V2Budget: 2/280 | SourceQoS: enabled=1/in=5/out=3/dropped=2/active_cd=0/drops=source_qos_cap:2 | Ingest: q=0/oldest=0.0s/drop_old=0/dedup_skip=0/enq=0/drain=0 | Sources: dex_boosts:ok=1/fail=0/429=0/lim_wait=0/cd_wait=0/err=0.0%/avg=128ms; dexscreener:ok=11/fail=0/429=0/lim_wait=0/cd_wait=0/err=0.0%/avg=110ms; onchain_enrich:ok=12/fail=0/429=0/lim_wait=0/cd_wait=0/err=0.0%/avg=55ms | Tasks: 3 | RSS: 0.0MB | CycleAvg: 13.41s
2026-02-27 12:49:47,372 [INFO] [u_station_ab_night_autotune_v2] monitor.onchain_factory: ENRICH_RETRY token=0x2b2dbba18af0c670f78da9438779c24bafa3eb07 pair=0x26b7bc047058fceee2e7cbce6c93beedb85841ce attempt=1/2 delay=10s
2026-02-27 12:49:47,400 [INFO] [u_station_ab_night_autotune_v2] monitor.onchain_factory: ENRICH_RETRY token=0xd8c16ee8ff54f5418f7043815b4163479b934a26 pair=0xe3b975fc73eb513f0a6bc538ab1e03e4c0e71a33 attempt=1/2 delay=10s
2026-02-27 12:49:47,430 [INFO] [u_station_ab_night_autotune_v2] monitor.onchain_factory: ENRICH_RETRY token=0x9607997a404531613321661f511c9f3ab5ed055c pair=0x7f029d63fcbf4baffa7fed1875e5f7d91d1797cc attempt=1/2 delay=10s
2026-02-27 12:49:57,535 [INFO] [u_station_ab_night_autotune_v2] __main__: WATCHLIST merged count=5
2026-02-27 12:49:57,535 [INFO] [u_station_ab_night_autotune_v2] trading.v2_runtime: V2_UNIVERSE in=5 dedup=5 out=5 target=5 novel_target=5 novel_out=0 repeat_dropped=0 symbol_dropped=0 surge_in=0 surge_target=0 surge_out=0
2026-02-27 12:49:57,535 [INFO] [u_station_ab_night_autotune_v2] __main__: V2_SOURCE_QOS_FILTER in=5 out=3 drops={'source_qos_cap': 2} caps={'watchlist': 3}
2026-02-27 12:49:57,535 [INFO] [u_station_ab_night_autotune_v2] __main__: FILTER_FAIL token=cbBTC reason=source_qos_cap source=watchlist used=3/3
2026-02-27 12:49:57,535 [INFO] [u_station_ab_night_autotune_v2] __main__: FILTER_FAIL token=AERO reason=source_qos_cap source=watchlist used=3/3
2026-02-27 12:49:57,535 [INFO] [u_station_ab_night_autotune_v2] __main__: FILTER_PASS token=VVV tier=A score=100 mode=YELLOW risk=MEDIUM liq=2983779 vol5m=107742
2026-02-27 12:49:57,551 [INFO] [u_station_ab_night_autotune_v2] __main__: FILTER_PASS token=VIRTUAL tier=A score=95 mode=YELLOW risk=MEDIUM liq=7409920 vol5m=9881
2026-02-27 12:49:57,553 [INFO] [u_station_ab_night_autotune_v2] __main__: FILTER_FAIL token=SPOTLIGHT reason=safe_change_5m
2026-02-27 12:49:57,553 [INFO] [u_station_ab_night_autotune_v2] __main__: V2_QUALITY_GATE enabled=True regime=YELLOW in=2 out=2 core_out=1 explore_out=1 probe_out=0 quota=1 max_symbol_share=0.500 drop={} sources_used={'watchlist': 2}
2026-02-27 12:49:57,553 [INFO] [u_station_ab_night_autotune_v2] __main__: V2_ENTRY_ROUTE enabled=True regime=YELLOW in=2 out=2 core_out=1 explore_out=1 quota=1 allow_explore=True
2026-02-27 12:49:57,553 [INFO] [u_station_ab_night_autotune_v2] __main__: MARKET_REGIME mode=YELLOW reason=hysteresis_recover_wait 3/4 raw=GREEN avg_cand_recent=3.33
2026-02-27 12:49:57,553 [INFO] [u_station_ab_night_autotune_v2] trading.auto_trader: AutoTrade batch prefilter removed=1 missing_addr=0 open_duplicate=1
2026-02-27 12:49:57,553 [INFO] [u_station_ab_night_autotune_v2] trading.auto_trader: AutoTrade skip token=VIRTUAL reason=edge_low mode=both edge=-19.49% raw=-18.05% mult=1.08 min=0.05% probe_min=0.05% edge_usd=$-0.022 min_usd=$0.000 probe_min_usd=$0.000 size=$0.11 gross=9.60% costs=27.65% pwin=0.85 probe=- budget=0/1
2026-02-27 12:49:57,553 [INFO] [u_station_ab_night_autotune_v2] trading.auto_trader: AutoTrade batch mode=top_n candidates=2 eligible=1 selected=1 opened=0 pe=off burst_window=1
2026-02-27 12:49:57,727 [INFO] [u_station_ab_night_autotune_v2] __main__: Scanned 5 tokens | High quality: 3 | Alerts sent: 0 | Trade candidates: 2 | Quality out/core/explore/probe: 2/1/1/0 | Opened: 0 | Mode: local | Source: onchain+market | Policy: raw=OK/effective=OK(healthy | route=allow_all) | Regime: YELLOW(hysteresis_recover_wait 3/4 raw=GREEN) | Safety: checked=2 fail_closed=0 reasons=api_code_4029:2 | FiltersTop(session): source_qos_cap:7,safe_change_5m:5,source_qos_symbol_cap:2,safe_age:2 | Dedup: heavy_skip=0 override=0 | V2Budget: 2/280 | SourceQoS: enabled=1/in=5/out=3/dropped=2/active_cd=0/drops=source_qos_cap:2 | Ingest: q=0/oldest=0.0s/drop_old=0/dedup_skip=0/enq=0/drain=0 | Sources: dex_boosts:ok=1/fail=0/429=0/lim_wait=0/cd_wait=0/err=0.0%/avg=94ms; dexscreener:ok=11/fail=0/429=0/lim_wait=0/cd_wait=0/err=0.0%/avg=233ms; onchain_enrich:ok=12/fail=0/429=0/lim_wait=0/cd_wait=0/err=0.0%/avg=126ms | Tasks: 3 | RSS: 0.0MB | CycleAvg: 12.10s
2026-02-27 12:50:02,319 [INFO] [u_station_ab_night_autotune_v2] monitor.onchain_factory: ENRICH_RETRY token=0xd8c16ee8ff54f5418f7043815b4163479b934a26 pair=0xe3b975fc73eb513f0a6bc538ab1e03e4c0e71a33 attempt=1/2 delay=10s
2026-02-27 12:50:02,319 [INFO] [u_station_ab_night_autotune_v2] monitor.onchain_factory: ENRICH_RETRY token=0x9607997a404531613321661f511c9f3ab5ed055c pair=0x7f029d63fcbf4baffa7fed1875e5f7d91d1797cc attempt=1/2 delay=10s
2026-02-27 12:50:02,334 [INFO] [u_station_ab_night_autotune_v2] monitor.onchain_factory: ENRICH_RETRY token=0x2b2dbba18af0c670f78da9438779c24bafa3eb07 pair=0x26b7bc047058fceee2e7cbce6c93beedb85841ce attempt=1/2 delay=10s
2026-02-27 12:50:12,414 [INFO] [u_station_ab_night_autotune_v2] __main__: WATCHLIST merged count=5
2026-02-27 12:50:12,415 [INFO] [u_station_ab_night_autotune_v2] trading.v2_runtime: V2_UNIVERSE in=5 dedup=5 out=5 target=5 novel_target=5 novel_out=0 repeat_dropped=0 symbol_dropped=0 surge_in=0 surge_target=0 surge_out=0
2026-02-27 12:50:12,416 [INFO] [u_station_ab_night_autotune_v2] __main__: V2_SOURCE_QOS_FILTER in=5 out=3 drops={'source_qos_cap': 2} caps={'watchlist': 3}
2026-02-27 12:50:12,417 [INFO] [u_station_ab_night_autotune_v2] __main__: FILTER_FAIL token=cbBTC reason=source_qos_cap source=watchlist used=3/3
2026-02-27 12:50:12,418 [INFO] [u_station_ab_night_autotune_v2] __main__: FILTER_FAIL token=AERO reason=source_qos_cap source=watchlist used=3/3
2026-02-27 12:50:12,418 [INFO] [u_station_ab_night_autotune_v2] __main__: FILTER_PASS token=VVV tier=A score=100 mode=YELLOW risk=MEDIUM liq=2983779 vol5m=107742
2026-02-27 12:50:12,419 [INFO] [u_station_ab_night_autotune_v2] __main__: FILTER_PASS token=VIRTUAL tier=A score=95 mode=YELLOW risk=MEDIUM liq=7409920 vol5m=9881
2026-02-27 12:50:12,421 [INFO] [u_station_ab_night_autotune_v2] __main__: FILTER_FAIL token=SPOTLIGHT reason=safe_change_5m
2026-02-27 12:50:12,422 [INFO] [u_station_ab_night_autotune_v2] __main__: V2_QUALITY_GATE enabled=True regime=GREEN in=2 out=2 core_out=1 explore_out=1 probe_out=0 quota=1 max_symbol_share=0.500 drop={} sources_used={'watchlist': 2}
2026-02-27 12:50:12,422 [INFO] [u_station_ab_night_autotune_v2] __main__: V2_ENTRY_ROUTE enabled=True regime=GREEN in=2 out=2 core_out=1 explore_out=1 quota=1 allow_explore=True
2026-02-27 12:50:12,423 [INFO] [u_station_ab_night_autotune_v2] __main__: MARKET_REGIME mode=GREEN reason=avg_cand=3.00 avg_cand_recent=3.00
2026-02-27 12:50:12,424 [WARNING] [u_station_ab_night_autotune_v2] monitor.local_alerter: Local event symbol=MARKET_MODE reco=GREEN risk=INFO
2026-02-27 12:50:12,424 [INFO] [u_station_ab_night_autotune_v2] trading.auto_trader: AutoTrade batch prefilter removed=1 missing_addr=0 open_duplicate=1
2026-02-27 12:50:12,426 [INFO] [u_station_ab_night_autotune_v2] trading.auto_trader: AutoTrade skip token=VIRTUAL reason=edge_low mode=both edge=-19.49% raw=-18.05% mult=1.08 min=0.05% probe_min=0.05% edge_usd=$-0.022 min_usd=$0.000 probe_min_usd=$0.000 size=$0.11 gross=9.60% costs=27.65% pwin=0.85 probe=- budget=0/1
2026-02-27 12:50:12,427 [INFO] [u_station_ab_night_autotune_v2] trading.auto_trader: AutoTrade batch mode=top_n candidates=2 eligible=1 selected=1 opened=0 pe=off burst_window=0
2026-02-27 12:50:12,567 [INFO] [u_station_ab_night_autotune_v2] __main__: Scanned 5 tokens | High quality: 3 | Alerts sent: 0 | Trade candidates: 2 | Quality out/core/explore/probe: 2/1/1/0 | Opened: 0 | Mode: local | Source: onchain+market | Policy: raw=OK/effective=OK(healthy | route=allow_all) | Regime: GREEN(avg_cand=3.00) | Safety: checked=2 fail_closed=0 reasons=api_code_4029:2 | FiltersTop(session): source_qos_cap:9,safe_change_5m:6,source_qos_symbol_cap:2,safe_age:2 | Dedup: heavy_skip=0 override=0 | V2Budget: 2/280 | SourceQoS: enabled=1/in=5/out=3/dropped=2/active_cd=0/drops=source_qos_cap:2 | Ingest: q=0/oldest=0.0s/drop_old=0/dedup_skip=0/enq=0/drain=0 | Sources: dex_boosts:ok=1/fail=0/429=0/lim_wait=0/cd_wait=0/err=0.0%/avg=87ms; dexscreener:ok=11/fail=0/429=0/lim_wait=0/cd_wait=0/err=0.0%/avg=99ms; onchain_enrich:ok=12/fail=0/429=0/lim_wait=0/cd_wait=0/err=0.0%/avg=49ms | Tasks: 3 | RSS: 0.0MB | CycleAvg: 11.79s
2026-02-27 12:50:16,854 [INFO] [u_station_ab_night_autotune_v2] monitor.onchain_factory: PAIR_DETECTED source=uniswap_v2 dex=uniswap_v2 pair=0x465f011da0968198e3bc0d601a4e7ccb2a71bb1d token0=0x4200000000000000000000000000000000000006 token1=0x95707b3f4b663be87be5413c7e9159eb124447be block=42701828 factory=0x8909dc15e40173ff4699343b6eb8132c65e18ec6
2026-02-27 12:50:17,088 [INFO] [u_station_ab_night_autotune_v2] monitor.onchain_factory: ENRICH_RETRY token=0x2b2dbba18af0c670f78da9438779c24bafa3eb07 pair=0x26b7bc047058fceee2e7cbce6c93beedb85841ce attempt=1/2 delay=10s
2026-02-27 12:50:17,088 [INFO] [u_station_ab_night_autotune_v2] monitor.onchain_factory: ENRICH_RETRY token=0x9607997a404531613321661f511c9f3ab5ed055c pair=0x7f029d63fcbf4baffa7fed1875e5f7d91d1797cc attempt=1/2 delay=10s
2026-02-27 12:50:17,154 [INFO] [u_station_ab_night_autotune_v2] monitor.onchain_factory: ENRICH_RETRY token=0xd8c16ee8ff54f5418f7043815b4163479b934a26 pair=0xe3b975fc73eb513f0a6bc538ab1e03e4c0e71a33 attempt=1/2 delay=10s
2026-02-27 12:50:17,239 [INFO] [u_station_ab_night_autotune_v2] monitor.onchain_factory: ENRICH_RETRY token=0x95707b3f4b663be87be5413c7e9159eb124447be pair=0x465f011da0968198e3bc0d601a4e7ccb2a71bb1d attempt=1/2 delay=10s
2026-02-27 12:50:27,542 [INFO] [u_station_ab_night_autotune_v2] __main__: WATCHLIST merged count=5
2026-02-27 12:50:27,542 [INFO] [u_station_ab_night_autotune_v2] trading.v2_runtime: V2_UNIVERSE in=5 dedup=5 out=5 target=5 novel_target=5 novel_out=0 repeat_dropped=0 symbol_dropped=0 surge_in=0 surge_target=0 surge_out=0
2026-02-27 12:50:27,543 [INFO] [u_station_ab_night_autotune_v2] __main__: V2_SOURCE_QOS_FILTER in=5 out=3 drops={'source_qos_cap': 2} caps={'watchlist': 3}
2026-02-27 12:50:27,544 [INFO] [u_station_ab_night_autotune_v2] __main__: FILTER_FAIL token=cbBTC reason=source_qos_cap source=watchlist used=3/3
2026-02-27 12:50:27,545 [INFO] [u_station_ab_night_autotune_v2] __main__: FILTER_FAIL token=AERO reason=source_qos_cap source=watchlist used=3/3
2026-02-27 12:50:27,546 [INFO] [u_station_ab_night_autotune_v2] __main__: FILTER_PASS token=VVV tier=A score=100 mode=GREEN risk=MEDIUM liq=2983779 vol5m=107742
2026-02-27 12:50:27,547 [INFO] [u_station_ab_night_autotune_v2] __main__: FILTER_PASS token=VIRTUAL tier=A score=95 mode=GREEN risk=MEDIUM liq=7409920 vol5m=9881
2026-02-27 12:50:27,548 [INFO] [u_station_ab_night_autotune_v2] __main__: FILTER_FAIL token=SPOTLIGHT reason=safe_change_5m
2026-02-27 12:50:27,548 [INFO] [u_station_ab_night_autotune_v2] __main__: V2_QUALITY_GATE enabled=True regime=GREEN in=2 out=2 core_out=1 explore_out=1 probe_out=0 quota=1 max_symbol_share=0.500 drop={} sources_used={'watchlist': 2}
2026-02-27 12:50:27,549 [INFO] [u_station_ab_night_autotune_v2] __main__: V2_ENTRY_ROUTE enabled=True regime=GREEN in=2 out=2 core_out=1 explore_out=1 quota=1 allow_explore=True
2026-02-27 12:50:27,549 [INFO] [u_station_ab_night_autotune_v2] __main__: MARKET_REGIME mode=GREEN reason=avg_cand=2.80 avg_cand_recent=2.80
2026-02-27 12:50:27,550 [INFO] [u_station_ab_night_autotune_v2] trading.auto_trader: AutoTrade batch prefilter removed=1 missing_addr=0 open_duplicate=1
2026-02-27 12:50:27,564 [INFO] [u_station_ab_night_autotune_v2] trading.auto_trader: AutoTrade adjust token=VIRTUAL reason=min_trade_floor size=$0.10->$0.10 min=$0.10
2026-02-27 12:50:27,566 [INFO] [u_station_ab_night_autotune_v2] trading.auto_trader: AutoTrade skip token=VIRTUAL reason=ev_net_low expected_net=$-0.00987 min=$-0.00232 samples=23 conf=1.00 pwin=0.30 avg_win=$0.0097 avg_loss=$0.0177 kelly=0.000 mem=sparse trades=0<18
2026-02-27 12:50:27,566 [INFO] [u_station_ab_night_autotune_v2] trading.auto_trader: AutoTrade batch mode=top_n candidates=2 eligible=1 selected=1 opened=0 pe=off burst_window=0
2026-02-27 12:50:27,567 [INFO] [u_station_ab_night_autotune_v2] trading.auto_trader: PAPER_SUMMARY window=60s closed_delta=0 wins_delta=0 losses_delta=0 realized_delta=$0.00 total_closed=97 winrate_total=43.3% realized_total=$0.32 balance=$6.87 equity=$7.32 open=1
2026-02-27 12:50:27,789 [INFO] [u_station_ab_night_autotune_v2] __main__: Scanned 5 tokens | High quality: 3 | Alerts sent: 0 | Trade candidates: 2 | Quality out/core/explore/probe: 2/1/1/0 | Opened: 0 | Mode: local | Source: onchain+market | Policy: raw=OK/effective=OK(healthy | route=allow_all) | Regime: GREEN(avg_cand=2.80) | Safety: checked=2 fail_closed=0 reasons=api_code_4029:2 | FiltersTop(session): source_qos_cap:11,safe_change_5m:7,source_qos_symbol_cap:2,safe_age:2 | Dedup: heavy_skip=0 override=0 | V2Budget: 2/280 | SourceQoS: enabled=1/in=5/out=3/dropped=2/active_cd=0/drops=source_qos_cap:2 | Ingest: q=0/oldest=0.0s/drop_old=0/dedup_skip=0/enq=0/drain=0 | Sources: dex_boosts:ok=1/fail=0/429=0/lim_wait=0/cd_wait=0/err=0.0%/avg=61ms; dexscreener:ok=11/fail=0/429=0/lim_wait=0/cd_wait=0/err=0.0%/avg=47ms; onchain_enrich:ok=16/fail=0/429=0/lim_wait=0/cd_wait=0/err=0.0%/avg=103ms; onchain_weth_price:ok=3/fail=0/429=0/lim_wait=0/cd_wait=0/err=0.0%/avg=64ms | Tasks: 3 | RSS: 0.0MB | CycleAvg: 11.55s
2026-02-27 12:50:32,363 [INFO] [u_station_ab_night_autotune_v2] monitor.onchain_factory: ENRICH_RETRY token=0x2b2dbba18af0c670f78da9438779c24bafa3eb07 pair=0x26b7bc047058fceee2e7cbce6c93beedb85841ce attempt=1/2 delay=10s
2026-02-27 12:50:32,381 [INFO] [u_station_ab_night_autotune_v2] monitor.onchain_factory: ENRICH_RETRY token=0x9607997a404531613321661f511c9f3ab5ed055c pair=0x7f029d63fcbf4baffa7fed1875e5f7d91d1797cc attempt=1/2 delay=10s
2026-02-27 12:50:32,381 [INFO] [u_station_ab_night_autotune_v2] monitor.onchain_factory: ENRICH_RETRY token=0x95707b3f4b663be87be5413c7e9159eb124447be pair=0x465f011da0968198e3bc0d601a4e7ccb2a71bb1d attempt=1/2 delay=10s
2026-02-27 12:50:32,381 [INFO] [u_station_ab_night_autotune_v2] monitor.onchain_factory: ENRICH_RETRY token=0xd8c16ee8ff54f5418f7043815b4163479b934a26 pair=0xe3b975fc73eb513f0a6bc538ab1e03e4c0e71a33 attempt=1/2 delay=10s
2026-02-27 12:50:42,512 [INFO] [u_station_ab_night_autotune_v2] __main__: WATCHLIST merged count=5
2026-02-27 12:50:42,512 [INFO] [u_station_ab_night_autotune_v2] trading.v2_runtime: V2_UNIVERSE in=5 dedup=5 out=5 target=5 novel_target=5 novel_out=0 repeat_dropped=0 symbol_dropped=0 surge_in=0 surge_target=0 surge_out=0
2026-02-27 12:50:42,512 [INFO] [u_station_ab_night_autotune_v2] __main__: V2_SOURCE_QOS_FILTER in=5 out=3 drops={'source_qos_cap': 2} caps={'watchlist': 3}
2026-02-27 12:50:42,527 [INFO] [u_station_ab_night_autotune_v2] __main__: FILTER_FAIL token=cbBTC reason=source_qos_cap source=watchlist used=3/3
2026-02-27 12:50:42,527 [INFO] [u_station_ab_night_autotune_v2] __main__: FILTER_FAIL token=AERO reason=source_qos_cap source=watchlist used=3/3
2026-02-27 12:50:42,529 [INFO] [u_station_ab_night_autotune_v2] __main__: FILTER_PASS token=VVV tier=A score=100 mode=GREEN risk=MEDIUM liq=2983779 vol5m=107742
2026-02-27 12:50:42,530 [INFO] [u_station_ab_night_autotune_v2] __main__: FILTER_PASS token=VIRTUAL tier=A score=95 mode=GREEN risk=MEDIUM liq=7409920 vol5m=9881
2026-02-27 12:50:42,530 [INFO] [u_station_ab_night_autotune_v2] __main__: FILTER_FAIL token=SPOTLIGHT reason=safe_change_5m
2026-02-27 12:50:42,530 [INFO] [u_station_ab_night_autotune_v2] __main__: V2_QUALITY_GATE enabled=True regime=GREEN in=2 out=2 core_out=1 explore_out=1 probe_out=0 quota=1 max_symbol_share=0.500 drop={} sources_used={'watchlist': 2}
2026-02-27 12:50:42,530 [INFO] [u_station_ab_night_autotune_v2] __main__: V2_ENTRY_ROUTE enabled=True regime=GREEN in=2 out=2 core_out=1 explore_out=1 quota=1 allow_explore=True
2026-02-27 12:50:42,530 [INFO] [u_station_ab_night_autotune_v2] __main__: MARKET_REGIME mode=GREEN reason=avg_cand=2.67 avg_cand_recent=2.67
2026-02-27 12:50:42,530 [INFO] [u_station_ab_night_autotune_v2] trading.auto_trader: AutoTrade batch prefilter removed=1 missing_addr=0 open_duplicate=1
2026-02-27 12:50:42,530 [INFO] [u_station_ab_night_autotune_v2] trading.auto_trader: AutoTrade adjust token=VIRTUAL reason=min_trade_floor size=$0.10->$0.10 min=$0.10
2026-02-27 12:50:42,530 [INFO] [u_station_ab_night_autotune_v2] trading.auto_trader: AutoTrade skip token=VIRTUAL reason=ev_net_low expected_net=$-0.00987 min=$-0.00232 samples=23 conf=1.00 pwin=0.30 avg_win=$0.0097 avg_loss=$0.0177 kelly=0.000 mem=sparse trades=0<18
2026-02-27 12:50:42,530 [INFO] [u_station_ab_night_autotune_v2] trading.auto_trader: AutoTrade batch mode=top_n candidates=2 eligible=1 selected=1 opened=0 pe=off burst_window=0
2026-02-27 12:50:42,645 [INFO] [u_station_ab_night_autotune_v2] __main__: Scanned 5 tokens | High quality: 3 | Alerts sent: 0 | Trade candidates: 2 | Quality out/core/explore/probe: 2/1/1/0 | Opened: 0 | Mode: local | Source: onchain+market | Policy: raw=OK/effective=OK(healthy | route=allow_all) | Regime: GREEN(avg_cand=2.67) | Safety: checked=2 fail_closed=0 reasons=api_code_4029:2 | FiltersTop(session): source_qos_cap:13,safe_change_5m:8,source_qos_symbol_cap:2,safe_age:2 | Dedup: heavy_skip=0 override=0 | V2Budget: 2/280 | SourceQoS: enabled=1/in=5/out=3/dropped=2/active_cd=0/drops=source_qos_cap:2 | Ingest: q=0/oldest=0.0s/drop_old=0/dedup_skip=0/enq=0/drain=0 | Sources: dex_boosts:ok=1/fail=0/429=0/lim_wait=0/cd_wait=0/err=0.0%/avg=132ms; dexscreener:ok=11/fail=0/429=0/lim_wait=0/cd_wait=0/err=0.0%/avg=258ms; geckoterminal:ok=1/fail=0/429=0/lim_wait=0/cd_wait=0/err=0.0%/avg=248ms; onchain_enrich:ok=16/fail=0/429=0/lim_wait=0/cd_wait=0/err=0.0%/avg=56ms | Tasks: 3 | RSS: 0.0MB | CycleAvg: 11.48s
2026-02-27 12:50:47,235 [INFO] [u_station_ab_night_autotune_v2] monitor.onchain_factory: ENRICH_RETRY token=0x2b2dbba18af0c670f78da9438779c24bafa3eb07 pair=0x26b7bc047058fceee2e7cbce6c93beedb85841ce attempt=1/2 delay=10s
2026-02-27 12:50:47,246 [INFO] [u_station_ab_night_autotune_v2] monitor.onchain_factory: ENRICH_RETRY token=0x9607997a404531613321661f511c9f3ab5ed055c pair=0x7f029d63fcbf4baffa7fed1875e5f7d91d1797cc attempt=1/2 delay=10s
2026-02-27 12:50:47,256 [INFO] [u_station_ab_night_autotune_v2] monitor.onchain_factory: ENRICH_RETRY token=0x95707b3f4b663be87be5413c7e9159eb124447be pair=0x465f011da0968198e3bc0d601a4e7ccb2a71bb1d attempt=1/2 delay=10s
2026-02-27 12:50:47,256 [INFO] [u_station_ab_night_autotune_v2] monitor.onchain_factory: ENRICH_RETRY token=0xd8c16ee8ff54f5418f7043815b4163479b934a26 pair=0xe3b975fc73eb513f0a6bc538ab1e03e4c0e71a33 attempt=1/2 delay=10s
2026-02-27 12:50:57,485 [INFO] [u_station_ab_night_autotune_v2] __main__: WATCHLIST merged count=5
2026-02-27 12:50:57,485 [INFO] [u_station_ab_night_autotune_v2] trading.v2_runtime: V2_UNIVERSE in=5 dedup=5 out=5 target=5 novel_target=5 novel_out=0 repeat_dropped=0 symbol_dropped=0 surge_in=0 surge_target=0 surge_out=0
2026-02-27 12:50:57,485 [INFO] [u_station_ab_night_autotune_v2] __main__: V2_SOURCE_QOS_FILTER in=5 out=3 drops={'source_qos_cap': 2} caps={'watchlist': 3}
2026-02-27 12:50:57,501 [INFO] [u_station_ab_night_autotune_v2] __main__: FILTER_FAIL token=cbBTC reason=source_qos_cap source=watchlist used=3/3
2026-02-27 12:50:57,501 [INFO] [u_station_ab_night_autotune_v2] __main__: FILTER_FAIL token=AERO reason=source_qos_cap source=watchlist used=3/3
2026-02-27 12:50:57,501 [INFO] [u_station_ab_night_autotune_v2] __main__: FILTER_PASS token=VVV tier=A score=100 mode=GREEN risk=MEDIUM liq=2983779 vol5m=107742
2026-02-27 12:50:57,503 [INFO] [u_station_ab_night_autotune_v2] __main__: FILTER_PASS token=VIRTUAL tier=A score=95 mode=GREEN risk=MEDIUM liq=7409920 vol5m=9881
2026-02-27 12:50:57,503 [INFO] [u_station_ab_night_autotune_v2] __main__: FILTER_FAIL token=SPOTLIGHT reason=safe_change_5m
2026-02-27 12:50:57,503 [INFO] [u_station_ab_night_autotune_v2] __main__: V2_QUALITY_GATE enabled=True regime=GREEN in=2 out=2 core_out=1 explore_out=1 probe_out=0 quota=1 max_symbol_share=0.500 drop={} sources_used={'watchlist': 2}
2026-02-27 12:50:57,503 [INFO] [u_station_ab_night_autotune_v2] __main__: V2_ENTRY_ROUTE enabled=True regime=GREEN in=2 out=2 core_out=1 explore_out=1 quota=1 allow_explore=True
2026-02-27 12:50:57,503 [INFO] [u_station_ab_night_autotune_v2] __main__: MARKET_REGIME mode=GREEN reason=avg_cand=2.57 avg_cand_recent=2.57
2026-02-27 12:50:57,503 [INFO] [u_station_ab_night_autotune_v2] trading.auto_trader: AutoTrade batch prefilter removed=1 missing_addr=0 open_duplicate=1
2026-02-27 12:50:57,503 [INFO] [u_station_ab_night_autotune_v2] trading.auto_trader: AutoTrade adjust token=VIRTUAL reason=min_trade_floor size=$0.10->$0.10 min=$0.10
2026-02-27 12:50:57,503 [INFO] [u_station_ab_night_autotune_v2] trading.auto_trader: AutoTrade skip token=VIRTUAL reason=ev_net_low expected_net=$-0.00987 min=$-0.00232 samples=23 conf=1.00 pwin=0.30 avg_win=$0.0097 avg_loss=$0.0177 kelly=0.000 mem=sparse trades=0<18
2026-02-27 12:50:57,503 [INFO] [u_station_ab_night_autotune_v2] trading.auto_trader: AutoTrade batch mode=top_n candidates=2 eligible=1 selected=1 opened=0 pe=off burst_window=0
2026-02-27 12:50:57,614 [INFO] [u_station_ab_night_autotune_v2] __main__: Scanned 5 tokens | High quality: 3 | Alerts sent: 0 | Trade candidates: 2 | Quality out/core/explore/probe: 2/1/1/0 | Opened: 0 | Mode: local | Source: onchain+market | Policy: raw=OK/effective=OK(healthy | route=allow_all) | Regime: GREEN(avg_cand=2.57) | Safety: checked=2 fail_closed=0 reasons=api_code_4029:2 | FiltersTop(session): source_qos_cap:15,safe_change_5m:9,source_qos_symbol_cap:2,safe_age:2 | Dedup: heavy_skip=0 override=0 | V2Budget: 2/280 | SourceQoS: enabled=1/in=5/out=3/dropped=2/active_cd=0/drops=source_qos_cap:2 | Ingest: q=0/oldest=0.0s/drop_old=0/dedup_skip=0/enq=0/drain=0 | Sources: dex_boosts:ok=1/fail=0/429=0/lim_wait=0/cd_wait=0/err=0.0%/avg=56ms; dexscreener:ok=11/fail=0/429=0/lim_wait=0/cd_wait=0/err=0.0%/avg=51ms; onchain_enrich:ok=16/fail=0/429=0/lim_wait=0/cd_wait=0/err=0.0%/avg=64ms | Tasks: 3 | RSS: 0.0MB | CycleAvg: 11.38s
2026-02-27 12:51:02,222 [INFO] [u_station_ab_night_autotune_v2] monitor.onchain_factory: ENRICH_RETRY token=0x95707b3f4b663be87be5413c7e9159eb124447be pair=0x465f011da0968198e3bc0d601a4e7ccb2a71bb1d attempt=1/2 delay=10s
2026-02-27 12:51:02,491 [INFO] [u_station_ab_night_autotune_v2] monitor.onchain_factory: ENRICH_RETRY token=0x2b2dbba18af0c670f78da9438779c24bafa3eb07 pair=0x26b7bc047058fceee2e7cbce6c93beedb85841ce attempt=1/2 delay=10s
2026-02-27 12:51:02,581 [INFO] [u_station_ab_night_autotune_v2] monitor.onchain_factory: ENRICH_RETRY token=0x9607997a404531613321661f511c9f3ab5ed055c pair=0x7f029d63fcbf4baffa7fed1875e5f7d91d1797cc attempt=1/2 delay=10s
2026-02-27 12:51:02,648 [INFO] [u_station_ab_night_autotune_v2] monitor.onchain_factory: ENRICH_RETRY token=0xd8c16ee8ff54f5418f7043815b4163479b934a26 pair=0xe3b975fc73eb513f0a6bc538ab1e03e4c0e71a33 attempt=1/2 delay=10s
2026-02-27 12:51:12,771 [INFO] [u_station_ab_night_autotune_v2] __main__: WATCHLIST merged count=5
2026-02-27 12:51:12,771 [INFO] [u_station_ab_night_autotune_v2] trading.v2_runtime: V2_UNIVERSE in=5 dedup=5 out=5 target=5 novel_target=5 novel_out=0 repeat_dropped=0 symbol_dropped=0 surge_in=0 surge_target=0 surge_out=0
2026-02-27 12:51:12,771 [INFO] [u_station_ab_night_autotune_v2] __main__: V2_SOURCE_QOS_FILTER in=5 out=3 drops={'source_qos_cap': 2} caps={'watchlist': 3}
2026-02-27 12:51:12,771 [INFO] [u_station_ab_night_autotune_v2] __main__: FILTER_FAIL token=cbBTC reason=source_qos_cap source=watchlist used=3/3
2026-02-27 12:51:12,771 [INFO] [u_station_ab_night_autotune_v2] __main__: FILTER_FAIL token=AERO reason=source_qos_cap source=watchlist used=3/3
2026-02-27 12:51:12,787 [INFO] [u_station_ab_night_autotune_v2] __main__: FILTER_PASS token=VVV tier=A score=100 mode=GREEN risk=MEDIUM liq=2983779 vol5m=107742
2026-02-27 12:51:12,787 [INFO] [u_station_ab_night_autotune_v2] __main__: FILTER_PASS token=VIRTUAL tier=A score=95 mode=GREEN risk=MEDIUM liq=7409920 vol5m=9881
2026-02-27 12:51:12,790 [INFO] [u_station_ab_night_autotune_v2] __main__: FILTER_FAIL token=SPOTLIGHT reason=safe_change_5m
2026-02-27 12:51:12,790 [INFO] [u_station_ab_night_autotune_v2] __main__: V2_QUALITY_GATE enabled=True regime=GREEN in=2 out=2 core_out=1 explore_out=1 probe_out=0 quota=1 max_symbol_share=0.500 drop={} sources_used={'watchlist': 2}
2026-02-27 12:51:12,790 [INFO] [u_station_ab_night_autotune_v2] __main__: V2_ENTRY_ROUTE enabled=True regime=GREEN in=2 out=2 core_out=1 explore_out=1 quota=1 allow_explore=True
2026-02-27 12:51:12,790 [INFO] [u_station_ab_night_autotune_v2] __main__: MARKET_REGIME mode=GREEN reason=avg_cand=2.50 avg_cand_recent=2.50
2026-02-27 12:51:12,790 [INFO] [u_station_ab_night_autotune_v2] trading.auto_trader: AutoTrade batch prefilter removed=1 missing_addr=0 open_duplicate=1
2026-02-27 12:51:12,790 [INFO] [u_station_ab_night_autotune_v2] trading.auto_trader: AutoTrade adjust token=VIRTUAL reason=min_trade_floor size=$0.10->$0.10 min=$0.10
2026-02-27 12:51:12,790 [INFO] [u_station_ab_night_autotune_v2] trading.auto_trader: AutoTrade skip token=VIRTUAL reason=ev_net_low expected_net=$-0.00987 min=$-0.00232 samples=23 conf=1.00 pwin=0.30 avg_win=$0.0097 avg_loss=$0.0177 kelly=0.000 mem=sparse trades=0<18
2026-02-27 12:51:12,790 [INFO] [u_station_ab_night_autotune_v2] trading.auto_trader: AutoTrade batch mode=top_n candidates=2 eligible=1 selected=1 opened=0 pe=off burst_window=0
2026-02-27 12:51:13,016 [INFO] [u_station_ab_night_autotune_v2] __main__: Scanned 5 tokens | High quality: 3 | Alerts sent: 0 | Trade candidates: 2 | Quality out/core/explore/probe: 2/1/1/0 | Opened: 0 | Mode: local | Source: onchain+market | Policy: raw=OK/effective=OK(healthy | route=allow_all) | Regime: GREEN(avg_cand=2.50) | Safety: checked=2 fail_closed=0 reasons=api_code_4029:2 | FiltersTop(session): source_qos_cap:17,safe_change_5m:10,source_qos_symbol_cap:2,safe_age:2 | Dedup: heavy_skip=0 override=0 | V2Budget: 2/280 | SourceQoS: enabled=1/in=5/out=3/dropped=2/active_cd=0/drops=source_qos_cap:2 | Ingest: q=0/oldest=0.0s/drop_old=0/dedup_skip=0/enq=0/drain=0 | Sources: dex_boosts:ok=1/fail=0/429=0/lim_wait=0/cd_wait=0/err=0.0%/avg=45ms; dexscreener:ok=11/fail=0/429=0/lim_wait=0/cd_wait=0/err=0.0%/avg=43ms; onchain_enrich:ok=16/fail=0/429=0/lim_wait=0/cd_wait=0/err=0.0%/avg=129ms | Tasks: 3 | RSS: 0.0MB | CycleAvg: 11.32s
2026-02-27 12:51:17,542 [INFO] [u_station_ab_night_autotune_v2] monitor.onchain_factory: ENRICH_RETRY token=0xd8c16ee8ff54f5418f7043815b4163479b934a26 pair=0xe3b975fc73eb513f0a6bc538ab1e03e4c0e71a33 attempt=1/2 delay=10s
2026-02-27 12:51:17,549 [INFO] [u_station_ab_night_autotune_v2] monitor.onchain_factory: ENRICH_RETRY token=0x9607997a404531613321661f511c9f3ab5ed055c pair=0x7f029d63fcbf4baffa7fed1875e5f7d91d1797cc attempt=1/2 delay=10s
2026-02-27 12:51:17,553 [INFO] [u_station_ab_night_autotune_v2] monitor.onchain_factory: ENRICH_RETRY token=0x2b2dbba18af0c670f78da9438779c24bafa3eb07 pair=0x26b7bc047058fceee2e7cbce6c93beedb85841ce attempt=1/2 delay=10s
2026-02-27 12:51:17,604 [INFO] [u_station_ab_night_autotune_v2] monitor.onchain_factory: ENRICH_RETRY token=0x95707b3f4b663be87be5413c7e9159eb124447be pair=0x465f011da0968198e3bc0d601a4e7ccb2a71bb1d attempt=1/2 delay=10s
2026-02-27 12:51:27,954 [INFO] [u_station_ab_night_autotune_v2] __main__: WATCHLIST merged count=5
2026-02-27 12:51:27,954 [INFO] [u_station_ab_night_autotune_v2] trading.v2_runtime: V2_UNIVERSE in=5 dedup=5 out=5 target=5 novel_target=5 novel_out=0 repeat_dropped=0 symbol_dropped=0 surge_in=0 surge_target=0 surge_out=0
2026-02-27 12:51:27,954 [INFO] [u_station_ab_night_autotune_v2] __main__: V2_SOURCE_QOS_FILTER in=5 out=3 drops={'source_qos_cap': 2} caps={'watchlist': 3}
2026-02-27 12:51:27,954 [INFO] [u_station_ab_night_autotune_v2] __main__: FILTER_FAIL token=cbBTC reason=source_qos_cap source=watchlist used=3/3
2026-02-27 12:51:27,954 [INFO] [u_station_ab_night_autotune_v2] __main__: FILTER_FAIL token=AERO reason=source_qos_cap source=watchlist used=3/3
2026-02-27 12:51:27,954 [INFO] [u_station_ab_night_autotune_v2] __main__: FILTER_PASS token=VVV tier=A score=100 mode=GREEN risk=MEDIUM liq=2983779 vol5m=107742
2026-02-27 12:51:27,954 [INFO] [u_station_ab_night_autotune_v2] __main__: FILTER_PASS token=VIRTUAL tier=A score=95 mode=GREEN risk=MEDIUM liq=7409920 vol5m=9881
2026-02-27 12:51:27,969 [INFO] [u_station_ab_night_autotune_v2] __main__: FILTER_FAIL token=SPOTLIGHT reason=safe_change_5m
2026-02-27 12:51:27,970 [INFO] [u_station_ab_night_autotune_v2] __main__: V2_QUALITY_GATE enabled=True regime=GREEN in=2 out=2 core_out=1 explore_out=1 probe_out=0 quota=1 max_symbol_share=0.500 drop={} sources_used={'watchlist': 2}
2026-02-27 12:51:27,970 [INFO] [u_station_ab_night_autotune_v2] __main__: V2_ENTRY_ROUTE enabled=True regime=GREEN in=2 out=2 core_out=1 explore_out=1 quota=1 allow_explore=True
2026-02-27 12:51:27,970 [INFO] [u_station_ab_night_autotune_v2] __main__: MARKET_REGIME mode=GREEN reason=hysteresis_risk_wait 1/3 raw=YELLOW avg_cand_recent=2.44
2026-02-27 12:51:27,970 [INFO] [u_station_ab_night_autotune_v2] trading.auto_trader: AutoTrade batch prefilter removed=1 missing_addr=0 open_duplicate=1
2026-02-27 12:51:27,970 [INFO] [u_station_ab_night_autotune_v2] trading.auto_trader: AutoTrade adjust token=VIRTUAL reason=min_trade_floor size=$0.10->$0.10 min=$0.10
2026-02-27 12:51:27,970 [INFO] [u_station_ab_night_autotune_v2] trading.auto_trader: AutoTrade skip token=VIRTUAL reason=ev_net_low expected_net=$-0.00987 min=$-0.00232 samples=23 conf=1.00 pwin=0.30 avg_win=$0.0097 avg_loss=$0.0177 kelly=0.000 mem=sparse trades=0<18
2026-02-27 12:51:27,970 [INFO] [u_station_ab_night_autotune_v2] trading.auto_trader: AutoTrade batch mode=top_n candidates=2 eligible=1 selected=1 opened=0 pe=off burst_window=0
2026-02-27 12:51:27,970 [INFO] [u_station_ab_night_autotune_v2] trading.auto_trader: PAPER_SUMMARY window=60s closed_delta=0 wins_delta=0 losses_delta=0 realized_delta=$0.00 total_closed=97 winrate_total=43.3% realized_total=$0.32 balance=$6.87 equity=$7.32 open=1
2026-02-27 12:51:28,135 [INFO] [u_station_ab_night_autotune_v2] __main__: Scanned 5 tokens | High quality: 3 | Alerts sent: 0 | Trade candidates: 2 | Quality out/core/explore/probe: 2/1/1/0 | Opened: 0 | Mode: local | Source: onchain+market | Policy: raw=OK/effective=OK(healthy | route=allow_all) | Regime: GREEN(hysteresis_risk_wait 1/3 raw=YELLOW) | Safety: checked=2 fail_closed=0 reasons=api_code_4029:2 | FiltersTop(session): source_qos_cap:19,safe_change_5m:11,source_qos_symbol_cap:2,safe_age:2 | Dedup: heavy_skip=0 override=0 | V2Budget: 2/280 | SourceQoS: enabled=1/in=5/out=3/dropped=2/active_cd=0/drops=source_qos_cap:2 | Ingest: q=0/oldest=0.0s/drop_old=0/dedup_skip=0/enq=0/drain=0 | Sources: dex_boosts:ok=1/fail=0/429=0/lim_wait=0/cd_wait=0/err=0.0%/avg=142ms; dexscreener:ok=11/fail=0/429=0/lim_wait=0/cd_wait=0/err=0.0%/avg=253ms; onchain_enrich:ok=16/fail=0/429=0/lim_wait=0/cd_wait=0/err=0.0%/avg=64ms; onchain_weth_price:ok=3/fail=0/429=0/lim_wait=0/cd_wait=0/err=0.0%/avg=61ms | Tasks: 3 | RSS: 0.0MB | CycleAvg: 11.32s
2026-02-27 12:51:32,653 [INFO] [u_station_ab_night_autotune_v2] monitor.onchain_factory: ENRICH_RETRY token=0x95707b3f4b663be87be5413c7e9159eb124447be pair=0x465f011da0968198e3bc0d601a4e7ccb2a71bb1d attempt=1/2 delay=10s
2026-02-27 12:51:32,820 [INFO] [u_station_ab_night_autotune_v2] monitor.onchain_factory: ENRICH_RETRY token=0x2b2dbba18af0c670f78da9438779c24bafa3eb07 pair=0x26b7bc047058fceee2e7cbce6c93beedb85841ce attempt=1/2 delay=10s
2026-02-27 12:51:32,839 [INFO] [u_station_ab_night_autotune_v2] monitor.onchain_factory: ENRICH_RETRY token=0x9607997a404531613321661f511c9f3ab5ed055c pair=0x7f029d63fcbf4baffa7fed1875e5f7d91d1797cc attempt=1/2 delay=10s
2026-02-27 12:51:32,839 [INFO] [u_station_ab_night_autotune_v2] monitor.onchain_factory: ENRICH_RETRY token=0xd8c16ee8ff54f5418f7043815b4163479b934a26 pair=0xe3b975fc73eb513f0a6bc538ab1e03e4c0e71a33 attempt=1/2 delay=10s
2026-02-27 12:51:43,043 [INFO] [u_station_ab_night_autotune_v2] __main__: WATCHLIST merged count=5
2026-02-27 12:51:43,043 [INFO] [u_station_ab_night_autotune_v2] trading.v2_runtime: V2_UNIVERSE in=5 dedup=5 out=5 target=5 novel_target=5 novel_out=0 repeat_dropped=0 symbol_dropped=0 surge_in=0 surge_target=0 surge_out=0
2026-02-27 12:51:43,043 [INFO] [u_station_ab_night_autotune_v2] __main__: V2_SOURCE_QOS_FILTER in=5 out=3 drops={'source_qos_cap': 2} caps={'watchlist': 3}
2026-02-27 12:51:43,043 [INFO] [u_station_ab_night_autotune_v2] __main__: FILTER_FAIL token=cbBTC reason=source_qos_cap source=watchlist used=3/3
2026-02-27 12:51:43,043 [INFO] [u_station_ab_night_autotune_v2] __main__: FILTER_FAIL token=AERO reason=source_qos_cap source=watchlist used=3/3
2026-02-27 12:51:43,043 [INFO] [u_station_ab_night_autotune_v2] __main__: FILTER_PASS token=VVV tier=A score=100 mode=GREEN risk=MEDIUM liq=2983779 vol5m=107742
2026-02-27 12:51:43,043 [INFO] [u_station_ab_night_autotune_v2] __main__: FILTER_PASS token=VIRTUAL tier=A score=95 mode=GREEN risk=MEDIUM liq=7409920 vol5m=9881
2026-02-27 12:51:43,043 [INFO] [u_station_ab_night_autotune_v2] __main__: FILTER_FAIL token=SPOTLIGHT reason=safe_change_5m
2026-02-27 12:51:43,043 [INFO] [u_station_ab_night_autotune_v2] __main__: V2_QUALITY_GATE enabled=True regime=GREEN in=2 out=2 core_out=1 explore_out=1 probe_out=0 quota=1 max_symbol_share=0.500 drop={} sources_used={'watchlist': 2}
2026-02-27 12:51:43,043 [INFO] [u_station_ab_night_autotune_v2] __main__: V2_ENTRY_ROUTE enabled=True regime=GREEN in=2 out=2 core_out=1 explore_out=1 quota=1 allow_explore=True
2026-02-27 12:51:43,043 [INFO] [u_station_ab_night_autotune_v2] __main__: MARKET_REGIME mode=GREEN reason=hysteresis_risk_wait 2/3 raw=YELLOW avg_cand_recent=2.40
2026-02-27 12:51:43,043 [INFO] [u_station_ab_night_autotune_v2] trading.auto_trader: AutoTrade batch prefilter removed=1 missing_addr=0 open_duplicate=1
2026-02-27 12:51:43,053 [INFO] [u_station_ab_night_autotune_v2] trading.auto_trader: AutoTrade adjust token=VIRTUAL reason=min_trade_floor size=$0.10->$0.10 min=$0.10
2026-02-27 12:51:43,054 [INFO] [u_station_ab_night_autotune_v2] trading.auto_trader: AutoTrade skip token=VIRTUAL reason=ev_net_low expected_net=$-0.00987 min=$-0.00232 samples=23 conf=1.00 pwin=0.30 avg_win=$0.0097 avg_loss=$0.0177 kelly=0.000 mem=sparse trades=0<18
2026-02-27 12:51:43,054 [INFO] [u_station_ab_night_autotune_v2] trading.auto_trader: AutoTrade batch mode=top_n candidates=2 eligible=1 selected=1 opened=0 pe=off burst_window=0
2026-02-27 12:51:43,143 [INFO] [u_station_ab_night_autotune_v2] __main__: Scanned 5 tokens | High quality: 3 | Alerts sent: 0 | Trade candidates: 2 | Quality out/core/explore/probe: 2/1/1/0 | Opened: 0 | Mode: local | Source: onchain+market | Policy: raw=OK/effective=OK(healthy | route=allow_all) | Regime: GREEN(hysteresis_risk_wait 2/3 raw=YELLOW) | Safety: checked=2 fail_closed=0 reasons=api_code_4029:2 | FiltersTop(session): source_qos_cap:21,safe_change_5m:12,source_qos_symbol_cap:2,safe_age:2 | Dedup: heavy_skip=0 override=0 | V2Budget: 2/280 | SourceQoS: enabled=1/in=5/out=3/dropped=2/active_cd=0/drops=source_qos_cap:2 | Ingest: q=0/oldest=0.0s/drop_old=0/dedup_skip=0/enq=0/drain=0 | Sources: dex_boosts:ok=1/fail=0/429=0/lim_wait=0/cd_wait=0/err=0.0%/avg=73ms; dexscreener:ok=11/fail=0/429=0/lim_wait=0/cd_wait=0/err=0.0%/avg=89ms; onchain_enrich:ok=16/fail=0/429=0/lim_wait=0/cd_wait=0/err=0.0%/avg=86ms | Tasks: 3 | RSS: 0.0MB | CycleAvg: 11.30s
2026-02-27 12:51:47,707 [INFO] [u_station_ab_night_autotune_v2] monitor.onchain_factory: ENRICH_RETRY token=0x2b2dbba18af0c670f78da9438779c24bafa3eb07 pair=0x26b7bc047058fceee2e7cbce6c93beedb85841ce attempt=1/2 delay=10s
2026-02-27 12:51:47,707 [INFO] [u_station_ab_night_autotune_v2] monitor.onchain_factory: ENRICH_RETRY token=0xd8c16ee8ff54f5418f7043815b4163479b934a26 pair=0xe3b975fc73eb513f0a6bc538ab1e03e4c0e71a33 attempt=1/2 delay=10s
2026-02-27 12:51:47,723 [INFO] [u_station_ab_night_autotune_v2] monitor.onchain_factory: ENRICH_RETRY token=0x9607997a404531613321661f511c9f3ab5ed055c pair=0x7f029d63fcbf4baffa7fed1875e5f7d91d1797cc attempt=1/2 delay=10s
2026-02-27 12:51:47,739 [INFO] [u_station_ab_night_autotune_v2] monitor.onchain_factory: ENRICH_RETRY token=0x95707b3f4b663be87be5413c7e9159eb124447be pair=0x465f011da0968198e3bc0d601a4e7ccb2a71bb1d attempt=1/2 delay=10s
2026-02-27 12:51:57,871 [INFO] [u_station_ab_night_autotune_v2] __main__: WATCHLIST merged count=5
2026-02-27 12:51:57,871 [INFO] [u_station_ab_night_autotune_v2] trading.v2_runtime: V2_UNIVERSE in=6 dedup=6 out=6 target=6 novel_target=6 novel_out=1 repeat_dropped=0 symbol_dropped=0 surge_in=0 surge_target=0 surge_out=0
2026-02-27 12:51:57,871 [INFO] [u_station_ab_night_autotune_v2] __main__: V2_SOURCE_QOS_FILTER in=6 out=3 drops={'source_qos_cap': 3} caps={'geckoterminal': 287, 'watchlist': 2}
2026-02-27 12:51:57,871 [INFO] [u_station_ab_night_autotune_v2] __main__: FILTER_FAIL token=SPOTLIGHT reason=source_qos_cap source=watchlist used=2/2
2026-02-27 12:51:57,871 [INFO] [u_station_ab_night_autotune_v2] __main__: FILTER_FAIL token=cbBTC reason=source_qos_cap source=watchlist used=2/2
2026-02-27 12:51:57,871 [INFO] [u_station_ab_night_autotune_v2] __main__: FILTER_FAIL token=AERO reason=source_qos_cap source=watchlist used=2/2
2026-02-27 12:51:57,871 [INFO] [u_station_ab_night_autotune_v2] __main__: FILTER_PASS token=VVV tier=A score=100 mode=GREEN risk=MEDIUM liq=2983779 vol5m=107742
2026-02-27 12:51:57,871 [INFO] [u_station_ab_night_autotune_v2] __main__: FILTER_FAIL token=CLAWNCH reason=score_min score=40 strict_min=48 soft_min=48 mode=GREEN
2026-02-27 12:51:57,871 [INFO] [u_station_ab_night_autotune_v2] __main__: FILTER_PASS token=VIRTUAL tier=A score=95 mode=GREEN risk=MEDIUM liq=7409920 vol5m=9881
2026-02-27 12:51:57,871 [INFO] [u_station_ab_night_autotune_v2] __main__: V2_QUALITY_GATE enabled=True regime=YELLOW in=2 out=2 core_out=1 explore_out=1 probe_out=0 quota=1 max_symbol_share=0.500 drop={} sources_used={'watchlist': 2}
2026-02-27 12:51:57,871 [INFO] [u_station_ab_night_autotune_v2] __main__: V2_ENTRY_ROUTE enabled=True regime=YELLOW in=2 out=2 core_out=1 explore_out=1 quota=1 allow_explore=True
2026-02-27 12:51:57,871 [INFO] [u_station_ab_night_autotune_v2] __main__: MARKET_REGIME mode=YELLOW reason=avg_cand=2.36 avg_cand_recent=2.36
2026-02-27 12:51:57,871 [WARNING] [u_station_ab_night_autotune_v2] monitor.local_alerter: Local event symbol=MARKET_MODE reco=YELLOW risk=INFO
2026-02-27 12:51:57,871 [INFO] [u_station_ab_night_autotune_v2] trading.auto_trader: AutoTrade batch prefilter removed=1 missing_addr=0 open_duplicate=1
2026-02-27 12:51:57,890 [INFO] [u_station_ab_night_autotune_v2] trading.auto_trader: AutoTrade adjust token=VIRTUAL reason=min_trade_floor size=$0.10->$0.10 min=$0.10
2026-02-27 12:51:57,890 [INFO] [u_station_ab_night_autotune_v2] trading.auto_trader: AutoTrade skip token=VIRTUAL reason=ev_net_low expected_net=$-0.00987 min=$-0.00232 samples=23 conf=1.00 pwin=0.30 avg_win=$0.0097 avg_loss=$0.0177 kelly=0.000 mem=sparse trades=0<18
2026-02-27 12:51:57,890 [INFO] [u_station_ab_night_autotune_v2] trading.auto_trader: AutoTrade batch mode=top_n candidates=2 eligible=1 selected=1 opened=0 pe=off burst_window=0
2026-02-27 12:51:57,990 [INFO] [u_station_ab_night_autotune_v2] __main__: Scanned 6 tokens | High quality: 2 | Alerts sent: 0 | Trade candidates: 2 | Quality out/core/explore/probe: 2/1/1/0 | Opened: 0 | Mode: local | Source: onchain+market | Policy: raw=OK/effective=OK(healthy | route=allow_all) | Regime: YELLOW(avg_cand=2.36) | Safety: checked=2 fail_closed=0 reasons=api_code_4029:2 | FiltersTop(session): source_qos_cap:24,safe_change_5m:12,source_qos_symbol_cap:2,safe_age:2 | Dedup: heavy_skip=0 override=0 | V2Budget: 2/280 | SourceQoS: enabled=1/in=6/out=3/dropped=3/active_cd=0/drops=source_qos_cap:3 | Ingest: q=0/oldest=0.0s/drop_old=0/dedup_skip=0/enq=1/drain=1 | Sources: dex_boosts:ok=1/fail=0/429=0/lim_wait=0/cd_wait=0/err=0.0%/avg=64ms; dexscreener:ok=11/fail=0/429=0/lim_wait=0/cd_wait=0/err=0.0%/avg=60ms; geckoterminal:ok=1/fail=0/429=0/lim_wait=0/cd_wait=0/err=0.0%/avg=144ms; onchain_enrich:ok=16/fail=0/429=0/lim_wait=0/cd_wait=0/err=0.0%/avg=44ms | Tasks: 3 | RSS: 0.0MB | CycleAvg: 11.27s
2026-02-27 12:52:02,320 [INFO] [u_station_ab_night_autotune_v2] monitor.onchain_factory: PAIR_DETECTED source=uniswap_v2 dex=uniswap_v2 pair=0xd200a240dcef250619a2cd74e22c0d9522b6075b token0=0x4200000000000000000000000000000000000006 token1=0x504c8d471d3150de3c05e1349b751c45209adf6e block=42701880 factory=0x8909dc15e40173ff4699343b6eb8132c65e18ec6
2026-02-27 12:52:02,582 [INFO] [u_station_ab_night_autotune_v2] monitor.onchain_factory: ENRICH_RETRY token=0x9607997a404531613321661f511c9f3ab5ed055c pair=0x7f029d63fcbf4baffa7fed1875e5f7d91d1797cc attempt=1/2 delay=10s
2026-02-27 12:52:02,582 [INFO] [u_station_ab_night_autotune_v2] monitor.onchain_factory: ENRICH_RETRY token=0x2b2dbba18af0c670f78da9438779c24bafa3eb07 pair=0x26b7bc047058fceee2e7cbce6c93beedb85841ce attempt=1/2 delay=10s
2026-02-27 12:52:02,582 [INFO] [u_station_ab_night_autotune_v2] monitor.onchain_factory: ENRICH_RETRY token=0xd8c16ee8ff54f5418f7043815b4163479b934a26 pair=0xe3b975fc73eb513f0a6bc538ab1e03e4c0e71a33 attempt=1/2 delay=10s
2026-02-27 12:52:02,810 [INFO] [u_station_ab_night_autotune_v2] monitor.onchain_factory: ENRICH_RETRY token=0x504c8d471d3150de3c05e1349b751c45209adf6e pair=0xd200a240dcef250619a2cd74e22c0d9522b6075b attempt=1/2 delay=10s
2026-02-27 12:52:03,220 [INFO] [u_station_ab_night_autotune_v2] monitor.onchain_factory: ENRICH_RETRY token=0x95707b3f4b663be87be5413c7e9159eb124447be pair=0x465f011da0968198e3bc0d601a4e7ccb2a71bb1d attempt=1/2 delay=10s
2026-02-27 12:52:13,285 [INFO] [u_station_ab_night_autotune_v2] __main__: WATCHLIST merged count=5
2026-02-27 12:52:13,285 [INFO] [u_station_ab_night_autotune_v2] trading.v2_runtime: V2_UNIVERSE in=5 dedup=5 out=5 target=5 novel_target=5 novel_out=0 repeat_dropped=0 symbol_dropped=0 surge_in=0 surge_target=0 surge_out=0
2026-02-27 12:52:13,285 [INFO] [u_station_ab_night_autotune_v2] __main__: V2_SOURCE_QOS_FILTER in=5 out=3 drops={'source_qos_cap': 2} caps={'watchlist': 3}
2026-02-27 12:52:13,285 [INFO] [u_station_ab_night_autotune_v2] __main__: FILTER_FAIL token=cbBTC reason=source_qos_cap source=watchlist used=3/3
2026-02-27 12:52:13,285 [INFO] [u_station_ab_night_autotune_v2] __main__: FILTER_FAIL token=AERO reason=source_qos_cap source=watchlist used=3/3
2026-02-27 12:52:13,285 [INFO] [u_station_ab_night_autotune_v2] __main__: FILTER_PASS token=VVV tier=A score=100 mode=YELLOW risk=MEDIUM liq=2983779 vol5m=107742
2026-02-27 12:52:13,300 [INFO] [u_station_ab_night_autotune_v2] __main__: FILTER_PASS token=VIRTUAL tier=A score=95 mode=YELLOW risk=MEDIUM liq=7409920 vol5m=9881
2026-02-27 12:52:13,300 [INFO] [u_station_ab_night_autotune_v2] __main__: FILTER_FAIL token=SPOTLIGHT reason=safe_change_5m
2026-02-27 12:52:13,300 [INFO] [u_station_ab_night_autotune_v2] __main__: V2_QUALITY_GATE enabled=True regime=YELLOW in=2 out=2 core_out=1 explore_out=1 probe_out=0 quota=1 max_symbol_share=0.500 drop={} sources_used={'watchlist': 2}
2026-02-27 12:52:13,303 [INFO] [u_station_ab_night_autotune_v2] __main__: V2_ENTRY_ROUTE enabled=True regime=YELLOW in=2 out=2 core_out=1 explore_out=1 quota=1 allow_explore=True
2026-02-27 12:52:13,303 [INFO] [u_station_ab_night_autotune_v2] __main__: MARKET_REGIME mode=YELLOW reason=avg_cand=2.33 avg_cand_recent=2.33
2026-02-27 12:52:13,303 [INFO] [u_station_ab_night_autotune_v2] trading.auto_trader: AutoTrade batch prefilter removed=1 missing_addr=0 open_duplicate=1
2026-02-27 12:52:13,322 [INFO] [u_station_ab_night_autotune_v2] trading.auto_trader: AutoTrade skip token=VIRTUAL reason=edge_low mode=both edge=-19.49% raw=-18.05% mult=1.08 min=0.05% probe_min=0.05% edge_usd=$-0.022 min_usd=$0.000 probe_min_usd=$0.000 size=$0.11 gross=9.60% costs=27.65% pwin=0.85 probe=- budget=0/1
2026-02-27 12:52:13,322 [INFO] [u_station_ab_night_autotune_v2] trading.auto_trader: AutoTrade batch mode=top_n candidates=2 eligible=1 selected=1 opened=0 pe=off burst_window=0
2026-02-27 12:52:13,469 [INFO] [u_station_ab_night_autotune_v2] trading.auto_trader: TOKEN_COOLDOWN token=0xacfe6019ed1a7dc6f7b508c02d1b04ec88cc21bf reason=TIMEOUT pnl=$0.0022 cooldown=170s strikes=0->0 dynamic=True
2026-02-27 12:52:13,469 [INFO] [u_station_ab_night_autotune_v2] trading.auto_trader: AUTO_SELL Paper SELL token=VVV reason=TIMEOUT exit=$4.91000000 pnl=0.48% ($0.00) remaining=$0.00 partial=$0.00 raw=0.48% cost=2.70% gas=$0.03 balance=$7.32
2026-02-27 12:52:13,522 [INFO] [u_station_ab_night_autotune_v2] __main__: Scanned 5 tokens | High quality: 3 | Alerts sent: 0 | Trade candidates: 2 | Quality out/core/explore/probe: 2/1/1/0 | Opened: 0 | Mode: local | Source: onchain+market | Policy: raw=OK/effective=OK(healthy | route=allow_all) | Regime: YELLOW(avg_cand=2.33) | Safety: checked=2 fail_closed=0 reasons=api_code_4029:2 | FiltersTop(session): source_qos_cap:26,safe_change_5m:13,source_qos_symbol_cap:2,safe_age:2 | Dedup: heavy_skip=0 override=0 | V2Budget: 2/280 | SourceQoS: enabled=1/in=5/out=3/dropped=2/active_cd=0/drops=source_qos_cap:2 | Ingest: q=0/oldest=0.0s/drop_old=0/dedup_skip=0/enq=0/drain=0 | Sources: dex_boosts:ok=1/fail=0/429=0/lim_wait=0/cd_wait=0/err=0.0%/avg=69ms; dexscreener:ok=11/fail=0/429=0/lim_wait=0/cd_wait=0/err=0.0%/avg=219ms; onchain_enrich:ok=20/fail=0/429=0/lim_wait=0/cd_wait=0/err=0.0%/avg=123ms | Tasks: 3 | RSS: 0.0MB | CycleAvg: 11.23s
2026-02-27 12:52:18,053 [INFO] [u_station_ab_night_autotune_v2] monitor.onchain_factory: ENRICH_RETRY token=0x2b2dbba18af0c670f78da9438779c24bafa3eb07 pair=0x26b7bc047058fceee2e7cbce6c93beedb85841ce attempt=1/2 delay=10s
2026-02-27 12:52:18,082 [INFO] [u_station_ab_night_autotune_v2] monitor.onchain_factory: ENRICH_RETRY token=0x95707b3f4b663be87be5413c7e9159eb124447be pair=0x465f011da0968198e3bc0d601a4e7ccb2a71bb1d attempt=1/2 delay=10s
2026-02-27 12:52:18,150 [INFO] [u_station_ab_night_autotune_v2] monitor.onchain_factory: ENRICH_RETRY token=0x504c8d471d3150de3c05e1349b751c45209adf6e pair=0xd200a240dcef250619a2cd74e22c0d9522b6075b attempt=1/2 delay=10s
2026-02-27 12:52:18,186 [INFO] [u_station_ab_night_autotune_v2] monitor.onchain_factory: ENRICH_RETRY token=0xd8c16ee8ff54f5418f7043815b4163479b934a26 pair=0xe3b975fc73eb513f0a6bc538ab1e03e4c0e71a33 attempt=1/2 delay=10s
2026-02-27 12:52:18,210 [INFO] [u_station_ab_night_autotune_v2] monitor.onchain_factory: ENRICH_RETRY token=0x9607997a404531613321661f511c9f3ab5ed055c pair=0x7f029d63fcbf4baffa7fed1875e5f7d91d1797cc attempt=1/2 delay=10s
2026-02-27 12:52:28,311 [INFO] [u_station_ab_night_autotune_v2] __main__: WATCHLIST merged count=5
2026-02-27 12:52:28,311 [INFO] [u_station_ab_night_autotune_v2] trading.v2_runtime: V2_UNIVERSE in=5 dedup=5 out=5 target=5 novel_target=5 novel_out=0 repeat_dropped=0 symbol_dropped=0 surge_in=0 surge_target=0 surge_out=0
2026-02-27 12:52:28,312 [INFO] [u_station_ab_night_autotune_v2] __main__: V2_SOURCE_QOS_FILTER in=5 out=3 drops={'source_qos_cap': 2} caps={'watchlist': 3}
2026-02-27 12:52:28,313 [INFO] [u_station_ab_night_autotune_v2] __main__: FILTER_FAIL token=cbBTC reason=source_qos_cap source=watchlist used=3/3
2026-02-27 12:52:28,314 [INFO] [u_station_ab_night_autotune_v2] __main__: FILTER_FAIL token=AERO reason=source_qos_cap source=watchlist used=3/3
2026-02-27 12:52:28,314 [INFO] [u_station_ab_night_autotune_v2] __main__: FILTER_PASS token=VVV tier=A score=100 mode=YELLOW risk=MEDIUM liq=2983779 vol5m=107742
2026-02-27 12:52:28,316 [INFO] [u_station_ab_night_autotune_v2] __main__: FILTER_PASS token=VIRTUAL tier=A score=95 mode=YELLOW risk=MEDIUM liq=7409920 vol5m=9881
2026-02-27 12:52:28,317 [INFO] [u_station_ab_night_autotune_v2] __main__: FILTER_FAIL token=SPOTLIGHT reason=safe_change_5m
2026-02-27 12:52:28,319 [INFO] [u_station_ab_night_autotune_v2] __main__: V2_QUALITY_GATE enabled=True regime=YELLOW in=2 out=2 core_out=1 explore_out=1 probe_out=0 quota=1 max_symbol_share=0.500 drop={} sources_used={'watchlist': 2}
2026-02-27 12:52:28,320 [INFO] [u_station_ab_night_autotune_v2] __main__: V2_ENTRY_ROUTE enabled=True regime=YELLOW in=2 out=2 core_out=1 explore_out=1 quota=1 allow_explore=True
2026-02-27 12:52:28,320 [INFO] [u_station_ab_night_autotune_v2] __main__: MARKET_REGIME mode=YELLOW reason=avg_cand=2.00 avg_cand_recent=2.00
2026-02-27 12:52:28,321 [INFO] [u_station_ab_night_autotune_v2] trading.auto_trader: AutoTrade skip token=VVV reason=cooldown_left_155s
2026-02-27 12:52:28,323 [INFO] [u_station_ab_night_autotune_v2] trading.auto_trader: AutoTrade skip token=VIRTUAL reason=edge_low mode=both edge=-19.49% raw=-18.05% mult=1.08 min=0.05% probe_min=0.05% edge_usd=$-0.022 min_usd=$0.000 probe_min_usd=$0.000 size=$0.11 gross=9.60% costs=27.65% pwin=0.85 probe=- budget=0/1
2026-02-27 12:52:28,324 [INFO] [u_station_ab_night_autotune_v2] trading.auto_trader: AutoTrade batch mode=top_n candidates=2 eligible=2 selected=2 opened=0 pe=off burst_window=0
2026-02-27 12:52:28,324 [INFO] [u_station_ab_night_autotune_v2] trading.auto_trader: PAPER_SUMMARY window=60s closed_delta=1 wins_delta=1 losses_delta=0 realized_delta=$0.00 total_closed=98 winrate_total=43.9% realized_total=$0.32 balance=$7.32 equity=$7.32 open=0
2026-02-27 12:52:28,325 [INFO] [u_station_ab_night_autotune_v2] __main__: Scanned 5 tokens | High quality: 3 | Alerts sent: 0 | Trade candidates: 2 | Quality out/core/explore/probe: 2/1/1/0 | Opened: 0 | Mode: local | Source: onchain+market | Policy: raw=OK/effective=OK(healthy | route=allow_all) | Regime: YELLOW(avg_cand=2.00) | Safety: checked=2 fail_closed=0 reasons=api_code_4029:2 | FiltersTop(session): source_qos_cap:28,safe_change_5m:14,source_qos_symbol_cap:2,safe_age:2 | Dedup: heavy_skip=0 override=0 | V2Budget: 2/280 | SourceQoS: enabled=1/in=5/out=3/dropped=2/active_cd=0/drops=source_qos_cap:2 | Ingest: q=0/oldest=0.0s/drop_old=0/dedup_skip=0/enq=0/drain=0 | Sources: dex_boosts:ok=1/fail=0/429=0/lim_wait=0/cd_wait=0/err=0.0%/avg=212ms; dexscreener:ok=11/fail=0/429=0/lim_wait=0/cd_wait=0/err=0.0%/avg=159ms; onchain_enrich:ok=20/fail=0/429=0/lim_wait=0/cd_wait=0/err=0.0%/avg=65ms; onchain_weth_price:ok=2/fail=0/429=0/lim_wait=0/cd_wait=0/err=0.0%/avg=48ms | Tasks: 3 | RSS: 0.0MB | CycleAvg: 11.26s
2026-02-27 12:52:32,914 [INFO] [u_station_ab_night_autotune_v2] monitor.onchain_factory: ENRICH_RETRY token=0x95707b3f4b663be87be5413c7e9159eb124447be pair=0x465f011da0968198e3bc0d601a4e7ccb2a71bb1d attempt=1/2 delay=10s
2026-02-27 12:52:32,930 [INFO] [u_station_ab_night_autotune_v2] monitor.onchain_factory: ENRICH_RETRY token=0x2b2dbba18af0c670f78da9438779c24bafa3eb07 pair=0x26b7bc047058fceee2e7cbce6c93beedb85841ce attempt=1/2 delay=10s
2026-02-27 12:52:32,930 [INFO] [u_station_ab_night_autotune_v2] monitor.onchain_factory: ENRICH_RETRY token=0x504c8d471d3150de3c05e1349b751c45209adf6e pair=0xd200a240dcef250619a2cd74e22c0d9522b6075b attempt=1/2 delay=10s
2026-02-27 12:52:32,930 [INFO] [u_station_ab_night_autotune_v2] monitor.onchain_factory: ENRICH_RETRY token=0x9607997a404531613321661f511c9f3ab5ed055c pair=0x7f029d63fcbf4baffa7fed1875e5f7d91d1797cc attempt=1/2 delay=10s
2026-02-27 12:52:32,930 [INFO] [u_station_ab_night_autotune_v2] monitor.onchain_factory: ENRICH_RETRY token=0xd8c16ee8ff54f5418f7043815b4163479b934a26 pair=0xe3b975fc73eb513f0a6bc538ab1e03e4c0e71a33 attempt=1/2 delay=10s
2026-02-27 12:52:43,428 [INFO] [u_station_ab_night_autotune_v2] __main__: WATCHLIST merged count=5
2026-02-27 12:52:43,428 [INFO] [u_station_ab_night_autotune_v2] trading.v2_runtime: V2_UNIVERSE in=5 dedup=5 out=5 target=5 novel_target=5 novel_out=0 repeat_dropped=0 symbol_dropped=0 surge_in=0 surge_target=0 surge_out=0
2026-02-27 12:52:43,434 [INFO] [u_station_ab_night_autotune_v2] __main__: V2_SOURCE_QOS_FILTER in=5 out=3 drops={'source_qos_cap': 2} caps={'watchlist': 3}
2026-02-27 12:52:43,434 [INFO] [u_station_ab_night_autotune_v2] __main__: FILTER_FAIL token=cbBTC reason=source_qos_cap source=watchlist used=3/3
2026-02-27 12:52:43,434 [INFO] [u_station_ab_night_autotune_v2] __main__: FILTER_FAIL token=AERO reason=source_qos_cap source=watchlist used=3/3
2026-02-27 12:52:43,436 [INFO] [u_station_ab_night_autotune_v2] __main__: FILTER_PASS token=VVV tier=A score=100 mode=YELLOW risk=MEDIUM liq=2983779 vol5m=107742
2026-02-27 12:52:43,436 [INFO] [u_station_ab_night_autotune_v2] __main__: FILTER_PASS token=VIRTUAL tier=A score=95 mode=YELLOW risk=MEDIUM liq=7409920 vol5m=9881
2026-02-27 12:52:43,436 [INFO] [u_station_ab_night_autotune_v2] __main__: FILTER_FAIL token=SPOTLIGHT reason=safe_change_5m
2026-02-27 12:52:43,436 [INFO] [u_station_ab_night_autotune_v2] __main__: V2_QUALITY_GATE enabled=True regime=YELLOW in=2 out=2 core_out=1 explore_out=1 probe_out=0 quota=1 max_symbol_share=0.500 drop={} sources_used={'watchlist': 2}
2026-02-27 12:52:43,436 [INFO] [u_station_ab_night_autotune_v2] __main__: V2_ENTRY_ROUTE enabled=True regime=YELLOW in=2 out=2 core_out=1 explore_out=1 quota=1 allow_explore=True
2026-02-27 12:52:43,436 [INFO] [u_station_ab_night_autotune_v2] __main__: MARKET_REGIME mode=YELLOW reason=avg_cand=2.00 avg_cand_recent=2.00
2026-02-27 12:52:43,436 [INFO] [u_station_ab_night_autotune_v2] trading.auto_trader: AutoTrade skip token=VVV reason=cooldown_left_140s
2026-02-27 12:52:43,436 [INFO] [u_station_ab_night_autotune_v2] trading.auto_trader: AutoTrade skip token=VIRTUAL reason=edge_low mode=both edge=-19.49% raw=-18.05% mult=1.08 min=0.05% probe_min=0.05% edge_usd=$-0.022 min_usd=$0.000 probe_min_usd=$0.000 size=$0.11 gross=9.60% costs=27.65% pwin=0.85 probe=- budget=0/1
2026-02-27 12:52:43,436 [INFO] [u_station_ab_night_autotune_v2] trading.auto_trader: AutoTrade batch mode=top_n candidates=2 eligible=2 selected=2 opened=0 pe=off burst_window=0
2026-02-27 12:52:43,436 [INFO] [u_station_ab_night_autotune_v2] __main__: Scanned 5 tokens | High quality: 3 | Alerts sent: 0 | Trade candidates: 2 | Quality out/core/explore/probe: 2/1/1/0 | Opened: 0 | Mode: local | Source: onchain+market | Policy: raw=OK/effective=OK(healthy | route=allow_all) | Regime: YELLOW(avg_cand=2.00) | Safety: checked=2 fail_closed=0 reasons=api_code_4029:2 | FiltersTop(session): source_qos_cap:30,safe_change_5m:15,source_qos_symbol_cap:2,safe_age:2 | Dedup: heavy_skip=0 override=0 | V2Budget: 2/280 | SourceQoS: enabled=1/in=5/out=3/dropped=2/active_cd=0/drops=source_qos_cap:2 | Ingest: q=0/oldest=0.0s/drop_old=0/dedup_skip=0/enq=0/drain=0 | Sources: dex_boosts:ok=1/fail=0/429=0/lim_wait=0/cd_wait=0/err=0.0%/avg=38ms; dexscreener:ok=11/fail=0/429=0/lim_wait=0/cd_wait=0/err=0.0%/avg=43ms; onchain_enrich:ok=20/fail=0/429=0/lim_wait=0/cd_wait=0/err=0.0%/avg=95ms | Tasks: 3 | RSS: 0.0MB | CycleAvg: 11.22s
2026-02-27 12:52:48,003 [INFO] [u_station_ab_night_autotune_v2] monitor.onchain_factory: ENRICH_RETRY token=0x504c8d471d3150de3c05e1349b751c45209adf6e pair=0xd200a240dcef250619a2cd74e22c0d9522b6075b attempt=1/2 delay=10s
2026-02-27 12:52:48,019 [INFO] [u_station_ab_night_autotune_v2] monitor.onchain_factory: ENRICH_RETRY token=0x95707b3f4b663be87be5413c7e9159eb124447be pair=0x465f011da0968198e3bc0d601a4e7ccb2a71bb1d attempt=1/2 delay=10s
2026-02-27 12:52:48,082 [INFO] [u_station_ab_night_autotune_v2] monitor.onchain_factory: ENRICH_RETRY token=0xd8c16ee8ff54f5418f7043815b4163479b934a26 pair=0xe3b975fc73eb513f0a6bc538ab1e03e4c0e71a33 attempt=1/2 delay=10s
2026-02-27 12:52:48,219 [INFO] [u_station_ab_night_autotune_v2] monitor.onchain_factory: ENRICH_RETRY token=0x2b2dbba18af0c670f78da9438779c24bafa3eb07 pair=0x26b7bc047058fceee2e7cbce6c93beedb85841ce attempt=1/2 delay=10s
2026-02-27 12:52:48,364 [INFO] [u_station_ab_night_autotune_v2] monitor.onchain_factory: ENRICH_RETRY token=0x9607997a404531613321661f511c9f3ab5ed055c pair=0x7f029d63fcbf4baffa7fed1875e5f7d91d1797cc attempt=1/2 delay=10s
2026-02-27 12:52:58,631 [INFO] [u_station_ab_night_autotune_v2] __main__: WATCHLIST merged count=5
2026-02-27 12:52:58,631 [INFO] [u_station_ab_night_autotune_v2] trading.v2_runtime: V2_UNIVERSE in=5 dedup=5 out=5 target=5 novel_target=5 novel_out=0 repeat_dropped=0 symbol_dropped=0 surge_in=0 surge_target=0 surge_out=0
2026-02-27 12:52:58,631 [INFO] [u_station_ab_night_autotune_v2] __main__: V2_SOURCE_QOS_FILTER in=5 out=3 drops={'source_qos_cap': 2} caps={'watchlist': 3}
2026-02-27 12:52:58,647 [INFO] [u_station_ab_night_autotune_v2] __main__: FILTER_FAIL token=cbBTC reason=source_qos_cap source=watchlist used=3/3
2026-02-27 12:52:58,649 [INFO] [u_station_ab_night_autotune_v2] __main__: FILTER_FAIL token=AERO reason=source_qos_cap source=watchlist used=3/3
2026-02-27 12:52:58,649 [INFO] [u_station_ab_night_autotune_v2] __main__: FILTER_PASS token=VVV tier=A score=100 mode=YELLOW risk=MEDIUM liq=2983779 vol5m=107742
2026-02-27 12:52:58,651 [INFO] [u_station_ab_night_autotune_v2] __main__: FILTER_PASS token=VIRTUAL tier=A score=95 mode=YELLOW risk=MEDIUM liq=7409920 vol5m=9881
2026-02-27 12:52:58,652 [INFO] [u_station_ab_night_autotune_v2] __main__: FILTER_FAIL token=SPOTLIGHT reason=safe_change_5m
2026-02-27 12:52:58,654 [INFO] [u_station_ab_night_autotune_v2] __main__: V2_QUALITY_GATE enabled=True regime=YELLOW in=2 out=2 core_out=1 explore_out=1 probe_out=0 quota=1 max_symbol_share=0.500 drop={} sources_used={'watchlist': 2}
2026-02-27 12:52:58,654 [INFO] [u_station_ab_night_autotune_v2] __main__: V2_ENTRY_ROUTE enabled=True regime=YELLOW in=2 out=2 core_out=1 explore_out=1 quota=1 allow_explore=True
2026-02-27 12:52:58,654 [INFO] [u_station_ab_night_autotune_v2] __main__: MARKET_REGIME mode=YELLOW reason=avg_cand=2.00 avg_cand_recent=2.00
2026-02-27 12:52:58,656 [INFO] [u_station_ab_night_autotune_v2] trading.auto_trader: AutoTrade skip token=VVV reason=cooldown_left_124s
2026-02-27 12:52:58,656 [INFO] [u_station_ab_night_autotune_v2] trading.auto_trader: AutoTrade skip token=VIRTUAL reason=edge_low mode=both edge=-19.49% raw=-18.05% mult=1.08 min=0.05% probe_min=0.05% edge_usd=$-0.022 min_usd=$0.000 probe_min_usd=$0.000 size=$0.11 gross=9.60% costs=27.65% pwin=0.85 probe=- budget=0/1
2026-02-27 12:52:58,656 [INFO] [u_station_ab_night_autotune_v2] trading.auto_trader: AutoTrade batch mode=top_n candidates=2 eligible=2 selected=2 opened=0 pe=off burst_window=0
2026-02-27 12:52:58,656 [INFO] [u_station_ab_night_autotune_v2] __main__: Scanned 5 tokens | High quality: 3 | Alerts sent: 0 | Trade candidates: 2 | Quality out/core/explore/probe: 2/1/1/0 | Opened: 0 | Mode: local | Source: onchain+market | Policy: raw=OK/effective=OK(healthy | route=allow_all) | Regime: YELLOW(avg_cand=2.00) | Safety: checked=2 fail_closed=0 reasons=api_code_4029:2 | FiltersTop(session): source_qos_cap:32,safe_change_5m:16,source_qos_symbol_cap:2,safe_age:2 | Dedup: heavy_skip=0 override=0 | V2Budget: 2/280 | SourceQoS: enabled=1/in=5/out=3/dropped=2/active_cd=0/drops=source_qos_cap:2 | Ingest: q=0/oldest=0.0s/drop_old=0/dedup_skip=0/enq=0/drain=0 | Sources: dex_boosts:ok=1/fail=0/429=0/lim_wait=0/cd_wait=0/err=0.0%/avg=113ms; dexscreener:ok=11/fail=0/429=0/lim_wait=0/cd_wait=0/err=0.0%/avg=350ms; onchain_enrich:ok=20/fail=0/429=0/lim_wait=0/cd_wait=0/err=0.0%/avg=107ms | Tasks: 3 | RSS: 0.0MB | CycleAvg: 11.21s
2026-02-27 12:53:03,220 [INFO] [u_station_ab_night_autotune_v2] monitor.onchain_factory: ENRICH_RETRY token=0x2b2dbba18af0c670f78da9438779c24bafa3eb07 pair=0x26b7bc047058fceee2e7cbce6c93beedb85841ce attempt=1/2 delay=10s
2026-02-27 12:53:03,222 [INFO] [u_station_ab_night_autotune_v2] monitor.onchain_factory: ENRICH_RETRY token=0xd8c16ee8ff54f5418f7043815b4163479b934a26 pair=0xe3b975fc73eb513f0a6bc538ab1e03e4c0e71a33 attempt=1/2 delay=10s
2026-02-27 12:53:03,222 [INFO] [u_station_ab_night_autotune_v2] monitor.onchain_factory: ENRICH_RETRY token=0x9607997a404531613321661f511c9f3ab5ed055c pair=0x7f029d63fcbf4baffa7fed1875e5f7d91d1797cc attempt=1/2 delay=10s
2026-02-27 12:53:03,278 [INFO] [u_station_ab_night_autotune_v2] monitor.onchain_factory: ENRICH_RETRY token=0x504c8d471d3150de3c05e1349b751c45209adf6e pair=0xd200a240dcef250619a2cd74e22c0d9522b6075b attempt=1/2 delay=10s
2026-02-27 12:53:03,303 [INFO] [u_station_ab_night_autotune_v2] monitor.onchain_factory: ENRICH_RETRY token=0x95707b3f4b663be87be5413c7e9159eb124447be pair=0x465f011da0968198e3bc0d601a4e7ccb2a71bb1d attempt=1/2 delay=10s
2026-02-27 12:53:13,403 [INFO] [u_station_ab_night_autotune_v2] __main__: WATCHLIST merged count=5
2026-02-27 12:53:13,403 [INFO] [u_station_ab_night_autotune_v2] trading.v2_runtime: V2_UNIVERSE in=6 dedup=6 out=6 target=6 novel_target=6 novel_out=1 repeat_dropped=0 symbol_dropped=0 surge_in=0 surge_target=0 surge_out=0
2026-02-27 12:53:13,403 [INFO] [u_station_ab_night_autotune_v2] __main__: V2_SOURCE_QOS_FILTER in=6 out=3 drops={'source_qos_cap': 3} caps={'geckoterminal': 287, 'watchlist': 2}
2026-02-27 12:53:13,403 [INFO] [u_station_ab_night_autotune_v2] __main__: FILTER_FAIL token=SPOTLIGHT reason=source_qos_cap source=watchlist used=2/2
2026-02-27 12:53:13,403 [INFO] [u_station_ab_night_autotune_v2] __main__: FILTER_FAIL token=cbBTC reason=source_qos_cap source=watchlist used=2/2
2026-02-27 12:53:13,403 [INFO] [u_station_ab_night_autotune_v2] __main__: FILTER_FAIL token=AERO reason=source_qos_cap source=watchlist used=2/2
2026-02-27 12:53:13,403 [INFO] [u_station_ab_night_autotune_v2] __main__: FILTER_PASS token=VVV tier=A score=100 mode=YELLOW risk=MEDIUM liq=2983779 vol5m=107742
2026-02-27 12:53:13,403 [INFO] [u_station_ab_night_autotune_v2] __main__: FILTER_PASS token=VIRTUAL tier=A score=95 mode=YELLOW risk=MEDIUM liq=7409920 vol5m=9881
2026-02-27 12:53:13,403 [INFO] [u_station_ab_night_autotune_v2] __main__: FILTER_FAIL token=RAFA reason=safe_volume vol5m=0 min=6 regime=YELLOW
2026-02-27 12:53:13,403 [INFO] [u_station_ab_night_autotune_v2] __main__: V2_QUALITY_GATE enabled=True regime=YELLOW in=2 out=2 core_out=1 explore_out=1 probe_out=0 quota=1 max_symbol_share=0.500 drop={} sources_used={'watchlist': 2}
2026-02-27 12:53:13,403 [INFO] [u_station_ab_night_autotune_v2] __main__: V2_ENTRY_ROUTE enabled=True regime=YELLOW in=2 out=2 core_out=1 explore_out=1 quota=1 allow_explore=True
2026-02-27 12:53:13,403 [INFO] [u_station_ab_night_autotune_v2] __main__: MARKET_REGIME mode=YELLOW reason=avg_cand=2.00 avg_cand_recent=2.00
2026-02-27 12:53:13,403 [INFO] [u_station_ab_night_autotune_v2] trading.auto_trader: AutoTrade skip token=VVV reason=cooldown_left_110s
2026-02-27 12:53:13,403 [INFO] [u_station_ab_night_autotune_v2] trading.auto_trader: AutoTrade skip token=VIRTUAL reason=edge_low mode=both edge=-19.49% raw=-18.05% mult=1.08 min=0.05% probe_min=0.05% edge_usd=$-0.022 min_usd=$0.000 probe_min_usd=$0.000 size=$0.11 gross=9.60% costs=27.65% pwin=0.85 probe=- budget=0/1
2026-02-27 12:53:13,419 [INFO] [u_station_ab_night_autotune_v2] trading.auto_trader: AutoTrade batch mode=top_n candidates=2 eligible=2 selected=2 opened=0 pe=off burst_window=0
2026-02-27 12:53:13,421 [INFO] [u_station_ab_night_autotune_v2] __main__: Scanned 6 tokens | High quality: 2 | Alerts sent: 0 | Trade candidates: 2 | Quality out/core/explore/probe: 2/1/1/0 | Opened: 0 | Mode: local | Source: onchain+market | Policy: raw=OK/effective=OK(healthy | route=allow_all) | Regime: YELLOW(avg_cand=2.00) | Safety: checked=2 fail_closed=0 reasons=api_code_4029:2 | FiltersTop(session): source_qos_cap:35,safe_change_5m:16,source_qos_symbol_cap:2,safe_age:2 | Dedup: heavy_skip=0 override=0 | V2Budget: 2/280 | SourceQoS: enabled=1/in=6/out=3/dropped=3/active_cd=0/drops=source_qos_cap:3 | Ingest: q=0/oldest=0.0s/drop_old=0/dedup_skip=0/enq=1/drain=1 | Sources: dex_boosts:ok=1/fail=0/429=0/lim_wait=0/cd_wait=0/err=0.0%/avg=33ms; dexscreener:ok=11/fail=0/429=0/lim_wait=0/cd_wait=0/err=0.0%/avg=70ms; geckoterminal:ok=1/fail=0/429=0/lim_wait=0/cd_wait=0/err=0.0%/avg=451ms; onchain_enrich:ok=20/fail=0/429=0/lim_wait=0/cd_wait=0/err=0.0%/avg=54ms | Tasks: 3 | RSS: 0.0MB | CycleAvg: 11.21s
2026-02-27 12:53:17,504 [WARNING] [u_station_ab_night_autotune_v2] __main__: GRACEFUL_STOP requested path=D:\earnforme\solana-alert-bot\data\graceful_stop.u_station_ab_night_autotune_v2.signal
2026-02-27 12:53:17,553 [INFO] [u_station_ab_night_autotune_v2] trading.auto_trader: AUTOTRADER_SHUTDOWN reason=main_local_shutdown open=0 closed=98
