2026-02-27 08:27:30,754 [INFO] [u_station_ab_night_autotune_v2] __main__: SESSION_LOG file=logs/matrix/u_station_ab_night_autotune_v2\sessions\main_local_20260227_072730_pid17268.log
2026-02-27 08:27:30,772 [INFO] [u_station_ab_night_autotune_v2] trading.auto_trader_state: AutoTrade state loaded open=0 closed=79 balance=$7.33
2026-02-27 08:27:30,772 [WARNING] [u_station_ab_night_autotune_v2] trading.auto_trader: DATA_POLICY mode=OK reason=init_reset_manual prev_mode=OK prev_reason=healthy | route=allow_all
2026-02-27 08:27:30,772 [INFO] [u_station_ab_night_autotune_v2] __main__: AUTOTRADER_INIT state=ready reason=manual mode=paper
2026-02-27 08:27:30,772 [INFO] [u_station_ab_night_autotune_v2] __main__: Local mode started (Telegram disabled).
2026-02-27 08:27:31,187 [INFO] [u_station_ab_night_autotune_v2] monitor.onchain_factory: PAIR_DETECTED source=uniswap_v2 dex=uniswap_v2 pair=0x21f874356b6fd4fdd9f353037e001fc4d1de878d token0=0x4200000000000000000000000000000000000006 token1=0x9ed85dc3877df68d1da67112eab8fcfb8c369ced block=42693870 factory=0x8909dc15e40173ff4699343b6eb8132c65e18ec6
2026-02-27 08:27:31,187 [INFO] [u_station_ab_night_autotune_v2] monitor.onchain_factory: PAIR_DETECTED source=uniswap_v2 dex=uniswap_v2 pair=0x4a946575530e182a95427cc6ef98ae7efa72cb62 token0=0x4200000000000000000000000000000000000006 token1=0xc46d286f2cedbc9b9449abb3687124ba00f91b15 block=42693872 factory=0x8909dc15e40173ff4699343b6eb8132c65e18ec6
2026-02-27 08:27:31,187 [INFO] [u_station_ab_night_autotune_v2] monitor.onchain_factory: PAIR_DETECTED source=uniswap_v2 dex=uniswap_v2 pair=0xaf15c73c9e63ded90c9cf2eef21facac6b9f02d1 token0=0x4200000000000000000000000000000000000006 token1=0xa20d4f4088fe818ba1d6fde314bd30b39918bb07 block=42693872 factory=0x8909dc15e40173ff4699343b6eb8132c65e18ec6
2026-02-27 08:27:31,187 [INFO] [u_station_ab_night_autotune_v2] monitor.onchain_factory: PAIR_DETECTED source=uniswap_v2 dex=uniswap_v2 pair=0x16bc73cea528d91a6cefcd15fd88784d8a96cd27 token0=0x4200000000000000000000000000000000000006 token1=0x67d5b4b7efbb99e07c0aab0525563bffffe2cb07 block=42693879 factory=0x8909dc15e40173ff4699343b6eb8132c65e18ec6
2026-02-27 08:27:31,187 [INFO] [u_station_ab_night_autotune_v2] monitor.onchain_factory: PAIR_DETECTED source=uniswap_v2 dex=uniswap_v2 pair=0x5c7b4083b070475a32bf7b0693918867e3e968b6 token0=0x4200000000000000000000000000000000000006 token1=0xd637304fb099bdd05e184c2370b88abfce1ebf72 block=42693879 factory=0x8909dc15e40173ff4699343b6eb8132c65e18ec6
2026-02-27 08:27:31,187 [INFO] [u_station_ab_night_autotune_v2] monitor.onchain_factory: PAIR_DETECTED source=uniswap_v2 dex=uniswap_v2 pair=0x90ae09fd26b3ef267eaa97b1638c1bb31ab8b3d6 token0=0x35d3f9564a95a27d8f016183c8a8e8ded54412f5 token1=0x4200000000000000000000000000000000000006 block=42693886 factory=0x8909dc15e40173ff4699343b6eb8132c65e18ec6
2026-02-27 08:27:31,187 [INFO] [u_station_ab_night_autotune_v2] monitor.onchain_factory: PAIR_DETECTED source=uniswap_v2 dex=uniswap_v2 pair=0xb30432e395212df5ab50ce4a43a05349f8f00f94 token0=0x3e0e60ad2005b50583774f6efaf3acb438ee6ba3 token1=0x4200000000000000000000000000000000000006 block=42693912 factory=0x8909dc15e40173ff4699343b6eb8132c65e18ec6
2026-02-27 08:27:31,187 [INFO] [u_station_ab_night_autotune_v2] monitor.onchain_factory: PAIR_DETECTED source=uniswap_v2 dex=uniswap_v2 pair=0x1decad348c3ff33a76cabbf5aab5d2bed7879a6a token0=0x4200000000000000000000000000000000000006 token1=0xe0c37cc2565a24652db815aaa14a5a00ed011c50 block=42693913 factory=0x8909dc15e40173ff4699343b6eb8132c65e18ec6
2026-02-27 08:27:31,203 [INFO] [u_station_ab_night_autotune_v2] monitor.onchain_factory: PAIR_DETECTED source=uniswap_v2 dex=uniswap_v2 pair=0x078d859bea87e1ce884e6aa3291b7134869953c9 token0=0x26da9976d8fe1faa669e0792a1705a33c6c5963c token1=0x4200000000000000000000000000000000000006 block=42693916 factory=0x8909dc15e40173ff4699343b6eb8132c65e18ec6
2026-02-27 08:27:31,204 [INFO] [u_station_ab_night_autotune_v2] monitor.onchain_factory: PAIR_DETECTED source=uniswap_v2 dex=uniswap_v2 pair=0x94d4df472a2fa536ffd080dcfa721b4a594011a1 token0=0x4200000000000000000000000000000000000006 token1=0xa7d21d700fbe0825e64bb4b6b7ec2721c66cab07 block=42693933 factory=0x8909dc15e40173ff4699343b6eb8132c65e18ec6
2026-02-27 08:27:31,204 [INFO] [u_station_ab_night_autotune_v2] monitor.onchain_factory: PAIR_DETECTED source=uniswap_v2 dex=uniswap_v2 pair=0x68a7c74d85a33cd380b4776574c89448ee1e3bbf token0=0x08de12d41dc02cd1e7e2c0a2f9ba48f46fbf841a token1=0x4200000000000000000000000000000000000006 block=42693942 factory=0x8909dc15e40173ff4699343b6eb8132c65e18ec6
2026-02-27 08:27:31,627 [INFO] [u_station_ab_night_autotune_v2] monitor.onchain_factory: ENRICH_RETRY token=0xd637304fb099bdd05e184c2370b88abfce1ebf72 pair=0x5c7b4083b070475a32bf7b0693918867e3e968b6 attempt=1/2 delay=10s
2026-02-27 08:27:31,988 [INFO] [u_station_ab_night_autotune_v2] monitor.onchain_factory: ENRICH_RETRY token=0x08de12d41dc02cd1e7e2c0a2f9ba48f46fbf841a pair=0x68a7c74d85a33cd380b4776574c89448ee1e3bbf attempt=1/2 delay=10s
2026-02-27 08:27:43,381 [INFO] [u_station_ab_night_autotune_v2] __main__: WATCHLIST merged count=3
2026-02-27 08:27:43,381 [INFO] [u_station_ab_night_autotune_v2] trading.v2_runtime: V2_UNIVERSE in=14 dedup=14 out=14 target=14 novel_target=12 novel_out=14 repeat_dropped=0 symbol_dropped=0 surge_in=2 surge_target=2 surge_out=2
2026-02-27 08:27:43,381 [INFO] [u_station_ab_night_autotune_v2] __main__: V2_SOURCE_QOS_FILTER in=14 out=13 drops={'source_qos_cap': 1} caps={'watchlist': 2, 'unknown': 0, 'geckoterminal': 287}
2026-02-27 08:27:43,381 [INFO] [u_station_ab_night_autotune_v2] __main__: FILTER_FAIL token=AERO reason=source_qos_cap source=watchlist used=2/2
2026-02-27 08:27:43,381 [INFO] [u_station_ab_night_autotune_v2] __main__: FILTER_FAIL token=metusd reason=safe_age
2026-02-27 08:27:43,381 [INFO] [u_station_ab_night_autotune_v2] __main__: FILTER_PASS token=cbBTC tier=A score=100 mode=YELLOW risk=MEDIUM liq=20521848 vol5m=52669
2026-02-27 08:27:43,381 [INFO] [u_station_ab_night_autotune_v2] __main__: FILTER_FAIL token=PINCHER reason=safe_age
2026-02-27 08:27:43,381 [INFO] [u_station_ab_night_autotune_v2] __main__: FILTER_FAIL token=MOMO reason=safe_age
2026-02-27 08:27:43,397 [INFO] [u_station_ab_night_autotune_v2] __main__: FILTER_FAIL token=EMOTIONAL reason=safe_age
2026-02-27 08:27:43,397 [INFO] [u_station_ab_night_autotune_v2] __main__: FILTER_FAIL token=CHARLES reason=score_min score=30 strict_min=48 soft_min=48 mode=YELLOW
2026-02-27 08:27:43,398 [INFO] [u_station_ab_night_autotune_v2] __main__: FILTER_PASS token=VIRTUAL tier=A score=75 mode=YELLOW risk=MEDIUM liq=7650684 vol5m=1569
2026-02-27 08:27:43,399 [INFO] [u_station_ab_night_autotune_v2] __main__: FILTER_FAIL token=WETH reason=score_min score=20 strict_min=48 soft_min=48 mode=YELLOW
2026-02-27 08:27:43,399 [INFO] [u_station_ab_night_autotune_v2] __main__: FILTER_FAIL token=SFTMX reason=score_min score=20 strict_min=48 soft_min=48 mode=YELLOW
2026-02-27 08:27:43,400 [INFO] [u_station_ab_night_autotune_v2] __main__: FILTER_FAIL token=PunGuinLly reason=score_min score=40 strict_min=48 soft_min=48 mode=YELLOW
2026-02-27 08:27:43,401 [INFO] [u_station_ab_night_autotune_v2] __main__: FILTER_FAIL token=BERA reason=score_min score=20 strict_min=48 soft_min=48 mode=YELLOW
2026-02-27 08:27:43,402 [INFO] [u_station_ab_night_autotune_v2] __main__: FILTER_FAIL token=openagentm reason=excluded_symbol_keyword
2026-02-27 08:27:43,403 [INFO] [u_station_ab_night_autotune_v2] __main__: FILTER_FAIL token=KellyClaud reason=score_min score=20 strict_min=48 soft_min=48 mode=YELLOW
2026-02-27 08:27:43,403 [INFO] [u_station_ab_night_autotune_v2] trading.v2_runtime: V2_QUALITY_ROTATE symbols_core=0 symbols_cooldown=0 sources=1 top_core=- top_cooldown=-
2026-02-27 08:27:43,404 [INFO] [u_station_ab_night_autotune_v2] __main__: V2_QUALITY_GATE enabled=True regime=YELLOW in=2 out=2 core_out=1 explore_out=1 probe_out=0 quota=1 max_symbol_share=0.500 drop={} sources_used={'watchlist': 2}
2026-02-27 08:27:43,404 [INFO] [u_station_ab_night_autotune_v2] __main__: V2_ENTRY_ROUTE enabled=True regime=YELLOW in=2 out=2 core_out=1 explore_out=1 quota=1 allow_explore=True
2026-02-27 08:27:43,405 [WARNING] [u_station_ab_night_autotune_v2] trading.auto_trader: DATA_POLICY mode=OK reason=healthy | route=allow_all prev_mode=OK prev_reason=init_reset_manual
2026-02-27 08:27:43,405 [INFO] [u_station_ab_night_autotune_v2] __main__: MARKET_REGIME mode=YELLOW reason=avg_cand=2.00 avg_cand_recent=2.00
2026-02-27 08:27:43,406 [INFO] [u_station_ab_night_autotune_v2] trading.auto_trader: AutoTrade skip token=cbBTC reason=cooldown_left_643s
2026-02-27 08:27:43,415 [INFO] [u_station_ab_night_autotune_v2] trading.auto_trader: AutoTrade adjust token=VIRTUAL reason=min_trade_floor size=$0.03->$0.10 min=$0.10
2026-02-27 08:27:43,430 [INFO] [u_station_ab_night_autotune_v2] trading.auto_trader: AutoTrade skip token=VIRTUAL reason=edge_low mode=both edge=-29.70% raw=-27.50% mult=1.08 min=0.05% probe_min=0.05% edge_usd=$-0.030 min_usd=$0.000 probe_min_usd=$0.000 size=$0.10 gross=3.20% costs=30.70% pwin=0.45 probe=- budget=0/1
2026-02-27 08:27:43,430 [INFO] [u_station_ab_night_autotune_v2] trading.auto_trader: AutoTrade batch mode=top_n candidates=2 eligible=2 selected=2 opened=0 pe=off burst_window=0
2026-02-27 08:27:43,430 [INFO] [u_station_ab_night_autotune_v2] __main__: FILTER_THRESHOLDS safe_volume_5m_min=$5 safe_liquidity_min=$8000 safe_age_min=240s score_min=48 edge_min=0.05% lock_floor=0.95 no_momentum_max_pnl=0.25 weakness_pnl=-2.60
2026-02-27 08:27:43,430 [INFO] [u_station_ab_night_autotune_v2] __main__: Scanned 14 tokens | High quality: 3 | Alerts sent: 0 | Trade candidates: 2 | Quality out/core/explore/probe: 2/1/1/0 | Opened: 0 | Mode: local | Source: onchain+market | Policy: raw=OK/effective=OK(healthy | route=allow_all) | Regime: YELLOW(avg_cand=2.00) | Safety: checked=2 fail_closed=0 reasons=api_code_4029:2 | FiltersTop(session): score_min:6,safe_age:4,source_qos_cap:1,excluded_symbol_keyword:1 | Dedup: heavy_skip=0 override=0 | V2Budget: 2/280 | SourceQoS: enabled=1/in=14/out=13/dropped=1/active_cd=0/drops=source_qos_cap:1 | Ingest: q=0/oldest=0.0s/drop_old=0/dedup_skip=0/enq=4/drain=4 | Sources: dex_boosts:ok=1/fail=0/429=0/lim_wait=0/cd_wait=0/err=0.0%/avg=137ms; dexscreener:ok=11/fail=0/429=0/lim_wait=0/cd_wait=0/err=0.0%/avg=227ms; geckoterminal:ok=2/fail=0/429=0/lim_wait=0/cd_wait=0/err=0.0%/avg=130ms; onchain_enrich:ok=17/fail=0/429=0/lim_wait=0/cd_wait=0/err=0.0%/avg=117ms; onchain_weth_price:ok=1/fail=0/429=0/lim_wait=0/cd_wait=0/err=0.0%/avg=55ms; watchlist_dex:ok=10/fail=0/429=0/lim_wait=0/cd_wait=0/err=0.0%/avg=84ms; watchlist_gecko:ok=6/fail=0/429=0/lim_wait=0/cd_wait=0/err=0.0%/avg=520ms | Tasks: 3 | RSS: 0.0MB | CycleAvg: 0.00s
2026-02-27 08:27:47,719 [INFO] [u_station_ab_night_autotune_v2] monitor.onchain_factory: PAIR_DETECTED source=uniswap_v2 dex=uniswap_v2 pair=0xe980d59e7b0f42f39ecccfae049f7ec108c6d084 token0=0x4200000000000000000000000000000000000006 token1=0xf66ce045bbcbc150a4552bfadca511348511bb07 block=42693953 factory=0x8909dc15e40173ff4699343b6eb8132c65e18ec6
2026-02-27 08:27:47,719 [INFO] [u_station_ab_night_autotune_v2] monitor.onchain_factory: PAIR_DETECTED source=uniswap_v2 dex=uniswap_v2 pair=0x64c2aa8572f75f593d30053e49fc594c7144bff9 token0=0x4200000000000000000000000000000000000006 token1=0xe376f557f9308a4faee7f6d2d63d0ff0bca56ba3 block=42693953 factory=0x8909dc15e40173ff4699343b6eb8132c65e18ec6
2026-02-27 08:27:47,988 [INFO] [u_station_ab_night_autotune_v2] monitor.onchain_factory: ENRICH_RETRY token=0xd637304fb099bdd05e184c2370b88abfce1ebf72 pair=0x5c7b4083b070475a32bf7b0693918867e3e968b6 attempt=1/2 delay=10s
2026-02-27 08:27:47,988 [INFO] [u_station_ab_night_autotune_v2] monitor.onchain_factory: ENRICH_RETRY token=0x08de12d41dc02cd1e7e2c0a2f9ba48f46fbf841a pair=0x68a7c74d85a33cd380b4776574c89448ee1e3bbf attempt=1/2 delay=10s
2026-02-27 08:27:48,201 [INFO] [u_station_ab_night_autotune_v2] monitor.onchain_factory: ENRICH_RETRY token=0xe376f557f9308a4faee7f6d2d63d0ff0bca56ba3 pair=0x64c2aa8572f75f593d30053e49fc594c7144bff9 attempt=1/2 delay=10s
2026-02-27 08:27:48,359 [INFO] [u_station_ab_night_autotune_v2] monitor.onchain_factory: ENRICH_RETRY token=0xf66ce045bbcbc150a4552bfadca511348511bb07 pair=0xe980d59e7b0f42f39ecccfae049f7ec108c6d084 attempt=1/2 delay=10s
2026-02-27 08:27:58,419 [INFO] [u_station_ab_night_autotune_v2] __main__: WATCHLIST merged count=3
2026-02-27 08:27:58,419 [INFO] [u_station_ab_night_autotune_v2] trading.v2_runtime: V2_UNIVERSE in=3 dedup=3 out=3 target=3 novel_target=3 novel_out=0 repeat_dropped=0 symbol_dropped=0 surge_in=0 surge_target=0 surge_out=0
2026-02-27 08:27:58,422 [INFO] [u_station_ab_night_autotune_v2] __main__: FILTER_PASS token=cbBTC tier=A score=100 mode=YELLOW risk=MEDIUM liq=20521848 vol5m=52669
2026-02-27 08:27:58,422 [INFO] [u_station_ab_night_autotune_v2] __main__: FILTER_PASS token=VIRTUAL tier=A score=75 mode=YELLOW risk=MEDIUM liq=7650684 vol5m=1569
2026-02-27 08:27:58,422 [INFO] [u_station_ab_night_autotune_v2] __main__: FILTER_FAIL token=AERO reason=safe_volume vol5m=0 min=6 regime=YELLOW
2026-02-27 08:27:58,422 [INFO] [u_station_ab_night_autotune_v2] __main__: V2_QUALITY_GATE enabled=True regime=YELLOW in=2 out=2 core_out=1 explore_out=1 probe_out=0 quota=1 max_symbol_share=0.500 drop={} sources_used={'watchlist': 2}
2026-02-27 08:27:58,422 [INFO] [u_station_ab_night_autotune_v2] __main__: V2_ENTRY_ROUTE enabled=True regime=YELLOW in=2 out=2 core_out=1 explore_out=1 quota=1 allow_explore=True
2026-02-27 08:27:58,422 [INFO] [u_station_ab_night_autotune_v2] __main__: MARKET_REGIME mode=YELLOW reason=avg_cand=2.00 avg_cand_recent=2.00
2026-02-27 08:27:58,422 [INFO] [u_station_ab_night_autotune_v2] trading.auto_trader: AutoTrade skip token=cbBTC reason=cooldown_left_628s
2026-02-27 08:27:58,422 [INFO] [u_station_ab_night_autotune_v2] trading.auto_trader: AutoTrade adjust token=VIRTUAL reason=min_trade_floor size=$0.03->$0.10 min=$0.10
2026-02-27 08:27:58,422 [INFO] [u_station_ab_night_autotune_v2] trading.auto_trader: AutoTrade skip token=VIRTUAL reason=edge_low mode=both edge=-29.70% raw=-27.50% mult=1.08 min=0.05% probe_min=0.05% edge_usd=$-0.030 min_usd=$0.000 probe_min_usd=$0.000 size=$0.10 gross=3.20% costs=30.70% pwin=0.45 probe=- budget=0/1
2026-02-27 08:27:58,422 [INFO] [u_station_ab_night_autotune_v2] trading.auto_trader: AutoTrade batch mode=top_n candidates=2 eligible=2 selected=2 opened=0 pe=off burst_window=0
2026-02-27 08:27:58,422 [INFO] [u_station_ab_night_autotune_v2] __main__: Scanned 3 tokens | High quality: 3 | Alerts sent: 0 | Trade candidates: 2 | Quality out/core/explore/probe: 2/1/1/0 | Opened: 0 | Mode: local | Source: onchain+market | Policy: raw=OK/effective=OK(healthy | route=allow_all) | Regime: YELLOW(avg_cand=2.00) | Safety: checked=2 fail_closed=0 reasons=api_code_4029:2 | FiltersTop(session): score_min:6,safe_age:4,source_qos_cap:1,excluded_symbol_keyword:1 | Dedup: heavy_skip=0 override=0 | V2Budget: 2/280 | SourceQoS: enabled=1/in=3/out=3/dropped=0/active_cd=0/drops=none | Ingest: q=0/oldest=0.0s/drop_old=0/dedup_skip=0/enq=0/drain=0 | Sources: dex_boosts:ok=1/fail=0/429=0/lim_wait=0/cd_wait=0/err=0.0%/avg=126ms; dexscreener:ok=11/fail=0/429=0/lim_wait=0/cd_wait=0/err=0.0%/avg=95ms; onchain_enrich:ok=16/fail=0/429=0/lim_wait=0/cd_wait=0/err=0.0%/avg=90ms | Tasks: 3 | RSS: 0.0MB | CycleAvg: 12.65s
2026-02-27 08:28:02,704 [INFO] [u_station_ab_night_autotune_v2] monitor.onchain_factory: PAIR_DETECTED source=uniswap_v2 dex=uniswap_v2 pair=0xae0c4b65a8422b7d956a8ebbf41e8377a38d49f2 token0=0x4200000000000000000000000000000000000006 token1=0x7a997d3503802486ceeb01d20ab50bd34133963c block=42693964 factory=0x8909dc15e40173ff4699343b6eb8132c65e18ec6
2026-02-27 08:28:02,911 [INFO] [u_station_ab_night_autotune_v2] monitor.onchain_factory: ENRICH_RETRY token=0xf66ce045bbcbc150a4552bfadca511348511bb07 pair=0xe980d59e7b0f42f39ecccfae049f7ec108c6d084 attempt=1/2 delay=10s
2026-02-27 08:28:02,969 [INFO] [u_station_ab_night_autotune_v2] monitor.onchain_factory: ENRICH_RETRY token=0xe376f557f9308a4faee7f6d2d63d0ff0bca56ba3 pair=0x64c2aa8572f75f593d30053e49fc594c7144bff9 attempt=1/2 delay=10s
2026-02-27 08:28:03,053 [INFO] [u_station_ab_night_autotune_v2] monitor.onchain_factory: ENRICH_RETRY token=0xd637304fb099bdd05e184c2370b88abfce1ebf72 pair=0x5c7b4083b070475a32bf7b0693918867e3e968b6 attempt=1/2 delay=10s
2026-02-27 08:28:03,358 [INFO] [u_station_ab_night_autotune_v2] monitor.onchain_factory: ENRICH_RETRY token=0x7a997d3503802486ceeb01d20ab50bd34133963c pair=0xae0c4b65a8422b7d956a8ebbf41e8377a38d49f2 attempt=1/2 delay=10s
2026-02-27 08:28:13,435 [INFO] [u_station_ab_night_autotune_v2] __main__: WATCHLIST merged count=3
2026-02-27 08:28:13,435 [INFO] [u_station_ab_night_autotune_v2] trading.v2_runtime: V2_UNIVERSE in=4 dedup=4 out=4 target=4 novel_target=4 novel_out=1 repeat_dropped=0 symbol_dropped=0 surge_in=0 surge_target=0 surge_out=0
2026-02-27 08:28:13,435 [INFO] [u_station_ab_night_autotune_v2] __main__: V2_SOURCE_QOS_FILTER in=4 out=3 drops={'source_qos_cap': 1} caps={'watchlist': 2, 'unknown': 0}
2026-02-27 08:28:13,435 [INFO] [u_station_ab_night_autotune_v2] __main__: FILTER_FAIL token=AERO reason=source_qos_cap source=watchlist used=2/2
2026-02-27 08:28:13,435 [INFO] [u_station_ab_night_autotune_v2] __main__: FILTER_PASS token=cbBTC tier=A score=100 mode=YELLOW risk=MEDIUM liq=20521848 vol5m=52669
2026-02-27 08:28:13,435 [INFO] [u_station_ab_night_autotune_v2] __main__: FILTER_PASS token=VIRTUAL tier=A score=75 mode=YELLOW risk=MEDIUM liq=7650684 vol5m=1569
2026-02-27 08:28:13,435 [INFO] [u_station_ab_night_autotune_v2] __main__: FILTER_FAIL token=USDH reason=score_min score=20 strict_min=48 soft_min=48 mode=YELLOW
2026-02-27 08:28:13,435 [INFO] [u_station_ab_night_autotune_v2] __main__: V2_QUALITY_GATE enabled=True regime=YELLOW in=2 out=2 core_out=1 explore_out=1 probe_out=0 quota=1 max_symbol_share=0.500 drop={} sources_used={'watchlist': 2}
2026-02-27 08:28:13,435 [INFO] [u_station_ab_night_autotune_v2] __main__: V2_ENTRY_ROUTE enabled=True regime=YELLOW in=2 out=2 core_out=1 explore_out=1 quota=1 allow_explore=True
2026-02-27 08:28:13,435 [INFO] [u_station_ab_night_autotune_v2] __main__: MARKET_REGIME mode=YELLOW reason=avg_cand=2.00 avg_cand_recent=2.00
2026-02-27 08:28:13,435 [INFO] [u_station_ab_night_autotune_v2] trading.auto_trader: AutoTrade skip token=cbBTC reason=cooldown_left_613s
2026-02-27 08:28:13,435 [INFO] [u_station_ab_night_autotune_v2] trading.auto_trader: AutoTrade adjust token=VIRTUAL reason=min_trade_floor size=$0.03->$0.10 min=$0.10
2026-02-27 08:28:13,435 [INFO] [u_station_ab_night_autotune_v2] trading.auto_trader: AutoTrade skip token=VIRTUAL reason=edge_low mode=both edge=-29.70% raw=-27.50% mult=1.08 min=0.05% probe_min=0.05% edge_usd=$-0.030 min_usd=$0.000 probe_min_usd=$0.000 size=$0.10 gross=3.20% costs=30.70% pwin=0.45 probe=- budget=0/1
2026-02-27 08:28:13,435 [INFO] [u_station_ab_night_autotune_v2] trading.auto_trader: AutoTrade batch mode=top_n candidates=2 eligible=2 selected=2 opened=0 pe=off burst_window=0
2026-02-27 08:28:13,435 [INFO] [u_station_ab_night_autotune_v2] __main__: Scanned 4 tokens | High quality: 2 | Alerts sent: 0 | Trade candidates: 2 | Quality out/core/explore/probe: 2/1/1/0 | Opened: 0 | Mode: local | Source: onchain+market | Policy: raw=OK/effective=OK(healthy | route=allow_all) | Regime: YELLOW(avg_cand=2.00) | Safety: checked=2 fail_closed=0 reasons=api_code_4029:2 | FiltersTop(session): score_min:7,safe_age:4,source_qos_cap:2,excluded_symbol_keyword:1 | Dedup: heavy_skip=0 override=0 | V2Budget: 2/280 | SourceQoS: enabled=1/in=4/out=3/dropped=1/active_cd=0/drops=source_qos_cap:1 | Ingest: q=0/oldest=0.0s/drop_old=0/dedup_skip=0/enq=0/drain=0 | Sources: dex_boosts:ok=1/fail=0/429=0/lim_wait=0/cd_wait=0/err=0.0%/avg=56ms; dexscreener:ok=11/fail=0/429=0/lim_wait=0/cd_wait=0/err=0.0%/avg=163ms; onchain_enrich:ok=17/fail=0/429=0/lim_wait=0/cd_wait=0/err=0.0%/avg=96ms | Tasks: 3 | RSS: 0.0MB | CycleAvg: 11.81s
2026-02-27 08:28:17,819 [INFO] [u_station_ab_night_autotune_v2] monitor.onchain_factory: PAIR_DETECTED source=uniswap_v3 dex=uniswap_v3 pair=0x3b7237cded84a2be960bf3d8f8679944adaec0c3 token0=0x41bbab49ef7a1d550dbc23f3d04e056515650e60 token1=0x4200000000000000000000000000000000000006 block=42693967 factory=0x33128a8fc17869897dce68ed026d694621f6fdfd
2026-02-27 08:28:17,896 [INFO] [u_station_ab_night_autotune_v2] monitor.onchain_factory: ENRICH_RETRY token=0xe376f557f9308a4faee7f6d2d63d0ff0bca56ba3 pair=0x64c2aa8572f75f593d30053e49fc594c7144bff9 attempt=1/2 delay=10s
2026-02-27 08:28:17,896 [INFO] [u_station_ab_night_autotune_v2] monitor.onchain_factory: ENRICH_RETRY token=0xd637304fb099bdd05e184c2370b88abfce1ebf72 pair=0x5c7b4083b070475a32bf7b0693918867e3e968b6 attempt=1/2 delay=10s
2026-02-27 08:28:17,903 [INFO] [u_station_ab_night_autotune_v2] monitor.onchain_factory: ENRICH_RETRY token=0xf66ce045bbcbc150a4552bfadca511348511bb07 pair=0xe980d59e7b0f42f39ecccfae049f7ec108c6d084 attempt=1/2 delay=10s
2026-02-27 08:28:17,903 [INFO] [u_station_ab_night_autotune_v2] monitor.onchain_factory: ENRICH_RETRY token=0x7a997d3503802486ceeb01d20ab50bd34133963c pair=0xae0c4b65a8422b7d956a8ebbf41e8377a38d49f2 attempt=1/2 delay=10s
2026-02-27 08:28:18,022 [INFO] [u_station_ab_night_autotune_v2] monitor.onchain_factory: ENRICH_RETRY token=0x41bbab49ef7a1d550dbc23f3d04e056515650e60 pair=0x3b7237cded84a2be960bf3d8f8679944adaec0c3 attempt=1/2 delay=10s
2026-02-27 08:28:28,285 [INFO] [u_station_ab_night_autotune_v2] __main__: WATCHLIST merged count=3
2026-02-27 08:28:28,285 [INFO] [u_station_ab_night_autotune_v2] trading.v2_runtime: V2_UNIVERSE in=5 dedup=5 out=5 target=5 novel_target=5 novel_out=2 repeat_dropped=0 symbol_dropped=0 surge_in=0 surge_target=0 surge_out=0
2026-02-27 08:28:28,285 [INFO] [u_station_ab_night_autotune_v2] __main__: V2_SOURCE_QOS_FILTER in=5 out=4 drops={'source_qos_cap': 1} caps={'watchlist': 2, 'unknown': 0}
2026-02-27 08:28:28,285 [INFO] [u_station_ab_night_autotune_v2] __main__: FILTER_FAIL token=AERO reason=source_qos_cap source=watchlist used=2/2
2026-02-27 08:28:28,285 [INFO] [u_station_ab_night_autotune_v2] __main__: FILTER_PASS token=cbBTC tier=A score=100 mode=YELLOW risk=MEDIUM liq=20521848 vol5m=52669
2026-02-27 08:28:28,285 [INFO] [u_station_ab_night_autotune_v2] __main__: FILTER_FAIL token=openagentm reason=excluded_symbol_keyword
2026-02-27 08:28:28,285 [INFO] [u_station_ab_night_autotune_v2] __main__: FILTER_PASS token=VIRTUAL tier=A score=75 mode=YELLOW risk=MEDIUM liq=7650684 vol5m=1569
2026-02-27 08:28:28,285 [INFO] [u_station_ab_night_autotune_v2] __main__: FILTER_FAIL token=MOMO reason=safe_volume vol5m=0 min=6 regime=YELLOW
2026-02-27 08:28:28,285 [INFO] [u_station_ab_night_autotune_v2] __main__: V2_QUALITY_GATE enabled=True regime=YELLOW in=2 out=2 core_out=1 explore_out=1 probe_out=0 quota=1 max_symbol_share=0.500 drop={} sources_used={'watchlist': 2}
2026-02-27 08:28:28,285 [INFO] [u_station_ab_night_autotune_v2] __main__: V2_ENTRY_ROUTE enabled=True regime=YELLOW in=2 out=2 core_out=1 explore_out=1 quota=1 allow_explore=True
2026-02-27 08:28:28,285 [INFO] [u_station_ab_night_autotune_v2] __main__: MARKET_REGIME mode=YELLOW reason=avg_cand=2.00 avg_cand_recent=2.00
2026-02-27 08:28:28,285 [INFO] [u_station_ab_night_autotune_v2] trading.auto_trader: AutoTrade skip token=cbBTC reason=cooldown_left_598s
2026-02-27 08:28:28,285 [INFO] [u_station_ab_night_autotune_v2] trading.auto_trader: AutoTrade adjust token=VIRTUAL reason=min_trade_floor size=$0.03->$0.10 min=$0.10
2026-02-27 08:28:28,285 [INFO] [u_station_ab_night_autotune_v2] trading.auto_trader: AutoTrade skip token=VIRTUAL reason=edge_low mode=both edge=-29.70% raw=-27.50% mult=1.08 min=0.05% probe_min=0.05% edge_usd=$-0.030 min_usd=$0.000 probe_min_usd=$0.000 size=$0.10 gross=3.20% costs=30.70% pwin=0.45 probe=- budget=0/1
2026-02-27 08:28:28,285 [INFO] [u_station_ab_night_autotune_v2] trading.auto_trader: AutoTrade batch mode=top_n candidates=2 eligible=2 selected=2 opened=0 pe=off burst_window=0
2026-02-27 08:28:28,285 [INFO] [u_station_ab_night_autotune_v2] __main__: Scanned 5 tokens | High quality: 2 | Alerts sent: 0 | Trade candidates: 2 | Quality out/core/explore/probe: 2/1/1/0 | Opened: 0 | Mode: local | Source: onchain+market | Policy: raw=OK/effective=OK(healthy | route=allow_all) | Regime: YELLOW(avg_cand=2.00) | Safety: checked=2 fail_closed=0 reasons=api_code_4029:2 | FiltersTop(session): score_min:7,safe_age:4,source_qos_cap:3,excluded_symbol_keyword:2 | Dedup: heavy_skip=0 override=0 | V2Budget: 2/280 | SourceQoS: enabled=1/in=5/out=4/dropped=1/active_cd=0/drops=source_qos_cap:1 | Ingest: q=0/oldest=0.0s/drop_old=0/dedup_skip=0/enq=0/drain=0 | Sources: dex_boosts:ok=1/fail=0/429=0/lim_wait=0/cd_wait=0/err=0.0%/avg=27ms; dexscreener:ok=11/fail=0/429=0/lim_wait=0/cd_wait=0/err=0.0%/avg=36ms; onchain_enrich:ok=18/fail=0/429=0/lim_wait=0/cd_wait=0/err=0.0%/avg=62ms | Tasks: 3 | RSS: 0.0MB | CycleAvg: 11.55s
2026-02-27 08:28:32,549 [INFO] [u_station_ab_night_autotune_v2] monitor.onchain_factory: PAIR_DETECTED source=uniswap_v2 dex=uniswap_v2 pair=0x6af3e196e843a0210f3cc0c1578237c4f8e3bd97 token0=0x4200000000000000000000000000000000000006 token1=0xa1770c3b32a702fd161b571213b9e7aed47a8fa7 block=42693978 factory=0x8909dc15e40173ff4699343b6eb8132c65e18ec6
2026-02-27 08:28:32,753 [INFO] [u_station_ab_night_autotune_v2] monitor.onchain_factory: ENRICH_RETRY token=0x7a997d3503802486ceeb01d20ab50bd34133963c pair=0xae0c4b65a8422b7d956a8ebbf41e8377a38d49f2 attempt=1/2 delay=10s
2026-02-27 08:28:32,753 [INFO] [u_station_ab_night_autotune_v2] monitor.onchain_factory: ENRICH_RETRY token=0xd637304fb099bdd05e184c2370b88abfce1ebf72 pair=0x5c7b4083b070475a32bf7b0693918867e3e968b6 attempt=1/2 delay=10s
2026-02-27 08:28:33,187 [INFO] [u_station_ab_night_autotune_v2] monitor.onchain_factory: ENRICH_RETRY token=0xa1770c3b32a702fd161b571213b9e7aed47a8fa7 pair=0x6af3e196e843a0210f3cc0c1578237c4f8e3bd97 attempt=1/2 delay=10s
2026-02-27 08:28:43,378 [INFO] [u_station_ab_night_autotune_v2] __main__: WATCHLIST merged count=3
2026-02-27 08:28:43,379 [INFO] [u_station_ab_night_autotune_v2] trading.v2_runtime: V2_UNIVERSE in=5 dedup=5 out=5 target=5 novel_target=5 novel_out=2 repeat_dropped=0 symbol_dropped=0 surge_in=0 surge_target=0 surge_out=0
2026-02-27 08:28:43,379 [INFO] [u_station_ab_night_autotune_v2] __main__: V2_SOURCE_QOS_FILTER in=5 out=4 drops={'source_qos_cap': 1} caps={'watchlist': 2, 'unknown': 0}
2026-02-27 08:28:43,380 [INFO] [u_station_ab_night_autotune_v2] __main__: FILTER_FAIL token=AERO reason=source_qos_cap source=watchlist used=2/2
2026-02-27 08:28:43,381 [INFO] [u_station_ab_night_autotune_v2] __main__: FILTER_PASS token=cbBTC tier=A score=100 mode=YELLOW risk=MEDIUM liq=20521848 vol5m=52669
2026-02-27 08:28:43,381 [INFO] [u_station_ab_night_autotune_v2] __main__: FILTER_FAIL token=CHARLES reason=score_min score=30 strict_min=48 soft_min=48 mode=YELLOW
2026-02-27 08:28:43,381 [INFO] [u_station_ab_night_autotune_v2] __main__: FILTER_PASS token=VIRTUAL tier=A score=75 mode=YELLOW risk=MEDIUM liq=7650684 vol5m=1569
2026-02-27 08:28:43,381 [INFO] [u_station_ab_night_autotune_v2] __main__: FILTER_FAIL token=Jellybean reason=score_min score=20 strict_min=48 soft_min=48 mode=YELLOW
2026-02-27 08:28:43,381 [INFO] [u_station_ab_night_autotune_v2] __main__: V2_QUALITY_GATE enabled=True regime=YELLOW in=2 out=2 core_out=1 explore_out=1 probe_out=0 quota=1 max_symbol_share=0.500 drop={} sources_used={'watchlist': 2}
2026-02-27 08:28:43,381 [INFO] [u_station_ab_night_autotune_v2] __main__: V2_ENTRY_ROUTE enabled=True regime=YELLOW in=2 out=2 core_out=1 explore_out=1 quota=1 allow_explore=True
2026-02-27 08:28:43,381 [INFO] [u_station_ab_night_autotune_v2] __main__: MARKET_REGIME mode=YELLOW reason=avg_cand=2.00 avg_cand_recent=2.00
2026-02-27 08:28:43,381 [INFO] [u_station_ab_night_autotune_v2] trading.auto_trader: AutoTrade skip token=cbBTC reason=cooldown_left_583s
2026-02-27 08:28:43,381 [INFO] [u_station_ab_night_autotune_v2] trading.auto_trader: AutoTrade adjust token=VIRTUAL reason=min_trade_floor size=$0.03->$0.10 min=$0.10
2026-02-27 08:28:43,381 [INFO] [u_station_ab_night_autotune_v2] trading.auto_trader: AutoTrade skip token=VIRTUAL reason=edge_low mode=both edge=-29.70% raw=-27.50% mult=1.08 min=0.05% probe_min=0.05% edge_usd=$-0.030 min_usd=$0.000 probe_min_usd=$0.000 size=$0.10 gross=3.20% costs=30.70% pwin=0.45 probe=- budget=0/1
2026-02-27 08:28:43,381 [INFO] [u_station_ab_night_autotune_v2] trading.auto_trader: AutoTrade batch mode=top_n candidates=2 eligible=2 selected=2 opened=0 pe=off burst_window=0
2026-02-27 08:28:43,381 [INFO] [u_station_ab_night_autotune_v2] trading.auto_trader: PAPER_SUMMARY window=60s closed_delta=0 wins_delta=0 losses_delta=0 realized_delta=$0.00 total_closed=79 winrate_total=46.8% realized_total=$0.33 balance=$7.33 equity=$7.33 open=0
2026-02-27 08:28:43,381 [INFO] [u_station_ab_night_autotune_v2] __main__: Scanned 5 tokens | High quality: 2 | Alerts sent: 0 | Trade candidates: 2 | Quality out/core/explore/probe: 2/1/1/0 | Opened: 0 | Mode: local | Source: onchain+market | Policy: raw=OK/effective=OK(healthy | route=allow_all) | Regime: YELLOW(avg_cand=2.00) | Safety: checked=2 fail_closed=0 reasons=api_code_4029:2 | FiltersTop(session): score_min:9,source_qos_cap:4,safe_age:4,excluded_symbol_keyword:2 | Dedup: heavy_skip=0 override=0 | V2Budget: 2/280 | SourceQoS: enabled=1/in=5/out=4/dropped=1/active_cd=0/drops=source_qos_cap:1 | Ingest: q=0/oldest=0.0s/drop_old=0/dedup_skip=0/enq=0/drain=0 | Sources: dex_boosts:ok=1/fail=0/429=0/lim_wait=0/cd_wait=0/err=0.0%/avg=29ms; dexscreener:ok=11/fail=0/429=0/lim_wait=0/cd_wait=0/err=0.0%/avg=43ms; onchain_enrich:ok=13/fail=0/429=0/lim_wait=0/cd_wait=0/err=0.0%/avg=153ms; onchain_weth_price:ok=1/fail=0/429=0/lim_wait=0/cd_wait=0/err=0.0%/avg=56ms | Tasks: 3 | RSS: 0.0MB | CycleAvg: 11.38s
2026-02-27 08:28:47,650 [INFO] [u_station_ab_night_autotune_v2] monitor.onchain_factory: PAIR_DETECTED source=uniswap_v2 dex=uniswap_v2 pair=0xae37f0e35376e0b985b6269c54f7a2f937d0ac17 token0=0x4200000000000000000000000000000000000006 token1=0xd4e1eafed43c6a876b40281cfa2a63fd986f1798 block=42693984 factory=0x8909dc15e40173ff4699343b6eb8132c65e18ec6
2026-02-27 08:28:47,830 [INFO] [u_station_ab_night_autotune_v2] monitor.onchain_factory: ENRICH_RETRY token=0xd637304fb099bdd05e184c2370b88abfce1ebf72 pair=0x5c7b4083b070475a32bf7b0693918867e3e968b6 attempt=1/2 delay=10s
2026-02-27 08:28:47,846 [INFO] [u_station_ab_night_autotune_v2] monitor.onchain_factory: ENRICH_RETRY token=0xa1770c3b32a702fd161b571213b9e7aed47a8fa7 pair=0x6af3e196e843a0210f3cc0c1578237c4f8e3bd97 attempt=1/2 delay=10s
2026-02-27 08:28:48,286 [INFO] [u_station_ab_night_autotune_v2] monitor.onchain_factory: ENRICH_RETRY token=0xd4e1eafed43c6a876b40281cfa2a63fd986f1798 pair=0xae37f0e35376e0b985b6269c54f7a2f937d0ac17 attempt=1/2 delay=10s
2026-02-27 08:28:58,354 [INFO] [u_station_ab_night_autotune_v2] __main__: WATCHLIST merged count=3
2026-02-27 08:28:58,354 [INFO] [u_station_ab_night_autotune_v2] trading.v2_runtime: V2_UNIVERSE in=7 dedup=7 out=7 target=7 novel_target=6 novel_out=1 repeat_dropped=0 symbol_dropped=0 surge_in=1 surge_target=1 surge_out=1
2026-02-27 08:28:58,354 [INFO] [u_station_ab_night_autotune_v2] __main__: V2_SOURCE_QOS_FILTER in=7 out=6 drops={'source_qos_cap': 1} caps={'watchlist': 2, 'geckoterminal': 287}
2026-02-27 08:28:58,354 [INFO] [u_station_ab_night_autotune_v2] __main__: FILTER_FAIL token=AERO reason=source_qos_cap source=watchlist used=2/2
2026-02-27 08:28:58,370 [INFO] [u_station_ab_night_autotune_v2] __main__: FILTER_PASS token=cbBTC tier=A score=100 mode=YELLOW risk=MEDIUM liq=20521848 vol5m=52669
2026-02-27 08:28:58,370 [INFO] [u_station_ab_night_autotune_v2] __main__: FILTER_FAIL token=PunGuinLly reason=safe_age
2026-02-27 08:28:58,370 [INFO] [u_station_ab_night_autotune_v2] __main__: FILTER_FAIL token=JELLYBEAN reason=score_min score=40 strict_min=48 soft_min=48 mode=YELLOW
2026-02-27 08:28:58,370 [INFO] [u_station_ab_night_autotune_v2] __main__: FILTER_PASS token=VIRTUAL tier=A score=75 mode=YELLOW risk=MEDIUM liq=7650684 vol5m=1569
2026-02-27 08:28:58,370 [INFO] [u_station_ab_night_autotune_v2] __main__: FILTER_FAIL token=MOMO reason=safe_volume vol5m=0 min=6 regime=YELLOW
2026-02-27 08:28:58,370 [INFO] [u_station_ab_night_autotune_v2] __main__: FILTER_FAIL token=openagentm reason=excluded_symbol_keyword
2026-02-27 08:28:58,370 [INFO] [u_station_ab_night_autotune_v2] __main__: V2_QUALITY_GATE enabled=True regime=YELLOW in=2 out=2 core_out=1 explore_out=1 probe_out=0 quota=1 max_symbol_share=0.500 drop={} sources_used={'watchlist': 2}
2026-02-27 08:28:58,370 [INFO] [u_station_ab_night_autotune_v2] __main__: V2_ENTRY_ROUTE enabled=True regime=YELLOW in=2 out=2 core_out=1 explore_out=1 quota=1 allow_explore=True
2026-02-27 08:28:58,370 [INFO] [u_station_ab_night_autotune_v2] __main__: MARKET_REGIME mode=YELLOW reason=avg_cand=2.00 avg_cand_recent=2.00
2026-02-27 08:28:58,370 [INFO] [u_station_ab_night_autotune_v2] trading.auto_trader: AutoTrade skip token=cbBTC reason=cooldown_left_568s
2026-02-27 08:28:58,386 [INFO] [u_station_ab_night_autotune_v2] trading.auto_trader: AutoTrade adjust token=VIRTUAL reason=min_trade_floor size=$0.03->$0.10 min=$0.10
2026-02-27 08:28:58,386 [INFO] [u_station_ab_night_autotune_v2] trading.auto_trader: AutoTrade skip token=VIRTUAL reason=edge_low mode=both edge=-29.70% raw=-27.50% mult=1.08 min=0.05% probe_min=0.05% edge_usd=$-0.030 min_usd=$0.000 probe_min_usd=$0.000 size=$0.10 gross=3.20% costs=30.70% pwin=0.45 probe=- budget=0/1
2026-02-27 08:28:58,386 [INFO] [u_station_ab_night_autotune_v2] trading.auto_trader: AutoTrade batch mode=top_n candidates=2 eligible=2 selected=2 opened=0 pe=off burst_window=0
2026-02-27 08:28:58,386 [INFO] [u_station_ab_night_autotune_v2] __main__: Scanned 7 tokens | High quality: 2 | Alerts sent: 0 | Trade candidates: 2 | Quality out/core/explore/probe: 2/1/1/0 | Opened: 0 | Mode: local | Source: onchain+market | Policy: raw=OK/effective=OK(healthy | route=allow_all) | Regime: YELLOW(avg_cand=2.00) | Safety: checked=2 fail_closed=0 reasons=api_code_4029:2 | FiltersTop(session): score_min:10,source_qos_cap:5,safe_age:5,excluded_symbol_keyword:3 | Dedup: heavy_skip=0 override=0 | V2Budget: 2/280 | SourceQoS: enabled=1/in=7/out=6/dropped=1/active_cd=0/drops=source_qos_cap:1 | Ingest: q=0/oldest=0.0s/drop_old=0/dedup_skip=0/enq=4/drain=4 | Sources: dex_boosts:ok=1/fail=0/429=0/lim_wait=0/cd_wait=0/err=0.0%/avg=39ms; dexscreener:ok=11/fail=0/429=0/lim_wait=0/cd_wait=0/err=0.0%/avg=250ms; geckoterminal:ok=1/fail=0/429=0/lim_wait=0/cd_wait=0/err=0.0%/avg=240ms; onchain_enrich:ok=12/fail=0/429=0/lim_wait=0/cd_wait=0/err=0.0%/avg=68ms | Tasks: 3 | RSS: 0.0MB | CycleAvg: 11.32s
2026-02-27 08:29:02,819 [INFO] [u_station_ab_night_autotune_v2] monitor.onchain_factory: ENRICH_RETRY token=0xd637304fb099bdd05e184c2370b88abfce1ebf72 pair=0x5c7b4083b070475a32bf7b0693918867e3e968b6 attempt=1/2 delay=10s
2026-02-27 08:29:02,837 [INFO] [u_station_ab_night_autotune_v2] monitor.onchain_factory: ENRICH_RETRY token=0xa1770c3b32a702fd161b571213b9e7aed47a8fa7 pair=0x6af3e196e843a0210f3cc0c1578237c4f8e3bd97 attempt=1/2 delay=10s
2026-02-27 08:29:02,870 [INFO] [u_station_ab_night_autotune_v2] monitor.onchain_factory: ENRICH_RETRY token=0xd4e1eafed43c6a876b40281cfa2a63fd986f1798 pair=0xae37f0e35376e0b985b6269c54f7a2f937d0ac17 attempt=1/2 delay=10s
2026-02-27 08:29:13,086 [INFO] [u_station_ab_night_autotune_v2] __main__: WATCHLIST merged count=3
2026-02-27 08:29:13,086 [INFO] [u_station_ab_night_autotune_v2] trading.v2_runtime: V2_UNIVERSE in=5 dedup=5 out=5 target=5 novel_target=5 novel_out=2 repeat_dropped=0 symbol_dropped=0 surge_in=0 surge_target=0 surge_out=0
2026-02-27 08:29:13,086 [INFO] [u_station_ab_night_autotune_v2] __main__: V2_SOURCE_QOS_FILTER in=5 out=4 drops={'source_qos_cap': 1} caps={'watchlist': 2, 'unknown': 0}
2026-02-27 08:29:13,086 [INFO] [u_station_ab_night_autotune_v2] __main__: FILTER_FAIL token=AERO reason=source_qos_cap source=watchlist used=2/2
2026-02-27 08:29:13,086 [INFO] [u_station_ab_night_autotune_v2] __main__: FILTER_PASS token=cbBTC tier=A score=100 mode=YELLOW risk=MEDIUM liq=20521848 vol5m=52669
2026-02-27 08:29:13,086 [INFO] [u_station_ab_night_autotune_v2] __main__: FILTER_PASS token=VIRTUAL tier=A score=75 mode=YELLOW risk=MEDIUM liq=7650684 vol5m=1569
2026-02-27 08:29:13,086 [INFO] [u_station_ab_night_autotune_v2] __main__: FILTER_FAIL token=IZKY reason=score_min score=20 strict_min=48 soft_min=48 mode=YELLOW
2026-02-27 08:29:13,086 [INFO] [u_station_ab_night_autotune_v2] __main__: FILTER_FAIL token=WETH reason=score_min score=20 strict_min=48 soft_min=48 mode=YELLOW
2026-02-27 08:29:13,086 [INFO] [u_station_ab_night_autotune_v2] __main__: V2_QUALITY_GATE enabled=True regime=YELLOW in=2 out=2 core_out=1 explore_out=1 probe_out=0 quota=1 max_symbol_share=0.500 drop={} sources_used={'watchlist': 2}
2026-02-27 08:29:13,086 [INFO] [u_station_ab_night_autotune_v2] __main__: V2_ENTRY_ROUTE enabled=True regime=YELLOW in=2 out=2 core_out=1 explore_out=1 quota=1 allow_explore=True
2026-02-27 08:29:13,086 [INFO] [u_station_ab_night_autotune_v2] __main__: MARKET_REGIME mode=YELLOW reason=avg_cand=2.00 avg_cand_recent=2.00
2026-02-27 08:29:13,086 [INFO] [u_station_ab_night_autotune_v2] trading.auto_trader: AutoTrade skip token=cbBTC reason=cooldown_left_554s
2026-02-27 08:29:13,086 [INFO] [u_station_ab_night_autotune_v2] trading.auto_trader: AutoTrade adjust token=VIRTUAL reason=min_trade_floor size=$0.03->$0.10 min=$0.10
2026-02-27 08:29:13,086 [INFO] [u_station_ab_night_autotune_v2] trading.auto_trader: AutoTrade skip token=VIRTUAL reason=edge_low mode=both edge=-29.70% raw=-27.50% mult=1.08 min=0.05% probe_min=0.05% edge_usd=$-0.030 min_usd=$0.000 probe_min_usd=$0.000 size=$0.10 gross=3.20% costs=30.70% pwin=0.45 probe=- budget=0/1
2026-02-27 08:29:13,086 [INFO] [u_station_ab_night_autotune_v2] trading.auto_trader: AutoTrade batch mode=top_n candidates=2 eligible=2 selected=2 opened=0 pe=off burst_window=0
2026-02-27 08:29:13,102 [INFO] [u_station_ab_night_autotune_v2] __main__: Scanned 5 tokens | High quality: 2 | Alerts sent: 0 | Trade candidates: 2 | Quality out/core/explore/probe: 2/1/1/0 | Opened: 0 | Mode: local | Source: onchain+market | Policy: raw=OK/effective=OK(healthy | route=allow_all) | Regime: YELLOW(avg_cand=2.00) | Safety: checked=2 fail_closed=0 reasons=api_code_4029:2 | FiltersTop(session): score_min:12,source_qos_cap:6,safe_age:5,excluded_symbol_keyword:3 | Dedup: heavy_skip=0 override=0 | V2Budget: 2/280 | SourceQoS: enabled=1/in=5/out=4/dropped=1/active_cd=0/drops=source_qos_cap:1 | Ingest: q=0/oldest=0.0s/drop_old=0/dedup_skip=0/enq=0/drain=0 | Sources: dex_boosts:ok=1/fail=0/429=0/lim_wait=0/cd_wait=0/err=0.0%/avg=38ms; dexscreener:ok=11/fail=0/429=0/lim_wait=0/cd_wait=0/err=0.0%/avg=40ms; onchain_enrich:ok=10/fail=0/429=0/lim_wait=0/cd_wait=0/err=0.0%/avg=70ms | Tasks: 3 | RSS: 0.0MB | CycleAvg: 11.27s
2026-02-27 08:29:17,371 [INFO] [u_station_ab_night_autotune_v2] monitor.onchain_factory: PAIR_DETECTED source=uniswap_v2 dex=uniswap_v2 pair=0x2f6ddd7797c201b9cff2b2512778fc89958c3bc7 token0=0x1d85afa565be5545a234055b02b5c7b6ce71ab07 token1=0x4200000000000000000000000000000000000006 block=42693999 factory=0x8909dc15e40173ff4699343b6eb8132c65e18ec6
2026-02-27 08:29:17,371 [INFO] [u_station_ab_night_autotune_v2] monitor.onchain_factory: PAIR_DETECTED source=uniswap_v2 dex=uniswap_v2 pair=0x8f23d01db522a6f6c335407c514f48630b54f8cc token0=0x0f6a2a3e280e7f2b419a57d76e5ec501285ee5a6 token1=0x4200000000000000000000000000000000000006 block=42694000 factory=0x8909dc15e40173ff4699343b6eb8132c65e18ec6
2026-02-27 08:29:17,804 [INFO] [u_station_ab_night_autotune_v2] monitor.onchain_factory: ENRICH_RETRY token=0x0f6a2a3e280e7f2b419a57d76e5ec501285ee5a6 pair=0x8f23d01db522a6f6c335407c514f48630b54f8cc attempt=1/2 delay=10s
2026-02-27 08:29:17,829 [INFO] [u_station_ab_night_autotune_v2] monitor.onchain_factory: ENRICH_RETRY token=0x1d85afa565be5545a234055b02b5c7b6ce71ab07 pair=0x2f6ddd7797c201b9cff2b2512778fc89958c3bc7 attempt=1/2 delay=10s
2026-02-27 08:29:17,853 [INFO] [u_station_ab_night_autotune_v2] monitor.onchain_factory: ENRICH_RETRY token=0xd637304fb099bdd05e184c2370b88abfce1ebf72 pair=0x5c7b4083b070475a32bf7b0693918867e3e968b6 attempt=1/2 delay=10s
2026-02-27 08:29:27,919 [INFO] [u_station_ab_night_autotune_v2] __main__: WATCHLIST merged count=3
2026-02-27 08:29:27,919 [INFO] [u_station_ab_night_autotune_v2] trading.v2_runtime: V2_UNIVERSE in=3 dedup=3 out=3 target=3 novel_target=3 novel_out=0 repeat_dropped=0 symbol_dropped=0 surge_in=0 surge_target=0 surge_out=0
2026-02-27 08:29:27,919 [INFO] [u_station_ab_night_autotune_v2] __main__: FILTER_PASS token=cbBTC tier=A score=100 mode=YELLOW risk=MEDIUM liq=20521848 vol5m=52669
2026-02-27 08:29:27,919 [INFO] [u_station_ab_night_autotune_v2] __main__: FILTER_PASS token=VIRTUAL tier=A score=75 mode=YELLOW risk=MEDIUM liq=7650684 vol5m=1569
2026-02-27 08:29:27,919 [INFO] [u_station_ab_night_autotune_v2] __main__: FILTER_FAIL token=AERO reason=safe_volume vol5m=0 min=6 regime=YELLOW
2026-02-27 08:29:27,919 [INFO] [u_station_ab_night_autotune_v2] __main__: V2_QUALITY_GATE enabled=True regime=YELLOW in=2 out=2 core_out=1 explore_out=1 probe_out=0 quota=1 max_symbol_share=0.500 drop={} sources_used={'watchlist': 2}
2026-02-27 08:29:27,919 [INFO] [u_station_ab_night_autotune_v2] __main__: V2_ENTRY_ROUTE enabled=True regime=YELLOW in=2 out=2 core_out=1 explore_out=1 quota=1 allow_explore=True
2026-02-27 08:29:27,919 [INFO] [u_station_ab_night_autotune_v2] __main__: MARKET_REGIME mode=YELLOW reason=avg_cand=2.00 avg_cand_recent=2.00
2026-02-27 08:29:27,919 [INFO] [u_station_ab_night_autotune_v2] trading.auto_trader: AutoTrade skip token=cbBTC reason=cooldown_left_539s
2026-02-27 08:29:27,954 [INFO] [u_station_ab_night_autotune_v2] trading.auto_trader: AutoTrade adjust token=VIRTUAL reason=min_trade_floor size=$0.03->$0.10 min=$0.10
2026-02-27 08:29:27,954 [INFO] [u_station_ab_night_autotune_v2] trading.auto_trader: AutoTrade skip token=VIRTUAL reason=edge_low mode=both edge=-29.70% raw=-27.50% mult=1.08 min=0.05% probe_min=0.05% edge_usd=$-0.030 min_usd=$0.000 probe_min_usd=$0.000 size=$0.10 gross=3.20% costs=30.70% pwin=0.45 probe=- budget=0/1
2026-02-27 08:29:27,954 [INFO] [u_station_ab_night_autotune_v2] trading.auto_trader: AutoTrade batch mode=top_n candidates=2 eligible=2 selected=2 opened=0 pe=off burst_window=0
2026-02-27 08:29:27,954 [INFO] [u_station_ab_night_autotune_v2] __main__: Scanned 3 tokens | High quality: 3 | Alerts sent: 0 | Trade candidates: 2 | Quality out/core/explore/probe: 2/1/1/0 | Opened: 0 | Mode: local | Source: onchain+market | Policy: raw=OK/effective=OK(healthy | route=allow_all) | Regime: YELLOW(avg_cand=2.00) | Safety: checked=2 fail_closed=0 reasons=api_code_4029:2 | FiltersTop(session): score_min:12,source_qos_cap:6,safe_age:5,safe_volume:4 | Dedup: heavy_skip=0 override=0 | V2Budget: 2/280 | SourceQoS: enabled=1/in=3/out=3/dropped=0/active_cd=0/drops=none | Ingest: q=0/oldest=0.0s/drop_old=0/dedup_skip=0/enq=0/drain=0 | Sources: dex_boosts:ok=1/fail=0/429=0/lim_wait=0/cd_wait=0/err=0.0%/avg=45ms; dexscreener:ok=11/fail=0/429=0/lim_wait=0/cd_wait=0/err=0.0%/avg=39ms; onchain_enrich:ok=12/fail=0/429=0/lim_wait=0/cd_wait=0/err=0.0%/avg=101ms | Tasks: 3 | RSS: 0.0MB | CycleAvg: 11.19s
2026-02-27 08:29:32,403 [INFO] [u_station_ab_night_autotune_v2] monitor.onchain_factory: ENRICH_RETRY token=0xd637304fb099bdd05e184c2370b88abfce1ebf72 pair=0x5c7b4083b070475a32bf7b0693918867e3e968b6 attempt=1/2 delay=10s
2026-02-27 08:29:32,422 [INFO] [u_station_ab_night_autotune_v2] monitor.onchain_factory: ENRICH_RETRY token=0x0f6a2a3e280e7f2b419a57d76e5ec501285ee5a6 pair=0x8f23d01db522a6f6c335407c514f48630b54f8cc attempt=1/2 delay=10s
2026-02-27 08:29:32,438 [INFO] [u_station_ab_night_autotune_v2] monitor.onchain_factory: ENRICH_RETRY token=0x1d85afa565be5545a234055b02b5c7b6ce71ab07 pair=0x2f6ddd7797c201b9cff2b2512778fc89958c3bc7 attempt=1/2 delay=10s
2026-02-27 08:29:42,512 [INFO] [u_station_ab_night_autotune_v2] __main__: WATCHLIST merged count=3
2026-02-27 08:29:42,514 [INFO] [u_station_ab_night_autotune_v2] trading.v2_runtime: V2_UNIVERSE in=3 dedup=3 out=3 target=3 novel_target=3 novel_out=0 repeat_dropped=0 symbol_dropped=0 surge_in=0 surge_target=0 surge_out=0
2026-02-27 08:29:42,515 [INFO] [u_station_ab_night_autotune_v2] __main__: FILTER_PASS token=cbBTC tier=A score=100 mode=YELLOW risk=MEDIUM liq=20521848 vol5m=52669
2026-02-27 08:29:42,517 [INFO] [u_station_ab_night_autotune_v2] __main__: FILTER_PASS token=VIRTUAL tier=A score=75 mode=YELLOW risk=MEDIUM liq=7650684 vol5m=1569
2026-02-27 08:29:42,522 [INFO] [u_station_ab_night_autotune_v2] __main__: FILTER_FAIL token=AERO reason=safe_volume vol5m=0 min=6 regime=YELLOW
2026-02-27 08:29:42,523 [INFO] [u_station_ab_night_autotune_v2] __main__: V2_QUALITY_GATE enabled=True regime=YELLOW in=2 out=2 core_out=1 explore_out=1 probe_out=0 quota=1 max_symbol_share=0.500 drop={} sources_used={'watchlist': 2}
2026-02-27 08:29:42,525 [INFO] [u_station_ab_night_autotune_v2] __main__: V2_ENTRY_ROUTE enabled=True regime=YELLOW in=2 out=2 core_out=1 explore_out=1 quota=1 allow_explore=True
2026-02-27 08:29:42,526 [INFO] [u_station_ab_night_autotune_v2] __main__: MARKET_REGIME mode=YELLOW reason=avg_cand=2.00 avg_cand_recent=2.00
2026-02-27 08:29:42,529 [INFO] [u_station_ab_night_autotune_v2] trading.auto_trader: AutoTrade skip token=cbBTC reason=cooldown_left_524s
2026-02-27 08:29:42,533 [INFO] [u_station_ab_night_autotune_v2] trading.auto_trader: AutoTrade adjust token=VIRTUAL reason=min_trade_floor size=$0.03->$0.10 min=$0.10
2026-02-27 08:29:42,535 [INFO] [u_station_ab_night_autotune_v2] trading.auto_trader: AutoTrade skip token=VIRTUAL reason=edge_low mode=both edge=-29.70% raw=-27.50% mult=1.08 min=0.05% probe_min=0.05% edge_usd=$-0.030 min_usd=$0.000 probe_min_usd=$0.000 size=$0.10 gross=3.20% costs=30.70% pwin=0.45 probe=- budget=0/1
2026-02-27 08:29:42,536 [INFO] [u_station_ab_night_autotune_v2] trading.auto_trader: AutoTrade batch mode=top_n candidates=2 eligible=2 selected=2 opened=0 pe=off burst_window=0
2026-02-27 08:29:42,537 [INFO] [u_station_ab_night_autotune_v2] __main__: Scanned 3 tokens | High quality: 3 | Alerts sent: 0 | Trade candidates: 2 | Quality out/core/explore/probe: 2/1/1/0 | Opened: 0 | Mode: local | Source: onchain+market | Policy: raw=OK/effective=OK(healthy | route=allow_all) | Regime: YELLOW(avg_cand=2.00) | Safety: checked=2 fail_closed=0 reasons=api_code_4029:2 | FiltersTop(session): score_min:12,source_qos_cap:6,safe_age:5,safe_volume:5 | Dedup: heavy_skip=0 override=0 | V2Budget: 2/280 | SourceQoS: enabled=1/in=3/out=3/dropped=0/active_cd=0/drops=none | Ingest: q=0/oldest=0.0s/drop_old=0/dedup_skip=0/enq=0/drain=0 | Sources: dex_boosts:ok=1/fail=0/429=0/lim_wait=0/cd_wait=0/err=0.0%/avg=33ms; dexscreener:ok=11/fail=0/429=0/lim_wait=0/cd_wait=0/err=0.0%/avg=143ms; onchain_enrich:ok=12/fail=0/429=0/lim_wait=0/cd_wait=0/err=0.0%/avg=34ms | Tasks: 3 | RSS: 0.0MB | CycleAvg: 11.14s
2026-02-27 08:29:47,003 [INFO] [u_station_ab_night_autotune_v2] monitor.onchain_factory: ENRICH_RETRY token=0xd637304fb099bdd05e184c2370b88abfce1ebf72 pair=0x5c7b4083b070475a32bf7b0693918867e3e968b6 attempt=1/2 delay=10s
2026-02-27 08:29:47,029 [INFO] [u_station_ab_night_autotune_v2] monitor.onchain_factory: ENRICH_RETRY token=0x0f6a2a3e280e7f2b419a57d76e5ec501285ee5a6 pair=0x8f23d01db522a6f6c335407c514f48630b54f8cc attempt=1/2 delay=10s
2026-02-27 08:29:47,030 [INFO] [u_station_ab_night_autotune_v2] monitor.onchain_factory: ENRICH_RETRY token=0x1d85afa565be5545a234055b02b5c7b6ce71ab07 pair=0x2f6ddd7797c201b9cff2b2512778fc89958c3bc7 attempt=1/2 delay=10s
2026-02-27 08:29:57,753 [INFO] [u_station_ab_night_autotune_v2] __main__: WATCHLIST merged count=3
2026-02-27 08:29:57,753 [INFO] [u_station_ab_night_autotune_v2] trading.v2_runtime: V2_UNIVERSE in=5 dedup=5 out=5 target=5 novel_target=5 novel_out=2 repeat_dropped=0 symbol_dropped=0 surge_in=0 surge_target=0 surge_out=0
2026-02-27 08:29:57,753 [INFO] [u_station_ab_night_autotune_v2] __main__: V2_SOURCE_QOS_FILTER in=5 out=4 drops={'source_qos_cap': 1} caps={'watchlist': 2, 'unknown': 0}
2026-02-27 08:29:57,753 [INFO] [u_station_ab_night_autotune_v2] __main__: FILTER_FAIL token=AERO reason=source_qos_cap source=watchlist used=2/2
2026-02-27 08:29:57,753 [INFO] [u_station_ab_night_autotune_v2] __main__: FILTER_PASS token=cbBTC tier=A score=100 mode=YELLOW risk=MEDIUM liq=20521848 vol5m=52669
2026-02-27 08:29:57,753 [INFO] [u_station_ab_night_autotune_v2] __main__: FILTER_PASS token=VIRTUAL tier=A score=75 mode=YELLOW risk=MEDIUM liq=7650684 vol5m=1569
2026-02-27 08:29:57,753 [INFO] [u_station_ab_night_autotune_v2] __main__: FILTER_FAIL token=WJUV reason=score_min score=20 strict_min=48 soft_min=48 mode=YELLOW
2026-02-27 08:29:57,753 [INFO] [u_station_ab_night_autotune_v2] __main__: FILTER_FAIL token=NotDivided reason=score_min score=40 strict_min=48 soft_min=48 mode=YELLOW
2026-02-27 08:29:57,753 [INFO] [u_station_ab_night_autotune_v2] __main__: V2_QUALITY_GATE enabled=True regime=YELLOW in=2 out=2 core_out=1 explore_out=1 probe_out=0 quota=1 max_symbol_share=0.500 drop={} sources_used={'watchlist': 2}
2026-02-27 08:29:57,753 [INFO] [u_station_ab_night_autotune_v2] __main__: V2_ENTRY_ROUTE enabled=True regime=YELLOW in=2 out=2 core_out=1 explore_out=1 quota=1 allow_explore=True
2026-02-27 08:29:57,753 [INFO] [u_station_ab_night_autotune_v2] __main__: MARKET_REGIME mode=YELLOW reason=avg_cand=2.00 avg_cand_recent=2.00
2026-02-27 08:29:57,769 [INFO] [u_station_ab_night_autotune_v2] trading.auto_trader: AutoTrade skip token=cbBTC reason=cooldown_left_509s
2026-02-27 08:29:57,769 [INFO] [u_station_ab_night_autotune_v2] trading.auto_trader: AutoTrade adjust token=VIRTUAL reason=min_trade_floor size=$0.03->$0.10 min=$0.10
2026-02-27 08:29:57,769 [INFO] [u_station_ab_night_autotune_v2] trading.auto_trader: AutoTrade skip token=VIRTUAL reason=edge_low mode=both edge=-29.70% raw=-27.50% mult=1.08 min=0.05% probe_min=0.05% edge_usd=$-0.030 min_usd=$0.000 probe_min_usd=$0.000 size=$0.10 gross=3.20% costs=30.70% pwin=0.45 probe=- budget=0/1
2026-02-27 08:29:57,769 [INFO] [u_station_ab_night_autotune_v2] trading.auto_trader: AutoTrade batch mode=top_n candidates=2 eligible=2 selected=2 opened=0 pe=off burst_window=0
2026-02-27 08:29:57,769 [INFO] [u_station_ab_night_autotune_v2] trading.auto_trader: PAPER_SUMMARY window=60s closed_delta=0 wins_delta=0 losses_delta=0 realized_delta=$0.00 total_closed=79 winrate_total=46.8% realized_total=$0.33 balance=$7.33 equity=$7.33 open=0
2026-02-27 08:29:57,773 [INFO] [u_station_ab_night_autotune_v2] __main__: Scanned 5 tokens | High quality: 2 | Alerts sent: 0 | Trade candidates: 2 | Quality out/core/explore/probe: 2/1/1/0 | Opened: 0 | Mode: local | Source: onchain+market | Policy: raw=OK/effective=OK(healthy | route=allow_all) | Regime: YELLOW(avg_cand=2.00) | Safety: checked=2 fail_closed=0 reasons=api_code_4029:2 | FiltersTop(session): score_min:14,source_qos_cap:7,safe_age:5,safe_volume:5 | Dedup: heavy_skip=0 override=0 | V2Budget: 2/280 | SourceQoS: enabled=1/in=5/out=4/dropped=1/active_cd=0/drops=source_qos_cap:1 | Ingest: q=0/oldest=0.0s/drop_old=0/dedup_skip=0/enq=0/drain=0 | Sources: dex_boosts:ok=1/fail=0/429=0/lim_wait=0/cd_wait=0/err=0.0%/avg=36ms; dexscreener:ok=11/fail=0/429=0/lim_wait=0/cd_wait=0/err=0.0%/avg=40ms; onchain_enrich:ok=10/fail=0/429=0/lim_wait=0/cd_wait=0/err=0.0%/avg=123ms; onchain_weth_price:ok=1/fail=0/429=0/lim_wait=0/cd_wait=0/err=0.0%/avg=143ms | Tasks: 3 | RSS: 0.0MB | CycleAvg: 11.08s
2026-02-27 08:30:02,043 [INFO] [u_station_ab_night_autotune_v2] monitor.onchain_factory: PAIR_DETECTED source=uniswap_v2 dex=uniswap_v2 pair=0xf00a8e6650f8272e8e817a73465c95bd42d0d938 token0=0x23e488749f319072075eb3446018d14a55ef51f4 token1=0x4200000000000000000000000000000000000006 block=42694021 factory=0x8909dc15e40173ff4699343b6eb8132c65e18ec6
2026-02-27 08:30:02,043 [INFO] [u_station_ab_night_autotune_v2] monitor.onchain_factory: PAIR_DETECTED source=uniswap_v2 dex=uniswap_v2 pair=0xae16c7951099fbd3c771cfeb32d9d4612a3f82e5 token0=0x4200000000000000000000000000000000000006 token1=0x5b712a0746bd5006fbecc77d8c0e707e7b4a963c block=42694024 factory=0x8909dc15e40173ff4699343b6eb8132c65e18ec6
2026-02-27 08:30:02,237 [INFO] [u_station_ab_night_autotune_v2] monitor.onchain_factory: ENRICH_RETRY token=0xd637304fb099bdd05e184c2370b88abfce1ebf72 pair=0x5c7b4083b070475a32bf7b0693918867e3e968b6 attempt=1/2 delay=10s
2026-02-27 08:30:02,374 [INFO] [u_station_ab_night_autotune_v2] monitor.onchain_factory: ENRICH_RETRY token=0x23e488749f319072075eb3446018d14a55ef51f4 pair=0xf00a8e6650f8272e8e817a73465c95bd42d0d938 attempt=1/2 delay=10s
2026-02-27 08:30:02,482 [INFO] [u_station_ab_night_autotune_v2] monitor.onchain_factory: ENRICH_RETRY token=0x5b712a0746bd5006fbecc77d8c0e707e7b4a963c pair=0xae16c7951099fbd3c771cfeb32d9d4612a3f82e5 attempt=1/2 delay=10s
2026-02-27 08:30:12,577 [INFO] [u_station_ab_night_autotune_v2] __main__: WATCHLIST merged count=3
2026-02-27 08:30:12,577 [INFO] [u_station_ab_night_autotune_v2] trading.v2_runtime: V2_UNIVERSE in=4 dedup=4 out=4 target=4 novel_target=4 novel_out=0 repeat_dropped=0 symbol_dropped=0 surge_in=0 surge_target=0 surge_out=0
2026-02-27 08:30:12,577 [INFO] [u_station_ab_night_autotune_v2] __main__: V2_SOURCE_QOS_FILTER in=4 out=3 drops={'source_qos_cap': 1} caps={'watchlist': 2, 'geckoterminal': 287}
2026-02-27 08:30:12,577 [INFO] [u_station_ab_night_autotune_v2] __main__: FILTER_FAIL token=AERO reason=source_qos_cap source=watchlist used=2/2
2026-02-27 08:30:12,577 [INFO] [u_station_ab_night_autotune_v2] __main__: FILTER_PASS token=cbBTC tier=A score=100 mode=YELLOW risk=MEDIUM liq=20521848 vol5m=52669
2026-02-27 08:30:12,577 [INFO] [u_station_ab_night_autotune_v2] __main__: FILTER_FAIL token=CHARLES reason=score_min score=30 strict_min=48 soft_min=48 mode=YELLOW
2026-02-27 08:30:12,592 [INFO] [u_station_ab_night_autotune_v2] __main__: FILTER_PASS token=VIRTUAL tier=A score=75 mode=YELLOW risk=MEDIUM liq=7650684 vol5m=1569
2026-02-27 08:30:12,592 [INFO] [u_station_ab_night_autotune_v2] __main__: V2_QUALITY_GATE enabled=True regime=YELLOW in=2 out=2 core_out=1 explore_out=1 probe_out=0 quota=1 max_symbol_share=0.500 drop={} sources_used={'watchlist': 2}
2026-02-27 08:30:12,592 [INFO] [u_station_ab_night_autotune_v2] __main__: V2_ENTRY_ROUTE enabled=True regime=YELLOW in=2 out=2 core_out=1 explore_out=1 quota=1 allow_explore=True
2026-02-27 08:30:12,592 [INFO] [u_station_ab_night_autotune_v2] __main__: MARKET_REGIME mode=YELLOW reason=avg_cand=2.00 avg_cand_recent=2.00
2026-02-27 08:30:12,592 [INFO] [u_station_ab_night_autotune_v2] trading.auto_trader: AutoTrade skip token=cbBTC reason=cooldown_left_494s
2026-02-27 08:30:12,592 [INFO] [u_station_ab_night_autotune_v2] trading.auto_trader: AutoTrade adjust token=VIRTUAL reason=min_trade_floor size=$0.03->$0.10 min=$0.10
2026-02-27 08:30:12,592 [INFO] [u_station_ab_night_autotune_v2] trading.auto_trader: AutoTrade skip token=VIRTUAL reason=edge_low mode=both edge=-29.70% raw=-27.50% mult=1.08 min=0.05% probe_min=0.05% edge_usd=$-0.030 min_usd=$0.000 probe_min_usd=$0.000 size=$0.10 gross=3.20% costs=30.70% pwin=0.45 probe=- budget=0/1
2026-02-27 08:30:12,592 [INFO] [u_station_ab_night_autotune_v2] trading.auto_trader: AutoTrade batch mode=top_n candidates=2 eligible=2 selected=2 opened=0 pe=off burst_window=0
2026-02-27 08:30:12,592 [INFO] [u_station_ab_night_autotune_v2] __main__: Scanned 4 tokens | High quality: 2 | Alerts sent: 0 | Trade candidates: 2 | Quality out/core/explore/probe: 2/1/1/0 | Opened: 0 | Mode: local | Source: onchain+market | Policy: raw=OK/effective=OK(healthy | route=allow_all) | Regime: YELLOW(avg_cand=2.00) | Safety: checked=2 fail_closed=0 reasons=api_code_4029:2 | FiltersTop(session): score_min:15,source_qos_cap:8,safe_age:5,safe_volume:5 | Dedup: heavy_skip=0 override=0 | V2Budget: 2/280 | SourceQoS: enabled=1/in=4/out=3/dropped=1/active_cd=0/drops=source_qos_cap:1 | Ingest: q=0/oldest=0.0s/drop_old=0/dedup_skip=0/enq=1/drain=1 | Sources: dex_boosts:ok=1/fail=0/429=0/lim_wait=0/cd_wait=0/err=0.0%/avg=147ms; dexscreener:ok=11/fail=0/429=0/lim_wait=0/cd_wait=0/err=0.0%/avg=110ms; geckoterminal:ok=1/fail=0/429=0/lim_wait=0/cd_wait=0/err=0.0%/avg=287ms; onchain_enrich:ok=12/fail=0/429=0/lim_wait=0/cd_wait=0/err=0.0%/avg=65ms | Tasks: 3 | RSS: 0.0MB | CycleAvg: 11.09s
2026-02-27 08:30:17,065 [INFO] [u_station_ab_night_autotune_v2] monitor.onchain_factory: ENRICH_RETRY token=0xd637304fb099bdd05e184c2370b88abfce1ebf72 pair=0x5c7b4083b070475a32bf7b0693918867e3e968b6 attempt=1/2 delay=10s
2026-02-27 08:30:17,081 [INFO] [u_station_ab_night_autotune_v2] monitor.onchain_factory: ENRICH_RETRY token=0x5b712a0746bd5006fbecc77d8c0e707e7b4a963c pair=0xae16c7951099fbd3c771cfeb32d9d4612a3f82e5 attempt=1/2 delay=10s
2026-02-27 08:30:17,081 [INFO] [u_station_ab_night_autotune_v2] monitor.onchain_factory: ENRICH_RETRY token=0x23e488749f319072075eb3446018d14a55ef51f4 pair=0xf00a8e6650f8272e8e817a73465c95bd42d0d938 attempt=1/2 delay=10s
2026-02-27 08:30:27,285 [INFO] [u_station_ab_night_autotune_v2] __main__: WATCHLIST merged count=3
2026-02-27 08:30:27,285 [INFO] [u_station_ab_night_autotune_v2] trading.v2_runtime: V2_UNIVERSE in=3 dedup=3 out=3 target=3 novel_target=3 novel_out=0 repeat_dropped=0 symbol_dropped=0 surge_in=0 surge_target=0 surge_out=0
2026-02-27 08:30:27,285 [INFO] [u_station_ab_night_autotune_v2] __main__: FILTER_PASS token=cbBTC tier=A score=100 mode=YELLOW risk=MEDIUM liq=20521848 vol5m=52669
2026-02-27 08:30:27,285 [INFO] [u_station_ab_night_autotune_v2] __main__: FILTER_PASS token=VIRTUAL tier=A score=75 mode=YELLOW risk=MEDIUM liq=7650684 vol5m=1569
2026-02-27 08:30:27,285 [INFO] [u_station_ab_night_autotune_v2] __main__: FILTER_FAIL token=AERO reason=safe_volume vol5m=0 min=6 regime=YELLOW
2026-02-27 08:30:27,285 [INFO] [u_station_ab_night_autotune_v2] __main__: V2_QUALITY_GATE enabled=True regime=YELLOW in=2 out=2 core_out=1 explore_out=1 probe_out=0 quota=1 max_symbol_share=0.500 drop={} sources_used={'watchlist': 2}
2026-02-27 08:30:27,285 [INFO] [u_station_ab_night_autotune_v2] __main__: V2_ENTRY_ROUTE enabled=True regime=YELLOW in=2 out=2 core_out=1 explore_out=1 quota=1 allow_explore=True
2026-02-27 08:30:27,285 [INFO] [u_station_ab_night_autotune_v2] __main__: MARKET_REGIME mode=YELLOW reason=avg_cand=2.00 avg_cand_recent=2.00
2026-02-27 08:30:27,285 [INFO] [u_station_ab_night_autotune_v2] trading.auto_trader: AutoTrade skip token=cbBTC reason=cooldown_left_479s
2026-02-27 08:30:27,301 [INFO] [u_station_ab_night_autotune_v2] trading.auto_trader: AutoTrade adjust token=VIRTUAL reason=min_trade_floor size=$0.03->$0.10 min=$0.10
2026-02-27 08:30:27,302 [INFO] [u_station_ab_night_autotune_v2] trading.auto_trader: AutoTrade skip token=VIRTUAL reason=edge_low mode=both edge=-29.70% raw=-27.50% mult=1.08 min=0.05% probe_min=0.05% edge_usd=$-0.030 min_usd=$0.000 probe_min_usd=$0.000 size=$0.10 gross=3.20% costs=30.70% pwin=0.45 probe=- budget=0/1
2026-02-27 08:30:27,302 [INFO] [u_station_ab_night_autotune_v2] trading.auto_trader: AutoTrade batch mode=top_n candidates=2 eligible=2 selected=2 opened=0 pe=off burst_window=0
2026-02-27 08:30:27,304 [INFO] [u_station_ab_night_autotune_v2] __main__: Scanned 3 tokens | High quality: 3 | Alerts sent: 0 | Trade candidates: 2 | Quality out/core/explore/probe: 2/1/1/0 | Opened: 0 | Mode: local | Source: onchain+market | Policy: raw=OK/effective=OK(healthy | route=allow_all) | Regime: YELLOW(avg_cand=2.00) | Safety: checked=2 fail_closed=0 reasons=api_code_4029:2 | FiltersTop(session): score_min:15,source_qos_cap:8,safe_volume:6,safe_age:5 | Dedup: heavy_skip=0 override=0 | V2Budget: 2/280 | SourceQoS: enabled=1/in=3/out=3/dropped=0/active_cd=0/drops=none | Ingest: q=0/oldest=0.0s/drop_old=0/dedup_skip=0/enq=0/drain=0 | Sources: dex_boosts:ok=1/fail=0/429=0/lim_wait=0/cd_wait=0/err=0.0%/avg=37ms; dexscreener:ok=11/fail=0/429=0/lim_wait=0/cd_wait=0/err=0.0%/avg=161ms; onchain_enrich:ok=12/fail=0/429=0/lim_wait=0/cd_wait=0/err=0.0%/avg=43ms | Tasks: 3 | RSS: 0.0MB | CycleAvg: 11.07s
2026-02-27 08:30:31,821 [INFO] [u_station_ab_night_autotune_v2] monitor.onchain_factory: ENRICH_RETRY token=0x23e488749f319072075eb3446018d14a55ef51f4 pair=0xf00a8e6650f8272e8e817a73465c95bd42d0d938 attempt=1/2 delay=10s
2026-02-27 08:30:31,836 [INFO] [u_station_ab_night_autotune_v2] monitor.onchain_factory: ENRICH_RETRY token=0x5b712a0746bd5006fbecc77d8c0e707e7b4a963c pair=0xae16c7951099fbd3c771cfeb32d9d4612a3f82e5 attempt=1/2 delay=10s
2026-02-27 08:30:32,338 [INFO] [u_station_ab_night_autotune_v2] monitor.onchain_factory: ENRICH_RETRY token=0xd637304fb099bdd05e184c2370b88abfce1ebf72 pair=0x5c7b4083b070475a32bf7b0693918867e3e968b6 attempt=1/2 delay=10s
2026-02-27 08:30:42,381 [INFO] [u_station_ab_night_autotune_v2] __main__: WATCHLIST merged count=3
2026-02-27 08:30:42,381 [INFO] [u_station_ab_night_autotune_v2] trading.v2_runtime: V2_UNIVERSE in=4 dedup=4 out=4 target=4 novel_target=4 novel_out=1 repeat_dropped=0 symbol_dropped=0 surge_in=0 surge_target=0 surge_out=0
2026-02-27 08:30:42,396 [INFO] [u_station_ab_night_autotune_v2] __main__: V2_SOURCE_QOS_FILTER in=4 out=3 drops={'source_qos_cap': 1} caps={'watchlist': 2, 'unknown': 0}
2026-02-27 08:30:42,397 [INFO] [u_station_ab_night_autotune_v2] __main__: FILTER_FAIL token=AERO reason=source_qos_cap source=watchlist used=2/2
2026-02-27 08:30:42,397 [INFO] [u_station_ab_night_autotune_v2] __main__: FILTER_PASS token=cbBTC tier=A score=100 mode=YELLOW risk=MEDIUM liq=20521848 vol5m=52669
2026-02-27 08:30:42,398 [INFO] [u_station_ab_night_autotune_v2] __main__: FILTER_PASS token=VIRTUAL tier=A score=75 mode=YELLOW risk=MEDIUM liq=7650684 vol5m=1569
2026-02-27 08:30:42,399 [INFO] [u_station_ab_night_autotune_v2] __main__: FILTER_FAIL token=CHARLES reason=safe_volume vol5m=0 min=6 regime=YELLOW
2026-02-27 08:30:42,400 [INFO] [u_station_ab_night_autotune_v2] __main__: V2_QUALITY_GATE enabled=True regime=YELLOW in=2 out=2 core_out=1 explore_out=1 probe_out=0 quota=1 max_symbol_share=0.500 drop={} sources_used={'watchlist': 2}
2026-02-27 08:30:42,401 [INFO] [u_station_ab_night_autotune_v2] __main__: V2_ENTRY_ROUTE enabled=True regime=YELLOW in=2 out=2 core_out=1 explore_out=1 quota=1 allow_explore=True
2026-02-27 08:30:42,401 [INFO] [u_station_ab_night_autotune_v2] __main__: MARKET_REGIME mode=YELLOW reason=avg_cand=2.00 avg_cand_recent=2.00
2026-02-27 08:30:42,402 [INFO] [u_station_ab_night_autotune_v2] trading.auto_trader: AutoTrade skip token=cbBTC reason=cooldown_left_464s
2026-02-27 08:30:42,403 [INFO] [u_station_ab_night_autotune_v2] trading.auto_trader: AutoTrade adjust token=VIRTUAL reason=min_trade_floor size=$0.03->$0.10 min=$0.10
2026-02-27 08:30:42,404 [INFO] [u_station_ab_night_autotune_v2] trading.auto_trader: AutoTrade skip token=VIRTUAL reason=edge_low mode=both edge=-29.70% raw=-27.50% mult=1.08 min=0.05% probe_min=0.05% edge_usd=$-0.030 min_usd=$0.000 probe_min_usd=$0.000 size=$0.10 gross=3.20% costs=30.70% pwin=0.45 probe=- budget=0/1
2026-02-27 08:30:42,404 [INFO] [u_station_ab_night_autotune_v2] trading.auto_trader: AutoTrade batch mode=top_n candidates=2 eligible=2 selected=2 opened=0 pe=off burst_window=0
2026-02-27 08:30:42,405 [INFO] [u_station_ab_night_autotune_v2] __main__: Scanned 4 tokens | High quality: 2 | Alerts sent: 0 | Trade candidates: 2 | Quality out/core/explore/probe: 2/1/1/0 | Opened: 0 | Mode: local | Source: onchain+market | Policy: raw=OK/effective=OK(healthy | route=allow_all) | Regime: YELLOW(avg_cand=2.00) | Safety: checked=2 fail_closed=0 reasons=api_code_4029:2 | FiltersTop(session): score_min:15,source_qos_cap:9,safe_volume:7,safe_age:5 | Dedup: heavy_skip=0 override=0 | V2Budget: 2/280 | SourceQoS: enabled=1/in=4/out=3/dropped=1/active_cd=0/drops=source_qos_cap:1 | Ingest: q=0/oldest=0.0s/drop_old=0/dedup_skip=0/enq=0/drain=0 | Sources: dex_boosts:ok=1/fail=0/429=0/lim_wait=0/cd_wait=0/err=0.0%/avg=47ms; dexscreener:ok=11/fail=0/429=0/lim_wait=0/cd_wait=0/err=0.0%/avg=47ms; onchain_enrich:ok=11/fail=0/429=0/lim_wait=0/cd_wait=0/err=0.0%/avg=111ms | Tasks: 3 | RSS: 0.0MB | CycleAvg: 11.04s
2026-02-27 08:30:46,871 [INFO] [u_station_ab_night_autotune_v2] monitor.onchain_factory: ENRICH_RETRY token=0xd637304fb099bdd05e184c2370b88abfce1ebf72 pair=0x5c7b4083b070475a32bf7b0693918867e3e968b6 attempt=1/2 delay=10s
2026-02-27 08:30:46,871 [INFO] [u_station_ab_night_autotune_v2] monitor.onchain_factory: ENRICH_RETRY token=0x23e488749f319072075eb3446018d14a55ef51f4 pair=0xf00a8e6650f8272e8e817a73465c95bd42d0d938 attempt=1/2 delay=10s
2026-02-27 08:30:57,320 [INFO] [u_station_ab_night_autotune_v2] __main__: WATCHLIST merged count=3
2026-02-27 08:30:57,320 [INFO] [u_station_ab_night_autotune_v2] trading.v2_runtime: V2_UNIVERSE in=4 dedup=4 out=4 target=4 novel_target=4 novel_out=1 repeat_dropped=0 symbol_dropped=0 surge_in=0 surge_target=0 surge_out=0
2026-02-27 08:30:57,320 [INFO] [u_station_ab_night_autotune_v2] __main__: V2_SOURCE_QOS_FILTER in=4 out=3 drops={'source_qos_cap': 1} caps={'watchlist': 2, 'unknown': 0}
2026-02-27 08:30:57,320 [INFO] [u_station_ab_night_autotune_v2] __main__: FILTER_FAIL token=AERO reason=source_qos_cap source=watchlist used=2/2
2026-02-27 08:30:57,320 [INFO] [u_station_ab_night_autotune_v2] __main__: FILTER_PASS token=cbBTC tier=A score=100 mode=YELLOW risk=MEDIUM liq=20521848 vol5m=52669
2026-02-27 08:30:57,320 [INFO] [u_station_ab_night_autotune_v2] __main__: FILTER_FAIL token=retire reason=score_min score=20 strict_min=48 soft_min=48 mode=YELLOW
2026-02-27 08:30:57,320 [INFO] [u_station_ab_night_autotune_v2] __main__: FILTER_PASS token=VIRTUAL tier=A score=75 mode=YELLOW risk=MEDIUM liq=7650684 vol5m=1569
2026-02-27 08:30:57,320 [INFO] [u_station_ab_night_autotune_v2] __main__: V2_QUALITY_GATE enabled=True regime=YELLOW in=2 out=2 core_out=1 explore_out=1 probe_out=0 quota=1 max_symbol_share=0.500 drop={} sources_used={'watchlist': 2}
2026-02-27 08:30:57,320 [INFO] [u_station_ab_night_autotune_v2] __main__: V2_ENTRY_ROUTE enabled=True regime=YELLOW in=2 out=2 core_out=1 explore_out=1 quota=1 allow_explore=True
2026-02-27 08:30:57,320 [INFO] [u_station_ab_night_autotune_v2] __main__: MARKET_REGIME mode=YELLOW reason=avg_cand=2.00 avg_cand_recent=2.00
2026-02-27 08:30:57,320 [INFO] [u_station_ab_night_autotune_v2] trading.auto_trader: AutoTrade skip token=cbBTC reason=cooldown_left_449s
2026-02-27 08:30:57,336 [INFO] [u_station_ab_night_autotune_v2] trading.auto_trader: AutoTrade adjust token=VIRTUAL reason=min_trade_floor size=$0.03->$0.10 min=$0.10
2026-02-27 08:30:57,338 [INFO] [u_station_ab_night_autotune_v2] trading.auto_trader: AutoTrade skip token=VIRTUAL reason=edge_low mode=both edge=-29.70% raw=-27.50% mult=1.08 min=0.05% probe_min=0.05% edge_usd=$-0.030 min_usd=$0.000 probe_min_usd=$0.000 size=$0.10 gross=3.20% costs=30.70% pwin=0.45 probe=- budget=0/1
2026-02-27 08:30:57,338 [INFO] [u_station_ab_night_autotune_v2] trading.auto_trader: AutoTrade batch mode=top_n candidates=2 eligible=2 selected=2 opened=0 pe=off burst_window=0
2026-02-27 08:30:57,339 [INFO] [u_station_ab_night_autotune_v2] __main__: Scanned 4 tokens | High quality: 2 | Alerts sent: 0 | Trade candidates: 2 | Quality out/core/explore/probe: 2/1/1/0 | Opened: 0 | Mode: local | Source: onchain+market | Policy: raw=OK/effective=OK(healthy | route=allow_all) | Regime: YELLOW(avg_cand=2.00) | Safety: checked=2 fail_closed=0 reasons=api_code_4029:2 | FiltersTop(session): score_min:16,source_qos_cap:10,safe_volume:7,safe_age:5 | Dedup: heavy_skip=0 override=0 | V2Budget: 2/280 | SourceQoS: enabled=1/in=4/out=3/dropped=1/active_cd=0/drops=source_qos_cap:1 | Ingest: q=0/oldest=0.0s/drop_old=0/dedup_skip=0/enq=0/drain=0 | Sources: dex_boosts:ok=1/fail=0/429=0/lim_wait=0/cd_wait=0/err=0.0%/avg=61ms; dexscreener:ok=11/fail=0/429=0/lim_wait=0/cd_wait=0/err=0.0%/avg=75ms; onchain_enrich:ok=8/fail=0/429=0/lim_wait=0/cd_wait=0/err=0.0%/avg=78ms | Tasks: 3 | RSS: 0.0MB | CycleAvg: 11.04s
2026-02-27 08:31:01,813 [INFO] [u_station_ab_night_autotune_v2] monitor.onchain_factory: ENRICH_RETRY token=0xd637304fb099bdd05e184c2370b88abfce1ebf72 pair=0x5c7b4083b070475a32bf7b0693918867e3e968b6 attempt=1/2 delay=10s
2026-02-27 08:31:12,220 [INFO] [u_station_ab_night_autotune_v2] __main__: WATCHLIST merged count=3
2026-02-27 08:31:12,220 [INFO] [u_station_ab_night_autotune_v2] trading.v2_runtime: V2_UNIVERSE in=3 dedup=3 out=3 target=3 novel_target=3 novel_out=0 repeat_dropped=0 symbol_dropped=0 surge_in=0 surge_target=0 surge_out=0
2026-02-27 08:31:12,220 [INFO] [u_station_ab_night_autotune_v2] __main__: FILTER_PASS token=cbBTC tier=A score=100 mode=YELLOW risk=MEDIUM liq=20521848 vol5m=52669
2026-02-27 08:31:12,235 [INFO] [u_station_ab_night_autotune_v2] __main__: FILTER_PASS token=VIRTUAL tier=A score=75 mode=YELLOW risk=MEDIUM liq=7650684 vol5m=1569
2026-02-27 08:31:12,236 [INFO] [u_station_ab_night_autotune_v2] __main__: FILTER_FAIL token=AERO reason=safe_volume vol5m=0 min=6 regime=YELLOW
2026-02-27 08:31:12,237 [INFO] [u_station_ab_night_autotune_v2] __main__: V2_QUALITY_GATE enabled=True regime=YELLOW in=2 out=2 core_out=1 explore_out=1 probe_out=0 quota=1 max_symbol_share=0.500 drop={} sources_used={'watchlist': 2}
2026-02-27 08:31:12,238 [INFO] [u_station_ab_night_autotune_v2] __main__: V2_ENTRY_ROUTE enabled=True regime=YELLOW in=2 out=2 core_out=1 explore_out=1 quota=1 allow_explore=True
2026-02-27 08:31:12,238 [INFO] [u_station_ab_night_autotune_v2] __main__: MARKET_REGIME mode=YELLOW reason=avg_cand=2.00 avg_cand_recent=2.00
2026-02-27 08:31:12,239 [INFO] [u_station_ab_night_autotune_v2] trading.auto_trader: AutoTrade skip token=cbBTC reason=cooldown_left_435s
2026-02-27 08:31:12,254 [INFO] [u_station_ab_night_autotune_v2] trading.auto_trader: AutoTrade adjust token=VIRTUAL reason=min_trade_floor size=$0.03->$0.10 min=$0.10
2026-02-27 08:31:12,254 [INFO] [u_station_ab_night_autotune_v2] trading.auto_trader: AutoTrade skip token=VIRTUAL reason=edge_low mode=both edge=-29.70% raw=-27.50% mult=1.08 min=0.05% probe_min=0.05% edge_usd=$-0.030 min_usd=$0.000 probe_min_usd=$0.000 size=$0.10 gross=3.20% costs=30.70% pwin=0.45 probe=- budget=0/1
2026-02-27 08:31:12,254 [INFO] [u_station_ab_night_autotune_v2] trading.auto_trader: AutoTrade batch mode=top_n candidates=2 eligible=2 selected=2 opened=0 pe=off burst_window=0
2026-02-27 08:31:12,254 [INFO] [u_station_ab_night_autotune_v2] trading.auto_trader: PAPER_SUMMARY window=60s closed_delta=0 wins_delta=0 losses_delta=0 realized_delta=$0.00 total_closed=79 winrate_total=46.8% realized_total=$0.33 balance=$7.33 equity=$7.33 open=0
2026-02-27 08:31:12,254 [INFO] [u_station_ab_night_autotune_v2] __main__: Scanned 3 tokens | High quality: 3 | Alerts sent: 0 | Trade candidates: 2 | Quality out/core/explore/probe: 2/1/1/0 | Opened: 0 | Mode: local | Source: onchain+market | Policy: raw=OK/effective=OK(healthy | route=allow_all) | Regime: YELLOW(avg_cand=2.00) | Safety: checked=2 fail_closed=0 reasons=api_code_4029:2 | FiltersTop(session): score_min:16,source_qos_cap:10,safe_volume:8,safe_age:5 | Dedup: heavy_skip=0 override=0 | V2Budget: 2/280 | SourceQoS: enabled=1/in=3/out=3/dropped=0/active_cd=0/drops=none | Ingest: q=0/oldest=0.0s/drop_old=0/dedup_skip=0/enq=0/drain=0 | Sources: dex_boosts:ok=1/fail=0/429=0/lim_wait=0/cd_wait=0/err=0.0%/avg=31ms; dexscreener:ok=11/fail=0/429=0/lim_wait=0/cd_wait=0/err=0.0%/avg=164ms; onchain_enrich:ok=4/fail=0/429=0/lim_wait=0/cd_wait=0/err=0.0%/avg=106ms; onchain_weth_price:ok=1/fail=0/429=0/lim_wait=0/cd_wait=0/err=0.0%/avg=52ms | Tasks: 3 | RSS: 0.0MB | CycleAvg: 11.03s
2026-02-27 08:31:16,719 [INFO] [u_station_ab_night_autotune_v2] monitor.onchain_factory: ENRICH_RETRY token=0xd637304fb099bdd05e184c2370b88abfce1ebf72 pair=0x5c7b4083b070475a32bf7b0693918867e3e968b6 attempt=1/2 delay=10s
2026-02-27 08:31:26,796 [INFO] [u_station_ab_night_autotune_v2] __main__: WATCHLIST merged count=3
2026-02-27 08:31:26,797 [INFO] [u_station_ab_night_autotune_v2] trading.v2_runtime: V2_UNIVERSE in=3 dedup=3 out=3 target=3 novel_target=3 novel_out=0 repeat_dropped=0 symbol_dropped=0 surge_in=0 surge_target=0 surge_out=0
2026-02-27 08:31:26,797 [INFO] [u_station_ab_night_autotune_v2] __main__: FILTER_PASS token=cbBTC tier=A score=100 mode=YELLOW risk=MEDIUM liq=20521848 vol5m=52669
2026-02-27 08:31:26,797 [INFO] [u_station_ab_night_autotune_v2] __main__: FILTER_PASS token=VIRTUAL tier=A score=75 mode=YELLOW risk=MEDIUM liq=7650684 vol5m=1569
2026-02-27 08:31:26,797 [INFO] [u_station_ab_night_autotune_v2] __main__: FILTER_FAIL token=AERO reason=safe_volume vol5m=0 min=6 regime=YELLOW
2026-02-27 08:31:26,797 [INFO] [u_station_ab_night_autotune_v2] __main__: V2_QUALITY_GATE enabled=True regime=YELLOW in=2 out=2 core_out=1 explore_out=1 probe_out=0 quota=1 max_symbol_share=0.500 drop={} sources_used={'watchlist': 2}
2026-02-27 08:31:26,803 [INFO] [u_station_ab_night_autotune_v2] __main__: V2_ENTRY_ROUTE enabled=True regime=YELLOW in=2 out=2 core_out=1 explore_out=1 quota=1 allow_explore=True
2026-02-27 08:31:26,803 [INFO] [u_station_ab_night_autotune_v2] __main__: MARKET_REGIME mode=YELLOW reason=avg_cand=2.00 avg_cand_recent=2.00
2026-02-27 08:31:26,803 [INFO] [u_station_ab_night_autotune_v2] trading.auto_trader: AutoTrade skip token=cbBTC reason=cooldown_left_420s
2026-02-27 08:31:26,803 [INFO] [u_station_ab_night_autotune_v2] trading.auto_trader: AutoTrade adjust token=VIRTUAL reason=min_trade_floor size=$0.03->$0.10 min=$0.10
2026-02-27 08:31:26,803 [INFO] [u_station_ab_night_autotune_v2] trading.auto_trader: AutoTrade skip token=VIRTUAL reason=edge_low mode=both edge=-29.70% raw=-27.50% mult=1.08 min=0.05% probe_min=0.05% edge_usd=$-0.030 min_usd=$0.000 probe_min_usd=$0.000 size=$0.10 gross=3.20% costs=30.70% pwin=0.45 probe=- budget=0/1
2026-02-27 08:31:26,803 [INFO] [u_station_ab_night_autotune_v2] trading.auto_trader: AutoTrade batch mode=top_n candidates=2 eligible=2 selected=2 opened=0 pe=off burst_window=0
2026-02-27 08:31:26,803 [INFO] [u_station_ab_night_autotune_v2] __main__: Scanned 3 tokens | High quality: 3 | Alerts sent: 0 | Trade candidates: 2 | Quality out/core/explore/probe: 2/1/1/0 | Opened: 0 | Mode: local | Source: onchain+market | Policy: raw=OK/effective=OK(healthy | route=allow_all) | Regime: YELLOW(avg_cand=2.00) | Safety: checked=2 fail_closed=0 reasons=api_code_4029:2 | FiltersTop(session): score_min:16,source_qos_cap:10,safe_volume:9,safe_age:5 | Dedup: heavy_skip=0 override=0 | V2Budget: 2/280 | SourceQoS: enabled=1/in=3/out=3/dropped=0/active_cd=0/drops=none | Ingest: q=6/oldest=9.5s/drop_old=0/dedup_skip=0/enq=6/drain=0 | Sources: dex_boosts:ok=1/fail=0/429=0/lim_wait=0/cd_wait=0/err=0.0%/avg=29ms; dexscreener:ok=11/fail=0/429=0/lim_wait=0/cd_wait=0/err=0.0%/avg=35ms; geckoterminal:ok=1/fail=0/429=0/lim_wait=0/cd_wait=0/err=0.0%/avg=730ms; onchain_enrich:ok=4/fail=0/429=0/lim_wait=0/cd_wait=0/err=0.0%/avg=35ms | Tasks: 3 | RSS: 0.0MB | CycleAvg: 11.03s
2026-02-27 08:31:31,341 [INFO] [u_station_ab_night_autotune_v2] monitor.onchain_factory: ENRICH_RETRY token=0xd637304fb099bdd05e184c2370b88abfce1ebf72 pair=0x5c7b4083b070475a32bf7b0693918867e3e968b6 attempt=1/2 delay=10s
2026-02-27 08:31:41,403 [INFO] [u_station_ab_night_autotune_v2] __main__: WATCHLIST merged count=3
2026-02-27 08:31:41,403 [INFO] [u_station_ab_night_autotune_v2] trading.v2_runtime: V2_UNIVERSE in=9 dedup=9 out=9 target=9 novel_target=8 novel_out=4 repeat_dropped=0 symbol_dropped=0 surge_in=2 surge_target=2 surge_out=2
2026-02-27 08:31:41,403 [INFO] [u_station_ab_night_autotune_v2] __main__: V2_SOURCE_QOS_FILTER in=9 out=8 drops={'source_qos_cap': 1} caps={'watchlist': 2, 'geckoterminal': 287}
2026-02-27 08:31:41,403 [INFO] [u_station_ab_night_autotune_v2] __main__: FILTER_FAIL token=AERO reason=source_qos_cap source=watchlist used=2/2
2026-02-27 08:31:41,403 [INFO] [u_station_ab_night_autotune_v2] __main__: FILTER_FAIL token=ONYX reason=safe_age
2026-02-27 08:31:41,403 [INFO] [u_station_ab_night_autotune_v2] __main__: FILTER_FAIL token=NotDivided reason=safe_age
2026-02-27 08:31:41,403 [INFO] [u_station_ab_night_autotune_v2] __main__: FILTER_PASS token=cbBTC tier=A score=100 mode=YELLOW risk=MEDIUM liq=20521848 vol5m=52669
2026-02-27 08:31:41,403 [INFO] [u_station_ab_night_autotune_v2] __main__: FILTER_FAIL token=Jellybean reason=score_min score=30 strict_min=48 soft_min=48 mode=YELLOW
2026-02-27 08:31:41,419 [INFO] [u_station_ab_night_autotune_v2] __main__: FILTER_FAIL token=SYNT reason=safe_age
2026-02-27 08:31:41,420 [INFO] [u_station_ab_night_autotune_v2] __main__: FILTER_PASS token=VIRTUAL tier=A score=75 mode=YELLOW risk=MEDIUM liq=7650684 vol5m=1569
2026-02-27 08:31:41,421 [INFO] [u_station_ab_night_autotune_v2] __main__: FILTER_FAIL token=CHARLES reason=safe_volume vol5m=0 min=6 regime=YELLOW
2026-02-27 08:31:41,422 [INFO] [u_station_ab_night_autotune_v2] __main__: FILTER_FAIL token=Farless reason=safe_volume vol5m=0 min=6 regime=YELLOW
2026-02-27 08:31:41,423 [INFO] [u_station_ab_night_autotune_v2] __main__: V2_QUALITY_GATE enabled=True regime=YELLOW in=2 out=2 core_out=1 explore_out=1 probe_out=0 quota=1 max_symbol_share=0.500 drop={} sources_used={'watchlist': 2}
2026-02-27 08:31:41,424 [INFO] [u_station_ab_night_autotune_v2] __main__: V2_ENTRY_ROUTE enabled=True regime=YELLOW in=2 out=2 core_out=1 explore_out=1 quota=1 allow_explore=True
2026-02-27 08:31:41,424 [INFO] [u_station_ab_night_autotune_v2] __main__: MARKET_REGIME mode=YELLOW reason=avg_cand=2.00 avg_cand_recent=2.00
2026-02-27 08:31:41,425 [INFO] [u_station_ab_night_autotune_v2] trading.auto_trader: AutoTrade skip token=cbBTC reason=cooldown_left_405s
2026-02-27 08:31:41,426 [INFO] [u_station_ab_night_autotune_v2] trading.auto_trader: AutoTrade adjust token=VIRTUAL reason=min_trade_floor size=$0.03->$0.10 min=$0.10
2026-02-27 08:31:41,427 [INFO] [u_station_ab_night_autotune_v2] trading.auto_trader: AutoTrade skip token=VIRTUAL reason=edge_low mode=both edge=-29.70% raw=-27.50% mult=1.08 min=0.05% probe_min=0.05% edge_usd=$-0.030 min_usd=$0.000 probe_min_usd=$0.000 size=$0.10 gross=3.20% costs=30.70% pwin=0.45 probe=- budget=0/1
2026-02-27 08:31:41,427 [INFO] [u_station_ab_night_autotune_v2] trading.auto_trader: AutoTrade batch mode=top_n candidates=2 eligible=2 selected=2 opened=0 pe=off burst_window=0
2026-02-27 08:31:41,428 [INFO] [u_station_ab_night_autotune_v2] __main__: Scanned 9 tokens | High quality: 3 | Alerts sent: 0 | Trade candidates: 2 | Quality out/core/explore/probe: 2/1/1/0 | Opened: 0 | Mode: local | Source: onchain+market | Policy: raw=OK/effective=OK(healthy | route=allow_all) | Regime: YELLOW(avg_cand=2.00) | Safety: checked=2 fail_closed=0 reasons=api_code_4029:2 | FiltersTop(session): score_min:17,source_qos_cap:11,safe_volume:11,safe_age:8 | Dedup: heavy_skip=0 override=0 | V2Budget: 2/280 | SourceQoS: enabled=1/in=9/out=8/dropped=1/active_cd=0/drops=source_qos_cap:1 | Ingest: q=0/oldest=0.0s/drop_old=0/dedup_skip=0/enq=0/drain=6 | Sources: dex_boosts:ok=1/fail=0/429=0/lim_wait=0/cd_wait=0/err=0.0%/avg=35ms; dexscreener:ok=11/fail=0/429=0/lim_wait=0/cd_wait=0/err=0.0%/avg=41ms; onchain_enrich:ok=4/fail=0/429=0/lim_wait=0/cd_wait=0/err=0.0%/avg=39ms | Tasks: 3 | RSS: 0.0MB | CycleAvg: 10.99s
2026-02-27 08:31:45,435 [WARNING] [u_station_ab_night_autotune_v2] __main__: GRACEFUL_STOP requested path=D:\earnforme\solana-alert-bot\data\graceful_stop.u_station_ab_night_autotune_v2.signal
2026-02-27 08:31:45,470 [INFO] [u_station_ab_night_autotune_v2] trading.auto_trader: AUTOTRADER_SHUTDOWN reason=main_local_shutdown open=0 closed=79
