2026-02-27 05:51:30,645 [INFO] [u_station_ab_night_autotune_v2] __main__: SESSION_LOG file=logs/matrix/u_station_ab_night_autotune_v2\sessions\main_local_20260227_045130_pid580.log
2026-02-27 05:51:30,677 [INFO] [u_station_ab_night_autotune_v2] trading.auto_trader_state: AutoTrade state loaded open=1 closed=69 balance=$6.87
2026-02-27 05:51:30,687 [WARNING] [u_station_ab_night_autotune_v2] trading.auto_trader: DATA_POLICY mode=OK reason=init_reset_manual prev_mode=OK prev_reason=healthy | route=allow_all
2026-02-27 05:51:30,689 [INFO] [u_station_ab_night_autotune_v2] __main__: AUTOTRADER_INIT state=ready reason=manual mode=paper
2026-02-27 05:51:30,690 [INFO] [u_station_ab_night_autotune_v2] __main__: Local mode started (Telegram disabled).
2026-02-27 05:51:31,129 [INFO] [u_station_ab_night_autotune_v2] monitor.onchain_factory: PAIR_DETECTED source=uniswap_v2 dex=uniswap_v2 pair=0x55c7f2a2846ce611f3114bcf251df4ed1cf297e4 token0=0x4200000000000000000000000000000000000006 token1=0xb3d688cab96b3ef4e5cbbbdd0605a4918bfaa9bf block=42689173 factory=0x8909dc15e40173ff4699343b6eb8132c65e18ec6
2026-02-27 05:51:31,130 [INFO] [u_station_ab_night_autotune_v2] monitor.onchain_factory: PAIR_DETECTED source=uniswap_v2 dex=uniswap_v2 pair=0x61fb4d972e8caf62a20508231fef8e67e1c4f5b2 token0=0x4200000000000000000000000000000000000006 token1=0x77c467cb5d3028e8ca6cb797e3aaab0db644168f block=42689183 factory=0x8909dc15e40173ff4699343b6eb8132c65e18ec6
2026-02-27 05:51:31,131 [INFO] [u_station_ab_night_autotune_v2] monitor.onchain_factory: PAIR_DETECTED source=uniswap_v2 dex=uniswap_v2 pair=0x112bcacf7c1078b10c18d63a27e4d7bfe7a77a39 token0=0x22a51766c0007bf7d1d1e3e043f808de88e0a765 token1=0x4200000000000000000000000000000000000006 block=42689192 factory=0x8909dc15e40173ff4699343b6eb8132c65e18ec6
2026-02-27 05:51:31,132 [INFO] [u_station_ab_night_autotune_v2] monitor.onchain_factory: PAIR_DETECTED source=uniswap_v2 dex=uniswap_v2 pair=0x17e1aae078817892eb54a423417a59d4f65cd4bb token0=0x4200000000000000000000000000000000000006 token1=0x484085dbaf1840322373a829eb627f9d66bc1e76 block=42689202 factory=0x8909dc15e40173ff4699343b6eb8132c65e18ec6
2026-02-27 05:51:31,133 [INFO] [u_station_ab_night_autotune_v2] monitor.onchain_factory: PAIR_DETECTED source=uniswap_v2 dex=uniswap_v2 pair=0x8c95834f9b1fd2d96dbf31a4b87c16b73b8d3230 token0=0x15c4c32fdf7906ef662e3621e93b915aec2dbb07 token1=0x4200000000000000000000000000000000000006 block=42689203 factory=0x8909dc15e40173ff4699343b6eb8132c65e18ec6
2026-02-27 05:51:31,134 [INFO] [u_station_ab_night_autotune_v2] monitor.onchain_factory: PAIR_DETECTED source=uniswap_v2 dex=uniswap_v2 pair=0x58c6175d77d901492a9f5bb7fea4ffbf9f35caea token0=0x4200000000000000000000000000000000000006 token1=0x901a02c67a2237cce836c401416f611d2f6552d4 block=42689211 factory=0x8909dc15e40173ff4699343b6eb8132c65e18ec6
2026-02-27 05:51:31,135 [INFO] [u_station_ab_night_autotune_v2] monitor.onchain_factory: PAIR_DETECTED source=uniswap_v2 dex=uniswap_v2 pair=0xca55f8e32d258ac6cf8f2cd855b16320e3137dde token0=0x4200000000000000000000000000000000000006 token1=0xc84cc93dddfbf251075fae88a528b9f8a25abcaa block=42689211 factory=0x8909dc15e40173ff4699343b6eb8132c65e18ec6
2026-02-27 05:51:31,136 [INFO] [u_station_ab_night_autotune_v2] monitor.onchain_factory: PAIR_DETECTED source=uniswap_v2 dex=uniswap_v2 pair=0x0d130d3875c0f03652d67a613f94f5ec9fae315a token0=0x4200000000000000000000000000000000000006 token1=0xd135b3aae086961db640b510ccdf217b99053072 block=42689221 factory=0x8909dc15e40173ff4699343b6eb8132c65e18ec6
2026-02-27 05:51:31,137 [INFO] [u_station_ab_night_autotune_v2] monitor.onchain_factory: PAIR_DETECTED source=uniswap_v2 dex=uniswap_v2 pair=0x771472016d65d6ab0711a03da46e91af94ba83c1 token0=0x11b9db44e3ca3acabf509717d2916ca2af8985a5 token1=0x4200000000000000000000000000000000000006 block=42689227 factory=0x8909dc15e40173ff4699343b6eb8132c65e18ec6
2026-02-27 05:51:31,139 [INFO] [u_station_ab_night_autotune_v2] monitor.onchain_factory: PAIR_DETECTED source=uniswap_v2 dex=uniswap_v2 pair=0xeee0bbe6da6a79e77aae1b40c07561f58ba57c7c token0=0x4200000000000000000000000000000000000006 token1=0xb7c24a6b3a05551132e0c1efa02ade8bd54d3d93 block=42689232 factory=0x8909dc15e40173ff4699343b6eb8132c65e18ec6
2026-02-27 05:51:31,140 [INFO] [u_station_ab_night_autotune_v2] monitor.onchain_factory: PAIR_DETECTED source=uniswap_v2 dex=uniswap_v2 pair=0x735c8bf20060a4bb5d6105e747fd3b3a86a182a0 token0=0x4200000000000000000000000000000000000006 token1=0xce1e304d0cfd60f33792140c8d33b5c14439fee7 block=42689238 factory=0x8909dc15e40173ff4699343b6eb8132c65e18ec6
2026-02-27 05:51:31,141 [INFO] [u_station_ab_night_autotune_v2] monitor.onchain_factory: PAIR_DETECTED source=uniswap_v2 dex=uniswap_v2 pair=0x1a5b1cf5ec51278986a4e5cb5efaa0419f4320ef token0=0x4200000000000000000000000000000000000006 token1=0xb11134acdb03e5aa2f68c8a94cbe1516fadb5ba3 block=42689238 factory=0x8909dc15e40173ff4699343b6eb8132c65e18ec6
2026-02-27 05:51:31,142 [INFO] [u_station_ab_night_autotune_v2] monitor.onchain_factory: PAIR_DETECTED source=uniswap_v2 dex=uniswap_v2 pair=0xfe9da9e8002c4a64e9a0a88851a82feebac5df75 token0=0x4200000000000000000000000000000000000006 token1=0xf89f81a27e579a2addf079c69dedbe1aa919c5fc block=42689245 factory=0x8909dc15e40173ff4699343b6eb8132c65e18ec6
2026-02-27 05:51:31,143 [INFO] [u_station_ab_night_autotune_v2] monitor.onchain_factory: PAIR_DETECTED source=uniswap_v2 dex=uniswap_v2 pair=0xc440db8a6b34517894861a6fb28bb9aaffa45b50 token0=0x4200000000000000000000000000000000000006 token1=0x98faa316f65e785aadcddaeb0eefeb736b79f406 block=42689257 factory=0x8909dc15e40173ff4699343b6eb8132c65e18ec6
2026-02-27 05:51:31,144 [INFO] [u_station_ab_night_autotune_v2] monitor.onchain_factory: PAIR_DETECTED source=uniswap_v2 dex=uniswap_v2 pair=0x54006ea11fb5c1f60a4ece31845b7b5969604b71 token0=0x0015544e994ebf96154f190828f1e3c05ad16bce token1=0x4200000000000000000000000000000000000006 block=42689264 factory=0x8909dc15e40173ff4699343b6eb8132c65e18ec6
2026-02-27 05:51:31,701 [INFO] [u_station_ab_night_autotune_v2] monitor.onchain_factory: ENRICH_RETRY token=0x98faa316f65e785aadcddaeb0eefeb736b79f406 pair=0xc440db8a6b34517894861a6fb28bb9aaffa45b50 attempt=1/2 delay=10s
2026-02-27 05:51:32,146 [INFO] [u_station_ab_night_autotune_v2] monitor.onchain_factory: ENRICH_RETRY token=0x0015544e994ebf96154f190828f1e3c05ad16bce pair=0x54006ea11fb5c1f60a4ece31845b7b5969604b71 attempt=1/2 delay=10s
2026-02-27 05:51:43,995 [INFO] [u_station_ab_night_autotune_v2] __main__: WATCHLIST merged count=5
2026-02-27 05:51:43,996 [INFO] [u_station_ab_night_autotune_v2] trading.v2_runtime: V2_UNIVERSE in=20 dedup=20 out=20 target=20 novel_target=17 novel_out=20 repeat_dropped=0 symbol_dropped=0 surge_in=4 surge_target=4 surge_out=4
2026-02-27 05:51:43,997 [INFO] [u_station_ab_night_autotune_v2] __main__: V2_SOURCE_QOS_FILTER in=20 out=17 drops={'source_qos_cap': 3} caps={'watchlist': 2, 'unknown': 0, 'geckoterminal': 287, 'dexscreener': 292}
2026-02-27 05:51:43,998 [INFO] [u_station_ab_night_autotune_v2] __main__: FILTER_FAIL token=cbBTC reason=source_qos_cap source=watchlist used=2/2
2026-02-27 05:51:44,000 [INFO] [u_station_ab_night_autotune_v2] __main__: FILTER_FAIL token=AERO reason=source_qos_cap source=watchlist used=2/2
2026-02-27 05:51:44,001 [INFO] [u_station_ab_night_autotune_v2] __main__: FILTER_FAIL token=VIRTUAL reason=source_qos_cap source=watchlist used=2/2
2026-02-27 05:51:44,002 [INFO] [u_station_ab_night_autotune_v2] __main__: FILTER_FAIL token=SYNTHESIS reason=safe_change_5m
2026-02-27 05:51:44,004 [INFO] [u_station_ab_night_autotune_v2] __main__: FILTER_FAIL token=ToruCeoAI reason=safe_change_5m
2026-02-27 05:51:44,005 [INFO] [u_station_ab_night_autotune_v2] __main__: FILTER_FAIL token=Jellybean reason=safe_age
2026-02-27 05:51:44,006 [INFO] [u_station_ab_night_autotune_v2] __main__: FILTER_PASS token=FLOW tier=A score=95 mode=YELLOW risk=MEDIUM liq=189032 vol5m=8261
2026-02-27 05:51:44,008 [INFO] [u_station_ab_night_autotune_v2] __main__: FILTER_FAIL token=NOOK reason=excluded_symbol
2026-02-27 05:51:44,009 [INFO] [u_station_ab_night_autotune_v2] __main__: FILTER_PASS token=POOPCOIN tier=A score=95 mode=YELLOW risk=MEDIUM liq=486967 vol5m=5275
2026-02-27 05:51:44,011 [INFO] [u_station_ab_night_autotune_v2] __main__: FILTER_FAIL token=LHX reason=score_min score=30 strict_min=48 soft_min=48 mode=YELLOW
2026-02-27 05:51:44,012 [INFO] [u_station_ab_night_autotune_v2] __main__: FILTER_FAIL token=AMC reason=score_min score=30 strict_min=48 soft_min=48 mode=YELLOW
2026-02-27 05:51:44,013 [INFO] [u_station_ab_night_autotune_v2] __main__: FILTER_FAIL token=ASTER reason=score_min score=30 strict_min=48 soft_min=48 mode=YELLOW
2026-02-27 05:51:44,014 [INFO] [u_station_ab_night_autotune_v2] __main__: FILTER_FAIL token=REALIS reason=score_min score=30 strict_min=48 soft_min=48 mode=YELLOW
2026-02-27 05:51:44,015 [INFO] [u_station_ab_night_autotune_v2] __main__: FILTER_FAIL token=YNUSDX reason=score_min score=30 strict_min=48 soft_min=48 mode=YELLOW
2026-02-27 05:51:44,017 [INFO] [u_station_ab_night_autotune_v2] __main__: FILTER_FAIL token=UFC reason=score_min score=30 strict_min=48 soft_min=48 mode=YELLOW
2026-02-27 05:51:44,018 [INFO] [u_station_ab_night_autotune_v2] __main__: FILTER_FAIL token=DIO reason=score_min score=30 strict_min=48 soft_min=48 mode=YELLOW
2026-02-27 05:51:44,019 [INFO] [u_station_ab_night_autotune_v2] __main__: FILTER_FAIL token=XETA reason=score_min score=30 strict_min=48 soft_min=48 mode=YELLOW
2026-02-27 05:51:44,020 [INFO] [u_station_ab_night_autotune_v2] __main__: FILTER_FAIL token=SCLP reason=score_min score=30 strict_min=48 soft_min=48 mode=YELLOW
2026-02-27 05:51:44,021 [INFO] [u_station_ab_night_autotune_v2] __main__: FILTER_FAIL token=ITALIANROT reason=score_min score=40 strict_min=48 soft_min=48 mode=YELLOW
2026-02-27 05:51:44,022 [INFO] [u_station_ab_night_autotune_v2] __main__: FILTER_FAIL token=PEPENA reason=score_min score=20 strict_min=48 soft_min=48 mode=YELLOW
2026-02-27 05:51:44,024 [INFO] [u_station_ab_night_autotune_v2] trading.v2_runtime: V2_QUALITY_ROTATE symbols_core=0 symbols_cooldown=0 sources=1 top_core=- top_cooldown=-
2026-02-27 05:51:44,026 [INFO] [u_station_ab_night_autotune_v2] __main__: V2_QUALITY_GATE enabled=True regime=YELLOW in=2 out=2 core_out=2 explore_out=0 probe_out=0 quota=0 max_symbol_share=0.500 drop={'provisional_core_cap': 1, 'duplicate_address': 1} sources_used={'watchlist': 2}
2026-02-27 05:51:44,028 [INFO] [u_station_ab_night_autotune_v2] __main__: V2_ENTRY_ROUTE enabled=True regime=YELLOW in=2 out=2 core_out=2 explore_out=0 quota=0 allow_explore=True
2026-02-27 05:51:44,029 [WARNING] [u_station_ab_night_autotune_v2] trading.auto_trader: DATA_POLICY mode=OK reason=healthy | route=allow_all prev_mode=OK prev_reason=init_reset_manual
2026-02-27 05:51:44,029 [INFO] [u_station_ab_night_autotune_v2] __main__: MARKET_REGIME mode=YELLOW reason=avg_cand=2.00 avg_cand_recent=2.00
2026-02-27 05:51:44,031 [INFO] [u_station_ab_night_autotune_v2] trading.auto_trader: AutoTrade skip token=POOPCOIN reason=blacklist detail=honeypot_guard:honeypot_api_status_404
2026-02-27 05:51:44,031 [INFO] [u_station_ab_night_autotune_v2] trading.auto_trader: AutoTrade batch mode=top_n candidates=2 eligible=2 selected=1 opened=0 pe=off burst_window=0
2026-02-27 05:51:44,235 [INFO] [u_station_ab_night_autotune_v2] trading.auto_trader: TOKEN_COOLDOWN token=0xcbb7c0000ab88b473b1f5afd9ef808440eed33bf reason=NO_MOMENTUM pnl=$0.0002 cooldown=170s strikes=1->0 dynamic=True
2026-02-27 05:51:44,236 [INFO] [u_station_ab_night_autotune_v2] trading.auto_trader: AUTO_SELL Paper SELL token=cbBTC reason=NO_MOMENTUM exit=$67785.94000000 pnl=0.04% ($0.00) remaining=$0.00 partial=$0.00 raw=0.04% cost=2.70% gas=$0.03 balance=$7.33
2026-02-27 05:51:44,273 [INFO] [u_station_ab_night_autotune_v2] __main__: FILTER_THRESHOLDS safe_volume_5m_min=$5 safe_liquidity_min=$8000 safe_age_min=240s score_min=48 edge_min=0.05% lock_floor=0.95 no_momentum_max_pnl=0.25 weakness_pnl=-2.60
2026-02-27 05:51:44,274 [INFO] [u_station_ab_night_autotune_v2] __main__: Scanned 20 tokens | High quality: 4 | Alerts sent: 0 | Trade candidates: 2 | Quality out/core/explore/probe: 2/2/0/0 | Opened: 0 | Mode: local | Source: onchain+market | Policy: raw=OK/effective=OK(healthy | route=allow_all) | Regime: YELLOW(avg_cand=2.00) | Safety: checked=2 fail_closed=0 reasons=api_code_4029:2 | FiltersTop(session): score_min:11,source_qos_cap:3,safe_change_5m:2,safe_age:1 | Dedup: heavy_skip=0 override=0 | V2Budget: 2/280 | SourceQoS: enabled=1/in=20/out=17/dropped=3/active_cd=0/drops=source_qos_cap:3 | Ingest: q=0/oldest=0.0s/drop_old=0/dedup_skip=0/enq=2/drain=2 | Sources: dex_boosts:ok=1/fail=0/429=0/lim_wait=0/cd_wait=0/err=0.0%/avg=146ms; dexscreener:ok=11/fail=0/429=0/lim_wait=0/cd_wait=0/err=0.0%/avg=244ms; geckoterminal:ok=2/fail=0/429=0/lim_wait=0/cd_wait=0/err=0.0%/avg=116ms; onchain_enrich:ok=22/fail=0/429=0/lim_wait=0/cd_wait=0/err=0.0%/avg=152ms; onchain_weth_price:ok=1/fail=0/429=0/lim_wait=0/cd_wait=0/err=0.0%/avg=51ms; watchlist_dex:ok=10/fail=0/429=0/lim_wait=0/cd_wait=0/err=0.0%/avg=103ms; watchlist_gecko:ok=6/fail=0/429=0/lim_wait=0/cd_wait=0/err=0.0%/avg=686ms | Tasks: 3 | RSS: 0.0MB | CycleAvg: 0.00s
2026-02-27 05:51:48,547 [INFO] [u_station_ab_night_autotune_v2] monitor.onchain_factory: PAIR_DETECTED source=uniswap_v2 dex=uniswap_v2 pair=0x37af71fd5b3ef63a1c285a5f03ecacacd6bd0f12 token0=0x4200000000000000000000000000000000000006 token1=0xbc549f025d9db94eb4b7af2b73aced7e7da9dea8 block=42689271 factory=0x8909dc15e40173ff4699343b6eb8132c65e18ec6
2026-02-27 05:51:48,548 [INFO] [u_station_ab_night_autotune_v2] monitor.onchain_factory: PAIR_DETECTED source=uniswap_v2 dex=uniswap_v2 pair=0x4a861eaaf2e21d47e49edd4d4a4ef3fb0200ee86 token0=0x4200000000000000000000000000000000000006 token1=0xfb97f42670133eb8fcaa68d1886eb29a880adc52 block=42689277 factory=0x8909dc15e40173ff4699343b6eb8132c65e18ec6
2026-02-27 05:51:48,817 [INFO] [u_station_ab_night_autotune_v2] monitor.onchain_factory: ENRICH_RETRY token=0x98faa316f65e785aadcddaeb0eefeb736b79f406 pair=0xc440db8a6b34517894861a6fb28bb9aaffa45b50 attempt=1/2 delay=10s
2026-02-27 05:51:48,865 [INFO] [u_station_ab_night_autotune_v2] monitor.onchain_factory: ENRICH_RETRY token=0x0015544e994ebf96154f190828f1e3c05ad16bce pair=0x54006ea11fb5c1f60a4ece31845b7b5969604b71 attempt=1/2 delay=10s
2026-02-27 05:51:49,092 [INFO] [u_station_ab_night_autotune_v2] monitor.onchain_factory: ENRICH_RETRY token=0xfb97f42670133eb8fcaa68d1886eb29a880adc52 pair=0x4a861eaaf2e21d47e49edd4d4a4ef3fb0200ee86 attempt=1/2 delay=10s
2026-02-27 05:51:49,213 [INFO] [u_station_ab_night_autotune_v2] monitor.onchain_factory: ENRICH_RETRY token=0xbc549f025d9db94eb4b7af2b73aced7e7da9dea8 pair=0x37af71fd5b3ef63a1c285a5f03ecacacd6bd0f12 attempt=1/2 delay=10s
2026-02-27 05:51:59,272 [INFO] [u_station_ab_night_autotune_v2] __main__: WATCHLIST merged count=5
2026-02-27 05:51:59,273 [INFO] [u_station_ab_night_autotune_v2] trading.v2_runtime: V2_UNIVERSE in=5 dedup=5 out=5 target=5 novel_target=5 novel_out=0 repeat_dropped=0 symbol_dropped=0 surge_in=0 surge_target=0 surge_out=0
2026-02-27 05:51:59,274 [INFO] [u_station_ab_night_autotune_v2] __main__: V2_SOURCE_QOS_FILTER in=5 out=3 drops={'source_qos_cap': 2} caps={'watchlist': 3}
2026-02-27 05:51:59,276 [INFO] [u_station_ab_night_autotune_v2] __main__: FILTER_FAIL token=AERO reason=source_qos_cap source=watchlist used=3/3
2026-02-27 05:51:59,277 [INFO] [u_station_ab_night_autotune_v2] __main__: FILTER_FAIL token=VIRTUAL reason=source_qos_cap source=watchlist used=3/3
2026-02-27 05:51:59,278 [INFO] [u_station_ab_night_autotune_v2] __main__: FILTER_PASS token=FLOW tier=A score=95 mode=YELLOW risk=MEDIUM liq=189032 vol5m=8261
2026-02-27 05:51:59,279 [INFO] [u_station_ab_night_autotune_v2] __main__: FILTER_PASS token=POOPCOIN tier=A score=95 mode=YELLOW risk=MEDIUM liq=486967 vol5m=5275
2026-02-27 05:51:59,280 [INFO] [u_station_ab_night_autotune_v2] __main__: FILTER_PASS token=cbBTC tier=A score=100 mode=YELLOW risk=MEDIUM liq=19868771 vol5m=16105
2026-02-27 05:51:59,283 [INFO] [u_station_ab_night_autotune_v2] __main__: V2_QUALITY_GATE enabled=True regime=YELLOW in=3 out=3 core_out=2 explore_out=1 probe_out=0 quota=1 max_symbol_share=0.333 drop={} sources_used={'watchlist': 3}
2026-02-27 05:51:59,284 [INFO] [u_station_ab_night_autotune_v2] __main__: V2_ENTRY_ROUTE enabled=True regime=YELLOW in=3 out=3 core_out=2 explore_out=1 quota=1 allow_explore=True
2026-02-27 05:51:59,285 [INFO] [u_station_ab_night_autotune_v2] __main__: MARKET_REGIME mode=YELLOW reason=hysteresis_recover_wait 1/4 raw=GREEN avg_cand_recent=2.50
2026-02-27 05:51:59,287 [INFO] [u_station_ab_night_autotune_v2] trading.auto_trader: AutoTrade skip token=cbBTC reason=cooldown_left_154s
2026-02-27 05:51:59,287 [INFO] [u_station_ab_night_autotune_v2] trading.auto_trader: AutoTrade skip token=POOPCOIN reason=blacklist detail=honeypot_guard:honeypot_api_status_404
2026-02-27 05:51:59,287 [INFO] [u_station_ab_night_autotune_v2] trading.auto_trader: AutoTrade batch mode=top_n candidates=3 eligible=3 selected=2 opened=0 pe=off burst_window=0
2026-02-27 05:51:59,287 [INFO] [u_station_ab_night_autotune_v2] __main__: Scanned 5 tokens | High quality: 3 | Alerts sent: 0 | Trade candidates: 3 | Quality out/core/explore/probe: 3/2/1/0 | Opened: 0 | Mode: local | Source: onchain+market | Policy: raw=OK/effective=OK(healthy | route=allow_all) | Regime: YELLOW(hysteresis_recover_wait 1/4 raw=GREEN) | Safety: checked=3 fail_closed=0 reasons=api_code_4029:3 | FiltersTop(session): score_min:11,source_qos_cap:5,safe_change_5m:2,safe_age:1 | Dedup: heavy_skip=0 override=0 | V2Budget: 3/280 | SourceQoS: enabled=1/in=5/out=3/dropped=2/active_cd=0/drops=source_qos_cap:2 | Ingest: q=0/oldest=0.0s/drop_old=0/dedup_skip=0/enq=0/drain=0 | Sources: dex_boosts:ok=1/fail=0/429=0/lim_wait=0/cd_wait=0/err=0.0%/avg=113ms; dexscreener:ok=11/fail=0/429=0/lim_wait=0/cd_wait=0/err=0.0%/avg=88ms; onchain_enrich:ok=16/fail=0/429=0/lim_wait=0/cd_wait=0/err=0.0%/avg=94ms | Tasks: 3 | RSS: 0.0MB | CycleAvg: 13.58s
2026-02-27 05:52:03,558 [INFO] [u_station_ab_night_autotune_v2] monitor.onchain_factory: PAIR_DETECTED source=uniswap_v2 dex=uniswap_v2 pair=0x1336199b9abd29896b66486661d739708e8491b2 token0=0x4200000000000000000000000000000000000006 token1=0xfa2a0f55bf7065a6e9edf09a2ff3e925e548eb07 block=42689283 factory=0x8909dc15e40173ff4699343b6eb8132c65e18ec6
2026-02-27 05:52:03,559 [INFO] [u_station_ab_night_autotune_v2] monitor.onchain_factory: PAIR_DETECTED source=uniswap_v2 dex=uniswap_v2 pair=0x4e70cd14733dc2312a4348ca353e66b640997483 token0=0x4200000000000000000000000000000000000006 token1=0xbe88bf1e9db8f83e3ec728b5ad8688c52633393a block=42689284 factory=0x8909dc15e40173ff4699343b6eb8132c65e18ec6
2026-02-27 05:52:03,560 [INFO] [u_station_ab_night_autotune_v2] monitor.onchain_factory: PAIR_DETECTED source=uniswap_v2 dex=uniswap_v2 pair=0xfd9434c7a2983dae7c0d63a31e08e589b01283d5 token0=0x239806f87e980484966232f6d4ba34f13935881d token1=0x4200000000000000000000000000000000000006 block=42689286 factory=0x8909dc15e40173ff4699343b6eb8132c65e18ec6
2026-02-27 05:52:03,832 [INFO] [u_station_ab_night_autotune_v2] monitor.onchain_factory: ENRICH_RETRY token=0xbc549f025d9db94eb4b7af2b73aced7e7da9dea8 pair=0x37af71fd5b3ef63a1c285a5f03ecacacd6bd0f12 attempt=1/2 delay=10s
2026-02-27 05:52:03,865 [INFO] [u_station_ab_night_autotune_v2] monitor.onchain_factory: ENRICH_RETRY token=0xfb97f42670133eb8fcaa68d1886eb29a880adc52 pair=0x4a861eaaf2e21d47e49edd4d4a4ef3fb0200ee86 attempt=1/2 delay=10s
2026-02-27 05:52:03,982 [INFO] [u_station_ab_night_autotune_v2] monitor.onchain_factory: ENRICH_RETRY token=0xfa2a0f55bf7065a6e9edf09a2ff3e925e548eb07 pair=0x1336199b9abd29896b66486661d739708e8491b2 attempt=1/2 delay=10s
2026-02-27 05:52:04,077 [INFO] [u_station_ab_night_autotune_v2] monitor.onchain_factory: ENRICH_RETRY token=0x239806f87e980484966232f6d4ba34f13935881d pair=0xfd9434c7a2983dae7c0d63a31e08e589b01283d5 attempt=1/2 delay=10s
2026-02-27 05:52:04,214 [INFO] [u_station_ab_night_autotune_v2] monitor.onchain_factory: ENRICH_RETRY token=0xbe88bf1e9db8f83e3ec728b5ad8688c52633393a pair=0x4e70cd14733dc2312a4348ca353e66b640997483 attempt=1/2 delay=10s
2026-02-27 05:52:14,269 [INFO] [u_station_ab_night_autotune_v2] __main__: WATCHLIST merged count=5
2026-02-27 05:52:14,270 [INFO] [u_station_ab_night_autotune_v2] trading.v2_runtime: V2_UNIVERSE in=7 dedup=7 out=7 target=7 novel_target=6 novel_out=2 repeat_dropped=0 symbol_dropped=0 surge_in=0 surge_target=0 surge_out=0
2026-02-27 05:52:14,271 [INFO] [u_station_ab_night_autotune_v2] __main__: V2_SOURCE_QOS_FILTER in=7 out=4 drops={'source_qos_cap': 3} caps={'watchlist': 2, 'unknown': 0}
2026-02-27 05:52:14,272 [INFO] [u_station_ab_night_autotune_v2] __main__: FILTER_FAIL token=cbBTC reason=source_qos_cap source=watchlist used=2/2
2026-02-27 05:52:14,273 [INFO] [u_station_ab_night_autotune_v2] __main__: FILTER_FAIL token=AERO reason=source_qos_cap source=watchlist used=2/2
2026-02-27 05:52:14,274 [INFO] [u_station_ab_night_autotune_v2] __main__: FILTER_FAIL token=VIRTUAL reason=source_qos_cap source=watchlist used=2/2
2026-02-27 05:52:14,275 [INFO] [u_station_ab_night_autotune_v2] __main__: FILTER_PASS token=FLOW tier=A score=95 mode=YELLOW risk=MEDIUM liq=189032 vol5m=8261
2026-02-27 05:52:14,276 [INFO] [u_station_ab_night_autotune_v2] __main__: FILTER_PASS token=POOPCOIN tier=A score=95 mode=YELLOW risk=MEDIUM liq=486967 vol5m=5275
2026-02-27 05:52:14,278 [INFO] [u_station_ab_night_autotune_v2] __main__: FILTER_FAIL token=YTP reason=score_min score=30 strict_min=48 soft_min=48 mode=YELLOW
2026-02-27 05:52:14,279 [INFO] [u_station_ab_night_autotune_v2] __main__: FILTER_FAIL token=SAIL reason=score_min score=30 strict_min=48 soft_min=48 mode=YELLOW
2026-02-27 05:52:14,280 [INFO] [u_station_ab_night_autotune_v2] __main__: V2_QUALITY_GATE enabled=True regime=YELLOW in=2 out=2 core_out=2 explore_out=0 probe_out=0 quota=0 max_symbol_share=0.500 drop={'provisional_core_cap': 1, 'duplicate_address': 1} sources_used={'watchlist': 2}
2026-02-27 05:52:14,282 [INFO] [u_station_ab_night_autotune_v2] __main__: V2_ENTRY_ROUTE enabled=True regime=YELLOW in=2 out=2 core_out=2 explore_out=0 quota=0 allow_explore=True
2026-02-27 05:52:14,282 [INFO] [u_station_ab_night_autotune_v2] __main__: MARKET_REGIME mode=YELLOW reason=avg_cand=2.33 avg_cand_recent=2.33
2026-02-27 05:52:14,284 [INFO] [u_station_ab_night_autotune_v2] trading.auto_trader: AutoTrade skip token=POOPCOIN reason=blacklist detail=honeypot_guard:honeypot_api_status_404
2026-02-27 05:52:14,284 [INFO] [u_station_ab_night_autotune_v2] trading.auto_trader: AutoTrade batch mode=top_n candidates=2 eligible=2 selected=1 opened=0 pe=off burst_window=0
2026-02-27 05:52:14,286 [INFO] [u_station_ab_night_autotune_v2] __main__: Scanned 7 tokens | High quality: 2 | Alerts sent: 0 | Trade candidates: 2 | Quality out/core/explore/probe: 2/2/0/0 | Opened: 0 | Mode: local | Source: onchain+market | Policy: raw=OK/effective=OK(healthy | route=allow_all) | Regime: YELLOW(avg_cand=2.33) | Safety: checked=2 fail_closed=0 reasons=api_code_4029:2 | FiltersTop(session): score_min:13,source_qos_cap:8,safe_change_5m:2,safe_age:1 | Dedup: heavy_skip=0 override=0 | V2Budget: 2/280 | SourceQoS: enabled=1/in=7/out=4/dropped=3/active_cd=0/drops=source_qos_cap:3 | Ingest: q=0/oldest=0.0s/drop_old=0/dedup_skip=0/enq=0/drain=0 | Sources: dex_boosts:ok=1/fail=0/429=0/lim_wait=0/cd_wait=0/err=0.0%/avg=57ms; dexscreener:ok=11/fail=0/429=0/lim_wait=0/cd_wait=0/err=0.0%/avg=207ms; onchain_enrich:ok=22/fail=0/429=0/lim_wait=0/cd_wait=0/err=0.0%/avg=105ms | Tasks: 3 | RSS: 0.0MB | CycleAvg: 12.30s
2026-02-27 05:52:18,611 [INFO] [u_station_ab_night_autotune_v2] monitor.onchain_factory: PAIR_DETECTED source=uniswap_v2 dex=uniswap_v2 pair=0xd75afb7693b31d004ee17a587ebfc8ec40412d42 token0=0x4200000000000000000000000000000000000006 token1=0xfc5b15196d8dc54865cad873bcddc50ec6368d01 block=42689291 factory=0x8909dc15e40173ff4699343b6eb8132c65e18ec6
2026-02-27 05:52:18,801 [INFO] [u_station_ab_night_autotune_v2] monitor.onchain_factory: ENRICH_RETRY token=0xbc549f025d9db94eb4b7af2b73aced7e7da9dea8 pair=0x37af71fd5b3ef63a1c285a5f03ecacacd6bd0f12 attempt=1/2 delay=10s
2026-02-27 05:52:18,803 [INFO] [u_station_ab_night_autotune_v2] monitor.onchain_factory: ENRICH_RETRY token=0xfb97f42670133eb8fcaa68d1886eb29a880adc52 pair=0x4a861eaaf2e21d47e49edd4d4a4ef3fb0200ee86 attempt=1/2 delay=10s
2026-02-27 05:52:18,805 [INFO] [u_station_ab_night_autotune_v2] monitor.onchain_factory: ENRICH_RETRY token=0xfa2a0f55bf7065a6e9edf09a2ff3e925e548eb07 pair=0x1336199b9abd29896b66486661d739708e8491b2 attempt=1/2 delay=10s
2026-02-27 05:52:18,806 [INFO] [u_station_ab_night_autotune_v2] monitor.onchain_factory: ENRICH_RETRY token=0x239806f87e980484966232f6d4ba34f13935881d pair=0xfd9434c7a2983dae7c0d63a31e08e589b01283d5 attempt=1/2 delay=10s
2026-02-27 05:52:18,812 [INFO] [u_station_ab_night_autotune_v2] monitor.onchain_factory: ENRICH_RETRY token=0xbe88bf1e9db8f83e3ec728b5ad8688c52633393a pair=0x4e70cd14733dc2312a4348ca353e66b640997483 attempt=1/2 delay=10s
2026-02-27 05:52:19,265 [INFO] [u_station_ab_night_autotune_v2] monitor.onchain_factory: ENRICH_RETRY token=0xfc5b15196d8dc54865cad873bcddc50ec6368d01 pair=0xd75afb7693b31d004ee17a587ebfc8ec40412d42 attempt=1/2 delay=10s
2026-02-27 05:52:29,315 [INFO] [u_station_ab_night_autotune_v2] __main__: WATCHLIST merged count=5
2026-02-27 05:52:29,316 [INFO] [u_station_ab_night_autotune_v2] trading.v2_runtime: V2_UNIVERSE in=8 dedup=8 out=8 target=8 novel_target=7 novel_out=3 repeat_dropped=0 symbol_dropped=0 surge_in=0 surge_target=0 surge_out=0
2026-02-27 05:52:29,316 [INFO] [u_station_ab_night_autotune_v2] __main__: V2_SOURCE_QOS_FILTER in=8 out=5 drops={'source_qos_cap': 3} caps={'watchlist': 2, 'unknown': 0}
2026-02-27 05:52:29,318 [INFO] [u_station_ab_night_autotune_v2] __main__: FILTER_FAIL token=cbBTC reason=source_qos_cap source=watchlist used=2/2
2026-02-27 05:52:29,319 [INFO] [u_station_ab_night_autotune_v2] __main__: FILTER_FAIL token=AERO reason=source_qos_cap source=watchlist used=2/2
2026-02-27 05:52:29,319 [INFO] [u_station_ab_night_autotune_v2] __main__: FILTER_FAIL token=VIRTUAL reason=source_qos_cap source=watchlist used=2/2
2026-02-27 05:52:29,321 [INFO] [u_station_ab_night_autotune_v2] __main__: FILTER_PASS token=FLOW tier=A score=95 mode=YELLOW risk=MEDIUM liq=189032 vol5m=8261
2026-02-27 05:52:29,322 [INFO] [u_station_ab_night_autotune_v2] __main__: FILTER_PASS token=POOPCOIN tier=A score=95 mode=YELLOW risk=MEDIUM liq=486967 vol5m=5275
2026-02-27 05:52:29,323 [INFO] [u_station_ab_night_autotune_v2] __main__: FILTER_FAIL token=BRETT reason=score_min score=30 strict_min=48 soft_min=48 mode=YELLOW
2026-02-27 05:52:29,325 [INFO] [u_station_ab_night_autotune_v2] __main__: FILTER_FAIL token=IDRISS reason=score_min score=30 strict_min=48 soft_min=48 mode=YELLOW
2026-02-27 05:52:29,326 [INFO] [u_station_ab_night_autotune_v2] __main__: FILTER_FAIL token=Survivor reason=score_min score=40 strict_min=48 soft_min=48 mode=YELLOW
2026-02-27 05:52:29,327 [INFO] [u_station_ab_night_autotune_v2] __main__: V2_QUALITY_GATE enabled=True regime=YELLOW in=2 out=2 core_out=2 explore_out=0 probe_out=0 quota=0 max_symbol_share=0.500 drop={'provisional_core_cap': 1, 'duplicate_address': 1} sources_used={'watchlist': 2}
2026-02-27 05:52:29,329 [INFO] [u_station_ab_night_autotune_v2] __main__: V2_ENTRY_ROUTE enabled=True regime=YELLOW in=2 out=2 core_out=2 explore_out=0 quota=0 allow_explore=True
2026-02-27 05:52:29,330 [INFO] [u_station_ab_night_autotune_v2] __main__: MARKET_REGIME mode=YELLOW reason=avg_cand=2.25 avg_cand_recent=2.25
2026-02-27 05:52:29,332 [INFO] [u_station_ab_night_autotune_v2] trading.auto_trader: AutoTrade skip token=POOPCOIN reason=blacklist detail=honeypot_guard:honeypot_api_status_404
2026-02-27 05:52:29,332 [INFO] [u_station_ab_night_autotune_v2] trading.auto_trader: AutoTrade batch mode=top_n candidates=2 eligible=2 selected=1 opened=0 pe=off burst_window=0
2026-02-27 05:52:29,334 [INFO] [u_station_ab_night_autotune_v2] __main__: Scanned 8 tokens | High quality: 2 | Alerts sent: 0 | Trade candidates: 2 | Quality out/core/explore/probe: 2/2/0/0 | Opened: 0 | Mode: local | Source: onchain+market | Policy: raw=OK/effective=OK(healthy | route=allow_all) | Regime: YELLOW(avg_cand=2.25) | Safety: checked=2 fail_closed=0 reasons=api_code_4029:2 | FiltersTop(session): score_min:16,source_qos_cap:11,safe_change_5m:2,safe_age:1 | Dedup: heavy_skip=0 override=0 | V2Budget: 2/280 | SourceQoS: enabled=1/in=8/out=5/dropped=3/active_cd=0/drops=source_qos_cap:3 | Ingest: q=0/oldest=0.0s/drop_old=0/dedup_skip=0/enq=0/drain=0 | Sources: dex_boosts:ok=1/fail=0/429=0/lim_wait=0/cd_wait=0/err=0.0%/avg=32ms; dexscreener:ok=11/fail=0/429=0/lim_wait=0/cd_wait=0/err=0.0%/avg=53ms; onchain_enrich:ok=21/fail=0/429=0/lim_wait=0/cd_wait=0/err=0.0%/avg=75ms | Tasks: 3 | RSS: 0.0MB | CycleAvg: 11.86s
2026-02-27 05:52:33,597 [INFO] [u_station_ab_night_autotune_v2] monitor.onchain_factory: PAIR_DETECTED source=uniswap_v2 dex=uniswap_v2 pair=0x88a33d22133822b9b35b96f9ffa5d7ac163a49a0 token0=0x4200000000000000000000000000000000000006 token1=0x64e38125a8d3a14d9686fca2c9339c6ace275663 block=42689300 factory=0x8909dc15e40173ff4699343b6eb8132c65e18ec6
2026-02-27 05:52:33,794 [INFO] [u_station_ab_night_autotune_v2] monitor.onchain_factory: ENRICH_RETRY token=0xbe88bf1e9db8f83e3ec728b5ad8688c52633393a pair=0x4e70cd14733dc2312a4348ca353e66b640997483 attempt=1/2 delay=10s
2026-02-27 05:52:33,802 [INFO] [u_station_ab_night_autotune_v2] monitor.onchain_factory: ENRICH_RETRY token=0xfc5b15196d8dc54865cad873bcddc50ec6368d01 pair=0xd75afb7693b31d004ee17a587ebfc8ec40412d42 attempt=1/2 delay=10s
2026-02-27 05:52:33,803 [INFO] [u_station_ab_night_autotune_v2] monitor.onchain_factory: ENRICH_RETRY token=0x239806f87e980484966232f6d4ba34f13935881d pair=0xfd9434c7a2983dae7c0d63a31e08e589b01283d5 attempt=1/2 delay=10s
2026-02-27 05:52:34,389 [INFO] [u_station_ab_night_autotune_v2] monitor.onchain_factory: ENRICH_RETRY token=0x64e38125a8d3a14d9686fca2c9339c6ace275663 pair=0x88a33d22133822b9b35b96f9ffa5d7ac163a49a0 attempt=1/2 delay=10s
