2026-02-27 04:08:54,196 [INFO] [u_station_ab_night_autotune_v2] __main__: SESSION_LOG file=logs/matrix/u_station_ab_night_autotune_v2\sessions\main_local_20260227_030854_pid12040.log
2026-02-27 04:08:54,225 [INFO] [u_station_ab_night_autotune_v2] trading.auto_trader_state: AutoTrade state loaded open=0 closed=62 balance=$7.20
2026-02-27 04:08:54,237 [WARNING] [u_station_ab_night_autotune_v2] trading.auto_trader: DATA_POLICY mode=OK reason=init_reset_manual prev_mode=OK prev_reason=healthy | route=allow_all
2026-02-27 04:08:54,237 [INFO] [u_station_ab_night_autotune_v2] __main__: AUTOTRADER_INIT state=ready reason=manual mode=paper
2026-02-27 04:08:54,240 [INFO] [u_station_ab_night_autotune_v2] __main__: Local mode started (Telegram disabled).
2026-02-27 04:08:54,626 [INFO] [u_station_ab_night_autotune_v2] monitor.onchain_factory: PAIR_DETECTED source=uniswap_v2 dex=uniswap_v2 pair=0x6a6e232d58a4f568dc4d0742e8879b72e9a1e1cb token0=0x4200000000000000000000000000000000000006 token1=0xbf5d70d808584843c18b913adc7019eb638330a3 block=42686186 factory=0x8909dc15e40173ff4699343b6eb8132c65e18ec6
2026-02-27 04:08:55,291 [INFO] [u_station_ab_night_autotune_v2] monitor.onchain_factory: ENRICH_RETRY token=0xbf5d70d808584843c18b913adc7019eb638330a3 pair=0x6a6e232d58a4f568dc4d0742e8879b72e9a1e1cb attempt=1/2 delay=10s
2026-02-27 04:09:06,933 [INFO] [u_station_ab_night_autotune_v2] __main__: WATCHLIST merged count=5
2026-02-27 04:09:06,934 [INFO] [u_station_ab_night_autotune_v2] trading.v2_runtime: V2_UNIVERSE in=10 dedup=10 out=10 target=10 novel_target=9 novel_out=10 repeat_dropped=0 symbol_dropped=0 surge_in=2 surge_target=2 surge_out=2
2026-02-27 04:09:06,934 [INFO] [u_station_ab_night_autotune_v2] __main__: V2_SOURCE_QOS_FILTER in=10 out=7 drops={'source_qos_cap': 3} caps={'watchlist': 2, 'geckoterminal': 287}
2026-02-27 04:09:06,936 [INFO] [u_station_ab_night_autotune_v2] __main__: FILTER_FAIL token=SAIRI reason=source_qos_cap source=watchlist used=2/2
2026-02-27 04:09:06,937 [INFO] [u_station_ab_night_autotune_v2] __main__: FILTER_FAIL token=VIRTUAL reason=source_qos_cap source=watchlist used=2/2
2026-02-27 04:09:06,938 [INFO] [u_station_ab_night_autotune_v2] __main__: FILTER_FAIL token=AERO reason=source_qos_cap source=watchlist used=2/2
2026-02-27 04:09:06,939 [INFO] [u_station_ab_night_autotune_v2] __main__: FILTER_FAIL token=SAIRI reason=safe_change_5m
2026-02-27 04:09:06,940 [INFO] [u_station_ab_night_autotune_v2] __main__: FILTER_FAIL token=FLOW reason=safe_change_5m
2026-02-27 04:09:06,940 [INFO] [u_station_ab_night_autotune_v2] __main__: FILTER_PASS token=cbBTC tier=A score=100 mode=YELLOW risk=MEDIUM liq=23773105 vol5m=49792
2026-02-27 04:09:06,941 [INFO] [u_station_ab_night_autotune_v2] __main__: FILTER_FAIL token=21 reason=safe_age
2026-02-27 04:09:06,942 [INFO] [u_station_ab_night_autotune_v2] __main__: FILTER_PASS token=ZachXBT tier=A score=50 mode=YELLOW risk=MEDIUM liq=19781 vol5m=20
2026-02-27 04:09:06,943 [INFO] [u_station_ab_night_autotune_v2] monitor.local_alerter: Local alert token=ZachXBT address=0xf2941a90273b1c511f423fb4dc1fd88f56b4fba3 score=50 reco=HOLD risk=MEDIUM warnings=0 liq=19781 vol5m=20
2026-02-27 04:09:06,944 [INFO] [u_station_ab_night_autotune_v2] __main__: FILTER_FAIL token=$Pangolin reason=safe_volume vol5m=2 min=6 regime=YELLOW
2026-02-27 04:09:06,944 [INFO] [u_station_ab_night_autotune_v2] __main__: FILTER_FAIL token=CLAWDOG reason=safe_volume vol5m=0 min=6 regime=YELLOW
2026-02-27 04:09:06,947 [INFO] [u_station_ab_night_autotune_v2] trading.v2_runtime: V2_QUALITY_ROTATE symbols_core=0 symbols_cooldown=0 sources=1 top_core=- top_cooldown=-
2026-02-27 04:09:06,948 [INFO] [u_station_ab_night_autotune_v2] __main__: V2_QUALITY_GATE enabled=True regime=YELLOW in=2 out=2 core_out=1 explore_out=1 probe_out=0 quota=1 max_symbol_share=0.500 drop={} sources_used={'watchlist': 1, 'geckoterminal': 1}
2026-02-27 04:09:06,948 [INFO] [u_station_ab_night_autotune_v2] __main__: V2_ENTRY_ROUTE enabled=True regime=YELLOW in=2 out=2 core_out=1 explore_out=1 quota=1 allow_explore=True
2026-02-27 04:09:06,949 [WARNING] [u_station_ab_night_autotune_v2] trading.auto_trader: DATA_POLICY mode=OK reason=healthy | route=allow_all prev_mode=OK prev_reason=init_reset_manual
2026-02-27 04:09:06,949 [INFO] [u_station_ab_night_autotune_v2] __main__: MARKET_REGIME mode=YELLOW reason=avg_cand=2.00 avg_cand_recent=2.00
2026-02-27 04:09:06,979 [INFO] [u_station_ab_night_autotune_v2] trading.auto_trader: AUTO_DECISION token=cbBTC mode=YELLOW tier=A channel=core score=100 src=watchlist liq=23773105 vol5m=49792 chg5m=-0.15% edge=0.83% raw=0.77% regime_mult=1.08 edge_usd=$0.004 size=$0.45 mult=1.35(score=1.15 liq=1.15 vol=1.05 volat=1.05) reinvest=1.05(growth_steps=0 drawdown=3.00% loss_streak=0 edge=5.52%) size_mode=0.80 hold_mode=1.06 exec_lane=runner exec_mult(size=1.10 hold=1.32 edge=0.94) edge_gate_mult(usd=1.00,pct=1.00) quality(edge=0.98,size=1.04 detail=src_mult=1.00 ev=-0.00012 edge(src_relax=0.000 src_tight=0.000 ev_adj=0.002) size(src_relax=0.000 src_cut=0.000 ev_adj=-0.003)) costs=8.83% gas=$0.028 ev_net=$0.00159 ev_samples=93 conf=1.00 pwin=0.60 avg_win=$0.0084 avg_loss=$0.0080 kelly=1.08(k=0.223) token_ev=sparse trades=2<18 cluster=s3|l3|v3|m0|r1 cluster_route=sparse samples=8<10 breakdown={'liquidity_score': 30, 'volume_score': 30, 'risk_score': 15, 'age_score': 15, 'safety_score': 15}
2026-02-27 04:09:07,121 [INFO] [u_station_ab_night_autotune_v2] trading.auto_trader: AUTO_BUY Paper BUY token=cbBTC address=0xcbb7c0000ab88b473b1f5afd9ef808440eed33bf mode=YELLOW tier=A channel=core lane=runner entry=$67140.09700000 size=$0.45 score=100 edge=0.83% edge_usd=$0.004 mult=1.35(score=1.15 liq=1.15 vol=1.05 volat=1.05) hold=134s costs=2.70% gas=$0.03
2026-02-27 04:09:07,161 [INFO] [u_station_ab_night_autotune_v2] trading.auto_trader: AutoTrade batch mode=top_n candidates=2 eligible=1 selected=1 opened=1 pe=off burst_window=1
2026-02-27 04:09:07,280 [INFO] [u_station_ab_night_autotune_v2] __main__: FILTER_THRESHOLDS safe_volume_5m_min=$5 safe_liquidity_min=$8000 safe_age_min=240s score_min=48 edge_min=0.05% lock_floor=0.95 no_momentum_max_pnl=0.25 weakness_pnl=-2.60
2026-02-27 04:09:07,280 [INFO] [u_station_ab_night_autotune_v2] __main__: Scanned 10 tokens | High quality: 3 | Alerts sent: 1 | Trade candidates: 2 | Quality out/core/explore/probe: 2/1/1/0 | Opened: 1 | Mode: local | Source: onchain+market | Policy: raw=OK/effective=OK(healthy | route=allow_all) | Regime: YELLOW(avg_cand=2.00) | Safety: checked=2 fail_closed=0 reasons=api_code_4029:2 | FiltersTop(session): source_qos_cap:3,safe_change_5m:2,safe_volume:2,safe_age:1 | Dedup: heavy_skip=0 override=0 | V2Budget: 2/280 | SourceQoS: enabled=1/in=10/out=7/dropped=3/active_cd=0/drops=source_qos_cap:3 | Ingest: q=0/oldest=0.0s/drop_old=0/dedup_skip=0/enq=5/drain=5 | Sources: dex_boosts:ok=1/fail=0/429=0/lim_wait=0/cd_wait=0/err=0.0%/avg=84ms; dexscreener:ok=12/fail=0/429=0/lim_wait=0/cd_wait=0/err=0.0%/avg=73ms; geckoterminal:ok=2/fail=0/429=0/lim_wait=0/cd_wait=0/err=0.0%/avg=244ms; onchain_enrich:ok=4/fail=0/429=0/lim_wait=0/cd_wait=0/err=0.0%/avg=147ms; onchain_weth_price:ok=1/fail=0/429=0/lim_wait=0/cd_wait=0/err=0.0%/avg=29ms; watchlist_dex:ok=10/fail=0/429=0/lim_wait=0/cd_wait=0/err=0.0%/avg=93ms; watchlist_gecko:ok=6/fail=0/429=0/lim_wait=0/cd_wait=0/err=0.0%/avg=593ms | Tasks: 3 | RSS: 0.0MB | CycleAvg: 0.00s
2026-02-27 04:09:11,547 [INFO] [u_station_ab_night_autotune_v2] monitor.onchain_factory: PAIR_DETECTED source=uniswap_v2 dex=uniswap_v2 pair=0xfde88283c7a7d6cbd1a691e67d13450e04c41f49 token0=0x4200000000000000000000000000000000000006 token1=0x7cbc32d9b9594295ef178bda059ce3aef3c3620f block=42686193 factory=0x8909dc15e40173ff4699343b6eb8132c65e18ec6
2026-02-27 04:09:11,547 [INFO] [u_station_ab_night_autotune_v2] monitor.onchain_factory: PAIR_DETECTED source=uniswap_v2 dex=uniswap_v2 pair=0x84d6fe881644d0b41301b6a6555fe8254650d89c token0=0x4200000000000000000000000000000000000006 token1=0xa6bdcd5a255b176de324ae54eef624c5fa5099cb block=42686200 factory=0x8909dc15e40173ff4699343b6eb8132c65e18ec6
2026-02-27 04:09:11,798 [INFO] [u_station_ab_night_autotune_v2] monitor.onchain_factory: ENRICH_RETRY token=0xbf5d70d808584843c18b913adc7019eb638330a3 pair=0x6a6e232d58a4f568dc4d0742e8879b72e9a1e1cb attempt=1/2 delay=10s
2026-02-27 04:09:12,222 [INFO] [u_station_ab_night_autotune_v2] monitor.onchain_factory: ENRICH_RETRY token=0x7cbc32d9b9594295ef178bda059ce3aef3c3620f pair=0xfde88283c7a7d6cbd1a691e67d13450e04c41f49 attempt=1/2 delay=10s
2026-02-27 04:09:12,280 [INFO] [u_station_ab_night_autotune_v2] monitor.onchain_factory: ENRICH_RETRY token=0xa6bdcd5a255b176de324ae54eef624c5fa5099cb pair=0x84d6fe881644d0b41301b6a6555fe8254650d89c attempt=1/2 delay=10s
2026-02-27 04:09:22,358 [INFO] [u_station_ab_night_autotune_v2] __main__: WATCHLIST merged count=5
2026-02-27 04:09:22,359 [INFO] [u_station_ab_night_autotune_v2] trading.v2_runtime: V2_UNIVERSE in=5 dedup=5 out=5 target=5 novel_target=5 novel_out=0 repeat_dropped=0 symbol_dropped=0 surge_in=1 surge_target=1 surge_out=1
2026-02-27 04:09:22,360 [INFO] [u_station_ab_night_autotune_v2] __main__: V2_SOURCE_QOS_FILTER in=5 out=3 drops={'source_qos_cap': 2} caps={'watchlist': 3}
2026-02-27 04:09:22,360 [INFO] [u_station_ab_night_autotune_v2] __main__: FILTER_FAIL token=VIRTUAL reason=source_qos_cap source=watchlist used=3/3
2026-02-27 04:09:22,362 [INFO] [u_station_ab_night_autotune_v2] __main__: FILTER_FAIL token=AERO reason=source_qos_cap source=watchlist used=3/3
2026-02-27 04:09:22,363 [INFO] [u_station_ab_night_autotune_v2] __main__: FILTER_FAIL token=FLOW reason=safe_change_5m
2026-02-27 04:09:22,364 [INFO] [u_station_ab_night_autotune_v2] __main__: FILTER_PASS token=cbBTC tier=A score=100 mode=YELLOW risk=MEDIUM liq=23773105 vol5m=49792
2026-02-27 04:09:22,365 [INFO] [u_station_ab_night_autotune_v2] __main__: FILTER_PASS token=SAIRI tier=A score=100 mode=YELLOW risk=MEDIUM liq=463548 vol5m=13370
2026-02-27 04:09:22,366 [INFO] [u_station_ab_night_autotune_v2] __main__: V2_QUALITY_GATE enabled=True regime=YELLOW in=2 out=2 core_out=1 explore_out=1 probe_out=0 quota=1 max_symbol_share=0.500 drop={} sources_used={'watchlist': 2}
2026-02-27 04:09:22,366 [INFO] [u_station_ab_night_autotune_v2] __main__: V2_ENTRY_ROUTE enabled=True regime=YELLOW in=2 out=2 core_out=1 explore_out=1 quota=1 allow_explore=True
2026-02-27 04:09:22,367 [INFO] [u_station_ab_night_autotune_v2] __main__: MARKET_REGIME mode=YELLOW reason=avg_cand=2.00 avg_cand_recent=2.00
2026-02-27 04:09:22,367 [INFO] [u_station_ab_night_autotune_v2] trading.auto_trader: AutoTrade batch prefilter removed=1 missing_addr=0 open_duplicate=1
2026-02-27 04:09:22,368 [INFO] [u_station_ab_night_autotune_v2] trading.auto_trader: AUTO_DECISION token=SAIRI mode=YELLOW tier=A channel=core score=100 src=watchlist liq=463548 vol5m=13370 chg5m=-3.60% edge=0.83% raw=0.77% regime_mult=1.08 edge_usd=$0.004 size=$0.45 mult=1.35(score=1.15 liq=1.15 vol=1.05 volat=1.05) reinvest=1.05(growth_steps=0 drawdown=3.00% loss_streak=0 edge=5.52%) size_mode=0.80 hold_mode=1.06 exec_lane=runner exec_mult(size=1.10 hold=1.32 edge=0.94) edge_gate_mult(usd=1.00,pct=1.00) quality(edge=0.98,size=1.04 detail=src_mult=1.00 ev=0.00002 edge(src_relax=0.000 src_tight=0.000 ev_adj=-0.000) size(src_relax=0.000 src_cut=0.000 ev_adj=0.001)) costs=8.83% gas=$0.028 ev_net=$0.00116 ev_samples=86 conf=1.00 pwin=0.62 avg_win=$0.0094 avg_loss=$0.0096 kelly=1.08(k=0.226) token_ev=sparse trades=2<18 cluster=s3|l2|v3|m2|r1 cluster_route=sparse samples=1<10 breakdown={'liquidity_score': 30, 'volume_score': 30, 'risk_score': 15, 'age_score': 15, 'safety_score': 15}
2026-02-27 04:09:22,507 [INFO] [u_station_ab_night_autotune_v2] trading.auto_trader: AUTO_BUY Paper BUY token=SAIRI address=0xde61878b0b21ce395266c44d4d548d1c72a3eb07 mode=YELLOW tier=A channel=core lane=runner entry=$0.00000926 size=$0.45 score=100 edge=0.83% edge_usd=$0.004 mult=1.35(score=1.15 liq=1.15 vol=1.05 volat=1.05) hold=132s costs=2.70% gas=$0.03
2026-02-27 04:09:22,541 [INFO] [u_station_ab_night_autotune_v2] trading.auto_trader: AutoTrade batch mode=top_n candidates=2 eligible=1 selected=1 opened=1 pe=off burst_window=2
2026-02-27 04:09:22,999 [INFO] [u_station_ab_night_autotune_v2] __main__: Scanned 5 tokens | High quality: 3 | Alerts sent: 0 | Trade candidates: 2 | Quality out/core/explore/probe: 2/1/1/0 | Opened: 1 | Mode: local | Source: onchain+market | Policy: raw=OK/effective=OK(healthy | route=allow_all) | Regime: YELLOW(avg_cand=2.00) | Safety: checked=2 fail_closed=0 reasons=api_code_4029:2 | FiltersTop(session): source_qos_cap:5,safe_change_5m:3,safe_volume:2,safe_age:1 | Dedup: heavy_skip=0 override=0 | V2Budget: 2/280 | SourceQoS: enabled=1/in=5/out=3/dropped=2/active_cd=0/drops=source_qos_cap:2 | Ingest: q=0/oldest=0.0s/drop_old=0/dedup_skip=0/enq=0/drain=0 | Sources: dex_boosts:ok=1/fail=0/429=0/lim_wait=0/cd_wait=0/err=0.0%/avg=95ms; dexscreener:ok=12/fail=0/429=0/lim_wait=0/cd_wait=0/err=0.0%/avg=252ms; onchain_enrich:ok=12/fail=0/429=0/lim_wait=0/cd_wait=0/err=0.0%/avg=121ms | Tasks: 3 | RSS: 0.0MB | CycleAvg: 13.04s
2026-02-27 04:09:27,442 [INFO] [u_station_ab_night_autotune_v2] monitor.onchain_factory: ENRICH_RETRY token=0x7cbc32d9b9594295ef178bda059ce3aef3c3620f pair=0xfde88283c7a7d6cbd1a691e67d13450e04c41f49 attempt=1/2 delay=10s
2026-02-27 04:09:27,490 [INFO] [u_station_ab_night_autotune_v2] monitor.onchain_factory: ENRICH_RETRY token=0xa6bdcd5a255b176de324ae54eef624c5fa5099cb pair=0x84d6fe881644d0b41301b6a6555fe8254650d89c attempt=1/2 delay=10s
2026-02-27 04:09:37,556 [INFO] [u_station_ab_night_autotune_v2] __main__: WATCHLIST merged count=5
2026-02-27 04:09:37,557 [INFO] [u_station_ab_night_autotune_v2] trading.v2_runtime: V2_UNIVERSE in=6 dedup=6 out=6 target=6 novel_target=6 novel_out=1 repeat_dropped=0 symbol_dropped=0 surge_in=1 surge_target=1 surge_out=1
2026-02-27 04:09:37,557 [INFO] [u_station_ab_night_autotune_v2] __main__: V2_SOURCE_QOS_FILTER in=6 out=3 drops={'source_qos_cap': 3} caps={'watchlist': 2, 'unknown': 0}
2026-02-27 04:09:37,558 [INFO] [u_station_ab_night_autotune_v2] __main__: FILTER_FAIL token=SAIRI reason=source_qos_cap source=watchlist used=2/2
2026-02-27 04:09:37,559 [INFO] [u_station_ab_night_autotune_v2] __main__: FILTER_FAIL token=VIRTUAL reason=source_qos_cap source=watchlist used=2/2
2026-02-27 04:09:37,561 [INFO] [u_station_ab_night_autotune_v2] __main__: FILTER_FAIL token=AERO reason=source_qos_cap source=watchlist used=2/2
2026-02-27 04:09:37,562 [INFO] [u_station_ab_night_autotune_v2] __main__: FILTER_FAIL token=FLOW reason=safe_change_5m
2026-02-27 04:09:37,562 [INFO] [u_station_ab_night_autotune_v2] __main__: FILTER_PASS token=cbBTC tier=A score=100 mode=YELLOW risk=MEDIUM liq=23773105 vol5m=49792
2026-02-27 04:09:37,563 [INFO] [u_station_ab_night_autotune_v2] __main__: FILTER_FAIL token=CAI reason=score_min score=30 strict_min=48 soft_min=48 mode=YELLOW
2026-02-27 04:09:37,564 [INFO] [u_station_ab_night_autotune_v2] __main__: V2_QUALITY_GATE enabled=True regime=YELLOW in=1 out=1 core_out=1 explore_out=0 probe_out=0 quota=0 max_symbol_share=1.000 drop={} sources_used={'watchlist': 1}
2026-02-27 04:09:37,564 [INFO] [u_station_ab_night_autotune_v2] __main__: V2_ENTRY_ROUTE enabled=True regime=YELLOW in=1 out=1 core_out=1 explore_out=0 quota=0 allow_explore=True
2026-02-27 04:09:37,564 [INFO] [u_station_ab_night_autotune_v2] __main__: MARKET_REGIME mode=YELLOW reason=avg_cand=1.67 avg_cand_recent=1.67
2026-02-27 04:09:37,565 [INFO] [u_station_ab_night_autotune_v2] trading.auto_trader: AutoTrade batch prefilter removed=1 missing_addr=0 open_duplicate=1
2026-02-27 04:09:37,648 [INFO] [u_station_ab_night_autotune_v2] __main__: Scanned 6 tokens | High quality: 2 | Alerts sent: 0 | Trade candidates: 1 | Quality out/core/explore/probe: 1/1/0/0 | Opened: 0 | Mode: local | Source: onchain+market | Policy: raw=OK/effective=OK(healthy | route=allow_all) | Regime: YELLOW(avg_cand=1.67) | Safety: checked=1 fail_closed=0 reasons=api_code_4029:1 | FiltersTop(session): source_qos_cap:8,safe_change_5m:4,safe_volume:2,safe_age:1 | Dedup: heavy_skip=0 override=0 | V2Budget: 1/280 | SourceQoS: enabled=1/in=6/out=3/dropped=3/active_cd=0/drops=source_qos_cap:3 | Ingest: q=0/oldest=0.0s/drop_old=0/dedup_skip=0/enq=0/drain=0 | Sources: dex_boosts:ok=1/fail=0/429=0/lim_wait=0/cd_wait=0/err=0.0%/avg=107ms; dexscreener:ok=12/fail=0/429=0/lim_wait=0/cd_wait=0/err=0.0%/avg=70ms; onchain_enrich:ok=9/fail=0/429=0/lim_wait=0/cd_wait=0/err=0.0%/avg=53ms | Tasks: 3 | RSS: 0.0MB | CycleAvg: 12.38s
2026-02-27 04:09:41,907 [INFO] [u_station_ab_night_autotune_v2] monitor.onchain_factory: PAIR_DETECTED source=uniswap_v2 dex=uniswap_v2 pair=0x711791ec2b4c4a15541ed80372dd4522d23edd23 token0=0x4200000000000000000000000000000000000006 token1=0xbb4d54102cd8d9f45b9aa77274c44a2765dd1201 block=42686210 factory=0x8909dc15e40173ff4699343b6eb8132c65e18ec6
2026-02-27 04:09:42,037 [INFO] [u_station_ab_night_autotune_v2] monitor.onchain_factory: PAIR_DETECTED source=uniswap_v3 dex=uniswap_v3 pair=0x4cfd4dd3461d3093a4f78e8c631880b9359f8693 token0=0x4200000000000000000000000000000000000006 token1=0x7c672a9365cc6e76796d2fc8bf2a9d6f9b2a14f3 block=42686212 factory=0x33128a8fc17869897dce68ed026d694621f6fdfd
2026-02-27 04:09:42,112 [INFO] [u_station_ab_night_autotune_v2] monitor.onchain_factory: ENRICH_RETRY token=0x7cbc32d9b9594295ef178bda059ce3aef3c3620f pair=0xfde88283c7a7d6cbd1a691e67d13450e04c41f49 attempt=1/2 delay=10s
2026-02-27 04:09:42,158 [INFO] [u_station_ab_night_autotune_v2] monitor.onchain_factory: ENRICH_RETRY token=0xa6bdcd5a255b176de324ae54eef624c5fa5099cb pair=0x84d6fe881644d0b41301b6a6555fe8254650d89c attempt=1/2 delay=10s
2026-02-27 04:09:42,220 [INFO] [u_station_ab_night_autotune_v2] monitor.onchain_factory: ENRICH_RETRY token=0xbb4d54102cd8d9f45b9aa77274c44a2765dd1201 pair=0x711791ec2b4c4a15541ed80372dd4522d23edd23 attempt=1/2 delay=10s
2026-02-27 04:09:42,335 [INFO] [u_station_ab_night_autotune_v2] monitor.onchain_factory: ENRICH_RETRY token=0x7c672a9365cc6e76796d2fc8bf2a9d6f9b2a14f3 pair=0x4cfd4dd3461d3093a4f78e8c631880b9359f8693 attempt=1/2 delay=10s
2026-02-27 04:09:52,470 [INFO] [u_station_ab_night_autotune_v2] __main__: WATCHLIST merged count=5
2026-02-27 04:09:52,471 [INFO] [u_station_ab_night_autotune_v2] trading.v2_runtime: V2_UNIVERSE in=7 dedup=7 out=7 target=7 novel_target=6 novel_out=2 repeat_dropped=0 symbol_dropped=0 surge_in=1 surge_target=1 surge_out=1
2026-02-27 04:09:52,472 [INFO] [u_station_ab_night_autotune_v2] __main__: V2_SOURCE_QOS_FILTER in=7 out=4 drops={'source_qos_cap': 3} caps={'watchlist': 2, 'unknown': 0}
2026-02-27 04:09:52,473 [INFO] [u_station_ab_night_autotune_v2] __main__: FILTER_FAIL token=SAIRI reason=source_qos_cap source=watchlist used=2/2
2026-02-27 04:09:52,474 [INFO] [u_station_ab_night_autotune_v2] __main__: FILTER_FAIL token=VIRTUAL reason=source_qos_cap source=watchlist used=2/2
2026-02-27 04:09:52,475 [INFO] [u_station_ab_night_autotune_v2] __main__: FILTER_FAIL token=AERO reason=source_qos_cap source=watchlist used=2/2
2026-02-27 04:09:52,476 [INFO] [u_station_ab_night_autotune_v2] __main__: FILTER_FAIL token=FLOW reason=safe_change_5m
2026-02-27 04:09:52,477 [INFO] [u_station_ab_night_autotune_v2] __main__: FILTER_PASS token=cbBTC tier=A score=100 mode=YELLOW risk=MEDIUM liq=23773105 vol5m=49792
2026-02-27 04:09:52,479 [INFO] [u_station_ab_night_autotune_v2] __main__: FILTER_FAIL token=PGX reason=score_min score=30 strict_min=48 soft_min=48 mode=YELLOW
2026-02-27 04:09:52,480 [INFO] [u_station_ab_night_autotune_v2] __main__: FILTER_FAIL token=BFIC reason=score_min score=30 strict_min=48 soft_min=48 mode=YELLOW
2026-02-27 04:09:52,480 [INFO] [u_station_ab_night_autotune_v2] __main__: V2_QUALITY_GATE enabled=True regime=YELLOW in=1 out=1 core_out=1 explore_out=0 probe_out=0 quota=0 max_symbol_share=1.000 drop={} sources_used={'watchlist': 1}
2026-02-27 04:09:52,481 [INFO] [u_station_ab_night_autotune_v2] __main__: V2_ENTRY_ROUTE enabled=True regime=YELLOW in=1 out=1 core_out=1 explore_out=0 quota=0 allow_explore=True
2026-02-27 04:09:52,481 [INFO] [u_station_ab_night_autotune_v2] __main__: MARKET_REGIME mode=YELLOW reason=avg_cand=1.50 avg_cand_recent=1.50
2026-02-27 04:09:52,481 [INFO] [u_station_ab_night_autotune_v2] trading.auto_trader: AutoTrade batch prefilter removed=1 missing_addr=0 open_duplicate=1
2026-02-27 04:09:52,607 [INFO] [u_station_ab_night_autotune_v2] __main__: Scanned 7 tokens | High quality: 2 | Alerts sent: 0 | Trade candidates: 1 | Quality out/core/explore/probe: 1/1/0/0 | Opened: 0 | Mode: local | Source: onchain+market | Policy: raw=OK/effective=OK(healthy | route=allow_all) | Regime: YELLOW(avg_cand=1.50) | Safety: checked=1 fail_closed=0 reasons=api_code_4029:1 | FiltersTop(session): source_qos_cap:11,safe_change_5m:5,score_min:3,safe_volume:2 | Dedup: heavy_skip=0 override=0 | V2Budget: 1/280 | SourceQoS: enabled=1/in=7/out=4/dropped=3/active_cd=0/drops=source_qos_cap:3 | Ingest: q=0/oldest=0.0s/drop_old=0/dedup_skip=0/enq=0/drain=0 | Sources: dex_boosts:ok=1/fail=0/429=0/lim_wait=0/cd_wait=0/err=0.0%/avg=61ms; dexscreener:ok=12/fail=0/429=0/lim_wait=0/cd_wait=0/err=0.0%/avg=103ms; onchain_enrich:ok=14/fail=0/429=0/lim_wait=0/cd_wait=0/err=0.0%/avg=94ms | Tasks: 3 | RSS: 0.0MB | CycleAvg: 11.80s
2026-02-27 04:09:56,887 [INFO] [u_station_ab_night_autotune_v2] monitor.onchain_factory: PAIR_DETECTED source=uniswap_v2 dex=uniswap_v2 pair=0x56c2099dac191da5e1f0ef0b5ef0bd9a18dd1a38 token0=0x4200000000000000000000000000000000000006 token1=0x95a2b378cfcb7a66b1edd872ea5d70ea9801d261 block=42686219 factory=0x8909dc15e40173ff4699343b6eb8132c65e18ec6
2026-02-27 04:09:57,072 [INFO] [u_station_ab_night_autotune_v2] monitor.onchain_factory: ENRICH_RETRY token=0x7c672a9365cc6e76796d2fc8bf2a9d6f9b2a14f3 pair=0x4cfd4dd3461d3093a4f78e8c631880b9359f8693 attempt=1/2 delay=10s
2026-02-27 04:09:57,073 [INFO] [u_station_ab_night_autotune_v2] monitor.onchain_factory: ENRICH_RETRY token=0xbb4d54102cd8d9f45b9aa77274c44a2765dd1201 pair=0x711791ec2b4c4a15541ed80372dd4522d23edd23 attempt=1/2 delay=10s
2026-02-27 04:09:57,318 [INFO] [u_station_ab_night_autotune_v2] monitor.onchain_factory: ENRICH_RETRY token=0x95a2b378cfcb7a66b1edd872ea5d70ea9801d261 pair=0x56c2099dac191da5e1f0ef0b5ef0bd9a18dd1a38 attempt=1/2 delay=10s
2026-02-27 04:10:07,393 [INFO] [u_station_ab_night_autotune_v2] __main__: WATCHLIST merged count=5
2026-02-27 04:10:07,393 [INFO] [u_station_ab_night_autotune_v2] trading.v2_runtime: V2_UNIVERSE in=5 dedup=5 out=5 target=5 novel_target=5 novel_out=0 repeat_dropped=0 symbol_dropped=0 surge_in=1 surge_target=1 surge_out=1
2026-02-27 04:10:07,394 [INFO] [u_station_ab_night_autotune_v2] __main__: V2_SOURCE_QOS_FILTER in=5 out=3 drops={'source_qos_cap': 2} caps={'watchlist': 3}
2026-02-27 04:10:07,395 [INFO] [u_station_ab_night_autotune_v2] __main__: FILTER_FAIL token=VIRTUAL reason=source_qos_cap source=watchlist used=3/3
2026-02-27 04:10:07,396 [INFO] [u_station_ab_night_autotune_v2] __main__: FILTER_FAIL token=AERO reason=source_qos_cap source=watchlist used=3/3
2026-02-27 04:10:07,397 [INFO] [u_station_ab_night_autotune_v2] __main__: FILTER_FAIL token=FLOW reason=safe_change_5m
2026-02-27 04:10:07,397 [INFO] [u_station_ab_night_autotune_v2] __main__: FILTER_PASS token=cbBTC tier=A score=100 mode=YELLOW risk=MEDIUM liq=23773105 vol5m=49792
2026-02-27 04:10:07,398 [INFO] [u_station_ab_night_autotune_v2] __main__: FILTER_PASS token=SAIRI tier=A score=100 mode=YELLOW risk=MEDIUM liq=463548 vol5m=13370
2026-02-27 04:10:07,399 [INFO] [u_station_ab_night_autotune_v2] __main__: V2_QUALITY_GATE enabled=True regime=YELLOW in=2 out=2 core_out=1 explore_out=1 probe_out=0 quota=1 max_symbol_share=0.500 drop={} sources_used={'watchlist': 2}
2026-02-27 04:10:07,400 [INFO] [u_station_ab_night_autotune_v2] __main__: V2_ENTRY_ROUTE enabled=True regime=YELLOW in=2 out=2 core_out=1 explore_out=1 quota=1 allow_explore=True
2026-02-27 04:10:07,401 [INFO] [u_station_ab_night_autotune_v2] __main__: MARKET_REGIME mode=YELLOW reason=avg_cand=1.60 avg_cand_recent=1.60
2026-02-27 04:10:07,402 [INFO] [u_station_ab_night_autotune_v2] trading.auto_trader: AutoTrade batch prefilter removed=2 missing_addr=0 open_duplicate=2
2026-02-27 04:10:07,402 [INFO] [u_station_ab_night_autotune_v2] trading.auto_trader: PAPER_SUMMARY window=60s closed_delta=0 wins_delta=0 losses_delta=0 realized_delta=$0.00 total_closed=62 winrate_total=46.8% realized_total=$0.20 balance=$6.30 equity=$7.20 open=2
2026-02-27 04:10:07,788 [INFO] [u_station_ab_night_autotune_v2] trading.auto_trader: AUTO_SELL Paper PARTIAL token=SAIRI reason=TP1_PARTIAL stage=1 trigger=1.08% sold=48% realized=$0.0250 remaining_size=$0.23 sl=0.08
2026-02-27 04:10:07,831 [INFO] [u_station_ab_night_autotune_v2] trading.auto_trader: AUTO_SELL Paper PARTIAL token=SAIRI reason=TP2_PARTIAL stage=2 trigger=2.16% sold=38% realized=$0.0104 remaining_size=$0.14 sl=0.08
2026-02-27 04:10:07,868 [INFO] [u_station_ab_night_autotune_v2] __main__: Scanned 5 tokens | High quality: 3 | Alerts sent: 0 | Trade candidates: 2 | Quality out/core/explore/probe: 2/1/1/0 | Opened: 0 | Mode: local | Source: onchain+market | Policy: raw=OK/effective=OK(healthy | route=allow_all) | Regime: YELLOW(avg_cand=1.60) | Safety: checked=2 fail_closed=0 reasons=api_code_4029:2 | FiltersTop(session): source_qos_cap:13,safe_change_5m:6,score_min:3,safe_volume:2 | Dedup: heavy_skip=0 override=0 | V2Budget: 2/280 | SourceQoS: enabled=1/in=5/out=3/dropped=2/active_cd=0/drops=source_qos_cap:2 | Ingest: q=0/oldest=0.0s/drop_old=0/dedup_skip=0/enq=0/drain=0 | Sources: dex_boosts:ok=1/fail=0/429=0/lim_wait=0/cd_wait=0/err=0.0%/avg=38ms; dexscreener:ok=12/fail=0/429=0/lim_wait=0/cd_wait=0/err=0.0%/avg=88ms; onchain_enrich:ok=12/fail=0/429=0/lim_wait=0/cd_wait=0/err=0.0%/avg=52ms; onchain_weth_price:ok=2/fail=0/429=0/lim_wait=0/cd_wait=0/err=0.0%/avg=48ms | Tasks: 3 | RSS: 0.0MB | CycleAvg: 11.59s
2026-02-27 04:10:12,136 [INFO] [u_station_ab_night_autotune_v2] monitor.onchain_factory: PAIR_DETECTED source=uniswap_v2 dex=uniswap_v2 pair=0x830a0af2d8a533ad8d3ba584b7b2593efbf28e11 token0=0x4200000000000000000000000000000000000006 token1=0x5cfc0cedb286336b7605591dfc371d2aa38deb8a block=42686229 factory=0x8909dc15e40173ff4699343b6eb8132c65e18ec6
2026-02-27 04:10:12,337 [INFO] [u_station_ab_night_autotune_v2] monitor.onchain_factory: ENRICH_RETRY token=0xbb4d54102cd8d9f45b9aa77274c44a2765dd1201 pair=0x711791ec2b4c4a15541ed80372dd4522d23edd23 attempt=1/2 delay=10s
2026-02-27 04:10:12,368 [INFO] [u_station_ab_night_autotune_v2] monitor.onchain_factory: ENRICH_RETRY token=0x95a2b378cfcb7a66b1edd872ea5d70ea9801d261 pair=0x56c2099dac191da5e1f0ef0b5ef0bd9a18dd1a38 attempt=1/2 delay=10s
2026-02-27 04:10:12,371 [INFO] [u_station_ab_night_autotune_v2] monitor.onchain_factory: ENRICH_RETRY token=0x7c672a9365cc6e76796d2fc8bf2a9d6f9b2a14f3 pair=0x4cfd4dd3461d3093a4f78e8c631880b9359f8693 attempt=1/2 delay=10s
2026-02-27 04:10:12,563 [INFO] [u_station_ab_night_autotune_v2] monitor.onchain_factory: ENRICH_RETRY token=0x5cfc0cedb286336b7605591dfc371d2aa38deb8a pair=0x830a0af2d8a533ad8d3ba584b7b2593efbf28e11 attempt=1/2 delay=10s
2026-02-27 04:10:22,719 [INFO] [u_station_ab_night_autotune_v2] __main__: WATCHLIST merged count=5
2026-02-27 04:10:22,720 [INFO] [u_station_ab_night_autotune_v2] trading.v2_runtime: V2_UNIVERSE in=8 dedup=8 out=8 target=8 novel_target=7 novel_out=3 repeat_dropped=0 symbol_dropped=0 surge_in=3 surge_target=2 surge_out=3
2026-02-27 04:10:22,721 [INFO] [u_station_ab_night_autotune_v2] __main__: V2_SOURCE_QOS_FILTER in=8 out=5 drops={'source_qos_cap': 3} caps={'watchlist': 2, 'geckoterminal': 287, 'unknown': 0}
2026-02-27 04:10:22,722 [INFO] [u_station_ab_night_autotune_v2] __main__: FILTER_FAIL token=SAIRI reason=source_qos_cap source=watchlist used=2/2
2026-02-27 04:10:22,723 [INFO] [u_station_ab_night_autotune_v2] __main__: FILTER_FAIL token=VIRTUAL reason=source_qos_cap source=watchlist used=2/2
2026-02-27 04:10:22,723 [INFO] [u_station_ab_night_autotune_v2] __main__: FILTER_FAIL token=AERO reason=source_qos_cap source=watchlist used=2/2
2026-02-27 04:10:22,724 [INFO] [u_station_ab_night_autotune_v2] __main__: FILTER_FAIL token=ZachXBT reason=safe_age
2026-02-27 04:10:22,725 [INFO] [u_station_ab_night_autotune_v2] __main__: FILTER_FAIL token=FLOW reason=safe_change_5m
2026-02-27 04:10:22,726 [INFO] [u_station_ab_night_autotune_v2] __main__: FILTER_FAIL token=ELDO reason=safe_age
2026-02-27 04:10:22,726 [INFO] [u_station_ab_night_autotune_v2] __main__: FILTER_PASS token=cbBTC tier=A score=100 mode=YELLOW risk=MEDIUM liq=23773105 vol5m=49792
2026-02-27 04:10:22,727 [INFO] [u_station_ab_night_autotune_v2] __main__: FILTER_FAIL token=ZENKO reason=score_min score=30 strict_min=48 soft_min=48 mode=YELLOW
2026-02-27 04:10:22,727 [INFO] [u_station_ab_night_autotune_v2] __main__: V2_QUALITY_GATE enabled=True regime=YELLOW in=1 out=1 core_out=1 explore_out=0 probe_out=0 quota=0 max_symbol_share=1.000 drop={} sources_used={'watchlist': 1}
2026-02-27 04:10:22,728 [INFO] [u_station_ab_night_autotune_v2] __main__: V2_ENTRY_ROUTE enabled=True regime=YELLOW in=1 out=1 core_out=1 explore_out=0 quota=0 allow_explore=True
2026-02-27 04:10:22,728 [INFO] [u_station_ab_night_autotune_v2] __main__: MARKET_REGIME mode=YELLOW reason=avg_cand=1.50 avg_cand_recent=1.50
2026-02-27 04:10:22,728 [INFO] [u_station_ab_night_autotune_v2] trading.auto_trader: AutoTrade batch prefilter removed=1 missing_addr=0 open_duplicate=1
2026-02-27 04:10:22,886 [INFO] [u_station_ab_night_autotune_v2] __main__: Scanned 8 tokens | High quality: 3 | Alerts sent: 0 | Trade candidates: 1 | Quality out/core/explore/probe: 1/1/0/0 | Opened: 0 | Mode: local | Source: onchain+market | Policy: raw=OK/effective=OK(healthy | route=allow_all) | Regime: YELLOW(avg_cand=1.50) | Safety: checked=1 fail_closed=0 reasons=api_code_4029:1 | FiltersTop(session): source_qos_cap:16,safe_change_5m:7,score_min:4,safe_age:3 | Dedup: heavy_skip=0 override=0 | V2Budget: 1/280 | SourceQoS: enabled=1/in=8/out=5/dropped=3/active_cd=0/drops=source_qos_cap:3 | Ingest: q=0/oldest=0.0s/drop_old=0/dedup_skip=0/enq=1/drain=1 | Sources: dex_boosts:ok=1/fail=0/429=0/lim_wait=0/cd_wait=0/err=0.0%/avg=33ms; dexscreener:ok=12/fail=0/429=0/lim_wait=0/cd_wait=0/err=0.0%/avg=95ms; geckoterminal:ok=1/fail=0/429=0/lim_wait=0/cd_wait=0/err=0.0%/avg=218ms; onchain_enrich:ok=14/fail=0/429=0/lim_wait=0/cd_wait=0/err=0.0%/avg=88ms | Tasks: 3 | RSS: 0.0MB | CycleAvg: 11.53s
2026-02-27 04:10:27,168 [INFO] [u_station_ab_night_autotune_v2] monitor.onchain_factory: PAIR_DETECTED source=uniswap_v2 dex=uniswap_v2 pair=0x08295385846fa2c64621061a3a396d5d9494be4b token0=0x4200000000000000000000000000000000000006 token1=0xcb97813b8a855fac01f0c380050048cf795d79d8 block=42686236 factory=0x8909dc15e40173ff4699343b6eb8132c65e18ec6
2026-02-27 04:10:27,367 [INFO] [u_station_ab_night_autotune_v2] monitor.onchain_factory: ENRICH_RETRY token=0x5cfc0cedb286336b7605591dfc371d2aa38deb8a pair=0x830a0af2d8a533ad8d3ba584b7b2593efbf28e11 attempt=1/2 delay=10s
2026-02-27 04:10:27,369 [INFO] [u_station_ab_night_autotune_v2] monitor.onchain_factory: ENRICH_RETRY token=0x95a2b378cfcb7a66b1edd872ea5d70ea9801d261 pair=0x56c2099dac191da5e1f0ef0b5ef0bd9a18dd1a38 attempt=1/2 delay=10s
2026-02-27 04:10:27,797 [INFO] [u_station_ab_night_autotune_v2] monitor.onchain_factory: ENRICH_RETRY token=0xcb97813b8a855fac01f0c380050048cf795d79d8 pair=0x08295385846fa2c64621061a3a396d5d9494be4b attempt=1/2 delay=10s
2026-02-27 04:10:37,842 [INFO] [u_station_ab_night_autotune_v2] __main__: WATCHLIST merged count=5
2026-02-27 04:10:37,843 [INFO] [u_station_ab_night_autotune_v2] trading.v2_runtime: V2_UNIVERSE in=6 dedup=6 out=6 target=6 novel_target=6 novel_out=1 repeat_dropped=0 symbol_dropped=0 surge_in=1 surge_target=1 surge_out=1
2026-02-27 04:10:37,844 [INFO] [u_station_ab_night_autotune_v2] __main__: V2_SOURCE_QOS_FILTER in=6 out=3 drops={'source_qos_cap': 3} caps={'watchlist': 2, 'unknown': 0}
2026-02-27 04:10:37,844 [INFO] [u_station_ab_night_autotune_v2] __main__: FILTER_FAIL token=SAIRI reason=source_qos_cap source=watchlist used=2/2
2026-02-27 04:10:37,846 [INFO] [u_station_ab_night_autotune_v2] __main__: FILTER_FAIL token=VIRTUAL reason=source_qos_cap source=watchlist used=2/2
2026-02-27 04:10:37,847 [INFO] [u_station_ab_night_autotune_v2] __main__: FILTER_FAIL token=AERO reason=source_qos_cap source=watchlist used=2/2
2026-02-27 04:10:37,847 [INFO] [u_station_ab_night_autotune_v2] __main__: FILTER_FAIL token=FLOW reason=safe_change_5m
2026-02-27 04:10:37,849 [INFO] [u_station_ab_night_autotune_v2] __main__: FILTER_PASS token=cbBTC tier=A score=100 mode=YELLOW risk=MEDIUM liq=23773105 vol5m=49792
2026-02-27 04:10:37,850 [INFO] [u_station_ab_night_autotune_v2] __main__: FILTER_FAIL token=DGH reason=score_min score=30 strict_min=48 soft_min=48 mode=YELLOW
2026-02-27 04:10:37,851 [INFO] [u_station_ab_night_autotune_v2] __main__: V2_QUALITY_GATE enabled=True regime=YELLOW in=1 out=1 core_out=1 explore_out=0 probe_out=0 quota=0 max_symbol_share=1.000 drop={} sources_used={'watchlist': 1}
2026-02-27 04:10:37,852 [INFO] [u_station_ab_night_autotune_v2] __main__: V2_ENTRY_ROUTE enabled=True regime=YELLOW in=1 out=1 core_out=1 explore_out=0 quota=0 allow_explore=True
2026-02-27 04:10:37,852 [INFO] [u_station_ab_night_autotune_v2] __main__: MARKET_REGIME mode=YELLOW reason=avg_cand=1.43 avg_cand_recent=1.43
2026-02-27 04:10:37,853 [INFO] [u_station_ab_night_autotune_v2] trading.auto_trader: AutoTrade batch prefilter removed=1 missing_addr=0 open_duplicate=1
2026-02-27 04:10:38,046 [INFO] [u_station_ab_night_autotune_v2] __main__: Scanned 6 tokens | High quality: 2 | Alerts sent: 0 | Trade candidates: 1 | Quality out/core/explore/probe: 1/1/0/0 | Opened: 0 | Mode: local | Source: onchain+market | Policy: raw=OK/effective=OK(healthy | route=allow_all) | Regime: YELLOW(avg_cand=1.43) | Safety: checked=1 fail_closed=0 reasons=api_code_4029:1 | FiltersTop(session): source_qos_cap:19,safe_change_5m:8,score_min:5,safe_age:3 | Dedup: heavy_skip=0 override=0 | V2Budget: 1/280 | SourceQoS: enabled=1/in=6/out=3/dropped=3/active_cd=0/drops=source_qos_cap:3 | Ingest: q=0/oldest=0.0s/drop_old=0/dedup_skip=0/enq=0/drain=0 | Sources: dex_boosts:ok=1/fail=0/429=0/lim_wait=0/cd_wait=0/err=0.0%/avg=91ms; dexscreener:ok=12/fail=0/429=0/lim_wait=0/cd_wait=0/err=0.0%/avg=128ms; onchain_enrich:ok=11/fail=0/429=0/lim_wait=0/cd_wait=0/err=0.0%/avg=101ms | Tasks: 3 | RSS: 0.0MB | CycleAvg: 11.44s
2026-02-27 04:10:42,315 [INFO] [u_station_ab_night_autotune_v2] monitor.onchain_factory: PAIR_DETECTED source=uniswap_v2 dex=uniswap_v2 pair=0x09f9ed57eb557cfa88f08777c4e293f8a4953ba9 token0=0x4200000000000000000000000000000000000006 token1=0x8da12d141490b8b8fc5a730e3e62f05f64ca3f13 block=42686245 factory=0x8909dc15e40173ff4699343b6eb8132c65e18ec6
2026-02-27 04:10:42,514 [INFO] [u_station_ab_night_autotune_v2] monitor.onchain_factory: ENRICH_RETRY token=0x5cfc0cedb286336b7605591dfc371d2aa38deb8a pair=0x830a0af2d8a533ad8d3ba584b7b2593efbf28e11 attempt=1/2 delay=10s
2026-02-27 04:10:42,587 [INFO] [u_station_ab_night_autotune_v2] monitor.onchain_factory: ENRICH_RETRY token=0xcb97813b8a855fac01f0c380050048cf795d79d8 pair=0x08295385846fa2c64621061a3a396d5d9494be4b attempt=1/2 delay=10s
2026-02-27 04:10:42,939 [INFO] [u_station_ab_night_autotune_v2] monitor.onchain_factory: ENRICH_RETRY token=0x8da12d141490b8b8fc5a730e3e62f05f64ca3f13 pair=0x09f9ed57eb557cfa88f08777c4e293f8a4953ba9 attempt=1/2 delay=10s
2026-02-27 04:10:53,028 [INFO] [u_station_ab_night_autotune_v2] __main__: WATCHLIST merged count=5
2026-02-27 04:10:53,028 [INFO] [u_station_ab_night_autotune_v2] trading.v2_runtime: V2_UNIVERSE in=6 dedup=6 out=6 target=6 novel_target=6 novel_out=1 repeat_dropped=0 symbol_dropped=0 surge_in=1 surge_target=1 surge_out=1
2026-02-27 04:10:53,028 [INFO] [u_station_ab_night_autotune_v2] __main__: V2_SOURCE_QOS_FILTER in=6 out=3 drops={'source_qos_cap': 3} caps={'watchlist': 2, 'unknown': 0}
2026-02-27 04:10:53,028 [INFO] [u_station_ab_night_autotune_v2] __main__: FILTER_FAIL token=SAIRI reason=source_qos_cap source=watchlist used=2/2
2026-02-27 04:10:53,028 [INFO] [u_station_ab_night_autotune_v2] __main__: FILTER_FAIL token=VIRTUAL reason=source_qos_cap source=watchlist used=2/2
2026-02-27 04:10:53,035 [INFO] [u_station_ab_night_autotune_v2] __main__: FILTER_FAIL token=AERO reason=source_qos_cap source=watchlist used=2/2
2026-02-27 04:10:53,036 [INFO] [u_station_ab_night_autotune_v2] __main__: FILTER_FAIL token=FLOW reason=safe_change_5m
2026-02-27 04:10:53,036 [INFO] [u_station_ab_night_autotune_v2] __main__: FILTER_PASS token=cbBTC tier=A score=100 mode=YELLOW risk=MEDIUM liq=23773105 vol5m=49792
2026-02-27 04:10:53,039 [INFO] [u_station_ab_night_autotune_v2] __main__: FILTER_FAIL token=SWARM reason=score_min score=30 strict_min=48 soft_min=48 mode=YELLOW
2026-02-27 04:10:53,039 [INFO] [u_station_ab_night_autotune_v2] __main__: V2_QUALITY_GATE enabled=True regime=YELLOW in=1 out=1 core_out=1 explore_out=0 probe_out=0 quota=0 max_symbol_share=1.000 drop={} sources_used={'watchlist': 1}
2026-02-27 04:10:53,039 [INFO] [u_station_ab_night_autotune_v2] __main__: V2_ENTRY_ROUTE enabled=True regime=YELLOW in=1 out=1 core_out=1 explore_out=0 quota=0 allow_explore=True
2026-02-27 04:10:53,039 [INFO] [u_station_ab_night_autotune_v2] __main__: MARKET_REGIME mode=YELLOW reason=avg_cand=1.38 avg_cand_recent=1.38
2026-02-27 04:10:53,044 [INFO] [u_station_ab_night_autotune_v2] trading.auto_trader: AutoTrade batch prefilter removed=1 missing_addr=0 open_duplicate=1
2026-02-27 04:10:53,161 [INFO] [u_station_ab_night_autotune_v2] trading.auto_trader: TOKEN_COOLDOWN token=0xde61878b0b21ce395266c44d4d548d1c72a3eb07 reason=TP pnl=$0.0574 cooldown=530s strikes=2->1 dynamic=True
2026-02-27 04:10:53,161 [INFO] [u_station_ab_night_autotune_v2] trading.auto_trader: AUTO_SELL Paper SELL token=SAIRI reason=TP exit=$0.00001067 pnl=12.76% ($0.06) remaining=$0.02 partial=$0.04 raw=15.25% cost=2.70% gas=$0.01 balance=$6.81
2026-02-27 04:10:53,213 [INFO] [u_station_ab_night_autotune_v2] __main__: Scanned 6 tokens | High quality: 2 | Alerts sent: 0 | Trade candidates: 1 | Quality out/core/explore/probe: 1/1/0/0 | Opened: 0 | Mode: local | Source: onchain+market | Policy: raw=OK/effective=OK(healthy | route=allow_all) | Regime: YELLOW(avg_cand=1.38) | Safety: checked=1 fail_closed=0 reasons=api_code_4029:1 | FiltersTop(session): source_qos_cap:22,safe_change_5m:9,score_min:6,safe_age:3 | Dedup: heavy_skip=0 override=0 | V2Budget: 1/280 | SourceQoS: enabled=1/in=6/out=3/dropped=3/active_cd=0/drops=source_qos_cap:3 | Ingest: q=0/oldest=0.0s/drop_old=0/dedup_skip=0/enq=0/drain=0 | Sources: dex_boosts:ok=1/fail=0/429=0/lim_wait=0/cd_wait=0/err=0.0%/avg=43ms; dexscreener:ok=12/fail=0/429=0/lim_wait=0/cd_wait=0/err=0.0%/avg=114ms; onchain_enrich:ok=11/fail=0/429=0/lim_wait=0/cd_wait=0/err=0.0%/avg=107ms | Tasks: 3 | RSS: 0.0MB | CycleAvg: 11.40s
2026-02-27 04:10:57,482 [INFO] [u_station_ab_night_autotune_v2] monitor.onchain_factory: PAIR_DETECTED source=uniswap_v2 dex=uniswap_v2 pair=0x5a8610cfa83929896161599f63b4cb58a3c4be2c token0=0x4200000000000000000000000000000000000006 token1=0x74db73fe705663b6a02cdddea232fbb4c33eae58 block=42686252 factory=0x8909dc15e40173ff4699343b6eb8132c65e18ec6
2026-02-27 04:10:57,704 [INFO] [u_station_ab_night_autotune_v2] monitor.onchain_factory: ENRICH_RETRY token=0x8da12d141490b8b8fc5a730e3e62f05f64ca3f13 pair=0x09f9ed57eb557cfa88f08777c4e293f8a4953ba9 attempt=1/2 delay=10s
2026-02-27 04:10:57,901 [INFO] [u_station_ab_night_autotune_v2] monitor.onchain_factory: ENRICH_RETRY token=0x74db73fe705663b6a02cdddea232fbb4c33eae58 pair=0x5a8610cfa83929896161599f63b4cb58a3c4be2c attempt=1/2 delay=10s
2026-02-27 04:11:07,958 [INFO] [u_station_ab_night_autotune_v2] __main__: WATCHLIST merged count=5
2026-02-27 04:11:07,958 [INFO] [u_station_ab_night_autotune_v2] trading.v2_runtime: V2_UNIVERSE in=6 dedup=6 out=6 target=6 novel_target=6 novel_out=1 repeat_dropped=0 symbol_dropped=0 surge_in=1 surge_target=1 surge_out=1
2026-02-27 04:11:07,959 [INFO] [u_station_ab_night_autotune_v2] __main__: V2_SOURCE_QOS_FILTER in=6 out=3 drops={'source_qos_cap': 3} caps={'watchlist': 2, 'unknown': 0}
2026-02-27 04:11:07,960 [INFO] [u_station_ab_night_autotune_v2] __main__: FILTER_FAIL token=SAIRI reason=source_qos_cap source=watchlist used=2/2
2026-02-27 04:11:07,960 [INFO] [u_station_ab_night_autotune_v2] __main__: FILTER_FAIL token=VIRTUAL reason=source_qos_cap source=watchlist used=2/2
2026-02-27 04:11:07,961 [INFO] [u_station_ab_night_autotune_v2] __main__: FILTER_FAIL token=AERO reason=source_qos_cap source=watchlist used=2/2
2026-02-27 04:11:07,961 [INFO] [u_station_ab_night_autotune_v2] __main__: FILTER_FAIL token=FLOW reason=safe_change_5m
2026-02-27 04:11:07,963 [INFO] [u_station_ab_night_autotune_v2] __main__: FILTER_PASS token=cbBTC tier=A score=100 mode=YELLOW risk=MEDIUM liq=23773105 vol5m=49792
2026-02-27 04:11:07,964 [INFO] [u_station_ab_night_autotune_v2] __main__: FILTER_FAIL token=ALPHA reason=score_min score=30 strict_min=48 soft_min=48 mode=YELLOW
2026-02-27 04:11:07,964 [INFO] [u_station_ab_night_autotune_v2] __main__: V2_QUALITY_GATE enabled=True regime=YELLOW in=1 out=1 core_out=1 explore_out=0 probe_out=0 quota=0 max_symbol_share=1.000 drop={} sources_used={'watchlist': 1}
2026-02-27 04:11:07,965 [INFO] [u_station_ab_night_autotune_v2] __main__: V2_ENTRY_ROUTE enabled=True regime=YELLOW in=1 out=1 core_out=1 explore_out=0 quota=0 allow_explore=True
2026-02-27 04:11:07,965 [INFO] [u_station_ab_night_autotune_v2] __main__: MARKET_REGIME mode=YELLOW reason=avg_cand=1.33 avg_cand_recent=1.33
2026-02-27 04:11:07,965 [INFO] [u_station_ab_night_autotune_v2] trading.auto_trader: AutoTrade batch prefilter removed=1 missing_addr=0 open_duplicate=1
2026-02-27 04:11:07,966 [INFO] [u_station_ab_night_autotune_v2] trading.auto_trader: PAPER_SUMMARY window=60s closed_delta=1 wins_delta=1 losses_delta=0 realized_delta=$0.06 total_closed=63 winrate_total=47.6% realized_total=$0.26 balance=$6.81 equity=$7.26 open=1
2026-02-27 04:11:08,492 [INFO] [u_station_ab_night_autotune_v2] __main__: Scanned 6 tokens | High quality: 2 | Alerts sent: 0 | Trade candidates: 1 | Quality out/core/explore/probe: 1/1/0/0 | Opened: 0 | Mode: local | Source: onchain+market | Policy: raw=OK/effective=OK(healthy | route=allow_all) | Regime: YELLOW(avg_cand=1.33) | Safety: checked=1 fail_closed=0 reasons=api_code_4029:1 | FiltersTop(session): source_qos_cap:25,safe_change_5m:10,score_min:7,safe_age:3 | Dedup: heavy_skip=0 override=0 | V2Budget: 1/280 | SourceQoS: enabled=1/in=6/out=3/dropped=3/active_cd=0/drops=source_qos_cap:3 | Ingest: q=0/oldest=0.0s/drop_old=0/dedup_skip=0/enq=0/drain=0 | Sources: dex_boosts:ok=1/fail=0/429=0/lim_wait=0/cd_wait=0/err=0.0%/avg=45ms; dexscreener:ok=12/fail=0/429=0/lim_wait=0/cd_wait=0/err=0.0%/avg=70ms; onchain_enrich:ok=9/fail=0/429=0/lim_wait=0/cd_wait=0/err=0.0%/avg=78ms; onchain_weth_price:ok=1/fail=0/429=0/lim_wait=0/cd_wait=0/err=0.0%/avg=45ms | Tasks: 3 | RSS: 0.0MB | CycleAvg: 11.37s
2026-02-27 04:11:12,763 [INFO] [u_station_ab_night_autotune_v2] monitor.onchain_factory: PAIR_DETECTED source=uniswap_v2 dex=uniswap_v2 pair=0x8d8c90b078f813836917ecaa5ad3218e625c29f5 token0=0x39092fa65db3d38e3eebb6fcc19fea0f691cab07 token1=0x4200000000000000000000000000000000000006 block=42686258 factory=0x8909dc15e40173ff4699343b6eb8132c65e18ec6
2026-02-27 04:11:12,764 [INFO] [u_station_ab_night_autotune_v2] monitor.onchain_factory: PAIR_DETECTED source=uniswap_v2 dex=uniswap_v2 pair=0x013ffa7d053122261262146f708ad568143858c2 token0=0x4200000000000000000000000000000000000006 token1=0x8a194acfe249981402bce3c48108ee1747f060a0 block=42686259 factory=0x8909dc15e40173ff4699343b6eb8132c65e18ec6
2026-02-27 04:11:13,007 [INFO] [u_station_ab_night_autotune_v2] monitor.onchain_factory: ENRICH_RETRY token=0x74db73fe705663b6a02cdddea232fbb4c33eae58 pair=0x5a8610cfa83929896161599f63b4cb58a3c4be2c attempt=1/2 delay=10s
2026-02-27 04:11:13,358 [INFO] [u_station_ab_night_autotune_v2] monitor.onchain_factory: ENRICH_RETRY token=0x39092fa65db3d38e3eebb6fcc19fea0f691cab07 pair=0x8d8c90b078f813836917ecaa5ad3218e625c29f5 attempt=1/2 delay=10s
2026-02-27 04:11:13,463 [INFO] [u_station_ab_night_autotune_v2] monitor.onchain_factory: ENRICH_RETRY token=0x8a194acfe249981402bce3c48108ee1747f060a0 pair=0x013ffa7d053122261262146f708ad568143858c2 attempt=1/2 delay=10s
2026-02-27 04:11:23,519 [INFO] [u_station_ab_night_autotune_v2] __main__: WATCHLIST merged count=5
2026-02-27 04:11:23,520 [INFO] [u_station_ab_night_autotune_v2] trading.v2_runtime: V2_UNIVERSE in=6 dedup=6 out=6 target=6 novel_target=6 novel_out=1 repeat_dropped=0 symbol_dropped=0 surge_in=1 surge_target=1 surge_out=1
2026-02-27 04:11:23,521 [INFO] [u_station_ab_night_autotune_v2] __main__: V2_SOURCE_QOS_FILTER in=6 out=3 drops={'source_qos_cap': 3} caps={'watchlist': 2, 'unknown': 0}
2026-02-27 04:11:23,523 [INFO] [u_station_ab_night_autotune_v2] __main__: FILTER_FAIL token=SAIRI reason=source_qos_cap source=watchlist used=2/2
2026-02-27 04:11:23,523 [INFO] [u_station_ab_night_autotune_v2] __main__: FILTER_FAIL token=VIRTUAL reason=source_qos_cap source=watchlist used=2/2
2026-02-27 04:11:23,524 [INFO] [u_station_ab_night_autotune_v2] __main__: FILTER_FAIL token=AERO reason=source_qos_cap source=watchlist used=2/2
2026-02-27 04:11:23,525 [INFO] [u_station_ab_night_autotune_v2] __main__: FILTER_FAIL token=FLOW reason=safe_change_5m
2026-02-27 04:11:23,526 [INFO] [u_station_ab_night_autotune_v2] __main__: FILTER_PASS token=cbBTC tier=A score=100 mode=YELLOW risk=MEDIUM liq=23773105 vol5m=49792
2026-02-27 04:11:23,527 [INFO] [u_station_ab_night_autotune_v2] __main__: FILTER_FAIL token=WOZX reason=score_min score=30 strict_min=48 soft_min=48 mode=YELLOW
2026-02-27 04:11:23,528 [INFO] [u_station_ab_night_autotune_v2] __main__: V2_QUALITY_GATE enabled=True regime=YELLOW in=1 out=1 core_out=1 explore_out=0 probe_out=0 quota=0 max_symbol_share=1.000 drop={} sources_used={'watchlist': 1}
2026-02-27 04:11:23,529 [INFO] [u_station_ab_night_autotune_v2] __main__: V2_ENTRY_ROUTE enabled=True regime=YELLOW in=1 out=1 core_out=1 explore_out=0 quota=0 allow_explore=True
2026-02-27 04:11:23,529 [INFO] [u_station_ab_night_autotune_v2] __main__: MARKET_REGIME mode=YELLOW reason=avg_cand=1.30 avg_cand_recent=1.30
2026-02-27 04:11:23,529 [INFO] [u_station_ab_night_autotune_v2] trading.auto_trader: AutoTrade batch prefilter removed=1 missing_addr=0 open_duplicate=1
2026-02-27 04:11:23,675 [INFO] [u_station_ab_night_autotune_v2] __main__: Scanned 6 tokens | High quality: 2 | Alerts sent: 0 | Trade candidates: 1 | Quality out/core/explore/probe: 1/1/0/0 | Opened: 0 | Mode: local | Source: onchain+market | Policy: raw=OK/effective=OK(healthy | route=allow_all) | Regime: YELLOW(avg_cand=1.30) | Safety: checked=1 fail_closed=0 reasons=api_code_4029:1 | FiltersTop(session): source_qos_cap:28,safe_change_5m:11,score_min:8,safe_age:3 | Dedup: heavy_skip=0 override=0 | V2Budget: 1/280 | SourceQoS: enabled=1/in=6/out=3/dropped=3/active_cd=0/drops=source_qos_cap:3 | Ingest: q=0/oldest=0.0s/drop_old=0/dedup_skip=0/enq=0/drain=0 | Sources: dex_boosts:ok=1/fail=0/429=0/lim_wait=0/cd_wait=0/err=0.0%/avg=122ms; dexscreener:ok=12/fail=0/429=0/lim_wait=0/cd_wait=0/err=0.0%/avg=275ms; onchain_enrich:ok=13/fail=0/429=0/lim_wait=0/cd_wait=0/err=0.0%/avg=121ms | Tasks: 3 | RSS: 0.0MB | CycleAvg: 11.36s
2026-02-27 04:11:28,138 [INFO] [u_station_ab_night_autotune_v2] monitor.onchain_factory: ENRICH_RETRY token=0x39092fa65db3d38e3eebb6fcc19fea0f691cab07 pair=0x8d8c90b078f813836917ecaa5ad3218e625c29f5 attempt=1/2 delay=10s
2026-02-27 04:11:28,142 [INFO] [u_station_ab_night_autotune_v2] monitor.onchain_factory: ENRICH_RETRY token=0x74db73fe705663b6a02cdddea232fbb4c33eae58 pair=0x5a8610cfa83929896161599f63b4cb58a3c4be2c attempt=1/2 delay=10s
2026-02-27 04:11:28,155 [INFO] [u_station_ab_night_autotune_v2] monitor.onchain_factory: ENRICH_RETRY token=0x8a194acfe249981402bce3c48108ee1747f060a0 pair=0x013ffa7d053122261262146f708ad568143858c2 attempt=1/2 delay=10s
2026-02-27 04:11:38,497 [INFO] [u_station_ab_night_autotune_v2] __main__: WATCHLIST merged count=5
2026-02-27 04:11:38,497 [INFO] [u_station_ab_night_autotune_v2] trading.v2_runtime: V2_UNIVERSE in=6 dedup=6 out=6 target=6 novel_target=6 novel_out=1 repeat_dropped=0 symbol_dropped=0 surge_in=1 surge_target=1 surge_out=1
2026-02-27 04:11:38,497 [INFO] [u_station_ab_night_autotune_v2] __main__: V2_SOURCE_QOS_FILTER in=6 out=3 drops={'source_qos_cap': 3} caps={'watchlist': 2, 'unknown': 0}
2026-02-27 04:11:38,502 [INFO] [u_station_ab_night_autotune_v2] __main__: FILTER_FAIL token=SAIRI reason=source_qos_cap source=watchlist used=2/2
2026-02-27 04:11:38,503 [INFO] [u_station_ab_night_autotune_v2] __main__: FILTER_FAIL token=VIRTUAL reason=source_qos_cap source=watchlist used=2/2
2026-02-27 04:11:38,503 [INFO] [u_station_ab_night_autotune_v2] __main__: FILTER_FAIL token=AERO reason=source_qos_cap source=watchlist used=2/2
2026-02-27 04:11:38,504 [INFO] [u_station_ab_night_autotune_v2] __main__: FILTER_FAIL token=FLOW reason=safe_change_5m
2026-02-27 04:11:38,504 [INFO] [u_station_ab_night_autotune_v2] __main__: FILTER_PASS token=cbBTC tier=A score=100 mode=YELLOW risk=MEDIUM liq=23773105 vol5m=49792
2026-02-27 04:11:38,506 [INFO] [u_station_ab_night_autotune_v2] __main__: FILTER_FAIL token=SHOPON reason=score_min score=30 strict_min=48 soft_min=48 mode=YELLOW
2026-02-27 04:11:38,506 [INFO] [u_station_ab_night_autotune_v2] __main__: V2_QUALITY_GATE enabled=True regime=YELLOW in=1 out=1 core_out=1 explore_out=0 probe_out=0 quota=0 max_symbol_share=1.000 drop={} sources_used={'watchlist': 1}
2026-02-27 04:11:38,507 [INFO] [u_station_ab_night_autotune_v2] __main__: V2_ENTRY_ROUTE enabled=True regime=YELLOW in=1 out=1 core_out=1 explore_out=0 quota=0 allow_explore=True
2026-02-27 04:11:38,507 [INFO] [u_station_ab_night_autotune_v2] __main__: MARKET_REGIME mode=YELLOW reason=avg_cand=1.27 avg_cand_recent=1.27
2026-02-27 04:11:38,508 [INFO] [u_station_ab_night_autotune_v2] trading.auto_trader: AutoTrade batch prefilter removed=1 missing_addr=0 open_duplicate=1
2026-02-27 04:11:38,595 [INFO] [u_station_ab_night_autotune_v2] __main__: Scanned 6 tokens | High quality: 2 | Alerts sent: 0 | Trade candidates: 1 | Quality out/core/explore/probe: 1/1/0/0 | Opened: 0 | Mode: local | Source: onchain+market | Policy: raw=OK/effective=OK(healthy | route=allow_all) | Regime: YELLOW(avg_cand=1.27) | Safety: checked=1 fail_closed=0 reasons=api_code_4029:1 | FiltersTop(session): source_qos_cap:31,safe_change_5m:12,score_min:9,safe_age:3 | Dedup: heavy_skip=0 override=0 | V2Budget: 1/280 | SourceQoS: enabled=1/in=6/out=3/dropped=3/active_cd=0/drops=source_qos_cap:3 | Ingest: q=0/oldest=0.0s/drop_old=0/dedup_skip=0/enq=0/drain=0 | Sources: dex_boosts:ok=1/fail=0/429=0/lim_wait=0/cd_wait=0/err=0.0%/avg=30ms; dexscreener:ok=12/fail=0/429=0/lim_wait=0/cd_wait=0/err=0.0%/avg=42ms; geckoterminal:ok=1/fail=0/429=0/lim_wait=0/cd_wait=0/err=0.0%/avg=256ms; onchain_enrich:ok=11/fail=0/429=0/lim_wait=0/cd_wait=0/err=0.0%/avg=68ms | Tasks: 3 | RSS: 0.0MB | CycleAvg: 11.34s
2026-02-27 04:11:42,867 [INFO] [u_station_ab_night_autotune_v2] monitor.onchain_factory: PAIR_DETECTED source=uniswap_v2 dex=uniswap_v2 pair=0xa4143541c1ba05e29fa240e04dae2e3e3ce1a171 token0=0x206f5c3f70cc524a8a400c9fb33443eef2f1ca6a token1=0x4200000000000000000000000000000000000006 block=42686269 factory=0x8909dc15e40173ff4699343b6eb8132c65e18ec6
2026-02-27 04:11:42,867 [INFO] [u_station_ab_night_autotune_v2] monitor.onchain_factory: PAIR_DETECTED source=uniswap_v2 dex=uniswap_v2 pair=0x108514ab2e6531609d3004376d345eae457d7e31 token0=0x248e06ca4060cba31eefa598676217f95e98aba3 token1=0x4200000000000000000000000000000000000006 block=42686272 factory=0x8909dc15e40173ff4699343b6eb8132c65e18ec6
2026-02-27 04:11:43,081 [INFO] [u_station_ab_night_autotune_v2] monitor.onchain_factory: ENRICH_RETRY token=0x39092fa65db3d38e3eebb6fcc19fea0f691cab07 pair=0x8d8c90b078f813836917ecaa5ad3218e625c29f5 attempt=1/2 delay=10s
2026-02-27 04:11:43,118 [INFO] [u_station_ab_night_autotune_v2] monitor.onchain_factory: ENRICH_RETRY token=0x8a194acfe249981402bce3c48108ee1747f060a0 pair=0x013ffa7d053122261262146f708ad568143858c2 attempt=1/2 delay=10s
2026-02-27 04:11:43,302 [INFO] [u_station_ab_night_autotune_v2] monitor.onchain_factory: ENRICH_RETRY token=0x248e06ca4060cba31eefa598676217f95e98aba3 pair=0x108514ab2e6531609d3004376d345eae457d7e31 attempt=1/2 delay=10s
2026-02-27 04:11:43,696 [INFO] [u_station_ab_night_autotune_v2] monitor.onchain_factory: ENRICH_RETRY token=0x206f5c3f70cc524a8a400c9fb33443eef2f1ca6a pair=0xa4143541c1ba05e29fa240e04dae2e3e3ce1a171 attempt=1/2 delay=10s
2026-02-27 04:11:53,751 [INFO] [u_station_ab_night_autotune_v2] __main__: WATCHLIST merged count=5
2026-02-27 04:11:53,751 [INFO] [u_station_ab_night_autotune_v2] trading.v2_runtime: V2_UNIVERSE in=7 dedup=7 out=7 target=7 novel_target=6 novel_out=2 repeat_dropped=0 symbol_dropped=0 surge_in=1 surge_target=1 surge_out=1
2026-02-27 04:11:53,752 [INFO] [u_station_ab_night_autotune_v2] __main__: V2_SOURCE_QOS_FILTER in=7 out=4 drops={'source_qos_cap': 3} caps={'watchlist': 2, 'unknown': 0}
2026-02-27 04:11:53,753 [INFO] [u_station_ab_night_autotune_v2] __main__: FILTER_FAIL token=SAIRI reason=source_qos_cap source=watchlist used=2/2
2026-02-27 04:11:53,754 [INFO] [u_station_ab_night_autotune_v2] __main__: FILTER_FAIL token=VIRTUAL reason=source_qos_cap source=watchlist used=2/2
2026-02-27 04:11:53,754 [INFO] [u_station_ab_night_autotune_v2] __main__: FILTER_FAIL token=AERO reason=source_qos_cap source=watchlist used=2/2
2026-02-27 04:11:53,755 [INFO] [u_station_ab_night_autotune_v2] __main__: FILTER_FAIL token=FLOW reason=safe_change_5m
2026-02-27 04:11:53,756 [INFO] [u_station_ab_night_autotune_v2] __main__: FILTER_PASS token=cbBTC tier=A score=100 mode=YELLOW risk=MEDIUM liq=23773105 vol5m=49792
2026-02-27 04:11:53,757 [INFO] [u_station_ab_night_autotune_v2] __main__: FILTER_FAIL token=GRG reason=score_min score=30 strict_min=48 soft_min=48 mode=YELLOW
2026-02-27 04:11:53,758 [INFO] [u_station_ab_night_autotune_v2] __main__: FILTER_FAIL token=HI reason=score_min score=40 strict_min=48 soft_min=48 mode=YELLOW
2026-02-27 04:11:53,759 [INFO] [u_station_ab_night_autotune_v2] __main__: V2_QUALITY_GATE enabled=True regime=YELLOW in=1 out=1 core_out=1 explore_out=0 probe_out=0 quota=0 max_symbol_share=1.000 drop={} sources_used={'watchlist': 1}
2026-02-27 04:11:53,759 [INFO] [u_station_ab_night_autotune_v2] __main__: V2_ENTRY_ROUTE enabled=True regime=YELLOW in=1 out=1 core_out=1 explore_out=0 quota=0 allow_explore=True
2026-02-27 04:11:53,759 [INFO] [u_station_ab_night_autotune_v2] __main__: MARKET_REGIME mode=YELLOW reason=avg_cand=1.25 avg_cand_recent=1.25
2026-02-27 04:11:53,759 [INFO] [u_station_ab_night_autotune_v2] trading.auto_trader: AutoTrade batch prefilter removed=1 missing_addr=0 open_duplicate=1
2026-02-27 04:11:53,932 [INFO] [u_station_ab_night_autotune_v2] __main__: Scanned 7 tokens | High quality: 2 | Alerts sent: 0 | Trade candidates: 1 | Quality out/core/explore/probe: 1/1/0/0 | Opened: 0 | Mode: local | Source: onchain+market | Policy: raw=OK/effective=OK(healthy | route=allow_all) | Regime: YELLOW(avg_cand=1.25) | Safety: checked=1 fail_closed=0 reasons=api_code_4029:1 | FiltersTop(session): source_qos_cap:34,safe_change_5m:13,score_min:11,safe_age:3 | Dedup: heavy_skip=0 override=0 | V2Budget: 1/280 | SourceQoS: enabled=1/in=7/out=4/dropped=3/active_cd=0/drops=source_qos_cap:3 | Ingest: q=0/oldest=0.0s/drop_old=0/dedup_skip=0/enq=0/drain=0 | Sources: dex_boosts:ok=1/fail=0/429=0/lim_wait=0/cd_wait=0/err=0.0%/avg=35ms; dexscreener:ok=12/fail=0/429=0/lim_wait=0/cd_wait=0/err=0.0%/avg=35ms; onchain_enrich:ok=14/fail=0/429=0/lim_wait=0/cd_wait=0/err=0.0%/avg=128ms | Tasks: 3 | RSS: 0.0MB | CycleAvg: 11.30s
2026-02-27 04:11:58,197 [INFO] [u_station_ab_night_autotune_v2] monitor.onchain_factory: PAIR_DETECTED source=uniswap_v2 dex=uniswap_v2 pair=0x9ee64dea75c7c14d3835776c650ff442bb9f844c token0=0x4200000000000000000000000000000000000006 token1=0x99f617ed5035c056f54d3a5a95a0057176d704d2 block=42686278 factory=0x8909dc15e40173ff4699343b6eb8132c65e18ec6
2026-02-27 04:11:58,197 [INFO] [u_station_ab_night_autotune_v2] monitor.onchain_factory: PAIR_DETECTED source=uniswap_v2 dex=uniswap_v2 pair=0x36de9ab729dca01e895aa42e27559060a9abc4c3 token0=0x2403322d6630919919d3828c886038a1e34d8bf3 token1=0x4200000000000000000000000000000000000006 block=42686281 factory=0x8909dc15e40173ff4699343b6eb8132c65e18ec6
2026-02-27 04:11:58,198 [INFO] [u_station_ab_night_autotune_v2] monitor.onchain_factory: PAIR_DETECTED source=uniswap_v2 dex=uniswap_v2 pair=0xe5deb96c76f7856ae2cbc9b3ebff2f4bd340ef5a token0=0x4200000000000000000000000000000000000006 token1=0xd5c4ea570e42bda6a8c09b5ce0eb0ba16e7f6f82 block=42686282 factory=0x8909dc15e40173ff4699343b6eb8132c65e18ec6
2026-02-27 04:11:58,423 [INFO] [u_station_ab_night_autotune_v2] monitor.onchain_factory: ENRICH_RETRY token=0x206f5c3f70cc524a8a400c9fb33443eef2f1ca6a pair=0xa4143541c1ba05e29fa240e04dae2e3e3ce1a171 attempt=1/2 delay=10s
2026-02-27 04:11:58,434 [INFO] [u_station_ab_night_autotune_v2] monitor.onchain_factory: ENRICH_RETRY token=0x248e06ca4060cba31eefa598676217f95e98aba3 pair=0x108514ab2e6531609d3004376d345eae457d7e31 attempt=1/2 delay=10s
2026-02-27 04:11:58,519 [INFO] [u_station_ab_night_autotune_v2] monitor.onchain_factory: ENRICH_RETRY token=0x99f617ed5035c056f54d3a5a95a0057176d704d2 pair=0x9ee64dea75c7c14d3835776c650ff442bb9f844c attempt=1/2 delay=10s
2026-02-27 04:11:58,526 [INFO] [u_station_ab_night_autotune_v2] monitor.onchain_factory: ENRICH_RETRY token=0xd5c4ea570e42bda6a8c09b5ce0eb0ba16e7f6f82 pair=0xe5deb96c76f7856ae2cbc9b3ebff2f4bd340ef5a attempt=1/2 delay=10s
2026-02-27 04:11:58,810 [INFO] [u_station_ab_night_autotune_v2] monitor.onchain_factory: ENRICH_RETRY token=0x2403322d6630919919d3828c886038a1e34d8bf3 pair=0x36de9ab729dca01e895aa42e27559060a9abc4c3 attempt=1/2 delay=10s
2026-02-27 04:12:08,861 [INFO] [u_station_ab_night_autotune_v2] __main__: WATCHLIST merged count=5
2026-02-27 04:12:08,862 [INFO] [u_station_ab_night_autotune_v2] trading.v2_runtime: V2_UNIVERSE in=6 dedup=6 out=6 target=6 novel_target=6 novel_out=1 repeat_dropped=0 symbol_dropped=0 surge_in=1 surge_target=1 surge_out=1
2026-02-27 04:12:08,862 [INFO] [u_station_ab_night_autotune_v2] __main__: V2_SOURCE_QOS_FILTER in=6 out=3 drops={'source_qos_cap': 3} caps={'watchlist': 2, 'unknown': 0}
2026-02-27 04:12:08,864 [INFO] [u_station_ab_night_autotune_v2] __main__: FILTER_FAIL token=SAIRI reason=source_qos_cap source=watchlist used=2/2
2026-02-27 04:12:08,865 [INFO] [u_station_ab_night_autotune_v2] __main__: FILTER_FAIL token=VIRTUAL reason=source_qos_cap source=watchlist used=2/2
2026-02-27 04:12:08,866 [INFO] [u_station_ab_night_autotune_v2] __main__: FILTER_FAIL token=AERO reason=source_qos_cap source=watchlist used=2/2
2026-02-27 04:12:08,868 [INFO] [u_station_ab_night_autotune_v2] __main__: FILTER_FAIL token=FLOW reason=safe_change_5m
2026-02-27 04:12:08,868 [INFO] [u_station_ab_night_autotune_v2] __main__: FILTER_PASS token=cbBTC tier=A score=100 mode=YELLOW risk=MEDIUM liq=23773105 vol5m=49792
2026-02-27 04:12:08,870 [INFO] [u_station_ab_night_autotune_v2] __main__: FILTER_FAIL token=ToruCeoAI reason=safe_volume vol5m=0 min=6 regime=YELLOW
2026-02-27 04:12:08,871 [INFO] [u_station_ab_night_autotune_v2] __main__: V2_QUALITY_GATE enabled=True regime=YELLOW in=1 out=1 core_out=1 explore_out=0 probe_out=0 quota=0 max_symbol_share=1.000 drop={} sources_used={'watchlist': 1}
2026-02-27 04:12:08,871 [INFO] [u_station_ab_night_autotune_v2] __main__: V2_ENTRY_ROUTE enabled=True regime=YELLOW in=1 out=1 core_out=1 explore_out=0 quota=0 allow_explore=True
2026-02-27 04:12:08,871 [INFO] [u_station_ab_night_autotune_v2] __main__: MARKET_REGIME mode=YELLOW reason=avg_cand=1.17 avg_cand_recent=1.17
2026-02-27 04:12:08,871 [INFO] [u_station_ab_night_autotune_v2] trading.auto_trader: AutoTrade batch prefilter removed=1 missing_addr=0 open_duplicate=1
2026-02-27 04:12:08,873 [INFO] [u_station_ab_night_autotune_v2] trading.auto_trader: PAPER_SUMMARY window=60s closed_delta=0 wins_delta=0 losses_delta=0 realized_delta=$0.00 total_closed=63 winrate_total=47.6% realized_total=$0.26 balance=$6.81 equity=$7.26 open=1
2026-02-27 04:12:08,953 [INFO] [u_station_ab_night_autotune_v2] __main__: Scanned 6 tokens | High quality: 2 | Alerts sent: 0 | Trade candidates: 1 | Quality out/core/explore/probe: 1/1/0/0 | Opened: 0 | Mode: local | Source: onchain+market | Policy: raw=OK/effective=OK(healthy | route=allow_all) | Regime: YELLOW(avg_cand=1.17) | Safety: checked=1 fail_closed=0 reasons=api_code_4029:1 | FiltersTop(session): source_qos_cap:37,safe_change_5m:14,score_min:11,safe_age:3 | Dedup: heavy_skip=0 override=0 | V2Budget: 1/280 | SourceQoS: enabled=1/in=6/out=3/dropped=3/active_cd=0/drops=source_qos_cap:3 | Ingest: q=0/oldest=0.0s/drop_old=0/dedup_skip=0/enq=0/drain=0 | Sources: dex_boosts:ok=1/fail=0/429=0/lim_wait=0/cd_wait=0/err=0.0%/avg=155ms; dexscreener:ok=12/fail=0/429=0/lim_wait=0/cd_wait=0/err=0.0%/avg=231ms; onchain_enrich:ok=20/fail=0/429=0/lim_wait=0/cd_wait=0/err=0.0%/avg=76ms; onchain_weth_price:ok=1/fail=0/429=0/lim_wait=0/cd_wait=0/err=0.0%/avg=43ms | Tasks: 3 | RSS: 0.0MB | CycleAvg: 11.31s
2026-02-27 04:12:13,412 [INFO] [u_station_ab_night_autotune_v2] monitor.onchain_factory: ENRICH_RETRY token=0x2403322d6630919919d3828c886038a1e34d8bf3 pair=0x36de9ab729dca01e895aa42e27559060a9abc4c3 attempt=1/2 delay=10s
2026-02-27 04:12:13,413 [INFO] [u_station_ab_night_autotune_v2] monitor.onchain_factory: ENRICH_RETRY token=0x206f5c3f70cc524a8a400c9fb33443eef2f1ca6a pair=0xa4143541c1ba05e29fa240e04dae2e3e3ce1a171 attempt=1/2 delay=10s
2026-02-27 04:12:13,421 [INFO] [u_station_ab_night_autotune_v2] monitor.onchain_factory: ENRICH_RETRY token=0x99f617ed5035c056f54d3a5a95a0057176d704d2 pair=0x9ee64dea75c7c14d3835776c650ff442bb9f844c attempt=1/2 delay=10s
2026-02-27 04:12:13,422 [INFO] [u_station_ab_night_autotune_v2] monitor.onchain_factory: ENRICH_RETRY token=0xd5c4ea570e42bda6a8c09b5ce0eb0ba16e7f6f82 pair=0xe5deb96c76f7856ae2cbc9b3ebff2f4bd340ef5a attempt=1/2 delay=10s
2026-02-27 04:12:23,483 [INFO] [u_station_ab_night_autotune_v2] __main__: WATCHLIST merged count=5
2026-02-27 04:12:23,483 [INFO] [u_station_ab_night_autotune_v2] trading.v2_runtime: V2_UNIVERSE in=6 dedup=6 out=6 target=6 novel_target=6 novel_out=1 repeat_dropped=0 symbol_dropped=0 surge_in=1 surge_target=1 surge_out=1
2026-02-27 04:12:23,484 [INFO] [u_station_ab_night_autotune_v2] __main__: V2_SOURCE_QOS_FILTER in=6 out=3 drops={'source_qos_cap': 3} caps={'watchlist': 2, 'unknown': 0}
2026-02-27 04:12:23,485 [INFO] [u_station_ab_night_autotune_v2] __main__: FILTER_FAIL token=SAIRI reason=source_qos_cap source=watchlist used=2/2
2026-02-27 04:12:23,486 [INFO] [u_station_ab_night_autotune_v2] __main__: FILTER_FAIL token=VIRTUAL reason=source_qos_cap source=watchlist used=2/2
2026-02-27 04:12:23,488 [INFO] [u_station_ab_night_autotune_v2] __main__: FILTER_FAIL token=AERO reason=source_qos_cap source=watchlist used=2/2
2026-02-27 04:12:23,489 [INFO] [u_station_ab_night_autotune_v2] __main__: FILTER_FAIL token=FLOW reason=safe_change_5m
2026-02-27 04:12:23,490 [INFO] [u_station_ab_night_autotune_v2] __main__: FILTER_PASS token=cbBTC tier=A score=100 mode=YELLOW risk=MEDIUM liq=23773105 vol5m=49792
2026-02-27 04:12:23,492 [INFO] [u_station_ab_night_autotune_v2] __main__: FILTER_FAIL token=QBIT reason=score_min score=30 strict_min=48 soft_min=48 mode=YELLOW
2026-02-27 04:12:23,493 [INFO] [u_station_ab_night_autotune_v2] __main__: V2_QUALITY_GATE enabled=True regime=YELLOW in=1 out=1 core_out=1 explore_out=0 probe_out=0 quota=0 max_symbol_share=1.000 drop={} sources_used={'watchlist': 1}
2026-02-27 04:12:23,494 [INFO] [u_station_ab_night_autotune_v2] __main__: V2_ENTRY_ROUTE enabled=True regime=YELLOW in=1 out=1 core_out=1 explore_out=0 quota=0 allow_explore=True
2026-02-27 04:12:23,494 [INFO] [u_station_ab_night_autotune_v2] __main__: MARKET_REGIME mode=YELLOW reason=avg_cand=1.08 avg_cand_recent=1.08
2026-02-27 04:12:23,495 [INFO] [u_station_ab_night_autotune_v2] trading.auto_trader: AutoTrade batch prefilter removed=1 missing_addr=0 open_duplicate=1
2026-02-27 04:12:23,527 [INFO] [u_station_ab_night_autotune_v2] trading.auto_trader: TOKEN_COOLDOWN token=0xcbb7c0000ab88b473b1f5afd9ef808440eed33bf reason=TIMEOUT pnl=$0.0005 cooldown=170s strikes=1->0 dynamic=True
2026-02-27 04:12:23,528 [INFO] [u_station_ab_night_autotune_v2] trading.auto_trader: AUTO_SELL Paper SELL token=cbBTC reason=TIMEOUT exit=$67210.29000000 pnl=0.10% ($0.00) remaining=$0.00 partial=$0.00 raw=0.10% cost=2.70% gas=$0.03 balance=$7.26
2026-02-27 04:12:23,581 [INFO] [u_station_ab_night_autotune_v2] __main__: Scanned 6 tokens | High quality: 2 | Alerts sent: 0 | Trade candidates: 1 | Quality out/core/explore/probe: 1/1/0/0 | Opened: 0 | Mode: local | Source: onchain+market | Policy: raw=OK/effective=OK(healthy | route=allow_all) | Regime: YELLOW(avg_cand=1.08) | Safety: checked=1 fail_closed=0 reasons=api_code_4029:1 | FiltersTop(session): source_qos_cap:40,safe_change_5m:15,score_min:12,safe_age:3 | Dedup: heavy_skip=0 override=0 | V2Budget: 1/280 | SourceQoS: enabled=1/in=6/out=3/dropped=3/active_cd=0/drops=source_qos_cap:3 | Ingest: q=0/oldest=0.0s/drop_old=0/dedup_skip=0/enq=0/drain=0 | Sources: dex_boosts:ok=1/fail=0/429=0/lim_wait=0/cd_wait=0/err=0.0%/avg=28ms; dexscreener:ok=12/fail=0/429=0/lim_wait=0/cd_wait=0/err=0.0%/avg=39ms; onchain_enrich:ok=15/fail=0/429=0/lim_wait=0/cd_wait=0/err=0.0%/avg=34ms | Tasks: 3 | RSS: 0.0MB | CycleAvg: 11.28s
2026-02-27 04:12:27,859 [INFO] [u_station_ab_night_autotune_v2] monitor.onchain_factory: PAIR_DETECTED source=uniswap_v2 dex=uniswap_v2 pair=0xcf04cf4f2481027603e441e0bc9b717fa1ab50da token0=0x4200000000000000000000000000000000000006 token1=0x6fc406f5cc3a042cf13d3f3ed0c70d4c01d311ce block=42686292 factory=0x8909dc15e40173ff4699343b6eb8132c65e18ec6
2026-02-27 04:12:27,859 [INFO] [u_station_ab_night_autotune_v2] monitor.onchain_factory: PAIR_DETECTED source=uniswap_v2 dex=uniswap_v2 pair=0xf3a58e41312dd77c92f0c8f0b5553e7dd0b3353b token0=0x4200000000000000000000000000000000000006 token1=0xd31fbe2d0107fb0910f2e187e6be9a6d1e9a963c block=42686294 factory=0x8909dc15e40173ff4699343b6eb8132c65e18ec6
2026-02-27 04:12:27,860 [INFO] [u_station_ab_night_autotune_v2] monitor.onchain_factory: PAIR_DETECTED source=uniswap_v2 dex=uniswap_v2 pair=0xb5379e551e9b1fd226bbffab124cd63c08922e4c token0=0x4200000000000000000000000000000000000006 token1=0xe9469bfdf9655884c1667bfa82dc1cfeb0bbcf44 block=42686294 factory=0x8909dc15e40173ff4699343b6eb8132c65e18ec6
2026-02-27 04:12:28,051 [INFO] [u_station_ab_night_autotune_v2] monitor.onchain_factory: ENRICH_RETRY token=0x99f617ed5035c056f54d3a5a95a0057176d704d2 pair=0x9ee64dea75c7c14d3835776c650ff442bb9f844c attempt=1/2 delay=10s
2026-02-27 04:12:28,086 [INFO] [u_station_ab_night_autotune_v2] monitor.onchain_factory: ENRICH_RETRY token=0x2403322d6630919919d3828c886038a1e34d8bf3 pair=0x36de9ab729dca01e895aa42e27559060a9abc4c3 attempt=1/2 delay=10s
2026-02-27 04:12:28,088 [INFO] [u_station_ab_night_autotune_v2] monitor.onchain_factory: ENRICH_RETRY token=0xd5c4ea570e42bda6a8c09b5ce0eb0ba16e7f6f82 pair=0xe5deb96c76f7856ae2cbc9b3ebff2f4bd340ef5a attempt=1/2 delay=10s
2026-02-27 04:12:28,179 [INFO] [u_station_ab_night_autotune_v2] monitor.onchain_factory: ENRICH_RETRY token=0x6fc406f5cc3a042cf13d3f3ed0c70d4c01d311ce pair=0xcf04cf4f2481027603e441e0bc9b717fa1ab50da attempt=1/2 delay=10s
2026-02-27 04:12:28,282 [INFO] [u_station_ab_night_autotune_v2] monitor.onchain_factory: ENRICH_RETRY token=0xd31fbe2d0107fb0910f2e187e6be9a6d1e9a963c pair=0xf3a58e41312dd77c92f0c8f0b5553e7dd0b3353b attempt=1/2 delay=10s
2026-02-27 04:12:28,375 [INFO] [u_station_ab_night_autotune_v2] monitor.onchain_factory: ENRICH_RETRY token=0xe9469bfdf9655884c1667bfa82dc1cfeb0bbcf44 pair=0xb5379e551e9b1fd226bbffab124cd63c08922e4c attempt=1/2 delay=10s
2026-02-27 04:12:38,428 [INFO] [u_station_ab_night_autotune_v2] __main__: WATCHLIST merged count=5
2026-02-27 04:12:38,430 [INFO] [u_station_ab_night_autotune_v2] trading.v2_runtime: V2_UNIVERSE in=8 dedup=8 out=8 target=8 novel_target=7 novel_out=3 repeat_dropped=0 symbol_dropped=0 surge_in=1 surge_target=1 surge_out=1
2026-02-27 04:12:38,430 [INFO] [u_station_ab_night_autotune_v2] __main__: V2_SOURCE_QOS_FILTER in=8 out=5 drops={'source_qos_cap': 3} caps={'watchlist': 2, 'unknown': 0}
2026-02-27 04:12:38,434 [INFO] [u_station_ab_night_autotune_v2] __main__: FILTER_FAIL token=SAIRI reason=source_qos_cap source=watchlist used=2/2
2026-02-27 04:12:38,435 [INFO] [u_station_ab_night_autotune_v2] __main__: FILTER_FAIL token=VIRTUAL reason=source_qos_cap source=watchlist used=2/2
2026-02-27 04:12:38,437 [INFO] [u_station_ab_night_autotune_v2] __main__: FILTER_FAIL token=AERO reason=source_qos_cap source=watchlist used=2/2
2026-02-27 04:12:38,438 [INFO] [u_station_ab_night_autotune_v2] __main__: FILTER_FAIL token=FLOW reason=safe_change_5m
2026-02-27 04:12:38,439 [INFO] [u_station_ab_night_autotune_v2] __main__: FILTER_PASS token=cbBTC tier=A score=100 mode=YELLOW risk=MEDIUM liq=23773105 vol5m=49792
2026-02-27 04:12:38,440 [INFO] [u_station_ab_night_autotune_v2] __main__: FILTER_FAIL token=PAINSTR reason=score_min score=30 strict_min=48 soft_min=48 mode=YELLOW
2026-02-27 04:12:38,442 [INFO] [u_station_ab_night_autotune_v2] __main__: FILTER_FAIL token=MOAI reason=score_min score=30 strict_min=48 soft_min=48 mode=YELLOW
2026-02-27 04:12:38,443 [INFO] [u_station_ab_night_autotune_v2] __main__: FILTER_FAIL token=WATER reason=score_min score=20 strict_min=48 soft_min=48 mode=YELLOW
2026-02-27 04:12:38,444 [INFO] [u_station_ab_night_autotune_v2] __main__: V2_QUALITY_GATE enabled=True regime=YELLOW in=1 out=1 core_out=1 explore_out=0 probe_out=0 quota=0 max_symbol_share=1.000 drop={} sources_used={'watchlist': 1}
2026-02-27 04:12:38,444 [INFO] [u_station_ab_night_autotune_v2] __main__: V2_ENTRY_ROUTE enabled=True regime=YELLOW in=1 out=1 core_out=1 explore_out=0 quota=0 allow_explore=True
2026-02-27 04:12:38,445 [INFO] [u_station_ab_night_autotune_v2] __main__: MARKET_REGIME mode=YELLOW reason=avg_cand=1.08 avg_cand_recent=1.08
2026-02-27 04:12:38,446 [INFO] [u_station_ab_night_autotune_v2] trading.auto_trader: AutoTrade skip token=cbBTC reason=cooldown_left_155s
2026-02-27 04:12:38,447 [INFO] [u_station_ab_night_autotune_v2] trading.auto_trader: AutoTrade batch mode=top_n candidates=1 eligible=1 selected=1 opened=0 pe=off burst_window=0
2026-02-27 04:12:38,447 [INFO] [u_station_ab_night_autotune_v2] __main__: Scanned 8 tokens | High quality: 2 | Alerts sent: 0 | Trade candidates: 1 | Quality out/core/explore/probe: 1/1/0/0 | Opened: 0 | Mode: local | Source: onchain+market | Policy: raw=OK/effective=OK(healthy | route=allow_all) | Regime: YELLOW(avg_cand=1.08) | Safety: checked=1 fail_closed=0 reasons=api_code_4029:1 | FiltersTop(session): source_qos_cap:43,safe_change_5m:16,score_min:15,safe_age:3 | Dedup: heavy_skip=0 override=0 | V2Budget: 1/280 | SourceQoS: enabled=1/in=8/out=5/dropped=3/active_cd=0/drops=source_qos_cap:3 | Ingest: q=0/oldest=0.0s/drop_old=0/dedup_skip=0/enq=0/drain=0 | Sources: dex_boosts:ok=1/fail=0/429=0/lim_wait=0/cd_wait=0/err=0.0%/avg=39ms; dexscreener:ok=12/fail=0/429=0/lim_wait=0/cd_wait=0/err=0.0%/avg=42ms; onchain_enrich:ok=21/fail=0/429=0/lim_wait=0/cd_wait=0/err=0.0%/avg=87ms | Tasks: 3 | RSS: 0.0MB | CycleAvg: 11.24s
2026-02-27 04:12:42,720 [INFO] [u_station_ab_night_autotune_v2] monitor.onchain_factory: PAIR_DETECTED source=uniswap_v2 dex=uniswap_v2 pair=0x9a3ab7f5e6961824964cc504df48bfa4558b55c5 token0=0x4200000000000000000000000000000000000006 token1=0x4d7c701686d4f85437a29390cffc7fd3c5531f6a block=42686299 factory=0x8909dc15e40173ff4699343b6eb8132c65e18ec6
2026-02-27 04:12:42,907 [INFO] [u_station_ab_night_autotune_v2] monitor.onchain_factory: ENRICH_RETRY token=0xd31fbe2d0107fb0910f2e187e6be9a6d1e9a963c pair=0xf3a58e41312dd77c92f0c8f0b5553e7dd0b3353b attempt=1/2 delay=10s
2026-02-27 04:12:42,909 [INFO] [u_station_ab_night_autotune_v2] monitor.onchain_factory: ENRICH_RETRY token=0x6fc406f5cc3a042cf13d3f3ed0c70d4c01d311ce pair=0xcf04cf4f2481027603e441e0bc9b717fa1ab50da attempt=1/2 delay=10s
2026-02-27 04:12:42,911 [INFO] [u_station_ab_night_autotune_v2] monitor.onchain_factory: ENRICH_RETRY token=0xe9469bfdf9655884c1667bfa82dc1cfeb0bbcf44 pair=0xb5379e551e9b1fd226bbffab124cd63c08922e4c attempt=1/2 delay=10s
2026-02-27 04:12:43,324 [INFO] [u_station_ab_night_autotune_v2] monitor.onchain_factory: ENRICH_RETRY token=0x4d7c701686d4f85437a29390cffc7fd3c5531f6a pair=0x9a3ab7f5e6961824964cc504df48bfa4558b55c5 attempt=1/2 delay=10s
2026-02-27 04:12:53,391 [INFO] [u_station_ab_night_autotune_v2] __main__: WATCHLIST merged count=5
2026-02-27 04:12:53,392 [INFO] [u_station_ab_night_autotune_v2] trading.v2_runtime: V2_UNIVERSE in=6 dedup=6 out=6 target=6 novel_target=6 novel_out=1 repeat_dropped=0 symbol_dropped=0 surge_in=1 surge_target=1 surge_out=1
2026-02-27 04:12:53,392 [INFO] [u_station_ab_night_autotune_v2] __main__: V2_SOURCE_QOS_FILTER in=6 out=3 drops={'source_qos_cap': 3} caps={'geckoterminal': 287, 'watchlist': 2}
2026-02-27 04:12:53,393 [INFO] [u_station_ab_night_autotune_v2] __main__: FILTER_FAIL token=SAIRI reason=source_qos_cap source=watchlist used=2/2
2026-02-27 04:12:53,394 [INFO] [u_station_ab_night_autotune_v2] __main__: FILTER_FAIL token=VIRTUAL reason=source_qos_cap source=watchlist used=2/2
2026-02-27 04:12:53,394 [INFO] [u_station_ab_night_autotune_v2] __main__: FILTER_FAIL token=AERO reason=source_qos_cap source=watchlist used=2/2
2026-02-27 04:12:53,395 [INFO] [u_station_ab_night_autotune_v2] __main__: FILTER_FAIL token=FLOW reason=safe_change_5m
2026-02-27 04:12:53,396 [INFO] [u_station_ab_night_autotune_v2] __main__: FILTER_PASS token=cbBTC tier=A score=100 mode=YELLOW risk=MEDIUM liq=23773105 vol5m=49792
2026-02-27 04:12:53,397 [INFO] [u_station_ab_night_autotune_v2] __main__: FILTER_FAIL token=GRC reason=safe_volume vol5m=0 min=6 regime=YELLOW
2026-02-27 04:12:53,397 [INFO] [u_station_ab_night_autotune_v2] __main__: V2_QUALITY_GATE enabled=True regime=YELLOW in=1 out=1 core_out=1 explore_out=0 probe_out=0 quota=0 max_symbol_share=1.000 drop={} sources_used={'watchlist': 1}
2026-02-27 04:12:53,398 [INFO] [u_station_ab_night_autotune_v2] __main__: V2_ENTRY_ROUTE enabled=True regime=YELLOW in=1 out=1 core_out=1 explore_out=0 quota=0 allow_explore=True
2026-02-27 04:12:53,398 [INFO] [u_station_ab_night_autotune_v2] __main__: MARKET_REGIME mode=YELLOW reason=avg_cand=1.08 avg_cand_recent=1.08
2026-02-27 04:12:53,399 [INFO] [u_station_ab_night_autotune_v2] trading.auto_trader: AutoTrade skip token=cbBTC reason=cooldown_left_140s
2026-02-27 04:12:53,400 [INFO] [u_station_ab_night_autotune_v2] trading.auto_trader: AutoTrade batch mode=top_n candidates=1 eligible=1 selected=1 opened=0 pe=off burst_window=0
2026-02-27 04:12:53,400 [INFO] [u_station_ab_night_autotune_v2] __main__: Scanned 6 tokens | High quality: 2 | Alerts sent: 0 | Trade candidates: 1 | Quality out/core/explore/probe: 1/1/0/0 | Opened: 0 | Mode: local | Source: onchain+market | Policy: raw=OK/effective=OK(healthy | route=allow_all) | Regime: YELLOW(avg_cand=1.08) | Safety: checked=1 fail_closed=0 reasons=api_code_4029:1 | FiltersTop(session): source_qos_cap:46,safe_change_5m:17,score_min:15,safe_volume:4 | Dedup: heavy_skip=0 override=0 | V2Budget: 1/280 | SourceQoS: enabled=1/in=6/out=3/dropped=3/active_cd=0/drops=source_qos_cap:3 | Ingest: q=0/oldest=0.0s/drop_old=0/dedup_skip=0/enq=1/drain=1 | Sources: dex_boosts:ok=1/fail=0/429=0/lim_wait=0/cd_wait=0/err=0.0%/avg=57ms; dexscreener:ok=12/fail=0/429=0/lim_wait=0/cd_wait=0/err=0.0%/avg=225ms; geckoterminal:ok=1/fail=0/429=0/lim_wait=0/cd_wait=0/err=0.0%/avg=264ms; onchain_enrich:ok=16/fail=0/429=0/lim_wait=0/cd_wait=0/err=0.0%/avg=58ms | Tasks: 3 | RSS: 0.0MB | CycleAvg: 11.21s
2026-02-27 04:12:57,655 [INFO] [u_station_ab_night_autotune_v2] monitor.onchain_factory: PAIR_DETECTED source=uniswap_v2 dex=uniswap_v2 pair=0x8d3b4ecc0ee2f24937504d47299352728d756f79 token0=0x4200000000000000000000000000000000000006 token1=0xa06829175bb81727680d307fa34fb1be2662c1a8 block=42686311 factory=0x8909dc15e40173ff4699343b6eb8132c65e18ec6
2026-02-27 04:12:57,847 [INFO] [u_station_ab_night_autotune_v2] monitor.onchain_factory: ENRICH_RETRY token=0xd31fbe2d0107fb0910f2e187e6be9a6d1e9a963c pair=0xf3a58e41312dd77c92f0c8f0b5553e7dd0b3353b attempt=1/2 delay=10s
2026-02-27 04:12:57,857 [INFO] [u_station_ab_night_autotune_v2] monitor.onchain_factory: ENRICH_RETRY token=0xe9469bfdf9655884c1667bfa82dc1cfeb0bbcf44 pair=0xb5379e551e9b1fd226bbffab124cd63c08922e4c attempt=1/2 delay=10s
2026-02-27 04:12:57,867 [INFO] [u_station_ab_night_autotune_v2] monitor.onchain_factory: ENRICH_RETRY token=0x6fc406f5cc3a042cf13d3f3ed0c70d4c01d311ce pair=0xcf04cf4f2481027603e441e0bc9b717fa1ab50da attempt=1/2 delay=10s
2026-02-27 04:12:57,898 [INFO] [u_station_ab_night_autotune_v2] monitor.onchain_factory: ENRICH_RETRY token=0x4d7c701686d4f85437a29390cffc7fd3c5531f6a pair=0x9a3ab7f5e6961824964cc504df48bfa4558b55c5 attempt=1/2 delay=10s
2026-02-27 04:12:58,224 [INFO] [u_station_ab_night_autotune_v2] monitor.onchain_factory: ENRICH_RETRY token=0xa06829175bb81727680d307fa34fb1be2662c1a8 pair=0x8d3b4ecc0ee2f24937504d47299352728d756f79 attempt=1/2 delay=10s
2026-02-27 04:13:08,335 [INFO] [u_station_ab_night_autotune_v2] __main__: WATCHLIST merged count=5
2026-02-27 04:13:08,335 [INFO] [u_station_ab_night_autotune_v2] trading.v2_runtime: V2_UNIVERSE in=8 dedup=8 out=8 target=8 novel_target=7 novel_out=3 repeat_dropped=0 symbol_dropped=0 surge_in=1 surge_target=1 surge_out=1
2026-02-27 04:13:08,336 [INFO] [u_station_ab_night_autotune_v2] __main__: V2_SOURCE_QOS_FILTER in=8 out=5 drops={'source_qos_cap': 3} caps={'watchlist': 2, 'unknown': 0}
2026-02-27 04:13:08,337 [INFO] [u_station_ab_night_autotune_v2] __main__: FILTER_FAIL token=SAIRI reason=source_qos_cap source=watchlist used=2/2
2026-02-27 04:13:08,338 [INFO] [u_station_ab_night_autotune_v2] __main__: FILTER_FAIL token=VIRTUAL reason=source_qos_cap source=watchlist used=2/2
2026-02-27 04:13:08,339 [INFO] [u_station_ab_night_autotune_v2] __main__: FILTER_FAIL token=AERO reason=source_qos_cap source=watchlist used=2/2
2026-02-27 04:13:08,340 [INFO] [u_station_ab_night_autotune_v2] __main__: FILTER_FAIL token=FLOW reason=safe_change_5m
2026-02-27 04:13:08,342 [INFO] [u_station_ab_night_autotune_v2] __main__: FILTER_PASS token=cbBTC tier=A score=100 mode=YELLOW risk=MEDIUM liq=23773105 vol5m=49792
2026-02-27 04:13:08,343 [INFO] [u_station_ab_night_autotune_v2] __main__: FILTER_FAIL token=POPEYE reason=safe_age
2026-02-27 04:13:08,344 [INFO] [u_station_ab_night_autotune_v2] __main__: FILTER_FAIL token=ISK reason=score_min score=30 strict_min=48 soft_min=48 mode=YELLOW
2026-02-27 04:13:08,345 [INFO] [u_station_ab_night_autotune_v2] __main__: FILTER_FAIL token=CHARLES reason=safe_volume vol5m=0 min=6 regime=YELLOW
2026-02-27 04:13:08,346 [INFO] [u_station_ab_night_autotune_v2] __main__: V2_QUALITY_GATE enabled=True regime=YELLOW in=1 out=1 core_out=1 explore_out=0 probe_out=0 quota=0 max_symbol_share=1.000 drop={} sources_used={'watchlist': 1}
2026-02-27 04:13:08,346 [INFO] [u_station_ab_night_autotune_v2] __main__: V2_ENTRY_ROUTE enabled=True regime=YELLOW in=1 out=1 core_out=1 explore_out=0 quota=0 allow_explore=True
2026-02-27 04:13:08,347 [INFO] [u_station_ab_night_autotune_v2] __main__: MARKET_REGIME mode=YELLOW reason=avg_cand=1.00 avg_cand_recent=1.00
2026-02-27 04:13:08,348 [INFO] [u_station_ab_night_autotune_v2] trading.auto_trader: AutoTrade skip token=cbBTC reason=cooldown_left_125s
2026-02-27 04:13:08,349 [INFO] [u_station_ab_night_autotune_v2] trading.auto_trader: AutoTrade batch mode=top_n candidates=1 eligible=1 selected=1 opened=0 pe=off burst_window=0
2026-02-27 04:13:08,351 [INFO] [u_station_ab_night_autotune_v2] __main__: Scanned 8 tokens | High quality: 2 | Alerts sent: 0 | Trade candidates: 1 | Quality out/core/explore/probe: 1/1/0/0 | Opened: 0 | Mode: local | Source: onchain+market | Policy: raw=OK/effective=OK(healthy | route=allow_all) | Regime: YELLOW(avg_cand=1.00) | Safety: checked=1 fail_closed=0 reasons=api_code_4029:1 | FiltersTop(session): source_qos_cap:49,safe_change_5m:18,score_min:16,safe_volume:5 | Dedup: heavy_skip=0 override=0 | V2Budget: 1/280 | SourceQoS: enabled=1/in=8/out=5/dropped=3/active_cd=0/drops=source_qos_cap:3 | Ingest: q=0/oldest=0.0s/drop_old=0/dedup_skip=0/enq=0/drain=0 | Sources: dex_boosts:ok=1/fail=0/429=0/lim_wait=0/cd_wait=0/err=0.0%/avg=30ms; dexscreener:ok=12/fail=0/429=0/lim_wait=0/cd_wait=0/err=0.0%/avg=35ms; onchain_enrich:ok=17/fail=0/429=0/lim_wait=0/cd_wait=0/err=0.0%/avg=84ms | Tasks: 3 | RSS: 0.0MB | CycleAvg: 11.19s
2026-02-27 04:13:12,813 [INFO] [u_station_ab_night_autotune_v2] monitor.onchain_factory: ENRICH_RETRY token=0x4d7c701686d4f85437a29390cffc7fd3c5531f6a pair=0x9a3ab7f5e6961824964cc504df48bfa4558b55c5 attempt=1/2 delay=10s
2026-02-27 04:13:12,816 [INFO] [u_station_ab_night_autotune_v2] monitor.onchain_factory: ENRICH_RETRY token=0xa06829175bb81727680d307fa34fb1be2662c1a8 pair=0x8d3b4ecc0ee2f24937504d47299352728d756f79 attempt=1/2 delay=10s
