2026-02-26 23:25:25,935 [INFO] [u_station_ab_night_autotune_v2] __main__: SESSION_LOG file=logs/matrix/u_station_ab_night_autotune_v2\sessions\main_local_20260226_222525_pid9608.log
2026-02-26 23:25:25,954 [INFO] [u_station_ab_night_autotune_v2] trading.auto_trader_state: AutoTrade state loaded open=0 closed=15 balance=$6.86
2026-02-26 23:25:25,954 [WARNING] [u_station_ab_night_autotune_v2] trading.auto_trader: DATA_POLICY mode=OK reason=init_reset_manual prev_mode=OK prev_reason=healthy | route=allow_all
2026-02-26 23:25:25,954 [INFO] [u_station_ab_night_autotune_v2] __main__: AUTOTRADER_INIT state=ready reason=manual mode=paper
2026-02-26 23:25:25,954 [INFO] [u_station_ab_night_autotune_v2] __main__: Local mode started (Telegram disabled).
2026-02-26 23:25:26,353 [INFO] [u_station_ab_night_autotune_v2] monitor.onchain_factory: PAIR_DETECTED source=uniswap_v2 dex=uniswap_v2 pair=0x8d225599d4604d15a4fb6e907d5d91719bd28b5b token0=0x4200000000000000000000000000000000000006 token1=0xf3a7c27bd6e29350fab2cc26b403560d6db4aaf9 block=42677680 factory=0x8909dc15e40173ff4699343b6eb8132c65e18ec6
2026-02-26 23:25:27,135 [INFO] [u_station_ab_night_autotune_v2] monitor.onchain_factory: ENRICH_RETRY token=0xf3a7c27bd6e29350fab2cc26b403560d6db4aaf9 pair=0x8d225599d4604d15a4fb6e907d5d91719bd28b5b attempt=1/2 delay=10s
2026-02-26 23:25:38,719 [INFO] [u_station_ab_night_autotune_v2] __main__: WATCHLIST merged count=3
2026-02-26 23:25:38,719 [INFO] [u_station_ab_night_autotune_v2] trading.v2_runtime: V2_UNIVERSE in=8 dedup=8 out=8 target=8 novel_target=7 novel_out=8 repeat_dropped=0 symbol_dropped=0 surge_in=1 surge_target=1 surge_out=1
2026-02-26 23:25:38,719 [INFO] [u_station_ab_night_autotune_v2] __main__: V2_SOURCE_QOS_FILTER in=8 out=7 drops={'source_qos_cap': 1} caps={'geckoterminal': 287, 'dexscreener': 292, 'watchlist': 2}
2026-02-26 23:25:38,719 [INFO] [u_station_ab_night_autotune_v2] __main__: FILTER_FAIL token=AERO reason=source_qos_cap source=watchlist used=2/2
2026-02-26 23:25:38,719 [INFO] [u_station_ab_night_autotune_v2] __main__: FILTER_PASS token=Chompleton tier=A score=95 mode=YELLOW risk=MEDIUM liq=212514 vol5m=7012
2026-02-26 23:25:38,736 [INFO] [u_station_ab_night_autotune_v2] monitor.local_alerter: Local alert token=Chompleton address=0x24dfcb72dd64088c84cecfe306f0021dba591b07 score=95 reco=BUY risk=MEDIUM warnings=0 liq=212514 vol5m=7012
2026-02-26 23:25:38,736 [INFO] [u_station_ab_night_autotune_v2] __main__: FILTER_FAIL token=SYNTHESIS reason=safe_age
2026-02-26 23:25:38,736 [INFO] [u_station_ab_night_autotune_v2] __main__: FILTER_PASS token=cbBTC tier=A score=100 mode=YELLOW risk=MEDIUM liq=20165348 vol5m=79940
2026-02-26 23:25:38,736 [INFO] [u_station_ab_night_autotune_v2] __main__: FILTER_FAIL token=Pikachu reason=safe_age
2026-02-26 23:25:38,736 [INFO] [u_station_ab_night_autotune_v2] __main__: FILTER_FAIL token=noice reason=safe_age
2026-02-26 23:25:38,736 [INFO] [u_station_ab_night_autotune_v2] __main__: FILTER_FAIL token=BLOCK reason=score_min score=30 strict_min=48 soft_min=48 mode=YELLOW
2026-02-26 23:25:38,736 [INFO] [u_station_ab_night_autotune_v2] __main__: FILTER_PASS token=VIRTUAL tier=A score=75 mode=YELLOW risk=MEDIUM liq=7315397 vol5m=19
2026-02-26 23:25:38,736 [INFO] [u_station_ab_night_autotune_v2] trading.v2_runtime: V2_QUALITY_ROTATE symbols_core=0 symbols_cooldown=0 sources=1 top_core=- top_cooldown=-
2026-02-26 23:25:38,736 [INFO] [u_station_ab_night_autotune_v2] __main__: V2_QUALITY_GATE enabled=True regime=YELLOW in=3 out=3 core_out=1 explore_out=2 probe_out=0 quota=2 max_symbol_share=0.333 drop={} sources_used={'dexscreener': 1, 'watchlist': 2}
2026-02-26 23:25:38,736 [INFO] [u_station_ab_night_autotune_v2] __main__: V2_ENTRY_ROUTE enabled=True regime=YELLOW in=3 out=2 core_out=1 explore_out=1 quota=1 allow_explore=True
2026-02-26 23:25:38,736 [WARNING] [u_station_ab_night_autotune_v2] trading.auto_trader: DATA_POLICY mode=OK reason=healthy | route=allow_all prev_mode=OK prev_reason=init_reset_manual
2026-02-26 23:25:38,736 [INFO] [u_station_ab_night_autotune_v2] __main__: MARKET_REGIME mode=YELLOW reason=hysteresis_recover_wait 1/4 raw=GREEN avg_cand_recent=3.00
2026-02-26 23:25:38,753 [INFO] [u_station_ab_night_autotune_v2] trading.auto_trader: AutoTrade skip token=Chompleton reason=ev_net_low expected_net=$-0.00145 min=$-0.00099 samples=43 conf=1.00 pwin=0.51 avg_win=$0.0097 avg_loss=$0.0120 kelly=0.000 mem=sparse trades=0<6
2026-02-26 23:25:38,753 [INFO] [u_station_ab_night_autotune_v2] trading.auto_trader: AutoTrade skip token=cbBTC reason=cooldown_left_312s
2026-02-26 23:25:38,753 [INFO] [u_station_ab_night_autotune_v2] trading.auto_trader: AutoTrade batch mode=top_n candidates=2 eligible=2 selected=2 opened=0 pe=off burst_window=0
2026-02-26 23:25:38,753 [INFO] [u_station_ab_night_autotune_v2] __main__: FILTER_THRESHOLDS safe_volume_5m_min=$5 safe_liquidity_min=$8000 safe_age_min=240s score_min=48 edge_min=0.05% lock_floor=0.95 no_momentum_max_pnl=0.25 weakness_pnl=-2.60
2026-02-26 23:25:38,753 [INFO] [u_station_ab_night_autotune_v2] __main__: Scanned 8 tokens | High quality: 4 | Alerts sent: 1 | Trade candidates: 3 | Quality out/core/explore/probe: 3/1/2/0 | Opened: 0 | Mode: local | Source: onchain+market | Policy: raw=OK/effective=OK(healthy | route=allow_all) | Regime: YELLOW(hysteresis_recover_wait 1/4 raw=GREEN) | Safety: checked=3 fail_closed=0 reasons=api_code_4029:3 | FiltersTop(session): safe_age:3,source_qos_cap:1,score_min:1 | Dedup: heavy_skip=0 override=0 | V2Budget: 3/280 | SourceQoS: enabled=1/in=8/out=7/dropped=1/active_cd=0/drops=source_qos_cap:1 | Ingest: q=0/oldest=0.0s/drop_old=0/dedup_skip=0/enq=4/drain=4 | Sources: dex_boosts:ok=1/fail=0/429=0/lim_wait=0/cd_wait=0/err=0.0%/avg=116ms; dexscreener:ok=11/fail=0/429=0/lim_wait=0/cd_wait=0/err=0.0%/avg=237ms; geckoterminal:ok=2/fail=0/429=0/lim_wait=0/cd_wait=0/err=0.0%/avg=73ms; onchain_enrich:ok=4/fail=0/429=0/lim_wait=0/cd_wait=0/err=0.0%/avg=184ms; onchain_weth_price:ok=1/fail=0/429=0/lim_wait=0/cd_wait=0/err=0.0%/avg=54ms; watchlist_dex:ok=10/fail=0/429=0/lim_wait=0/cd_wait=0/err=0.0%/avg=100ms; watchlist_gecko:ok=6/fail=0/429=0/lim_wait=0/cd_wait=0/err=0.0%/avg=457ms | Tasks: 3 | RSS: 0.0MB | CycleAvg: 0.00s
2026-02-26 23:25:43,254 [INFO] [u_station_ab_night_autotune_v2] monitor.onchain_factory: ENRICH_RETRY token=0xf3a7c27bd6e29350fab2cc26b403560d6db4aaf9 pair=0x8d225599d4604d15a4fb6e907d5d91719bd28b5b attempt=1/2 delay=10s
2026-02-26 23:25:53,339 [INFO] [u_station_ab_night_autotune_v2] __main__: WATCHLIST merged count=3
2026-02-26 23:25:53,339 [INFO] [u_station_ab_night_autotune_v2] trading.v2_runtime: V2_UNIVERSE in=3 dedup=3 out=3 target=3 novel_target=3 novel_out=0 repeat_dropped=0 symbol_dropped=0 surge_in=0 surge_target=0 surge_out=0
2026-02-26 23:25:53,339 [INFO] [u_station_ab_night_autotune_v2] __main__: FILTER_PASS token=cbBTC tier=A score=100 mode=YELLOW risk=MEDIUM liq=20165348 vol5m=79940
2026-02-26 23:25:53,339 [INFO] [u_station_ab_night_autotune_v2] __main__: FILTER_PASS token=VIRTUAL tier=A score=75 mode=YELLOW risk=MEDIUM liq=7315397 vol5m=19
2026-02-26 23:25:53,339 [INFO] [u_station_ab_night_autotune_v2] __main__: FILTER_FAIL token=AERO reason=safe_volume vol5m=0 min=6 regime=YELLOW
2026-02-26 23:25:53,339 [INFO] [u_station_ab_night_autotune_v2] __main__: V2_QUALITY_GATE enabled=True regime=YELLOW in=2 out=2 core_out=1 explore_out=1 probe_out=0 quota=1 max_symbol_share=0.500 drop={} sources_used={'watchlist': 2}
2026-02-26 23:25:53,339 [INFO] [u_station_ab_night_autotune_v2] __main__: V2_ENTRY_ROUTE enabled=True regime=YELLOW in=2 out=2 core_out=1 explore_out=1 quota=1 allow_explore=True
2026-02-26 23:25:53,339 [INFO] [u_station_ab_night_autotune_v2] __main__: MARKET_REGIME mode=YELLOW reason=hysteresis_recover_wait 2/4 raw=GREEN avg_cand_recent=2.50
2026-02-26 23:25:53,339 [INFO] [u_station_ab_night_autotune_v2] trading.auto_trader: AutoTrade skip token=cbBTC reason=cooldown_left_297s
2026-02-26 23:25:53,353 [INFO] [u_station_ab_night_autotune_v2] trading.auto_trader: AutoTrade adjust token=VIRTUAL reason=min_trade_floor size=$0.03->$0.10 min=$0.10
2026-02-26 23:25:53,369 [INFO] [u_station_ab_night_autotune_v2] trading.auto_trader: AutoTrade skip token=VIRTUAL reason=edge_low mode=both edge=-29.70% raw=-27.50% mult=1.08 min=0.05% probe_min=0.05% edge_usd=$-0.030 min_usd=$0.000 probe_min_usd=$0.000 size=$0.10 gross=3.20% costs=30.70% pwin=0.45 probe=- budget=0/1
2026-02-26 23:25:53,370 [INFO] [u_station_ab_night_autotune_v2] trading.auto_trader: AutoTrade batch mode=top_n candidates=2 eligible=2 selected=2 opened=0 pe=off burst_window=0
2026-02-26 23:25:53,370 [INFO] [u_station_ab_night_autotune_v2] __main__: Scanned 3 tokens | High quality: 3 | Alerts sent: 0 | Trade candidates: 2 | Quality out/core/explore/probe: 2/1/1/0 | Opened: 0 | Mode: local | Source: onchain+market | Policy: raw=OK/effective=OK(healthy | route=allow_all) | Regime: YELLOW(hysteresis_recover_wait 2/4 raw=GREEN) | Safety: checked=2 fail_closed=0 reasons=api_code_4029:2 | FiltersTop(session): safe_age:3,source_qos_cap:1,score_min:1,safe_volume:1 | Dedup: heavy_skip=0 override=0 | V2Budget: 2/280 | SourceQoS: enabled=1/in=3/out=3/dropped=0/active_cd=0/drops=none | Ingest: q=0/oldest=0.0s/drop_old=0/dedup_skip=0/enq=0/drain=0 | Sources: dex_boosts:ok=1/fail=0/429=0/lim_wait=0/cd_wait=0/err=0.0%/avg=107ms; dexscreener:ok=11/fail=0/429=0/lim_wait=0/cd_wait=0/err=0.0%/avg=90ms; onchain_enrich:ok=4/fail=0/429=0/lim_wait=0/cd_wait=0/err=0.0%/avg=38ms | Tasks: 3 | RSS: 0.0MB | CycleAvg: 12.79s
2026-02-26 23:25:58,345 [INFO] [u_station_ab_night_autotune_v2] monitor.onchain_factory: ENRICH_RETRY token=0xf3a7c27bd6e29350fab2cc26b403560d6db4aaf9 pair=0x8d225599d4604d15a4fb6e907d5d91719bd28b5b attempt=1/2 delay=10s
2026-02-26 23:26:08,428 [INFO] [u_station_ab_night_autotune_v2] __main__: WATCHLIST merged count=3
2026-02-26 23:26:08,428 [INFO] [u_station_ab_night_autotune_v2] trading.v2_runtime: V2_UNIVERSE in=3 dedup=3 out=3 target=3 novel_target=3 novel_out=0 repeat_dropped=0 symbol_dropped=0 surge_in=0 surge_target=0 surge_out=0
2026-02-26 23:26:08,428 [INFO] [u_station_ab_night_autotune_v2] __main__: FILTER_PASS token=cbBTC tier=A score=100 mode=YELLOW risk=MEDIUM liq=20165348 vol5m=79940
2026-02-26 23:26:08,428 [INFO] [u_station_ab_night_autotune_v2] __main__: FILTER_PASS token=VIRTUAL tier=A score=75 mode=YELLOW risk=MEDIUM liq=7315397 vol5m=19
2026-02-26 23:26:08,428 [INFO] [u_station_ab_night_autotune_v2] __main__: FILTER_FAIL token=AERO reason=safe_volume vol5m=0 min=6 regime=YELLOW
2026-02-26 23:26:08,428 [INFO] [u_station_ab_night_autotune_v2] __main__: V2_QUALITY_GATE enabled=True regime=YELLOW in=2 out=2 core_out=1 explore_out=1 probe_out=0 quota=1 max_symbol_share=0.500 drop={} sources_used={'watchlist': 2}
2026-02-26 23:26:08,428 [INFO] [u_station_ab_night_autotune_v2] __main__: V2_ENTRY_ROUTE enabled=True regime=YELLOW in=2 out=2 core_out=1 explore_out=1 quota=1 allow_explore=True
2026-02-26 23:26:08,428 [INFO] [u_station_ab_night_autotune_v2] __main__: MARKET_REGIME mode=YELLOW reason=avg_cand=2.33 avg_cand_recent=2.33
2026-02-26 23:26:08,428 [INFO] [u_station_ab_night_autotune_v2] trading.auto_trader: AutoTrade skip token=cbBTC reason=cooldown_left_282s
2026-02-26 23:26:08,437 [INFO] [u_station_ab_night_autotune_v2] trading.auto_trader: AutoTrade adjust token=VIRTUAL reason=min_trade_floor size=$0.03->$0.10 min=$0.10
2026-02-26 23:26:08,438 [INFO] [u_station_ab_night_autotune_v2] trading.auto_trader: AutoTrade skip token=VIRTUAL reason=edge_low mode=both edge=-29.70% raw=-27.50% mult=1.08 min=0.05% probe_min=0.05% edge_usd=$-0.030 min_usd=$0.000 probe_min_usd=$0.000 size=$0.10 gross=3.20% costs=30.70% pwin=0.45 probe=- budget=0/1
2026-02-26 23:26:08,439 [INFO] [u_station_ab_night_autotune_v2] trading.auto_trader: AutoTrade batch mode=top_n candidates=2 eligible=2 selected=2 opened=0 pe=off burst_window=0
2026-02-26 23:26:08,439 [INFO] [u_station_ab_night_autotune_v2] __main__: Scanned 3 tokens | High quality: 3 | Alerts sent: 0 | Trade candidates: 2 | Quality out/core/explore/probe: 2/1/1/0 | Opened: 0 | Mode: local | Source: onchain+market | Policy: raw=OK/effective=OK(healthy | route=allow_all) | Regime: YELLOW(avg_cand=2.33) | Safety: checked=2 fail_closed=0 reasons=api_code_4029:2 | FiltersTop(session): safe_age:3,safe_volume:2,source_qos_cap:1,score_min:1 | Dedup: heavy_skip=0 override=0 | V2Budget: 2/280 | SourceQoS: enabled=1/in=3/out=3/dropped=0/active_cd=0/drops=none | Ingest: q=0/oldest=0.0s/drop_old=0/dedup_skip=0/enq=0/drain=0 | Sources: dex_boosts:ok=1/fail=0/429=0/lim_wait=0/cd_wait=0/err=0.0%/avg=67ms; dexscreener:ok=11/fail=0/429=0/lim_wait=0/cd_wait=0/err=0.0%/avg=232ms; onchain_enrich:ok=4/fail=0/429=0/lim_wait=0/cd_wait=0/err=0.0%/avg=159ms | Tasks: 3 | RSS: 0.0MB | CycleAvg: 11.70s
2026-02-26 23:26:12,720 [INFO] [u_station_ab_night_autotune_v2] monitor.onchain_factory: PAIR_DETECTED source=uniswap_v2 dex=uniswap_v2 pair=0x81de86c866fb9a9f5283a0530e68c0abac39ddc5 token0=0x4200000000000000000000000000000000000006 token1=0x564358c459468ceb5fbb663f341d29038d11963c block=42677706 factory=0x8909dc15e40173ff4699343b6eb8132c65e18ec6
2026-02-26 23:26:12,992 [INFO] [u_station_ab_night_autotune_v2] monitor.onchain_factory: ENRICH_RETRY token=0xf3a7c27bd6e29350fab2cc26b403560d6db4aaf9 pair=0x8d225599d4604d15a4fb6e907d5d91719bd28b5b attempt=1/2 delay=10s
2026-02-26 23:26:13,169 [INFO] [u_station_ab_night_autotune_v2] monitor.onchain_factory: ENRICH_RETRY token=0x564358c459468ceb5fbb663f341d29038d11963c pair=0x81de86c866fb9a9f5283a0530e68c0abac39ddc5 attempt=1/2 delay=10s
2026-02-26 23:26:23,238 [INFO] [u_station_ab_night_autotune_v2] __main__: WATCHLIST merged count=3
2026-02-26 23:26:23,238 [INFO] [u_station_ab_night_autotune_v2] trading.v2_runtime: V2_UNIVERSE in=3 dedup=3 out=3 target=3 novel_target=3 novel_out=0 repeat_dropped=0 symbol_dropped=0 surge_in=0 surge_target=0 surge_out=0
2026-02-26 23:26:23,238 [INFO] [u_station_ab_night_autotune_v2] __main__: FILTER_PASS token=cbBTC tier=A score=100 mode=YELLOW risk=MEDIUM liq=20165348 vol5m=79940
2026-02-26 23:26:23,238 [INFO] [u_station_ab_night_autotune_v2] __main__: FILTER_PASS token=VIRTUAL tier=A score=75 mode=YELLOW risk=MEDIUM liq=7315397 vol5m=19
2026-02-26 23:26:23,238 [INFO] [u_station_ab_night_autotune_v2] __main__: FILTER_FAIL token=AERO reason=safe_volume vol5m=0 min=6 regime=YELLOW
2026-02-26 23:26:23,238 [INFO] [u_station_ab_night_autotune_v2] __main__: V2_QUALITY_GATE enabled=True regime=YELLOW in=2 out=2 core_out=1 explore_out=1 probe_out=0 quota=1 max_symbol_share=0.500 drop={} sources_used={'watchlist': 2}
2026-02-26 23:26:23,238 [INFO] [u_station_ab_night_autotune_v2] __main__: V2_ENTRY_ROUTE enabled=True regime=YELLOW in=2 out=2 core_out=1 explore_out=1 quota=1 allow_explore=True
2026-02-26 23:26:23,238 [INFO] [u_station_ab_night_autotune_v2] __main__: MARKET_REGIME mode=YELLOW reason=avg_cand=2.25 avg_cand_recent=2.25
2026-02-26 23:26:23,238 [INFO] [u_station_ab_night_autotune_v2] trading.auto_trader: AutoTrade skip token=cbBTC reason=cooldown_left_268s
2026-02-26 23:26:23,253 [INFO] [u_station_ab_night_autotune_v2] trading.auto_trader: AutoTrade adjust token=VIRTUAL reason=min_trade_floor size=$0.03->$0.10 min=$0.10
2026-02-26 23:26:23,254 [INFO] [u_station_ab_night_autotune_v2] trading.auto_trader: AutoTrade skip token=VIRTUAL reason=edge_low mode=both edge=-29.70% raw=-27.50% mult=1.08 min=0.05% probe_min=0.05% edge_usd=$-0.030 min_usd=$0.000 probe_min_usd=$0.000 size=$0.10 gross=3.20% costs=30.70% pwin=0.45 probe=- budget=0/1
2026-02-26 23:26:23,254 [INFO] [u_station_ab_night_autotune_v2] trading.auto_trader: AutoTrade batch mode=top_n candidates=2 eligible=2 selected=2 opened=0 pe=off burst_window=0
2026-02-26 23:26:23,255 [INFO] [u_station_ab_night_autotune_v2] __main__: Scanned 3 tokens | High quality: 3 | Alerts sent: 0 | Trade candidates: 2 | Quality out/core/explore/probe: 2/1/1/0 | Opened: 0 | Mode: local | Source: onchain+market | Policy: raw=OK/effective=OK(healthy | route=allow_all) | Regime: YELLOW(avg_cand=2.25) | Safety: checked=2 fail_closed=0 reasons=api_code_4029:2 | FiltersTop(session): safe_age:3,safe_volume:3,source_qos_cap:1,score_min:1 | Dedup: heavy_skip=0 override=0 | V2Budget: 2/280 | SourceQoS: enabled=1/in=3/out=3/dropped=0/active_cd=0/drops=none | Ingest: q=0/oldest=0.0s/drop_old=0/dedup_skip=0/enq=0/drain=0 | Sources: dex_boosts:ok=1/fail=0/429=0/lim_wait=0/cd_wait=0/err=0.0%/avg=36ms; dexscreener:ok=11/fail=0/429=0/lim_wait=0/cd_wait=0/err=0.0%/avg=43ms; onchain_enrich:ok=8/fail=0/429=0/lim_wait=0/cd_wait=0/err=0.0%/avg=83ms | Tasks: 3 | RSS: 0.0MB | CycleAvg: 11.48s
2026-02-26 23:26:27,709 [INFO] [u_station_ab_night_autotune_v2] monitor.onchain_factory: PAIR_DETECTED source=uniswap_v3 dex=uniswap_v3 pair=0x5bac35652538ceec2f4ba93985c5a4a28019811c token0=0x4200000000000000000000000000000000000006 token1=0xa75c5f9110cd4e2e02b9fd16ed289701fd758cbf block=42677717 factory=0x33128a8fc17869897dce68ed026d694621f6fdfd
2026-02-26 23:26:27,808 [INFO] [u_station_ab_night_autotune_v2] monitor.onchain_factory: ENRICH_RETRY token=0xf3a7c27bd6e29350fab2cc26b403560d6db4aaf9 pair=0x8d225599d4604d15a4fb6e907d5d91719bd28b5b attempt=1/2 delay=10s
2026-02-26 23:26:27,853 [INFO] [u_station_ab_night_autotune_v2] monitor.onchain_factory: ENRICH_RETRY token=0x564358c459468ceb5fbb663f341d29038d11963c pair=0x81de86c866fb9a9f5283a0530e68c0abac39ddc5 attempt=1/2 delay=10s
2026-02-26 23:26:28,103 [INFO] [u_station_ab_night_autotune_v2] monitor.onchain_factory: ENRICH_RETRY token=0xa75c5f9110cd4e2e02b9fd16ed289701fd758cbf pair=0x5bac35652538ceec2f4ba93985c5a4a28019811c attempt=1/2 delay=10s
2026-02-26 23:26:38,257 [INFO] [u_station_ab_night_autotune_v2] __main__: WATCHLIST merged count=3
2026-02-26 23:26:38,257 [INFO] [u_station_ab_night_autotune_v2] trading.v2_runtime: V2_UNIVERSE in=4 dedup=4 out=4 target=4 novel_target=4 novel_out=1 repeat_dropped=0 symbol_dropped=0 surge_in=0 surge_target=0 surge_out=0
2026-02-26 23:26:38,257 [INFO] [u_station_ab_night_autotune_v2] __main__: V2_SOURCE_QOS_FILTER in=4 out=3 drops={'source_qos_cap': 1} caps={'unknown': 0, 'watchlist': 2}
2026-02-26 23:26:38,257 [INFO] [u_station_ab_night_autotune_v2] __main__: FILTER_FAIL token=AERO reason=source_qos_cap source=watchlist used=2/2
2026-02-26 23:26:38,273 [INFO] [u_station_ab_night_autotune_v2] __main__: FILTER_PASS token=cbBTC tier=A score=100 mode=YELLOW risk=MEDIUM liq=20165348 vol5m=79940
2026-02-26 23:26:38,274 [INFO] [u_station_ab_night_autotune_v2] __main__: FILTER_PASS token=VIRTUAL tier=A score=75 mode=YELLOW risk=MEDIUM liq=7315397 vol5m=19
2026-02-26 23:26:38,275 [INFO] [u_station_ab_night_autotune_v2] __main__: FILTER_FAIL token=CHARLES reason=safe_volume vol5m=0 min=6 regime=YELLOW
2026-02-26 23:26:38,275 [INFO] [u_station_ab_night_autotune_v2] __main__: V2_QUALITY_GATE enabled=True regime=YELLOW in=2 out=2 core_out=1 explore_out=1 probe_out=0 quota=1 max_symbol_share=0.500 drop={} sources_used={'watchlist': 2}
2026-02-26 23:26:38,275 [INFO] [u_station_ab_night_autotune_v2] __main__: V2_ENTRY_ROUTE enabled=True regime=YELLOW in=2 out=2 core_out=1 explore_out=1 quota=1 allow_explore=True
2026-02-26 23:26:38,275 [INFO] [u_station_ab_night_autotune_v2] __main__: MARKET_REGIME mode=YELLOW reason=avg_cand=2.20 avg_cand_recent=2.20
2026-02-26 23:26:38,275 [INFO] [u_station_ab_night_autotune_v2] trading.auto_trader: AutoTrade skip token=cbBTC reason=cooldown_left_253s
2026-02-26 23:26:38,275 [INFO] [u_station_ab_night_autotune_v2] trading.auto_trader: AutoTrade adjust token=VIRTUAL reason=min_trade_floor size=$0.03->$0.10 min=$0.10
2026-02-26 23:26:38,275 [INFO] [u_station_ab_night_autotune_v2] trading.auto_trader: AutoTrade skip token=VIRTUAL reason=edge_low mode=both edge=-29.70% raw=-27.50% mult=1.08 min=0.05% probe_min=0.05% edge_usd=$-0.030 min_usd=$0.000 probe_min_usd=$0.000 size=$0.10 gross=3.20% costs=30.70% pwin=0.45 probe=- budget=0/1
2026-02-26 23:26:38,275 [INFO] [u_station_ab_night_autotune_v2] trading.auto_trader: AutoTrade batch mode=top_n candidates=2 eligible=2 selected=2 opened=0 pe=off burst_window=0
2026-02-26 23:26:38,275 [INFO] [u_station_ab_night_autotune_v2] trading.auto_trader: PAPER_SUMMARY window=60s closed_delta=0 wins_delta=0 losses_delta=0 realized_delta=$0.00 total_closed=15 winrate_total=13.3% realized_total=$-0.14 balance=$6.86 equity=$6.86 open=0
2026-02-26 23:26:38,275 [INFO] [u_station_ab_night_autotune_v2] __main__: Scanned 4 tokens | High quality: 2 | Alerts sent: 0 | Trade candidates: 2 | Quality out/core/explore/probe: 2/1/1/0 | Opened: 0 | Mode: local | Source: onchain+market | Policy: raw=OK/effective=OK(healthy | route=allow_all) | Regime: YELLOW(avg_cand=2.20) | Safety: checked=2 fail_closed=0 reasons=api_code_4029:2 | FiltersTop(session): safe_volume:4,safe_age:3,source_qos_cap:2,score_min:1 | Dedup: heavy_skip=0 override=0 | V2Budget: 2/280 | SourceQoS: enabled=1/in=4/out=3/dropped=1/active_cd=0/drops=source_qos_cap:1 | Ingest: q=0/oldest=0.0s/drop_old=0/dedup_skip=0/enq=0/drain=0 | Sources: dex_boosts:ok=1/fail=0/429=0/lim_wait=0/cd_wait=0/err=0.0%/avg=48ms; dexscreener:ok=11/fail=0/429=0/lim_wait=0/cd_wait=0/err=0.0%/avg=65ms; onchain_enrich:ok=12/fail=0/429=0/lim_wait=0/cd_wait=0/err=0.0%/avg=111ms; onchain_weth_price:ok=2/fail=0/429=0/lim_wait=0/cd_wait=0/err=0.0%/avg=59ms | Tasks: 3 | RSS: 0.0MB | CycleAvg: 11.31s
2026-02-26 23:26:42,769 [INFO] [u_station_ab_night_autotune_v2] monitor.onchain_factory: ENRICH_RETRY token=0xf3a7c27bd6e29350fab2cc26b403560d6db4aaf9 pair=0x8d225599d4604d15a4fb6e907d5d91719bd28b5b attempt=1/2 delay=10s
2026-02-26 23:26:42,771 [INFO] [u_station_ab_night_autotune_v2] monitor.onchain_factory: ENRICH_RETRY token=0xa75c5f9110cd4e2e02b9fd16ed289701fd758cbf pair=0x5bac35652538ceec2f4ba93985c5a4a28019811c attempt=1/2 delay=10s
2026-02-26 23:26:52,863 [INFO] [u_station_ab_night_autotune_v2] __main__: WATCHLIST merged count=3
2026-02-26 23:26:52,863 [INFO] [u_station_ab_night_autotune_v2] trading.v2_runtime: V2_UNIVERSE in=6 dedup=6 out=6 target=6 novel_target=6 novel_out=3 repeat_dropped=0 symbol_dropped=0 surge_in=0 surge_target=0 surge_out=0
2026-02-26 23:26:52,863 [INFO] [u_station_ab_night_autotune_v2] __main__: V2_SOURCE_QOS_FILTER in=6 out=5 drops={'source_qos_cap': 1} caps={'geckoterminal': 287, 'watchlist': 2}
2026-02-26 23:26:52,863 [INFO] [u_station_ab_night_autotune_v2] __main__: FILTER_FAIL token=AERO reason=source_qos_cap source=watchlist used=2/2
2026-02-26 23:26:52,863 [INFO] [u_station_ab_night_autotune_v2] __main__: FILTER_PASS token=cbBTC tier=A score=100 mode=YELLOW risk=MEDIUM liq=20165348 vol5m=79940
2026-02-26 23:26:52,863 [INFO] [u_station_ab_night_autotune_v2] __main__: FILTER_PASS token=VIRTUAL tier=A score=75 mode=YELLOW risk=MEDIUM liq=7315397 vol5m=19
2026-02-26 23:26:52,863 [INFO] [u_station_ab_night_autotune_v2] __main__: FILTER_FAIL token=GORD reason=safe_volume vol5m=0 min=6 regime=YELLOW
2026-02-26 23:26:52,863 [INFO] [u_station_ab_night_autotune_v2] __main__: FILTER_FAIL token=BANKRBOT reason=safe_volume vol5m=0 min=6 regime=YELLOW
2026-02-26 23:26:52,863 [INFO] [u_station_ab_night_autotune_v2] __main__: FILTER_FAIL token=ClawnchTitan reason=safe_volume vol5m=0 min=6 regime=YELLOW
2026-02-26 23:26:52,878 [INFO] [u_station_ab_night_autotune_v2] __main__: V2_QUALITY_GATE enabled=True regime=YELLOW in=2 out=2 core_out=1 explore_out=1 probe_out=0 quota=1 max_symbol_share=0.500 drop={} sources_used={'watchlist': 2}
2026-02-26 23:26:52,878 [INFO] [u_station_ab_night_autotune_v2] __main__: V2_ENTRY_ROUTE enabled=True regime=YELLOW in=2 out=2 core_out=1 explore_out=1 quota=1 allow_explore=True
2026-02-26 23:26:52,882 [INFO] [u_station_ab_night_autotune_v2] __main__: MARKET_REGIME mode=YELLOW reason=avg_cand=2.17 avg_cand_recent=2.17
2026-02-26 23:26:52,883 [INFO] [u_station_ab_night_autotune_v2] trading.auto_trader: AutoTrade skip token=cbBTC reason=cooldown_left_238s
2026-02-26 23:26:52,883 [INFO] [u_station_ab_night_autotune_v2] trading.auto_trader: AutoTrade adjust token=VIRTUAL reason=min_trade_floor size=$0.03->$0.10 min=$0.10
2026-02-26 23:26:52,883 [INFO] [u_station_ab_night_autotune_v2] trading.auto_trader: AutoTrade skip token=VIRTUAL reason=edge_low mode=both edge=-29.70% raw=-27.50% mult=1.08 min=0.05% probe_min=0.05% edge_usd=$-0.030 min_usd=$0.000 probe_min_usd=$0.000 size=$0.10 gross=3.20% costs=30.70% pwin=0.45 probe=- budget=0/1
2026-02-26 23:26:52,883 [INFO] [u_station_ab_night_autotune_v2] trading.auto_trader: AutoTrade batch mode=top_n candidates=2 eligible=2 selected=2 opened=0 pe=off burst_window=0
2026-02-26 23:26:52,883 [INFO] [u_station_ab_night_autotune_v2] __main__: Scanned 6 tokens | High quality: 2 | Alerts sent: 0 | Trade candidates: 2 | Quality out/core/explore/probe: 2/1/1/0 | Opened: 0 | Mode: local | Source: onchain+market | Policy: raw=OK/effective=OK(healthy | route=allow_all) | Regime: YELLOW(avg_cand=2.17) | Safety: checked=2 fail_closed=0 reasons=api_code_4029:2 | FiltersTop(session): safe_volume:7,source_qos_cap:3,safe_age:3,score_min:1 | Dedup: heavy_skip=0 override=0 | V2Budget: 2/280 | SourceQoS: enabled=1/in=6/out=5/dropped=1/active_cd=0/drops=source_qos_cap:1 | Ingest: q=0/oldest=0.0s/drop_old=0/dedup_skip=0/enq=3/drain=3 | Sources: dex_boosts:ok=1/fail=0/429=0/lim_wait=0/cd_wait=0/err=0.0%/avg=60ms; dexscreener:ok=11/fail=0/429=0/lim_wait=0/cd_wait=0/err=0.0%/avg=400ms; geckoterminal:ok=1/fail=0/429=0/lim_wait=0/cd_wait=0/err=0.0%/avg=256ms; onchain_enrich:ok=8/fail=0/429=0/lim_wait=0/cd_wait=0/err=0.0%/avg=35ms | Tasks: 3 | RSS: 0.0MB | CycleAvg: 11.25s
2026-02-26 23:26:57,359 [INFO] [u_station_ab_night_autotune_v2] monitor.onchain_factory: ENRICH_RETRY token=0xa75c5f9110cd4e2e02b9fd16ed289701fd758cbf pair=0x5bac35652538ceec2f4ba93985c5a4a28019811c attempt=1/2 delay=10s
2026-02-26 23:26:57,360 [INFO] [u_station_ab_night_autotune_v2] monitor.onchain_factory: ENRICH_RETRY token=0xf3a7c27bd6e29350fab2cc26b403560d6db4aaf9 pair=0x8d225599d4604d15a4fb6e907d5d91719bd28b5b attempt=1/2 delay=10s
2026-02-26 23:27:07,569 [INFO] [u_station_ab_night_autotune_v2] __main__: WATCHLIST merged count=3
2026-02-26 23:27:07,570 [INFO] [u_station_ab_night_autotune_v2] trading.v2_runtime: V2_UNIVERSE in=4 dedup=4 out=4 target=4 novel_target=4 novel_out=1 repeat_dropped=0 symbol_dropped=0 surge_in=1 surge_target=1 surge_out=1
2026-02-26 23:27:07,571 [INFO] [u_station_ab_night_autotune_v2] __main__: V2_SOURCE_QOS_FILTER in=4 out=3 drops={'source_qos_cap': 1} caps={'unknown': 0, 'watchlist': 2}
2026-02-26 23:27:07,572 [INFO] [u_station_ab_night_autotune_v2] __main__: FILTER_FAIL token=AERO reason=source_qos_cap source=watchlist used=2/2
2026-02-26 23:27:07,573 [INFO] [u_station_ab_night_autotune_v2] __main__: FILTER_FAIL token=DOCH reason=safe_age
2026-02-26 23:27:07,573 [INFO] [u_station_ab_night_autotune_v2] __main__: FILTER_PASS token=cbBTC tier=A score=100 mode=YELLOW risk=MEDIUM liq=20165348 vol5m=79940
2026-02-26 23:27:07,574 [INFO] [u_station_ab_night_autotune_v2] __main__: FILTER_PASS token=VIRTUAL tier=A score=75 mode=YELLOW risk=MEDIUM liq=7315397 vol5m=19
2026-02-26 23:27:07,575 [INFO] [u_station_ab_night_autotune_v2] __main__: V2_QUALITY_GATE enabled=True regime=YELLOW in=2 out=2 core_out=1 explore_out=1 probe_out=0 quota=1 max_symbol_share=0.500 drop={} sources_used={'watchlist': 2}
2026-02-26 23:27:07,576 [INFO] [u_station_ab_night_autotune_v2] __main__: V2_ENTRY_ROUTE enabled=True regime=YELLOW in=2 out=2 core_out=1 explore_out=1 quota=1 allow_explore=True
2026-02-26 23:27:07,576 [INFO] [u_station_ab_night_autotune_v2] __main__: MARKET_REGIME mode=YELLOW reason=avg_cand=2.14 avg_cand_recent=2.14
2026-02-26 23:27:07,577 [INFO] [u_station_ab_night_autotune_v2] trading.auto_trader: AutoTrade skip token=cbBTC reason=cooldown_left_223s
2026-02-26 23:27:07,578 [INFO] [u_station_ab_night_autotune_v2] trading.auto_trader: AutoTrade adjust token=VIRTUAL reason=min_trade_floor size=$0.03->$0.10 min=$0.10
2026-02-26 23:27:07,579 [INFO] [u_station_ab_night_autotune_v2] trading.auto_trader: AutoTrade skip token=VIRTUAL reason=edge_low mode=both edge=-29.70% raw=-27.50% mult=1.08 min=0.05% probe_min=0.05% edge_usd=$-0.030 min_usd=$0.000 probe_min_usd=$0.000 size=$0.10 gross=3.20% costs=30.70% pwin=0.45 probe=- budget=0/1
2026-02-26 23:27:07,580 [INFO] [u_station_ab_night_autotune_v2] trading.auto_trader: AutoTrade batch mode=top_n candidates=2 eligible=2 selected=2 opened=0 pe=off burst_window=0
2026-02-26 23:27:07,581 [INFO] [u_station_ab_night_autotune_v2] __main__: Scanned 4 tokens | High quality: 2 | Alerts sent: 0 | Trade candidates: 2 | Quality out/core/explore/probe: 2/1/1/0 | Opened: 0 | Mode: local | Source: onchain+market | Policy: raw=OK/effective=OK(healthy | route=allow_all) | Regime: YELLOW(avg_cand=2.14) | Safety: checked=2 fail_closed=0 reasons=api_code_4029:2 | FiltersTop(session): safe_volume:7,source_qos_cap:4,safe_age:4,score_min:1 | Dedup: heavy_skip=0 override=0 | V2Budget: 2/280 | SourceQoS: enabled=1/in=4/out=3/dropped=1/active_cd=0/drops=source_qos_cap:1 | Ingest: q=0/oldest=0.0s/drop_old=0/dedup_skip=0/enq=0/drain=0 | Sources: dex_boosts:ok=1/fail=0/429=0/lim_wait=0/cd_wait=0/err=0.0%/avg=34ms; dexscreener:ok=11/fail=0/429=0/lim_wait=0/cd_wait=0/err=0.0%/avg=44ms; onchain_enrich:ok=7/fail=0/429=0/lim_wait=0/cd_wait=0/err=0.0%/avg=66ms | Tasks: 3 | RSS: 0.0MB | CycleAvg: 11.14s
2026-02-26 23:27:12,403 [INFO] [u_station_ab_night_autotune_v2] monitor.onchain_factory: ENRICH_RETRY token=0xf3a7c27bd6e29350fab2cc26b403560d6db4aaf9 pair=0x8d225599d4604d15a4fb6e907d5d91719bd28b5b attempt=1/2 delay=10s
2026-02-26 23:27:22,664 [INFO] [u_station_ab_night_autotune_v2] __main__: WATCHLIST merged count=3
2026-02-26 23:27:22,664 [INFO] [u_station_ab_night_autotune_v2] trading.v2_runtime: V2_UNIVERSE in=3 dedup=3 out=3 target=3 novel_target=3 novel_out=0 repeat_dropped=0 symbol_dropped=0 surge_in=0 surge_target=0 surge_out=0
2026-02-26 23:27:22,665 [INFO] [u_station_ab_night_autotune_v2] __main__: FILTER_PASS token=cbBTC tier=A score=100 mode=YELLOW risk=MEDIUM liq=20165348 vol5m=79940
2026-02-26 23:27:22,666 [INFO] [u_station_ab_night_autotune_v2] __main__: FILTER_PASS token=VIRTUAL tier=A score=75 mode=YELLOW risk=MEDIUM liq=7315397 vol5m=19
2026-02-26 23:27:22,668 [INFO] [u_station_ab_night_autotune_v2] __main__: FILTER_FAIL token=AERO reason=safe_volume vol5m=0 min=6 regime=YELLOW
2026-02-26 23:27:22,668 [INFO] [u_station_ab_night_autotune_v2] __main__: V2_QUALITY_GATE enabled=True regime=YELLOW in=2 out=2 core_out=1 explore_out=1 probe_out=0 quota=1 max_symbol_share=0.500 drop={} sources_used={'watchlist': 2}
2026-02-26 23:27:22,669 [INFO] [u_station_ab_night_autotune_v2] __main__: V2_ENTRY_ROUTE enabled=True regime=YELLOW in=2 out=2 core_out=1 explore_out=1 quota=1 allow_explore=True
2026-02-26 23:27:22,669 [INFO] [u_station_ab_night_autotune_v2] __main__: MARKET_REGIME mode=YELLOW reason=avg_cand=2.12 avg_cand_recent=2.12
2026-02-26 23:27:22,670 [INFO] [u_station_ab_night_autotune_v2] trading.auto_trader: AutoTrade skip token=cbBTC reason=cooldown_left_208s
2026-02-26 23:27:22,672 [INFO] [u_station_ab_night_autotune_v2] trading.auto_trader: AutoTrade adjust token=VIRTUAL reason=min_trade_floor size=$0.03->$0.10 min=$0.10
2026-02-26 23:27:22,675 [INFO] [u_station_ab_night_autotune_v2] trading.auto_trader: AutoTrade skip token=VIRTUAL reason=edge_low mode=both edge=-29.70% raw=-27.50% mult=1.08 min=0.05% probe_min=0.05% edge_usd=$-0.030 min_usd=$0.000 probe_min_usd=$0.000 size=$0.10 gross=3.20% costs=30.70% pwin=0.45 probe=- budget=0/1
2026-02-26 23:27:22,675 [INFO] [u_station_ab_night_autotune_v2] trading.auto_trader: AutoTrade batch mode=top_n candidates=2 eligible=2 selected=2 opened=0 pe=off burst_window=0
2026-02-26 23:27:22,676 [INFO] [u_station_ab_night_autotune_v2] __main__: Scanned 3 tokens | High quality: 3 | Alerts sent: 0 | Trade candidates: 2 | Quality out/core/explore/probe: 2/1/1/0 | Opened: 0 | Mode: local | Source: onchain+market | Policy: raw=OK/effective=OK(healthy | route=allow_all) | Regime: YELLOW(avg_cand=2.12) | Safety: checked=2 fail_closed=0 reasons=api_code_4029:2 | FiltersTop(session): safe_volume:8,source_qos_cap:4,safe_age:4,score_min:1 | Dedup: heavy_skip=0 override=0 | V2Budget: 2/280 | SourceQoS: enabled=1/in=3/out=3/dropped=0/active_cd=0/drops=none | Ingest: q=0/oldest=0.0s/drop_old=0/dedup_skip=0/enq=0/drain=0 | Sources: dex_boosts:ok=1/fail=0/429=0/lim_wait=0/cd_wait=0/err=0.0%/avg=43ms; dexscreener:ok=11/fail=0/429=0/lim_wait=0/cd_wait=0/err=0.0%/avg=50ms; onchain_enrich:ok=4/fail=0/429=0/lim_wait=0/cd_wait=0/err=0.0%/avg=166ms | Tasks: 3 | RSS: 0.0MB | CycleAvg: 11.08s
2026-02-26 23:27:26,952 [INFO] [u_station_ab_night_autotune_v2] monitor.onchain_factory: PAIR_DETECTED source=uniswap_v2 dex=uniswap_v2 pair=0xbe549fa28681d44d81d867a98e41d838b697c70e token0=0x4200000000000000000000000000000000000006 token1=0x5231a1c87f40384aa33550bc206cc61ce2166ba3 block=42677744 factory=0x8909dc15e40173ff4699343b6eb8132c65e18ec6
2026-02-26 23:27:27,240 [INFO] [u_station_ab_night_autotune_v2] monitor.onchain_factory: ENRICH_RETRY token=0xf3a7c27bd6e29350fab2cc26b403560d6db4aaf9 pair=0x8d225599d4604d15a4fb6e907d5d91719bd28b5b attempt=1/2 delay=10s
2026-02-26 23:27:27,382 [INFO] [u_station_ab_night_autotune_v2] monitor.onchain_factory: ENRICH_RETRY token=0x5231a1c87f40384aa33550bc206cc61ce2166ba3 pair=0xbe549fa28681d44d81d867a98e41d838b697c70e attempt=1/2 delay=10s
2026-02-26 23:27:37,470 [INFO] [u_station_ab_night_autotune_v2] __main__: WATCHLIST merged count=3
2026-02-26 23:27:37,470 [INFO] [u_station_ab_night_autotune_v2] trading.v2_runtime: V2_UNIVERSE in=3 dedup=3 out=3 target=3 novel_target=3 novel_out=0 repeat_dropped=0 symbol_dropped=0 surge_in=0 surge_target=0 surge_out=0
2026-02-26 23:27:37,470 [INFO] [u_station_ab_night_autotune_v2] __main__: FILTER_PASS token=cbBTC tier=A score=100 mode=YELLOW risk=MEDIUM liq=20165348 vol5m=79940
2026-02-26 23:27:37,470 [INFO] [u_station_ab_night_autotune_v2] __main__: FILTER_PASS token=VIRTUAL tier=A score=75 mode=YELLOW risk=MEDIUM liq=7315397 vol5m=19
2026-02-26 23:27:37,470 [INFO] [u_station_ab_night_autotune_v2] __main__: FILTER_FAIL token=AERO reason=safe_volume vol5m=0 min=6 regime=YELLOW
2026-02-26 23:27:37,470 [INFO] [u_station_ab_night_autotune_v2] __main__: V2_QUALITY_GATE enabled=True regime=YELLOW in=2 out=2 core_out=1 explore_out=1 probe_out=0 quota=1 max_symbol_share=0.500 drop={} sources_used={'watchlist': 2}
2026-02-26 23:27:37,470 [INFO] [u_station_ab_night_autotune_v2] __main__: V2_ENTRY_ROUTE enabled=True regime=YELLOW in=2 out=2 core_out=1 explore_out=1 quota=1 allow_explore=True
2026-02-26 23:27:37,470 [INFO] [u_station_ab_night_autotune_v2] __main__: MARKET_REGIME mode=YELLOW reason=avg_cand=2.11 avg_cand_recent=2.11
2026-02-26 23:27:37,470 [INFO] [u_station_ab_night_autotune_v2] trading.auto_trader: AutoTrade skip token=cbBTC reason=cooldown_left_193s
2026-02-26 23:27:37,503 [INFO] [u_station_ab_night_autotune_v2] trading.auto_trader: AutoTrade adjust token=VIRTUAL reason=min_trade_floor size=$0.03->$0.10 min=$0.10
2026-02-26 23:27:37,505 [INFO] [u_station_ab_night_autotune_v2] trading.auto_trader: AutoTrade skip token=VIRTUAL reason=edge_low mode=both edge=-29.70% raw=-27.50% mult=1.08 min=0.05% probe_min=0.05% edge_usd=$-0.030 min_usd=$0.000 probe_min_usd=$0.000 size=$0.10 gross=3.20% costs=30.70% pwin=0.45 probe=- budget=0/1
2026-02-26 23:27:37,505 [INFO] [u_station_ab_night_autotune_v2] trading.auto_trader: AutoTrade batch mode=top_n candidates=2 eligible=2 selected=2 opened=0 pe=off burst_window=0
2026-02-26 23:27:37,506 [INFO] [u_station_ab_night_autotune_v2] __main__: Scanned 3 tokens | High quality: 3 | Alerts sent: 0 | Trade candidates: 2 | Quality out/core/explore/probe: 2/1/1/0 | Opened: 0 | Mode: local | Source: onchain+market | Policy: raw=OK/effective=OK(healthy | route=allow_all) | Regime: YELLOW(avg_cand=2.11) | Safety: checked=2 fail_closed=0 reasons=api_code_4029:2 | FiltersTop(session): safe_volume:9,source_qos_cap:4,safe_age:4,score_min:1 | Dedup: heavy_skip=0 override=0 | V2Budget: 2/280 | SourceQoS: enabled=1/in=3/out=3/dropped=0/active_cd=0/drops=none | Ingest: q=0/oldest=0.0s/drop_old=0/dedup_skip=0/enq=0/drain=0 | Sources: dex_boosts:ok=1/fail=0/429=0/lim_wait=0/cd_wait=0/err=0.0%/avg=57ms; dexscreener:ok=11/fail=0/429=0/lim_wait=0/cd_wait=0/err=0.0%/avg=227ms; onchain_enrich:ok=8/fail=0/429=0/lim_wait=0/cd_wait=0/err=0.0%/avg=92ms | Tasks: 3 | RSS: 0.0MB | CycleAvg: 11.08s
2026-02-26 23:27:42,000 [INFO] [u_station_ab_night_autotune_v2] monitor.onchain_factory: ENRICH_RETRY token=0x5231a1c87f40384aa33550bc206cc61ce2166ba3 pair=0xbe549fa28681d44d81d867a98e41d838b697c70e attempt=1/2 delay=10s
2026-02-26 23:27:42,008 [INFO] [u_station_ab_night_autotune_v2] monitor.onchain_factory: ENRICH_RETRY token=0xf3a7c27bd6e29350fab2cc26b403560d6db4aaf9 pair=0x8d225599d4604d15a4fb6e907d5d91719bd28b5b attempt=1/2 delay=10s
2026-02-26 23:27:52,856 [INFO] [u_station_ab_night_autotune_v2] __main__: WATCHLIST merged count=3
2026-02-26 23:27:52,856 [INFO] [u_station_ab_night_autotune_v2] trading.v2_runtime: V2_UNIVERSE in=3 dedup=3 out=3 target=3 novel_target=3 novel_out=0 repeat_dropped=0 symbol_dropped=0 surge_in=0 surge_target=0 surge_out=0
2026-02-26 23:27:52,856 [INFO] [u_station_ab_night_autotune_v2] __main__: FILTER_PASS token=cbBTC tier=A score=100 mode=YELLOW risk=MEDIUM liq=20165348 vol5m=79940
2026-02-26 23:27:52,856 [INFO] [u_station_ab_night_autotune_v2] __main__: FILTER_PASS token=VIRTUAL tier=A score=75 mode=YELLOW risk=MEDIUM liq=7315397 vol5m=19
2026-02-26 23:27:52,856 [INFO] [u_station_ab_night_autotune_v2] __main__: FILTER_FAIL token=AERO reason=safe_volume vol5m=0 min=6 regime=YELLOW
2026-02-26 23:27:52,856 [INFO] [u_station_ab_night_autotune_v2] __main__: V2_QUALITY_GATE enabled=True regime=YELLOW in=2 out=2 core_out=1 explore_out=1 probe_out=0 quota=1 max_symbol_share=0.500 drop={} sources_used={'watchlist': 2}
2026-02-26 23:27:52,856 [INFO] [u_station_ab_night_autotune_v2] __main__: V2_ENTRY_ROUTE enabled=True regime=YELLOW in=2 out=2 core_out=1 explore_out=1 quota=1 allow_explore=True
2026-02-26 23:27:52,856 [INFO] [u_station_ab_night_autotune_v2] __main__: MARKET_REGIME mode=YELLOW reason=avg_cand=2.10 avg_cand_recent=2.10
2026-02-26 23:27:52,856 [INFO] [u_station_ab_night_autotune_v2] trading.auto_trader: AutoTrade skip token=cbBTC reason=cooldown_left_178s
2026-02-26 23:27:52,872 [INFO] [u_station_ab_night_autotune_v2] trading.auto_trader: AutoTrade adjust token=VIRTUAL reason=min_trade_floor size=$0.03->$0.10 min=$0.10
2026-02-26 23:27:52,872 [INFO] [u_station_ab_night_autotune_v2] trading.auto_trader: AutoTrade skip token=VIRTUAL reason=edge_low mode=both edge=-29.70% raw=-27.50% mult=1.08 min=0.05% probe_min=0.05% edge_usd=$-0.030 min_usd=$0.000 probe_min_usd=$0.000 size=$0.10 gross=3.20% costs=30.70% pwin=0.45 probe=- budget=0/1
2026-02-26 23:27:52,873 [INFO] [u_station_ab_night_autotune_v2] trading.auto_trader: AutoTrade batch mode=top_n candidates=2 eligible=2 selected=2 opened=0 pe=off burst_window=0
2026-02-26 23:27:52,874 [INFO] [u_station_ab_night_autotune_v2] trading.auto_trader: PAPER_SUMMARY window=60s closed_delta=0 wins_delta=0 losses_delta=0 realized_delta=$0.00 total_closed=15 winrate_total=13.3% realized_total=$-0.14 balance=$6.86 equity=$6.86 open=0
2026-02-26 23:27:52,874 [INFO] [u_station_ab_night_autotune_v2] __main__: Scanned 3 tokens | High quality: 3 | Alerts sent: 0 | Trade candidates: 2 | Quality out/core/explore/probe: 2/1/1/0 | Opened: 0 | Mode: local | Source: onchain+market | Policy: raw=OK/effective=OK(healthy | route=allow_all) | Regime: YELLOW(avg_cand=2.10) | Safety: checked=2 fail_closed=0 reasons=api_code_4029:2 | FiltersTop(session): safe_volume:10,source_qos_cap:4,safe_age:4,score_min:1 | Dedup: heavy_skip=0 override=0 | V2Budget: 2/280 | SourceQoS: enabled=1/in=3/out=3/dropped=0/active_cd=0/drops=none | Ingest: q=0/oldest=0.0s/drop_old=0/dedup_skip=0/enq=0/drain=0 | Sources: dex_boosts:ok=1/fail=0/429=0/lim_wait=0/cd_wait=0/err=0.0%/avg=31ms; dexscreener:ok=11/fail=0/429=0/lim_wait=0/cd_wait=0/err=0.0%/avg=42ms; onchain_enrich:ok=8/fail=0/429=0/lim_wait=0/cd_wait=0/err=0.0%/avg=134ms; onchain_weth_price:ok=1/fail=0/429=0/lim_wait=0/cd_wait=0/err=0.0%/avg=51ms | Tasks: 3 | RSS: 0.0MB | CycleAvg: 11.05s
2026-02-26 23:27:57,369 [INFO] [u_station_ab_night_autotune_v2] monitor.onchain_factory: ENRICH_RETRY token=0x5231a1c87f40384aa33550bc206cc61ce2166ba3 pair=0xbe549fa28681d44d81d867a98e41d838b697c70e attempt=1/2 delay=10s
2026-02-26 23:27:57,369 [INFO] [u_station_ab_night_autotune_v2] monitor.onchain_factory: ENRICH_RETRY token=0xf3a7c27bd6e29350fab2cc26b403560d6db4aaf9 pair=0x8d225599d4604d15a4fb6e907d5d91719bd28b5b attempt=1/2 delay=10s
2026-02-26 23:28:07,453 [INFO] [u_station_ab_night_autotune_v2] __main__: WATCHLIST merged count=3
2026-02-26 23:28:07,453 [INFO] [u_station_ab_night_autotune_v2] trading.v2_runtime: V2_UNIVERSE in=7 dedup=7 out=7 target=7 novel_target=6 novel_out=2 repeat_dropped=0 symbol_dropped=0 surge_in=0 surge_target=0 surge_out=0
2026-02-26 23:28:07,453 [INFO] [u_station_ab_night_autotune_v2] __main__: V2_SOURCE_QOS_FILTER in=7 out=6 drops={'source_qos_cap': 1} caps={'geckoterminal': 287, 'watchlist': 2, 'unknown': 0}
2026-02-26 23:28:07,453 [INFO] [u_station_ab_night_autotune_v2] __main__: FILTER_FAIL token=AERO reason=source_qos_cap source=watchlist used=2/2
2026-02-26 23:28:07,453 [INFO] [u_station_ab_night_autotune_v2] __main__: FILTER_PASS token=cbBTC tier=A score=100 mode=YELLOW risk=MEDIUM liq=20165348 vol5m=79940
2026-02-26 23:28:07,453 [INFO] [u_station_ab_night_autotune_v2] __main__: FILTER_FAIL token=DOCH reason=score_min score=40 strict_min=48 soft_min=48 mode=YELLOW
2026-02-26 23:28:07,470 [INFO] [u_station_ab_night_autotune_v2] __main__: FILTER_FAIL token=SYNTHESIS reason=score_min score=30 strict_min=48 soft_min=48 mode=YELLOW
2026-02-26 23:28:07,474 [INFO] [u_station_ab_night_autotune_v2] __main__: FILTER_FAIL token=CHARLES reason=safe_age
2026-02-26 23:28:07,476 [INFO] [u_station_ab_night_autotune_v2] __main__: FILTER_PASS token=VIRTUAL tier=A score=75 mode=YELLOW risk=MEDIUM liq=7315397 vol5m=19
2026-02-26 23:28:07,478 [INFO] [u_station_ab_night_autotune_v2] __main__: FILTER_FAIL token=FLOW reason=safe_volume vol5m=2 min=6 regime=YELLOW
2026-02-26 23:28:07,480 [INFO] [u_station_ab_night_autotune_v2] __main__: V2_QUALITY_GATE enabled=True regime=YELLOW in=2 out=2 core_out=1 explore_out=1 probe_out=0 quota=1 max_symbol_share=0.500 drop={} sources_used={'watchlist': 2}
2026-02-26 23:28:07,480 [INFO] [u_station_ab_night_autotune_v2] __main__: V2_ENTRY_ROUTE enabled=True regime=YELLOW in=2 out=2 core_out=1 explore_out=1 quota=1 allow_explore=True
2026-02-26 23:28:07,481 [INFO] [u_station_ab_night_autotune_v2] __main__: MARKET_REGIME mode=YELLOW reason=avg_cand=2.09 avg_cand_recent=2.09
2026-02-26 23:28:07,483 [INFO] [u_station_ab_night_autotune_v2] trading.auto_trader: AutoTrade skip token=cbBTC reason=cooldown_left_163s
2026-02-26 23:28:07,484 [INFO] [u_station_ab_night_autotune_v2] trading.auto_trader: AutoTrade adjust token=VIRTUAL reason=min_trade_floor size=$0.03->$0.10 min=$0.10
2026-02-26 23:28:07,486 [INFO] [u_station_ab_night_autotune_v2] trading.auto_trader: AutoTrade skip token=VIRTUAL reason=edge_low mode=both edge=-29.70% raw=-27.50% mult=1.08 min=0.05% probe_min=0.05% edge_usd=$-0.030 min_usd=$0.000 probe_min_usd=$0.000 size=$0.10 gross=3.20% costs=30.70% pwin=0.45 probe=- budget=0/1
2026-02-26 23:28:07,486 [INFO] [u_station_ab_night_autotune_v2] trading.auto_trader: AutoTrade batch mode=top_n candidates=2 eligible=2 selected=2 opened=0 pe=off burst_window=0
2026-02-26 23:28:07,487 [INFO] [u_station_ab_night_autotune_v2] __main__: Scanned 7 tokens | High quality: 2 | Alerts sent: 0 | Trade candidates: 2 | Quality out/core/explore/probe: 2/1/1/0 | Opened: 0 | Mode: local | Source: onchain+market | Policy: raw=OK/effective=OK(healthy | route=allow_all) | Regime: YELLOW(avg_cand=2.09) | Safety: checked=2 fail_closed=0 reasons=api_code_4029:2 | FiltersTop(session): safe_volume:11,source_qos_cap:5,safe_age:5,score_min:3 | Dedup: heavy_skip=0 override=0 | V2Budget: 2/280 | SourceQoS: enabled=1/in=7/out=6/dropped=1/active_cd=0/drops=source_qos_cap:1 | Ingest: q=0/oldest=0.0s/drop_old=0/dedup_skip=0/enq=3/drain=3 | Sources: dex_boosts:ok=1/fail=0/429=0/lim_wait=0/cd_wait=0/err=0.0%/avg=124ms; dexscreener:ok=11/fail=0/429=0/lim_wait=0/cd_wait=0/err=0.0%/avg=94ms; geckoterminal:ok=1/fail=0/429=0/lim_wait=0/cd_wait=0/err=0.0%/avg=176ms; onchain_enrich:ok=7/fail=0/429=0/lim_wait=0/cd_wait=0/err=0.0%/avg=39ms | Tasks: 3 | RSS: 0.0MB | CycleAvg: 11.08s
2026-02-26 23:28:12,016 [INFO] [u_station_ab_night_autotune_v2] monitor.onchain_factory: ENRICH_RETRY token=0xf3a7c27bd6e29350fab2cc26b403560d6db4aaf9 pair=0x8d225599d4604d15a4fb6e907d5d91719bd28b5b attempt=1/2 delay=10s
2026-02-26 23:28:22,103 [INFO] [u_station_ab_night_autotune_v2] __main__: WATCHLIST merged count=3
2026-02-26 23:28:22,103 [INFO] [u_station_ab_night_autotune_v2] trading.v2_runtime: V2_UNIVERSE in=3 dedup=3 out=3 target=3 novel_target=3 novel_out=0 repeat_dropped=0 symbol_dropped=0 surge_in=0 surge_target=0 surge_out=0
2026-02-26 23:28:22,103 [INFO] [u_station_ab_night_autotune_v2] __main__: FILTER_PASS token=cbBTC tier=A score=100 mode=YELLOW risk=MEDIUM liq=20165348 vol5m=79940
2026-02-26 23:28:22,103 [INFO] [u_station_ab_night_autotune_v2] __main__: FILTER_PASS token=VIRTUAL tier=A score=75 mode=YELLOW risk=MEDIUM liq=7315397 vol5m=19
2026-02-26 23:28:22,103 [INFO] [u_station_ab_night_autotune_v2] __main__: FILTER_FAIL token=AERO reason=safe_volume vol5m=0 min=6 regime=YELLOW
2026-02-26 23:28:22,103 [INFO] [u_station_ab_night_autotune_v2] __main__: V2_QUALITY_GATE enabled=True regime=YELLOW in=2 out=2 core_out=1 explore_out=1 probe_out=0 quota=1 max_symbol_share=0.500 drop={} sources_used={'watchlist': 2}
2026-02-26 23:28:22,103 [INFO] [u_station_ab_night_autotune_v2] __main__: V2_ENTRY_ROUTE enabled=True regime=YELLOW in=2 out=2 core_out=1 explore_out=1 quota=1 allow_explore=True
2026-02-26 23:28:22,103 [INFO] [u_station_ab_night_autotune_v2] __main__: MARKET_REGIME mode=YELLOW reason=avg_cand=2.08 avg_cand_recent=2.08
2026-02-26 23:28:22,112 [INFO] [u_station_ab_night_autotune_v2] trading.auto_trader: AutoTrade skip token=cbBTC reason=cooldown_left_149s
2026-02-26 23:28:22,113 [INFO] [u_station_ab_night_autotune_v2] trading.auto_trader: AutoTrade adjust token=VIRTUAL reason=min_trade_floor size=$0.03->$0.10 min=$0.10
2026-02-26 23:28:22,113 [INFO] [u_station_ab_night_autotune_v2] trading.auto_trader: AutoTrade skip token=VIRTUAL reason=edge_low mode=both edge=-29.70% raw=-27.50% mult=1.08 min=0.05% probe_min=0.05% edge_usd=$-0.030 min_usd=$0.000 probe_min_usd=$0.000 size=$0.10 gross=3.20% costs=30.70% pwin=0.45 probe=- budget=0/1
2026-02-26 23:28:22,113 [INFO] [u_station_ab_night_autotune_v2] trading.auto_trader: AutoTrade batch mode=top_n candidates=2 eligible=2 selected=2 opened=0 pe=off burst_window=0
2026-02-26 23:28:22,113 [INFO] [u_station_ab_night_autotune_v2] __main__: Scanned 3 tokens | High quality: 3 | Alerts sent: 0 | Trade candidates: 2 | Quality out/core/explore/probe: 2/1/1/0 | Opened: 0 | Mode: local | Source: onchain+market | Policy: raw=OK/effective=OK(healthy | route=allow_all) | Regime: YELLOW(avg_cand=2.08) | Safety: checked=2 fail_closed=0 reasons=api_code_4029:2 | FiltersTop(session): safe_volume:12,source_qos_cap:5,safe_age:5,score_min:3 | Dedup: heavy_skip=0 override=0 | V2Budget: 2/280 | SourceQoS: enabled=1/in=3/out=3/dropped=0/active_cd=0/drops=none | Ingest: q=0/oldest=0.0s/drop_old=0/dedup_skip=0/enq=0/drain=0 | Sources: dex_boosts:ok=1/fail=0/429=0/lim_wait=0/cd_wait=0/err=0.0%/avg=170ms; dexscreener:ok=11/fail=0/429=0/lim_wait=0/cd_wait=0/err=0.0%/avg=213ms; onchain_enrich:ok=4/fail=0/429=0/lim_wait=0/cd_wait=0/err=0.0%/avg=37ms | Tasks: 3 | RSS: 0.0MB | CycleAvg: 11.04s
2026-02-26 23:28:26,387 [INFO] [u_station_ab_night_autotune_v2] monitor.onchain_factory: PAIR_DETECTED source=uniswap_v2 dex=uniswap_v2 pair=0xe27c7edcd3211af9600f8d90c8e94dd6aef2b9b7 token0=0x4200000000000000000000000000000000000006 token1=0xdd6ed3eb978b2425cee3c2c619f0f472851c4c8c block=42677773 factory=0x8909dc15e40173ff4699343b6eb8132c65e18ec6
2026-02-26 23:28:26,875 [INFO] [u_station_ab_night_autotune_v2] monitor.onchain_factory: ENRICH_RETRY token=0xdd6ed3eb978b2425cee3c2c619f0f472851c4c8c pair=0xe27c7edcd3211af9600f8d90c8e94dd6aef2b9b7 attempt=1/2 delay=10s
2026-02-26 23:28:27,243 [INFO] [u_station_ab_night_autotune_v2] monitor.onchain_factory: ENRICH_RETRY token=0xf3a7c27bd6e29350fab2cc26b403560d6db4aaf9 pair=0x8d225599d4604d15a4fb6e907d5d91719bd28b5b attempt=1/2 delay=10s
2026-02-26 23:28:37,332 [INFO] [u_station_ab_night_autotune_v2] __main__: WATCHLIST merged count=3
2026-02-26 23:28:37,333 [INFO] [u_station_ab_night_autotune_v2] trading.v2_runtime: V2_UNIVERSE in=3 dedup=3 out=3 target=3 novel_target=3 novel_out=0 repeat_dropped=0 symbol_dropped=0 surge_in=0 surge_target=0 surge_out=0
2026-02-26 23:28:37,334 [INFO] [u_station_ab_night_autotune_v2] __main__: FILTER_PASS token=cbBTC tier=A score=100 mode=YELLOW risk=MEDIUM liq=20165348 vol5m=79940
2026-02-26 23:28:37,335 [INFO] [u_station_ab_night_autotune_v2] __main__: FILTER_PASS token=VIRTUAL tier=A score=75 mode=YELLOW risk=MEDIUM liq=7315397 vol5m=19
2026-02-26 23:28:37,338 [INFO] [u_station_ab_night_autotune_v2] __main__: FILTER_FAIL token=AERO reason=safe_volume vol5m=0 min=6 regime=YELLOW
2026-02-26 23:28:37,338 [INFO] [u_station_ab_night_autotune_v2] __main__: V2_QUALITY_GATE enabled=True regime=YELLOW in=2 out=2 core_out=1 explore_out=1 probe_out=0 quota=1 max_symbol_share=0.500 drop={} sources_used={'watchlist': 2}
2026-02-26 23:28:37,339 [INFO] [u_station_ab_night_autotune_v2] __main__: V2_ENTRY_ROUTE enabled=True regime=YELLOW in=2 out=2 core_out=1 explore_out=1 quota=1 allow_explore=True
2026-02-26 23:28:37,340 [INFO] [u_station_ab_night_autotune_v2] __main__: MARKET_REGIME mode=YELLOW reason=avg_cand=2.00 avg_cand_recent=2.00
2026-02-26 23:28:37,342 [INFO] [u_station_ab_night_autotune_v2] trading.auto_trader: AutoTrade skip token=cbBTC reason=cooldown_left_133s
2026-02-26 23:28:37,343 [INFO] [u_station_ab_night_autotune_v2] trading.auto_trader: AutoTrade adjust token=VIRTUAL reason=min_trade_floor size=$0.03->$0.10 min=$0.10
2026-02-26 23:28:37,345 [INFO] [u_station_ab_night_autotune_v2] trading.auto_trader: AutoTrade skip token=VIRTUAL reason=edge_low mode=both edge=-29.70% raw=-27.50% mult=1.08 min=0.05% probe_min=0.05% edge_usd=$-0.030 min_usd=$0.000 probe_min_usd=$0.000 size=$0.10 gross=3.20% costs=30.70% pwin=0.45 probe=- budget=0/1
2026-02-26 23:28:37,345 [INFO] [u_station_ab_night_autotune_v2] trading.auto_trader: AutoTrade batch mode=top_n candidates=2 eligible=2 selected=2 opened=0 pe=off burst_window=0
2026-02-26 23:28:37,347 [INFO] [u_station_ab_night_autotune_v2] __main__: Scanned 3 tokens | High quality: 3 | Alerts sent: 0 | Trade candidates: 2 | Quality out/core/explore/probe: 2/1/1/0 | Opened: 0 | Mode: local | Source: onchain+market | Policy: raw=OK/effective=OK(healthy | route=allow_all) | Regime: YELLOW(avg_cand=2.00) | Safety: checked=2 fail_closed=0 reasons=api_code_4029:2 | FiltersTop(session): safe_volume:13,source_qos_cap:5,safe_age:5,score_min:3 | Dedup: heavy_skip=0 override=0 | V2Budget: 2/280 | SourceQoS: enabled=1/in=3/out=3/dropped=0/active_cd=0/drops=none | Ingest: q=0/oldest=0.0s/drop_old=0/dedup_skip=0/enq=0/drain=0 | Sources: dex_boosts:ok=1/fail=0/429=0/lim_wait=0/cd_wait=0/err=0.0%/avg=45ms; dexscreener:ok=11/fail=0/429=0/lim_wait=0/cd_wait=0/err=0.0%/avg=47ms; onchain_enrich:ok=8/fail=0/429=0/lim_wait=0/cd_wait=0/err=0.0%/avg=143ms | Tasks: 3 | RSS: 0.0MB | CycleAvg: 11.00s
2026-02-26 23:28:41,853 [INFO] [u_station_ab_night_autotune_v2] monitor.onchain_factory: ENRICH_RETRY token=0xf3a7c27bd6e29350fab2cc26b403560d6db4aaf9 pair=0x8d225599d4604d15a4fb6e907d5d91719bd28b5b attempt=1/2 delay=10s
2026-02-26 23:28:41,853 [INFO] [u_station_ab_night_autotune_v2] monitor.onchain_factory: ENRICH_RETRY token=0xdd6ed3eb978b2425cee3c2c619f0f472851c4c8c pair=0xe27c7edcd3211af9600f8d90c8e94dd6aef2b9b7 attempt=1/2 delay=10s
2026-02-26 23:28:52,040 [INFO] [u_station_ab_night_autotune_v2] __main__: WATCHLIST merged count=3
2026-02-26 23:28:52,041 [INFO] [u_station_ab_night_autotune_v2] trading.v2_runtime: V2_UNIVERSE in=4 dedup=4 out=4 target=4 novel_target=4 novel_out=1 repeat_dropped=0 symbol_dropped=0 surge_in=0 surge_target=0 surge_out=0
2026-02-26 23:28:52,041 [INFO] [u_station_ab_night_autotune_v2] __main__: V2_SOURCE_QOS_FILTER in=4 out=3 drops={'source_qos_cap': 1} caps={'unknown': 0, 'watchlist': 2}
2026-02-26 23:28:52,042 [INFO] [u_station_ab_night_autotune_v2] __main__: FILTER_FAIL token=AERO reason=source_qos_cap source=watchlist used=2/2
2026-02-26 23:28:52,044 [INFO] [u_station_ab_night_autotune_v2] __main__: FILTER_PASS token=cbBTC tier=A score=100 mode=YELLOW risk=MEDIUM liq=20165348 vol5m=79940
2026-02-26 23:28:52,046 [INFO] [u_station_ab_night_autotune_v2] __main__: FILTER_PASS token=VIRTUAL tier=A score=75 mode=YELLOW risk=MEDIUM liq=7315397 vol5m=19
2026-02-26 23:28:52,047 [INFO] [u_station_ab_night_autotune_v2] __main__: FILTER_FAIL token= reason=safe_volume vol5m=0 min=6 regime=YELLOW
2026-02-26 23:28:52,048 [INFO] [u_station_ab_night_autotune_v2] __main__: V2_QUALITY_GATE enabled=True regime=YELLOW in=2 out=2 core_out=1 explore_out=1 probe_out=0 quota=1 max_symbol_share=0.500 drop={} sources_used={'watchlist': 2}
2026-02-26 23:28:52,048 [INFO] [u_station_ab_night_autotune_v2] __main__: V2_ENTRY_ROUTE enabled=True regime=YELLOW in=2 out=2 core_out=1 explore_out=1 quota=1 allow_explore=True
2026-02-26 23:28:52,048 [INFO] [u_station_ab_night_autotune_v2] __main__: MARKET_REGIME mode=YELLOW reason=avg_cand=2.00 avg_cand_recent=2.00
2026-02-26 23:28:52,049 [INFO] [u_station_ab_night_autotune_v2] trading.auto_trader: AutoTrade skip token=cbBTC reason=cooldown_left_119s
2026-02-26 23:28:52,050 [INFO] [u_station_ab_night_autotune_v2] trading.auto_trader: AutoTrade adjust token=VIRTUAL reason=min_trade_floor size=$0.03->$0.10 min=$0.10
2026-02-26 23:28:52,051 [INFO] [u_station_ab_night_autotune_v2] trading.auto_trader: AutoTrade skip token=VIRTUAL reason=edge_low mode=both edge=-29.70% raw=-27.50% mult=1.08 min=0.05% probe_min=0.05% edge_usd=$-0.030 min_usd=$0.000 probe_min_usd=$0.000 size=$0.10 gross=3.20% costs=30.70% pwin=0.45 probe=- budget=0/1
2026-02-26 23:28:52,052 [INFO] [u_station_ab_night_autotune_v2] trading.auto_trader: AutoTrade batch mode=top_n candidates=2 eligible=2 selected=2 opened=0 pe=off burst_window=0
2026-02-26 23:28:52,053 [INFO] [u_station_ab_night_autotune_v2] __main__: Scanned 4 tokens | High quality: 2 | Alerts sent: 0 | Trade candidates: 2 | Quality out/core/explore/probe: 2/1/1/0 | Opened: 0 | Mode: local | Source: onchain+market | Policy: raw=OK/effective=OK(healthy | route=allow_all) | Regime: YELLOW(avg_cand=2.00) | Safety: checked=2 fail_closed=0 reasons=api_code_4029:2 | FiltersTop(session): safe_volume:14,source_qos_cap:6,safe_age:5,score_min:3 | Dedup: heavy_skip=0 override=0 | V2Budget: 2/280 | SourceQoS: enabled=1/in=4/out=3/dropped=1/active_cd=0/drops=source_qos_cap:1 | Ingest: q=0/oldest=0.0s/drop_old=0/dedup_skip=0/enq=0/drain=0 | Sources: dex_boosts:ok=1/fail=0/429=0/lim_wait=0/cd_wait=0/err=0.0%/avg=160ms; dexscreener:ok=11/fail=0/429=0/lim_wait=0/cd_wait=0/err=0.0%/avg=159ms; onchain_enrich:ok=7/fail=0/429=0/lim_wait=0/cd_wait=0/err=0.0%/avg=57ms | Tasks: 3 | RSS: 0.0MB | CycleAvg: 11.02s
2026-02-26 23:28:56,328 [INFO] [u_station_ab_night_autotune_v2] monitor.onchain_factory: PAIR_DETECTED source=uniswap_v2 dex=uniswap_v2 pair=0x74d8ca35406db743e5890c29d42ad74e7fc6d954 token0=0x4200000000000000000000000000000000000006 token1=0x635212b719d0f4a4bd74176df434cf3cdd405ba3 block=42677786 factory=0x8909dc15e40173ff4699343b6eb8132c65e18ec6
2026-02-26 23:28:56,525 [INFO] [u_station_ab_night_autotune_v2] monitor.onchain_factory: ENRICH_RETRY token=0xf3a7c27bd6e29350fab2cc26b403560d6db4aaf9 pair=0x8d225599d4604d15a4fb6e907d5d91719bd28b5b attempt=1/2 delay=10s
2026-02-26 23:28:56,776 [INFO] [u_station_ab_night_autotune_v2] monitor.onchain_factory: ENRICH_RETRY token=0x635212b719d0f4a4bd74176df434cf3cdd405ba3 pair=0x74d8ca35406db743e5890c29d42ad74e7fc6d954 attempt=1/2 delay=10s
2026-02-26 23:29:07,053 [INFO] [u_station_ab_night_autotune_v2] __main__: WATCHLIST merged count=3
2026-02-26 23:29:07,054 [INFO] [u_station_ab_night_autotune_v2] trading.v2_runtime: V2_UNIVERSE in=4 dedup=4 out=4 target=4 novel_target=4 novel_out=1 repeat_dropped=0 symbol_dropped=0 surge_in=0 surge_target=0 surge_out=0
2026-02-26 23:29:07,054 [INFO] [u_station_ab_night_autotune_v2] __main__: V2_SOURCE_QOS_FILTER in=4 out=3 drops={'source_qos_cap': 1} caps={'unknown': 0, 'watchlist': 2}
2026-02-26 23:29:07,055 [INFO] [u_station_ab_night_autotune_v2] __main__: FILTER_FAIL token=AERO reason=source_qos_cap source=watchlist used=2/2
2026-02-26 23:29:07,056 [INFO] [u_station_ab_night_autotune_v2] __main__: FILTER_PASS token=cbBTC tier=A score=100 mode=YELLOW risk=MEDIUM liq=20165348 vol5m=79940
2026-02-26 23:29:07,058 [INFO] [u_station_ab_night_autotune_v2] __main__: FILTER_FAIL token=STRIKE reason=score_min score=40 strict_min=48 soft_min=48 mode=YELLOW
2026-02-26 23:29:07,059 [INFO] [u_station_ab_night_autotune_v2] __main__: FILTER_PASS token=VIRTUAL tier=A score=75 mode=YELLOW risk=MEDIUM liq=7315397 vol5m=19
2026-02-26 23:29:07,060 [INFO] [u_station_ab_night_autotune_v2] __main__: V2_QUALITY_GATE enabled=True regime=YELLOW in=2 out=2 core_out=1 explore_out=1 probe_out=0 quota=1 max_symbol_share=0.500 drop={} sources_used={'watchlist': 2}
2026-02-26 23:29:07,061 [INFO] [u_station_ab_night_autotune_v2] __main__: V2_ENTRY_ROUTE enabled=True regime=YELLOW in=2 out=2 core_out=1 explore_out=1 quota=1 allow_explore=True
2026-02-26 23:29:07,061 [INFO] [u_station_ab_night_autotune_v2] __main__: MARKET_REGIME mode=YELLOW reason=avg_cand=2.00 avg_cand_recent=2.00
2026-02-26 23:29:07,062 [INFO] [u_station_ab_night_autotune_v2] trading.auto_trader: AutoTrade skip token=cbBTC reason=cooldown_left_104s
2026-02-26 23:29:07,064 [INFO] [u_station_ab_night_autotune_v2] trading.auto_trader: AutoTrade adjust token=VIRTUAL reason=min_trade_floor size=$0.03->$0.10 min=$0.10
2026-02-26 23:29:07,065 [INFO] [u_station_ab_night_autotune_v2] trading.auto_trader: AutoTrade skip token=VIRTUAL reason=edge_low mode=both edge=-29.70% raw=-27.50% mult=1.08 min=0.05% probe_min=0.05% edge_usd=$-0.030 min_usd=$0.000 probe_min_usd=$0.000 size=$0.10 gross=3.20% costs=30.70% pwin=0.45 probe=- budget=0/1
2026-02-26 23:29:07,065 [INFO] [u_station_ab_night_autotune_v2] trading.auto_trader: AutoTrade batch mode=top_n candidates=2 eligible=2 selected=2 opened=0 pe=off burst_window=0
2026-02-26 23:29:07,066 [INFO] [u_station_ab_night_autotune_v2] trading.auto_trader: PAPER_SUMMARY window=60s closed_delta=0 wins_delta=0 losses_delta=0 realized_delta=$0.00 total_closed=15 winrate_total=13.3% realized_total=$-0.14 balance=$6.86 equity=$6.86 open=0
2026-02-26 23:29:07,067 [INFO] [u_station_ab_night_autotune_v2] __main__: Scanned 4 tokens | High quality: 2 | Alerts sent: 0 | Trade candidates: 2 | Quality out/core/explore/probe: 2/1/1/0 | Opened: 0 | Mode: local | Source: onchain+market | Policy: raw=OK/effective=OK(healthy | route=allow_all) | Regime: YELLOW(avg_cand=2.00) | Safety: checked=2 fail_closed=0 reasons=api_code_4029:2 | FiltersTop(session): safe_volume:14,source_qos_cap:7,safe_age:5,score_min:4 | Dedup: heavy_skip=0 override=0 | V2Budget: 2/280 | SourceQoS: enabled=1/in=4/out=3/dropped=1/active_cd=0/drops=source_qos_cap:1 | Ingest: q=0/oldest=0.0s/drop_old=0/dedup_skip=0/enq=0/drain=0 | Sources: dex_boosts:ok=1/fail=0/429=0/lim_wait=0/cd_wait=0/err=0.0%/avg=66ms; dexscreener:ok=11/fail=0/429=0/lim_wait=0/cd_wait=0/err=0.0%/avg=200ms; onchain_enrich:ok=7/fail=0/429=0/lim_wait=0/cd_wait=0/err=0.0%/avg=148ms; onchain_weth_price:ok=1/fail=0/429=0/lim_wait=0/cd_wait=0/err=0.0%/avg=47ms | Tasks: 3 | RSS: 0.0MB | CycleAvg: 11.00s
2026-02-26 23:29:11,332 [INFO] [u_station_ab_night_autotune_v2] monitor.onchain_factory: PAIR_DETECTED source=uniswap_v2 dex=uniswap_v2 pair=0xc61e8677972dea579dc606e8c744f7f19537a190 token0=0x4200000000000000000000000000000000000006 token1=0x4bb9ea6dae88a5c3e5dfc202d96b19c33096a64a block=42677794 factory=0x8909dc15e40173ff4699343b6eb8132c65e18ec6
2026-02-26 23:29:11,333 [INFO] [u_station_ab_night_autotune_v2] monitor.onchain_factory: PAIR_DETECTED source=uniswap_v2 dex=uniswap_v2 pair=0xf40d9f8f13170092517688edec681673f3c60262 token0=0x4200000000000000000000000000000000000006 token1=0x5596382422601bdfdd4f0ed30b8b766bcae59667 block=42677798 factory=0x8909dc15e40173ff4699343b6eb8132c65e18ec6
2026-02-26 23:29:11,631 [INFO] [u_station_ab_night_autotune_v2] monitor.onchain_factory: ENRICH_RETRY token=0x635212b719d0f4a4bd74176df434cf3cdd405ba3 pair=0x74d8ca35406db743e5890c29d42ad74e7fc6d954 attempt=1/2 delay=10s
2026-02-26 23:29:11,829 [INFO] [u_station_ab_night_autotune_v2] monitor.onchain_factory: ENRICH_RETRY token=0x5596382422601bdfdd4f0ed30b8b766bcae59667 pair=0xf40d9f8f13170092517688edec681673f3c60262 attempt=1/2 delay=10s
2026-02-26 23:29:11,978 [INFO] [u_station_ab_night_autotune_v2] monitor.onchain_factory: ENRICH_RETRY token=0x4bb9ea6dae88a5c3e5dfc202d96b19c33096a64a pair=0xc61e8677972dea579dc606e8c744f7f19537a190 attempt=1/2 delay=10s
2026-02-26 23:29:22,047 [INFO] [u_station_ab_night_autotune_v2] __main__: WATCHLIST merged count=3
2026-02-26 23:29:22,047 [INFO] [u_station_ab_night_autotune_v2] trading.v2_runtime: V2_UNIVERSE in=3 dedup=3 out=3 target=3 novel_target=3 novel_out=0 repeat_dropped=0 symbol_dropped=0 surge_in=0 surge_target=0 surge_out=0
2026-02-26 23:29:22,047 [INFO] [u_station_ab_night_autotune_v2] __main__: FILTER_PASS token=cbBTC tier=A score=100 mode=YELLOW risk=MEDIUM liq=20165348 vol5m=79940
2026-02-26 23:29:22,053 [INFO] [u_station_ab_night_autotune_v2] __main__: FILTER_PASS token=VIRTUAL tier=A score=75 mode=YELLOW risk=MEDIUM liq=7315397 vol5m=19
2026-02-26 23:29:22,053 [INFO] [u_station_ab_night_autotune_v2] __main__: FILTER_FAIL token=AERO reason=safe_volume vol5m=0 min=6 regime=YELLOW
2026-02-26 23:29:22,053 [INFO] [u_station_ab_night_autotune_v2] __main__: V2_QUALITY_GATE enabled=True regime=YELLOW in=2 out=2 core_out=1 explore_out=1 probe_out=0 quota=1 max_symbol_share=0.500 drop={} sources_used={'watchlist': 2}
2026-02-26 23:29:22,053 [INFO] [u_station_ab_night_autotune_v2] __main__: V2_ENTRY_ROUTE enabled=True regime=YELLOW in=2 out=2 core_out=1 explore_out=1 quota=1 allow_explore=True
2026-02-26 23:29:22,053 [INFO] [u_station_ab_night_autotune_v2] __main__: MARKET_REGIME mode=YELLOW reason=avg_cand=2.00 avg_cand_recent=2.00
2026-02-26 23:29:22,053 [INFO] [u_station_ab_night_autotune_v2] trading.auto_trader: AutoTrade skip token=cbBTC reason=cooldown_left_89s
2026-02-26 23:29:22,070 [INFO] [u_station_ab_night_autotune_v2] trading.auto_trader: AutoTrade adjust token=VIRTUAL reason=min_trade_floor size=$0.03->$0.10 min=$0.10
2026-02-26 23:29:22,070 [INFO] [u_station_ab_night_autotune_v2] trading.auto_trader: AutoTrade skip token=VIRTUAL reason=edge_low mode=both edge=-29.70% raw=-27.50% mult=1.08 min=0.05% probe_min=0.05% edge_usd=$-0.030 min_usd=$0.000 probe_min_usd=$0.000 size=$0.10 gross=3.20% costs=30.70% pwin=0.45 probe=- budget=0/1
2026-02-26 23:29:22,070 [INFO] [u_station_ab_night_autotune_v2] trading.auto_trader: AutoTrade batch mode=top_n candidates=2 eligible=2 selected=2 opened=0 pe=off burst_window=0
2026-02-26 23:29:22,085 [INFO] [u_station_ab_night_autotune_v2] __main__: Scanned 3 tokens | High quality: 3 | Alerts sent: 0 | Trade candidates: 2 | Quality out/core/explore/probe: 2/1/1/0 | Opened: 0 | Mode: local | Source: onchain+market | Policy: raw=OK/effective=OK(healthy | route=allow_all) | Regime: YELLOW(avg_cand=2.00) | Safety: checked=2 fail_closed=0 reasons=api_code_4029:2 | FiltersTop(session): safe_volume:15,source_qos_cap:7,safe_age:5,score_min:4 | Dedup: heavy_skip=0 override=0 | V2Budget: 2/280 | SourceQoS: enabled=1/in=3/out=3/dropped=0/active_cd=0/drops=none | Ingest: q=1/oldest=10.2s/drop_old=0/dedup_skip=0/enq=1/drain=0 | Sources: dex_boosts:ok=1/fail=0/429=0/lim_wait=0/cd_wait=0/err=0.0%/avg=50ms; dexscreener:ok=11/fail=0/429=0/lim_wait=0/cd_wait=0/err=0.0%/avg=44ms; geckoterminal:ok=1/fail=0/429=0/lim_wait=0/cd_wait=0/err=0.0%/avg=243ms; onchain_enrich:ok=12/fail=0/429=0/lim_wait=0/cd_wait=0/err=0.0%/avg=103ms | Tasks: 3 | RSS: 0.0MB | CycleAvg: 11.00s
2026-02-26 23:29:26,090 [WARNING] [u_station_ab_night_autotune_v2] __main__: GRACEFUL_STOP requested path=D:\earnforme\solana-alert-bot\data\graceful_stop.u_station_ab_night_autotune_v2.signal
2026-02-26 23:29:26,136 [INFO] [u_station_ab_night_autotune_v2] trading.auto_trader: AUTOTRADER_SHUTDOWN reason=main_local_shutdown open=0 closed=15
