2026-02-27 06:38:39,008 [INFO] [u_station_ab_night_autotune_v2] __main__: SESSION_LOG file=logs/matrix/u_station_ab_night_autotune_v2\sessions\main_local_20260227_053839_pid9344.log
2026-02-27 06:38:39,027 [INFO] [u_station_ab_night_autotune_v2] trading.auto_trader_state: AutoTrade state loaded open=0 closed=72 balance=$7.33
2026-02-27 06:38:39,037 [WARNING] [u_station_ab_night_autotune_v2] trading.auto_trader: DATA_POLICY mode=OK reason=init_reset_manual prev_mode=OK prev_reason=healthy | route=allow_all
2026-02-27 06:38:39,038 [INFO] [u_station_ab_night_autotune_v2] __main__: AUTOTRADER_INIT state=ready reason=manual mode=paper
2026-02-27 06:38:39,039 [INFO] [u_station_ab_night_autotune_v2] __main__: Local mode started (Telegram disabled).
2026-02-27 06:38:39,476 [INFO] [u_station_ab_night_autotune_v2] monitor.onchain_factory: PAIR_DETECTED source=uniswap_v2 dex=uniswap_v2 pair=0xf369e71a516e0686b72915f97607d61ef4238ea7 token0=0x4200000000000000000000000000000000000006 token1=0x76b0be228d4c22400e08ed57dcf49a0ee72d2ab9 block=42690618 factory=0x8909dc15e40173ff4699343b6eb8132c65e18ec6
2026-02-27 06:38:39,477 [INFO] [u_station_ab_night_autotune_v2] monitor.onchain_factory: PAIR_DETECTED source=uniswap_v2 dex=uniswap_v2 pair=0x6047cce8de9eb5b9c8f138876126ed32c1f5f7cd token0=0x29a03e8d32aadc965af0af28b88a4d31a0df69b3 token1=0x4200000000000000000000000000000000000006 block=42690630 factory=0x8909dc15e40173ff4699343b6eb8132c65e18ec6
2026-02-27 06:38:39,478 [INFO] [u_station_ab_night_autotune_v2] monitor.onchain_factory: PAIR_DETECTED source=uniswap_v2 dex=uniswap_v2 pair=0xce2d639c3a4e6a672281eb496f3e2e4b3dc58e22 token0=0x4200000000000000000000000000000000000006 token1=0x4c5db7b3137e8d710c0afc87d227748658a2106c block=42690630 factory=0x8909dc15e40173ff4699343b6eb8132c65e18ec6
2026-02-27 06:38:39,479 [INFO] [u_station_ab_night_autotune_v2] monitor.onchain_factory: PAIR_DETECTED source=uniswap_v2 dex=uniswap_v2 pair=0x80d9f5af487657aeff7b88ff81d23b9589203842 token0=0x4200000000000000000000000000000000000006 token1=0xb2dbf135d349fa42ec6a4f861ed7a61f73dead70 block=42690637 factory=0x8909dc15e40173ff4699343b6eb8132c65e18ec6
2026-02-27 06:38:39,480 [INFO] [u_station_ab_night_autotune_v2] monitor.onchain_factory: PAIR_DETECTED source=uniswap_v2 dex=uniswap_v2 pair=0x54a1517dc7efe6669ae0de2ae8b65ed188169fcc token0=0x4200000000000000000000000000000000000006 token1=0xad7ff056c12c1f3256ab31de49462a840620cc8d block=42690643 factory=0x8909dc15e40173ff4699343b6eb8132c65e18ec6
2026-02-27 06:38:39,481 [INFO] [u_station_ab_night_autotune_v2] monitor.onchain_factory: PAIR_DETECTED source=uniswap_v2 dex=uniswap_v2 pair=0x1160aa72a48cde8730b03b2f96d7bf201a056e3e token0=0x4200000000000000000000000000000000000006 token1=0x4feec60bee1e65fcbe8117b0f7e40ad3bcac9311 block=42690647 factory=0x8909dc15e40173ff4699343b6eb8132c65e18ec6
2026-02-27 06:38:39,481 [INFO] [u_station_ab_night_autotune_v2] monitor.onchain_factory: PAIR_DETECTED source=uniswap_v2 dex=uniswap_v2 pair=0x1fc53a5957feed4f53d71de384cbeab6c818a2ad token0=0x4200000000000000000000000000000000000006 token1=0x96463a89d39dea6943077c4049db37dbe88886d3 block=42690653 factory=0x8909dc15e40173ff4699343b6eb8132c65e18ec6
2026-02-27 06:38:39,482 [INFO] [u_station_ab_night_autotune_v2] monitor.onchain_factory: PAIR_DETECTED source=uniswap_v2 dex=uniswap_v2 pair=0x470f5d51f698bcea8c457de73de300b948d2cd49 token0=0x4200000000000000000000000000000000000006 token1=0xffda13f1c768962a1b1c278b7d9846d8ac955370 block=42690660 factory=0x8909dc15e40173ff4699343b6eb8132c65e18ec6
2026-02-27 06:38:39,483 [INFO] [u_station_ab_night_autotune_v2] monitor.onchain_factory: PAIR_DETECTED source=uniswap_v2 dex=uniswap_v2 pair=0xbb01ed07c2203502b220c896af820c5391647f4c token0=0x4200000000000000000000000000000000000006 token1=0x6ebf39113198a1fb48208067ad81df422c01d4f9 block=42690670 factory=0x8909dc15e40173ff4699343b6eb8132c65e18ec6
2026-02-27 06:38:39,484 [INFO] [u_station_ab_night_autotune_v2] monitor.onchain_factory: PAIR_DETECTED source=uniswap_v2 dex=uniswap_v2 pair=0x65e25ac40f4f830fb270d09a11f20c9c8eab5a48 token0=0x4200000000000000000000000000000000000006 token1=0xd851f2067dc40766773b46126e277ff224405514 block=42690679 factory=0x8909dc15e40173ff4699343b6eb8132c65e18ec6
2026-02-27 06:38:40,083 [INFO] [u_station_ab_night_autotune_v2] monitor.onchain_factory: ENRICH_RETRY token=0xd851f2067dc40766773b46126e277ff224405514 pair=0x65e25ac40f4f830fb270d09a11f20c9c8eab5a48 attempt=1/2 delay=10s
2026-02-27 06:38:40,398 [INFO] [u_station_ab_night_autotune_v2] monitor.onchain_factory: ENRICH_RETRY token=0x6ebf39113198a1fb48208067ad81df422c01d4f9 pair=0xbb01ed07c2203502b220c896af820c5391647f4c attempt=1/2 delay=10s
2026-02-27 06:38:51,957 [INFO] [u_station_ab_night_autotune_v2] __main__: WATCHLIST merged count=5
2026-02-27 06:38:51,958 [INFO] [u_station_ab_night_autotune_v2] trading.v2_runtime: V2_UNIVERSE in=18 dedup=18 out=18 target=18 novel_target=16 novel_out=18 repeat_dropped=0 symbol_dropped=0 surge_in=3 surge_target=3 surge_out=3
2026-02-27 06:38:51,959 [INFO] [u_station_ab_night_autotune_v2] __main__: V2_SOURCE_QOS_FILTER in=18 out=14 drops={'source_qos_cap': 3, 'source_qos_symbol_cap': 1} caps={'geckoterminal': 287, 'watchlist': 2, 'dexscreener': 292, 'unknown': 0}
2026-02-27 06:38:51,960 [INFO] [u_station_ab_night_autotune_v2] __main__: FILTER_FAIL token=POOPCOIN reason=source_qos_cap source=watchlist used=2/2
2026-02-27 06:38:51,962 [INFO] [u_station_ab_night_autotune_v2] __main__: FILTER_FAIL token=ToruCeoAI reason=source_qos_symbol_cap symbol=TORUCEOAI used=1/1
2026-02-27 06:38:51,962 [INFO] [u_station_ab_night_autotune_v2] __main__: FILTER_FAIL token=VIRTUAL reason=source_qos_cap source=watchlist used=2/2
2026-02-27 06:38:51,962 [INFO] [u_station_ab_night_autotune_v2] __main__: FILTER_FAIL token=AERO reason=source_qos_cap source=watchlist used=2/2
2026-02-27 06:38:51,962 [INFO] [u_station_ab_night_autotune_v2] __main__: FILTER_FAIL token=Jellybean reason=safe_change_5m
2026-02-27 06:38:51,967 [INFO] [u_station_ab_night_autotune_v2] __main__: FILTER_PASS token=BodyCount tier=A score=90 mode=YELLOW risk=MEDIUM liq=21644 vol5m=38967
2026-02-27 06:38:51,968 [INFO] [u_station_ab_night_autotune_v2] monitor.local_alerter: Local alert token=BodyCount address=0x5a824ba7e9a0443ab7fdaf732d69762011a5eb07 score=90 reco=BUY risk=MEDIUM warnings=0 liq=21644 vol5m=38967
2026-02-27 06:38:51,969 [INFO] [u_station_ab_night_autotune_v2] __main__: FILTER_FAIL token=ToruCeoAI reason=safe_change_5m
2026-02-27 06:38:51,970 [INFO] [u_station_ab_night_autotune_v2] __main__: FILTER_PASS token=FLOW tier=A score=100 mode=YELLOW risk=MEDIUM liq=136281 vol5m=18314
2026-02-27 06:38:51,972 [INFO] [u_station_ab_night_autotune_v2] __main__: FILTER_PASS token=cbBTC tier=A score=100 mode=YELLOW risk=MEDIUM liq=22406811 vol5m=27468
2026-02-27 06:38:51,973 [INFO] [u_station_ab_night_autotune_v2] __main__: FILTER_FAIL token=EMOTIONAL reason=safe_age
2026-02-27 06:38:51,973 [INFO] [u_station_ab_night_autotune_v2] __main__: FILTER_FAIL token=BOOST reason=score_min score=20 strict_min=48 soft_min=48 mode=YELLOW
2026-02-27 06:38:51,973 [INFO] [u_station_ab_night_autotune_v2] __main__: FILTER_FAIL token=AM reason=score_min score=30 strict_min=48 soft_min=48 mode=YELLOW
2026-02-27 06:38:51,973 [INFO] [u_station_ab_night_autotune_v2] __main__: FILTER_FAIL token=IZE reason=score_min score=30 strict_min=48 soft_min=48 mode=YELLOW
2026-02-27 06:38:51,973 [INFO] [u_station_ab_night_autotune_v2] __main__: FILTER_FAIL token=BMON reason=score_min score=30 strict_min=48 soft_min=48 mode=YELLOW
2026-02-27 06:38:51,973 [INFO] [u_station_ab_night_autotune_v2] __main__: FILTER_FAIL token=PLATY reason=score_min score=30 strict_min=48 soft_min=48 mode=YELLOW
2026-02-27 06:38:51,973 [INFO] [u_station_ab_night_autotune_v2] __main__: FILTER_FAIL token=NEURA reason=score_min score=30 strict_min=48 soft_min=48 mode=YELLOW
2026-02-27 06:38:51,973 [INFO] [u_station_ab_night_autotune_v2] __main__: FILTER_FAIL token=INFRA reason=score_min score=30 strict_min=48 soft_min=48 mode=YELLOW
2026-02-27 06:38:51,973 [INFO] [u_station_ab_night_autotune_v2] __main__: FILTER_FAIL token=BTL reason=score_min score=40 strict_min=48 soft_min=48 mode=YELLOW
2026-02-27 06:38:51,973 [INFO] [u_station_ab_night_autotune_v2] trading.v2_runtime: V2_QUALITY_ROTATE symbols_core=0 symbols_cooldown=0 sources=2 top_core=- top_cooldown=-
2026-02-27 06:38:51,985 [INFO] [u_station_ab_night_autotune_v2] __main__: V2_QUALITY_GATE enabled=True regime=YELLOW in=3 out=3 core_out=1 explore_out=2 probe_out=0 quota=2 max_symbol_share=0.333 drop={} sources_used={'watchlist': 2, 'geckoterminal': 1}
2026-02-27 06:38:51,986 [INFO] [u_station_ab_night_autotune_v2] __main__: V2_ENTRY_ROUTE enabled=True regime=YELLOW in=3 out=2 core_out=1 explore_out=1 quota=1 allow_explore=True
2026-02-27 06:38:51,987 [WARNING] [u_station_ab_night_autotune_v2] trading.auto_trader: DATA_POLICY mode=OK reason=healthy | route=allow_all prev_mode=OK prev_reason=init_reset_manual
2026-02-27 06:38:51,987 [INFO] [u_station_ab_night_autotune_v2] __main__: MARKET_REGIME mode=YELLOW reason=hysteresis_recover_wait 1/4 raw=GREEN avg_cand_recent=3.00
2026-02-27 06:38:51,990 [INFO] [u_station_ab_night_autotune_v2] trading.auto_trader: AutoTrade skip token=cbBTC reason=cooldown_left_19s
2026-02-27 06:38:51,991 [INFO] [u_station_ab_night_autotune_v2] trading.auto_trader: AutoTrade skip token=FLOW reason=blacklist detail=honeypot_guard:is_honeypot,flag:high_fail_rate,sell_tax>5.0%(100.0%)
2026-02-27 06:38:51,992 [INFO] [u_station_ab_night_autotune_v2] trading.auto_trader: AutoTrade batch mode=top_n candidates=2 eligible=2 selected=2 opened=0 pe=off burst_window=0
2026-02-27 06:38:51,993 [INFO] [u_station_ab_night_autotune_v2] __main__: FILTER_THRESHOLDS safe_volume_5m_min=$5 safe_liquidity_min=$8000 safe_age_min=240s score_min=48 edge_min=0.05% lock_floor=0.95 no_momentum_max_pnl=0.25 weakness_pnl=-2.60
2026-02-27 06:38:51,993 [INFO] [u_station_ab_night_autotune_v2] __main__: Scanned 18 tokens | High quality: 5 | Alerts sent: 1 | Trade candidates: 3 | Quality out/core/explore/probe: 3/1/2/0 | Opened: 0 | Mode: local | Source: onchain+market | Policy: raw=OK/effective=OK(healthy | route=allow_all) | Regime: YELLOW(hysteresis_recover_wait 1/4 raw=GREEN) | Safety: checked=3 fail_closed=0 reasons=api_code_4029:3 | FiltersTop(session): score_min:8,source_qos_cap:3,safe_change_5m:2,source_qos_symbol_cap:1 | Dedup: heavy_skip=0 override=0 | V2Budget: 3/280 | SourceQoS: enabled=1/in=18/out=14/dropped=4/active_cd=0/drops=source_qos_cap:3,source_qos_symbol_cap:1 | Ingest: q=0/oldest=0.0s/drop_old=0/dedup_skip=0/enq=5/drain=5 | Sources: dex_boosts:ok=1/fail=0/429=0/lim_wait=0/cd_wait=0/err=0.0%/avg=170ms; dexscreener:ok=11/fail=0/429=0/lim_wait=0/cd_wait=0/err=0.0%/avg=301ms; geckoterminal:ok=2/fail=0/429=0/lim_wait=0/cd_wait=0/err=0.0%/avg=155ms; onchain_enrich:ok=16/fail=0/429=0/lim_wait=0/cd_wait=0/err=0.0%/avg=135ms; onchain_weth_price:ok=1/fail=0/429=0/lim_wait=0/cd_wait=0/err=0.0%/avg=59ms; watchlist_dex:ok=10/fail=0/429=0/lim_wait=0/cd_wait=0/err=0.0%/avg=85ms; watchlist_gecko:ok=6/fail=0/429=0/lim_wait=0/cd_wait=0/err=0.0%/avg=556ms | Tasks: 3 | RSS: 0.0MB | CycleAvg: 0.00s
2026-02-27 06:38:56,281 [INFO] [u_station_ab_night_autotune_v2] monitor.onchain_factory: PAIR_DETECTED source=uniswap_v2 dex=uniswap_v2 pair=0x181eb32e448e686fefdeeef8f27bbc867c8a9755 token0=0x13353bf15dfa522bf62d9db6d6157f7d9c49aba3 token1=0x4200000000000000000000000000000000000006 block=42690685 factory=0x8909dc15e40173ff4699343b6eb8132c65e18ec6
2026-02-27 06:38:56,282 [INFO] [u_station_ab_night_autotune_v2] monitor.onchain_factory: PAIR_DETECTED source=uniswap_v2 dex=uniswap_v2 pair=0x2edfaf60835bb6a9d76ff306a6ea705a3619d471 token0=0x23820ea858fec7ca1eb047ac188c45310f77bb07 token1=0x4200000000000000000000000000000000000006 block=42690686 factory=0x8909dc15e40173ff4699343b6eb8132c65e18ec6
2026-02-27 06:38:56,283 [INFO] [u_station_ab_night_autotune_v2] monitor.onchain_factory: PAIR_DETECTED source=uniswap_v2 dex=uniswap_v2 pair=0x5284fc9571ff25ec2cebef212e8f10de6b47092f token0=0x0b881b38f4ba0244c70462f47f1d2afe67e6eb07 token1=0x4200000000000000000000000000000000000006 block=42690687 factory=0x8909dc15e40173ff4699343b6eb8132c65e18ec6
2026-02-27 06:38:56,547 [INFO] [u_station_ab_night_autotune_v2] monitor.onchain_factory: ENRICH_RETRY token=0x6ebf39113198a1fb48208067ad81df422c01d4f9 pair=0xbb01ed07c2203502b220c896af820c5391647f4c attempt=1/2 delay=10s
2026-02-27 06:38:56,570 [INFO] [u_station_ab_night_autotune_v2] monitor.onchain_factory: ENRICH_RETRY token=0xd851f2067dc40766773b46126e277ff224405514 pair=0x65e25ac40f4f830fb270d09a11f20c9c8eab5a48 attempt=1/2 delay=10s
2026-02-27 06:38:56,730 [INFO] [u_station_ab_night_autotune_v2] monitor.onchain_factory: ENRICH_RETRY token=0x13353bf15dfa522bf62d9db6d6157f7d9c49aba3 pair=0x181eb32e448e686fefdeeef8f27bbc867c8a9755 attempt=1/2 delay=10s
2026-02-27 06:38:56,829 [INFO] [u_station_ab_night_autotune_v2] monitor.onchain_factory: ENRICH_RETRY token=0x23820ea858fec7ca1eb047ac188c45310f77bb07 pair=0x2edfaf60835bb6a9d76ff306a6ea705a3619d471 attempt=1/2 delay=10s
2026-02-27 06:38:56,847 [INFO] [u_station_ab_night_autotune_v2] monitor.onchain_factory: ENRICH_RETRY token=0x0b881b38f4ba0244c70462f47f1d2afe67e6eb07 pair=0x5284fc9571ff25ec2cebef212e8f10de6b47092f attempt=1/2 delay=10s
2026-02-27 06:39:06,912 [INFO] [u_station_ab_night_autotune_v2] __main__: WATCHLIST merged count=5
2026-02-27 06:39:06,913 [INFO] [u_station_ab_night_autotune_v2] trading.v2_runtime: V2_UNIVERSE in=5 dedup=5 out=5 target=5 novel_target=5 novel_out=0 repeat_dropped=0 symbol_dropped=0 surge_in=1 surge_target=1 surge_out=1
2026-02-27 06:39:06,913 [INFO] [u_station_ab_night_autotune_v2] __main__: V2_SOURCE_QOS_FILTER in=5 out=3 drops={'source_qos_cap': 2} caps={'watchlist': 3}
2026-02-27 06:39:06,914 [INFO] [u_station_ab_night_autotune_v2] __main__: FILTER_FAIL token=VIRTUAL reason=source_qos_cap source=watchlist used=3/3
2026-02-27 06:39:06,915 [INFO] [u_station_ab_night_autotune_v2] __main__: FILTER_FAIL token=AERO reason=source_qos_cap source=watchlist used=3/3
2026-02-27 06:39:06,915 [INFO] [u_station_ab_night_autotune_v2] __main__: FILTER_PASS token=FLOW tier=A score=100 mode=YELLOW risk=MEDIUM liq=136281 vol5m=18314
2026-02-27 06:39:06,916 [INFO] [u_station_ab_night_autotune_v2] __main__: FILTER_PASS token=cbBTC tier=A score=100 mode=YELLOW risk=MEDIUM liq=22406811 vol5m=27468
2026-02-27 06:39:06,917 [INFO] [u_station_ab_night_autotune_v2] __main__: FILTER_PASS token=POOPCOIN tier=A score=95 mode=YELLOW risk=MEDIUM liq=534079 vol5m=5972
2026-02-27 06:39:06,919 [INFO] [u_station_ab_night_autotune_v2] __main__: V2_QUALITY_GATE enabled=True regime=YELLOW in=3 out=3 core_out=2 explore_out=1 probe_out=0 quota=1 max_symbol_share=0.333 drop={} sources_used={'watchlist': 3}
2026-02-27 06:39:06,919 [INFO] [u_station_ab_night_autotune_v2] __main__: V2_ENTRY_ROUTE enabled=True regime=YELLOW in=3 out=3 core_out=2 explore_out=1 quota=1 allow_explore=True
2026-02-27 06:39:06,920 [INFO] [u_station_ab_night_autotune_v2] __main__: MARKET_REGIME mode=YELLOW reason=hysteresis_recover_wait 2/4 raw=GREEN avg_cand_recent=3.00
2026-02-27 06:39:06,922 [INFO] [u_station_ab_night_autotune_v2] trading.auto_trader: AutoTrade skip token=cbBTC reason=cooldown_left_4s
2026-02-27 06:39:06,923 [INFO] [u_station_ab_night_autotune_v2] trading.auto_trader: AutoTrade skip token=FLOW reason=blacklist detail=honeypot_guard:is_honeypot,flag:high_fail_rate,sell_tax>5.0%(100.0%)
2026-02-27 06:39:06,925 [INFO] [u_station_ab_night_autotune_v2] trading.auto_trader: AutoTrade skip token=POOPCOIN reason=blacklist detail=honeypot_guard:honeypot_api_status_404
2026-02-27 06:39:06,925 [INFO] [u_station_ab_night_autotune_v2] trading.auto_trader: AutoTrade batch mode=top_n candidates=3 eligible=3 selected=3 opened=0 pe=off burst_window=0
2026-02-27 06:39:06,926 [INFO] [u_station_ab_night_autotune_v2] __main__: Scanned 5 tokens | High quality: 3 | Alerts sent: 0 | Trade candidates: 3 | Quality out/core/explore/probe: 3/2/1/0 | Opened: 0 | Mode: local | Source: onchain+market | Policy: raw=OK/effective=OK(healthy | route=allow_all) | Regime: YELLOW(hysteresis_recover_wait 2/4 raw=GREEN) | Safety: checked=3 fail_closed=0 reasons=api_code_4029:3 | FiltersTop(session): score_min:8,source_qos_cap:5,safe_change_5m:2,source_qos_symbol_cap:1 | Dedup: heavy_skip=0 override=0 | V2Budget: 3/280 | SourceQoS: enabled=1/in=5/out=3/dropped=2/active_cd=0/drops=source_qos_cap:2 | Ingest: q=0/oldest=0.0s/drop_old=0/dedup_skip=0/enq=0/drain=0 | Sources: dex_boosts:ok=1/fail=0/429=0/lim_wait=0/cd_wait=0/err=0.0%/avg=142ms; dexscreener:ok=11/fail=0/429=0/lim_wait=0/cd_wait=0/err=0.0%/avg=109ms; onchain_enrich:ok=20/fail=0/429=0/lim_wait=0/cd_wait=0/err=0.0%/avg=86ms | Tasks: 3 | RSS: 0.0MB | CycleAvg: 12.95s
2026-02-27 06:39:11,220 [INFO] [u_station_ab_night_autotune_v2] monitor.onchain_factory: PAIR_DETECTED source=uniswap_v2 dex=uniswap_v2 pair=0xa752e3dcb94aa284b2ad0c1489f9726395f11667 token0=0x023267fe9fc614dc0dadffda286fbbb347f5a78f token1=0x4200000000000000000000000000000000000006 block=42690694 factory=0x8909dc15e40173ff4699343b6eb8132c65e18ec6
2026-02-27 06:39:11,444 [INFO] [u_station_ab_night_autotune_v2] monitor.onchain_factory: ENRICH_RETRY token=0x13353bf15dfa522bf62d9db6d6157f7d9c49aba3 pair=0x181eb32e448e686fefdeeef8f27bbc867c8a9755 attempt=1/2 delay=10s
2026-02-27 06:39:11,506 [INFO] [u_station_ab_night_autotune_v2] monitor.onchain_factory: ENRICH_RETRY token=0x0b881b38f4ba0244c70462f47f1d2afe67e6eb07 pair=0x5284fc9571ff25ec2cebef212e8f10de6b47092f attempt=1/2 delay=10s
2026-02-27 06:39:11,900 [INFO] [u_station_ab_night_autotune_v2] monitor.onchain_factory: ENRICH_RETRY token=0x023267fe9fc614dc0dadffda286fbbb347f5a78f pair=0xa752e3dcb94aa284b2ad0c1489f9726395f11667 attempt=1/2 delay=10s
