2026-02-27 08:20:34,753 [INFO] [u_station_ab_night_autotune_v2] __main__: SESSION_LOG file=logs/matrix/u_station_ab_night_autotune_v2\sessions\main_local_20260227_072034_pid13324.log
2026-02-27 08:20:34,769 [INFO] [u_station_ab_night_autotune_v2] trading.auto_trader_state: AutoTrade state loaded open=0 closed=78 balance=$7.33
2026-02-27 08:20:34,785 [WARNING] [u_station_ab_night_autotune_v2] trading.auto_trader: DATA_POLICY mode=OK reason=init_reset_manual prev_mode=OK prev_reason=healthy | route=allow_all
2026-02-27 08:20:34,787 [INFO] [u_station_ab_night_autotune_v2] __main__: AUTOTRADER_INIT state=ready reason=manual mode=paper
2026-02-27 08:20:34,788 [INFO] [u_station_ab_night_autotune_v2] __main__: Local mode started (Telegram disabled).
2026-02-27 08:20:35,213 [INFO] [u_station_ab_night_autotune_v2] monitor.onchain_factory: PAIR_DETECTED source=uniswap_v2 dex=uniswap_v2 pair=0x65bcebe9fff2bbcc35df2de71e9af3b4c85242ba token0=0x2e7080f0d497718199e48f258338b08045bbaba3 token1=0x4200000000000000000000000000000000000006 block=42693661 factory=0x8909dc15e40173ff4699343b6eb8132c65e18ec6
2026-02-27 08:20:35,213 [INFO] [u_station_ab_night_autotune_v2] monitor.onchain_factory: PAIR_DETECTED source=uniswap_v2 dex=uniswap_v2 pair=0x18a5e1ed430f07b8995a734661527abd2bde4f77 token0=0x4200000000000000000000000000000000000006 token1=0xce15ec46d0f6d122e92791dedc78f3b99e172ee0 block=42693671 factory=0x8909dc15e40173ff4699343b6eb8132c65e18ec6
2026-02-27 08:20:35,213 [INFO] [u_station_ab_night_autotune_v2] monitor.onchain_factory: PAIR_DETECTED source=uniswap_v2 dex=uniswap_v2 pair=0xd8512122c3dfbe8d6ee147360591b7d0b4f7124a token0=0x4200000000000000000000000000000000000006 token1=0xa9dafc5c81056c6b9399d414a8e9de01801a2952 block=42693683 factory=0x8909dc15e40173ff4699343b6eb8132c65e18ec6
2026-02-27 08:20:35,213 [INFO] [u_station_ab_night_autotune_v2] monitor.onchain_factory: PAIR_DETECTED source=uniswap_v2 dex=uniswap_v2 pair=0xe546b7958f5dde3a882b095c019458c808708e3e token0=0x2cee02738367e027cebc1a1efad9bdb902733ecc token1=0x4200000000000000000000000000000000000006 block=42693690 factory=0x8909dc15e40173ff4699343b6eb8132c65e18ec6
2026-02-27 08:20:35,213 [INFO] [u_station_ab_night_autotune_v2] monitor.onchain_factory: PAIR_DETECTED source=uniswap_v2 dex=uniswap_v2 pair=0xf49e9571269e419232d705b50bfc19783c068e7e token0=0x4200000000000000000000000000000000000006 token1=0xdc66f641b4d2c0f619a7bd2703500328de53aba3 block=42693692 factory=0x8909dc15e40173ff4699343b6eb8132c65e18ec6
2026-02-27 08:20:35,213 [INFO] [u_station_ab_night_autotune_v2] monitor.onchain_factory: PAIR_DETECTED source=uniswap_v2 dex=uniswap_v2 pair=0x52bb14b0fd67a719cc974c51e3c4da1d47d82e14 token0=0x4200000000000000000000000000000000000006 token1=0xbd71b81c2a0aff5642809fc15f0b41a8300c4f97 block=42693704 factory=0x8909dc15e40173ff4699343b6eb8132c65e18ec6
2026-02-27 08:20:35,213 [INFO] [u_station_ab_night_autotune_v2] monitor.onchain_factory: PAIR_DETECTED source=uniswap_v2 dex=uniswap_v2 pair=0x91f6d6a7fc42e4744b7e1d3fcbc17b66b33f1841 token0=0x4200000000000000000000000000000000000006 token1=0xbf7cbb1d96c920fef29a38d31880372e96d574fb block=42693721 factory=0x8909dc15e40173ff4699343b6eb8132c65e18ec6
2026-02-27 08:20:35,213 [INFO] [u_station_ab_night_autotune_v2] monitor.onchain_factory: PAIR_DETECTED source=uniswap_v2 dex=uniswap_v2 pair=0xfc8871d388ea1e61056cec5762b408b3a9c63afa token0=0x2b05a32de67215274b39f8b3ceffc842d94ec222 token1=0x4200000000000000000000000000000000000006 block=42693728 factory=0x8909dc15e40173ff4699343b6eb8132c65e18ec6
2026-02-27 08:20:35,213 [INFO] [u_station_ab_night_autotune_v2] monitor.onchain_factory: PAIR_DETECTED source=uniswap_v2 dex=uniswap_v2 pair=0xaf0673e1ea6302d835da0707631497a03466c642 token0=0x050b7f1a02bdcea7cdef76552efee1ac1c15b4ee token1=0x4200000000000000000000000000000000000006 block=42693739 factory=0x8909dc15e40173ff4699343b6eb8132c65e18ec6
2026-02-27 08:20:35,741 [INFO] [u_station_ab_night_autotune_v2] monitor.onchain_factory: ENRICH_RETRY token=0x2b05a32de67215274b39f8b3ceffc842d94ec222 pair=0xfc8871d388ea1e61056cec5762b408b3a9c63afa attempt=1/2 delay=10s
2026-02-27 08:20:35,787 [INFO] [u_station_ab_night_autotune_v2] monitor.onchain_factory: ENRICH_RETRY token=0x050b7f1a02bdcea7cdef76552efee1ac1c15b4ee pair=0xaf0673e1ea6302d835da0707631497a03466c642 attempt=1/2 delay=10s
2026-02-27 08:20:47,453 [INFO] [u_station_ab_night_autotune_v2] __main__: WATCHLIST merged count=7
2026-02-27 08:20:47,453 [INFO] [u_station_ab_night_autotune_v2] trading.v2_runtime: V2_UNIVERSE in=18 dedup=18 out=18 target=18 novel_target=16 novel_out=18 repeat_dropped=0 symbol_dropped=0 surge_in=5 surge_target=5 surge_out=5
2026-02-27 08:20:47,453 [INFO] [u_station_ab_night_autotune_v2] __main__: V2_SOURCE_QOS_FILTER in=18 out=12 drops={'source_qos_cap': 5, 'source_qos_symbol_cap': 1} caps={'watchlist': 2, 'geckoterminal': 287, 'unknown': 0}
2026-02-27 08:20:47,453 [INFO] [u_station_ab_night_autotune_v2] __main__: FILTER_FAIL token=POOPCOIN reason=source_qos_cap source=watchlist used=2/2
2026-02-27 08:20:47,453 [INFO] [u_station_ab_night_autotune_v2] __main__: FILTER_FAIL token=HOTDOGZ reason=source_qos_cap source=watchlist used=2/2
2026-02-27 08:20:47,469 [INFO] [u_station_ab_night_autotune_v2] __main__: FILTER_FAIL token=VIRTUAL reason=source_qos_cap source=watchlist used=2/2
2026-02-27 08:20:47,469 [INFO] [u_station_ab_night_autotune_v2] __main__: FILTER_FAIL token=AntiHunter reason=source_qos_cap source=watchlist used=2/2
2026-02-27 08:20:47,469 [INFO] [u_station_ab_night_autotune_v2] __main__: FILTER_FAIL token=AERO reason=source_qos_cap source=watchlist used=2/2
2026-02-27 08:20:47,469 [INFO] [u_station_ab_night_autotune_v2] __main__: FILTER_FAIL token=ToruCeoAI reason=source_qos_symbol_cap symbol=TORUCEOAI used=1/1
2026-02-27 08:20:47,469 [INFO] [u_station_ab_night_autotune_v2] __main__: FILTER_FAIL token=GooseAgenC reason=safe_change_5m
2026-02-27 08:20:47,469 [INFO] [u_station_ab_night_autotune_v2] __main__: FILTER_FAIL token=Krusty reason=safe_age
2026-02-27 08:20:47,469 [INFO] [u_station_ab_night_autotune_v2] __main__: FILTER_FAIL token=ONYX reason=safe_change_5m
2026-02-27 08:20:47,469 [INFO] [u_station_ab_night_autotune_v2] __main__: FILTER_PASS token=cbBTC tier=A score=100 mode=YELLOW risk=MEDIUM liq=21114257 vol5m=99062
2026-02-27 08:20:47,469 [INFO] [u_station_ab_night_autotune_v2] __main__: FILTER_FAIL token=FLOW reason=safe_change_5m
2026-02-27 08:20:47,469 [INFO] [u_station_ab_night_autotune_v2] __main__: FILTER_FAIL token=ToruCeoAI reason=safe_age
2026-02-27 08:20:47,469 [INFO] [u_station_ab_night_autotune_v2] __main__: FILTER_FAIL token=DOMAINLOCK reason=score_min score=40 strict_min=48 soft_min=48 mode=YELLOW
2026-02-27 08:20:47,469 [INFO] [u_station_ab_night_autotune_v2] __main__: FILTER_FAIL token=RVV reason=score_min score=40 strict_min=48 soft_min=48 mode=YELLOW
2026-02-27 08:20:47,469 [INFO] [u_station_ab_night_autotune_v2] __main__: FILTER_FAIL token=POSEIDON reason=score_min score=20 strict_min=48 soft_min=48 mode=YELLOW
2026-02-27 08:20:47,469 [INFO] [u_station_ab_night_autotune_v2] __main__: FILTER_FAIL token=HYPR reason=score_min score=20 strict_min=48 soft_min=48 mode=YELLOW
2026-02-27 08:20:47,469 [INFO] [u_station_ab_night_autotune_v2] __main__: FILTER_FAIL token=DUCK reason=score_min score=20 strict_min=48 soft_min=48 mode=YELLOW
2026-02-27 08:20:47,485 [INFO] [u_station_ab_night_autotune_v2] __main__: FILTER_FAIL token=CSKY reason=score_min score=20 strict_min=48 soft_min=48 mode=YELLOW
2026-02-27 08:20:47,485 [INFO] [u_station_ab_night_autotune_v2] trading.v2_runtime: V2_QUALITY_ROTATE symbols_core=0 symbols_cooldown=0 sources=2 top_core=- top_cooldown=-
2026-02-27 08:20:47,485 [INFO] [u_station_ab_night_autotune_v2] __main__: V2_QUALITY_GATE enabled=True regime=YELLOW in=1 out=1 core_out=1 explore_out=0 probe_out=0 quota=0 max_symbol_share=1.000 drop={} sources_used={'watchlist': 1}
2026-02-27 08:20:47,485 [INFO] [u_station_ab_night_autotune_v2] __main__: V2_ENTRY_ROUTE enabled=True regime=YELLOW in=1 out=1 core_out=1 explore_out=0 quota=0 allow_explore=True
2026-02-27 08:20:47,485 [WARNING] [u_station_ab_night_autotune_v2] trading.auto_trader: DATA_POLICY mode=OK reason=healthy | route=allow_all prev_mode=OK prev_reason=init_reset_manual
2026-02-27 08:20:47,485 [INFO] [u_station_ab_night_autotune_v2] __main__: MARKET_REGIME mode=YELLOW reason=avg_cand=1.00 avg_cand_recent=1.00
2026-02-27 08:20:47,510 [INFO] [u_station_ab_night_autotune_v2] trading.auto_trader: AUTO_DECISION token=cbBTC mode=YELLOW tier=A channel=core score=100 src=watchlist liq=21114257 vol5m=99062 chg5m=-0.05% edge=0.83% raw=0.77% regime_mult=1.08 edge_usd=$0.004 size=$0.45 mult=1.35(score=1.15 liq=1.15 vol=1.10 volat=1.05) reinvest=1.05(growth_steps=0 drawdown=4.91% loss_streak=0 edge=5.52%) size_mode=0.80 hold_mode=1.06 exec_lane=runner exec_mult(size=1.10 hold=1.32 edge=0.94) edge_gate_mult(usd=1.00,pct=1.00) quality(edge=0.99,size=1.03 detail=src_mult=1.00 ev=-0.00031 edge(src_relax=0.000 src_tight=0.000 ev_adj=0.006) size(src_relax=0.000 src_cut=0.000 ev_adj=-0.007)) costs=8.83% gas=$0.028 ev_net=$0.00261 ev_samples=107 conf=1.00 pwin=0.61 avg_win=$0.0103 avg_loss=$0.0086 kelly=1.20(k=0.281) token_ev=sparse trades=2<18 cluster=s3|l3|v3|m0|r1 cluster_route=sparse samples=8<10 breakdown={'liquidity_score': 30, 'volume_score': 30, 'risk_score': 15, 'age_score': 15, 'safety_score': 15}
2026-02-27 08:20:47,679 [INFO] [u_station_ab_night_autotune_v2] trading.auto_trader: AUTO_BUY Paper BUY token=cbBTC address=0xcbb7c0000ab88b473b1f5afd9ef808440eed33bf mode=YELLOW tier=A channel=core lane=runner entry=$67599.25000000 size=$0.45 score=100 edge=0.83% edge_usd=$0.004 mult=1.35(score=1.15 liq=1.15 vol=1.10 volat=1.05) hold=134s costs=2.70% gas=$0.03
2026-02-27 08:20:47,728 [INFO] [u_station_ab_night_autotune_v2] trading.auto_trader: AutoTrade batch mode=top_n candidates=1 eligible=1 selected=1 opened=1 pe=off burst_window=1
2026-02-27 08:20:47,853 [INFO] [u_station_ab_night_autotune_v2] __main__: FILTER_THRESHOLDS safe_volume_5m_min=$5 safe_liquidity_min=$8000 safe_age_min=240s score_min=48 edge_min=0.05% lock_floor=0.95 no_momentum_max_pnl=0.25 weakness_pnl=-2.60
2026-02-27 08:20:47,869 [INFO] [u_station_ab_night_autotune_v2] __main__: Scanned 18 tokens | High quality: 5 | Alerts sent: 0 | Trade candidates: 1 | Quality out/core/explore/probe: 1/1/0/0 | Opened: 1 | Mode: local | Source: onchain+market | Policy: raw=OK/effective=OK(healthy | route=allow_all) | Regime: YELLOW(avg_cand=1.00) | Safety: checked=1 fail_closed=0 reasons=api_code_4029:1 | FiltersTop(session): score_min:6,source_qos_cap:5,safe_change_5m:3,safe_age:2 | Dedup: heavy_skip=0 override=0 | V2Budget: 1/280 | SourceQoS: enabled=1/in=18/out=12/dropped=6/active_cd=0/drops=source_qos_cap:5,source_qos_symbol_cap:1 | Ingest: q=0/oldest=0.0s/drop_old=0/dedup_skip=0/enq=6/drain=6 | Sources: dex_boosts:ok=1/fail=0/429=0/lim_wait=0/cd_wait=0/err=0.0%/avg=133ms; dexscreener:ok=11/fail=0/429=0/lim_wait=0/cd_wait=0/err=0.0%/avg=222ms; geckoterminal:ok=2/fail=0/429=0/lim_wait=0/cd_wait=0/err=0.0%/avg=177ms; onchain_enrich:ok=15/fail=0/429=0/lim_wait=0/cd_wait=0/err=0.0%/avg=111ms; onchain_weth_price:ok=1/fail=0/429=0/lim_wait=0/cd_wait=0/err=0.0%/avg=55ms; watchlist_dex:ok=10/fail=0/429=0/lim_wait=0/cd_wait=0/err=0.0%/avg=95ms; watchlist_gecko:ok=6/fail=0/429=0/lim_wait=0/cd_wait=0/err=0.0%/avg=599ms | Tasks: 3 | RSS: 0.0MB | CycleAvg: 0.00s
2026-02-27 08:20:52,369 [INFO] [u_station_ab_night_autotune_v2] monitor.onchain_factory: ENRICH_RETRY token=0x050b7f1a02bdcea7cdef76552efee1ac1c15b4ee pair=0xaf0673e1ea6302d835da0707631497a03466c642 attempt=1/2 delay=10s
2026-02-27 08:20:52,387 [INFO] [u_station_ab_night_autotune_v2] monitor.onchain_factory: ENRICH_RETRY token=0x2b05a32de67215274b39f8b3ceffc842d94ec222 pair=0xfc8871d388ea1e61056cec5762b408b3a9c63afa attempt=1/2 delay=10s
2026-02-27 08:21:02,468 [INFO] [u_station_ab_night_autotune_v2] __main__: WATCHLIST merged count=7
2026-02-27 08:21:02,469 [INFO] [u_station_ab_night_autotune_v2] trading.v2_runtime: V2_UNIVERSE in=7 dedup=7 out=7 target=7 novel_target=6 novel_out=0 repeat_dropped=0 symbol_dropped=0 surge_in=1 surge_target=1 surge_out=1
2026-02-27 08:21:02,470 [INFO] [u_station_ab_night_autotune_v2] __main__: V2_SOURCE_QOS_FILTER in=7 out=3 drops={'source_qos_cap': 4} caps={'watchlist': 3}
2026-02-27 08:21:02,470 [INFO] [u_station_ab_night_autotune_v2] __main__: FILTER_FAIL token=HOTDOGZ reason=source_qos_cap source=watchlist used=3/3
2026-02-27 08:21:02,471 [INFO] [u_station_ab_night_autotune_v2] __main__: FILTER_FAIL token=VIRTUAL reason=source_qos_cap source=watchlist used=3/3
2026-02-27 08:21:02,472 [INFO] [u_station_ab_night_autotune_v2] __main__: FILTER_FAIL token=AntiHunter reason=source_qos_cap source=watchlist used=3/3
2026-02-27 08:21:02,473 [INFO] [u_station_ab_night_autotune_v2] __main__: FILTER_FAIL token=AERO reason=source_qos_cap source=watchlist used=3/3
2026-02-27 08:21:02,473 [INFO] [u_station_ab_night_autotune_v2] __main__: FILTER_PASS token=cbBTC tier=A score=100 mode=YELLOW risk=MEDIUM liq=21114257 vol5m=99062
2026-02-27 08:21:02,474 [INFO] [u_station_ab_night_autotune_v2] __main__: FILTER_FAIL token=FLOW reason=safe_change_5m
2026-02-27 08:21:02,475 [INFO] [u_station_ab_night_autotune_v2] __main__: FILTER_PASS token=POOPCOIN tier=A score=95 mode=YELLOW risk=MEDIUM liq=474237 vol5m=9317
2026-02-27 08:21:02,475 [INFO] [u_station_ab_night_autotune_v2] __main__: V2_QUALITY_GATE enabled=True regime=YELLOW in=2 out=2 core_out=1 explore_out=1 probe_out=0 quota=1 max_symbol_share=0.500 drop={} sources_used={'watchlist': 2}
2026-02-27 08:21:02,475 [INFO] [u_station_ab_night_autotune_v2] __main__: V2_ENTRY_ROUTE enabled=True regime=YELLOW in=2 out=2 core_out=1 explore_out=1 quota=1 allow_explore=True
2026-02-27 08:21:02,475 [INFO] [u_station_ab_night_autotune_v2] __main__: MARKET_REGIME mode=YELLOW reason=avg_cand=1.50 avg_cand_recent=1.50
2026-02-27 08:21:02,475 [INFO] [u_station_ab_night_autotune_v2] trading.auto_trader: AutoTrade batch prefilter removed=1 missing_addr=0 open_duplicate=1
2026-02-27 08:21:02,475 [INFO] [u_station_ab_night_autotune_v2] trading.auto_trader: AutoTrade skip token=POOPCOIN reason=blacklist detail=honeypot_guard:honeypot_api_status_404
2026-02-27 08:21:02,475 [INFO] [u_station_ab_night_autotune_v2] trading.auto_trader: AutoTrade batch mode=top_n candidates=2 eligible=1 selected=1 opened=0 pe=off burst_window=1
2026-02-27 08:21:02,571 [INFO] [u_station_ab_night_autotune_v2] __main__: Scanned 7 tokens | High quality: 3 | Alerts sent: 0 | Trade candidates: 2 | Quality out/core/explore/probe: 2/1/1/0 | Opened: 0 | Mode: local | Source: onchain+market | Policy: raw=OK/effective=OK(healthy | route=allow_all) | Regime: YELLOW(avg_cand=1.50) | Safety: checked=2 fail_closed=0 reasons=api_code_4029:2 | FiltersTop(session): source_qos_cap:9,score_min:6,safe_change_5m:4,safe_age:2 | Dedup: heavy_skip=0 override=0 | V2Budget: 2/280 | SourceQoS: enabled=1/in=7/out=3/dropped=4/active_cd=0/drops=source_qos_cap:4 | Ingest: q=0/oldest=0.0s/drop_old=0/dedup_skip=0/enq=0/drain=0 | Sources: dex_boosts:ok=1/fail=0/429=0/lim_wait=0/cd_wait=0/err=0.0%/avg=151ms; dexscreener:ok=11/fail=0/429=0/lim_wait=0/cd_wait=0/err=0.0%/avg=120ms; onchain_enrich:ok=8/fail=0/429=0/lim_wait=0/cd_wait=0/err=0.0%/avg=35ms | Tasks: 3 | RSS: 0.0MB | CycleAvg: 13.08s
2026-02-27 08:21:07,403 [INFO] [u_station_ab_night_autotune_v2] __main__: WATCHLIST merged count=7
2026-02-27 08:21:07,419 [INFO] [u_station_ab_night_autotune_v2] trading.v2_runtime: V2_UNIVERSE in=9 dedup=9 out=9 target=9 novel_target=8 novel_out=2 repeat_dropped=0 symbol_dropped=0 surge_in=1 surge_target=1 surge_out=1
2026-02-27 08:21:07,419 [INFO] [u_station_ab_night_autotune_v2] __main__: V2_SOURCE_QOS_FILTER in=9 out=4 drops={'source_qos_cap': 5} caps={'watchlist': 2, 'unknown': 0}
2026-02-27 08:21:07,419 [INFO] [u_station_ab_night_autotune_v2] __main__: FILTER_FAIL token=POOPCOIN reason=source_qos_cap source=watchlist used=2/2
2026-02-27 08:21:07,419 [INFO] [u_station_ab_night_autotune_v2] __main__: FILTER_FAIL token=HOTDOGZ reason=source_qos_cap source=watchlist used=2/2
2026-02-27 08:21:07,419 [INFO] [u_station_ab_night_autotune_v2] __main__: FILTER_FAIL token=VIRTUAL reason=source_qos_cap source=watchlist used=2/2
2026-02-27 08:21:07,419 [INFO] [u_station_ab_night_autotune_v2] __main__: FILTER_FAIL token=AntiHunter reason=source_qos_cap source=watchlist used=2/2
2026-02-27 08:21:07,419 [INFO] [u_station_ab_night_autotune_v2] __main__: FILTER_FAIL token=AERO reason=source_qos_cap source=watchlist used=2/2
2026-02-27 08:21:07,435 [INFO] [u_station_ab_night_autotune_v2] __main__: FILTER_PASS token=cbBTC tier=A score=100 mode=YELLOW risk=MEDIUM liq=21114257 vol5m=99062
2026-02-27 08:21:07,438 [INFO] [u_station_ab_night_autotune_v2] __main__: FILTER_FAIL token=FLOW reason=safe_change_5m
2026-02-27 08:21:07,438 [INFO] [u_station_ab_night_autotune_v2] __main__: FILTER_FAIL token=CHMB reason=score_min score=20 strict_min=48 soft_min=48 mode=YELLOW
2026-02-27 08:21:07,438 [INFO] [u_station_ab_night_autotune_v2] __main__: FILTER_FAIL token=PEPE reason=score_min score=20 strict_min=48 soft_min=48 mode=YELLOW
2026-02-27 08:21:07,438 [INFO] [u_station_ab_night_autotune_v2] __main__: V2_QUALITY_GATE enabled=True regime=YELLOW in=1 out=1 core_out=1 explore_out=0 probe_out=0 quota=0 max_symbol_share=1.000 drop={} sources_used={'watchlist': 1}
2026-02-27 08:21:07,438 [INFO] [u_station_ab_night_autotune_v2] __main__: V2_ENTRY_ROUTE enabled=True regime=YELLOW in=1 out=1 core_out=1 explore_out=0 quota=0 allow_explore=True
2026-02-27 08:21:07,438 [INFO] [u_station_ab_night_autotune_v2] __main__: MARKET_REGIME mode=YELLOW reason=avg_cand=1.33 avg_cand_recent=1.33
2026-02-27 08:21:07,438 [INFO] [u_station_ab_night_autotune_v2] trading.auto_trader: AutoTrade batch prefilter removed=1 missing_addr=0 open_duplicate=1
2026-02-27 08:21:07,521 [INFO] [u_station_ab_night_autotune_v2] __main__: Scanned 9 tokens | High quality: 2 | Alerts sent: 0 | Trade candidates: 1 | Quality out/core/explore/probe: 1/1/0/0 | Opened: 0 | Mode: local | Source: onchain+market | Policy: raw=OK/effective=OK(healthy | route=allow_all) | Regime: YELLOW(avg_cand=1.33) | Safety: checked=1 fail_closed=0 reasons=api_code_4029:1 | FiltersTop(session): source_qos_cap:14,score_min:8,safe_change_5m:5,safe_age:2 | Dedup: heavy_skip=0 override=0 | V2Budget: 1/280 | SourceQoS: enabled=1/in=9/out=4/dropped=5/active_cd=0/drops=source_qos_cap:5 | Ingest: q=0/oldest=0.0s/drop_old=0/dedup_skip=0/enq=0/drain=0 | Sources: dex_boosts:ok=1/fail=0/429=0/lim_wait=0/cd_wait=0/err=0.0%/avg=46ms; dexscreener:ok=11/fail=0/429=0/lim_wait=0/cd_wait=0/err=0.0%/avg=202ms; onchain_enrich:ok=2/fail=0/429=0/lim_wait=0/cd_wait=0/err=0.0%/avg=406ms | Tasks: 3 | RSS: 0.0MB | CycleAvg: 11.89s
2026-02-27 08:21:11,803 [INFO] [u_station_ab_night_autotune_v2] monitor.onchain_factory: PAIR_DETECTED source=uniswap_v2 dex=uniswap_v2 pair=0xab211677b8b9a45e10b7b66efd642f4bc692084c token0=0x4200000000000000000000000000000000000006 token1=0x93f7f890eb4b9d6b6871b1b4ab97898b0da58ce1 block=42693758 factory=0x8909dc15e40173ff4699343b6eb8132c65e18ec6
2026-02-27 08:21:11,803 [INFO] [u_station_ab_night_autotune_v2] monitor.onchain_factory: PAIR_DETECTED source=uniswap_v2 dex=uniswap_v2 pair=0xbb8ed693d15f1e5884073912951a12438ff368f6 token0=0x4200000000000000000000000000000000000006 token1=0x4703b5e0c17e277bca58a88fdddca872533dbb07 block=42693760 factory=0x8909dc15e40173ff4699343b6eb8132c65e18ec6
2026-02-27 08:21:12,235 [INFO] [u_station_ab_night_autotune_v2] monitor.onchain_factory: ENRICH_RETRY token=0x93f7f890eb4b9d6b6871b1b4ab97898b0da58ce1 pair=0xab211677b8b9a45e10b7b66efd642f4bc692084c attempt=1/2 delay=10s
2026-02-27 08:21:12,650 [INFO] [u_station_ab_night_autotune_v2] monitor.onchain_factory: ENRICH_RETRY token=0x4703b5e0c17e277bca58a88fdddca872533dbb07 pair=0xbb8ed693d15f1e5884073912951a12438ff368f6 attempt=1/2 delay=10s
2026-02-27 08:21:22,706 [INFO] [u_station_ab_night_autotune_v2] __main__: WATCHLIST merged count=7
2026-02-27 08:21:22,706 [INFO] [u_station_ab_night_autotune_v2] trading.v2_runtime: V2_UNIVERSE in=7 dedup=7 out=7 target=7 novel_target=6 novel_out=0 repeat_dropped=0 symbol_dropped=0 surge_in=1 surge_target=1 surge_out=1
2026-02-27 08:21:22,707 [INFO] [u_station_ab_night_autotune_v2] __main__: V2_SOURCE_QOS_FILTER in=7 out=3 drops={'source_qos_cap': 4} caps={'watchlist': 3}
2026-02-27 08:21:22,709 [INFO] [u_station_ab_night_autotune_v2] __main__: FILTER_FAIL token=HOTDOGZ reason=source_qos_cap source=watchlist used=3/3
2026-02-27 08:21:22,710 [INFO] [u_station_ab_night_autotune_v2] __main__: FILTER_FAIL token=VIRTUAL reason=source_qos_cap source=watchlist used=3/3
2026-02-27 08:21:22,711 [INFO] [u_station_ab_night_autotune_v2] __main__: FILTER_FAIL token=AntiHunter reason=source_qos_cap source=watchlist used=3/3
2026-02-27 08:21:22,712 [INFO] [u_station_ab_night_autotune_v2] __main__: FILTER_FAIL token=AERO reason=source_qos_cap source=watchlist used=3/3
2026-02-27 08:21:22,712 [INFO] [u_station_ab_night_autotune_v2] __main__: FILTER_PASS token=cbBTC tier=A score=100 mode=YELLOW risk=MEDIUM liq=21114257 vol5m=99062
2026-02-27 08:21:22,714 [INFO] [u_station_ab_night_autotune_v2] __main__: FILTER_FAIL token=FLOW reason=safe_change_5m
2026-02-27 08:21:22,714 [INFO] [u_station_ab_night_autotune_v2] __main__: FILTER_PASS token=POOPCOIN tier=A score=95 mode=YELLOW risk=MEDIUM liq=474237 vol5m=9317
2026-02-27 08:21:22,716 [INFO] [u_station_ab_night_autotune_v2] __main__: V2_QUALITY_GATE enabled=True regime=YELLOW in=2 out=2 core_out=1 explore_out=1 probe_out=0 quota=1 max_symbol_share=0.500 drop={} sources_used={'watchlist': 2}
2026-02-27 08:21:22,717 [INFO] [u_station_ab_night_autotune_v2] __main__: V2_ENTRY_ROUTE enabled=True regime=YELLOW in=2 out=2 core_out=1 explore_out=1 quota=1 allow_explore=True
2026-02-27 08:21:22,717 [INFO] [u_station_ab_night_autotune_v2] __main__: MARKET_REGIME mode=YELLOW reason=avg_cand=1.50 avg_cand_recent=1.50
2026-02-27 08:21:22,718 [INFO] [u_station_ab_night_autotune_v2] trading.auto_trader: AutoTrade batch prefilter removed=1 missing_addr=0 open_duplicate=1
2026-02-27 08:21:22,719 [INFO] [u_station_ab_night_autotune_v2] trading.auto_trader: AutoTrade skip token=POOPCOIN reason=blacklist detail=honeypot_guard:honeypot_api_status_404
2026-02-27 08:21:22,720 [INFO] [u_station_ab_night_autotune_v2] trading.auto_trader: AutoTrade batch mode=top_n candidates=2 eligible=1 selected=1 opened=0 pe=off burst_window=1
2026-02-27 08:21:22,953 [INFO] [u_station_ab_night_autotune_v2] __main__: Scanned 7 tokens | High quality: 3 | Alerts sent: 0 | Trade candidates: 2 | Quality out/core/explore/probe: 2/1/1/0 | Opened: 0 | Mode: local | Source: onchain+market | Policy: raw=OK/effective=OK(healthy | route=allow_all) | Regime: YELLOW(avg_cand=1.50) | Safety: checked=2 fail_closed=0 reasons=api_code_4029:2 | FiltersTop(session): source_qos_cap:18,score_min:8,safe_change_5m:6,safe_age:2 | Dedup: heavy_skip=0 override=0 | V2Budget: 2/280 | SourceQoS: enabled=1/in=7/out=3/dropped=4/active_cd=0/drops=source_qos_cap:4 | Ingest: q=0/oldest=0.0s/drop_old=0/dedup_skip=0/enq=0/drain=0 | Sources: dex_boosts:ok=1/fail=0/429=0/lim_wait=0/cd_wait=0/err=0.0%/avg=39ms; dexscreener:ok=11/fail=0/429=0/lim_wait=0/cd_wait=0/err=0.0%/avg=39ms; onchain_enrich:ok=8/fail=0/429=0/lim_wait=0/cd_wait=0/err=0.0%/avg=139ms | Tasks: 3 | RSS: 0.0MB | CycleAvg: 8.24s
2026-02-27 08:21:27,453 [INFO] [u_station_ab_night_autotune_v2] monitor.onchain_factory: ENRICH_RETRY token=0x93f7f890eb4b9d6b6871b1b4ab97898b0da58ce1 pair=0xab211677b8b9a45e10b7b66efd642f4bc692084c attempt=1/2 delay=10s
2026-02-27 08:21:27,485 [INFO] [u_station_ab_night_autotune_v2] monitor.onchain_factory: ENRICH_RETRY token=0x4703b5e0c17e277bca58a88fdddca872533dbb07 pair=0xbb8ed693d15f1e5884073912951a12438ff368f6 attempt=1/2 delay=10s
2026-02-27 08:21:37,553 [INFO] [u_station_ab_night_autotune_v2] __main__: WATCHLIST merged count=7
2026-02-27 08:21:37,553 [INFO] [u_station_ab_night_autotune_v2] trading.v2_runtime: V2_UNIVERSE in=7 dedup=7 out=7 target=7 novel_target=6 novel_out=0 repeat_dropped=0 symbol_dropped=0 surge_in=1 surge_target=1 surge_out=1
2026-02-27 08:21:37,553 [INFO] [u_station_ab_night_autotune_v2] __main__: V2_SOURCE_QOS_FILTER in=7 out=3 drops={'source_qos_cap': 4} caps={'watchlist': 3}
2026-02-27 08:21:37,553 [INFO] [u_station_ab_night_autotune_v2] __main__: FILTER_FAIL token=HOTDOGZ reason=source_qos_cap source=watchlist used=3/3
2026-02-27 08:21:37,553 [INFO] [u_station_ab_night_autotune_v2] __main__: FILTER_FAIL token=VIRTUAL reason=source_qos_cap source=watchlist used=3/3
2026-02-27 08:21:37,553 [INFO] [u_station_ab_night_autotune_v2] __main__: FILTER_FAIL token=AntiHunter reason=source_qos_cap source=watchlist used=3/3
2026-02-27 08:21:37,553 [INFO] [u_station_ab_night_autotune_v2] __main__: FILTER_FAIL token=AERO reason=source_qos_cap source=watchlist used=3/3
2026-02-27 08:21:37,553 [INFO] [u_station_ab_night_autotune_v2] __main__: FILTER_PASS token=cbBTC tier=A score=100 mode=YELLOW risk=MEDIUM liq=21114257 vol5m=99062
2026-02-27 08:21:37,553 [INFO] [u_station_ab_night_autotune_v2] __main__: FILTER_FAIL token=FLOW reason=safe_change_5m
2026-02-27 08:21:37,553 [INFO] [u_station_ab_night_autotune_v2] __main__: FILTER_PASS token=POOPCOIN tier=A score=95 mode=YELLOW risk=MEDIUM liq=474237 vol5m=9317
2026-02-27 08:21:37,569 [INFO] [u_station_ab_night_autotune_v2] __main__: V2_QUALITY_GATE enabled=True regime=YELLOW in=2 out=2 core_out=1 explore_out=1 probe_out=0 quota=1 max_symbol_share=0.500 drop={} sources_used={'watchlist': 2}
2026-02-27 08:21:37,570 [INFO] [u_station_ab_night_autotune_v2] __main__: V2_ENTRY_ROUTE enabled=True regime=YELLOW in=2 out=2 core_out=1 explore_out=1 quota=1 allow_explore=True
2026-02-27 08:21:37,570 [INFO] [u_station_ab_night_autotune_v2] __main__: MARKET_REGIME mode=YELLOW reason=avg_cand=1.60 avg_cand_recent=1.60
2026-02-27 08:21:37,571 [INFO] [u_station_ab_night_autotune_v2] trading.auto_trader: AutoTrade batch prefilter removed=1 missing_addr=0 open_duplicate=1
2026-02-27 08:21:37,572 [INFO] [u_station_ab_night_autotune_v2] trading.auto_trader: AutoTrade skip token=POOPCOIN reason=blacklist detail=honeypot_guard:honeypot_api_status_404
2026-02-27 08:21:37,572 [INFO] [u_station_ab_night_autotune_v2] trading.auto_trader: AutoTrade batch mode=top_n candidates=2 eligible=1 selected=1 opened=0 pe=off burst_window=0
2026-02-27 08:21:37,572 [INFO] [u_station_ab_night_autotune_v2] trading.auto_trader: PAPER_SUMMARY window=60s closed_delta=0 wins_delta=0 losses_delta=0 realized_delta=$0.00 total_closed=78 winrate_total=47.4% realized_total=$0.33 balance=$6.88 equity=$7.33 open=1
2026-02-27 08:21:37,653 [INFO] [u_station_ab_night_autotune_v2] __main__: Scanned 7 tokens | High quality: 3 | Alerts sent: 0 | Trade candidates: 2 | Quality out/core/explore/probe: 2/1/1/0 | Opened: 0 | Mode: local | Source: onchain+market | Policy: raw=OK/effective=OK(healthy | route=allow_all) | Regime: YELLOW(avg_cand=1.60) | Safety: checked=2 fail_closed=0 reasons=api_code_4029:2 | FiltersTop(session): source_qos_cap:22,score_min:8,safe_change_5m:7,safe_age:2 | Dedup: heavy_skip=0 override=0 | V2Budget: 2/280 | SourceQoS: enabled=1/in=7/out=3/dropped=4/active_cd=0/drops=source_qos_cap:4 | Ingest: q=0/oldest=0.0s/drop_old=0/dedup_skip=0/enq=0/drain=0 | Sources: dex_boosts:ok=1/fail=0/429=0/lim_wait=0/cd_wait=0/err=0.0%/avg=133ms; dexscreener:ok=11/fail=0/429=0/lim_wait=0/cd_wait=0/err=0.0%/avg=106ms; onchain_enrich:ok=8/fail=0/429=0/lim_wait=0/cd_wait=0/err=0.0%/avg=43ms | Tasks: 3 | RSS: 0.0MB | CycleAvg: 9.03s
2026-02-27 08:21:42,132 [INFO] [u_station_ab_night_autotune_v2] monitor.onchain_factory: ENRICH_RETRY token=0x93f7f890eb4b9d6b6871b1b4ab97898b0da58ce1 pair=0xab211677b8b9a45e10b7b66efd642f4bc692084c attempt=1/2 delay=10s
2026-02-27 08:21:42,147 [INFO] [u_station_ab_night_autotune_v2] monitor.onchain_factory: ENRICH_RETRY token=0x4703b5e0c17e277bca58a88fdddca872533dbb07 pair=0xbb8ed693d15f1e5884073912951a12438ff368f6 attempt=1/2 delay=10s
2026-02-27 08:21:52,554 [INFO] [u_station_ab_night_autotune_v2] __main__: WATCHLIST merged count=7
2026-02-27 08:21:52,555 [INFO] [u_station_ab_night_autotune_v2] trading.v2_runtime: V2_UNIVERSE in=8 dedup=8 out=8 target=8 novel_target=7 novel_out=1 repeat_dropped=0 symbol_dropped=0 surge_in=1 surge_target=1 surge_out=1
2026-02-27 08:21:52,555 [INFO] [u_station_ab_night_autotune_v2] __main__: V2_SOURCE_QOS_FILTER in=8 out=3 drops={'source_qos_cap': 5} caps={'watchlist': 2, 'unknown': 0}
2026-02-27 08:21:52,555 [INFO] [u_station_ab_night_autotune_v2] __main__: FILTER_FAIL token=POOPCOIN reason=source_qos_cap source=watchlist used=2/2
2026-02-27 08:21:52,555 [INFO] [u_station_ab_night_autotune_v2] __main__: FILTER_FAIL token=HOTDOGZ reason=source_qos_cap source=watchlist used=2/2
2026-02-27 08:21:52,555 [INFO] [u_station_ab_night_autotune_v2] __main__: FILTER_FAIL token=VIRTUAL reason=source_qos_cap source=watchlist used=2/2
2026-02-27 08:21:52,555 [INFO] [u_station_ab_night_autotune_v2] __main__: FILTER_FAIL token=AntiHunter reason=source_qos_cap source=watchlist used=2/2
2026-02-27 08:21:52,555 [INFO] [u_station_ab_night_autotune_v2] __main__: FILTER_FAIL token=AERO reason=source_qos_cap source=watchlist used=2/2
2026-02-27 08:21:52,555 [INFO] [u_station_ab_night_autotune_v2] __main__: FILTER_PASS token=cbBTC tier=A score=100 mode=YELLOW risk=MEDIUM liq=21114257 vol5m=99062
2026-02-27 08:21:52,555 [INFO] [u_station_ab_night_autotune_v2] __main__: FILTER_FAIL token=FLOW reason=safe_change_5m
2026-02-27 08:21:52,555 [INFO] [u_station_ab_night_autotune_v2] __main__: FILTER_FAIL token=MOMO reason=safe_volume vol5m=0 min=6 regime=YELLOW
2026-02-27 08:21:52,555 [INFO] [u_station_ab_night_autotune_v2] __main__: V2_QUALITY_GATE enabled=True regime=YELLOW in=1 out=1 core_out=1 explore_out=0 probe_out=0 quota=0 max_symbol_share=1.000 drop={} sources_used={'watchlist': 1}
2026-02-27 08:21:52,555 [INFO] [u_station_ab_night_autotune_v2] __main__: V2_ENTRY_ROUTE enabled=True regime=YELLOW in=1 out=1 core_out=1 explore_out=0 quota=0 allow_explore=True
2026-02-27 08:21:52,555 [INFO] [u_station_ab_night_autotune_v2] __main__: MARKET_REGIME mode=YELLOW reason=avg_cand=1.50 avg_cand_recent=1.50
2026-02-27 08:21:52,555 [INFO] [u_station_ab_night_autotune_v2] trading.auto_trader: AutoTrade batch prefilter removed=1 missing_addr=0 open_duplicate=1
2026-02-27 08:21:52,632 [INFO] [u_station_ab_night_autotune_v2] __main__: Scanned 8 tokens | High quality: 2 | Alerts sent: 0 | Trade candidates: 1 | Quality out/core/explore/probe: 1/1/0/0 | Opened: 0 | Mode: local | Source: onchain+market | Policy: raw=OK/effective=OK(healthy | route=allow_all) | Regime: YELLOW(avg_cand=1.50) | Safety: checked=1 fail_closed=0 reasons=api_code_4029:1 | FiltersTop(session): source_qos_cap:27,safe_change_5m:8,score_min:8,safe_age:2 | Dedup: heavy_skip=0 override=0 | V2Budget: 1/280 | SourceQoS: enabled=1/in=8/out=3/dropped=5/active_cd=0/drops=source_qos_cap:5 | Ingest: q=1/oldest=1.8s/drop_old=0/dedup_skip=0/enq=1/drain=0 | Sources: dex_boosts:ok=1/fail=0/429=0/lim_wait=0/cd_wait=0/err=0.0%/avg=42ms; dexscreener:ok=11/fail=0/429=0/lim_wait=0/cd_wait=0/err=0.0%/avg=181ms; geckoterminal:ok=1/fail=0/429=0/lim_wait=0/cd_wait=0/err=0.0%/avg=620ms; onchain_enrich:ok=7/fail=0/429=0/lim_wait=0/cd_wait=0/err=0.0%/avg=124ms; onchain_weth_price:ok=1/fail=0/429=0/lim_wait=0/cd_wait=0/err=0.0%/avg=65ms | Tasks: 3 | RSS: 0.0MB | CycleAvg: 9.37s
2026-02-27 08:21:56,903 [INFO] [u_station_ab_night_autotune_v2] monitor.onchain_factory: PAIR_DETECTED source=uniswap_v2 dex=uniswap_v2 pair=0xb5b5accde2da7d166b5c014009cef76c47aa0cb1 token0=0x4200000000000000000000000000000000000006 token1=0x8ff6d54c457e5215412674a4ef3f71a4639f7845 block=42693781 factory=0x8909dc15e40173ff4699343b6eb8132c65e18ec6
2026-02-27 08:21:57,119 [INFO] [u_station_ab_night_autotune_v2] monitor.onchain_factory: ENRICH_RETRY token=0x93f7f890eb4b9d6b6871b1b4ab97898b0da58ce1 pair=0xab211677b8b9a45e10b7b66efd642f4bc692084c attempt=1/2 delay=10s
2026-02-27 08:21:57,389 [INFO] [u_station_ab_night_autotune_v2] monitor.onchain_factory: ENRICH_RETRY token=0x8ff6d54c457e5215412674a4ef3f71a4639f7845 pair=0xb5b5accde2da7d166b5c014009cef76c47aa0cb1 attempt=1/2 delay=10s
2026-02-27 08:22:07,444 [INFO] [u_station_ab_night_autotune_v2] __main__: WATCHLIST merged count=7
2026-02-27 08:22:07,444 [INFO] [u_station_ab_night_autotune_v2] trading.v2_runtime: V2_UNIVERSE in=8 dedup=8 out=8 target=8 novel_target=7 novel_out=0 repeat_dropped=0 symbol_dropped=0 surge_in=1 surge_target=1 surge_out=1
2026-02-27 08:22:07,444 [INFO] [u_station_ab_night_autotune_v2] __main__: V2_SOURCE_QOS_FILTER in=8 out=3 drops={'source_qos_cap': 5} caps={'watchlist': 2, 'geckoterminal': 287}
2026-02-27 08:22:07,444 [INFO] [u_station_ab_night_autotune_v2] __main__: FILTER_FAIL token=POOPCOIN reason=source_qos_cap source=watchlist used=2/2
2026-02-27 08:22:07,444 [INFO] [u_station_ab_night_autotune_v2] __main__: FILTER_FAIL token=HOTDOGZ reason=source_qos_cap source=watchlist used=2/2
2026-02-27 08:22:07,453 [INFO] [u_station_ab_night_autotune_v2] __main__: FILTER_FAIL token=VIRTUAL reason=source_qos_cap source=watchlist used=2/2
2026-02-27 08:22:07,453 [INFO] [u_station_ab_night_autotune_v2] __main__: FILTER_FAIL token=AntiHunter reason=source_qos_cap source=watchlist used=2/2
2026-02-27 08:22:07,453 [INFO] [u_station_ab_night_autotune_v2] __main__: FILTER_FAIL token=AERO reason=source_qos_cap source=watchlist used=2/2
2026-02-27 08:22:07,453 [INFO] [u_station_ab_night_autotune_v2] __main__: FILTER_PASS token=cbBTC tier=A score=100 mode=YELLOW risk=MEDIUM liq=21114257 vol5m=99062
2026-02-27 08:22:07,453 [INFO] [u_station_ab_night_autotune_v2] __main__: FILTER_FAIL token=FLOW reason=safe_change_5m
2026-02-27 08:22:07,453 [INFO] [u_station_ab_night_autotune_v2] __main__: FILTER_FAIL token=MOMO reason=safe_age
2026-02-27 08:22:07,453 [INFO] [u_station_ab_night_autotune_v2] __main__: V2_QUALITY_GATE enabled=True regime=YELLOW in=1 out=1 core_out=1 explore_out=0 probe_out=0 quota=0 max_symbol_share=1.000 drop={} sources_used={'watchlist': 1}
2026-02-27 08:22:07,453 [INFO] [u_station_ab_night_autotune_v2] __main__: V2_ENTRY_ROUTE enabled=True regime=YELLOW in=1 out=1 core_out=1 explore_out=0 quota=0 allow_explore=True
2026-02-27 08:22:07,453 [INFO] [u_station_ab_night_autotune_v2] __main__: MARKET_REGIME mode=YELLOW reason=avg_cand=1.43 avg_cand_recent=1.43
2026-02-27 08:22:07,453 [INFO] [u_station_ab_night_autotune_v2] trading.auto_trader: AutoTrade batch prefilter removed=1 missing_addr=0 open_duplicate=1
2026-02-27 08:22:07,577 [INFO] [u_station_ab_night_autotune_v2] __main__: Scanned 8 tokens | High quality: 2 | Alerts sent: 0 | Trade candidates: 1 | Quality out/core/explore/probe: 1/1/0/0 | Opened: 0 | Mode: local | Source: onchain+market | Policy: raw=OK/effective=OK(healthy | route=allow_all) | Regime: YELLOW(avg_cand=1.43) | Safety: checked=1 fail_closed=0 reasons=api_code_4029:1 | FiltersTop(session): source_qos_cap:32,safe_change_5m:9,score_min:8,safe_age:3 | Dedup: heavy_skip=0 override=0 | V2Budget: 1/280 | SourceQoS: enabled=1/in=8/out=3/dropped=5/active_cd=0/drops=source_qos_cap:5 | Ingest: q=0/oldest=0.0s/drop_old=0/dedup_skip=0/enq=0/drain=1 | Sources: dex_boosts:ok=1/fail=0/429=0/lim_wait=0/cd_wait=0/err=0.0%/avg=46ms; dexscreener:ok=11/fail=0/429=0/lim_wait=0/cd_wait=0/err=0.0%/avg=56ms; onchain_enrich:ok=8/fail=0/429=0/lim_wait=0/cd_wait=0/err=0.0%/avg=68ms | Tasks: 3 | RSS: 0.0MB | CycleAvg: 9.63s
2026-02-27 08:22:12,053 [INFO] [u_station_ab_night_autotune_v2] monitor.onchain_factory: ENRICH_RETRY token=0x93f7f890eb4b9d6b6871b1b4ab97898b0da58ce1 pair=0xab211677b8b9a45e10b7b66efd642f4bc692084c attempt=1/2 delay=10s
2026-02-27 08:22:12,053 [INFO] [u_station_ab_night_autotune_v2] monitor.onchain_factory: ENRICH_RETRY token=0x8ff6d54c457e5215412674a4ef3f71a4639f7845 pair=0xb5b5accde2da7d166b5c014009cef76c47aa0cb1 attempt=1/2 delay=10s
2026-02-27 08:22:22,138 [INFO] [u_station_ab_night_autotune_v2] __main__: WATCHLIST merged count=7
2026-02-27 08:22:22,138 [INFO] [u_station_ab_night_autotune_v2] trading.v2_runtime: V2_UNIVERSE in=7 dedup=7 out=7 target=7 novel_target=6 novel_out=0 repeat_dropped=0 symbol_dropped=0 surge_in=1 surge_target=1 surge_out=1
2026-02-27 08:22:22,138 [INFO] [u_station_ab_night_autotune_v2] __main__: V2_SOURCE_QOS_FILTER in=7 out=3 drops={'source_qos_cap': 4} caps={'watchlist': 3}
2026-02-27 08:22:22,138 [INFO] [u_station_ab_night_autotune_v2] __main__: FILTER_FAIL token=HOTDOGZ reason=source_qos_cap source=watchlist used=3/3
2026-02-27 08:22:22,138 [INFO] [u_station_ab_night_autotune_v2] __main__: FILTER_FAIL token=VIRTUAL reason=source_qos_cap source=watchlist used=3/3
2026-02-27 08:22:22,138 [INFO] [u_station_ab_night_autotune_v2] __main__: FILTER_FAIL token=AntiHunter reason=source_qos_cap source=watchlist used=3/3
2026-02-27 08:22:22,138 [INFO] [u_station_ab_night_autotune_v2] __main__: FILTER_FAIL token=AERO reason=source_qos_cap source=watchlist used=3/3
2026-02-27 08:22:22,138 [INFO] [u_station_ab_night_autotune_v2] __main__: FILTER_PASS token=cbBTC tier=A score=100 mode=YELLOW risk=MEDIUM liq=21114257 vol5m=99062
2026-02-27 08:22:22,138 [INFO] [u_station_ab_night_autotune_v2] __main__: FILTER_FAIL token=FLOW reason=safe_change_5m
2026-02-27 08:22:22,138 [INFO] [u_station_ab_night_autotune_v2] __main__: FILTER_PASS token=POOPCOIN tier=A score=95 mode=YELLOW risk=MEDIUM liq=474237 vol5m=9317
2026-02-27 08:22:22,138 [INFO] [u_station_ab_night_autotune_v2] __main__: V2_QUALITY_GATE enabled=True regime=YELLOW in=2 out=2 core_out=1 explore_out=1 probe_out=0 quota=1 max_symbol_share=0.500 drop={} sources_used={'watchlist': 2}
2026-02-27 08:22:22,138 [INFO] [u_station_ab_night_autotune_v2] __main__: V2_ENTRY_ROUTE enabled=True regime=YELLOW in=2 out=2 core_out=1 explore_out=1 quota=1 allow_explore=True
2026-02-27 08:22:22,138 [INFO] [u_station_ab_night_autotune_v2] __main__: MARKET_REGIME mode=YELLOW reason=avg_cand=1.50 avg_cand_recent=1.50
2026-02-27 08:22:22,138 [INFO] [u_station_ab_night_autotune_v2] trading.auto_trader: AutoTrade batch prefilter removed=1 missing_addr=0 open_duplicate=1
2026-02-27 08:22:22,138 [INFO] [u_station_ab_night_autotune_v2] trading.auto_trader: AutoTrade skip token=POOPCOIN reason=blacklist detail=honeypot_guard:honeypot_api_status_404
2026-02-27 08:22:22,138 [INFO] [u_station_ab_night_autotune_v2] trading.auto_trader: AutoTrade batch mode=top_n candidates=2 eligible=1 selected=1 opened=0 pe=off burst_window=0
2026-02-27 08:22:22,219 [INFO] [u_station_ab_night_autotune_v2] __main__: Scanned 7 tokens | High quality: 3 | Alerts sent: 0 | Trade candidates: 2 | Quality out/core/explore/probe: 2/1/1/0 | Opened: 0 | Mode: local | Source: onchain+market | Policy: raw=OK/effective=OK(healthy | route=allow_all) | Regime: YELLOW(avg_cand=1.50) | Safety: checked=2 fail_closed=0 reasons=api_code_4029:2 | FiltersTop(session): source_qos_cap:36,safe_change_5m:10,score_min:8,safe_age:3 | Dedup: heavy_skip=0 override=0 | V2Budget: 2/280 | SourceQoS: enabled=1/in=7/out=3/dropped=4/active_cd=0/drops=source_qos_cap:4 | Ingest: q=0/oldest=0.0s/drop_old=0/dedup_skip=0/enq=0/drain=0 | Sources: dex_boosts:ok=1/fail=0/429=0/lim_wait=0/cd_wait=0/err=0.0%/avg=33ms; dexscreener:ok=11/fail=0/429=0/lim_wait=0/cd_wait=0/err=0.0%/avg=43ms; onchain_enrich:ok=8/fail=0/429=0/lim_wait=0/cd_wait=0/err=0.0%/avg=33ms | Tasks: 3 | RSS: 0.0MB | CycleAvg: 9.82s
2026-02-27 08:22:26,728 [INFO] [u_station_ab_night_autotune_v2] monitor.onchain_factory: ENRICH_RETRY token=0x8ff6d54c457e5215412674a4ef3f71a4639f7845 pair=0xb5b5accde2da7d166b5c014009cef76c47aa0cb1 attempt=1/2 delay=10s
2026-02-27 08:22:26,953 [INFO] [u_station_ab_night_autotune_v2] monitor.onchain_factory: ENRICH_RETRY token=0x93f7f890eb4b9d6b6871b1b4ab97898b0da58ce1 pair=0xab211677b8b9a45e10b7b66efd642f4bc692084c attempt=1/2 delay=10s
2026-02-27 08:22:37,003 [INFO] [u_station_ab_night_autotune_v2] __main__: WATCHLIST merged count=7
2026-02-27 08:22:37,019 [INFO] [u_station_ab_night_autotune_v2] trading.v2_runtime: V2_UNIVERSE in=8 dedup=8 out=8 target=8 novel_target=7 novel_out=1 repeat_dropped=0 symbol_dropped=0 surge_in=1 surge_target=1 surge_out=1
2026-02-27 08:22:37,019 [INFO] [u_station_ab_night_autotune_v2] __main__: V2_SOURCE_QOS_FILTER in=8 out=3 drops={'source_qos_cap': 5} caps={'watchlist': 2, 'unknown': 0}
2026-02-27 08:22:37,022 [INFO] [u_station_ab_night_autotune_v2] __main__: FILTER_FAIL token=POOPCOIN reason=source_qos_cap source=watchlist used=2/2
2026-02-27 08:22:37,022 [INFO] [u_station_ab_night_autotune_v2] __main__: FILTER_FAIL token=HOTDOGZ reason=source_qos_cap source=watchlist used=2/2
2026-02-27 08:22:37,022 [INFO] [u_station_ab_night_autotune_v2] __main__: FILTER_FAIL token=VIRTUAL reason=source_qos_cap source=watchlist used=2/2
2026-02-27 08:22:37,022 [INFO] [u_station_ab_night_autotune_v2] __main__: FILTER_FAIL token=AntiHunter reason=source_qos_cap source=watchlist used=2/2
2026-02-27 08:22:37,022 [INFO] [u_station_ab_night_autotune_v2] __main__: FILTER_FAIL token=AERO reason=source_qos_cap source=watchlist used=2/2
2026-02-27 08:22:37,022 [INFO] [u_station_ab_night_autotune_v2] __main__: FILTER_PASS token=cbBTC tier=A score=100 mode=YELLOW risk=MEDIUM liq=21114257 vol5m=99062
2026-02-27 08:22:37,022 [INFO] [u_station_ab_night_autotune_v2] __main__: FILTER_FAIL token=FLOW reason=safe_change_5m
2026-02-27 08:22:37,022 [INFO] [u_station_ab_night_autotune_v2] __main__: FILTER_FAIL token=Milady reason=score_min score=20 strict_min=48 soft_min=48 mode=YELLOW
2026-02-27 08:22:37,022 [INFO] [u_station_ab_night_autotune_v2] __main__: V2_QUALITY_GATE enabled=True regime=YELLOW in=1 out=1 core_out=1 explore_out=0 probe_out=0 quota=0 max_symbol_share=1.000 drop={} sources_used={'watchlist': 1}
2026-02-27 08:22:37,022 [INFO] [u_station_ab_night_autotune_v2] __main__: V2_ENTRY_ROUTE enabled=True regime=YELLOW in=1 out=1 core_out=1 explore_out=0 quota=0 allow_explore=True
2026-02-27 08:22:37,022 [INFO] [u_station_ab_night_autotune_v2] __main__: MARKET_REGIME mode=YELLOW reason=avg_cand=1.44 avg_cand_recent=1.44
2026-02-27 08:22:37,022 [INFO] [u_station_ab_night_autotune_v2] trading.auto_trader: AutoTrade batch prefilter removed=1 missing_addr=0 open_duplicate=1
2026-02-27 08:22:37,103 [INFO] [u_station_ab_night_autotune_v2] __main__: Scanned 8 tokens | High quality: 2 | Alerts sent: 0 | Trade candidates: 1 | Quality out/core/explore/probe: 1/1/0/0 | Opened: 0 | Mode: local | Source: onchain+market | Policy: raw=OK/effective=OK(healthy | route=allow_all) | Regime: YELLOW(avg_cand=1.44) | Safety: checked=1 fail_closed=0 reasons=api_code_4029:1 | FiltersTop(session): source_qos_cap:41,safe_change_5m:11,score_min:9,safe_age:3 | Dedup: heavy_skip=0 override=0 | V2Budget: 1/280 | SourceQoS: enabled=1/in=8/out=3/dropped=5/active_cd=0/drops=source_qos_cap:5 | Ingest: q=0/oldest=0.0s/drop_old=0/dedup_skip=0/enq=0/drain=0 | Sources: dex_boosts:ok=1/fail=0/429=0/lim_wait=0/cd_wait=0/err=0.0%/avg=35ms; dexscreener:ok=11/fail=0/429=0/lim_wait=0/cd_wait=0/err=0.0%/avg=224ms; onchain_enrich:ok=7/fail=0/429=0/lim_wait=0/cd_wait=0/err=0.0%/avg=73ms | Tasks: 3 | RSS: 0.0MB | CycleAvg: 9.92s
2026-02-27 08:22:41,370 [INFO] [u_station_ab_night_autotune_v2] monitor.onchain_factory: PAIR_DETECTED source=uniswap_v2 dex=uniswap_v2 pair=0x04f0c77f9d900ef03e22423f4dbbbfa72f332249 token0=0x4200000000000000000000000000000000000006 token1=0xd8f9891f181ceb3d36317911dd2e45020825d347 block=42693802 factory=0x8909dc15e40173ff4699343b6eb8132c65e18ec6
2026-02-27 08:22:41,581 [INFO] [u_station_ab_night_autotune_v2] monitor.onchain_factory: ENRICH_RETRY token=0x93f7f890eb4b9d6b6871b1b4ab97898b0da58ce1 pair=0xab211677b8b9a45e10b7b66efd642f4bc692084c attempt=1/2 delay=10s
2026-02-27 08:22:41,804 [INFO] [u_station_ab_night_autotune_v2] monitor.onchain_factory: ENRICH_RETRY token=0xd8f9891f181ceb3d36317911dd2e45020825d347 pair=0x04f0c77f9d900ef03e22423f4dbbbfa72f332249 attempt=1/2 delay=10s
2026-02-27 08:22:51,881 [INFO] [u_station_ab_night_autotune_v2] __main__: WATCHLIST merged count=7
2026-02-27 08:22:51,881 [INFO] [u_station_ab_night_autotune_v2] trading.v2_runtime: V2_UNIVERSE in=7 dedup=7 out=7 target=7 novel_target=6 novel_out=0 repeat_dropped=0 symbol_dropped=0 surge_in=1 surge_target=1 surge_out=1
2026-02-27 08:22:51,881 [INFO] [u_station_ab_night_autotune_v2] __main__: V2_SOURCE_QOS_FILTER in=7 out=3 drops={'source_qos_cap': 4} caps={'watchlist': 3}
2026-02-27 08:22:51,881 [INFO] [u_station_ab_night_autotune_v2] __main__: FILTER_FAIL token=HOTDOGZ reason=source_qos_cap source=watchlist used=3/3
2026-02-27 08:22:51,881 [INFO] [u_station_ab_night_autotune_v2] __main__: FILTER_FAIL token=VIRTUAL reason=source_qos_cap source=watchlist used=3/3
2026-02-27 08:22:51,881 [INFO] [u_station_ab_night_autotune_v2] __main__: FILTER_FAIL token=AntiHunter reason=source_qos_cap source=watchlist used=3/3
2026-02-27 08:22:51,881 [INFO] [u_station_ab_night_autotune_v2] __main__: FILTER_FAIL token=AERO reason=source_qos_cap source=watchlist used=3/3
2026-02-27 08:22:51,881 [INFO] [u_station_ab_night_autotune_v2] __main__: FILTER_PASS token=cbBTC tier=A score=100 mode=YELLOW risk=MEDIUM liq=21114257 vol5m=99062
2026-02-27 08:22:51,881 [INFO] [u_station_ab_night_autotune_v2] __main__: FILTER_FAIL token=FLOW reason=safe_change_5m
2026-02-27 08:22:51,881 [INFO] [u_station_ab_night_autotune_v2] __main__: FILTER_PASS token=POOPCOIN tier=A score=95 mode=YELLOW risk=MEDIUM liq=474237 vol5m=9317
2026-02-27 08:22:51,881 [INFO] [u_station_ab_night_autotune_v2] __main__: V2_QUALITY_GATE enabled=True regime=YELLOW in=2 out=2 core_out=1 explore_out=1 probe_out=0 quota=1 max_symbol_share=0.500 drop={} sources_used={'watchlist': 2}
2026-02-27 08:22:51,881 [INFO] [u_station_ab_night_autotune_v2] __main__: V2_ENTRY_ROUTE enabled=True regime=YELLOW in=2 out=2 core_out=1 explore_out=1 quota=1 allow_explore=True
2026-02-27 08:22:51,881 [INFO] [u_station_ab_night_autotune_v2] __main__: MARKET_REGIME mode=YELLOW reason=avg_cand=1.50 avg_cand_recent=1.50
2026-02-27 08:22:51,881 [INFO] [u_station_ab_night_autotune_v2] trading.auto_trader: AutoTrade batch prefilter removed=1 missing_addr=0 open_duplicate=1
2026-02-27 08:22:51,881 [INFO] [u_station_ab_night_autotune_v2] trading.auto_trader: AutoTrade skip token=POOPCOIN reason=blacklist detail=honeypot_guard:honeypot_api_status_404
2026-02-27 08:22:51,881 [INFO] [u_station_ab_night_autotune_v2] trading.auto_trader: AutoTrade batch mode=top_n candidates=2 eligible=1 selected=1 opened=0 pe=off burst_window=0
2026-02-27 08:22:51,881 [INFO] [u_station_ab_night_autotune_v2] trading.auto_trader: PAPER_SUMMARY window=60s closed_delta=0 wins_delta=0 losses_delta=0 realized_delta=$0.00 total_closed=78 winrate_total=47.4% realized_total=$0.33 balance=$6.88 equity=$7.33 open=1
2026-02-27 08:22:52,020 [INFO] [u_station_ab_night_autotune_v2] __main__: Scanned 7 tokens | High quality: 3 | Alerts sent: 0 | Trade candidates: 2 | Quality out/core/explore/probe: 2/1/1/0 | Opened: 0 | Mode: local | Source: onchain+market | Policy: raw=OK/effective=OK(healthy | route=allow_all) | Regime: YELLOW(avg_cand=1.50) | Safety: checked=2 fail_closed=0 reasons=api_code_4029:2 | FiltersTop(session): source_qos_cap:45,safe_change_5m:12,score_min:9,safe_age:3 | Dedup: heavy_skip=0 override=0 | V2Budget: 2/280 | SourceQoS: enabled=1/in=7/out=3/dropped=4/active_cd=0/drops=source_qos_cap:4 | Ingest: q=0/oldest=0.0s/drop_old=0/dedup_skip=0/enq=0/drain=0 | Sources: dex_boosts:ok=1/fail=0/429=0/lim_wait=0/cd_wait=0/err=0.0%/avg=36ms; dexscreener:ok=11/fail=0/429=0/lim_wait=0/cd_wait=0/err=0.0%/avg=40ms; onchain_enrich:ok=8/fail=0/429=0/lim_wait=0/cd_wait=0/err=0.0%/avg=64ms | Tasks: 3 | RSS: 0.0MB | CycleAvg: 10.03s
2026-02-27 08:22:56,283 [INFO] [u_station_ab_night_autotune_v2] monitor.onchain_factory: PAIR_DETECTED source=uniswap_v2 dex=uniswap_v2 pair=0x540c5d5cae5599ff7c65ea3623059d4aa5e50e30 token0=0x4200000000000000000000000000000000000006 token1=0xcb599b7f491e5138d6af1b6f93e7f2269c70bc05 block=42693809 factory=0x8909dc15e40173ff4699343b6eb8132c65e18ec6
2026-02-27 08:22:56,520 [INFO] [u_station_ab_night_autotune_v2] monitor.onchain_factory: ENRICH_RETRY token=0x93f7f890eb4b9d6b6871b1b4ab97898b0da58ce1 pair=0xab211677b8b9a45e10b7b66efd642f4bc692084c attempt=1/2 delay=10s
2026-02-27 08:22:56,575 [INFO] [u_station_ab_night_autotune_v2] monitor.onchain_factory: ENRICH_RETRY token=0xd8f9891f181ceb3d36317911dd2e45020825d347 pair=0x04f0c77f9d900ef03e22423f4dbbbfa72f332249 attempt=1/2 delay=10s
2026-02-27 08:22:56,972 [INFO] [u_station_ab_night_autotune_v2] monitor.onchain_factory: ENRICH_RETRY token=0xcb599b7f491e5138d6af1b6f93e7f2269c70bc05 pair=0x540c5d5cae5599ff7c65ea3623059d4aa5e50e30 attempt=1/2 delay=10s
2026-02-27 08:23:07,069 [INFO] [u_station_ab_night_autotune_v2] __main__: WATCHLIST merged count=7
2026-02-27 08:23:07,069 [INFO] [u_station_ab_night_autotune_v2] trading.v2_runtime: V2_UNIVERSE in=8 dedup=8 out=8 target=8 novel_target=7 novel_out=1 repeat_dropped=0 symbol_dropped=0 surge_in=1 surge_target=1 surge_out=1
2026-02-27 08:23:07,070 [INFO] [u_station_ab_night_autotune_v2] __main__: V2_SOURCE_QOS_FILTER in=8 out=3 drops={'source_qos_cap': 5} caps={'watchlist': 2, 'unknown': 0}
2026-02-27 08:23:07,071 [INFO] [u_station_ab_night_autotune_v2] __main__: FILTER_FAIL token=POOPCOIN reason=source_qos_cap source=watchlist used=2/2
2026-02-27 08:23:07,072 [INFO] [u_station_ab_night_autotune_v2] __main__: FILTER_FAIL token=HOTDOGZ reason=source_qos_cap source=watchlist used=2/2
2026-02-27 08:23:07,072 [INFO] [u_station_ab_night_autotune_v2] __main__: FILTER_FAIL token=VIRTUAL reason=source_qos_cap source=watchlist used=2/2
2026-02-27 08:23:07,073 [INFO] [u_station_ab_night_autotune_v2] __main__: FILTER_FAIL token=AntiHunter reason=source_qos_cap source=watchlist used=2/2
2026-02-27 08:23:07,074 [INFO] [u_station_ab_night_autotune_v2] __main__: FILTER_FAIL token=AERO reason=source_qos_cap source=watchlist used=2/2
2026-02-27 08:23:07,074 [INFO] [u_station_ab_night_autotune_v2] __main__: FILTER_PASS token=cbBTC tier=A score=100 mode=YELLOW risk=MEDIUM liq=21114257 vol5m=99062
2026-02-27 08:23:07,075 [INFO] [u_station_ab_night_autotune_v2] __main__: FILTER_FAIL token=FLOW reason=safe_change_5m
2026-02-27 08:23:07,076 [INFO] [u_station_ab_night_autotune_v2] __main__: FILTER_FAIL token=EVR reason=score_min score=20 strict_min=48 soft_min=48 mode=YELLOW
2026-02-27 08:23:07,077 [INFO] [u_station_ab_night_autotune_v2] __main__: V2_QUALITY_GATE enabled=True regime=YELLOW in=1 out=1 core_out=1 explore_out=0 probe_out=0 quota=0 max_symbol_share=1.000 drop={} sources_used={'watchlist': 1}
2026-02-27 08:23:07,077 [INFO] [u_station_ab_night_autotune_v2] __main__: V2_ENTRY_ROUTE enabled=True regime=YELLOW in=1 out=1 core_out=1 explore_out=0 quota=0 allow_explore=True
2026-02-27 08:23:07,077 [INFO] [u_station_ab_night_autotune_v2] __main__: MARKET_REGIME mode=YELLOW reason=avg_cand=1.45 avg_cand_recent=1.45
2026-02-27 08:23:07,078 [INFO] [u_station_ab_night_autotune_v2] trading.auto_trader: AutoTrade batch prefilter removed=1 missing_addr=0 open_duplicate=1
2026-02-27 08:23:07,206 [INFO] [u_station_ab_night_autotune_v2] __main__: Scanned 8 tokens | High quality: 2 | Alerts sent: 0 | Trade candidates: 1 | Quality out/core/explore/probe: 1/1/0/0 | Opened: 0 | Mode: local | Source: onchain+market | Policy: raw=OK/effective=OK(healthy | route=allow_all) | Regime: YELLOW(avg_cand=1.45) | Safety: checked=1 fail_closed=0 reasons=api_code_4029:1 | FiltersTop(session): source_qos_cap:50,safe_change_5m:13,score_min:10,safe_age:3 | Dedup: heavy_skip=0 override=0 | V2Budget: 1/280 | SourceQoS: enabled=1/in=8/out=3/dropped=5/active_cd=0/drops=source_qos_cap:5 | Ingest: q=0/oldest=0.0s/drop_old=0/dedup_skip=0/enq=0/drain=0 | Sources: dex_boosts:ok=1/fail=0/429=0/lim_wait=0/cd_wait=0/err=0.0%/avg=43ms; dexscreener:ok=11/fail=0/429=0/lim_wait=0/cd_wait=0/err=0.0%/avg=45ms; geckoterminal:ok=1/fail=0/429=0/lim_wait=0/cd_wait=0/err=0.0%/avg=428ms; onchain_enrich:ok=11/fail=0/429=0/lim_wait=0/cd_wait=0/err=0.0%/avg=89ms; onchain_weth_price:ok=1/fail=0/429=0/lim_wait=0/cd_wait=0/err=0.0%/avg=52ms | Tasks: 3 | RSS: 0.0MB | CycleAvg: 10.12s
2026-02-27 08:23:11,485 [INFO] [u_station_ab_night_autotune_v2] monitor.onchain_factory: PAIR_DETECTED source=uniswap_v2 dex=uniswap_v2 pair=0xceb4ab52e3c6088aea4fda5e0bb366c770d32fa5 token0=0x2e33c9581fa2a3adc3ba261599b7048d11deeb07 token1=0x4200000000000000000000000000000000000006 block=42693819 factory=0x8909dc15e40173ff4699343b6eb8132c65e18ec6
2026-02-27 08:23:11,686 [INFO] [u_station_ab_night_autotune_v2] monitor.onchain_factory: ENRICH_RETRY token=0xd8f9891f181ceb3d36317911dd2e45020825d347 pair=0x04f0c77f9d900ef03e22423f4dbbbfa72f332249 attempt=1/2 delay=10s
2026-02-27 08:23:11,730 [INFO] [u_station_ab_night_autotune_v2] monitor.onchain_factory: ENRICH_RETRY token=0xcb599b7f491e5138d6af1b6f93e7f2269c70bc05 pair=0x540c5d5cae5599ff7c65ea3623059d4aa5e50e30 attempt=1/2 delay=10s
2026-02-27 08:23:12,115 [INFO] [u_station_ab_night_autotune_v2] monitor.onchain_factory: ENRICH_RETRY token=0x2e33c9581fa2a3adc3ba261599b7048d11deeb07 pair=0xceb4ab52e3c6088aea4fda5e0bb366c770d32fa5 attempt=1/2 delay=10s
2026-02-27 08:23:22,204 [INFO] [u_station_ab_night_autotune_v2] __main__: WATCHLIST merged count=7
2026-02-27 08:23:22,204 [INFO] [u_station_ab_night_autotune_v2] trading.v2_runtime: V2_UNIVERSE in=7 dedup=7 out=7 target=7 novel_target=6 novel_out=0 repeat_dropped=0 symbol_dropped=0 surge_in=1 surge_target=1 surge_out=1
2026-02-27 08:23:22,204 [INFO] [u_station_ab_night_autotune_v2] __main__: V2_SOURCE_QOS_FILTER in=7 out=3 drops={'source_qos_cap': 4} caps={'watchlist': 3}
2026-02-27 08:23:22,204 [INFO] [u_station_ab_night_autotune_v2] __main__: FILTER_FAIL token=HOTDOGZ reason=source_qos_cap source=watchlist used=3/3
2026-02-27 08:23:22,204 [INFO] [u_station_ab_night_autotune_v2] __main__: FILTER_FAIL token=VIRTUAL reason=source_qos_cap source=watchlist used=3/3
2026-02-27 08:23:22,204 [INFO] [u_station_ab_night_autotune_v2] __main__: FILTER_FAIL token=AntiHunter reason=source_qos_cap source=watchlist used=3/3
2026-02-27 08:23:22,204 [INFO] [u_station_ab_night_autotune_v2] __main__: FILTER_FAIL token=AERO reason=source_qos_cap source=watchlist used=3/3
2026-02-27 08:23:22,220 [INFO] [u_station_ab_night_autotune_v2] __main__: FILTER_PASS token=cbBTC tier=A score=100 mode=YELLOW risk=MEDIUM liq=21114257 vol5m=99062
2026-02-27 08:23:22,220 [INFO] [u_station_ab_night_autotune_v2] __main__: FILTER_FAIL token=FLOW reason=safe_change_5m
2026-02-27 08:23:22,220 [INFO] [u_station_ab_night_autotune_v2] __main__: FILTER_PASS token=POOPCOIN tier=A score=95 mode=YELLOW risk=MEDIUM liq=474237 vol5m=9317
2026-02-27 08:23:22,220 [INFO] [u_station_ab_night_autotune_v2] __main__: V2_QUALITY_GATE enabled=True regime=YELLOW in=2 out=2 core_out=1 explore_out=1 probe_out=0 quota=1 max_symbol_share=0.500 drop={} sources_used={'watchlist': 2}
2026-02-27 08:23:22,220 [INFO] [u_station_ab_night_autotune_v2] __main__: V2_ENTRY_ROUTE enabled=True regime=YELLOW in=2 out=2 core_out=1 explore_out=1 quota=1 allow_explore=True
2026-02-27 08:23:22,220 [INFO] [u_station_ab_night_autotune_v2] __main__: MARKET_REGIME mode=YELLOW reason=avg_cand=1.50 avg_cand_recent=1.50
2026-02-27 08:23:22,220 [INFO] [u_station_ab_night_autotune_v2] trading.auto_trader: AutoTrade batch prefilter removed=1 missing_addr=0 open_duplicate=1
2026-02-27 08:23:22,220 [INFO] [u_station_ab_night_autotune_v2] trading.auto_trader: AutoTrade skip token=POOPCOIN reason=blacklist detail=honeypot_guard:honeypot_api_status_404
2026-02-27 08:23:22,220 [INFO] [u_station_ab_night_autotune_v2] trading.auto_trader: AutoTrade batch mode=top_n candidates=2 eligible=1 selected=1 opened=0 pe=off burst_window=0
2026-02-27 08:23:22,335 [INFO] [u_station_ab_night_autotune_v2] __main__: Scanned 7 tokens | High quality: 3 | Alerts sent: 0 | Trade candidates: 2 | Quality out/core/explore/probe: 2/1/1/0 | Opened: 0 | Mode: local | Source: onchain+market | Policy: raw=OK/effective=OK(healthy | route=allow_all) | Regime: YELLOW(avg_cand=1.50) | Safety: checked=2 fail_closed=0 reasons=api_code_4029:2 | FiltersTop(session): source_qos_cap:54,safe_change_5m:14,score_min:10,safe_age:3 | Dedup: heavy_skip=0 override=0 | V2Budget: 2/280 | SourceQoS: enabled=1/in=7/out=3/dropped=4/active_cd=0/drops=source_qos_cap:4 | Ingest: q=0/oldest=0.0s/drop_old=0/dedup_skip=0/enq=0/drain=0 | Sources: dex_boosts:ok=1/fail=0/429=0/lim_wait=0/cd_wait=0/err=0.0%/avg=118ms; dexscreener:ok=11/fail=0/429=0/lim_wait=0/cd_wait=0/err=0.0%/avg=284ms; onchain_enrich:ok=12/fail=0/429=0/lim_wait=0/cd_wait=0/err=0.0%/avg=86ms | Tasks: 3 | RSS: 0.0MB | CycleAvg: 10.21s
2026-02-27 08:23:26,820 [INFO] [u_station_ab_night_autotune_v2] monitor.onchain_factory: ENRICH_RETRY token=0xcb599b7f491e5138d6af1b6f93e7f2269c70bc05 pair=0x540c5d5cae5599ff7c65ea3623059d4aa5e50e30 attempt=1/2 delay=10s
2026-02-27 08:23:26,837 [INFO] [u_station_ab_night_autotune_v2] monitor.onchain_factory: ENRICH_RETRY token=0xd8f9891f181ceb3d36317911dd2e45020825d347 pair=0x04f0c77f9d900ef03e22423f4dbbbfa72f332249 attempt=1/2 delay=10s
2026-02-27 08:23:26,869 [INFO] [u_station_ab_night_autotune_v2] monitor.onchain_factory: ENRICH_RETRY token=0x2e33c9581fa2a3adc3ba261599b7048d11deeb07 pair=0xceb4ab52e3c6088aea4fda5e0bb366c770d32fa5 attempt=1/2 delay=10s
2026-02-27 08:23:37,053 [INFO] [u_station_ab_night_autotune_v2] __main__: WATCHLIST merged count=7
2026-02-27 08:23:37,053 [INFO] [u_station_ab_night_autotune_v2] trading.v2_runtime: V2_UNIVERSE in=8 dedup=8 out=8 target=8 novel_target=7 novel_out=1 repeat_dropped=0 symbol_dropped=0 surge_in=1 surge_target=1 surge_out=1
2026-02-27 08:23:37,069 [INFO] [u_station_ab_night_autotune_v2] __main__: V2_SOURCE_QOS_FILTER in=8 out=3 drops={'source_qos_cap': 5} caps={'watchlist': 2, 'unknown': 0}
2026-02-27 08:23:37,070 [INFO] [u_station_ab_night_autotune_v2] __main__: FILTER_FAIL token=POOPCOIN reason=source_qos_cap source=watchlist used=2/2
2026-02-27 08:23:37,071 [INFO] [u_station_ab_night_autotune_v2] __main__: FILTER_FAIL token=HOTDOGZ reason=source_qos_cap source=watchlist used=2/2
2026-02-27 08:23:37,072 [INFO] [u_station_ab_night_autotune_v2] __main__: FILTER_FAIL token=VIRTUAL reason=source_qos_cap source=watchlist used=2/2
2026-02-27 08:23:37,072 [INFO] [u_station_ab_night_autotune_v2] __main__: FILTER_FAIL token=AntiHunter reason=source_qos_cap source=watchlist used=2/2
2026-02-27 08:23:37,073 [INFO] [u_station_ab_night_autotune_v2] __main__: FILTER_FAIL token=AERO reason=source_qos_cap source=watchlist used=2/2
2026-02-27 08:23:37,073 [INFO] [u_station_ab_night_autotune_v2] __main__: FILTER_PASS token=cbBTC tier=A score=100 mode=YELLOW risk=MEDIUM liq=21114257 vol5m=99062
2026-02-27 08:23:37,074 [INFO] [u_station_ab_night_autotune_v2] __main__: FILTER_FAIL token=FLOW reason=safe_change_5m
2026-02-27 08:23:37,075 [INFO] [u_station_ab_night_autotune_v2] __main__: FILTER_FAIL token=EMOTIONAL reason=safe_volume vol5m=0 min=6 regime=YELLOW
2026-02-27 08:23:37,076 [INFO] [u_station_ab_night_autotune_v2] __main__: V2_QUALITY_GATE enabled=True regime=YELLOW in=1 out=1 core_out=1 explore_out=0 probe_out=0 quota=0 max_symbol_share=1.000 drop={} sources_used={'watchlist': 1}
2026-02-27 08:23:37,076 [INFO] [u_station_ab_night_autotune_v2] __main__: V2_ENTRY_ROUTE enabled=True regime=YELLOW in=1 out=1 core_out=1 explore_out=0 quota=0 allow_explore=True
2026-02-27 08:23:37,077 [INFO] [u_station_ab_night_autotune_v2] __main__: MARKET_REGIME mode=YELLOW reason=avg_cand=1.50 avg_cand_recent=1.50
2026-02-27 08:23:37,077 [INFO] [u_station_ab_night_autotune_v2] trading.auto_trader: AutoTrade batch prefilter removed=1 missing_addr=0 open_duplicate=1
2026-02-27 08:23:37,269 [INFO] [u_station_ab_night_autotune_v2] trading.auto_trader: TOKEN_COOLDOWN token=0xcbb7c0000ab88b473b1f5afd9ef808440eed33bf reason=NO_MOMENTUM pnl=$-0.0002 cooldown=890s strikes=1->2 dynamic=True
2026-02-27 08:23:37,269 [INFO] [u_station_ab_night_autotune_v2] trading.auto_trader: AUTO_SELL Paper SELL token=cbBTC reason=NO_MOMENTUM exit=$67562.83000000 pnl=-0.05% ($-0.00) remaining=$-0.00 partial=$0.00 raw=-0.05% cost=2.70% gas=$0.03 balance=$7.33
2026-02-27 08:23:37,320 [INFO] [u_station_ab_night_autotune_v2] __main__: Scanned 8 tokens | High quality: 2 | Alerts sent: 0 | Trade candidates: 1 | Quality out/core/explore/probe: 1/1/0/0 | Opened: 0 | Mode: local | Source: onchain+market | Policy: raw=OK/effective=OK(healthy | route=allow_all) | Regime: YELLOW(avg_cand=1.50) | Safety: checked=1 fail_closed=0 reasons=api_code_4029:1 | FiltersTop(session): source_qos_cap:59,safe_change_5m:15,score_min:10,safe_age:3 | Dedup: heavy_skip=0 override=0 | V2Budget: 1/280 | SourceQoS: enabled=1/in=8/out=3/dropped=5/active_cd=0/drops=source_qos_cap:5 | Ingest: q=0/oldest=0.0s/drop_old=0/dedup_skip=0/enq=0/drain=0 | Sources: dex_boosts:ok=1/fail=0/429=0/lim_wait=0/cd_wait=0/err=0.0%/avg=49ms; dexscreener:ok=11/fail=0/429=0/lim_wait=0/cd_wait=0/err=0.0%/avg=49ms; onchain_enrich:ok=11/fail=0/429=0/lim_wait=0/cd_wait=0/err=0.0%/avg=60ms | Tasks: 3 | RSS: 0.0MB | CycleAvg: 10.29s
2026-02-27 08:23:41,803 [INFO] [u_station_ab_night_autotune_v2] monitor.onchain_factory: ENRICH_RETRY token=0x2e33c9581fa2a3adc3ba261599b7048d11deeb07 pair=0xceb4ab52e3c6088aea4fda5e0bb366c770d32fa5 attempt=1/2 delay=10s
2026-02-27 08:23:41,803 [INFO] [u_station_ab_night_autotune_v2] monitor.onchain_factory: ENRICH_RETRY token=0xd8f9891f181ceb3d36317911dd2e45020825d347 pair=0x04f0c77f9d900ef03e22423f4dbbbfa72f332249 attempt=1/2 delay=10s
2026-02-27 08:23:51,970 [INFO] [u_station_ab_night_autotune_v2] __main__: WATCHLIST merged count=7
2026-02-27 08:23:51,970 [INFO] [u_station_ab_night_autotune_v2] trading.v2_runtime: V2_UNIVERSE in=8 dedup=8 out=8 target=8 novel_target=7 novel_out=1 repeat_dropped=0 symbol_dropped=0 surge_in=1 surge_target=1 surge_out=1
2026-02-27 08:23:51,970 [INFO] [u_station_ab_night_autotune_v2] __main__: V2_SOURCE_QOS_FILTER in=8 out=3 drops={'source_qos_cap': 5} caps={'watchlist': 2, 'unknown': 0}
2026-02-27 08:23:51,970 [INFO] [u_station_ab_night_autotune_v2] __main__: FILTER_FAIL token=POOPCOIN reason=source_qos_cap source=watchlist used=2/2
2026-02-27 08:23:51,970 [INFO] [u_station_ab_night_autotune_v2] __main__: FILTER_FAIL token=HOTDOGZ reason=source_qos_cap source=watchlist used=2/2
2026-02-27 08:23:51,970 [INFO] [u_station_ab_night_autotune_v2] __main__: FILTER_FAIL token=VIRTUAL reason=source_qos_cap source=watchlist used=2/2
2026-02-27 08:23:51,970 [INFO] [u_station_ab_night_autotune_v2] __main__: FILTER_FAIL token=AntiHunter reason=source_qos_cap source=watchlist used=2/2
2026-02-27 08:23:51,970 [INFO] [u_station_ab_night_autotune_v2] __main__: FILTER_FAIL token=AERO reason=source_qos_cap source=watchlist used=2/2
2026-02-27 08:23:51,970 [INFO] [u_station_ab_night_autotune_v2] __main__: FILTER_PASS token=cbBTC tier=A score=100 mode=YELLOW risk=MEDIUM liq=21114257 vol5m=99062
2026-02-27 08:23:51,985 [INFO] [u_station_ab_night_autotune_v2] __main__: FILTER_FAIL token=FLOW reason=safe_change_5m
2026-02-27 08:23:51,985 [INFO] [u_station_ab_night_autotune_v2] __main__: FILTER_FAIL token=SAIRI reason=score_min score=20 strict_min=48 soft_min=48 mode=YELLOW
2026-02-27 08:23:51,985 [INFO] [u_station_ab_night_autotune_v2] __main__: V2_QUALITY_GATE enabled=True regime=YELLOW in=1 out=1 core_out=1 explore_out=0 probe_out=0 quota=0 max_symbol_share=1.000 drop={} sources_used={'watchlist': 1}
2026-02-27 08:23:51,985 [INFO] [u_station_ab_night_autotune_v2] __main__: V2_ENTRY_ROUTE enabled=True regime=YELLOW in=1 out=1 core_out=1 explore_out=0 quota=0 allow_explore=True
2026-02-27 08:23:51,988 [INFO] [u_station_ab_night_autotune_v2] __main__: MARKET_REGIME mode=YELLOW reason=avg_cand=1.42 avg_cand_recent=1.42
2026-02-27 08:23:51,988 [INFO] [u_station_ab_night_autotune_v2] trading.auto_trader: AutoTrade skip token=cbBTC reason=cooldown_left_875s
2026-02-27 08:23:51,988 [INFO] [u_station_ab_night_autotune_v2] trading.auto_trader: AutoTrade batch mode=top_n candidates=1 eligible=1 selected=1 opened=0 pe=off burst_window=0
2026-02-27 08:23:51,988 [INFO] [u_station_ab_night_autotune_v2] trading.auto_trader: PAPER_SUMMARY window=60s closed_delta=1 wins_delta=0 losses_delta=0 realized_delta=$-0.00 total_closed=79 winrate_total=46.8% realized_total=$0.33 balance=$7.33 equity=$7.33 open=0
2026-02-27 08:23:51,988 [INFO] [u_station_ab_night_autotune_v2] __main__: Scanned 8 tokens | High quality: 2 | Alerts sent: 0 | Trade candidates: 1 | Quality out/core/explore/probe: 1/1/0/0 | Opened: 0 | Mode: local | Source: onchain+market | Policy: raw=OK/effective=OK(healthy | route=allow_all) | Regime: YELLOW(avg_cand=1.42) | Safety: checked=1 fail_closed=0 reasons=api_code_4029:1 | FiltersTop(session): source_qos_cap:64,safe_change_5m:16,score_min:11,safe_age:3 | Dedup: heavy_skip=0 override=0 | V2Budget: 1/280 | SourceQoS: enabled=1/in=8/out=3/dropped=5/active_cd=0/drops=source_qos_cap:5 | Ingest: q=0/oldest=0.0s/drop_old=0/dedup_skip=0/enq=0/drain=0 | Sources: dex_boosts:ok=1/fail=0/429=0/lim_wait=0/cd_wait=0/err=0.0%/avg=55ms; dexscreener:ok=11/fail=0/429=0/lim_wait=0/cd_wait=0/err=0.0%/avg=43ms; onchain_enrich:ok=7/fail=0/429=0/lim_wait=0/cd_wait=0/err=0.0%/avg=53ms | Tasks: 3 | RSS: 0.0MB | CycleAvg: 10.34s
2026-02-27 08:23:56,569 [INFO] [u_station_ab_night_autotune_v2] __main__: WATCHLIST merged count=7
2026-02-27 08:23:56,569 [INFO] [u_station_ab_night_autotune_v2] trading.v2_runtime: V2_UNIVERSE in=8 dedup=8 out=8 target=8 novel_target=7 novel_out=1 repeat_dropped=0 symbol_dropped=0 surge_in=1 surge_target=1 surge_out=1
2026-02-27 08:23:56,569 [INFO] [u_station_ab_night_autotune_v2] __main__: V2_SOURCE_QOS_FILTER in=8 out=3 drops={'source_qos_cap': 5} caps={'watchlist': 2, 'unknown': 0}
2026-02-27 08:23:56,569 [INFO] [u_station_ab_night_autotune_v2] __main__: FILTER_FAIL token=POOPCOIN reason=source_qos_cap source=watchlist used=2/2
2026-02-27 08:23:56,585 [INFO] [u_station_ab_night_autotune_v2] __main__: FILTER_FAIL token=HOTDOGZ reason=source_qos_cap source=watchlist used=2/2
2026-02-27 08:23:56,585 [INFO] [u_station_ab_night_autotune_v2] __main__: FILTER_FAIL token=VIRTUAL reason=source_qos_cap source=watchlist used=2/2
2026-02-27 08:23:56,585 [INFO] [u_station_ab_night_autotune_v2] __main__: FILTER_FAIL token=AntiHunter reason=source_qos_cap source=watchlist used=2/2
2026-02-27 08:23:56,585 [INFO] [u_station_ab_night_autotune_v2] __main__: FILTER_FAIL token=AERO reason=source_qos_cap source=watchlist used=2/2
2026-02-27 08:23:56,585 [INFO] [u_station_ab_night_autotune_v2] __main__: FILTER_PASS token=cbBTC tier=A score=100 mode=YELLOW risk=MEDIUM liq=21114257 vol5m=99062
2026-02-27 08:23:56,585 [INFO] [u_station_ab_night_autotune_v2] __main__: FILTER_FAIL token=FLOW reason=safe_change_5m
2026-02-27 08:23:56,585 [INFO] [u_station_ab_night_autotune_v2] __main__: FILTER_FAIL token=BENJI reason=score_min score=20 strict_min=48 soft_min=48 mode=YELLOW
2026-02-27 08:23:56,585 [INFO] [u_station_ab_night_autotune_v2] __main__: V2_QUALITY_GATE enabled=True regime=YELLOW in=1 out=1 core_out=1 explore_out=0 probe_out=0 quota=0 max_symbol_share=1.000 drop={} sources_used={'watchlist': 1}
2026-02-27 08:23:56,585 [INFO] [u_station_ab_night_autotune_v2] __main__: V2_ENTRY_ROUTE enabled=True regime=YELLOW in=1 out=1 core_out=1 explore_out=0 quota=0 allow_explore=True
2026-02-27 08:23:56,585 [INFO] [u_station_ab_night_autotune_v2] __main__: MARKET_REGIME mode=YELLOW reason=avg_cand=1.42 avg_cand_recent=1.42
2026-02-27 08:23:56,585 [INFO] [u_station_ab_night_autotune_v2] trading.auto_trader: AutoTrade skip token=cbBTC reason=cooldown_left_870s
2026-02-27 08:23:56,585 [INFO] [u_station_ab_night_autotune_v2] trading.auto_trader: AutoTrade batch mode=top_n candidates=1 eligible=1 selected=1 opened=0 pe=off burst_window=0
2026-02-27 08:23:56,585 [INFO] [u_station_ab_night_autotune_v2] __main__: Scanned 8 tokens | High quality: 2 | Alerts sent: 0 | Trade candidates: 1 | Quality out/core/explore/probe: 1/1/0/0 | Opened: 0 | Mode: local | Source: onchain+market | Policy: raw=OK/effective=OK(healthy | route=allow_all) | Regime: YELLOW(avg_cand=1.42) | Safety: checked=1 fail_closed=0 reasons=api_code_4029:1 | FiltersTop(session): source_qos_cap:69,safe_change_5m:17,score_min:12,safe_age:3 | Dedup: heavy_skip=0 override=0 | V2Budget: 1/280 | SourceQoS: enabled=1/in=8/out=3/dropped=5/active_cd=0/drops=source_qos_cap:5 | Ingest: q=0/oldest=0.0s/drop_old=0/dedup_skip=0/enq=0/drain=0 | Sources: dex_boosts:ok=1/fail=0/429=0/lim_wait=0/cd_wait=0/err=0.0%/avg=44ms; dexscreener:ok=11/fail=0/429=0/lim_wait=0/cd_wait=0/err=0.0%/avg=201ms; onchain_enrich:ok=1/fail=0/429=0/lim_wait=0/cd_wait=0/err=0.0%/avg=177ms | Tasks: 3 | RSS: 0.0MB | CycleAvg: 10.36s
2026-02-27 08:24:01,008 [INFO] [u_station_ab_night_autotune_v2] __main__: WATCHLIST merged count=7
2026-02-27 08:24:01,008 [INFO] [u_station_ab_night_autotune_v2] trading.v2_runtime: V2_UNIVERSE in=7 dedup=7 out=7 target=7 novel_target=6 novel_out=0 repeat_dropped=0 symbol_dropped=0 surge_in=1 surge_target=1 surge_out=1
2026-02-27 08:24:01,009 [INFO] [u_station_ab_night_autotune_v2] __main__: V2_SOURCE_QOS_FILTER in=7 out=3 drops={'source_qos_cap': 4} caps={'watchlist': 3}
2026-02-27 08:24:01,010 [INFO] [u_station_ab_night_autotune_v2] __main__: FILTER_FAIL token=HOTDOGZ reason=source_qos_cap source=watchlist used=3/3
2026-02-27 08:24:01,011 [INFO] [u_station_ab_night_autotune_v2] __main__: FILTER_FAIL token=VIRTUAL reason=source_qos_cap source=watchlist used=3/3
2026-02-27 08:24:01,012 [INFO] [u_station_ab_night_autotune_v2] __main__: FILTER_FAIL token=AntiHunter reason=source_qos_cap source=watchlist used=3/3
2026-02-27 08:24:01,013 [INFO] [u_station_ab_night_autotune_v2] __main__: FILTER_FAIL token=AERO reason=source_qos_cap source=watchlist used=3/3
2026-02-27 08:24:01,013 [INFO] [u_station_ab_night_autotune_v2] __main__: FILTER_PASS token=cbBTC tier=A score=100 mode=YELLOW risk=MEDIUM liq=21114257 vol5m=99062
2026-02-27 08:24:01,014 [INFO] [u_station_ab_night_autotune_v2] __main__: FILTER_FAIL token=FLOW reason=safe_change_5m
2026-02-27 08:24:01,015 [INFO] [u_station_ab_night_autotune_v2] __main__: FILTER_PASS token=POOPCOIN tier=A score=95 mode=YELLOW risk=MEDIUM liq=474237 vol5m=9317
2026-02-27 08:24:01,016 [INFO] [u_station_ab_night_autotune_v2] __main__: V2_QUALITY_GATE enabled=True regime=YELLOW in=2 out=2 core_out=1 explore_out=1 probe_out=0 quota=1 max_symbol_share=0.500 drop={} sources_used={'watchlist': 2}
2026-02-27 08:24:01,016 [INFO] [u_station_ab_night_autotune_v2] __main__: V2_ENTRY_ROUTE enabled=True regime=YELLOW in=2 out=2 core_out=1 explore_out=1 quota=1 allow_explore=True
2026-02-27 08:24:01,017 [INFO] [u_station_ab_night_autotune_v2] __main__: MARKET_REGIME mode=YELLOW reason=avg_cand=1.42 avg_cand_recent=1.42
2026-02-27 08:24:01,018 [INFO] [u_station_ab_night_autotune_v2] trading.auto_trader: AutoTrade skip token=cbBTC reason=cooldown_left_866s
2026-02-27 08:24:01,019 [INFO] [u_station_ab_night_autotune_v2] trading.auto_trader: AutoTrade skip token=POOPCOIN reason=blacklist detail=honeypot_guard:honeypot_api_status_404
2026-02-27 08:24:01,019 [INFO] [u_station_ab_night_autotune_v2] trading.auto_trader: AutoTrade batch mode=top_n candidates=2 eligible=2 selected=2 opened=0 pe=off burst_window=0
2026-02-27 08:24:01,020 [INFO] [u_station_ab_night_autotune_v2] __main__: Scanned 7 tokens | High quality: 3 | Alerts sent: 0 | Trade candidates: 2 | Quality out/core/explore/probe: 2/1/1/0 | Opened: 0 | Mode: local | Source: onchain+market | Policy: raw=OK/effective=OK(healthy | route=allow_all) | Regime: YELLOW(avg_cand=1.42) | Safety: checked=2 fail_closed=0 reasons=api_code_4029:2 | FiltersTop(session): source_qos_cap:73,safe_change_5m:18,score_min:12,safe_age:3 | Dedup: heavy_skip=0 override=0 | V2Budget: 2/280 | SourceQoS: enabled=1/in=7/out=3/dropped=4/active_cd=0/drops=source_qos_cap:4 | Ingest: q=0/oldest=0.0s/drop_old=0/dedup_skip=0/enq=0/drain=0 | Sources: dex_boosts:ok=1/fail=0/429=0/lim_wait=0/cd_wait=0/err=0.0%/avg=45ms; dexscreener:ok=11/fail=0/429=0/lim_wait=0/cd_wait=0/err=0.0%/avg=55ms | Tasks: 3 | RSS: 0.0MB | CycleAvg: 9.71s
2026-02-27 08:24:05,287 [INFO] [u_station_ab_night_autotune_v2] monitor.onchain_factory: PAIR_DETECTED source=uniswap_v2 dex=uniswap_v2 pair=0xcd7e20e6a6d119f0842ad09f00dea4167abead3b token0=0x0f1b088a749a6f648ee8525d5574f6e92769eb07 token1=0x4200000000000000000000000000000000000006 block=42693845 factory=0x8909dc15e40173ff4699343b6eb8132c65e18ec6
2026-02-27 08:24:05,405 [INFO] [u_station_ab_night_autotune_v2] monitor.onchain_factory: PAIR_DETECTED source=uniswap_v3 dex=uniswap_v3 pair=0x51b6f50b57ee91f4a47dc3e2a812f15bc1adae95 token0=0x4200000000000000000000000000000000000006 token1=0x855738c1c631f4894e6b506cb0e2588d1bc3840f block=42693845 factory=0x33128a8fc17869897dce68ed026d694621f6fdfd
2026-02-27 08:24:05,719 [INFO] [u_station_ab_night_autotune_v2] monitor.onchain_factory: ENRICH_RETRY token=0x0f1b088a749a6f648ee8525d5574f6e92769eb07 pair=0xcd7e20e6a6d119f0842ad09f00dea4167abead3b attempt=1/2 delay=10s
2026-02-27 08:24:05,734 [INFO] [u_station_ab_night_autotune_v2] monitor.onchain_factory: ENRICH_RETRY token=0x855738c1c631f4894e6b506cb0e2588d1bc3840f pair=0x51b6f50b57ee91f4a47dc3e2a812f15bc1adae95 attempt=1/2 delay=10s
2026-02-27 08:24:15,845 [INFO] [u_station_ab_night_autotune_v2] __main__: WATCHLIST merged count=7
2026-02-27 08:24:15,846 [INFO] [u_station_ab_night_autotune_v2] trading.v2_runtime: V2_UNIVERSE in=7 dedup=7 out=7 target=7 novel_target=6 novel_out=0 repeat_dropped=0 symbol_dropped=0 surge_in=1 surge_target=1 surge_out=1
2026-02-27 08:24:15,847 [INFO] [u_station_ab_night_autotune_v2] __main__: V2_SOURCE_QOS_FILTER in=7 out=3 drops={'source_qos_cap': 4} caps={'watchlist': 3}
2026-02-27 08:24:15,848 [INFO] [u_station_ab_night_autotune_v2] __main__: FILTER_FAIL token=HOTDOGZ reason=source_qos_cap source=watchlist used=3/3
2026-02-27 08:24:15,848 [INFO] [u_station_ab_night_autotune_v2] __main__: FILTER_FAIL token=VIRTUAL reason=source_qos_cap source=watchlist used=3/3
2026-02-27 08:24:15,850 [INFO] [u_station_ab_night_autotune_v2] __main__: FILTER_FAIL token=AntiHunter reason=source_qos_cap source=watchlist used=3/3
2026-02-27 08:24:15,850 [INFO] [u_station_ab_night_autotune_v2] __main__: FILTER_FAIL token=AERO reason=source_qos_cap source=watchlist used=3/3
2026-02-27 08:24:15,850 [INFO] [u_station_ab_night_autotune_v2] __main__: FILTER_PASS token=cbBTC tier=A score=100 mode=YELLOW risk=MEDIUM liq=21114257 vol5m=99062
2026-02-27 08:24:15,850 [INFO] [u_station_ab_night_autotune_v2] __main__: FILTER_FAIL token=FLOW reason=safe_change_5m
2026-02-27 08:24:15,850 [INFO] [u_station_ab_night_autotune_v2] __main__: FILTER_PASS token=POOPCOIN tier=A score=95 mode=YELLOW risk=MEDIUM liq=474237 vol5m=9317
2026-02-27 08:24:15,853 [INFO] [u_station_ab_night_autotune_v2] __main__: V2_QUALITY_GATE enabled=True regime=YELLOW in=2 out=2 core_out=1 explore_out=1 probe_out=0 quota=1 max_symbol_share=0.500 drop={} sources_used={'watchlist': 2}
2026-02-27 08:24:15,853 [INFO] [u_station_ab_night_autotune_v2] __main__: V2_ENTRY_ROUTE enabled=True regime=YELLOW in=2 out=2 core_out=1 explore_out=1 quota=1 allow_explore=True
2026-02-27 08:24:15,853 [INFO] [u_station_ab_night_autotune_v2] __main__: MARKET_REGIME mode=YELLOW reason=avg_cand=1.42 avg_cand_recent=1.42
2026-02-27 08:24:15,853 [INFO] [u_station_ab_night_autotune_v2] trading.auto_trader: AutoTrade skip token=cbBTC reason=cooldown_left_851s
2026-02-27 08:24:15,853 [INFO] [u_station_ab_night_autotune_v2] trading.auto_trader: AutoTrade skip token=POOPCOIN reason=blacklist detail=honeypot_guard:honeypot_api_status_404
2026-02-27 08:24:15,853 [INFO] [u_station_ab_night_autotune_v2] trading.auto_trader: AutoTrade batch mode=top_n candidates=2 eligible=2 selected=2 opened=0 pe=off burst_window=0
2026-02-27 08:24:15,853 [INFO] [u_station_ab_night_autotune_v2] __main__: Scanned 7 tokens | High quality: 3 | Alerts sent: 0 | Trade candidates: 2 | Quality out/core/explore/probe: 2/1/1/0 | Opened: 0 | Mode: local | Source: onchain+market | Policy: raw=OK/effective=OK(healthy | route=allow_all) | Regime: YELLOW(avg_cand=1.42) | Safety: checked=2 fail_closed=0 reasons=api_code_4029:2 | FiltersTop(session): source_qos_cap:77,safe_change_5m:19,score_min:12,safe_age:3 | Dedup: heavy_skip=0 override=0 | V2Budget: 2/280 | SourceQoS: enabled=1/in=7/out=3/dropped=4/active_cd=0/drops=source_qos_cap:4 | Ingest: q=0/oldest=0.0s/drop_old=0/dedup_skip=0/enq=0/drain=0 | Sources: dex_boosts:ok=1/fail=0/429=0/lim_wait=0/cd_wait=0/err=0.0%/avg=36ms; dexscreener:ok=11/fail=0/429=0/lim_wait=0/cd_wait=0/err=0.0%/avg=40ms; onchain_enrich:ok=8/fail=0/429=0/lim_wait=0/cd_wait=0/err=0.0%/avg=99ms; onchain_weth_price:ok=2/fail=0/429=0/lim_wait=0/cd_wait=0/err=0.0%/avg=37ms | Tasks: 3 | RSS: 0.0MB | CycleAvg: 9.13s
2026-02-27 08:24:20,153 [INFO] [u_station_ab_night_autotune_v2] monitor.onchain_factory: PAIR_DETECTED source=uniswap_v2 dex=uniswap_v2 pair=0x6132747bf0fef4a78568357d0ef6cc475e56a60e token0=0x4200000000000000000000000000000000000006 token1=0x44ca32267ab2c0fa2dbd9fc03b1d919e8799cb07 block=42693848 factory=0x8909dc15e40173ff4699343b6eb8132c65e18ec6
2026-02-27 08:24:20,185 [INFO] [u_station_ab_night_autotune_v2] monitor.onchain_factory: PAIR_DETECTED source=uniswap_v2 dex=uniswap_v2 pair=0x7fc66843edf13cd13208cee6df665771d23d8d99 token0=0x4200000000000000000000000000000000000006 token1=0x4b330b9f53c8e0a320aa0e665b6b0413b0575552 block=42693848 factory=0x8909dc15e40173ff4699343b6eb8132c65e18ec6
2026-02-27 08:24:20,440 [INFO] [u_station_ab_night_autotune_v2] monitor.onchain_factory: ENRICH_RETRY token=0x0f1b088a749a6f648ee8525d5574f6e92769eb07 pair=0xcd7e20e6a6d119f0842ad09f00dea4167abead3b attempt=1/2 delay=10s
2026-02-27 08:24:20,476 [INFO] [u_station_ab_night_autotune_v2] monitor.onchain_factory: ENRICH_RETRY token=0x855738c1c631f4894e6b506cb0e2588d1bc3840f pair=0x51b6f50b57ee91f4a47dc3e2a812f15bc1adae95 attempt=1/2 delay=10s
2026-02-27 08:24:20,819 [INFO] [u_station_ab_night_autotune_v2] monitor.onchain_factory: ENRICH_RETRY token=0x4b330b9f53c8e0a320aa0e665b6b0413b0575552 pair=0x7fc66843edf13cd13208cee6df665771d23d8d99 attempt=1/2 delay=10s
2026-02-27 08:24:20,841 [INFO] [u_station_ab_night_autotune_v2] monitor.onchain_factory: ENRICH_RETRY token=0x44ca32267ab2c0fa2dbd9fc03b1d919e8799cb07 pair=0x6132747bf0fef4a78568357d0ef6cc475e56a60e attempt=1/2 delay=10s
2026-02-27 08:24:30,897 [INFO] [u_station_ab_night_autotune_v2] __main__: WATCHLIST merged count=7
2026-02-27 08:24:30,898 [INFO] [u_station_ab_night_autotune_v2] trading.v2_runtime: V2_UNIVERSE in=8 dedup=8 out=8 target=8 novel_target=7 novel_out=1 repeat_dropped=0 symbol_dropped=0 surge_in=1 surge_target=1 surge_out=1
2026-02-27 08:24:30,899 [INFO] [u_station_ab_night_autotune_v2] __main__: V2_SOURCE_QOS_FILTER in=8 out=3 drops={'source_qos_cap': 5} caps={'watchlist': 2, 'unknown': 0}
2026-02-27 08:24:30,899 [INFO] [u_station_ab_night_autotune_v2] __main__: FILTER_FAIL token=POOPCOIN reason=source_qos_cap source=watchlist used=2/2
2026-02-27 08:24:30,899 [INFO] [u_station_ab_night_autotune_v2] __main__: FILTER_FAIL token=HOTDOGZ reason=source_qos_cap source=watchlist used=2/2
2026-02-27 08:24:30,903 [INFO] [u_station_ab_night_autotune_v2] __main__: FILTER_FAIL token=VIRTUAL reason=source_qos_cap source=watchlist used=2/2
2026-02-27 08:24:30,903 [INFO] [u_station_ab_night_autotune_v2] __main__: FILTER_FAIL token=AntiHunter reason=source_qos_cap source=watchlist used=2/2
2026-02-27 08:24:30,903 [INFO] [u_station_ab_night_autotune_v2] __main__: FILTER_FAIL token=AERO reason=source_qos_cap source=watchlist used=2/2
2026-02-27 08:24:30,903 [INFO] [u_station_ab_night_autotune_v2] __main__: FILTER_PASS token=cbBTC tier=A score=100 mode=YELLOW risk=MEDIUM liq=21114257 vol5m=99062
2026-02-27 08:24:30,903 [INFO] [u_station_ab_night_autotune_v2] __main__: FILTER_FAIL token=FLOW reason=safe_change_5m
2026-02-27 08:24:30,903 [INFO] [u_station_ab_night_autotune_v2] __main__: FILTER_FAIL token=metusd reason=score_min score=40 strict_min=48 soft_min=48 mode=YELLOW
2026-02-27 08:24:30,903 [INFO] [u_station_ab_night_autotune_v2] __main__: V2_QUALITY_GATE enabled=True regime=YELLOW in=1 out=1 core_out=1 explore_out=0 probe_out=0 quota=0 max_symbol_share=1.000 drop={} sources_used={'watchlist': 1}
2026-02-27 08:24:30,903 [INFO] [u_station_ab_night_autotune_v2] __main__: V2_ENTRY_ROUTE enabled=True regime=YELLOW in=1 out=1 core_out=1 explore_out=0 quota=0 allow_explore=True
2026-02-27 08:24:30,903 [INFO] [u_station_ab_night_autotune_v2] __main__: MARKET_REGIME mode=YELLOW reason=avg_cand=1.42 avg_cand_recent=1.42
2026-02-27 08:24:30,903 [INFO] [u_station_ab_night_autotune_v2] trading.auto_trader: AutoTrade skip token=cbBTC reason=cooldown_left_836s
2026-02-27 08:24:30,903 [INFO] [u_station_ab_night_autotune_v2] trading.auto_trader: AutoTrade batch mode=top_n candidates=1 eligible=1 selected=1 opened=0 pe=off burst_window=0
2026-02-27 08:24:30,903 [INFO] [u_station_ab_night_autotune_v2] __main__: Scanned 8 tokens | High quality: 2 | Alerts sent: 0 | Trade candidates: 1 | Quality out/core/explore/probe: 1/1/0/0 | Opened: 0 | Mode: local | Source: onchain+market | Policy: raw=OK/effective=OK(healthy | route=allow_all) | Regime: YELLOW(avg_cand=1.42) | Safety: checked=1 fail_closed=0 reasons=api_code_4029:1 | FiltersTop(session): source_qos_cap:82,safe_change_5m:20,score_min:13,safe_age:3 | Dedup: heavy_skip=0 override=0 | V2Budget: 1/280 | SourceQoS: enabled=1/in=8/out=3/dropped=5/active_cd=0/drops=source_qos_cap:5 | Ingest: q=2/oldest=9.6s/drop_old=0/dedup_skip=0/enq=2/drain=0 | Sources: dex_boosts:ok=1/fail=0/429=0/lim_wait=0/cd_wait=0/err=0.0%/avg=43ms; dexscreener:ok=11/fail=0/429=0/lim_wait=0/cd_wait=0/err=0.0%/avg=49ms; geckoterminal:ok=1/fail=0/429=0/lim_wait=0/cd_wait=0/err=0.0%/avg=127ms; onchain_enrich:ok=16/fail=0/429=0/lim_wait=0/cd_wait=0/err=0.0%/avg=101ms | Tasks: 3 | RSS: 0.0MB | CycleAvg: 9.23s
2026-02-27 08:24:35,211 [INFO] [u_station_ab_night_autotune_v2] monitor.onchain_factory: PAIR_DETECTED source=uniswap_v2 dex=uniswap_v2 pair=0x49b2dc16eaf94295b6a2550fa4d3d9f1a365c3d6 token0=0x4200000000000000000000000000000000000006 token1=0xc6f3df7630c6bb26447789129667f718ad36b666 block=42693860 factory=0x8909dc15e40173ff4699343b6eb8132c65e18ec6
2026-02-27 08:24:35,389 [INFO] [u_station_ab_night_autotune_v2] monitor.onchain_factory: ENRICH_RETRY token=0x4b330b9f53c8e0a320aa0e665b6b0413b0575552 pair=0x7fc66843edf13cd13208cee6df665771d23d8d99 attempt=1/2 delay=10s
2026-02-27 08:24:35,403 [INFO] [u_station_ab_night_autotune_v2] monitor.onchain_factory: ENRICH_RETRY token=0x855738c1c631f4894e6b506cb0e2588d1bc3840f pair=0x51b6f50b57ee91f4a47dc3e2a812f15bc1adae95 attempt=1/2 delay=10s
2026-02-27 08:24:35,403 [INFO] [u_station_ab_night_autotune_v2] monitor.onchain_factory: ENRICH_RETRY token=0x44ca32267ab2c0fa2dbd9fc03b1d919e8799cb07 pair=0x6132747bf0fef4a78568357d0ef6cc475e56a60e attempt=1/2 delay=10s
2026-02-27 08:24:35,639 [INFO] [u_station_ab_night_autotune_v2] monitor.onchain_factory: ENRICH_RETRY token=0xc6f3df7630c6bb26447789129667f718ad36b666 pair=0x49b2dc16eaf94295b6a2550fa4d3d9f1a365c3d6 attempt=1/2 delay=10s
2026-02-27 08:24:45,919 [INFO] [u_station_ab_night_autotune_v2] __main__: WATCHLIST merged count=7
2026-02-27 08:24:45,919 [INFO] [u_station_ab_night_autotune_v2] trading.v2_runtime: V2_UNIVERSE in=9 dedup=9 out=9 target=9 novel_target=8 novel_out=1 repeat_dropped=0 symbol_dropped=0 surge_in=1 surge_target=1 surge_out=1
2026-02-27 08:24:45,919 [INFO] [u_station_ab_night_autotune_v2] __main__: V2_SOURCE_QOS_FILTER in=9 out=4 drops={'source_qos_cap': 5} caps={'watchlist': 2, 'geckoterminal': 287}
2026-02-27 08:24:45,919 [INFO] [u_station_ab_night_autotune_v2] __main__: FILTER_FAIL token=POOPCOIN reason=source_qos_cap source=watchlist used=2/2
2026-02-27 08:24:45,919 [INFO] [u_station_ab_night_autotune_v2] __main__: FILTER_FAIL token=HOTDOGZ reason=source_qos_cap source=watchlist used=2/2
2026-02-27 08:24:45,919 [INFO] [u_station_ab_night_autotune_v2] __main__: FILTER_FAIL token=VIRTUAL reason=source_qos_cap source=watchlist used=2/2
2026-02-27 08:24:45,919 [INFO] [u_station_ab_night_autotune_v2] __main__: FILTER_FAIL token=AntiHunter reason=source_qos_cap source=watchlist used=2/2
2026-02-27 08:24:45,919 [INFO] [u_station_ab_night_autotune_v2] __main__: FILTER_FAIL token=AERO reason=source_qos_cap source=watchlist used=2/2
2026-02-27 08:24:45,919 [INFO] [u_station_ab_night_autotune_v2] __main__: FILTER_PASS token=cbBTC tier=A score=100 mode=YELLOW risk=MEDIUM liq=21114257 vol5m=99062
2026-02-27 08:24:45,919 [INFO] [u_station_ab_night_autotune_v2] __main__: FILTER_FAIL token=FLOW reason=safe_change_5m
2026-02-27 08:24:45,919 [INFO] [u_station_ab_night_autotune_v2] __main__: FILTER_FAIL token=KellyClaud reason=safe_volume vol5m=0 min=6 regime=YELLOW
2026-02-27 08:24:45,919 [INFO] [u_station_ab_night_autotune_v2] __main__: FILTER_FAIL token=metusd reason=score_min score=40 strict_min=48 soft_min=48 mode=YELLOW
2026-02-27 08:24:45,919 [INFO] [u_station_ab_night_autotune_v2] __main__: V2_QUALITY_GATE enabled=True regime=YELLOW in=1 out=1 core_out=1 explore_out=0 probe_out=0 quota=0 max_symbol_share=1.000 drop={} sources_used={'watchlist': 1}
2026-02-27 08:24:45,919 [INFO] [u_station_ab_night_autotune_v2] __main__: V2_ENTRY_ROUTE enabled=True regime=YELLOW in=1 out=1 core_out=1 explore_out=0 quota=0 allow_explore=True
2026-02-27 08:24:45,919 [INFO] [u_station_ab_night_autotune_v2] __main__: MARKET_REGIME mode=YELLOW reason=avg_cand=1.42 avg_cand_recent=1.42
2026-02-27 08:24:45,919 [INFO] [u_station_ab_night_autotune_v2] trading.auto_trader: AutoTrade skip token=cbBTC reason=cooldown_left_821s
2026-02-27 08:24:45,919 [INFO] [u_station_ab_night_autotune_v2] trading.auto_trader: AutoTrade batch mode=top_n candidates=1 eligible=1 selected=1 opened=0 pe=off burst_window=0
2026-02-27 08:24:45,919 [INFO] [u_station_ab_night_autotune_v2] __main__: Scanned 9 tokens | High quality: 2 | Alerts sent: 0 | Trade candidates: 1 | Quality out/core/explore/probe: 1/1/0/0 | Opened: 0 | Mode: local | Source: onchain+market | Policy: raw=OK/effective=OK(healthy | route=allow_all) | Regime: YELLOW(avg_cand=1.42) | Safety: checked=1 fail_closed=0 reasons=api_code_4029:1 | FiltersTop(session): source_qos_cap:87,safe_change_5m:21,score_min:14,safe_age:3 | Dedup: heavy_skip=0 override=0 | V2Budget: 1/280 | SourceQoS: enabled=1/in=9/out=4/dropped=5/active_cd=0/drops=source_qos_cap:5 | Ingest: q=0/oldest=0.0s/drop_old=0/dedup_skip=0/enq=0/drain=2 | Sources: dex_boosts:ok=1/fail=0/429=0/lim_wait=0/cd_wait=0/err=0.0%/avg=42ms; dexscreener:ok=11/fail=0/429=0/lim_wait=0/cd_wait=0/err=0.0%/avg=201ms; onchain_enrich:ok=16/fail=0/429=0/lim_wait=0/cd_wait=0/err=0.0%/avg=81ms | Tasks: 3 | RSS: 0.0MB | CycleAvg: 9.33s
2026-02-27 08:24:49,947 [WARNING] [u_station_ab_night_autotune_v2] __main__: GRACEFUL_STOP requested path=D:\earnforme\solana-alert-bot\data\graceful_stop.u_station_ab_night_autotune_v2.signal
2026-02-27 08:24:49,986 [INFO] [u_station_ab_night_autotune_v2] trading.auto_trader: AUTOTRADER_SHUTDOWN reason=main_local_shutdown open=0 closed=79
