2026-02-26 23:16:43,535 [INFO] [u_station_ab_night_autotune_v2] __main__: SESSION_LOG file=logs/matrix/u_station_ab_night_autotune_v2\sessions\main_local_20260226_221643_pid5308.log
2026-02-26 23:16:43,557 [INFO] [u_station_ab_night_autotune_v2] trading.auto_trader_state: AutoTrade state loaded open=0 closed=14 balance=$6.87
2026-02-26 23:16:43,565 [WARNING] [u_station_ab_night_autotune_v2] trading.auto_trader: DATA_POLICY mode=OK reason=init_reset_manual prev_mode=OK prev_reason=healthy | route=allow_all
2026-02-26 23:16:43,566 [INFO] [u_station_ab_night_autotune_v2] __main__: AUTOTRADER_INIT state=ready reason=manual mode=paper
2026-02-26 23:16:43,567 [INFO] [u_station_ab_night_autotune_v2] __main__: Local mode started (Telegram disabled).
2026-02-26 23:16:44,045 [INFO] [u_station_ab_night_autotune_v2] monitor.onchain_factory: PAIR_DETECTED source=uniswap_v2 dex=uniswap_v2 pair=0x9f32a2d5063124a4f3d6320595dda245a4b1492b token0=0x4200000000000000000000000000000000000006 token1=0x93dd9abb49dda2e4eb99768e5382e4ce08441b8d block=42677412 factory=0x8909dc15e40173ff4699343b6eb8132c65e18ec6
2026-02-26 23:16:44,045 [INFO] [u_station_ab_night_autotune_v2] monitor.onchain_factory: PAIR_DETECTED source=uniswap_v2 dex=uniswap_v2 pair=0x9090aebd7c3a4ec652dab8295215e54f108d7ac4 token0=0x0dc49b1e8953878f8480eb2e7d87653c3a593d60 token1=0x4200000000000000000000000000000000000006 block=42677424 factory=0x8909dc15e40173ff4699343b6eb8132c65e18ec6
2026-02-26 23:16:44,045 [INFO] [u_station_ab_night_autotune_v2] monitor.onchain_factory: PAIR_DETECTED source=uniswap_v2 dex=uniswap_v2 pair=0xd12b39b75eb601e59af69a041f2de303fe78441c token0=0x4200000000000000000000000000000000000006 token1=0x9b09091b9d8745b2ef0cdb324dd1f281dd421dc0 block=42677426 factory=0x8909dc15e40173ff4699343b6eb8132c65e18ec6
2026-02-26 23:16:44,437 [INFO] [u_station_ab_night_autotune_v2] monitor.onchain_factory: ENRICH_RETRY token=0x93dd9abb49dda2e4eb99768e5382e4ce08441b8d pair=0x9f32a2d5063124a4f3d6320595dda245a4b1492b attempt=1/2 delay=10s
2026-02-26 23:16:44,542 [INFO] [u_station_ab_night_autotune_v2] monitor.onchain_factory: ENRICH_RETRY token=0x9b09091b9d8745b2ef0cdb324dd1f281dd421dc0 pair=0xd12b39b75eb601e59af69a041f2de303fe78441c attempt=1/2 delay=10s
2026-02-26 23:16:44,753 [INFO] [u_station_ab_night_autotune_v2] monitor.onchain_factory: ENRICH_RETRY token=0x0dc49b1e8953878f8480eb2e7d87653c3a593d60 pair=0x9090aebd7c3a4ec652dab8295215e54f108d7ac4 attempt=1/2 delay=10s
2026-02-26 23:16:56,650 [INFO] [u_station_ab_night_autotune_v2] __main__: WATCHLIST merged count=3
2026-02-26 23:16:56,650 [INFO] [u_station_ab_night_autotune_v2] trading.v2_runtime: V2_UNIVERSE in=10 dedup=10 out=10 target=10 novel_target=9 novel_out=10 repeat_dropped=0 symbol_dropped=0 surge_in=0 surge_target=0 surge_out=0
2026-02-26 23:16:56,651 [INFO] [u_station_ab_night_autotune_v2] __main__: V2_SOURCE_QOS_FILTER in=10 out=8 drops={'source_qos_symbol_cap': 1, 'source_qos_cap': 1} caps={'geckoterminal': 287, 'dexscreener': 292, 'watchlist': 2}
2026-02-26 23:16:56,653 [INFO] [u_station_ab_night_autotune_v2] __main__: FILTER_FAIL token=Chompleton reason=source_qos_symbol_cap symbol=CHOMPLETON used=1/1
2026-02-26 23:16:56,653 [INFO] [u_station_ab_night_autotune_v2] __main__: FILTER_FAIL token=VIRTUAL reason=source_qos_cap source=watchlist used=2/2
2026-02-26 23:16:56,654 [INFO] [u_station_ab_night_autotune_v2] __main__: FILTER_PASS token=Chompleton tier=A score=95 mode=YELLOW risk=MEDIUM liq=206530 vol5m=8593
2026-02-26 23:16:56,656 [INFO] [u_station_ab_night_autotune_v2] monitor.local_alerter: Local alert token=Chompleton address=0x24dfcb72dd64088c84cecfe306f0021dba591b07 score=95 reco=BUY risk=MEDIUM warnings=0 liq=206530 vol5m=8593
2026-02-26 23:16:56,656 [INFO] [u_station_ab_night_autotune_v2] __main__: FILTER_PASS token=cbBTC tier=A score=100 mode=YELLOW risk=MEDIUM liq=20162303 vol5m=60143
2026-02-26 23:16:56,658 [INFO] [u_station_ab_night_autotune_v2] __main__: FILTER_FAIL token=Ruby reason=safe_age
2026-02-26 23:16:56,659 [INFO] [u_station_ab_night_autotune_v2] __main__: FILTER_FAIL token=MOLTGM reason=safe_age
2026-02-26 23:16:56,663 [INFO] [u_station_ab_night_autotune_v2] __main__: FILTER_FAIL token=WALLY reason=safe_age
2026-02-26 23:16:56,664 [INFO] [u_station_ab_night_autotune_v2] __main__: FILTER_PASS token=AERO tier=A score=75 mode=YELLOW risk=MEDIUM liq=1601300 vol5m=450
2026-02-26 23:16:56,666 [INFO] [u_station_ab_night_autotune_v2] __main__: FILTER_FAIL token=NOOK reason=excluded_symbol
2026-02-26 23:16:56,668 [INFO] [u_station_ab_night_autotune_v2] __main__: FILTER_FAIL token=SYNTHESIS reason=score_min score=30 strict_min=48 soft_min=48 mode=YELLOW
2026-02-26 23:16:56,669 [INFO] [u_station_ab_night_autotune_v2] trading.v2_runtime: V2_QUALITY_ROTATE symbols_core=0 symbols_cooldown=0 sources=1 top_core=- top_cooldown=-
2026-02-26 23:16:56,670 [INFO] [u_station_ab_night_autotune_v2] __main__: V2_QUALITY_GATE enabled=True regime=YELLOW in=3 out=3 core_out=1 explore_out=2 probe_out=0 quota=2 max_symbol_share=0.333 drop={} sources_used={'dexscreener': 1, 'watchlist': 2}
2026-02-26 23:16:56,671 [INFO] [u_station_ab_night_autotune_v2] __main__: V2_ENTRY_ROUTE enabled=True regime=YELLOW in=3 out=2 core_out=1 explore_out=1 quota=1 allow_explore=True
2026-02-26 23:16:56,671 [WARNING] [u_station_ab_night_autotune_v2] trading.auto_trader: DATA_POLICY mode=OK reason=healthy | route=allow_all prev_mode=OK prev_reason=init_reset_manual
2026-02-26 23:16:56,672 [INFO] [u_station_ab_night_autotune_v2] __main__: MARKET_REGIME mode=YELLOW reason=hysteresis_recover_wait 1/4 raw=GREEN avg_cand_recent=3.00
2026-02-26 23:16:56,693 [INFO] [u_station_ab_night_autotune_v2] trading.auto_trader: AutoTrade skip token=Chompleton reason=ev_net_low expected_net=$-0.00145 min=$-0.00099 samples=43 conf=1.00 pwin=0.51 avg_win=$0.0097 avg_loss=$0.0120 kelly=0.000 mem=sparse trades=0<6
2026-02-26 23:16:56,711 [INFO] [u_station_ab_night_autotune_v2] trading.auto_trader: AutoTrade adjust token=cbBTC reason=min_trade_floor size=$0.08->$0.10 min=$0.10
2026-02-26 23:16:56,713 [INFO] [u_station_ab_night_autotune_v2] trading.auto_trader: AutoTrade skip token=cbBTC reason=edge_low mode=both edge=-22.36% raw=-20.70% mult=1.08 min=0.05% probe_min=0.05% edge_usd=$-0.022 min_usd=$0.000 probe_min_usd=$0.000 size=$0.10 gross=9.60% costs=30.30% pwin=0.85 probe=- budget=0/1
2026-02-26 23:16:56,713 [INFO] [u_station_ab_night_autotune_v2] trading.auto_trader: AutoTrade batch mode=top_n candidates=2 eligible=2 selected=2 opened=0 pe=off burst_window=0
2026-02-26 23:16:56,715 [INFO] [u_station_ab_night_autotune_v2] __main__: FILTER_THRESHOLDS safe_volume_5m_min=$5 safe_liquidity_min=$8000 safe_age_min=240s score_min=48 edge_min=0.05% lock_floor=0.95 no_momentum_max_pnl=0.25 weakness_pnl=-2.60
2026-02-26 23:16:56,715 [INFO] [u_station_ab_night_autotune_v2] __main__: Scanned 10 tokens | High quality: 4 | Alerts sent: 1 | Trade candidates: 3 | Quality out/core/explore/probe: 3/1/2/0 | Opened: 0 | Mode: local | Source: onchain+market | Policy: raw=OK/effective=OK(healthy | route=allow_all) | Regime: YELLOW(hysteresis_recover_wait 1/4 raw=GREEN) | Safety: checked=3 fail_closed=0 reasons=api_code_4029:3 | FiltersTop(session): safe_age:3,source_qos_symbol_cap:1,source_qos_cap:1,excluded_symbol:1 | Dedup: heavy_skip=0 override=0 | V2Budget: 3/280 | SourceQoS: enabled=1/in=10/out=8/dropped=2/active_cd=0/drops=source_qos_symbol_cap:1,source_qos_cap:1 | Ingest: q=0/oldest=0.0s/drop_old=0/dedup_skip=0/enq=6/drain=6 | Sources: dex_boosts:ok=1/fail=0/429=0/lim_wait=0/cd_wait=0/err=0.0%/avg=206ms; dexscreener:ok=12/fail=0/429=0/lim_wait=0/cd_wait=0/err=0.0%/avg=251ms; geckoterminal:ok=2/fail=0/429=0/lim_wait=0/cd_wait=0/err=0.0%/avg=77ms; onchain_enrich:ok=12/fail=0/429=0/lim_wait=0/cd_wait=0/err=0.0%/avg=118ms; onchain_weth_price:ok=1/fail=0/429=0/lim_wait=0/cd_wait=0/err=0.0%/avg=80ms; watchlist_dex:ok=10/fail=0/429=0/lim_wait=0/cd_wait=0/err=0.0%/avg=97ms; watchlist_gecko:ok=6/fail=0/429=0/lim_wait=0/cd_wait=0/err=0.0%/avg=661ms | Tasks: 3 | RSS: 0.0MB | CycleAvg: 0.00s
2026-02-26 23:17:00,728 [WARNING] [u_station_ab_night_autotune_v2] __main__: GRACEFUL_STOP requested path=D:\earnforme\solana-alert-bot\data\graceful_stop.u_station_ab_night_autotune_v2.signal
2026-02-26 23:17:00,757 [INFO] [u_station_ab_night_autotune_v2] trading.auto_trader: AUTOTRADER_SHUTDOWN reason=main_local_shutdown open=0 closed=14
