2026-02-28 17:07:03,083 [INFO] [u_station_ab_night_autotune_v2] __main__: SESSION_LOG file=logs/matrix/u_station_ab_night_autotune_v2\sessions\main_local_20260228_160703_pid16544.log
2026-02-28 17:07:03,124 [INFO] [u_station_ab_night_autotune_v2] trading.auto_trader_state: AutoTrade state loaded open=0 closed=202 balance=$7.74
2026-02-28 17:07:03,136 [WARNING] [u_station_ab_night_autotune_v2] trading.auto_trader: DATA_POLICY mode=OK reason=init_reset_manual prev_mode=OK prev_reason=healthy | route=allow_all
2026-02-28 17:07:03,137 [INFO] [u_station_ab_night_autotune_v2] __main__: AUTOTRADER_INIT state=ready reason=manual mode=paper
2026-02-28 17:07:03,139 [INFO] [u_station_ab_night_autotune_v2] __main__: Local mode started (Telegram disabled).
2026-02-28 17:07:03,295 [WARNING] [u_station_ab_night_autotune_v2] __main__: RUNTIME_TUNER_CONTROL pruned stale lock run_tag=u_station_ab_night_autotune_v2 pid=18060 age=5337.8s path=D:\earnforme\solana-alert-bot\logs\matrix\u_station_ab_night_autotune_v2\runtime_tuner.lock.json
2026-02-28 17:07:03,296 [WARNING] [u_station_ab_night_autotune_v2] __main__: RUNTIME_TUNER_CONTROL inactive run_tag=u_station_ab_night_autotune_v2: local adaptive controllers unlocked.
2026-02-28 17:07:03,297 [WARNING] [u_station_ab_night_autotune_v2] __main__: RUNTIME_TUNER_HOT_APPLY run_tag=u_station_ab_night_autotune_v2 keys=2 details=AUTO_TRADE_TOP_N,PAPER_TRADE_SIZE_MAX_USD
2026-02-28 17:07:06,194 [WARNING] [u_station_ab_night_autotune_v2] monitor.watchlist: WATCHLIST low_supply fallback strict=4 final=4 min=12 relax_factor=0.50
2026-02-28 17:07:06,324 [WARNING] [u_station_ab_night_autotune_v2] monitor.watchlist: WATCHLIST low_supply fallback added=2 final=6
2026-02-28 17:07:06,325 [INFO] [u_station_ab_night_autotune_v2] __main__: WATCHLIST merged count=6
2026-02-28 17:07:06,326 [INFO] [u_station_ab_night_autotune_v2] trading.v2_runtime: V2_UNIVERSE in=16 dedup=16 out=16 target=16 novel_target=14 novel_out=16 repeat_dropped=0 symbol_dropped=0 surge_in=4 surge_target=4 surge_out=4
2026-02-28 17:07:06,328 [INFO] [u_station_ab_night_autotune_v2] __main__: FILTER_FAIL token=Trump reason=safe_age
2026-02-28 17:07:06,329 [INFO] [u_station_ab_night_autotune_v2] __main__: FILTER_FAIL token=Crypto reason=safe_age
2026-02-28 17:07:06,330 [INFO] [u_station_ab_night_autotune_v2] __main__: FILTER_FAIL token=QUAIN reason=safe_age
2026-02-28 17:07:06,331 [INFO] [u_station_ab_night_autotune_v2] __main__: FILTER_FAIL token=CLAWRA reason=safe_age
2026-02-28 17:07:06,332 [INFO] [u_station_ab_night_autotune_v2] __main__: FILTER_PASS token=cbBTC tier=A score=100 mode=YELLOW risk=MEDIUM liq=18863523 vol5m=109589
2026-02-28 17:07:06,333 [INFO] [u_station_ab_night_autotune_v2] __main__: FILTER_FAIL token=CLAWRA reason=score_min score=40 strict_min=48 soft_min=48 mode=YELLOW
2026-02-28 17:07:06,334 [INFO] [u_station_ab_night_autotune_v2] __main__: FILTER_PASS token=PENGUIN tier=A score=60 mode=YELLOW risk=MEDIUM liq=42351 vol5m=516
2026-02-28 17:07:06,335 [INFO] [u_station_ab_night_autotune_v2] monitor.local_alerter: Local alert token=PENGUIN address=0x2c07533642ec0862c8f04394bef8f72f5b67e991 score=60 reco=HOLD risk=MEDIUM warnings=0 liq=42351 vol5m=516
2026-02-28 17:07:06,336 [INFO] [u_station_ab_night_autotune_v2] __main__: FILTER_PASS token=AXOBOTL tier=A score=95 mode=YELLOW risk=MEDIUM liq=333759 vol5m=5476
2026-02-28 17:07:06,337 [INFO] [u_station_ab_night_autotune_v2] __main__: FILTER_FAIL token=COINBANK reason=score_min score=30 strict_min=48 soft_min=48 mode=YELLOW
2026-02-28 17:07:06,338 [INFO] [u_station_ab_night_autotune_v2] __main__: FILTER_FAIL token=MALTA reason=score_min score=40 strict_min=48 soft_min=48 mode=YELLOW
2026-02-28 17:07:06,339 [INFO] [u_station_ab_night_autotune_v2] __main__: FILTER_FAIL token=VIRTUAL reason=safe_volume vol5m=2 min=6 regime=YELLOW
2026-02-28 17:07:06,340 [INFO] [u_station_ab_night_autotune_v2] __main__: FILTER_PASS token=USD₮0 tier=A score=75 mode=YELLOW risk=MEDIUM liq=120528 vol5m=15
2026-02-28 17:07:06,341 [INFO] [u_station_ab_night_autotune_v2] __main__: FILTER_FAIL token=OPERATOR reason=score_min score=40 strict_min=48 soft_min=48 mode=YELLOW
2026-02-28 17:07:06,342 [INFO] [u_station_ab_night_autotune_v2] __main__: FILTER_FAIL token=AXOBOTL reason=safe_volume vol5m=0 min=6 regime=YELLOW
2026-02-28 17:07:06,343 [INFO] [u_station_ab_night_autotune_v2] __main__: FILTER_FAIL token=AERO reason=safe_volume vol5m=0 min=6 regime=YELLOW
2026-02-28 17:07:06,344 [INFO] [u_station_ab_night_autotune_v2] __main__: FILTER_FAIL token=DEFI.ssi reason=safe_volume vol5m=0 min=6 regime=YELLOW
2026-02-28 17:07:06,345 [INFO] [u_station_ab_night_autotune_v2] trading.v2_runtime: V2_QUALITY_ROTATE symbols_core=0 symbols_cooldown=0 sources=1 top_core=- top_cooldown=-
2026-02-28 17:07:06,346 [INFO] [u_station_ab_night_autotune_v2] __main__: V2_QUALITY_GATE enabled=True regime=YELLOW in=4 out=4 core_out=1 explore_out=3 probe_out=0 quota=3 max_symbol_share=0.250 drop={} sources_used={'watchlist': 3, 'geckoterminal': 1}
2026-02-28 17:07:06,346 [INFO] [u_station_ab_night_autotune_v2] __main__: V2_ENTRY_ROUTE enabled=True regime=YELLOW in=4 out=3 core_out=1 explore_out=2 quota=2 allow_explore=True
2026-02-28 17:07:06,347 [WARNING] [u_station_ab_night_autotune_v2] trading.auto_trader: DATA_POLICY mode=OK reason=healthy | route=allow_all prev_mode=OK prev_reason=init_reset_manual
2026-02-28 17:07:06,347 [INFO] [u_station_ab_night_autotune_v2] __main__: MARKET_REGIME mode=YELLOW reason=hysteresis_recover_wait 1/4 raw=GREEN avg_cand_recent=4.00
2026-02-28 17:07:06,348 [INFO] [u_station_ab_night_autotune_v2] trading.auto_trader: AutoTrade bypass token=cbBTC reason=token_cooldown anti_choke=true left=56s
2026-02-28 17:07:06,375 [INFO] [u_station_ab_night_autotune_v2] trading.auto_trader: AUTO_DECISION token=cbBTC mode=YELLOW tier=A channel=core score=100 src=watchlist liq=18863523 vol5m=109589 chg5m=-0.19% edge=2.87% raw=2.66% regime_mult=1.08 edge_usd=$0.019 size=$0.65 mult=1.35(score=1.15 liq=1.15 vol=1.10 volat=1.05) reinvest=1.10(growth_steps=1 drawdown=0.77% loss_streak=0 edge=5.52%) size_mode=0.80 hold_mode=0.95 exec_lane=runner exec_mult(size=0.92 hold=1.19 edge=0.97) edge_gate_mult(usd=1.00,pct=1.00) quality(edge=0.96,size=1.06 detail=src_mult=1.00 ev=0.00103 edge(src_relax=0.000 src_tight=0.000 ev_adj=-0.019) size(src_relax=0.000 src_cut=0.000 ev_adj=0.023)) costs=6.94% gas=$0.028 ev_net=$0.00071 ev_samples=166 conf=1.00 pwin=0.51 avg_win=$0.0072 avg_loss=$0.0056 kelly=0.88(k=0.128) token_ev=sparse trades=5<18 cluster=s3|l3|v3|m0|r1 cluster_route=bad=True severe=False samples=17 avg=-0.00026 loss_share=0.65 size_mult=0.84 hold_mult=0.90 edge_mult=1.03 p=0.80 breakdown={'liquidity_score': 30, 'volume_score': 30, 'risk_score': 15, 'age_score': 15, 'safety_score': 15}
2026-02-28 17:07:06,491 [INFO] [u_station_ab_night_autotune_v2] trading.auto_trader: AUTO_BUY Paper BUY token=cbBTC address=0xcbb7c0000ab88b473b1f5afd9ef808440eed33bf mode=YELLOW tier=A channel=core lane=runner entry=$64664.00730000 size=$0.65 score=100 edge=2.87% edge_usd=$0.019 mult=1.35(score=1.15 liq=1.15 vol=1.10 volat=1.05) hold=121s costs=2.70% gas=$0.03
2026-02-28 17:07:06,655 [INFO] [u_station_ab_night_autotune_v2] trading.auto_trader: AutoTrade skip token=AXOBOTL reason=edge_low mode=both edge=-3.46% raw=-3.20% mult=1.08 min=0.05% probe_min=0.05% edge_usd=$-0.009 min_usd=$0.000 probe_min_usd=$0.000 size=$0.27 gross=9.60% costs=12.80% pwin=0.85 probe=- budget=0/1
2026-02-28 17:07:06,673 [INFO] [u_station_ab_night_autotune_v2] trading.auto_trader: AutoTrade adjust token=USD₮0 reason=min_trade_floor size=$0.03->$0.10 min=$0.10
2026-02-28 17:07:06,674 [INFO] [u_station_ab_night_autotune_v2] trading.auto_trader: AutoTrade skip token=USD₮0 reason=edge_low mode=both edge=-29.70% raw=-27.50% mult=1.08 min=0.05% probe_min=0.05% edge_usd=$-0.030 min_usd=$0.000 probe_min_usd=$0.000 size=$0.10 gross=3.20% costs=30.70% pwin=0.45 probe=- budget=0/1
2026-02-28 17:07:06,675 [INFO] [u_station_ab_night_autotune_v2] trading.auto_trader: AutoTrade batch mode=top_n candidates=3 eligible=3 selected=3 opened=1 pe=off burst_window=1
2026-02-28 17:07:06,791 [INFO] [u_station_ab_night_autotune_v2] __main__: FILTER_THRESHOLDS safe_volume_5m_min=$5 safe_liquidity_min=$8000 safe_age_min=240s score_min=48 edge_min=0.05% lock_floor=0.95 no_momentum_max_pnl=0.25 weakness_pnl=-2.60
2026-02-28 17:07:06,792 [INFO] [u_station_ab_night_autotune_v2] __main__: Scanned 16 tokens | High quality: 10 | Alerts sent: 1 | Trade candidates: 4 | Quality out/core/explore/probe: 4/1/3/0 | Opened: 1 | Mode: local | Source: onchain+market | Policy: raw=OK/effective=OK(healthy | route=allow_all) | Regime: YELLOW(hysteresis_recover_wait 1/4 raw=GREEN) | Safety: checked=4 fail_closed=0 reasons=api_code_4029:4 | FiltersTop(session): safe_age:4,score_min:4,safe_volume:4 | Dedup: heavy_skip=0 override=0 | V2Budget: 4/280 | SourceQoS: enabled=1/in=16/out=16/dropped=0/active_cd=0/drops=none | Ingest: q=0/oldest=0.0s/drop_old=0/dedup_skip=0/enq=10/drain=10 | Sources: dex_boosts:ok=1/fail=0/429=0/lim_wait=0/cd_wait=0/err=0.0%/avg=111ms; dexscreener:ok=10/fail=0/429=0/lim_wait=0/cd_wait=0/err=0.0%/avg=244ms; geckoterminal:ok=2/fail=0/429=0/lim_wait=0/cd_wait=0/err=0.0%/avg=388ms; watchlist_dex:ok=20/fail=0/429=0/lim_wait=0/cd_wait=0/err=0.0%/avg=96ms; watchlist_gecko:ok=8/fail=0/429=0/lim_wait=0/cd_wait=0/err=0.0%/avg=481ms | Tasks: 3 | RSS: 0.0MB | CycleAvg: 0.00s
2026-02-28 17:07:11,229 [INFO] [u_station_ab_night_autotune_v2] __main__: WATCHLIST merged count=6
2026-02-28 17:07:11,229 [INFO] [u_station_ab_night_autotune_v2] trading.v2_runtime: V2_UNIVERSE in=6 dedup=6 out=6 target=6 novel_target=6 novel_out=0 repeat_dropped=0 symbol_dropped=0 surge_in=0 surge_target=0 surge_out=0
2026-02-28 17:07:11,230 [INFO] [u_station_ab_night_autotune_v2] __main__: FILTER_PASS token=cbBTC tier=A score=100 mode=YELLOW risk=MEDIUM liq=18863523 vol5m=109589
2026-02-28 17:07:11,231 [INFO] [u_station_ab_night_autotune_v2] __main__: FILTER_PASS token=AXOBOTL tier=A score=95 mode=YELLOW risk=MEDIUM liq=333759 vol5m=5476
2026-02-28 17:07:11,232 [INFO] [u_station_ab_night_autotune_v2] __main__: FILTER_FAIL token=VIRTUAL reason=safe_volume vol5m=2 min=6 regime=YELLOW
2026-02-28 17:07:11,233 [INFO] [u_station_ab_night_autotune_v2] __main__: FILTER_PASS token=USD₮0 tier=A score=75 mode=YELLOW risk=MEDIUM liq=120528 vol5m=15
2026-02-28 17:07:11,235 [INFO] [u_station_ab_night_autotune_v2] __main__: FILTER_FAIL token=AERO reason=safe_volume vol5m=0 min=6 regime=YELLOW
2026-02-28 17:07:11,236 [INFO] [u_station_ab_night_autotune_v2] __main__: FILTER_FAIL token=DEFI.ssi reason=safe_volume vol5m=0 min=6 regime=YELLOW
2026-02-28 17:07:11,236 [INFO] [u_station_ab_night_autotune_v2] __main__: V2_QUALITY_GATE enabled=True regime=YELLOW in=3 out=3 core_out=1 explore_out=2 probe_out=0 quota=2 max_symbol_share=0.333 drop={} sources_used={'watchlist': 3}
2026-02-28 17:07:11,237 [INFO] [u_station_ab_night_autotune_v2] __main__: V2_ENTRY_ROUTE enabled=True regime=YELLOW in=3 out=2 core_out=1 explore_out=1 quota=1 allow_explore=True
2026-02-28 17:07:11,238 [INFO] [u_station_ab_night_autotune_v2] __main__: MARKET_REGIME mode=YELLOW reason=hysteresis_recover_wait 2/4 raw=GREEN avg_cand_recent=3.50
2026-02-28 17:07:11,238 [INFO] [u_station_ab_night_autotune_v2] trading.auto_trader: AutoTrade batch pre-prefilter removed=1 missing_addr=0 placeholder_addr=0 open_duplicate=1 blacklist=0 hard_blocklist=0
2026-02-28 17:07:11,242 [INFO] [u_station_ab_night_autotune_v2] trading.auto_trader: AutoTrade skip token=AXOBOTL reason=edge_low mode=both edge=-3.46% raw=-3.20% mult=1.08 min=0.05% probe_min=0.05% edge_usd=$-0.009 min_usd=$0.000 probe_min_usd=$0.000 size=$0.27 gross=9.60% costs=12.80% pwin=0.85 probe=- budget=0/1
2026-02-28 17:07:11,242 [INFO] [u_station_ab_night_autotune_v2] trading.auto_trader: AutoTrade batch mode=top_n candidates=2 eligible=1 selected=1 opened=0 pe=off burst_window=1
2026-02-28 17:07:11,444 [INFO] [u_station_ab_night_autotune_v2] __main__: Scanned 6 tokens | High quality: 6 | Alerts sent: 0 | Trade candidates: 3 | Quality out/core/explore/probe: 3/1/2/0 | Opened: 0 | Mode: local | Source: onchain+market | Policy: raw=OK/effective=OK(healthy | route=allow_all) | Regime: YELLOW(hysteresis_recover_wait 2/4 raw=GREEN) | Safety: checked=3 fail_closed=0 reasons=api_code_4029:3 | FiltersTop(session): safe_volume:7,safe_age:4,score_min:4 | Dedup: heavy_skip=0 override=0 | V2Budget: 3/280 | SourceQoS: enabled=1/in=6/out=6/dropped=0/active_cd=0/drops=none | Ingest: q=0/oldest=0.0s/drop_old=0/dedup_skip=0/enq=0/drain=0 | Sources: dex_boosts:ok=1/fail=0/429=0/lim_wait=0/cd_wait=0/err=0.0%/avg=33ms; dexscreener:ok=10/fail=0/429=0/lim_wait=0/cd_wait=0/err=0.0%/avg=47ms | Tasks: 3 | RSS: 0.0MB | CycleAvg: 3.49s
2026-02-28 17:07:15,885 [INFO] [u_station_ab_night_autotune_v2] __main__: WATCHLIST merged count=6
2026-02-28 17:07:15,886 [INFO] [u_station_ab_night_autotune_v2] trading.v2_runtime: V2_UNIVERSE in=6 dedup=6 out=6 target=6 novel_target=6 novel_out=0 repeat_dropped=0 symbol_dropped=0 surge_in=0 surge_target=0 surge_out=0
2026-02-28 17:07:15,887 [INFO] [u_station_ab_night_autotune_v2] __main__: FILTER_PASS token=cbBTC tier=A score=100 mode=YELLOW risk=MEDIUM liq=18863523 vol5m=109589
2026-02-28 17:07:15,889 [INFO] [u_station_ab_night_autotune_v2] __main__: FILTER_PASS token=AXOBOTL tier=A score=95 mode=YELLOW risk=MEDIUM liq=333759 vol5m=5476
2026-02-28 17:07:15,891 [INFO] [u_station_ab_night_autotune_v2] __main__: FILTER_FAIL token=VIRTUAL reason=safe_volume vol5m=2 min=6 regime=YELLOW
2026-02-28 17:07:15,892 [INFO] [u_station_ab_night_autotune_v2] __main__: FILTER_PASS token=USD₮0 tier=A score=75 mode=YELLOW risk=MEDIUM liq=120528 vol5m=15
2026-02-28 17:07:15,895 [INFO] [u_station_ab_night_autotune_v2] __main__: FILTER_FAIL token=AERO reason=safe_volume vol5m=0 min=6 regime=YELLOW
2026-02-28 17:07:15,896 [INFO] [u_station_ab_night_autotune_v2] __main__: FILTER_FAIL token=DEFI.ssi reason=safe_volume vol5m=0 min=6 regime=YELLOW
2026-02-28 17:07:15,897 [INFO] [u_station_ab_night_autotune_v2] __main__: V2_QUALITY_GATE enabled=True regime=YELLOW in=3 out=3 core_out=1 explore_out=2 probe_out=0 quota=2 max_symbol_share=0.333 drop={} sources_used={'watchlist': 3}
2026-02-28 17:07:15,898 [INFO] [u_station_ab_night_autotune_v2] __main__: V2_ENTRY_ROUTE enabled=True regime=YELLOW in=3 out=2 core_out=1 explore_out=1 quota=1 allow_explore=True
2026-02-28 17:07:15,899 [INFO] [u_station_ab_night_autotune_v2] __main__: MARKET_REGIME mode=YELLOW reason=hysteresis_recover_wait 3/4 raw=GREEN avg_cand_recent=3.33
2026-02-28 17:07:15,899 [INFO] [u_station_ab_night_autotune_v2] trading.auto_trader: AutoTrade batch pre-prefilter removed=1 missing_addr=0 placeholder_addr=0 open_duplicate=1 blacklist=0 hard_blocklist=0
2026-02-28 17:07:15,903 [INFO] [u_station_ab_night_autotune_v2] trading.auto_trader: AutoTrade skip token=AXOBOTL reason=edge_low mode=both edge=-3.46% raw=-3.20% mult=1.08 min=0.05% probe_min=0.05% edge_usd=$-0.009 min_usd=$0.000 probe_min_usd=$0.000 size=$0.27 gross=9.60% costs=12.80% pwin=0.85 probe=- budget=0/1
2026-02-28 17:07:15,904 [INFO] [u_station_ab_night_autotune_v2] trading.auto_trader: AutoTrade batch mode=top_n candidates=2 eligible=1 selected=1 opened=0 pe=off burst_window=1
2026-02-28 17:07:16,154 [INFO] [u_station_ab_night_autotune_v2] __main__: Scanned 6 tokens | High quality: 6 | Alerts sent: 0 | Trade candidates: 3 | Quality out/core/explore/probe: 3/1/2/0 | Opened: 0 | Mode: local | Source: onchain+market | Policy: raw=OK/effective=OK(healthy | route=allow_all) | Regime: YELLOW(hysteresis_recover_wait 3/4 raw=GREEN) | Safety: checked=3 fail_closed=0 reasons=api_code_4029:3 | FiltersTop(session): safe_volume:10,safe_age:4,score_min:4 | Dedup: heavy_skip=0 override=0 | V2Budget: 3/280 | SourceQoS: enabled=1/in=6/out=6/dropped=0/active_cd=0/drops=none | Ingest: q=0/oldest=0.0s/drop_old=0/dedup_skip=0/enq=0/drain=0 | Sources: dex_boosts:ok=1/fail=0/429=0/lim_wait=0/cd_wait=0/err=0.0%/avg=57ms; dexscreener:ok=10/fail=0/429=0/lim_wait=0/cd_wait=0/err=0.0%/avg=55ms | Tasks: 3 | RSS: 0.0MB | CycleAvg: 2.06s
