2026-02-27 10:48:15,853 [INFO] [u_station_ab_night_autotune_v2] __main__: SESSION_LOG file=logs/matrix/u_station_ab_night_autotune_v2\sessions\main_local_20260227_094815_pid5304.log
2026-02-27 10:48:15,938 [INFO] [u_station_ab_night_autotune_v2] trading.auto_trader_state: AutoTrade state loaded open=0 closed=90 balance=$7.35
2026-02-27 10:48:15,950 [WARNING] [u_station_ab_night_autotune_v2] trading.auto_trader: DATA_POLICY mode=OK reason=init_reset_manual prev_mode=OK prev_reason=healthy | route=allow_all
2026-02-27 10:48:15,950 [INFO] [u_station_ab_night_autotune_v2] __main__: AUTOTRADER_INIT state=ready reason=manual mode=paper
2026-02-27 10:48:15,951 [INFO] [u_station_ab_night_autotune_v2] __main__: Local mode started (Telegram disabled).
2026-02-27 10:48:16,353 [INFO] [u_station_ab_night_autotune_v2] monitor.onchain_factory: PAIR_DETECTED source=uniswap_v2 dex=uniswap_v2 pair=0x4faf4d645676d41653088a68a79bc83b72715759 token0=0x4200000000000000000000000000000000000006 token1=0xcb19581207abfc83ecbfd347180ed1119186eb07 block=42698097 factory=0x8909dc15e40173ff4699343b6eb8132c65e18ec6
2026-02-27 10:48:16,353 [INFO] [u_station_ab_night_autotune_v2] monitor.onchain_factory: PAIR_DETECTED source=uniswap_v2 dex=uniswap_v2 pair=0xbf6f4075d65db375f82a100deacc8f81fe9a1170 token0=0x12a529337d41245ddb3ead54672996719025ab07 token1=0x4200000000000000000000000000000000000006 block=42698116 factory=0x8909dc15e40173ff4699343b6eb8132c65e18ec6
2026-02-27 10:48:16,353 [INFO] [u_station_ab_night_autotune_v2] monitor.onchain_factory: PAIR_DETECTED source=uniswap_v2 dex=uniswap_v2 pair=0x1b81eb3a23502f4cb060d28a8799b85b4e09c2bd token0=0x2f8bc11a30f73c1fa77d156cd8b73a1db959eb07 token1=0x4200000000000000000000000000000000000006 block=42698133 factory=0x8909dc15e40173ff4699343b6eb8132c65e18ec6
2026-02-27 10:48:16,353 [INFO] [u_station_ab_night_autotune_v2] monitor.onchain_factory: PAIR_DETECTED source=uniswap_v2 dex=uniswap_v2 pair=0xa12d9dd4b4e863f8dbef304914fcd84c3140225f token0=0x1863538275a12e5b768ccfcdeb4fab264577ab07 token1=0x4200000000000000000000000000000000000006 block=42698143 factory=0x8909dc15e40173ff4699343b6eb8132c65e18ec6
2026-02-27 10:48:16,353 [INFO] [u_station_ab_night_autotune_v2] monitor.onchain_factory: PAIR_DETECTED source=uniswap_v2 dex=uniswap_v2 pair=0x42910450dbc1da094b76ea3911e3fcdce53a2cf2 token0=0x4200000000000000000000000000000000000006 token1=0x94471e6f4335d966375e513a2f3c22fda80ceb07 block=42698166 factory=0x8909dc15e40173ff4699343b6eb8132c65e18ec6
2026-02-27 10:48:16,485 [INFO] [u_station_ab_night_autotune_v2] monitor.onchain_factory: PAIR_DETECTED source=uniswap_v3 dex=uniswap_v3 pair=0xc3bd7e11f5d289b15caafaad91ab266ca9de83d5 token0=0x4200000000000000000000000000000000000006 token1=0xb60a8eb8440858e07e1531b8af1445eb933c0fef block=42698118 factory=0x33128a8fc17869897dce68ed026d694621f6fdfd
2026-02-27 10:48:17,056 [INFO] [u_station_ab_night_autotune_v2] monitor.onchain_factory: ENRICH_RETRY token=0x94471e6f4335d966375e513a2f3c22fda80ceb07 pair=0x42910450dbc1da094b76ea3911e3fcdce53a2cf2 attempt=1/2 delay=10s
2026-02-27 10:48:28,785 [INFO] [u_station_ab_night_autotune_v2] __main__: WATCHLIST merged count=4
2026-02-27 10:48:28,785 [INFO] [u_station_ab_night_autotune_v2] trading.v2_runtime: V2_UNIVERSE in=15 dedup=15 out=15 target=15 novel_target=13 novel_out=15 repeat_dropped=0 symbol_dropped=0 surge_in=3 surge_target=3 surge_out=3
2026-02-27 10:48:28,785 [INFO] [u_station_ab_night_autotune_v2] __main__: V2_SOURCE_QOS_FILTER in=15 out=12 drops={'source_qos_cap': 2, 'source_qos_symbol_cap': 1} caps={'geckoterminal': 287, 'watchlist': 2, 'unknown': 0}
2026-02-27 10:48:28,785 [INFO] [u_station_ab_night_autotune_v2] __main__: FILTER_FAIL token=VIRTUAL reason=source_qos_cap source=watchlist used=2/2
2026-02-27 10:48:28,785 [INFO] [u_station_ab_night_autotune_v2] __main__: FILTER_FAIL token=AERO reason=source_qos_cap source=watchlist used=2/2
2026-02-27 10:48:28,785 [INFO] [u_station_ab_night_autotune_v2] __main__: FILTER_FAIL token=PEWBOT reason=source_qos_symbol_cap symbol=PEWBOT used=1/1
2026-02-27 10:48:28,785 [INFO] [u_station_ab_night_autotune_v2] __main__: FILTER_FAIL token=PEWBOT reason=safe_change_5m
2026-02-27 10:48:28,785 [INFO] [u_station_ab_night_autotune_v2] __main__: FILTER_PASS token=CLAWNCH tier=A score=90 mode=YELLOW risk=MEDIUM liq=33277 vol5m=15338
2026-02-27 10:48:28,785 [INFO] [u_station_ab_night_autotune_v2] monitor.local_alerter: Local alert token=CLAWNCH address=0x84da44019c00a672179585e4e0ae4d324d4f47be score=90 reco=BUY risk=MEDIUM warnings=0 liq=33277 vol5m=15338
2026-02-27 10:48:28,785 [INFO] [u_station_ab_night_autotune_v2] __main__: FILTER_PASS token=cbBTC tier=A score=100 mode=YELLOW risk=MEDIUM liq=22638077 vol5m=363140
2026-02-27 10:48:28,801 [INFO] [u_station_ab_night_autotune_v2] __main__: FILTER_FAIL token=SHIDO reason=safe_age
2026-02-27 10:48:28,801 [INFO] [u_station_ab_night_autotune_v2] __main__: FILTER_FAIL token=HOTDOGZ reason=safe_change_5m
2026-02-27 10:48:28,803 [INFO] [u_station_ab_night_autotune_v2] __main__: FILTER_FAIL token=BAGS reason=score_min score=40 strict_min=48 soft_min=48 mode=YELLOW
2026-02-27 10:48:28,803 [INFO] [u_station_ab_night_autotune_v2] __main__: FILTER_FAIL token=RoboScan reason=score_min score=20 strict_min=48 soft_min=48 mode=YELLOW
2026-02-27 10:48:28,803 [INFO] [u_station_ab_night_autotune_v2] __main__: FILTER_FAIL token=Hunt16z reason=safe_volume vol5m=1 min=6 regime=YELLOW
2026-02-27 10:48:28,803 [INFO] [u_station_ab_night_autotune_v2] __main__: FILTER_FAIL token=InternetCourt reason=safe_volume vol5m=1 min=6 regime=YELLOW
2026-02-27 10:48:28,803 [INFO] [u_station_ab_night_autotune_v2] __main__: FILTER_FAIL token=Jellybean reason=score_min score=40 strict_min=48 soft_min=48 mode=YELLOW
2026-02-27 10:48:28,803 [INFO] [u_station_ab_night_autotune_v2] __main__: FILTER_FAIL token=Pz Elmench reason=score_min score=20 strict_min=48 soft_min=48 mode=YELLOW
2026-02-27 10:48:28,803 [INFO] [u_station_ab_night_autotune_v2] __main__: FILTER_FAIL token=Tony reason=score_min score=20 strict_min=48 soft_min=48 mode=YELLOW
2026-02-27 10:48:28,803 [INFO] [u_station_ab_night_autotune_v2] trading.v2_runtime: V2_QUALITY_ROTATE symbols_core=0 symbols_cooldown=0 sources=1 top_core=- top_cooldown=-
2026-02-27 10:48:28,803 [INFO] [u_station_ab_night_autotune_v2] __main__: V2_QUALITY_GATE enabled=True regime=YELLOW in=2 out=2 core_out=1 explore_out=1 probe_out=0 quota=1 max_symbol_share=0.500 drop={} sources_used={'watchlist': 1, 'geckoterminal': 1}
2026-02-27 10:48:28,803 [INFO] [u_station_ab_night_autotune_v2] __main__: V2_ENTRY_ROUTE enabled=True regime=YELLOW in=2 out=2 core_out=1 explore_out=1 quota=1 allow_explore=True
2026-02-27 10:48:28,803 [WARNING] [u_station_ab_night_autotune_v2] trading.auto_trader: DATA_POLICY mode=OK reason=healthy | route=allow_all prev_mode=OK prev_reason=init_reset_manual
2026-02-27 10:48:28,803 [INFO] [u_station_ab_night_autotune_v2] __main__: MARKET_REGIME mode=YELLOW reason=avg_cand=2.00 avg_cand_recent=2.00
2026-02-27 10:48:28,803 [INFO] [u_station_ab_night_autotune_v2] trading.auto_trader: AutoTrade skip token=CLAWNCH reason=disabled_or_limits detail=max_tx_per_day 180/180
2026-02-27 10:48:28,803 [INFO] [u_station_ab_night_autotune_v2] trading.auto_trader: AutoTrade skip token=cbBTC reason=disabled_or_limits detail=max_tx_per_day 180/180
2026-02-27 10:48:28,803 [INFO] [u_station_ab_night_autotune_v2] trading.auto_trader: AutoTrade batch mode=top_n candidates=2 eligible=2 selected=2 opened=0 pe=off burst_window=0
2026-02-27 10:48:28,803 [INFO] [u_station_ab_night_autotune_v2] __main__: FILTER_THRESHOLDS safe_volume_5m_min=$5 safe_liquidity_min=$8000 safe_age_min=240s score_min=48 edge_min=0.05% lock_floor=0.95 no_momentum_max_pnl=0.25 weakness_pnl=-2.60
2026-02-27 10:48:28,803 [INFO] [u_station_ab_night_autotune_v2] __main__: Scanned 15 tokens | High quality: 4 | Alerts sent: 1 | Trade candidates: 2 | Quality out/core/explore/probe: 2/1/1/0 | Opened: 0 | Mode: local | Source: onchain+market | Policy: raw=OK/effective=OK(healthy | route=allow_all) | Regime: YELLOW(avg_cand=2.00) | Safety: checked=2 fail_closed=0 reasons=api_code_4029:2 | FiltersTop(session): score_min:5,source_qos_cap:2,safe_change_5m:2,safe_volume:2 | Dedup: heavy_skip=0 override=0 | V2Budget: 2/280 | SourceQoS: enabled=1/in=15/out=12/dropped=3/active_cd=0/drops=source_qos_cap:2,source_qos_symbol_cap:1 | Ingest: q=0/oldest=0.0s/drop_old=0/dedup_skip=0/enq=7/drain=7 | Sources: dex_boosts:ok=1/fail=0/429=0/lim_wait=0/cd_wait=0/err=0.0%/avg=98ms; dexscreener:ok=10/fail=0/429=0/lim_wait=0/cd_wait=0/err=0.0%/avg=279ms; geckoterminal:ok=2/fail=0/429=0/lim_wait=0/cd_wait=0/err=0.0%/avg=175ms; onchain_enrich:ok=9/fail=0/429=0/lim_wait=0/cd_wait=0/err=0.0%/avg=200ms; onchain_weth_price:ok=1/fail=0/429=0/lim_wait=0/cd_wait=0/err=0.0%/avg=47ms; watchlist_dex:ok=10/fail=0/429=0/lim_wait=0/cd_wait=0/err=0.0%/avg=91ms; watchlist_gecko:ok=6/fail=0/429=0/lim_wait=0/cd_wait=0/err=0.0%/avg=575ms | Tasks: 3 | RSS: 0.0MB | CycleAvg: 0.00s
2026-02-27 10:48:33,096 [INFO] [u_station_ab_night_autotune_v2] monitor.onchain_factory: PAIR_DETECTED source=uniswap_v2 dex=uniswap_v2 pair=0x9946d58a1537464f2d38d1b40db4440540e84a02 token0=0x040cfca1687860b85659dfa5b321d8a48a99ab07 token1=0x4200000000000000000000000000000000000006 block=42698175 factory=0x8909dc15e40173ff4699343b6eb8132c65e18ec6
2026-02-27 10:48:33,356 [INFO] [u_station_ab_night_autotune_v2] monitor.onchain_factory: ENRICH_RETRY token=0x94471e6f4335d966375e513a2f3c22fda80ceb07 pair=0x42910450dbc1da094b76ea3911e3fcdce53a2cf2 attempt=1/2 delay=10s
2026-02-27 10:48:33,587 [INFO] [u_station_ab_night_autotune_v2] monitor.onchain_factory: ENRICH_RETRY token=0x040cfca1687860b85659dfa5b321d8a48a99ab07 pair=0x9946d58a1537464f2d38d1b40db4440540e84a02 attempt=1/2 delay=10s
2026-02-27 10:48:43,669 [INFO] [u_station_ab_night_autotune_v2] __main__: WATCHLIST merged count=4
2026-02-27 10:48:43,670 [INFO] [u_station_ab_night_autotune_v2] trading.v2_runtime: V2_UNIVERSE in=4 dedup=4 out=4 target=4 novel_target=4 novel_out=0 repeat_dropped=0 symbol_dropped=0 surge_in=1 surge_target=1 surge_out=1
2026-02-27 10:48:43,671 [INFO] [u_station_ab_night_autotune_v2] __main__: V2_SOURCE_QOS_FILTER in=4 out=3 drops={'source_qos_cap': 1} caps={'watchlist': 3}
2026-02-27 10:48:43,672 [INFO] [u_station_ab_night_autotune_v2] __main__: FILTER_FAIL token=AERO reason=source_qos_cap source=watchlist used=3/3
2026-02-27 10:48:43,673 [INFO] [u_station_ab_night_autotune_v2] __main__: FILTER_PASS token=cbBTC tier=A score=100 mode=YELLOW risk=MEDIUM liq=22638077 vol5m=363140
2026-02-27 10:48:43,675 [INFO] [u_station_ab_night_autotune_v2] __main__: FILTER_FAIL token=HOTDOGZ reason=safe_change_5m
2026-02-27 10:48:43,676 [INFO] [u_station_ab_night_autotune_v2] __main__: FILTER_PASS token=VIRTUAL tier=A score=100 mode=YELLOW risk=MEDIUM liq=7675305 vol5m=42333
2026-02-27 10:48:43,678 [INFO] [u_station_ab_night_autotune_v2] __main__: V2_QUALITY_GATE enabled=True regime=YELLOW in=2 out=2 core_out=1 explore_out=1 probe_out=0 quota=1 max_symbol_share=0.500 drop={} sources_used={'watchlist': 2}
2026-02-27 10:48:43,678 [INFO] [u_station_ab_night_autotune_v2] __main__: V2_ENTRY_ROUTE enabled=True regime=YELLOW in=2 out=2 core_out=1 explore_out=1 quota=1 allow_explore=True
2026-02-27 10:48:43,679 [INFO] [u_station_ab_night_autotune_v2] __main__: MARKET_REGIME mode=YELLOW reason=avg_cand=2.00 avg_cand_recent=2.00
2026-02-27 10:48:43,680 [INFO] [u_station_ab_night_autotune_v2] trading.auto_trader: AutoTrade skip token=cbBTC reason=disabled_or_limits detail=max_tx_per_day 180/180
2026-02-27 10:48:43,681 [INFO] [u_station_ab_night_autotune_v2] trading.auto_trader: AutoTrade batch mode=top_n candidates=2 eligible=2 selected=1 opened=0 pe=off burst_window=0
2026-02-27 10:48:43,682 [INFO] [u_station_ab_night_autotune_v2] __main__: Scanned 4 tokens | High quality: 3 | Alerts sent: 0 | Trade candidates: 2 | Quality out/core/explore/probe: 2/1/1/0 | Opened: 0 | Mode: local | Source: onchain+market | Policy: raw=OK/effective=OK(healthy | route=allow_all) | Regime: YELLOW(avg_cand=2.00) | Safety: checked=2 fail_closed=0 reasons=api_code_4029:2 | FiltersTop(session): score_min:5,source_qos_cap:3,safe_change_5m:3,safe_volume:2 | Dedup: heavy_skip=0 override=0 | V2Budget: 2/280 | SourceQoS: enabled=1/in=4/out=3/dropped=1/active_cd=0/drops=source_qos_cap:1 | Ingest: q=0/oldest=0.0s/drop_old=0/dedup_skip=0/enq=0/drain=0 | Sources: dex_boosts:ok=1/fail=0/429=0/lim_wait=0/cd_wait=0/err=0.0%/avg=83ms; dexscreener:ok=10/fail=0/429=0/lim_wait=0/cd_wait=0/err=0.0%/avg=111ms; onchain_enrich:ok=8/fail=0/429=0/lim_wait=0/cd_wait=0/err=0.0%/avg=80ms | Tasks: 3 | RSS: 0.0MB | CycleAvg: 12.86s
2026-02-27 10:48:49,575 [INFO] [u_station_ab_night_autotune_v2] __main__: WATCHLIST merged count=4
2026-02-27 10:48:49,575 [INFO] [u_station_ab_night_autotune_v2] trading.v2_runtime: V2_UNIVERSE in=6 dedup=6 out=6 target=6 novel_target=6 novel_out=1 repeat_dropped=0 symbol_dropped=0 surge_in=1 surge_target=1 surge_out=1
2026-02-27 10:48:49,575 [INFO] [u_station_ab_night_autotune_v2] __main__: V2_SOURCE_QOS_FILTER in=6 out=4 drops={'source_qos_cap': 2} caps={'watchlist': 2, 'unknown': 0}
2026-02-27 10:48:49,575 [INFO] [u_station_ab_night_autotune_v2] __main__: FILTER_FAIL token=VIRTUAL reason=source_qos_cap source=watchlist used=2/2
2026-02-27 10:48:49,575 [INFO] [u_station_ab_night_autotune_v2] __main__: FILTER_FAIL token=AERO reason=source_qos_cap source=watchlist used=2/2
2026-02-27 10:48:49,575 [INFO] [u_station_ab_night_autotune_v2] __main__: FILTER_PASS token=cbBTC tier=A score=100 mode=YELLOW risk=MEDIUM liq=22638077 vol5m=363140
2026-02-27 10:48:49,591 [INFO] [u_station_ab_night_autotune_v2] __main__: FILTER_FAIL token=HOTDOGZ reason=safe_change_5m
2026-02-27 10:48:49,591 [INFO] [u_station_ab_night_autotune_v2] __main__: FILTER_FAIL token=Jellybean reason=score_min score=20 strict_min=48 soft_min=48 mode=YELLOW
2026-02-27 10:48:49,591 [INFO] [u_station_ab_night_autotune_v2] __main__: FILTER_FAIL token=Tony reason=score_min score=20 strict_min=48 soft_min=48 mode=YELLOW
2026-02-27 10:48:49,591 [INFO] [u_station_ab_night_autotune_v2] __main__: V2_QUALITY_GATE enabled=True regime=YELLOW in=1 out=1 core_out=1 explore_out=0 probe_out=0 quota=0 max_symbol_share=1.000 drop={} sources_used={'watchlist': 1}
2026-02-27 10:48:49,591 [INFO] [u_station_ab_night_autotune_v2] __main__: V2_ENTRY_ROUTE enabled=True regime=YELLOW in=1 out=1 core_out=1 explore_out=0 quota=0 allow_explore=True
2026-02-27 10:48:49,591 [INFO] [u_station_ab_night_autotune_v2] __main__: MARKET_REGIME mode=YELLOW reason=avg_cand=1.67 avg_cand_recent=1.67
2026-02-27 10:48:49,591 [INFO] [u_station_ab_night_autotune_v2] trading.auto_trader: AutoTrade skip token=cbBTC reason=disabled_or_limits detail=max_tx_per_day 180/180
2026-02-27 10:48:49,591 [INFO] [u_station_ab_night_autotune_v2] trading.auto_trader: AutoTrade batch mode=top_n candidates=1 eligible=1 selected=1 opened=0 pe=off burst_window=0
2026-02-27 10:48:49,591 [INFO] [u_station_ab_night_autotune_v2] __main__: Scanned 6 tokens | High quality: 2 | Alerts sent: 0 | Trade candidates: 1 | Quality out/core/explore/probe: 1/1/0/0 | Opened: 0 | Mode: local | Source: onchain+market | Policy: raw=OK/effective=OK(healthy | route=allow_all) | Regime: YELLOW(avg_cand=1.67) | Safety: checked=1 fail_closed=0 reasons=api_code_4029:1 | FiltersTop(session): score_min:7,source_qos_cap:5,safe_change_5m:4,safe_volume:2 | Dedup: heavy_skip=0 override=0 | V2Budget: 1/280 | SourceQoS: enabled=1/in=6/out=4/dropped=2/active_cd=0/drops=source_qos_cap:2 | Ingest: q=0/oldest=0.0s/drop_old=0/dedup_skip=0/enq=0/drain=0 | Sources: dex_boosts:ok=1/fail=0/429=0/lim_wait=0/cd_wait=0/err=0.0%/avg=44ms; dexscreener:ok=10/fail=0/429=0/lim_wait=0/cd_wait=0/err=0.0%/avg=860ms; onchain_enrich:ok=3/fail=0/429=0/lim_wait=0/cd_wait=0/err=0.0%/avg=216ms | Tasks: 3 | RSS: 0.0MB | CycleAvg: 11.86s
2026-02-27 10:48:54,021 [INFO] [u_station_ab_night_autotune_v2] __main__: WATCHLIST merged count=4
2026-02-27 10:48:54,021 [INFO] [u_station_ab_night_autotune_v2] trading.v2_runtime: V2_UNIVERSE in=4 dedup=4 out=4 target=4 novel_target=4 novel_out=0 repeat_dropped=0 symbol_dropped=0 surge_in=1 surge_target=1 surge_out=1
2026-02-27 10:48:54,021 [INFO] [u_station_ab_night_autotune_v2] __main__: V2_SOURCE_QOS_FILTER in=4 out=3 drops={'source_qos_cap': 1} caps={'watchlist': 3}
2026-02-27 10:48:54,021 [INFO] [u_station_ab_night_autotune_v2] __main__: FILTER_FAIL token=AERO reason=source_qos_cap source=watchlist used=3/3
2026-02-27 10:48:54,021 [INFO] [u_station_ab_night_autotune_v2] __main__: FILTER_PASS token=cbBTC tier=A score=100 mode=YELLOW risk=MEDIUM liq=22638077 vol5m=363140
2026-02-27 10:48:54,021 [INFO] [u_station_ab_night_autotune_v2] __main__: FILTER_FAIL token=HOTDOGZ reason=safe_change_5m
2026-02-27 10:48:54,021 [INFO] [u_station_ab_night_autotune_v2] __main__: FILTER_PASS token=VIRTUAL tier=A score=100 mode=YELLOW risk=MEDIUM liq=7675305 vol5m=42333
2026-02-27 10:48:54,021 [INFO] [u_station_ab_night_autotune_v2] __main__: V2_QUALITY_GATE enabled=True regime=YELLOW in=2 out=2 core_out=1 explore_out=1 probe_out=0 quota=1 max_symbol_share=0.500 drop={} sources_used={'watchlist': 2}
2026-02-27 10:48:54,021 [INFO] [u_station_ab_night_autotune_v2] __main__: V2_ENTRY_ROUTE enabled=True regime=YELLOW in=2 out=2 core_out=1 explore_out=1 quota=1 allow_explore=True
2026-02-27 10:48:54,021 [INFO] [u_station_ab_night_autotune_v2] __main__: MARKET_REGIME mode=YELLOW reason=avg_cand=1.75 avg_cand_recent=1.75
2026-02-27 10:48:54,037 [INFO] [u_station_ab_night_autotune_v2] trading.auto_trader: AutoTrade skip token=cbBTC reason=disabled_or_limits detail=max_tx_per_day 180/180
2026-02-27 10:48:54,038 [INFO] [u_station_ab_night_autotune_v2] trading.auto_trader: AutoTrade batch mode=top_n candidates=2 eligible=2 selected=1 opened=0 pe=off burst_window=0
2026-02-27 10:48:54,039 [INFO] [u_station_ab_night_autotune_v2] __main__: Scanned 4 tokens | High quality: 3 | Alerts sent: 0 | Trade candidates: 2 | Quality out/core/explore/probe: 2/1/1/0 | Opened: 0 | Mode: local | Source: onchain+market | Policy: raw=OK/effective=OK(healthy | route=allow_all) | Regime: YELLOW(avg_cand=1.75) | Safety: checked=2 fail_closed=0 reasons=api_code_4029:2 | FiltersTop(session): score_min:7,source_qos_cap:6,safe_change_5m:5,safe_volume:2 | Dedup: heavy_skip=0 override=0 | V2Budget: 2/280 | SourceQoS: enabled=1/in=4/out=3/dropped=1/active_cd=0/drops=source_qos_cap:1 | Ingest: q=0/oldest=0.0s/drop_old=0/dedup_skip=0/enq=0/drain=0 | Sources: dex_boosts:ok=1/fail=0/429=0/lim_wait=0/cd_wait=0/err=0.0%/avg=45ms; dexscreener:ok=10/fail=0/429=0/lim_wait=0/cd_wait=0/err=0.0%/avg=41ms | Tasks: 3 | RSS: 0.0MB | CycleAvg: 8.55s
2026-02-27 10:48:58,453 [INFO] [u_station_ab_night_autotune_v2] __main__: WATCHLIST merged count=4
2026-02-27 10:48:58,453 [INFO] [u_station_ab_night_autotune_v2] trading.v2_runtime: V2_UNIVERSE in=4 dedup=4 out=4 target=4 novel_target=4 novel_out=0 repeat_dropped=0 symbol_dropped=0 surge_in=1 surge_target=1 surge_out=1
2026-02-27 10:48:58,453 [INFO] [u_station_ab_night_autotune_v2] __main__: V2_SOURCE_QOS_FILTER in=4 out=3 drops={'source_qos_cap': 1} caps={'watchlist': 3}
2026-02-27 10:48:58,453 [INFO] [u_station_ab_night_autotune_v2] __main__: FILTER_FAIL token=AERO reason=source_qos_cap source=watchlist used=3/3
2026-02-27 10:48:58,453 [INFO] [u_station_ab_night_autotune_v2] __main__: FILTER_PASS token=cbBTC tier=A score=100 mode=YELLOW risk=MEDIUM liq=22638077 vol5m=363140
2026-02-27 10:48:58,453 [INFO] [u_station_ab_night_autotune_v2] __main__: FILTER_FAIL token=HOTDOGZ reason=safe_change_5m
2026-02-27 10:48:58,453 [INFO] [u_station_ab_night_autotune_v2] __main__: FILTER_PASS token=VIRTUAL tier=A score=100 mode=YELLOW risk=MEDIUM liq=7675305 vol5m=42333
2026-02-27 10:48:58,453 [INFO] [u_station_ab_night_autotune_v2] __main__: V2_QUALITY_GATE enabled=True regime=YELLOW in=2 out=2 core_out=1 explore_out=1 probe_out=0 quota=1 max_symbol_share=0.500 drop={} sources_used={'watchlist': 2}
2026-02-27 10:48:58,469 [INFO] [u_station_ab_night_autotune_v2] __main__: V2_ENTRY_ROUTE enabled=True regime=YELLOW in=2 out=2 core_out=1 explore_out=1 quota=1 allow_explore=True
2026-02-27 10:48:58,469 [INFO] [u_station_ab_night_autotune_v2] __main__: MARKET_REGIME mode=YELLOW reason=avg_cand=1.80 avg_cand_recent=1.80
2026-02-27 10:48:58,470 [INFO] [u_station_ab_night_autotune_v2] trading.auto_trader: AutoTrade skip token=cbBTC reason=disabled_or_limits detail=max_tx_per_day 180/180
2026-02-27 10:48:58,471 [INFO] [u_station_ab_night_autotune_v2] trading.auto_trader: AutoTrade batch mode=top_n candidates=2 eligible=2 selected=1 opened=0 pe=off burst_window=0
2026-02-27 10:48:58,471 [INFO] [u_station_ab_night_autotune_v2] __main__: Scanned 4 tokens | High quality: 3 | Alerts sent: 0 | Trade candidates: 2 | Quality out/core/explore/probe: 2/1/1/0 | Opened: 0 | Mode: local | Source: onchain+market | Policy: raw=OK/effective=OK(healthy | route=allow_all) | Regime: YELLOW(avg_cand=1.80) | Safety: checked=2 fail_closed=0 reasons=api_code_4029:2 | FiltersTop(session): source_qos_cap:7,score_min:7,safe_change_5m:6,safe_volume:2 | Dedup: heavy_skip=0 override=0 | V2Budget: 2/280 | SourceQoS: enabled=1/in=4/out=3/dropped=1/active_cd=0/drops=source_qos_cap:1 | Ingest: q=0/oldest=0.0s/drop_old=0/dedup_skip=0/enq=0/drain=0 | Sources: dex_boosts:ok=1/fail=0/429=0/lim_wait=0/cd_wait=0/err=0.0%/avg=33ms; dexscreener:ok=10/fail=0/429=0/lim_wait=0/cd_wait=0/err=0.0%/avg=42ms | Tasks: 3 | RSS: 0.0MB | CycleAvg: 6.52s
2026-02-27 10:49:02,903 [INFO] [u_station_ab_night_autotune_v2] __main__: WATCHLIST merged count=4
2026-02-27 10:49:02,903 [INFO] [u_station_ab_night_autotune_v2] trading.v2_runtime: V2_UNIVERSE in=4 dedup=4 out=4 target=4 novel_target=4 novel_out=0 repeat_dropped=0 symbol_dropped=0 surge_in=1 surge_target=1 surge_out=1
2026-02-27 10:49:02,903 [INFO] [u_station_ab_night_autotune_v2] __main__: V2_SOURCE_QOS_FILTER in=4 out=3 drops={'source_qos_cap': 1} caps={'watchlist': 3}
2026-02-27 10:49:02,903 [INFO] [u_station_ab_night_autotune_v2] __main__: FILTER_FAIL token=AERO reason=source_qos_cap source=watchlist used=3/3
2026-02-27 10:49:02,903 [INFO] [u_station_ab_night_autotune_v2] __main__: FILTER_PASS token=cbBTC tier=A score=100 mode=YELLOW risk=MEDIUM liq=22638077 vol5m=363140
2026-02-27 10:49:02,903 [INFO] [u_station_ab_night_autotune_v2] __main__: FILTER_FAIL token=HOTDOGZ reason=safe_change_5m
2026-02-27 10:49:02,903 [INFO] [u_station_ab_night_autotune_v2] __main__: FILTER_PASS token=VIRTUAL tier=A score=100 mode=YELLOW risk=MEDIUM liq=7675305 vol5m=42333
2026-02-27 10:49:02,903 [INFO] [u_station_ab_night_autotune_v2] __main__: V2_QUALITY_GATE enabled=True regime=YELLOW in=2 out=2 core_out=1 explore_out=1 probe_out=0 quota=1 max_symbol_share=0.500 drop={} sources_used={'watchlist': 2}
2026-02-27 10:49:02,918 [INFO] [u_station_ab_night_autotune_v2] __main__: V2_ENTRY_ROUTE enabled=True regime=YELLOW in=2 out=2 core_out=1 explore_out=1 quota=1 allow_explore=True
2026-02-27 10:49:02,918 [INFO] [u_station_ab_night_autotune_v2] __main__: MARKET_REGIME mode=YELLOW reason=avg_cand=1.83 avg_cand_recent=1.83
2026-02-27 10:49:02,918 [INFO] [u_station_ab_night_autotune_v2] trading.auto_trader: AutoTrade skip token=cbBTC reason=disabled_or_limits detail=max_tx_per_day 180/180
2026-02-27 10:49:02,918 [INFO] [u_station_ab_night_autotune_v2] trading.auto_trader: AutoTrade batch mode=top_n candidates=2 eligible=2 selected=1 opened=0 pe=off burst_window=0
2026-02-27 10:49:02,918 [INFO] [u_station_ab_night_autotune_v2] __main__: Scanned 4 tokens | High quality: 3 | Alerts sent: 0 | Trade candidates: 2 | Quality out/core/explore/probe: 2/1/1/0 | Opened: 0 | Mode: local | Source: onchain+market | Policy: raw=OK/effective=OK(healthy | route=allow_all) | Regime: YELLOW(avg_cand=1.83) | Safety: checked=2 fail_closed=0 reasons=api_code_4029:2 | FiltersTop(session): source_qos_cap:8,safe_change_5m:7,score_min:7,safe_volume:2 | Dedup: heavy_skip=0 override=0 | V2Budget: 2/280 | SourceQoS: enabled=1/in=4/out=3/dropped=1/active_cd=0/drops=source_qos_cap:1 | Ingest: q=0/oldest=0.0s/drop_old=0/dedup_skip=0/enq=0/drain=0 | Sources: dex_boosts:ok=1/fail=0/429=0/lim_wait=0/cd_wait=0/err=0.0%/avg=49ms; dexscreener:ok=10/fail=0/429=0/lim_wait=0/cd_wait=0/err=0.0%/avg=59ms | Tasks: 3 | RSS: 0.0MB | CycleAvg: 5.30s
2026-02-27 10:49:07,192 [INFO] [u_station_ab_night_autotune_v2] monitor.onchain_factory: PAIR_DETECTED source=uniswap_v2 dex=uniswap_v2 pair=0x4a4f32588e0de80356a27a6b46f77919550d89b5 token0=0x4200000000000000000000000000000000000006 token1=0x46a0233f2b5817f296c299c7bff114fb6774eb07 block=42698198 factory=0x8909dc15e40173ff4699343b6eb8132c65e18ec6
2026-02-27 10:49:07,834 [INFO] [u_station_ab_night_autotune_v2] monitor.onchain_factory: ENRICH_RETRY token=0x46a0233f2b5817f296c299c7bff114fb6774eb07 pair=0x4a4f32588e0de80356a27a6b46f77919550d89b5 attempt=1/2 delay=10s
2026-02-27 10:49:17,904 [INFO] [u_station_ab_night_autotune_v2] __main__: WATCHLIST merged count=4
2026-02-27 10:49:17,904 [INFO] [u_station_ab_night_autotune_v2] trading.v2_runtime: V2_UNIVERSE in=4 dedup=4 out=4 target=4 novel_target=4 novel_out=0 repeat_dropped=0 symbol_dropped=0 surge_in=1 surge_target=1 surge_out=1
2026-02-27 10:49:17,904 [INFO] [u_station_ab_night_autotune_v2] __main__: V2_SOURCE_QOS_FILTER in=4 out=3 drops={'source_qos_cap': 1} caps={'watchlist': 3}
2026-02-27 10:49:17,904 [INFO] [u_station_ab_night_autotune_v2] __main__: FILTER_FAIL token=AERO reason=source_qos_cap source=watchlist used=3/3
2026-02-27 10:49:17,904 [INFO] [u_station_ab_night_autotune_v2] __main__: FILTER_PASS token=cbBTC tier=A score=100 mode=YELLOW risk=MEDIUM liq=22638077 vol5m=363140
2026-02-27 10:49:17,904 [INFO] [u_station_ab_night_autotune_v2] __main__: FILTER_FAIL token=HOTDOGZ reason=safe_change_5m
2026-02-27 10:49:17,904 [INFO] [u_station_ab_night_autotune_v2] __main__: FILTER_PASS token=VIRTUAL tier=A score=100 mode=YELLOW risk=MEDIUM liq=7675305 vol5m=42333
2026-02-27 10:49:17,904 [INFO] [u_station_ab_night_autotune_v2] __main__: V2_QUALITY_GATE enabled=True regime=YELLOW in=2 out=2 core_out=1 explore_out=1 probe_out=0 quota=1 max_symbol_share=0.500 drop={} sources_used={'watchlist': 2}
2026-02-27 10:49:17,904 [INFO] [u_station_ab_night_autotune_v2] __main__: V2_ENTRY_ROUTE enabled=True regime=YELLOW in=2 out=2 core_out=1 explore_out=1 quota=1 allow_explore=True
2026-02-27 10:49:17,904 [INFO] [u_station_ab_night_autotune_v2] __main__: MARKET_REGIME mode=YELLOW reason=avg_cand=1.86 avg_cand_recent=1.86
2026-02-27 10:49:17,919 [INFO] [u_station_ab_night_autotune_v2] trading.auto_trader: AutoTrade skip token=cbBTC reason=disabled_or_limits detail=max_tx_per_day 180/180
2026-02-27 10:49:17,919 [INFO] [u_station_ab_night_autotune_v2] trading.auto_trader: AutoTrade batch mode=top_n candidates=2 eligible=2 selected=1 opened=0 pe=off burst_window=0
2026-02-27 10:49:17,919 [INFO] [u_station_ab_night_autotune_v2] trading.auto_trader: PAPER_SUMMARY window=60s closed_delta=0 wins_delta=0 losses_delta=0 realized_delta=$0.00 total_closed=90 winrate_total=45.6% realized_total=$0.35 balance=$7.35 equity=$7.35 open=0
2026-02-27 10:49:17,919 [INFO] [u_station_ab_night_autotune_v2] __main__: Scanned 4 tokens | High quality: 3 | Alerts sent: 0 | Trade candidates: 2 | Quality out/core/explore/probe: 2/1/1/0 | Opened: 0 | Mode: local | Source: onchain+market | Policy: raw=OK/effective=OK(healthy | route=allow_all) | Regime: YELLOW(avg_cand=1.86) | Safety: checked=2 fail_closed=0 reasons=api_code_4029:2 | FiltersTop(session): source_qos_cap:9,safe_change_5m:8,score_min:7,safe_volume:2 | Dedup: heavy_skip=0 override=0 | V2Budget: 2/280 | SourceQoS: enabled=1/in=4/out=3/dropped=1/active_cd=0/drops=source_qos_cap:1 | Ingest: q=0/oldest=0.0s/drop_old=0/dedup_skip=0/enq=0/drain=0 | Sources: dex_boosts:ok=1/fail=0/429=0/lim_wait=0/cd_wait=0/err=0.0%/avg=48ms; dexscreener:ok=10/fail=0/429=0/lim_wait=0/cd_wait=0/err=0.0%/avg=65ms; onchain_enrich:ok=4/fail=0/429=0/lim_wait=0/cd_wait=0/err=0.0%/avg=149ms | Tasks: 3 | RSS: 0.0MB | CycleAvg: 4.49s
2026-02-27 10:49:22,195 [INFO] [u_station_ab_night_autotune_v2] monitor.onchain_factory: PAIR_DETECTED source=uniswap_v2 dex=uniswap_v2 pair=0x8d15ccdf3b868acd3fcbc9252f5f8167400ad1b3 token0=0x4200000000000000000000000000000000000006 token1=0x46b8701f6baeb4abc5f9c041dee9bca8965eab07 block=42698205 factory=0x8909dc15e40173ff4699343b6eb8132c65e18ec6
2026-02-27 10:49:22,453 [INFO] [u_station_ab_night_autotune_v2] monitor.onchain_factory: ENRICH_RETRY token=0x46a0233f2b5817f296c299c7bff114fb6774eb07 pair=0x4a4f32588e0de80356a27a6b46f77919550d89b5 attempt=1/2 delay=10s
2026-02-27 10:49:22,637 [INFO] [u_station_ab_night_autotune_v2] monitor.onchain_factory: ENRICH_RETRY token=0x46b8701f6baeb4abc5f9c041dee9bca8965eab07 pair=0x8d15ccdf3b868acd3fcbc9252f5f8167400ad1b3 attempt=1/2 delay=10s
2026-02-27 10:49:32,703 [INFO] [u_station_ab_night_autotune_v2] __main__: WATCHLIST merged count=4
2026-02-27 10:49:32,703 [INFO] [u_station_ab_night_autotune_v2] trading.v2_runtime: V2_UNIVERSE in=4 dedup=4 out=4 target=4 novel_target=4 novel_out=0 repeat_dropped=0 symbol_dropped=0 surge_in=1 surge_target=1 surge_out=1
2026-02-27 10:49:32,703 [INFO] [u_station_ab_night_autotune_v2] __main__: V2_SOURCE_QOS_FILTER in=4 out=3 drops={'source_qos_cap': 1} caps={'watchlist': 3}
2026-02-27 10:49:32,703 [INFO] [u_station_ab_night_autotune_v2] __main__: FILTER_FAIL token=AERO reason=source_qos_cap source=watchlist used=3/3
2026-02-27 10:49:32,703 [INFO] [u_station_ab_night_autotune_v2] __main__: FILTER_PASS token=cbBTC tier=A score=100 mode=YELLOW risk=MEDIUM liq=22638077 vol5m=363140
2026-02-27 10:49:32,703 [INFO] [u_station_ab_night_autotune_v2] __main__: FILTER_FAIL token=HOTDOGZ reason=safe_change_5m
2026-02-27 10:49:32,703 [INFO] [u_station_ab_night_autotune_v2] __main__: FILTER_PASS token=VIRTUAL tier=A score=100 mode=YELLOW risk=MEDIUM liq=7675305 vol5m=42333
2026-02-27 10:49:32,703 [INFO] [u_station_ab_night_autotune_v2] __main__: V2_QUALITY_GATE enabled=True regime=YELLOW in=2 out=2 core_out=1 explore_out=1 probe_out=0 quota=1 max_symbol_share=0.500 drop={} sources_used={'watchlist': 2}
2026-02-27 10:49:32,703 [INFO] [u_station_ab_night_autotune_v2] __main__: V2_ENTRY_ROUTE enabled=True regime=YELLOW in=2 out=2 core_out=1 explore_out=1 quota=1 allow_explore=True
2026-02-27 10:49:32,703 [INFO] [u_station_ab_night_autotune_v2] __main__: MARKET_REGIME mode=YELLOW reason=avg_cand=1.88 avg_cand_recent=1.88
2026-02-27 10:49:32,703 [INFO] [u_station_ab_night_autotune_v2] trading.auto_trader: AutoTrade skip token=cbBTC reason=disabled_or_limits detail=max_tx_per_day 180/180
2026-02-27 10:49:32,703 [INFO] [u_station_ab_night_autotune_v2] trading.auto_trader: AutoTrade batch mode=top_n candidates=2 eligible=2 selected=1 opened=0 pe=off burst_window=0
2026-02-27 10:49:32,703 [INFO] [u_station_ab_night_autotune_v2] __main__: Scanned 4 tokens | High quality: 3 | Alerts sent: 0 | Trade candidates: 2 | Quality out/core/explore/probe: 2/1/1/0 | Opened: 0 | Mode: local | Source: onchain+market | Policy: raw=OK/effective=OK(healthy | route=allow_all) | Regime: YELLOW(avg_cand=1.88) | Safety: checked=2 fail_closed=0 reasons=api_code_4029:2 | FiltersTop(session): source_qos_cap:10,safe_change_5m:9,score_min:7,safe_volume:2 | Dedup: heavy_skip=0 override=0 | V2Budget: 2/280 | SourceQoS: enabled=1/in=4/out=3/dropped=1/active_cd=0/drops=source_qos_cap:1 | Ingest: q=1/oldest=1.2s/drop_old=0/dedup_skip=0/enq=1/drain=0 | Sources: dex_boosts:ok=1/fail=0/429=0/lim_wait=0/cd_wait=0/err=0.0%/avg=64ms; dexscreener:ok=10/fail=0/429=0/lim_wait=0/cd_wait=0/err=0.0%/avg=248ms; geckoterminal:ok=1/fail=0/429=0/lim_wait=0/cd_wait=0/err=0.0%/avg=229ms; onchain_enrich:ok=8/fail=0/429=0/lim_wait=0/cd_wait=0/err=0.0%/avg=74ms; onchain_weth_price:ok=1/fail=0/429=0/lim_wait=0/cd_wait=0/err=0.0%/avg=52ms | Tasks: 3 | RSS: 0.0MB | CycleAvg: 5.42s
2026-02-27 10:49:37,204 [INFO] [u_station_ab_night_autotune_v2] monitor.onchain_factory: ENRICH_RETRY token=0x46a0233f2b5817f296c299c7bff114fb6774eb07 pair=0x4a4f32588e0de80356a27a6b46f77919550d89b5 attempt=1/2 delay=10s
2026-02-27 10:49:37,206 [INFO] [u_station_ab_night_autotune_v2] monitor.onchain_factory: ENRICH_RETRY token=0x46b8701f6baeb4abc5f9c041dee9bca8965eab07 pair=0x8d15ccdf3b868acd3fcbc9252f5f8167400ad1b3 attempt=1/2 delay=10s
2026-02-27 10:49:47,405 [INFO] [u_station_ab_night_autotune_v2] __main__: WATCHLIST merged count=4
2026-02-27 10:49:47,405 [INFO] [u_station_ab_night_autotune_v2] trading.v2_runtime: V2_UNIVERSE in=5 dedup=5 out=5 target=5 novel_target=5 novel_out=1 repeat_dropped=0 symbol_dropped=0 surge_in=1 surge_target=1 surge_out=1
2026-02-27 10:49:47,405 [INFO] [u_station_ab_night_autotune_v2] __main__: V2_SOURCE_QOS_FILTER in=5 out=3 drops={'source_qos_cap': 2} caps={'geckoterminal': 287, 'watchlist': 2}
2026-02-27 10:49:47,405 [INFO] [u_station_ab_night_autotune_v2] __main__: FILTER_FAIL token=VIRTUAL reason=source_qos_cap source=watchlist used=2/2
2026-02-27 10:49:47,405 [INFO] [u_station_ab_night_autotune_v2] __main__: FILTER_FAIL token=AERO reason=source_qos_cap source=watchlist used=2/2
2026-02-27 10:49:47,405 [INFO] [u_station_ab_night_autotune_v2] __main__: FILTER_PASS token=cbBTC tier=A score=100 mode=YELLOW risk=MEDIUM liq=22638077 vol5m=363140
2026-02-27 10:49:47,405 [INFO] [u_station_ab_night_autotune_v2] __main__: FILTER_FAIL token=HOTDOGZ reason=safe_change_5m
2026-02-27 10:49:47,405 [INFO] [u_station_ab_night_autotune_v2] __main__: FILTER_FAIL token=PEWBOT reason=score_min score=40 strict_min=48 soft_min=48 mode=YELLOW
2026-02-27 10:49:47,405 [INFO] [u_station_ab_night_autotune_v2] __main__: V2_QUALITY_GATE enabled=True regime=YELLOW in=1 out=1 core_out=1 explore_out=0 probe_out=0 quota=0 max_symbol_share=1.000 drop={} sources_used={'watchlist': 1}
2026-02-27 10:49:47,405 [INFO] [u_station_ab_night_autotune_v2] __main__: V2_ENTRY_ROUTE enabled=True regime=YELLOW in=1 out=1 core_out=1 explore_out=0 quota=0 allow_explore=True
2026-02-27 10:49:47,405 [INFO] [u_station_ab_night_autotune_v2] __main__: MARKET_REGIME mode=YELLOW reason=avg_cand=1.78 avg_cand_recent=1.78
2026-02-27 10:49:47,405 [INFO] [u_station_ab_night_autotune_v2] trading.auto_trader: AutoTrade skip token=cbBTC reason=disabled_or_limits detail=max_tx_per_day 180/180
2026-02-27 10:49:47,405 [INFO] [u_station_ab_night_autotune_v2] trading.auto_trader: AutoTrade batch mode=top_n candidates=1 eligible=1 selected=1 opened=0 pe=off burst_window=0
2026-02-27 10:49:47,405 [INFO] [u_station_ab_night_autotune_v2] __main__: Scanned 5 tokens | High quality: 2 | Alerts sent: 0 | Trade candidates: 1 | Quality out/core/explore/probe: 1/1/0/0 | Opened: 0 | Mode: local | Source: onchain+market | Policy: raw=OK/effective=OK(healthy | route=allow_all) | Regime: YELLOW(avg_cand=1.78) | Safety: checked=1 fail_closed=0 reasons=api_code_4029:1 | FiltersTop(session): source_qos_cap:12,safe_change_5m:10,score_min:8,safe_volume:2 | Dedup: heavy_skip=0 override=0 | V2Budget: 1/280 | SourceQoS: enabled=1/in=5/out=3/dropped=2/active_cd=0/drops=source_qos_cap:2 | Ingest: q=0/oldest=0.0s/drop_old=0/dedup_skip=0/enq=0/drain=1 | Sources: dex_boosts:ok=1/fail=0/429=0/lim_wait=0/cd_wait=0/err=0.0%/avg=42ms; dexscreener:ok=10/fail=0/429=0/lim_wait=0/cd_wait=0/err=0.0%/avg=40ms; onchain_enrich:ok=7/fail=0/429=0/lim_wait=0/cd_wait=0/err=0.0%/avg=61ms | Tasks: 3 | RSS: 0.0MB | CycleAvg: 6.09s
2026-02-27 10:49:51,954 [INFO] [u_station_ab_night_autotune_v2] monitor.onchain_factory: ENRICH_RETRY token=0x46b8701f6baeb4abc5f9c041dee9bca8965eab07 pair=0x8d15ccdf3b868acd3fcbc9252f5f8167400ad1b3 attempt=1/2 delay=10s
2026-02-27 10:50:02,053 [INFO] [u_station_ab_night_autotune_v2] __main__: WATCHLIST merged count=4
2026-02-27 10:50:02,053 [INFO] [u_station_ab_night_autotune_v2] trading.v2_runtime: V2_UNIVERSE in=5 dedup=5 out=5 target=5 novel_target=5 novel_out=1 repeat_dropped=0 symbol_dropped=0 surge_in=1 surge_target=1 surge_out=1
2026-02-27 10:50:02,053 [INFO] [u_station_ab_night_autotune_v2] __main__: V2_SOURCE_QOS_FILTER in=5 out=3 drops={'source_qos_cap': 2} caps={'watchlist': 2, 'unknown': 0}
2026-02-27 10:50:02,053 [INFO] [u_station_ab_night_autotune_v2] __main__: FILTER_FAIL token=VIRTUAL reason=source_qos_cap source=watchlist used=2/2
2026-02-27 10:50:02,053 [INFO] [u_station_ab_night_autotune_v2] __main__: FILTER_FAIL token=AERO reason=source_qos_cap source=watchlist used=2/2
2026-02-27 10:50:02,053 [INFO] [u_station_ab_night_autotune_v2] __main__: FILTER_PASS token=cbBTC tier=A score=100 mode=YELLOW risk=MEDIUM liq=22638077 vol5m=363140
2026-02-27 10:50:02,053 [INFO] [u_station_ab_night_autotune_v2] __main__: FILTER_FAIL token=HOTDOGZ reason=safe_change_5m
2026-02-27 10:50:02,053 [INFO] [u_station_ab_night_autotune_v2] __main__: FILTER_FAIL token=Tony reason=score_min score=20 strict_min=48 soft_min=48 mode=YELLOW
2026-02-27 10:50:02,053 [INFO] [u_station_ab_night_autotune_v2] __main__: V2_QUALITY_GATE enabled=True regime=YELLOW in=1 out=1 core_out=1 explore_out=0 probe_out=0 quota=0 max_symbol_share=1.000 drop={} sources_used={'watchlist': 1}
2026-02-27 10:50:02,053 [INFO] [u_station_ab_night_autotune_v2] __main__: V2_ENTRY_ROUTE enabled=True regime=YELLOW in=1 out=1 core_out=1 explore_out=0 quota=0 allow_explore=True
2026-02-27 10:50:02,053 [INFO] [u_station_ab_night_autotune_v2] __main__: MARKET_REGIME mode=YELLOW reason=avg_cand=1.70 avg_cand_recent=1.70
2026-02-27 10:50:02,053 [INFO] [u_station_ab_night_autotune_v2] trading.auto_trader: AutoTrade skip token=cbBTC reason=disabled_or_limits detail=max_tx_per_day 180/180
2026-02-27 10:50:02,053 [INFO] [u_station_ab_night_autotune_v2] trading.auto_trader: AutoTrade batch mode=top_n candidates=1 eligible=1 selected=1 opened=0 pe=off burst_window=0
2026-02-27 10:50:02,053 [INFO] [u_station_ab_night_autotune_v2] __main__: Scanned 5 tokens | High quality: 2 | Alerts sent: 0 | Trade candidates: 1 | Quality out/core/explore/probe: 1/1/0/0 | Opened: 0 | Mode: local | Source: onchain+market | Policy: raw=OK/effective=OK(healthy | route=allow_all) | Regime: YELLOW(avg_cand=1.70) | Safety: checked=1 fail_closed=0 reasons=api_code_4029:1 | FiltersTop(session): source_qos_cap:14,safe_change_5m:11,score_min:9,safe_volume:2 | Dedup: heavy_skip=0 override=0 | V2Budget: 1/280 | SourceQoS: enabled=1/in=5/out=3/dropped=2/active_cd=0/drops=source_qos_cap:2 | Ingest: q=0/oldest=0.0s/drop_old=0/dedup_skip=0/enq=0/drain=0 | Sources: dex_boosts:ok=1/fail=0/429=0/lim_wait=0/cd_wait=0/err=0.0%/avg=88ms; dexscreener:ok=10/fail=0/429=0/lim_wait=0/cd_wait=0/err=0.0%/avg=88ms; onchain_enrich:ok=3/fail=0/429=0/lim_wait=0/cd_wait=0/err=0.0%/avg=44ms | Tasks: 3 | RSS: 0.0MB | CycleAvg: 6.60s
2026-02-27 10:50:06,522 [INFO] [u_station_ab_night_autotune_v2] __main__: WATCHLIST merged count=4
2026-02-27 10:50:06,522 [INFO] [u_station_ab_night_autotune_v2] trading.v2_runtime: V2_UNIVERSE in=4 dedup=4 out=4 target=4 novel_target=4 novel_out=0 repeat_dropped=0 symbol_dropped=0 surge_in=1 surge_target=1 surge_out=1
2026-02-27 10:50:06,522 [INFO] [u_station_ab_night_autotune_v2] __main__: V2_SOURCE_QOS_FILTER in=4 out=3 drops={'source_qos_cap': 1} caps={'watchlist': 3}
2026-02-27 10:50:06,522 [INFO] [u_station_ab_night_autotune_v2] __main__: FILTER_FAIL token=AERO reason=source_qos_cap source=watchlist used=3/3
2026-02-27 10:50:06,522 [INFO] [u_station_ab_night_autotune_v2] __main__: FILTER_PASS token=cbBTC tier=A score=100 mode=YELLOW risk=MEDIUM liq=22638077 vol5m=363140
2026-02-27 10:50:06,522 [INFO] [u_station_ab_night_autotune_v2] __main__: FILTER_FAIL token=HOTDOGZ reason=safe_change_5m
2026-02-27 10:50:06,522 [INFO] [u_station_ab_night_autotune_v2] __main__: FILTER_PASS token=VIRTUAL tier=A score=100 mode=YELLOW risk=MEDIUM liq=7675305 vol5m=42333
2026-02-27 10:50:06,522 [INFO] [u_station_ab_night_autotune_v2] __main__: V2_QUALITY_GATE enabled=True regime=YELLOW in=2 out=2 core_out=1 explore_out=1 probe_out=0 quota=1 max_symbol_share=0.500 drop={} sources_used={'watchlist': 2}
2026-02-27 10:50:06,522 [INFO] [u_station_ab_night_autotune_v2] __main__: V2_ENTRY_ROUTE enabled=True regime=YELLOW in=2 out=2 core_out=1 explore_out=1 quota=1 allow_explore=True
2026-02-27 10:50:06,522 [INFO] [u_station_ab_night_autotune_v2] __main__: MARKET_REGIME mode=YELLOW reason=avg_cand=1.73 avg_cand_recent=1.73
2026-02-27 10:50:06,522 [INFO] [u_station_ab_night_autotune_v2] trading.auto_trader: AutoTrade skip token=cbBTC reason=disabled_or_limits detail=max_tx_per_day 180/180
2026-02-27 10:50:06,522 [INFO] [u_station_ab_night_autotune_v2] trading.auto_trader: AutoTrade batch mode=top_n candidates=2 eligible=2 selected=1 opened=0 pe=off burst_window=0
2026-02-27 10:50:06,538 [INFO] [u_station_ab_night_autotune_v2] __main__: Scanned 4 tokens | High quality: 3 | Alerts sent: 0 | Trade candidates: 2 | Quality out/core/explore/probe: 2/1/1/0 | Opened: 0 | Mode: local | Source: onchain+market | Policy: raw=OK/effective=OK(healthy | route=allow_all) | Regime: YELLOW(avg_cand=1.73) | Safety: checked=2 fail_closed=0 reasons=api_code_4029:2 | FiltersTop(session): source_qos_cap:15,safe_change_5m:12,score_min:9,safe_volume:2 | Dedup: heavy_skip=0 override=0 | V2Budget: 2/280 | SourceQoS: enabled=1/in=4/out=3/dropped=1/active_cd=0/drops=source_qos_cap:1 | Ingest: q=0/oldest=0.0s/drop_old=0/dedup_skip=0/enq=0/drain=0 | Sources: dex_boosts:ok=1/fail=0/429=0/lim_wait=0/cd_wait=0/err=0.0%/avg=64ms; dexscreener:ok=10/fail=0/429=0/lim_wait=0/cd_wait=0/err=0.0%/avg=192ms | Tasks: 3 | RSS: 0.0MB | CycleAvg: 7.01s
2026-02-27 10:50:10,953 [INFO] [u_station_ab_night_autotune_v2] __main__: WATCHLIST merged count=4
2026-02-27 10:50:10,953 [INFO] [u_station_ab_night_autotune_v2] trading.v2_runtime: V2_UNIVERSE in=4 dedup=4 out=4 target=4 novel_target=4 novel_out=0 repeat_dropped=0 symbol_dropped=0 surge_in=1 surge_target=1 surge_out=1
2026-02-27 10:50:10,953 [INFO] [u_station_ab_night_autotune_v2] __main__: V2_SOURCE_QOS_FILTER in=4 out=3 drops={'source_qos_cap': 1} caps={'watchlist': 3}
2026-02-27 10:50:10,953 [INFO] [u_station_ab_night_autotune_v2] __main__: FILTER_FAIL token=AERO reason=source_qos_cap source=watchlist used=3/3
2026-02-27 10:50:10,953 [INFO] [u_station_ab_night_autotune_v2] __main__: FILTER_PASS token=cbBTC tier=A score=100 mode=YELLOW risk=MEDIUM liq=22638077 vol5m=363140
2026-02-27 10:50:10,953 [INFO] [u_station_ab_night_autotune_v2] __main__: FILTER_FAIL token=HOTDOGZ reason=safe_change_5m
2026-02-27 10:50:10,953 [INFO] [u_station_ab_night_autotune_v2] __main__: FILTER_PASS token=VIRTUAL tier=A score=100 mode=YELLOW risk=MEDIUM liq=7675305 vol5m=42333
2026-02-27 10:50:10,969 [INFO] [u_station_ab_night_autotune_v2] __main__: V2_QUALITY_GATE enabled=True regime=YELLOW in=2 out=2 core_out=1 explore_out=1 probe_out=0 quota=1 max_symbol_share=0.500 drop={} sources_used={'watchlist': 2}
2026-02-27 10:50:10,969 [INFO] [u_station_ab_night_autotune_v2] __main__: V2_ENTRY_ROUTE enabled=True regime=YELLOW in=2 out=2 core_out=1 explore_out=1 quota=1 allow_explore=True
2026-02-27 10:50:10,969 [INFO] [u_station_ab_night_autotune_v2] __main__: MARKET_REGIME mode=YELLOW reason=avg_cand=1.75 avg_cand_recent=1.75
2026-02-27 10:50:10,969 [INFO] [u_station_ab_night_autotune_v2] trading.auto_trader: AutoTrade skip token=cbBTC reason=disabled_or_limits detail=max_tx_per_day 180/180
2026-02-27 10:50:10,969 [INFO] [u_station_ab_night_autotune_v2] trading.auto_trader: AutoTrade batch mode=top_n candidates=2 eligible=2 selected=1 opened=0 pe=off burst_window=0
2026-02-27 10:50:10,969 [INFO] [u_station_ab_night_autotune_v2] __main__: Scanned 4 tokens | High quality: 3 | Alerts sent: 0 | Trade candidates: 2 | Quality out/core/explore/probe: 2/1/1/0 | Opened: 0 | Mode: local | Source: onchain+market | Policy: raw=OK/effective=OK(healthy | route=allow_all) | Regime: YELLOW(avg_cand=1.75) | Safety: checked=2 fail_closed=0 reasons=api_code_4029:2 | FiltersTop(session): source_qos_cap:16,safe_change_5m:13,score_min:9,safe_volume:2 | Dedup: heavy_skip=0 override=0 | V2Budget: 2/280 | SourceQoS: enabled=1/in=4/out=3/dropped=1/active_cd=0/drops=source_qos_cap:1 | Ingest: q=0/oldest=0.0s/drop_old=0/dedup_skip=0/enq=0/drain=0 | Sources: dex_boosts:ok=1/fail=0/429=0/lim_wait=0/cd_wait=0/err=0.0%/avg=36ms; dexscreener:ok=10/fail=0/429=0/lim_wait=0/cd_wait=0/err=0.0%/avg=42ms | Tasks: 3 | RSS: 0.0MB | CycleAvg: 6.41s
2026-02-27 10:50:15,392 [INFO] [u_station_ab_night_autotune_v2] __main__: WATCHLIST merged count=4
2026-02-27 10:50:15,392 [INFO] [u_station_ab_night_autotune_v2] trading.v2_runtime: V2_UNIVERSE in=4 dedup=4 out=4 target=4 novel_target=4 novel_out=0 repeat_dropped=0 symbol_dropped=0 surge_in=1 surge_target=1 surge_out=1
2026-02-27 10:50:15,392 [INFO] [u_station_ab_night_autotune_v2] __main__: V2_SOURCE_QOS_FILTER in=4 out=3 drops={'source_qos_cap': 1} caps={'watchlist': 3}
2026-02-27 10:50:15,392 [INFO] [u_station_ab_night_autotune_v2] __main__: FILTER_FAIL token=AERO reason=source_qos_cap source=watchlist used=3/3
2026-02-27 10:50:15,392 [INFO] [u_station_ab_night_autotune_v2] __main__: FILTER_PASS token=cbBTC tier=A score=100 mode=YELLOW risk=MEDIUM liq=22638077 vol5m=363140
2026-02-27 10:50:15,392 [INFO] [u_station_ab_night_autotune_v2] __main__: FILTER_FAIL token=HOTDOGZ reason=safe_change_5m
2026-02-27 10:50:15,403 [INFO] [u_station_ab_night_autotune_v2] __main__: FILTER_PASS token=VIRTUAL tier=A score=100 mode=YELLOW risk=MEDIUM liq=7675305 vol5m=42333
2026-02-27 10:50:15,403 [INFO] [u_station_ab_night_autotune_v2] __main__: V2_QUALITY_GATE enabled=True regime=YELLOW in=2 out=2 core_out=1 explore_out=1 probe_out=0 quota=1 max_symbol_share=0.500 drop={} sources_used={'watchlist': 2}
2026-02-27 10:50:15,403 [INFO] [u_station_ab_night_autotune_v2] __main__: V2_ENTRY_ROUTE enabled=True regime=YELLOW in=2 out=2 core_out=1 explore_out=1 quota=1 allow_explore=True
2026-02-27 10:50:15,403 [INFO] [u_station_ab_night_autotune_v2] __main__: MARKET_REGIME mode=YELLOW reason=avg_cand=1.75 avg_cand_recent=1.75
2026-02-27 10:50:15,403 [INFO] [u_station_ab_night_autotune_v2] trading.auto_trader: AutoTrade skip token=cbBTC reason=disabled_or_limits detail=max_tx_per_day 180/180
2026-02-27 10:50:15,403 [INFO] [u_station_ab_night_autotune_v2] trading.auto_trader: AutoTrade batch mode=top_n candidates=2 eligible=2 selected=1 opened=0 pe=off burst_window=0
2026-02-27 10:50:15,403 [INFO] [u_station_ab_night_autotune_v2] __main__: Scanned 4 tokens | High quality: 3 | Alerts sent: 0 | Trade candidates: 2 | Quality out/core/explore/probe: 2/1/1/0 | Opened: 0 | Mode: local | Source: onchain+market | Policy: raw=OK/effective=OK(healthy | route=allow_all) | Regime: YELLOW(avg_cand=1.75) | Safety: checked=2 fail_closed=0 reasons=api_code_4029:2 | FiltersTop(session): source_qos_cap:17,safe_change_5m:14,score_min:9,safe_volume:2 | Dedup: heavy_skip=0 override=0 | V2Budget: 2/280 | SourceQoS: enabled=1/in=4/out=3/dropped=1/active_cd=0/drops=source_qos_cap:1 | Ingest: q=0/oldest=0.0s/drop_old=0/dedup_skip=0/enq=0/drain=0 | Sources: dex_boosts:ok=1/fail=0/429=0/lim_wait=0/cd_wait=0/err=0.0%/avg=37ms; dexscreener:ok=10/fail=0/429=0/lim_wait=0/cd_wait=0/err=0.0%/avg=43ms | Tasks: 3 | RSS: 0.0MB | CycleAvg: 5.91s
2026-02-27 10:50:19,703 [INFO] [u_station_ab_night_autotune_v2] monitor.onchain_factory: PAIR_DETECTED source=uniswap_v2 dex=uniswap_v2 pair=0x0734eb865a1b073962c7538534bcb272a66b63b2 token0=0x4200000000000000000000000000000000000006 token1=0x50dbfe2a83ec8e6dce3421e07660b8f442efeb07 block=42698234 factory=0x8909dc15e40173ff4699343b6eb8132c65e18ec6
2026-02-27 10:50:20,404 [INFO] [u_station_ab_night_autotune_v2] monitor.onchain_factory: ENRICH_RETRY token=0x50dbfe2a83ec8e6dce3421e07660b8f442efeb07 pair=0x0734eb865a1b073962c7538534bcb272a66b63b2 attempt=1/2 delay=10s
2026-02-27 10:50:30,503 [INFO] [u_station_ab_night_autotune_v2] __main__: WATCHLIST merged count=4
2026-02-27 10:50:30,519 [INFO] [u_station_ab_night_autotune_v2] trading.v2_runtime: V2_UNIVERSE in=4 dedup=4 out=4 target=4 novel_target=4 novel_out=0 repeat_dropped=0 symbol_dropped=0 surge_in=1 surge_target=1 surge_out=1
2026-02-27 10:50:30,519 [INFO] [u_station_ab_night_autotune_v2] __main__: V2_SOURCE_QOS_FILTER in=4 out=3 drops={'source_qos_cap': 1} caps={'watchlist': 3}
2026-02-27 10:50:30,519 [INFO] [u_station_ab_night_autotune_v2] __main__: FILTER_FAIL token=AERO reason=source_qos_cap source=watchlist used=3/3
2026-02-27 10:50:30,519 [INFO] [u_station_ab_night_autotune_v2] __main__: FILTER_PASS token=cbBTC tier=A score=100 mode=YELLOW risk=MEDIUM liq=22638077 vol5m=363140
2026-02-27 10:50:30,519 [INFO] [u_station_ab_night_autotune_v2] __main__: FILTER_FAIL token=HOTDOGZ reason=safe_change_5m
2026-02-27 10:50:30,519 [INFO] [u_station_ab_night_autotune_v2] __main__: FILTER_PASS token=VIRTUAL tier=A score=100 mode=YELLOW risk=MEDIUM liq=7675305 vol5m=42333
2026-02-27 10:50:30,533 [INFO] [u_station_ab_night_autotune_v2] __main__: V2_QUALITY_GATE enabled=True regime=YELLOW in=2 out=2 core_out=1 explore_out=1 probe_out=0 quota=1 max_symbol_share=0.500 drop={} sources_used={'watchlist': 2}
2026-02-27 10:50:30,533 [INFO] [u_station_ab_night_autotune_v2] __main__: V2_ENTRY_ROUTE enabled=True regime=YELLOW in=2 out=2 core_out=1 explore_out=1 quota=1 allow_explore=True
2026-02-27 10:50:30,533 [INFO] [u_station_ab_night_autotune_v2] __main__: MARKET_REGIME mode=YELLOW reason=avg_cand=1.75 avg_cand_recent=1.75
2026-02-27 10:50:30,533 [INFO] [u_station_ab_night_autotune_v2] trading.auto_trader: AutoTrade skip token=cbBTC reason=disabled_or_limits detail=max_tx_per_day 180/180
2026-02-27 10:50:30,533 [INFO] [u_station_ab_night_autotune_v2] trading.auto_trader: AutoTrade batch mode=top_n candidates=2 eligible=2 selected=1 opened=0 pe=off burst_window=0
2026-02-27 10:50:30,533 [INFO] [u_station_ab_night_autotune_v2] trading.auto_trader: PAPER_SUMMARY window=60s closed_delta=0 wins_delta=0 losses_delta=0 realized_delta=$0.00 total_closed=90 winrate_total=45.6% realized_total=$0.35 balance=$7.35 equity=$7.35 open=0
2026-02-27 10:50:30,533 [INFO] [u_station_ab_night_autotune_v2] __main__: Scanned 4 tokens | High quality: 3 | Alerts sent: 0 | Trade candidates: 2 | Quality out/core/explore/probe: 2/1/1/0 | Opened: 0 | Mode: local | Source: onchain+market | Policy: raw=OK/effective=OK(healthy | route=allow_all) | Regime: YELLOW(avg_cand=1.75) | Safety: checked=2 fail_closed=0 reasons=api_code_4029:2 | FiltersTop(session): source_qos_cap:18,safe_change_5m:15,score_min:9,safe_volume:2 | Dedup: heavy_skip=0 override=0 | V2Budget: 2/280 | SourceQoS: enabled=1/in=4/out=3/dropped=1/active_cd=0/drops=source_qos_cap:1 | Ingest: q=0/oldest=0.0s/drop_old=0/dedup_skip=0/enq=0/drain=0 | Sources: dex_boosts:ok=1/fail=0/429=0/lim_wait=0/cd_wait=0/err=0.0%/avg=48ms; dexscreener:ok=10/fail=0/429=0/lim_wait=0/cd_wait=0/err=0.0%/avg=63ms; onchain_enrich:ok=4/fail=0/429=0/lim_wait=0/cd_wait=0/err=0.0%/avg=174ms | Tasks: 3 | RSS: 0.0MB | CycleAvg: 5.49s
2026-02-27 10:50:34,803 [INFO] [u_station_ab_night_autotune_v2] monitor.onchain_factory: PAIR_DETECTED source=uniswap_v2 dex=uniswap_v2 pair=0xd803d47d2e2fc976c24a7358981a51846e704eea token0=0x4200000000000000000000000000000000000006 token1=0x83436d65f4277faca8628606d84cadfbb1a4ab07 block=42698237 factory=0x8909dc15e40173ff4699343b6eb8132c65e18ec6
2026-02-27 10:50:35,070 [INFO] [u_station_ab_night_autotune_v2] monitor.onchain_factory: ENRICH_RETRY token=0x50dbfe2a83ec8e6dce3421e07660b8f442efeb07 pair=0x0734eb865a1b073962c7538534bcb272a66b63b2 attempt=1/2 delay=10s
2026-02-27 10:50:35,305 [INFO] [u_station_ab_night_autotune_v2] monitor.onchain_factory: ENRICH_RETRY token=0x83436d65f4277faca8628606d84cadfbb1a4ab07 pair=0xd803d47d2e2fc976c24a7358981a51846e704eea attempt=1/2 delay=10s
2026-02-27 10:50:45,419 [INFO] [u_station_ab_night_autotune_v2] __main__: WATCHLIST merged count=4
2026-02-27 10:50:45,435 [INFO] [u_station_ab_night_autotune_v2] trading.v2_runtime: V2_UNIVERSE in=4 dedup=4 out=4 target=4 novel_target=4 novel_out=0 repeat_dropped=0 symbol_dropped=0 surge_in=1 surge_target=1 surge_out=1
2026-02-27 10:50:45,435 [INFO] [u_station_ab_night_autotune_v2] __main__: V2_SOURCE_QOS_FILTER in=4 out=3 drops={'source_qos_cap': 1} caps={'watchlist': 3}
2026-02-27 10:50:45,435 [INFO] [u_station_ab_night_autotune_v2] __main__: FILTER_FAIL token=AERO reason=source_qos_cap source=watchlist used=3/3
2026-02-27 10:50:45,435 [INFO] [u_station_ab_night_autotune_v2] __main__: FILTER_PASS token=cbBTC tier=A score=100 mode=YELLOW risk=MEDIUM liq=22638077 vol5m=363140
2026-02-27 10:50:45,435 [INFO] [u_station_ab_night_autotune_v2] __main__: FILTER_FAIL token=HOTDOGZ reason=safe_change_5m
2026-02-27 10:50:45,435 [INFO] [u_station_ab_night_autotune_v2] __main__: FILTER_PASS token=VIRTUAL tier=A score=100 mode=YELLOW risk=MEDIUM liq=7675305 vol5m=42333
2026-02-27 10:50:45,435 [INFO] [u_station_ab_night_autotune_v2] __main__: V2_QUALITY_GATE enabled=True regime=YELLOW in=2 out=2 core_out=1 explore_out=1 probe_out=0 quota=1 max_symbol_share=0.500 drop={} sources_used={'watchlist': 2}
2026-02-27 10:50:45,435 [INFO] [u_station_ab_night_autotune_v2] __main__: V2_ENTRY_ROUTE enabled=True regime=YELLOW in=2 out=2 core_out=1 explore_out=1 quota=1 allow_explore=True
2026-02-27 10:50:45,435 [INFO] [u_station_ab_night_autotune_v2] __main__: MARKET_REGIME mode=YELLOW reason=avg_cand=1.83 avg_cand_recent=1.83
2026-02-27 10:50:45,435 [INFO] [u_station_ab_night_autotune_v2] trading.auto_trader: AutoTrade skip token=cbBTC reason=disabled_or_limits detail=max_tx_per_day 180/180
2026-02-27 10:50:45,435 [INFO] [u_station_ab_night_autotune_v2] trading.auto_trader: AutoTrade batch mode=top_n candidates=2 eligible=2 selected=1 opened=0 pe=off burst_window=0
2026-02-27 10:50:45,435 [INFO] [u_station_ab_night_autotune_v2] __main__: Scanned 4 tokens | High quality: 3 | Alerts sent: 0 | Trade candidates: 2 | Quality out/core/explore/probe: 2/1/1/0 | Opened: 0 | Mode: local | Source: onchain+market | Policy: raw=OK/effective=OK(healthy | route=allow_all) | Regime: YELLOW(avg_cand=1.83) | Safety: checked=2 fail_closed=0 reasons=api_code_4029:2 | FiltersTop(session): source_qos_cap:19,safe_change_5m:16,score_min:9,safe_volume:2 | Dedup: heavy_skip=0 override=0 | V2Budget: 2/280 | SourceQoS: enabled=1/in=4/out=3/dropped=1/active_cd=0/drops=source_qos_cap:1 | Ingest: q=0/oldest=0.0s/drop_old=0/dedup_skip=0/enq=0/drain=0 | Sources: dex_boosts:ok=1/fail=0/429=0/lim_wait=0/cd_wait=0/err=0.0%/avg=138ms; dexscreener:ok=10/fail=0/429=0/lim_wait=0/cd_wait=0/err=0.0%/avg=123ms; onchain_enrich:ok=8/fail=0/429=0/lim_wait=0/cd_wait=0/err=0.0%/avg=86ms; onchain_weth_price:ok=1/fail=0/429=0/lim_wait=0/cd_wait=0/err=0.0%/avg=50ms | Tasks: 3 | RSS: 0.0MB | CycleAvg: 5.90s
2026-02-27 10:50:49,922 [INFO] [u_station_ab_night_autotune_v2] monitor.onchain_factory: ENRICH_RETRY token=0x83436d65f4277faca8628606d84cadfbb1a4ab07 pair=0xd803d47d2e2fc976c24a7358981a51846e704eea attempt=1/2 delay=10s
2026-02-27 10:50:49,937 [INFO] [u_station_ab_night_autotune_v2] monitor.onchain_factory: ENRICH_RETRY token=0x50dbfe2a83ec8e6dce3421e07660b8f442efeb07 pair=0x0734eb865a1b073962c7538534bcb272a66b63b2 attempt=1/2 delay=10s
2026-02-27 10:51:00,128 [INFO] [u_station_ab_night_autotune_v2] __main__: WATCHLIST merged count=4
2026-02-27 10:51:00,143 [INFO] [u_station_ab_night_autotune_v2] trading.v2_runtime: V2_UNIVERSE in=7 dedup=7 out=7 target=7 novel_target=6 novel_out=2 repeat_dropped=0 symbol_dropped=0 surge_in=1 surge_target=1 surge_out=1
2026-02-27 10:51:00,143 [INFO] [u_station_ab_night_autotune_v2] __main__: V2_SOURCE_QOS_FILTER in=7 out=5 drops={'source_qos_cap': 2} caps={'geckoterminal': 287, 'watchlist': 2, 'unknown': 0}
2026-02-27 10:51:00,143 [INFO] [u_station_ab_night_autotune_v2] __main__: FILTER_FAIL token=VIRTUAL reason=source_qos_cap source=watchlist used=2/2
2026-02-27 10:51:00,143 [INFO] [u_station_ab_night_autotune_v2] __main__: FILTER_FAIL token=AERO reason=source_qos_cap source=watchlist used=2/2
2026-02-27 10:51:00,143 [INFO] [u_station_ab_night_autotune_v2] __main__: FILTER_FAIL token=Tony reason=score_min score=40 strict_min=48 soft_min=48 mode=YELLOW
2026-02-27 10:51:00,143 [INFO] [u_station_ab_night_autotune_v2] __main__: FILTER_PASS token=cbBTC tier=A score=100 mode=YELLOW risk=MEDIUM liq=22638077 vol5m=363140
2026-02-27 10:51:00,143 [INFO] [u_station_ab_night_autotune_v2] __main__: FILTER_FAIL token=HOTDOGZ reason=safe_change_5m
2026-02-27 10:51:00,143 [INFO] [u_station_ab_night_autotune_v2] __main__: FILTER_FAIL token=clawdking reason=score_min score=30 strict_min=48 soft_min=48 mode=YELLOW
2026-02-27 10:51:00,143 [INFO] [u_station_ab_night_autotune_v2] __main__: FILTER_FAIL token=Joe reason=score_min score=40 strict_min=48 soft_min=48 mode=YELLOW
2026-02-27 10:51:00,143 [INFO] [u_station_ab_night_autotune_v2] __main__: V2_QUALITY_GATE enabled=True regime=YELLOW in=1 out=1 core_out=1 explore_out=0 probe_out=0 quota=0 max_symbol_share=1.000 drop={} sources_used={'watchlist': 1}
2026-02-27 10:51:00,143 [INFO] [u_station_ab_night_autotune_v2] __main__: V2_ENTRY_ROUTE enabled=True regime=YELLOW in=1 out=1 core_out=1 explore_out=0 quota=0 allow_explore=True
2026-02-27 10:51:00,143 [INFO] [u_station_ab_night_autotune_v2] __main__: MARKET_REGIME mode=YELLOW reason=avg_cand=1.75 avg_cand_recent=1.75
2026-02-27 10:51:00,153 [INFO] [u_station_ab_night_autotune_v2] trading.auto_trader: AutoTrade skip token=cbBTC reason=disabled_or_limits detail=max_tx_per_day 180/180
2026-02-27 10:51:00,153 [INFO] [u_station_ab_night_autotune_v2] trading.auto_trader: AutoTrade batch mode=top_n candidates=1 eligible=1 selected=1 opened=0 pe=off burst_window=0
2026-02-27 10:51:00,153 [INFO] [u_station_ab_night_autotune_v2] __main__: Scanned 7 tokens | High quality: 2 | Alerts sent: 0 | Trade candidates: 1 | Quality out/core/explore/probe: 1/1/0/0 | Opened: 0 | Mode: local | Source: onchain+market | Policy: raw=OK/effective=OK(healthy | route=allow_all) | Regime: YELLOW(avg_cand=1.75) | Safety: checked=1 fail_closed=0 reasons=api_code_4029:1 | FiltersTop(session): source_qos_cap:21,safe_change_5m:17,score_min:12,safe_volume:2 | Dedup: heavy_skip=0 override=0 | V2Budget: 1/280 | SourceQoS: enabled=1/in=7/out=5/dropped=2/active_cd=0/drops=source_qos_cap:2 | Ingest: q=0/oldest=0.0s/drop_old=0/dedup_skip=0/enq=2/drain=2 | Sources: dex_boosts:ok=1/fail=0/429=0/lim_wait=0/cd_wait=0/err=0.0%/avg=48ms; dexscreener:ok=10/fail=0/429=0/lim_wait=0/cd_wait=0/err=0.0%/avg=194ms; geckoterminal:ok=1/fail=0/429=0/lim_wait=0/cd_wait=0/err=0.0%/avg=438ms; onchain_enrich:ok=7/fail=0/429=0/lim_wait=0/cd_wait=0/err=0.0%/avg=62ms | Tasks: 3 | RSS: 0.0MB | CycleAvg: 6.23s
2026-02-27 10:51:04,499 [INFO] [u_station_ab_night_autotune_v2] monitor.onchain_factory: PAIR_DETECTED source=uniswap_v2 dex=uniswap_v2 pair=0x31cf5c5cdeeea0e63384123c9858ecc11234b512 token0=0x4200000000000000000000000000000000000006 token1=0x7fd324d6dd268a2ef23a0efdf2ef235900a0963c block=42698252 factory=0x8909dc15e40173ff4699343b6eb8132c65e18ec6
2026-02-27 10:51:04,499 [INFO] [u_station_ab_night_autotune_v2] monitor.onchain_factory: PAIR_DETECTED source=uniswap_v2 dex=uniswap_v2 pair=0xf476bbf6b1ef1f233192a6dc6affe53a5db18e42 token0=0x4200000000000000000000000000000000000006 token1=0xa7f83f766e266582e112540e006d4dd3882e18a7 block=42698255 factory=0x8909dc15e40173ff4699343b6eb8132c65e18ec6
2026-02-27 10:51:04,766 [INFO] [u_station_ab_night_autotune_v2] monitor.onchain_factory: ENRICH_RETRY token=0x83436d65f4277faca8628606d84cadfbb1a4ab07 pair=0xd803d47d2e2fc976c24a7358981a51846e704eea attempt=1/2 delay=10s
2026-02-27 10:51:04,953 [INFO] [u_station_ab_night_autotune_v2] monitor.onchain_factory: ENRICH_RETRY token=0x7fd324d6dd268a2ef23a0efdf2ef235900a0963c pair=0x31cf5c5cdeeea0e63384123c9858ecc11234b512 attempt=1/2 delay=10s
2026-02-27 10:51:04,969 [INFO] [u_station_ab_night_autotune_v2] monitor.onchain_factory: ENRICH_RETRY token=0xa7f83f766e266582e112540e006d4dd3882e18a7 pair=0xf476bbf6b1ef1f233192a6dc6affe53a5db18e42 attempt=1/2 delay=10s
2026-02-27 10:51:15,053 [INFO] [u_station_ab_night_autotune_v2] __main__: WATCHLIST merged count=4
2026-02-27 10:51:15,053 [INFO] [u_station_ab_night_autotune_v2] trading.v2_runtime: V2_UNIVERSE in=5 dedup=5 out=5 target=5 novel_target=5 novel_out=1 repeat_dropped=0 symbol_dropped=0 surge_in=1 surge_target=1 surge_out=1
2026-02-27 10:51:15,053 [INFO] [u_station_ab_night_autotune_v2] __main__: V2_SOURCE_QOS_FILTER in=5 out=3 drops={'source_qos_cap': 2} caps={'watchlist': 2, 'unknown': 0}
2026-02-27 10:51:15,053 [INFO] [u_station_ab_night_autotune_v2] __main__: FILTER_FAIL token=VIRTUAL reason=source_qos_cap source=watchlist used=2/2
2026-02-27 10:51:15,053 [INFO] [u_station_ab_night_autotune_v2] __main__: FILTER_FAIL token=AERO reason=source_qos_cap source=watchlist used=2/2
2026-02-27 10:51:15,053 [INFO] [u_station_ab_night_autotune_v2] __main__: FILTER_PASS token=cbBTC tier=A score=100 mode=YELLOW risk=MEDIUM liq=22638077 vol5m=363140
2026-02-27 10:51:15,053 [INFO] [u_station_ab_night_autotune_v2] __main__: FILTER_FAIL token=HOTDOGZ reason=safe_change_5m
2026-02-27 10:51:15,053 [INFO] [u_station_ab_night_autotune_v2] __main__: FILTER_FAIL token=Tony reason=score_min score=40 strict_min=48 soft_min=48 mode=YELLOW
2026-02-27 10:51:15,053 [INFO] [u_station_ab_night_autotune_v2] __main__: V2_QUALITY_GATE enabled=True regime=YELLOW in=1 out=1 core_out=1 explore_out=0 probe_out=0 quota=0 max_symbol_share=1.000 drop={} sources_used={'watchlist': 1}
2026-02-27 10:51:15,053 [INFO] [u_station_ab_night_autotune_v2] __main__: V2_ENTRY_ROUTE enabled=True regime=YELLOW in=1 out=1 core_out=1 explore_out=0 quota=0 allow_explore=True
2026-02-27 10:51:15,053 [INFO] [u_station_ab_night_autotune_v2] __main__: MARKET_REGIME mode=YELLOW reason=avg_cand=1.67 avg_cand_recent=1.67
2026-02-27 10:51:15,053 [INFO] [u_station_ab_night_autotune_v2] trading.auto_trader: AutoTrade skip token=cbBTC reason=disabled_or_limits detail=max_tx_per_day 180/180
2026-02-27 10:51:15,053 [INFO] [u_station_ab_night_autotune_v2] trading.auto_trader: AutoTrade batch mode=top_n candidates=1 eligible=1 selected=1 opened=0 pe=off burst_window=0
2026-02-27 10:51:15,053 [INFO] [u_station_ab_night_autotune_v2] __main__: Scanned 5 tokens | High quality: 2 | Alerts sent: 0 | Trade candidates: 1 | Quality out/core/explore/probe: 1/1/0/0 | Opened: 0 | Mode: local | Source: onchain+market | Policy: raw=OK/effective=OK(healthy | route=allow_all) | Regime: YELLOW(avg_cand=1.67) | Safety: checked=1 fail_closed=0 reasons=api_code_4029:1 | FiltersTop(session): source_qos_cap:23,safe_change_5m:18,score_min:13,safe_volume:2 | Dedup: heavy_skip=0 override=0 | V2Budget: 1/280 | SourceQoS: enabled=1/in=5/out=3/dropped=2/active_cd=0/drops=source_qos_cap:2 | Ingest: q=0/oldest=0.0s/drop_old=0/dedup_skip=0/enq=0/drain=0 | Sources: dex_boosts:ok=1/fail=0/429=0/lim_wait=0/cd_wait=0/err=0.0%/avg=67ms; dexscreener:ok=10/fail=0/429=0/lim_wait=0/cd_wait=0/err=0.0%/avg=75ms; onchain_enrich:ok=11/fail=0/429=0/lim_wait=0/cd_wait=0/err=0.0%/avg=93ms | Tasks: 3 | RSS: 0.0MB | CycleAvg: 6.51s
2026-02-27 10:51:19,553 [INFO] [u_station_ab_night_autotune_v2] monitor.onchain_factory: ENRICH_RETRY token=0x7fd324d6dd268a2ef23a0efdf2ef235900a0963c pair=0x31cf5c5cdeeea0e63384123c9858ecc11234b512 attempt=1/2 delay=10s
2026-02-27 10:51:19,553 [INFO] [u_station_ab_night_autotune_v2] monitor.onchain_factory: ENRICH_RETRY token=0xa7f83f766e266582e112540e006d4dd3882e18a7 pair=0xf476bbf6b1ef1f233192a6dc6affe53a5db18e42 attempt=1/2 delay=10s
2026-02-27 10:51:29,638 [INFO] [u_station_ab_night_autotune_v2] __main__: WATCHLIST merged count=4
2026-02-27 10:51:29,638 [INFO] [u_station_ab_night_autotune_v2] trading.v2_runtime: V2_UNIVERSE in=4 dedup=4 out=4 target=4 novel_target=4 novel_out=0 repeat_dropped=0 symbol_dropped=0 surge_in=1 surge_target=1 surge_out=1
2026-02-27 10:51:29,638 [INFO] [u_station_ab_night_autotune_v2] __main__: V2_SOURCE_QOS_FILTER in=4 out=3 drops={'source_qos_cap': 1} caps={'watchlist': 3}
2026-02-27 10:51:29,638 [INFO] [u_station_ab_night_autotune_v2] __main__: FILTER_FAIL token=AERO reason=source_qos_cap source=watchlist used=3/3
2026-02-27 10:51:29,653 [INFO] [u_station_ab_night_autotune_v2] __main__: FILTER_PASS token=cbBTC tier=A score=100 mode=YELLOW risk=MEDIUM liq=22638077 vol5m=363140
2026-02-27 10:51:29,654 [INFO] [u_station_ab_night_autotune_v2] __main__: FILTER_FAIL token=HOTDOGZ reason=safe_change_5m
2026-02-27 10:51:29,654 [INFO] [u_station_ab_night_autotune_v2] __main__: FILTER_PASS token=VIRTUAL tier=A score=100 mode=YELLOW risk=MEDIUM liq=7675305 vol5m=42333
2026-02-27 10:51:29,656 [INFO] [u_station_ab_night_autotune_v2] __main__: V2_QUALITY_GATE enabled=True regime=YELLOW in=2 out=2 core_out=1 explore_out=1 probe_out=0 quota=1 max_symbol_share=0.500 drop={} sources_used={'watchlist': 2}
2026-02-27 10:51:29,656 [INFO] [u_station_ab_night_autotune_v2] __main__: V2_ENTRY_ROUTE enabled=True regime=YELLOW in=2 out=2 core_out=1 explore_out=1 quota=1 allow_explore=True
2026-02-27 10:51:29,656 [INFO] [u_station_ab_night_autotune_v2] __main__: MARKET_REGIME mode=YELLOW reason=avg_cand=1.67 avg_cand_recent=1.67
2026-02-27 10:51:29,656 [INFO] [u_station_ab_night_autotune_v2] trading.auto_trader: AutoTrade skip token=cbBTC reason=disabled_or_limits detail=max_tx_per_day 180/180
2026-02-27 10:51:29,656 [INFO] [u_station_ab_night_autotune_v2] trading.auto_trader: AutoTrade batch mode=top_n candidates=2 eligible=2 selected=1 opened=0 pe=off burst_window=0
2026-02-27 10:51:29,656 [INFO] [u_station_ab_night_autotune_v2] __main__: Scanned 4 tokens | High quality: 3 | Alerts sent: 0 | Trade candidates: 2 | Quality out/core/explore/probe: 2/1/1/0 | Opened: 0 | Mode: local | Source: onchain+market | Policy: raw=OK/effective=OK(healthy | route=allow_all) | Regime: YELLOW(avg_cand=1.67) | Safety: checked=2 fail_closed=0 reasons=api_code_4029:2 | FiltersTop(session): source_qos_cap:24,safe_change_5m:19,score_min:13,safe_volume:2 | Dedup: heavy_skip=0 override=0 | V2Budget: 2/280 | SourceQoS: enabled=1/in=4/out=3/dropped=1/active_cd=0/drops=source_qos_cap:1 | Ingest: q=0/oldest=0.0s/drop_old=0/dedup_skip=0/enq=0/drain=0 | Sources: dex_boosts:ok=1/fail=0/429=0/lim_wait=0/cd_wait=0/err=0.0%/avg=33ms; dexscreener:ok=10/fail=0/429=0/lim_wait=0/cd_wait=0/err=0.0%/avg=46ms; onchain_enrich:ok=8/fail=0/429=0/lim_wait=0/cd_wait=0/err=0.0%/avg=40ms | Tasks: 3 | RSS: 0.0MB | CycleAvg: 6.77s
2026-02-27 10:51:33,958 [INFO] [u_station_ab_night_autotune_v2] monitor.onchain_factory: PAIR_DETECTED source=uniswap_v2 dex=uniswap_v2 pair=0x6a36defb09331435b9228d0b993f52047ff19bb7 token0=0x06514756bba8bae325c4781e514e854577f1aba3 token1=0x4200000000000000000000000000000000000006 block=42698270 factory=0x8909dc15e40173ff4699343b6eb8132c65e18ec6
2026-02-27 10:51:34,164 [INFO] [u_station_ab_night_autotune_v2] monitor.onchain_factory: ENRICH_RETRY token=0x7fd324d6dd268a2ef23a0efdf2ef235900a0963c pair=0x31cf5c5cdeeea0e63384123c9858ecc11234b512 attempt=1/2 delay=10s
2026-02-27 10:51:34,220 [INFO] [u_station_ab_night_autotune_v2] monitor.onchain_factory: ENRICH_RETRY token=0xa7f83f766e266582e112540e006d4dd3882e18a7 pair=0xf476bbf6b1ef1f233192a6dc6affe53a5db18e42 attempt=1/2 delay=10s
2026-02-27 10:51:34,380 [INFO] [u_station_ab_night_autotune_v2] monitor.onchain_factory: ENRICH_RETRY token=0x06514756bba8bae325c4781e514e854577f1aba3 pair=0x6a36defb09331435b9228d0b993f52047ff19bb7 attempt=1/2 delay=10s
2026-02-27 10:51:44,470 [INFO] [u_station_ab_night_autotune_v2] __main__: WATCHLIST merged count=4
2026-02-27 10:51:44,470 [INFO] [u_station_ab_night_autotune_v2] trading.v2_runtime: V2_UNIVERSE in=6 dedup=6 out=6 target=6 novel_target=6 novel_out=2 repeat_dropped=0 symbol_dropped=0 surge_in=1 surge_target=1 surge_out=1
2026-02-27 10:51:44,470 [INFO] [u_station_ab_night_autotune_v2] __main__: V2_SOURCE_QOS_FILTER in=6 out=4 drops={'source_qos_cap': 2} caps={'watchlist': 2, 'unknown': 0}
2026-02-27 10:51:44,470 [INFO] [u_station_ab_night_autotune_v2] __main__: FILTER_FAIL token=VIRTUAL reason=source_qos_cap source=watchlist used=2/2
2026-02-27 10:51:44,470 [INFO] [u_station_ab_night_autotune_v2] __main__: FILTER_FAIL token=AERO reason=source_qos_cap source=watchlist used=2/2
2026-02-27 10:51:44,484 [INFO] [u_station_ab_night_autotune_v2] __main__: FILTER_PASS token=cbBTC tier=A score=100 mode=YELLOW risk=MEDIUM liq=22638077 vol5m=363140
2026-02-27 10:51:44,484 [INFO] [u_station_ab_night_autotune_v2] __main__: FILTER_FAIL token=HOTDOGZ reason=safe_change_5m
2026-02-27 10:51:44,484 [INFO] [u_station_ab_night_autotune_v2] __main__: FILTER_FAIL token=Jellybean reason=safe_volume vol5m=0 min=6 regime=YELLOW
2026-02-27 10:51:44,484 [INFO] [u_station_ab_night_autotune_v2] __main__: FILTER_FAIL token=CHARLES reason=score_min score=30 strict_min=48 soft_min=48 mode=YELLOW
2026-02-27 10:51:44,484 [INFO] [u_station_ab_night_autotune_v2] __main__: V2_QUALITY_GATE enabled=True regime=YELLOW in=1 out=1 core_out=1 explore_out=0 probe_out=0 quota=0 max_symbol_share=1.000 drop={} sources_used={'watchlist': 1}
2026-02-27 10:51:44,484 [INFO] [u_station_ab_night_autotune_v2] __main__: V2_ENTRY_ROUTE enabled=True regime=YELLOW in=1 out=1 core_out=1 explore_out=0 quota=0 allow_explore=True
2026-02-27 10:51:44,484 [INFO] [u_station_ab_night_autotune_v2] __main__: MARKET_REGIME mode=YELLOW reason=avg_cand=1.58 avg_cand_recent=1.58
2026-02-27 10:51:44,484 [INFO] [u_station_ab_night_autotune_v2] trading.auto_trader: AutoTrade skip token=cbBTC reason=disabled_or_limits detail=max_tx_per_day 180/180
2026-02-27 10:51:44,484 [INFO] [u_station_ab_night_autotune_v2] trading.auto_trader: AutoTrade batch mode=top_n candidates=1 eligible=1 selected=1 opened=0 pe=off burst_window=0
2026-02-27 10:51:44,484 [INFO] [u_station_ab_night_autotune_v2] trading.auto_trader: PAPER_SUMMARY window=60s closed_delta=0 wins_delta=0 losses_delta=0 realized_delta=$0.00 total_closed=90 winrate_total=45.6% realized_total=$0.35 balance=$7.35 equity=$7.35 open=0
2026-02-27 10:51:44,500 [INFO] [u_station_ab_night_autotune_v2] __main__: Scanned 6 tokens | High quality: 2 | Alerts sent: 0 | Trade candidates: 1 | Quality out/core/explore/probe: 1/1/0/0 | Opened: 0 | Mode: local | Source: onchain+market | Policy: raw=OK/effective=OK(healthy | route=allow_all) | Regime: YELLOW(avg_cand=1.58) | Safety: checked=1 fail_closed=0 reasons=api_code_4029:1 | FiltersTop(session): source_qos_cap:26,safe_change_5m:20,score_min:14,safe_volume:3 | Dedup: heavy_skip=0 override=0 | V2Budget: 1/280 | SourceQoS: enabled=1/in=6/out=4/dropped=2/active_cd=0/drops=source_qos_cap:2 | Ingest: q=0/oldest=0.0s/drop_old=0/dedup_skip=0/enq=0/drain=0 | Sources: dex_boosts:ok=1/fail=0/429=0/lim_wait=0/cd_wait=0/err=0.0%/avg=47ms; dexscreener:ok=10/fail=0/429=0/lim_wait=0/cd_wait=0/err=0.0%/avg=202ms; onchain_enrich:ok=10/fail=0/429=0/lim_wait=0/cd_wait=0/err=0.0%/avg=91ms | Tasks: 3 | RSS: 0.0MB | CycleAvg: 6.98s
2026-02-27 10:51:48,772 [INFO] [u_station_ab_night_autotune_v2] monitor.onchain_factory: PAIR_DETECTED source=uniswap_v2 dex=uniswap_v2 pair=0xb06adf64764c8684b373cc32db875b7efb0806ae token0=0x4200000000000000000000000000000000000006 token1=0xb2dc11efa33a4be88bb72cda6f5b0c6a9bf7eb07 block=42698278 factory=0x8909dc15e40173ff4699343b6eb8132c65e18ec6
2026-02-27 10:51:48,974 [INFO] [u_station_ab_night_autotune_v2] monitor.onchain_factory: ENRICH_RETRY token=0x06514756bba8bae325c4781e514e854577f1aba3 pair=0x6a36defb09331435b9228d0b993f52047ff19bb7 attempt=1/2 delay=10s
2026-02-27 10:51:49,428 [INFO] [u_station_ab_night_autotune_v2] monitor.onchain_factory: ENRICH_RETRY token=0xb2dc11efa33a4be88bb72cda6f5b0c6a9bf7eb07 pair=0xb06adf64764c8684b373cc32db875b7efb0806ae attempt=1/2 delay=10s
2026-02-27 10:51:59,455 [INFO] [u_station_ab_night_autotune_v2] __main__: WATCHLIST merged count=4
2026-02-27 10:51:59,455 [INFO] [u_station_ab_night_autotune_v2] trading.v2_runtime: V2_UNIVERSE in=4 dedup=4 out=4 target=4 novel_target=4 novel_out=0 repeat_dropped=0 symbol_dropped=0 surge_in=1 surge_target=1 surge_out=1
2026-02-27 10:51:59,455 [INFO] [u_station_ab_night_autotune_v2] __main__: V2_SOURCE_QOS_FILTER in=4 out=3 drops={'source_qos_cap': 1} caps={'watchlist': 3}
2026-02-27 10:51:59,455 [INFO] [u_station_ab_night_autotune_v2] __main__: FILTER_FAIL token=AERO reason=source_qos_cap source=watchlist used=3/3
2026-02-27 10:51:59,455 [INFO] [u_station_ab_night_autotune_v2] __main__: FILTER_PASS token=cbBTC tier=A score=100 mode=YELLOW risk=MEDIUM liq=22638077 vol5m=363140
2026-02-27 10:51:59,471 [INFO] [u_station_ab_night_autotune_v2] __main__: FILTER_FAIL token=HOTDOGZ reason=safe_change_5m
2026-02-27 10:51:59,471 [INFO] [u_station_ab_night_autotune_v2] __main__: FILTER_PASS token=VIRTUAL tier=A score=100 mode=YELLOW risk=MEDIUM liq=7675305 vol5m=42333
2026-02-27 10:51:59,471 [INFO] [u_station_ab_night_autotune_v2] __main__: V2_QUALITY_GATE enabled=True regime=YELLOW in=2 out=2 core_out=1 explore_out=1 probe_out=0 quota=1 max_symbol_share=0.500 drop={} sources_used={'watchlist': 2}
2026-02-27 10:51:59,471 [INFO] [u_station_ab_night_autotune_v2] __main__: V2_ENTRY_ROUTE enabled=True regime=YELLOW in=2 out=2 core_out=1 explore_out=1 quota=1 allow_explore=True
2026-02-27 10:51:59,471 [INFO] [u_station_ab_night_autotune_v2] __main__: MARKET_REGIME mode=YELLOW reason=avg_cand=1.58 avg_cand_recent=1.58
2026-02-27 10:51:59,471 [INFO] [u_station_ab_night_autotune_v2] trading.auto_trader: AutoTrade skip token=cbBTC reason=disabled_or_limits detail=max_tx_per_day 180/180
2026-02-27 10:51:59,471 [INFO] [u_station_ab_night_autotune_v2] trading.auto_trader: AutoTrade batch mode=top_n candidates=2 eligible=2 selected=1 opened=0 pe=off burst_window=0
2026-02-27 10:51:59,471 [INFO] [u_station_ab_night_autotune_v2] __main__: Scanned 4 tokens | High quality: 3 | Alerts sent: 0 | Trade candidates: 2 | Quality out/core/explore/probe: 2/1/1/0 | Opened: 0 | Mode: local | Source: onchain+market | Policy: raw=OK/effective=OK(healthy | route=allow_all) | Regime: YELLOW(avg_cand=1.58) | Safety: checked=2 fail_closed=0 reasons=api_code_4029:2 | FiltersTop(session): source_qos_cap:27,safe_change_5m:21,score_min:14,safe_volume:3 | Dedup: heavy_skip=0 override=0 | V2Budget: 2/280 | SourceQoS: enabled=1/in=4/out=3/dropped=1/active_cd=0/drops=source_qos_cap:1 | Ingest: q=0/oldest=0.0s/drop_old=0/dedup_skip=0/enq=0/drain=0 | Sources: dex_boosts:ok=1/fail=0/429=0/lim_wait=0/cd_wait=0/err=0.0%/avg=50ms; dexscreener:ok=10/fail=0/429=0/lim_wait=0/cd_wait=0/err=0.0%/avg=44ms; onchain_enrich:ok=8/fail=0/429=0/lim_wait=0/cd_wait=0/err=0.0%/avg=129ms; onchain_weth_price:ok=1/fail=0/429=0/lim_wait=0/cd_wait=0/err=0.0%/avg=55ms | Tasks: 3 | RSS: 0.0MB | CycleAvg: 7.18s
2026-02-27 10:52:03,753 [INFO] [u_station_ab_night_autotune_v2] monitor.onchain_factory: PAIR_DETECTED source=uniswap_v2 dex=uniswap_v2 pair=0xb0a65b93c642bef3d0eb3fb3afdcdefdd34176a4 token0=0x4200000000000000000000000000000000000006 token1=0x77df6b3890d74c28f07666207f0162dcaa88ab07 block=42698279 factory=0x8909dc15e40173ff4699343b6eb8132c65e18ec6
2026-02-27 10:52:03,753 [INFO] [u_station_ab_night_autotune_v2] monitor.onchain_factory: PAIR_DETECTED source=uniswap_v2 dex=uniswap_v2 pair=0x010dfcf9c0ff01535e6054bf211174e3726b749c token0=0x4200000000000000000000000000000000000006 token1=0xefc6b11adced453e60d64cfbd08927735ab9d7a3 block=42698280 factory=0x8909dc15e40173ff4699343b6eb8132c65e18ec6
2026-02-27 10:52:04,054 [INFO] [u_station_ab_night_autotune_v2] monitor.onchain_factory: ENRICH_RETRY token=0x06514756bba8bae325c4781e514e854577f1aba3 pair=0x6a36defb09331435b9228d0b993f52047ff19bb7 attempt=1/2 delay=10s
2026-02-27 10:52:04,078 [INFO] [u_station_ab_night_autotune_v2] monitor.onchain_factory: ENRICH_RETRY token=0xb2dc11efa33a4be88bb72cda6f5b0c6a9bf7eb07 pair=0xb06adf64764c8684b373cc32db875b7efb0806ae attempt=1/2 delay=10s
2026-02-27 10:52:04,189 [INFO] [u_station_ab_night_autotune_v2] monitor.onchain_factory: ENRICH_RETRY token=0x77df6b3890d74c28f07666207f0162dcaa88ab07 pair=0xb0a65b93c642bef3d0eb3fb3afdcdefdd34176a4 attempt=1/2 delay=10s
2026-02-27 10:52:04,419 [INFO] [u_station_ab_night_autotune_v2] monitor.onchain_factory: ENRICH_RETRY token=0xefc6b11adced453e60d64cfbd08927735ab9d7a3 pair=0x010dfcf9c0ff01535e6054bf211174e3726b749c attempt=1/2 delay=10s
2026-02-27 10:52:14,521 [INFO] [u_station_ab_night_autotune_v2] __main__: WATCHLIST merged count=4
2026-02-27 10:52:14,521 [INFO] [u_station_ab_night_autotune_v2] trading.v2_runtime: V2_UNIVERSE in=6 dedup=6 out=6 target=6 novel_target=6 novel_out=1 repeat_dropped=0 symbol_dropped=0 surge_in=1 surge_target=1 surge_out=1
2026-02-27 10:52:14,521 [INFO] [u_station_ab_night_autotune_v2] __main__: V2_SOURCE_QOS_FILTER in=6 out=4 drops={'source_qos_cap': 2} caps={'geckoterminal': 287, 'watchlist': 2, 'unknown': 0}
2026-02-27 10:52:14,521 [INFO] [u_station_ab_night_autotune_v2] __main__: FILTER_FAIL token=VIRTUAL reason=source_qos_cap source=watchlist used=2/2
2026-02-27 10:52:14,521 [INFO] [u_station_ab_night_autotune_v2] __main__: FILTER_FAIL token=AERO reason=source_qos_cap source=watchlist used=2/2
2026-02-27 10:52:14,521 [INFO] [u_station_ab_night_autotune_v2] __main__: FILTER_PASS token=cbBTC tier=A score=100 mode=YELLOW risk=MEDIUM liq=22638077 vol5m=363140
2026-02-27 10:52:14,521 [INFO] [u_station_ab_night_autotune_v2] __main__: FILTER_FAIL token=HOTDOGZ reason=safe_change_5m
2026-02-27 10:52:14,521 [INFO] [u_station_ab_night_autotune_v2] __main__: FILTER_FAIL token=CHARLES reason=score_min score=30 strict_min=48 soft_min=48 mode=YELLOW
2026-02-27 10:52:14,521 [INFO] [u_station_ab_night_autotune_v2] __main__: FILTER_FAIL token=ToruCeoAI reason=safe_volume vol5m=0 min=6 regime=YELLOW
2026-02-27 10:52:14,521 [INFO] [u_station_ab_night_autotune_v2] __main__: V2_QUALITY_GATE enabled=True regime=YELLOW in=1 out=1 core_out=1 explore_out=0 probe_out=0 quota=0 max_symbol_share=1.000 drop={} sources_used={'watchlist': 1}
2026-02-27 10:52:14,521 [INFO] [u_station_ab_night_autotune_v2] __main__: V2_ENTRY_ROUTE enabled=True regime=YELLOW in=1 out=1 core_out=1 explore_out=0 quota=0 allow_explore=True
2026-02-27 10:52:14,521 [INFO] [u_station_ab_night_autotune_v2] __main__: MARKET_REGIME mode=YELLOW reason=avg_cand=1.58 avg_cand_recent=1.58
2026-02-27 10:52:14,521 [INFO] [u_station_ab_night_autotune_v2] trading.auto_trader: AutoTrade skip token=cbBTC reason=disabled_or_limits detail=max_tx_per_day 180/180
2026-02-27 10:52:14,521 [INFO] [u_station_ab_night_autotune_v2] trading.auto_trader: AutoTrade batch mode=top_n candidates=1 eligible=1 selected=1 opened=0 pe=off burst_window=0
2026-02-27 10:52:14,521 [INFO] [u_station_ab_night_autotune_v2] __main__: Scanned 6 tokens | High quality: 2 | Alerts sent: 0 | Trade candidates: 1 | Quality out/core/explore/probe: 1/1/0/0 | Opened: 0 | Mode: local | Source: onchain+market | Policy: raw=OK/effective=OK(healthy | route=allow_all) | Regime: YELLOW(avg_cand=1.58) | Safety: checked=1 fail_closed=0 reasons=api_code_4029:1 | FiltersTop(session): source_qos_cap:29,safe_change_5m:22,score_min:15,safe_volume:4 | Dedup: heavy_skip=0 override=0 | V2Budget: 1/280 | SourceQoS: enabled=1/in=6/out=4/dropped=2/active_cd=0/drops=source_qos_cap:2 | Ingest: q=0/oldest=0.0s/drop_old=0/dedup_skip=0/enq=1/drain=1 | Sources: dex_boosts:ok=1/fail=0/429=0/lim_wait=0/cd_wait=0/err=0.0%/avg=45ms; dexscreener:ok=10/fail=0/429=0/lim_wait=0/cd_wait=0/err=0.0%/avg=44ms; geckoterminal:ok=1/fail=0/429=0/lim_wait=0/cd_wait=0/err=0.0%/avg=277ms; onchain_enrich:ok=16/fail=0/429=0/lim_wait=0/cd_wait=0/err=0.0%/avg=104ms | Tasks: 3 | RSS: 0.0MB | CycleAvg: 7.37s
2026-02-27 10:52:18,539 [WARNING] [u_station_ab_night_autotune_v2] __main__: GRACEFUL_STOP requested path=D:\earnforme\solana-alert-bot\data\graceful_stop.u_station_ab_night_autotune_v2.signal
2026-02-27 10:52:18,587 [INFO] [u_station_ab_night_autotune_v2] trading.auto_trader: AUTOTRADER_SHUTDOWN reason=main_local_shutdown open=0 closed=90
