2026-02-27 10:34:23,206 [INFO] [u_station_ab_night_autotune_v2] __main__: SESSION_LOG file=logs/matrix/u_station_ab_night_autotune_v2\sessions\main_local_20260227_093423_pid12380.log
2026-02-27 10:34:23,226 [INFO] [u_station_ab_night_autotune_v2] trading.auto_trader_state: AutoTrade state loaded open=0 closed=90 balance=$7.35
2026-02-27 10:34:23,232 [WARNING] [u_station_ab_night_autotune_v2] trading.auto_trader: DATA_POLICY mode=OK reason=init_reset_manual prev_mode=OK prev_reason=healthy | route=allow_all
2026-02-27 10:34:23,232 [INFO] [u_station_ab_night_autotune_v2] __main__: AUTOTRADER_INIT state=ready reason=manual mode=paper
2026-02-27 10:34:23,232 [INFO] [u_station_ab_night_autotune_v2] __main__: Local mode started (Telegram disabled).
2026-02-27 10:34:23,666 [INFO] [u_station_ab_night_autotune_v2] monitor.onchain_factory: PAIR_DETECTED source=uniswap_v2 dex=uniswap_v2 pair=0x460a7425fbd67577cc5e43821ab1ec90b149cbde token0=0x4200000000000000000000000000000000000006 token1=0xf300693b2f06d171f508a6defa5617eeb815aabe block=42697682 factory=0x8909dc15e40173ff4699343b6eb8132c65e18ec6
2026-02-27 10:34:23,666 [INFO] [u_station_ab_night_autotune_v2] monitor.onchain_factory: PAIR_DETECTED source=uniswap_v2 dex=uniswap_v2 pair=0xe43163dc54783f397b611ce0bca36ea530ba090d token0=0x4200000000000000000000000000000000000006 token1=0x52d6cd39d194d542fcb18ddab5a0a4eef9ca8fae block=42697689 factory=0x8909dc15e40173ff4699343b6eb8132c65e18ec6
2026-02-27 10:34:23,667 [INFO] [u_station_ab_night_autotune_v2] monitor.onchain_factory: PAIR_DETECTED source=uniswap_v2 dex=uniswap_v2 pair=0x46ae2791a293361117ea90eaa70647f025023d3c token0=0x4200000000000000000000000000000000000006 token1=0x959d876d6c0b0cad3d51ac1b83a5b220c23169a0 block=42697696 factory=0x8909dc15e40173ff4699343b6eb8132c65e18ec6
2026-02-27 10:34:23,668 [INFO] [u_station_ab_night_autotune_v2] monitor.onchain_factory: PAIR_DETECTED source=uniswap_v2 dex=uniswap_v2 pair=0xd0af3251b59164d4dbd787e5ee480934758a0039 token0=0x4200000000000000000000000000000000000006 token1=0xe12afcac3f3f5507a78a834d951d260da64fab07 block=42697702 factory=0x8909dc15e40173ff4699343b6eb8132c65e18ec6
2026-02-27 10:34:23,668 [INFO] [u_station_ab_night_autotune_v2] monitor.onchain_factory: PAIR_DETECTED source=uniswap_v2 dex=uniswap_v2 pair=0xb5b7983a754bd5b6aa14819136b1f6425d8636ff token0=0x4200000000000000000000000000000000000006 token1=0xcf33205673e23442431e056e247731a85251b7da block=42697711 factory=0x8909dc15e40173ff4699343b6eb8132c65e18ec6
2026-02-27 10:34:23,669 [INFO] [u_station_ab_night_autotune_v2] monitor.onchain_factory: PAIR_DETECTED source=uniswap_v2 dex=uniswap_v2 pair=0x81015c507cd94318a49627c32d74ddb4e13fa8ea token0=0x4200000000000000000000000000000000000006 token1=0xc41fe709f307d65a07b505e6d56bb3886f4aab07 block=42697737 factory=0x8909dc15e40173ff4699343b6eb8132c65e18ec6
2026-02-27 10:34:23,670 [INFO] [u_station_ab_night_autotune_v2] monitor.onchain_factory: PAIR_DETECTED source=uniswap_v2 dex=uniswap_v2 pair=0xf0205a5f1798057e89575a80c6b82bc34d3666ee token0=0x4200000000000000000000000000000000000006 token1=0x96b5d26a9d7051a999257fcb58ae9f04204d74d2 block=42697745 factory=0x8909dc15e40173ff4699343b6eb8132c65e18ec6
2026-02-27 10:34:23,671 [INFO] [u_station_ab_night_autotune_v2] monitor.onchain_factory: PAIR_DETECTED source=uniswap_v2 dex=uniswap_v2 pair=0xf29e7b8be1d28c8e89bc728535de1759e96237bf token0=0x4200000000000000000000000000000000000006 token1=0xb2207ad3e02c92a9e2702bcf4d80ca775ab4eb07 block=42697750 factory=0x8909dc15e40173ff4699343b6eb8132c65e18ec6
2026-02-27 10:34:23,804 [INFO] [u_station_ab_night_autotune_v2] monitor.onchain_factory: PAIR_DETECTED source=uniswap_v3 dex=uniswap_v3 pair=0x0130aee55ad14d4b1728606dc72bd64a5d023d18 token0=0x4200000000000000000000000000000000000006 token1=0xa593de477f9cdb31bc02506190338845c5d03d18 block=42697753 factory=0x33128a8fc17869897dce68ed026d694621f6fdfd
2026-02-27 10:34:24,227 [INFO] [u_station_ab_night_autotune_v2] monitor.onchain_factory: ENRICH_RETRY token=0x52d6cd39d194d542fcb18ddab5a0a4eef9ca8fae pair=0xe43163dc54783f397b611ce0bca36ea530ba090d attempt=1/2 delay=10s
2026-02-27 10:34:24,227 [INFO] [u_station_ab_night_autotune_v2] monitor.onchain_factory: ENRICH_RETRY token=0xa593de477f9cdb31bc02506190338845c5d03d18 pair=0x0130aee55ad14d4b1728606dc72bd64a5d023d18 attempt=1/2 delay=10s
2026-02-27 10:34:24,435 [INFO] [u_station_ab_night_autotune_v2] monitor.onchain_factory: ENRICH_RETRY token=0x96b5d26a9d7051a999257fcb58ae9f04204d74d2 pair=0xf0205a5f1798057e89575a80c6b82bc34d3666ee attempt=1/2 delay=10s
2026-02-27 10:34:24,435 [INFO] [u_station_ab_night_autotune_v2] monitor.onchain_factory: ENRICH_RETRY token=0xb2207ad3e02c92a9e2702bcf4d80ca775ab4eb07 pair=0xf29e7b8be1d28c8e89bc728535de1759e96237bf attempt=1/2 delay=10s
2026-02-27 10:34:35,972 [INFO] [u_station_ab_night_autotune_v2] __main__: WATCHLIST merged count=3
2026-02-27 10:34:35,972 [INFO] [u_station_ab_night_autotune_v2] trading.v2_runtime: V2_UNIVERSE in=14 dedup=14 out=14 target=14 novel_target=12 novel_out=14 repeat_dropped=0 symbol_dropped=0 surge_in=3 surge_target=3 surge_out=3
2026-02-27 10:34:35,972 [INFO] [u_station_ab_night_autotune_v2] __main__: V2_SOURCE_QOS_FILTER in=14 out=12 drops={'source_qos_cap': 1, 'source_qos_symbol_cap': 1} caps={'watchlist': 2, 'unknown': 0, 'geckoterminal': 287}
2026-02-27 10:34:35,972 [INFO] [u_station_ab_night_autotune_v2] __main__: FILTER_FAIL token=AERO reason=source_qos_cap source=watchlist used=2/2
2026-02-27 10:34:35,972 [INFO] [u_station_ab_night_autotune_v2] __main__: FILTER_FAIL token=Stick reason=source_qos_symbol_cap symbol=STICK used=1/1
2026-02-27 10:34:35,972 [INFO] [u_station_ab_night_autotune_v2] __main__: FILTER_FAIL token=CHARLES reason=safe_age
2026-02-27 10:34:35,972 [INFO] [u_station_ab_night_autotune_v2] __main__: FILTER_FAIL token=PEWBOT reason=safe_age
2026-02-27 10:34:35,972 [INFO] [u_station_ab_night_autotune_v2] __main__: FILTER_PASS token=cbBTC tier=A score=100 mode=YELLOW risk=MEDIUM liq=19861195 vol5m=97893
2026-02-27 10:34:35,972 [INFO] [u_station_ab_night_autotune_v2] __main__: FILTER_FAIL token=COINANGEL reason=safe_change_5m
2026-02-27 10:34:35,972 [INFO] [u_station_ab_night_autotune_v2] __main__: FILTER_FAIL token=AYA reason=safe_age
2026-02-27 10:34:35,972 [INFO] [u_station_ab_night_autotune_v2] __main__: FILTER_FAIL token=Jellybean reason=score_min score=30 strict_min=48 soft_min=48 mode=YELLOW
2026-02-27 10:34:35,972 [INFO] [u_station_ab_night_autotune_v2] __main__: FILTER_FAIL token=WOJAK reason=safe_age
2026-02-27 10:34:35,972 [INFO] [u_station_ab_night_autotune_v2] __main__: FILTER_FAIL token=RETSA reason=safe_age
2026-02-27 10:34:35,972 [INFO] [u_station_ab_night_autotune_v2] __main__: FILTER_FAIL token=TROLL reason=score_min score=20 strict_min=48 soft_min=48 mode=YELLOW
2026-02-27 10:34:35,972 [INFO] [u_station_ab_night_autotune_v2] __main__: FILTER_PASS token=VIRTUAL tier=A score=95 mode=YELLOW risk=MEDIUM liq=7793670 vol5m=5972
2026-02-27 10:34:35,972 [INFO] [u_station_ab_night_autotune_v2] __main__: FILTER_FAIL token=Stick reason=score_min score=20 strict_min=48 soft_min=48 mode=YELLOW
2026-02-27 10:34:35,972 [INFO] [u_station_ab_night_autotune_v2] __main__: FILTER_FAIL token=BAGS reason=score_min score=20 strict_min=48 soft_min=48 mode=YELLOW
2026-02-27 10:34:35,972 [INFO] [u_station_ab_night_autotune_v2] trading.v2_runtime: V2_QUALITY_ROTATE symbols_core=0 symbols_cooldown=0 sources=1 top_core=- top_cooldown=-
2026-02-27 10:34:35,972 [INFO] [u_station_ab_night_autotune_v2] __main__: V2_QUALITY_GATE enabled=True regime=YELLOW in=2 out=2 core_out=1 explore_out=1 probe_out=0 quota=1 max_symbol_share=0.500 drop={} sources_used={'watchlist': 2}
2026-02-27 10:34:35,972 [INFO] [u_station_ab_night_autotune_v2] __main__: V2_ENTRY_ROUTE enabled=True regime=YELLOW in=2 out=2 core_out=1 explore_out=1 quota=1 allow_explore=True
2026-02-27 10:34:35,988 [WARNING] [u_station_ab_night_autotune_v2] trading.auto_trader: DATA_POLICY mode=OK reason=healthy | route=allow_all prev_mode=OK prev_reason=init_reset_manual
2026-02-27 10:34:35,988 [INFO] [u_station_ab_night_autotune_v2] __main__: MARKET_REGIME mode=YELLOW reason=avg_cand=2.00 avg_cand_recent=2.00
2026-02-27 10:34:35,988 [INFO] [u_station_ab_night_autotune_v2] trading.auto_trader: AutoTrade skip token=cbBTC reason=disabled_or_limits detail=max_tx_per_day 180/180
2026-02-27 10:34:35,988 [INFO] [u_station_ab_night_autotune_v2] trading.auto_trader: AutoTrade skip token=VIRTUAL reason=disabled_or_limits detail=max_tx_per_day 180/180
2026-02-27 10:34:35,988 [INFO] [u_station_ab_night_autotune_v2] trading.auto_trader: AutoTrade batch mode=top_n candidates=2 eligible=2 selected=2 opened=0 pe=off burst_window=0
2026-02-27 10:34:35,988 [INFO] [u_station_ab_night_autotune_v2] __main__: FILTER_THRESHOLDS safe_volume_5m_min=$5 safe_liquidity_min=$8000 safe_age_min=240s score_min=48 edge_min=0.05% lock_floor=0.95 no_momentum_max_pnl=0.25 weakness_pnl=-2.60
2026-02-27 10:34:35,988 [INFO] [u_station_ab_night_autotune_v2] __main__: Scanned 14 tokens | High quality: 4 | Alerts sent: 0 | Trade candidates: 2 | Quality out/core/explore/probe: 2/1/1/0 | Opened: 0 | Mode: local | Source: onchain+market | Policy: raw=OK/effective=OK(healthy | route=allow_all) | Regime: YELLOW(avg_cand=2.00) | Safety: checked=2 fail_closed=0 reasons=api_code_4029:2 | FiltersTop(session): safe_age:5,score_min:4,source_qos_cap:1,source_qos_symbol_cap:1 | Dedup: heavy_skip=0 override=0 | V2Budget: 2/280 | SourceQoS: enabled=1/in=14/out=12/dropped=2/active_cd=0/drops=source_qos_cap:1,source_qos_symbol_cap:1 | Ingest: q=0/oldest=0.0s/drop_old=0/dedup_skip=0/enq=7/drain=7 | Sources: dex_boosts:ok=1/fail=0/429=0/lim_wait=0/cd_wait=0/err=0.0%/avg=126ms; dexscreener:ok=10/fail=0/429=0/lim_wait=0/cd_wait=0/err=0.0%/avg=234ms; geckoterminal:ok=2/fail=0/429=0/lim_wait=0/cd_wait=0/err=0.0%/avg=176ms; onchain_enrich:ok=20/fail=0/429=0/lim_wait=0/cd_wait=0/err=0.0%/avg=147ms; onchain_weth_price:ok=2/fail=0/429=0/lim_wait=0/cd_wait=0/err=0.0%/avg=52ms; watchlist_dex:ok=10/fail=0/429=0/lim_wait=0/cd_wait=0/err=0.0%/avg=100ms; watchlist_gecko:ok=6/fail=0/429=0/lim_wait=0/cd_wait=0/err=0.0%/avg=463ms | Tasks: 3 | RSS: 0.0MB | CycleAvg: 0.00s
2026-02-27 10:34:40,463 [INFO] [u_station_ab_night_autotune_v2] monitor.onchain_factory: ENRICH_RETRY token=0x52d6cd39d194d542fcb18ddab5a0a4eef9ca8fae pair=0xe43163dc54783f397b611ce0bca36ea530ba090d attempt=1/2 delay=10s
2026-02-27 10:34:40,463 [INFO] [u_station_ab_night_autotune_v2] monitor.onchain_factory: ENRICH_RETRY token=0xb2207ad3e02c92a9e2702bcf4d80ca775ab4eb07 pair=0xf29e7b8be1d28c8e89bc728535de1759e96237bf attempt=1/2 delay=10s
2026-02-27 10:34:40,519 [INFO] [u_station_ab_night_autotune_v2] monitor.onchain_factory: ENRICH_RETRY token=0xa593de477f9cdb31bc02506190338845c5d03d18 pair=0x0130aee55ad14d4b1728606dc72bd64a5d023d18 attempt=1/2 delay=10s
2026-02-27 10:34:50,571 [INFO] [u_station_ab_night_autotune_v2] __main__: WATCHLIST merged count=3
2026-02-27 10:34:50,571 [INFO] [u_station_ab_night_autotune_v2] trading.v2_runtime: V2_UNIVERSE in=3 dedup=3 out=3 target=3 novel_target=3 novel_out=0 repeat_dropped=0 symbol_dropped=0 surge_in=0 surge_target=0 surge_out=0
2026-02-27 10:34:50,571 [INFO] [u_station_ab_night_autotune_v2] __main__: FILTER_PASS token=cbBTC tier=A score=100 mode=YELLOW risk=MEDIUM liq=19861195 vol5m=97893
2026-02-27 10:34:50,571 [INFO] [u_station_ab_night_autotune_v2] __main__: FILTER_PASS token=VIRTUAL tier=A score=95 mode=YELLOW risk=MEDIUM liq=7793670 vol5m=5972
2026-02-27 10:34:50,571 [INFO] [u_station_ab_night_autotune_v2] __main__: FILTER_PASS token=AERO tier=A score=75 mode=YELLOW risk=MEDIUM liq=2691645 vol5m=9
2026-02-27 10:34:50,587 [INFO] [u_station_ab_night_autotune_v2] __main__: V2_QUALITY_GATE enabled=True regime=YELLOW in=3 out=3 core_out=1 explore_out=2 probe_out=0 quota=2 max_symbol_share=0.333 drop={} sources_used={'watchlist': 3}
2026-02-27 10:34:50,587 [INFO] [u_station_ab_night_autotune_v2] __main__: V2_ENTRY_ROUTE enabled=True regime=YELLOW in=3 out=2 core_out=1 explore_out=1 quota=1 allow_explore=True
2026-02-27 10:34:50,587 [INFO] [u_station_ab_night_autotune_v2] __main__: MARKET_REGIME mode=YELLOW reason=hysteresis_recover_wait 1/4 raw=GREEN avg_cand_recent=2.50
2026-02-27 10:34:50,587 [INFO] [u_station_ab_night_autotune_v2] trading.auto_trader: AutoTrade skip token=cbBTC reason=disabled_or_limits detail=max_tx_per_day 180/180
2026-02-27 10:34:50,587 [INFO] [u_station_ab_night_autotune_v2] trading.auto_trader: AutoTrade skip token=VIRTUAL reason=disabled_or_limits detail=max_tx_per_day 180/180
2026-02-27 10:34:50,587 [INFO] [u_station_ab_night_autotune_v2] trading.auto_trader: AutoTrade batch mode=top_n candidates=2 eligible=2 selected=2 opened=0 pe=off burst_window=0
2026-02-27 10:34:50,587 [INFO] [u_station_ab_night_autotune_v2] __main__: Scanned 3 tokens | High quality: 3 | Alerts sent: 0 | Trade candidates: 3 | Quality out/core/explore/probe: 3/1/2/0 | Opened: 0 | Mode: local | Source: onchain+market | Policy: raw=OK/effective=OK(healthy | route=allow_all) | Regime: YELLOW(hysteresis_recover_wait 1/4 raw=GREEN) | Safety: checked=3 fail_closed=0 reasons=api_code_4029:3 | FiltersTop(session): safe_age:5,score_min:4,source_qos_cap:1,source_qos_symbol_cap:1 | Dedup: heavy_skip=0 override=0 | V2Budget: 3/280 | SourceQoS: enabled=1/in=3/out=3/dropped=0/active_cd=0/drops=none | Ingest: q=0/oldest=0.0s/drop_old=0/dedup_skip=0/enq=0/drain=0 | Sources: dex_boosts:ok=1/fail=0/429=0/lim_wait=0/cd_wait=0/err=0.0%/avg=87ms; dexscreener:ok=10/fail=0/429=0/lim_wait=0/cd_wait=0/err=0.0%/avg=90ms; onchain_enrich:ok=12/fail=0/429=0/lim_wait=0/cd_wait=0/err=0.0%/avg=40ms | Tasks: 3 | RSS: 0.0MB | CycleAvg: 12.75s
2026-02-27 10:34:54,860 [INFO] [u_station_ab_night_autotune_v2] monitor.onchain_factory: PAIR_DETECTED source=uniswap_v2 dex=uniswap_v2 pair=0x26a61483aaa5a4d66070d3b800d3c3f50bf27b3b token0=0x4200000000000000000000000000000000000006 token1=0xfc494e869848d47210acfe1836b66536725cab07 block=42697770 factory=0x8909dc15e40173ff4699343b6eb8132c65e18ec6
2026-02-27 10:34:55,303 [INFO] [u_station_ab_night_autotune_v2] monitor.onchain_factory: ENRICH_RETRY token=0xfc494e869848d47210acfe1836b66536725cab07 pair=0x26a61483aaa5a4d66070d3b800d3c3f50bf27b3b attempt=1/2 delay=10s
2026-02-27 10:34:55,319 [INFO] [u_station_ab_night_autotune_v2] monitor.onchain_factory: ENRICH_RETRY token=0x52d6cd39d194d542fcb18ddab5a0a4eef9ca8fae pair=0xe43163dc54783f397b611ce0bca36ea530ba090d attempt=1/2 delay=10s
2026-02-27 10:35:05,395 [INFO] [u_station_ab_night_autotune_v2] __main__: WATCHLIST merged count=3
2026-02-27 10:35:05,395 [INFO] [u_station_ab_night_autotune_v2] trading.v2_runtime: V2_UNIVERSE in=5 dedup=5 out=4 target=4 novel_target=4 novel_out=2 repeat_dropped=1 symbol_dropped=0 surge_in=1 surge_target=1 surge_out=1
2026-02-27 10:35:05,395 [INFO] [u_station_ab_night_autotune_v2] __main__: V2_UNIVERSE cycle=3 before=5 after=4
2026-02-27 10:35:05,395 [INFO] [u_station_ab_night_autotune_v2] __main__: FILTER_PASS token=cbBTC tier=A score=100 mode=YELLOW risk=MEDIUM liq=19861195 vol5m=97893
2026-02-27 10:35:05,403 [INFO] [u_station_ab_night_autotune_v2] __main__: FILTER_FAIL token=SUPGP reason=safe_age
2026-02-27 10:35:05,403 [INFO] [u_station_ab_night_autotune_v2] __main__: FILTER_PASS token=VIRTUAL tier=A score=95 mode=YELLOW risk=MEDIUM liq=7793670 vol5m=5972
2026-02-27 10:35:05,403 [INFO] [u_station_ab_night_autotune_v2] __main__: FILTER_FAIL token=SAIRI reason=safe_volume vol5m=0 min=6 regime=YELLOW
2026-02-27 10:35:05,403 [INFO] [u_station_ab_night_autotune_v2] __main__: V2_QUALITY_GATE enabled=True regime=YELLOW in=2 out=2 core_out=1 explore_out=1 probe_out=0 quota=1 max_symbol_share=0.500 drop={} sources_used={'watchlist': 2}
2026-02-27 10:35:05,403 [INFO] [u_station_ab_night_autotune_v2] __main__: V2_ENTRY_ROUTE enabled=True regime=YELLOW in=2 out=2 core_out=1 explore_out=1 quota=1 allow_explore=True
2026-02-27 10:35:05,403 [INFO] [u_station_ab_night_autotune_v2] __main__: MARKET_REGIME mode=YELLOW reason=avg_cand=2.33 avg_cand_recent=2.33
2026-02-27 10:35:05,403 [INFO] [u_station_ab_night_autotune_v2] trading.auto_trader: AutoTrade skip token=cbBTC reason=disabled_or_limits detail=max_tx_per_day 180/180
2026-02-27 10:35:05,403 [INFO] [u_station_ab_night_autotune_v2] trading.auto_trader: AutoTrade skip token=VIRTUAL reason=disabled_or_limits detail=max_tx_per_day 180/180
2026-02-27 10:35:05,403 [INFO] [u_station_ab_night_autotune_v2] trading.auto_trader: AutoTrade batch mode=top_n candidates=2 eligible=2 selected=2 opened=0 pe=off burst_window=0
2026-02-27 10:35:05,403 [INFO] [u_station_ab_night_autotune_v2] __main__: Scanned 4 tokens | High quality: 2 | Alerts sent: 0 | Trade candidates: 2 | Quality out/core/explore/probe: 2/1/1/0 | Opened: 0 | Mode: local | Source: onchain+market | Policy: raw=OK/effective=OK(healthy | route=allow_all) | Regime: YELLOW(avg_cand=2.33) | Safety: checked=2 fail_closed=0 reasons=api_code_4029:2 | FiltersTop(session): safe_age:6,score_min:4,source_qos_cap:1,source_qos_symbol_cap:1 | Dedup: heavy_skip=0 override=0 | V2Budget: 2/280 | SourceQoS: enabled=1/in=4/out=4/dropped=0/active_cd=0/drops=none | Ingest: q=0/oldest=0.0s/drop_old=0/dedup_skip=0/enq=0/drain=0 | Sources: dex_boosts:ok=1/fail=0/429=0/lim_wait=0/cd_wait=0/err=0.0%/avg=43ms; dexscreener:ok=10/fail=0/429=0/lim_wait=0/cd_wait=0/err=0.0%/avg=212ms; onchain_enrich:ok=10/fail=0/429=0/lim_wait=0/cd_wait=0/err=0.0%/avg=148ms | Tasks: 3 | RSS: 0.0MB | CycleAvg: 11.67s
2026-02-27 10:35:09,653 [INFO] [u_station_ab_night_autotune_v2] monitor.onchain_factory: PAIR_DETECTED source=uniswap_v2 dex=uniswap_v2 pair=0x6c65bb866145235b49147cc0255b35bcefbc3efd token0=0x3b46584ea1ff305d04d4a892f0b4ce406ed7eb07 token1=0x4200000000000000000000000000000000000006 block=42697773 factory=0x8909dc15e40173ff4699343b6eb8132c65e18ec6
2026-02-27 10:35:09,864 [INFO] [u_station_ab_night_autotune_v2] monitor.onchain_factory: ENRICH_RETRY token=0x52d6cd39d194d542fcb18ddab5a0a4eef9ca8fae pair=0xe43163dc54783f397b611ce0bca36ea530ba090d attempt=1/2 delay=10s
2026-02-27 10:35:09,866 [INFO] [u_station_ab_night_autotune_v2] monitor.onchain_factory: ENRICH_RETRY token=0xfc494e869848d47210acfe1836b66536725cab07 pair=0x26a61483aaa5a4d66070d3b800d3c3f50bf27b3b attempt=1/2 delay=10s
2026-02-27 10:35:10,322 [INFO] [u_station_ab_night_autotune_v2] monitor.onchain_factory: ENRICH_RETRY token=0x3b46584ea1ff305d04d4a892f0b4ce406ed7eb07 pair=0x6c65bb866145235b49147cc0255b35bcefbc3efd attempt=1/2 delay=10s
2026-02-27 10:35:20,399 [INFO] [u_station_ab_night_autotune_v2] __main__: WATCHLIST merged count=3
2026-02-27 10:35:20,399 [INFO] [u_station_ab_night_autotune_v2] trading.v2_runtime: V2_UNIVERSE in=3 dedup=3 out=2 target=2 novel_target=2 novel_out=0 repeat_dropped=1 symbol_dropped=0 surge_in=0 surge_target=0 surge_out=0
2026-02-27 10:35:20,399 [INFO] [u_station_ab_night_autotune_v2] __main__: V2_UNIVERSE cycle=4 before=3 after=2
2026-02-27 10:35:20,399 [INFO] [u_station_ab_night_autotune_v2] __main__: FILTER_PASS token=cbBTC tier=A score=100 mode=YELLOW risk=MEDIUM liq=19861195 vol5m=97893
2026-02-27 10:35:20,399 [INFO] [u_station_ab_night_autotune_v2] __main__: FILTER_PASS token=VIRTUAL tier=A score=95 mode=YELLOW risk=MEDIUM liq=7793670 vol5m=5972
2026-02-27 10:35:20,403 [INFO] [u_station_ab_night_autotune_v2] __main__: V2_QUALITY_GATE enabled=True regime=YELLOW in=2 out=2 core_out=1 explore_out=1 probe_out=0 quota=1 max_symbol_share=0.500 drop={} sources_used={'watchlist': 2}
2026-02-27 10:35:20,403 [INFO] [u_station_ab_night_autotune_v2] __main__: V2_ENTRY_ROUTE enabled=True regime=YELLOW in=2 out=2 core_out=1 explore_out=1 quota=1 allow_explore=True
2026-02-27 10:35:20,403 [INFO] [u_station_ab_night_autotune_v2] __main__: MARKET_REGIME mode=YELLOW reason=avg_cand=2.25 avg_cand_recent=2.25
2026-02-27 10:35:20,403 [INFO] [u_station_ab_night_autotune_v2] trading.auto_trader: AutoTrade skip token=cbBTC reason=disabled_or_limits detail=max_tx_per_day 180/180
2026-02-27 10:35:20,403 [INFO] [u_station_ab_night_autotune_v2] trading.auto_trader: AutoTrade skip token=VIRTUAL reason=disabled_or_limits detail=max_tx_per_day 180/180
2026-02-27 10:35:20,403 [INFO] [u_station_ab_night_autotune_v2] trading.auto_trader: AutoTrade batch mode=top_n candidates=2 eligible=2 selected=2 opened=0 pe=off burst_window=0
2026-02-27 10:35:20,403 [INFO] [u_station_ab_night_autotune_v2] __main__: Scanned 2 tokens | High quality: 2 | Alerts sent: 0 | Trade candidates: 2 | Quality out/core/explore/probe: 2/1/1/0 | Opened: 0 | Mode: local | Source: onchain+market | Policy: raw=OK/effective=OK(healthy | route=allow_all) | Regime: YELLOW(avg_cand=2.25) | Safety: checked=2 fail_closed=0 reasons=api_code_4029:2 | FiltersTop(session): safe_age:6,score_min:4,source_qos_cap:1,source_qos_symbol_cap:1 | Dedup: heavy_skip=0 override=0 | V2Budget: 2/280 | SourceQoS: enabled=1/in=2/out=2/dropped=0/active_cd=0/drops=none | Ingest: q=0/oldest=0.0s/drop_old=0/dedup_skip=0/enq=0/drain=0 | Sources: dex_boosts:ok=1/fail=0/429=0/lim_wait=0/cd_wait=0/err=0.0%/avg=30ms; dexscreener:ok=10/fail=0/429=0/lim_wait=0/cd_wait=0/err=0.0%/avg=36ms; onchain_enrich:ok=12/fail=0/429=0/lim_wait=0/cd_wait=0/err=0.0%/avg=73ms | Tasks: 3 | RSS: 0.0MB | CycleAvg: 11.39s
2026-02-27 10:35:24,923 [INFO] [u_station_ab_night_autotune_v2] monitor.onchain_factory: ENRICH_RETRY token=0x3b46584ea1ff305d04d4a892f0b4ce406ed7eb07 pair=0x6c65bb866145235b49147cc0255b35bcefbc3efd attempt=1/2 delay=10s
2026-02-27 10:35:24,926 [INFO] [u_station_ab_night_autotune_v2] monitor.onchain_factory: ENRICH_RETRY token=0x52d6cd39d194d542fcb18ddab5a0a4eef9ca8fae pair=0xe43163dc54783f397b611ce0bca36ea530ba090d attempt=1/2 delay=10s
2026-02-27 10:35:24,940 [INFO] [u_station_ab_night_autotune_v2] monitor.onchain_factory: ENRICH_RETRY token=0xfc494e869848d47210acfe1836b66536725cab07 pair=0x26a61483aaa5a4d66070d3b800d3c3f50bf27b3b attempt=1/2 delay=10s
2026-02-27 10:35:35,255 [INFO] [u_station_ab_night_autotune_v2] __main__: WATCHLIST merged count=3
2026-02-27 10:35:35,255 [INFO] [u_station_ab_night_autotune_v2] trading.v2_runtime: V2_UNIVERSE in=4 dedup=4 out=3 target=3 novel_target=3 novel_out=1 repeat_dropped=1 symbol_dropped=0 surge_in=0 surge_target=0 surge_out=0
2026-02-27 10:35:35,255 [INFO] [u_station_ab_night_autotune_v2] __main__: V2_UNIVERSE cycle=5 before=4 after=3
2026-02-27 10:35:35,255 [INFO] [u_station_ab_night_autotune_v2] __main__: FILTER_PASS token=cbBTC tier=A score=100 mode=YELLOW risk=MEDIUM liq=19861195 vol5m=97893
2026-02-27 10:35:35,255 [INFO] [u_station_ab_night_autotune_v2] __main__: FILTER_PASS token=VIRTUAL tier=A score=95 mode=YELLOW risk=MEDIUM liq=7793670 vol5m=5972
2026-02-27 10:35:35,272 [INFO] [u_station_ab_night_autotune_v2] __main__: FILTER_FAIL token=Stick reason=score_min score=20 strict_min=48 soft_min=48 mode=YELLOW
2026-02-27 10:35:35,273 [INFO] [u_station_ab_night_autotune_v2] __main__: V2_QUALITY_GATE enabled=True regime=YELLOW in=2 out=2 core_out=1 explore_out=1 probe_out=0 quota=1 max_symbol_share=0.500 drop={} sources_used={'watchlist': 2}
2026-02-27 10:35:35,275 [INFO] [u_station_ab_night_autotune_v2] __main__: V2_ENTRY_ROUTE enabled=True regime=YELLOW in=2 out=2 core_out=1 explore_out=1 quota=1 allow_explore=True
2026-02-27 10:35:35,275 [INFO] [u_station_ab_night_autotune_v2] __main__: MARKET_REGIME mode=YELLOW reason=avg_cand=2.20 avg_cand_recent=2.20
2026-02-27 10:35:35,275 [INFO] [u_station_ab_night_autotune_v2] trading.auto_trader: AutoTrade skip token=cbBTC reason=disabled_or_limits detail=max_tx_per_day 180/180
2026-02-27 10:35:35,275 [INFO] [u_station_ab_night_autotune_v2] trading.auto_trader: AutoTrade skip token=VIRTUAL reason=disabled_or_limits detail=max_tx_per_day 180/180
2026-02-27 10:35:35,275 [INFO] [u_station_ab_night_autotune_v2] trading.auto_trader: AutoTrade batch mode=top_n candidates=2 eligible=2 selected=2 opened=0 pe=off burst_window=0
2026-02-27 10:35:35,275 [INFO] [u_station_ab_night_autotune_v2] trading.auto_trader: PAPER_SUMMARY window=60s closed_delta=0 wins_delta=0 losses_delta=0 realized_delta=$0.00 total_closed=90 winrate_total=45.6% realized_total=$0.35 balance=$7.35 equity=$7.35 open=0
2026-02-27 10:35:35,275 [INFO] [u_station_ab_night_autotune_v2] __main__: Scanned 3 tokens | High quality: 2 | Alerts sent: 0 | Trade candidates: 2 | Quality out/core/explore/probe: 2/1/1/0 | Opened: 0 | Mode: local | Source: onchain+market | Policy: raw=OK/effective=OK(healthy | route=allow_all) | Regime: YELLOW(avg_cand=2.20) | Safety: checked=2 fail_closed=0 reasons=api_code_4029:2 | FiltersTop(session): safe_age:6,score_min:5,source_qos_cap:1,source_qos_symbol_cap:1 | Dedup: heavy_skip=0 override=0 | V2Budget: 2/280 | SourceQoS: enabled=1/in=3/out=3/dropped=0/active_cd=0/drops=none | Ingest: q=0/oldest=0.0s/drop_old=0/dedup_skip=0/enq=0/drain=0 | Sources: dex_boosts:ok=1/fail=0/429=0/lim_wait=0/cd_wait=0/err=0.0%/avg=46ms; dexscreener:ok=10/fail=0/429=0/lim_wait=0/cd_wait=0/err=0.0%/avg=45ms; onchain_enrich:ok=11/fail=0/429=0/lim_wait=0/cd_wait=0/err=0.0%/avg=63ms; onchain_weth_price:ok=1/fail=0/429=0/lim_wait=0/cd_wait=0/err=0.0%/avg=51ms | Tasks: 3 | RSS: 0.0MB | CycleAvg: 11.29s
2026-02-27 10:35:39,719 [INFO] [u_station_ab_night_autotune_v2] monitor.onchain_factory: ENRICH_RETRY token=0x52d6cd39d194d542fcb18ddab5a0a4eef9ca8fae pair=0xe43163dc54783f397b611ce0bca36ea530ba090d attempt=1/2 delay=10s
2026-02-27 10:35:39,737 [INFO] [u_station_ab_night_autotune_v2] monitor.onchain_factory: ENRICH_RETRY token=0x3b46584ea1ff305d04d4a892f0b4ce406ed7eb07 pair=0x6c65bb866145235b49147cc0255b35bcefbc3efd attempt=1/2 delay=10s
2026-02-27 10:35:50,136 [INFO] [u_station_ab_night_autotune_v2] __main__: WATCHLIST merged count=3
2026-02-27 10:35:50,136 [INFO] [u_station_ab_night_autotune_v2] trading.v2_runtime: V2_UNIVERSE in=8 dedup=8 out=7 target=7 novel_target=6 novel_out=2 repeat_dropped=1 symbol_dropped=0 surge_in=1 surge_target=1 surge_out=1
2026-02-27 10:35:50,136 [INFO] [u_station_ab_night_autotune_v2] __main__: V2_UNIVERSE cycle=6 before=8 after=7
2026-02-27 10:35:50,136 [INFO] [u_station_ab_night_autotune_v2] __main__: FILTER_FAIL token=SUPGP reason=safe_age
2026-02-27 10:35:50,136 [INFO] [u_station_ab_night_autotune_v2] __main__: FILTER_PASS token=cbBTC tier=A score=100 mode=YELLOW risk=MEDIUM liq=19861195 vol5m=97893
2026-02-27 10:35:50,136 [INFO] [u_station_ab_night_autotune_v2] __main__: FILTER_FAIL token=SAIRI reason=safe_age
2026-02-27 10:35:50,136 [INFO] [u_station_ab_night_autotune_v2] __main__: FILTER_PASS token=VIRTUAL tier=A score=95 mode=YELLOW risk=MEDIUM liq=7793670 vol5m=5972
2026-02-27 10:35:50,136 [INFO] [u_station_ab_night_autotune_v2] __main__: FILTER_FAIL token=WCHAN reason=safe_volume vol5m=0 min=6 regime=YELLOW
2026-02-27 10:35:50,136 [INFO] [u_station_ab_night_autotune_v2] __main__: FILTER_FAIL token=Stick reason=score_min score=40 strict_min=48 soft_min=48 mode=YELLOW
2026-02-27 10:35:50,136 [INFO] [u_station_ab_night_autotune_v2] __main__: FILTER_FAIL token=SOFA reason=score_min score=20 strict_min=48 soft_min=48 mode=YELLOW
2026-02-27 10:35:50,136 [INFO] [u_station_ab_night_autotune_v2] __main__: V2_QUALITY_GATE enabled=True regime=YELLOW in=2 out=2 core_out=1 explore_out=1 probe_out=0 quota=1 max_symbol_share=0.500 drop={} sources_used={'watchlist': 2}
2026-02-27 10:35:50,136 [INFO] [u_station_ab_night_autotune_v2] __main__: V2_ENTRY_ROUTE enabled=True regime=YELLOW in=2 out=2 core_out=1 explore_out=1 quota=1 allow_explore=True
2026-02-27 10:35:50,136 [INFO] [u_station_ab_night_autotune_v2] __main__: MARKET_REGIME mode=YELLOW reason=avg_cand=2.17 avg_cand_recent=2.17
2026-02-27 10:35:50,152 [INFO] [u_station_ab_night_autotune_v2] trading.auto_trader: AutoTrade skip token=cbBTC reason=disabled_or_limits detail=max_tx_per_day 180/180
2026-02-27 10:35:50,153 [INFO] [u_station_ab_night_autotune_v2] trading.auto_trader: AutoTrade skip token=VIRTUAL reason=disabled_or_limits detail=max_tx_per_day 180/180
2026-02-27 10:35:50,153 [INFO] [u_station_ab_night_autotune_v2] trading.auto_trader: AutoTrade batch mode=top_n candidates=2 eligible=2 selected=2 opened=0 pe=off burst_window=0
2026-02-27 10:35:50,153 [INFO] [u_station_ab_night_autotune_v2] __main__: Scanned 7 tokens | High quality: 2 | Alerts sent: 0 | Trade candidates: 2 | Quality out/core/explore/probe: 2/1/1/0 | Opened: 0 | Mode: local | Source: onchain+market | Policy: raw=OK/effective=OK(healthy | route=allow_all) | Regime: YELLOW(avg_cand=2.17) | Safety: checked=2 fail_closed=0 reasons=api_code_4029:2 | FiltersTop(session): safe_age:8,score_min:7,safe_volume:2,source_qos_cap:1 | Dedup: heavy_skip=0 override=0 | V2Budget: 2/280 | SourceQoS: enabled=1/in=7/out=7/dropped=0/active_cd=0/drops=none | Ingest: q=0/oldest=0.0s/drop_old=0/dedup_skip=0/enq=4/drain=4 | Sources: dex_boosts:ok=1/fail=0/429=0/lim_wait=0/cd_wait=0/err=0.0%/avg=39ms; dexscreener:ok=10/fail=0/429=0/lim_wait=0/cd_wait=0/err=0.0%/avg=236ms; geckoterminal:ok=1/fail=0/429=0/lim_wait=0/cd_wait=0/err=0.0%/avg=259ms; onchain_enrich:ok=7/fail=0/429=0/lim_wait=0/cd_wait=0/err=0.0%/avg=86ms | Tasks: 3 | RSS: 0.0MB | CycleAvg: 11.21s
2026-02-27 10:35:54,653 [INFO] [u_station_ab_night_autotune_v2] monitor.onchain_factory: ENRICH_RETRY token=0x52d6cd39d194d542fcb18ddab5a0a4eef9ca8fae pair=0xe43163dc54783f397b611ce0bca36ea530ba090d attempt=1/2 delay=10s
2026-02-27 10:36:04,703 [INFO] [u_station_ab_night_autotune_v2] __main__: WATCHLIST merged count=3
2026-02-27 10:36:04,719 [INFO] [u_station_ab_night_autotune_v2] trading.v2_runtime: V2_UNIVERSE in=3 dedup=3 out=2 target=2 novel_target=2 novel_out=0 repeat_dropped=1 symbol_dropped=0 surge_in=0 surge_target=0 surge_out=0
2026-02-27 10:36:04,719 [INFO] [u_station_ab_night_autotune_v2] __main__: V2_UNIVERSE cycle=7 before=3 after=2
2026-02-27 10:36:04,720 [INFO] [u_station_ab_night_autotune_v2] __main__: FILTER_PASS token=cbBTC tier=A score=100 mode=YELLOW risk=MEDIUM liq=19861195 vol5m=97893
2026-02-27 10:36:04,721 [INFO] [u_station_ab_night_autotune_v2] __main__: FILTER_PASS token=VIRTUAL tier=A score=95 mode=YELLOW risk=MEDIUM liq=7793670 vol5m=5972
2026-02-27 10:36:04,724 [INFO] [u_station_ab_night_autotune_v2] __main__: V2_QUALITY_GATE enabled=True regime=YELLOW in=2 out=2 core_out=1 explore_out=1 probe_out=0 quota=1 max_symbol_share=0.500 drop={} sources_used={'watchlist': 2}
2026-02-27 10:36:04,724 [INFO] [u_station_ab_night_autotune_v2] __main__: V2_ENTRY_ROUTE enabled=True regime=YELLOW in=2 out=2 core_out=1 explore_out=1 quota=1 allow_explore=True
2026-02-27 10:36:04,724 [INFO] [u_station_ab_night_autotune_v2] __main__: MARKET_REGIME mode=YELLOW reason=avg_cand=2.14 avg_cand_recent=2.14
2026-02-27 10:36:04,724 [INFO] [u_station_ab_night_autotune_v2] trading.auto_trader: AutoTrade skip token=cbBTC reason=disabled_or_limits detail=max_tx_per_day 180/180
2026-02-27 10:36:04,724 [INFO] [u_station_ab_night_autotune_v2] trading.auto_trader: AutoTrade skip token=VIRTUAL reason=disabled_or_limits detail=max_tx_per_day 180/180
2026-02-27 10:36:04,724 [INFO] [u_station_ab_night_autotune_v2] trading.auto_trader: AutoTrade batch mode=top_n candidates=2 eligible=2 selected=2 opened=0 pe=off burst_window=0
2026-02-27 10:36:04,724 [INFO] [u_station_ab_night_autotune_v2] __main__: Scanned 2 tokens | High quality: 2 | Alerts sent: 0 | Trade candidates: 2 | Quality out/core/explore/probe: 2/1/1/0 | Opened: 0 | Mode: local | Source: onchain+market | Policy: raw=OK/effective=OK(healthy | route=allow_all) | Regime: YELLOW(avg_cand=2.14) | Safety: checked=2 fail_closed=0 reasons=api_code_4029:2 | FiltersTop(session): safe_age:8,score_min:7,safe_volume:2,source_qos_cap:1 | Dedup: heavy_skip=0 override=0 | V2Budget: 2/280 | SourceQoS: enabled=1/in=2/out=2/dropped=0/active_cd=0/drops=none | Ingest: q=0/oldest=0.0s/drop_old=0/dedup_skip=0/enq=0/drain=0 | Sources: dex_boosts:ok=1/fail=0/429=0/lim_wait=0/cd_wait=0/err=0.0%/avg=34ms; dexscreener:ok=10/fail=0/429=0/lim_wait=0/cd_wait=0/err=0.0%/avg=45ms; onchain_enrich:ok=4/fail=0/429=0/lim_wait=0/cd_wait=0/err=0.0%/avg=34ms | Tasks: 3 | RSS: 0.0MB | CycleAvg: 11.15s
2026-02-27 10:36:09,015 [INFO] [u_station_ab_night_autotune_v2] monitor.onchain_factory: PAIR_DETECTED source=uniswap_v2 dex=uniswap_v2 pair=0x720718ee528f82703a304cc9cecbe231e4f3bd41 token0=0x4200000000000000000000000000000000000006 token1=0x664900f081819d2e9314b314820c6592ad2beb07 block=42697803 factory=0x8909dc15e40173ff4699343b6eb8132c65e18ec6
2026-02-27 10:36:09,016 [INFO] [u_station_ab_night_autotune_v2] monitor.onchain_factory: PAIR_DETECTED source=uniswap_v2 dex=uniswap_v2 pair=0x36b785514de4594b557c5f8ca7f3c0c5de99b4e0 token0=0x4200000000000000000000000000000000000006 token1=0xe393c8d344c5321ed0e7368d77733cff8895ab07 block=42697807 factory=0x8909dc15e40173ff4699343b6eb8132c65e18ec6
2026-02-27 10:36:09,454 [INFO] [u_station_ab_night_autotune_v2] monitor.onchain_factory: ENRICH_RETRY token=0x664900f081819d2e9314b314820c6592ad2beb07 pair=0x720718ee528f82703a304cc9cecbe231e4f3bd41 attempt=1/2 delay=10s
2026-02-27 10:36:09,547 [INFO] [u_station_ab_night_autotune_v2] monitor.onchain_factory: ENRICH_RETRY token=0xe393c8d344c5321ed0e7368d77733cff8895ab07 pair=0x36b785514de4594b557c5f8ca7f3c0c5de99b4e0 attempt=1/2 delay=10s
2026-02-27 10:36:09,599 [INFO] [u_station_ab_night_autotune_v2] monitor.onchain_factory: ENRICH_RETRY token=0x52d6cd39d194d542fcb18ddab5a0a4eef9ca8fae pair=0xe43163dc54783f397b611ce0bca36ea530ba090d attempt=1/2 delay=10s
2026-02-27 10:36:19,686 [INFO] [u_station_ab_night_autotune_v2] __main__: WATCHLIST merged count=3
2026-02-27 10:36:19,686 [INFO] [u_station_ab_night_autotune_v2] trading.v2_runtime: V2_UNIVERSE in=3 dedup=3 out=2 target=2 novel_target=2 novel_out=0 repeat_dropped=1 symbol_dropped=0 surge_in=0 surge_target=0 surge_out=0
2026-02-27 10:36:19,686 [INFO] [u_station_ab_night_autotune_v2] __main__: V2_UNIVERSE cycle=8 before=3 after=2
2026-02-27 10:36:19,686 [INFO] [u_station_ab_night_autotune_v2] __main__: FILTER_PASS token=cbBTC tier=A score=100 mode=YELLOW risk=MEDIUM liq=19861195 vol5m=97893
2026-02-27 10:36:19,686 [INFO] [u_station_ab_night_autotune_v2] __main__: FILTER_PASS token=VIRTUAL tier=A score=95 mode=YELLOW risk=MEDIUM liq=7793670 vol5m=5972
2026-02-27 10:36:19,701 [INFO] [u_station_ab_night_autotune_v2] __main__: V2_QUALITY_GATE enabled=True regime=YELLOW in=2 out=2 core_out=1 explore_out=1 probe_out=0 quota=1 max_symbol_share=0.500 drop={} sources_used={'watchlist': 2}
2026-02-27 10:36:19,703 [INFO] [u_station_ab_night_autotune_v2] __main__: V2_ENTRY_ROUTE enabled=True regime=YELLOW in=2 out=2 core_out=1 explore_out=1 quota=1 allow_explore=True
2026-02-27 10:36:19,703 [INFO] [u_station_ab_night_autotune_v2] __main__: MARKET_REGIME mode=YELLOW reason=avg_cand=2.12 avg_cand_recent=2.12
2026-02-27 10:36:19,703 [INFO] [u_station_ab_night_autotune_v2] trading.auto_trader: AutoTrade skip token=cbBTC reason=disabled_or_limits detail=max_tx_per_day 180/180
2026-02-27 10:36:19,703 [INFO] [u_station_ab_night_autotune_v2] trading.auto_trader: AutoTrade skip token=VIRTUAL reason=disabled_or_limits detail=max_tx_per_day 180/180
2026-02-27 10:36:19,703 [INFO] [u_station_ab_night_autotune_v2] trading.auto_trader: AutoTrade batch mode=top_n candidates=2 eligible=2 selected=2 opened=0 pe=off burst_window=0
2026-02-27 10:36:19,703 [INFO] [u_station_ab_night_autotune_v2] __main__: Scanned 2 tokens | High quality: 2 | Alerts sent: 0 | Trade candidates: 2 | Quality out/core/explore/probe: 2/1/1/0 | Opened: 0 | Mode: local | Source: onchain+market | Policy: raw=OK/effective=OK(healthy | route=allow_all) | Regime: YELLOW(avg_cand=2.12) | Safety: checked=2 fail_closed=0 reasons=api_code_4029:2 | FiltersTop(session): safe_age:8,score_min:7,safe_volume:2,source_qos_cap:1 | Dedup: heavy_skip=0 override=0 | V2Budget: 2/280 | SourceQoS: enabled=1/in=2/out=2/dropped=0/active_cd=0/drops=none | Ingest: q=0/oldest=0.0s/drop_old=0/dedup_skip=0/enq=0/drain=0 | Sources: dex_boosts:ok=1/fail=0/429=0/lim_wait=0/cd_wait=0/err=0.0%/avg=37ms; dexscreener:ok=10/fail=0/429=0/lim_wait=0/cd_wait=0/err=0.0%/avg=42ms; onchain_enrich:ok=12/fail=0/429=0/lim_wait=0/cd_wait=0/err=0.0%/avg=117ms | Tasks: 3 | RSS: 0.0MB | CycleAvg: 11.07s
2026-02-27 10:36:24,176 [INFO] [u_station_ab_night_autotune_v2] monitor.onchain_factory: ENRICH_RETRY token=0xe393c8d344c5321ed0e7368d77733cff8895ab07 pair=0x36b785514de4594b557c5f8ca7f3c0c5de99b4e0 attempt=1/2 delay=10s
2026-02-27 10:36:24,194 [INFO] [u_station_ab_night_autotune_v2] monitor.onchain_factory: ENRICH_RETRY token=0x52d6cd39d194d542fcb18ddab5a0a4eef9ca8fae pair=0xe43163dc54783f397b611ce0bca36ea530ba090d attempt=1/2 delay=10s
2026-02-27 10:36:24,195 [INFO] [u_station_ab_night_autotune_v2] monitor.onchain_factory: ENRICH_RETRY token=0x664900f081819d2e9314b314820c6592ad2beb07 pair=0x720718ee528f82703a304cc9cecbe231e4f3bd41 attempt=1/2 delay=10s
2026-02-27 10:36:34,277 [INFO] [u_station_ab_night_autotune_v2] __main__: WATCHLIST merged count=3
2026-02-27 10:36:34,277 [INFO] [u_station_ab_night_autotune_v2] trading.v2_runtime: V2_UNIVERSE in=3 dedup=3 out=2 target=2 novel_target=2 novel_out=0 repeat_dropped=1 symbol_dropped=0 surge_in=0 surge_target=0 surge_out=0
2026-02-27 10:36:34,278 [INFO] [u_station_ab_night_autotune_v2] __main__: V2_UNIVERSE cycle=9 before=3 after=2
2026-02-27 10:36:34,278 [INFO] [u_station_ab_night_autotune_v2] __main__: FILTER_PASS token=cbBTC tier=A score=100 mode=YELLOW risk=MEDIUM liq=19861195 vol5m=97893
2026-02-27 10:36:34,279 [INFO] [u_station_ab_night_autotune_v2] __main__: FILTER_PASS token=VIRTUAL tier=A score=95 mode=YELLOW risk=MEDIUM liq=7793670 vol5m=5972
2026-02-27 10:36:34,280 [INFO] [u_station_ab_night_autotune_v2] __main__: V2_QUALITY_GATE enabled=True regime=YELLOW in=2 out=2 core_out=1 explore_out=1 probe_out=0 quota=1 max_symbol_share=0.500 drop={} sources_used={'watchlist': 2}
2026-02-27 10:36:34,281 [INFO] [u_station_ab_night_autotune_v2] __main__: V2_ENTRY_ROUTE enabled=True regime=YELLOW in=2 out=2 core_out=1 explore_out=1 quota=1 allow_explore=True
2026-02-27 10:36:34,281 [INFO] [u_station_ab_night_autotune_v2] __main__: MARKET_REGIME mode=YELLOW reason=avg_cand=2.11 avg_cand_recent=2.11
2026-02-27 10:36:34,282 [INFO] [u_station_ab_night_autotune_v2] trading.auto_trader: AutoTrade skip token=cbBTC reason=disabled_or_limits detail=max_tx_per_day 180/180
2026-02-27 10:36:34,283 [INFO] [u_station_ab_night_autotune_v2] trading.auto_trader: AutoTrade skip token=VIRTUAL reason=disabled_or_limits detail=max_tx_per_day 180/180
2026-02-27 10:36:34,284 [INFO] [u_station_ab_night_autotune_v2] trading.auto_trader: AutoTrade batch mode=top_n candidates=2 eligible=2 selected=2 opened=0 pe=off burst_window=0
2026-02-27 10:36:34,285 [INFO] [u_station_ab_night_autotune_v2] __main__: Scanned 2 tokens | High quality: 2 | Alerts sent: 0 | Trade candidates: 2 | Quality out/core/explore/probe: 2/1/1/0 | Opened: 0 | Mode: local | Source: onchain+market | Policy: raw=OK/effective=OK(healthy | route=allow_all) | Regime: YELLOW(avg_cand=2.11) | Safety: checked=2 fail_closed=0 reasons=api_code_4029:2 | FiltersTop(session): safe_age:8,score_min:7,safe_volume:2,source_qos_cap:1 | Dedup: heavy_skip=0 override=0 | V2Budget: 2/280 | SourceQoS: enabled=1/in=2/out=2/dropped=0/active_cd=0/drops=none | Ingest: q=0/oldest=0.0s/drop_old=0/dedup_skip=0/enq=0/drain=0 | Sources: dex_boosts:ok=1/fail=0/429=0/lim_wait=0/cd_wait=0/err=0.0%/avg=43ms; dexscreener:ok=10/fail=0/429=0/lim_wait=0/cd_wait=0/err=0.0%/avg=200ms; onchain_enrich:ok=12/fail=0/429=0/lim_wait=0/cd_wait=0/err=0.0%/avg=38ms | Tasks: 3 | RSS: 0.0MB | CycleAvg: 11.05s
2026-02-27 10:36:38,771 [INFO] [u_station_ab_night_autotune_v2] monitor.onchain_factory: ENRICH_RETRY token=0x664900f081819d2e9314b314820c6592ad2beb07 pair=0x720718ee528f82703a304cc9cecbe231e4f3bd41 attempt=1/2 delay=10s
2026-02-27 10:36:38,771 [INFO] [u_station_ab_night_autotune_v2] monitor.onchain_factory: ENRICH_RETRY token=0xe393c8d344c5321ed0e7368d77733cff8895ab07 pair=0x36b785514de4594b557c5f8ca7f3c0c5de99b4e0 attempt=1/2 delay=10s
2026-02-27 10:36:38,786 [INFO] [u_station_ab_night_autotune_v2] monitor.onchain_factory: ENRICH_RETRY token=0x52d6cd39d194d542fcb18ddab5a0a4eef9ca8fae pair=0xe43163dc54783f397b611ce0bca36ea530ba090d attempt=1/2 delay=10s
2026-02-27 10:36:49,291 [INFO] [u_station_ab_night_autotune_v2] __main__: WATCHLIST merged count=3
2026-02-27 10:36:49,291 [INFO] [u_station_ab_night_autotune_v2] trading.v2_runtime: V2_UNIVERSE in=4 dedup=4 out=3 target=3 novel_target=3 novel_out=1 repeat_dropped=1 symbol_dropped=0 surge_in=0 surge_target=0 surge_out=0
2026-02-27 10:36:49,291 [INFO] [u_station_ab_night_autotune_v2] __main__: V2_UNIVERSE cycle=10 before=4 after=3
2026-02-27 10:36:49,291 [INFO] [u_station_ab_night_autotune_v2] __main__: FILTER_PASS token=cbBTC tier=A score=100 mode=YELLOW risk=MEDIUM liq=19861195 vol5m=97893
2026-02-27 10:36:49,291 [INFO] [u_station_ab_night_autotune_v2] __main__: FILTER_PASS token=VIRTUAL tier=A score=95 mode=YELLOW risk=MEDIUM liq=7793670 vol5m=5972
2026-02-27 10:36:49,291 [INFO] [u_station_ab_night_autotune_v2] __main__: FILTER_FAIL token=robocoin reason=score_min score=40 strict_min=48 soft_min=48 mode=YELLOW
2026-02-27 10:36:49,291 [INFO] [u_station_ab_night_autotune_v2] __main__: V2_QUALITY_GATE enabled=True regime=YELLOW in=2 out=2 core_out=1 explore_out=1 probe_out=0 quota=1 max_symbol_share=0.500 drop={} sources_used={'watchlist': 2}
2026-02-27 10:36:49,291 [INFO] [u_station_ab_night_autotune_v2] __main__: V2_ENTRY_ROUTE enabled=True regime=YELLOW in=2 out=2 core_out=1 explore_out=1 quota=1 allow_explore=True
2026-02-27 10:36:49,291 [INFO] [u_station_ab_night_autotune_v2] __main__: MARKET_REGIME mode=YELLOW reason=avg_cand=2.10 avg_cand_recent=2.10
2026-02-27 10:36:49,303 [INFO] [u_station_ab_night_autotune_v2] trading.auto_trader: AutoTrade skip token=cbBTC reason=disabled_or_limits detail=max_tx_per_day 180/180
2026-02-27 10:36:49,303 [INFO] [u_station_ab_night_autotune_v2] trading.auto_trader: AutoTrade skip token=VIRTUAL reason=disabled_or_limits detail=max_tx_per_day 180/180
2026-02-27 10:36:49,303 [INFO] [u_station_ab_night_autotune_v2] trading.auto_trader: AutoTrade batch mode=top_n candidates=2 eligible=2 selected=2 opened=0 pe=off burst_window=0
2026-02-27 10:36:49,303 [INFO] [u_station_ab_night_autotune_v2] trading.auto_trader: PAPER_SUMMARY window=60s closed_delta=0 wins_delta=0 losses_delta=0 realized_delta=$0.00 total_closed=90 winrate_total=45.6% realized_total=$0.35 balance=$7.35 equity=$7.35 open=0
2026-02-27 10:36:49,303 [INFO] [u_station_ab_night_autotune_v2] __main__: Scanned 3 tokens | High quality: 2 | Alerts sent: 0 | Trade candidates: 2 | Quality out/core/explore/probe: 2/1/1/0 | Opened: 0 | Mode: local | Source: onchain+market | Policy: raw=OK/effective=OK(healthy | route=allow_all) | Regime: YELLOW(avg_cand=2.10) | Safety: checked=2 fail_closed=0 reasons=api_code_4029:2 | FiltersTop(session): safe_age:8,score_min:8,safe_volume:2,source_qos_cap:1 | Dedup: heavy_skip=0 override=0 | V2Budget: 2/280 | SourceQoS: enabled=1/in=3/out=3/dropped=0/active_cd=0/drops=none | Ingest: q=0/oldest=0.0s/drop_old=0/dedup_skip=0/enq=0/drain=0 | Sources: dex_boosts:ok=1/fail=0/429=0/lim_wait=0/cd_wait=0/err=0.0%/avg=48ms; dexscreener:ok=10/fail=0/429=0/lim_wait=0/cd_wait=0/err=0.0%/avg=53ms; onchain_enrich:ok=11/fail=0/429=0/lim_wait=0/cd_wait=0/err=0.0%/avg=98ms; onchain_weth_price:ok=1/fail=0/429=0/lim_wait=0/cd_wait=0/err=0.0%/avg=57ms | Tasks: 3 | RSS: 0.0MB | CycleAvg: 11.00s
2026-02-27 10:36:53,803 [INFO] [u_station_ab_night_autotune_v2] monitor.onchain_factory: ENRICH_RETRY token=0x52d6cd39d194d542fcb18ddab5a0a4eef9ca8fae pair=0xe43163dc54783f397b611ce0bca36ea530ba090d attempt=1/2 delay=10s
2026-02-27 10:36:53,841 [INFO] [u_station_ab_night_autotune_v2] monitor.onchain_factory: ENRICH_RETRY token=0xe393c8d344c5321ed0e7368d77733cff8895ab07 pair=0x36b785514de4594b557c5f8ca7f3c0c5de99b4e0 attempt=1/2 delay=10s
2026-02-27 10:37:03,920 [INFO] [u_station_ab_night_autotune_v2] __main__: WATCHLIST merged count=3
2026-02-27 10:37:03,920 [INFO] [u_station_ab_night_autotune_v2] trading.v2_runtime: V2_UNIVERSE in=3 dedup=3 out=2 target=2 novel_target=2 novel_out=0 repeat_dropped=1 symbol_dropped=0 surge_in=0 surge_target=0 surge_out=0
2026-02-27 10:37:03,920 [INFO] [u_station_ab_night_autotune_v2] __main__: V2_UNIVERSE cycle=11 before=3 after=2
2026-02-27 10:37:03,920 [INFO] [u_station_ab_night_autotune_v2] __main__: FILTER_PASS token=cbBTC tier=A score=100 mode=YELLOW risk=MEDIUM liq=19861195 vol5m=97893
2026-02-27 10:37:03,920 [INFO] [u_station_ab_night_autotune_v2] __main__: FILTER_PASS token=VIRTUAL tier=A score=95 mode=YELLOW risk=MEDIUM liq=7793670 vol5m=5972
2026-02-27 10:37:03,920 [INFO] [u_station_ab_night_autotune_v2] __main__: V2_QUALITY_GATE enabled=True regime=YELLOW in=2 out=2 core_out=1 explore_out=1 probe_out=0 quota=1 max_symbol_share=0.500 drop={} sources_used={'watchlist': 2}
2026-02-27 10:37:03,920 [INFO] [u_station_ab_night_autotune_v2] __main__: V2_ENTRY_ROUTE enabled=True regime=YELLOW in=2 out=2 core_out=1 explore_out=1 quota=1 allow_explore=True
2026-02-27 10:37:03,920 [INFO] [u_station_ab_night_autotune_v2] __main__: MARKET_REGIME mode=YELLOW reason=avg_cand=2.09 avg_cand_recent=2.09
2026-02-27 10:37:03,920 [INFO] [u_station_ab_night_autotune_v2] trading.auto_trader: AutoTrade skip token=cbBTC reason=disabled_or_limits detail=max_tx_per_day 180/180
2026-02-27 10:37:03,920 [INFO] [u_station_ab_night_autotune_v2] trading.auto_trader: AutoTrade skip token=VIRTUAL reason=disabled_or_limits detail=max_tx_per_day 180/180
2026-02-27 10:37:03,920 [INFO] [u_station_ab_night_autotune_v2] trading.auto_trader: AutoTrade batch mode=top_n candidates=2 eligible=2 selected=2 opened=0 pe=off burst_window=0
2026-02-27 10:37:03,920 [INFO] [u_station_ab_night_autotune_v2] __main__: Scanned 2 tokens | High quality: 2 | Alerts sent: 0 | Trade candidates: 2 | Quality out/core/explore/probe: 2/1/1/0 | Opened: 0 | Mode: local | Source: onchain+market | Policy: raw=OK/effective=OK(healthy | route=allow_all) | Regime: YELLOW(avg_cand=2.09) | Safety: checked=2 fail_closed=0 reasons=api_code_4029:2 | FiltersTop(session): safe_age:8,score_min:8,safe_volume:2,source_qos_cap:1 | Dedup: heavy_skip=0 override=0 | V2Budget: 2/280 | SourceQoS: enabled=1/in=2/out=2/dropped=0/active_cd=0/drops=none | Ingest: q=1/oldest=9.7s/drop_old=0/dedup_skip=0/enq=1/drain=0 | Sources: dex_boosts:ok=1/fail=0/429=0/lim_wait=0/cd_wait=0/err=0.0%/avg=34ms; dexscreener:ok=10/fail=0/429=0/lim_wait=0/cd_wait=0/err=0.0%/avg=47ms; geckoterminal:ok=1/fail=0/429=0/lim_wait=0/cd_wait=0/err=0.0%/avg=314ms; onchain_enrich:ok=8/fail=0/429=0/lim_wait=0/cd_wait=0/err=0.0%/avg=45ms | Tasks: 3 | RSS: 0.0MB | CycleAvg: 11.00s
2026-02-27 10:37:08,203 [INFO] [u_station_ab_night_autotune_v2] monitor.onchain_factory: PAIR_DETECTED source=uniswap_v2 dex=uniswap_v2 pair=0xf932cd8dfe82375fa2e02bf78df9195e2ef60a66 token0=0x4200000000000000000000000000000000000006 token1=0xe8791cd4e0c8a984197681154f4bc893040bab07 block=42697837 factory=0x8909dc15e40173ff4699343b6eb8132c65e18ec6
2026-02-27 10:37:08,203 [INFO] [u_station_ab_night_autotune_v2] monitor.onchain_factory: PAIR_DETECTED source=uniswap_v2 dex=uniswap_v2 pair=0xf20b9d72585b893ab9f25afe52db962ea7fc462a token0=0x4200000000000000000000000000000000000006 token1=0xd81de6cfd2c8fbe3d3c761187800962c2ff7eb07 block=42697838 factory=0x8909dc15e40173ff4699343b6eb8132c65e18ec6
2026-02-27 10:37:08,448 [INFO] [u_station_ab_night_autotune_v2] monitor.onchain_factory: ENRICH_RETRY token=0xe393c8d344c5321ed0e7368d77733cff8895ab07 pair=0x36b785514de4594b557c5f8ca7f3c0c5de99b4e0 attempt=1/2 delay=10s
2026-02-27 10:37:08,453 [INFO] [u_station_ab_night_autotune_v2] monitor.onchain_factory: ENRICH_RETRY token=0x52d6cd39d194d542fcb18ddab5a0a4eef9ca8fae pair=0xe43163dc54783f397b611ce0bca36ea530ba090d attempt=1/2 delay=10s
2026-02-27 10:37:08,835 [INFO] [u_station_ab_night_autotune_v2] monitor.onchain_factory: ENRICH_RETRY token=0xe8791cd4e0c8a984197681154f4bc893040bab07 pair=0xf932cd8dfe82375fa2e02bf78df9195e2ef60a66 attempt=1/2 delay=10s
2026-02-27 10:37:09,116 [INFO] [u_station_ab_night_autotune_v2] monitor.onchain_factory: ENRICH_RETRY token=0xd81de6cfd2c8fbe3d3c761187800962c2ff7eb07 pair=0xf20b9d72585b893ab9f25afe52db962ea7fc462a attempt=1/2 delay=10s
2026-02-27 10:37:19,203 [INFO] [u_station_ab_night_autotune_v2] __main__: WATCHLIST merged count=3
2026-02-27 10:37:19,203 [INFO] [u_station_ab_night_autotune_v2] trading.v2_runtime: V2_UNIVERSE in=4 dedup=4 out=3 target=3 novel_target=3 novel_out=0 repeat_dropped=1 symbol_dropped=0 surge_in=0 surge_target=0 surge_out=0
2026-02-27 10:37:19,203 [INFO] [u_station_ab_night_autotune_v2] __main__: V2_UNIVERSE cycle=12 before=4 after=3
2026-02-27 10:37:19,203 [INFO] [u_station_ab_night_autotune_v2] __main__: FILTER_PASS token=cbBTC tier=A score=100 mode=YELLOW risk=MEDIUM liq=19861195 vol5m=97893
2026-02-27 10:37:19,219 [INFO] [u_station_ab_night_autotune_v2] __main__: FILTER_PASS token=VIRTUAL tier=A score=95 mode=YELLOW risk=MEDIUM liq=7793670 vol5m=5972
2026-02-27 10:37:19,219 [INFO] [u_station_ab_night_autotune_v2] __main__: FILTER_FAIL token=robocoin reason=score_min score=40 strict_min=48 soft_min=48 mode=YELLOW
2026-02-27 10:37:19,219 [INFO] [u_station_ab_night_autotune_v2] __main__: V2_QUALITY_GATE enabled=True regime=YELLOW in=2 out=2 core_out=1 explore_out=1 probe_out=0 quota=1 max_symbol_share=0.500 drop={} sources_used={'watchlist': 2}
2026-02-27 10:37:19,219 [INFO] [u_station_ab_night_autotune_v2] __main__: V2_ENTRY_ROUTE enabled=True regime=YELLOW in=2 out=2 core_out=1 explore_out=1 quota=1 allow_explore=True
2026-02-27 10:37:19,219 [INFO] [u_station_ab_night_autotune_v2] __main__: MARKET_REGIME mode=YELLOW reason=avg_cand=2.08 avg_cand_recent=2.08
2026-02-27 10:37:19,219 [INFO] [u_station_ab_night_autotune_v2] trading.auto_trader: AutoTrade skip token=cbBTC reason=disabled_or_limits detail=max_tx_per_day 180/180
2026-02-27 10:37:19,234 [INFO] [u_station_ab_night_autotune_v2] trading.auto_trader: AutoTrade skip token=VIRTUAL reason=disabled_or_limits detail=max_tx_per_day 180/180
2026-02-27 10:37:19,234 [INFO] [u_station_ab_night_autotune_v2] trading.auto_trader: AutoTrade batch mode=top_n candidates=2 eligible=2 selected=2 opened=0 pe=off burst_window=0
2026-02-27 10:37:19,238 [INFO] [u_station_ab_night_autotune_v2] __main__: Scanned 3 tokens | High quality: 2 | Alerts sent: 0 | Trade candidates: 2 | Quality out/core/explore/probe: 2/1/1/0 | Opened: 0 | Mode: local | Source: onchain+market | Policy: raw=OK/effective=OK(healthy | route=allow_all) | Regime: YELLOW(avg_cand=2.08) | Safety: checked=2 fail_closed=0 reasons=api_code_4029:2 | FiltersTop(session): score_min:9,safe_age:8,safe_volume:2,source_qos_cap:1 | Dedup: heavy_skip=0 override=0 | V2Budget: 2/280 | SourceQoS: enabled=1/in=3/out=3/dropped=0/active_cd=0/drops=none | Ingest: q=0/oldest=0.0s/drop_old=0/dedup_skip=0/enq=0/drain=1 | Sources: dex_boosts:ok=1/fail=0/429=0/lim_wait=0/cd_wait=0/err=0.0%/avg=71ms; dexscreener:ok=10/fail=0/429=0/lim_wait=0/cd_wait=0/err=0.0%/avg=208ms; onchain_enrich:ok=16/fail=0/429=0/lim_wait=0/cd_wait=0/err=0.0%/avg=120ms | Tasks: 3 | RSS: 0.0MB | CycleAvg: 10.97s
2026-02-27 10:37:23,746 [INFO] [u_station_ab_night_autotune_v2] monitor.onchain_factory: ENRICH_RETRY token=0xd81de6cfd2c8fbe3d3c761187800962c2ff7eb07 pair=0xf20b9d72585b893ab9f25afe52db962ea7fc462a attempt=1/2 delay=10s
2026-02-27 10:37:23,754 [INFO] [u_station_ab_night_autotune_v2] monitor.onchain_factory: ENRICH_RETRY token=0xe8791cd4e0c8a984197681154f4bc893040bab07 pair=0xf932cd8dfe82375fa2e02bf78df9195e2ef60a66 attempt=1/2 delay=10s
2026-02-27 10:37:24,155 [INFO] [u_station_ab_night_autotune_v2] monitor.onchain_factory: ENRICH_RETRY token=0x52d6cd39d194d542fcb18ddab5a0a4eef9ca8fae pair=0xe43163dc54783f397b611ce0bca36ea530ba090d attempt=1/2 delay=10s
2026-02-27 10:37:34,243 [INFO] [u_station_ab_night_autotune_v2] __main__: WATCHLIST merged count=3
2026-02-27 10:37:34,243 [INFO] [u_station_ab_night_autotune_v2] trading.v2_runtime: V2_UNIVERSE in=4 dedup=4 out=3 target=3 novel_target=3 novel_out=1 repeat_dropped=1 symbol_dropped=0 surge_in=0 surge_target=0 surge_out=0
2026-02-27 10:37:34,243 [INFO] [u_station_ab_night_autotune_v2] __main__: V2_UNIVERSE cycle=13 before=4 after=3
2026-02-27 10:37:34,243 [INFO] [u_station_ab_night_autotune_v2] __main__: FILTER_PASS token=cbBTC tier=A score=100 mode=YELLOW risk=MEDIUM liq=19861195 vol5m=97893
2026-02-27 10:37:34,243 [INFO] [u_station_ab_night_autotune_v2] __main__: FILTER_PASS token=VIRTUAL tier=A score=95 mode=YELLOW risk=MEDIUM liq=7793670 vol5m=5972
2026-02-27 10:37:34,243 [INFO] [u_station_ab_night_autotune_v2] __main__: FILTER_FAIL token=Patty reason=score_min score=20 strict_min=48 soft_min=48 mode=YELLOW
2026-02-27 10:37:34,243 [INFO] [u_station_ab_night_autotune_v2] __main__: V2_QUALITY_GATE enabled=True regime=YELLOW in=2 out=2 core_out=1 explore_out=1 probe_out=0 quota=1 max_symbol_share=0.500 drop={} sources_used={'watchlist': 2}
2026-02-27 10:37:34,249 [INFO] [u_station_ab_night_autotune_v2] __main__: V2_ENTRY_ROUTE enabled=True regime=YELLOW in=2 out=2 core_out=1 explore_out=1 quota=1 allow_explore=True
2026-02-27 10:37:34,249 [INFO] [u_station_ab_night_autotune_v2] __main__: MARKET_REGIME mode=YELLOW reason=avg_cand=2.08 avg_cand_recent=2.08
2026-02-27 10:37:34,250 [INFO] [u_station_ab_night_autotune_v2] trading.auto_trader: AutoTrade skip token=cbBTC reason=disabled_or_limits detail=max_tx_per_day 180/180
2026-02-27 10:37:34,250 [INFO] [u_station_ab_night_autotune_v2] trading.auto_trader: AutoTrade skip token=VIRTUAL reason=disabled_or_limits detail=max_tx_per_day 180/180
2026-02-27 10:37:34,250 [INFO] [u_station_ab_night_autotune_v2] trading.auto_trader: AutoTrade batch mode=top_n candidates=2 eligible=2 selected=2 opened=0 pe=off burst_window=0
2026-02-27 10:37:34,253 [INFO] [u_station_ab_night_autotune_v2] __main__: Scanned 3 tokens | High quality: 2 | Alerts sent: 0 | Trade candidates: 2 | Quality out/core/explore/probe: 2/1/1/0 | Opened: 0 | Mode: local | Source: onchain+market | Policy: raw=OK/effective=OK(healthy | route=allow_all) | Regime: YELLOW(avg_cand=2.08) | Safety: checked=2 fail_closed=0 reasons=api_code_4029:2 | FiltersTop(session): score_min:10,safe_age:8,safe_volume:2,source_qos_cap:1 | Dedup: heavy_skip=0 override=0 | V2Budget: 2/280 | SourceQoS: enabled=1/in=3/out=3/dropped=0/active_cd=0/drops=none | Ingest: q=0/oldest=0.0s/drop_old=0/dedup_skip=0/enq=0/drain=0 | Sources: dex_boosts:ok=1/fail=0/429=0/lim_wait=0/cd_wait=0/err=0.0%/avg=56ms; dexscreener:ok=10/fail=0/429=0/lim_wait=0/cd_wait=0/err=0.0%/avg=82ms; onchain_enrich:ok=13/fail=0/429=0/lim_wait=0/cd_wait=0/err=0.0%/avg=90ms | Tasks: 3 | RSS: 0.0MB | CycleAvg: 11.00s
2026-02-27 10:37:38,836 [INFO] [u_station_ab_night_autotune_v2] monitor.onchain_factory: ENRICH_RETRY token=0xe8791cd4e0c8a984197681154f4bc893040bab07 pair=0xf932cd8dfe82375fa2e02bf78df9195e2ef60a66 attempt=1/2 delay=10s
2026-02-27 10:37:38,836 [INFO] [u_station_ab_night_autotune_v2] monitor.onchain_factory: ENRICH_RETRY token=0xd81de6cfd2c8fbe3d3c761187800962c2ff7eb07 pair=0xf20b9d72585b893ab9f25afe52db962ea7fc462a attempt=1/2 delay=10s
2026-02-27 10:37:38,853 [INFO] [u_station_ab_night_autotune_v2] monitor.onchain_factory: ENRICH_RETRY token=0x52d6cd39d194d542fcb18ddab5a0a4eef9ca8fae pair=0xe43163dc54783f397b611ce0bca36ea530ba090d attempt=1/2 delay=10s
2026-02-27 10:37:48,954 [INFO] [u_station_ab_night_autotune_v2] __main__: WATCHLIST merged count=3
2026-02-27 10:37:48,954 [INFO] [u_station_ab_night_autotune_v2] trading.v2_runtime: V2_UNIVERSE in=5 dedup=5 out=4 target=4 novel_target=4 novel_out=2 repeat_dropped=1 symbol_dropped=0 surge_in=0 surge_target=0 surge_out=0
2026-02-27 10:37:48,954 [INFO] [u_station_ab_night_autotune_v2] __main__: V2_UNIVERSE cycle=14 before=5 after=4
2026-02-27 10:37:48,970 [INFO] [u_station_ab_night_autotune_v2] __main__: FILTER_PASS token=cbBTC tier=A score=100 mode=YELLOW risk=MEDIUM liq=19861195 vol5m=97893
2026-02-27 10:37:48,972 [INFO] [u_station_ab_night_autotune_v2] __main__: FILTER_FAIL token=Patty reason=score_min score=40 strict_min=48 soft_min=48 mode=YELLOW
2026-02-27 10:37:48,972 [INFO] [u_station_ab_night_autotune_v2] __main__: FILTER_FAIL token=Life reason=score_min score=40 strict_min=48 soft_min=48 mode=YELLOW
2026-02-27 10:37:48,972 [INFO] [u_station_ab_night_autotune_v2] __main__: FILTER_PASS token=VIRTUAL tier=A score=95 mode=YELLOW risk=MEDIUM liq=7793670 vol5m=5972
2026-02-27 10:37:48,972 [INFO] [u_station_ab_night_autotune_v2] __main__: V2_QUALITY_GATE enabled=True regime=YELLOW in=2 out=2 core_out=1 explore_out=1 probe_out=0 quota=1 max_symbol_share=0.500 drop={} sources_used={'watchlist': 2}
2026-02-27 10:37:48,972 [INFO] [u_station_ab_night_autotune_v2] __main__: V2_ENTRY_ROUTE enabled=True regime=YELLOW in=2 out=2 core_out=1 explore_out=1 quota=1 allow_explore=True
2026-02-27 10:37:48,972 [INFO] [u_station_ab_night_autotune_v2] __main__: MARKET_REGIME mode=YELLOW reason=avg_cand=2.00 avg_cand_recent=2.00
2026-02-27 10:37:48,972 [INFO] [u_station_ab_night_autotune_v2] trading.auto_trader: AutoTrade skip token=cbBTC reason=disabled_or_limits detail=max_tx_per_day 180/180
2026-02-27 10:37:48,972 [INFO] [u_station_ab_night_autotune_v2] trading.auto_trader: AutoTrade skip token=VIRTUAL reason=disabled_or_limits detail=max_tx_per_day 180/180
2026-02-27 10:37:48,972 [INFO] [u_station_ab_night_autotune_v2] trading.auto_trader: AutoTrade batch mode=top_n candidates=2 eligible=2 selected=2 opened=0 pe=off burst_window=0
2026-02-27 10:37:48,972 [INFO] [u_station_ab_night_autotune_v2] __main__: Scanned 4 tokens | High quality: 2 | Alerts sent: 0 | Trade candidates: 2 | Quality out/core/explore/probe: 2/1/1/0 | Opened: 0 | Mode: local | Source: onchain+market | Policy: raw=OK/effective=OK(healthy | route=allow_all) | Regime: YELLOW(avg_cand=2.00) | Safety: checked=2 fail_closed=0 reasons=api_code_4029:2 | FiltersTop(session): score_min:12,safe_age:8,safe_volume:2,source_qos_cap:1 | Dedup: heavy_skip=0 override=0 | V2Budget: 2/280 | SourceQoS: enabled=1/in=4/out=4/dropped=0/active_cd=0/drops=none | Ingest: q=0/oldest=0.0s/drop_old=0/dedup_skip=0/enq=0/drain=0 | Sources: dex_boosts:ok=1/fail=0/429=0/lim_wait=0/cd_wait=0/err=0.0%/avg=64ms; dexscreener:ok=10/fail=0/429=0/lim_wait=0/cd_wait=0/err=0.0%/avg=65ms; onchain_enrich:ok=10/fail=0/429=0/lim_wait=0/cd_wait=0/err=0.0%/avg=60ms | Tasks: 3 | RSS: 0.0MB | CycleAvg: 11.00s
2026-02-27 10:37:53,482 [INFO] [u_station_ab_night_autotune_v2] monitor.onchain_factory: ENRICH_RETRY token=0x52d6cd39d194d542fcb18ddab5a0a4eef9ca8fae pair=0xe43163dc54783f397b611ce0bca36ea530ba090d attempt=1/2 delay=10s
2026-02-27 10:38:04,023 [INFO] [u_station_ab_night_autotune_v2] __main__: WATCHLIST merged count=3
2026-02-27 10:38:04,023 [INFO] [u_station_ab_night_autotune_v2] trading.v2_runtime: V2_UNIVERSE in=3 dedup=3 out=2 target=2 novel_target=2 novel_out=0 repeat_dropped=1 symbol_dropped=0 surge_in=0 surge_target=0 surge_out=0
2026-02-27 10:38:04,023 [INFO] [u_station_ab_night_autotune_v2] __main__: V2_UNIVERSE cycle=15 before=3 after=2
2026-02-27 10:38:04,023 [INFO] [u_station_ab_night_autotune_v2] __main__: FILTER_PASS token=cbBTC tier=A score=100 mode=YELLOW risk=MEDIUM liq=19861195 vol5m=97893
2026-02-27 10:38:04,023 [INFO] [u_station_ab_night_autotune_v2] __main__: FILTER_PASS token=VIRTUAL tier=A score=95 mode=YELLOW risk=MEDIUM liq=7793670 vol5m=5972
2026-02-27 10:38:04,023 [INFO] [u_station_ab_night_autotune_v2] __main__: V2_QUALITY_GATE enabled=True regime=YELLOW in=2 out=2 core_out=1 explore_out=1 probe_out=0 quota=1 max_symbol_share=0.500 drop={} sources_used={'watchlist': 2}
2026-02-27 10:38:04,023 [INFO] [u_station_ab_night_autotune_v2] __main__: V2_ENTRY_ROUTE enabled=True regime=YELLOW in=2 out=2 core_out=1 explore_out=1 quota=1 allow_explore=True
2026-02-27 10:38:04,023 [INFO] [u_station_ab_night_autotune_v2] __main__: MARKET_REGIME mode=YELLOW reason=avg_cand=2.00 avg_cand_recent=2.00
2026-02-27 10:38:04,023 [INFO] [u_station_ab_night_autotune_v2] trading.auto_trader: AutoTrade skip token=cbBTC reason=disabled_or_limits detail=max_tx_per_day 180/180
2026-02-27 10:38:04,023 [INFO] [u_station_ab_night_autotune_v2] trading.auto_trader: AutoTrade skip token=VIRTUAL reason=disabled_or_limits detail=max_tx_per_day 180/180
2026-02-27 10:38:04,023 [INFO] [u_station_ab_night_autotune_v2] trading.auto_trader: AutoTrade batch mode=top_n candidates=2 eligible=2 selected=2 opened=0 pe=off burst_window=0
2026-02-27 10:38:04,023 [INFO] [u_station_ab_night_autotune_v2] trading.auto_trader: PAPER_SUMMARY window=60s closed_delta=0 wins_delta=0 losses_delta=0 realized_delta=$0.00 total_closed=90 winrate_total=45.6% realized_total=$0.35 balance=$7.35 equity=$7.35 open=0
2026-02-27 10:38:04,039 [INFO] [u_station_ab_night_autotune_v2] __main__: Scanned 2 tokens | High quality: 2 | Alerts sent: 0 | Trade candidates: 2 | Quality out/core/explore/probe: 2/1/1/0 | Opened: 0 | Mode: local | Source: onchain+market | Policy: raw=OK/effective=OK(healthy | route=allow_all) | Regime: YELLOW(avg_cand=2.00) | Safety: checked=2 fail_closed=0 reasons=api_code_4029:2 | FiltersTop(session): score_min:12,safe_age:8,safe_volume:2,source_qos_cap:1 | Dedup: heavy_skip=0 override=0 | V2Budget: 2/280 | SourceQoS: enabled=1/in=2/out=2/dropped=0/active_cd=0/drops=none | Ingest: q=0/oldest=0.0s/drop_old=0/dedup_skip=0/enq=0/drain=0 | Sources: dex_boosts:ok=1/fail=0/429=0/lim_wait=0/cd_wait=0/err=0.0%/avg=41ms; dexscreener:ok=10/fail=0/429=0/lim_wait=0/cd_wait=0/err=0.0%/avg=224ms; onchain_enrich:ok=4/fail=0/429=0/lim_wait=0/cd_wait=0/err=0.0%/avg=147ms; onchain_weth_price:ok=1/fail=0/429=0/lim_wait=0/cd_wait=0/err=0.0%/avg=51ms | Tasks: 3 | RSS: 0.0MB | CycleAvg: 10.98s
2026-02-27 10:38:08,519 [INFO] [u_station_ab_night_autotune_v2] monitor.onchain_factory: ENRICH_RETRY token=0x52d6cd39d194d542fcb18ddab5a0a4eef9ca8fae pair=0xe43163dc54783f397b611ce0bca36ea530ba090d attempt=1/2 delay=10s
2026-02-27 10:38:18,603 [INFO] [u_station_ab_night_autotune_v2] __main__: WATCHLIST merged count=3
2026-02-27 10:38:18,603 [INFO] [u_station_ab_night_autotune_v2] trading.v2_runtime: V2_UNIVERSE in=3 dedup=3 out=3 target=3 novel_target=3 novel_out=0 repeat_dropped=0 symbol_dropped=0 surge_in=0 surge_target=0 surge_out=0
2026-02-27 10:38:18,603 [INFO] [u_station_ab_night_autotune_v2] __main__: FILTER_PASS token=cbBTC tier=A score=100 mode=YELLOW risk=MEDIUM liq=19861195 vol5m=97893
2026-02-27 10:38:18,603 [INFO] [u_station_ab_night_autotune_v2] __main__: FILTER_PASS token=VIRTUAL tier=A score=95 mode=YELLOW risk=MEDIUM liq=7793670 vol5m=5972
2026-02-27 10:38:18,603 [INFO] [u_station_ab_night_autotune_v2] __main__: FILTER_PASS token=AERO tier=A score=75 mode=YELLOW risk=MEDIUM liq=2691645 vol5m=9
2026-02-27 10:38:18,603 [INFO] [u_station_ab_night_autotune_v2] __main__: V2_QUALITY_GATE enabled=True regime=YELLOW in=3 out=3 core_out=1 explore_out=2 probe_out=0 quota=2 max_symbol_share=0.333 drop={} sources_used={'watchlist': 3}
2026-02-27 10:38:18,603 [INFO] [u_station_ab_night_autotune_v2] __main__: V2_ENTRY_ROUTE enabled=True regime=YELLOW in=3 out=2 core_out=1 explore_out=1 quota=1 allow_explore=True
2026-02-27 10:38:18,603 [INFO] [u_station_ab_night_autotune_v2] __main__: MARKET_REGIME mode=YELLOW reason=avg_cand=2.08 avg_cand_recent=2.08
2026-02-27 10:38:18,603 [INFO] [u_station_ab_night_autotune_v2] trading.auto_trader: AutoTrade skip token=cbBTC reason=disabled_or_limits detail=max_tx_per_day 180/180
2026-02-27 10:38:18,603 [INFO] [u_station_ab_night_autotune_v2] trading.auto_trader: AutoTrade skip token=VIRTUAL reason=disabled_or_limits detail=max_tx_per_day 180/180
2026-02-27 10:38:18,603 [INFO] [u_station_ab_night_autotune_v2] trading.auto_trader: AutoTrade batch mode=top_n candidates=2 eligible=2 selected=2 opened=0 pe=off burst_window=0
2026-02-27 10:38:18,603 [INFO] [u_station_ab_night_autotune_v2] __main__: Scanned 3 tokens | High quality: 3 | Alerts sent: 0 | Trade candidates: 3 | Quality out/core/explore/probe: 3/1/2/0 | Opened: 0 | Mode: local | Source: onchain+market | Policy: raw=OK/effective=OK(healthy | route=allow_all) | Regime: YELLOW(avg_cand=2.08) | Safety: checked=3 fail_closed=0 reasons=api_code_4029:3 | FiltersTop(session): score_min:12,safe_age:8,safe_volume:2,source_qos_cap:1 | Dedup: heavy_skip=0 override=0 | V2Budget: 3/280 | SourceQoS: enabled=1/in=3/out=3/dropped=0/active_cd=0/drops=none | Ingest: q=1/oldest=9.2s/drop_old=0/dedup_skip=0/enq=1/drain=0 | Sources: dex_boosts:ok=1/fail=0/429=0/lim_wait=0/cd_wait=0/err=0.0%/avg=44ms; dexscreener:ok=10/fail=0/429=0/lim_wait=0/cd_wait=0/err=0.0%/avg=47ms; geckoterminal:ok=1/fail=0/429=0/lim_wait=0/cd_wait=0/err=0.0%/avg=253ms; onchain_enrich:ok=4/fail=0/429=0/lim_wait=0/cd_wait=0/err=0.0%/avg=35ms | Tasks: 3 | RSS: 0.0MB | CycleAvg: 10.98s
2026-02-27 10:38:22,921 [INFO] [u_station_ab_night_autotune_v2] monitor.onchain_factory: PAIR_DETECTED source=uniswap_v2 dex=uniswap_v2 pair=0x3c8d96bbe261cadaa6af9d9a44e94289bccbd306 token0=0x4200000000000000000000000000000000000006 token1=0x72db621086817c801de9d625412a4eacf3cdab07 block=42697875 factory=0x8909dc15e40173ff4699343b6eb8132c65e18ec6
2026-02-27 10:38:23,175 [INFO] [u_station_ab_night_autotune_v2] monitor.onchain_factory: ENRICH_RETRY token=0x52d6cd39d194d542fcb18ddab5a0a4eef9ca8fae pair=0xe43163dc54783f397b611ce0bca36ea530ba090d attempt=1/2 delay=10s
2026-02-27 10:38:23,535 [INFO] [u_station_ab_night_autotune_v2] monitor.onchain_factory: ENRICH_RETRY token=0x72db621086817c801de9d625412a4eacf3cdab07 pair=0x3c8d96bbe261cadaa6af9d9a44e94289bccbd306 attempt=1/2 delay=10s
2026-02-27 10:38:33,609 [INFO] [u_station_ab_night_autotune_v2] __main__: WATCHLIST merged count=3
2026-02-27 10:38:33,609 [INFO] [u_station_ab_night_autotune_v2] trading.v2_runtime: V2_UNIVERSE in=4 dedup=4 out=3 target=3 novel_target=3 novel_out=0 repeat_dropped=1 symbol_dropped=0 surge_in=0 surge_target=0 surge_out=0
2026-02-27 10:38:33,609 [INFO] [u_station_ab_night_autotune_v2] __main__: V2_UNIVERSE cycle=17 before=4 after=3
2026-02-27 10:38:33,610 [INFO] [u_station_ab_night_autotune_v2] __main__: FILTER_PASS token=cbBTC tier=A score=100 mode=YELLOW risk=MEDIUM liq=19861195 vol5m=97893
2026-02-27 10:38:33,611 [INFO] [u_station_ab_night_autotune_v2] __main__: FILTER_PASS token=VIRTUAL tier=A score=95 mode=YELLOW risk=MEDIUM liq=7793670 vol5m=5972
2026-02-27 10:38:33,612 [INFO] [u_station_ab_night_autotune_v2] __main__: FILTER_FAIL token=Life reason=score_min score=40 strict_min=48 soft_min=48 mode=YELLOW
2026-02-27 10:38:33,613 [INFO] [u_station_ab_night_autotune_v2] __main__: V2_QUALITY_GATE enabled=True regime=YELLOW in=2 out=2 core_out=1 explore_out=1 probe_out=0 quota=1 max_symbol_share=0.500 drop={} sources_used={'watchlist': 2}
2026-02-27 10:38:33,613 [INFO] [u_station_ab_night_autotune_v2] __main__: V2_ENTRY_ROUTE enabled=True regime=YELLOW in=2 out=2 core_out=1 explore_out=1 quota=1 allow_explore=True
2026-02-27 10:38:33,614 [INFO] [u_station_ab_night_autotune_v2] __main__: MARKET_REGIME mode=YELLOW reason=avg_cand=2.08 avg_cand_recent=2.08
2026-02-27 10:38:33,616 [INFO] [u_station_ab_night_autotune_v2] trading.auto_trader: AutoTrade skip token=cbBTC reason=disabled_or_limits detail=max_tx_per_day 180/180
2026-02-27 10:38:33,618 [INFO] [u_station_ab_night_autotune_v2] trading.auto_trader: AutoTrade skip token=VIRTUAL reason=disabled_or_limits detail=max_tx_per_day 180/180
2026-02-27 10:38:33,618 [INFO] [u_station_ab_night_autotune_v2] trading.auto_trader: AutoTrade batch mode=top_n candidates=2 eligible=2 selected=2 opened=0 pe=off burst_window=0
2026-02-27 10:38:33,619 [INFO] [u_station_ab_night_autotune_v2] __main__: Scanned 3 tokens | High quality: 2 | Alerts sent: 0 | Trade candidates: 2 | Quality out/core/explore/probe: 2/1/1/0 | Opened: 0 | Mode: local | Source: onchain+market | Policy: raw=OK/effective=OK(healthy | route=allow_all) | Regime: YELLOW(avg_cand=2.08) | Safety: checked=2 fail_closed=0 reasons=api_code_4029:2 | FiltersTop(session): score_min:13,safe_age:8,safe_volume:2,source_qos_cap:1 | Dedup: heavy_skip=0 override=0 | V2Budget: 2/280 | SourceQoS: enabled=1/in=3/out=3/dropped=0/active_cd=0/drops=none | Ingest: q=0/oldest=0.0s/drop_old=0/dedup_skip=0/enq=0/drain=1 | Sources: dex_boosts:ok=1/fail=0/429=0/lim_wait=0/cd_wait=0/err=0.0%/avg=63ms; dexscreener:ok=10/fail=0/429=0/lim_wait=0/cd_wait=0/err=0.0%/avg=60ms; onchain_enrich:ok=8/fail=0/429=0/lim_wait=0/cd_wait=0/err=0.0%/avg=96ms | Tasks: 3 | RSS: 0.0MB | CycleAvg: 10.95s
2026-02-27 10:38:37,647 [WARNING] [u_station_ab_night_autotune_v2] __main__: GRACEFUL_STOP requested path=D:\earnforme\solana-alert-bot\data\graceful_stop.u_station_ab_night_autotune_v2.signal
2026-02-27 10:38:37,703 [INFO] [u_station_ab_night_autotune_v2] trading.auto_trader: AUTOTRADER_SHUTDOWN reason=main_local_shutdown open=0 closed=90
