2026-02-28 12:45:15,934 [INFO] [u_station_ab_night_autotune_v2] __main__: SESSION_LOG file=logs/matrix/u_station_ab_night_autotune_v2\sessions\main_local_20260228_114515_pid8676.log
2026-02-28 12:45:15,968 [INFO] [u_station_ab_night_autotune_v2] trading.auto_trader_state: AutoTrade state loaded open=0 closed=187 balance=$7.74
2026-02-28 12:45:15,999 [WARNING] [u_station_ab_night_autotune_v2] trading.auto_trader: DATA_POLICY mode=OK reason=init_reset_manual prev_mode=OK prev_reason=healthy | route=allow_all
2026-02-28 12:45:16,000 [INFO] [u_station_ab_night_autotune_v2] __main__: AUTOTRADER_INIT state=ready reason=manual mode=paper
2026-02-28 12:45:16,001 [INFO] [u_station_ab_night_autotune_v2] __main__: Local mode started (Telegram disabled).
2026-02-28 12:45:16,005 [WARNING] [u_station_ab_night_autotune_v2] __main__: RUNTIME_TUNER_CONTROL inactive run_tag=u_station_ab_night_autotune_v2: local adaptive controllers unlocked.
2026-02-28 12:45:16,006 [WARNING] [u_station_ab_night_autotune_v2] __main__: RUNTIME_TUNER_HOT_APPLY run_tag=u_station_ab_night_autotune_v2 keys=2 details=AUTO_TRADE_TOP_N,PAPER_TRADE_SIZE_MAX_USD
2026-02-28 12:45:18,311 [WARNING] [u_station_ab_night_autotune_v2] monitor.watchlist: WATCHLIST low_supply fallback strict=3 final=3 min=12 relax_factor=0.50
2026-02-28 12:45:18,455 [WARNING] [u_station_ab_night_autotune_v2] monitor.watchlist: WATCHLIST low_supply fallback added=2 final=5
2026-02-28 12:45:18,457 [INFO] [u_station_ab_night_autotune_v2] __main__: WATCHLIST merged count=5
2026-02-28 12:45:18,458 [INFO] [u_station_ab_night_autotune_v2] trading.v2_runtime: V2_UNIVERSE in=17 dedup=17 out=17 target=17 novel_target=15 novel_out=17 repeat_dropped=0 symbol_dropped=0 surge_in=8 surge_target=5 surge_out=8
2026-02-28 12:45:18,460 [INFO] [u_station_ab_night_autotune_v2] __main__: FILTER_FAIL token=AP reason=safe_change_5m
2026-02-28 12:45:18,461 [INFO] [u_station_ab_night_autotune_v2] __main__: FILTER_FAIL token=wardog reason=safe_change_5m
2026-02-28 12:45:18,463 [INFO] [u_station_ab_night_autotune_v2] __main__: FILTER_FAIL token=BILL reason=safe_change_5m
2026-02-28 12:45:18,464 [INFO] [u_station_ab_night_autotune_v2] __main__: FILTER_FAIL token=CLAWNCH reason=safe_change_5m
2026-02-28 12:45:18,466 [INFO] [u_station_ab_night_autotune_v2] __main__: FILTER_FAIL token=Peace reason=safe_change_5m
2026-02-28 12:45:18,467 [INFO] [u_station_ab_night_autotune_v2] __main__: FILTER_FAIL token=JET reason=safe_change_5m
2026-02-28 12:45:18,468 [INFO] [u_station_ab_night_autotune_v2] __main__: FILTER_FAIL token=BELLATOR reason=safe_change_5m
2026-02-28 12:45:18,469 [INFO] [u_station_ab_night_autotune_v2] __main__: FILTER_FAIL token=BILL reason=safe_change_5m
2026-02-28 12:45:18,470 [INFO] [u_station_ab_night_autotune_v2] __main__: FILTER_PASS token=cbBTC tier=A score=100 mode=YELLOW risk=MEDIUM liq=19150264 vol5m=50466
2026-02-28 12:45:18,471 [INFO] [u_station_ab_night_autotune_v2] __main__: FILTER_FAIL token=AYA reason=safe_age
2026-02-28 12:45:18,472 [INFO] [u_station_ab_night_autotune_v2] __main__: FILTER_FAIL token=MONSTRO reason=safe_contract
2026-02-28 12:45:18,473 [INFO] [u_station_ab_night_autotune_v2] __main__: FILTER_FAIL token=PUNCH reason=safe_volume vol5m=1 min=6 regime=YELLOW
2026-02-28 12:45:18,473 [INFO] [u_station_ab_night_autotune_v2] __main__: FILTER_PASS token=USD₮0 tier=A score=75 mode=YELLOW risk=MEDIUM liq=120528 vol5m=15
2026-02-28 12:45:18,475 [INFO] [u_station_ab_night_autotune_v2] __main__: FILTER_FAIL token=AERO reason=safe_volume vol5m=1 min=6 regime=YELLOW
2026-02-28 12:45:18,475 [INFO] [u_station_ab_night_autotune_v2] __main__: FILTER_FAIL token=VIRTUAL reason=safe_volume vol5m=0 min=6 regime=YELLOW
2026-02-28 12:45:18,476 [INFO] [u_station_ab_night_autotune_v2] __main__: FILTER_FAIL token=005380 reason=safe_volume vol5m=0 min=6 regime=YELLOW
2026-02-28 12:45:18,477 [INFO] [u_station_ab_night_autotune_v2] __main__: FILTER_FAIL token=DEFI.ssi reason=safe_volume vol5m=0 min=6 regime=YELLOW
2026-02-28 12:45:18,478 [INFO] [u_station_ab_night_autotune_v2] trading.v2_runtime: V2_QUALITY_ROTATE symbols_core=0 symbols_cooldown=0 sources=1 top_core=- top_cooldown=-
2026-02-28 12:45:18,478 [INFO] [u_station_ab_night_autotune_v2] __main__: V2_QUALITY_GATE enabled=True regime=YELLOW in=2 out=2 core_out=1 explore_out=1 probe_out=0 quota=1 max_symbol_share=0.500 drop={} sources_used={'watchlist': 2}
2026-02-28 12:45:18,479 [INFO] [u_station_ab_night_autotune_v2] __main__: V2_ENTRY_ROUTE enabled=True regime=YELLOW in=2 out=2 core_out=1 explore_out=1 quota=1 allow_explore=True
2026-02-28 12:45:18,479 [WARNING] [u_station_ab_night_autotune_v2] trading.auto_trader: DATA_POLICY mode=OK reason=healthy | route=allow_all prev_mode=OK prev_reason=init_reset_manual
2026-02-28 12:45:18,479 [INFO] [u_station_ab_night_autotune_v2] __main__: MARKET_REGIME mode=YELLOW reason=avg_cand=2.00 avg_cand_recent=2.00
2026-02-28 12:45:18,481 [INFO] [u_station_ab_night_autotune_v2] trading.auto_trader: AutoTrade skip token=cbBTC reason=cooldown_left_153s
2026-02-28 12:45:18,511 [INFO] [u_station_ab_night_autotune_v2] trading.auto_trader: AutoTrade adjust token=USD₮0 reason=min_trade_floor size=$0.03->$0.10 min=$0.10
2026-02-28 12:45:18,512 [INFO] [u_station_ab_night_autotune_v2] trading.auto_trader: AutoTrade skip token=USD₮0 reason=edge_low mode=both edge=-29.70% raw=-27.50% mult=1.08 min=0.05% probe_min=0.05% edge_usd=$-0.030 min_usd=$0.000 probe_min_usd=$0.000 size=$0.10 gross=3.20% costs=30.70% pwin=0.45 probe=- budget=0/1
2026-02-28 12:45:18,516 [INFO] [u_station_ab_night_autotune_v2] trading.auto_trader: AutoTrade batch mode=top_n candidates=2 eligible=2 selected=2 opened=0 pe=off burst_window=0
2026-02-28 12:45:18,518 [INFO] [u_station_ab_night_autotune_v2] __main__: FILTER_THRESHOLDS safe_volume_5m_min=$5 safe_liquidity_min=$8000 safe_age_min=240s score_min=48 edge_min=0.05% lock_floor=0.95 no_momentum_max_pnl=0.25 weakness_pnl=-2.60
2026-02-28 12:45:18,518 [INFO] [u_station_ab_night_autotune_v2] __main__: Scanned 17 tokens | High quality: 12 | Alerts sent: 0 | Trade candidates: 2 | Quality out/core/explore/probe: 2/1/1/0 | Opened: 0 | Mode: local | Source: onchain+market | Policy: raw=OK/effective=OK(healthy | route=allow_all) | Regime: YELLOW(avg_cand=2.00) | Safety: checked=3 fail_closed=0 reasons=api_code_4029:3 | FiltersTop(session): safe_change_5m:8,safe_volume:5,safe_age:1,safe_contract:1 | Dedup: heavy_skip=0 override=0 | V2Budget: 3/280 | SourceQoS: enabled=1/in=17/out=17/dropped=0/active_cd=0/drops=none | Ingest: q=0/oldest=0.0s/drop_old=0/dedup_skip=0/enq=12/drain=12 | Sources: dex_boosts:ok=1/fail=0/429=0/lim_wait=0/cd_wait=0/err=0.0%/avg=164ms; dexscreener:ok=10/fail=0/429=0/lim_wait=0/cd_wait=0/err=0.0%/avg=217ms; geckoterminal:ok=2/fail=0/429=0/lim_wait=0/cd_wait=0/err=0.0%/avg=106ms; watchlist_dex:ok=20/fail=0/429=0/lim_wait=0/cd_wait=0/err=0.0%/avg=90ms; watchlist_gecko:ok=8/fail=0/429=0/lim_wait=0/cd_wait=0/err=0.0%/avg=448ms | Tasks: 3 | RSS: 0.0MB | CycleAvg: 0.00s
2026-02-28 12:45:22,947 [INFO] [u_station_ab_night_autotune_v2] __main__: WATCHLIST merged count=5
2026-02-28 12:45:22,948 [INFO] [u_station_ab_night_autotune_v2] trading.v2_runtime: V2_UNIVERSE in=5 dedup=5 out=5 target=5 novel_target=5 novel_out=0 repeat_dropped=0 symbol_dropped=0 surge_in=0 surge_target=0 surge_out=0
2026-02-28 12:45:22,949 [INFO] [u_station_ab_night_autotune_v2] __main__: FILTER_PASS token=cbBTC tier=A score=100 mode=YELLOW risk=MEDIUM liq=19150264 vol5m=50466
2026-02-28 12:45:22,950 [INFO] [u_station_ab_night_autotune_v2] __main__: FILTER_PASS token=USD₮0 tier=A score=75 mode=YELLOW risk=MEDIUM liq=120528 vol5m=15
2026-02-28 12:45:22,951 [INFO] [u_station_ab_night_autotune_v2] __main__: FILTER_FAIL token=AERO reason=safe_volume vol5m=1 min=6 regime=YELLOW
2026-02-28 12:45:22,952 [INFO] [u_station_ab_night_autotune_v2] __main__: FILTER_FAIL token=VIRTUAL reason=safe_volume vol5m=0 min=6 regime=YELLOW
2026-02-28 12:45:22,952 [INFO] [u_station_ab_night_autotune_v2] __main__: FILTER_FAIL token=DEFI.ssi reason=safe_volume vol5m=0 min=6 regime=YELLOW
2026-02-28 12:45:22,953 [INFO] [u_station_ab_night_autotune_v2] __main__: V2_QUALITY_GATE enabled=True regime=YELLOW in=2 out=2 core_out=1 explore_out=1 probe_out=0 quota=1 max_symbol_share=0.500 drop={} sources_used={'watchlist': 2}
2026-02-28 12:45:22,954 [INFO] [u_station_ab_night_autotune_v2] __main__: V2_ENTRY_ROUTE enabled=True regime=YELLOW in=2 out=2 core_out=1 explore_out=1 quota=1 allow_explore=True
2026-02-28 12:45:22,954 [INFO] [u_station_ab_night_autotune_v2] __main__: MARKET_REGIME mode=YELLOW reason=avg_cand=2.00 avg_cand_recent=2.00
2026-02-28 12:45:22,955 [INFO] [u_station_ab_night_autotune_v2] trading.auto_trader: AutoTrade bypass token=cbBTC reason=token_cooldown anti_choke=true left=149s
2026-02-28 12:45:22,968 [INFO] [u_station_ab_night_autotune_v2] trading.auto_trader: AUTO_DECISION token=cbBTC mode=YELLOW tier=A channel=core score=100 src=watchlist liq=19150264 vol5m=50466 chg5m=-0.02% edge=3.39% raw=3.14% regime_mult=1.08 edge_usd=$0.025 size=$0.73 mult=1.35(score=1.15 liq=1.15 vol=1.10 volat=1.05) reinvest=1.01(growth_steps=1 drawdown=0.70% loss_streak=1 edge=5.52%) size_mode=0.80 hold_mode=1.06 exec_lane=runner exec_mult(size=1.10 hold=1.32 edge=0.94) edge_gate_mult(usd=1.00,pct=1.00) quality(edge=1.00,size=1.02 detail=src_mult=1.00 ev=-0.00091 edge(src_relax=0.000 src_tight=0.000 ev_adj=0.016) size(src_relax=0.000 src_cut=0.000 ev_adj=-0.020)) costs=6.46% gas=$0.028 ev_net=$0.00089 ev_samples=132 conf=1.00 pwin=0.55 avg_win=$0.0078 avg_loss=$0.0068 kelly=0.95(k=0.161) token_ev=sparse trades=3<18 cluster=s3|l3|v3|m0|r1 cluster_route=sparse samples=3<10 breakdown={'liquidity_score': 30, 'volume_score': 30, 'risk_score': 15, 'age_score': 15, 'safety_score': 15}
2026-02-28 12:45:23,106 [INFO] [u_station_ab_night_autotune_v2] trading.auto_trader: AUTO_BUY Paper BUY token=cbBTC address=0xcbb7c0000ab88b473b1f5afd9ef808440eed33bf mode=YELLOW tier=A channel=core lane=runner entry=$64020.64000000 size=$0.73 score=100 edge=3.39% edge_usd=$0.025 mult=1.35(score=1.15 liq=1.15 vol=1.10 volat=1.05) hold=134s costs=2.70% gas=$0.03
2026-02-28 12:45:23,233 [INFO] [u_station_ab_night_autotune_v2] trading.auto_trader: AutoTrade adjust token=USD₮0 reason=min_trade_floor size=$0.03->$0.10 min=$0.10
2026-02-28 12:45:23,234 [INFO] [u_station_ab_night_autotune_v2] trading.auto_trader: AutoTrade skip token=USD₮0 reason=edge_low mode=both edge=-29.70% raw=-27.50% mult=1.08 min=0.05% probe_min=0.05% edge_usd=$-0.030 min_usd=$0.000 probe_min_usd=$0.000 size=$0.10 gross=3.20% costs=30.70% pwin=0.45 probe=- budget=0/1
2026-02-28 12:45:23,234 [INFO] [u_station_ab_night_autotune_v2] trading.auto_trader: AutoTrade batch mode=top_n candidates=2 eligible=2 selected=2 opened=1 pe=off burst_window=1
2026-02-28 12:45:23,352 [INFO] [u_station_ab_night_autotune_v2] __main__: Scanned 5 tokens | High quality: 5 | Alerts sent: 0 | Trade candidates: 2 | Quality out/core/explore/probe: 2/1/1/0 | Opened: 1 | Mode: local | Source: onchain+market | Policy: raw=OK/effective=OK(healthy | route=allow_all) | Regime: YELLOW(avg_cand=2.00) | Safety: checked=2 fail_closed=0 reasons=api_code_4029:2 | FiltersTop(session): safe_change_5m:8,safe_volume:8,safe_age:1,safe_contract:1 | Dedup: heavy_skip=0 override=0 | V2Budget: 2/280 | SourceQoS: enabled=1/in=5/out=5/dropped=0/active_cd=0/drops=none | Ingest: q=0/oldest=0.0s/drop_old=0/dedup_skip=0/enq=0/drain=0 | Sources: dex_boosts:ok=1/fail=0/429=0/lim_wait=0/cd_wait=0/err=0.0%/avg=42ms; dexscreener:ok=10/fail=0/429=0/lim_wait=0/cd_wait=0/err=0.0%/avg=51ms | Tasks: 3 | RSS: 0.0MB | CycleAvg: 2.51s
2026-02-28 12:45:27,787 [INFO] [u_station_ab_night_autotune_v2] __main__: WATCHLIST merged count=5
2026-02-28 12:45:27,788 [INFO] [u_station_ab_night_autotune_v2] trading.v2_runtime: V2_UNIVERSE in=5 dedup=5 out=5 target=5 novel_target=5 novel_out=0 repeat_dropped=0 symbol_dropped=0 surge_in=0 surge_target=0 surge_out=0
2026-02-28 12:45:27,789 [INFO] [u_station_ab_night_autotune_v2] __main__: FILTER_PASS token=cbBTC tier=A score=100 mode=YELLOW risk=MEDIUM liq=19150264 vol5m=50466
2026-02-28 12:45:27,790 [INFO] [u_station_ab_night_autotune_v2] __main__: FILTER_PASS token=USD₮0 tier=A score=75 mode=YELLOW risk=MEDIUM liq=120528 vol5m=15
2026-02-28 12:45:27,791 [INFO] [u_station_ab_night_autotune_v2] __main__: FILTER_FAIL token=AERO reason=safe_volume vol5m=1 min=6 regime=YELLOW
2026-02-28 12:45:27,792 [INFO] [u_station_ab_night_autotune_v2] __main__: FILTER_FAIL token=VIRTUAL reason=safe_volume vol5m=0 min=6 regime=YELLOW
2026-02-28 12:45:27,793 [INFO] [u_station_ab_night_autotune_v2] __main__: FILTER_FAIL token=DEFI.ssi reason=safe_volume vol5m=0 min=6 regime=YELLOW
2026-02-28 12:45:27,795 [INFO] [u_station_ab_night_autotune_v2] __main__: V2_QUALITY_GATE enabled=True regime=YELLOW in=2 out=2 core_out=1 explore_out=1 probe_out=0 quota=1 max_symbol_share=0.500 drop={} sources_used={'watchlist': 2}
2026-02-28 12:45:27,795 [INFO] [u_station_ab_night_autotune_v2] __main__: V2_ENTRY_ROUTE enabled=True regime=YELLOW in=2 out=2 core_out=1 explore_out=1 quota=1 allow_explore=True
2026-02-28 12:45:27,796 [INFO] [u_station_ab_night_autotune_v2] __main__: MARKET_REGIME mode=YELLOW reason=avg_cand=2.00 avg_cand_recent=2.00
2026-02-28 12:45:27,796 [INFO] [u_station_ab_night_autotune_v2] trading.auto_trader: AutoTrade batch pre-prefilter removed=1 missing_addr=0 placeholder_addr=0 open_duplicate=1 blacklist=0 hard_blocklist=0
2026-02-28 12:45:27,798 [INFO] [u_station_ab_night_autotune_v2] trading.auto_trader: AutoTrade adjust token=USD₮0 reason=min_trade_floor size=$0.03->$0.10 min=$0.10
2026-02-28 12:45:27,799 [INFO] [u_station_ab_night_autotune_v2] trading.auto_trader: AutoTrade skip token=USD₮0 reason=edge_low mode=both edge=-29.70% raw=-27.50% mult=1.08 min=0.05% probe_min=0.05% edge_usd=$-0.030 min_usd=$0.000 probe_min_usd=$0.000 size=$0.10 gross=3.20% costs=30.70% pwin=0.45 probe=- budget=0/1
2026-02-28 12:45:27,800 [INFO] [u_station_ab_night_autotune_v2] trading.auto_trader: AutoTrade batch mode=top_n candidates=2 eligible=1 selected=1 opened=0 pe=off burst_window=1
2026-02-28 12:45:27,959 [INFO] [u_station_ab_night_autotune_v2] __main__: Scanned 5 tokens | High quality: 5 | Alerts sent: 0 | Trade candidates: 2 | Quality out/core/explore/probe: 2/1/1/0 | Opened: 0 | Mode: local | Source: onchain+market | Policy: raw=OK/effective=OK(healthy | route=allow_all) | Regime: YELLOW(avg_cand=2.00) | Safety: checked=2 fail_closed=0 reasons=api_code_4029:2 | FiltersTop(session): safe_volume:11,safe_change_5m:8,safe_age:1,safe_contract:1 | Dedup: heavy_skip=0 override=0 | V2Budget: 2/280 | SourceQoS: enabled=1/in=5/out=5/dropped=0/active_cd=0/drops=none | Ingest: q=0/oldest=0.0s/drop_old=0/dedup_skip=0/enq=0/drain=0 | Sources: dex_boosts:ok=1/fail=0/429=0/lim_wait=0/cd_wait=0/err=0.0%/avg=51ms; dexscreener:ok=10/fail=0/429=0/lim_wait=0/cd_wait=0/err=0.0%/avg=46ms | Tasks: 3 | RSS: 0.0MB | CycleAvg: 1.67s
2026-02-28 12:45:32,393 [INFO] [u_station_ab_night_autotune_v2] __main__: WATCHLIST merged count=5
2026-02-28 12:45:32,393 [INFO] [u_station_ab_night_autotune_v2] trading.v2_runtime: V2_UNIVERSE in=5 dedup=5 out=5 target=5 novel_target=5 novel_out=0 repeat_dropped=0 symbol_dropped=0 surge_in=0 surge_target=0 surge_out=0
2026-02-28 12:45:32,394 [INFO] [u_station_ab_night_autotune_v2] __main__: FILTER_PASS token=cbBTC tier=A score=100 mode=YELLOW risk=MEDIUM liq=19150264 vol5m=50466
2026-02-28 12:45:32,395 [INFO] [u_station_ab_night_autotune_v2] __main__: FILTER_PASS token=USD₮0 tier=A score=75 mode=YELLOW risk=MEDIUM liq=120528 vol5m=15
2026-02-28 12:45:32,397 [INFO] [u_station_ab_night_autotune_v2] __main__: FILTER_FAIL token=AERO reason=safe_volume vol5m=1 min=6 regime=YELLOW
2026-02-28 12:45:32,398 [INFO] [u_station_ab_night_autotune_v2] __main__: FILTER_FAIL token=VIRTUAL reason=safe_volume vol5m=0 min=6 regime=YELLOW
2026-02-28 12:45:32,399 [INFO] [u_station_ab_night_autotune_v2] __main__: FILTER_FAIL token=DEFI.ssi reason=safe_volume vol5m=0 min=6 regime=YELLOW
2026-02-28 12:45:32,400 [INFO] [u_station_ab_night_autotune_v2] __main__: V2_QUALITY_GATE enabled=True regime=YELLOW in=2 out=2 core_out=1 explore_out=1 probe_out=0 quota=1 max_symbol_share=0.500 drop={} sources_used={'watchlist': 2}
2026-02-28 12:45:32,400 [INFO] [u_station_ab_night_autotune_v2] __main__: V2_ENTRY_ROUTE enabled=True regime=YELLOW in=2 out=2 core_out=1 explore_out=1 quota=1 allow_explore=True
2026-02-28 12:45:32,401 [INFO] [u_station_ab_night_autotune_v2] __main__: MARKET_REGIME mode=YELLOW reason=avg_cand=2.00 avg_cand_recent=2.00
2026-02-28 12:45:32,401 [INFO] [u_station_ab_night_autotune_v2] trading.auto_trader: AutoTrade batch pre-prefilter removed=1 missing_addr=0 placeholder_addr=0 open_duplicate=1 blacklist=0 hard_blocklist=0
2026-02-28 12:45:32,403 [INFO] [u_station_ab_night_autotune_v2] trading.auto_trader: AutoTrade adjust token=USD₮0 reason=min_trade_floor size=$0.03->$0.10 min=$0.10
2026-02-28 12:45:32,404 [INFO] [u_station_ab_night_autotune_v2] trading.auto_trader: AutoTrade skip token=USD₮0 reason=edge_low mode=both edge=-29.70% raw=-27.50% mult=1.08 min=0.05% probe_min=0.05% edge_usd=$-0.030 min_usd=$0.000 probe_min_usd=$0.000 size=$0.10 gross=3.20% costs=30.70% pwin=0.45 probe=- budget=0/1
2026-02-28 12:45:32,405 [INFO] [u_station_ab_night_autotune_v2] trading.auto_trader: AutoTrade batch mode=top_n candidates=2 eligible=1 selected=1 opened=0 pe=off burst_window=1
2026-02-28 12:45:32,569 [INFO] [u_station_ab_night_autotune_v2] __main__: Scanned 5 tokens | High quality: 5 | Alerts sent: 0 | Trade candidates: 2 | Quality out/core/explore/probe: 2/1/1/0 | Opened: 0 | Mode: local | Source: onchain+market | Policy: raw=OK/effective=OK(healthy | route=allow_all) | Regime: YELLOW(avg_cand=2.00) | Safety: checked=2 fail_closed=0 reasons=api_code_4029:2 | FiltersTop(session): safe_volume:14,safe_change_5m:8,safe_age:1,safe_contract:1 | Dedup: heavy_skip=0 override=0 | V2Budget: 2/280 | SourceQoS: enabled=1/in=5/out=5/dropped=0/active_cd=0/drops=none | Ingest: q=0/oldest=0.0s/drop_old=0/dedup_skip=0/enq=0/drain=0 | Sources: dex_boosts:ok=1/fail=0/429=0/lim_wait=0/cd_wait=0/err=0.0%/avg=75ms; dexscreener:ok=10/fail=0/429=0/lim_wait=0/cd_wait=0/err=0.0%/avg=48ms | Tasks: 3 | RSS: 0.0MB | CycleAvg: 1.31s
2026-02-28 12:45:36,986 [INFO] [u_station_ab_night_autotune_v2] __main__: WATCHLIST merged count=5
2026-02-28 12:45:36,987 [INFO] [u_station_ab_night_autotune_v2] trading.v2_runtime: V2_UNIVERSE in=5 dedup=5 out=5 target=5 novel_target=5 novel_out=0 repeat_dropped=0 symbol_dropped=0 surge_in=0 surge_target=0 surge_out=0
2026-02-28 12:45:36,988 [INFO] [u_station_ab_night_autotune_v2] __main__: FILTER_PASS token=cbBTC tier=A score=100 mode=YELLOW risk=MEDIUM liq=19150264 vol5m=50466
2026-02-28 12:45:36,989 [INFO] [u_station_ab_night_autotune_v2] __main__: FILTER_PASS token=USD₮0 tier=A score=75 mode=YELLOW risk=MEDIUM liq=120528 vol5m=15
2026-02-28 12:45:36,990 [INFO] [u_station_ab_night_autotune_v2] __main__: FILTER_FAIL token=AERO reason=safe_volume vol5m=1 min=6 regime=YELLOW
2026-02-28 12:45:36,991 [INFO] [u_station_ab_night_autotune_v2] __main__: FILTER_FAIL token=VIRTUAL reason=safe_volume vol5m=0 min=6 regime=YELLOW
2026-02-28 12:45:36,992 [INFO] [u_station_ab_night_autotune_v2] __main__: FILTER_FAIL token=DEFI.ssi reason=safe_volume vol5m=0 min=6 regime=YELLOW
2026-02-28 12:45:36,992 [INFO] [u_station_ab_night_autotune_v2] __main__: V2_QUALITY_GATE enabled=True regime=YELLOW in=2 out=2 core_out=1 explore_out=1 probe_out=0 quota=1 max_symbol_share=0.500 drop={} sources_used={'watchlist': 2}
2026-02-28 12:45:36,993 [INFO] [u_station_ab_night_autotune_v2] __main__: V2_ENTRY_ROUTE enabled=True regime=YELLOW in=2 out=2 core_out=1 explore_out=1 quota=1 allow_explore=True
2026-02-28 12:45:36,993 [INFO] [u_station_ab_night_autotune_v2] __main__: MARKET_REGIME mode=YELLOW reason=avg_cand=2.00 avg_cand_recent=2.00
2026-02-28 12:45:36,994 [INFO] [u_station_ab_night_autotune_v2] trading.auto_trader: AutoTrade batch pre-prefilter removed=1 missing_addr=0 placeholder_addr=0 open_duplicate=1 blacklist=0 hard_blocklist=0
2026-02-28 12:45:36,995 [INFO] [u_station_ab_night_autotune_v2] trading.auto_trader: AutoTrade adjust token=USD₮0 reason=min_trade_floor size=$0.03->$0.10 min=$0.10
2026-02-28 12:45:36,996 [INFO] [u_station_ab_night_autotune_v2] trading.auto_trader: AutoTrade skip token=USD₮0 reason=edge_low mode=both edge=-29.70% raw=-27.50% mult=1.08 min=0.05% probe_min=0.05% edge_usd=$-0.030 min_usd=$0.000 probe_min_usd=$0.000 size=$0.10 gross=3.20% costs=30.70% pwin=0.45 probe=- budget=0/1
2026-02-28 12:45:36,997 [INFO] [u_station_ab_night_autotune_v2] trading.auto_trader: AutoTrade batch mode=top_n candidates=2 eligible=1 selected=1 opened=0 pe=off burst_window=1
2026-02-28 12:45:37,178 [INFO] [u_station_ab_night_autotune_v2] __main__: Scanned 5 tokens | High quality: 5 | Alerts sent: 0 | Trade candidates: 2 | Quality out/core/explore/probe: 2/1/1/0 | Opened: 0 | Mode: local | Source: onchain+market | Policy: raw=OK/effective=OK(healthy | route=allow_all) | Regime: YELLOW(avg_cand=2.00) | Safety: checked=2 fail_closed=0 reasons=api_code_4029:2 | FiltersTop(session): safe_volume:17,safe_change_5m:8,safe_age:1,safe_contract:1 | Dedup: heavy_skip=0 override=0 | V2Budget: 2/280 | SourceQoS: enabled=1/in=5/out=5/dropped=0/active_cd=0/drops=none | Ingest: q=0/oldest=0.0s/drop_old=0/dedup_skip=0/enq=0/drain=0 | Sources: dex_boosts:ok=1/fail=0/429=0/lim_wait=0/cd_wait=0/err=0.0%/avg=63ms; dexscreener:ok=10/fail=0/429=0/lim_wait=0/cd_wait=0/err=0.0%/avg=49ms | Tasks: 3 | RSS: 0.0MB | CycleAvg: 1.13s
2026-02-28 12:45:41,606 [INFO] [u_station_ab_night_autotune_v2] __main__: WATCHLIST merged count=5
2026-02-28 12:45:41,607 [INFO] [u_station_ab_night_autotune_v2] trading.v2_runtime: V2_UNIVERSE in=5 dedup=5 out=5 target=5 novel_target=5 novel_out=0 repeat_dropped=0 symbol_dropped=0 surge_in=0 surge_target=0 surge_out=0
2026-02-28 12:45:41,608 [INFO] [u_station_ab_night_autotune_v2] __main__: FILTER_PASS token=cbBTC tier=A score=100 mode=YELLOW risk=MEDIUM liq=19150264 vol5m=50466
2026-02-28 12:45:41,610 [INFO] [u_station_ab_night_autotune_v2] __main__: FILTER_PASS token=USD₮0 tier=A score=75 mode=YELLOW risk=MEDIUM liq=120528 vol5m=15
2026-02-28 12:45:41,611 [INFO] [u_station_ab_night_autotune_v2] __main__: FILTER_FAIL token=AERO reason=safe_volume vol5m=1 min=6 regime=YELLOW
2026-02-28 12:45:41,613 [INFO] [u_station_ab_night_autotune_v2] __main__: FILTER_FAIL token=VIRTUAL reason=safe_volume vol5m=0 min=6 regime=YELLOW
2026-02-28 12:45:41,615 [INFO] [u_station_ab_night_autotune_v2] __main__: FILTER_FAIL token=DEFI.ssi reason=safe_volume vol5m=0 min=6 regime=YELLOW
2026-02-28 12:45:41,616 [INFO] [u_station_ab_night_autotune_v2] __main__: V2_QUALITY_GATE enabled=True regime=YELLOW in=2 out=2 core_out=1 explore_out=1 probe_out=0 quota=1 max_symbol_share=0.500 drop={} sources_used={'watchlist': 2}
2026-02-28 12:45:41,618 [INFO] [u_station_ab_night_autotune_v2] __main__: V2_ENTRY_ROUTE enabled=True regime=YELLOW in=2 out=2 core_out=1 explore_out=1 quota=1 allow_explore=True
2026-02-28 12:45:41,619 [INFO] [u_station_ab_night_autotune_v2] __main__: MARKET_REGIME mode=YELLOW reason=avg_cand=2.00 avg_cand_recent=2.00
2026-02-28 12:45:41,621 [INFO] [u_station_ab_night_autotune_v2] trading.auto_trader: AutoTrade batch pre-prefilter removed=1 missing_addr=0 placeholder_addr=0 open_duplicate=1 blacklist=0 hard_blocklist=0
2026-02-28 12:45:41,624 [INFO] [u_station_ab_night_autotune_v2] trading.auto_trader: AutoTrade adjust token=USD₮0 reason=min_trade_floor size=$0.03->$0.10 min=$0.10
2026-02-28 12:45:41,626 [INFO] [u_station_ab_night_autotune_v2] trading.auto_trader: AutoTrade skip token=USD₮0 reason=edge_low mode=both edge=-29.70% raw=-27.50% mult=1.08 min=0.05% probe_min=0.05% edge_usd=$-0.030 min_usd=$0.000 probe_min_usd=$0.000 size=$0.10 gross=3.20% costs=30.70% pwin=0.45 probe=- budget=0/1
2026-02-28 12:45:41,627 [INFO] [u_station_ab_night_autotune_v2] trading.auto_trader: AutoTrade batch mode=top_n candidates=2 eligible=1 selected=1 opened=0 pe=off burst_window=1
2026-02-28 12:45:41,829 [INFO] [u_station_ab_night_autotune_v2] __main__: Scanned 5 tokens | High quality: 5 | Alerts sent: 0 | Trade candidates: 2 | Quality out/core/explore/probe: 2/1/1/0 | Opened: 0 | Mode: local | Source: onchain+market | Policy: raw=OK/effective=OK(healthy | route=allow_all) | Regime: YELLOW(avg_cand=2.00) | Safety: checked=2 fail_closed=0 reasons=api_code_4029:2 | FiltersTop(session): safe_volume:20,safe_change_5m:8,safe_age:1,safe_contract:1 | Dedup: heavy_skip=0 override=0 | V2Budget: 2/280 | SourceQoS: enabled=1/in=5/out=5/dropped=0/active_cd=0/drops=none | Ingest: q=0/oldest=0.0s/drop_old=0/dedup_skip=0/enq=0/drain=0 | Sources: dex_boosts:ok=1/fail=0/429=0/lim_wait=0/cd_wait=0/err=0.0%/avg=45ms; dexscreener:ok=10/fail=0/429=0/lim_wait=0/cd_wait=0/err=0.0%/avg=65ms | Tasks: 3 | RSS: 0.0MB | CycleAvg: 1.03s
