2026-02-27 05:30:14,506 [INFO] [u_station_ab_night_autotune_v2] __main__: SESSION_LOG file=logs/matrix/u_station_ab_night_autotune_v2\sessions\main_local_20260227_043014_pid12184.log
2026-02-27 05:30:14,532 [INFO] [u_station_ab_night_autotune_v2] trading.auto_trader_state: AutoTrade state loaded open=0 closed=67 balance=$7.27
2026-02-27 05:30:14,542 [WARNING] [u_station_ab_night_autotune_v2] trading.auto_trader: DATA_POLICY mode=OK reason=init_reset_manual prev_mode=OK prev_reason=healthy | route=allow_all
2026-02-27 05:30:14,542 [INFO] [u_station_ab_night_autotune_v2] __main__: AUTOTRADER_INIT state=ready reason=manual mode=paper
2026-02-27 05:30:14,544 [INFO] [u_station_ab_night_autotune_v2] __main__: Local mode started (Telegram disabled).
2026-02-27 05:30:14,965 [INFO] [u_station_ab_night_autotune_v2] monitor.onchain_factory: PAIR_DETECTED source=uniswap_v2 dex=uniswap_v2 pair=0x8387ddc282643a81c7d32bed35f499c14fad239a token0=0x2d0839a9330132d9dae5fb2762a35ece255c1872 token1=0x4200000000000000000000000000000000000006 block=42688378 factory=0x8909dc15e40173ff4699343b6eb8132c65e18ec6
2026-02-27 05:30:14,966 [INFO] [u_station_ab_night_autotune_v2] monitor.onchain_factory: PAIR_DETECTED source=uniswap_v2 dex=uniswap_v2 pair=0x5c1e303dcd8f401958803627621eac38075b40b8 token0=0x4200000000000000000000000000000000000006 token1=0xd8478ed4ed2d144c6ba738cd6047c05563affd28 block=42688379 factory=0x8909dc15e40173ff4699343b6eb8132c65e18ec6
2026-02-27 05:30:14,967 [INFO] [u_station_ab_night_autotune_v2] monitor.onchain_factory: PAIR_DETECTED source=uniswap_v2 dex=uniswap_v2 pair=0x87569a95a521ab1ff372afed4043cb00033a0429 token0=0x4200000000000000000000000000000000000006 token1=0x4d4215ad2083e88d9f74d6788beea7bc1ed043cf block=42688385 factory=0x8909dc15e40173ff4699343b6eb8132c65e18ec6
2026-02-27 05:30:14,968 [INFO] [u_station_ab_night_autotune_v2] monitor.onchain_factory: PAIR_DETECTED source=uniswap_v2 dex=uniswap_v2 pair=0xb873ac20da297bbac63dd1cc60e27e74202eb80a token0=0x09d618f1e0bcba375feadcbd94ff0c6f0545e6e8 token1=0x4200000000000000000000000000000000000006 block=42688388 factory=0x8909dc15e40173ff4699343b6eb8132c65e18ec6
2026-02-27 05:30:14,969 [INFO] [u_station_ab_night_autotune_v2] monitor.onchain_factory: PAIR_DETECTED source=uniswap_v2 dex=uniswap_v2 pair=0x86f82ceeb3d36702e713e3b8bd4a22e7dafe7568 token0=0x4200000000000000000000000000000000000006 token1=0x671bf56db781837656e3ad25b06afbaceb6635b5 block=42688395 factory=0x8909dc15e40173ff4699343b6eb8132c65e18ec6
2026-02-27 05:30:14,970 [INFO] [u_station_ab_night_autotune_v2] monitor.onchain_factory: PAIR_DETECTED source=uniswap_v2 dex=uniswap_v2 pair=0x7258ae86471e7d47f3685a22f5a670bf6c8f8f72 token0=0x4200000000000000000000000000000000000006 token1=0x8465fe98ed3b1bb0d8efd20705808bc2f6114a5b block=42688401 factory=0x8909dc15e40173ff4699343b6eb8132c65e18ec6
2026-02-27 05:30:14,971 [INFO] [u_station_ab_night_autotune_v2] monitor.onchain_factory: PAIR_DETECTED source=uniswap_v2 dex=uniswap_v2 pair=0xde2b42bc9485c6a8ee224292971253f4457f62a9 token0=0x4200000000000000000000000000000000000006 token1=0xa5d2629d3e416a3d4a069089be58fdc30960bb07 block=42688403 factory=0x8909dc15e40173ff4699343b6eb8132c65e18ec6
2026-02-27 05:30:14,971 [INFO] [u_station_ab_night_autotune_v2] monitor.onchain_factory: PAIR_DETECTED source=uniswap_v2 dex=uniswap_v2 pair=0x028845b2bd01d6dfaa0af758d5fb9c8c7785f2aa token0=0x4200000000000000000000000000000000000006 token1=0x4b0f05473493a9c46cb1e3ad5c39bf6cb5136df9 block=42688408 factory=0x8909dc15e40173ff4699343b6eb8132c65e18ec6
2026-02-27 05:30:14,971 [INFO] [u_station_ab_night_autotune_v2] monitor.onchain_factory: PAIR_DETECTED source=uniswap_v2 dex=uniswap_v2 pair=0x9f475180a8112125d85362231cf9fdad6f456456 token0=0x4200000000000000000000000000000000000006 token1=0xb4886c35ac801e347416c213b93bdd182f1e345c block=42688415 factory=0x8909dc15e40173ff4699343b6eb8132c65e18ec6
2026-02-27 05:30:14,971 [INFO] [u_station_ab_night_autotune_v2] monitor.onchain_factory: PAIR_DETECTED source=uniswap_v2 dex=uniswap_v2 pair=0x6df773ddfd403b2426eff72d2a7db9d5f7d6372c token0=0x4200000000000000000000000000000000000006 token1=0xdfe39cfce02674b086a10d0007fd39c0a1864f08 block=42688424 factory=0x8909dc15e40173ff4699343b6eb8132c65e18ec6
2026-02-27 05:30:14,971 [INFO] [u_station_ab_night_autotune_v2] monitor.onchain_factory: PAIR_DETECTED source=uniswap_v2 dex=uniswap_v2 pair=0xfa5971e35dc621f79d68be6626752556ffdace81 token0=0x4200000000000000000000000000000000000006 token1=0xb43d1a3c8affe119ebebc7c6424061feae9f6ece block=42688431 factory=0x8909dc15e40173ff4699343b6eb8132c65e18ec6
2026-02-27 05:30:14,971 [INFO] [u_station_ab_night_autotune_v2] monitor.onchain_factory: PAIR_DETECTED source=uniswap_v2 dex=uniswap_v2 pair=0xe5be070d52449ce636300025b938e2b729b6169d token0=0x4200000000000000000000000000000000000006 token1=0x8827485ef86f2830c31367cbd4f6a314b4e5569c block=42688441 factory=0x8909dc15e40173ff4699343b6eb8132c65e18ec6
2026-02-27 05:30:14,977 [INFO] [u_station_ab_night_autotune_v2] monitor.onchain_factory: PAIR_DETECTED source=uniswap_v2 dex=uniswap_v2 pair=0xc0086d276d861addea8da341d17dbbcd6df51d3a token0=0x4200000000000000000000000000000000000006 token1=0x506ddf7f6dc7dad0598b8380a04e222b2a42d5e3 block=42688453 factory=0x8909dc15e40173ff4699343b6eb8132c65e18ec6
2026-02-27 05:30:14,978 [INFO] [u_station_ab_night_autotune_v2] monitor.onchain_factory: PAIR_DETECTED source=uniswap_v2 dex=uniswap_v2 pair=0x9f21be6e18025947c66bfdb4f68cf6101acd5c25 token0=0x10750852f695e54680841998e3ace783695fd02a token1=0x4200000000000000000000000000000000000006 block=42688461 factory=0x8909dc15e40173ff4699343b6eb8132c65e18ec6
2026-02-27 05:30:14,979 [INFO] [u_station_ab_night_autotune_v2] monitor.onchain_factory: PAIR_DETECTED source=uniswap_v2 dex=uniswap_v2 pair=0x9876f407b0832dc34c19450b2b3e4db1ef4ddad2 token0=0x00ddba2792d185621dfab87bfd20d88234868f7a token1=0x4200000000000000000000000000000000000006 block=42688465 factory=0x8909dc15e40173ff4699343b6eb8132c65e18ec6
2026-02-27 05:30:14,980 [INFO] [u_station_ab_night_autotune_v2] monitor.onchain_factory: PAIR_DETECTED source=uniswap_v2 dex=uniswap_v2 pair=0x39bee20f77ec15f19998c947ebb2e2ad2266b3f7 token0=0x4200000000000000000000000000000000000006 token1=0xad948bb1f7ad26ffca41d8823ce68b6078f2dee6 block=42688472 factory=0x8909dc15e40173ff4699343b6eb8132c65e18ec6
2026-02-27 05:30:14,982 [INFO] [u_station_ab_night_autotune_v2] monitor.onchain_factory: PAIR_DETECTED source=uniswap_v2 dex=uniswap_v2 pair=0x9b91a213aa1042e49ba583cddb169d08b4a58c81 token0=0x2ee75a319106a1bc36c07a81d1f96442215dbb07 token1=0x4200000000000000000000000000000000000006 block=42688473 factory=0x8909dc15e40173ff4699343b6eb8132c65e18ec6
2026-02-27 05:30:14,983 [INFO] [u_station_ab_night_autotune_v2] monitor.onchain_factory: PAIR_DETECTED source=uniswap_v2 dex=uniswap_v2 pair=0x4010b8e601d65044312267ba32d73f14c75a387e token0=0x4200000000000000000000000000000000000006 token1=0xa9cafa3191d800bf87645fcd1095859dfb315d92 block=42688482 factory=0x8909dc15e40173ff4699343b6eb8132c65e18ec6
2026-02-27 05:30:14,984 [INFO] [u_station_ab_night_autotune_v2] monitor.onchain_factory: PAIR_DETECTED source=uniswap_v2 dex=uniswap_v2 pair=0x8015244b0dbcbb298352827ae873dc68f21977f6 token0=0x4200000000000000000000000000000000000006 token1=0x98c416e15c11871017dcd47afdc0b229d92f51c0 block=42688492 factory=0x8909dc15e40173ff4699343b6eb8132c65e18ec6
2026-02-27 05:30:14,986 [INFO] [u_station_ab_night_autotune_v2] monitor.onchain_factory: PAIR_DETECTED source=uniswap_v2 dex=uniswap_v2 pair=0x08a2ff18acc450cb0414941f21b82bfe1f3eaed8 token0=0x4200000000000000000000000000000000000006 token1=0x7fdf47565b523944fa9934335dc4fdf953e36328 block=42688501 factory=0x8909dc15e40173ff4699343b6eb8132c65e18ec6
2026-02-27 05:30:14,986 [INFO] [u_station_ab_night_autotune_v2] monitor.onchain_factory: PAIR_DETECTED source=uniswap_v2 dex=uniswap_v2 pair=0x980ad35e9f3eb7558c76e5a35d23badff6e025b4 token0=0x2deb0c654bfcbd9a7c2c8862907e4f2a10b26884 token1=0x4200000000000000000000000000000000000006 block=42688508 factory=0x8909dc15e40173ff4699343b6eb8132c65e18ec6
2026-02-27 05:30:14,988 [INFO] [u_station_ab_night_autotune_v2] monitor.onchain_factory: PAIR_DETECTED source=uniswap_v2 dex=uniswap_v2 pair=0x917c36bd948f4722e7c58020b7c4256a821d9ad2 token0=0x4200000000000000000000000000000000000006 token1=0xbd4a2079084710db7c72b284fb681b50a0729965 block=42688515 factory=0x8909dc15e40173ff4699343b6eb8132c65e18ec6
2026-02-27 05:30:14,988 [INFO] [u_station_ab_night_autotune_v2] monitor.onchain_factory: PAIR_DETECTED source=uniswap_v2 dex=uniswap_v2 pair=0x956525987968d61f23a00407719ebc672441b5be token0=0x4200000000000000000000000000000000000006 token1=0xfc5d1d1980fab34640f94bd76dce19a16a3fab07 block=42688517 factory=0x8909dc15e40173ff4699343b6eb8132c65e18ec6
2026-02-27 05:30:14,989 [INFO] [u_station_ab_night_autotune_v2] monitor.onchain_factory: PAIR_DETECTED source=uniswap_v2 dex=uniswap_v2 pair=0xf79b1713f3c57908f01b8b8f24b10027754887a5 token0=0x4200000000000000000000000000000000000006 token1=0xfa2af891e0897271f07210a662c47d8e5c47eb07 block=42688518 factory=0x8909dc15e40173ff4699343b6eb8132c65e18ec6
2026-02-27 05:30:14,991 [INFO] [u_station_ab_night_autotune_v2] monitor.onchain_factory: PAIR_DETECTED source=uniswap_v2 dex=uniswap_v2 pair=0x0fbeaed2c43d49af7c5675652dd0b3c0c10c4dbd token0=0x4200000000000000000000000000000000000006 token1=0xc4ec406710a2ed6d10abe1a157e673fa28e18b37 block=42688522 factory=0x8909dc15e40173ff4699343b6eb8132c65e18ec6
2026-02-27 05:30:14,992 [INFO] [u_station_ab_night_autotune_v2] monitor.onchain_factory: PAIR_DETECTED source=uniswap_v2 dex=uniswap_v2 pair=0x4455f17af9e656bd2a9867f55bc579d857d3a949 token0=0x4200000000000000000000000000000000000006 token1=0xe7ed77f32f794fa4cd476ae101c5d6c13968ab83 block=42688528 factory=0x8909dc15e40173ff4699343b6eb8132c65e18ec6
2026-02-27 05:30:14,993 [INFO] [u_station_ab_night_autotune_v2] monitor.onchain_factory: PAIR_DETECTED source=uniswap_v2 dex=uniswap_v2 pair=0x9795224c0307226af0702864984a3f7223038553 token0=0x32385058fe80b02b928efefcbcef864adf50f6d0 token1=0x4200000000000000000000000000000000000006 block=42688535 factory=0x8909dc15e40173ff4699343b6eb8132c65e18ec6
2026-02-27 05:30:14,994 [INFO] [u_station_ab_night_autotune_v2] monitor.onchain_factory: PAIR_DETECTED source=uniswap_v2 dex=uniswap_v2 pair=0x08e6c0b34b8d5f54c864fae56d5685bd09217397 token0=0x25c01c066149655f08b1f2aef0e90b8296b9aba3 token1=0x4200000000000000000000000000000000000006 block=42688538 factory=0x8909dc15e40173ff4699343b6eb8132c65e18ec6
2026-02-27 05:30:14,994 [INFO] [u_station_ab_night_autotune_v2] monitor.onchain_factory: PAIR_DETECTED source=uniswap_v2 dex=uniswap_v2 pair=0x8922a7aeced6102dd93006d2b13a11b531d921c0 token0=0x4200000000000000000000000000000000000006 token1=0x70f18355124dc5050b812ba21f1146207884bfb6 block=42688547 factory=0x8909dc15e40173ff4699343b6eb8132c65e18ec6
2026-02-27 05:30:14,994 [INFO] [u_station_ab_night_autotune_v2] monitor.onchain_factory: PAIR_DETECTED source=uniswap_v2 dex=uniswap_v2 pair=0x401485a4c732358d2bab380ad2bc2fdca888a94d token0=0x4200000000000000000000000000000000000006 token1=0xbed3b003e089c057ff56a6ce5065264c24d99f2c block=42688554 factory=0x8909dc15e40173ff4699343b6eb8132c65e18ec6
2026-02-27 05:30:14,996 [INFO] [u_station_ab_night_autotune_v2] monitor.onchain_factory: PAIR_DETECTED source=uniswap_v2 dex=uniswap_v2 pair=0x2a9fa1ee0c1b68efc76d74dae22ed9647a338da0 token0=0x027ba258cdb3b51bf564a71ae5be9933134d873b token1=0x4200000000000000000000000000000000000006 block=42688561 factory=0x8909dc15e40173ff4699343b6eb8132c65e18ec6
2026-02-27 05:30:14,997 [INFO] [u_station_ab_night_autotune_v2] monitor.onchain_factory: PAIR_DETECTED source=uniswap_v2 dex=uniswap_v2 pair=0x29e85867e98385c32ee049bad1fe03a03d6e2caa token0=0x4200000000000000000000000000000000000006 token1=0xab905317f40a304eabfcc1e40ed629f758c57849 block=42688570 factory=0x8909dc15e40173ff4699343b6eb8132c65e18ec6
2026-02-27 05:30:14,998 [INFO] [u_station_ab_night_autotune_v2] monitor.onchain_factory: PAIR_DETECTED source=uniswap_v2 dex=uniswap_v2 pair=0x94861db98db95720c8e1838e4ca0eb236d071131 token0=0x4200000000000000000000000000000000000006 token1=0xcf9f7074f84d65f185113b5c6a73af6c04ca6ba3 block=42688571 factory=0x8909dc15e40173ff4699343b6eb8132c65e18ec6
2026-02-27 05:30:14,999 [INFO] [u_station_ab_night_autotune_v2] monitor.onchain_factory: PAIR_DETECTED source=uniswap_v2 dex=uniswap_v2 pair=0x129be97b264b0e5a6a2818f0e2380c7a8e334994 token0=0x4200000000000000000000000000000000000006 token1=0xf497aebef9b51c01035b12f0bdc3c232746bac5f block=42688574 factory=0x8909dc15e40173ff4699343b6eb8132c65e18ec6
2026-02-27 05:30:15,000 [INFO] [u_station_ab_night_autotune_v2] monitor.onchain_factory: PAIR_DETECTED source=uniswap_v2 dex=uniswap_v2 pair=0x8608144d1eb0157d22bce1143bc2115599fd4101 token0=0x4200000000000000000000000000000000000006 token1=0xf4335ac73aa06248eb0b11af94e15b31183dc1e7 block=42688578 factory=0x8909dc15e40173ff4699343b6eb8132c65e18ec6
2026-02-27 05:30:15,001 [INFO] [u_station_ab_night_autotune_v2] monitor.onchain_factory: PAIR_DETECTED source=uniswap_v2 dex=uniswap_v2 pair=0xed08dedc94c99f8b9eb8abde39d90a5ac70bbfed token0=0x0bed86821622e2e6445f1ebff0fd5e287c9b1088 token1=0x4200000000000000000000000000000000000006 block=42688585 factory=0x8909dc15e40173ff4699343b6eb8132c65e18ec6
2026-02-27 05:30:15,002 [INFO] [u_station_ab_night_autotune_v2] monitor.onchain_factory: PAIR_DETECTED source=uniswap_v2 dex=uniswap_v2 pair=0x2956877288c0cce2bd56b5535bcc9f74a3ff3598 token0=0x4200000000000000000000000000000000000006 token1=0xb61565f47556adcb5632f7b61359786607a78301 block=42688592 factory=0x8909dc15e40173ff4699343b6eb8132c65e18ec6
2026-02-27 05:30:15,003 [INFO] [u_station_ab_night_autotune_v2] monitor.onchain_factory: PAIR_DETECTED source=uniswap_v2 dex=uniswap_v2 pair=0x264ba52195bae9ebbc5994f9295432deb4af7b1f token0=0x4200000000000000000000000000000000000006 token1=0xea224d534157dcbe96af3a449e4d584b43ebe2ab block=42688599 factory=0x8909dc15e40173ff4699343b6eb8132c65e18ec6
2026-02-27 05:30:15,004 [INFO] [u_station_ab_night_autotune_v2] monitor.onchain_factory: PAIR_DETECTED source=uniswap_v2 dex=uniswap_v2 pair=0x754626983f7847e96b26daaeecaa81058fe4de49 token0=0x4200000000000000000000000000000000000006 token1=0x43d3a4316d19fdace2a98e638d606866e62adf8e block=42688605 factory=0x8909dc15e40173ff4699343b6eb8132c65e18ec6
2026-02-27 05:30:15,005 [INFO] [u_station_ab_night_autotune_v2] monitor.onchain_factory: PAIR_DETECTED source=uniswap_v2 dex=uniswap_v2 pair=0xd79b20ea33bd7bb9b1d417e030b8352b8376b3a8 token0=0x4200000000000000000000000000000000000006 token1=0xfd326a3726c7ae27ea60268aa154c17dd270360e block=42688612 factory=0x8909dc15e40173ff4699343b6eb8132c65e18ec6
2026-02-27 05:30:15,005 [INFO] [u_station_ab_night_autotune_v2] monitor.onchain_factory: PAIR_DETECTED source=uniswap_v2 dex=uniswap_v2 pair=0x0adce3b949f26ac3f95d2a53512261baa9268830 token0=0x4200000000000000000000000000000000000006 token1=0x57672f671a67bf6cc624d143f264e0f82d8a9edd block=42688622 factory=0x8909dc15e40173ff4699343b6eb8132c65e18ec6
2026-02-27 05:30:15,007 [INFO] [u_station_ab_night_autotune_v2] monitor.onchain_factory: PAIR_DETECTED source=uniswap_v2 dex=uniswap_v2 pair=0x90349ab9451ae646a5ed3155a832ecdb382627f5 token0=0x4200000000000000000000000000000000000006 token1=0xcb7f9246546c210a7a30f856fed26cd76e22aba3 block=42688628 factory=0x8909dc15e40173ff4699343b6eb8132c65e18ec6
2026-02-27 05:30:16,825 [INFO] [u_station_ab_night_autotune_v2] monitor.onchain_factory: ENRICH_RETRY token=0x57672f671a67bf6cc624d143f264e0f82d8a9edd pair=0x0adce3b949f26ac3f95d2a53512261baa9268830 attempt=1/2 delay=10s
2026-02-27 05:30:16,831 [INFO] [u_station_ab_night_autotune_v2] monitor.onchain_factory: ENRICH_RETRY token=0xcb7f9246546c210a7a30f856fed26cd76e22aba3 pair=0x90349ab9451ae646a5ed3155a832ecdb382627f5 attempt=1/2 delay=10s
2026-02-27 05:30:28,590 [INFO] [u_station_ab_night_autotune_v2] __main__: WATCHLIST merged count=8
2026-02-27 05:30:28,591 [INFO] [u_station_ab_night_autotune_v2] trading.v2_runtime: V2_UNIVERSE in=49 dedup=49 out=49 target=49 novel_target=42 novel_out=49 repeat_dropped=0 symbol_dropped=0 surge_in=5 surge_target=5 surge_out=5
2026-02-27 05:30:28,593 [INFO] [u_station_ab_night_autotune_v2] __main__: V2_SOURCE_QOS_FILTER in=49 out=48 drops={'source_qos_symbol_cap': 1} caps={'unknown': 0, 'geckoterminal': 303, 'watchlist': 10}
2026-02-27 05:30:28,594 [INFO] [u_station_ab_night_autotune_v2] __main__: FILTER_FAIL token=Jellybean reason=source_qos_symbol_cap symbol=JELLYBEAN used=1/1
2026-02-27 05:30:28,595 [INFO] [u_station_ab_night_autotune_v2] __main__: FILTER_FAIL token=KASI reason=safe_age
2026-02-27 05:30:28,596 [INFO] [u_station_ab_night_autotune_v2] __main__: FILTER_FAIL token=Jellybean reason=safe_age
2026-02-27 05:30:28,598 [INFO] [u_station_ab_night_autotune_v2] __main__: FILTER_FAIL token=Survivor reason=safe_change_5m
2026-02-27 05:30:28,598 [INFO] [u_station_ab_night_autotune_v2] __main__: FILTER_PASS token=FLOW tier=A score=100 mode=YELLOW risk=MEDIUM liq=168503 vol5m=27233
2026-02-27 05:30:28,599 [INFO] [u_station_ab_night_autotune_v2] __main__: FILTER_PASS token=cbBTC tier=A score=100 mode=YELLOW risk=MEDIUM liq=19522683 vol5m=78676
2026-02-27 05:30:28,600 [INFO] [u_station_ab_night_autotune_v2] __main__: FILTER_PASS token=POOPCOIN tier=A score=100 mode=YELLOW risk=MEDIUM liq=471526 vol5m=11328
2026-02-27 05:30:28,601 [INFO] [u_station_ab_night_autotune_v2] __main__: FILTER_FAIL token=PFP reason=score_min score=30 strict_min=48 soft_min=48 mode=YELLOW
2026-02-27 05:30:28,602 [INFO] [u_station_ab_night_autotune_v2] __main__: FILTER_PASS token=AERO tier=A score=75 mode=YELLOW risk=MEDIUM liq=1355305 vol5m=1638
2026-02-27 05:30:28,603 [INFO] [u_station_ab_night_autotune_v2] __main__: FILTER_FAIL token=ToruCeoAI reason=safe_liquidity
2026-02-27 05:30:28,604 [INFO] [u_station_ab_night_autotune_v2] __main__: FILTER_FAIL token=PDDon reason=safe_contract
2026-02-27 05:30:28,604 [INFO] [u_station_ab_night_autotune_v2] __main__: FILTER_PASS token=BOTCOIN tier=A score=100 mode=YELLOW risk=MEDIUM liq=611488 vol5m=12289
2026-02-27 05:30:28,606 [INFO] [u_station_ab_night_autotune_v2] __main__: FILTER_PASS token=SAIRI tier=A score=100 mode=YELLOW risk=MEDIUM liq=452507 vol5m=13778
2026-02-27 05:30:28,607 [INFO] [u_station_ab_night_autotune_v2] __main__: FILTER_PASS token=CLAWD tier=A score=95 mode=YELLOW risk=MEDIUM liq=1929637 vol5m=6225
2026-02-27 05:30:28,609 [INFO] [u_station_ab_night_autotune_v2] __main__: FILTER_FAIL token=TCDC reason=safe_age
2026-02-27 05:30:28,610 [INFO] [u_station_ab_night_autotune_v2] __main__: FILTER_FAIL token=RETAIL reason=score_min score=30 strict_min=48 soft_min=48 mode=YELLOW
2026-02-27 05:30:28,611 [INFO] [u_station_ab_night_autotune_v2] __main__: FILTER_FAIL token=LCR reason=score_min score=30 strict_min=48 soft_min=48 mode=YELLOW
2026-02-27 05:30:28,612 [INFO] [u_station_ab_night_autotune_v2] __main__: FILTER_FAIL token=BUCK reason=score_min score=30 strict_min=48 soft_min=48 mode=YELLOW
2026-02-27 05:30:28,613 [INFO] [u_station_ab_night_autotune_v2] __main__: FILTER_FAIL token=KAMIYO reason=score_min score=30 strict_min=48 soft_min=48 mode=YELLOW
2026-02-27 05:30:28,614 [INFO] [u_station_ab_night_autotune_v2] __main__: FILTER_FAIL token=THC reason=score_min score=30 strict_min=48 soft_min=48 mode=YELLOW
2026-02-27 05:30:28,615 [INFO] [u_station_ab_night_autotune_v2] __main__: FILTER_FAIL token=AART reason=score_min score=30 strict_min=48 soft_min=48 mode=YELLOW
2026-02-27 05:30:28,616 [INFO] [u_station_ab_night_autotune_v2] __main__: FILTER_FAIL token=PAPPLE reason=score_min score=30 strict_min=48 soft_min=48 mode=YELLOW
2026-02-27 05:30:28,617 [INFO] [u_station_ab_night_autotune_v2] __main__: FILTER_FAIL token=SUDO reason=score_min score=30 strict_min=48 soft_min=48 mode=YELLOW
2026-02-27 05:30:28,617 [INFO] [u_station_ab_night_autotune_v2] __main__: FILTER_FAIL token=PTRUMP reason=score_min score=30 strict_min=48 soft_min=48 mode=YELLOW
2026-02-27 05:30:28,618 [INFO] [u_station_ab_night_autotune_v2] __main__: FILTER_FAIL token=GOD reason=score_min score=30 strict_min=48 soft_min=48 mode=YELLOW
2026-02-27 05:30:28,619 [INFO] [u_station_ab_night_autotune_v2] __main__: FILTER_FAIL token=MANIFEST reason=score_min score=40 strict_min=48 soft_min=48 mode=YELLOW
2026-02-27 05:30:28,620 [INFO] [u_station_ab_night_autotune_v2] __main__: FILTER_FAIL token=XMONEY reason=score_min score=40 strict_min=48 soft_min=48 mode=YELLOW
2026-02-27 05:30:28,621 [INFO] [u_station_ab_night_autotune_v2] __main__: FILTER_FAIL token=THINK reason=score_min score=40 strict_min=48 soft_min=48 mode=YELLOW
2026-02-27 05:30:28,622 [INFO] [u_station_ab_night_autotune_v2] __main__: FILTER_FAIL token=TONY reason=score_min score=40 strict_min=48 soft_min=48 mode=YELLOW
2026-02-27 05:30:28,623 [INFO] [u_station_ab_night_autotune_v2] __main__: FILTER_FAIL token=PALLON reason=score_min score=40 strict_min=48 soft_min=48 mode=YELLOW
2026-02-27 05:30:28,624 [INFO] [u_station_ab_night_autotune_v2] __main__: FILTER_FAIL token=LLYX reason=score_min score=40 strict_min=48 soft_min=48 mode=YELLOW
2026-02-27 05:30:28,625 [INFO] [u_station_ab_night_autotune_v2] __main__: FILTER_FAIL token=LBGT reason=score_min score=40 strict_min=48 soft_min=48 mode=YELLOW
2026-02-27 05:30:28,626 [INFO] [u_station_ab_night_autotune_v2] __main__: FILTER_FAIL token=SYNTHESIS reason=score_min score=20 strict_min=48 soft_min=48 mode=YELLOW
2026-02-27 05:30:28,627 [INFO] [u_station_ab_night_autotune_v2] __main__: FILTER_PASS token=VIRTUAL tier=A score=75 mode=YELLOW risk=MEDIUM liq=7567687 vol5m=41
2026-02-27 05:30:28,628 [INFO] [u_station_ab_night_autotune_v2] __main__: FILTER_FAIL token=E91 reason=score_min score=30 strict_min=48 soft_min=48 mode=YELLOW
2026-02-27 05:30:28,629 [INFO] [u_station_ab_night_autotune_v2] __main__: FILTER_FAIL token=BYB reason=score_min score=30 strict_min=48 soft_min=48 mode=YELLOW
2026-02-27 05:30:28,630 [INFO] [u_station_ab_night_autotune_v2] __main__: FILTER_FAIL token=USDT reason=score_min score=30 strict_min=48 soft_min=48 mode=YELLOW
2026-02-27 05:30:28,631 [INFO] [u_station_ab_night_autotune_v2] __main__: FILTER_FAIL token=AVG reason=score_min score=30 strict_min=48 soft_min=48 mode=YELLOW
2026-02-27 05:30:28,632 [INFO] [u_station_ab_night_autotune_v2] __main__: FILTER_FAIL token=NGM reason=score_min score=30 strict_min=48 soft_min=48 mode=YELLOW
2026-02-27 05:30:28,632 [INFO] [u_station_ab_night_autotune_v2] __main__: FILTER_FAIL token=CROWD reason=score_min score=30 strict_min=48 soft_min=48 mode=YELLOW
2026-02-27 05:30:28,633 [INFO] [u_station_ab_night_autotune_v2] __main__: FILTER_FAIL token=SOLFUNMEME reason=score_min score=30 strict_min=48 soft_min=48 mode=YELLOW
2026-02-27 05:30:28,635 [INFO] [u_station_ab_night_autotune_v2] __main__: FILTER_FAIL token=UP reason=score_min score=30 strict_min=48 soft_min=48 mode=YELLOW
2026-02-27 05:30:28,636 [INFO] [u_station_ab_night_autotune_v2] __main__: FILTER_FAIL token=PMA reason=score_min score=30 strict_min=48 soft_min=48 mode=YELLOW
2026-02-27 05:30:28,637 [INFO] [u_station_ab_night_autotune_v2] __main__: FILTER_FAIL token=ONE reason=score_min score=30 strict_min=48 soft_min=48 mode=YELLOW
2026-02-27 05:30:28,637 [INFO] [u_station_ab_night_autotune_v2] __main__: FILTER_FAIL token=CUM reason=score_min score=30 strict_min=48 soft_min=48 mode=YELLOW
2026-02-27 05:30:28,639 [INFO] [u_station_ab_night_autotune_v2] __main__: FILTER_FAIL token=FATCAT reason=score_min score=30 strict_min=48 soft_min=48 mode=YELLOW
2026-02-27 05:30:28,640 [INFO] [u_station_ab_night_autotune_v2] __main__: FILTER_FAIL token=STOSMO reason=score_min score=30 strict_min=48 soft_min=48 mode=YELLOW
2026-02-27 05:30:28,642 [INFO] [u_station_ab_night_autotune_v2] __main__: FILTER_FAIL token=CONCHO reason=score_min score=30 strict_min=48 soft_min=48 mode=YELLOW
2026-02-27 05:30:28,642 [INFO] [u_station_ab_night_autotune_v2] __main__: FILTER_FAIL token=FTD reason=score_min score=30 strict_min=48 soft_min=48 mode=YELLOW
2026-02-27 05:30:28,644 [INFO] [u_station_ab_night_autotune_v2] trading.v2_runtime: V2_QUALITY_ROTATE symbols_core=0 symbols_cooldown=0 sources=2 top_core=- top_cooldown=-
2026-02-27 05:30:28,644 [INFO] [u_station_ab_night_autotune_v2] __main__: V2_QUALITY_GATE enabled=True regime=YELLOW in=8 out=8 core_out=5 explore_out=3 probe_out=0 quota=3 max_symbol_share=0.125 drop={'provisional_core_cap': 2, 'duplicate_address': 3} sources_used={'watchlist': 8}
2026-02-27 05:30:28,647 [INFO] [u_station_ab_night_autotune_v2] __main__: V2_ENTRY_ROUTE enabled=True regime=YELLOW in=8 out=8 core_out=5 explore_out=3 quota=3 allow_explore=True
2026-02-27 05:30:28,648 [WARNING] [u_station_ab_night_autotune_v2] trading.auto_trader: DATA_POLICY mode=OK reason=healthy | route=allow_all prev_mode=OK prev_reason=init_reset_manual
2026-02-27 05:30:28,649 [INFO] [u_station_ab_night_autotune_v2] __main__: MARKET_REGIME mode=YELLOW reason=hysteresis_recover_wait 1/4 raw=GREEN avg_cand_recent=8.00
2026-02-27 05:30:28,681 [INFO] [u_station_ab_night_autotune_v2] trading.auto_trader: AutoTrade adjust token=cbBTC reason=min_trade_floor size=$0.08->$0.10 min=$0.10
2026-02-27 05:30:28,682 [INFO] [u_station_ab_night_autotune_v2] trading.auto_trader: AutoTrade skip token=cbBTC reason=ev_net_low expected_net=$-0.00631 min=$-0.00251 samples=24 conf=1.00 pwin=0.46 avg_win=$0.0040 avg_loss=$0.0155 kelly=0.000 mem=sparse trades=4<18
2026-02-27 05:30:28,693 [INFO] [u_station_ab_night_autotune_v2] trading.auto_trader: AUTO_DECISION token=BOTCOIN mode=YELLOW tier=A channel=core score=100 src=watchlist liq=611488 vol5m=12289 chg5m=-4.69% edge=2.47% raw=2.29% regime_mult=1.08 edge_usd=$0.015 size=$0.60 mult=1.35(score=1.15 liq=1.15 vol=1.05 volat=1.05) reinvest=1.05(growth_steps=0 drawdown=3.93% loss_streak=0 edge=5.52%) size_mode=0.80 hold_mode=1.06 exec_lane=runner exec_mult(size=1.10 hold=1.32 edge=0.94) edge_gate_mult(usd=1.00,pct=1.00) quality(edge=0.82,size=1.23 detail=src_mult=1.00 ev=0.01880 edge(src_relax=0.000 src_tight=0.000 ev_adj=-0.160) size(src_relax=0.000 src_cut=0.000 ev_adj=0.180)) costs=7.31% gas=$0.028 ev_net=$0.00410 ev_samples=105 conf=1.00 pwin=0.68 avg_win=$0.0109 avg_loss=$0.0090 kelly=1.46(k=0.411) token_ev=sparse trades=1<18 cluster=s3|l3|v3|m2|r1 cluster_route=ok samples=11 avg=0.01424 loss_share=0.09 breakdown={'liquidity_score': 30, 'volume_score': 30, 'risk_score': 15, 'age_score': 15, 'safety_score': 15}
2026-02-27 05:30:28,839 [INFO] [u_station_ab_night_autotune_v2] trading.auto_trader: AUTO_BUY Paper BUY token=BOTCOIN address=0xa601877977340862ca67f816eb079958e5bd0ba3 mode=YELLOW tier=A channel=core lane=runner entry=$0.00001848 size=$0.60 score=100 edge=2.47% edge_usd=$0.015 mult=1.35(score=1.15 liq=1.15 vol=1.05 volat=1.05) hold=130s costs=2.70% gas=$0.03
2026-02-27 05:30:28,889 [INFO] [u_station_ab_night_autotune_v2] trading.auto_trader: AutoTrade skip token=POOPCOIN reason=blacklist detail=honeypot_guard:honeypot_api_status_404
2026-02-27 05:30:28,892 [INFO] [u_station_ab_night_autotune_v2] trading.auto_trader: AUTO_DECISION token=SAIRI mode=YELLOW tier=A channel=core score=100 src=watchlist liq=452507 vol5m=13778 chg5m=-2.31% edge=2.21% raw=2.04% regime_mult=1.08 edge_usd=$0.013 size=$0.57 mult=1.35(score=1.15 liq=1.15 vol=1.05 volat=1.05) reinvest=1.05(growth_steps=0 drawdown=3.93% loss_streak=0 edge=5.52%) size_mode=0.80 hold_mode=1.06 exec_lane=runner exec_mult(size=1.10 hold=1.32 edge=0.94) edge_gate_mult(usd=1.00,pct=1.00) quality(edge=0.82,size=1.23 detail=src_mult=1.00 ev=0.01623 edge(src_relax=0.000 src_tight=0.000 ev_adj=-0.160) size(src_relax=0.000 src_cut=0.000 ev_adj=0.180)) costs=7.56% gas=$0.028 ev_net=$0.00353 ev_samples=97 conf=1.00 pwin=0.65 avg_win=$0.0110 avg_loss=$0.0086 kelly=1.39(k=0.374) token_ev=sparse trades=4<18 cluster=s3|l2|v3|m1|r1 cluster_route=sparse samples=0<10 breakdown={'liquidity_score': 30, 'volume_score': 30, 'risk_score': 15, 'age_score': 15, 'safety_score': 15}
2026-02-27 05:30:28,935 [INFO] [u_station_ab_night_autotune_v2] trading.auto_trader: AUTO_BUY Paper BUY token=SAIRI address=0xde61878b0b21ce395266c44d4d548d1c72a3eb07 mode=YELLOW tier=A channel=core lane=runner entry=$0.00000904 size=$0.57 score=100 edge=2.21% edge_usd=$0.013 mult=1.35(score=1.15 liq=1.15 vol=1.05 volat=1.05) hold=132s costs=2.70% gas=$0.03
2026-02-27 05:30:28,979 [INFO] [u_station_ab_night_autotune_v2] trading.auto_trader: AutoTrade batch mode=top_n candidates=8 eligible=8 selected=8 opened=2 pe=off burst_window=2
