2026-02-27 13:15:42,826 [INFO] [u_station_ab_night_autotune_v2] __main__: SESSION_LOG file=logs/matrix/u_station_ab_night_autotune_v2\sessions\main_local_20260227_121542_pid2488.log
2026-02-27 13:15:42,853 [INFO] [u_station_ab_night_autotune_v2] trading.auto_trader_state: AutoTrade state loaded open=0 closed=100 balance=$7.31
2026-02-27 13:15:42,872 [WARNING] [u_station_ab_night_autotune_v2] trading.auto_trader: DATA_POLICY mode=OK reason=init_reset_manual prev_mode=OK prev_reason=healthy | route=allow_all
2026-02-27 13:15:42,872 [INFO] [u_station_ab_night_autotune_v2] __main__: AUTOTRADER_INIT state=ready reason=manual mode=paper
2026-02-27 13:15:42,872 [INFO] [u_station_ab_night_autotune_v2] __main__: Local mode started (Telegram disabled).
2026-02-27 13:15:43,271 [INFO] [u_station_ab_night_autotune_v2] monitor.onchain_factory: PAIR_DETECTED source=uniswap_v2 dex=uniswap_v2 pair=0xf8d89c2027e900fd2d52f6df3ae5fa0cc6db4cec token0=0x4200000000000000000000000000000000000006 token1=0xe2ba9609495199cdc88c0fa0def4d5909901eb07 block=42702512 factory=0x8909dc15e40173ff4699343b6eb8132c65e18ec6
2026-02-27 13:15:43,271 [INFO] [u_station_ab_night_autotune_v2] monitor.onchain_factory: PAIR_DETECTED source=uniswap_v2 dex=uniswap_v2 pair=0xf9f27ce39d3869dd2a24b192c2a810b01967fce5 token0=0x4200000000000000000000000000000000000006 token1=0xae0df7324ff21e8dc7b8463d42150edd0990eb07 block=42702519 factory=0x8909dc15e40173ff4699343b6eb8132c65e18ec6
2026-02-27 13:15:43,271 [INFO] [u_station_ab_night_autotune_v2] monitor.onchain_factory: PAIR_DETECTED source=uniswap_v2 dex=uniswap_v2 pair=0x3e9a0d0033a739600dccb2100cdc6adcf3b76d29 token0=0x354315f008364837772625a148c2d4d549ad8882 token1=0x4200000000000000000000000000000000000006 block=42702538 factory=0x8909dc15e40173ff4699343b6eb8132c65e18ec6
2026-02-27 13:15:43,401 [INFO] [u_station_ab_night_autotune_v2] monitor.onchain_factory: PAIR_DETECTED source=uniswap_v3 dex=uniswap_v3 pair=0x044ac564633405efcd276b20c148593010baa77f token0=0x10464a6153822f7d076d7e649e8e732c79333a76 token1=0x4200000000000000000000000000000000000006 block=42702532 factory=0x33128a8fc17869897dce68ed026d694621f6fdfd
2026-02-27 13:15:43,620 [INFO] [u_station_ab_night_autotune_v2] monitor.onchain_factory: ENRICH_RETRY token=0x10464a6153822f7d076d7e649e8e732c79333a76 pair=0x044ac564633405efcd276b20c148593010baa77f attempt=1/2 delay=10s
2026-02-27 13:15:43,707 [INFO] [u_station_ab_night_autotune_v2] monitor.onchain_factory: ENRICH_RETRY token=0x354315f008364837772625a148c2d4d549ad8882 pair=0x3e9a0d0033a739600dccb2100cdc6adcf3b76d29 attempt=1/2 delay=10s
2026-02-27 13:15:43,871 [INFO] [u_station_ab_night_autotune_v2] monitor.onchain_factory: ENRICH_RETRY token=0xae0df7324ff21e8dc7b8463d42150edd0990eb07 pair=0xf9f27ce39d3869dd2a24b192c2a810b01967fce5 attempt=1/2 delay=10s
2026-02-27 13:15:43,970 [INFO] [u_station_ab_night_autotune_v2] monitor.onchain_factory: ENRICH_RETRY token=0xe2ba9609495199cdc88c0fa0def4d5909901eb07 pair=0xf8d89c2027e900fd2d52f6df3ae5fa0cc6db4cec attempt=1/2 delay=10s
2026-02-27 13:15:55,453 [INFO] [u_station_ab_night_autotune_v2] __main__: WATCHLIST merged count=6
2026-02-27 13:15:55,469 [INFO] [u_station_ab_night_autotune_v2] trading.v2_runtime: V2_UNIVERSE in=18 dedup=18 out=18 target=18 novel_target=16 novel_out=18 repeat_dropped=0 symbol_dropped=0 surge_in=4 surge_target=4 surge_out=4
2026-02-27 13:15:55,470 [INFO] [u_station_ab_night_autotune_v2] __main__: V2_SOURCE_QOS_FILTER in=18 out=13 drops={'source_qos_symbol_cap': 1, 'source_qos_cap': 4} caps={'geckoterminal': 287, 'dexscreener': 292, 'watchlist': 2}
2026-02-27 13:15:55,470 [INFO] [u_station_ab_night_autotune_v2] __main__: FILTER_FAIL token=MOLTD reason=source_qos_symbol_cap symbol=MOLTD used=1/1
2026-02-27 13:15:55,471 [INFO] [u_station_ab_night_autotune_v2] __main__: FILTER_FAIL token=SAIRI reason=source_qos_cap source=watchlist used=2/2
2026-02-27 13:15:55,472 [INFO] [u_station_ab_night_autotune_v2] __main__: FILTER_FAIL token=VIRTUAL reason=source_qos_cap source=watchlist used=2/2
2026-02-27 13:15:55,473 [INFO] [u_station_ab_night_autotune_v2] __main__: FILTER_FAIL token=cbBTC reason=source_qos_cap source=watchlist used=2/2
2026-02-27 13:15:55,474 [INFO] [u_station_ab_night_autotune_v2] __main__: FILTER_FAIL token=AERO reason=source_qos_cap source=watchlist used=2/2
2026-02-27 13:15:55,475 [INFO] [u_station_ab_night_autotune_v2] __main__: FILTER_FAIL token=ToruCeoAI reason=safe_change_5m
2026-02-27 13:15:55,475 [INFO] [u_station_ab_night_autotune_v2] __main__: FILTER_FAIL token=YOSHI reason=safe_age
2026-02-27 13:15:55,476 [INFO] [u_station_ab_night_autotune_v2] __main__: FILTER_PASS token=MOLTD tier=A score=80 mode=YELLOW risk=MEDIUM liq=73875 vol5m=4805
2026-02-27 13:15:55,477 [INFO] [u_station_ab_night_autotune_v2] monitor.local_alerter: Local alert token=MOLTD address=0x88a082df256da966170689e10782b2851402eb07 score=80 reco=BUY risk=MEDIUM warnings=0 liq=73875 vol5m=4805
2026-02-27 13:15:55,477 [INFO] [u_station_ab_night_autotune_v2] __main__: FILTER_PASS token=GOGP tier=A score=70 mode=YELLOW risk=MEDIUM liq=18682 vol5m=5286
2026-02-27 13:15:55,478 [INFO] [u_station_ab_night_autotune_v2] monitor.local_alerter: Local alert token=GOGP address=0x73cf1f14216e5f659d821f89937589d3850b457a score=70 reco=BUY risk=MEDIUM warnings=0 liq=18682 vol5m=5286
2026-02-27 13:15:55,479 [INFO] [u_station_ab_night_autotune_v2] __main__: FILTER_FAIL token=SHCO reason=safe_age
2026-02-27 13:15:55,479 [INFO] [u_station_ab_night_autotune_v2] __main__: FILTER_PASS token=Skinport tier=A score=70 mode=YELLOW risk=MEDIUM liq=22648 vol5m=3882
2026-02-27 13:15:55,480 [INFO] [u_station_ab_night_autotune_v2] monitor.local_alerter: Local alert token=Skinport address=0x4f79fa44433c5450d50797633bb097bf100daba3 score=70 reco=BUY risk=MEDIUM warnings=0 liq=22648 vol5m=3882
2026-02-27 13:15:55,480 [INFO] [u_station_ab_night_autotune_v2] __main__: FILTER_PASS token=IRIS tier=A score=60 mode=YELLOW risk=MEDIUM liq=20515 vol5m=1158
2026-02-27 13:15:55,481 [INFO] [u_station_ab_night_autotune_v2] monitor.local_alerter: Local alert token=IRIS address=0x0ef7c0f13905178f90d894fc8a7e4aa5df6e5ba3 score=60 reco=HOLD risk=MEDIUM warnings=0 liq=20515 vol5m=1158
2026-02-27 13:15:55,482 [INFO] [u_station_ab_night_autotune_v2] __main__: FILTER_FAIL token=VEC reason=safe_age
2026-02-27 13:15:55,482 [INFO] [u_station_ab_night_autotune_v2] __main__: FILTER_PASS token=VVV tier=A score=100 mode=YELLOW risk=MEDIUM liq=4370989 vol5m=40840
2026-02-27 13:15:55,483 [INFO] [u_station_ab_night_autotune_v2] __main__: FILTER_FAIL token=QQQ reason=safe_contract
2026-02-27 13:15:55,484 [INFO] [u_station_ab_night_autotune_v2] __main__: FILTER_FAIL token=PICO reason=safe_age
2026-02-27 13:15:55,485 [INFO] [u_station_ab_night_autotune_v2] __main__: FILTER_PASS token=JUNO tier=A score=100 mode=YELLOW risk=MEDIUM liq=515585 vol5m=12177
2026-02-27 13:15:55,486 [INFO] [u_station_ab_night_autotune_v2] __main__: FILTER_FAIL token=ROBO reason=score_min score=40 strict_min=48 soft_min=48 mode=YELLOW
2026-02-27 13:15:55,486 [INFO] [u_station_ab_night_autotune_v2] trading.v2_runtime: V2_QUALITY_ROTATE symbols_core=0 symbols_cooldown=0 sources=2 top_core=- top_cooldown=-
2026-02-27 13:15:55,487 [INFO] [u_station_ab_night_autotune_v2] __main__: V2_QUALITY_GATE enabled=True regime=YELLOW in=6 out=6 core_out=1 explore_out=5 probe_out=0 quota=3 max_symbol_share=0.167 drop={'duplicate_address': 4} sources_used={'watchlist': 2, 'dexscreener': 1, 'geckoterminal': 3}
2026-02-27 13:15:55,489 [INFO] [u_station_ab_night_autotune_v2] __main__: V2_ENTRY_ROUTE enabled=True regime=YELLOW in=6 out=4 core_out=1 explore_out=3 quota=3 allow_explore=True
2026-02-27 13:15:55,489 [WARNING] [u_station_ab_night_autotune_v2] trading.auto_trader: DATA_POLICY mode=OK reason=healthy | route=allow_all prev_mode=OK prev_reason=init_reset_manual
2026-02-27 13:15:55,490 [INFO] [u_station_ab_night_autotune_v2] __main__: MARKET_REGIME mode=YELLOW reason=hysteresis_recover_wait 1/4 raw=GREEN avg_cand_recent=6.00
2026-02-27 13:15:55,511 [INFO] [u_station_ab_night_autotune_v2] trading.auto_trader: AutoTrade adjust token=MOLTD reason=min_trade_floor size=$0.03->$0.10 min=$0.10
2026-02-27 13:15:55,515 [INFO] [u_station_ab_night_autotune_v2] trading.auto_trader: AutoTrade skip token=MOLTD reason=edge_low mode=both edge=-27.86% raw=-25.80% mult=1.08 min=0.05% probe_min=0.05% edge_usd=$-0.028 min_usd=$0.000 probe_min_usd=$0.000 size=$0.10 gross=4.80% costs=30.60% pwin=0.55 probe=- budget=0/1
2026-02-27 13:15:55,515 [INFO] [u_station_ab_night_autotune_v2] trading.auto_trader: AutoTrade skip token=VVV reason=cooldown_left_175s
2026-02-27 13:15:55,531 [INFO] [u_station_ab_night_autotune_v2] trading.auto_trader: AutoTrade adjust token=Skinport reason=min_trade_floor size=$0.02->$0.10 min=$0.10
2026-02-27 13:15:55,531 [INFO] [u_station_ab_night_autotune_v2] trading.auto_trader: AutoTrade skip token=Skinport reason=edge_low mode=both edge=-31.54% raw=-29.20% mult=1.08 min=0.05% probe_min=0.05% edge_usd=$-0.032 min_usd=$0.000 probe_min_usd=$0.000 size=$0.10 gross=1.60% costs=30.80% pwin=0.35 probe=- budget=0/1
2026-02-27 13:15:55,531 [INFO] [u_station_ab_night_autotune_v2] trading.auto_trader: AutoTrade batch mode=top_n candidates=4 eligible=4 selected=3 opened=0 pe=off burst_window=0
2026-02-27 13:15:55,531 [INFO] [u_station_ab_night_autotune_v2] __main__: FILTER_THRESHOLDS safe_volume_5m_min=$5 safe_liquidity_min=$8000 safe_age_min=240s score_min=48 edge_min=0.05% lock_floor=0.95 no_momentum_max_pnl=0.25 weakness_pnl=-2.60
2026-02-27 13:15:55,531 [INFO] [u_station_ab_night_autotune_v2] __main__: Scanned 18 tokens | High quality: 7 | Alerts sent: 4 | Trade candidates: 6 | Quality out/core/explore/probe: 6/1/5/0 | Opened: 0 | Mode: local | Source: onchain+market | Policy: raw=OK/effective=OK(healthy | route=allow_all) | Regime: YELLOW(hysteresis_recover_wait 1/4 raw=GREEN) | Safety: checked=7 fail_closed=0 reasons=api_code_4029:7 | FiltersTop(session): source_qos_cap:4,safe_age:4,source_qos_symbol_cap:1,safe_change_5m:1 | Dedup: heavy_skip=0 override=0 | V2Budget: 7/280 | SourceQoS: enabled=1/in=18/out=13/dropped=5/active_cd=0/drops=source_qos_cap:4,source_qos_symbol_cap:1 | Ingest: q=0/oldest=0.0s/drop_old=0/dedup_skip=0/enq=11/drain=11 | Sources: dex_boosts:ok=1/fail=0/429=0/lim_wait=0/cd_wait=0/err=0.0%/avg=127ms; dexscreener:ok=11/fail=0/429=0/lim_wait=0/cd_wait=0/err=0.0%/avg=280ms; geckoterminal:ok=2/fail=0/429=0/lim_wait=0/cd_wait=0/err=0.0%/avg=147ms; onchain_enrich:ok=16/fail=0/429=0/lim_wait=0/cd_wait=0/err=0.0%/avg=122ms; onchain_weth_price:ok=1/fail=0/429=0/lim_wait=0/cd_wait=0/err=0.0%/avg=59ms; watchlist_dex:ok=10/fail=0/429=0/lim_wait=0/cd_wait=0/err=0.0%/avg=115ms; watchlist_gecko:ok=6/fail=0/429=0/lim_wait=0/cd_wait=0/err=0.0%/avg=562ms | Tasks: 3 | RSS: 0.0MB | CycleAvg: 0.00s
2026-02-27 13:16:00,019 [INFO] [u_station_ab_night_autotune_v2] monitor.onchain_factory: ENRICH_RETRY token=0xe2ba9609495199cdc88c0fa0def4d5909901eb07 pair=0xf8d89c2027e900fd2d52f6df3ae5fa0cc6db4cec attempt=1/2 delay=10s
2026-02-27 13:16:00,035 [INFO] [u_station_ab_night_autotune_v2] monitor.onchain_factory: ENRICH_RETRY token=0xae0df7324ff21e8dc7b8463d42150edd0990eb07 pair=0xf9f27ce39d3869dd2a24b192c2a810b01967fce5 attempt=1/2 delay=10s
2026-02-27 13:16:00,103 [INFO] [u_station_ab_night_autotune_v2] monitor.onchain_factory: ENRICH_RETRY token=0x10464a6153822f7d076d7e649e8e732c79333a76 pair=0x044ac564633405efcd276b20c148593010baa77f attempt=1/2 delay=10s
2026-02-27 13:16:00,103 [INFO] [u_station_ab_night_autotune_v2] monitor.onchain_factory: ENRICH_RETRY token=0x354315f008364837772625a148c2d4d549ad8882 pair=0x3e9a0d0033a739600dccb2100cdc6adcf3b76d29 attempt=1/2 delay=10s
2026-02-27 13:16:10,203 [INFO] [u_station_ab_night_autotune_v2] __main__: WATCHLIST merged count=6
2026-02-27 13:16:10,203 [INFO] [u_station_ab_night_autotune_v2] trading.v2_runtime: V2_UNIVERSE in=6 dedup=6 out=6 target=6 novel_target=6 novel_out=0 repeat_dropped=0 symbol_dropped=0 surge_in=0 surge_target=0 surge_out=0
2026-02-27 13:16:10,203 [INFO] [u_station_ab_night_autotune_v2] __main__: V2_SOURCE_QOS_FILTER in=6 out=3 drops={'source_qos_cap': 3} caps={'watchlist': 3}
2026-02-27 13:16:10,203 [INFO] [u_station_ab_night_autotune_v2] __main__: FILTER_FAIL token=VIRTUAL reason=source_qos_cap source=watchlist used=3/3
2026-02-27 13:16:10,203 [INFO] [u_station_ab_night_autotune_v2] __main__: FILTER_FAIL token=cbBTC reason=source_qos_cap source=watchlist used=3/3
2026-02-27 13:16:10,203 [INFO] [u_station_ab_night_autotune_v2] __main__: FILTER_FAIL token=AERO reason=source_qos_cap source=watchlist used=3/3
2026-02-27 13:16:10,203 [INFO] [u_station_ab_night_autotune_v2] __main__: FILTER_PASS token=VVV tier=A score=100 mode=YELLOW risk=MEDIUM liq=4370989 vol5m=40840
2026-02-27 13:16:10,203 [INFO] [u_station_ab_night_autotune_v2] __main__: FILTER_PASS token=JUNO tier=A score=100 mode=YELLOW risk=MEDIUM liq=515585 vol5m=12177
2026-02-27 13:16:10,203 [INFO] [u_station_ab_night_autotune_v2] __main__: FILTER_PASS token=SAIRI tier=A score=95 mode=YELLOW risk=MEDIUM liq=554693 vol5m=5471
2026-02-27 13:16:10,203 [INFO] [u_station_ab_night_autotune_v2] __main__: V2_QUALITY_GATE enabled=True regime=YELLOW in=3 out=3 core_out=2 explore_out=1 probe_out=0 quota=1 max_symbol_share=0.333 drop={} sources_used={'watchlist': 3}
2026-02-27 13:16:10,203 [INFO] [u_station_ab_night_autotune_v2] __main__: V2_ENTRY_ROUTE enabled=True regime=YELLOW in=3 out=3 core_out=2 explore_out=1 quota=1 allow_explore=True
2026-02-27 13:16:10,203 [INFO] [u_station_ab_night_autotune_v2] __main__: MARKET_REGIME mode=YELLOW reason=hysteresis_recover_wait 2/4 raw=GREEN avg_cand_recent=4.50
2026-02-27 13:16:10,203 [INFO] [u_station_ab_night_autotune_v2] trading.auto_trader: AutoTrade skip token=VVV reason=cooldown_left_160s
2026-02-27 13:16:10,220 [INFO] [u_station_ab_night_autotune_v2] trading.auto_trader: AUTO_DECISION token=SAIRI mode=YELLOW tier=A channel=core score=95 src=watchlist liq=554693 vol5m=5471 chg5m=3.25% edge=0.83% raw=0.77% regime_mult=1.08 edge_usd=$0.004 size=$0.45 mult=1.35(score=1.15 liq=1.15 vol=1.00 volat=1.05) reinvest=0.88(growth_steps=0 drawdown=4.57% loss_streak=2 edge=5.52%) size_mode=0.80 hold_mode=1.06 exec_lane=runner exec_mult(size=1.10 hold=1.32 edge=0.94) edge_gate_mult(usd=1.00,pct=1.00) quality(edge=0.86,size=1.20 detail=src_mult=1.00 ev=0.00681 edge(src_relax=0.000 src_tight=0.000 ev_adj=-0.123) size(src_relax=0.000 src_cut=0.000 ev_adj=0.150)) costs=8.83% gas=$0.028 ev_net=$0.00060 ev_samples=122 conf=1.00 pwin=0.55 avg_win=$0.0081 avg_loss=$0.0079 kelly=0.85(k=0.113) token_ev=sparse trades=0<18 cluster=s3|l3|v2|m2|r1 cluster_route=sparse samples=3<10 breakdown={'liquidity_score': 30, 'volume_score': 20, 'risk_score': 15, 'age_score': 15, 'safety_score': 15}
2026-02-27 13:16:10,385 [INFO] [u_station_ab_night_autotune_v2] trading.auto_trader: AUTO_BUY Paper BUY token=SAIRI address=0xde61878b0b21ce395266c44d4d548d1c72a3eb07 mode=YELLOW tier=A channel=core lane=runner entry=$0.00001267 size=$0.45 score=95 edge=0.83% edge_usd=$0.004 mult=1.35(score=1.15 liq=1.15 vol=1.00 volat=1.05) hold=125s costs=2.70% gas=$0.03
2026-02-27 13:16:10,435 [INFO] [u_station_ab_night_autotune_v2] trading.auto_trader: AutoTrade batch mode=top_n candidates=3 eligible=3 selected=2 opened=1 pe=off burst_window=1
2026-02-27 13:16:10,922 [INFO] [u_station_ab_night_autotune_v2] __main__: Scanned 6 tokens | High quality: 3 | Alerts sent: 0 | Trade candidates: 3 | Quality out/core/explore/probe: 3/2/1/0 | Opened: 1 | Mode: local | Source: onchain+market | Policy: raw=OK/effective=OK(healthy | route=allow_all) | Regime: YELLOW(hysteresis_recover_wait 2/4 raw=GREEN) | Safety: checked=3 fail_closed=0 reasons=api_code_4029:3 | FiltersTop(session): source_qos_cap:7,safe_age:4,source_qos_symbol_cap:1,safe_change_5m:1 | Dedup: heavy_skip=0 override=0 | V2Budget: 3/280 | SourceQoS: enabled=1/in=6/out=3/dropped=3/active_cd=0/drops=source_qos_cap:3 | Ingest: q=0/oldest=0.0s/drop_old=0/dedup_skip=0/enq=0/drain=0 | Sources: dex_boosts:ok=1/fail=0/429=0/lim_wait=0/cd_wait=0/err=0.0%/avg=90ms; dexscreener:ok=11/fail=0/429=0/lim_wait=0/cd_wait=0/err=0.0%/avg=110ms; onchain_enrich:ok=16/fail=0/429=0/lim_wait=0/cd_wait=0/err=0.0%/avg=51ms | Tasks: 3 | RSS: 0.0MB | CycleAvg: 12.65s
2026-02-27 13:16:15,703 [INFO] [u_station_ab_night_autotune_v2] monitor.onchain_factory: ENRICH_RETRY token=0x10464a6153822f7d076d7e649e8e732c79333a76 pair=0x044ac564633405efcd276b20c148593010baa77f attempt=1/2 delay=10s
2026-02-27 13:16:15,709 [INFO] [u_station_ab_night_autotune_v2] monitor.onchain_factory: ENRICH_RETRY token=0xe2ba9609495199cdc88c0fa0def4d5909901eb07 pair=0xf8d89c2027e900fd2d52f6df3ae5fa0cc6db4cec attempt=1/2 delay=10s
2026-02-27 13:16:15,725 [INFO] [u_station_ab_night_autotune_v2] monitor.onchain_factory: ENRICH_RETRY token=0xae0df7324ff21e8dc7b8463d42150edd0990eb07 pair=0xf9f27ce39d3869dd2a24b192c2a810b01967fce5 attempt=1/2 delay=10s
2026-02-27 13:16:15,751 [INFO] [u_station_ab_night_autotune_v2] monitor.onchain_factory: ENRICH_RETRY token=0x354315f008364837772625a148c2d4d549ad8882 pair=0x3e9a0d0033a739600dccb2100cdc6adcf3b76d29 attempt=1/2 delay=10s
2026-02-27 13:16:25,821 [INFO] [u_station_ab_night_autotune_v2] __main__: WATCHLIST merged count=6
2026-02-27 13:16:25,821 [INFO] [u_station_ab_night_autotune_v2] trading.v2_runtime: V2_UNIVERSE in=6 dedup=6 out=6 target=6 novel_target=6 novel_out=0 repeat_dropped=0 symbol_dropped=0 surge_in=0 surge_target=0 surge_out=0
2026-02-27 13:16:25,821 [INFO] [u_station_ab_night_autotune_v2] __main__: V2_SOURCE_QOS_FILTER in=6 out=3 drops={'source_qos_cap': 3} caps={'watchlist': 3}
2026-02-27 13:16:25,821 [INFO] [u_station_ab_night_autotune_v2] __main__: FILTER_FAIL token=VIRTUAL reason=source_qos_cap source=watchlist used=3/3
2026-02-27 13:16:25,837 [INFO] [u_station_ab_night_autotune_v2] __main__: FILTER_FAIL token=cbBTC reason=source_qos_cap source=watchlist used=3/3
2026-02-27 13:16:25,837 [INFO] [u_station_ab_night_autotune_v2] __main__: FILTER_FAIL token=AERO reason=source_qos_cap source=watchlist used=3/3
2026-02-27 13:16:25,837 [INFO] [u_station_ab_night_autotune_v2] __main__: FILTER_PASS token=VVV tier=A score=100 mode=YELLOW risk=MEDIUM liq=4370989 vol5m=40840
2026-02-27 13:16:25,839 [INFO] [u_station_ab_night_autotune_v2] __main__: FILTER_PASS token=JUNO tier=A score=100 mode=YELLOW risk=MEDIUM liq=515585 vol5m=12177
2026-02-27 13:16:25,839 [INFO] [u_station_ab_night_autotune_v2] __main__: FILTER_PASS token=SAIRI tier=A score=95 mode=YELLOW risk=MEDIUM liq=554693 vol5m=5471
2026-02-27 13:16:25,839 [INFO] [u_station_ab_night_autotune_v2] __main__: V2_QUALITY_GATE enabled=True regime=YELLOW in=3 out=3 core_out=2 explore_out=1 probe_out=0 quota=1 max_symbol_share=0.333 drop={} sources_used={'watchlist': 3}
2026-02-27 13:16:25,839 [INFO] [u_station_ab_night_autotune_v2] __main__: V2_ENTRY_ROUTE enabled=True regime=YELLOW in=3 out=3 core_out=2 explore_out=1 quota=1 allow_explore=True
2026-02-27 13:16:25,839 [INFO] [u_station_ab_night_autotune_v2] __main__: MARKET_REGIME mode=YELLOW reason=hysteresis_recover_wait 3/4 raw=GREEN avg_cand_recent=4.00
2026-02-27 13:16:25,839 [INFO] [u_station_ab_night_autotune_v2] trading.auto_trader: AutoTrade batch prefilter removed=1 missing_addr=0 open_duplicate=1
2026-02-27 13:16:25,839 [INFO] [u_station_ab_night_autotune_v2] trading.auto_trader: AutoTrade skip token=VVV reason=cooldown_left_144s
2026-02-27 13:16:25,839 [INFO] [u_station_ab_night_autotune_v2] trading.auto_trader: AutoTrade batch mode=top_n candidates=3 eligible=2 selected=1 opened=0 pe=off burst_window=1
2026-02-27 13:16:25,953 [INFO] [u_station_ab_night_autotune_v2] __main__: Scanned 6 tokens | High quality: 3 | Alerts sent: 0 | Trade candidates: 3 | Quality out/core/explore/probe: 3/2/1/0 | Opened: 0 | Mode: local | Source: onchain+market | Policy: raw=OK/effective=OK(healthy | route=allow_all) | Regime: YELLOW(hysteresis_recover_wait 3/4 raw=GREEN) | Safety: checked=3 fail_closed=0 reasons=api_code_4029:3 | FiltersTop(session): source_qos_cap:10,safe_age:4,source_qos_symbol_cap:1,safe_change_5m:1 | Dedup: heavy_skip=0 override=0 | V2Budget: 3/280 | SourceQoS: enabled=1/in=6/out=3/dropped=3/active_cd=0/drops=source_qos_cap:3 | Ingest: q=0/oldest=0.0s/drop_old=0/dedup_skip=0/enq=0/drain=0 | Sources: dex_boosts:ok=1/fail=0/429=0/lim_wait=0/cd_wait=0/err=0.0%/avg=147ms; dexscreener:ok=11/fail=0/429=0/lim_wait=0/cd_wait=0/err=0.0%/avg=239ms; onchain_enrich:ok=16/fail=0/429=0/lim_wait=0/cd_wait=0/err=0.0%/avg=108ms | Tasks: 3 | RSS: 0.0MB | CycleAvg: 12.02s
2026-02-27 13:16:30,235 [INFO] [u_station_ab_night_autotune_v2] monitor.onchain_factory: PAIR_DETECTED source=uniswap_v2 dex=uniswap_v2 pair=0x03e6c781543dfc4dc0639b36f25d0b2bcfde3382 token0=0x4200000000000000000000000000000000000006 token1=0xc423696bd9d777d4c704aa98b1019dd63b25d105 block=42702614 factory=0x8909dc15e40173ff4699343b6eb8132c65e18ec6
2026-02-27 13:16:30,485 [INFO] [u_station_ab_night_autotune_v2] monitor.onchain_factory: ENRICH_RETRY token=0xe2ba9609495199cdc88c0fa0def4d5909901eb07 pair=0xf8d89c2027e900fd2d52f6df3ae5fa0cc6db4cec attempt=1/2 delay=10s
2026-02-27 13:16:30,506 [INFO] [u_station_ab_night_autotune_v2] monitor.onchain_factory: ENRICH_RETRY token=0x354315f008364837772625a148c2d4d549ad8882 pair=0x3e9a0d0033a739600dccb2100cdc6adcf3b76d29 attempt=1/2 delay=10s
2026-02-27 13:16:30,506 [INFO] [u_station_ab_night_autotune_v2] monitor.onchain_factory: ENRICH_RETRY token=0xae0df7324ff21e8dc7b8463d42150edd0990eb07 pair=0xf9f27ce39d3869dd2a24b192c2a810b01967fce5 attempt=1/2 delay=10s
2026-02-27 13:16:30,606 [INFO] [u_station_ab_night_autotune_v2] monitor.onchain_factory: ENRICH_RETRY token=0x10464a6153822f7d076d7e649e8e732c79333a76 pair=0x044ac564633405efcd276b20c148593010baa77f attempt=1/2 delay=10s
2026-02-27 13:16:30,690 [INFO] [u_station_ab_night_autotune_v2] monitor.onchain_factory: ENRICH_RETRY token=0xc423696bd9d777d4c704aa98b1019dd63b25d105 pair=0x03e6c781543dfc4dc0639b36f25d0b2bcfde3382 attempt=1/2 delay=10s
2026-02-27 13:16:40,803 [INFO] [u_station_ab_night_autotune_v2] __main__: WATCHLIST merged count=6
2026-02-27 13:16:40,803 [INFO] [u_station_ab_night_autotune_v2] trading.v2_runtime: V2_UNIVERSE in=6 dedup=6 out=6 target=6 novel_target=6 novel_out=0 repeat_dropped=0 symbol_dropped=0 surge_in=0 surge_target=0 surge_out=0
2026-02-27 13:16:40,803 [INFO] [u_station_ab_night_autotune_v2] __main__: V2_SOURCE_QOS_FILTER in=6 out=3 drops={'source_qos_cap': 3} caps={'watchlist': 3}
2026-02-27 13:16:40,803 [INFO] [u_station_ab_night_autotune_v2] __main__: FILTER_FAIL token=VIRTUAL reason=source_qos_cap source=watchlist used=3/3
2026-02-27 13:16:40,803 [INFO] [u_station_ab_night_autotune_v2] __main__: FILTER_FAIL token=cbBTC reason=source_qos_cap source=watchlist used=3/3
2026-02-27 13:16:40,803 [INFO] [u_station_ab_night_autotune_v2] __main__: FILTER_FAIL token=AERO reason=source_qos_cap source=watchlist used=3/3
2026-02-27 13:16:40,803 [INFO] [u_station_ab_night_autotune_v2] __main__: FILTER_PASS token=VVV tier=A score=100 mode=YELLOW risk=MEDIUM liq=4370989 vol5m=40840
2026-02-27 13:16:40,803 [INFO] [u_station_ab_night_autotune_v2] __main__: FILTER_PASS token=JUNO tier=A score=100 mode=YELLOW risk=MEDIUM liq=515585 vol5m=12177
2026-02-27 13:16:40,803 [INFO] [u_station_ab_night_autotune_v2] __main__: FILTER_PASS token=SAIRI tier=A score=95 mode=YELLOW risk=MEDIUM liq=554693 vol5m=5471
2026-02-27 13:16:40,803 [INFO] [u_station_ab_night_autotune_v2] __main__: V2_QUALITY_GATE enabled=True regime=GREEN in=3 out=3 core_out=2 explore_out=1 probe_out=0 quota=1 max_symbol_share=0.333 drop={} sources_used={'watchlist': 3}
2026-02-27 13:16:40,803 [INFO] [u_station_ab_night_autotune_v2] __main__: V2_ENTRY_ROUTE enabled=True regime=GREEN in=3 out=3 core_out=2 explore_out=1 quota=1 allow_explore=True
2026-02-27 13:16:40,803 [INFO] [u_station_ab_night_autotune_v2] __main__: MARKET_REGIME mode=GREEN reason=avg_cand=3.75 avg_cand_recent=3.75
2026-02-27 13:16:40,803 [WARNING] [u_station_ab_night_autotune_v2] monitor.local_alerter: Local event symbol=MARKET_MODE reco=GREEN risk=INFO
2026-02-27 13:16:40,803 [INFO] [u_station_ab_night_autotune_v2] trading.auto_trader: AutoTrade batch prefilter removed=1 missing_addr=0 open_duplicate=1
2026-02-27 13:16:40,803 [INFO] [u_station_ab_night_autotune_v2] trading.auto_trader: AutoTrade skip token=VVV reason=cooldown_left_129s
2026-02-27 13:16:40,803 [INFO] [u_station_ab_night_autotune_v2] trading.auto_trader: AutoTrade batch mode=top_n candidates=3 eligible=2 selected=1 opened=0 pe=off burst_window=1
2026-02-27 13:16:40,922 [INFO] [u_station_ab_night_autotune_v2] __main__: Scanned 6 tokens | High quality: 3 | Alerts sent: 0 | Trade candidates: 3 | Quality out/core/explore/probe: 3/2/1/0 | Opened: 0 | Mode: local | Source: onchain+market | Policy: raw=OK/effective=OK(healthy | route=allow_all) | Regime: GREEN(avg_cand=3.75) | Safety: checked=3 fail_closed=0 reasons=api_code_4029:3 | FiltersTop(session): source_qos_cap:13,safe_age:4,source_qos_symbol_cap:1,safe_change_5m:1 | Dedup: heavy_skip=0 override=0 | V2Budget: 3/280 | SourceQoS: enabled=1/in=6/out=3/dropped=3/active_cd=0/drops=source_qos_cap:3 | Ingest: q=0/oldest=0.0s/drop_old=0/dedup_skip=0/enq=0/drain=0 | Sources: dex_boosts:ok=1/fail=0/429=0/lim_wait=0/cd_wait=0/err=0.0%/avg=56ms; dexscreener:ok=11/fail=0/429=0/lim_wait=0/cd_wait=0/err=0.0%/avg=53ms; onchain_enrich:ok=20/fail=0/429=0/lim_wait=0/cd_wait=0/err=0.0%/avg=56ms | Tasks: 3 | RSS: 0.0MB | CycleAvg: 11.69s
2026-02-27 13:16:45,496 [INFO] [u_station_ab_night_autotune_v2] monitor.onchain_factory: ENRICH_RETRY token=0x354315f008364837772625a148c2d4d549ad8882 pair=0x3e9a0d0033a739600dccb2100cdc6adcf3b76d29 attempt=1/2 delay=10s
2026-02-27 13:16:45,505 [INFO] [u_station_ab_night_autotune_v2] monitor.onchain_factory: ENRICH_RETRY token=0xae0df7324ff21e8dc7b8463d42150edd0990eb07 pair=0xf9f27ce39d3869dd2a24b192c2a810b01967fce5 attempt=1/2 delay=10s
2026-02-27 13:16:45,505 [INFO] [u_station_ab_night_autotune_v2] monitor.onchain_factory: ENRICH_RETRY token=0xe2ba9609495199cdc88c0fa0def4d5909901eb07 pair=0xf8d89c2027e900fd2d52f6df3ae5fa0cc6db4cec attempt=1/2 delay=10s
2026-02-27 13:16:45,514 [INFO] [u_station_ab_night_autotune_v2] monitor.onchain_factory: ENRICH_RETRY token=0xc423696bd9d777d4c704aa98b1019dd63b25d105 pair=0x03e6c781543dfc4dc0639b36f25d0b2bcfde3382 attempt=1/2 delay=10s
2026-02-27 13:16:45,514 [INFO] [u_station_ab_night_autotune_v2] monitor.onchain_factory: ENRICH_RETRY token=0x10464a6153822f7d076d7e649e8e732c79333a76 pair=0x044ac564633405efcd276b20c148593010baa77f attempt=1/2 delay=10s
2026-02-27 13:16:56,033 [INFO] [u_station_ab_night_autotune_v2] __main__: WATCHLIST merged count=6
2026-02-27 13:16:56,033 [INFO] [u_station_ab_night_autotune_v2] trading.v2_runtime: V2_UNIVERSE in=6 dedup=6 out=6 target=6 novel_target=6 novel_out=0 repeat_dropped=0 symbol_dropped=0 surge_in=0 surge_target=0 surge_out=0
2026-02-27 13:16:56,034 [INFO] [u_station_ab_night_autotune_v2] __main__: V2_SOURCE_QOS_FILTER in=6 out=3 drops={'source_qos_cap': 3} caps={'watchlist': 3}
2026-02-27 13:16:56,035 [INFO] [u_station_ab_night_autotune_v2] __main__: FILTER_FAIL token=VIRTUAL reason=source_qos_cap source=watchlist used=3/3
2026-02-27 13:16:56,036 [INFO] [u_station_ab_night_autotune_v2] __main__: FILTER_FAIL token=cbBTC reason=source_qos_cap source=watchlist used=3/3
2026-02-27 13:16:56,037 [INFO] [u_station_ab_night_autotune_v2] __main__: FILTER_FAIL token=AERO reason=source_qos_cap source=watchlist used=3/3
2026-02-27 13:16:56,037 [INFO] [u_station_ab_night_autotune_v2] __main__: FILTER_PASS token=VVV tier=A score=100 mode=GREEN risk=MEDIUM liq=4370989 vol5m=40840
2026-02-27 13:16:56,038 [INFO] [u_station_ab_night_autotune_v2] __main__: FILTER_PASS token=JUNO tier=A score=100 mode=GREEN risk=MEDIUM liq=515585 vol5m=12177
2026-02-27 13:16:56,039 [INFO] [u_station_ab_night_autotune_v2] __main__: FILTER_PASS token=SAIRI tier=A score=95 mode=GREEN risk=MEDIUM liq=554693 vol5m=5471
2026-02-27 13:16:56,040 [INFO] [u_station_ab_night_autotune_v2] __main__: V2_QUALITY_GATE enabled=True regime=GREEN in=3 out=3 core_out=2 explore_out=1 probe_out=0 quota=1 max_symbol_share=0.333 drop={} sources_used={'watchlist': 3}
2026-02-27 13:16:56,040 [INFO] [u_station_ab_night_autotune_v2] __main__: V2_ENTRY_ROUTE enabled=True regime=GREEN in=3 out=3 core_out=2 explore_out=1 quota=1 allow_explore=True
2026-02-27 13:16:56,040 [INFO] [u_station_ab_night_autotune_v2] __main__: MARKET_REGIME mode=GREEN reason=avg_cand=3.60 avg_cand_recent=3.60
2026-02-27 13:16:56,041 [INFO] [u_station_ab_night_autotune_v2] trading.auto_trader: AutoTrade batch prefilter removed=1 missing_addr=0 open_duplicate=1
2026-02-27 13:16:56,042 [INFO] [u_station_ab_night_autotune_v2] trading.auto_trader: AutoTrade skip token=VVV reason=cooldown_left_114s
2026-02-27 13:16:56,042 [INFO] [u_station_ab_night_autotune_v2] trading.auto_trader: AutoTrade batch mode=top_n candidates=3 eligible=2 selected=1 opened=0 pe=off burst_window=0
2026-02-27 13:16:56,042 [INFO] [u_station_ab_night_autotune_v2] trading.auto_trader: PAPER_SUMMARY window=60s closed_delta=0 wins_delta=0 losses_delta=0 realized_delta=$0.00 total_closed=100 winrate_total=43.0% realized_total=$0.31 balance=$6.86 equity=$7.30 open=1
2026-02-27 13:16:56,356 [INFO] [u_station_ab_night_autotune_v2] __main__: Scanned 6 tokens | High quality: 3 | Alerts sent: 0 | Trade candidates: 3 | Quality out/core/explore/probe: 3/2/1/0 | Opened: 0 | Mode: local | Source: onchain+market | Policy: raw=OK/effective=OK(healthy | route=allow_all) | Regime: GREEN(avg_cand=3.60) | Safety: checked=3 fail_closed=0 reasons=api_code_4029:3 | FiltersTop(session): source_qos_cap:16,safe_age:4,source_qos_symbol_cap:1,safe_change_5m:1 | Dedup: heavy_skip=0 override=0 | V2Budget: 3/280 | SourceQoS: enabled=1/in=6/out=3/dropped=3/active_cd=0/drops=source_qos_cap:3 | Ingest: q=0/oldest=0.0s/drop_old=0/dedup_skip=0/enq=0/drain=0 | Sources: dex_boosts:ok=1/fail=0/429=0/lim_wait=0/cd_wait=0/err=0.0%/avg=46ms; dexscreener:ok=11/fail=0/429=0/lim_wait=0/cd_wait=0/err=0.0%/avg=51ms; onchain_enrich:ok=20/fail=0/429=0/lim_wait=0/cd_wait=0/err=0.0%/avg=118ms; onchain_weth_price:ok=1/fail=0/429=0/lim_wait=0/cd_wait=0/err=0.0%/avg=58ms | Tasks: 3 | RSS: 0.0MB | CycleAvg: 11.50s
2026-02-27 13:17:00,647 [INFO] [u_station_ab_night_autotune_v2] monitor.onchain_factory: PAIR_DETECTED source=uniswap_v2 dex=uniswap_v2 pair=0x8dcb3bc478b3b499cbd42be50baefa8db182761b token0=0x4200000000000000000000000000000000000006 token1=0x6957c69f3ffe6b16144970d64533d783e0c779e6 block=42702628 factory=0x8909dc15e40173ff4699343b6eb8132c65e18ec6
2026-02-27 13:17:00,647 [INFO] [u_station_ab_night_autotune_v2] monitor.onchain_factory: PAIR_DETECTED source=uniswap_v2 dex=uniswap_v2 pair=0xe3aff8a270eafee4583cd23b1ed16e0a86efe374 token0=0x0c3fae145fc1c0026d509e6a589519e315d88ba3 token1=0x4200000000000000000000000000000000000006 block=42702634 factory=0x8909dc15e40173ff4699343b6eb8132c65e18ec6
2026-02-27 13:17:00,853 [INFO] [u_station_ab_night_autotune_v2] monitor.onchain_factory: ENRICH_RETRY token=0xe2ba9609495199cdc88c0fa0def4d5909901eb07 pair=0xf8d89c2027e900fd2d52f6df3ae5fa0cc6db4cec attempt=1/2 delay=10s
2026-02-27 13:17:00,853 [INFO] [u_station_ab_night_autotune_v2] monitor.onchain_factory: ENRICH_RETRY token=0x354315f008364837772625a148c2d4d549ad8882 pair=0x3e9a0d0033a739600dccb2100cdc6adcf3b76d29 attempt=1/2 delay=10s
2026-02-27 13:17:00,869 [INFO] [u_station_ab_night_autotune_v2] monitor.onchain_factory: ENRICH_RETRY token=0xae0df7324ff21e8dc7b8463d42150edd0990eb07 pair=0xf9f27ce39d3869dd2a24b192c2a810b01967fce5 attempt=1/2 delay=10s
2026-02-27 13:17:00,900 [INFO] [u_station_ab_night_autotune_v2] monitor.onchain_factory: ENRICH_RETRY token=0x10464a6153822f7d076d7e649e8e732c79333a76 pair=0x044ac564633405efcd276b20c148593010baa77f attempt=1/2 delay=10s
2026-02-27 13:17:00,903 [INFO] [u_station_ab_night_autotune_v2] monitor.onchain_factory: ENRICH_RETRY token=0xc423696bd9d777d4c704aa98b1019dd63b25d105 pair=0x03e6c781543dfc4dc0639b36f25d0b2bcfde3382 attempt=1/2 delay=10s
2026-02-27 13:17:01,089 [INFO] [u_station_ab_night_autotune_v2] monitor.onchain_factory: ENRICH_RETRY token=0x0c3fae145fc1c0026d509e6a589519e315d88ba3 pair=0xe3aff8a270eafee4583cd23b1ed16e0a86efe374 attempt=1/2 delay=10s
2026-02-27 13:17:01,153 [INFO] [u_station_ab_night_autotune_v2] monitor.onchain_factory: ENRICH_RETRY token=0x6957c69f3ffe6b16144970d64533d783e0c779e6 pair=0x8dcb3bc478b3b499cbd42be50baefa8db182761b attempt=1/2 delay=10s
2026-02-27 13:17:11,227 [INFO] [u_station_ab_night_autotune_v2] __main__: WATCHLIST merged count=6
2026-02-27 13:17:11,228 [INFO] [u_station_ab_night_autotune_v2] trading.v2_runtime: V2_UNIVERSE in=6 dedup=6 out=6 target=6 novel_target=6 novel_out=0 repeat_dropped=0 symbol_dropped=0 surge_in=0 surge_target=0 surge_out=0
2026-02-27 13:17:11,228 [INFO] [u_station_ab_night_autotune_v2] __main__: V2_SOURCE_QOS_FILTER in=6 out=3 drops={'source_qos_cap': 3} caps={'watchlist': 3}
2026-02-27 13:17:11,229 [INFO] [u_station_ab_night_autotune_v2] __main__: FILTER_FAIL token=VIRTUAL reason=source_qos_cap source=watchlist used=3/3
2026-02-27 13:17:11,230 [INFO] [u_station_ab_night_autotune_v2] __main__: FILTER_FAIL token=cbBTC reason=source_qos_cap source=watchlist used=3/3
2026-02-27 13:17:11,231 [INFO] [u_station_ab_night_autotune_v2] __main__: FILTER_FAIL token=AERO reason=source_qos_cap source=watchlist used=3/3
2026-02-27 13:17:11,231 [INFO] [u_station_ab_night_autotune_v2] __main__: FILTER_PASS token=VVV tier=A score=100 mode=GREEN risk=MEDIUM liq=4370989 vol5m=40840
2026-02-27 13:17:11,232 [INFO] [u_station_ab_night_autotune_v2] __main__: FILTER_PASS token=JUNO tier=A score=100 mode=GREEN risk=MEDIUM liq=515585 vol5m=12177
2026-02-27 13:17:11,233 [INFO] [u_station_ab_night_autotune_v2] __main__: FILTER_PASS token=SAIRI tier=A score=95 mode=GREEN risk=MEDIUM liq=554693 vol5m=5471
2026-02-27 13:17:11,234 [INFO] [u_station_ab_night_autotune_v2] __main__: V2_QUALITY_GATE enabled=True regime=GREEN in=3 out=3 core_out=2 explore_out=1 probe_out=0 quota=1 max_symbol_share=0.333 drop={} sources_used={'watchlist': 3}
2026-02-27 13:17:11,235 [INFO] [u_station_ab_night_autotune_v2] __main__: V2_ENTRY_ROUTE enabled=True regime=GREEN in=3 out=3 core_out=2 explore_out=1 quota=1 allow_explore=True
2026-02-27 13:17:11,235 [INFO] [u_station_ab_night_autotune_v2] __main__: MARKET_REGIME mode=GREEN reason=avg_cand=3.50 avg_cand_recent=3.50
2026-02-27 13:17:11,236 [INFO] [u_station_ab_night_autotune_v2] trading.auto_trader: AutoTrade batch prefilter removed=1 missing_addr=0 open_duplicate=1
2026-02-27 13:17:11,237 [INFO] [u_station_ab_night_autotune_v2] trading.auto_trader: AutoTrade skip token=VVV reason=cooldown_left_99s
2026-02-27 13:17:11,237 [INFO] [u_station_ab_night_autotune_v2] trading.auto_trader: AutoTrade batch mode=top_n candidates=3 eligible=2 selected=1 opened=0 pe=off burst_window=0
2026-02-27 13:17:11,306 [INFO] [u_station_ab_night_autotune_v2] __main__: Scanned 6 tokens | High quality: 3 | Alerts sent: 0 | Trade candidates: 3 | Quality out/core/explore/probe: 3/2/1/0 | Opened: 0 | Mode: local | Source: onchain+market | Policy: raw=OK/effective=OK(healthy | route=allow_all) | Regime: GREEN(avg_cand=3.50) | Safety: checked=3 fail_closed=0 reasons=api_code_4029:3 | FiltersTop(session): source_qos_cap:19,safe_age:4,source_qos_symbol_cap:1,safe_change_5m:1 | Dedup: heavy_skip=0 override=0 | V2Budget: 3/280 | SourceQoS: enabled=1/in=6/out=3/dropped=3/active_cd=0/drops=source_qos_cap:3 | Ingest: q=0/oldest=0.0s/drop_old=0/dedup_skip=0/enq=0/drain=0 | Sources: dex_boosts:ok=1/fail=0/429=0/lim_wait=0/cd_wait=0/err=0.0%/avg=88ms; dexscreener:ok=11/fail=0/429=0/lim_wait=0/cd_wait=0/err=0.0%/avg=215ms; geckoterminal:ok=1/fail=0/429=0/lim_wait=0/cd_wait=0/err=0.0%/avg=302ms; onchain_enrich:ok=28/fail=0/429=0/lim_wait=0/cd_wait=0/err=0.0%/avg=69ms | Tasks: 3 | RSS: 0.0MB | CycleAvg: 11.49s
2026-02-27 13:17:15,805 [INFO] [u_station_ab_night_autotune_v2] monitor.onchain_factory: ENRICH_RETRY token=0xe2ba9609495199cdc88c0fa0def4d5909901eb07 pair=0xf8d89c2027e900fd2d52f6df3ae5fa0cc6db4cec attempt=1/2 delay=10s
2026-02-27 13:17:15,807 [INFO] [u_station_ab_night_autotune_v2] monitor.onchain_factory: ENRICH_RETRY token=0xae0df7324ff21e8dc7b8463d42150edd0990eb07 pair=0xf9f27ce39d3869dd2a24b192c2a810b01967fce5 attempt=1/2 delay=10s
2026-02-27 13:17:15,807 [INFO] [u_station_ab_night_autotune_v2] monitor.onchain_factory: ENRICH_RETRY token=0x10464a6153822f7d076d7e649e8e732c79333a76 pair=0x044ac564633405efcd276b20c148593010baa77f attempt=1/2 delay=10s
2026-02-27 13:17:15,807 [INFO] [u_station_ab_night_autotune_v2] monitor.onchain_factory: ENRICH_RETRY token=0x6957c69f3ffe6b16144970d64533d783e0c779e6 pair=0x8dcb3bc478b3b499cbd42be50baefa8db182761b attempt=1/2 delay=10s
2026-02-27 13:17:15,828 [INFO] [u_station_ab_night_autotune_v2] monitor.onchain_factory: ENRICH_RETRY token=0x354315f008364837772625a148c2d4d549ad8882 pair=0x3e9a0d0033a739600dccb2100cdc6adcf3b76d29 attempt=1/2 delay=10s
2026-02-27 13:17:15,829 [INFO] [u_station_ab_night_autotune_v2] monitor.onchain_factory: ENRICH_RETRY token=0xc423696bd9d777d4c704aa98b1019dd63b25d105 pair=0x03e6c781543dfc4dc0639b36f25d0b2bcfde3382 attempt=1/2 delay=10s
2026-02-27 13:17:15,843 [INFO] [u_station_ab_night_autotune_v2] monitor.onchain_factory: ENRICH_RETRY token=0x0c3fae145fc1c0026d509e6a589519e315d88ba3 pair=0xe3aff8a270eafee4583cd23b1ed16e0a86efe374 attempt=1/2 delay=10s
2026-02-27 13:17:26,081 [INFO] [u_station_ab_night_autotune_v2] __main__: WATCHLIST merged count=6
2026-02-27 13:17:26,081 [INFO] [u_station_ab_night_autotune_v2] trading.v2_runtime: V2_UNIVERSE in=6 dedup=6 out=6 target=6 novel_target=6 novel_out=0 repeat_dropped=0 symbol_dropped=0 surge_in=0 surge_target=0 surge_out=0
2026-02-27 13:17:26,081 [INFO] [u_station_ab_night_autotune_v2] __main__: V2_SOURCE_QOS_FILTER in=6 out=3 drops={'source_qos_cap': 3} caps={'watchlist': 3}
2026-02-27 13:17:26,081 [INFO] [u_station_ab_night_autotune_v2] __main__: FILTER_FAIL token=VIRTUAL reason=source_qos_cap source=watchlist used=3/3
2026-02-27 13:17:26,081 [INFO] [u_station_ab_night_autotune_v2] __main__: FILTER_FAIL token=cbBTC reason=source_qos_cap source=watchlist used=3/3
2026-02-27 13:17:26,081 [INFO] [u_station_ab_night_autotune_v2] __main__: FILTER_FAIL token=AERO reason=source_qos_cap source=watchlist used=3/3
2026-02-27 13:17:26,081 [INFO] [u_station_ab_night_autotune_v2] __main__: FILTER_PASS token=VVV tier=A score=100 mode=GREEN risk=MEDIUM liq=4370989 vol5m=40840
2026-02-27 13:17:26,081 [INFO] [u_station_ab_night_autotune_v2] __main__: FILTER_PASS token=JUNO tier=A score=100 mode=GREEN risk=MEDIUM liq=515585 vol5m=12177
2026-02-27 13:17:26,081 [INFO] [u_station_ab_night_autotune_v2] __main__: FILTER_PASS token=SAIRI tier=A score=95 mode=GREEN risk=MEDIUM liq=554693 vol5m=5471
2026-02-27 13:17:26,081 [INFO] [u_station_ab_night_autotune_v2] __main__: V2_QUALITY_GATE enabled=True regime=GREEN in=3 out=3 core_out=2 explore_out=1 probe_out=0 quota=1 max_symbol_share=0.333 drop={} sources_used={'watchlist': 3}
2026-02-27 13:17:26,081 [INFO] [u_station_ab_night_autotune_v2] __main__: V2_ENTRY_ROUTE enabled=True regime=GREEN in=3 out=3 core_out=2 explore_out=1 quota=1 allow_explore=True
2026-02-27 13:17:26,096 [INFO] [u_station_ab_night_autotune_v2] __main__: MARKET_REGIME mode=GREEN reason=avg_cand=3.43 avg_cand_recent=3.43
2026-02-27 13:17:26,096 [INFO] [u_station_ab_night_autotune_v2] trading.auto_trader: AutoTrade batch prefilter removed=1 missing_addr=0 open_duplicate=1
2026-02-27 13:17:26,096 [INFO] [u_station_ab_night_autotune_v2] trading.auto_trader: AutoTrade skip token=VVV reason=cooldown_left_84s
2026-02-27 13:17:26,096 [INFO] [u_station_ab_night_autotune_v2] trading.auto_trader: AutoTrade batch mode=top_n candidates=3 eligible=2 selected=1 opened=0 pe=off burst_window=0
2026-02-27 13:17:26,127 [INFO] [u_station_ab_night_autotune_v2] trading.auto_trader: TOKEN_COOLDOWN token=0xde61878b0b21ce395266c44d4d548d1c72a3eb07 reason=WEAK_EARLY pnl=$-0.0044 cooldown=170s strikes=0->0 dynamic=True
2026-02-27 13:17:26,127 [INFO] [u_station_ab_night_autotune_v2] trading.auto_trader: AUTO_SELL Paper SELL token=SAIRI reason=WEAK_EARLY exit=$0.00001255 pnl=-0.97% ($-0.00) remaining=$-0.00 partial=$0.00 raw=-0.97% cost=2.70% gas=$0.03 balance=$7.31
2026-02-27 13:17:26,170 [INFO] [u_station_ab_night_autotune_v2] __main__: Scanned 6 tokens | High quality: 3 | Alerts sent: 0 | Trade candidates: 3 | Quality out/core/explore/probe: 3/2/1/0 | Opened: 0 | Mode: local | Source: onchain+market | Policy: raw=OK/effective=OK(healthy | route=allow_all) | Regime: GREEN(avg_cand=3.43) | Safety: checked=3 fail_closed=0 reasons=api_code_4029:3 | FiltersTop(session): source_qos_cap:22,safe_age:4,source_qos_symbol_cap:1,safe_change_5m:1 | Dedup: heavy_skip=0 override=0 | V2Budget: 3/280 | SourceQoS: enabled=1/in=6/out=3/dropped=3/active_cd=0/drops=source_qos_cap:3 | Ingest: q=0/oldest=0.0s/drop_old=0/dedup_skip=0/enq=0/drain=0 | Sources: dex_boosts:ok=1/fail=0/429=0/lim_wait=0/cd_wait=0/err=0.0%/avg=34ms; dexscreener:ok=11/fail=0/429=0/lim_wait=0/cd_wait=0/err=0.0%/avg=50ms; onchain_enrich:ok=28/fail=0/429=0/lim_wait=0/cd_wait=0/err=0.0%/avg=56ms | Tasks: 3 | RSS: 0.0MB | CycleAvg: 11.40s
2026-02-27 13:17:30,725 [INFO] [u_station_ab_night_autotune_v2] monitor.onchain_factory: ENRICH_RETRY token=0x6957c69f3ffe6b16144970d64533d783e0c779e6 pair=0x8dcb3bc478b3b499cbd42be50baefa8db182761b attempt=1/2 delay=10s
2026-02-27 13:17:30,769 [INFO] [u_station_ab_night_autotune_v2] monitor.onchain_factory: ENRICH_RETRY token=0x0c3fae145fc1c0026d509e6a589519e315d88ba3 pair=0xe3aff8a270eafee4583cd23b1ed16e0a86efe374 attempt=1/2 delay=10s
2026-02-27 13:17:30,769 [INFO] [u_station_ab_night_autotune_v2] monitor.onchain_factory: ENRICH_RETRY token=0xc423696bd9d777d4c704aa98b1019dd63b25d105 pair=0x03e6c781543dfc4dc0639b36f25d0b2bcfde3382 attempt=1/2 delay=10s
2026-02-27 13:17:30,853 [INFO] [u_station_ab_night_autotune_v2] monitor.onchain_factory: ENRICH_RETRY token=0xe2ba9609495199cdc88c0fa0def4d5909901eb07 pair=0xf8d89c2027e900fd2d52f6df3ae5fa0cc6db4cec attempt=1/2 delay=10s
2026-02-27 13:17:30,903 [INFO] [u_station_ab_night_autotune_v2] monitor.onchain_factory: ENRICH_RETRY token=0xae0df7324ff21e8dc7b8463d42150edd0990eb07 pair=0xf9f27ce39d3869dd2a24b192c2a810b01967fce5 attempt=1/2 delay=10s
2026-02-27 13:17:30,938 [INFO] [u_station_ab_night_autotune_v2] monitor.onchain_factory: ENRICH_RETRY token=0x354315f008364837772625a148c2d4d549ad8882 pair=0x3e9a0d0033a739600dccb2100cdc6adcf3b76d29 attempt=1/2 delay=10s
2026-02-27 13:17:31,146 [INFO] [u_station_ab_night_autotune_v2] monitor.onchain_factory: ENRICH_RETRY token=0x10464a6153822f7d076d7e649e8e732c79333a76 pair=0x044ac564633405efcd276b20c148593010baa77f attempt=1/2 delay=10s
2026-02-27 13:17:41,223 [INFO] [u_station_ab_night_autotune_v2] __main__: WATCHLIST merged count=6
2026-02-27 13:17:41,223 [INFO] [u_station_ab_night_autotune_v2] trading.v2_runtime: V2_UNIVERSE in=6 dedup=6 out=6 target=6 novel_target=6 novel_out=0 repeat_dropped=0 symbol_dropped=0 surge_in=0 surge_target=0 surge_out=0
2026-02-27 13:17:41,239 [INFO] [u_station_ab_night_autotune_v2] __main__: V2_SOURCE_QOS_FILTER in=6 out=3 drops={'source_qos_cap': 3} caps={'watchlist': 3}
2026-02-27 13:17:41,239 [INFO] [u_station_ab_night_autotune_v2] __main__: FILTER_FAIL token=VIRTUAL reason=source_qos_cap source=watchlist used=3/3
2026-02-27 13:17:41,239 [INFO] [u_station_ab_night_autotune_v2] __main__: FILTER_FAIL token=cbBTC reason=source_qos_cap source=watchlist used=3/3
2026-02-27 13:17:41,239 [INFO] [u_station_ab_night_autotune_v2] __main__: FILTER_FAIL token=AERO reason=source_qos_cap source=watchlist used=3/3
2026-02-27 13:17:41,239 [INFO] [u_station_ab_night_autotune_v2] __main__: FILTER_PASS token=VVV tier=A score=100 mode=GREEN risk=MEDIUM liq=4370989 vol5m=40840
2026-02-27 13:17:41,239 [INFO] [u_station_ab_night_autotune_v2] __main__: FILTER_PASS token=JUNO tier=A score=100 mode=GREEN risk=MEDIUM liq=515585 vol5m=12177
2026-02-27 13:17:41,239 [INFO] [u_station_ab_night_autotune_v2] __main__: FILTER_PASS token=SAIRI tier=A score=95 mode=GREEN risk=MEDIUM liq=554693 vol5m=5471
2026-02-27 13:17:41,239 [INFO] [u_station_ab_night_autotune_v2] __main__: V2_QUALITY_GATE enabled=True regime=GREEN in=3 out=3 core_out=2 explore_out=1 probe_out=0 quota=1 max_symbol_share=0.333 drop={} sources_used={'watchlist': 3}
2026-02-27 13:17:41,239 [INFO] [u_station_ab_night_autotune_v2] __main__: V2_ENTRY_ROUTE enabled=True regime=GREEN in=3 out=3 core_out=2 explore_out=1 quota=1 allow_explore=True
2026-02-27 13:17:41,239 [INFO] [u_station_ab_night_autotune_v2] __main__: MARKET_REGIME mode=GREEN reason=avg_cand=3.38 avg_cand_recent=3.38
2026-02-27 13:17:41,250 [INFO] [u_station_ab_night_autotune_v2] trading.auto_trader: AutoTrade skip token=VVV reason=cooldown_left_69s
2026-02-27 13:17:41,250 [INFO] [u_station_ab_night_autotune_v2] trading.auto_trader: AutoTrade skip token=SAIRI reason=cooldown_left_154s
2026-02-27 13:17:41,250 [INFO] [u_station_ab_night_autotune_v2] trading.auto_trader: AutoTrade batch mode=top_n candidates=3 eligible=3 selected=2 opened=0 pe=off burst_window=0
2026-02-27 13:17:41,253 [INFO] [u_station_ab_night_autotune_v2] __main__: Scanned 6 tokens | High quality: 3 | Alerts sent: 0 | Trade candidates: 3 | Quality out/core/explore/probe: 3/2/1/0 | Opened: 0 | Mode: local | Source: onchain+market | Policy: raw=OK/effective=OK(healthy | route=allow_all) | Regime: GREEN(avg_cand=3.38) | Safety: checked=3 fail_closed=0 reasons=api_code_4029:3 | FiltersTop(session): source_qos_cap:25,safe_age:4,source_qos_symbol_cap:1,safe_change_5m:1 | Dedup: heavy_skip=0 override=0 | V2Budget: 3/280 | SourceQoS: enabled=1/in=6/out=3/dropped=3/active_cd=0/drops=source_qos_cap:3 | Ingest: q=0/oldest=0.0s/drop_old=0/dedup_skip=0/enq=0/drain=0 | Sources: dex_boosts:ok=1/fail=0/429=0/lim_wait=0/cd_wait=0/err=0.0%/avg=68ms; dexscreener:ok=11/fail=0/429=0/lim_wait=0/cd_wait=0/err=0.0%/avg=68ms; onchain_enrich:ok=28/fail=0/429=0/lim_wait=0/cd_wait=0/err=0.0%/avg=94ms | Tasks: 3 | RSS: 0.0MB | CycleAvg: 11.32s
2026-02-27 13:17:45,744 [INFO] [u_station_ab_night_autotune_v2] monitor.onchain_factory: ENRICH_RETRY token=0xae0df7324ff21e8dc7b8463d42150edd0990eb07 pair=0xf9f27ce39d3869dd2a24b192c2a810b01967fce5 attempt=1/2 delay=10s
2026-02-27 13:17:45,753 [INFO] [u_station_ab_night_autotune_v2] monitor.onchain_factory: ENRICH_RETRY token=0x354315f008364837772625a148c2d4d549ad8882 pair=0x3e9a0d0033a739600dccb2100cdc6adcf3b76d29 attempt=1/2 delay=10s
2026-02-27 13:17:45,753 [INFO] [u_station_ab_night_autotune_v2] monitor.onchain_factory: ENRICH_RETRY token=0x6957c69f3ffe6b16144970d64533d783e0c779e6 pair=0x8dcb3bc478b3b499cbd42be50baefa8db182761b attempt=1/2 delay=10s
2026-02-27 13:17:45,753 [INFO] [u_station_ab_night_autotune_v2] monitor.onchain_factory: ENRICH_RETRY token=0xe2ba9609495199cdc88c0fa0def4d5909901eb07 pair=0xf8d89c2027e900fd2d52f6df3ae5fa0cc6db4cec attempt=1/2 delay=10s
2026-02-27 13:17:45,770 [INFO] [u_station_ab_night_autotune_v2] monitor.onchain_factory: ENRICH_RETRY token=0x10464a6153822f7d076d7e649e8e732c79333a76 pair=0x044ac564633405efcd276b20c148593010baa77f attempt=1/2 delay=10s
2026-02-27 13:17:45,786 [INFO] [u_station_ab_night_autotune_v2] monitor.onchain_factory: ENRICH_RETRY token=0x0c3fae145fc1c0026d509e6a589519e315d88ba3 pair=0xe3aff8a270eafee4583cd23b1ed16e0a86efe374 attempt=1/2 delay=10s
2026-02-27 13:17:46,073 [INFO] [u_station_ab_night_autotune_v2] monitor.onchain_factory: ENRICH_RETRY token=0xc423696bd9d777d4c704aa98b1019dd63b25d105 pair=0x03e6c781543dfc4dc0639b36f25d0b2bcfde3382 attempt=1/2 delay=10s
2026-02-27 13:17:56,161 [INFO] [u_station_ab_night_autotune_v2] __main__: WATCHLIST merged count=6
2026-02-27 13:17:56,161 [INFO] [u_station_ab_night_autotune_v2] trading.v2_runtime: V2_UNIVERSE in=6 dedup=6 out=6 target=6 novel_target=6 novel_out=0 repeat_dropped=0 symbol_dropped=0 surge_in=0 surge_target=0 surge_out=0
2026-02-27 13:17:56,161 [INFO] [u_station_ab_night_autotune_v2] __main__: V2_SOURCE_QOS_FILTER in=6 out=3 drops={'source_qos_cap': 3} caps={'watchlist': 3}
2026-02-27 13:17:56,161 [INFO] [u_station_ab_night_autotune_v2] __main__: FILTER_FAIL token=VIRTUAL reason=source_qos_cap source=watchlist used=3/3
2026-02-27 13:17:56,161 [INFO] [u_station_ab_night_autotune_v2] __main__: FILTER_FAIL token=cbBTC reason=source_qos_cap source=watchlist used=3/3
2026-02-27 13:17:56,161 [INFO] [u_station_ab_night_autotune_v2] __main__: FILTER_FAIL token=AERO reason=source_qos_cap source=watchlist used=3/3
2026-02-27 13:17:56,161 [INFO] [u_station_ab_night_autotune_v2] __main__: FILTER_PASS token=VVV tier=A score=100 mode=GREEN risk=MEDIUM liq=4370989 vol5m=40840
2026-02-27 13:17:56,161 [INFO] [u_station_ab_night_autotune_v2] __main__: FILTER_PASS token=JUNO tier=A score=100 mode=GREEN risk=MEDIUM liq=515585 vol5m=12177
2026-02-27 13:17:56,161 [INFO] [u_station_ab_night_autotune_v2] __main__: FILTER_PASS token=SAIRI tier=A score=95 mode=GREEN risk=MEDIUM liq=554693 vol5m=5471
2026-02-27 13:17:56,161 [INFO] [u_station_ab_night_autotune_v2] __main__: V2_QUALITY_GATE enabled=True regime=GREEN in=3 out=3 core_out=2 explore_out=1 probe_out=0 quota=1 max_symbol_share=0.333 drop={} sources_used={'watchlist': 3}
2026-02-27 13:17:56,161 [INFO] [u_station_ab_night_autotune_v2] __main__: V2_ENTRY_ROUTE enabled=True regime=GREEN in=3 out=3 core_out=2 explore_out=1 quota=1 allow_explore=True
2026-02-27 13:17:56,161 [INFO] [u_station_ab_night_autotune_v2] __main__: MARKET_REGIME mode=GREEN reason=avg_cand=3.33 avg_cand_recent=3.33
2026-02-27 13:17:56,161 [INFO] [u_station_ab_night_autotune_v2] trading.auto_trader: AutoTrade skip token=VVV reason=cooldown_left_54s
2026-02-27 13:17:56,161 [INFO] [u_station_ab_night_autotune_v2] trading.auto_trader: AutoTrade skip token=SAIRI reason=cooldown_left_139s
2026-02-27 13:17:56,161 [INFO] [u_station_ab_night_autotune_v2] trading.auto_trader: AutoTrade batch mode=top_n candidates=3 eligible=3 selected=2 opened=0 pe=off burst_window=0
2026-02-27 13:17:56,161 [INFO] [u_station_ab_night_autotune_v2] trading.auto_trader: PAPER_SUMMARY window=60s closed_delta=1 wins_delta=0 losses_delta=1 realized_delta=$-0.00 total_closed=101 winrate_total=42.6% realized_total=$0.31 balance=$7.31 equity=$7.31 open=0
2026-02-27 13:17:56,177 [INFO] [u_station_ab_night_autotune_v2] __main__: Scanned 6 tokens | High quality: 3 | Alerts sent: 0 | Trade candidates: 3 | Quality out/core/explore/probe: 3/2/1/0 | Opened: 0 | Mode: local | Source: onchain+market | Policy: raw=OK/effective=OK(healthy | route=allow_all) | Regime: GREEN(avg_cand=3.33) | Safety: checked=3 fail_closed=0 reasons=api_code_4029:3 | FiltersTop(session): source_qos_cap:28,safe_age:4,source_qos_symbol_cap:1,safe_change_5m:1 | Dedup: heavy_skip=0 override=0 | V2Budget: 3/280 | SourceQoS: enabled=1/in=6/out=3/dropped=3/active_cd=0/drops=source_qos_cap:3 | Ingest: q=0/oldest=0.0s/drop_old=0/dedup_skip=0/enq=0/drain=0 | Sources: dex_boosts:ok=1/fail=0/429=0/lim_wait=0/cd_wait=0/err=0.0%/avg=45ms; dexscreener:ok=11/fail=0/429=0/lim_wait=0/cd_wait=0/err=0.0%/avg=241ms; onchain_enrich:ok=28/fail=0/429=0/lim_wait=0/cd_wait=0/err=0.0%/avg=51ms; onchain_weth_price:ok=6/fail=0/429=0/lim_wait=0/cd_wait=0/err=0.0%/avg=50ms | Tasks: 3 | RSS: 0.0MB | CycleAvg: 11.29s
2026-02-27 13:18:00,654 [INFO] [u_station_ab_night_autotune_v2] monitor.onchain_factory: ENRICH_RETRY token=0x10464a6153822f7d076d7e649e8e732c79333a76 pair=0x044ac564633405efcd276b20c148593010baa77f attempt=1/2 delay=10s
2026-02-27 13:18:00,671 [INFO] [u_station_ab_night_autotune_v2] monitor.onchain_factory: ENRICH_RETRY token=0x354315f008364837772625a148c2d4d549ad8882 pair=0x3e9a0d0033a739600dccb2100cdc6adcf3b76d29 attempt=1/2 delay=10s
2026-02-27 13:18:00,671 [INFO] [u_station_ab_night_autotune_v2] monitor.onchain_factory: ENRICH_RETRY token=0xc423696bd9d777d4c704aa98b1019dd63b25d105 pair=0x03e6c781543dfc4dc0639b36f25d0b2bcfde3382 attempt=1/2 delay=10s
2026-02-27 13:18:00,671 [INFO] [u_station_ab_night_autotune_v2] monitor.onchain_factory: ENRICH_RETRY token=0x6957c69f3ffe6b16144970d64533d783e0c779e6 pair=0x8dcb3bc478b3b499cbd42be50baefa8db182761b attempt=1/2 delay=10s
2026-02-27 13:18:00,687 [INFO] [u_station_ab_night_autotune_v2] monitor.onchain_factory: ENRICH_RETRY token=0xae0df7324ff21e8dc7b8463d42150edd0990eb07 pair=0xf9f27ce39d3869dd2a24b192c2a810b01967fce5 attempt=1/2 delay=10s
2026-02-27 13:18:00,770 [INFO] [u_station_ab_night_autotune_v2] monitor.onchain_factory: ENRICH_RETRY token=0xe2ba9609495199cdc88c0fa0def4d5909901eb07 pair=0xf8d89c2027e900fd2d52f6df3ae5fa0cc6db4cec attempt=1/2 delay=10s
2026-02-27 13:18:00,882 [INFO] [u_station_ab_night_autotune_v2] monitor.onchain_factory: ENRICH_RETRY token=0x0c3fae145fc1c0026d509e6a589519e315d88ba3 pair=0xe3aff8a270eafee4583cd23b1ed16e0a86efe374 attempt=1/2 delay=10s
2026-02-27 13:18:11,170 [INFO] [u_station_ab_night_autotune_v2] __main__: WATCHLIST merged count=6
2026-02-27 13:18:11,170 [INFO] [u_station_ab_night_autotune_v2] trading.v2_runtime: V2_UNIVERSE in=6 dedup=6 out=6 target=6 novel_target=6 novel_out=0 repeat_dropped=0 symbol_dropped=0 surge_in=0 surge_target=0 surge_out=0
2026-02-27 13:18:11,170 [INFO] [u_station_ab_night_autotune_v2] __main__: V2_SOURCE_QOS_FILTER in=6 out=3 drops={'source_qos_cap': 3} caps={'watchlist': 3}
2026-02-27 13:18:11,170 [INFO] [u_station_ab_night_autotune_v2] __main__: FILTER_FAIL token=VIRTUAL reason=source_qos_cap source=watchlist used=3/3
2026-02-27 13:18:11,170 [INFO] [u_station_ab_night_autotune_v2] __main__: FILTER_FAIL token=cbBTC reason=source_qos_cap source=watchlist used=3/3
2026-02-27 13:18:11,170 [INFO] [u_station_ab_night_autotune_v2] __main__: FILTER_FAIL token=AERO reason=source_qos_cap source=watchlist used=3/3
2026-02-27 13:18:11,185 [INFO] [u_station_ab_night_autotune_v2] __main__: FILTER_PASS token=VVV tier=A score=100 mode=GREEN risk=MEDIUM liq=4370989 vol5m=40840
2026-02-27 13:18:11,185 [INFO] [u_station_ab_night_autotune_v2] __main__: FILTER_PASS token=JUNO tier=A score=100 mode=GREEN risk=MEDIUM liq=515585 vol5m=12177
2026-02-27 13:18:11,185 [INFO] [u_station_ab_night_autotune_v2] __main__: FILTER_PASS token=SAIRI tier=A score=95 mode=GREEN risk=MEDIUM liq=554693 vol5m=5471
2026-02-27 13:18:11,185 [INFO] [u_station_ab_night_autotune_v2] __main__: V2_QUALITY_GATE enabled=True regime=GREEN in=3 out=3 core_out=2 explore_out=1 probe_out=0 quota=1 max_symbol_share=0.333 drop={} sources_used={'watchlist': 3}
2026-02-27 13:18:11,185 [INFO] [u_station_ab_night_autotune_v2] __main__: V2_ENTRY_ROUTE enabled=True regime=GREEN in=3 out=3 core_out=2 explore_out=1 quota=1 allow_explore=True
2026-02-27 13:18:11,185 [INFO] [u_station_ab_night_autotune_v2] __main__: MARKET_REGIME mode=GREEN reason=avg_cand=3.30 avg_cand_recent=3.30
2026-02-27 13:18:11,185 [INFO] [u_station_ab_night_autotune_v2] trading.auto_trader: AutoTrade skip token=VVV reason=cooldown_left_39s
2026-02-27 13:18:11,185 [INFO] [u_station_ab_night_autotune_v2] trading.auto_trader: AutoTrade skip token=SAIRI reason=cooldown_left_124s
2026-02-27 13:18:11,185 [INFO] [u_station_ab_night_autotune_v2] trading.auto_trader: AutoTrade batch mode=top_n candidates=3 eligible=3 selected=2 opened=0 pe=off burst_window=0
2026-02-27 13:18:11,185 [INFO] [u_station_ab_night_autotune_v2] __main__: Scanned 6 tokens | High quality: 3 | Alerts sent: 0 | Trade candidates: 3 | Quality out/core/explore/probe: 3/2/1/0 | Opened: 0 | Mode: local | Source: onchain+market | Policy: raw=OK/effective=OK(healthy | route=allow_all) | Regime: GREEN(avg_cand=3.30) | Safety: checked=3 fail_closed=0 reasons=api_code_4029:3 | FiltersTop(session): source_qos_cap:31,safe_age:4,source_qos_symbol_cap:1,safe_change_5m:1 | Dedup: heavy_skip=0 override=0 | V2Budget: 3/280 | SourceQoS: enabled=1/in=6/out=3/dropped=3/active_cd=0/drops=source_qos_cap:3 | Ingest: q=0/oldest=0.0s/drop_old=0/dedup_skip=0/enq=0/drain=0 | Sources: dex_boosts:ok=1/fail=0/429=0/lim_wait=0/cd_wait=0/err=0.0%/avg=56ms; dexscreener:ok=11/fail=0/429=0/lim_wait=0/cd_wait=0/err=0.0%/avg=45ms; onchain_enrich:ok=28/fail=0/429=0/lim_wait=0/cd_wait=0/err=0.0%/avg=91ms | Tasks: 3 | RSS: 0.0MB | CycleAvg: 11.25s
2026-02-27 13:18:15,671 [INFO] [u_station_ab_night_autotune_v2] monitor.onchain_factory: ENRICH_RETRY token=0xe2ba9609495199cdc88c0fa0def4d5909901eb07 pair=0xf8d89c2027e900fd2d52f6df3ae5fa0cc6db4cec attempt=1/2 delay=10s
2026-02-27 13:18:15,671 [INFO] [u_station_ab_night_autotune_v2] monitor.onchain_factory: ENRICH_RETRY token=0xc423696bd9d777d4c704aa98b1019dd63b25d105 pair=0x03e6c781543dfc4dc0639b36f25d0b2bcfde3382 attempt=1/2 delay=10s
2026-02-27 13:18:15,686 [INFO] [u_station_ab_night_autotune_v2] monitor.onchain_factory: ENRICH_RETRY token=0x354315f008364837772625a148c2d4d549ad8882 pair=0x3e9a0d0033a739600dccb2100cdc6adcf3b76d29 attempt=1/2 delay=10s
2026-02-27 13:18:15,686 [INFO] [u_station_ab_night_autotune_v2] monitor.onchain_factory: ENRICH_RETRY token=0xae0df7324ff21e8dc7b8463d42150edd0990eb07 pair=0xf9f27ce39d3869dd2a24b192c2a810b01967fce5 attempt=1/2 delay=10s
2026-02-27 13:18:15,707 [INFO] [u_station_ab_night_autotune_v2] monitor.onchain_factory: ENRICH_RETRY token=0x10464a6153822f7d076d7e649e8e732c79333a76 pair=0x044ac564633405efcd276b20c148593010baa77f attempt=1/2 delay=10s
2026-02-27 13:18:15,738 [INFO] [u_station_ab_night_autotune_v2] monitor.onchain_factory: ENRICH_RETRY token=0x0c3fae145fc1c0026d509e6a589519e315d88ba3 pair=0xe3aff8a270eafee4583cd23b1ed16e0a86efe374 attempt=1/2 delay=10s
2026-02-27 13:18:15,902 [INFO] [u_station_ab_night_autotune_v2] monitor.onchain_factory: ENRICH_RETRY token=0x6957c69f3ffe6b16144970d64533d783e0c779e6 pair=0x8dcb3bc478b3b499cbd42be50baefa8db182761b attempt=1/2 delay=10s
2026-02-27 13:18:26,051 [INFO] [u_station_ab_night_autotune_v2] __main__: WATCHLIST merged count=6
2026-02-27 13:18:26,051 [INFO] [u_station_ab_night_autotune_v2] trading.v2_runtime: V2_UNIVERSE in=8 dedup=8 out=8 target=8 novel_target=7 novel_out=2 repeat_dropped=0 symbol_dropped=0 surge_in=0 surge_target=0 surge_out=0
2026-02-27 13:18:26,051 [INFO] [u_station_ab_night_autotune_v2] __main__: V2_SOURCE_QOS_FILTER in=8 out=4 drops={'source_qos_cap': 4} caps={'geckoterminal': 287, 'watchlist': 2}
2026-02-27 13:18:26,053 [INFO] [u_station_ab_night_autotune_v2] __main__: FILTER_FAIL token=SAIRI reason=source_qos_cap source=watchlist used=2/2
2026-02-27 13:18:26,053 [INFO] [u_station_ab_night_autotune_v2] __main__: FILTER_FAIL token=VIRTUAL reason=source_qos_cap source=watchlist used=2/2
2026-02-27 13:18:26,053 [INFO] [u_station_ab_night_autotune_v2] __main__: FILTER_FAIL token=cbBTC reason=source_qos_cap source=watchlist used=2/2
2026-02-27 13:18:26,053 [INFO] [u_station_ab_night_autotune_v2] __main__: FILTER_FAIL token=AERO reason=source_qos_cap source=watchlist used=2/2
2026-02-27 13:18:26,053 [INFO] [u_station_ab_night_autotune_v2] __main__: FILTER_FAIL token=IRIS reason=safe_age
2026-02-27 13:18:26,053 [INFO] [u_station_ab_night_autotune_v2] __main__: FILTER_PASS token=VVV tier=A score=100 mode=GREEN risk=MEDIUM liq=4370989 vol5m=40840
2026-02-27 13:18:26,053 [INFO] [u_station_ab_night_autotune_v2] __main__: FILTER_PASS token=JUNO tier=A score=100 mode=GREEN risk=MEDIUM liq=515585 vol5m=12177
2026-02-27 13:18:26,053 [INFO] [u_station_ab_night_autotune_v2] __main__: FILTER_FAIL token=ROBO reason=score_min score=40 strict_min=48 soft_min=48 mode=GREEN
2026-02-27 13:18:26,053 [INFO] [u_station_ab_night_autotune_v2] __main__: V2_QUALITY_GATE enabled=True regime=GREEN in=2 out=2 core_out=1 explore_out=1 probe_out=0 quota=1 max_symbol_share=0.500 drop={} sources_used={'watchlist': 2}
2026-02-27 13:18:26,053 [INFO] [u_station_ab_night_autotune_v2] __main__: V2_ENTRY_ROUTE enabled=True regime=GREEN in=2 out=2 core_out=1 explore_out=1 quota=1 allow_explore=True
2026-02-27 13:18:26,053 [INFO] [u_station_ab_night_autotune_v2] __main__: MARKET_REGIME mode=GREEN reason=avg_cand=3.18 avg_cand_recent=3.18
2026-02-27 13:18:26,053 [INFO] [u_station_ab_night_autotune_v2] trading.auto_trader: AutoTrade skip token=VVV reason=cooldown_left_24s
2026-02-27 13:18:26,053 [INFO] [u_station_ab_night_autotune_v2] trading.auto_trader: AutoTrade batch mode=top_n candidates=2 eligible=2 selected=1 opened=0 pe=off burst_window=0
2026-02-27 13:18:26,053 [INFO] [u_station_ab_night_autotune_v2] __main__: Scanned 8 tokens | High quality: 2 | Alerts sent: 0 | Trade candidates: 2 | Quality out/core/explore/probe: 2/1/1/0 | Opened: 0 | Mode: local | Source: onchain+market | Policy: raw=OK/effective=OK(healthy | route=allow_all) | Regime: GREEN(avg_cand=3.18) | Safety: checked=2 fail_closed=0 reasons=api_code_4029:2 | FiltersTop(session): source_qos_cap:35,safe_age:5,score_min:2,source_qos_symbol_cap:1 | Dedup: heavy_skip=0 override=0 | V2Budget: 2/280 | SourceQoS: enabled=1/in=8/out=4/dropped=4/active_cd=0/drops=source_qos_cap:4 | Ingest: q=0/oldest=0.0s/drop_old=0/dedup_skip=0/enq=2/drain=2 | Sources: dex_boosts:ok=1/fail=0/429=0/lim_wait=0/cd_wait=0/err=0.0%/avg=39ms; dexscreener:ok=11/fail=0/429=0/lim_wait=0/cd_wait=0/err=0.0%/avg=48ms; geckoterminal:ok=1/fail=0/429=0/lim_wait=0/cd_wait=0/err=0.0%/avg=299ms; onchain_enrich:ok=28/fail=0/429=0/lim_wait=0/cd_wait=0/err=0.0%/avg=61ms | Tasks: 3 | RSS: 0.0MB | CycleAvg: 11.22s
2026-02-27 13:18:30,553 [INFO] [u_station_ab_night_autotune_v2] monitor.onchain_factory: ENRICH_RETRY token=0x354315f008364837772625a148c2d4d549ad8882 pair=0x3e9a0d0033a739600dccb2100cdc6adcf3b76d29 attempt=1/2 delay=10s
2026-02-27 13:18:30,553 [INFO] [u_station_ab_night_autotune_v2] monitor.onchain_factory: ENRICH_RETRY token=0x10464a6153822f7d076d7e649e8e732c79333a76 pair=0x044ac564633405efcd276b20c148593010baa77f attempt=1/2 delay=10s
2026-02-27 13:18:30,553 [INFO] [u_station_ab_night_autotune_v2] monitor.onchain_factory: ENRICH_RETRY token=0xae0df7324ff21e8dc7b8463d42150edd0990eb07 pair=0xf9f27ce39d3869dd2a24b192c2a810b01967fce5 attempt=1/2 delay=10s
2026-02-27 13:18:30,570 [INFO] [u_station_ab_night_autotune_v2] monitor.onchain_factory: ENRICH_RETRY token=0xc423696bd9d777d4c704aa98b1019dd63b25d105 pair=0x03e6c781543dfc4dc0639b36f25d0b2bcfde3382 attempt=1/2 delay=10s
2026-02-27 13:18:30,584 [INFO] [u_station_ab_night_autotune_v2] monitor.onchain_factory: ENRICH_RETRY token=0x6957c69f3ffe6b16144970d64533d783e0c779e6 pair=0x8dcb3bc478b3b499cbd42be50baefa8db182761b attempt=1/2 delay=10s
2026-02-27 13:18:30,584 [INFO] [u_station_ab_night_autotune_v2] monitor.onchain_factory: ENRICH_RETRY token=0x0c3fae145fc1c0026d509e6a589519e315d88ba3 pair=0xe3aff8a270eafee4583cd23b1ed16e0a86efe374 attempt=1/2 delay=10s
2026-02-27 13:18:30,678 [INFO] [u_station_ab_night_autotune_v2] monitor.onchain_factory: ENRICH_RETRY token=0xe2ba9609495199cdc88c0fa0def4d5909901eb07 pair=0xf8d89c2027e900fd2d52f6df3ae5fa0cc6db4cec attempt=1/2 delay=10s
2026-02-27 13:18:40,780 [INFO] [u_station_ab_night_autotune_v2] __main__: WATCHLIST merged count=6
2026-02-27 13:18:40,780 [INFO] [u_station_ab_night_autotune_v2] trading.v2_runtime: V2_UNIVERSE in=6 dedup=6 out=6 target=6 novel_target=6 novel_out=0 repeat_dropped=0 symbol_dropped=0 surge_in=0 surge_target=0 surge_out=0
2026-02-27 13:18:40,780 [INFO] [u_station_ab_night_autotune_v2] __main__: V2_SOURCE_QOS_FILTER in=6 out=3 drops={'source_qos_cap': 3} caps={'watchlist': 3}
2026-02-27 13:18:40,796 [INFO] [u_station_ab_night_autotune_v2] __main__: FILTER_FAIL token=VIRTUAL reason=source_qos_cap source=watchlist used=3/3
2026-02-27 13:18:40,797 [INFO] [u_station_ab_night_autotune_v2] __main__: FILTER_FAIL token=cbBTC reason=source_qos_cap source=watchlist used=3/3
2026-02-27 13:18:40,798 [INFO] [u_station_ab_night_autotune_v2] __main__: FILTER_FAIL token=AERO reason=source_qos_cap source=watchlist used=3/3
2026-02-27 13:18:40,799 [INFO] [u_station_ab_night_autotune_v2] __main__: FILTER_PASS token=VVV tier=A score=100 mode=GREEN risk=MEDIUM liq=4370989 vol5m=40840
2026-02-27 13:18:40,800 [INFO] [u_station_ab_night_autotune_v2] __main__: FILTER_PASS token=JUNO tier=A score=100 mode=GREEN risk=MEDIUM liq=515585 vol5m=12177
2026-02-27 13:18:40,802 [INFO] [u_station_ab_night_autotune_v2] __main__: FILTER_PASS token=SAIRI tier=A score=95 mode=GREEN risk=MEDIUM liq=554693 vol5m=5471
2026-02-27 13:18:40,803 [INFO] [u_station_ab_night_autotune_v2] __main__: V2_QUALITY_GATE enabled=True regime=GREEN in=3 out=3 core_out=2 explore_out=1 probe_out=0 quota=1 max_symbol_share=0.333 drop={} sources_used={'watchlist': 3}
2026-02-27 13:18:40,804 [INFO] [u_station_ab_night_autotune_v2] __main__: V2_ENTRY_ROUTE enabled=True regime=GREEN in=3 out=3 core_out=2 explore_out=1 quota=1 allow_explore=True
2026-02-27 13:18:40,805 [INFO] [u_station_ab_night_autotune_v2] __main__: MARKET_REGIME mode=GREEN reason=avg_cand=3.17 avg_cand_recent=3.17
2026-02-27 13:18:40,806 [INFO] [u_station_ab_night_autotune_v2] trading.auto_trader: AutoTrade skip token=VVV reason=cooldown_left_9s
2026-02-27 13:18:40,807 [INFO] [u_station_ab_night_autotune_v2] trading.auto_trader: AutoTrade skip token=SAIRI reason=cooldown_left_95s
2026-02-27 13:18:40,808 [INFO] [u_station_ab_night_autotune_v2] trading.auto_trader: AutoTrade batch mode=top_n candidates=3 eligible=3 selected=2 opened=0 pe=off burst_window=0
2026-02-27 13:18:40,808 [INFO] [u_station_ab_night_autotune_v2] __main__: Scanned 6 tokens | High quality: 3 | Alerts sent: 0 | Trade candidates: 3 | Quality out/core/explore/probe: 3/2/1/0 | Opened: 0 | Mode: local | Source: onchain+market | Policy: raw=OK/effective=OK(healthy | route=allow_all) | Regime: GREEN(avg_cand=3.17) | Safety: checked=3 fail_closed=0 reasons=api_code_4029:3 | FiltersTop(session): source_qos_cap:38,safe_age:5,score_min:2,source_qos_symbol_cap:1 | Dedup: heavy_skip=0 override=0 | V2Budget: 3/280 | SourceQoS: enabled=1/in=6/out=3/dropped=3/active_cd=0/drops=source_qos_cap:3 | Ingest: q=0/oldest=0.0s/drop_old=0/dedup_skip=0/enq=0/drain=0 | Sources: dex_boosts:ok=1/fail=0/429=0/lim_wait=0/cd_wait=0/err=0.0%/avg=51ms; dexscreener:ok=11/fail=0/429=0/lim_wait=0/cd_wait=0/err=0.0%/avg=197ms; onchain_enrich:ok=28/fail=0/429=0/lim_wait=0/cd_wait=0/err=0.0%/avg=46ms | Tasks: 3 | RSS: 0.0MB | CycleAvg: 11.19s
2026-02-27 13:18:45,351 [INFO] [u_station_ab_night_autotune_v2] monitor.onchain_factory: ENRICH_RETRY token=0xc423696bd9d777d4c704aa98b1019dd63b25d105 pair=0x03e6c781543dfc4dc0639b36f25d0b2bcfde3382 attempt=1/2 delay=10s
2026-02-27 13:18:45,376 [INFO] [u_station_ab_night_autotune_v2] monitor.onchain_factory: ENRICH_RETRY token=0x6957c69f3ffe6b16144970d64533d783e0c779e6 pair=0x8dcb3bc478b3b499cbd42be50baefa8db182761b attempt=1/2 delay=10s
2026-02-27 13:18:45,381 [INFO] [u_station_ab_night_autotune_v2] monitor.onchain_factory: ENRICH_RETRY token=0x0c3fae145fc1c0026d509e6a589519e315d88ba3 pair=0xe3aff8a270eafee4583cd23b1ed16e0a86efe374 attempt=1/2 delay=10s
2026-02-27 13:18:45,469 [INFO] [u_station_ab_night_autotune_v2] monitor.onchain_factory: ENRICH_RETRY token=0xe2ba9609495199cdc88c0fa0def4d5909901eb07 pair=0xf8d89c2027e900fd2d52f6df3ae5fa0cc6db4cec attempt=1/2 delay=10s
2026-02-27 13:18:45,619 [INFO] [u_station_ab_night_autotune_v2] monitor.onchain_factory: ENRICH_RETRY token=0xae0df7324ff21e8dc7b8463d42150edd0990eb07 pair=0xf9f27ce39d3869dd2a24b192c2a810b01967fce5 attempt=1/2 delay=10s
2026-02-27 13:18:45,631 [INFO] [u_station_ab_night_autotune_v2] monitor.onchain_factory: ENRICH_RETRY token=0x354315f008364837772625a148c2d4d549ad8882 pair=0x3e9a0d0033a739600dccb2100cdc6adcf3b76d29 attempt=1/2 delay=10s
2026-02-27 13:18:45,785 [INFO] [u_station_ab_night_autotune_v2] monitor.onchain_factory: ENRICH_RETRY token=0x10464a6153822f7d076d7e649e8e732c79333a76 pair=0x044ac564633405efcd276b20c148593010baa77f attempt=1/2 delay=10s
2026-02-27 13:18:57,936 [INFO] [u_station_ab_night_autotune_v2] __main__: WATCHLIST merged count=6
2026-02-27 13:18:57,936 [INFO] [u_station_ab_night_autotune_v2] trading.v2_runtime: V2_UNIVERSE in=6 dedup=6 out=6 target=6 novel_target=6 novel_out=0 repeat_dropped=0 symbol_dropped=0 surge_in=0 surge_target=0 surge_out=0
2026-02-27 13:18:57,936 [INFO] [u_station_ab_night_autotune_v2] __main__: V2_SOURCE_QOS_FILTER in=6 out=3 drops={'source_qos_cap': 3} caps={'watchlist': 3}
2026-02-27 13:18:57,936 [INFO] [u_station_ab_night_autotune_v2] __main__: FILTER_FAIL token=VIRTUAL reason=source_qos_cap source=watchlist used=3/3
2026-02-27 13:18:57,936 [INFO] [u_station_ab_night_autotune_v2] __main__: FILTER_FAIL token=cbBTC reason=source_qos_cap source=watchlist used=3/3
2026-02-27 13:18:57,936 [INFO] [u_station_ab_night_autotune_v2] __main__: FILTER_FAIL token=AERO reason=source_qos_cap source=watchlist used=3/3
2026-02-27 13:18:57,936 [INFO] [u_station_ab_night_autotune_v2] __main__: FILTER_PASS token=VVV tier=A score=100 mode=GREEN risk=MEDIUM liq=4370989 vol5m=40840
2026-02-27 13:18:57,936 [INFO] [u_station_ab_night_autotune_v2] __main__: FILTER_PASS token=JUNO tier=A score=100 mode=GREEN risk=MEDIUM liq=515585 vol5m=12177
2026-02-27 13:18:57,945 [INFO] [u_station_ab_night_autotune_v2] __main__: FILTER_PASS token=SAIRI tier=A score=95 mode=GREEN risk=MEDIUM liq=554693 vol5m=5471
2026-02-27 13:18:57,945 [INFO] [u_station_ab_night_autotune_v2] __main__: V2_QUALITY_GATE enabled=True regime=GREEN in=3 out=3 core_out=2 explore_out=1 probe_out=0 quota=1 max_symbol_share=0.333 drop={} sources_used={'watchlist': 3}
2026-02-27 13:18:57,945 [INFO] [u_station_ab_night_autotune_v2] __main__: V2_ENTRY_ROUTE enabled=True regime=GREEN in=3 out=3 core_out=2 explore_out=1 quota=1 allow_explore=True
2026-02-27 13:18:57,945 [INFO] [u_station_ab_night_autotune_v2] __main__: MARKET_REGIME mode=GREEN reason=avg_cand=2.92 avg_cand_recent=2.92
2026-02-27 13:18:57,953 [INFO] [u_station_ab_night_autotune_v2] trading.auto_trader: AutoTrade adjust token=VVV reason=min_trade_floor size=$0.07->$0.10 min=$0.10
2026-02-27 13:18:57,953 [INFO] [u_station_ab_night_autotune_v2] trading.auto_trader: AutoTrade skip token=VVV reason=ev_net_low expected_net=$-0.00556 min=$-0.00239 samples=27 conf=1.00 pwin=0.33 avg_win=$0.0080 avg_loss=$0.0116 kelly=0.000 mem=sparse trades=3<18
2026-02-27 13:18:57,969 [INFO] [u_station_ab_night_autotune_v2] trading.auto_trader: AutoTrade skip token=SAIRI reason=cooldown_left_78s
2026-02-27 13:18:57,970 [INFO] [u_station_ab_night_autotune_v2] trading.auto_trader: AutoTrade batch mode=top_n candidates=3 eligible=3 selected=2 opened=0 pe=off burst_window=0
2026-02-27 13:18:57,970 [INFO] [u_station_ab_night_autotune_v2] trading.auto_trader: PAPER_SUMMARY window=60s closed_delta=0 wins_delta=0 losses_delta=0 realized_delta=$0.00 total_closed=101 winrate_total=42.6% realized_total=$0.31 balance=$7.31 equity=$7.31 open=0
2026-02-27 13:18:57,972 [INFO] [u_station_ab_night_autotune_v2] __main__: Scanned 6 tokens | High quality: 3 | Alerts sent: 0 | Trade candidates: 3 | Quality out/core/explore/probe: 3/2/1/0 | Opened: 0 | Mode: local | Source: onchain+market | Policy: raw=OK/effective=OK(healthy | route=allow_all) | Regime: GREEN(avg_cand=2.92) | Safety: checked=3 fail_closed=0 reasons=api_code_4029:3 | FiltersTop(session): source_qos_cap:41,safe_age:5,score_min:2,source_qos_symbol_cap:1 | Dedup: heavy_skip=0 override=0 | V2Budget: 3/280 | SourceQoS: enabled=1/in=6/out=3/dropped=3/active_cd=0/drops=source_qos_cap:3 | Ingest: q=0/oldest=0.0s/drop_old=0/dedup_skip=0/enq=0/drain=0 | Sources: dex_boosts:ok=1/fail=0/429=0/lim_wait=0/cd_wait=0/err=0.0%/avg=52ms; dexscreener:ok=11/fail=0/429=0/lim_wait=0/cd_wait=0/err=0.0%/avg=56ms; onchain_enrich:ok=28/fail=0/429=0/lim_wait=0/cd_wait=0/err=0.0%/avg=172ms; onchain_weth_price:ok=1/fail=0/429=0/lim_wait=0/cd_wait=0/err=0.0%/avg=54ms | Tasks: 3 | RSS: 0.0MB | CycleAvg: 11.15s
2026-02-27 13:19:02,537 [INFO] [u_station_ab_night_autotune_v2] monitor.onchain_factory: ENRICH_RETRY token=0xae0df7324ff21e8dc7b8463d42150edd0990eb07 pair=0xf9f27ce39d3869dd2a24b192c2a810b01967fce5 attempt=1/2 delay=10s
2026-02-27 13:19:02,537 [INFO] [u_station_ab_night_autotune_v2] monitor.onchain_factory: ENRICH_RETRY token=0x354315f008364837772625a148c2d4d549ad8882 pair=0x3e9a0d0033a739600dccb2100cdc6adcf3b76d29 attempt=1/2 delay=10s
2026-02-27 13:19:02,572 [INFO] [u_station_ab_night_autotune_v2] monitor.onchain_factory: ENRICH_RETRY token=0x0c3fae145fc1c0026d509e6a589519e315d88ba3 pair=0xe3aff8a270eafee4583cd23b1ed16e0a86efe374 attempt=1/2 delay=10s
2026-02-27 13:19:02,572 [INFO] [u_station_ab_night_autotune_v2] monitor.onchain_factory: ENRICH_RETRY token=0x6957c69f3ffe6b16144970d64533d783e0c779e6 pair=0x8dcb3bc478b3b499cbd42be50baefa8db182761b attempt=1/2 delay=10s
2026-02-27 13:19:02,572 [INFO] [u_station_ab_night_autotune_v2] monitor.onchain_factory: ENRICH_RETRY token=0x10464a6153822f7d076d7e649e8e732c79333a76 pair=0x044ac564633405efcd276b20c148593010baa77f attempt=1/2 delay=10s
2026-02-27 13:19:02,653 [INFO] [u_station_ab_night_autotune_v2] monitor.onchain_factory: ENRICH_RETRY token=0xe2ba9609495199cdc88c0fa0def4d5909901eb07 pair=0xf8d89c2027e900fd2d52f6df3ae5fa0cc6db4cec attempt=1/2 delay=10s
2026-02-27 13:19:02,840 [INFO] [u_station_ab_night_autotune_v2] monitor.onchain_factory: ENRICH_RETRY token=0xc423696bd9d777d4c704aa98b1019dd63b25d105 pair=0x03e6c781543dfc4dc0639b36f25d0b2bcfde3382 attempt=1/2 delay=10s
2026-02-27 13:19:12,904 [INFO] [u_station_ab_night_autotune_v2] __main__: WATCHLIST merged count=6
2026-02-27 13:19:12,904 [INFO] [u_station_ab_night_autotune_v2] trading.v2_runtime: V2_UNIVERSE in=6 dedup=6 out=6 target=6 novel_target=6 novel_out=0 repeat_dropped=0 symbol_dropped=0 surge_in=0 surge_target=0 surge_out=0
2026-02-27 13:19:12,904 [INFO] [u_station_ab_night_autotune_v2] __main__: V2_SOURCE_QOS_FILTER in=6 out=3 drops={'source_qos_cap': 3} caps={'watchlist': 3}
2026-02-27 13:19:12,904 [INFO] [u_station_ab_night_autotune_v2] __main__: FILTER_FAIL token=VIRTUAL reason=source_qos_cap source=watchlist used=3/3
2026-02-27 13:19:12,904 [INFO] [u_station_ab_night_autotune_v2] __main__: FILTER_FAIL token=cbBTC reason=source_qos_cap source=watchlist used=3/3
2026-02-27 13:19:12,904 [INFO] [u_station_ab_night_autotune_v2] __main__: FILTER_FAIL token=AERO reason=source_qos_cap source=watchlist used=3/3
2026-02-27 13:19:12,904 [INFO] [u_station_ab_night_autotune_v2] __main__: FILTER_PASS token=VVV tier=A score=100 mode=GREEN risk=MEDIUM liq=4370989 vol5m=40840
2026-02-27 13:19:12,904 [INFO] [u_station_ab_night_autotune_v2] __main__: FILTER_PASS token=JUNO tier=A score=100 mode=GREEN risk=MEDIUM liq=515585 vol5m=12177
2026-02-27 13:19:12,904 [INFO] [u_station_ab_night_autotune_v2] __main__: FILTER_PASS token=SAIRI tier=A score=95 mode=GREEN risk=MEDIUM liq=554693 vol5m=5471
2026-02-27 13:19:12,904 [INFO] [u_station_ab_night_autotune_v2] __main__: V2_QUALITY_GATE enabled=True regime=GREEN in=3 out=3 core_out=2 explore_out=1 probe_out=0 quota=1 max_symbol_share=0.333 drop={} sources_used={'watchlist': 3}
2026-02-27 13:19:12,904 [INFO] [u_station_ab_night_autotune_v2] __main__: V2_ENTRY_ROUTE enabled=True regime=GREEN in=3 out=3 core_out=2 explore_out=1 quota=1 allow_explore=True
2026-02-27 13:19:12,904 [INFO] [u_station_ab_night_autotune_v2] __main__: MARKET_REGIME mode=GREEN reason=avg_cand=2.92 avg_cand_recent=2.92
2026-02-27 13:19:12,904 [INFO] [u_station_ab_night_autotune_v2] trading.auto_trader: AutoTrade adjust token=VVV reason=min_trade_floor size=$0.07->$0.10 min=$0.10
2026-02-27 13:19:12,919 [INFO] [u_station_ab_night_autotune_v2] trading.auto_trader: AutoTrade skip token=VVV reason=ev_net_low expected_net=$-0.00556 min=$-0.00239 samples=27 conf=1.00 pwin=0.33 avg_win=$0.0080 avg_loss=$0.0116 kelly=0.000 mem=sparse trades=3<18
2026-02-27 13:19:12,921 [INFO] [u_station_ab_night_autotune_v2] trading.auto_trader: AutoTrade skip token=SAIRI reason=cooldown_left_63s
2026-02-27 13:19:12,922 [INFO] [u_station_ab_night_autotune_v2] trading.auto_trader: AutoTrade batch mode=top_n candidates=3 eligible=3 selected=2 opened=0 pe=off burst_window=0
2026-02-27 13:19:12,922 [INFO] [u_station_ab_night_autotune_v2] __main__: Scanned 6 tokens | High quality: 3 | Alerts sent: 0 | Trade candidates: 3 | Quality out/core/explore/probe: 3/2/1/0 | Opened: 0 | Mode: local | Source: onchain+market | Policy: raw=OK/effective=OK(healthy | route=allow_all) | Regime: GREEN(avg_cand=2.92) | Safety: checked=3 fail_closed=0 reasons=api_code_4029:3 | FiltersTop(session): source_qos_cap:44,safe_age:5,score_min:2,source_qos_symbol_cap:1 | Dedup: heavy_skip=0 override=0 | V2Budget: 3/280 | SourceQoS: enabled=1/in=6/out=3/dropped=3/active_cd=0/drops=source_qos_cap:3 | Ingest: q=0/oldest=0.0s/drop_old=0/dedup_skip=0/enq=0/drain=0 | Sources: dex_boosts:ok=1/fail=0/429=0/lim_wait=0/cd_wait=0/err=0.0%/avg=158ms; dexscreener:ok=11/fail=0/429=0/lim_wait=0/cd_wait=0/err=0.0%/avg=277ms; onchain_enrich:ok=28/fail=0/429=0/lim_wait=0/cd_wait=0/err=0.0%/avg=67ms | Tasks: 3 | RSS: 0.0MB | CycleAvg: 11.31s
2026-02-27 13:19:17,435 [INFO] [u_station_ab_night_autotune_v2] monitor.onchain_factory: ENRICH_RETRY token=0xc423696bd9d777d4c704aa98b1019dd63b25d105 pair=0x03e6c781543dfc4dc0639b36f25d0b2bcfde3382 attempt=1/2 delay=10s
2026-02-27 13:19:17,474 [INFO] [u_station_ab_night_autotune_v2] monitor.onchain_factory: ENRICH_RETRY token=0x6957c69f3ffe6b16144970d64533d783e0c779e6 pair=0x8dcb3bc478b3b499cbd42be50baefa8db182761b attempt=1/2 delay=10s
2026-02-27 13:19:17,503 [INFO] [u_station_ab_night_autotune_v2] monitor.onchain_factory: ENRICH_RETRY token=0x0c3fae145fc1c0026d509e6a589519e315d88ba3 pair=0xe3aff8a270eafee4583cd23b1ed16e0a86efe374 attempt=1/2 delay=10s
2026-02-27 13:19:17,552 [INFO] [u_station_ab_night_autotune_v2] monitor.onchain_factory: ENRICH_RETRY token=0xe2ba9609495199cdc88c0fa0def4d5909901eb07 pair=0xf8d89c2027e900fd2d52f6df3ae5fa0cc6db4cec attempt=1/2 delay=10s
2026-02-27 13:19:17,725 [INFO] [u_station_ab_night_autotune_v2] monitor.onchain_factory: ENRICH_RETRY token=0x10464a6153822f7d076d7e649e8e732c79333a76 pair=0x044ac564633405efcd276b20c148593010baa77f attempt=1/2 delay=10s
2026-02-27 13:19:17,725 [INFO] [u_station_ab_night_autotune_v2] monitor.onchain_factory: ENRICH_RETRY token=0x354315f008364837772625a148c2d4d549ad8882 pair=0x3e9a0d0033a739600dccb2100cdc6adcf3b76d29 attempt=1/2 delay=10s
2026-02-27 13:19:17,869 [INFO] [u_station_ab_night_autotune_v2] monitor.onchain_factory: ENRICH_RETRY token=0xae0df7324ff21e8dc7b8463d42150edd0990eb07 pair=0xf9f27ce39d3869dd2a24b192c2a810b01967fce5 attempt=1/2 delay=10s
2026-02-27 13:19:27,940 [INFO] [u_station_ab_night_autotune_v2] __main__: WATCHLIST merged count=6
2026-02-27 13:19:27,940 [INFO] [u_station_ab_night_autotune_v2] trading.v2_runtime: V2_UNIVERSE in=6 dedup=6 out=6 target=6 novel_target=6 novel_out=0 repeat_dropped=0 symbol_dropped=0 surge_in=0 surge_target=0 surge_out=0
2026-02-27 13:19:27,940 [INFO] [u_station_ab_night_autotune_v2] __main__: V2_SOURCE_QOS_FILTER in=6 out=3 drops={'source_qos_cap': 3} caps={'watchlist': 3}
2026-02-27 13:19:27,940 [INFO] [u_station_ab_night_autotune_v2] __main__: FILTER_FAIL token=VIRTUAL reason=source_qos_cap source=watchlist used=3/3
2026-02-27 13:19:27,953 [INFO] [u_station_ab_night_autotune_v2] __main__: FILTER_FAIL token=cbBTC reason=source_qos_cap source=watchlist used=3/3
2026-02-27 13:19:27,953 [INFO] [u_station_ab_night_autotune_v2] __main__: FILTER_FAIL token=AERO reason=source_qos_cap source=watchlist used=3/3
2026-02-27 13:19:27,953 [INFO] [u_station_ab_night_autotune_v2] __main__: FILTER_PASS token=VVV tier=A score=100 mode=GREEN risk=MEDIUM liq=4370989 vol5m=40840
2026-02-27 13:19:27,953 [INFO] [u_station_ab_night_autotune_v2] __main__: FILTER_PASS token=JUNO tier=A score=100 mode=GREEN risk=MEDIUM liq=515585 vol5m=12177
2026-02-27 13:19:27,953 [INFO] [u_station_ab_night_autotune_v2] __main__: FILTER_PASS token=SAIRI tier=A score=95 mode=GREEN risk=MEDIUM liq=554693 vol5m=5471
2026-02-27 13:19:27,953 [INFO] [u_station_ab_night_autotune_v2] __main__: V2_QUALITY_GATE enabled=True regime=GREEN in=3 out=3 core_out=2 explore_out=1 probe_out=0 quota=1 max_symbol_share=0.333 drop={} sources_used={'watchlist': 3}
2026-02-27 13:19:27,953 [INFO] [u_station_ab_night_autotune_v2] __main__: V2_ENTRY_ROUTE enabled=True regime=GREEN in=3 out=3 core_out=2 explore_out=1 quota=1 allow_explore=True
2026-02-27 13:19:27,953 [INFO] [u_station_ab_night_autotune_v2] __main__: MARKET_REGIME mode=GREEN reason=avg_cand=2.92 avg_cand_recent=2.92
2026-02-27 13:19:27,969 [INFO] [u_station_ab_night_autotune_v2] trading.auto_trader: AutoTrade adjust token=VVV reason=min_trade_floor size=$0.07->$0.10 min=$0.10
2026-02-27 13:19:27,969 [INFO] [u_station_ab_night_autotune_v2] trading.auto_trader: AutoTrade skip token=VVV reason=ev_net_low expected_net=$-0.00556 min=$-0.00239 samples=27 conf=1.00 pwin=0.33 avg_win=$0.0080 avg_loss=$0.0116 kelly=0.000 mem=sparse trades=3<18
2026-02-27 13:19:27,969 [INFO] [u_station_ab_night_autotune_v2] trading.auto_trader: AutoTrade skip token=SAIRI reason=cooldown_left_48s
2026-02-27 13:19:27,969 [INFO] [u_station_ab_night_autotune_v2] trading.auto_trader: AutoTrade batch mode=top_n candidates=3 eligible=3 selected=2 opened=0 pe=off burst_window=0
2026-02-27 13:19:27,969 [INFO] [u_station_ab_night_autotune_v2] __main__: Scanned 6 tokens | High quality: 3 | Alerts sent: 0 | Trade candidates: 3 | Quality out/core/explore/probe: 3/2/1/0 | Opened: 0 | Mode: local | Source: onchain+market | Policy: raw=OK/effective=OK(healthy | route=allow_all) | Regime: GREEN(avg_cand=2.92) | Safety: checked=3 fail_closed=0 reasons=api_code_4029:3 | FiltersTop(session): source_qos_cap:47,safe_age:5,score_min:2,source_qos_symbol_cap:1 | Dedup: heavy_skip=0 override=0 | V2Budget: 3/280 | SourceQoS: enabled=1/in=6/out=3/dropped=3/active_cd=0/drops=source_qos_cap:3 | Ingest: q=0/oldest=0.0s/drop_old=0/dedup_skip=0/enq=0/drain=0 | Sources: dex_boosts:ok=1/fail=0/429=0/lim_wait=0/cd_wait=0/err=0.0%/avg=35ms; dexscreener:ok=11/fail=0/429=0/lim_wait=0/cd_wait=0/err=0.0%/avg=42ms; onchain_enrich:ok=28/fail=0/429=0/lim_wait=0/cd_wait=0/err=0.0%/avg=92ms | Tasks: 3 | RSS: 0.0MB | CycleAvg: 11.28s
2026-02-27 13:19:32,450 [INFO] [u_station_ab_night_autotune_v2] monitor.onchain_factory: ENRICH_RETRY token=0xae0df7324ff21e8dc7b8463d42150edd0990eb07 pair=0xf9f27ce39d3869dd2a24b192c2a810b01967fce5 attempt=1/2 delay=10s
2026-02-27 13:19:32,469 [INFO] [u_station_ab_night_autotune_v2] monitor.onchain_factory: ENRICH_RETRY token=0x354315f008364837772625a148c2d4d549ad8882 pair=0x3e9a0d0033a739600dccb2100cdc6adcf3b76d29 attempt=1/2 delay=10s
2026-02-27 13:19:32,471 [INFO] [u_station_ab_night_autotune_v2] monitor.onchain_factory: ENRICH_RETRY token=0xc423696bd9d777d4c704aa98b1019dd63b25d105 pair=0x03e6c781543dfc4dc0639b36f25d0b2bcfde3382 attempt=1/2 delay=10s
2026-02-27 13:19:32,471 [INFO] [u_station_ab_night_autotune_v2] monitor.onchain_factory: ENRICH_RETRY token=0x10464a6153822f7d076d7e649e8e732c79333a76 pair=0x044ac564633405efcd276b20c148593010baa77f attempt=1/2 delay=10s
2026-02-27 13:19:32,471 [INFO] [u_station_ab_night_autotune_v2] monitor.onchain_factory: ENRICH_RETRY token=0x0c3fae145fc1c0026d509e6a589519e315d88ba3 pair=0xe3aff8a270eafee4583cd23b1ed16e0a86efe374 attempt=1/2 delay=10s
2026-02-27 13:19:32,587 [INFO] [u_station_ab_night_autotune_v2] monitor.onchain_factory: ENRICH_RETRY token=0xe2ba9609495199cdc88c0fa0def4d5909901eb07 pair=0xf8d89c2027e900fd2d52f6df3ae5fa0cc6db4cec attempt=1/2 delay=10s
2026-02-27 13:19:32,603 [INFO] [u_station_ab_night_autotune_v2] monitor.onchain_factory: ENRICH_RETRY token=0x6957c69f3ffe6b16144970d64533d783e0c779e6 pair=0x8dcb3bc478b3b499cbd42be50baefa8db182761b attempt=1/2 delay=10s
2026-02-27 13:19:42,838 [INFO] [u_station_ab_night_autotune_v2] __main__: WATCHLIST merged count=6
2026-02-27 13:19:42,839 [INFO] [u_station_ab_night_autotune_v2] trading.v2_runtime: V2_UNIVERSE in=9 dedup=9 out=9 target=9 novel_target=8 novel_out=3 repeat_dropped=0 symbol_dropped=0 surge_in=1 surge_target=1 surge_out=1
2026-02-27 13:19:42,839 [INFO] [u_station_ab_night_autotune_v2] __main__: V2_SOURCE_QOS_FILTER in=9 out=5 drops={'source_qos_cap': 4} caps={'geckoterminal': 287, 'watchlist': 2}
2026-02-27 13:19:42,840 [INFO] [u_station_ab_night_autotune_v2] __main__: FILTER_FAIL token=SAIRI reason=source_qos_cap source=watchlist used=2/2
2026-02-27 13:19:42,841 [INFO] [u_station_ab_night_autotune_v2] __main__: FILTER_FAIL token=VIRTUAL reason=source_qos_cap source=watchlist used=2/2
2026-02-27 13:19:42,842 [INFO] [u_station_ab_night_autotune_v2] __main__: FILTER_FAIL token=cbBTC reason=source_qos_cap source=watchlist used=2/2
2026-02-27 13:19:42,843 [INFO] [u_station_ab_night_autotune_v2] __main__: FILTER_FAIL token=AERO reason=source_qos_cap source=watchlist used=2/2
2026-02-27 13:19:42,845 [INFO] [u_station_ab_night_autotune_v2] __main__: FILTER_FAIL token=KRAD reason=safe_age
2026-02-27 13:19:42,845 [INFO] [u_station_ab_night_autotune_v2] __main__: FILTER_FAIL token=OMNIX reason=safe_age
2026-02-27 13:19:42,846 [INFO] [u_station_ab_night_autotune_v2] __main__: FILTER_PASS token=VVV tier=A score=100 mode=GREEN risk=MEDIUM liq=4370989 vol5m=40840
2026-02-27 13:19:42,847 [INFO] [u_station_ab_night_autotune_v2] __main__: FILTER_PASS token=JUNO tier=A score=100 mode=GREEN risk=MEDIUM liq=515585 vol5m=12177
2026-02-27 13:19:42,848 [INFO] [u_station_ab_night_autotune_v2] __main__: FILTER_FAIL token=VECTOR reason=score_min score=40 strict_min=48 soft_min=48 mode=GREEN
2026-02-27 13:19:42,849 [INFO] [u_station_ab_night_autotune_v2] __main__: V2_QUALITY_GATE enabled=True regime=GREEN in=2 out=2 core_out=1 explore_out=1 probe_out=0 quota=1 max_symbol_share=0.500 drop={} sources_used={'watchlist': 2}
2026-02-27 13:19:42,849 [INFO] [u_station_ab_night_autotune_v2] __main__: V2_ENTRY_ROUTE enabled=True regime=GREEN in=2 out=2 core_out=1 explore_out=1 quota=1 allow_explore=True
2026-02-27 13:19:42,849 [INFO] [u_station_ab_night_autotune_v2] __main__: MARKET_REGIME mode=GREEN reason=avg_cand=2.83 avg_cand_recent=2.83
2026-02-27 13:19:42,849 [INFO] [u_station_ab_night_autotune_v2] trading.auto_trader: AutoTrade adjust token=VVV reason=min_trade_floor size=$0.07->$0.10 min=$0.10
2026-02-27 13:19:42,853 [INFO] [u_station_ab_night_autotune_v2] trading.auto_trader: AutoTrade skip token=VVV reason=ev_net_low expected_net=$-0.00556 min=$-0.00239 samples=27 conf=1.00 pwin=0.33 avg_win=$0.0080 avg_loss=$0.0116 kelly=0.000 mem=sparse trades=3<18
2026-02-27 13:19:42,853 [INFO] [u_station_ab_night_autotune_v2] trading.auto_trader: AutoTrade batch mode=top_n candidates=2 eligible=2 selected=1 opened=0 pe=off burst_window=0
2026-02-27 13:19:42,853 [INFO] [u_station_ab_night_autotune_v2] __main__: Scanned 9 tokens | High quality: 3 | Alerts sent: 0 | Trade candidates: 2 | Quality out/core/explore/probe: 2/1/1/0 | Opened: 0 | Mode: local | Source: onchain+market | Policy: raw=OK/effective=OK(healthy | route=allow_all) | Regime: GREEN(avg_cand=2.83) | Safety: checked=2 fail_closed=0 reasons=api_code_4029:2 | FiltersTop(session): source_qos_cap:51,safe_age:7,score_min:3,source_qos_symbol_cap:1 | Dedup: heavy_skip=0 override=0 | V2Budget: 2/280 | SourceQoS: enabled=1/in=9/out=5/dropped=4/active_cd=0/drops=source_qos_cap:4 | Ingest: q=0/oldest=0.0s/drop_old=0/dedup_skip=0/enq=3/drain=3 | Sources: dex_boosts:ok=1/fail=0/429=0/lim_wait=0/cd_wait=0/err=0.0%/avg=40ms; dexscreener:ok=11/fail=0/429=0/lim_wait=0/cd_wait=0/err=0.0%/avg=52ms; geckoterminal:ok=1/fail=0/429=0/lim_wait=0/cd_wait=0/err=0.0%/avg=244ms; onchain_enrich:ok=28/fail=0/429=0/lim_wait=0/cd_wait=0/err=0.0%/avg=66ms | Tasks: 3 | RSS: 0.0MB | CycleAvg: 11.27s
2026-02-27 13:19:46,869 [WARNING] [u_station_ab_night_autotune_v2] __main__: GRACEFUL_STOP requested path=D:\earnforme\solana-alert-bot\data\graceful_stop.u_station_ab_night_autotune_v2.signal
2026-02-27 13:19:46,912 [INFO] [u_station_ab_night_autotune_v2] trading.auto_trader: AUTOTRADER_SHUTDOWN reason=main_local_shutdown open=0 closed=101
