2026-02-27 22:07:00,696 [INFO] [u_station_ab_night_autotune_v2] __main__: SESSION_LOG file=logs/matrix/u_station_ab_night_autotune_v2\sessions\main_local_20260227_210700_pid15368.log
2026-02-27 22:07:00,729 [INFO] [u_station_ab_night_autotune_v2] trading.auto_trader_state: AutoTrade state loaded open=0 closed=150 balance=$7.42
2026-02-27 22:07:00,744 [WARNING] [u_station_ab_night_autotune_v2] trading.auto_trader: DATA_POLICY mode=OK reason=init_reset_manual prev_mode=OK prev_reason=healthy | route=allow_all
2026-02-27 22:07:00,744 [INFO] [u_station_ab_night_autotune_v2] __main__: AUTOTRADER_INIT state=ready reason=manual mode=paper
2026-02-27 22:07:00,746 [INFO] [u_station_ab_night_autotune_v2] __main__: Local mode started (Telegram disabled).
2026-02-27 22:07:00,904 [WARNING] [u_station_ab_night_autotune_v2] __main__: RUNTIME_TUNER_CONTROL active run_tag=u_station_ab_night_autotune_v2: local adaptive controllers locked (kpi/calibration/rolling/orchestrator).
2026-02-27 22:07:00,918 [WARNING] [u_station_ab_night_autotune_v2] __main__: RUNTIME_TUNER_HOT_APPLY run_tag=u_station_ab_night_autotune_v2 keys=2 details=AUTO_TRADE_TOP_N,PAPER_TRADE_SIZE_MAX_USD skipped_unknown=3
2026-02-27 22:07:03,162 [WARNING] [u_station_ab_night_autotune_v2] monitor.watchlist: WATCHLIST low_supply fallback strict=3 final=3 min=12 relax_factor=0.50
2026-02-27 22:07:03,301 [WARNING] [u_station_ab_night_autotune_v2] monitor.watchlist: WATCHLIST low_supply fallback added=5 final=8
2026-02-27 22:07:03,303 [INFO] [u_station_ab_night_autotune_v2] __main__: WATCHLIST merged count=8
2026-02-27 22:07:03,304 [INFO] [u_station_ab_night_autotune_v2] trading.v2_runtime: V2_UNIVERSE in=14 dedup=14 out=14 target=14 novel_target=12 novel_out=14 repeat_dropped=0 symbol_dropped=0 surge_in=4 surge_target=4 surge_out=4
2026-02-27 22:07:03,307 [INFO] [u_station_ab_night_autotune_v2] __main__: FILTER_FAIL token=NEKOCHAN reason=safe_change_5m
2026-02-27 22:07:03,308 [INFO] [u_station_ab_night_autotune_v2] __main__: FILTER_PASS token=cbBTC tier=A score=100 mode=YELLOW risk=MEDIUM liq=19462456 vol5m=360968
2026-02-27 22:07:03,311 [INFO] [u_station_ab_night_autotune_v2] __main__: FILTER_FAIL token=CLD reason=safe_age
2026-02-27 22:07:03,312 [INFO] [u_station_ab_night_autotune_v2] __main__: FILTER_FAIL token=WarClaude reason=safe_change_5m
2026-02-27 22:07:03,313 [INFO] [u_station_ab_night_autotune_v2] __main__: FILTER_FAIL token=GAMAL reason=safe_age
2026-02-27 22:07:03,315 [INFO] [u_station_ab_night_autotune_v2] __main__: FILTER_FAIL token=OHIO reason=score_min score=40 strict_min=48 soft_min=48 mode=YELLOW
2026-02-27 22:07:03,316 [INFO] [u_station_ab_night_autotune_v2] __main__: FILTER_FAIL token=FLOW reason=blacklist honeypot_guard:simulation_failed,simulation_error,holder_sell_failed,flag:high_fail_rate
2026-02-27 22:07:03,317 [INFO] [u_station_ab_night_autotune_v2] __main__: FILTER_PASS token=HOTDOGZ tier=A score=85 mode=YELLOW risk=MEDIUM liq=191867 vol5m=2523
2026-02-27 22:07:03,318 [INFO] [u_station_ab_night_autotune_v2] __main__: FILTER_FAIL token=ODAI reason=blacklist honeypot_guard:simulation_failed,simulation_error,flag:high_fail_rate
2026-02-27 22:07:03,319 [INFO] [u_station_ab_night_autotune_v2] __main__: FILTER_PASS token=SAIRI tier=A score=85 mode=YELLOW risk=MEDIUM liq=438146 vol5m=2647
2026-02-27 22:07:03,321 [INFO] [u_station_ab_night_autotune_v2] __main__: FILTER_FAIL token=ClawdKing reason=safe_age
2026-02-27 22:07:03,322 [INFO] [u_station_ab_night_autotune_v2] __main__: FILTER_PASS token=USD₮0 tier=A score=75 mode=YELLOW risk=MEDIUM liq=120529 vol5m=60
2026-02-27 22:07:03,325 [INFO] [u_station_ab_night_autotune_v2] __main__: FILTER_FAIL token=VIRTUAL reason=safe_volume vol5m=0 min=6 regime=YELLOW
2026-02-27 22:07:03,327 [INFO] [u_station_ab_night_autotune_v2] __main__: FILTER_FAIL token=AERO reason=safe_volume vol5m=0 min=6 regime=YELLOW
2026-02-27 22:07:03,330 [INFO] [u_station_ab_night_autotune_v2] trading.v2_runtime: V2_QUALITY_ROTATE symbols_core=1 symbols_cooldown=0 sources=2 top_core=CBBTC:0.0008/16 top_cooldown=-
2026-02-27 22:07:03,330 [INFO] [u_station_ab_night_autotune_v2] __main__: V2_QUALITY_GATE enabled=True regime=YELLOW in=4 out=4 core_out=1 explore_out=3 probe_out=0 quota=3 max_symbol_share=0.250 drop={} sources_used={'watchlist': 4}
2026-02-27 22:07:03,332 [INFO] [u_station_ab_night_autotune_v2] __main__: V2_ENTRY_ROUTE enabled=True regime=YELLOW in=4 out=3 core_out=1 explore_out=2 quota=2 allow_explore=True
2026-02-27 22:07:03,333 [WARNING] [u_station_ab_night_autotune_v2] trading.auto_trader: DATA_POLICY mode=OK reason=healthy | route=allow_all prev_mode=OK prev_reason=init_reset_manual
2026-02-27 22:07:03,334 [INFO] [u_station_ab_night_autotune_v2] __main__: MARKET_REGIME mode=YELLOW reason=hysteresis_recover_wait 1/4 raw=GREEN avg_cand_recent=4.00
2026-02-27 22:07:03,335 [INFO] [u_station_ab_night_autotune_v2] trading.auto_trader: AutoTrade bypass token=cbBTC reason=symbol_cooldown anti_choke=true left=64s
2026-02-27 22:07:03,336 [INFO] [u_station_ab_night_autotune_v2] trading.auto_trader: AutoTrade bypass token=cbBTC reason=symbol_fatigue_cap anti_choke=true trades=11 cap=9
2026-02-27 22:07:03,363 [INFO] [u_station_ab_night_autotune_v2] trading.auto_trader: AUTO_DECISION token=cbBTC mode=YELLOW tier=A channel=core score=100 src=watchlist liq=19462456 vol5m=360968 chg5m=0.09% edge=4.12% raw=3.82% regime_mult=1.08 edge_usd=$0.037 size=$0.90 mult=1.35(score=1.15 liq=1.15 vol=1.10 volat=1.05) reinvest=1.05(growth_steps=0 drawdown=6.11% loss_streak=0 edge=5.52%) size_mode=0.80 hold_mode=1.06 exec_lane=runner exec_mult(size=1.10 hold=1.32 edge=0.94) edge_gate_mult(usd=1.00,pct=1.00) quality(edge=0.97,size=1.06 detail=src_mult=1.00 ev=0.00082 edge(src_relax=0.000 src_tight=0.000 ev_adj=-0.015) size(src_relax=0.000 src_cut=0.000 ev_adj=0.018)) costs=5.78% gas=$0.028 ev_net=$0.00087 ev_samples=163 conf=1.00 pwin=0.57 avg_win=$0.0070 avg_loss=$0.0057 kelly=1.08(k=0.223) token_ev=sparse trades=11<18 cluster=s3|l3|v3|m0|r1 cluster_route=ok samples=17 avg=0.00086 loss_share=0.29 breakdown={'liquidity_score': 30, 'volume_score': 30, 'risk_score': 15, 'age_score': 15, 'safety_score': 15}
2026-02-27 22:07:03,516 [INFO] [u_station_ab_night_autotune_v2] trading.auto_trader: AUTO_BUY Paper BUY token=cbBTC address=0xcbb7c0000ab88b473b1f5afd9ef808440eed33bf mode=YELLOW tier=A channel=core lane=runner entry=$65600.83000000 size=$0.90 score=100 edge=4.12% edge_usd=$0.037 mult=1.35(score=1.15 liq=1.15 vol=1.10 volat=1.05) hold=134s costs=2.70% gas=$0.03
2026-02-27 22:07:03,727 [INFO] [u_station_ab_night_autotune_v2] trading.auto_trader: AutoTrade skip token=SAIRI reason=edge_low mode=both edge=-19.40% raw=-17.96% mult=1.08 min=0.04% probe_min=0.04% edge_usd=$-0.025 min_usd=$0.000 probe_min_usd=$0.000 size=$0.13 gross=6.40% costs=24.36% pwin=0.65 probe=- budget=0/1
2026-02-27 22:07:03,729 [INFO] [u_station_ab_night_autotune_v2] trading.auto_trader: AutoTrade skip token=HOTDOGZ reason=edge_low mode=both edge=-25.34% raw=-23.46% mult=1.08 min=0.05% probe_min=0.05% edge_usd=$-0.026 min_usd=$0.000 probe_min_usd=$0.000 size=$0.10 gross=6.40% costs=29.86% pwin=0.65 probe=- budget=0/1
2026-02-27 22:07:03,730 [INFO] [u_station_ab_night_autotune_v2] trading.auto_trader: AutoTrade batch mode=top_n candidates=3 eligible=3 selected=3 opened=1 pe=off burst_window=1
2026-02-27 22:07:03,881 [INFO] [u_station_ab_night_autotune_v2] __main__: FILTER_THRESHOLDS safe_volume_5m_min=$5 safe_liquidity_min=$8000 safe_age_min=240s score_min=48 edge_min=0.05% lock_floor=0.95 no_momentum_max_pnl=0.25 weakness_pnl=-2.60
2026-02-27 22:07:03,882 [INFO] [u_station_ab_night_autotune_v2] __main__: Scanned 14 tokens | High quality: 10 | Alerts sent: 0 | Trade candidates: 4 | Quality out/core/explore/probe: 4/1/3/0 | Opened: 1 | Mode: local | Source: onchain+market | Policy: raw=OK/effective=OK(healthy | route=allow_all) | Regime: YELLOW(hysteresis_recover_wait 1/4 raw=GREEN) | Safety: checked=4 fail_closed=0 reasons=api_code_4029:4 | FiltersTop(session): safe_age:3,safe_change_5m:2,blacklist:2,safe_volume:2 | Dedup: heavy_skip=0 override=0 | V2Budget: 4/280 | SourceQoS: enabled=1/in=14/out=14/dropped=0/active_cd=0/drops=none | Ingest: q=0/oldest=0.0s/drop_old=0/dedup_skip=0/enq=6/drain=6 | Sources: dex_boosts:ok=1/fail=0/429=0/lim_wait=0/cd_wait=0/err=0.0%/avg=115ms; dexscreener:ok=10/fail=0/429=0/lim_wait=0/cd_wait=0/err=0.0%/avg=288ms; geckoterminal:ok=2/fail=0/429=0/lim_wait=0/cd_wait=0/err=0.0%/avg=154ms; watchlist_dex:ok=20/fail=0/429=0/lim_wait=0/cd_wait=0/err=0.0%/avg=67ms; watchlist_gecko:ok=8/fail=0/429=0/lim_wait=0/cd_wait=0/err=0.0%/avg=368ms | Tasks: 3 | RSS: 0.0MB | CycleAvg: 0.00s
2026-02-27 22:07:08,022 [WARNING] [u_station_ab_night_autotune_v2] __main__: GRACEFUL_STOP requested path=D:\earnforme\solana-alert-bot\data\graceful_stop.u_station_ab_night_autotune_v2.signal
2026-02-27 22:07:08,091 [INFO] [u_station_ab_night_autotune_v2] trading.auto_trader: AUTOTRADER_SHUTDOWN reason=main_local_shutdown open=1 closed=150
