2026-02-27 14:59:56,137 [INFO] [u_station_ab_night_autotune_v2] __main__: SESSION_LOG file=logs/matrix/u_station_ab_night_autotune_v2\sessions\main_local_20260227_135956_pid3880.log
2026-02-27 14:59:56,158 [INFO] [u_station_ab_night_autotune_v2] trading.auto_trader_state: AutoTrade state loaded open=0 closed=110 balance=$7.30
2026-02-27 14:59:56,167 [WARNING] [u_station_ab_night_autotune_v2] trading.auto_trader: DATA_POLICY mode=OK reason=init_reset_manual prev_mode=OK prev_reason=healthy | route=allow_all
2026-02-27 14:59:56,168 [INFO] [u_station_ab_night_autotune_v2] __main__: AUTOTRADER_INIT state=ready reason=manual mode=paper
2026-02-27 14:59:56,169 [INFO] [u_station_ab_night_autotune_v2] __main__: Local mode started (Telegram disabled).
2026-02-27 14:59:56,519 [INFO] [u_station_ab_night_autotune_v2] monitor.onchain_factory: PAIR_DETECTED source=uniswap_v2 dex=uniswap_v2 pair=0x341ed7b8399dda612663c64808e038e2599e0e64 token0=0x190c89a2fb6a8b601cc741618dbb806dec31eb07 token1=0x4200000000000000000000000000000000000006 block=42705629 factory=0x8909dc15e40173ff4699343b6eb8132c65e18ec6
2026-02-27 14:59:56,519 [INFO] [u_station_ab_night_autotune_v2] monitor.onchain_factory: PAIR_DETECTED source=uniswap_v2 dex=uniswap_v2 pair=0xeee73cfa3d1f4dda0bcdb6c53a2da870d5400354 token0=0x4200000000000000000000000000000000000006 token1=0xda414c87087ddd9147371933ec81664906c3ab07 block=42705687 factory=0x8909dc15e40173ff4699343b6eb8132c65e18ec6
2026-02-27 14:59:56,519 [INFO] [u_station_ab_night_autotune_v2] monitor.onchain_factory: PAIR_DETECTED source=uniswap_v2 dex=uniswap_v2 pair=0x75638cf8609b16638cfa62aceecbe84b4e0d0331 token0=0x0f0467d130dfec3720219b973996186457bdeb07 token1=0x4200000000000000000000000000000000000006 block=42705687 factory=0x8909dc15e40173ff4699343b6eb8132c65e18ec6
2026-02-27 14:59:56,519 [INFO] [u_station_ab_night_autotune_v2] monitor.onchain_factory: PAIR_DETECTED source=uniswap_v2 dex=uniswap_v2 pair=0x2c6d2d6094a08504e31239d0d571efa430e4bef0 token0=0x4200000000000000000000000000000000000006 token1=0xc7a093b3774e2f4e8acd7a2ab57f8482a15bab07 block=42705715 factory=0x8909dc15e40173ff4699343b6eb8132c65e18ec6
2026-02-27 14:59:56,944 [INFO] [u_station_ab_night_autotune_v2] monitor.onchain_factory: ENRICH_RETRY token=0xc7a093b3774e2f4e8acd7a2ab57f8482a15bab07 pair=0x2c6d2d6094a08504e31239d0d571efa430e4bef0 attempt=1/2 delay=10s
2026-02-27 15:00:08,753 [INFO] [u_station_ab_night_autotune_v2] __main__: WATCHLIST merged count=7
2026-02-27 15:00:08,754 [INFO] [u_station_ab_night_autotune_v2] trading.v2_runtime: V2_UNIVERSE in=18 dedup=18 out=18 target=18 novel_target=16 novel_out=18 repeat_dropped=0 symbol_dropped=0 surge_in=6 surge_target=5 surge_out=6
2026-02-27 15:00:08,755 [INFO] [u_station_ab_night_autotune_v2] __main__: V2_SOURCE_QOS_FILTER in=18 out=11 drops={'source_qos_cap': 5, 'source_qos_symbol_cap': 2} caps={'geckoterminal': 287, 'watchlist': 2, 'unknown': 0, 'dexscreener': 292}
2026-02-27 15:00:08,756 [INFO] [u_station_ab_night_autotune_v2] __main__: FILTER_FAIL token=POOPCOIN reason=source_qos_cap source=watchlist used=2/2
2026-02-27 15:00:08,757 [INFO] [u_station_ab_night_autotune_v2] __main__: FILTER_FAIL token=FLOW reason=source_qos_cap source=watchlist used=2/2
2026-02-27 15:00:08,757 [INFO] [u_station_ab_night_autotune_v2] __main__: FILTER_FAIL token=Novaiok reason=source_qos_symbol_cap symbol=NOVAIOK used=1/1
2026-02-27 15:00:08,757 [INFO] [u_station_ab_night_autotune_v2] __main__: FILTER_FAIL token=HOTDOGZ reason=source_qos_cap source=watchlist used=2/2
2026-02-27 15:00:08,757 [INFO] [u_station_ab_night_autotune_v2] __main__: FILTER_FAIL token=AERO reason=source_qos_cap source=watchlist used=2/2
2026-02-27 15:00:08,757 [INFO] [u_station_ab_night_autotune_v2] __main__: FILTER_FAIL token=Free reason=source_qos_symbol_cap symbol=FREE used=1/1
2026-02-27 15:00:08,757 [INFO] [u_station_ab_night_autotune_v2] __main__: FILTER_FAIL token=VIRTUAL reason=source_qos_cap source=watchlist used=2/2
2026-02-27 15:00:08,757 [INFO] [u_station_ab_night_autotune_v2] __main__: FILTER_FAIL token=NOOK reason=excluded_symbol
2026-02-27 15:00:08,757 [INFO] [u_station_ab_night_autotune_v2] __main__: FILTER_FAIL token=Novaiok reason=safe_age
2026-02-27 15:00:08,757 [INFO] [u_station_ab_night_autotune_v2] __main__: FILTER_PASS token=cbBTC tier=A score=100 mode=YELLOW risk=MEDIUM liq=25157088 vol5m=78337
2026-02-27 15:00:08,757 [INFO] [u_station_ab_night_autotune_v2] __main__: FILTER_PASS token=ToruCeoAI tier=A score=100 mode=YELLOW risk=MEDIUM liq=134204 vol5m=30684
2026-02-27 15:00:08,757 [INFO] [u_station_ab_night_autotune_v2] __main__: FILTER_FAIL token=TRUMPPOWER reason=safe_change_5m
2026-02-27 15:00:08,757 [INFO] [u_station_ab_night_autotune_v2] __main__: FILTER_FAIL token=appsmith reason=safe_age
2026-02-27 15:00:08,757 [INFO] [u_station_ab_night_autotune_v2] __main__: FILTER_FAIL token=Iron Curtain reason=safe_age
2026-02-27 15:00:08,757 [INFO] [u_station_ab_night_autotune_v2] __main__: FILTER_PASS token=predyAI tier=A score=60 mode=YELLOW risk=MEDIUM liq=20993 vol5m=582
2026-02-27 15:00:08,757 [INFO] [u_station_ab_night_autotune_v2] monitor.local_alerter: Local alert token=predyAI address=0x9396b25d7317ba61ce9586d1cb58bee8514b6ba3 score=60 reco=HOLD risk=MEDIUM warnings=0 liq=20993 vol5m=582
2026-02-27 15:00:08,757 [INFO] [u_station_ab_night_autotune_v2] __main__: FILTER_PASS token=MOLTD tier=A score=75 mode=YELLOW risk=MEDIUM liq=53457 vol5m=447
2026-02-27 15:00:08,757 [INFO] [u_station_ab_night_autotune_v2] monitor.local_alerter: Local alert token=MOLTD address=0x88a082df256da966170689e10782b2851402eb07 score=75 reco=BUY risk=MEDIUM warnings=0 liq=53457 vol5m=447
2026-02-27 15:00:08,757 [INFO] [u_station_ab_night_autotune_v2] __main__: FILTER_FAIL token=Free reason=score_min score=40 strict_min=48 soft_min=48 mode=YELLOW
2026-02-27 15:00:08,757 [INFO] [u_station_ab_night_autotune_v2] __main__: FILTER_FAIL token=Yakuza reason=score_min score=20 strict_min=48 soft_min=48 mode=YELLOW
2026-02-27 15:00:08,757 [INFO] [u_station_ab_night_autotune_v2] trading.v2_runtime: V2_QUALITY_ROTATE symbols_core=0 symbols_cooldown=0 sources=2 top_core=- top_cooldown=-
2026-02-27 15:00:08,757 [INFO] [u_station_ab_night_autotune_v2] __main__: V2_QUALITY_GATE enabled=True regime=YELLOW in=4 out=4 core_out=1 explore_out=3 probe_out=0 quota=3 max_symbol_share=0.250 drop={} sources_used={'watchlist': 2, 'dexscreener': 1, 'geckoterminal': 1}
2026-02-27 15:00:08,757 [INFO] [u_station_ab_night_autotune_v2] __main__: V2_ENTRY_ROUTE enabled=True regime=YELLOW in=4 out=3 core_out=1 explore_out=2 quota=2 allow_explore=True
2026-02-27 15:00:08,757 [WARNING] [u_station_ab_night_autotune_v2] trading.auto_trader: DATA_POLICY mode=OK reason=healthy | route=allow_all prev_mode=OK prev_reason=init_reset_manual
2026-02-27 15:00:08,773 [INFO] [u_station_ab_night_autotune_v2] __main__: MARKET_REGIME mode=YELLOW reason=hysteresis_recover_wait 1/4 raw=GREEN avg_cand_recent=4.00
2026-02-27 15:00:08,790 [INFO] [u_station_ab_night_autotune_v2] trading.auto_trader: AutoTrade adjust token=MOLTD reason=min_trade_floor size=$0.02->$0.10 min=$0.10
2026-02-27 15:00:08,790 [INFO] [u_station_ab_night_autotune_v2] trading.auto_trader: AutoTrade skip token=MOLTD reason=edge_low mode=both edge=-29.70% raw=-27.50% mult=1.08 min=0.05% probe_min=0.05% edge_usd=$-0.030 min_usd=$0.000 probe_min_usd=$0.000 size=$0.10 gross=3.20% costs=30.70% pwin=0.45 probe=- budget=0/1
2026-02-27 15:00:08,803 [INFO] [u_station_ab_night_autotune_v2] trading.auto_trader: AutoTrade adjust token=cbBTC reason=min_trade_floor size=$0.08->$0.10 min=$0.10
2026-02-27 15:00:08,803 [INFO] [u_station_ab_night_autotune_v2] trading.auto_trader: AutoTrade skip token=cbBTC reason=ev_net_low expected_net=$-0.00516 min=$-0.00250 samples=29 conf=1.00 pwin=0.55 avg_win=$0.0035 avg_loss=$0.0129 kelly=0.000 mem=sparse trades=5<18
2026-02-27 15:00:08,803 [INFO] [u_station_ab_night_autotune_v2] trading.auto_trader: AutoTrade skip token=ToruCeoAI reason=blacklist detail=honeypot_guard:is_honeypot,flag:high_fail_rate,sell_tax>5.0%(100.0%)
2026-02-27 15:00:08,803 [INFO] [u_station_ab_night_autotune_v2] trading.auto_trader: AutoTrade batch mode=top_n candidates=3 eligible=3 selected=3 opened=0 pe=off burst_window=0
2026-02-27 15:00:08,803 [INFO] [u_station_ab_night_autotune_v2] __main__: FILTER_THRESHOLDS safe_volume_5m_min=$5 safe_liquidity_min=$8000 safe_age_min=240s score_min=48 edge_min=0.05% lock_floor=0.95 no_momentum_max_pnl=0.25 weakness_pnl=-2.60
2026-02-27 15:00:08,803 [INFO] [u_station_ab_night_autotune_v2] __main__: Scanned 18 tokens | High quality: 4 | Alerts sent: 2 | Trade candidates: 4 | Quality out/core/explore/probe: 4/1/3/0 | Opened: 0 | Mode: local | Source: onchain+market | Policy: raw=OK/effective=OK(healthy | route=allow_all) | Regime: YELLOW(hysteresis_recover_wait 1/4 raw=GREEN) | Safety: checked=4 fail_closed=0 reasons=api_code_4029:4 | FiltersTop(session): source_qos_cap:5,safe_age:3,source_qos_symbol_cap:2,score_min:2 | Dedup: heavy_skip=0 override=0 | V2Budget: 4/280 | SourceQoS: enabled=1/in=18/out=11/dropped=7/active_cd=0/drops=source_qos_cap:5,source_qos_symbol_cap:2 | Ingest: q=0/oldest=0.0s/drop_old=0/dedup_skip=0/enq=7/drain=7 | Sources: dex_boosts:ok=1/fail=0/429=0/lim_wait=0/cd_wait=0/err=0.0%/avg=117ms; dexscreener:ok=11/fail=0/429=0/lim_wait=0/cd_wait=0/err=0.0%/avg=287ms; geckoterminal:ok=2/fail=0/429=0/lim_wait=0/cd_wait=0/err=0.0%/avg=116ms; onchain_enrich:ok=7/fail=0/429=0/lim_wait=0/cd_wait=0/err=0.0%/avg=99ms; onchain_weth_price:ok=1/fail=0/429=0/lim_wait=0/cd_wait=0/err=0.0%/avg=63ms; watchlist_dex:ok=10/fail=0/429=0/lim_wait=0/cd_wait=0/err=0.0%/avg=98ms; watchlist_gecko:ok=6/fail=0/429=0/lim_wait=0/cd_wait=0/err=0.0%/avg=562ms | Tasks: 3 | RSS: 0.0MB | CycleAvg: 0.00s
2026-02-27 15:00:13,103 [INFO] [u_station_ab_night_autotune_v2] monitor.onchain_factory: PAIR_DETECTED source=uniswap_v2 dex=uniswap_v2 pair=0x9f532f05782c1ef8c296148120cfbf5e0c6edea0 token0=0x23157e9166ed261124ccd5aa751b8c48828e9630 token1=0x4200000000000000000000000000000000000006 block=42705725 factory=0x8909dc15e40173ff4699343b6eb8132c65e18ec6
2026-02-27 15:00:13,381 [INFO] [u_station_ab_night_autotune_v2] monitor.onchain_factory: ENRICH_RETRY token=0xc7a093b3774e2f4e8acd7a2ab57f8482a15bab07 pair=0x2c6d2d6094a08504e31239d0d571efa430e4bef0 attempt=1/2 delay=10s
2026-02-27 15:00:13,536 [INFO] [u_station_ab_night_autotune_v2] monitor.onchain_factory: ENRICH_RETRY token=0x23157e9166ed261124ccd5aa751b8c48828e9630 pair=0x9f532f05782c1ef8c296148120cfbf5e0c6edea0 attempt=1/2 delay=10s
2026-02-27 15:00:23,626 [INFO] [u_station_ab_night_autotune_v2] __main__: WATCHLIST merged count=7
2026-02-27 15:00:23,627 [INFO] [u_station_ab_night_autotune_v2] trading.v2_runtime: V2_UNIVERSE in=7 dedup=7 out=7 target=7 novel_target=6 novel_out=0 repeat_dropped=0 symbol_dropped=0 surge_in=2 surge_target=2 surge_out=2
2026-02-27 15:00:23,627 [INFO] [u_station_ab_night_autotune_v2] __main__: V2_SOURCE_QOS_FILTER in=7 out=3 drops={'source_qos_cap': 4} caps={'watchlist': 3}
2026-02-27 15:00:23,629 [INFO] [u_station_ab_night_autotune_v2] __main__: FILTER_FAIL token=FLOW reason=source_qos_cap source=watchlist used=3/3
2026-02-27 15:00:23,631 [INFO] [u_station_ab_night_autotune_v2] __main__: FILTER_FAIL token=HOTDOGZ reason=source_qos_cap source=watchlist used=3/3
2026-02-27 15:00:23,631 [INFO] [u_station_ab_night_autotune_v2] __main__: FILTER_FAIL token=AERO reason=source_qos_cap source=watchlist used=3/3
2026-02-27 15:00:23,631 [INFO] [u_station_ab_night_autotune_v2] __main__: FILTER_FAIL token=VIRTUAL reason=source_qos_cap source=watchlist used=3/3
2026-02-27 15:00:23,631 [INFO] [u_station_ab_night_autotune_v2] __main__: FILTER_PASS token=cbBTC tier=A score=100 mode=YELLOW risk=MEDIUM liq=25157088 vol5m=78337
2026-02-27 15:00:23,631 [INFO] [u_station_ab_night_autotune_v2] __main__: FILTER_PASS token=ToruCeoAI tier=A score=100 mode=YELLOW risk=MEDIUM liq=134204 vol5m=30684
2026-02-27 15:00:23,631 [INFO] [u_station_ab_night_autotune_v2] __main__: FILTER_PASS token=POOPCOIN tier=A score=100 mode=YELLOW risk=MEDIUM liq=446995 vol5m=20818
2026-02-27 15:00:23,631 [INFO] [u_station_ab_night_autotune_v2] __main__: V2_QUALITY_GATE enabled=True regime=YELLOW in=3 out=3 core_out=2 explore_out=1 probe_out=0 quota=1 max_symbol_share=0.333 drop={} sources_used={'watchlist': 3}
2026-02-27 15:00:23,631 [INFO] [u_station_ab_night_autotune_v2] __main__: V2_ENTRY_ROUTE enabled=True regime=YELLOW in=3 out=3 core_out=2 explore_out=1 quota=1 allow_explore=True
2026-02-27 15:00:23,631 [INFO] [u_station_ab_night_autotune_v2] __main__: MARKET_REGIME mode=YELLOW reason=hysteresis_recover_wait 2/4 raw=GREEN avg_cand_recent=3.50
2026-02-27 15:00:23,631 [INFO] [u_station_ab_night_autotune_v2] trading.auto_trader: AutoTrade adjust token=cbBTC reason=min_trade_floor size=$0.08->$0.10 min=$0.10
2026-02-27 15:00:23,631 [INFO] [u_station_ab_night_autotune_v2] trading.auto_trader: AutoTrade skip token=cbBTC reason=ev_net_low expected_net=$-0.00516 min=$-0.00250 samples=29 conf=1.00 pwin=0.55 avg_win=$0.0035 avg_loss=$0.0129 kelly=0.000 mem=sparse trades=5<18
2026-02-27 15:00:23,631 [INFO] [u_station_ab_night_autotune_v2] trading.auto_trader: AutoTrade skip token=POOPCOIN reason=blacklist detail=honeypot_guard:honeypot_api_status_404
2026-02-27 15:00:23,631 [INFO] [u_station_ab_night_autotune_v2] trading.auto_trader: AutoTrade batch mode=top_n candidates=3 eligible=3 selected=2 opened=0 pe=off burst_window=0
2026-02-27 15:00:23,631 [INFO] [u_station_ab_night_autotune_v2] __main__: Scanned 7 tokens | High quality: 3 | Alerts sent: 0 | Trade candidates: 3 | Quality out/core/explore/probe: 3/2/1/0 | Opened: 0 | Mode: local | Source: onchain+market | Policy: raw=OK/effective=OK(healthy | route=allow_all) | Regime: YELLOW(hysteresis_recover_wait 2/4 raw=GREEN) | Safety: checked=3 fail_closed=0 reasons=api_code_4029:3 | FiltersTop(session): source_qos_cap:9,safe_age:3,source_qos_symbol_cap:2,score_min:2 | Dedup: heavy_skip=0 override=0 | V2Budget: 3/280 | SourceQoS: enabled=1/in=7/out=3/dropped=4/active_cd=0/drops=source_qos_cap:4 | Ingest: q=0/oldest=0.0s/drop_old=0/dedup_skip=0/enq=0/drain=0 | Sources: dex_boosts:ok=1/fail=0/429=0/lim_wait=0/cd_wait=0/err=0.0%/avg=112ms; dexscreener:ok=11/fail=0/429=0/lim_wait=0/cd_wait=0/err=0.0%/avg=89ms; onchain_enrich:ok=8/fail=0/429=0/lim_wait=0/cd_wait=0/err=0.0%/avg=71ms | Tasks: 3 | RSS: 0.0MB | CycleAvg: 12.65s
2026-02-27 15:00:28,113 [INFO] [u_station_ab_night_autotune_v2] monitor.onchain_factory: ENRICH_RETRY token=0x23157e9166ed261124ccd5aa751b8c48828e9630 pair=0x9f532f05782c1ef8c296148120cfbf5e0c6edea0 attempt=1/2 delay=10s
2026-02-27 15:00:38,178 [INFO] [u_station_ab_night_autotune_v2] __main__: WATCHLIST merged count=7
2026-02-27 15:00:38,178 [INFO] [u_station_ab_night_autotune_v2] trading.v2_runtime: V2_UNIVERSE in=8 dedup=8 out=8 target=8 novel_target=7 novel_out=1 repeat_dropped=0 symbol_dropped=0 surge_in=2 surge_target=2 surge_out=2
2026-02-27 15:00:38,194 [INFO] [u_station_ab_night_autotune_v2] __main__: V2_SOURCE_QOS_FILTER in=8 out=3 drops={'source_qos_cap': 5} caps={'watchlist': 2, 'unknown': 0}
2026-02-27 15:00:38,194 [INFO] [u_station_ab_night_autotune_v2] __main__: FILTER_FAIL token=POOPCOIN reason=source_qos_cap source=watchlist used=2/2
2026-02-27 15:00:38,194 [INFO] [u_station_ab_night_autotune_v2] __main__: FILTER_FAIL token=FLOW reason=source_qos_cap source=watchlist used=2/2
2026-02-27 15:00:38,194 [INFO] [u_station_ab_night_autotune_v2] __main__: FILTER_FAIL token=HOTDOGZ reason=source_qos_cap source=watchlist used=2/2
2026-02-27 15:00:38,194 [INFO] [u_station_ab_night_autotune_v2] __main__: FILTER_FAIL token=AERO reason=source_qos_cap source=watchlist used=2/2
2026-02-27 15:00:38,194 [INFO] [u_station_ab_night_autotune_v2] __main__: FILTER_FAIL token=VIRTUAL reason=source_qos_cap source=watchlist used=2/2
2026-02-27 15:00:38,194 [INFO] [u_station_ab_night_autotune_v2] __main__: FILTER_PASS token=cbBTC tier=A score=100 mode=YELLOW risk=MEDIUM liq=25157088 vol5m=78337
2026-02-27 15:00:38,194 [INFO] [u_station_ab_night_autotune_v2] __main__: FILTER_PASS token=ToruCeoAI tier=A score=100 mode=YELLOW risk=MEDIUM liq=134204 vol5m=30684
2026-02-27 15:00:38,203 [INFO] [u_station_ab_night_autotune_v2] __main__: FILTER_FAIL token=WANNABET reason=score_min score=20 strict_min=48 soft_min=48 mode=YELLOW
2026-02-27 15:00:38,203 [INFO] [u_station_ab_night_autotune_v2] __main__: V2_QUALITY_GATE enabled=True regime=YELLOW in=2 out=2 core_out=1 explore_out=1 probe_out=0 quota=1 max_symbol_share=0.500 drop={} sources_used={'watchlist': 2}
2026-02-27 15:00:38,203 [INFO] [u_station_ab_night_autotune_v2] __main__: V2_ENTRY_ROUTE enabled=True regime=YELLOW in=2 out=2 core_out=1 explore_out=1 quota=1 allow_explore=True
2026-02-27 15:00:38,203 [INFO] [u_station_ab_night_autotune_v2] __main__: MARKET_REGIME mode=YELLOW reason=hysteresis_recover_wait 3/4 raw=GREEN avg_cand_recent=3.00
2026-02-27 15:00:38,203 [INFO] [u_station_ab_night_autotune_v2] trading.auto_trader: AutoTrade adjust token=cbBTC reason=min_trade_floor size=$0.08->$0.10 min=$0.10
2026-02-27 15:00:38,203 [INFO] [u_station_ab_night_autotune_v2] trading.auto_trader: AutoTrade skip token=cbBTC reason=ev_net_low expected_net=$-0.00516 min=$-0.00250 samples=29 conf=1.00 pwin=0.55 avg_win=$0.0035 avg_loss=$0.0129 kelly=0.000 mem=sparse trades=5<18
2026-02-27 15:00:38,203 [INFO] [u_station_ab_night_autotune_v2] trading.auto_trader: AutoTrade skip token=ToruCeoAI reason=blacklist detail=honeypot_guard:is_honeypot,flag:high_fail_rate,sell_tax>5.0%(100.0%)
2026-02-27 15:00:38,203 [INFO] [u_station_ab_night_autotune_v2] trading.auto_trader: AutoTrade batch mode=top_n candidates=2 eligible=2 selected=2 opened=0 pe=off burst_window=0
2026-02-27 15:00:38,203 [INFO] [u_station_ab_night_autotune_v2] __main__: Scanned 8 tokens | High quality: 2 | Alerts sent: 0 | Trade candidates: 2 | Quality out/core/explore/probe: 2/1/1/0 | Opened: 0 | Mode: local | Source: onchain+market | Policy: raw=OK/effective=OK(healthy | route=allow_all) | Regime: YELLOW(hysteresis_recover_wait 3/4 raw=GREEN) | Safety: checked=2 fail_closed=0 reasons=api_code_4029:2 | FiltersTop(session): source_qos_cap:14,safe_age:3,score_min:3,source_qos_symbol_cap:2 | Dedup: heavy_skip=0 override=0 | V2Budget: 2/280 | SourceQoS: enabled=1/in=8/out=3/dropped=5/active_cd=0/drops=source_qos_cap:5 | Ingest: q=0/oldest=0.0s/drop_old=0/dedup_skip=0/enq=0/drain=0 | Sources: dex_boosts:ok=1/fail=0/429=0/lim_wait=0/cd_wait=0/err=0.0%/avg=55ms; dexscreener:ok=11/fail=0/429=0/lim_wait=0/cd_wait=0/err=0.0%/avg=243ms; onchain_enrich:ok=5/fail=0/429=0/lim_wait=0/cd_wait=0/err=0.0%/avg=35ms | Tasks: 3 | RSS: 0.0MB | CycleAvg: 11.73s
2026-02-27 15:00:42,490 [INFO] [u_station_ab_night_autotune_v2] monitor.onchain_factory: PAIR_DETECTED source=uniswap_v2 dex=uniswap_v2 pair=0x7a38f00037cdd09a50cd6c994f2dd108e06f15eb token0=0x4200000000000000000000000000000000000006 token1=0xb654f4de8fa783ba97d5baad1019ee1fa6cfab07 block=42705745 factory=0x8909dc15e40173ff4699343b6eb8132c65e18ec6
2026-02-27 15:00:42,704 [INFO] [u_station_ab_night_autotune_v2] monitor.onchain_factory: ENRICH_RETRY token=0x23157e9166ed261124ccd5aa751b8c48828e9630 pair=0x9f532f05782c1ef8c296148120cfbf5e0c6edea0 attempt=1/2 delay=10s
2026-02-27 15:00:42,989 [INFO] [u_station_ab_night_autotune_v2] monitor.onchain_factory: ENRICH_RETRY token=0xb654f4de8fa783ba97d5baad1019ee1fa6cfab07 pair=0x7a38f00037cdd09a50cd6c994f2dd108e06f15eb attempt=1/2 delay=10s
2026-02-27 15:00:53,087 [INFO] [u_station_ab_night_autotune_v2] __main__: WATCHLIST merged count=7
2026-02-27 15:00:53,088 [INFO] [u_station_ab_night_autotune_v2] trading.v2_runtime: V2_UNIVERSE in=8 dedup=8 out=8 target=8 novel_target=7 novel_out=1 repeat_dropped=0 symbol_dropped=0 surge_in=2 surge_target=2 surge_out=2
2026-02-27 15:00:53,089 [INFO] [u_station_ab_night_autotune_v2] __main__: V2_SOURCE_QOS_FILTER in=8 out=3 drops={'source_qos_cap': 5} caps={'watchlist': 2, 'unknown': 0}
2026-02-27 15:00:53,090 [INFO] [u_station_ab_night_autotune_v2] __main__: FILTER_FAIL token=POOPCOIN reason=source_qos_cap source=watchlist used=2/2
2026-02-27 15:00:53,091 [INFO] [u_station_ab_night_autotune_v2] __main__: FILTER_FAIL token=FLOW reason=source_qos_cap source=watchlist used=2/2
2026-02-27 15:00:53,092 [INFO] [u_station_ab_night_autotune_v2] __main__: FILTER_FAIL token=HOTDOGZ reason=source_qos_cap source=watchlist used=2/2
2026-02-27 15:00:53,093 [INFO] [u_station_ab_night_autotune_v2] __main__: FILTER_FAIL token=AERO reason=source_qos_cap source=watchlist used=2/2
2026-02-27 15:00:53,093 [INFO] [u_station_ab_night_autotune_v2] __main__: FILTER_FAIL token=VIRTUAL reason=source_qos_cap source=watchlist used=2/2
2026-02-27 15:00:53,094 [INFO] [u_station_ab_night_autotune_v2] __main__: FILTER_PASS token=cbBTC tier=A score=100 mode=YELLOW risk=MEDIUM liq=25157088 vol5m=78337
2026-02-27 15:00:53,095 [INFO] [u_station_ab_night_autotune_v2] __main__: FILTER_PASS token=ToruCeoAI tier=A score=100 mode=YELLOW risk=MEDIUM liq=134204 vol5m=30684
2026-02-27 15:00:53,096 [INFO] [u_station_ab_night_autotune_v2] __main__: FILTER_FAIL token=AUTISM reason=score_min score=20 strict_min=48 soft_min=48 mode=YELLOW
2026-02-27 15:00:53,097 [INFO] [u_station_ab_night_autotune_v2] __main__: V2_QUALITY_GATE enabled=True regime=GREEN in=2 out=2 core_out=1 explore_out=1 probe_out=0 quota=1 max_symbol_share=0.500 drop={} sources_used={'watchlist': 2}
2026-02-27 15:00:53,097 [INFO] [u_station_ab_night_autotune_v2] __main__: V2_ENTRY_ROUTE enabled=True regime=GREEN in=2 out=2 core_out=1 explore_out=1 quota=1 allow_explore=True
2026-02-27 15:00:53,098 [INFO] [u_station_ab_night_autotune_v2] __main__: MARKET_REGIME mode=GREEN reason=avg_cand=2.75 avg_cand_recent=2.75
2026-02-27 15:00:53,098 [WARNING] [u_station_ab_night_autotune_v2] monitor.local_alerter: Local event symbol=MARKET_MODE reco=GREEN risk=INFO
2026-02-27 15:00:53,100 [INFO] [u_station_ab_night_autotune_v2] trading.auto_trader: AutoTrade adjust token=cbBTC reason=min_trade_floor size=$0.08->$0.10 min=$0.10
2026-02-27 15:00:53,101 [INFO] [u_station_ab_night_autotune_v2] trading.auto_trader: AutoTrade skip token=cbBTC reason=ev_net_low expected_net=$-0.00516 min=$-0.00250 samples=29 conf=1.00 pwin=0.55 avg_win=$0.0035 avg_loss=$0.0129 kelly=0.000 mem=sparse trades=5<18
2026-02-27 15:00:53,102 [INFO] [u_station_ab_night_autotune_v2] trading.auto_trader: AutoTrade skip token=ToruCeoAI reason=blacklist detail=honeypot_guard:is_honeypot,flag:high_fail_rate,sell_tax>5.0%(100.0%)
2026-02-27 15:00:53,103 [INFO] [u_station_ab_night_autotune_v2] trading.auto_trader: AutoTrade batch mode=top_n candidates=2 eligible=2 selected=2 opened=0 pe=off burst_window=0
2026-02-27 15:00:53,104 [INFO] [u_station_ab_night_autotune_v2] __main__: Scanned 8 tokens | High quality: 2 | Alerts sent: 0 | Trade candidates: 2 | Quality out/core/explore/probe: 2/1/1/0 | Opened: 0 | Mode: local | Source: onchain+market | Policy: raw=OK/effective=OK(healthy | route=allow_all) | Regime: GREEN(avg_cand=2.75) | Safety: checked=2 fail_closed=0 reasons=api_code_4029:2 | FiltersTop(session): source_qos_cap:19,score_min:4,safe_age:3,source_qos_symbol_cap:2 | Dedup: heavy_skip=0 override=0 | V2Budget: 2/280 | SourceQoS: enabled=1/in=8/out=3/dropped=5/active_cd=0/drops=source_qos_cap:5 | Ingest: q=0/oldest=0.0s/drop_old=0/dedup_skip=0/enq=0/drain=0 | Sources: dex_boosts:ok=1/fail=0/429=0/lim_wait=0/cd_wait=0/err=0.0%/avg=48ms; dexscreener:ok=11/fail=0/429=0/lim_wait=0/cd_wait=0/err=0.0%/avg=41ms; onchain_enrich:ok=7/fail=0/429=0/lim_wait=0/cd_wait=0/err=0.0%/avg=110ms | Tasks: 3 | RSS: 0.0MB | CycleAvg: 11.34s
2026-02-27 15:00:57,625 [INFO] [u_station_ab_night_autotune_v2] monitor.onchain_factory: ENRICH_RETRY token=0xb654f4de8fa783ba97d5baad1019ee1fa6cfab07 pair=0x7a38f00037cdd09a50cd6c994f2dd108e06f15eb attempt=1/2 delay=10s
2026-02-27 15:01:07,785 [INFO] [u_station_ab_night_autotune_v2] __main__: WATCHLIST merged count=7
2026-02-27 15:01:07,786 [INFO] [u_station_ab_night_autotune_v2] trading.v2_runtime: V2_UNIVERSE in=7 dedup=7 out=7 target=7 novel_target=6 novel_out=0 repeat_dropped=0 symbol_dropped=0 surge_in=2 surge_target=2 surge_out=2
2026-02-27 15:01:07,786 [INFO] [u_station_ab_night_autotune_v2] __main__: V2_SOURCE_QOS_FILTER in=7 out=3 drops={'source_qos_cap': 4} caps={'watchlist': 3}
2026-02-27 15:01:07,788 [INFO] [u_station_ab_night_autotune_v2] __main__: FILTER_FAIL token=FLOW reason=source_qos_cap source=watchlist used=3/3
2026-02-27 15:01:07,789 [INFO] [u_station_ab_night_autotune_v2] __main__: FILTER_FAIL token=HOTDOGZ reason=source_qos_cap source=watchlist used=3/3
2026-02-27 15:01:07,790 [INFO] [u_station_ab_night_autotune_v2] __main__: FILTER_FAIL token=AERO reason=source_qos_cap source=watchlist used=3/3
2026-02-27 15:01:07,790 [INFO] [u_station_ab_night_autotune_v2] __main__: FILTER_FAIL token=VIRTUAL reason=source_qos_cap source=watchlist used=3/3
2026-02-27 15:01:07,791 [INFO] [u_station_ab_night_autotune_v2] __main__: FILTER_PASS token=cbBTC tier=A score=100 mode=GREEN risk=MEDIUM liq=25157088 vol5m=78337
2026-02-27 15:01:07,792 [INFO] [u_station_ab_night_autotune_v2] __main__: FILTER_PASS token=ToruCeoAI tier=A score=100 mode=GREEN risk=MEDIUM liq=134204 vol5m=30684
2026-02-27 15:01:07,793 [INFO] [u_station_ab_night_autotune_v2] __main__: FILTER_PASS token=POOPCOIN tier=A score=100 mode=GREEN risk=MEDIUM liq=446995 vol5m=20818
2026-02-27 15:01:07,794 [INFO] [u_station_ab_night_autotune_v2] __main__: V2_QUALITY_GATE enabled=True regime=GREEN in=3 out=3 core_out=2 explore_out=1 probe_out=0 quota=1 max_symbol_share=0.333 drop={} sources_used={'watchlist': 3}
2026-02-27 15:01:07,795 [INFO] [u_station_ab_night_autotune_v2] __main__: V2_ENTRY_ROUTE enabled=True regime=GREEN in=3 out=3 core_out=2 explore_out=1 quota=1 allow_explore=True
2026-02-27 15:01:07,795 [INFO] [u_station_ab_night_autotune_v2] __main__: MARKET_REGIME mode=GREEN reason=avg_cand=2.80 avg_cand_recent=2.80
2026-02-27 15:01:07,803 [INFO] [u_station_ab_night_autotune_v2] trading.auto_trader: AutoTrade adjust token=cbBTC reason=min_trade_floor size=$0.10->$0.10 min=$0.10
2026-02-27 15:01:07,803 [INFO] [u_station_ab_night_autotune_v2] trading.auto_trader: AutoTrade skip token=cbBTC reason=ev_net_low expected_net=$-0.00374 min=$-0.00231 samples=38 conf=1.00 pwin=0.45 avg_win=$0.0056 avg_loss=$0.0078 kelly=0.000 mem=sparse trades=5<18
2026-02-27 15:01:07,803 [INFO] [u_station_ab_night_autotune_v2] trading.auto_trader: AutoTrade skip token=POOPCOIN reason=blacklist detail=honeypot_guard:honeypot_api_status_404
2026-02-27 15:01:07,803 [INFO] [u_station_ab_night_autotune_v2] trading.auto_trader: AutoTrade batch mode=top_n candidates=3 eligible=3 selected=2 opened=0 pe=off burst_window=0
2026-02-27 15:01:07,803 [INFO] [u_station_ab_night_autotune_v2] trading.auto_trader: PAPER_SUMMARY window=60s closed_delta=0 wins_delta=0 losses_delta=0 realized_delta=$0.00 total_closed=110 winrate_total=41.8% realized_total=$0.30 balance=$7.30 equity=$7.30 open=0
2026-02-27 15:01:07,803 [INFO] [u_station_ab_night_autotune_v2] __main__: Scanned 7 tokens | High quality: 3 | Alerts sent: 0 | Trade candidates: 3 | Quality out/core/explore/probe: 3/2/1/0 | Opened: 0 | Mode: local | Source: onchain+market | Policy: raw=OK/effective=OK(healthy | route=allow_all) | Regime: GREEN(avg_cand=2.80) | Safety: checked=3 fail_closed=0 reasons=api_code_4029:3 | FiltersTop(session): source_qos_cap:23,score_min:4,safe_age:3,source_qos_symbol_cap:2 | Dedup: heavy_skip=0 override=0 | V2Budget: 3/280 | SourceQoS: enabled=1/in=7/out=3/dropped=4/active_cd=0/drops=source_qos_cap:4 | Ingest: q=0/oldest=0.0s/drop_old=0/dedup_skip=0/enq=0/drain=0 | Sources: dex_boosts:ok=1/fail=0/429=0/lim_wait=0/cd_wait=0/err=0.0%/avg=67ms; dexscreener:ok=11/fail=0/429=0/lim_wait=0/cd_wait=0/err=0.0%/avg=48ms; onchain_enrich:ok=4/fail=0/429=0/lim_wait=0/cd_wait=0/err=0.0%/avg=39ms; onchain_weth_price:ok=1/fail=0/429=0/lim_wait=0/cd_wait=0/err=0.0%/avg=46ms | Tasks: 3 | RSS: 0.0MB | CycleAvg: 11.22s
2026-02-27 15:01:12,304 [INFO] [u_station_ab_night_autotune_v2] monitor.onchain_factory: ENRICH_RETRY token=0xb654f4de8fa783ba97d5baad1019ee1fa6cfab07 pair=0x7a38f00037cdd09a50cd6c994f2dd108e06f15eb attempt=1/2 delay=10s
2026-02-27 15:01:22,382 [INFO] [u_station_ab_night_autotune_v2] __main__: WATCHLIST merged count=7
2026-02-27 15:01:22,383 [INFO] [u_station_ab_night_autotune_v2] trading.v2_runtime: V2_UNIVERSE in=11 dedup=11 out=11 target=11 novel_target=10 novel_out=3 repeat_dropped=0 symbol_dropped=0 surge_in=3 surge_target=3 surge_out=3
2026-02-27 15:01:22,385 [INFO] [u_station_ab_night_autotune_v2] __main__: V2_SOURCE_QOS_FILTER in=11 out=6 drops={'source_qos_cap': 5} caps={'geckoterminal': 287, 'watchlist': 2, 'unknown': 0}
2026-02-27 15:01:22,386 [INFO] [u_station_ab_night_autotune_v2] __main__: FILTER_FAIL token=POOPCOIN reason=source_qos_cap source=watchlist used=2/2
2026-02-27 15:01:22,389 [INFO] [u_station_ab_night_autotune_v2] __main__: FILTER_FAIL token=FLOW reason=source_qos_cap source=watchlist used=2/2
2026-02-27 15:01:22,390 [INFO] [u_station_ab_night_autotune_v2] __main__: FILTER_FAIL token=HOTDOGZ reason=source_qos_cap source=watchlist used=2/2
2026-02-27 15:01:22,391 [INFO] [u_station_ab_night_autotune_v2] __main__: FILTER_FAIL token=AERO reason=source_qos_cap source=watchlist used=2/2
2026-02-27 15:01:22,392 [INFO] [u_station_ab_night_autotune_v2] __main__: FILTER_FAIL token=VIRTUAL reason=source_qos_cap source=watchlist used=2/2
2026-02-27 15:01:22,394 [INFO] [u_station_ab_night_autotune_v2] __main__: FILTER_FAIL token=Free reason=safe_age
2026-02-27 15:01:22,394 [INFO] [u_station_ab_night_autotune_v2] __main__: FILTER_PASS token=cbBTC tier=A score=100 mode=GREEN risk=MEDIUM liq=25157088 vol5m=78337
2026-02-27 15:01:22,396 [INFO] [u_station_ab_night_autotune_v2] __main__: FILTER_PASS token=ToruCeoAI tier=A score=100 mode=GREEN risk=MEDIUM liq=134204 vol5m=30684
2026-02-27 15:01:22,398 [INFO] [u_station_ab_night_autotune_v2] __main__: FILTER_FAIL token=TXT reason=score_min score=30 strict_min=48 soft_min=48 mode=GREEN
2026-02-27 15:01:22,398 [INFO] [u_station_ab_night_autotune_v2] __main__: FILTER_FAIL token=Superdexs reason=safe_volume vol5m=2 min=5 regime=GREEN
2026-02-27 15:01:22,398 [INFO] [u_station_ab_night_autotune_v2] __main__: FILTER_FAIL token=POKEX reason=score_min score=40 strict_min=48 soft_min=48 mode=GREEN
2026-02-27 15:01:22,398 [INFO] [u_station_ab_night_autotune_v2] __main__: V2_QUALITY_GATE enabled=True regime=GREEN in=2 out=2 core_out=1 explore_out=1 probe_out=0 quota=1 max_symbol_share=0.500 drop={} sources_used={'watchlist': 2}
2026-02-27 15:01:22,398 [INFO] [u_station_ab_night_autotune_v2] __main__: V2_ENTRY_ROUTE enabled=True regime=GREEN in=2 out=2 core_out=1 explore_out=1 quota=1 allow_explore=True
2026-02-27 15:01:22,398 [INFO] [u_station_ab_night_autotune_v2] __main__: MARKET_REGIME mode=GREEN reason=avg_cand=2.67 avg_cand_recent=2.67
2026-02-27 15:01:22,404 [INFO] [u_station_ab_night_autotune_v2] trading.auto_trader: AutoTrade adjust token=cbBTC reason=min_trade_floor size=$0.10->$0.10 min=$0.10
2026-02-27 15:01:22,404 [INFO] [u_station_ab_night_autotune_v2] trading.auto_trader: AutoTrade skip token=cbBTC reason=ev_net_low expected_net=$-0.00374 min=$-0.00231 samples=38 conf=1.00 pwin=0.45 avg_win=$0.0056 avg_loss=$0.0078 kelly=0.000 mem=sparse trades=5<18
2026-02-27 15:01:22,404 [INFO] [u_station_ab_night_autotune_v2] trading.auto_trader: AutoTrade skip token=ToruCeoAI reason=blacklist detail=honeypot_guard:is_honeypot,flag:high_fail_rate,sell_tax>5.0%(100.0%)
2026-02-27 15:01:22,404 [INFO] [u_station_ab_night_autotune_v2] trading.auto_trader: AutoTrade batch mode=top_n candidates=2 eligible=2 selected=2 opened=0 pe=off burst_window=0
2026-02-27 15:01:22,404 [INFO] [u_station_ab_night_autotune_v2] __main__: Scanned 11 tokens | High quality: 2 | Alerts sent: 0 | Trade candidates: 2 | Quality out/core/explore/probe: 2/1/1/0 | Opened: 0 | Mode: local | Source: onchain+market | Policy: raw=OK/effective=OK(healthy | route=allow_all) | Regime: GREEN(avg_cand=2.67) | Safety: checked=2 fail_closed=0 reasons=api_code_4029:2 | FiltersTop(session): source_qos_cap:28,score_min:6,safe_age:4,source_qos_symbol_cap:2 | Dedup: heavy_skip=0 override=0 | V2Budget: 2/280 | SourceQoS: enabled=1/in=11/out=6/dropped=5/active_cd=0/drops=source_qos_cap:5 | Ingest: q=0/oldest=0.0s/drop_old=0/dedup_skip=0/enq=3/drain=3 | Sources: dex_boosts:ok=1/fail=0/429=0/lim_wait=0/cd_wait=0/err=0.0%/avg=47ms; dexscreener:ok=11/fail=0/429=0/lim_wait=0/cd_wait=0/err=0.0%/avg=200ms; geckoterminal:ok=1/fail=0/429=0/lim_wait=0/cd_wait=0/err=0.0%/avg=306ms; onchain_enrich:ok=3/fail=0/429=0/lim_wait=0/cd_wait=0/err=0.0%/avg=52ms | Tasks: 3 | RSS: 0.0MB | CycleAvg: 11.12s
2026-02-27 15:01:26,840 [INFO] [u_station_ab_night_autotune_v2] __main__: WATCHLIST merged count=7
2026-02-27 15:01:26,841 [INFO] [u_station_ab_night_autotune_v2] trading.v2_runtime: V2_UNIVERSE in=7 dedup=7 out=7 target=7 novel_target=6 novel_out=0 repeat_dropped=0 symbol_dropped=0 surge_in=2 surge_target=2 surge_out=2
2026-02-27 15:01:26,842 [INFO] [u_station_ab_night_autotune_v2] __main__: V2_SOURCE_QOS_FILTER in=7 out=3 drops={'source_qos_cap': 4} caps={'watchlist': 3}
2026-02-27 15:01:26,843 [INFO] [u_station_ab_night_autotune_v2] __main__: FILTER_FAIL token=FLOW reason=source_qos_cap source=watchlist used=3/3
2026-02-27 15:01:26,843 [INFO] [u_station_ab_night_autotune_v2] __main__: FILTER_FAIL token=HOTDOGZ reason=source_qos_cap source=watchlist used=3/3
2026-02-27 15:01:26,844 [INFO] [u_station_ab_night_autotune_v2] __main__: FILTER_FAIL token=AERO reason=source_qos_cap source=watchlist used=3/3
2026-02-27 15:01:26,845 [INFO] [u_station_ab_night_autotune_v2] __main__: FILTER_FAIL token=VIRTUAL reason=source_qos_cap source=watchlist used=3/3
2026-02-27 15:01:26,846 [INFO] [u_station_ab_night_autotune_v2] __main__: FILTER_PASS token=cbBTC tier=A score=100 mode=GREEN risk=MEDIUM liq=25157088 vol5m=78337
2026-02-27 15:01:26,847 [INFO] [u_station_ab_night_autotune_v2] __main__: FILTER_PASS token=ToruCeoAI tier=A score=100 mode=GREEN risk=MEDIUM liq=134204 vol5m=30684
2026-02-27 15:01:26,848 [INFO] [u_station_ab_night_autotune_v2] __main__: FILTER_PASS token=POOPCOIN tier=A score=100 mode=GREEN risk=MEDIUM liq=446995 vol5m=20818
2026-02-27 15:01:26,849 [INFO] [u_station_ab_night_autotune_v2] __main__: V2_QUALITY_GATE enabled=True regime=GREEN in=3 out=3 core_out=2 explore_out=1 probe_out=0 quota=1 max_symbol_share=0.333 drop={} sources_used={'watchlist': 3}
2026-02-27 15:01:26,850 [INFO] [u_station_ab_night_autotune_v2] __main__: V2_ENTRY_ROUTE enabled=True regime=GREEN in=3 out=3 core_out=2 explore_out=1 quota=1 allow_explore=True
2026-02-27 15:01:26,850 [INFO] [u_station_ab_night_autotune_v2] __main__: MARKET_REGIME mode=GREEN reason=avg_cand=2.71 avg_cand_recent=2.71
2026-02-27 15:01:26,853 [INFO] [u_station_ab_night_autotune_v2] trading.auto_trader: AutoTrade adjust token=cbBTC reason=min_trade_floor size=$0.10->$0.10 min=$0.10
2026-02-27 15:01:26,853 [INFO] [u_station_ab_night_autotune_v2] trading.auto_trader: AutoTrade skip token=cbBTC reason=ev_net_low expected_net=$-0.00374 min=$-0.00231 samples=38 conf=1.00 pwin=0.45 avg_win=$0.0056 avg_loss=$0.0078 kelly=0.000 mem=sparse trades=5<18
2026-02-27 15:01:26,854 [INFO] [u_station_ab_night_autotune_v2] trading.auto_trader: AutoTrade skip token=POOPCOIN reason=blacklist detail=honeypot_guard:honeypot_api_status_404
2026-02-27 15:01:26,855 [INFO] [u_station_ab_night_autotune_v2] trading.auto_trader: AutoTrade batch mode=top_n candidates=3 eligible=3 selected=2 opened=0 pe=off burst_window=0
2026-02-27 15:01:26,856 [INFO] [u_station_ab_night_autotune_v2] __main__: Scanned 7 tokens | High quality: 3 | Alerts sent: 0 | Trade candidates: 3 | Quality out/core/explore/probe: 3/2/1/0 | Opened: 0 | Mode: local | Source: onchain+market | Policy: raw=OK/effective=OK(healthy | route=allow_all) | Regime: GREEN(avg_cand=2.71) | Safety: checked=3 fail_closed=0 reasons=api_code_4029:3 | FiltersTop(session): source_qos_cap:32,score_min:6,safe_age:4,source_qos_symbol_cap:2 | Dedup: heavy_skip=0 override=0 | V2Budget: 3/280 | SourceQoS: enabled=1/in=7/out=3/dropped=4/active_cd=0/drops=source_qos_cap:4 | Ingest: q=0/oldest=0.0s/drop_old=0/dedup_skip=0/enq=0/drain=0 | Sources: dex_boosts:ok=1/fail=0/429=0/lim_wait=0/cd_wait=0/err=0.0%/avg=37ms; dexscreener:ok=11/fail=0/429=0/lim_wait=0/cd_wait=0/err=0.0%/avg=44ms | Tasks: 3 | RSS: 0.0MB | CycleAvg: 11.03s
2026-02-27 15:01:31,169 [INFO] [u_station_ab_night_autotune_v2] monitor.onchain_factory: PAIR_DETECTED source=uniswap_v2 dex=uniswap_v2 pair=0x8af47be45acc3713a13b0931bf2be5adbe3f7f7e token0=0x4200000000000000000000000000000000000006 token1=0x6524297088f9ec7732fb1344f803aa73f061bb07 block=42705768 factory=0x8909dc15e40173ff4699343b6eb8132c65e18ec6
2026-02-27 15:01:31,842 [INFO] [u_station_ab_night_autotune_v2] monitor.onchain_factory: ENRICH_RETRY token=0x6524297088f9ec7732fb1344f803aa73f061bb07 pair=0x8af47be45acc3713a13b0931bf2be5adbe3f7f7e attempt=1/2 delay=10s
2026-02-27 15:01:41,923 [INFO] [u_station_ab_night_autotune_v2] __main__: WATCHLIST merged count=7
2026-02-27 15:01:41,924 [INFO] [u_station_ab_night_autotune_v2] trading.v2_runtime: V2_UNIVERSE in=7 dedup=7 out=7 target=7 novel_target=6 novel_out=0 repeat_dropped=0 symbol_dropped=0 surge_in=2 surge_target=2 surge_out=2
2026-02-27 15:01:41,925 [INFO] [u_station_ab_night_autotune_v2] __main__: V2_SOURCE_QOS_FILTER in=7 out=3 drops={'source_qos_cap': 4} caps={'watchlist': 3}
2026-02-27 15:01:41,926 [INFO] [u_station_ab_night_autotune_v2] __main__: FILTER_FAIL token=FLOW reason=source_qos_cap source=watchlist used=3/3
2026-02-27 15:01:41,926 [INFO] [u_station_ab_night_autotune_v2] __main__: FILTER_FAIL token=HOTDOGZ reason=source_qos_cap source=watchlist used=3/3
2026-02-27 15:01:41,927 [INFO] [u_station_ab_night_autotune_v2] __main__: FILTER_FAIL token=AERO reason=source_qos_cap source=watchlist used=3/3
2026-02-27 15:01:41,928 [INFO] [u_station_ab_night_autotune_v2] __main__: FILTER_FAIL token=VIRTUAL reason=source_qos_cap source=watchlist used=3/3
2026-02-27 15:01:41,929 [INFO] [u_station_ab_night_autotune_v2] __main__: FILTER_PASS token=cbBTC tier=A score=100 mode=GREEN risk=MEDIUM liq=25157088 vol5m=78337
2026-02-27 15:01:41,930 [INFO] [u_station_ab_night_autotune_v2] __main__: FILTER_PASS token=ToruCeoAI tier=A score=100 mode=GREEN risk=MEDIUM liq=134204 vol5m=30684
2026-02-27 15:01:41,931 [INFO] [u_station_ab_night_autotune_v2] __main__: FILTER_PASS token=POOPCOIN tier=A score=100 mode=GREEN risk=MEDIUM liq=446995 vol5m=20818
2026-02-27 15:01:41,932 [INFO] [u_station_ab_night_autotune_v2] __main__: V2_QUALITY_GATE enabled=True regime=GREEN in=3 out=3 core_out=2 explore_out=1 probe_out=0 quota=1 max_symbol_share=0.333 drop={} sources_used={'watchlist': 3}
2026-02-27 15:01:41,932 [INFO] [u_station_ab_night_autotune_v2] __main__: V2_ENTRY_ROUTE enabled=True regime=GREEN in=3 out=3 core_out=2 explore_out=1 quota=1 allow_explore=True
2026-02-27 15:01:41,933 [INFO] [u_station_ab_night_autotune_v2] __main__: MARKET_REGIME mode=GREEN reason=avg_cand=2.75 avg_cand_recent=2.75
2026-02-27 15:01:41,934 [INFO] [u_station_ab_night_autotune_v2] trading.auto_trader: AutoTrade adjust token=cbBTC reason=min_trade_floor size=$0.10->$0.10 min=$0.10
2026-02-27 15:01:41,935 [INFO] [u_station_ab_night_autotune_v2] trading.auto_trader: AutoTrade skip token=cbBTC reason=ev_net_low expected_net=$-0.00374 min=$-0.00231 samples=38 conf=1.00 pwin=0.45 avg_win=$0.0056 avg_loss=$0.0078 kelly=0.000 mem=sparse trades=5<18
2026-02-27 15:01:41,936 [INFO] [u_station_ab_night_autotune_v2] trading.auto_trader: AutoTrade skip token=POOPCOIN reason=blacklist detail=honeypot_guard:honeypot_api_status_404
2026-02-27 15:01:41,937 [INFO] [u_station_ab_night_autotune_v2] trading.auto_trader: AutoTrade batch mode=top_n candidates=3 eligible=3 selected=2 opened=0 pe=off burst_window=0
2026-02-27 15:01:41,938 [INFO] [u_station_ab_night_autotune_v2] __main__: Scanned 7 tokens | High quality: 3 | Alerts sent: 0 | Trade candidates: 3 | Quality out/core/explore/probe: 3/2/1/0 | Opened: 0 | Mode: local | Source: onchain+market | Policy: raw=OK/effective=OK(healthy | route=allow_all) | Regime: GREEN(avg_cand=2.75) | Safety: checked=3 fail_closed=0 reasons=api_code_4029:3 | FiltersTop(session): source_qos_cap:36,score_min:6,safe_age:4,source_qos_symbol_cap:2 | Dedup: heavy_skip=0 override=0 | V2Budget: 3/280 | SourceQoS: enabled=1/in=7/out=3/dropped=4/active_cd=0/drops=source_qos_cap:4 | Ingest: q=0/oldest=0.0s/drop_old=0/dedup_skip=0/enq=0/drain=0 | Sources: dex_boosts:ok=1/fail=0/429=0/lim_wait=0/cd_wait=0/err=0.0%/avg=52ms; dexscreener:ok=11/fail=0/429=0/lim_wait=0/cd_wait=0/err=0.0%/avg=51ms; onchain_enrich:ok=4/fail=0/429=0/lim_wait=0/cd_wait=0/err=0.0%/avg=146ms | Tasks: 3 | RSS: 0.0MB | CycleAvg: 9.52s
2026-02-27 15:01:46,270 [INFO] [u_station_ab_night_autotune_v2] monitor.onchain_factory: PAIR_DETECTED source=uniswap_v2 dex=uniswap_v2 pair=0x31a81fe67861550b6155cac97dcb15249ec80054 token0=0x0f98b0946e31bc276c053b823b3ab5ea199aab07 token1=0x4200000000000000000000000000000000000006 block=42705771 factory=0x8909dc15e40173ff4699343b6eb8132c65e18ec6
2026-02-27 15:01:46,515 [INFO] [u_station_ab_night_autotune_v2] monitor.onchain_factory: ENRICH_RETRY token=0x6524297088f9ec7732fb1344f803aa73f061bb07 pair=0x8af47be45acc3713a13b0931bf2be5adbe3f7f7e attempt=1/2 delay=10s
2026-02-27 15:01:46,712 [INFO] [u_station_ab_night_autotune_v2] monitor.onchain_factory: ENRICH_RETRY token=0x0f98b0946e31bc276c053b823b3ab5ea199aab07 pair=0x31a81fe67861550b6155cac97dcb15249ec80054 attempt=1/2 delay=10s
2026-02-27 15:01:56,820 [INFO] [u_station_ab_night_autotune_v2] __main__: WATCHLIST merged count=7
2026-02-27 15:01:56,820 [INFO] [u_station_ab_night_autotune_v2] trading.v2_runtime: V2_UNIVERSE in=7 dedup=7 out=7 target=7 novel_target=6 novel_out=0 repeat_dropped=0 symbol_dropped=0 surge_in=2 surge_target=2 surge_out=2
2026-02-27 15:01:56,820 [INFO] [u_station_ab_night_autotune_v2] __main__: V2_SOURCE_QOS_FILTER in=7 out=3 drops={'source_qos_cap': 4} caps={'watchlist': 3}
2026-02-27 15:01:56,820 [INFO] [u_station_ab_night_autotune_v2] __main__: FILTER_FAIL token=FLOW reason=source_qos_cap source=watchlist used=3/3
2026-02-27 15:01:56,820 [INFO] [u_station_ab_night_autotune_v2] __main__: FILTER_FAIL token=HOTDOGZ reason=source_qos_cap source=watchlist used=3/3
2026-02-27 15:01:56,820 [INFO] [u_station_ab_night_autotune_v2] __main__: FILTER_FAIL token=AERO reason=source_qos_cap source=watchlist used=3/3
2026-02-27 15:01:56,820 [INFO] [u_station_ab_night_autotune_v2] __main__: FILTER_FAIL token=VIRTUAL reason=source_qos_cap source=watchlist used=3/3
2026-02-27 15:01:56,820 [INFO] [u_station_ab_night_autotune_v2] __main__: FILTER_PASS token=cbBTC tier=A score=100 mode=GREEN risk=MEDIUM liq=25157088 vol5m=78337
2026-02-27 15:01:56,820 [INFO] [u_station_ab_night_autotune_v2] __main__: FILTER_PASS token=ToruCeoAI tier=A score=100 mode=GREEN risk=MEDIUM liq=134204 vol5m=30684
2026-02-27 15:01:56,820 [INFO] [u_station_ab_night_autotune_v2] __main__: FILTER_PASS token=POOPCOIN tier=A score=100 mode=GREEN risk=MEDIUM liq=446995 vol5m=20818
2026-02-27 15:01:56,820 [INFO] [u_station_ab_night_autotune_v2] __main__: V2_QUALITY_GATE enabled=True regime=GREEN in=3 out=3 core_out=2 explore_out=1 probe_out=0 quota=1 max_symbol_share=0.333 drop={} sources_used={'watchlist': 3}
2026-02-27 15:01:56,820 [INFO] [u_station_ab_night_autotune_v2] __main__: V2_ENTRY_ROUTE enabled=True regime=GREEN in=3 out=3 core_out=2 explore_out=1 quota=1 allow_explore=True
2026-02-27 15:01:56,820 [INFO] [u_station_ab_night_autotune_v2] __main__: MARKET_REGIME mode=GREEN reason=avg_cand=2.78 avg_cand_recent=2.78
2026-02-27 15:01:56,820 [INFO] [u_station_ab_night_autotune_v2] trading.auto_trader: AutoTrade adjust token=cbBTC reason=min_trade_floor size=$0.10->$0.10 min=$0.10
2026-02-27 15:01:56,820 [INFO] [u_station_ab_night_autotune_v2] trading.auto_trader: AutoTrade skip token=cbBTC reason=ev_net_low expected_net=$-0.00374 min=$-0.00231 samples=38 conf=1.00 pwin=0.45 avg_win=$0.0056 avg_loss=$0.0078 kelly=0.000 mem=sparse trades=5<18
2026-02-27 15:01:56,820 [INFO] [u_station_ab_night_autotune_v2] trading.auto_trader: AutoTrade skip token=POOPCOIN reason=blacklist detail=honeypot_guard:honeypot_api_status_404
2026-02-27 15:01:56,820 [INFO] [u_station_ab_night_autotune_v2] trading.auto_trader: AutoTrade batch mode=top_n candidates=3 eligible=3 selected=2 opened=0 pe=off burst_window=0
2026-02-27 15:01:56,820 [INFO] [u_station_ab_night_autotune_v2] __main__: Scanned 7 tokens | High quality: 3 | Alerts sent: 0 | Trade candidates: 3 | Quality out/core/explore/probe: 3/2/1/0 | Opened: 0 | Mode: local | Source: onchain+market | Policy: raw=OK/effective=OK(healthy | route=allow_all) | Regime: GREEN(avg_cand=2.78) | Safety: checked=3 fail_closed=0 reasons=api_code_4029:3 | FiltersTop(session): source_qos_cap:40,score_min:6,safe_age:4,source_qos_symbol_cap:2 | Dedup: heavy_skip=0 override=0 | V2Budget: 3/280 | SourceQoS: enabled=1/in=7/out=3/dropped=4/active_cd=0/drops=source_qos_cap:4 | Ingest: q=0/oldest=0.0s/drop_old=0/dedup_skip=0/enq=0/drain=0 | Sources: dex_boosts:ok=1/fail=0/429=0/lim_wait=0/cd_wait=0/err=0.0%/avg=50ms; dexscreener:ok=11/fail=0/429=0/lim_wait=0/cd_wait=0/err=0.0%/avg=293ms; onchain_enrich:ok=8/fail=0/429=0/lim_wait=0/cd_wait=0/err=0.0%/avg=81ms | Tasks: 3 | RSS: 0.0MB | CycleAvg: 9.71s
2026-02-27 15:02:01,365 [INFO] [u_station_ab_night_autotune_v2] monitor.onchain_factory: ENRICH_RETRY token=0x6524297088f9ec7732fb1344f803aa73f061bb07 pair=0x8af47be45acc3713a13b0931bf2be5adbe3f7f7e attempt=1/2 delay=10s
2026-02-27 15:02:01,365 [INFO] [u_station_ab_night_autotune_v2] monitor.onchain_factory: ENRICH_RETRY token=0x0f98b0946e31bc276c053b823b3ab5ea199aab07 pair=0x31a81fe67861550b6155cac97dcb15249ec80054 attempt=1/2 delay=10s
2026-02-27 15:02:11,653 [INFO] [u_station_ab_night_autotune_v2] __main__: WATCHLIST merged count=7
2026-02-27 15:02:11,653 [INFO] [u_station_ab_night_autotune_v2] trading.v2_runtime: V2_UNIVERSE in=8 dedup=8 out=8 target=8 novel_target=7 novel_out=1 repeat_dropped=0 symbol_dropped=0 surge_in=2 surge_target=2 surge_out=2
2026-02-27 15:02:11,653 [INFO] [u_station_ab_night_autotune_v2] __main__: V2_SOURCE_QOS_FILTER in=8 out=3 drops={'source_qos_cap': 5} caps={'watchlist': 2, 'unknown': 0}
2026-02-27 15:02:11,653 [INFO] [u_station_ab_night_autotune_v2] __main__: FILTER_FAIL token=POOPCOIN reason=source_qos_cap source=watchlist used=2/2
2026-02-27 15:02:11,653 [INFO] [u_station_ab_night_autotune_v2] __main__: FILTER_FAIL token=FLOW reason=source_qos_cap source=watchlist used=2/2
2026-02-27 15:02:11,653 [INFO] [u_station_ab_night_autotune_v2] __main__: FILTER_FAIL token=HOTDOGZ reason=source_qos_cap source=watchlist used=2/2
2026-02-27 15:02:11,653 [INFO] [u_station_ab_night_autotune_v2] __main__: FILTER_FAIL token=AERO reason=source_qos_cap source=watchlist used=2/2
2026-02-27 15:02:11,653 [INFO] [u_station_ab_night_autotune_v2] __main__: FILTER_FAIL token=VIRTUAL reason=source_qos_cap source=watchlist used=2/2
2026-02-27 15:02:11,669 [INFO] [u_station_ab_night_autotune_v2] __main__: FILTER_PASS token=cbBTC tier=A score=100 mode=GREEN risk=MEDIUM liq=25157088 vol5m=78337
2026-02-27 15:02:11,670 [INFO] [u_station_ab_night_autotune_v2] __main__: FILTER_PASS token=ToruCeoAI tier=A score=100 mode=GREEN risk=MEDIUM liq=134204 vol5m=30684
2026-02-27 15:02:11,672 [INFO] [u_station_ab_night_autotune_v2] __main__: FILTER_FAIL token=whiskers reason=score_min score=20 strict_min=48 soft_min=48 mode=GREEN
2026-02-27 15:02:11,673 [INFO] [u_station_ab_night_autotune_v2] __main__: V2_QUALITY_GATE enabled=True regime=GREEN in=2 out=2 core_out=1 explore_out=1 probe_out=0 quota=1 max_symbol_share=0.500 drop={} sources_used={'watchlist': 2}
2026-02-27 15:02:11,673 [INFO] [u_station_ab_night_autotune_v2] __main__: V2_ENTRY_ROUTE enabled=True regime=GREEN in=2 out=2 core_out=1 explore_out=1 quota=1 allow_explore=True
2026-02-27 15:02:11,674 [INFO] [u_station_ab_night_autotune_v2] __main__: MARKET_REGIME mode=GREEN reason=avg_cand=2.70 avg_cand_recent=2.70
2026-02-27 15:02:11,675 [INFO] [u_station_ab_night_autotune_v2] trading.auto_trader: AutoTrade adjust token=cbBTC reason=min_trade_floor size=$0.10->$0.10 min=$0.10
2026-02-27 15:02:11,676 [INFO] [u_station_ab_night_autotune_v2] trading.auto_trader: AutoTrade skip token=cbBTC reason=ev_net_low expected_net=$-0.00374 min=$-0.00231 samples=38 conf=1.00 pwin=0.45 avg_win=$0.0056 avg_loss=$0.0078 kelly=0.000 mem=sparse trades=5<18
2026-02-27 15:02:11,677 [INFO] [u_station_ab_night_autotune_v2] trading.auto_trader: AutoTrade skip token=ToruCeoAI reason=blacklist detail=honeypot_guard:is_honeypot,flag:high_fail_rate,sell_tax>5.0%(100.0%)
2026-02-27 15:02:11,677 [INFO] [u_station_ab_night_autotune_v2] trading.auto_trader: AutoTrade batch mode=top_n candidates=2 eligible=2 selected=2 opened=0 pe=off burst_window=0
2026-02-27 15:02:11,677 [INFO] [u_station_ab_night_autotune_v2] trading.auto_trader: PAPER_SUMMARY window=60s closed_delta=0 wins_delta=0 losses_delta=0 realized_delta=$0.00 total_closed=110 winrate_total=41.8% realized_total=$0.30 balance=$7.30 equity=$7.30 open=0
2026-02-27 15:02:11,677 [INFO] [u_station_ab_night_autotune_v2] __main__: Scanned 8 tokens | High quality: 2 | Alerts sent: 0 | Trade candidates: 2 | Quality out/core/explore/probe: 2/1/1/0 | Opened: 0 | Mode: local | Source: onchain+market | Policy: raw=OK/effective=OK(healthy | route=allow_all) | Regime: GREEN(avg_cand=2.70) | Safety: checked=2 fail_closed=0 reasons=api_code_4029:2 | FiltersTop(session): source_qos_cap:45,score_min:7,safe_age:4,source_qos_symbol_cap:2 | Dedup: heavy_skip=0 override=0 | V2Budget: 2/280 | SourceQoS: enabled=1/in=8/out=3/dropped=5/active_cd=0/drops=source_qos_cap:5 | Ingest: q=0/oldest=0.0s/drop_old=0/dedup_skip=0/enq=0/drain=0 | Sources: dex_boosts:ok=1/fail=0/429=0/lim_wait=0/cd_wait=0/err=0.0%/avg=65ms; dexscreener:ok=11/fail=0/429=0/lim_wait=0/cd_wait=0/err=0.0%/avg=91ms; onchain_enrich:ok=7/fail=0/429=0/lim_wait=0/cd_wait=0/err=0.0%/avg=69ms; onchain_weth_price:ok=1/fail=0/429=0/lim_wait=0/cd_wait=0/err=0.0%/avg=153ms | Tasks: 3 | RSS: 0.0MB | CycleAvg: 9.84s
2026-02-27 15:02:15,953 [INFO] [u_station_ab_night_autotune_v2] monitor.onchain_factory: PAIR_DETECTED source=uniswap_v2 dex=uniswap_v2 pair=0xd39119a744c6248f907e763bc757bb0371deeb73 token0=0x4200000000000000000000000000000000000006 token1=0xf640385b82fd976a6eae7d311a85ea7527775187 block=42705787 factory=0x8909dc15e40173ff4699343b6eb8132c65e18ec6
2026-02-27 15:02:16,169 [INFO] [u_station_ab_night_autotune_v2] monitor.onchain_factory: ENRICH_RETRY token=0x0f98b0946e31bc276c053b823b3ab5ea199aab07 pair=0x31a81fe67861550b6155cac97dcb15249ec80054 attempt=1/2 delay=10s
2026-02-27 15:02:16,431 [INFO] [u_station_ab_night_autotune_v2] monitor.onchain_factory: ENRICH_RETRY token=0xf640385b82fd976a6eae7d311a85ea7527775187 pair=0xd39119a744c6248f907e763bc757bb0371deeb73 attempt=1/2 delay=10s
2026-02-27 15:02:26,504 [INFO] [u_station_ab_night_autotune_v2] __main__: WATCHLIST merged count=7
2026-02-27 15:02:26,504 [INFO] [u_station_ab_night_autotune_v2] trading.v2_runtime: V2_UNIVERSE in=8 dedup=8 out=8 target=8 novel_target=7 novel_out=1 repeat_dropped=0 symbol_dropped=0 surge_in=2 surge_target=2 surge_out=2
2026-02-27 15:02:26,504 [INFO] [u_station_ab_night_autotune_v2] __main__: V2_SOURCE_QOS_FILTER in=8 out=3 drops={'source_qos_cap': 5} caps={'watchlist': 2, 'unknown': 0}
2026-02-27 15:02:26,504 [INFO] [u_station_ab_night_autotune_v2] __main__: FILTER_FAIL token=POOPCOIN reason=source_qos_cap source=watchlist used=2/2
2026-02-27 15:02:26,504 [INFO] [u_station_ab_night_autotune_v2] __main__: FILTER_FAIL token=FLOW reason=source_qos_cap source=watchlist used=2/2
2026-02-27 15:02:26,519 [INFO] [u_station_ab_night_autotune_v2] __main__: FILTER_FAIL token=HOTDOGZ reason=source_qos_cap source=watchlist used=2/2
2026-02-27 15:02:26,519 [INFO] [u_station_ab_night_autotune_v2] __main__: FILTER_FAIL token=AERO reason=source_qos_cap source=watchlist used=2/2
2026-02-27 15:02:26,519 [INFO] [u_station_ab_night_autotune_v2] __main__: FILTER_FAIL token=VIRTUAL reason=source_qos_cap source=watchlist used=2/2
2026-02-27 15:02:26,519 [INFO] [u_station_ab_night_autotune_v2] __main__: FILTER_PASS token=cbBTC tier=A score=100 mode=GREEN risk=MEDIUM liq=25157088 vol5m=78337
2026-02-27 15:02:26,519 [INFO] [u_station_ab_night_autotune_v2] __main__: FILTER_PASS token=ToruCeoAI tier=A score=100 mode=GREEN risk=MEDIUM liq=134204 vol5m=30684
2026-02-27 15:02:26,519 [INFO] [u_station_ab_night_autotune_v2] __main__: FILTER_FAIL token=WANNABET reason=score_min score=40 strict_min=48 soft_min=48 mode=GREEN
2026-02-27 15:02:26,519 [INFO] [u_station_ab_night_autotune_v2] __main__: V2_QUALITY_GATE enabled=True regime=GREEN in=2 out=2 core_out=1 explore_out=1 probe_out=0 quota=1 max_symbol_share=0.500 drop={} sources_used={'watchlist': 2}
2026-02-27 15:02:26,519 [INFO] [u_station_ab_night_autotune_v2] __main__: V2_ENTRY_ROUTE enabled=True regime=GREEN in=2 out=2 core_out=1 explore_out=1 quota=1 allow_explore=True
2026-02-27 15:02:26,519 [INFO] [u_station_ab_night_autotune_v2] __main__: MARKET_REGIME mode=GREEN reason=avg_cand=2.64 avg_cand_recent=2.64
2026-02-27 15:02:26,519 [INFO] [u_station_ab_night_autotune_v2] trading.auto_trader: AutoTrade adjust token=cbBTC reason=min_trade_floor size=$0.10->$0.10 min=$0.10
2026-02-27 15:02:26,519 [INFO] [u_station_ab_night_autotune_v2] trading.auto_trader: AutoTrade skip token=cbBTC reason=ev_net_low expected_net=$-0.00374 min=$-0.00231 samples=38 conf=1.00 pwin=0.45 avg_win=$0.0056 avg_loss=$0.0078 kelly=0.000 mem=sparse trades=5<18
2026-02-27 15:02:26,519 [INFO] [u_station_ab_night_autotune_v2] trading.auto_trader: AutoTrade skip token=ToruCeoAI reason=blacklist detail=honeypot_guard:is_honeypot,flag:high_fail_rate,sell_tax>5.0%(100.0%)
2026-02-27 15:02:26,519 [INFO] [u_station_ab_night_autotune_v2] trading.auto_trader: AutoTrade batch mode=top_n candidates=2 eligible=2 selected=2 opened=0 pe=off burst_window=0
2026-02-27 15:02:26,519 [INFO] [u_station_ab_night_autotune_v2] __main__: Scanned 8 tokens | High quality: 2 | Alerts sent: 0 | Trade candidates: 2 | Quality out/core/explore/probe: 2/1/1/0 | Opened: 0 | Mode: local | Source: onchain+market | Policy: raw=OK/effective=OK(healthy | route=allow_all) | Regime: GREEN(avg_cand=2.64) | Safety: checked=2 fail_closed=0 reasons=api_code_4029:2 | FiltersTop(session): source_qos_cap:50,score_min:8,safe_age:4,source_qos_symbol_cap:2 | Dedup: heavy_skip=0 override=0 | V2Budget: 2/280 | SourceQoS: enabled=1/in=8/out=3/dropped=5/active_cd=0/drops=source_qos_cap:5 | Ingest: q=0/oldest=0.0s/drop_old=0/dedup_skip=0/enq=0/drain=0 | Sources: dex_boosts:ok=1/fail=0/429=0/lim_wait=0/cd_wait=0/err=0.0%/avg=31ms; dexscreener:ok=11/fail=0/429=0/lim_wait=0/cd_wait=0/err=0.0%/avg=43ms; onchain_enrich:ok=7/fail=0/429=0/lim_wait=0/cd_wait=0/err=0.0%/avg=80ms | Tasks: 3 | RSS: 0.0MB | CycleAvg: 9.94s
2026-02-27 15:02:30,821 [INFO] [u_station_ab_night_autotune_v2] monitor.onchain_factory: PAIR_DETECTED source=uniswap_v2 dex=uniswap_v2 pair=0xf529fcfa5b0089748c48e4c938c5d2a9681fcb02 token0=0x4200000000000000000000000000000000000006 token1=0x4c9a80f093a25cc7a91ec22586c76c71972ebb07 block=42705798 factory=0x8909dc15e40173ff4699343b6eb8132c65e18ec6
2026-02-27 15:02:31,020 [INFO] [u_station_ab_night_autotune_v2] monitor.onchain_factory: ENRICH_RETRY token=0xf640385b82fd976a6eae7d311a85ea7527775187 pair=0xd39119a744c6248f907e763bc757bb0371deeb73 attempt=1/2 delay=10s
2026-02-27 15:02:31,266 [INFO] [u_station_ab_night_autotune_v2] monitor.onchain_factory: ENRICH_RETRY token=0x4c9a80f093a25cc7a91ec22586c76c71972ebb07 pair=0xf529fcfa5b0089748c48e4c938c5d2a9681fcb02 attempt=1/2 delay=10s
2026-02-27 15:02:41,884 [INFO] [u_station_ab_night_autotune_v2] __main__: WATCHLIST merged count=7
2026-02-27 15:02:41,887 [INFO] [u_station_ab_night_autotune_v2] trading.v2_runtime: V2_UNIVERSE in=10 dedup=10 out=10 target=10 novel_target=9 novel_out=2 repeat_dropped=0 symbol_dropped=0 surge_in=2 surge_target=2 surge_out=2
2026-02-27 15:02:41,890 [INFO] [u_station_ab_night_autotune_v2] __main__: V2_SOURCE_QOS_FILTER in=10 out=5 drops={'source_qos_cap': 5} caps={'geckoterminal': 287, 'watchlist': 2}
2026-02-27 15:02:41,894 [INFO] [u_station_ab_night_autotune_v2] __main__: FILTER_FAIL token=POOPCOIN reason=source_qos_cap source=watchlist used=2/2
2026-02-27 15:02:41,897 [INFO] [u_station_ab_night_autotune_v2] __main__: FILTER_FAIL token=FLOW reason=source_qos_cap source=watchlist used=2/2
2026-02-27 15:02:41,897 [INFO] [u_station_ab_night_autotune_v2] __main__: FILTER_FAIL token=HOTDOGZ reason=source_qos_cap source=watchlist used=2/2
2026-02-27 15:02:41,897 [INFO] [u_station_ab_night_autotune_v2] __main__: FILTER_FAIL token=AERO reason=source_qos_cap source=watchlist used=2/2
2026-02-27 15:02:41,903 [INFO] [u_station_ab_night_autotune_v2] __main__: FILTER_FAIL token=VIRTUAL reason=source_qos_cap source=watchlist used=2/2
2026-02-27 15:02:41,903 [INFO] [u_station_ab_night_autotune_v2] __main__: FILTER_PASS token=cbBTC tier=A score=100 mode=GREEN risk=MEDIUM liq=25157088 vol5m=78337
2026-02-27 15:02:41,903 [INFO] [u_station_ab_night_autotune_v2] __main__: FILTER_PASS token=ToruCeoAI tier=A score=100 mode=GREEN risk=MEDIUM liq=134204 vol5m=30684
2026-02-27 15:02:41,903 [INFO] [u_station_ab_night_autotune_v2] __main__: FILTER_FAIL token=market reason=safe_age
2026-02-27 15:02:41,903 [INFO] [u_station_ab_night_autotune_v2] __main__: FILTER_FAIL token=1COIN reason=safe_contract
2026-02-27 15:02:41,903 [INFO] [u_station_ab_night_autotune_v2] __main__: FILTER_FAIL token=WANNABET reason=score_min score=40 strict_min=48 soft_min=48 mode=GREEN
2026-02-27 15:02:41,903 [INFO] [u_station_ab_night_autotune_v2] __main__: V2_QUALITY_GATE enabled=True regime=GREEN in=2 out=2 core_out=1 explore_out=1 probe_out=0 quota=1 max_symbol_share=0.500 drop={} sources_used={'watchlist': 2}
2026-02-27 15:02:41,903 [INFO] [u_station_ab_night_autotune_v2] __main__: V2_ENTRY_ROUTE enabled=True regime=GREEN in=2 out=2 core_out=1 explore_out=1 quota=1 allow_explore=True
2026-02-27 15:02:41,903 [INFO] [u_station_ab_night_autotune_v2] __main__: MARKET_REGIME mode=GREEN reason=avg_cand=2.58 avg_cand_recent=2.58
2026-02-27 15:02:41,919 [INFO] [u_station_ab_night_autotune_v2] trading.auto_trader: AutoTrade adjust token=cbBTC reason=min_trade_floor size=$0.10->$0.10 min=$0.10
2026-02-27 15:02:41,919 [INFO] [u_station_ab_night_autotune_v2] trading.auto_trader: AutoTrade skip token=cbBTC reason=ev_net_low expected_net=$-0.00374 min=$-0.00231 samples=38 conf=1.00 pwin=0.45 avg_win=$0.0056 avg_loss=$0.0078 kelly=0.000 mem=sparse trades=5<18
2026-02-27 15:02:41,919 [INFO] [u_station_ab_night_autotune_v2] trading.auto_trader: AutoTrade skip token=ToruCeoAI reason=blacklist detail=honeypot_guard:is_honeypot,flag:high_fail_rate,sell_tax>5.0%(100.0%)
2026-02-27 15:02:41,919 [INFO] [u_station_ab_night_autotune_v2] trading.auto_trader: AutoTrade batch mode=top_n candidates=2 eligible=2 selected=2 opened=0 pe=off burst_window=0
2026-02-27 15:02:41,919 [INFO] [u_station_ab_night_autotune_v2] __main__: Scanned 10 tokens | High quality: 2 | Alerts sent: 0 | Trade candidates: 2 | Quality out/core/explore/probe: 2/1/1/0 | Opened: 0 | Mode: local | Source: onchain+market | Policy: raw=OK/effective=OK(healthy | route=allow_all) | Regime: GREEN(avg_cand=2.58) | Safety: checked=3 fail_closed=0 reasons=api_code_4029:3 | FiltersTop(session): source_qos_cap:55,score_min:9,safe_age:5,source_qos_symbol_cap:2 | Dedup: heavy_skip=0 override=0 | V2Budget: 3/280 | SourceQoS: enabled=1/in=10/out=5/dropped=5/active_cd=0/drops=source_qos_cap:5 | Ingest: q=0/oldest=0.0s/drop_old=0/dedup_skip=0/enq=3/drain=3 | Sources: dex_boosts:ok=1/fail=0/429=0/lim_wait=0/cd_wait=0/err=0.0%/avg=44ms; dexscreener:ok=11/fail=0/429=0/lim_wait=0/cd_wait=0/err=0.0%/avg=171ms; geckoterminal:ok=1/fail=0/429=0/lim_wait=0/cd_wait=0/err=0.0%/avg=267ms; onchain_enrich:ok=8/fail=0/429=0/lim_wait=0/cd_wait=0/err=0.0%/avg=166ms | Tasks: 3 | RSS: 0.0MB | CycleAvg: 10.02s
2026-02-27 15:02:46,419 [INFO] [u_station_ab_night_autotune_v2] monitor.onchain_factory: ENRICH_RETRY token=0x4c9a80f093a25cc7a91ec22586c76c71972ebb07 pair=0xf529fcfa5b0089748c48e4c938c5d2a9681fcb02 attempt=1/2 delay=10s
2026-02-27 15:02:46,419 [INFO] [u_station_ab_night_autotune_v2] monitor.onchain_factory: ENRICH_RETRY token=0xf640385b82fd976a6eae7d311a85ea7527775187 pair=0xd39119a744c6248f907e763bc757bb0371deeb73 attempt=1/2 delay=10s
2026-02-27 15:02:56,778 [INFO] [u_station_ab_night_autotune_v2] __main__: WATCHLIST merged count=7
2026-02-27 15:02:56,778 [INFO] [u_station_ab_night_autotune_v2] trading.v2_runtime: V2_UNIVERSE in=7 dedup=7 out=7 target=7 novel_target=6 novel_out=0 repeat_dropped=0 symbol_dropped=0 surge_in=2 surge_target=2 surge_out=2
2026-02-27 15:02:56,793 [INFO] [u_station_ab_night_autotune_v2] __main__: V2_SOURCE_QOS_FILTER in=7 out=3 drops={'source_qos_cap': 4} caps={'watchlist': 3}
2026-02-27 15:02:56,795 [INFO] [u_station_ab_night_autotune_v2] __main__: FILTER_FAIL token=FLOW reason=source_qos_cap source=watchlist used=3/3
2026-02-27 15:02:56,796 [INFO] [u_station_ab_night_autotune_v2] __main__: FILTER_FAIL token=HOTDOGZ reason=source_qos_cap source=watchlist used=3/3
2026-02-27 15:02:56,796 [INFO] [u_station_ab_night_autotune_v2] __main__: FILTER_FAIL token=AERO reason=source_qos_cap source=watchlist used=3/3
2026-02-27 15:02:56,796 [INFO] [u_station_ab_night_autotune_v2] __main__: FILTER_FAIL token=VIRTUAL reason=source_qos_cap source=watchlist used=3/3
2026-02-27 15:02:56,796 [INFO] [u_station_ab_night_autotune_v2] __main__: FILTER_PASS token=cbBTC tier=A score=100 mode=GREEN risk=MEDIUM liq=25157088 vol5m=78337
2026-02-27 15:02:56,796 [INFO] [u_station_ab_night_autotune_v2] __main__: FILTER_PASS token=ToruCeoAI tier=A score=100 mode=GREEN risk=MEDIUM liq=134204 vol5m=30684
2026-02-27 15:02:56,796 [INFO] [u_station_ab_night_autotune_v2] __main__: FILTER_PASS token=POOPCOIN tier=A score=100 mode=GREEN risk=MEDIUM liq=446995 vol5m=20818
2026-02-27 15:02:56,803 [INFO] [u_station_ab_night_autotune_v2] __main__: V2_QUALITY_GATE enabled=True regime=GREEN in=3 out=3 core_out=2 explore_out=1 probe_out=0 quota=1 max_symbol_share=0.333 drop={} sources_used={'watchlist': 3}
2026-02-27 15:02:56,803 [INFO] [u_station_ab_night_autotune_v2] __main__: V2_ENTRY_ROUTE enabled=True regime=GREEN in=3 out=3 core_out=2 explore_out=1 quota=1 allow_explore=True
2026-02-27 15:02:56,803 [INFO] [u_station_ab_night_autotune_v2] __main__: MARKET_REGIME mode=GREEN reason=avg_cand=2.50 avg_cand_recent=2.50
2026-02-27 15:02:56,803 [INFO] [u_station_ab_night_autotune_v2] trading.auto_trader: AutoTrade adjust token=cbBTC reason=min_trade_floor size=$0.10->$0.10 min=$0.10
2026-02-27 15:02:56,803 [INFO] [u_station_ab_night_autotune_v2] trading.auto_trader: AutoTrade skip token=cbBTC reason=ev_net_low expected_net=$-0.00374 min=$-0.00231 samples=38 conf=1.00 pwin=0.45 avg_win=$0.0056 avg_loss=$0.0078 kelly=0.000 mem=sparse trades=5<18
2026-02-27 15:02:56,803 [INFO] [u_station_ab_night_autotune_v2] trading.auto_trader: AutoTrade skip token=POOPCOIN reason=blacklist detail=honeypot_guard:honeypot_api_status_404
2026-02-27 15:02:56,803 [INFO] [u_station_ab_night_autotune_v2] trading.auto_trader: AutoTrade batch mode=top_n candidates=3 eligible=3 selected=2 opened=0 pe=off burst_window=0
2026-02-27 15:02:56,803 [INFO] [u_station_ab_night_autotune_v2] __main__: Scanned 7 tokens | High quality: 3 | Alerts sent: 0 | Trade candidates: 3 | Quality out/core/explore/probe: 3/2/1/0 | Opened: 0 | Mode: local | Source: onchain+market | Policy: raw=OK/effective=OK(healthy | route=allow_all) | Regime: GREEN(avg_cand=2.50) | Safety: checked=3 fail_closed=0 reasons=api_code_4029:3 | FiltersTop(session): source_qos_cap:59,score_min:9,safe_age:5,source_qos_symbol_cap:2 | Dedup: heavy_skip=0 override=0 | V2Budget: 3/280 | SourceQoS: enabled=1/in=7/out=3/dropped=4/active_cd=0/drops=source_qos_cap:4 | Ingest: q=0/oldest=0.0s/drop_old=0/dedup_skip=0/enq=0/drain=0 | Sources: dex_boosts:ok=1/fail=0/429=0/lim_wait=0/cd_wait=0/err=0.0%/avg=130ms; dexscreener:ok=11/fail=0/429=0/lim_wait=0/cd_wait=0/err=0.0%/avg=107ms; onchain_enrich:ok=8/fail=0/429=0/lim_wait=0/cd_wait=0/err=0.0%/avg=73ms | Tasks: 3 | RSS: 0.0MB | CycleAvg: 10.14s
2026-02-27 15:03:01,676 [INFO] [u_station_ab_night_autotune_v2] monitor.onchain_factory: ENRICH_RETRY token=0xf640385b82fd976a6eae7d311a85ea7527775187 pair=0xd39119a744c6248f907e763bc757bb0371deeb73 attempt=1/2 delay=10s
2026-02-27 15:03:11,834 [INFO] [u_station_ab_night_autotune_v2] __main__: WATCHLIST merged count=7
2026-02-27 15:03:11,834 [INFO] [u_station_ab_night_autotune_v2] trading.v2_runtime: V2_UNIVERSE in=8 dedup=8 out=8 target=8 novel_target=7 novel_out=1 repeat_dropped=0 symbol_dropped=0 surge_in=2 surge_target=2 surge_out=2
2026-02-27 15:03:11,834 [INFO] [u_station_ab_night_autotune_v2] __main__: V2_SOURCE_QOS_FILTER in=8 out=3 drops={'source_qos_cap': 5} caps={'watchlist': 2, 'unknown': 0}
2026-02-27 15:03:11,834 [INFO] [u_station_ab_night_autotune_v2] __main__: FILTER_FAIL token=POOPCOIN reason=source_qos_cap source=watchlist used=2/2
2026-02-27 15:03:11,834 [INFO] [u_station_ab_night_autotune_v2] __main__: FILTER_FAIL token=FLOW reason=source_qos_cap source=watchlist used=2/2
2026-02-27 15:03:11,834 [INFO] [u_station_ab_night_autotune_v2] __main__: FILTER_FAIL token=HOTDOGZ reason=source_qos_cap source=watchlist used=2/2
2026-02-27 15:03:11,834 [INFO] [u_station_ab_night_autotune_v2] __main__: FILTER_FAIL token=AERO reason=source_qos_cap source=watchlist used=2/2
2026-02-27 15:03:11,834 [INFO] [u_station_ab_night_autotune_v2] __main__: FILTER_FAIL token=VIRTUAL reason=source_qos_cap source=watchlist used=2/2
2026-02-27 15:03:11,834 [INFO] [u_station_ab_night_autotune_v2] __main__: FILTER_PASS token=cbBTC tier=A score=100 mode=GREEN risk=MEDIUM liq=25157088 vol5m=78337
2026-02-27 15:03:11,849 [INFO] [u_station_ab_night_autotune_v2] __main__: FILTER_PASS token=ToruCeoAI tier=A score=100 mode=GREEN risk=MEDIUM liq=134204 vol5m=30684
2026-02-27 15:03:11,852 [INFO] [u_station_ab_night_autotune_v2] __main__: FILTER_FAIL token=SpinCo reason=score_min score=20 strict_min=48 soft_min=48 mode=GREEN
2026-02-27 15:03:11,854 [INFO] [u_station_ab_night_autotune_v2] __main__: V2_QUALITY_GATE enabled=True regime=GREEN in=2 out=2 core_out=1 explore_out=1 probe_out=0 quota=1 max_symbol_share=0.500 drop={} sources_used={'watchlist': 2}
2026-02-27 15:03:11,854 [INFO] [u_station_ab_night_autotune_v2] __main__: V2_ENTRY_ROUTE enabled=True regime=GREEN in=2 out=2 core_out=1 explore_out=1 quota=1 allow_explore=True
2026-02-27 15:03:11,854 [INFO] [u_station_ab_night_autotune_v2] __main__: MARKET_REGIME mode=GREEN reason=hysteresis_risk_wait 1/3 raw=YELLOW avg_cand_recent=2.42
2026-02-27 15:03:11,854 [INFO] [u_station_ab_night_autotune_v2] trading.auto_trader: AutoTrade adjust token=cbBTC reason=min_trade_floor size=$0.10->$0.10 min=$0.10
2026-02-27 15:03:11,854 [INFO] [u_station_ab_night_autotune_v2] trading.auto_trader: AutoTrade skip token=cbBTC reason=ev_net_low expected_net=$-0.00374 min=$-0.00231 samples=38 conf=1.00 pwin=0.45 avg_win=$0.0056 avg_loss=$0.0078 kelly=0.000 mem=sparse trades=5<18
2026-02-27 15:03:11,854 [INFO] [u_station_ab_night_autotune_v2] trading.auto_trader: AutoTrade skip token=ToruCeoAI reason=blacklist detail=honeypot_guard:is_honeypot,flag:high_fail_rate,sell_tax>5.0%(100.0%)
2026-02-27 15:03:11,854 [INFO] [u_station_ab_night_autotune_v2] trading.auto_trader: AutoTrade batch mode=top_n candidates=2 eligible=2 selected=2 opened=0 pe=off burst_window=0
2026-02-27 15:03:11,854 [INFO] [u_station_ab_night_autotune_v2] trading.auto_trader: PAPER_SUMMARY window=60s closed_delta=0 wins_delta=0 losses_delta=0 realized_delta=$0.00 total_closed=110 winrate_total=41.8% realized_total=$0.30 balance=$7.30 equity=$7.30 open=0
2026-02-27 15:03:11,854 [INFO] [u_station_ab_night_autotune_v2] __main__: Scanned 8 tokens | High quality: 2 | Alerts sent: 0 | Trade candidates: 2 | Quality out/core/explore/probe: 2/1/1/0 | Opened: 0 | Mode: local | Source: onchain+market | Policy: raw=OK/effective=OK(healthy | route=allow_all) | Regime: GREEN(hysteresis_risk_wait 1/3 raw=YELLOW) | Safety: checked=2 fail_closed=0 reasons=api_code_4029:2 | FiltersTop(session): source_qos_cap:64,score_min:10,safe_age:5,source_qos_symbol_cap:2 | Dedup: heavy_skip=0 override=0 | V2Budget: 2/280 | SourceQoS: enabled=1/in=8/out=3/dropped=5/active_cd=0/drops=source_qos_cap:5 | Ingest: q=0/oldest=0.0s/drop_old=0/dedup_skip=0/enq=0/drain=0 | Sources: dex_boosts:ok=1/fail=0/429=0/lim_wait=0/cd_wait=0/err=0.0%/avg=40ms; dexscreener:ok=11/fail=0/429=0/lim_wait=0/cd_wait=0/err=0.0%/avg=60ms; onchain_enrich:ok=5/fail=0/429=0/lim_wait=0/cd_wait=0/err=0.0%/avg=120ms; onchain_weth_price:ok=1/fail=0/429=0/lim_wait=0/cd_wait=0/err=0.0%/avg=58ms | Tasks: 3 | RSS: 0.0MB | CycleAvg: 10.20s
2026-02-27 15:03:16,161 [INFO] [u_station_ab_night_autotune_v2] monitor.onchain_factory: PAIR_DETECTED source=uniswap_v2 dex=uniswap_v2 pair=0x0b85c29635b774193ab8b9ef676ba7da951d2382 token0=0x4200000000000000000000000000000000000006 token1=0x4d056ae58507cab37aa4f7d9ed96fe4003a85ba3 block=42705817 factory=0x8909dc15e40173ff4699343b6eb8132c65e18ec6
2026-02-27 15:03:16,661 [INFO] [u_station_ab_night_autotune_v2] monitor.onchain_factory: ENRICH_RETRY token=0x4d056ae58507cab37aa4f7d9ed96fe4003a85ba3 pair=0x0b85c29635b774193ab8b9ef676ba7da951d2382 attempt=1/2 delay=10s
2026-02-27 15:03:26,789 [INFO] [u_station_ab_night_autotune_v2] __main__: WATCHLIST merged count=7
2026-02-27 15:03:26,789 [INFO] [u_station_ab_night_autotune_v2] trading.v2_runtime: V2_UNIVERSE in=8 dedup=8 out=8 target=8 novel_target=7 novel_out=1 repeat_dropped=0 symbol_dropped=0 surge_in=2 surge_target=2 surge_out=2
2026-02-27 15:03:26,789 [INFO] [u_station_ab_night_autotune_v2] __main__: V2_SOURCE_QOS_FILTER in=8 out=3 drops={'source_qos_cap': 5} caps={'watchlist': 2, 'unknown': 0}
2026-02-27 15:03:26,789 [INFO] [u_station_ab_night_autotune_v2] __main__: FILTER_FAIL token=POOPCOIN reason=source_qos_cap source=watchlist used=2/2
2026-02-27 15:03:26,789 [INFO] [u_station_ab_night_autotune_v2] __main__: FILTER_FAIL token=FLOW reason=source_qos_cap source=watchlist used=2/2
2026-02-27 15:03:26,789 [INFO] [u_station_ab_night_autotune_v2] __main__: FILTER_FAIL token=HOTDOGZ reason=source_qos_cap source=watchlist used=2/2
2026-02-27 15:03:26,789 [INFO] [u_station_ab_night_autotune_v2] __main__: FILTER_FAIL token=AERO reason=source_qos_cap source=watchlist used=2/2
2026-02-27 15:03:26,789 [INFO] [u_station_ab_night_autotune_v2] __main__: FILTER_FAIL token=VIRTUAL reason=source_qos_cap source=watchlist used=2/2
2026-02-27 15:03:26,789 [INFO] [u_station_ab_night_autotune_v2] __main__: FILTER_PASS token=cbBTC tier=A score=100 mode=GREEN risk=MEDIUM liq=25157088 vol5m=78337
2026-02-27 15:03:26,789 [INFO] [u_station_ab_night_autotune_v2] __main__: FILTER_PASS token=ToruCeoAI tier=A score=100 mode=GREEN risk=MEDIUM liq=134204 vol5m=30684
2026-02-27 15:03:26,789 [INFO] [u_station_ab_night_autotune_v2] __main__: FILTER_FAIL token=E91 reason=score_min score=20 strict_min=48 soft_min=48 mode=GREEN
2026-02-27 15:03:26,789 [INFO] [u_station_ab_night_autotune_v2] __main__: V2_QUALITY_GATE enabled=True regime=GREEN in=2 out=2 core_out=1 explore_out=1 probe_out=0 quota=1 max_symbol_share=0.500 drop={} sources_used={'watchlist': 2}
2026-02-27 15:03:26,789 [INFO] [u_station_ab_night_autotune_v2] __main__: V2_ENTRY_ROUTE enabled=True regime=GREEN in=2 out=2 core_out=1 explore_out=1 quota=1 allow_explore=True
2026-02-27 15:03:26,789 [INFO] [u_station_ab_night_autotune_v2] __main__: MARKET_REGIME mode=GREEN reason=hysteresis_risk_wait 2/3 raw=YELLOW avg_cand_recent=2.42
2026-02-27 15:03:26,789 [INFO] [u_station_ab_night_autotune_v2] trading.auto_trader: AutoTrade adjust token=cbBTC reason=min_trade_floor size=$0.10->$0.10 min=$0.10
2026-02-27 15:03:26,789 [INFO] [u_station_ab_night_autotune_v2] trading.auto_trader: AutoTrade skip token=cbBTC reason=ev_net_low expected_net=$-0.00374 min=$-0.00231 samples=38 conf=1.00 pwin=0.45 avg_win=$0.0056 avg_loss=$0.0078 kelly=0.000 mem=sparse trades=5<18
2026-02-27 15:03:26,789 [INFO] [u_station_ab_night_autotune_v2] trading.auto_trader: AutoTrade skip token=ToruCeoAI reason=blacklist detail=honeypot_guard:is_honeypot,flag:high_fail_rate,sell_tax>5.0%(100.0%)
2026-02-27 15:03:26,789 [INFO] [u_station_ab_night_autotune_v2] trading.auto_trader: AutoTrade batch mode=top_n candidates=2 eligible=2 selected=2 opened=0 pe=off burst_window=0
2026-02-27 15:03:26,803 [INFO] [u_station_ab_night_autotune_v2] __main__: Scanned 8 tokens | High quality: 2 | Alerts sent: 0 | Trade candidates: 2 | Quality out/core/explore/probe: 2/1/1/0 | Opened: 0 | Mode: local | Source: onchain+market | Policy: raw=OK/effective=OK(healthy | route=allow_all) | Regime: GREEN(hysteresis_risk_wait 2/3 raw=YELLOW) | Safety: checked=2 fail_closed=0 reasons=api_code_4029:2 | FiltersTop(session): source_qos_cap:69,score_min:11,safe_age:5,source_qos_symbol_cap:2 | Dedup: heavy_skip=0 override=0 | V2Budget: 2/280 | SourceQoS: enabled=1/in=8/out=3/dropped=5/active_cd=0/drops=source_qos_cap:5 | Ingest: q=0/oldest=0.0s/drop_old=0/dedup_skip=0/enq=0/drain=0 | Sources: dex_boosts:ok=1/fail=0/429=0/lim_wait=0/cd_wait=0/err=0.0%/avg=40ms; dexscreener:ok=11/fail=0/429=0/lim_wait=0/cd_wait=0/err=0.0%/avg=155ms; onchain_enrich:ok=5/fail=0/429=0/lim_wait=0/cd_wait=0/err=0.0%/avg=133ms | Tasks: 3 | RSS: 0.0MB | CycleAvg: 10.26s
2026-02-27 15:03:31,070 [INFO] [u_station_ab_night_autotune_v2] monitor.onchain_factory: PAIR_DETECTED source=uniswap_v2 dex=uniswap_v2 pair=0xedc5d7988033b0317e733c159127803a69249ac7 token0=0x102285fec5d2332f197051eaf77c75be5842bb07 token1=0x4200000000000000000000000000000000000006 block=42705829 factory=0x8909dc15e40173ff4699343b6eb8132c65e18ec6
2026-02-27 15:03:31,271 [INFO] [u_station_ab_night_autotune_v2] monitor.onchain_factory: ENRICH_RETRY token=0x4d056ae58507cab37aa4f7d9ed96fe4003a85ba3 pair=0x0b85c29635b774193ab8b9ef676ba7da951d2382 attempt=1/2 delay=10s
2026-02-27 15:03:31,547 [INFO] [u_station_ab_night_autotune_v2] monitor.onchain_factory: ENRICH_RETRY token=0x102285fec5d2332f197051eaf77c75be5842bb07 pair=0xedc5d7988033b0317e733c159127803a69249ac7 attempt=1/2 delay=10s
2026-02-27 15:03:41,619 [INFO] [u_station_ab_night_autotune_v2] __main__: WATCHLIST merged count=7
2026-02-27 15:03:41,619 [INFO] [u_station_ab_night_autotune_v2] trading.v2_runtime: V2_UNIVERSE in=7 dedup=7 out=7 target=7 novel_target=6 novel_out=0 repeat_dropped=0 symbol_dropped=0 surge_in=2 surge_target=2 surge_out=2
2026-02-27 15:03:41,619 [INFO] [u_station_ab_night_autotune_v2] __main__: V2_SOURCE_QOS_FILTER in=7 out=3 drops={'source_qos_cap': 4} caps={'watchlist': 3}
2026-02-27 15:03:41,619 [INFO] [u_station_ab_night_autotune_v2] __main__: FILTER_FAIL token=FLOW reason=source_qos_cap source=watchlist used=3/3
2026-02-27 15:03:41,619 [INFO] [u_station_ab_night_autotune_v2] __main__: FILTER_FAIL token=HOTDOGZ reason=source_qos_cap source=watchlist used=3/3
2026-02-27 15:03:41,619 [INFO] [u_station_ab_night_autotune_v2] __main__: FILTER_FAIL token=AERO reason=source_qos_cap source=watchlist used=3/3
2026-02-27 15:03:41,619 [INFO] [u_station_ab_night_autotune_v2] __main__: FILTER_FAIL token=VIRTUAL reason=source_qos_cap source=watchlist used=3/3
2026-02-27 15:03:41,635 [INFO] [u_station_ab_night_autotune_v2] __main__: FILTER_PASS token=cbBTC tier=A score=100 mode=GREEN risk=MEDIUM liq=25157088 vol5m=78337
2026-02-27 15:03:41,635 [INFO] [u_station_ab_night_autotune_v2] __main__: FILTER_PASS token=ToruCeoAI tier=A score=100 mode=GREEN risk=MEDIUM liq=134204 vol5m=30684
2026-02-27 15:03:41,635 [INFO] [u_station_ab_night_autotune_v2] __main__: FILTER_PASS token=POOPCOIN tier=A score=100 mode=GREEN risk=MEDIUM liq=446995 vol5m=20818
2026-02-27 15:03:41,635 [INFO] [u_station_ab_night_autotune_v2] __main__: V2_QUALITY_GATE enabled=True regime=GREEN in=3 out=3 core_out=2 explore_out=1 probe_out=0 quota=1 max_symbol_share=0.333 drop={} sources_used={'watchlist': 3}
2026-02-27 15:03:41,635 [INFO] [u_station_ab_night_autotune_v2] __main__: V2_ENTRY_ROUTE enabled=True regime=GREEN in=3 out=3 core_out=2 explore_out=1 quota=1 allow_explore=True
2026-02-27 15:03:41,635 [INFO] [u_station_ab_night_autotune_v2] __main__: MARKET_REGIME mode=GREEN reason=avg_cand=2.50 avg_cand_recent=2.50
2026-02-27 15:03:41,635 [INFO] [u_station_ab_night_autotune_v2] trading.auto_trader: AutoTrade adjust token=cbBTC reason=min_trade_floor size=$0.10->$0.10 min=$0.10
2026-02-27 15:03:41,635 [INFO] [u_station_ab_night_autotune_v2] trading.auto_trader: AutoTrade skip token=cbBTC reason=ev_net_low expected_net=$-0.00374 min=$-0.00231 samples=38 conf=1.00 pwin=0.45 avg_win=$0.0056 avg_loss=$0.0078 kelly=0.000 mem=sparse trades=5<18
2026-02-27 15:03:41,635 [INFO] [u_station_ab_night_autotune_v2] trading.auto_trader: AutoTrade skip token=POOPCOIN reason=blacklist detail=honeypot_guard:honeypot_api_status_404
2026-02-27 15:03:41,635 [INFO] [u_station_ab_night_autotune_v2] trading.auto_trader: AutoTrade batch mode=top_n candidates=3 eligible=3 selected=2 opened=0 pe=off burst_window=0
2026-02-27 15:03:41,635 [INFO] [u_station_ab_night_autotune_v2] __main__: Scanned 7 tokens | High quality: 3 | Alerts sent: 0 | Trade candidates: 3 | Quality out/core/explore/probe: 3/2/1/0 | Opened: 0 | Mode: local | Source: onchain+market | Policy: raw=OK/effective=OK(healthy | route=allow_all) | Regime: GREEN(avg_cand=2.50) | Safety: checked=3 fail_closed=0 reasons=api_code_4029:3 | FiltersTop(session): source_qos_cap:73,score_min:11,safe_age:5,source_qos_symbol_cap:2 | Dedup: heavy_skip=0 override=0 | V2Budget: 3/280 | SourceQoS: enabled=1/in=7/out=3/dropped=4/active_cd=0/drops=source_qos_cap:4 | Ingest: q=0/oldest=0.0s/drop_old=0/dedup_skip=0/enq=0/drain=0 | Sources: dex_boosts:ok=1/fail=0/429=0/lim_wait=0/cd_wait=0/err=0.0%/avg=49ms; dexscreener:ok=11/fail=0/429=0/lim_wait=0/cd_wait=0/err=0.0%/avg=61ms; onchain_enrich:ok=8/fail=0/429=0/lim_wait=0/cd_wait=0/err=0.0%/avg=73ms | Tasks: 3 | RSS: 0.0MB | CycleAvg: 10.30s
2026-02-27 15:03:45,921 [INFO] [u_station_ab_night_autotune_v2] monitor.onchain_factory: PAIR_DETECTED source=uniswap_v2 dex=uniswap_v2 pair=0xfbef6a564a31c91936859593aac0039420fcbfa6 token0=0x4200000000000000000000000000000000000006 token1=0x8f2689ce5c0c12ff2eb607df8e746ae859caeb07 block=42705832 factory=0x8909dc15e40173ff4699343b6eb8132c65e18ec6
2026-02-27 15:03:46,137 [INFO] [u_station_ab_night_autotune_v2] monitor.onchain_factory: ENRICH_RETRY token=0x4d056ae58507cab37aa4f7d9ed96fe4003a85ba3 pair=0x0b85c29635b774193ab8b9ef676ba7da951d2382 attempt=1/2 delay=10s
2026-02-27 15:03:46,240 [INFO] [u_station_ab_night_autotune_v2] monitor.onchain_factory: ENRICH_RETRY token=0x102285fec5d2332f197051eaf77c75be5842bb07 pair=0xedc5d7988033b0317e733c159127803a69249ac7 attempt=1/2 delay=10s
2026-02-27 15:03:46,803 [INFO] [u_station_ab_night_autotune_v2] monitor.onchain_factory: ENRICH_RETRY token=0x8f2689ce5c0c12ff2eb607df8e746ae859caeb07 pair=0xfbef6a564a31c91936859593aac0039420fcbfa6 attempt=1/2 delay=10s
2026-02-27 15:03:56,854 [INFO] [u_station_ab_night_autotune_v2] __main__: WATCHLIST merged count=7
2026-02-27 15:03:56,854 [INFO] [u_station_ab_night_autotune_v2] trading.v2_runtime: V2_UNIVERSE in=10 dedup=10 out=10 target=10 novel_target=9 novel_out=2 repeat_dropped=0 symbol_dropped=0 surge_in=2 surge_target=2 surge_out=2
2026-02-27 15:03:56,854 [INFO] [u_station_ab_night_autotune_v2] __main__: V2_SOURCE_QOS_FILTER in=10 out=5 drops={'source_qos_cap': 5} caps={'geckoterminal': 287, 'watchlist': 2, 'unknown': 0}
2026-02-27 15:03:56,854 [INFO] [u_station_ab_night_autotune_v2] __main__: FILTER_FAIL token=POOPCOIN reason=source_qos_cap source=watchlist used=2/2
2026-02-27 15:03:56,854 [INFO] [u_station_ab_night_autotune_v2] __main__: FILTER_FAIL token=FLOW reason=source_qos_cap source=watchlist used=2/2
2026-02-27 15:03:56,870 [INFO] [u_station_ab_night_autotune_v2] __main__: FILTER_FAIL token=HOTDOGZ reason=source_qos_cap source=watchlist used=2/2
2026-02-27 15:03:56,870 [INFO] [u_station_ab_night_autotune_v2] __main__: FILTER_FAIL token=AERO reason=source_qos_cap source=watchlist used=2/2
2026-02-27 15:03:56,872 [INFO] [u_station_ab_night_autotune_v2] __main__: FILTER_FAIL token=VIRTUAL reason=source_qos_cap source=watchlist used=2/2
2026-02-27 15:03:56,872 [INFO] [u_station_ab_night_autotune_v2] __main__: FILTER_PASS token=cbBTC tier=A score=100 mode=GREEN risk=MEDIUM liq=25157088 vol5m=78337
2026-02-27 15:03:56,873 [INFO] [u_station_ab_night_autotune_v2] __main__: FILTER_PASS token=ToruCeoAI tier=A score=100 mode=GREEN risk=MEDIUM liq=134204 vol5m=30684
2026-02-27 15:03:56,874 [INFO] [u_station_ab_night_autotune_v2] __main__: FILTER_FAIL token=AUTISM reason=score_min score=40 strict_min=48 soft_min=48 mode=GREEN
2026-02-27 15:03:56,875 [INFO] [u_station_ab_night_autotune_v2] __main__: FILTER_FAIL token=Novaiok reason=score_min score=30 strict_min=48 soft_min=48 mode=GREEN
2026-02-27 15:03:56,876 [INFO] [u_station_ab_night_autotune_v2] __main__: FILTER_FAIL token=SpinCo reason=score_min score=40 strict_min=48 soft_min=48 mode=GREEN
2026-02-27 15:03:56,876 [INFO] [u_station_ab_night_autotune_v2] __main__: V2_QUALITY_GATE enabled=True regime=GREEN in=2 out=2 core_out=1 explore_out=1 probe_out=0 quota=1 max_symbol_share=0.500 drop={} sources_used={'watchlist': 2}
2026-02-27 15:03:56,877 [INFO] [u_station_ab_night_autotune_v2] __main__: V2_ENTRY_ROUTE enabled=True regime=GREEN in=2 out=2 core_out=1 explore_out=1 quota=1 allow_explore=True
2026-02-27 15:03:56,877 [INFO] [u_station_ab_night_autotune_v2] __main__: MARKET_REGIME mode=GREEN reason=hysteresis_risk_wait 1/3 raw=YELLOW avg_cand_recent=2.42
2026-02-27 15:03:56,879 [INFO] [u_station_ab_night_autotune_v2] trading.auto_trader: AutoTrade adjust token=cbBTC reason=min_trade_floor size=$0.10->$0.10 min=$0.10
2026-02-27 15:03:56,880 [INFO] [u_station_ab_night_autotune_v2] trading.auto_trader: AutoTrade skip token=cbBTC reason=ev_net_low expected_net=$-0.00374 min=$-0.00231 samples=38 conf=1.00 pwin=0.45 avg_win=$0.0056 avg_loss=$0.0078 kelly=0.000 mem=sparse trades=5<18
2026-02-27 15:03:56,881 [INFO] [u_station_ab_night_autotune_v2] trading.auto_trader: AutoTrade skip token=ToruCeoAI reason=blacklist detail=honeypot_guard:is_honeypot,flag:high_fail_rate,sell_tax>5.0%(100.0%)
2026-02-27 15:03:56,881 [INFO] [u_station_ab_night_autotune_v2] trading.auto_trader: AutoTrade batch mode=top_n candidates=2 eligible=2 selected=2 opened=0 pe=off burst_window=0
2026-02-27 15:03:56,882 [INFO] [u_station_ab_night_autotune_v2] __main__: Scanned 10 tokens | High quality: 2 | Alerts sent: 0 | Trade candidates: 2 | Quality out/core/explore/probe: 2/1/1/0 | Opened: 0 | Mode: local | Source: onchain+market | Policy: raw=OK/effective=OK(healthy | route=allow_all) | Regime: GREEN(hysteresis_risk_wait 1/3 raw=YELLOW) | Safety: checked=2 fail_closed=0 reasons=api_code_4029:2 | FiltersTop(session): source_qos_cap:78,score_min:14,safe_age:5,source_qos_symbol_cap:2 | Dedup: heavy_skip=0 override=0 | V2Budget: 2/280 | SourceQoS: enabled=1/in=10/out=5/dropped=5/active_cd=0/drops=source_qos_cap:5 | Ingest: q=0/oldest=0.0s/drop_old=0/dedup_skip=0/enq=3/drain=3 | Sources: dex_boosts:ok=1/fail=0/429=0/lim_wait=0/cd_wait=0/err=0.0%/avg=72ms; dexscreener:ok=11/fail=0/429=0/lim_wait=0/cd_wait=0/err=0.0%/avg=58ms; geckoterminal:ok=1/fail=0/429=0/lim_wait=0/cd_wait=0/err=0.0%/avg=652ms; onchain_enrich:ok=11/fail=0/429=0/lim_wait=0/cd_wait=0/err=0.0%/avg=120ms | Tasks: 3 | RSS: 0.0MB | CycleAvg: 10.33s
2026-02-27 15:04:00,886 [WARNING] [u_station_ab_night_autotune_v2] __main__: GRACEFUL_STOP requested path=D:\earnforme\solana-alert-bot\data\graceful_stop.u_station_ab_night_autotune_v2.signal
2026-02-27 15:04:00,933 [INFO] [u_station_ab_night_autotune_v2] trading.auto_trader: AUTOTRADER_SHUTDOWN reason=main_local_shutdown open=0 closed=110
