2026-02-27 15:06:53,253 [INFO] [u_station_ab_night_autotune_v2] __main__: SESSION_LOG file=logs/matrix/u_station_ab_night_autotune_v2\sessions\main_local_20260227_140653_pid15640.log
2026-02-27 15:06:53,276 [INFO] [u_station_ab_night_autotune_v2] trading.auto_trader_state: AutoTrade state loaded open=0 closed=110 balance=$7.30
2026-02-27 15:06:53,285 [WARNING] [u_station_ab_night_autotune_v2] trading.auto_trader: DATA_POLICY mode=OK reason=init_reset_manual prev_mode=OK prev_reason=healthy | route=allow_all
2026-02-27 15:06:53,286 [INFO] [u_station_ab_night_autotune_v2] __main__: AUTOTRADER_INIT state=ready reason=manual mode=paper
2026-02-27 15:06:53,287 [INFO] [u_station_ab_night_autotune_v2] __main__: Local mode started (Telegram disabled).
2026-02-27 15:06:53,630 [INFO] [u_station_ab_night_autotune_v2] monitor.onchain_factory: PAIR_DETECTED source=uniswap_v2 dex=uniswap_v2 pair=0x81eb84332b4436f93c15c190996f0c8e93caedc2 token0=0x4200000000000000000000000000000000000006 token1=0x7d6d77fdb463350785b7f6a691fc12bb49265ba3 block=42705859 factory=0x8909dc15e40173ff4699343b6eb8132c65e18ec6
2026-02-27 15:06:53,630 [INFO] [u_station_ab_night_autotune_v2] monitor.onchain_factory: PAIR_DETECTED source=uniswap_v2 dex=uniswap_v2 pair=0xf3a983d568459cbab42a9ee4bc127c02745e1cc0 token0=0x4200000000000000000000000000000000000006 token1=0xde21c73fd70eb94b9e46458f86f276c8a984bb07 block=42705860 factory=0x8909dc15e40173ff4699343b6eb8132c65e18ec6
2026-02-27 15:06:53,630 [INFO] [u_station_ab_night_autotune_v2] monitor.onchain_factory: PAIR_DETECTED source=uniswap_v2 dex=uniswap_v2 pair=0x927068deb282fa37236ae1683923dffe882ed4da token0=0x4200000000000000000000000000000000000006 token1=0xd63dc347da5e22cca0d35b0a5b6255ef7ffabb07 block=42705892 factory=0x8909dc15e40173ff4699343b6eb8132c65e18ec6
2026-02-27 15:06:53,630 [INFO] [u_station_ab_night_autotune_v2] monitor.onchain_factory: PAIR_DETECTED source=uniswap_v2 dex=uniswap_v2 pair=0x7c2a5d888a2292238cc275c8c38e124873f04287 token0=0x1b00215b1353cf5f04de5e9bfc98a6eb2a1d5ba3 token1=0x4200000000000000000000000000000000000006 block=42705893 factory=0x8909dc15e40173ff4699343b6eb8132c65e18ec6
2026-02-27 15:06:53,630 [INFO] [u_station_ab_night_autotune_v2] monitor.onchain_factory: PAIR_DETECTED source=uniswap_v2 dex=uniswap_v2 pair=0xf402897df7c74e6477cd7ed3c77b77687ab8705f token0=0x28f38ee0e5185a416389774fc961baa5fe8dbb07 token1=0x4200000000000000000000000000000000000006 block=42705921 factory=0x8909dc15e40173ff4699343b6eb8132c65e18ec6
2026-02-27 15:06:53,841 [INFO] [u_station_ab_night_autotune_v2] monitor.onchain_factory: PAIR_DETECTED source=uniswap_v3 dex=uniswap_v3 pair=0xdcb3c428960ed40a6f16eb8520fa88ed4560ab07 token0=0x4200000000000000000000000000000000000006 token1=0xc439a0729563453ccba41e5fff7729de11afd91a block=42705845 factory=0x33128a8fc17869897dce68ed026d694621f6fdfd
2026-02-27 15:06:53,841 [INFO] [u_station_ab_night_autotune_v2] monitor.onchain_factory: PAIR_DETECTED source=uniswap_v3 dex=uniswap_v3 pair=0x13f1e0f9c75123c786ab596a0b0c5fa6219b842a token0=0x05754d305dbcc633a9b4b875bee6ec14f5031e35 token1=0x4200000000000000000000000000000000000006 block=42705912 factory=0x33128a8fc17869897dce68ed026d694621f6fdfd
2026-02-27 15:06:54,253 [INFO] [u_station_ab_night_autotune_v2] monitor.onchain_factory: ENRICH_RETRY token=0x28f38ee0e5185a416389774fc961baa5fe8dbb07 pair=0xf402897df7c74e6477cd7ed3c77b77687ab8705f attempt=1/2 delay=10s
2026-02-27 15:07:05,653 [INFO] [u_station_ab_night_autotune_v2] __main__: WATCHLIST merged count=4
2026-02-27 15:07:05,653 [INFO] [u_station_ab_night_autotune_v2] trading.v2_runtime: V2_UNIVERSE in=16 dedup=16 out=16 target=16 novel_target=14 novel_out=16 repeat_dropped=0 symbol_dropped=0 surge_in=4 surge_target=4 surge_out=4
2026-02-27 15:07:05,653 [INFO] [u_station_ab_night_autotune_v2] __main__: V2_SOURCE_QOS_FILTER in=16 out=11 drops={'source_qos_cap': 2, 'source_qos_symbol_cap': 3} caps={'dexscreener': 292, 'watchlist': 2, 'unknown': 0, 'geckoterminal': 287}
2026-02-27 15:07:05,669 [INFO] [u_station_ab_night_autotune_v2] __main__: FILTER_FAIL token=AERO reason=source_qos_cap source=watchlist used=2/2
2026-02-27 15:07:05,671 [INFO] [u_station_ab_night_autotune_v2] __main__: FILTER_FAIL token=Novaiok reason=source_qos_symbol_cap symbol=NOVAIOK used=1/1
2026-02-27 15:07:05,671 [INFO] [u_station_ab_night_autotune_v2] __main__: FILTER_FAIL token=VIRTUAL reason=source_qos_cap source=watchlist used=2/2
2026-02-27 15:07:05,672 [INFO] [u_station_ab_night_autotune_v2] __main__: FILTER_FAIL token=SpinCo reason=source_qos_symbol_cap symbol=SPINCO used=1/1
2026-02-27 15:07:05,673 [INFO] [u_station_ab_night_autotune_v2] __main__: FILTER_FAIL token=Novaiok reason=source_qos_symbol_cap symbol=NOVAIOK used=1/1
2026-02-27 15:07:05,674 [INFO] [u_station_ab_night_autotune_v2] __main__: FILTER_FAIL token=GIGIN reason=safe_age
2026-02-27 15:07:05,675 [INFO] [u_station_ab_night_autotune_v2] __main__: FILTER_FAIL token=POKEX reason=safe_age
2026-02-27 15:07:05,675 [INFO] [u_station_ab_night_autotune_v2] __main__: FILTER_FAIL token=WANNABET reason=safe_change_5m
2026-02-27 15:07:05,676 [INFO] [u_station_ab_night_autotune_v2] __main__: FILTER_PASS token=cbBTC tier=A score=100 mode=YELLOW risk=MEDIUM liq=19285449 vol5m=97367
2026-02-27 15:07:05,677 [INFO] [u_station_ab_night_autotune_v2] __main__: FILTER_FAIL token=NowClaw reason=safe_age
2026-02-27 15:07:05,677 [INFO] [u_station_ab_night_autotune_v2] __main__: FILTER_PASS token=ToruCeoAI tier=A score=100 mode=YELLOW risk=MEDIUM liq=121751 vol5m=11845
2026-02-27 15:07:05,677 [INFO] [u_station_ab_night_autotune_v2] __main__: FILTER_PASS token=MOLTD tier=A score=85 mode=YELLOW risk=MEDIUM liq=56917 vol5m=2067
2026-02-27 15:07:05,677 [INFO] [u_station_ab_night_autotune_v2] monitor.local_alerter: Local alert token=MOLTD address=0x88a082df256da966170689e10782b2851402eb07 score=85 reco=BUY risk=MEDIUM warnings=0 liq=56917 vol5m=2067
2026-02-27 15:07:05,677 [INFO] [u_station_ab_night_autotune_v2] __main__: FILTER_FAIL token=Novaiok reason=score_min score=40 strict_min=48 soft_min=48 mode=YELLOW
2026-02-27 15:07:05,677 [INFO] [u_station_ab_night_autotune_v2] __main__: FILTER_FAIL token=LClaude reason=safe_age
2026-02-27 15:07:05,677 [INFO] [u_station_ab_night_autotune_v2] __main__: FILTER_FAIL token=SpinCo reason=score_min score=20 strict_min=48 soft_min=48 mode=YELLOW
2026-02-27 15:07:05,677 [INFO] [u_station_ab_night_autotune_v2] __main__: FILTER_FAIL token=777 reason=score_min score=20 strict_min=48 soft_min=48 mode=YELLOW
2026-02-27 15:07:05,677 [INFO] [u_station_ab_night_autotune_v2] trading.v2_runtime: V2_QUALITY_ROTATE symbols_core=0 symbols_cooldown=0 sources=2 top_core=- top_cooldown=-
2026-02-27 15:07:05,677 [INFO] [u_station_ab_night_autotune_v2] __main__: V2_QUALITY_GATE enabled=True regime=YELLOW in=3 out=3 core_out=1 explore_out=2 probe_out=0 quota=2 max_symbol_share=0.333 drop={} sources_used={'watchlist': 2, 'dexscreener': 1}
2026-02-27 15:07:05,677 [INFO] [u_station_ab_night_autotune_v2] __main__: V2_ENTRY_ROUTE enabled=True regime=YELLOW in=3 out=2 core_out=1 explore_out=1 quota=1 allow_explore=True
2026-02-27 15:07:05,677 [WARNING] [u_station_ab_night_autotune_v2] trading.auto_trader: DATA_POLICY mode=OK reason=healthy | route=allow_all prev_mode=OK prev_reason=init_reset_manual
2026-02-27 15:07:05,677 [INFO] [u_station_ab_night_autotune_v2] __main__: MARKET_REGIME mode=YELLOW reason=hysteresis_recover_wait 1/4 raw=GREEN avg_cand_recent=3.00
2026-02-27 15:07:05,703 [INFO] [u_station_ab_night_autotune_v2] trading.auto_trader: AutoTrade adjust token=cbBTC reason=min_trade_floor size=$0.08->$0.10 min=$0.10
2026-02-27 15:07:05,703 [INFO] [u_station_ab_night_autotune_v2] trading.auto_trader: AutoTrade skip token=cbBTC reason=ev_net_low expected_net=$-0.00533 min=$-0.00250 samples=28 conf=1.00 pwin=0.54 avg_win=$0.0036 avg_loss=$0.0133 kelly=0.000 mem=sparse trades=5<18
2026-02-27 15:07:05,703 [INFO] [u_station_ab_night_autotune_v2] trading.auto_trader: AutoTrade skip token=ToruCeoAI reason=blacklist detail=honeypot_guard:is_honeypot,flag:high_fail_rate,sell_tax>5.0%(100.0%)
2026-02-27 15:07:05,703 [INFO] [u_station_ab_night_autotune_v2] trading.auto_trader: AutoTrade batch mode=top_n candidates=2 eligible=2 selected=2 opened=0 pe=off burst_window=0
2026-02-27 15:07:05,703 [INFO] [u_station_ab_night_autotune_v2] __main__: FILTER_THRESHOLDS safe_volume_5m_min=$5 safe_liquidity_min=$8000 safe_age_min=240s score_min=48 edge_min=0.05% lock_floor=0.95 no_momentum_max_pnl=0.25 weakness_pnl=-2.60
2026-02-27 15:07:05,703 [INFO] [u_station_ab_night_autotune_v2] __main__: Scanned 16 tokens | High quality: 6 | Alerts sent: 1 | Trade candidates: 3 | Quality out/core/explore/probe: 3/1/2/0 | Opened: 0 | Mode: local | Source: onchain+market | Policy: raw=OK/effective=OK(healthy | route=allow_all) | Regime: YELLOW(hysteresis_recover_wait 1/4 raw=GREEN) | Safety: checked=3 fail_closed=0 reasons=api_code_4029:3 | FiltersTop(session): safe_age:4,source_qos_symbol_cap:3,score_min:3,source_qos_cap:2 | Dedup: heavy_skip=0 override=0 | V2Budget: 3/280 | SourceQoS: enabled=1/in=16/out=11/dropped=5/active_cd=0/drops=source_qos_symbol_cap:3,source_qos_cap:2 | Ingest: q=0/oldest=0.0s/drop_old=0/dedup_skip=0/enq=9/drain=9 | Sources: dex_boosts:ok=1/fail=0/429=0/lim_wait=0/cd_wait=0/err=0.0%/avg=148ms; dexscreener:ok=11/fail=0/429=0/lim_wait=0/cd_wait=0/err=0.0%/avg=276ms; geckoterminal:ok=2/fail=0/429=0/lim_wait=0/cd_wait=0/err=0.0%/avg=115ms; onchain_enrich:ok=10/fail=0/429=0/lim_wait=0/cd_wait=0/err=0.0%/avg=145ms; onchain_weth_price:ok=1/fail=0/429=0/lim_wait=0/cd_wait=0/err=0.0%/avg=67ms; watchlist_dex:ok=10/fail=0/429=0/lim_wait=0/cd_wait=0/err=0.0%/avg=100ms; watchlist_gecko:ok=6/fail=0/429=0/lim_wait=0/cd_wait=0/err=0.0%/avg=517ms | Tasks: 3 | RSS: 0.0MB | CycleAvg: 0.00s
2026-02-27 15:07:10,172 [INFO] [u_station_ab_night_autotune_v2] monitor.onchain_factory: ENRICH_RETRY token=0x28f38ee0e5185a416389774fc961baa5fe8dbb07 pair=0xf402897df7c74e6477cd7ed3c77b77687ab8705f attempt=1/2 delay=10s
2026-02-27 15:07:20,253 [INFO] [u_station_ab_night_autotune_v2] __main__: WATCHLIST merged count=4
2026-02-27 15:07:20,253 [INFO] [u_station_ab_night_autotune_v2] trading.v2_runtime: V2_UNIVERSE in=4 dedup=4 out=4 target=4 novel_target=4 novel_out=0 repeat_dropped=0 symbol_dropped=0 surge_in=1 surge_target=1 surge_out=1
2026-02-27 15:07:20,253 [INFO] [u_station_ab_night_autotune_v2] __main__: V2_SOURCE_QOS_FILTER in=4 out=3 drops={'source_qos_cap': 1} caps={'watchlist': 3}
2026-02-27 15:07:20,253 [INFO] [u_station_ab_night_autotune_v2] __main__: FILTER_FAIL token=VIRTUAL reason=source_qos_cap source=watchlist used=3/3
2026-02-27 15:07:20,253 [INFO] [u_station_ab_night_autotune_v2] __main__: FILTER_PASS token=cbBTC tier=A score=100 mode=YELLOW risk=MEDIUM liq=19285449 vol5m=97367
2026-02-27 15:07:20,253 [INFO] [u_station_ab_night_autotune_v2] __main__: FILTER_PASS token=ToruCeoAI tier=A score=100 mode=YELLOW risk=MEDIUM liq=121751 vol5m=11845
2026-02-27 15:07:20,271 [INFO] [u_station_ab_night_autotune_v2] __main__: FILTER_PASS token=AERO tier=A score=95 mode=YELLOW risk=MEDIUM liq=1317254 vol5m=6610
2026-02-27 15:07:20,271 [INFO] [u_station_ab_night_autotune_v2] __main__: V2_QUALITY_GATE enabled=True regime=YELLOW in=3 out=3 core_out=1 explore_out=2 probe_out=0 quota=2 max_symbol_share=0.333 drop={} sources_used={'watchlist': 3}
2026-02-27 15:07:20,271 [INFO] [u_station_ab_night_autotune_v2] __main__: V2_ENTRY_ROUTE enabled=True regime=YELLOW in=3 out=2 core_out=1 explore_out=1 quota=1 allow_explore=True
2026-02-27 15:07:20,271 [INFO] [u_station_ab_night_autotune_v2] __main__: MARKET_REGIME mode=YELLOW reason=hysteresis_recover_wait 2/4 raw=GREEN avg_cand_recent=3.00
2026-02-27 15:07:20,271 [INFO] [u_station_ab_night_autotune_v2] trading.auto_trader: AutoTrade adjust token=cbBTC reason=min_trade_floor size=$0.08->$0.10 min=$0.10
2026-02-27 15:07:20,271 [INFO] [u_station_ab_night_autotune_v2] trading.auto_trader: AutoTrade skip token=cbBTC reason=ev_net_low expected_net=$-0.00533 min=$-0.00250 samples=28 conf=1.00 pwin=0.54 avg_win=$0.0036 avg_loss=$0.0133 kelly=0.000 mem=sparse trades=5<18
2026-02-27 15:07:20,271 [INFO] [u_station_ab_night_autotune_v2] trading.auto_trader: AutoTrade skip token=ToruCeoAI reason=blacklist detail=honeypot_guard:is_honeypot,flag:high_fail_rate,sell_tax>5.0%(100.0%)
2026-02-27 15:07:20,271 [INFO] [u_station_ab_night_autotune_v2] trading.auto_trader: AutoTrade batch mode=top_n candidates=2 eligible=2 selected=2 opened=0 pe=off burst_window=0
2026-02-27 15:07:20,271 [INFO] [u_station_ab_night_autotune_v2] __main__: Scanned 4 tokens | High quality: 3 | Alerts sent: 0 | Trade candidates: 3 | Quality out/core/explore/probe: 3/1/2/0 | Opened: 0 | Mode: local | Source: onchain+market | Policy: raw=OK/effective=OK(healthy | route=allow_all) | Regime: YELLOW(hysteresis_recover_wait 2/4 raw=GREEN) | Safety: checked=3 fail_closed=0 reasons=api_code_4029:3 | FiltersTop(session): safe_age:4,source_qos_cap:3,source_qos_symbol_cap:3,score_min:3 | Dedup: heavy_skip=0 override=0 | V2Budget: 3/280 | SourceQoS: enabled=1/in=4/out=3/dropped=1/active_cd=0/drops=source_qos_cap:1 | Ingest: q=0/oldest=0.0s/drop_old=0/dedup_skip=0/enq=0/drain=0 | Sources: dex_boosts:ok=1/fail=0/429=0/lim_wait=0/cd_wait=0/err=0.0%/avg=105ms; dexscreener:ok=11/fail=0/429=0/lim_wait=0/cd_wait=0/err=0.0%/avg=93ms; onchain_enrich:ok=4/fail=0/429=0/lim_wait=0/cd_wait=0/err=0.0%/avg=34ms | Tasks: 3 | RSS: 0.0MB | CycleAvg: 12.42s
2026-02-27 15:07:24,537 [INFO] [u_station_ab_night_autotune_v2] monitor.onchain_factory: PAIR_DETECTED source=uniswap_v2 dex=uniswap_v2 pair=0x6d915dde2bc51df38a140b9f23670f7453e64e38 token0=0x16a79844a1c798d29c64e559d78aca0f77bca541 token1=0x4200000000000000000000000000000000000006 block=42705946 factory=0x8909dc15e40173ff4699343b6eb8132c65e18ec6
2026-02-27 15:07:25,022 [INFO] [u_station_ab_night_autotune_v2] monitor.onchain_factory: ENRICH_RETRY token=0x16a79844a1c798d29c64e559d78aca0f77bca541 pair=0x6d915dde2bc51df38a140b9f23670f7453e64e38 attempt=1/2 delay=10s
2026-02-27 15:07:35,116 [INFO] [u_station_ab_night_autotune_v2] __main__: WATCHLIST merged count=4
2026-02-27 15:07:35,116 [INFO] [u_station_ab_night_autotune_v2] trading.v2_runtime: V2_UNIVERSE in=5 dedup=5 out=5 target=5 novel_target=5 novel_out=1 repeat_dropped=0 symbol_dropped=0 surge_in=1 surge_target=1 surge_out=1
2026-02-27 15:07:35,116 [INFO] [u_station_ab_night_autotune_v2] __main__: V2_SOURCE_QOS_FILTER in=5 out=3 drops={'source_qos_cap': 2} caps={'watchlist': 2, 'unknown': 0}
2026-02-27 15:07:35,116 [INFO] [u_station_ab_night_autotune_v2] __main__: FILTER_FAIL token=AERO reason=source_qos_cap source=watchlist used=2/2
2026-02-27 15:07:35,116 [INFO] [u_station_ab_night_autotune_v2] __main__: FILTER_FAIL token=VIRTUAL reason=source_qos_cap source=watchlist used=2/2
2026-02-27 15:07:35,116 [INFO] [u_station_ab_night_autotune_v2] __main__: FILTER_PASS token=cbBTC tier=A score=100 mode=YELLOW risk=MEDIUM liq=19285449 vol5m=97367
2026-02-27 15:07:35,116 [INFO] [u_station_ab_night_autotune_v2] __main__: FILTER_PASS token=ToruCeoAI tier=A score=100 mode=YELLOW risk=MEDIUM liq=121751 vol5m=11845
2026-02-27 15:07:35,116 [INFO] [u_station_ab_night_autotune_v2] __main__: FILTER_FAIL token=POKEX reason=score_min score=20 strict_min=48 soft_min=48 mode=YELLOW
2026-02-27 15:07:35,116 [INFO] [u_station_ab_night_autotune_v2] __main__: V2_QUALITY_GATE enabled=True regime=YELLOW in=2 out=2 core_out=1 explore_out=1 probe_out=0 quota=1 max_symbol_share=0.500 drop={} sources_used={'watchlist': 2}
2026-02-27 15:07:35,116 [INFO] [u_station_ab_night_autotune_v2] __main__: V2_ENTRY_ROUTE enabled=True regime=YELLOW in=2 out=2 core_out=1 explore_out=1 quota=1 allow_explore=True
2026-02-27 15:07:35,116 [INFO] [u_station_ab_night_autotune_v2] __main__: MARKET_REGIME mode=YELLOW reason=hysteresis_recover_wait 3/4 raw=GREEN avg_cand_recent=2.67
2026-02-27 15:07:35,116 [INFO] [u_station_ab_night_autotune_v2] trading.auto_trader: AutoTrade adjust token=cbBTC reason=min_trade_floor size=$0.08->$0.10 min=$0.10
2026-02-27 15:07:35,116 [INFO] [u_station_ab_night_autotune_v2] trading.auto_trader: AutoTrade skip token=cbBTC reason=ev_net_low expected_net=$-0.00533 min=$-0.00250 samples=28 conf=1.00 pwin=0.54 avg_win=$0.0036 avg_loss=$0.0133 kelly=0.000 mem=sparse trades=5<18
2026-02-27 15:07:35,116 [INFO] [u_station_ab_night_autotune_v2] trading.auto_trader: AutoTrade skip token=ToruCeoAI reason=blacklist detail=honeypot_guard:is_honeypot,flag:high_fail_rate,sell_tax>5.0%(100.0%)
2026-02-27 15:07:35,116 [INFO] [u_station_ab_night_autotune_v2] trading.auto_trader: AutoTrade batch mode=top_n candidates=2 eligible=2 selected=2 opened=0 pe=off burst_window=0
2026-02-27 15:07:35,116 [INFO] [u_station_ab_night_autotune_v2] __main__: Scanned 5 tokens | High quality: 2 | Alerts sent: 0 | Trade candidates: 2 | Quality out/core/explore/probe: 2/1/1/0 | Opened: 0 | Mode: local | Source: onchain+market | Policy: raw=OK/effective=OK(healthy | route=allow_all) | Regime: YELLOW(hysteresis_recover_wait 3/4 raw=GREEN) | Safety: checked=2 fail_closed=0 reasons=api_code_4029:2 | FiltersTop(session): source_qos_cap:5,safe_age:4,score_min:4,source_qos_symbol_cap:3 | Dedup: heavy_skip=0 override=0 | V2Budget: 2/280 | SourceQoS: enabled=1/in=5/out=3/dropped=2/active_cd=0/drops=source_qos_cap:2 | Ingest: q=0/oldest=0.0s/drop_old=0/dedup_skip=0/enq=0/drain=0 | Sources: dex_boosts:ok=1/fail=0/429=0/lim_wait=0/cd_wait=0/err=0.0%/avg=34ms; dexscreener:ok=11/fail=0/429=0/lim_wait=0/cd_wait=0/err=0.0%/avg=44ms; onchain_enrich:ok=5/fail=0/429=0/lim_wait=0/cd_wait=0/err=0.0%/avg=137ms | Tasks: 3 | RSS: 0.0MB | CycleAvg: 11.50s
2026-02-27 15:07:39,592 [INFO] [u_station_ab_night_autotune_v2] monitor.onchain_factory: ENRICH_RETRY token=0x16a79844a1c798d29c64e559d78aca0f77bca541 pair=0x6d915dde2bc51df38a140b9f23670f7453e64e38 attempt=1/2 delay=10s
2026-02-27 15:07:49,719 [INFO] [u_station_ab_night_autotune_v2] __main__: WATCHLIST merged count=4
2026-02-27 15:07:49,719 [INFO] [u_station_ab_night_autotune_v2] trading.v2_runtime: V2_UNIVERSE in=4 dedup=4 out=4 target=4 novel_target=4 novel_out=0 repeat_dropped=0 symbol_dropped=0 surge_in=1 surge_target=1 surge_out=1
2026-02-27 15:07:49,719 [INFO] [u_station_ab_night_autotune_v2] __main__: V2_SOURCE_QOS_FILTER in=4 out=3 drops={'source_qos_cap': 1} caps={'watchlist': 3}
2026-02-27 15:07:49,719 [INFO] [u_station_ab_night_autotune_v2] __main__: FILTER_FAIL token=VIRTUAL reason=source_qos_cap source=watchlist used=3/3
2026-02-27 15:07:49,719 [INFO] [u_station_ab_night_autotune_v2] __main__: FILTER_PASS token=cbBTC tier=A score=100 mode=YELLOW risk=MEDIUM liq=19285449 vol5m=97367
2026-02-27 15:07:49,719 [INFO] [u_station_ab_night_autotune_v2] __main__: FILTER_PASS token=ToruCeoAI tier=A score=100 mode=YELLOW risk=MEDIUM liq=121751 vol5m=11845
2026-02-27 15:07:49,736 [INFO] [u_station_ab_night_autotune_v2] __main__: FILTER_PASS token=AERO tier=A score=95 mode=YELLOW risk=MEDIUM liq=1317254 vol5m=6610
2026-02-27 15:07:49,737 [INFO] [u_station_ab_night_autotune_v2] __main__: V2_QUALITY_GATE enabled=True regime=GREEN in=3 out=3 core_out=1 explore_out=2 probe_out=0 quota=2 max_symbol_share=0.333 drop={} sources_used={'watchlist': 3}
2026-02-27 15:07:49,738 [INFO] [u_station_ab_night_autotune_v2] __main__: V2_ENTRY_ROUTE enabled=True regime=GREEN in=3 out=2 core_out=1 explore_out=1 quota=1 allow_explore=True
2026-02-27 15:07:49,738 [INFO] [u_station_ab_night_autotune_v2] __main__: MARKET_REGIME mode=GREEN reason=avg_cand=2.75 avg_cand_recent=2.75
2026-02-27 15:07:49,739 [WARNING] [u_station_ab_night_autotune_v2] monitor.local_alerter: Local event symbol=MARKET_MODE reco=GREEN risk=INFO
2026-02-27 15:07:49,741 [INFO] [u_station_ab_night_autotune_v2] trading.auto_trader: AutoTrade adjust token=cbBTC reason=min_trade_floor size=$0.08->$0.10 min=$0.10
2026-02-27 15:07:49,742 [INFO] [u_station_ab_night_autotune_v2] trading.auto_trader: AutoTrade skip token=cbBTC reason=ev_net_low expected_net=$-0.00533 min=$-0.00250 samples=28 conf=1.00 pwin=0.54 avg_win=$0.0036 avg_loss=$0.0133 kelly=0.000 mem=sparse trades=5<18
2026-02-27 15:07:49,743 [INFO] [u_station_ab_night_autotune_v2] trading.auto_trader: AutoTrade skip token=ToruCeoAI reason=blacklist detail=honeypot_guard:is_honeypot,flag:high_fail_rate,sell_tax>5.0%(100.0%)
2026-02-27 15:07:49,744 [INFO] [u_station_ab_night_autotune_v2] trading.auto_trader: AutoTrade batch mode=top_n candidates=2 eligible=2 selected=2 opened=0 pe=off burst_window=0
2026-02-27 15:07:49,745 [INFO] [u_station_ab_night_autotune_v2] __main__: Scanned 4 tokens | High quality: 3 | Alerts sent: 0 | Trade candidates: 3 | Quality out/core/explore/probe: 3/1/2/0 | Opened: 0 | Mode: local | Source: onchain+market | Policy: raw=OK/effective=OK(healthy | route=allow_all) | Regime: GREEN(avg_cand=2.75) | Safety: checked=3 fail_closed=0 reasons=api_code_4029:3 | FiltersTop(session): source_qos_cap:6,safe_age:4,score_min:4,source_qos_symbol_cap:3 | Dedup: heavy_skip=0 override=0 | V2Budget: 3/280 | SourceQoS: enabled=1/in=4/out=3/dropped=1/active_cd=0/drops=source_qos_cap:1 | Ingest: q=0/oldest=0.0s/drop_old=0/dedup_skip=0/enq=0/drain=0 | Sources: dex_boosts:ok=1/fail=0/429=0/lim_wait=0/cd_wait=0/err=0.0%/avg=43ms; dexscreener:ok=11/fail=0/429=0/lim_wait=0/cd_wait=0/err=0.0%/avg=198ms; onchain_enrich:ok=4/fail=0/429=0/lim_wait=0/cd_wait=0/err=0.0%/avg=46ms | Tasks: 3 | RSS: 0.0MB | CycleAvg: 11.28s
2026-02-27 15:07:54,026 [INFO] [u_station_ab_night_autotune_v2] monitor.onchain_factory: PAIR_DETECTED source=uniswap_v2 dex=uniswap_v2 pair=0x10483b7ed3b4c1d231e05b30b33463f6dd20ea66 token0=0x4200000000000000000000000000000000000006 token1=0xdb2560ec9ea795e7bfa2686072f24ce87d995ba3 block=42705956 factory=0x8909dc15e40173ff4699343b6eb8132c65e18ec6
2026-02-27 15:07:54,326 [INFO] [u_station_ab_night_autotune_v2] monitor.onchain_factory: ENRICH_RETRY token=0x16a79844a1c798d29c64e559d78aca0f77bca541 pair=0x6d915dde2bc51df38a140b9f23670f7453e64e38 attempt=1/2 delay=10s
2026-02-27 15:07:54,485 [INFO] [u_station_ab_night_autotune_v2] monitor.onchain_factory: ENRICH_RETRY token=0xdb2560ec9ea795e7bfa2686072f24ce87d995ba3 pair=0x10483b7ed3b4c1d231e05b30b33463f6dd20ea66 attempt=1/2 delay=10s
2026-02-27 15:08:04,622 [INFO] [u_station_ab_night_autotune_v2] __main__: WATCHLIST merged count=4
2026-02-27 15:08:04,622 [INFO] [u_station_ab_night_autotune_v2] trading.v2_runtime: V2_UNIVERSE in=5 dedup=5 out=5 target=5 novel_target=5 novel_out=1 repeat_dropped=0 symbol_dropped=0 surge_in=1 surge_target=1 surge_out=1
2026-02-27 15:08:04,622 [INFO] [u_station_ab_night_autotune_v2] __main__: V2_SOURCE_QOS_FILTER in=5 out=3 drops={'source_qos_cap': 2} caps={'watchlist': 2, 'unknown': 0}
2026-02-27 15:08:04,622 [INFO] [u_station_ab_night_autotune_v2] __main__: FILTER_FAIL token=AERO reason=source_qos_cap source=watchlist used=2/2
2026-02-27 15:08:04,622 [INFO] [u_station_ab_night_autotune_v2] __main__: FILTER_FAIL token=VIRTUAL reason=source_qos_cap source=watchlist used=2/2
2026-02-27 15:08:04,622 [INFO] [u_station_ab_night_autotune_v2] __main__: FILTER_PASS token=cbBTC tier=A score=100 mode=GREEN risk=MEDIUM liq=19285449 vol5m=97367
2026-02-27 15:08:04,622 [INFO] [u_station_ab_night_autotune_v2] __main__: FILTER_PASS token=ToruCeoAI tier=A score=100 mode=GREEN risk=MEDIUM liq=121751 vol5m=11845
2026-02-27 15:08:04,622 [INFO] [u_station_ab_night_autotune_v2] __main__: FILTER_FAIL token=ð• reason=safe_volume vol5m=0 min=5 regime=GREEN
2026-02-27 15:08:04,622 [INFO] [u_station_ab_night_autotune_v2] __main__: V2_QUALITY_GATE enabled=True regime=GREEN in=2 out=2 core_out=1 explore_out=1 probe_out=0 quota=1 max_symbol_share=0.500 drop={} sources_used={'watchlist': 2}
2026-02-27 15:08:04,622 [INFO] [u_station_ab_night_autotune_v2] __main__: V2_ENTRY_ROUTE enabled=True regime=GREEN in=2 out=2 core_out=1 explore_out=1 quota=1 allow_explore=True
2026-02-27 15:08:04,622 [INFO] [u_station_ab_night_autotune_v2] __main__: MARKET_REGIME mode=GREEN reason=avg_cand=2.60 avg_cand_recent=2.60
2026-02-27 15:08:04,655 [INFO] [u_station_ab_night_autotune_v2] trading.auto_trader: AutoTrade adjust token=cbBTC reason=min_trade_floor size=$0.10->$0.10 min=$0.10
2026-02-27 15:08:04,655 [INFO] [u_station_ab_night_autotune_v2] trading.auto_trader: AutoTrade skip token=cbBTC reason=ev_net_low expected_net=$-0.00383 min=$-0.00231 samples=37 conf=1.00 pwin=0.43 avg_win=$0.0057 avg_loss=$0.0080 kelly=0.000 mem=sparse trades=5<18
2026-02-27 15:08:04,655 [INFO] [u_station_ab_night_autotune_v2] trading.auto_trader: AutoTrade skip token=ToruCeoAI reason=blacklist detail=honeypot_guard:is_honeypot,flag:high_fail_rate,sell_tax>5.0%(100.0%)
2026-02-27 15:08:04,655 [INFO] [u_station_ab_night_autotune_v2] trading.auto_trader: AutoTrade batch mode=top_n candidates=2 eligible=2 selected=2 opened=0 pe=off burst_window=0
2026-02-27 15:08:04,655 [INFO] [u_station_ab_night_autotune_v2] trading.auto_trader: PAPER_SUMMARY window=60s closed_delta=0 wins_delta=0 losses_delta=0 realized_delta=$0.00 total_closed=110 winrate_total=41.8% realized_total=$0.30 balance=$7.30 equity=$7.30 open=0
2026-02-27 15:08:04,655 [INFO] [u_station_ab_night_autotune_v2] __main__: Scanned 5 tokens | High quality: 2 | Alerts sent: 0 | Trade candidates: 2 | Quality out/core/explore/probe: 2/1/1/0 | Opened: 0 | Mode: local | Source: onchain+market | Policy: raw=OK/effective=OK(healthy | route=allow_all) | Regime: GREEN(avg_cand=2.60) | Safety: checked=2 fail_closed=0 reasons=api_code_4029:2 | FiltersTop(session): source_qos_cap:8,safe_age:4,score_min:4,source_qos_symbol_cap:3 | Dedup: heavy_skip=0 override=0 | V2Budget: 2/280 | SourceQoS: enabled=1/in=5/out=3/dropped=2/active_cd=0/drops=source_qos_cap:2 | Ingest: q=0/oldest=0.0s/drop_old=0/dedup_skip=0/enq=0/drain=0 | Sources: dex_boosts:ok=1/fail=0/429=0/lim_wait=0/cd_wait=0/err=0.0%/avg=50ms; dexscreener:ok=11/fail=0/429=0/lim_wait=0/cd_wait=0/err=0.0%/avg=44ms; onchain_enrich:ok=7/fail=0/429=0/lim_wait=0/cd_wait=0/err=0.0%/avg=87ms; onchain_weth_price:ok=1/fail=0/429=0/lim_wait=0/cd_wait=0/err=0.0%/avg=53ms | Tasks: 3 | RSS: 0.0MB | CycleAvg: 11.11s
2026-02-27 15:08:08,952 [INFO] [u_station_ab_night_autotune_v2] monitor.onchain_factory: PAIR_DETECTED source=uniswap_v2 dex=uniswap_v2 pair=0xca5413da1868e82ced19be3ff4f7353b46d917d7 token0=0x11ecbb762e2a1d1a6c0747cc3030c7ec00c1bb07 token1=0x4200000000000000000000000000000000000006 block=42705963 factory=0x8909dc15e40173ff4699343b6eb8132c65e18ec6
2026-02-27 15:08:09,172 [INFO] [u_station_ab_night_autotune_v2] monitor.onchain_factory: ENRICH_RETRY token=0xdb2560ec9ea795e7bfa2686072f24ce87d995ba3 pair=0x10483b7ed3b4c1d231e05b30b33463f6dd20ea66 attempt=1/2 delay=10s
2026-02-27 15:08:09,426 [INFO] [u_station_ab_night_autotune_v2] monitor.onchain_factory: ENRICH_RETRY token=0x11ecbb762e2a1d1a6c0747cc3030c7ec00c1bb07 pair=0xca5413da1868e82ced19be3ff4f7353b46d917d7 attempt=1/2 delay=10s
2026-02-27 15:08:19,503 [INFO] [u_station_ab_night_autotune_v2] __main__: WATCHLIST merged count=4
2026-02-27 15:08:19,503 [INFO] [u_station_ab_night_autotune_v2] trading.v2_runtime: V2_UNIVERSE in=4 dedup=4 out=4 target=4 novel_target=4 novel_out=0 repeat_dropped=0 symbol_dropped=0 surge_in=1 surge_target=1 surge_out=1
2026-02-27 15:08:19,503 [INFO] [u_station_ab_night_autotune_v2] __main__: V2_SOURCE_QOS_FILTER in=4 out=3 drops={'source_qos_cap': 1} caps={'watchlist': 3}
2026-02-27 15:08:19,503 [INFO] [u_station_ab_night_autotune_v2] __main__: FILTER_FAIL token=VIRTUAL reason=source_qos_cap source=watchlist used=3/3
2026-02-27 15:08:19,503 [INFO] [u_station_ab_night_autotune_v2] __main__: FILTER_PASS token=cbBTC tier=A score=100 mode=GREEN risk=MEDIUM liq=19285449 vol5m=97367
2026-02-27 15:08:19,503 [INFO] [u_station_ab_night_autotune_v2] __main__: FILTER_PASS token=ToruCeoAI tier=A score=100 mode=GREEN risk=MEDIUM liq=121751 vol5m=11845
2026-02-27 15:08:19,503 [INFO] [u_station_ab_night_autotune_v2] __main__: FILTER_PASS token=AERO tier=A score=95 mode=GREEN risk=MEDIUM liq=1317254 vol5m=6610
2026-02-27 15:08:19,503 [INFO] [u_station_ab_night_autotune_v2] __main__: V2_QUALITY_GATE enabled=True regime=GREEN in=3 out=3 core_out=1 explore_out=2 probe_out=0 quota=2 max_symbol_share=0.333 drop={} sources_used={'watchlist': 3}
2026-02-27 15:08:19,519 [INFO] [u_station_ab_night_autotune_v2] __main__: V2_ENTRY_ROUTE enabled=True regime=GREEN in=3 out=2 core_out=1 explore_out=1 quota=1 allow_explore=True
2026-02-27 15:08:19,520 [INFO] [u_station_ab_night_autotune_v2] __main__: MARKET_REGIME mode=GREEN reason=avg_cand=2.67 avg_cand_recent=2.67
2026-02-27 15:08:19,520 [INFO] [u_station_ab_night_autotune_v2] trading.auto_trader: AutoTrade adjust token=cbBTC reason=min_trade_floor size=$0.10->$0.10 min=$0.10
2026-02-27 15:08:19,522 [INFO] [u_station_ab_night_autotune_v2] trading.auto_trader: AutoTrade skip token=cbBTC reason=ev_net_low expected_net=$-0.00383 min=$-0.00231 samples=37 conf=1.00 pwin=0.43 avg_win=$0.0057 avg_loss=$0.0080 kelly=0.000 mem=sparse trades=5<18
2026-02-27 15:08:19,522 [INFO] [u_station_ab_night_autotune_v2] trading.auto_trader: AutoTrade skip token=ToruCeoAI reason=blacklist detail=honeypot_guard:is_honeypot,flag:high_fail_rate,sell_tax>5.0%(100.0%)
2026-02-27 15:08:19,522 [INFO] [u_station_ab_night_autotune_v2] trading.auto_trader: AutoTrade batch mode=top_n candidates=2 eligible=2 selected=2 opened=0 pe=off burst_window=0
2026-02-27 15:08:19,522 [INFO] [u_station_ab_night_autotune_v2] __main__: Scanned 4 tokens | High quality: 3 | Alerts sent: 0 | Trade candidates: 3 | Quality out/core/explore/probe: 3/1/2/0 | Opened: 0 | Mode: local | Source: onchain+market | Policy: raw=OK/effective=OK(healthy | route=allow_all) | Regime: GREEN(avg_cand=2.67) | Safety: checked=3 fail_closed=0 reasons=api_code_4029:3 | FiltersTop(session): source_qos_cap:9,safe_age:4,score_min:4,source_qos_symbol_cap:3 | Dedup: heavy_skip=0 override=0 | V2Budget: 3/280 | SourceQoS: enabled=1/in=4/out=3/dropped=1/active_cd=0/drops=source_qos_cap:1 | Ingest: q=1/oldest=10.7s/drop_old=0/dedup_skip=0/enq=1/drain=0 | Sources: dex_boosts:ok=1/fail=0/429=0/lim_wait=0/cd_wait=0/err=0.0%/avg=37ms; dexscreener:ok=11/fail=0/429=0/lim_wait=0/cd_wait=0/err=0.0%/avg=59ms; geckoterminal:ok=1/fail=0/429=0/lim_wait=0/cd_wait=0/err=0.0%/avg=252ms; onchain_enrich:ok=8/fail=0/429=0/lim_wait=0/cd_wait=0/err=0.0%/avg=74ms | Tasks: 3 | RSS: 0.0MB | CycleAvg: 11.07s
2026-02-27 15:08:23,869 [INFO] [u_station_ab_night_autotune_v2] monitor.onchain_factory: PAIR_DETECTED source=uniswap_v2 dex=uniswap_v2 pair=0x1395ca8cf99bec619d5b4d06dc736aa21be8f50c token0=0x4200000000000000000000000000000000000006 token1=0xe42b6f21d825a0b07c0c2cf4aa2147d9ce276b62 block=42705974 factory=0x8909dc15e40173ff4699343b6eb8132c65e18ec6
2026-02-27 15:08:24,083 [INFO] [u_station_ab_night_autotune_v2] monitor.onchain_factory: ENRICH_RETRY token=0xdb2560ec9ea795e7bfa2686072f24ce87d995ba3 pair=0x10483b7ed3b4c1d231e05b30b33463f6dd20ea66 attempt=1/2 delay=10s
2026-02-27 15:08:24,139 [INFO] [u_station_ab_night_autotune_v2] monitor.onchain_factory: ENRICH_RETRY token=0x11ecbb762e2a1d1a6c0747cc3030c7ec00c1bb07 pair=0xca5413da1868e82ced19be3ff4f7353b46d917d7 attempt=1/2 delay=10s
2026-02-27 15:08:24,301 [INFO] [u_station_ab_night_autotune_v2] monitor.onchain_factory: ENRICH_RETRY token=0xe42b6f21d825a0b07c0c2cf4aa2147d9ce276b62 pair=0x1395ca8cf99bec619d5b4d06dc736aa21be8f50c attempt=1/2 delay=10s
2026-02-27 15:08:34,387 [INFO] [u_station_ab_night_autotune_v2] __main__: WATCHLIST merged count=4
2026-02-27 15:08:34,387 [INFO] [u_station_ab_night_autotune_v2] trading.v2_runtime: V2_UNIVERSE in=6 dedup=6 out=6 target=6 novel_target=6 novel_out=2 repeat_dropped=0 symbol_dropped=0 surge_in=1 surge_target=1 surge_out=1
2026-02-27 15:08:34,387 [INFO] [u_station_ab_night_autotune_v2] __main__: V2_SOURCE_QOS_FILTER in=6 out=4 drops={'source_qos_cap': 2} caps={'watchlist': 2, 'unknown': 0, 'geckoterminal': 287}
2026-02-27 15:08:34,387 [INFO] [u_station_ab_night_autotune_v2] __main__: FILTER_FAIL token=AERO reason=source_qos_cap source=watchlist used=2/2
2026-02-27 15:08:34,387 [INFO] [u_station_ab_night_autotune_v2] __main__: FILTER_FAIL token=VIRTUAL reason=source_qos_cap source=watchlist used=2/2
2026-02-27 15:08:34,387 [INFO] [u_station_ab_night_autotune_v2] __main__: FILTER_PASS token=cbBTC tier=A score=100 mode=GREEN risk=MEDIUM liq=19285449 vol5m=97367
2026-02-27 15:08:34,387 [INFO] [u_station_ab_night_autotune_v2] __main__: FILTER_PASS token=ToruCeoAI tier=A score=100 mode=GREEN risk=MEDIUM liq=121751 vol5m=11845
2026-02-27 15:08:34,387 [INFO] [u_station_ab_night_autotune_v2] __main__: FILTER_FAIL token=NX1 reason=score_min score=30 strict_min=48 soft_min=48 mode=GREEN
2026-02-27 15:08:34,387 [INFO] [u_station_ab_night_autotune_v2] __main__: FILTER_FAIL token=Novaiok reason=score_min score=20 strict_min=48 soft_min=48 mode=GREEN
2026-02-27 15:08:34,387 [INFO] [u_station_ab_night_autotune_v2] __main__: V2_QUALITY_GATE enabled=True regime=GREEN in=2 out=2 core_out=1 explore_out=1 probe_out=0 quota=1 max_symbol_share=0.500 drop={} sources_used={'watchlist': 2}
2026-02-27 15:08:34,387 [INFO] [u_station_ab_night_autotune_v2] __main__: V2_ENTRY_ROUTE enabled=True regime=GREEN in=2 out=2 core_out=1 explore_out=1 quota=1 allow_explore=True
2026-02-27 15:08:34,387 [INFO] [u_station_ab_night_autotune_v2] __main__: MARKET_REGIME mode=GREEN reason=avg_cand=2.57 avg_cand_recent=2.57
2026-02-27 15:08:34,403 [INFO] [u_station_ab_night_autotune_v2] trading.auto_trader: AutoTrade adjust token=cbBTC reason=min_trade_floor size=$0.10->$0.10 min=$0.10
2026-02-27 15:08:34,403 [INFO] [u_station_ab_night_autotune_v2] trading.auto_trader: AutoTrade skip token=cbBTC reason=ev_net_low expected_net=$-0.00383 min=$-0.00231 samples=37 conf=1.00 pwin=0.43 avg_win=$0.0057 avg_loss=$0.0080 kelly=0.000 mem=sparse trades=5<18
2026-02-27 15:08:34,403 [INFO] [u_station_ab_night_autotune_v2] trading.auto_trader: AutoTrade skip token=ToruCeoAI reason=blacklist detail=honeypot_guard:is_honeypot,flag:high_fail_rate,sell_tax>5.0%(100.0%)
2026-02-27 15:08:34,403 [INFO] [u_station_ab_night_autotune_v2] trading.auto_trader: AutoTrade batch mode=top_n candidates=2 eligible=2 selected=2 opened=0 pe=off burst_window=0
2026-02-27 15:08:34,403 [INFO] [u_station_ab_night_autotune_v2] __main__: Scanned 6 tokens | High quality: 2 | Alerts sent: 0 | Trade candidates: 2 | Quality out/core/explore/probe: 2/1/1/0 | Opened: 0 | Mode: local | Source: onchain+market | Policy: raw=OK/effective=OK(healthy | route=allow_all) | Regime: GREEN(avg_cand=2.57) | Safety: checked=2 fail_closed=0 reasons=api_code_4029:2 | FiltersTop(session): source_qos_cap:11,score_min:6,safe_age:4,source_qos_symbol_cap:3 | Dedup: heavy_skip=0 override=0 | V2Budget: 2/280 | SourceQoS: enabled=1/in=6/out=4/dropped=2/active_cd=0/drops=source_qos_cap:2 | Ingest: q=0/oldest=0.0s/drop_old=0/dedup_skip=0/enq=0/drain=1 | Sources: dex_boosts:ok=1/fail=0/429=0/lim_wait=0/cd_wait=0/err=0.0%/avg=53ms; dexscreener:ok=11/fail=0/429=0/lim_wait=0/cd_wait=0/err=0.0%/avg=200ms; onchain_enrich:ok=11/fail=0/429=0/lim_wait=0/cd_wait=0/err=0.0%/avg=83ms | Tasks: 3 | RSS: 0.0MB | CycleAvg: 11.04s
2026-02-27 15:08:38,683 [INFO] [u_station_ab_night_autotune_v2] monitor.onchain_factory: PAIR_DETECTED source=uniswap_v2 dex=uniswap_v2 pair=0x9473e660df88c6db9ccbc85bfabb14e6fa861537 token0=0x4200000000000000000000000000000000000006 token1=0x8bd5d5c04054f3f2e2c386a8d889d36a62165ba3 block=42705983 factory=0x8909dc15e40173ff4699343b6eb8132c65e18ec6
2026-02-27 15:08:38,905 [INFO] [u_station_ab_night_autotune_v2] monitor.onchain_factory: ENRICH_RETRY token=0x11ecbb762e2a1d1a6c0747cc3030c7ec00c1bb07 pair=0xca5413da1868e82ced19be3ff4f7353b46d917d7 attempt=1/2 delay=10s
2026-02-27 15:08:38,937 [INFO] [u_station_ab_night_autotune_v2] monitor.onchain_factory: ENRICH_RETRY token=0xe42b6f21d825a0b07c0c2cf4aa2147d9ce276b62 pair=0x1395ca8cf99bec619d5b4d06dc736aa21be8f50c attempt=1/2 delay=10s
2026-02-27 15:08:39,166 [INFO] [u_station_ab_night_autotune_v2] monitor.onchain_factory: ENRICH_RETRY token=0x8bd5d5c04054f3f2e2c386a8d889d36a62165ba3 pair=0x9473e660df88c6db9ccbc85bfabb14e6fa861537 attempt=1/2 delay=10s
2026-02-27 15:08:49,336 [INFO] [u_station_ab_night_autotune_v2] __main__: WATCHLIST merged count=4
2026-02-27 15:08:49,336 [INFO] [u_station_ab_night_autotune_v2] trading.v2_runtime: V2_UNIVERSE in=6 dedup=6 out=6 target=6 novel_target=6 novel_out=2 repeat_dropped=0 symbol_dropped=0 surge_in=1 surge_target=1 surge_out=1
2026-02-27 15:08:49,336 [INFO] [u_station_ab_night_autotune_v2] __main__: V2_SOURCE_QOS_FILTER in=6 out=4 drops={'source_qos_cap': 2} caps={'watchlist': 2, 'unknown': 0}
2026-02-27 15:08:49,336 [INFO] [u_station_ab_night_autotune_v2] __main__: FILTER_FAIL token=AERO reason=source_qos_cap source=watchlist used=2/2
2026-02-27 15:08:49,336 [INFO] [u_station_ab_night_autotune_v2] __main__: FILTER_FAIL token=VIRTUAL reason=source_qos_cap source=watchlist used=2/2
2026-02-27 15:08:49,336 [INFO] [u_station_ab_night_autotune_v2] __main__: FILTER_PASS token=cbBTC tier=A score=100 mode=GREEN risk=MEDIUM liq=19285449 vol5m=97367
2026-02-27 15:08:49,336 [INFO] [u_station_ab_night_autotune_v2] __main__: FILTER_PASS token=ToruCeoAI tier=A score=100 mode=GREEN risk=MEDIUM liq=121751 vol5m=11845
2026-02-27 15:08:49,336 [INFO] [u_station_ab_night_autotune_v2] __main__: FILTER_FAIL token=NOMOREWAR reason=safe_volume vol5m=0 min=5 regime=GREEN
2026-02-27 15:08:49,336 [INFO] [u_station_ab_night_autotune_v2] __main__: FILTER_FAIL token=SpinCo reason=score_min score=20 strict_min=48 soft_min=48 mode=GREEN
2026-02-27 15:08:49,336 [INFO] [u_station_ab_night_autotune_v2] __main__: V2_QUALITY_GATE enabled=True regime=GREEN in=2 out=2 core_out=1 explore_out=1 probe_out=0 quota=1 max_symbol_share=0.500 drop={} sources_used={'watchlist': 2}
2026-02-27 15:08:49,336 [INFO] [u_station_ab_night_autotune_v2] __main__: V2_ENTRY_ROUTE enabled=True regime=GREEN in=2 out=2 core_out=1 explore_out=1 quota=1 allow_explore=True
2026-02-27 15:08:49,336 [INFO] [u_station_ab_night_autotune_v2] __main__: MARKET_REGIME mode=GREEN reason=avg_cand=2.50 avg_cand_recent=2.50
2026-02-27 15:08:49,336 [INFO] [u_station_ab_night_autotune_v2] trading.auto_trader: AutoTrade adjust token=cbBTC reason=min_trade_floor size=$0.10->$0.10 min=$0.10
2026-02-27 15:08:49,336 [INFO] [u_station_ab_night_autotune_v2] trading.auto_trader: AutoTrade skip token=cbBTC reason=ev_net_low expected_net=$-0.00383 min=$-0.00231 samples=37 conf=1.00 pwin=0.43 avg_win=$0.0057 avg_loss=$0.0080 kelly=0.000 mem=sparse trades=5<18
2026-02-27 15:08:49,352 [INFO] [u_station_ab_night_autotune_v2] trading.auto_trader: AutoTrade skip token=ToruCeoAI reason=blacklist detail=honeypot_guard:is_honeypot,flag:high_fail_rate,sell_tax>5.0%(100.0%)
2026-02-27 15:08:49,352 [INFO] [u_station_ab_night_autotune_v2] trading.auto_trader: AutoTrade batch mode=top_n candidates=2 eligible=2 selected=2 opened=0 pe=off burst_window=0
2026-02-27 15:08:49,354 [INFO] [u_station_ab_night_autotune_v2] __main__: Scanned 6 tokens | High quality: 2 | Alerts sent: 0 | Trade candidates: 2 | Quality out/core/explore/probe: 2/1/1/0 | Opened: 0 | Mode: local | Source: onchain+market | Policy: raw=OK/effective=OK(healthy | route=allow_all) | Regime: GREEN(avg_cand=2.50) | Safety: checked=2 fail_closed=0 reasons=api_code_4029:2 | FiltersTop(session): source_qos_cap:13,score_min:7,safe_age:4,source_qos_symbol_cap:3 | Dedup: heavy_skip=0 override=0 | V2Budget: 2/280 | SourceQoS: enabled=1/in=6/out=4/dropped=2/active_cd=0/drops=source_qos_cap:2 | Ingest: q=0/oldest=0.0s/drop_old=0/dedup_skip=0/enq=0/drain=0 | Sources: dex_boosts:ok=1/fail=0/429=0/lim_wait=0/cd_wait=0/err=0.0%/avg=45ms; dexscreener:ok=11/fail=0/429=0/lim_wait=0/cd_wait=0/err=0.0%/avg=49ms; onchain_enrich:ok=10/fail=0/429=0/lim_wait=0/cd_wait=0/err=0.0%/avg=124ms | Tasks: 3 | RSS: 0.0MB | CycleAvg: 11.01s
2026-02-27 15:08:53,868 [INFO] [u_station_ab_night_autotune_v2] monitor.onchain_factory: ENRICH_RETRY token=0x8bd5d5c04054f3f2e2c386a8d889d36a62165ba3 pair=0x9473e660df88c6db9ccbc85bfabb14e6fa861537 attempt=1/2 delay=10s
2026-02-27 15:09:03,978 [INFO] [u_station_ab_night_autotune_v2] __main__: WATCHLIST merged count=4
2026-02-27 15:09:03,978 [INFO] [u_station_ab_night_autotune_v2] trading.v2_runtime: V2_UNIVERSE in=4 dedup=4 out=4 target=4 novel_target=4 novel_out=0 repeat_dropped=0 symbol_dropped=0 surge_in=1 surge_target=1 surge_out=1
2026-02-27 15:09:03,978 [INFO] [u_station_ab_night_autotune_v2] __main__: V2_SOURCE_QOS_FILTER in=4 out=3 drops={'source_qos_cap': 1} caps={'watchlist': 3}
2026-02-27 15:09:03,994 [INFO] [u_station_ab_night_autotune_v2] __main__: FILTER_FAIL token=VIRTUAL reason=source_qos_cap source=watchlist used=3/3
2026-02-27 15:09:03,994 [INFO] [u_station_ab_night_autotune_v2] __main__: FILTER_PASS token=cbBTC tier=A score=100 mode=GREEN risk=MEDIUM liq=19285449 vol5m=97367
2026-02-27 15:09:03,996 [INFO] [u_station_ab_night_autotune_v2] __main__: FILTER_PASS token=ToruCeoAI tier=A score=100 mode=GREEN risk=MEDIUM liq=121751 vol5m=11845
2026-02-27 15:09:03,997 [INFO] [u_station_ab_night_autotune_v2] __main__: FILTER_PASS token=AERO tier=A score=95 mode=GREEN risk=MEDIUM liq=1317254 vol5m=6610
2026-02-27 15:09:03,999 [INFO] [u_station_ab_night_autotune_v2] __main__: V2_QUALITY_GATE enabled=True regime=GREEN in=3 out=3 core_out=1 explore_out=2 probe_out=0 quota=2 max_symbol_share=0.333 drop={} sources_used={'watchlist': 3}
2026-02-27 15:09:04,000 [INFO] [u_station_ab_night_autotune_v2] __main__: V2_ENTRY_ROUTE enabled=True regime=GREEN in=3 out=2 core_out=1 explore_out=1 quota=1 allow_explore=True
2026-02-27 15:09:04,000 [INFO] [u_station_ab_night_autotune_v2] __main__: MARKET_REGIME mode=GREEN reason=avg_cand=2.56 avg_cand_recent=2.56
2026-02-27 15:09:04,002 [INFO] [u_station_ab_night_autotune_v2] trading.auto_trader: AutoTrade adjust token=cbBTC reason=min_trade_floor size=$0.10->$0.10 min=$0.10
2026-02-27 15:09:04,003 [INFO] [u_station_ab_night_autotune_v2] trading.auto_trader: AutoTrade skip token=cbBTC reason=ev_net_low expected_net=$-0.00383 min=$-0.00231 samples=37 conf=1.00 pwin=0.43 avg_win=$0.0057 avg_loss=$0.0080 kelly=0.000 mem=sparse trades=5<18
2026-02-27 15:09:04,004 [INFO] [u_station_ab_night_autotune_v2] trading.auto_trader: AutoTrade skip token=ToruCeoAI reason=blacklist detail=honeypot_guard:is_honeypot,flag:high_fail_rate,sell_tax>5.0%(100.0%)
2026-02-27 15:09:04,005 [INFO] [u_station_ab_night_autotune_v2] trading.auto_trader: AutoTrade batch mode=top_n candidates=2 eligible=2 selected=2 opened=0 pe=off burst_window=0
2026-02-27 15:09:04,006 [INFO] [u_station_ab_night_autotune_v2] __main__: Scanned 4 tokens | High quality: 3 | Alerts sent: 0 | Trade candidates: 3 | Quality out/core/explore/probe: 3/1/2/0 | Opened: 0 | Mode: local | Source: onchain+market | Policy: raw=OK/effective=OK(healthy | route=allow_all) | Regime: GREEN(avg_cand=2.56) | Safety: checked=3 fail_closed=0 reasons=api_code_4029:3 | FiltersTop(session): source_qos_cap:14,score_min:7,safe_age:4,source_qos_symbol_cap:3 | Dedup: heavy_skip=0 override=0 | V2Budget: 3/280 | SourceQoS: enabled=1/in=4/out=3/dropped=1/active_cd=0/drops=source_qos_cap:1 | Ingest: q=0/oldest=0.0s/drop_old=0/dedup_skip=0/enq=0/drain=0 | Sources: dex_boosts:ok=1/fail=0/429=0/lim_wait=0/cd_wait=0/err=0.0%/avg=40ms; dexscreener:ok=11/fail=0/429=0/lim_wait=0/cd_wait=0/err=0.0%/avg=47ms; onchain_enrich:ok=4/fail=0/429=0/lim_wait=0/cd_wait=0/err=0.0%/avg=51ms | Tasks: 3 | RSS: 0.0MB | CycleAvg: 11.00s
2026-02-27 15:09:08,271 [INFO] [u_station_ab_night_autotune_v2] monitor.onchain_factory: PAIR_DETECTED source=uniswap_v2 dex=uniswap_v2 pair=0x1a8bba53020d5ad967d10935dde265040e1905aa token0=0x4200000000000000000000000000000000000006 token1=0x6c056aac59917630920d194d8ae070e75288bb07 block=42705994 factory=0x8909dc15e40173ff4699343b6eb8132c65e18ec6
2026-02-27 15:09:08,534 [INFO] [u_station_ab_night_autotune_v2] monitor.onchain_factory: ENRICH_RETRY token=0x8bd5d5c04054f3f2e2c386a8d889d36a62165ba3 pair=0x9473e660df88c6db9ccbc85bfabb14e6fa861537 attempt=1/2 delay=10s
2026-02-27 15:09:08,719 [INFO] [u_station_ab_night_autotune_v2] monitor.onchain_factory: ENRICH_RETRY token=0x6c056aac59917630920d194d8ae070e75288bb07 pair=0x1a8bba53020d5ad967d10935dde265040e1905aa attempt=1/2 delay=10s
2026-02-27 15:09:18,929 [INFO] [u_station_ab_night_autotune_v2] __main__: WATCHLIST merged count=4
2026-02-27 15:09:18,929 [INFO] [u_station_ab_night_autotune_v2] trading.v2_runtime: V2_UNIVERSE in=5 dedup=5 out=5 target=5 novel_target=5 novel_out=1 repeat_dropped=0 symbol_dropped=0 surge_in=1 surge_target=1 surge_out=1
2026-02-27 15:09:18,943 [INFO] [u_station_ab_night_autotune_v2] __main__: V2_SOURCE_QOS_FILTER in=5 out=3 drops={'source_qos_cap': 2} caps={'watchlist': 2, 'unknown': 0}
2026-02-27 15:09:18,943 [INFO] [u_station_ab_night_autotune_v2] __main__: FILTER_FAIL token=AERO reason=source_qos_cap source=watchlist used=2/2
2026-02-27 15:09:18,943 [INFO] [u_station_ab_night_autotune_v2] __main__: FILTER_FAIL token=VIRTUAL reason=source_qos_cap source=watchlist used=2/2
2026-02-27 15:09:18,943 [INFO] [u_station_ab_night_autotune_v2] __main__: FILTER_PASS token=cbBTC tier=A score=100 mode=GREEN risk=MEDIUM liq=19285449 vol5m=97367
2026-02-27 15:09:18,943 [INFO] [u_station_ab_night_autotune_v2] __main__: FILTER_PASS token=ToruCeoAI tier=A score=100 mode=GREEN risk=MEDIUM liq=121751 vol5m=11845
2026-02-27 15:09:18,943 [INFO] [u_station_ab_night_autotune_v2] __main__: FILTER_FAIL token=Novaiok reason=score_min score=20 strict_min=48 soft_min=48 mode=GREEN
2026-02-27 15:09:18,943 [INFO] [u_station_ab_night_autotune_v2] __main__: V2_QUALITY_GATE enabled=True regime=GREEN in=2 out=2 core_out=1 explore_out=1 probe_out=0 quota=1 max_symbol_share=0.500 drop={} sources_used={'watchlist': 2}
2026-02-27 15:09:18,943 [INFO] [u_station_ab_night_autotune_v2] __main__: V2_ENTRY_ROUTE enabled=True regime=GREEN in=2 out=2 core_out=1 explore_out=1 quota=1 allow_explore=True
2026-02-27 15:09:18,943 [INFO] [u_station_ab_night_autotune_v2] __main__: MARKET_REGIME mode=GREEN reason=avg_cand=2.50 avg_cand_recent=2.50
2026-02-27 15:09:18,943 [INFO] [u_station_ab_night_autotune_v2] trading.auto_trader: AutoTrade adjust token=cbBTC reason=min_trade_floor size=$0.10->$0.10 min=$0.10
2026-02-27 15:09:18,943 [INFO] [u_station_ab_night_autotune_v2] trading.auto_trader: AutoTrade skip token=cbBTC reason=ev_net_low expected_net=$-0.00383 min=$-0.00231 samples=37 conf=1.00 pwin=0.43 avg_win=$0.0057 avg_loss=$0.0080 kelly=0.000 mem=sparse trades=5<18
2026-02-27 15:09:18,943 [INFO] [u_station_ab_night_autotune_v2] trading.auto_trader: AutoTrade skip token=ToruCeoAI reason=blacklist detail=honeypot_guard:is_honeypot,flag:high_fail_rate,sell_tax>5.0%(100.0%)
2026-02-27 15:09:18,943 [INFO] [u_station_ab_night_autotune_v2] trading.auto_trader: AutoTrade batch mode=top_n candidates=2 eligible=2 selected=2 opened=0 pe=off burst_window=0
2026-02-27 15:09:18,953 [INFO] [u_station_ab_night_autotune_v2] trading.auto_trader: PAPER_SUMMARY window=60s closed_delta=0 wins_delta=0 losses_delta=0 realized_delta=$0.00 total_closed=110 winrate_total=41.8% realized_total=$0.30 balance=$7.30 equity=$7.30 open=0
2026-02-27 15:09:18,954 [INFO] [u_station_ab_night_autotune_v2] __main__: Scanned 5 tokens | High quality: 2 | Alerts sent: 0 | Trade candidates: 2 | Quality out/core/explore/probe: 2/1/1/0 | Opened: 0 | Mode: local | Source: onchain+market | Policy: raw=OK/effective=OK(healthy | route=allow_all) | Regime: GREEN(avg_cand=2.50) | Safety: checked=2 fail_closed=0 reasons=api_code_4029:2 | FiltersTop(session): source_qos_cap:16,score_min:8,safe_age:4,source_qos_symbol_cap:3 | Dedup: heavy_skip=0 override=0 | V2Budget: 2/280 | SourceQoS: enabled=1/in=5/out=3/dropped=2/active_cd=0/drops=source_qos_cap:2 | Ingest: q=0/oldest=0.0s/drop_old=0/dedup_skip=0/enq=0/drain=0 | Sources: dex_boosts:ok=1/fail=0/429=0/lim_wait=0/cd_wait=0/err=0.0%/avg=45ms; dexscreener:ok=11/fail=0/429=0/lim_wait=0/cd_wait=0/err=0.0%/avg=198ms; onchain_enrich:ok=7/fail=0/429=0/lim_wait=0/cd_wait=0/err=0.0%/avg=128ms; onchain_weth_price:ok=1/fail=0/429=0/lim_wait=0/cd_wait=0/err=0.0%/avg=53ms | Tasks: 3 | RSS: 0.0MB | CycleAvg: 10.96s
2026-02-27 15:09:23,581 [INFO] [u_station_ab_night_autotune_v2] monitor.onchain_factory: ENRICH_RETRY token=0x6c056aac59917630920d194d8ae070e75288bb07 pair=0x1a8bba53020d5ad967d10935dde265040e1905aa attempt=1/2 delay=10s
2026-02-27 15:09:33,670 [INFO] [u_station_ab_night_autotune_v2] __main__: WATCHLIST merged count=4
2026-02-27 15:09:33,670 [INFO] [u_station_ab_night_autotune_v2] trading.v2_runtime: V2_UNIVERSE in=4 dedup=4 out=4 target=4 novel_target=4 novel_out=0 repeat_dropped=0 symbol_dropped=0 surge_in=1 surge_target=1 surge_out=1
2026-02-27 15:09:33,670 [INFO] [u_station_ab_night_autotune_v2] __main__: V2_SOURCE_QOS_FILTER in=4 out=3 drops={'source_qos_cap': 1} caps={'watchlist': 3}
2026-02-27 15:09:33,670 [INFO] [u_station_ab_night_autotune_v2] __main__: FILTER_FAIL token=VIRTUAL reason=source_qos_cap source=watchlist used=3/3
2026-02-27 15:09:33,685 [INFO] [u_station_ab_night_autotune_v2] __main__: FILTER_PASS token=cbBTC tier=A score=100 mode=GREEN risk=MEDIUM liq=19285449 vol5m=97367
2026-02-27 15:09:33,685 [INFO] [u_station_ab_night_autotune_v2] __main__: FILTER_PASS token=ToruCeoAI tier=A score=100 mode=GREEN risk=MEDIUM liq=121751 vol5m=11845
2026-02-27 15:09:33,685 [INFO] [u_station_ab_night_autotune_v2] __main__: FILTER_PASS token=AERO tier=A score=95 mode=GREEN risk=MEDIUM liq=1317254 vol5m=6610
2026-02-27 15:09:33,685 [INFO] [u_station_ab_night_autotune_v2] __main__: V2_QUALITY_GATE enabled=True regime=GREEN in=3 out=3 core_out=1 explore_out=2 probe_out=0 quota=2 max_symbol_share=0.333 drop={} sources_used={'watchlist': 3}
2026-02-27 15:09:33,685 [INFO] [u_station_ab_night_autotune_v2] __main__: V2_ENTRY_ROUTE enabled=True regime=GREEN in=3 out=2 core_out=1 explore_out=1 quota=1 allow_explore=True
2026-02-27 15:09:33,685 [INFO] [u_station_ab_night_autotune_v2] __main__: MARKET_REGIME mode=GREEN reason=avg_cand=2.55 avg_cand_recent=2.55
2026-02-27 15:09:33,685 [INFO] [u_station_ab_night_autotune_v2] trading.auto_trader: AutoTrade adjust token=cbBTC reason=min_trade_floor size=$0.10->$0.10 min=$0.10
2026-02-27 15:09:33,685 [INFO] [u_station_ab_night_autotune_v2] trading.auto_trader: AutoTrade skip token=cbBTC reason=ev_net_low expected_net=$-0.00383 min=$-0.00231 samples=37 conf=1.00 pwin=0.43 avg_win=$0.0057 avg_loss=$0.0080 kelly=0.000 mem=sparse trades=5<18
2026-02-27 15:09:33,685 [INFO] [u_station_ab_night_autotune_v2] trading.auto_trader: AutoTrade skip token=ToruCeoAI reason=blacklist detail=honeypot_guard:is_honeypot,flag:high_fail_rate,sell_tax>5.0%(100.0%)
2026-02-27 15:09:33,685 [INFO] [u_station_ab_night_autotune_v2] trading.auto_trader: AutoTrade batch mode=top_n candidates=2 eligible=2 selected=2 opened=0 pe=off burst_window=0
2026-02-27 15:09:33,701 [INFO] [u_station_ab_night_autotune_v2] __main__: Scanned 4 tokens | High quality: 3 | Alerts sent: 0 | Trade candidates: 3 | Quality out/core/explore/probe: 3/1/2/0 | Opened: 0 | Mode: local | Source: onchain+market | Policy: raw=OK/effective=OK(healthy | route=allow_all) | Regime: GREEN(avg_cand=2.55) | Safety: checked=3 fail_closed=0 reasons=api_code_4029:3 | FiltersTop(session): source_qos_cap:17,score_min:8,safe_age:4,source_qos_symbol_cap:3 | Dedup: heavy_skip=0 override=0 | V2Budget: 3/280 | SourceQoS: enabled=1/in=4/out=3/dropped=1/active_cd=0/drops=source_qos_cap:1 | Ingest: q=1/oldest=9.6s/drop_old=0/dedup_skip=0/enq=1/drain=0 | Sources: dex_boosts:ok=1/fail=0/429=0/lim_wait=0/cd_wait=0/err=0.0%/avg=31ms; dexscreener:ok=11/fail=0/429=0/lim_wait=0/cd_wait=0/err=0.0%/avg=45ms; geckoterminal:ok=1/fail=0/429=0/lim_wait=0/cd_wait=0/err=0.0%/avg=244ms; onchain_enrich:ok=4/fail=0/429=0/lim_wait=0/cd_wait=0/err=0.0%/avg=74ms | Tasks: 3 | RSS: 0.0MB | CycleAvg: 10.96s
2026-02-27 15:09:37,980 [INFO] [u_station_ab_night_autotune_v2] monitor.onchain_factory: PAIR_DETECTED source=uniswap_v2 dex=uniswap_v2 pair=0x9064ab513764ed60a4777b60074eaa8f67be7a8c token0=0x4200000000000000000000000000000000000006 token1=0xc593fcc312cec8153c90f233a44387f1961e5ba3 block=42706010 factory=0x8909dc15e40173ff4699343b6eb8132c65e18ec6
2026-02-27 15:09:38,269 [INFO] [u_station_ab_night_autotune_v2] monitor.onchain_factory: ENRICH_RETRY token=0x6c056aac59917630920d194d8ae070e75288bb07 pair=0x1a8bba53020d5ad967d10935dde265040e1905aa attempt=1/2 delay=10s
2026-02-27 15:09:38,422 [INFO] [u_station_ab_night_autotune_v2] monitor.onchain_factory: ENRICH_RETRY token=0xc593fcc312cec8153c90f233a44387f1961e5ba3 pair=0x9064ab513764ed60a4777b60074eaa8f67be7a8c attempt=1/2 delay=10s
2026-02-27 15:09:48,487 [INFO] [u_station_ab_night_autotune_v2] __main__: WATCHLIST merged count=4
2026-02-27 15:09:48,487 [INFO] [u_station_ab_night_autotune_v2] trading.v2_runtime: V2_UNIVERSE in=6 dedup=6 out=6 target=6 novel_target=6 novel_out=1 repeat_dropped=0 symbol_dropped=0 surge_in=1 surge_target=1 surge_out=1
2026-02-27 15:09:48,487 [INFO] [u_station_ab_night_autotune_v2] __main__: V2_SOURCE_QOS_FILTER in=6 out=4 drops={'source_qos_cap': 2} caps={'watchlist': 2, 'unknown': 0, 'geckoterminal': 287}
2026-02-27 15:09:48,487 [INFO] [u_station_ab_night_autotune_v2] __main__: FILTER_FAIL token=AERO reason=source_qos_cap source=watchlist used=2/2
2026-02-27 15:09:48,487 [INFO] [u_station_ab_night_autotune_v2] __main__: FILTER_FAIL token=VIRTUAL reason=source_qos_cap source=watchlist used=2/2
2026-02-27 15:09:48,498 [INFO] [u_station_ab_night_autotune_v2] __main__: FILTER_PASS token=cbBTC tier=A score=100 mode=GREEN risk=MEDIUM liq=19285449 vol5m=97367
2026-02-27 15:09:48,498 [INFO] [u_station_ab_night_autotune_v2] __main__: FILTER_PASS token=ToruCeoAI tier=A score=100 mode=GREEN risk=MEDIUM liq=121751 vol5m=11845
2026-02-27 15:09:48,498 [INFO] [u_station_ab_night_autotune_v2] __main__: FILTER_FAIL token=NOMOREWAR reason=safe_volume vol5m=0 min=5 regime=GREEN
2026-02-27 15:09:48,498 [INFO] [u_station_ab_night_autotune_v2] __main__: FILTER_FAIL token=POKEX reason=score_min score=20 strict_min=48 soft_min=48 mode=GREEN
2026-02-27 15:09:48,498 [INFO] [u_station_ab_night_autotune_v2] __main__: V2_QUALITY_GATE enabled=True regime=GREEN in=2 out=2 core_out=1 explore_out=1 probe_out=0 quota=1 max_symbol_share=0.500 drop={} sources_used={'watchlist': 2}
2026-02-27 15:09:48,498 [INFO] [u_station_ab_night_autotune_v2] __main__: V2_ENTRY_ROUTE enabled=True regime=GREEN in=2 out=2 core_out=1 explore_out=1 quota=1 allow_explore=True
2026-02-27 15:09:48,503 [INFO] [u_station_ab_night_autotune_v2] __main__: MARKET_REGIME mode=GREEN reason=avg_cand=2.50 avg_cand_recent=2.50
2026-02-27 15:09:48,520 [INFO] [u_station_ab_night_autotune_v2] trading.auto_trader: AutoTrade adjust token=cbBTC reason=min_trade_floor size=$0.10->$0.10 min=$0.10
2026-02-27 15:09:48,520 [INFO] [u_station_ab_night_autotune_v2] trading.auto_trader: AutoTrade skip token=cbBTC reason=ev_net_low expected_net=$-0.00383 min=$-0.00231 samples=37 conf=1.00 pwin=0.43 avg_win=$0.0057 avg_loss=$0.0080 kelly=0.000 mem=sparse trades=5<18
2026-02-27 15:09:48,520 [INFO] [u_station_ab_night_autotune_v2] trading.auto_trader: AutoTrade skip token=ToruCeoAI reason=blacklist detail=honeypot_guard:is_honeypot,flag:high_fail_rate,sell_tax>5.0%(100.0%)
2026-02-27 15:09:48,520 [INFO] [u_station_ab_night_autotune_v2] trading.auto_trader: AutoTrade batch mode=top_n candidates=2 eligible=2 selected=2 opened=0 pe=off burst_window=0
2026-02-27 15:09:48,520 [INFO] [u_station_ab_night_autotune_v2] __main__: Scanned 6 tokens | High quality: 2 | Alerts sent: 0 | Trade candidates: 2 | Quality out/core/explore/probe: 2/1/1/0 | Opened: 0 | Mode: local | Source: onchain+market | Policy: raw=OK/effective=OK(healthy | route=allow_all) | Regime: GREEN(avg_cand=2.50) | Safety: checked=2 fail_closed=0 reasons=api_code_4029:2 | FiltersTop(session): source_qos_cap:19,score_min:9,safe_age:4,source_qos_symbol_cap:3 | Dedup: heavy_skip=0 override=0 | V2Budget: 2/280 | SourceQoS: enabled=1/in=6/out=4/dropped=2/active_cd=0/drops=source_qos_cap:2 | Ingest: q=0/oldest=0.0s/drop_old=0/dedup_skip=0/enq=0/drain=1 | Sources: dex_boosts:ok=1/fail=0/429=0/lim_wait=0/cd_wait=0/err=0.0%/avg=38ms; dexscreener:ok=11/fail=0/429=0/lim_wait=0/cd_wait=0/err=0.0%/avg=45ms; onchain_enrich:ok=7/fail=0/429=0/lim_wait=0/cd_wait=0/err=0.0%/avg=83ms | Tasks: 3 | RSS: 0.0MB | CycleAvg: 10.94s
2026-02-27 15:09:52,786 [INFO] [u_station_ab_night_autotune_v2] monitor.onchain_factory: PAIR_DETECTED source=uniswap_v2 dex=uniswap_v2 pair=0x97883807e1f0f2cb7b8884a3b3245f89d6a9729e token0=0x4200000000000000000000000000000000000006 token1=0xde8bd9ded2a618f1933d2c35cad123c6e2df3ad9 block=42706015 factory=0x8909dc15e40173ff4699343b6eb8132c65e18ec6
2026-02-27 15:09:53,006 [INFO] [u_station_ab_night_autotune_v2] monitor.onchain_factory: ENRICH_RETRY token=0xc593fcc312cec8153c90f233a44387f1961e5ba3 pair=0x9064ab513764ed60a4777b60074eaa8f67be7a8c attempt=1/2 delay=10s
2026-02-27 15:10:03,092 [INFO] [u_station_ab_night_autotune_v2] __main__: WATCHLIST merged count=4
2026-02-27 15:10:03,092 [INFO] [u_station_ab_night_autotune_v2] trading.v2_runtime: V2_UNIVERSE in=5 dedup=5 out=5 target=5 novel_target=5 novel_out=1 repeat_dropped=0 symbol_dropped=0 surge_in=1 surge_target=1 surge_out=1
2026-02-27 15:10:03,092 [INFO] [u_station_ab_night_autotune_v2] __main__: V2_SOURCE_QOS_FILTER in=5 out=3 drops={'source_qos_cap': 2} caps={'watchlist': 2, 'unknown': 0}
2026-02-27 15:10:03,092 [INFO] [u_station_ab_night_autotune_v2] __main__: FILTER_FAIL token=AERO reason=source_qos_cap source=watchlist used=2/2
2026-02-27 15:10:03,103 [INFO] [u_station_ab_night_autotune_v2] __main__: FILTER_FAIL token=VIRTUAL reason=source_qos_cap source=watchlist used=2/2
2026-02-27 15:10:03,104 [INFO] [u_station_ab_night_autotune_v2] __main__: FILTER_PASS token=cbBTC tier=A score=100 mode=GREEN risk=MEDIUM liq=19285449 vol5m=97367
2026-02-27 15:10:03,104 [INFO] [u_station_ab_night_autotune_v2] __main__: FILTER_PASS token=ToruCeoAI tier=A score=100 mode=GREEN risk=MEDIUM liq=121751 vol5m=11845
2026-02-27 15:10:03,104 [INFO] [u_station_ab_night_autotune_v2] __main__: FILTER_FAIL token=NOMOREWAR reason=score_min score=20 strict_min=48 soft_min=48 mode=GREEN
2026-02-27 15:10:03,104 [INFO] [u_station_ab_night_autotune_v2] __main__: V2_QUALITY_GATE enabled=True regime=GREEN in=2 out=2 core_out=1 explore_out=1 probe_out=0 quota=1 max_symbol_share=0.500 drop={} sources_used={'watchlist': 2}
2026-02-27 15:10:03,104 [INFO] [u_station_ab_night_autotune_v2] __main__: V2_ENTRY_ROUTE enabled=True regime=GREEN in=2 out=2 core_out=1 explore_out=1 quota=1 allow_explore=True
2026-02-27 15:10:03,104 [INFO] [u_station_ab_night_autotune_v2] __main__: MARKET_REGIME mode=GREEN reason=hysteresis_risk_wait 1/3 raw=YELLOW avg_cand_recent=2.42
2026-02-27 15:10:03,104 [INFO] [u_station_ab_night_autotune_v2] trading.auto_trader: AutoTrade adjust token=cbBTC reason=min_trade_floor size=$0.10->$0.10 min=$0.10
2026-02-27 15:10:03,104 [INFO] [u_station_ab_night_autotune_v2] trading.auto_trader: AutoTrade skip token=cbBTC reason=ev_net_low expected_net=$-0.00383 min=$-0.00231 samples=37 conf=1.00 pwin=0.43 avg_win=$0.0057 avg_loss=$0.0080 kelly=0.000 mem=sparse trades=5<18
2026-02-27 15:10:03,104 [INFO] [u_station_ab_night_autotune_v2] trading.auto_trader: AutoTrade skip token=ToruCeoAI reason=blacklist detail=honeypot_guard:is_honeypot,flag:high_fail_rate,sell_tax>5.0%(100.0%)
2026-02-27 15:10:03,104 [INFO] [u_station_ab_night_autotune_v2] trading.auto_trader: AutoTrade batch mode=top_n candidates=2 eligible=2 selected=2 opened=0 pe=off burst_window=0
2026-02-27 15:10:03,104 [INFO] [u_station_ab_night_autotune_v2] __main__: Scanned 5 tokens | High quality: 2 | Alerts sent: 0 | Trade candidates: 2 | Quality out/core/explore/probe: 2/1/1/0 | Opened: 0 | Mode: local | Source: onchain+market | Policy: raw=OK/effective=OK(healthy | route=allow_all) | Regime: GREEN(hysteresis_risk_wait 1/3 raw=YELLOW) | Safety: checked=2 fail_closed=0 reasons=api_code_4029:2 | FiltersTop(session): source_qos_cap:21,score_min:10,safe_age:4,source_qos_symbol_cap:3 | Dedup: heavy_skip=0 override=0 | V2Budget: 2/280 | SourceQoS: enabled=1/in=5/out=3/dropped=2/active_cd=0/drops=source_qos_cap:2 | Ingest: q=0/oldest=0.0s/drop_old=0/dedup_skip=0/enq=0/drain=0 | Sources: dex_boosts:ok=1/fail=0/429=0/lim_wait=0/cd_wait=0/err=0.0%/avg=41ms; dexscreener:ok=11/fail=0/429=0/lim_wait=0/cd_wait=0/err=0.0%/avg=164ms; onchain_enrich:ok=6/fail=0/429=0/lim_wait=0/cd_wait=0/err=0.0%/avg=86ms | Tasks: 3 | RSS: 0.0MB | CycleAvg: 10.93s
2026-02-27 15:10:07,383 [INFO] [u_station_ab_night_autotune_v2] monitor.onchain_factory: PAIR_DETECTED source=uniswap_v2 dex=uniswap_v2 pair=0x2912f68aea09bbfb4f8e3aaa96e683c4ffda9f64 token0=0x2a839088a380a2d265a655879f51ab96b563bb07 token1=0x4200000000000000000000000000000000000006 block=42706021 factory=0x8909dc15e40173ff4699343b6eb8132c65e18ec6
2026-02-27 15:10:07,587 [INFO] [u_station_ab_night_autotune_v2] monitor.onchain_factory: ENRICH_RETRY token=0xc593fcc312cec8153c90f233a44387f1961e5ba3 pair=0x9064ab513764ed60a4777b60074eaa8f67be7a8c attempt=1/2 delay=10s
2026-02-27 15:10:07,837 [INFO] [u_station_ab_night_autotune_v2] monitor.onchain_factory: ENRICH_RETRY token=0x2a839088a380a2d265a655879f51ab96b563bb07 pair=0x2912f68aea09bbfb4f8e3aaa96e683c4ffda9f64 attempt=1/2 delay=10s
2026-02-27 15:10:17,903 [INFO] [u_station_ab_night_autotune_v2] __main__: WATCHLIST merged count=4
2026-02-27 15:10:17,903 [INFO] [u_station_ab_night_autotune_v2] trading.v2_runtime: V2_UNIVERSE in=5 dedup=5 out=5 target=5 novel_target=5 novel_out=1 repeat_dropped=0 symbol_dropped=0 surge_in=1 surge_target=1 surge_out=1
2026-02-27 15:10:17,903 [INFO] [u_station_ab_night_autotune_v2] __main__: V2_SOURCE_QOS_FILTER in=5 out=3 drops={'source_qos_cap': 2} caps={'watchlist': 2, 'unknown': 0}
2026-02-27 15:10:17,903 [INFO] [u_station_ab_night_autotune_v2] __main__: FILTER_FAIL token=AERO reason=source_qos_cap source=watchlist used=2/2
2026-02-27 15:10:17,903 [INFO] [u_station_ab_night_autotune_v2] __main__: FILTER_FAIL token=VIRTUAL reason=source_qos_cap source=watchlist used=2/2
2026-02-27 15:10:17,903 [INFO] [u_station_ab_night_autotune_v2] __main__: FILTER_PASS token=cbBTC tier=A score=100 mode=GREEN risk=MEDIUM liq=19285449 vol5m=97367
2026-02-27 15:10:17,903 [INFO] [u_station_ab_night_autotune_v2] __main__: FILTER_PASS token=ToruCeoAI tier=A score=100 mode=GREEN risk=MEDIUM liq=121751 vol5m=11845
2026-02-27 15:10:17,903 [INFO] [u_station_ab_night_autotune_v2] __main__: FILTER_FAIL token=Novaiok reason=score_min score=20 strict_min=48 soft_min=48 mode=GREEN
2026-02-27 15:10:17,903 [INFO] [u_station_ab_night_autotune_v2] __main__: V2_QUALITY_GATE enabled=True regime=GREEN in=2 out=2 core_out=1 explore_out=1 probe_out=0 quota=1 max_symbol_share=0.500 drop={} sources_used={'watchlist': 2}
2026-02-27 15:10:17,903 [INFO] [u_station_ab_night_autotune_v2] __main__: V2_ENTRY_ROUTE enabled=True regime=GREEN in=2 out=2 core_out=1 explore_out=1 quota=1 allow_explore=True
2026-02-27 15:10:17,903 [INFO] [u_station_ab_night_autotune_v2] __main__: MARKET_REGIME mode=GREEN reason=hysteresis_risk_wait 2/3 raw=YELLOW avg_cand_recent=2.33
2026-02-27 15:10:17,903 [INFO] [u_station_ab_night_autotune_v2] trading.auto_trader: AutoTrade adjust token=cbBTC reason=min_trade_floor size=$0.10->$0.10 min=$0.10
2026-02-27 15:10:17,919 [INFO] [u_station_ab_night_autotune_v2] trading.auto_trader: AutoTrade skip token=cbBTC reason=ev_net_low expected_net=$-0.00383 min=$-0.00231 samples=37 conf=1.00 pwin=0.43 avg_win=$0.0057 avg_loss=$0.0080 kelly=0.000 mem=sparse trades=5<18
2026-02-27 15:10:17,920 [INFO] [u_station_ab_night_autotune_v2] trading.auto_trader: AutoTrade skip token=ToruCeoAI reason=blacklist detail=honeypot_guard:is_honeypot,flag:high_fail_rate,sell_tax>5.0%(100.0%)
2026-02-27 15:10:17,920 [INFO] [u_station_ab_night_autotune_v2] trading.auto_trader: AutoTrade batch mode=top_n candidates=2 eligible=2 selected=2 opened=0 pe=off burst_window=0
2026-02-27 15:10:17,921 [INFO] [u_station_ab_night_autotune_v2] __main__: Scanned 5 tokens | High quality: 2 | Alerts sent: 0 | Trade candidates: 2 | Quality out/core/explore/probe: 2/1/1/0 | Opened: 0 | Mode: local | Source: onchain+market | Policy: raw=OK/effective=OK(healthy | route=allow_all) | Regime: GREEN(hysteresis_risk_wait 2/3 raw=YELLOW) | Safety: checked=2 fail_closed=0 reasons=api_code_4029:2 | FiltersTop(session): source_qos_cap:23,score_min:11,safe_age:4,source_qos_symbol_cap:3 | Dedup: heavy_skip=0 override=0 | V2Budget: 2/280 | SourceQoS: enabled=1/in=5/out=3/dropped=2/active_cd=0/drops=source_qos_cap:2 | Ingest: q=0/oldest=0.0s/drop_old=0/dedup_skip=0/enq=0/drain=0 | Sources: dex_boosts:ok=1/fail=0/429=0/lim_wait=0/cd_wait=0/err=0.0%/avg=38ms; dexscreener:ok=11/fail=0/429=0/lim_wait=0/cd_wait=0/err=0.0%/avg=45ms; onchain_enrich:ok=7/fail=0/429=0/lim_wait=0/cd_wait=0/err=0.0%/avg=92ms | Tasks: 3 | RSS: 0.0MB | CycleAvg: 10.90s
2026-02-27 15:10:22,187 [INFO] [u_station_ab_night_autotune_v2] monitor.onchain_factory: PAIR_DETECTED source=uniswap_v2 dex=uniswap_v2 pair=0x647316596fd1a92a3764e7dae14cbfd6d81e91f9 token0=0x4200000000000000000000000000000000000006 token1=0xc9de5a8e946b5cb369ed7515223135692061ed83 block=42706034 factory=0x8909dc15e40173ff4699343b6eb8132c65e18ec6
2026-02-27 15:10:22,403 [INFO] [u_station_ab_night_autotune_v2] monitor.onchain_factory: ENRICH_RETRY token=0x2a839088a380a2d265a655879f51ab96b563bb07 pair=0x2912f68aea09bbfb4f8e3aaa96e683c4ffda9f64 attempt=1/2 delay=10s
2026-02-27 15:10:22,672 [INFO] [u_station_ab_night_autotune_v2] monitor.onchain_factory: ENRICH_RETRY token=0xc9de5a8e946b5cb369ed7515223135692061ed83 pair=0x647316596fd1a92a3764e7dae14cbfd6d81e91f9 attempt=1/2 delay=10s
2026-02-27 15:10:32,753 [INFO] [u_station_ab_night_autotune_v2] __main__: WATCHLIST merged count=4
2026-02-27 15:10:32,753 [INFO] [u_station_ab_night_autotune_v2] trading.v2_runtime: V2_UNIVERSE in=4 dedup=4 out=4 target=4 novel_target=4 novel_out=0 repeat_dropped=0 symbol_dropped=0 surge_in=1 surge_target=1 surge_out=1
2026-02-27 15:10:32,753 [INFO] [u_station_ab_night_autotune_v2] __main__: V2_SOURCE_QOS_FILTER in=4 out=3 drops={'source_qos_cap': 1} caps={'watchlist': 3}
2026-02-27 15:10:32,753 [INFO] [u_station_ab_night_autotune_v2] __main__: FILTER_FAIL token=VIRTUAL reason=source_qos_cap source=watchlist used=3/3
2026-02-27 15:10:32,753 [INFO] [u_station_ab_night_autotune_v2] __main__: FILTER_PASS token=cbBTC tier=A score=100 mode=GREEN risk=MEDIUM liq=19285449 vol5m=97367
2026-02-27 15:10:32,753 [INFO] [u_station_ab_night_autotune_v2] __main__: FILTER_PASS token=ToruCeoAI tier=A score=100 mode=GREEN risk=MEDIUM liq=121751 vol5m=11845
2026-02-27 15:10:32,753 [INFO] [u_station_ab_night_autotune_v2] __main__: FILTER_PASS token=AERO tier=A score=95 mode=GREEN risk=MEDIUM liq=1317254 vol5m=6610
2026-02-27 15:10:32,753 [INFO] [u_station_ab_night_autotune_v2] __main__: V2_QUALITY_GATE enabled=True regime=YELLOW in=3 out=3 core_out=1 explore_out=2 probe_out=0 quota=2 max_symbol_share=0.333 drop={} sources_used={'watchlist': 3}
2026-02-27 15:10:32,753 [INFO] [u_station_ab_night_autotune_v2] __main__: V2_ENTRY_ROUTE enabled=True regime=YELLOW in=3 out=2 core_out=1 explore_out=1 quota=1 allow_explore=True
2026-02-27 15:10:32,753 [INFO] [u_station_ab_night_autotune_v2] __main__: MARKET_REGIME mode=YELLOW reason=avg_cand=2.42 avg_cand_recent=2.42
2026-02-27 15:10:32,753 [WARNING] [u_station_ab_night_autotune_v2] monitor.local_alerter: Local event symbol=MARKET_MODE reco=YELLOW risk=INFO
2026-02-27 15:10:32,753 [INFO] [u_station_ab_night_autotune_v2] trading.auto_trader: AutoTrade adjust token=cbBTC reason=min_trade_floor size=$0.10->$0.10 min=$0.10
2026-02-27 15:10:32,753 [INFO] [u_station_ab_night_autotune_v2] trading.auto_trader: AutoTrade skip token=cbBTC reason=ev_net_low expected_net=$-0.00383 min=$-0.00231 samples=37 conf=1.00 pwin=0.43 avg_win=$0.0057 avg_loss=$0.0080 kelly=0.000 mem=sparse trades=5<18
2026-02-27 15:10:32,753 [INFO] [u_station_ab_night_autotune_v2] trading.auto_trader: AutoTrade skip token=ToruCeoAI reason=blacklist detail=honeypot_guard:is_honeypot,flag:high_fail_rate,sell_tax>5.0%(100.0%)
2026-02-27 15:10:32,753 [INFO] [u_station_ab_night_autotune_v2] trading.auto_trader: AutoTrade batch mode=top_n candidates=2 eligible=2 selected=2 opened=0 pe=off burst_window=0
2026-02-27 15:10:32,753 [INFO] [u_station_ab_night_autotune_v2] trading.auto_trader: PAPER_SUMMARY window=60s closed_delta=0 wins_delta=0 losses_delta=0 realized_delta=$0.00 total_closed=110 winrate_total=41.8% realized_total=$0.30 balance=$7.30 equity=$7.30 open=0
2026-02-27 15:10:32,753 [INFO] [u_station_ab_night_autotune_v2] __main__: Scanned 4 tokens | High quality: 3 | Alerts sent: 0 | Trade candidates: 3 | Quality out/core/explore/probe: 3/1/2/0 | Opened: 0 | Mode: local | Source: onchain+market | Policy: raw=OK/effective=OK(healthy | route=allow_all) | Regime: YELLOW(avg_cand=2.42) | Safety: checked=3 fail_closed=0 reasons=api_code_4029:3 | FiltersTop(session): source_qos_cap:24,score_min:11,safe_age:4,source_qos_symbol_cap:3 | Dedup: heavy_skip=0 override=0 | V2Budget: 3/280 | SourceQoS: enabled=1/in=4/out=3/dropped=1/active_cd=0/drops=source_qos_cap:1 | Ingest: q=0/oldest=0.0s/drop_old=0/dedup_skip=0/enq=0/drain=0 | Sources: dex_boosts:ok=1/fail=0/429=0/lim_wait=0/cd_wait=0/err=0.0%/avg=44ms; dexscreener:ok=11/fail=0/429=0/lim_wait=0/cd_wait=0/err=0.0%/avg=46ms; onchain_enrich:ok=8/fail=0/429=0/lim_wait=0/cd_wait=0/err=0.0%/avg=73ms; onchain_weth_price:ok=1/fail=0/429=0/lim_wait=0/cd_wait=0/err=0.0%/avg=91ms | Tasks: 3 | RSS: 0.0MB | CycleAvg: 10.90s
2026-02-27 15:10:37,089 [INFO] [u_station_ab_night_autotune_v2] monitor.onchain_factory: PAIR_DETECTED source=uniswap_v2 dex=uniswap_v2 pair=0x518f4ead065d0b2a22c7d90e2e21511fe66d8db5 token0=0x4200000000000000000000000000000000000006 token1=0xafedae9b6a780c276559d90d92d03019c7875ba3 block=42706040 factory=0x8909dc15e40173ff4699343b6eb8132c65e18ec6
2026-02-27 15:10:37,324 [INFO] [u_station_ab_night_autotune_v2] monitor.onchain_factory: ENRICH_RETRY token=0x2a839088a380a2d265a655879f51ab96b563bb07 pair=0x2912f68aea09bbfb4f8e3aaa96e683c4ffda9f64 attempt=1/2 delay=10s
2026-02-27 15:10:37,391 [INFO] [u_station_ab_night_autotune_v2] monitor.onchain_factory: ENRICH_RETRY token=0xc9de5a8e946b5cb369ed7515223135692061ed83 pair=0x647316596fd1a92a3764e7dae14cbfd6d81e91f9 attempt=1/2 delay=10s
2026-02-27 15:10:37,769 [INFO] [u_station_ab_night_autotune_v2] monitor.onchain_factory: ENRICH_RETRY token=0xafedae9b6a780c276559d90d92d03019c7875ba3 pair=0x518f4ead065d0b2a22c7d90e2e21511fe66d8db5 attempt=1/2 delay=10s
2026-02-27 15:10:47,876 [INFO] [u_station_ab_night_autotune_v2] __main__: WATCHLIST merged count=4
2026-02-27 15:10:47,876 [INFO] [u_station_ab_night_autotune_v2] trading.v2_runtime: V2_UNIVERSE in=5 dedup=5 out=5 target=5 novel_target=5 novel_out=1 repeat_dropped=0 symbol_dropped=0 surge_in=1 surge_target=1 surge_out=1
2026-02-27 15:10:47,876 [INFO] [u_station_ab_night_autotune_v2] __main__: V2_SOURCE_QOS_FILTER in=5 out=3 drops={'source_qos_cap': 2} caps={'watchlist': 2, 'unknown': 0}
2026-02-27 15:10:47,876 [INFO] [u_station_ab_night_autotune_v2] __main__: FILTER_FAIL token=AERO reason=source_qos_cap source=watchlist used=2/2
2026-02-27 15:10:47,876 [INFO] [u_station_ab_night_autotune_v2] __main__: FILTER_FAIL token=VIRTUAL reason=source_qos_cap source=watchlist used=2/2
2026-02-27 15:10:47,876 [INFO] [u_station_ab_night_autotune_v2] __main__: FILTER_PASS token=cbBTC tier=A score=100 mode=YELLOW risk=MEDIUM liq=19285449 vol5m=97367
2026-02-27 15:10:47,876 [INFO] [u_station_ab_night_autotune_v2] __main__: FILTER_PASS token=ToruCeoAI tier=A score=100 mode=YELLOW risk=MEDIUM liq=121751 vol5m=11845
2026-02-27 15:10:47,892 [INFO] [u_station_ab_night_autotune_v2] __main__: FILTER_FAIL token=POKEX reason=score_min score=20 strict_min=48 soft_min=48 mode=YELLOW
2026-02-27 15:10:47,892 [INFO] [u_station_ab_night_autotune_v2] __main__: V2_QUALITY_GATE enabled=True regime=YELLOW in=2 out=2 core_out=1 explore_out=1 probe_out=0 quota=1 max_symbol_share=0.500 drop={} sources_used={'watchlist': 2}
2026-02-27 15:10:47,892 [INFO] [u_station_ab_night_autotune_v2] __main__: V2_ENTRY_ROUTE enabled=True regime=YELLOW in=2 out=2 core_out=1 explore_out=1 quota=1 allow_explore=True
2026-02-27 15:10:47,892 [INFO] [u_station_ab_night_autotune_v2] __main__: MARKET_REGIME mode=YELLOW reason=avg_cand=2.33 avg_cand_recent=2.33
2026-02-27 15:10:47,925 [INFO] [u_station_ab_night_autotune_v2] trading.auto_trader: AutoTrade adjust token=cbBTC reason=min_trade_floor size=$0.08->$0.10 min=$0.10
2026-02-27 15:10:47,925 [INFO] [u_station_ab_night_autotune_v2] trading.auto_trader: AutoTrade skip token=cbBTC reason=ev_net_low expected_net=$-0.00533 min=$-0.00250 samples=28 conf=1.00 pwin=0.54 avg_win=$0.0036 avg_loss=$0.0133 kelly=0.000 mem=sparse trades=5<18
2026-02-27 15:10:47,925 [INFO] [u_station_ab_night_autotune_v2] trading.auto_trader: AutoTrade skip token=ToruCeoAI reason=blacklist detail=honeypot_guard:is_honeypot,flag:high_fail_rate,sell_tax>5.0%(100.0%)
2026-02-27 15:10:47,925 [INFO] [u_station_ab_night_autotune_v2] trading.auto_trader: AutoTrade batch mode=top_n candidates=2 eligible=2 selected=2 opened=0 pe=off burst_window=0
2026-02-27 15:10:47,925 [INFO] [u_station_ab_night_autotune_v2] __main__: Scanned 5 tokens | High quality: 2 | Alerts sent: 0 | Trade candidates: 2 | Quality out/core/explore/probe: 2/1/1/0 | Opened: 0 | Mode: local | Source: onchain+market | Policy: raw=OK/effective=OK(healthy | route=allow_all) | Regime: YELLOW(avg_cand=2.33) | Safety: checked=2 fail_closed=0 reasons=api_code_4029:2 | FiltersTop(session): source_qos_cap:26,score_min:12,safe_age:4,source_qos_symbol_cap:3 | Dedup: heavy_skip=0 override=0 | V2Budget: 2/280 | SourceQoS: enabled=1/in=5/out=3/dropped=2/active_cd=0/drops=source_qos_cap:2 | Ingest: q=0/oldest=0.0s/drop_old=0/dedup_skip=0/enq=0/drain=0 | Sources: dex_boosts:ok=1/fail=0/429=0/lim_wait=0/cd_wait=0/err=0.0%/avg=42ms; dexscreener:ok=11/fail=0/429=0/lim_wait=0/cd_wait=0/err=0.0%/avg=193ms; geckoterminal:ok=1/fail=0/429=0/lim_wait=0/cd_wait=0/err=0.0%/avg=292ms; onchain_enrich:ok=11/fail=0/429=0/lim_wait=0/cd_wait=0/err=0.0%/avg=99ms | Tasks: 3 | RSS: 0.0MB | CycleAvg: 10.89s
2026-02-27 15:10:52,404 [INFO] [u_station_ab_night_autotune_v2] monitor.onchain_factory: ENRICH_RETRY token=0xc9de5a8e946b5cb369ed7515223135692061ed83 pair=0x647316596fd1a92a3764e7dae14cbfd6d81e91f9 attempt=1/2 delay=10s
2026-02-27 15:10:52,422 [INFO] [u_station_ab_night_autotune_v2] monitor.onchain_factory: ENRICH_RETRY token=0xafedae9b6a780c276559d90d92d03019c7875ba3 pair=0x518f4ead065d0b2a22c7d90e2e21511fe66d8db5 attempt=1/2 delay=10s
2026-02-27 15:11:02,644 [INFO] [u_station_ab_night_autotune_v2] __main__: WATCHLIST merged count=4
2026-02-27 15:11:02,644 [INFO] [u_station_ab_night_autotune_v2] trading.v2_runtime: V2_UNIVERSE in=5 dedup=5 out=5 target=5 novel_target=5 novel_out=1 repeat_dropped=0 symbol_dropped=0 surge_in=1 surge_target=1 surge_out=1
2026-02-27 15:11:02,644 [INFO] [u_station_ab_night_autotune_v2] __main__: V2_SOURCE_QOS_FILTER in=5 out=3 drops={'source_qos_cap': 2} caps={'watchlist': 2, 'unknown': 0}
2026-02-27 15:11:02,644 [INFO] [u_station_ab_night_autotune_v2] __main__: FILTER_FAIL token=AERO reason=source_qos_cap source=watchlist used=2/2
2026-02-27 15:11:02,644 [INFO] [u_station_ab_night_autotune_v2] __main__: FILTER_FAIL token=VIRTUAL reason=source_qos_cap source=watchlist used=2/2
2026-02-27 15:11:02,644 [INFO] [u_station_ab_night_autotune_v2] __main__: FILTER_PASS token=cbBTC tier=A score=100 mode=YELLOW risk=MEDIUM liq=19285449 vol5m=97367
2026-02-27 15:11:02,644 [INFO] [u_station_ab_night_autotune_v2] __main__: FILTER_PASS token=ToruCeoAI tier=A score=100 mode=YELLOW risk=MEDIUM liq=121751 vol5m=11845
2026-02-27 15:11:02,644 [INFO] [u_station_ab_night_autotune_v2] __main__: FILTER_FAIL token=SENT reason=safe_volume vol5m=0 min=6 regime=YELLOW
2026-02-27 15:11:02,653 [INFO] [u_station_ab_night_autotune_v2] __main__: V2_QUALITY_GATE enabled=True regime=YELLOW in=2 out=2 core_out=1 explore_out=1 probe_out=0 quota=1 max_symbol_share=0.500 drop={} sources_used={'watchlist': 2}
2026-02-27 15:11:02,653 [INFO] [u_station_ab_night_autotune_v2] __main__: V2_ENTRY_ROUTE enabled=True regime=YELLOW in=2 out=2 core_out=1 explore_out=1 quota=1 allow_explore=True
2026-02-27 15:11:02,653 [INFO] [u_station_ab_night_autotune_v2] __main__: MARKET_REGIME mode=YELLOW reason=avg_cand=2.33 avg_cand_recent=2.33
2026-02-27 15:11:02,653 [INFO] [u_station_ab_night_autotune_v2] trading.auto_trader: AutoTrade adjust token=cbBTC reason=min_trade_floor size=$0.08->$0.10 min=$0.10
2026-02-27 15:11:02,653 [INFO] [u_station_ab_night_autotune_v2] trading.auto_trader: AutoTrade skip token=cbBTC reason=ev_net_low expected_net=$-0.00533 min=$-0.00250 samples=28 conf=1.00 pwin=0.54 avg_win=$0.0036 avg_loss=$0.0133 kelly=0.000 mem=sparse trades=5<18
2026-02-27 15:11:02,653 [INFO] [u_station_ab_night_autotune_v2] trading.auto_trader: AutoTrade skip token=ToruCeoAI reason=blacklist detail=honeypot_guard:is_honeypot,flag:high_fail_rate,sell_tax>5.0%(100.0%)
2026-02-27 15:11:02,653 [INFO] [u_station_ab_night_autotune_v2] trading.auto_trader: AutoTrade batch mode=top_n candidates=2 eligible=2 selected=2 opened=0 pe=off burst_window=0
2026-02-27 15:11:02,653 [INFO] [u_station_ab_night_autotune_v2] __main__: Scanned 5 tokens | High quality: 2 | Alerts sent: 0 | Trade candidates: 2 | Quality out/core/explore/probe: 2/1/1/0 | Opened: 0 | Mode: local | Source: onchain+market | Policy: raw=OK/effective=OK(healthy | route=allow_all) | Regime: YELLOW(avg_cand=2.33) | Safety: checked=2 fail_closed=0 reasons=api_code_4029:2 | FiltersTop(session): source_qos_cap:28,score_min:12,safe_age:4,safe_volume:4 | Dedup: heavy_skip=0 override=0 | V2Budget: 2/280 | SourceQoS: enabled=1/in=5/out=3/dropped=2/active_cd=0/drops=source_qos_cap:2 | Ingest: q=0/oldest=0.0s/drop_old=0/dedup_skip=0/enq=0/drain=0 | Sources: dex_boosts:ok=1/fail=0/429=0/lim_wait=0/cd_wait=0/err=0.0%/avg=63ms; dexscreener:ok=11/fail=0/429=0/lim_wait=0/cd_wait=0/err=0.0%/avg=56ms; onchain_enrich:ok=7/fail=0/429=0/lim_wait=0/cd_wait=0/err=0.0%/avg=66ms | Tasks: 3 | RSS: 0.0MB | CycleAvg: 10.91s
2026-02-27 15:11:06,649 [WARNING] [u_station_ab_night_autotune_v2] __main__: GRACEFUL_STOP requested path=D:\earnforme\solana-alert-bot\data\graceful_stop.u_station_ab_night_autotune_v2.signal
2026-02-27 15:11:06,694 [INFO] [u_station_ab_night_autotune_v2] trading.auto_trader: AUTOTRADER_SHUTDOWN reason=main_local_shutdown open=0 closed=110
