2026-02-27 00:53:33,417 [INFO] [u_station_ab_night_autotune_v2] __main__: SESSION_LOG file=logs/matrix/u_station_ab_night_autotune_v2\sessions\main_local_20260226_235333_pid3184.log
2026-02-27 00:53:33,453 [INFO] [u_station_ab_night_autotune_v2] trading.auto_trader_state: AutoTrade state loaded open=0 closed=37 balance=$6.99
2026-02-27 00:53:33,453 [WARNING] [u_station_ab_night_autotune_v2] trading.auto_trader: DATA_POLICY mode=OK reason=init_reset_manual prev_mode=OK prev_reason=healthy | route=allow_all
2026-02-27 00:53:33,453 [INFO] [u_station_ab_night_autotune_v2] __main__: AUTOTRADER_INIT state=ready reason=manual mode=paper
2026-02-27 00:53:33,453 [INFO] [u_station_ab_night_autotune_v2] __main__: Local mode started (Telegram disabled).
2026-02-27 00:53:33,859 [INFO] [u_station_ab_night_autotune_v2] monitor.onchain_factory: PAIR_DETECTED source=uniswap_v2 dex=uniswap_v2 pair=0xc6941b074d3c90d4ec29a781eeb7631b2571343f token0=0x4200000000000000000000000000000000000006 token1=0x711f7a5c24fa702740bc944310331a67193ff846 block=42680331 factory=0x8909dc15e40173ff4699343b6eb8132c65e18ec6
2026-02-27 00:53:34,333 [INFO] [u_station_ab_night_autotune_v2] monitor.onchain_factory: ENRICH_RETRY token=0x711f7a5c24fa702740bc944310331a67193ff846 pair=0xc6941b074d3c90d4ec29a781eeb7631b2571343f attempt=1/2 delay=10s
2026-02-27 00:53:46,257 [INFO] [u_station_ab_night_autotune_v2] __main__: WATCHLIST merged count=3
2026-02-27 00:53:46,258 [INFO] [u_station_ab_night_autotune_v2] trading.v2_runtime: V2_UNIVERSE in=15 dedup=15 out=15 target=15 novel_target=13 novel_out=15 repeat_dropped=0 symbol_dropped=0 surge_in=5 surge_target=4 surge_out=5
2026-02-27 00:53:46,259 [INFO] [u_station_ab_night_autotune_v2] __main__: V2_SOURCE_QOS_FILTER in=15 out=13 drops={'source_qos_symbol_cap': 1, 'source_qos_cap': 1} caps={'watchlist': 2, 'dexscreener': 292, 'geckoterminal': 287}
2026-02-27 00:53:46,261 [INFO] [u_station_ab_night_autotune_v2] __main__: FILTER_FAIL token=HOODIE reason=source_qos_symbol_cap symbol=HOODIE used=1/1
2026-02-27 00:53:46,262 [INFO] [u_station_ab_night_autotune_v2] __main__: FILTER_FAIL token=VIRTUAL reason=source_qos_cap source=watchlist used=2/2
2026-02-27 00:53:46,263 [INFO] [u_station_ab_night_autotune_v2] __main__: FILTER_FAIL token=CON+ reason=safe_change_5m
2026-02-27 00:53:46,264 [INFO] [u_station_ab_night_autotune_v2] __main__: FILTER_FAIL token=Replacemen reason=safe_change_5m
2026-02-27 00:53:46,265 [INFO] [u_station_ab_night_autotune_v2] __main__: FILTER_FAIL token=HOODIE reason=safe_change_5m
2026-02-27 00:53:46,265 [INFO] [u_station_ab_night_autotune_v2] __main__: FILTER_FAIL token=HMC reason=safe_age
2026-02-27 00:53:46,266 [INFO] [u_station_ab_night_autotune_v2] __main__: FILTER_PASS token=cbBTC tier=A score=100 mode=YELLOW risk=MEDIUM liq=19674666 vol5m=37372
2026-02-27 00:53:46,267 [INFO] [u_station_ab_night_autotune_v2] __main__: FILTER_PASS token=Chompleton tier=A score=75 mode=YELLOW risk=MEDIUM liq=206666 vol5m=1501
2026-02-27 00:53:46,268 [INFO] [u_station_ab_night_autotune_v2] monitor.local_alerter: Local alert token=Chompleton address=0x24dfcb72dd64088c84cecfe306f0021dba591b07 score=75 reco=BUY risk=MEDIUM warnings=0 liq=206666 vol5m=1501
2026-02-27 00:53:46,269 [INFO] [u_station_ab_night_autotune_v2] __main__: FILTER_FAIL token=AIVATAR reason=safe_age
2026-02-27 00:53:46,270 [INFO] [u_station_ab_night_autotune_v2] __main__: FILTER_FAIL token=MOSW reason=score_min score=40 strict_min=48 soft_min=48 mode=YELLOW
2026-02-27 00:53:46,271 [INFO] [u_station_ab_night_autotune_v2] __main__: FILTER_PASS token=MLSTN tier=A score=60 mode=YELLOW risk=MEDIUM liq=20468 vol5m=401
2026-02-27 00:53:46,272 [INFO] [u_station_ab_night_autotune_v2] monitor.local_alerter: Local alert token=MLSTN address=0x71f7a31010eca04f60981d6a75aaddef7465eba3 score=60 reco=HOLD risk=MEDIUM warnings=0 liq=20468 vol5m=401
2026-02-27 00:53:46,273 [INFO] [u_station_ab_night_autotune_v2] __main__: FILTER_FAIL token=ð• reason=safe_age
2026-02-27 00:53:46,274 [INFO] [u_station_ab_night_autotune_v2] __main__: FILTER_FAIL token=noice reason=safe_age
2026-02-27 00:53:46,274 [INFO] [u_station_ab_night_autotune_v2] __main__: FILTER_PASS token=AERO tier=A score=75 mode=YELLOW risk=MEDIUM liq=1659100 vol5m=550
2026-02-27 00:53:46,275 [INFO] [u_station_ab_night_autotune_v2] __main__: FILTER_FAIL token=CLEO reason=safe_volume vol5m=0 min=6 regime=YELLOW
2026-02-27 00:53:46,276 [INFO] [u_station_ab_night_autotune_v2] trading.v2_runtime: V2_QUALITY_ROTATE symbols_core=0 symbols_cooldown=0 sources=1 top_core=- top_cooldown=-
2026-02-27 00:53:46,277 [INFO] [u_station_ab_night_autotune_v2] __main__: V2_QUALITY_GATE enabled=True regime=YELLOW in=4 out=4 core_out=1 explore_out=3 probe_out=0 quota=3 max_symbol_share=0.250 drop={} sources_used={'watchlist': 2, 'dexscreener': 1, 'geckoterminal': 1}
2026-02-27 00:53:46,278 [INFO] [u_station_ab_night_autotune_v2] __main__: V2_ENTRY_ROUTE enabled=True regime=YELLOW in=4 out=3 core_out=1 explore_out=2 quota=2 allow_explore=True
2026-02-27 00:53:46,278 [WARNING] [u_station_ab_night_autotune_v2] trading.auto_trader: DATA_POLICY mode=OK reason=healthy | route=allow_all prev_mode=OK prev_reason=init_reset_manual
2026-02-27 00:53:46,279 [INFO] [u_station_ab_night_autotune_v2] __main__: MARKET_REGIME mode=YELLOW reason=hysteresis_recover_wait 1/4 raw=GREEN avg_cand_recent=4.00
2026-02-27 00:53:46,310 [INFO] [u_station_ab_night_autotune_v2] trading.auto_trader: AutoTrade adjust token=Chompleton reason=min_trade_floor size=$0.03->$0.10 min=$0.10
2026-02-27 00:53:46,311 [INFO] [u_station_ab_night_autotune_v2] trading.auto_trader: AutoTrade skip token=Chompleton reason=edge_low mode=both edge=-29.70% raw=-27.50% mult=1.08 min=0.05% probe_min=0.05% edge_usd=$-0.030 min_usd=$0.000 probe_min_usd=$0.000 size=$0.10 gross=3.20% costs=30.70% pwin=0.45 probe=- budget=0/1
2026-02-27 00:53:46,321 [INFO] [u_station_ab_night_autotune_v2] trading.auto_trader: AUTO_DECISION token=cbBTC mode=YELLOW tier=A channel=core score=100 src=watchlist liq=19674666 vol5m=37372 chg5m=-0.05% edge=0.83% raw=0.77% regime_mult=1.08 edge_usd=$0.004 size=$0.45 mult=1.35(score=1.15 liq=1.15 vol=1.05 volat=1.05) reinvest=1.05(growth_steps=0 drawdown=-0.14% loss_streak=0 edge=5.52%) size_mode=0.80 hold_mode=1.06 exec_lane=runner exec_mult(size=1.10 hold=1.32 edge=0.94) edge_gate_mult(usd=1.00,pct=1.00) quality(edge=0.98,size=1.04 detail=src_mult=1.00 ev=0.00001 edge(src_relax=0.000 src_tight=0.000 ev_adj=-0.000) size(src_relax=0.000 src_cut=0.000 ev_adj=0.000)) costs=8.83% gas=$0.028 ev_net=$0.00095 ev_samples=70 conf=1.00 pwin=0.60 avg_win=$0.0084 avg_loss=$0.0085 kelly=1.01(k=0.193) token_ev=sparse trades=8<18 cluster=s3|l3|v3|m0|r1 cluster_route=sparse samples=3<10 breakdown={'liquidity_score': 30, 'volume_score': 30, 'risk_score': 15, 'age_score': 15, 'safety_score': 15}
2026-02-27 00:53:46,471 [INFO] [u_station_ab_night_autotune_v2] trading.auto_trader: AUTO_BUY Paper BUY token=cbBTC address=0xcbb7c0000ab88b473b1f5afd9ef808440eed33bf mode=YELLOW tier=A channel=core lane=runner entry=$67497.37000000 size=$0.45 score=100 edge=0.83% edge_usd=$0.004 mult=1.35(score=1.15 liq=1.15 vol=1.05 volat=1.05) hold=134s costs=2.70% gas=$0.03
2026-02-27 00:53:46,506 [INFO] [u_station_ab_night_autotune_v2] trading.auto_trader: AutoTrade adjust token=AERO reason=min_trade_floor size=$0.03->$0.10 min=$0.10
2026-02-27 00:53:46,507 [INFO] [u_station_ab_night_autotune_v2] trading.auto_trader: AutoTrade skip token=AERO reason=edge_low mode=both edge=-29.70% raw=-27.50% mult=1.08 min=0.05% probe_min=0.05% edge_usd=$-0.030 min_usd=$0.000 probe_min_usd=$0.000 size=$0.10 gross=3.20% costs=30.70% pwin=0.45 probe=- budget=0/1
2026-02-27 00:53:46,508 [INFO] [u_station_ab_night_autotune_v2] trading.auto_trader: AutoTrade batch mode=top_n candidates=3 eligible=3 selected=3 opened=1 pe=off burst_window=1
2026-02-27 00:53:46,627 [INFO] [u_station_ab_night_autotune_v2] __main__: FILTER_THRESHOLDS safe_volume_5m_min=$5 safe_liquidity_min=$8000 safe_age_min=240s score_min=48 edge_min=0.05% lock_floor=0.95 no_momentum_max_pnl=0.25 weakness_pnl=-2.60
2026-02-27 00:53:46,628 [INFO] [u_station_ab_night_autotune_v2] __main__: Scanned 15 tokens | High quality: 6 | Alerts sent: 2 | Trade candidates: 4 | Quality out/core/explore/probe: 4/1/3/0 | Opened: 1 | Mode: local | Source: onchain+market | Policy: raw=OK/effective=OK(healthy | route=allow_all) | Regime: YELLOW(hysteresis_recover_wait 1/4 raw=GREEN) | Safety: checked=4 fail_closed=0 reasons=api_code_4029:4 | FiltersTop(session): safe_age:4,safe_change_5m:3,source_qos_symbol_cap:1,source_qos_cap:1 | Dedup: heavy_skip=0 override=0 | V2Budget: 4/280 | SourceQoS: enabled=1/in=15/out=13/dropped=2/active_cd=0/drops=source_qos_symbol_cap:1,source_qos_cap:1 | Ingest: q=0/oldest=0.0s/drop_old=0/dedup_skip=0/enq=11/drain=11 | Sources: dex_boosts:ok=1/fail=0/429=0/lim_wait=0/cd_wait=0/err=0.0%/avg=158ms; dexscreener:ok=11/fail=0/429=0/lim_wait=0/cd_wait=0/err=0.0%/avg=248ms; geckoterminal:ok=2/fail=0/429=0/lim_wait=0/cd_wait=0/err=0.0%/avg=159ms; onchain_enrich:ok=4/fail=0/429=0/lim_wait=0/cd_wait=0/err=0.0%/avg=119ms; onchain_weth_price:ok=1/fail=0/429=0/lim_wait=0/cd_wait=0/err=0.0%/avg=71ms; watchlist_dex:ok=10/fail=0/429=0/lim_wait=0/cd_wait=0/err=0.0%/avg=153ms; watchlist_gecko:ok=6/fail=0/429=0/lim_wait=0/cd_wait=0/err=0.0%/avg=477ms | Tasks: 3 | RSS: 0.0MB | CycleAvg: 0.00s
2026-02-27 00:53:51,153 [INFO] [u_station_ab_night_autotune_v2] monitor.onchain_factory: ENRICH_RETRY token=0x711f7a5c24fa702740bc944310331a67193ff846 pair=0xc6941b074d3c90d4ec29a781eeb7631b2571343f attempt=1/2 delay=10s
2026-02-27 00:54:01,227 [INFO] [u_station_ab_night_autotune_v2] __main__: WATCHLIST merged count=3
2026-02-27 00:54:01,227 [INFO] [u_station_ab_night_autotune_v2] trading.v2_runtime: V2_UNIVERSE in=3 dedup=3 out=3 target=3 novel_target=3 novel_out=0 repeat_dropped=0 symbol_dropped=0 surge_in=0 surge_target=0 surge_out=0
2026-02-27 00:54:01,227 [INFO] [u_station_ab_night_autotune_v2] __main__: FILTER_PASS token=cbBTC tier=A score=100 mode=YELLOW risk=MEDIUM liq=19674666 vol5m=37372
2026-02-27 00:54:01,230 [INFO] [u_station_ab_night_autotune_v2] __main__: FILTER_PASS token=AERO tier=A score=75 mode=YELLOW risk=MEDIUM liq=1659100 vol5m=550
2026-02-27 00:54:01,231 [INFO] [u_station_ab_night_autotune_v2] __main__: FILTER_PASS token=VIRTUAL tier=A score=75 mode=YELLOW risk=MEDIUM liq=7326252 vol5m=175
2026-02-27 00:54:01,232 [INFO] [u_station_ab_night_autotune_v2] __main__: V2_QUALITY_GATE enabled=True regime=YELLOW in=3 out=3 core_out=1 explore_out=2 probe_out=0 quota=2 max_symbol_share=0.333 drop={} sources_used={'watchlist': 3}
2026-02-27 00:54:01,233 [INFO] [u_station_ab_night_autotune_v2] __main__: V2_ENTRY_ROUTE enabled=True regime=YELLOW in=3 out=2 core_out=1 explore_out=1 quota=1 allow_explore=True
2026-02-27 00:54:01,233 [INFO] [u_station_ab_night_autotune_v2] __main__: MARKET_REGIME mode=YELLOW reason=hysteresis_recover_wait 2/4 raw=GREEN avg_cand_recent=3.50
2026-02-27 00:54:01,234 [INFO] [u_station_ab_night_autotune_v2] trading.auto_trader: AutoTrade batch prefilter removed=1 missing_addr=0 open_duplicate=1
2026-02-27 00:54:01,235 [INFO] [u_station_ab_night_autotune_v2] trading.auto_trader: AutoTrade adjust token=VIRTUAL reason=min_trade_floor size=$0.03->$0.10 min=$0.10
2026-02-27 00:54:01,236 [INFO] [u_station_ab_night_autotune_v2] trading.auto_trader: AutoTrade skip token=VIRTUAL reason=edge_low mode=both edge=-29.70% raw=-27.50% mult=1.08 min=0.05% probe_min=0.05% edge_usd=$-0.030 min_usd=$0.000 probe_min_usd=$0.000 size=$0.10 gross=3.20% costs=30.70% pwin=0.45 probe=- budget=0/1
2026-02-27 00:54:01,236 [INFO] [u_station_ab_night_autotune_v2] trading.auto_trader: AutoTrade batch mode=top_n candidates=2 eligible=1 selected=1 opened=0 pe=off burst_window=1
2026-02-27 00:54:01,321 [INFO] [u_station_ab_night_autotune_v2] __main__: Scanned 3 tokens | High quality: 3 | Alerts sent: 0 | Trade candidates: 3 | Quality out/core/explore/probe: 3/1/2/0 | Opened: 0 | Mode: local | Source: onchain+market | Policy: raw=OK/effective=OK(healthy | route=allow_all) | Regime: YELLOW(hysteresis_recover_wait 2/4 raw=GREEN) | Safety: checked=3 fail_closed=0 reasons=api_code_4029:3 | FiltersTop(session): safe_age:4,safe_change_5m:3,source_qos_symbol_cap:1,source_qos_cap:1 | Dedup: heavy_skip=0 override=0 | V2Budget: 3/280 | SourceQoS: enabled=1/in=3/out=3/dropped=0/active_cd=0/drops=none | Ingest: q=0/oldest=0.0s/drop_old=0/dedup_skip=0/enq=0/drain=0 | Sources: dex_boosts:ok=1/fail=0/429=0/lim_wait=0/cd_wait=0/err=0.0%/avg=90ms; dexscreener:ok=11/fail=0/429=0/lim_wait=0/cd_wait=0/err=0.0%/avg=96ms; onchain_enrich:ok=4/fail=0/429=0/lim_wait=0/cd_wait=0/err=0.0%/avg=38ms | Tasks: 3 | RSS: 0.0MB | CycleAvg: 13.16s
2026-02-27 00:54:06,624 [INFO] [u_station_ab_night_autotune_v2] __main__: WATCHLIST merged count=3
2026-02-27 00:54:06,625 [INFO] [u_station_ab_night_autotune_v2] trading.v2_runtime: V2_UNIVERSE in=4 dedup=4 out=4 target=4 novel_target=4 novel_out=1 repeat_dropped=0 symbol_dropped=0 surge_in=0 surge_target=0 surge_out=0
2026-02-27 00:54:06,625 [INFO] [u_station_ab_night_autotune_v2] __main__: V2_SOURCE_QOS_FILTER in=4 out=3 drops={'source_qos_cap': 1} caps={'watchlist': 2, 'unknown': 0}
2026-02-27 00:54:06,626 [INFO] [u_station_ab_night_autotune_v2] __main__: FILTER_FAIL token=VIRTUAL reason=source_qos_cap source=watchlist used=2/2
2026-02-27 00:54:06,627 [INFO] [u_station_ab_night_autotune_v2] __main__: FILTER_PASS token=cbBTC tier=A score=100 mode=YELLOW risk=MEDIUM liq=19674666 vol5m=37372
2026-02-27 00:54:06,628 [INFO] [u_station_ab_night_autotune_v2] __main__: FILTER_PASS token=AERO tier=A score=75 mode=YELLOW risk=MEDIUM liq=1659100 vol5m=550
2026-02-27 00:54:06,631 [INFO] [u_station_ab_night_autotune_v2] __main__: FILTER_FAIL token=UTT reason=score_min score=40 strict_min=48 soft_min=48 mode=YELLOW
2026-02-27 00:54:06,631 [INFO] [u_station_ab_night_autotune_v2] __main__: V2_QUALITY_GATE enabled=True regime=YELLOW in=2 out=2 core_out=1 explore_out=1 probe_out=0 quota=1 max_symbol_share=0.500 drop={} sources_used={'watchlist': 2}
2026-02-27 00:54:06,632 [INFO] [u_station_ab_night_autotune_v2] __main__: V2_ENTRY_ROUTE enabled=True regime=YELLOW in=2 out=2 core_out=1 explore_out=1 quota=1 allow_explore=True
2026-02-27 00:54:06,632 [INFO] [u_station_ab_night_autotune_v2] __main__: MARKET_REGIME mode=YELLOW reason=hysteresis_recover_wait 3/4 raw=GREEN avg_cand_recent=3.00
2026-02-27 00:54:06,633 [INFO] [u_station_ab_night_autotune_v2] trading.auto_trader: AutoTrade batch prefilter removed=1 missing_addr=0 open_duplicate=1
2026-02-27 00:54:06,634 [INFO] [u_station_ab_night_autotune_v2] trading.auto_trader: AutoTrade adjust token=AERO reason=min_trade_floor size=$0.03->$0.10 min=$0.10
2026-02-27 00:54:06,635 [INFO] [u_station_ab_night_autotune_v2] trading.auto_trader: AutoTrade skip token=AERO reason=edge_low mode=both edge=-29.70% raw=-27.50% mult=1.08 min=0.05% probe_min=0.05% edge_usd=$-0.030 min_usd=$0.000 probe_min_usd=$0.000 size=$0.10 gross=3.20% costs=30.70% pwin=0.45 probe=- budget=0/1
2026-02-27 00:54:06,636 [INFO] [u_station_ab_night_autotune_v2] trading.auto_trader: AutoTrade batch mode=top_n candidates=2 eligible=1 selected=1 opened=0 pe=off burst_window=1
2026-02-27 00:54:06,730 [INFO] [u_station_ab_night_autotune_v2] __main__: Scanned 4 tokens | High quality: 2 | Alerts sent: 0 | Trade candidates: 2 | Quality out/core/explore/probe: 2/1/1/0 | Opened: 0 | Mode: local | Source: onchain+market | Policy: raw=OK/effective=OK(healthy | route=allow_all) | Regime: YELLOW(hysteresis_recover_wait 3/4 raw=GREEN) | Safety: checked=2 fail_closed=0 reasons=api_code_4029:2 | FiltersTop(session): safe_age:4,safe_change_5m:3,source_qos_cap:2,score_min:2 | Dedup: heavy_skip=0 override=0 | V2Budget: 2/280 | SourceQoS: enabled=1/in=4/out=3/dropped=1/active_cd=0/drops=source_qos_cap:1 | Ingest: q=0/oldest=0.0s/drop_old=0/dedup_skip=0/enq=0/drain=0 | Sources: dex_boosts:ok=1/fail=0/429=0/lim_wait=0/cd_wait=0/err=0.0%/avg=86ms; dexscreener:ok=11/fail=0/429=0/lim_wait=0/cd_wait=0/err=0.0%/avg=243ms; onchain_enrich:ok=1/fail=0/429=0/lim_wait=0/cd_wait=0/err=0.0%/avg=382ms | Tasks: 3 | RSS: 0.0MB | CycleAvg: 11.92s
2026-02-27 00:54:11,158 [INFO] [u_station_ab_night_autotune_v2] __main__: WATCHLIST merged count=3
2026-02-27 00:54:11,159 [INFO] [u_station_ab_night_autotune_v2] trading.v2_runtime: V2_UNIVERSE in=3 dedup=3 out=3 target=3 novel_target=3 novel_out=0 repeat_dropped=0 symbol_dropped=0 surge_in=0 surge_target=0 surge_out=0
2026-02-27 00:54:11,159 [INFO] [u_station_ab_night_autotune_v2] __main__: FILTER_PASS token=cbBTC tier=A score=100 mode=YELLOW risk=MEDIUM liq=19674666 vol5m=37372
2026-02-27 00:54:11,160 [INFO] [u_station_ab_night_autotune_v2] __main__: FILTER_PASS token=AERO tier=A score=75 mode=YELLOW risk=MEDIUM liq=1659100 vol5m=550
2026-02-27 00:54:11,161 [INFO] [u_station_ab_night_autotune_v2] __main__: FILTER_PASS token=VIRTUAL tier=A score=75 mode=YELLOW risk=MEDIUM liq=7326252 vol5m=175
2026-02-27 00:54:11,163 [INFO] [u_station_ab_night_autotune_v2] __main__: V2_QUALITY_GATE enabled=True regime=GREEN in=3 out=3 core_out=1 explore_out=2 probe_out=0 quota=2 max_symbol_share=0.333 drop={} sources_used={'watchlist': 3}
2026-02-27 00:54:11,163 [INFO] [u_station_ab_night_autotune_v2] __main__: V2_ENTRY_ROUTE enabled=True regime=GREEN in=3 out=2 core_out=1 explore_out=1 quota=1 allow_explore=True
2026-02-27 00:54:11,164 [INFO] [u_station_ab_night_autotune_v2] __main__: MARKET_REGIME mode=GREEN reason=avg_cand=3.00 avg_cand_recent=3.00
2026-02-27 00:54:11,165 [WARNING] [u_station_ab_night_autotune_v2] monitor.local_alerter: Local event symbol=MARKET_MODE reco=GREEN risk=INFO
2026-02-27 00:54:11,166 [INFO] [u_station_ab_night_autotune_v2] trading.auto_trader: AutoTrade batch prefilter removed=1 missing_addr=0 open_duplicate=1
2026-02-27 00:54:11,168 [INFO] [u_station_ab_night_autotune_v2] trading.auto_trader: AutoTrade adjust token=VIRTUAL reason=min_trade_floor size=$0.03->$0.10 min=$0.10
2026-02-27 00:54:11,168 [INFO] [u_station_ab_night_autotune_v2] trading.auto_trader: AutoTrade skip token=VIRTUAL reason=edge_low mode=both edge=-29.70% raw=-27.50% mult=1.08 min=0.05% probe_min=0.05% edge_usd=$-0.030 min_usd=$0.000 probe_min_usd=$0.000 size=$0.10 gross=3.20% costs=30.70% pwin=0.45 probe=- budget=0/1
2026-02-27 00:54:11,169 [INFO] [u_station_ab_night_autotune_v2] trading.auto_trader: AutoTrade batch mode=top_n candidates=2 eligible=1 selected=1 opened=0 pe=off burst_window=1
2026-02-27 00:54:11,261 [INFO] [u_station_ab_night_autotune_v2] __main__: Scanned 3 tokens | High quality: 3 | Alerts sent: 0 | Trade candidates: 3 | Quality out/core/explore/probe: 3/1/2/0 | Opened: 0 | Mode: local | Source: onchain+market | Policy: raw=OK/effective=OK(healthy | route=allow_all) | Regime: GREEN(avg_cand=3.00) | Safety: checked=3 fail_closed=0 reasons=api_code_4029:3 | FiltersTop(session): safe_age:4,safe_change_5m:3,source_qos_cap:2,score_min:2 | Dedup: heavy_skip=0 override=0 | V2Budget: 3/280 | SourceQoS: enabled=1/in=3/out=3/dropped=0/active_cd=0/drops=none | Ingest: q=0/oldest=0.0s/drop_old=0/dedup_skip=0/enq=0/drain=0 | Sources: dex_boosts:ok=1/fail=0/429=0/lim_wait=0/cd_wait=0/err=0.0%/avg=57ms; dexscreener:ok=11/fail=0/429=0/lim_wait=0/cd_wait=0/err=0.0%/avg=56ms | Tasks: 3 | RSS: 0.0MB | CycleAvg: 8.42s
2026-02-27 00:54:15,725 [INFO] [u_station_ab_night_autotune_v2] __main__: WATCHLIST merged count=3
2026-02-27 00:54:15,725 [INFO] [u_station_ab_night_autotune_v2] trading.v2_runtime: V2_UNIVERSE in=3 dedup=3 out=3 target=3 novel_target=3 novel_out=0 repeat_dropped=0 symbol_dropped=0 surge_in=0 surge_target=0 surge_out=0
2026-02-27 00:54:15,725 [INFO] [u_station_ab_night_autotune_v2] __main__: FILTER_PASS token=cbBTC tier=A score=100 mode=GREEN risk=MEDIUM liq=19674666 vol5m=37372
2026-02-27 00:54:15,725 [INFO] [u_station_ab_night_autotune_v2] __main__: FILTER_PASS token=AERO tier=A score=75 mode=GREEN risk=MEDIUM liq=1659100 vol5m=550
2026-02-27 00:54:15,725 [INFO] [u_station_ab_night_autotune_v2] __main__: FILTER_PASS token=VIRTUAL tier=A score=75 mode=GREEN risk=MEDIUM liq=7326252 vol5m=175
2026-02-27 00:54:15,725 [INFO] [u_station_ab_night_autotune_v2] __main__: V2_QUALITY_GATE enabled=True regime=GREEN in=3 out=3 core_out=1 explore_out=2 probe_out=0 quota=2 max_symbol_share=0.333 drop={} sources_used={'watchlist': 3}
2026-02-27 00:54:15,725 [INFO] [u_station_ab_night_autotune_v2] __main__: V2_ENTRY_ROUTE enabled=True regime=GREEN in=3 out=2 core_out=1 explore_out=1 quota=1 allow_explore=True
2026-02-27 00:54:15,725 [INFO] [u_station_ab_night_autotune_v2] __main__: MARKET_REGIME mode=GREEN reason=avg_cand=3.00 avg_cand_recent=3.00
2026-02-27 00:54:15,725 [INFO] [u_station_ab_night_autotune_v2] trading.auto_trader: AutoTrade batch prefilter removed=1 missing_addr=0 open_duplicate=1
2026-02-27 00:54:15,741 [INFO] [u_station_ab_night_autotune_v2] trading.auto_trader: AutoTrade adjust token=VIRTUAL reason=min_trade_floor size=$0.02->$0.10 min=$0.10
2026-02-27 00:54:15,741 [INFO] [u_station_ab_night_autotune_v2] trading.auto_trader: AutoTrade skip token=VIRTUAL reason=ev_net_low expected_net=$-0.00987 min=$-0.00232 samples=23 conf=1.00 pwin=0.30 avg_win=$0.0097 avg_loss=$0.0177 kelly=0.000 mem=sparse trades=0<18
2026-02-27 00:54:15,747 [INFO] [u_station_ab_night_autotune_v2] trading.auto_trader: AutoTrade batch mode=top_n candidates=2 eligible=1 selected=1 opened=0 pe=off burst_window=1
2026-02-27 00:54:15,869 [INFO] [u_station_ab_night_autotune_v2] __main__: Scanned 3 tokens | High quality: 3 | Alerts sent: 0 | Trade candidates: 3 | Quality out/core/explore/probe: 3/1/2/0 | Opened: 0 | Mode: local | Source: onchain+market | Policy: raw=OK/effective=OK(healthy | route=allow_all) | Regime: GREEN(avg_cand=3.00) | Safety: checked=3 fail_closed=0 reasons=api_code_4029:3 | FiltersTop(session): safe_age:4,safe_change_5m:3,source_qos_cap:2,score_min:2 | Dedup: heavy_skip=0 override=0 | V2Budget: 3/280 | SourceQoS: enabled=1/in=3/out=3/dropped=0/active_cd=0/drops=none | Ingest: q=0/oldest=0.0s/drop_old=0/dedup_skip=0/enq=0/drain=0 | Sources: dex_boosts:ok=1/fail=0/429=0/lim_wait=0/cd_wait=0/err=0.0%/avg=39ms; dexscreener:ok=11/fail=0/429=0/lim_wait=0/cd_wait=0/err=0.0%/avg=63ms | Tasks: 3 | RSS: 0.0MB | CycleAvg: 6.45s
2026-02-27 00:54:20,286 [INFO] [u_station_ab_night_autotune_v2] __main__: WATCHLIST merged count=3
2026-02-27 00:54:20,286 [INFO] [u_station_ab_night_autotune_v2] trading.v2_runtime: V2_UNIVERSE in=3 dedup=3 out=3 target=3 novel_target=3 novel_out=0 repeat_dropped=0 symbol_dropped=0 surge_in=0 surge_target=0 surge_out=0
2026-02-27 00:54:20,286 [INFO] [u_station_ab_night_autotune_v2] __main__: FILTER_PASS token=cbBTC tier=A score=100 mode=GREEN risk=MEDIUM liq=19674666 vol5m=37372
2026-02-27 00:54:20,286 [INFO] [u_station_ab_night_autotune_v2] __main__: FILTER_PASS token=AERO tier=A score=75 mode=GREEN risk=MEDIUM liq=1659100 vol5m=550
2026-02-27 00:54:20,286 [INFO] [u_station_ab_night_autotune_v2] __main__: FILTER_PASS token=VIRTUAL tier=A score=75 mode=GREEN risk=MEDIUM liq=7326252 vol5m=175
2026-02-27 00:54:20,303 [INFO] [u_station_ab_night_autotune_v2] __main__: V2_QUALITY_GATE enabled=True regime=GREEN in=3 out=3 core_out=1 explore_out=2 probe_out=0 quota=2 max_symbol_share=0.333 drop={} sources_used={'watchlist': 3}
2026-02-27 00:54:20,303 [INFO] [u_station_ab_night_autotune_v2] __main__: V2_ENTRY_ROUTE enabled=True regime=GREEN in=3 out=2 core_out=1 explore_out=1 quota=1 allow_explore=True
2026-02-27 00:54:20,304 [INFO] [u_station_ab_night_autotune_v2] __main__: MARKET_REGIME mode=GREEN reason=avg_cand=3.00 avg_cand_recent=3.00
2026-02-27 00:54:20,304 [INFO] [u_station_ab_night_autotune_v2] trading.auto_trader: AutoTrade batch prefilter removed=1 missing_addr=0 open_duplicate=1
2026-02-27 00:54:20,305 [INFO] [u_station_ab_night_autotune_v2] trading.auto_trader: AutoTrade adjust token=VIRTUAL reason=min_trade_floor size=$0.02->$0.10 min=$0.10
2026-02-27 00:54:20,307 [INFO] [u_station_ab_night_autotune_v2] trading.auto_trader: AutoTrade skip token=VIRTUAL reason=ev_net_low expected_net=$-0.00987 min=$-0.00232 samples=23 conf=1.00 pwin=0.30 avg_win=$0.0097 avg_loss=$0.0177 kelly=0.000 mem=sparse trades=0<18
2026-02-27 00:54:20,307 [INFO] [u_station_ab_night_autotune_v2] trading.auto_trader: AutoTrade batch mode=top_n candidates=2 eligible=1 selected=1 opened=0 pe=off burst_window=1
2026-02-27 00:54:20,457 [INFO] [u_station_ab_night_autotune_v2] __main__: Scanned 3 tokens | High quality: 3 | Alerts sent: 0 | Trade candidates: 3 | Quality out/core/explore/probe: 3/1/2/0 | Opened: 0 | Mode: local | Source: onchain+market | Policy: raw=OK/effective=OK(healthy | route=allow_all) | Regime: GREEN(avg_cand=3.00) | Safety: checked=3 fail_closed=0 reasons=api_code_4029:3 | FiltersTop(session): safe_age:4,safe_change_5m:3,source_qos_cap:2,score_min:2 | Dedup: heavy_skip=0 override=0 | V2Budget: 3/280 | SourceQoS: enabled=1/in=3/out=3/dropped=0/active_cd=0/drops=none | Ingest: q=0/oldest=0.0s/drop_old=0/dedup_skip=0/enq=0/drain=0 | Sources: dex_boosts:ok=1/fail=0/429=0/lim_wait=0/cd_wait=0/err=0.0%/avg=53ms; dexscreener:ok=11/fail=0/429=0/lim_wait=0/cd_wait=0/err=0.0%/avg=81ms | Tasks: 3 | RSS: 0.0MB | CycleAvg: 5.28s
2026-02-27 00:54:24,853 [INFO] [u_station_ab_night_autotune_v2] __main__: WATCHLIST merged count=3
2026-02-27 00:54:24,853 [INFO] [u_station_ab_night_autotune_v2] trading.v2_runtime: V2_UNIVERSE in=3 dedup=3 out=3 target=3 novel_target=3 novel_out=0 repeat_dropped=0 symbol_dropped=0 surge_in=0 surge_target=0 surge_out=0
2026-02-27 00:54:24,853 [INFO] [u_station_ab_night_autotune_v2] __main__: FILTER_PASS token=cbBTC tier=A score=100 mode=GREEN risk=MEDIUM liq=19674666 vol5m=37372
2026-02-27 00:54:24,853 [INFO] [u_station_ab_night_autotune_v2] __main__: FILTER_PASS token=AERO tier=A score=75 mode=GREEN risk=MEDIUM liq=1659100 vol5m=550
2026-02-27 00:54:24,853 [INFO] [u_station_ab_night_autotune_v2] __main__: FILTER_PASS token=VIRTUAL tier=A score=75 mode=GREEN risk=MEDIUM liq=7326252 vol5m=175
2026-02-27 00:54:24,853 [INFO] [u_station_ab_night_autotune_v2] __main__: V2_QUALITY_GATE enabled=True regime=GREEN in=3 out=3 core_out=1 explore_out=2 probe_out=0 quota=2 max_symbol_share=0.333 drop={} sources_used={'watchlist': 3}
2026-02-27 00:54:24,853 [INFO] [u_station_ab_night_autotune_v2] __main__: V2_ENTRY_ROUTE enabled=True regime=GREEN in=3 out=2 core_out=1 explore_out=1 quota=1 allow_explore=True
2026-02-27 00:54:24,853 [INFO] [u_station_ab_night_autotune_v2] __main__: MARKET_REGIME mode=GREEN reason=avg_cand=3.00 avg_cand_recent=3.00
2026-02-27 00:54:24,853 [INFO] [u_station_ab_night_autotune_v2] trading.auto_trader: AutoTrade batch prefilter removed=1 missing_addr=0 open_duplicate=1
2026-02-27 00:54:24,853 [INFO] [u_station_ab_night_autotune_v2] trading.auto_trader: AutoTrade adjust token=VIRTUAL reason=min_trade_floor size=$0.02->$0.10 min=$0.10
2026-02-27 00:54:24,866 [INFO] [u_station_ab_night_autotune_v2] trading.auto_trader: AutoTrade skip token=VIRTUAL reason=ev_net_low expected_net=$-0.00987 min=$-0.00232 samples=23 conf=1.00 pwin=0.30 avg_win=$0.0097 avg_loss=$0.0177 kelly=0.000 mem=sparse trades=0<18
2026-02-27 00:54:24,866 [INFO] [u_station_ab_night_autotune_v2] trading.auto_trader: AutoTrade batch mode=top_n candidates=2 eligible=1 selected=1 opened=0 pe=off burst_window=1
2026-02-27 00:54:24,941 [INFO] [u_station_ab_night_autotune_v2] __main__: Scanned 3 tokens | High quality: 3 | Alerts sent: 0 | Trade candidates: 3 | Quality out/core/explore/probe: 3/1/2/0 | Opened: 0 | Mode: local | Source: onchain+market | Policy: raw=OK/effective=OK(healthy | route=allow_all) | Regime: GREEN(avg_cand=3.00) | Safety: checked=3 fail_closed=0 reasons=api_code_4029:3 | FiltersTop(session): safe_age:4,safe_change_5m:3,source_qos_cap:2,score_min:2 | Dedup: heavy_skip=0 override=0 | V2Budget: 3/280 | SourceQoS: enabled=1/in=3/out=3/dropped=0/active_cd=0/drops=none | Ingest: q=0/oldest=0.0s/drop_old=0/dedup_skip=0/enq=0/drain=0 | Sources: dex_boosts:ok=1/fail=0/429=0/lim_wait=0/cd_wait=0/err=0.0%/avg=38ms; dexscreener:ok=11/fail=0/429=0/lim_wait=0/cd_wait=0/err=0.0%/avg=48ms | Tasks: 3 | RSS: 0.0MB | CycleAvg: 4.50s
2026-02-27 00:54:29,387 [INFO] [u_station_ab_night_autotune_v2] __main__: WATCHLIST merged count=3
2026-02-27 00:54:29,389 [INFO] [u_station_ab_night_autotune_v2] trading.v2_runtime: V2_UNIVERSE in=3 dedup=3 out=3 target=3 novel_target=3 novel_out=0 repeat_dropped=0 symbol_dropped=0 surge_in=0 surge_target=0 surge_out=0
2026-02-27 00:54:29,389 [INFO] [u_station_ab_night_autotune_v2] __main__: FILTER_PASS token=cbBTC tier=A score=100 mode=GREEN risk=MEDIUM liq=19674666 vol5m=37372
2026-02-27 00:54:29,391 [INFO] [u_station_ab_night_autotune_v2] __main__: FILTER_PASS token=AERO tier=A score=75 mode=GREEN risk=MEDIUM liq=1659100 vol5m=550
2026-02-27 00:54:29,393 [INFO] [u_station_ab_night_autotune_v2] __main__: FILTER_PASS token=VIRTUAL tier=A score=75 mode=GREEN risk=MEDIUM liq=7326252 vol5m=175
2026-02-27 00:54:29,394 [INFO] [u_station_ab_night_autotune_v2] __main__: V2_QUALITY_GATE enabled=True regime=GREEN in=3 out=3 core_out=1 explore_out=2 probe_out=0 quota=2 max_symbol_share=0.333 drop={} sources_used={'watchlist': 3}
2026-02-27 00:54:29,396 [INFO] [u_station_ab_night_autotune_v2] __main__: V2_ENTRY_ROUTE enabled=True regime=GREEN in=3 out=2 core_out=1 explore_out=1 quota=1 allow_explore=True
2026-02-27 00:54:29,397 [INFO] [u_station_ab_night_autotune_v2] __main__: MARKET_REGIME mode=GREEN reason=avg_cand=3.00 avg_cand_recent=3.00
2026-02-27 00:54:29,398 [INFO] [u_station_ab_night_autotune_v2] trading.auto_trader: AutoTrade batch prefilter removed=1 missing_addr=0 open_duplicate=1
2026-02-27 00:54:29,400 [INFO] [u_station_ab_night_autotune_v2] trading.auto_trader: AutoTrade adjust token=VIRTUAL reason=min_trade_floor size=$0.02->$0.10 min=$0.10
2026-02-27 00:54:29,401 [INFO] [u_station_ab_night_autotune_v2] trading.auto_trader: AutoTrade skip token=VIRTUAL reason=ev_net_low expected_net=$-0.00987 min=$-0.00232 samples=23 conf=1.00 pwin=0.30 avg_win=$0.0097 avg_loss=$0.0177 kelly=0.000 mem=sparse trades=0<18
2026-02-27 00:54:29,401 [INFO] [u_station_ab_night_autotune_v2] trading.auto_trader: AutoTrade batch mode=top_n candidates=2 eligible=1 selected=1 opened=0 pe=off burst_window=1
2026-02-27 00:54:29,484 [INFO] [u_station_ab_night_autotune_v2] __main__: Scanned 3 tokens | High quality: 3 | Alerts sent: 0 | Trade candidates: 3 | Quality out/core/explore/probe: 3/1/2/0 | Opened: 0 | Mode: local | Source: onchain+market | Policy: raw=OK/effective=OK(healthy | route=allow_all) | Regime: GREEN(avg_cand=3.00) | Safety: checked=3 fail_closed=0 reasons=api_code_4029:3 | FiltersTop(session): safe_age:4,safe_change_5m:3,source_qos_cap:2,score_min:2 | Dedup: heavy_skip=0 override=0 | V2Budget: 3/280 | SourceQoS: enabled=1/in=3/out=3/dropped=0/active_cd=0/drops=none | Ingest: q=0/oldest=0.0s/drop_old=0/dedup_skip=0/enq=0/drain=0 | Sources: dex_boosts:ok=1/fail=0/429=0/lim_wait=0/cd_wait=0/err=0.0%/avg=39ms; dexscreener:ok=11/fail=0/429=0/lim_wait=0/cd_wait=0/err=0.0%/avg=47ms | Tasks: 3 | RSS: 0.0MB | CycleAvg: 3.92s
2026-02-27 00:54:33,882 [INFO] [u_station_ab_night_autotune_v2] __main__: WATCHLIST merged count=3
2026-02-27 00:54:33,882 [INFO] [u_station_ab_night_autotune_v2] trading.v2_runtime: V2_UNIVERSE in=3 dedup=3 out=3 target=3 novel_target=3 novel_out=0 repeat_dropped=0 symbol_dropped=0 surge_in=0 surge_target=0 surge_out=0
2026-02-27 00:54:33,882 [INFO] [u_station_ab_night_autotune_v2] __main__: FILTER_PASS token=cbBTC tier=A score=100 mode=GREEN risk=MEDIUM liq=19674666 vol5m=37372
2026-02-27 00:54:33,882 [INFO] [u_station_ab_night_autotune_v2] __main__: FILTER_PASS token=AERO tier=A score=75 mode=GREEN risk=MEDIUM liq=1659100 vol5m=550
2026-02-27 00:54:33,882 [INFO] [u_station_ab_night_autotune_v2] __main__: FILTER_PASS token=VIRTUAL tier=A score=75 mode=GREEN risk=MEDIUM liq=7326252 vol5m=175
2026-02-27 00:54:33,882 [INFO] [u_station_ab_night_autotune_v2] __main__: V2_QUALITY_GATE enabled=True regime=GREEN in=3 out=3 core_out=1 explore_out=2 probe_out=0 quota=2 max_symbol_share=0.333 drop={} sources_used={'watchlist': 3}
2026-02-27 00:54:33,882 [INFO] [u_station_ab_night_autotune_v2] __main__: V2_ENTRY_ROUTE enabled=True regime=GREEN in=3 out=2 core_out=1 explore_out=1 quota=1 allow_explore=True
2026-02-27 00:54:33,882 [INFO] [u_station_ab_night_autotune_v2] __main__: MARKET_REGIME mode=GREEN reason=avg_cand=3.00 avg_cand_recent=3.00
2026-02-27 00:54:33,898 [INFO] [u_station_ab_night_autotune_v2] trading.auto_trader: AutoTrade batch prefilter removed=1 missing_addr=0 open_duplicate=1
2026-02-27 00:54:33,898 [INFO] [u_station_ab_night_autotune_v2] trading.auto_trader: AutoTrade adjust token=VIRTUAL reason=min_trade_floor size=$0.02->$0.10 min=$0.10
2026-02-27 00:54:33,898 [INFO] [u_station_ab_night_autotune_v2] trading.auto_trader: AutoTrade skip token=VIRTUAL reason=ev_net_low expected_net=$-0.00987 min=$-0.00232 samples=23 conf=1.00 pwin=0.30 avg_win=$0.0097 avg_loss=$0.0177 kelly=0.000 mem=sparse trades=0<18
2026-02-27 00:54:33,898 [INFO] [u_station_ab_night_autotune_v2] trading.auto_trader: AutoTrade batch mode=top_n candidates=2 eligible=1 selected=1 opened=0 pe=off burst_window=0
2026-02-27 00:54:33,898 [INFO] [u_station_ab_night_autotune_v2] trading.auto_trader: PAPER_SUMMARY window=60s closed_delta=0 wins_delta=0 losses_delta=0 realized_delta=$0.00 total_closed=37 winrate_total=40.5% realized_total=$-0.01 balance=$6.54 equity=$6.99 open=1
2026-02-27 00:54:33,991 [INFO] [u_station_ab_night_autotune_v2] __main__: Scanned 3 tokens | High quality: 3 | Alerts sent: 0 | Trade candidates: 3 | Quality out/core/explore/probe: 3/1/2/0 | Opened: 0 | Mode: local | Source: onchain+market | Policy: raw=OK/effective=OK(healthy | route=allow_all) | Regime: GREEN(avg_cand=3.00) | Safety: checked=3 fail_closed=0 reasons=api_code_4029:3 | FiltersTop(session): safe_age:4,safe_change_5m:3,source_qos_cap:2,score_min:2 | Dedup: heavy_skip=0 override=0 | V2Budget: 3/280 | SourceQoS: enabled=1/in=3/out=3/dropped=0/active_cd=0/drops=none | Ingest: q=0/oldest=0.0s/drop_old=0/dedup_skip=0/enq=0/drain=0 | Sources: dex_boosts:ok=1/fail=0/429=0/lim_wait=0/cd_wait=0/err=0.0%/avg=51ms; dexscreener:ok=11/fail=0/429=0/lim_wait=0/cd_wait=0/err=0.0%/avg=53ms | Tasks: 3 | RSS: 0.0MB | CycleAvg: 3.50s
2026-02-27 00:54:38,509 [INFO] [u_station_ab_night_autotune_v2] __main__: WATCHLIST merged count=3
2026-02-27 00:54:38,510 [INFO] [u_station_ab_night_autotune_v2] trading.v2_runtime: V2_UNIVERSE in=3 dedup=3 out=3 target=3 novel_target=3 novel_out=0 repeat_dropped=0 symbol_dropped=0 surge_in=0 surge_target=0 surge_out=0
2026-02-27 00:54:38,511 [INFO] [u_station_ab_night_autotune_v2] __main__: FILTER_PASS token=cbBTC tier=A score=100 mode=GREEN risk=MEDIUM liq=19674666 vol5m=37372
2026-02-27 00:54:38,512 [INFO] [u_station_ab_night_autotune_v2] __main__: FILTER_PASS token=AERO tier=A score=75 mode=GREEN risk=MEDIUM liq=1659100 vol5m=550
2026-02-27 00:54:38,513 [INFO] [u_station_ab_night_autotune_v2] __main__: FILTER_PASS token=VIRTUAL tier=A score=75 mode=GREEN risk=MEDIUM liq=7326252 vol5m=175
2026-02-27 00:54:38,514 [INFO] [u_station_ab_night_autotune_v2] __main__: V2_QUALITY_GATE enabled=True regime=GREEN in=3 out=3 core_out=1 explore_out=2 probe_out=0 quota=2 max_symbol_share=0.333 drop={} sources_used={'watchlist': 3}
2026-02-27 00:54:38,515 [INFO] [u_station_ab_night_autotune_v2] __main__: V2_ENTRY_ROUTE enabled=True regime=GREEN in=3 out=2 core_out=1 explore_out=1 quota=1 allow_explore=True
2026-02-27 00:54:38,516 [INFO] [u_station_ab_night_autotune_v2] __main__: MARKET_REGIME mode=GREEN reason=avg_cand=3.00 avg_cand_recent=3.00
2026-02-27 00:54:38,517 [INFO] [u_station_ab_night_autotune_v2] trading.auto_trader: AutoTrade batch prefilter removed=1 missing_addr=0 open_duplicate=1
2026-02-27 00:54:38,519 [INFO] [u_station_ab_night_autotune_v2] trading.auto_trader: AutoTrade adjust token=VIRTUAL reason=min_trade_floor size=$0.02->$0.10 min=$0.10
2026-02-27 00:54:38,520 [INFO] [u_station_ab_night_autotune_v2] trading.auto_trader: AutoTrade skip token=VIRTUAL reason=ev_net_low expected_net=$-0.00987 min=$-0.00232 samples=23 conf=1.00 pwin=0.30 avg_win=$0.0097 avg_loss=$0.0177 kelly=0.000 mem=sparse trades=0<18
2026-02-27 00:54:38,521 [INFO] [u_station_ab_night_autotune_v2] trading.auto_trader: AutoTrade batch mode=top_n candidates=2 eligible=1 selected=1 opened=0 pe=off burst_window=0
2026-02-27 00:54:38,627 [INFO] [u_station_ab_night_autotune_v2] __main__: Scanned 3 tokens | High quality: 3 | Alerts sent: 0 | Trade candidates: 3 | Quality out/core/explore/probe: 3/1/2/0 | Opened: 0 | Mode: local | Source: onchain+market | Policy: raw=OK/effective=OK(healthy | route=allow_all) | Regime: GREEN(avg_cand=3.00) | Safety: checked=3 fail_closed=0 reasons=api_code_4029:3 | FiltersTop(session): safe_age:4,safe_change_5m:3,source_qos_cap:2,score_min:2 | Dedup: heavy_skip=0 override=0 | V2Budget: 3/280 | SourceQoS: enabled=1/in=3/out=3/dropped=0/active_cd=0/drops=none | Ingest: q=0/oldest=0.0s/drop_old=0/dedup_skip=0/enq=0/drain=0 | Sources: dex_boosts:ok=1/fail=0/429=0/lim_wait=0/cd_wait=0/err=0.0%/avg=89ms; dexscreener:ok=11/fail=0/429=0/lim_wait=0/cd_wait=0/err=0.0%/avg=217ms | Tasks: 3 | RSS: 0.0MB | CycleAvg: 3.17s
2026-02-27 00:54:43,063 [INFO] [u_station_ab_night_autotune_v2] __main__: WATCHLIST merged count=3
2026-02-27 00:54:43,064 [INFO] [u_station_ab_night_autotune_v2] trading.v2_runtime: V2_UNIVERSE in=3 dedup=3 out=3 target=3 novel_target=3 novel_out=0 repeat_dropped=0 symbol_dropped=0 surge_in=0 surge_target=0 surge_out=0
2026-02-27 00:54:43,065 [INFO] [u_station_ab_night_autotune_v2] __main__: FILTER_PASS token=cbBTC tier=A score=100 mode=GREEN risk=MEDIUM liq=19674666 vol5m=37372
2026-02-27 00:54:43,066 [INFO] [u_station_ab_night_autotune_v2] __main__: FILTER_PASS token=AERO tier=A score=75 mode=GREEN risk=MEDIUM liq=1659100 vol5m=550
2026-02-27 00:54:43,066 [INFO] [u_station_ab_night_autotune_v2] __main__: FILTER_PASS token=VIRTUAL tier=A score=75 mode=GREEN risk=MEDIUM liq=7326252 vol5m=175
2026-02-27 00:54:43,070 [INFO] [u_station_ab_night_autotune_v2] __main__: V2_QUALITY_GATE enabled=True regime=GREEN in=3 out=3 core_out=1 explore_out=2 probe_out=0 quota=2 max_symbol_share=0.333 drop={} sources_used={'watchlist': 3}
2026-02-27 00:54:43,071 [INFO] [u_station_ab_night_autotune_v2] __main__: V2_ENTRY_ROUTE enabled=True regime=GREEN in=3 out=2 core_out=1 explore_out=1 quota=1 allow_explore=True
2026-02-27 00:54:43,071 [INFO] [u_station_ab_night_autotune_v2] __main__: MARKET_REGIME mode=GREEN reason=avg_cand=3.00 avg_cand_recent=3.00
2026-02-27 00:54:43,072 [INFO] [u_station_ab_night_autotune_v2] trading.auto_trader: AutoTrade batch prefilter removed=1 missing_addr=0 open_duplicate=1
2026-02-27 00:54:43,073 [INFO] [u_station_ab_night_autotune_v2] trading.auto_trader: AutoTrade adjust token=VIRTUAL reason=min_trade_floor size=$0.02->$0.10 min=$0.10
2026-02-27 00:54:43,074 [INFO] [u_station_ab_night_autotune_v2] trading.auto_trader: AutoTrade skip token=VIRTUAL reason=ev_net_low expected_net=$-0.00987 min=$-0.00232 samples=23 conf=1.00 pwin=0.30 avg_win=$0.0097 avg_loss=$0.0177 kelly=0.000 mem=sparse trades=0<18
2026-02-27 00:54:43,075 [INFO] [u_station_ab_night_autotune_v2] trading.auto_trader: AutoTrade batch mode=top_n candidates=2 eligible=1 selected=1 opened=0 pe=off burst_window=0
2026-02-27 00:54:43,181 [INFO] [u_station_ab_night_autotune_v2] __main__: Scanned 3 tokens | High quality: 3 | Alerts sent: 0 | Trade candidates: 3 | Quality out/core/explore/probe: 3/1/2/0 | Opened: 0 | Mode: local | Source: onchain+market | Policy: raw=OK/effective=OK(healthy | route=allow_all) | Regime: GREEN(avg_cand=3.00) | Safety: checked=3 fail_closed=0 reasons=api_code_4029:3 | FiltersTop(session): safe_age:4,safe_change_5m:3,source_qos_cap:2,score_min:2 | Dedup: heavy_skip=0 override=0 | V2Budget: 3/280 | SourceQoS: enabled=1/in=3/out=3/dropped=0/active_cd=0/drops=none | Ingest: q=0/oldest=0.0s/drop_old=0/dedup_skip=0/enq=0/drain=0 | Sources: dex_boosts:ok=1/fail=0/429=0/lim_wait=0/cd_wait=0/err=0.0%/avg=40ms; dexscreener:ok=11/fail=0/429=0/lim_wait=0/cd_wait=0/err=0.0%/avg=55ms | Tasks: 3 | RSS: 0.0MB | CycleAvg: 2.91s
2026-02-27 00:54:50,671 [INFO] [u_station_ab_night_autotune_v2] __main__: WATCHLIST merged count=3
2026-02-27 00:54:50,671 [INFO] [u_station_ab_night_autotune_v2] trading.v2_runtime: V2_UNIVERSE in=3 dedup=3 out=3 target=3 novel_target=3 novel_out=0 repeat_dropped=0 symbol_dropped=0 surge_in=0 surge_target=0 surge_out=0
2026-02-27 00:54:50,671 [INFO] [u_station_ab_night_autotune_v2] __main__: FILTER_PASS token=cbBTC tier=A score=100 mode=GREEN risk=MEDIUM liq=19674666 vol5m=37372
2026-02-27 00:54:50,671 [INFO] [u_station_ab_night_autotune_v2] __main__: FILTER_PASS token=AERO tier=A score=75 mode=GREEN risk=MEDIUM liq=1659100 vol5m=550
2026-02-27 00:54:50,671 [INFO] [u_station_ab_night_autotune_v2] __main__: FILTER_PASS token=VIRTUAL tier=A score=75 mode=GREEN risk=MEDIUM liq=7326252 vol5m=175
2026-02-27 00:54:50,671 [INFO] [u_station_ab_night_autotune_v2] __main__: V2_QUALITY_GATE enabled=True regime=GREEN in=3 out=3 core_out=1 explore_out=2 probe_out=0 quota=2 max_symbol_share=0.333 drop={} sources_used={'watchlist': 3}
2026-02-27 00:54:50,671 [INFO] [u_station_ab_night_autotune_v2] __main__: V2_ENTRY_ROUTE enabled=True regime=GREEN in=3 out=2 core_out=1 explore_out=1 quota=1 allow_explore=True
2026-02-27 00:54:50,671 [INFO] [u_station_ab_night_autotune_v2] __main__: MARKET_REGIME mode=GREEN reason=avg_cand=3.00 avg_cand_recent=3.00
2026-02-27 00:54:50,687 [INFO] [u_station_ab_night_autotune_v2] trading.auto_trader: AutoTrade batch prefilter removed=1 missing_addr=0 open_duplicate=1
2026-02-27 00:54:50,687 [INFO] [u_station_ab_night_autotune_v2] trading.auto_trader: AutoTrade adjust token=VIRTUAL reason=min_trade_floor size=$0.02->$0.10 min=$0.10
2026-02-27 00:54:50,687 [INFO] [u_station_ab_night_autotune_v2] trading.auto_trader: AutoTrade skip token=VIRTUAL reason=ev_net_low expected_net=$-0.00987 min=$-0.00232 samples=23 conf=1.00 pwin=0.30 avg_win=$0.0097 avg_loss=$0.0177 kelly=0.000 mem=sparse trades=0<18
2026-02-27 00:54:50,687 [INFO] [u_station_ab_night_autotune_v2] trading.auto_trader: AutoTrade batch mode=top_n candidates=2 eligible=1 selected=1 opened=0 pe=off burst_window=0
2026-02-27 00:54:50,803 [INFO] [u_station_ab_night_autotune_v2] __main__: Scanned 3 tokens | High quality: 3 | Alerts sent: 0 | Trade candidates: 3 | Quality out/core/explore/probe: 3/1/2/0 | Opened: 0 | Mode: local | Source: onchain+market | Policy: raw=OK/effective=OK(healthy | route=allow_all) | Regime: GREEN(avg_cand=3.00) | Safety: checked=3 fail_closed=0 reasons=api_code_4029:3 | FiltersTop(session): safe_age:4,safe_change_5m:3,source_qos_cap:2,score_min:2 | Dedup: heavy_skip=0 override=0 | V2Budget: 3/280 | SourceQoS: enabled=1/in=3/out=3/dropped=0/active_cd=0/drops=none | Ingest: q=2/oldest=1.6s/drop_old=0/dedup_skip=0/enq=2/drain=0 | Sources: dex_boosts:ok=1/fail=0/429=0/lim_wait=0/cd_wait=0/err=0.0%/avg=50ms; dexscreener:ok=11/fail=0/429=0/lim_wait=1/cd_wait=0/err=0.0%/avg=42ms; geckoterminal:ok=1/fail=0/429=0/lim_wait=0/cd_wait=0/err=0.0%/avg=238ms | Tasks: 3 | RSS: 0.0MB | CycleAvg: 2.70s
2026-02-27 00:55:05,365 [INFO] [u_station_ab_night_autotune_v2] __main__: WATCHLIST merged count=3
2026-02-27 00:55:05,366 [INFO] [u_station_ab_night_autotune_v2] trading.v2_runtime: V2_UNIVERSE in=5 dedup=5 out=5 target=5 novel_target=5 novel_out=1 repeat_dropped=0 symbol_dropped=0 surge_in=1 surge_target=1 surge_out=1
2026-02-27 00:55:05,367 [INFO] [u_station_ab_night_autotune_v2] __main__: V2_SOURCE_QOS_FILTER in=5 out=4 drops={'source_qos_cap': 1} caps={'watchlist': 2, 'geckoterminal': 287}
2026-02-27 00:55:05,368 [INFO] [u_station_ab_night_autotune_v2] __main__: FILTER_FAIL token=VIRTUAL reason=source_qos_cap source=watchlist used=2/2
2026-02-27 00:55:05,370 [INFO] [u_station_ab_night_autotune_v2] __main__: FILTER_FAIL token=CHARLES reason=safe_age
2026-02-27 00:55:05,371 [INFO] [u_station_ab_night_autotune_v2] __main__: FILTER_PASS token=cbBTC tier=A score=100 mode=GREEN risk=MEDIUM liq=19674666 vol5m=37372
2026-02-27 00:55:05,372 [INFO] [u_station_ab_night_autotune_v2] __main__: FILTER_PASS token=AERO tier=A score=75 mode=GREEN risk=MEDIUM liq=1659100 vol5m=550
2026-02-27 00:55:05,374 [INFO] [u_station_ab_night_autotune_v2] __main__: FILTER_FAIL token=UTT reason=score_min score=40 strict_min=48 soft_min=48 mode=GREEN
2026-02-27 00:55:05,375 [INFO] [u_station_ab_night_autotune_v2] __main__: V2_QUALITY_GATE enabled=True regime=GREEN in=2 out=2 core_out=1 explore_out=1 probe_out=0 quota=1 max_symbol_share=0.500 drop={} sources_used={'watchlist': 2}
2026-02-27 00:55:05,376 [INFO] [u_station_ab_night_autotune_v2] __main__: V2_ENTRY_ROUTE enabled=True regime=GREEN in=2 out=2 core_out=1 explore_out=1 quota=1 allow_explore=True
2026-02-27 00:55:05,377 [INFO] [u_station_ab_night_autotune_v2] __main__: MARKET_REGIME mode=GREEN reason=avg_cand=2.83 avg_cand_recent=2.83
2026-02-27 00:55:05,377 [INFO] [u_station_ab_night_autotune_v2] trading.auto_trader: AutoTrade batch prefilter removed=1 missing_addr=0 open_duplicate=1
2026-02-27 00:55:05,380 [INFO] [u_station_ab_night_autotune_v2] trading.auto_trader: AutoTrade adjust token=AERO reason=min_trade_floor size=$0.02->$0.10 min=$0.10
2026-02-27 00:55:05,381 [INFO] [u_station_ab_night_autotune_v2] trading.auto_trader: AutoTrade skip token=AERO reason=ev_net_low expected_net=$-0.00987 min=$-0.00232 samples=23 conf=1.00 pwin=0.30 avg_win=$0.0097 avg_loss=$0.0177 kelly=0.000 mem=sparse trades=0<18
2026-02-27 00:55:05,382 [INFO] [u_station_ab_night_autotune_v2] trading.auto_trader: AutoTrade batch mode=top_n candidates=2 eligible=1 selected=1 opened=0 pe=off burst_window=0
2026-02-27 00:55:05,478 [INFO] [u_station_ab_night_autotune_v2] __main__: Scanned 5 tokens | High quality: 2 | Alerts sent: 0 | Trade candidates: 2 | Quality out/core/explore/probe: 2/1/1/0 | Opened: 0 | Mode: local | Source: onchain+market | Policy: raw=OK/effective=OK(healthy | route=allow_all) | Regime: GREEN(avg_cand=2.83) | Safety: checked=2 fail_closed=0 reasons=api_code_4029:2 | FiltersTop(session): safe_age:5,source_qos_cap:3,safe_change_5m:3,score_min:3 | Dedup: heavy_skip=0 override=0 | V2Budget: 2/280 | SourceQoS: enabled=1/in=5/out=4/dropped=1/active_cd=0/drops=source_qos_cap:1 | Ingest: q=0/oldest=0.0s/drop_old=0/dedup_skip=0/enq=0/drain=2 | Sources: dex_boosts:ok=1/fail=0/429=0/lim_wait=0/cd_wait=0/err=0.0%/avg=40ms; dexscreener:ok=11/fail=0/429=0/lim_wait=1/cd_wait=0/err=0.0%/avg=80ms | Tasks: 3 | RSS: 0.0MB | CycleAvg: 2.77s
2026-02-27 00:55:09,773 [INFO] [u_station_ab_night_autotune_v2] monitor.onchain_factory: PAIR_DETECTED source=uniswap_v2 dex=uniswap_v2 pair=0x565a4f56e889ad4d1292d06653678b7bd571368f token0=0x4200000000000000000000000000000000000006 token1=0xcb086a9f92211caadca082a1ac021fb420f9ed1b block=42680373 factory=0x8909dc15e40173ff4699343b6eb8132c65e18ec6
2026-02-27 00:55:10,138 [INFO] [u_station_ab_night_autotune_v2] monitor.onchain_factory: ENRICH_RETRY token=0xcb086a9f92211caadca082a1ac021fb420f9ed1b pair=0x565a4f56e889ad4d1292d06653678b7bd571368f attempt=1/2 delay=10s
2026-02-27 00:55:20,310 [INFO] [u_station_ab_night_autotune_v2] __main__: WATCHLIST merged count=3
2026-02-27 00:55:20,311 [INFO] [u_station_ab_night_autotune_v2] trading.v2_runtime: V2_UNIVERSE in=3 dedup=3 out=3 target=3 novel_target=3 novel_out=0 repeat_dropped=0 symbol_dropped=0 surge_in=0 surge_target=0 surge_out=0
2026-02-27 00:55:20,312 [INFO] [u_station_ab_night_autotune_v2] __main__: FILTER_PASS token=cbBTC tier=A score=100 mode=GREEN risk=MEDIUM liq=19674666 vol5m=37372
2026-02-27 00:55:20,313 [INFO] [u_station_ab_night_autotune_v2] __main__: FILTER_PASS token=AERO tier=A score=75 mode=GREEN risk=MEDIUM liq=1659100 vol5m=550
2026-02-27 00:55:20,315 [INFO] [u_station_ab_night_autotune_v2] __main__: FILTER_PASS token=VIRTUAL tier=A score=75 mode=GREEN risk=MEDIUM liq=7326252 vol5m=175
2026-02-27 00:55:20,316 [INFO] [u_station_ab_night_autotune_v2] __main__: V2_QUALITY_GATE enabled=True regime=GREEN in=3 out=3 core_out=1 explore_out=2 probe_out=0 quota=2 max_symbol_share=0.333 drop={} sources_used={'watchlist': 3}
2026-02-27 00:55:20,317 [INFO] [u_station_ab_night_autotune_v2] __main__: V2_ENTRY_ROUTE enabled=True regime=GREEN in=3 out=2 core_out=1 explore_out=1 quota=1 allow_explore=True
2026-02-27 00:55:20,318 [INFO] [u_station_ab_night_autotune_v2] __main__: MARKET_REGIME mode=GREEN reason=avg_cand=2.83 avg_cand_recent=2.83
2026-02-27 00:55:20,318 [INFO] [u_station_ab_night_autotune_v2] trading.auto_trader: AutoTrade batch prefilter removed=1 missing_addr=0 open_duplicate=1
2026-02-27 00:55:20,320 [INFO] [u_station_ab_night_autotune_v2] trading.auto_trader: AutoTrade adjust token=VIRTUAL reason=min_trade_floor size=$0.02->$0.10 min=$0.10
2026-02-27 00:55:20,321 [INFO] [u_station_ab_night_autotune_v2] trading.auto_trader: AutoTrade skip token=VIRTUAL reason=ev_net_low expected_net=$-0.00987 min=$-0.00232 samples=23 conf=1.00 pwin=0.30 avg_win=$0.0097 avg_loss=$0.0177 kelly=0.000 mem=sparse trades=0<18
2026-02-27 00:55:20,322 [INFO] [u_station_ab_night_autotune_v2] trading.auto_trader: AutoTrade batch mode=top_n candidates=2 eligible=1 selected=1 opened=0 pe=off burst_window=0
2026-02-27 00:55:20,411 [INFO] [u_station_ab_night_autotune_v2] __main__: Scanned 3 tokens | High quality: 3 | Alerts sent: 0 | Trade candidates: 3 | Quality out/core/explore/probe: 3/1/2/0 | Opened: 0 | Mode: local | Source: onchain+market | Policy: raw=OK/effective=OK(healthy | route=allow_all) | Regime: GREEN(avg_cand=2.83) | Safety: checked=3 fail_closed=0 reasons=api_code_4029:3 | FiltersTop(session): safe_age:5,source_qos_cap:3,safe_change_5m:3,score_min:3 | Dedup: heavy_skip=0 override=0 | V2Budget: 3/280 | SourceQoS: enabled=1/in=3/out=3/dropped=0/active_cd=0/drops=none | Ingest: q=0/oldest=0.0s/drop_old=0/dedup_skip=0/enq=0/drain=0 | Sources: dex_boosts:ok=1/fail=0/429=0/lim_wait=0/cd_wait=0/err=0.0%/avg=66ms; dexscreener:ok=11/fail=0/429=0/lim_wait=1/cd_wait=0/err=0.0%/avg=241ms; onchain_enrich:ok=4/fail=0/429=0/lim_wait=0/cd_wait=0/err=0.0%/avg=84ms; onchain_weth_price:ok=1/fail=0/429=0/lim_wait=0/cd_wait=0/err=0.0%/avg=61ms | Tasks: 3 | RSS: 0.0MB | CycleAvg: 3.38s
