2026-02-27 15:48:41,888 [INFO] [u_station_ab_night_autotune_v2] __main__: SESSION_LOG file=logs/matrix/u_station_ab_night_autotune_v2\sessions\main_local_20260227_144841_pid17388.log
2026-02-27 15:48:41,926 [INFO] [u_station_ab_night_autotune_v2] trading.auto_trader_state: AutoTrade state loaded open=0 closed=112 balance=$7.30
2026-02-27 15:48:41,936 [WARNING] [u_station_ab_night_autotune_v2] trading.auto_trader: DATA_POLICY mode=OK reason=init_reset_manual prev_mode=OK prev_reason=healthy | route=allow_all
2026-02-27 15:48:41,937 [INFO] [u_station_ab_night_autotune_v2] __main__: AUTOTRADER_INIT state=ready reason=manual mode=paper
2026-02-27 15:48:41,938 [INFO] [u_station_ab_night_autotune_v2] __main__: Local mode started (Telegram disabled).
2026-02-27 15:48:42,363 [INFO] [u_station_ab_night_autotune_v2] monitor.onchain_factory: PAIR_DETECTED source=uniswap_v2 dex=uniswap_v2 pair=0xd27e0a5d933d3ed3f4b1a5007edff5e0cab196f8 token0=0x4200000000000000000000000000000000000006 token1=0xad2604b50c139b1d75c2ad62a4723903ba6e7ba3 block=42707169 factory=0x8909dc15e40173ff4699343b6eb8132c65e18ec6
2026-02-27 15:48:42,364 [INFO] [u_station_ab_night_autotune_v2] monitor.onchain_factory: PAIR_DETECTED source=uniswap_v2 dex=uniswap_v2 pair=0xd86f30c1b9d67a9a87d5c919db9c652dece67d28 token0=0x4200000000000000000000000000000000000006 token1=0xc601974c6967e7eb27b6a8c79b9c4f928fa74aef block=42707175 factory=0x8909dc15e40173ff4699343b6eb8132c65e18ec6
2026-02-27 15:48:42,954 [INFO] [u_station_ab_night_autotune_v2] monitor.onchain_factory: ENRICH_RETRY token=0xc601974c6967e7eb27b6a8c79b9c4f928fa74aef pair=0xd86f30c1b9d67a9a87d5c919db9c652dece67d28 attempt=1/2 delay=10s
2026-02-27 15:48:54,490 [INFO] [u_station_ab_night_autotune_v2] __main__: WATCHLIST merged count=6
2026-02-27 15:48:54,491 [INFO] [u_station_ab_night_autotune_v2] trading.v2_runtime: V2_UNIVERSE in=15 dedup=15 out=15 target=15 novel_target=13 novel_out=15 repeat_dropped=0 symbol_dropped=0 surge_in=3 surge_target=3 surge_out=3
2026-02-27 15:48:54,492 [INFO] [u_station_ab_night_autotune_v2] __main__: V2_SOURCE_QOS_FILTER in=15 out=10 drops={'source_qos_cap': 4, 'source_qos_symbol_cap': 1} caps={'unknown': 0, 'geckoterminal': 287, 'watchlist': 2}
2026-02-27 15:48:54,493 [INFO] [u_station_ab_night_autotune_v2] __main__: FILTER_FAIL token=ToruCeoAI reason=source_qos_cap source=watchlist used=2/2
2026-02-27 15:48:54,494 [INFO] [u_station_ab_night_autotune_v2] __main__: FILTER_FAIL token=FLOW reason=source_qos_cap source=watchlist used=2/2
2026-02-27 15:48:54,496 [INFO] [u_station_ab_night_autotune_v2] __main__: FILTER_FAIL token=AERO reason=source_qos_cap source=watchlist used=2/2
2026-02-27 15:48:54,496 [INFO] [u_station_ab_night_autotune_v2] __main__: FILTER_FAIL token=VIRTUAL reason=source_qos_cap source=watchlist used=2/2
2026-02-27 15:48:54,496 [INFO] [u_station_ab_night_autotune_v2] __main__: FILTER_FAIL token=CYBERDRK reason=source_qos_symbol_cap symbol=CYBERDRK used=1/1
2026-02-27 15:48:54,496 [INFO] [u_station_ab_night_autotune_v2] __main__: FILTER_PASS token=cbBTC tier=A score=100 mode=YELLOW risk=MEDIUM liq=19154042 vol5m=301711
2026-02-27 15:48:54,501 [INFO] [u_station_ab_night_autotune_v2] __main__: FILTER_FAIL token=ONYX reason=safe_change_5m
2026-02-27 15:48:54,502 [INFO] [u_station_ab_night_autotune_v2] __main__: FILTER_FAIL token=VIBE reason=safe_age
2026-02-27 15:48:54,502 [INFO] [u_station_ab_night_autotune_v2] __main__: FILTER_FAIL token=CYBERDRK reason=score_min score=40 strict_min=48 soft_min=48 mode=YELLOW
2026-02-27 15:48:54,504 [INFO] [u_station_ab_night_autotune_v2] __main__: FILTER_FAIL token=AIVATAR reason=safe_age
2026-02-27 15:48:54,504 [INFO] [u_station_ab_night_autotune_v2] __main__: FILTER_FAIL token=SOLO reason=score_min score=40 strict_min=48 soft_min=48 mode=YELLOW
2026-02-27 15:48:54,506 [INFO] [u_station_ab_night_autotune_v2] __main__: FILTER_FAIL token=CLAWT reason=score_min score=40 strict_min=48 soft_min=48 mode=YELLOW
2026-02-27 15:48:54,507 [INFO] [u_station_ab_night_autotune_v2] __main__: FILTER_FAIL token=BALMY reason=safe_volume vol5m=2 min=6 regime=YELLOW
2026-02-27 15:48:54,508 [INFO] [u_station_ab_night_autotune_v2] __main__: FILTER_FAIL token=AKITA reason=safe_volume vol5m=2 min=6 regime=YELLOW
2026-02-27 15:48:54,509 [INFO] [u_station_ab_night_autotune_v2] __main__: FILTER_FAIL token=WEGL reason=score_min score=40 strict_min=48 soft_min=48 mode=YELLOW
2026-02-27 15:48:54,510 [INFO] [u_station_ab_night_autotune_v2] trading.v2_runtime: V2_QUALITY_ROTATE symbols_core=0 symbols_cooldown=0 sources=1 top_core=- top_cooldown=-
2026-02-27 15:48:54,510 [INFO] [u_station_ab_night_autotune_v2] __main__: V2_QUALITY_GATE enabled=True regime=YELLOW in=1 out=1 core_out=1 explore_out=0 probe_out=0 quota=0 max_symbol_share=1.000 drop={} sources_used={'watchlist': 1}
2026-02-27 15:48:54,512 [INFO] [u_station_ab_night_autotune_v2] __main__: V2_ENTRY_ROUTE enabled=True regime=YELLOW in=1 out=1 core_out=1 explore_out=0 quota=0 allow_explore=True
2026-02-27 15:48:54,512 [WARNING] [u_station_ab_night_autotune_v2] trading.auto_trader: DATA_POLICY mode=OK reason=healthy | route=allow_all prev_mode=OK prev_reason=init_reset_manual
2026-02-27 15:48:54,513 [INFO] [u_station_ab_night_autotune_v2] __main__: MARKET_REGIME mode=YELLOW reason=avg_cand=1.00 avg_cand_recent=1.00
2026-02-27 15:48:54,533 [INFO] [u_station_ab_night_autotune_v2] trading.auto_trader: AUTO_DECISION token=cbBTC mode=YELLOW tier=A channel=core score=100 src=watchlist liq=19154042 vol5m=301711 chg5m=-0.07% edge=0.83% raw=0.77% regime_mult=1.08 edge_usd=$0.004 size=$0.45 mult=1.35(score=1.15 liq=1.15 vol=1.10 volat=1.05) reinvest=1.05(growth_steps=0 drawdown=4.49% loss_streak=0 edge=5.52%) size_mode=0.80 hold_mode=1.06 exec_lane=runner exec_mult(size=1.10 hold=1.32 edge=0.94) edge_gate_mult(usd=1.00,pct=1.00) quality(edge=0.98,size=1.04 detail=src_mult=1.00 ev=-0.00004 edge(src_relax=0.000 src_tight=0.000 ev_adj=0.001) size(src_relax=0.000 src_cut=0.000 ev_adj=-0.001)) costs=8.83% gas=$0.028 ev_net=$0.00026 ev_samples=146 conf=1.00 pwin=0.53 avg_win=$0.0068 avg_loss=$0.0066 kelly=0.80(k=0.085) token_ev=sparse trades=6<18 cluster=s3|l3|v3|m0|r1 cluster_route=ok samples=10 avg=-0.00004 loss_share=0.50 breakdown={'liquidity_score': 30, 'volume_score': 30, 'risk_score': 15, 'age_score': 15, 'safety_score': 15}
2026-02-27 15:48:54,689 [INFO] [u_station_ab_night_autotune_v2] trading.auto_trader: AUTO_BUY Paper BUY token=cbBTC address=0xcbb7c0000ab88b473b1f5afd9ef808440eed33bf mode=YELLOW tier=A channel=core lane=runner entry=$65780.25000000 size=$0.45 score=100 edge=0.83% edge_usd=$0.004 mult=1.35(score=1.15 liq=1.15 vol=1.10 volat=1.05) hold=134s costs=2.70% gas=$0.03
2026-02-27 15:48:54,839 [INFO] [u_station_ab_night_autotune_v2] trading.auto_trader: AutoTrade batch mode=top_n candidates=1 eligible=1 selected=1 opened=1 pe=off burst_window=1
2026-02-27 15:48:55,224 [INFO] [u_station_ab_night_autotune_v2] __main__: FILTER_THRESHOLDS safe_volume_5m_min=$5 safe_liquidity_min=$8000 safe_age_min=240s score_min=48 edge_min=0.05% lock_floor=0.95 no_momentum_max_pnl=0.25 weakness_pnl=-2.60
2026-02-27 15:48:55,225 [INFO] [u_station_ab_night_autotune_v2] __main__: Scanned 15 tokens | High quality: 3 | Alerts sent: 0 | Trade candidates: 1 | Quality out/core/explore/probe: 1/1/0/0 | Opened: 1 | Mode: local | Source: onchain+market | Policy: raw=OK/effective=OK(healthy | route=allow_all) | Regime: YELLOW(avg_cand=1.00) | Safety: checked=1 fail_closed=0 reasons=api_code_4029:1 | FiltersTop(session): source_qos_cap:4,score_min:4,safe_age:2,safe_volume:2 | Dedup: heavy_skip=0 override=0 | V2Budget: 1/280 | SourceQoS: enabled=1/in=15/out=10/dropped=5/active_cd=0/drops=source_qos_cap:4,source_qos_symbol_cap:1 | Ingest: q=0/oldest=0.0s/drop_old=0/dedup_skip=0/enq=8/drain=8 | Sources: dex_boosts:ok=1/fail=0/429=0/lim_wait=0/cd_wait=0/err=0.0%/avg=119ms; dexscreener:ok=10/fail=0/429=0/lim_wait=0/cd_wait=0/err=0.0%/avg=269ms; geckoterminal:ok=2/fail=0/429=0/lim_wait=0/cd_wait=0/err=0.0%/avg=109ms; onchain_enrich:ok=5/fail=0/429=0/lim_wait=0/cd_wait=0/err=0.0%/avg=137ms; onchain_weth_price:ok=1/fail=0/429=0/lim_wait=0/cd_wait=0/err=0.0%/avg=42ms; watchlist_dex:ok=10/fail=0/429=0/lim_wait=0/cd_wait=0/err=0.0%/avg=119ms; watchlist_gecko:ok=6/fail=0/429=0/lim_wait=0/cd_wait=0/err=0.0%/avg=498ms | Tasks: 3 | RSS: 0.0MB | CycleAvg: 0.00s
2026-02-27 15:48:59,718 [INFO] [u_station_ab_night_autotune_v2] monitor.onchain_factory: ENRICH_RETRY token=0xc601974c6967e7eb27b6a8c79b9c4f928fa74aef pair=0xd86f30c1b9d67a9a87d5c919db9c652dece67d28 attempt=1/2 delay=10s
2026-02-27 15:49:09,779 [INFO] [u_station_ab_night_autotune_v2] __main__: WATCHLIST merged count=6
2026-02-27 15:49:09,779 [INFO] [u_station_ab_night_autotune_v2] trading.v2_runtime: V2_UNIVERSE in=6 dedup=6 out=6 target=6 novel_target=6 novel_out=0 repeat_dropped=0 symbol_dropped=0 surge_in=2 surge_target=2 surge_out=2
2026-02-27 15:49:09,780 [INFO] [u_station_ab_night_autotune_v2] __main__: V2_SOURCE_QOS_FILTER in=6 out=3 drops={'source_qos_cap': 3} caps={'watchlist': 3}
2026-02-27 15:49:09,781 [INFO] [u_station_ab_night_autotune_v2] __main__: FILTER_FAIL token=FLOW reason=source_qos_cap source=watchlist used=3/3
2026-02-27 15:49:09,782 [INFO] [u_station_ab_night_autotune_v2] __main__: FILTER_FAIL token=AERO reason=source_qos_cap source=watchlist used=3/3
2026-02-27 15:49:09,782 [INFO] [u_station_ab_night_autotune_v2] __main__: FILTER_FAIL token=VIRTUAL reason=source_qos_cap source=watchlist used=3/3
2026-02-27 15:49:09,784 [INFO] [u_station_ab_night_autotune_v2] __main__: FILTER_PASS token=cbBTC tier=A score=100 mode=YELLOW risk=MEDIUM liq=19154042 vol5m=301711
2026-02-27 15:49:09,785 [INFO] [u_station_ab_night_autotune_v2] __main__: FILTER_FAIL token=ONYX reason=safe_change_5m
2026-02-27 15:49:09,787 [INFO] [u_station_ab_night_autotune_v2] __main__: FILTER_FAIL token=ToruCeoAI reason=safe_change_5m
2026-02-27 15:49:09,788 [INFO] [u_station_ab_night_autotune_v2] __main__: V2_QUALITY_GATE enabled=True regime=YELLOW in=1 out=1 core_out=1 explore_out=0 probe_out=0 quota=0 max_symbol_share=1.000 drop={} sources_used={'watchlist': 1}
2026-02-27 15:49:09,788 [INFO] [u_station_ab_night_autotune_v2] __main__: V2_ENTRY_ROUTE enabled=True regime=YELLOW in=1 out=1 core_out=1 explore_out=0 quota=0 allow_explore=True
2026-02-27 15:49:09,789 [INFO] [u_station_ab_night_autotune_v2] __main__: MARKET_REGIME mode=YELLOW reason=avg_cand=1.00 avg_cand_recent=1.00
2026-02-27 15:49:09,789 [INFO] [u_station_ab_night_autotune_v2] trading.auto_trader: AutoTrade batch prefilter removed=1 missing_addr=0 open_duplicate=1
2026-02-27 15:49:09,898 [INFO] [u_station_ab_night_autotune_v2] __main__: Scanned 6 tokens | High quality: 3 | Alerts sent: 0 | Trade candidates: 1 | Quality out/core/explore/probe: 1/1/0/0 | Opened: 0 | Mode: local | Source: onchain+market | Policy: raw=OK/effective=OK(healthy | route=allow_all) | Regime: YELLOW(avg_cand=1.00) | Safety: checked=1 fail_closed=0 reasons=api_code_4029:1 | FiltersTop(session): source_qos_cap:7,score_min:4,safe_change_5m:3,safe_age:2 | Dedup: heavy_skip=0 override=0 | V2Budget: 1/280 | SourceQoS: enabled=1/in=6/out=3/dropped=3/active_cd=0/drops=source_qos_cap:3 | Ingest: q=0/oldest=0.0s/drop_old=0/dedup_skip=0/enq=0/drain=0 | Sources: dex_boosts:ok=1/fail=0/429=0/lim_wait=0/cd_wait=0/err=0.0%/avg=120ms; dexscreener:ok=10/fail=0/429=0/lim_wait=0/cd_wait=0/err=0.0%/avg=96ms; onchain_enrich:ok=4/fail=0/429=0/lim_wait=0/cd_wait=0/err=0.0%/avg=34ms | Tasks: 3 | RSS: 0.0MB | CycleAvg: 13.28s
2026-02-27 15:49:14,524 [INFO] [u_station_ab_night_autotune_v2] __main__: WATCHLIST merged count=6
2026-02-27 15:49:14,524 [INFO] [u_station_ab_night_autotune_v2] trading.v2_runtime: V2_UNIVERSE in=8 dedup=8 out=8 target=8 novel_target=7 novel_out=2 repeat_dropped=0 symbol_dropped=0 surge_in=3 surge_target=2 surge_out=3
2026-02-27 15:49:14,525 [INFO] [u_station_ab_night_autotune_v2] __main__: V2_SOURCE_QOS_FILTER in=8 out=4 drops={'source_qos_cap': 4} caps={'unknown': 0, 'watchlist': 2, 'dexscreener': 292}
2026-02-27 15:49:14,526 [INFO] [u_station_ab_night_autotune_v2] __main__: FILTER_FAIL token=ToruCeoAI reason=source_qos_cap source=watchlist used=2/2
2026-02-27 15:49:14,527 [INFO] [u_station_ab_night_autotune_v2] __main__: FILTER_FAIL token=FLOW reason=source_qos_cap source=watchlist used=2/2
2026-02-27 15:49:14,528 [INFO] [u_station_ab_night_autotune_v2] __main__: FILTER_FAIL token=AERO reason=source_qos_cap source=watchlist used=2/2
2026-02-27 15:49:14,529 [INFO] [u_station_ab_night_autotune_v2] __main__: FILTER_FAIL token=VIRTUAL reason=source_qos_cap source=watchlist used=2/2
2026-02-27 15:49:14,531 [INFO] [u_station_ab_night_autotune_v2] __main__: FILTER_FAIL token=EXO reason=safe_change_5m
2026-02-27 15:49:14,531 [INFO] [u_station_ab_night_autotune_v2] __main__: FILTER_PASS token=cbBTC tier=A score=100 mode=YELLOW risk=MEDIUM liq=19154042 vol5m=301711
2026-02-27 15:49:14,532 [INFO] [u_station_ab_night_autotune_v2] __main__: FILTER_FAIL token=ONYX reason=safe_change_5m
2026-02-27 15:49:14,533 [INFO] [u_station_ab_night_autotune_v2] __main__: FILTER_FAIL token=MD reason=safe_age
2026-02-27 15:49:14,534 [INFO] [u_station_ab_night_autotune_v2] __main__: V2_QUALITY_GATE enabled=True regime=YELLOW in=1 out=1 core_out=1 explore_out=0 probe_out=0 quota=0 max_symbol_share=1.000 drop={} sources_used={'watchlist': 1}
2026-02-27 15:49:14,534 [INFO] [u_station_ab_night_autotune_v2] __main__: V2_ENTRY_ROUTE enabled=True regime=YELLOW in=1 out=1 core_out=1 explore_out=0 quota=0 allow_explore=True
2026-02-27 15:49:14,534 [INFO] [u_station_ab_night_autotune_v2] __main__: MARKET_REGIME mode=YELLOW reason=avg_cand=1.00 avg_cand_recent=1.00
2026-02-27 15:49:14,535 [INFO] [u_station_ab_night_autotune_v2] trading.auto_trader: AutoTrade batch prefilter removed=1 missing_addr=0 open_duplicate=1
2026-02-27 15:49:14,610 [INFO] [u_station_ab_night_autotune_v2] __main__: Scanned 8 tokens | High quality: 3 | Alerts sent: 0 | Trade candidates: 1 | Quality out/core/explore/probe: 1/1/0/0 | Opened: 0 | Mode: local | Source: onchain+market | Policy: raw=OK/effective=OK(healthy | route=allow_all) | Regime: YELLOW(avg_cand=1.00) | Safety: checked=1 fail_closed=0 reasons=api_code_4029:1 | FiltersTop(session): source_qos_cap:11,safe_change_5m:5,score_min:4,safe_age:3 | Dedup: heavy_skip=0 override=0 | V2Budget: 1/280 | SourceQoS: enabled=1/in=8/out=4/dropped=4/active_cd=0/drops=source_qos_cap:4 | Ingest: q=0/oldest=0.0s/drop_old=0/dedup_skip=0/enq=0/drain=0 | Sources: dex_boosts:ok=1/fail=0/429=0/lim_wait=0/cd_wait=0/err=0.0%/avg=41ms; dexscreener:ok=11/fail=0/429=0/lim_wait=0/cd_wait=0/err=0.0%/avg=225ms; onchain_enrich:ok=1/fail=0/429=0/lim_wait=0/cd_wait=0/err=0.0%/avg=163ms | Tasks: 3 | RSS: 0.0MB | CycleAvg: 11.97s
2026-02-27 15:49:19,020 [INFO] [u_station_ab_night_autotune_v2] __main__: WATCHLIST merged count=6
2026-02-27 15:49:19,021 [INFO] [u_station_ab_night_autotune_v2] trading.v2_runtime: V2_UNIVERSE in=6 dedup=6 out=6 target=6 novel_target=6 novel_out=0 repeat_dropped=0 symbol_dropped=0 surge_in=2 surge_target=2 surge_out=2
2026-02-27 15:49:19,021 [INFO] [u_station_ab_night_autotune_v2] __main__: V2_SOURCE_QOS_FILTER in=6 out=3 drops={'source_qos_cap': 3} caps={'watchlist': 3}
2026-02-27 15:49:19,022 [INFO] [u_station_ab_night_autotune_v2] __main__: FILTER_FAIL token=FLOW reason=source_qos_cap source=watchlist used=3/3
2026-02-27 15:49:19,023 [INFO] [u_station_ab_night_autotune_v2] __main__: FILTER_FAIL token=AERO reason=source_qos_cap source=watchlist used=3/3
2026-02-27 15:49:19,024 [INFO] [u_station_ab_night_autotune_v2] __main__: FILTER_FAIL token=VIRTUAL reason=source_qos_cap source=watchlist used=3/3
2026-02-27 15:49:19,025 [INFO] [u_station_ab_night_autotune_v2] __main__: FILTER_PASS token=cbBTC tier=A score=100 mode=YELLOW risk=MEDIUM liq=19154042 vol5m=301711
2026-02-27 15:49:19,027 [INFO] [u_station_ab_night_autotune_v2] __main__: FILTER_FAIL token=ONYX reason=safe_change_5m
2026-02-27 15:49:19,028 [INFO] [u_station_ab_night_autotune_v2] __main__: FILTER_FAIL token=ToruCeoAI reason=safe_change_5m
2026-02-27 15:49:19,029 [INFO] [u_station_ab_night_autotune_v2] __main__: V2_QUALITY_GATE enabled=True regime=YELLOW in=1 out=1 core_out=1 explore_out=0 probe_out=0 quota=0 max_symbol_share=1.000 drop={} sources_used={'watchlist': 1}
2026-02-27 15:49:19,029 [INFO] [u_station_ab_night_autotune_v2] __main__: V2_ENTRY_ROUTE enabled=True regime=YELLOW in=1 out=1 core_out=1 explore_out=0 quota=0 allow_explore=True
2026-02-27 15:49:19,030 [INFO] [u_station_ab_night_autotune_v2] __main__: MARKET_REGIME mode=YELLOW reason=avg_cand=1.00 avg_cand_recent=1.00
2026-02-27 15:49:19,030 [INFO] [u_station_ab_night_autotune_v2] trading.auto_trader: AutoTrade batch prefilter removed=1 missing_addr=0 open_duplicate=1
2026-02-27 15:49:19,124 [INFO] [u_station_ab_night_autotune_v2] __main__: Scanned 6 tokens | High quality: 3 | Alerts sent: 0 | Trade candidates: 1 | Quality out/core/explore/probe: 1/1/0/0 | Opened: 0 | Mode: local | Source: onchain+market | Policy: raw=OK/effective=OK(healthy | route=allow_all) | Regime: YELLOW(avg_cand=1.00) | Safety: checked=1 fail_closed=0 reasons=api_code_4029:1 | FiltersTop(session): source_qos_cap:14,safe_change_5m:7,score_min:4,safe_age:3 | Dedup: heavy_skip=0 override=0 | V2Budget: 1/280 | SourceQoS: enabled=1/in=6/out=3/dropped=3/active_cd=0/drops=source_qos_cap:3 | Ingest: q=0/oldest=0.0s/drop_old=0/dedup_skip=0/enq=0/drain=0 | Sources: dex_boosts:ok=1/fail=0/429=0/lim_wait=0/cd_wait=0/err=0.0%/avg=34ms; dexscreener:ok=11/fail=0/429=0/lim_wait=0/cd_wait=0/err=0.0%/avg=36ms | Tasks: 3 | RSS: 0.0MB | CycleAvg: 8.21s
2026-02-27 15:49:23,568 [INFO] [u_station_ab_night_autotune_v2] __main__: WATCHLIST merged count=6
2026-02-27 15:49:23,568 [INFO] [u_station_ab_night_autotune_v2] trading.v2_runtime: V2_UNIVERSE in=6 dedup=6 out=6 target=6 novel_target=6 novel_out=0 repeat_dropped=0 symbol_dropped=0 surge_in=2 surge_target=2 surge_out=2
2026-02-27 15:49:23,569 [INFO] [u_station_ab_night_autotune_v2] __main__: V2_SOURCE_QOS_FILTER in=6 out=3 drops={'source_qos_cap': 3} caps={'watchlist': 3}
2026-02-27 15:49:23,570 [INFO] [u_station_ab_night_autotune_v2] __main__: FILTER_FAIL token=FLOW reason=source_qos_cap source=watchlist used=3/3
2026-02-27 15:49:23,571 [INFO] [u_station_ab_night_autotune_v2] __main__: FILTER_FAIL token=AERO reason=source_qos_cap source=watchlist used=3/3
2026-02-27 15:49:23,572 [INFO] [u_station_ab_night_autotune_v2] __main__: FILTER_FAIL token=VIRTUAL reason=source_qos_cap source=watchlist used=3/3
2026-02-27 15:49:23,573 [INFO] [u_station_ab_night_autotune_v2] __main__: FILTER_PASS token=cbBTC tier=A score=100 mode=YELLOW risk=MEDIUM liq=19154042 vol5m=301711
2026-02-27 15:49:23,575 [INFO] [u_station_ab_night_autotune_v2] __main__: FILTER_FAIL token=ONYX reason=safe_change_5m
2026-02-27 15:49:23,576 [INFO] [u_station_ab_night_autotune_v2] __main__: FILTER_FAIL token=ToruCeoAI reason=safe_change_5m
2026-02-27 15:49:23,577 [INFO] [u_station_ab_night_autotune_v2] __main__: V2_QUALITY_GATE enabled=True regime=YELLOW in=1 out=1 core_out=1 explore_out=0 probe_out=0 quota=0 max_symbol_share=1.000 drop={} sources_used={'watchlist': 1}
2026-02-27 15:49:23,578 [INFO] [u_station_ab_night_autotune_v2] __main__: V2_ENTRY_ROUTE enabled=True regime=YELLOW in=1 out=1 core_out=1 explore_out=0 quota=0 allow_explore=True
2026-02-27 15:49:23,578 [INFO] [u_station_ab_night_autotune_v2] __main__: MARKET_REGIME mode=YELLOW reason=avg_cand=1.00 avg_cand_recent=1.00
2026-02-27 15:49:23,579 [INFO] [u_station_ab_night_autotune_v2] trading.auto_trader: AutoTrade batch prefilter removed=1 missing_addr=0 open_duplicate=1
2026-02-27 15:49:23,685 [INFO] [u_station_ab_night_autotune_v2] __main__: Scanned 6 tokens | High quality: 3 | Alerts sent: 0 | Trade candidates: 1 | Quality out/core/explore/probe: 1/1/0/0 | Opened: 0 | Mode: local | Source: onchain+market | Policy: raw=OK/effective=OK(healthy | route=allow_all) | Regime: YELLOW(avg_cand=1.00) | Safety: checked=1 fail_closed=0 reasons=api_code_4029:1 | FiltersTop(session): source_qos_cap:17,safe_change_5m:9,score_min:4,safe_age:3 | Dedup: heavy_skip=0 override=0 | V2Budget: 1/280 | SourceQoS: enabled=1/in=6/out=3/dropped=3/active_cd=0/drops=source_qos_cap:3 | Ingest: q=0/oldest=0.0s/drop_old=0/dedup_skip=0/enq=0/drain=0 | Sources: dex_boosts:ok=1/fail=0/429=0/lim_wait=0/cd_wait=0/err=0.0%/avg=50ms; dexscreener:ok=11/fail=0/429=0/lim_wait=0/cd_wait=0/err=0.0%/avg=58ms | Tasks: 3 | RSS: 0.0MB | CycleAvg: 6.29s
2026-02-27 15:49:27,958 [INFO] [u_station_ab_night_autotune_v2] monitor.onchain_factory: PAIR_DETECTED source=uniswap_v2 dex=uniswap_v2 pair=0x596c298b2847a276050b6dcddc95a6170d6219d0 token0=0x16f04c5649c10cb1eaf156fe500f92f5c2f05ba3 token1=0x4200000000000000000000000000000000000006 block=42707208 factory=0x8909dc15e40173ff4699343b6eb8132c65e18ec6
2026-02-27 15:49:28,435 [INFO] [u_station_ab_night_autotune_v2] monitor.onchain_factory: ENRICH_RETRY token=0x16f04c5649c10cb1eaf156fe500f92f5c2f05ba3 pair=0x596c298b2847a276050b6dcddc95a6170d6219d0 attempt=1/2 delay=10s
2026-02-27 15:49:38,517 [INFO] [u_station_ab_night_autotune_v2] __main__: WATCHLIST merged count=6
2026-02-27 15:49:38,519 [INFO] [u_station_ab_night_autotune_v2] trading.v2_runtime: V2_UNIVERSE in=6 dedup=6 out=6 target=6 novel_target=6 novel_out=0 repeat_dropped=0 symbol_dropped=0 surge_in=2 surge_target=2 surge_out=2
2026-02-27 15:49:38,520 [INFO] [u_station_ab_night_autotune_v2] __main__: V2_SOURCE_QOS_FILTER in=6 out=3 drops={'source_qos_cap': 3} caps={'watchlist': 3}
2026-02-27 15:49:38,521 [INFO] [u_station_ab_night_autotune_v2] __main__: FILTER_FAIL token=FLOW reason=source_qos_cap source=watchlist used=3/3
2026-02-27 15:49:38,522 [INFO] [u_station_ab_night_autotune_v2] __main__: FILTER_FAIL token=AERO reason=source_qos_cap source=watchlist used=3/3
2026-02-27 15:49:38,523 [INFO] [u_station_ab_night_autotune_v2] __main__: FILTER_FAIL token=VIRTUAL reason=source_qos_cap source=watchlist used=3/3
2026-02-27 15:49:38,524 [INFO] [u_station_ab_night_autotune_v2] __main__: FILTER_PASS token=cbBTC tier=A score=100 mode=YELLOW risk=MEDIUM liq=19154042 vol5m=301711
2026-02-27 15:49:38,525 [INFO] [u_station_ab_night_autotune_v2] __main__: FILTER_FAIL token=ONYX reason=safe_change_5m
2026-02-27 15:49:38,527 [INFO] [u_station_ab_night_autotune_v2] __main__: FILTER_FAIL token=ToruCeoAI reason=safe_change_5m
2026-02-27 15:49:38,527 [INFO] [u_station_ab_night_autotune_v2] __main__: V2_QUALITY_GATE enabled=True regime=YELLOW in=1 out=1 core_out=1 explore_out=0 probe_out=0 quota=0 max_symbol_share=1.000 drop={} sources_used={'watchlist': 1}
2026-02-27 15:49:38,528 [INFO] [u_station_ab_night_autotune_v2] __main__: V2_ENTRY_ROUTE enabled=True regime=YELLOW in=1 out=1 core_out=1 explore_out=0 quota=0 allow_explore=True
2026-02-27 15:49:38,529 [INFO] [u_station_ab_night_autotune_v2] __main__: MARKET_REGIME mode=YELLOW reason=avg_cand=1.00 avg_cand_recent=1.00
2026-02-27 15:49:38,529 [INFO] [u_station_ab_night_autotune_v2] trading.auto_trader: AutoTrade batch prefilter removed=1 missing_addr=0 open_duplicate=1
2026-02-27 15:49:38,663 [INFO] [u_station_ab_night_autotune_v2] __main__: Scanned 6 tokens | High quality: 3 | Alerts sent: 0 | Trade candidates: 1 | Quality out/core/explore/probe: 1/1/0/0 | Opened: 0 | Mode: local | Source: onchain+market | Policy: raw=OK/effective=OK(healthy | route=allow_all) | Regime: YELLOW(avg_cand=1.00) | Safety: checked=1 fail_closed=0 reasons=api_code_4029:1 | FiltersTop(session): source_qos_cap:20,safe_change_5m:11,score_min:4,safe_age:3 | Dedup: heavy_skip=0 override=0 | V2Budget: 1/280 | SourceQoS: enabled=1/in=6/out=3/dropped=3/active_cd=0/drops=source_qos_cap:3 | Ingest: q=0/oldest=0.0s/drop_old=0/dedup_skip=0/enq=0/drain=0 | Sources: dex_boosts:ok=1/fail=0/429=0/lim_wait=0/cd_wait=0/err=0.0%/avg=57ms; dexscreener:ok=11/fail=0/429=0/lim_wait=0/cd_wait=0/err=0.0%/avg=56ms; onchain_enrich:ok=4/fail=0/429=0/lim_wait=0/cd_wait=0/err=0.0%/avg=102ms | Tasks: 3 | RSS: 0.0MB | CycleAvg: 5.14s
2026-02-27 15:49:43,081 [INFO] [u_station_ab_night_autotune_v2] monitor.onchain_factory: PAIR_DETECTED source=uniswap_v3 dex=uniswap_v3 pair=0x1dbd8906011af139b0b2b595fbe9aaf3dbcbb3ee token0=0x125180ec4a16727e369c8463e9af6c688aecfdcf token1=0x4200000000000000000000000000000000000006 block=42707214 factory=0x33128a8fc17869897dce68ed026d694621f6fdfd
2026-02-27 15:49:43,241 [INFO] [u_station_ab_night_autotune_v2] monitor.onchain_factory: ENRICH_RETRY token=0x16f04c5649c10cb1eaf156fe500f92f5c2f05ba3 pair=0x596c298b2847a276050b6dcddc95a6170d6219d0 attempt=1/2 delay=10s
2026-02-27 15:49:43,421 [INFO] [u_station_ab_night_autotune_v2] monitor.onchain_factory: ENRICH_RETRY token=0x125180ec4a16727e369c8463e9af6c688aecfdcf pair=0x1dbd8906011af139b0b2b595fbe9aaf3dbcbb3ee attempt=1/2 delay=10s
2026-02-27 15:49:53,564 [INFO] [u_station_ab_night_autotune_v2] __main__: WATCHLIST merged count=6
2026-02-27 15:49:53,564 [INFO] [u_station_ab_night_autotune_v2] trading.v2_runtime: V2_UNIVERSE in=7 dedup=7 out=7 target=7 novel_target=6 novel_out=1 repeat_dropped=0 symbol_dropped=0 surge_in=2 surge_target=2 surge_out=2
2026-02-27 15:49:53,565 [INFO] [u_station_ab_night_autotune_v2] __main__: V2_SOURCE_QOS_FILTER in=7 out=3 drops={'source_qos_cap': 4} caps={'unknown': 0, 'watchlist': 2}
2026-02-27 15:49:53,567 [INFO] [u_station_ab_night_autotune_v2] __main__: FILTER_FAIL token=ToruCeoAI reason=source_qos_cap source=watchlist used=2/2
2026-02-27 15:49:53,568 [INFO] [u_station_ab_night_autotune_v2] __main__: FILTER_FAIL token=FLOW reason=source_qos_cap source=watchlist used=2/2
2026-02-27 15:49:53,571 [INFO] [u_station_ab_night_autotune_v2] __main__: FILTER_FAIL token=AERO reason=source_qos_cap source=watchlist used=2/2
2026-02-27 15:49:53,571 [INFO] [u_station_ab_night_autotune_v2] __main__: FILTER_FAIL token=VIRTUAL reason=source_qos_cap source=watchlist used=2/2
2026-02-27 15:49:53,572 [INFO] [u_station_ab_night_autotune_v2] __main__: FILTER_PASS token=cbBTC tier=A score=100 mode=YELLOW risk=MEDIUM liq=19154042 vol5m=301711
2026-02-27 15:49:53,575 [INFO] [u_station_ab_night_autotune_v2] __main__: FILTER_FAIL token=ONYX reason=safe_change_5m
2026-02-27 15:49:53,576 [INFO] [u_station_ab_night_autotune_v2] __main__: FILTER_FAIL token=Novaiok reason=score_min score=20 strict_min=48 soft_min=48 mode=YELLOW
2026-02-27 15:49:53,577 [INFO] [u_station_ab_night_autotune_v2] __main__: V2_QUALITY_GATE enabled=True regime=YELLOW in=1 out=1 core_out=1 explore_out=0 probe_out=0 quota=0 max_symbol_share=1.000 drop={} sources_used={'watchlist': 1}
2026-02-27 15:49:53,578 [INFO] [u_station_ab_night_autotune_v2] __main__: V2_ENTRY_ROUTE enabled=True regime=YELLOW in=1 out=1 core_out=1 explore_out=0 quota=0 allow_explore=True
2026-02-27 15:49:53,579 [INFO] [u_station_ab_night_autotune_v2] __main__: MARKET_REGIME mode=YELLOW reason=avg_cand=1.00 avg_cand_recent=1.00
2026-02-27 15:49:53,580 [INFO] [u_station_ab_night_autotune_v2] trading.auto_trader: AutoTrade batch prefilter removed=1 missing_addr=0 open_duplicate=1
2026-02-27 15:49:53,581 [INFO] [u_station_ab_night_autotune_v2] trading.auto_trader: PAPER_SUMMARY window=60s closed_delta=0 wins_delta=0 losses_delta=0 realized_delta=$0.00 total_closed=112 winrate_total=41.1% realized_total=$0.30 balance=$6.85 equity=$7.30 open=1
2026-02-27 15:49:53,698 [INFO] [u_station_ab_night_autotune_v2] __main__: Scanned 7 tokens | High quality: 2 | Alerts sent: 0 | Trade candidates: 1 | Quality out/core/explore/probe: 1/1/0/0 | Opened: 0 | Mode: local | Source: onchain+market | Policy: raw=OK/effective=OK(healthy | route=allow_all) | Regime: YELLOW(avg_cand=1.00) | Safety: checked=1 fail_closed=0 reasons=api_code_4029:1 | FiltersTop(session): source_qos_cap:24,safe_change_5m:12,score_min:5,safe_age:3 | Dedup: heavy_skip=0 override=0 | V2Budget: 1/280 | SourceQoS: enabled=1/in=7/out=3/dropped=4/active_cd=0/drops=source_qos_cap:4 | Ingest: q=0/oldest=0.0s/drop_old=0/dedup_skip=0/enq=0/drain=0 | Sources: dex_boosts:ok=1/fail=0/429=0/lim_wait=0/cd_wait=0/err=0.0%/avg=79ms; dexscreener:ok=11/fail=0/429=0/lim_wait=0/cd_wait=0/err=0.0%/avg=54ms; onchain_enrich:ok=8/fail=0/429=0/lim_wait=0/cd_wait=0/err=0.0%/avg=97ms; onchain_weth_price:ok=1/fail=0/429=0/lim_wait=0/cd_wait=0/err=0.0%/avg=55ms | Tasks: 3 | RSS: 0.0MB | CycleAvg: 6.11s
2026-02-27 15:49:57,975 [INFO] [u_station_ab_night_autotune_v2] monitor.onchain_factory: PAIR_DETECTED source=uniswap_v2 dex=uniswap_v2 pair=0x7faa2e42e8a39647a39aaf66ffd9bf5915a3c1bc token0=0x4200000000000000000000000000000000000006 token1=0x68601aef39a30eca7fdb4f6d1af7719a579dab07 block=42707223 factory=0x8909dc15e40173ff4699343b6eb8132c65e18ec6
2026-02-27 15:49:58,185 [INFO] [u_station_ab_night_autotune_v2] monitor.onchain_factory: ENRICH_RETRY token=0x125180ec4a16727e369c8463e9af6c688aecfdcf pair=0x1dbd8906011af139b0b2b595fbe9aaf3dbcbb3ee attempt=1/2 delay=10s
2026-02-27 15:49:58,608 [INFO] [u_station_ab_night_autotune_v2] monitor.onchain_factory: ENRICH_RETRY token=0x68601aef39a30eca7fdb4f6d1af7719a579dab07 pair=0x7faa2e42e8a39647a39aaf66ffd9bf5915a3c1bc attempt=1/2 delay=10s
2026-02-27 15:50:08,681 [INFO] [u_station_ab_night_autotune_v2] __main__: WATCHLIST merged count=6
2026-02-27 15:50:08,682 [INFO] [u_station_ab_night_autotune_v2] trading.v2_runtime: V2_UNIVERSE in=10 dedup=10 out=10 target=10 novel_target=9 novel_out=2 repeat_dropped=0 symbol_dropped=0 surge_in=4 surge_target=3 surge_out=4
2026-02-27 15:50:08,683 [INFO] [u_station_ab_night_autotune_v2] __main__: V2_SOURCE_QOS_FILTER in=10 out=6 drops={'source_qos_cap': 4} caps={'geckoterminal': 287, 'watchlist': 2}
2026-02-27 15:50:08,684 [INFO] [u_station_ab_night_autotune_v2] __main__: FILTER_FAIL token=ToruCeoAI reason=source_qos_cap source=watchlist used=2/2
2026-02-27 15:50:08,685 [INFO] [u_station_ab_night_autotune_v2] __main__: FILTER_FAIL token=FLOW reason=source_qos_cap source=watchlist used=2/2
2026-02-27 15:50:08,686 [INFO] [u_station_ab_night_autotune_v2] __main__: FILTER_FAIL token=AERO reason=source_qos_cap source=watchlist used=2/2
2026-02-27 15:50:08,687 [INFO] [u_station_ab_night_autotune_v2] __main__: FILTER_FAIL token=VIRTUAL reason=source_qos_cap source=watchlist used=2/2
2026-02-27 15:50:08,688 [INFO] [u_station_ab_night_autotune_v2] __main__: FILTER_FAIL token=AGENTATION reason=safe_age
2026-02-27 15:50:08,688 [INFO] [u_station_ab_night_autotune_v2] __main__: FILTER_PASS token=cbBTC tier=A score=100 mode=YELLOW risk=MEDIUM liq=19154042 vol5m=301711
2026-02-27 15:50:08,689 [INFO] [u_station_ab_night_autotune_v2] __main__: FILTER_FAIL token=CYBERDRK reason=safe_age
2026-02-27 15:50:08,690 [INFO] [u_station_ab_night_autotune_v2] __main__: FILTER_FAIL token=ONYX reason=safe_change_5m
2026-02-27 15:50:08,691 [INFO] [u_station_ab_night_autotune_v2] __main__: FILTER_FAIL token=MD reason=safe_age
2026-02-27 15:50:08,692 [INFO] [u_station_ab_night_autotune_v2] __main__: FILTER_FAIL token=ZAKARIA reason=score_min score=30 strict_min=48 soft_min=48 mode=YELLOW
2026-02-27 15:50:08,692 [INFO] [u_station_ab_night_autotune_v2] __main__: V2_QUALITY_GATE enabled=True regime=YELLOW in=1 out=1 core_out=1 explore_out=0 probe_out=0 quota=0 max_symbol_share=1.000 drop={} sources_used={'watchlist': 1}
2026-02-27 15:50:08,693 [INFO] [u_station_ab_night_autotune_v2] __main__: V2_ENTRY_ROUTE enabled=True regime=YELLOW in=1 out=1 core_out=1 explore_out=0 quota=0 allow_explore=True
2026-02-27 15:50:08,693 [INFO] [u_station_ab_night_autotune_v2] __main__: MARKET_REGIME mode=YELLOW reason=avg_cand=1.00 avg_cand_recent=1.00
2026-02-27 15:50:08,694 [INFO] [u_station_ab_night_autotune_v2] trading.auto_trader: AutoTrade batch prefilter removed=1 missing_addr=0 open_duplicate=1
2026-02-27 15:50:08,831 [INFO] [u_station_ab_night_autotune_v2] __main__: Scanned 10 tokens | High quality: 4 | Alerts sent: 0 | Trade candidates: 1 | Quality out/core/explore/probe: 1/1/0/0 | Opened: 0 | Mode: local | Source: onchain+market | Policy: raw=OK/effective=OK(healthy | route=allow_all) | Regime: YELLOW(avg_cand=1.00) | Safety: checked=1 fail_closed=0 reasons=api_code_4029:1 | FiltersTop(session): source_qos_cap:28,safe_change_5m:13,safe_age:6,score_min:6 | Dedup: heavy_skip=0 override=0 | V2Budget: 1/280 | SourceQoS: enabled=1/in=10/out=6/dropped=4/active_cd=0/drops=source_qos_cap:4 | Ingest: q=0/oldest=0.0s/drop_old=0/dedup_skip=0/enq=4/drain=4 | Sources: dex_boosts:ok=1/fail=0/429=0/lim_wait=0/cd_wait=0/err=0.0%/avg=49ms; dexscreener:ok=11/fail=0/429=0/lim_wait=0/cd_wait=0/err=0.0%/avg=163ms; geckoterminal:ok=1/fail=0/429=0/lim_wait=0/cd_wait=0/err=0.0%/avg=248ms; onchain_enrich:ok=8/fail=0/429=0/lim_wait=0/cd_wait=0/err=0.0%/avg=91ms | Tasks: 3 | RSS: 0.0MB | CycleAvg: 6.82s
2026-02-27 15:50:13,318 [INFO] [u_station_ab_night_autotune_v2] monitor.onchain_factory: ENRICH_RETRY token=0x125180ec4a16727e369c8463e9af6c688aecfdcf pair=0x1dbd8906011af139b0b2b595fbe9aaf3dbcbb3ee attempt=1/2 delay=10s
2026-02-27 15:50:13,380 [INFO] [u_station_ab_night_autotune_v2] monitor.onchain_factory: ENRICH_RETRY token=0x68601aef39a30eca7fdb4f6d1af7719a579dab07 pair=0x7faa2e42e8a39647a39aaf66ffd9bf5915a3c1bc attempt=1/2 delay=10s
2026-02-27 15:50:23,677 [INFO] [u_station_ab_night_autotune_v2] __main__: WATCHLIST merged count=6
2026-02-27 15:50:23,677 [INFO] [u_station_ab_night_autotune_v2] trading.v2_runtime: V2_UNIVERSE in=6 dedup=6 out=6 target=6 novel_target=6 novel_out=0 repeat_dropped=0 symbol_dropped=0 surge_in=2 surge_target=2 surge_out=2
2026-02-27 15:50:23,678 [INFO] [u_station_ab_night_autotune_v2] __main__: V2_SOURCE_QOS_FILTER in=6 out=3 drops={'source_qos_cap': 3} caps={'watchlist': 3}
2026-02-27 15:50:23,679 [INFO] [u_station_ab_night_autotune_v2] __main__: FILTER_FAIL token=FLOW reason=source_qos_cap source=watchlist used=3/3
2026-02-27 15:50:23,681 [INFO] [u_station_ab_night_autotune_v2] __main__: FILTER_FAIL token=AERO reason=source_qos_cap source=watchlist used=3/3
2026-02-27 15:50:23,681 [INFO] [u_station_ab_night_autotune_v2] __main__: FILTER_FAIL token=VIRTUAL reason=source_qos_cap source=watchlist used=3/3
2026-02-27 15:50:23,682 [INFO] [u_station_ab_night_autotune_v2] __main__: FILTER_PASS token=cbBTC tier=A score=100 mode=YELLOW risk=MEDIUM liq=19154042 vol5m=301711
2026-02-27 15:50:23,683 [INFO] [u_station_ab_night_autotune_v2] __main__: FILTER_FAIL token=ONYX reason=safe_change_5m
2026-02-27 15:50:23,684 [INFO] [u_station_ab_night_autotune_v2] __main__: FILTER_FAIL token=ToruCeoAI reason=safe_change_5m
2026-02-27 15:50:23,686 [INFO] [u_station_ab_night_autotune_v2] __main__: V2_QUALITY_GATE enabled=True regime=YELLOW in=1 out=1 core_out=1 explore_out=0 probe_out=0 quota=0 max_symbol_share=1.000 drop={} sources_used={'watchlist': 1}
2026-02-27 15:50:23,686 [INFO] [u_station_ab_night_autotune_v2] __main__: V2_ENTRY_ROUTE enabled=True regime=YELLOW in=1 out=1 core_out=1 explore_out=0 quota=0 allow_explore=True
2026-02-27 15:50:23,686 [INFO] [u_station_ab_night_autotune_v2] __main__: MARKET_REGIME mode=YELLOW reason=avg_cand=1.00 avg_cand_recent=1.00
2026-02-27 15:50:23,687 [INFO] [u_station_ab_night_autotune_v2] trading.auto_trader: AutoTrade batch prefilter removed=1 missing_addr=0 open_duplicate=1
2026-02-27 15:50:23,883 [INFO] [u_station_ab_night_autotune_v2] __main__: Scanned 6 tokens | High quality: 3 | Alerts sent: 0 | Trade candidates: 1 | Quality out/core/explore/probe: 1/1/0/0 | Opened: 0 | Mode: local | Source: onchain+market | Policy: raw=OK/effective=OK(healthy | route=allow_all) | Regime: YELLOW(avg_cand=1.00) | Safety: checked=1 fail_closed=0 reasons=api_code_4029:1 | FiltersTop(session): source_qos_cap:31,safe_change_5m:15,safe_age:6,score_min:6 | Dedup: heavy_skip=0 override=0 | V2Budget: 1/280 | SourceQoS: enabled=1/in=6/out=3/dropped=3/active_cd=0/drops=source_qos_cap:3 | Ingest: q=0/oldest=0.0s/drop_old=0/dedup_skip=0/enq=0/drain=0 | Sources: dex_boosts:ok=1/fail=0/429=0/lim_wait=0/cd_wait=0/err=0.0%/avg=39ms; dexscreener:ok=11/fail=0/429=0/lim_wait=0/cd_wait=0/err=0.0%/avg=57ms; onchain_enrich:ok=8/fail=0/429=0/lim_wait=0/cd_wait=0/err=0.0%/avg=89ms | Tasks: 3 | RSS: 0.0MB | CycleAvg: 7.35s
2026-02-27 15:50:28,167 [INFO] [u_station_ab_night_autotune_v2] monitor.onchain_factory: PAIR_DETECTED source=uniswap_v2 dex=uniswap_v2 pair=0xb43948b2317a7c3cfa7f32ae7c9bf20e74b316e5 token0=0x166e4aa2590e74fe33a01fafd354166441a6eb07 token1=0x4200000000000000000000000000000000000006 block=42707232 factory=0x8909dc15e40173ff4699343b6eb8132c65e18ec6
2026-02-27 15:50:28,387 [INFO] [u_station_ab_night_autotune_v2] monitor.onchain_factory: ENRICH_RETRY token=0x125180ec4a16727e369c8463e9af6c688aecfdcf pair=0x1dbd8906011af139b0b2b595fbe9aaf3dbcbb3ee attempt=1/2 delay=10s
2026-02-27 15:50:28,476 [INFO] [u_station_ab_night_autotune_v2] monitor.onchain_factory: ENRICH_RETRY token=0x68601aef39a30eca7fdb4f6d1af7719a579dab07 pair=0x7faa2e42e8a39647a39aaf66ffd9bf5915a3c1bc attempt=1/2 delay=10s
2026-02-27 15:50:28,560 [INFO] [u_station_ab_night_autotune_v2] monitor.onchain_factory: ENRICH_RETRY token=0x166e4aa2590e74fe33a01fafd354166441a6eb07 pair=0xb43948b2317a7c3cfa7f32ae7c9bf20e74b316e5 attempt=1/2 delay=10s
2026-02-27 15:50:38,630 [INFO] [u_station_ab_night_autotune_v2] __main__: WATCHLIST merged count=6
2026-02-27 15:50:38,631 [INFO] [u_station_ab_night_autotune_v2] trading.v2_runtime: V2_UNIVERSE in=7 dedup=7 out=7 target=7 novel_target=6 novel_out=1 repeat_dropped=0 symbol_dropped=0 surge_in=2 surge_target=2 surge_out=2
2026-02-27 15:50:38,631 [INFO] [u_station_ab_night_autotune_v2] __main__: V2_SOURCE_QOS_FILTER in=7 out=3 drops={'source_qos_cap': 4} caps={'unknown': 0, 'watchlist': 2}
2026-02-27 15:50:38,632 [INFO] [u_station_ab_night_autotune_v2] __main__: FILTER_FAIL token=ToruCeoAI reason=source_qos_cap source=watchlist used=2/2
2026-02-27 15:50:38,633 [INFO] [u_station_ab_night_autotune_v2] __main__: FILTER_FAIL token=FLOW reason=source_qos_cap source=watchlist used=2/2
2026-02-27 15:50:38,636 [INFO] [u_station_ab_night_autotune_v2] __main__: FILTER_FAIL token=AERO reason=source_qos_cap source=watchlist used=2/2
2026-02-27 15:50:38,637 [INFO] [u_station_ab_night_autotune_v2] __main__: FILTER_FAIL token=VIRTUAL reason=source_qos_cap source=watchlist used=2/2
2026-02-27 15:50:38,638 [INFO] [u_station_ab_night_autotune_v2] __main__: FILTER_PASS token=cbBTC tier=A score=100 mode=YELLOW risk=MEDIUM liq=19154042 vol5m=301711
2026-02-27 15:50:38,639 [INFO] [u_station_ab_night_autotune_v2] __main__: FILTER_FAIL token=ONYX reason=safe_change_5m
2026-02-27 15:50:38,640 [INFO] [u_station_ab_night_autotune_v2] __main__: FILTER_FAIL token=Pombon reason=score_min score=40 strict_min=48 soft_min=48 mode=YELLOW
2026-02-27 15:50:38,641 [INFO] [u_station_ab_night_autotune_v2] __main__: V2_QUALITY_GATE enabled=True regime=YELLOW in=1 out=1 core_out=1 explore_out=0 probe_out=0 quota=0 max_symbol_share=1.000 drop={} sources_used={'watchlist': 1}
2026-02-27 15:50:38,642 [INFO] [u_station_ab_night_autotune_v2] __main__: V2_ENTRY_ROUTE enabled=True regime=YELLOW in=1 out=1 core_out=1 explore_out=0 quota=0 allow_explore=True
2026-02-27 15:50:38,643 [INFO] [u_station_ab_night_autotune_v2] __main__: MARKET_REGIME mode=YELLOW reason=avg_cand=1.00 avg_cand_recent=1.00
2026-02-27 15:50:38,643 [INFO] [u_station_ab_night_autotune_v2] trading.auto_trader: AutoTrade batch prefilter removed=1 missing_addr=0 open_duplicate=1
2026-02-27 15:50:38,755 [INFO] [u_station_ab_night_autotune_v2] __main__: Scanned 7 tokens | High quality: 2 | Alerts sent: 0 | Trade candidates: 1 | Quality out/core/explore/probe: 1/1/0/0 | Opened: 0 | Mode: local | Source: onchain+market | Policy: raw=OK/effective=OK(healthy | route=allow_all) | Regime: YELLOW(avg_cand=1.00) | Safety: checked=1 fail_closed=0 reasons=api_code_4029:1 | FiltersTop(session): source_qos_cap:35,safe_change_5m:16,score_min:7,safe_age:6 | Dedup: heavy_skip=0 override=0 | V2Budget: 1/280 | SourceQoS: enabled=1/in=7/out=3/dropped=4/active_cd=0/drops=source_qos_cap:4 | Ingest: q=0/oldest=0.0s/drop_old=0/dedup_skip=0/enq=0/drain=0 | Sources: dex_boosts:ok=1/fail=0/429=0/lim_wait=0/cd_wait=0/err=0.0%/avg=41ms; dexscreener:ok=11/fail=0/429=0/lim_wait=0/cd_wait=0/err=0.0%/avg=56ms; onchain_enrich:ok=11/fail=0/429=0/lim_wait=0/cd_wait=0/err=0.0%/avg=75ms | Tasks: 3 | RSS: 0.0MB | CycleAvg: 7.76s
2026-02-27 15:50:43,048 [INFO] [u_station_ab_night_autotune_v2] monitor.onchain_factory: PAIR_DETECTED source=uniswap_v2 dex=uniswap_v2 pair=0xe4df5c895a0718a2d39d63d881df8308148dbe00 token0=0x4200000000000000000000000000000000000006 token1=0x6a96bcce61068e30509926a659a3bf0ef217a67f block=42707243 factory=0x8909dc15e40173ff4699343b6eb8132c65e18ec6
2026-02-27 15:50:43,255 [INFO] [u_station_ab_night_autotune_v2] monitor.onchain_factory: ENRICH_RETRY token=0x166e4aa2590e74fe33a01fafd354166441a6eb07 pair=0xb43948b2317a7c3cfa7f32ae7c9bf20e74b316e5 attempt=1/2 delay=10s
2026-02-27 15:50:43,262 [INFO] [u_station_ab_night_autotune_v2] monitor.onchain_factory: ENRICH_RETRY token=0x125180ec4a16727e369c8463e9af6c688aecfdcf pair=0x1dbd8906011af139b0b2b595fbe9aaf3dbcbb3ee attempt=1/2 delay=10s
2026-02-27 15:50:43,487 [INFO] [u_station_ab_night_autotune_v2] monitor.onchain_factory: ENRICH_RETRY token=0x6a96bcce61068e30509926a659a3bf0ef217a67f pair=0xe4df5c895a0718a2d39d63d881df8308148dbe00 attempt=1/2 delay=10s
2026-02-27 15:50:53,750 [INFO] [u_station_ab_night_autotune_v2] __main__: WATCHLIST merged count=6
2026-02-27 15:50:53,751 [INFO] [u_station_ab_night_autotune_v2] trading.v2_runtime: V2_UNIVERSE in=7 dedup=7 out=7 target=7 novel_target=6 novel_out=1 repeat_dropped=0 symbol_dropped=0 surge_in=2 surge_target=2 surge_out=2
2026-02-27 15:50:53,751 [INFO] [u_station_ab_night_autotune_v2] __main__: V2_SOURCE_QOS_FILTER in=7 out=3 drops={'source_qos_cap': 4} caps={'unknown': 0, 'watchlist': 2}
2026-02-27 15:50:53,753 [INFO] [u_station_ab_night_autotune_v2] __main__: FILTER_FAIL token=ToruCeoAI reason=source_qos_cap source=watchlist used=2/2
2026-02-27 15:50:53,754 [INFO] [u_station_ab_night_autotune_v2] __main__: FILTER_FAIL token=FLOW reason=source_qos_cap source=watchlist used=2/2
2026-02-27 15:50:53,755 [INFO] [u_station_ab_night_autotune_v2] __main__: FILTER_FAIL token=AERO reason=source_qos_cap source=watchlist used=2/2
2026-02-27 15:50:53,757 [INFO] [u_station_ab_night_autotune_v2] __main__: FILTER_FAIL token=VIRTUAL reason=source_qos_cap source=watchlist used=2/2
2026-02-27 15:50:53,758 [INFO] [u_station_ab_night_autotune_v2] __main__: FILTER_PASS token=cbBTC tier=A score=100 mode=YELLOW risk=MEDIUM liq=19154042 vol5m=301711
2026-02-27 15:50:53,760 [INFO] [u_station_ab_night_autotune_v2] __main__: FILTER_FAIL token=ONYX reason=safe_change_5m
2026-02-27 15:50:53,761 [INFO] [u_station_ab_night_autotune_v2] __main__: FILTER_FAIL token=Wind&Waves reason=score_min score=40 strict_min=48 soft_min=48 mode=YELLOW
2026-02-27 15:50:53,762 [INFO] [u_station_ab_night_autotune_v2] __main__: V2_QUALITY_GATE enabled=True regime=YELLOW in=1 out=1 core_out=1 explore_out=0 probe_out=0 quota=0 max_symbol_share=1.000 drop={} sources_used={'watchlist': 1}
2026-02-27 15:50:53,763 [INFO] [u_station_ab_night_autotune_v2] __main__: V2_ENTRY_ROUTE enabled=True regime=YELLOW in=1 out=1 core_out=1 explore_out=0 quota=0 allow_explore=True
2026-02-27 15:50:53,763 [INFO] [u_station_ab_night_autotune_v2] __main__: MARKET_REGIME mode=YELLOW reason=avg_cand=1.00 avg_cand_recent=1.00
2026-02-27 15:50:53,764 [INFO] [u_station_ab_night_autotune_v2] trading.auto_trader: AutoTrade batch prefilter removed=1 missing_addr=0 open_duplicate=1
2026-02-27 15:50:53,765 [INFO] [u_station_ab_night_autotune_v2] trading.auto_trader: PAPER_SUMMARY window=60s closed_delta=0 wins_delta=0 losses_delta=0 realized_delta=$0.00 total_closed=112 winrate_total=41.1% realized_total=$0.30 balance=$6.85 equity=$7.31 open=1
2026-02-27 15:50:53,947 [INFO] [u_station_ab_night_autotune_v2] __main__: Scanned 7 tokens | High quality: 2 | Alerts sent: 0 | Trade candidates: 1 | Quality out/core/explore/probe: 1/1/0/0 | Opened: 0 | Mode: local | Source: onchain+market | Policy: raw=OK/effective=OK(healthy | route=allow_all) | Regime: YELLOW(avg_cand=1.00) | Safety: checked=1 fail_closed=0 reasons=api_code_4029:1 | FiltersTop(session): source_qos_cap:39,safe_change_5m:17,score_min:8,safe_age:6 | Dedup: heavy_skip=0 override=0 | V2Budget: 1/280 | SourceQoS: enabled=1/in=7/out=3/dropped=4/active_cd=0/drops=source_qos_cap:4 | Ingest: q=0/oldest=0.0s/drop_old=0/dedup_skip=0/enq=0/drain=0 | Sources: dex_boosts:ok=1/fail=0/429=0/lim_wait=0/cd_wait=0/err=0.0%/avg=61ms; dexscreener:ok=11/fail=0/429=0/lim_wait=0/cd_wait=0/err=0.0%/avg=171ms; onchain_enrich:ok=11/fail=0/429=0/lim_wait=0/cd_wait=0/err=0.0%/avg=61ms; onchain_weth_price:ok=1/fail=0/429=0/lim_wait=0/cd_wait=0/err=0.0%/avg=150ms | Tasks: 3 | RSS: 0.0MB | CycleAvg: 8.07s
2026-02-27 15:50:58,552 [INFO] [u_station_ab_night_autotune_v2] monitor.onchain_factory: ENRICH_RETRY token=0x6a96bcce61068e30509926a659a3bf0ef217a67f pair=0xe4df5c895a0718a2d39d63d881df8308148dbe00 attempt=1/2 delay=10s
2026-02-27 15:51:08,628 [INFO] [u_station_ab_night_autotune_v2] __main__: WATCHLIST merged count=6
2026-02-27 15:51:08,629 [INFO] [u_station_ab_night_autotune_v2] trading.v2_runtime: V2_UNIVERSE in=7 dedup=7 out=7 target=7 novel_target=6 novel_out=1 repeat_dropped=0 symbol_dropped=0 surge_in=2 surge_target=2 surge_out=2
2026-02-27 15:51:08,630 [INFO] [u_station_ab_night_autotune_v2] __main__: V2_SOURCE_QOS_FILTER in=7 out=3 drops={'source_qos_cap': 4} caps={'unknown': 0, 'watchlist': 2}
2026-02-27 15:51:08,632 [INFO] [u_station_ab_night_autotune_v2] __main__: FILTER_FAIL token=ToruCeoAI reason=source_qos_cap source=watchlist used=2/2
2026-02-27 15:51:08,633 [INFO] [u_station_ab_night_autotune_v2] __main__: FILTER_FAIL token=FLOW reason=source_qos_cap source=watchlist used=2/2
2026-02-27 15:51:08,634 [INFO] [u_station_ab_night_autotune_v2] __main__: FILTER_FAIL token=AERO reason=source_qos_cap source=watchlist used=2/2
2026-02-27 15:51:08,636 [INFO] [u_station_ab_night_autotune_v2] __main__: FILTER_FAIL token=VIRTUAL reason=source_qos_cap source=watchlist used=2/2
2026-02-27 15:51:08,636 [INFO] [u_station_ab_night_autotune_v2] __main__: FILTER_PASS token=cbBTC tier=A score=100 mode=YELLOW risk=MEDIUM liq=19154042 vol5m=301711
2026-02-27 15:51:08,639 [INFO] [u_station_ab_night_autotune_v2] __main__: FILTER_FAIL token=ONYX reason=safe_change_5m
2026-02-27 15:51:08,641 [INFO] [u_station_ab_night_autotune_v2] __main__: FILTER_FAIL token=Novaiok reason=safe_age
2026-02-27 15:51:08,642 [INFO] [u_station_ab_night_autotune_v2] __main__: V2_QUALITY_GATE enabled=True regime=YELLOW in=1 out=1 core_out=1 explore_out=0 probe_out=0 quota=0 max_symbol_share=1.000 drop={} sources_used={'watchlist': 1}
2026-02-27 15:51:08,643 [INFO] [u_station_ab_night_autotune_v2] __main__: V2_ENTRY_ROUTE enabled=True regime=YELLOW in=1 out=1 core_out=1 explore_out=0 quota=0 allow_explore=True
2026-02-27 15:51:08,644 [INFO] [u_station_ab_night_autotune_v2] __main__: MARKET_REGIME mode=YELLOW reason=avg_cand=1.00 avg_cand_recent=1.00
2026-02-27 15:51:08,644 [INFO] [u_station_ab_night_autotune_v2] trading.auto_trader: AutoTrade batch prefilter removed=1 missing_addr=0 open_duplicate=1
2026-02-27 15:51:08,779 [INFO] [u_station_ab_night_autotune_v2] __main__: Scanned 7 tokens | High quality: 2 | Alerts sent: 0 | Trade candidates: 1 | Quality out/core/explore/probe: 1/1/0/0 | Opened: 0 | Mode: local | Source: onchain+market | Policy: raw=OK/effective=OK(healthy | route=allow_all) | Regime: YELLOW(avg_cand=1.00) | Safety: checked=1 fail_closed=0 reasons=api_code_4029:1 | FiltersTop(session): source_qos_cap:43,safe_change_5m:18,score_min:8,safe_age:7 | Dedup: heavy_skip=0 override=0 | V2Budget: 1/280 | SourceQoS: enabled=1/in=7/out=3/dropped=4/active_cd=0/drops=source_qos_cap:4 | Ingest: q=0/oldest=0.0s/drop_old=0/dedup_skip=0/enq=0/drain=0 | Sources: dex_boosts:ok=1/fail=0/429=0/lim_wait=0/cd_wait=0/err=0.0%/avg=89ms; dexscreener:ok=11/fail=0/429=0/lim_wait=0/cd_wait=0/err=0.0%/avg=93ms; onchain_enrich:ok=5/fail=0/429=0/lim_wait=0/cd_wait=0/err=0.0%/avg=114ms | Tasks: 3 | RSS: 0.0MB | CycleAvg: 8.36s
2026-02-27 15:51:13,062 [INFO] [u_station_ab_night_autotune_v2] monitor.onchain_factory: PAIR_DETECTED source=uniswap_v2 dex=uniswap_v2 pair=0xe752cf8ab085b3efaec483df732b65ae31a25929 token0=0x2b90fd51f4e99841f265cc0a002293e33546bb07 token1=0x4200000000000000000000000000000000000006 block=42707257 factory=0x8909dc15e40173ff4699343b6eb8132c65e18ec6
2026-02-27 15:51:13,748 [INFO] [u_station_ab_night_autotune_v2] monitor.onchain_factory: ENRICH_RETRY token=0x2b90fd51f4e99841f265cc0a002293e33546bb07 pair=0xe752cf8ab085b3efaec483df732b65ae31a25929 attempt=1/2 delay=10s
2026-02-27 15:51:23,860 [INFO] [u_station_ab_night_autotune_v2] __main__: WATCHLIST merged count=6
2026-02-27 15:51:23,861 [INFO] [u_station_ab_night_autotune_v2] trading.v2_runtime: V2_UNIVERSE in=13 dedup=13 out=13 target=13 novel_target=12 novel_out=3 repeat_dropped=0 symbol_dropped=0 surge_in=2 surge_target=2 surge_out=2
2026-02-27 15:51:23,862 [INFO] [u_station_ab_night_autotune_v2] __main__: V2_SOURCE_QOS_FILTER in=13 out=8 drops={'source_qos_cap': 4, 'source_qos_symbol_cap': 1} caps={'unknown': 0, 'geckoterminal': 287, 'watchlist': 2}
2026-02-27 15:51:23,863 [INFO] [u_station_ab_night_autotune_v2] __main__: FILTER_FAIL token=ToruCeoAI reason=source_qos_cap source=watchlist used=2/2
2026-02-27 15:51:23,864 [INFO] [u_station_ab_night_autotune_v2] __main__: FILTER_FAIL token=FLOW reason=source_qos_cap source=watchlist used=2/2
2026-02-27 15:51:23,865 [INFO] [u_station_ab_night_autotune_v2] __main__: FILTER_FAIL token=Novaiok reason=source_qos_symbol_cap symbol=NOVAIOK used=1/1
2026-02-27 15:51:23,866 [INFO] [u_station_ab_night_autotune_v2] __main__: FILTER_FAIL token=AERO reason=source_qos_cap source=watchlist used=2/2
2026-02-27 15:51:23,867 [INFO] [u_station_ab_night_autotune_v2] __main__: FILTER_FAIL token=VIRTUAL reason=source_qos_cap source=watchlist used=2/2
2026-02-27 15:51:23,867 [INFO] [u_station_ab_night_autotune_v2] __main__: FILTER_PASS token=cbBTC tier=A score=100 mode=YELLOW risk=MEDIUM liq=19154042 vol5m=301711
2026-02-27 15:51:23,869 [INFO] [u_station_ab_night_autotune_v2] __main__: FILTER_FAIL token=ONYX reason=safe_change_5m
2026-02-27 15:51:23,870 [INFO] [u_station_ab_night_autotune_v2] __main__: FILTER_FAIL token=Novaiok reason=safe_age
2026-02-27 15:51:23,871 [INFO] [u_station_ab_night_autotune_v2] __main__: FILTER_FAIL token=Gattaca Stack reason=safe_volume vol5m=2 min=6 regime=YELLOW
2026-02-27 15:51:23,872 [INFO] [u_station_ab_night_autotune_v2] __main__: FILTER_FAIL token=MOLTD reason=safe_volume vol5m=0 min=6 regime=YELLOW
2026-02-27 15:51:23,873 [INFO] [u_station_ab_night_autotune_v2] __main__: FILTER_FAIL token=MODR723 reason=safe_volume vol5m=0 min=6 regime=YELLOW
2026-02-27 15:51:23,873 [INFO] [u_station_ab_night_autotune_v2] __main__: FILTER_FAIL token=Pombon reason=score_min score=40 strict_min=48 soft_min=48 mode=YELLOW
2026-02-27 15:51:23,874 [INFO] [u_station_ab_night_autotune_v2] __main__: FILTER_FAIL token=Wind&amp;Waves reason=score_min score=40 strict_min=48 soft_min=48 mode=YELLOW
2026-02-27 15:51:23,875 [INFO] [u_station_ab_night_autotune_v2] __main__: V2_QUALITY_GATE enabled=True regime=YELLOW in=1 out=1 core_out=1 explore_out=0 probe_out=0 quota=0 max_symbol_share=1.000 drop={} sources_used={'watchlist': 1}
2026-02-27 15:51:23,876 [INFO] [u_station_ab_night_autotune_v2] __main__: V2_ENTRY_ROUTE enabled=True regime=YELLOW in=1 out=1 core_out=1 explore_out=0 quota=0 allow_explore=True
2026-02-27 15:51:23,876 [INFO] [u_station_ab_night_autotune_v2] __main__: MARKET_REGIME mode=YELLOW reason=avg_cand=1.00 avg_cand_recent=1.00
2026-02-27 15:51:23,876 [INFO] [u_station_ab_night_autotune_v2] trading.auto_trader: AutoTrade batch prefilter removed=1 missing_addr=0 open_duplicate=1
2026-02-27 15:51:24,052 [INFO] [u_station_ab_night_autotune_v2] __main__: Scanned 13 tokens | High quality: 2 | Alerts sent: 0 | Trade candidates: 1 | Quality out/core/explore/probe: 1/1/0/0 | Opened: 0 | Mode: local | Source: onchain+market | Policy: raw=OK/effective=OK(healthy | route=allow_all) | Regime: YELLOW(avg_cand=1.00) | Safety: checked=1 fail_closed=0 reasons=api_code_4029:1 | FiltersTop(session): source_qos_cap:47,safe_change_5m:19,score_min:10,safe_age:8 | Dedup: heavy_skip=0 override=0 | V2Budget: 1/280 | SourceQoS: enabled=1/in=13/out=8/dropped=5/active_cd=0/drops=source_qos_cap:4,source_qos_symbol_cap:1 | Ingest: q=0/oldest=0.0s/drop_old=0/dedup_skip=0/enq=6/drain=6 | Sources: dex_boosts:ok=1/fail=0/429=0/lim_wait=0/cd_wait=0/err=0.0%/avg=46ms; dexscreener:ok=11/fail=0/429=0/lim_wait=0/cd_wait=0/err=0.0%/avg=42ms; geckoterminal:ok=1/fail=0/429=0/lim_wait=0/cd_wait=0/err=0.0%/avg=251ms; onchain_enrich:ok=6/fail=0/429=0/lim_wait=0/cd_wait=0/err=0.0%/avg=144ms | Tasks: 3 | RSS: 0.0MB | CycleAvg: 8.56s
2026-02-27 15:51:28,552 [INFO] [u_station_ab_night_autotune_v2] monitor.onchain_factory: ENRICH_RETRY token=0x2b90fd51f4e99841f265cc0a002293e33546bb07 pair=0xe752cf8ab085b3efaec483df732b65ae31a25929 attempt=1/2 delay=10s
2026-02-27 15:51:38,630 [INFO] [u_station_ab_night_autotune_v2] __main__: WATCHLIST merged count=6
2026-02-27 15:51:38,631 [INFO] [u_station_ab_night_autotune_v2] trading.v2_runtime: V2_UNIVERSE in=6 dedup=6 out=6 target=6 novel_target=6 novel_out=0 repeat_dropped=0 symbol_dropped=0 surge_in=2 surge_target=2 surge_out=2
2026-02-27 15:51:38,632 [INFO] [u_station_ab_night_autotune_v2] __main__: V2_SOURCE_QOS_FILTER in=6 out=3 drops={'source_qos_cap': 3} caps={'watchlist': 3}
2026-02-27 15:51:38,633 [INFO] [u_station_ab_night_autotune_v2] __main__: FILTER_FAIL token=FLOW reason=source_qos_cap source=watchlist used=3/3
2026-02-27 15:51:38,634 [INFO] [u_station_ab_night_autotune_v2] __main__: FILTER_FAIL token=AERO reason=source_qos_cap source=watchlist used=3/3
2026-02-27 15:51:38,635 [INFO] [u_station_ab_night_autotune_v2] __main__: FILTER_FAIL token=VIRTUAL reason=source_qos_cap source=watchlist used=3/3
2026-02-27 15:51:38,636 [INFO] [u_station_ab_night_autotune_v2] __main__: FILTER_PASS token=cbBTC tier=A score=100 mode=YELLOW risk=MEDIUM liq=19154042 vol5m=301711
2026-02-27 15:51:38,637 [INFO] [u_station_ab_night_autotune_v2] __main__: FILTER_FAIL token=ONYX reason=safe_change_5m
2026-02-27 15:51:38,638 [INFO] [u_station_ab_night_autotune_v2] __main__: FILTER_FAIL token=ToruCeoAI reason=safe_change_5m
2026-02-27 15:51:38,639 [INFO] [u_station_ab_night_autotune_v2] __main__: V2_QUALITY_GATE enabled=True regime=YELLOW in=1 out=1 core_out=1 explore_out=0 probe_out=0 quota=0 max_symbol_share=1.000 drop={} sources_used={'watchlist': 1}
2026-02-27 15:51:38,639 [INFO] [u_station_ab_night_autotune_v2] __main__: V2_ENTRY_ROUTE enabled=True regime=YELLOW in=1 out=1 core_out=1 explore_out=0 quota=0 allow_explore=True
2026-02-27 15:51:38,640 [INFO] [u_station_ab_night_autotune_v2] __main__: MARKET_REGIME mode=YELLOW reason=avg_cand=1.00 avg_cand_recent=1.00
2026-02-27 15:51:38,640 [INFO] [u_station_ab_night_autotune_v2] trading.auto_trader: AutoTrade batch prefilter removed=1 missing_addr=0 open_duplicate=1
2026-02-27 15:51:38,689 [INFO] [u_station_ab_night_autotune_v2] trading.auto_trader: TOKEN_COOLDOWN token=0xcbb7c0000ab88b473b1f5afd9ef808440eed33bf reason=TIMEOUT pnl=$0.0013 cooldown=170s strikes=0->0 dynamic=True
2026-02-27 15:51:38,690 [INFO] [u_station_ab_night_autotune_v2] trading.auto_trader: AUTO_SELL Paper SELL token=cbBTC reason=TIMEOUT exit=$65969.60000000 pnl=0.29% ($0.00) remaining=$0.00 partial=$0.00 raw=0.29% cost=2.70% gas=$0.03 balance=$7.31
2026-02-27 15:51:38,752 [INFO] [u_station_ab_night_autotune_v2] __main__: Scanned 6 tokens | High quality: 3 | Alerts sent: 0 | Trade candidates: 1 | Quality out/core/explore/probe: 1/1/0/0 | Opened: 0 | Mode: local | Source: onchain+market | Policy: raw=OK/effective=OK(healthy | route=allow_all) | Regime: YELLOW(avg_cand=1.00) | Safety: checked=1 fail_closed=0 reasons=api_code_4029:1 | FiltersTop(session): source_qos_cap:50,safe_change_5m:21,score_min:10,safe_age:8 | Dedup: heavy_skip=0 override=0 | V2Budget: 1/280 | SourceQoS: enabled=1/in=6/out=3/dropped=3/active_cd=0/drops=source_qos_cap:3 | Ingest: q=0/oldest=0.0s/drop_old=0/dedup_skip=0/enq=0/drain=0 | Sources: dex_boosts:ok=1/fail=0/429=0/lim_wait=0/cd_wait=0/err=0.0%/avg=145ms; dexscreener:ok=11/fail=0/429=0/lim_wait=0/cd_wait=0/err=0.0%/avg=241ms; onchain_enrich:ok=4/fail=0/429=0/lim_wait=0/cd_wait=0/err=0.0%/avg=40ms | Tasks: 3 | RSS: 0.0MB | CycleAvg: 8.76s
2026-02-27 15:51:43,266 [INFO] [u_station_ab_night_autotune_v2] monitor.onchain_factory: ENRICH_RETRY token=0x2b90fd51f4e99841f265cc0a002293e33546bb07 pair=0xe752cf8ab085b3efaec483df732b65ae31a25929 attempt=1/2 delay=10s
2026-02-27 15:51:53,414 [INFO] [u_station_ab_night_autotune_v2] __main__: WATCHLIST merged count=6
2026-02-27 15:51:53,414 [INFO] [u_station_ab_night_autotune_v2] trading.v2_runtime: V2_UNIVERSE in=7 dedup=7 out=7 target=7 novel_target=6 novel_out=1 repeat_dropped=0 symbol_dropped=0 surge_in=2 surge_target=2 surge_out=2
2026-02-27 15:51:53,415 [INFO] [u_station_ab_night_autotune_v2] __main__: V2_SOURCE_QOS_FILTER in=7 out=3 drops={'source_qos_cap': 4} caps={'unknown': 0, 'watchlist': 2}
2026-02-27 15:51:53,416 [INFO] [u_station_ab_night_autotune_v2] __main__: FILTER_FAIL token=ToruCeoAI reason=source_qos_cap source=watchlist used=2/2
2026-02-27 15:51:53,417 [INFO] [u_station_ab_night_autotune_v2] __main__: FILTER_FAIL token=FLOW reason=source_qos_cap source=watchlist used=2/2
2026-02-27 15:51:53,418 [INFO] [u_station_ab_night_autotune_v2] __main__: FILTER_FAIL token=AERO reason=source_qos_cap source=watchlist used=2/2
2026-02-27 15:51:53,419 [INFO] [u_station_ab_night_autotune_v2] __main__: FILTER_FAIL token=VIRTUAL reason=source_qos_cap source=watchlist used=2/2
2026-02-27 15:51:53,420 [INFO] [u_station_ab_night_autotune_v2] __main__: FILTER_PASS token=cbBTC tier=A score=100 mode=YELLOW risk=MEDIUM liq=19154042 vol5m=301711
2026-02-27 15:51:53,421 [INFO] [u_station_ab_night_autotune_v2] __main__: FILTER_FAIL token=ONYX reason=safe_change_5m
2026-02-27 15:51:53,422 [INFO] [u_station_ab_night_autotune_v2] __main__: FILTER_FAIL token=Pombon reason=score_min score=40 strict_min=48 soft_min=48 mode=YELLOW
2026-02-27 15:51:53,422 [INFO] [u_station_ab_night_autotune_v2] __main__: V2_QUALITY_GATE enabled=True regime=YELLOW in=1 out=1 core_out=1 explore_out=0 probe_out=0 quota=0 max_symbol_share=1.000 drop={} sources_used={'watchlist': 1}
2026-02-27 15:51:53,423 [INFO] [u_station_ab_night_autotune_v2] __main__: V2_ENTRY_ROUTE enabled=True regime=YELLOW in=1 out=1 core_out=1 explore_out=0 quota=0 allow_explore=True
2026-02-27 15:51:53,424 [INFO] [u_station_ab_night_autotune_v2] __main__: MARKET_REGIME mode=YELLOW reason=avg_cand=1.00 avg_cand_recent=1.00
2026-02-27 15:51:53,425 [INFO] [u_station_ab_night_autotune_v2] trading.auto_trader: AutoTrade skip token=cbBTC reason=cooldown_left_155s
2026-02-27 15:51:53,425 [INFO] [u_station_ab_night_autotune_v2] trading.auto_trader: AutoTrade batch mode=top_n candidates=1 eligible=1 selected=1 opened=0 pe=off burst_window=0
2026-02-27 15:51:53,427 [INFO] [u_station_ab_night_autotune_v2] __main__: Scanned 7 tokens | High quality: 2 | Alerts sent: 0 | Trade candidates: 1 | Quality out/core/explore/probe: 1/1/0/0 | Opened: 0 | Mode: local | Source: onchain+market | Policy: raw=OK/effective=OK(healthy | route=allow_all) | Regime: YELLOW(avg_cand=1.00) | Safety: checked=1 fail_closed=0 reasons=api_code_4029:1 | FiltersTop(session): source_qos_cap:54,safe_change_5m:22,score_min:11,safe_age:8 | Dedup: heavy_skip=0 override=0 | V2Budget: 1/280 | SourceQoS: enabled=1/in=7/out=3/dropped=4/active_cd=0/drops=source_qos_cap:4 | Ingest: q=0/oldest=0.0s/drop_old=0/dedup_skip=0/enq=0/drain=0 | Sources: dex_boosts:ok=1/fail=0/429=0/lim_wait=0/cd_wait=0/err=0.0%/avg=58ms; dexscreener:ok=11/fail=0/429=0/lim_wait=0/cd_wait=0/err=0.0%/avg=64ms; onchain_enrich:ok=3/fail=0/429=0/lim_wait=0/cd_wait=0/err=0.0%/avg=76ms | Tasks: 3 | RSS: 0.0MB | CycleAvg: 8.90s
2026-02-27 15:51:57,843 [INFO] [u_station_ab_night_autotune_v2] __main__: WATCHLIST merged count=6
2026-02-27 15:51:57,843 [INFO] [u_station_ab_night_autotune_v2] trading.v2_runtime: V2_UNIVERSE in=6 dedup=6 out=6 target=6 novel_target=6 novel_out=0 repeat_dropped=0 symbol_dropped=0 surge_in=2 surge_target=2 surge_out=2
2026-02-27 15:51:57,844 [INFO] [u_station_ab_night_autotune_v2] __main__: V2_SOURCE_QOS_FILTER in=6 out=3 drops={'source_qos_cap': 3} caps={'watchlist': 3}
2026-02-27 15:51:57,847 [INFO] [u_station_ab_night_autotune_v2] __main__: FILTER_FAIL token=FLOW reason=source_qos_cap source=watchlist used=3/3
2026-02-27 15:51:57,848 [INFO] [u_station_ab_night_autotune_v2] __main__: FILTER_FAIL token=AERO reason=source_qos_cap source=watchlist used=3/3
2026-02-27 15:51:57,849 [INFO] [u_station_ab_night_autotune_v2] __main__: FILTER_FAIL token=VIRTUAL reason=source_qos_cap source=watchlist used=3/3
2026-02-27 15:51:57,850 [INFO] [u_station_ab_night_autotune_v2] __main__: FILTER_PASS token=cbBTC tier=A score=100 mode=YELLOW risk=MEDIUM liq=19154042 vol5m=301711
2026-02-27 15:51:57,852 [INFO] [u_station_ab_night_autotune_v2] __main__: FILTER_FAIL token=ONYX reason=safe_change_5m
2026-02-27 15:51:57,853 [INFO] [u_station_ab_night_autotune_v2] __main__: FILTER_FAIL token=ToruCeoAI reason=safe_change_5m
2026-02-27 15:51:57,853 [INFO] [u_station_ab_night_autotune_v2] __main__: V2_QUALITY_GATE enabled=True regime=YELLOW in=1 out=1 core_out=1 explore_out=0 probe_out=0 quota=0 max_symbol_share=1.000 drop={} sources_used={'watchlist': 1}
2026-02-27 15:51:57,854 [INFO] [u_station_ab_night_autotune_v2] __main__: V2_ENTRY_ROUTE enabled=True regime=YELLOW in=1 out=1 core_out=1 explore_out=0 quota=0 allow_explore=True
2026-02-27 15:51:57,855 [INFO] [u_station_ab_night_autotune_v2] __main__: MARKET_REGIME mode=YELLOW reason=avg_cand=1.00 avg_cand_recent=1.00
2026-02-27 15:51:57,856 [INFO] [u_station_ab_night_autotune_v2] trading.auto_trader: AutoTrade skip token=cbBTC reason=cooldown_left_150s
2026-02-27 15:51:57,857 [INFO] [u_station_ab_night_autotune_v2] trading.auto_trader: AutoTrade batch mode=top_n candidates=1 eligible=1 selected=1 opened=0 pe=off burst_window=0
2026-02-27 15:51:57,858 [INFO] [u_station_ab_night_autotune_v2] trading.auto_trader: PAPER_SUMMARY window=60s closed_delta=1 wins_delta=1 losses_delta=0 realized_delta=$0.00 total_closed=113 winrate_total=41.6% realized_total=$0.31 balance=$7.31 equity=$7.31 open=0
2026-02-27 15:51:57,860 [INFO] [u_station_ab_night_autotune_v2] __main__: Scanned 6 tokens | High quality: 3 | Alerts sent: 0 | Trade candidates: 1 | Quality out/core/explore/probe: 1/1/0/0 | Opened: 0 | Mode: local | Source: onchain+market | Policy: raw=OK/effective=OK(healthy | route=allow_all) | Regime: YELLOW(avg_cand=1.00) | Safety: checked=1 fail_closed=0 reasons=api_code_4029:1 | FiltersTop(session): source_qos_cap:57,safe_change_5m:24,score_min:11,safe_age:8 | Dedup: heavy_skip=0 override=0 | V2Budget: 1/280 | SourceQoS: enabled=1/in=6/out=3/dropped=3/active_cd=0/drops=source_qos_cap:3 | Ingest: q=0/oldest=0.0s/drop_old=0/dedup_skip=0/enq=0/drain=0 | Sources: dex_boosts:ok=1/fail=0/429=0/lim_wait=0/cd_wait=0/err=0.0%/avg=43ms; dexscreener:ok=11/fail=0/429=0/lim_wait=0/cd_wait=0/err=0.0%/avg=43ms | Tasks: 3 | RSS: 0.0MB | CycleAvg: 9.02s
2026-02-27 15:52:02,130 [INFO] [u_station_ab_night_autotune_v2] monitor.onchain_factory: PAIR_DETECTED source=uniswap_v2 dex=uniswap_v2 pair=0x08740e474ca7a8a2f1e846d2160e66b93f126a09 token0=0x3e9d37880ef5356fc2432e243072cd67a1edb412 token1=0x4200000000000000000000000000000000000006 block=42707285 factory=0x8909dc15e40173ff4699343b6eb8132c65e18ec6
2026-02-27 15:52:02,627 [INFO] [u_station_ab_night_autotune_v2] monitor.onchain_factory: ENRICH_RETRY token=0x3e9d37880ef5356fc2432e243072cd67a1edb412 pair=0x08740e474ca7a8a2f1e846d2160e66b93f126a09 attempt=1/2 delay=10s
2026-02-27 15:52:12,775 [INFO] [u_station_ab_night_autotune_v2] __main__: WATCHLIST merged count=6
2026-02-27 15:52:12,776 [INFO] [u_station_ab_night_autotune_v2] trading.v2_runtime: V2_UNIVERSE in=6 dedup=6 out=6 target=6 novel_target=6 novel_out=0 repeat_dropped=0 symbol_dropped=0 surge_in=2 surge_target=2 surge_out=2
2026-02-27 15:52:12,777 [INFO] [u_station_ab_night_autotune_v2] __main__: V2_SOURCE_QOS_FILTER in=6 out=3 drops={'source_qos_cap': 3} caps={'watchlist': 3}
2026-02-27 15:52:12,778 [INFO] [u_station_ab_night_autotune_v2] __main__: FILTER_FAIL token=FLOW reason=source_qos_cap source=watchlist used=3/3
2026-02-27 15:52:12,780 [INFO] [u_station_ab_night_autotune_v2] __main__: FILTER_FAIL token=AERO reason=source_qos_cap source=watchlist used=3/3
2026-02-27 15:52:12,781 [INFO] [u_station_ab_night_autotune_v2] __main__: FILTER_FAIL token=VIRTUAL reason=source_qos_cap source=watchlist used=3/3
2026-02-27 15:52:12,782 [INFO] [u_station_ab_night_autotune_v2] __main__: FILTER_PASS token=cbBTC tier=A score=100 mode=YELLOW risk=MEDIUM liq=19154042 vol5m=301711
2026-02-27 15:52:12,783 [INFO] [u_station_ab_night_autotune_v2] __main__: FILTER_FAIL token=ONYX reason=safe_change_5m
2026-02-27 15:52:12,784 [INFO] [u_station_ab_night_autotune_v2] __main__: FILTER_FAIL token=ToruCeoAI reason=safe_change_5m
2026-02-27 15:52:12,785 [INFO] [u_station_ab_night_autotune_v2] __main__: V2_QUALITY_GATE enabled=True regime=YELLOW in=1 out=1 core_out=1 explore_out=0 probe_out=0 quota=0 max_symbol_share=1.000 drop={} sources_used={'watchlist': 1}
2026-02-27 15:52:12,786 [INFO] [u_station_ab_night_autotune_v2] __main__: V2_ENTRY_ROUTE enabled=True regime=YELLOW in=1 out=1 core_out=1 explore_out=0 quota=0 allow_explore=True
2026-02-27 15:52:12,786 [INFO] [u_station_ab_night_autotune_v2] __main__: MARKET_REGIME mode=YELLOW reason=avg_cand=1.00 avg_cand_recent=1.00
2026-02-27 15:52:12,788 [INFO] [u_station_ab_night_autotune_v2] trading.auto_trader: AutoTrade skip token=cbBTC reason=cooldown_left_135s
2026-02-27 15:52:12,788 [INFO] [u_station_ab_night_autotune_v2] trading.auto_trader: AutoTrade batch mode=top_n candidates=1 eligible=1 selected=1 opened=0 pe=off burst_window=0
2026-02-27 15:52:12,789 [INFO] [u_station_ab_night_autotune_v2] __main__: Scanned 6 tokens | High quality: 3 | Alerts sent: 0 | Trade candidates: 1 | Quality out/core/explore/probe: 1/1/0/0 | Opened: 0 | Mode: local | Source: onchain+market | Policy: raw=OK/effective=OK(healthy | route=allow_all) | Regime: YELLOW(avg_cand=1.00) | Safety: checked=1 fail_closed=0 reasons=api_code_4029:1 | FiltersTop(session): source_qos_cap:60,safe_change_5m:26,score_min:11,safe_age:8 | Dedup: heavy_skip=0 override=0 | V2Budget: 1/280 | SourceQoS: enabled=1/in=6/out=3/dropped=3/active_cd=0/drops=source_qos_cap:3 | Ingest: q=0/oldest=0.0s/drop_old=0/dedup_skip=0/enq=0/drain=0 | Sources: dex_boosts:ok=1/fail=0/429=0/lim_wait=0/cd_wait=0/err=0.0%/avg=40ms; dexscreener:ok=11/fail=0/429=0/lim_wait=0/cd_wait=0/err=0.0%/avg=161ms; onchain_enrich:ok=4/fail=0/429=0/lim_wait=0/cd_wait=0/err=0.0%/avg=109ms; onchain_weth_price:ok=1/fail=0/429=0/lim_wait=0/cd_wait=0/err=0.0%/avg=65ms | Tasks: 3 | RSS: 0.0MB | CycleAvg: 8.48s
2026-02-27 15:52:17,262 [INFO] [u_station_ab_night_autotune_v2] monitor.onchain_factory: ENRICH_RETRY token=0x3e9d37880ef5356fc2432e243072cd67a1edb412 pair=0x08740e474ca7a8a2f1e846d2160e66b93f126a09 attempt=1/2 delay=10s
2026-02-27 15:52:27,348 [INFO] [u_station_ab_night_autotune_v2] __main__: WATCHLIST merged count=6
2026-02-27 15:52:27,349 [INFO] [u_station_ab_night_autotune_v2] trading.v2_runtime: V2_UNIVERSE in=6 dedup=6 out=6 target=6 novel_target=6 novel_out=0 repeat_dropped=0 symbol_dropped=0 surge_in=2 surge_target=2 surge_out=2
2026-02-27 15:52:27,349 [INFO] [u_station_ab_night_autotune_v2] __main__: V2_SOURCE_QOS_FILTER in=6 out=3 drops={'source_qos_cap': 3} caps={'watchlist': 3}
2026-02-27 15:52:27,351 [INFO] [u_station_ab_night_autotune_v2] __main__: FILTER_FAIL token=FLOW reason=source_qos_cap source=watchlist used=3/3
2026-02-27 15:52:27,352 [INFO] [u_station_ab_night_autotune_v2] __main__: FILTER_FAIL token=AERO reason=source_qos_cap source=watchlist used=3/3
2026-02-27 15:52:27,353 [INFO] [u_station_ab_night_autotune_v2] __main__: FILTER_FAIL token=VIRTUAL reason=source_qos_cap source=watchlist used=3/3
2026-02-27 15:52:27,354 [INFO] [u_station_ab_night_autotune_v2] __main__: FILTER_PASS token=cbBTC tier=A score=100 mode=YELLOW risk=MEDIUM liq=19154042 vol5m=301711
2026-02-27 15:52:27,356 [INFO] [u_station_ab_night_autotune_v2] __main__: FILTER_FAIL token=ONYX reason=safe_change_5m
2026-02-27 15:52:27,357 [INFO] [u_station_ab_night_autotune_v2] __main__: FILTER_FAIL token=ToruCeoAI reason=safe_change_5m
2026-02-27 15:52:27,358 [INFO] [u_station_ab_night_autotune_v2] __main__: V2_QUALITY_GATE enabled=True regime=YELLOW in=1 out=1 core_out=1 explore_out=0 probe_out=0 quota=0 max_symbol_share=1.000 drop={} sources_used={'watchlist': 1}
2026-02-27 15:52:27,359 [INFO] [u_station_ab_night_autotune_v2] __main__: V2_ENTRY_ROUTE enabled=True regime=YELLOW in=1 out=1 core_out=1 explore_out=0 quota=0 allow_explore=True
2026-02-27 15:52:27,360 [INFO] [u_station_ab_night_autotune_v2] __main__: MARKET_REGIME mode=YELLOW reason=avg_cand=1.00 avg_cand_recent=1.00
2026-02-27 15:52:27,362 [INFO] [u_station_ab_night_autotune_v2] trading.auto_trader: AutoTrade skip token=cbBTC reason=cooldown_left_121s
2026-02-27 15:52:27,362 [INFO] [u_station_ab_night_autotune_v2] trading.auto_trader: AutoTrade batch mode=top_n candidates=1 eligible=1 selected=1 opened=0 pe=off burst_window=0
2026-02-27 15:52:27,364 [INFO] [u_station_ab_night_autotune_v2] __main__: Scanned 6 tokens | High quality: 3 | Alerts sent: 0 | Trade candidates: 1 | Quality out/core/explore/probe: 1/1/0/0 | Opened: 0 | Mode: local | Source: onchain+market | Policy: raw=OK/effective=OK(healthy | route=allow_all) | Regime: YELLOW(avg_cand=1.00) | Safety: checked=1 fail_closed=0 reasons=api_code_4029:1 | FiltersTop(session): source_qos_cap:63,safe_change_5m:28,score_min:11,safe_age:8 | Dedup: heavy_skip=0 override=0 | V2Budget: 1/280 | SourceQoS: enabled=1/in=6/out=3/dropped=3/active_cd=0/drops=source_qos_cap:3 | Ingest: q=0/oldest=0.0s/drop_old=0/dedup_skip=0/enq=0/drain=0 | Sources: dex_boosts:ok=1/fail=0/429=0/lim_wait=0/cd_wait=0/err=0.0%/avg=41ms; dexscreener:ok=11/fail=0/429=0/lim_wait=0/cd_wait=0/err=0.0%/avg=43ms; onchain_enrich:ok=4/fail=0/429=0/lim_wait=0/cd_wait=0/err=0.0%/avg=36ms | Tasks: 3 | RSS: 0.0MB | CycleAvg: 8.63s
2026-02-27 15:52:31,850 [INFO] [u_station_ab_night_autotune_v2] monitor.onchain_factory: ENRICH_RETRY token=0x3e9d37880ef5356fc2432e243072cd67a1edb412 pair=0x08740e474ca7a8a2f1e846d2160e66b93f126a09 attempt=1/2 delay=10s
2026-02-27 15:52:42,209 [INFO] [u_station_ab_night_autotune_v2] __main__: WATCHLIST merged count=6
2026-02-27 15:52:42,210 [INFO] [u_station_ab_night_autotune_v2] trading.v2_runtime: V2_UNIVERSE in=11 dedup=11 out=11 target=11 novel_target=10 novel_out=3 repeat_dropped=0 symbol_dropped=0 surge_in=3 surge_target=3 surge_out=3
2026-02-27 15:52:42,211 [INFO] [u_station_ab_night_autotune_v2] __main__: V2_SOURCE_QOS_FILTER in=11 out=7 drops={'source_qos_cap': 4} caps={'geckoterminal': 287, 'watchlist': 2}
2026-02-27 15:52:42,212 [INFO] [u_station_ab_night_autotune_v2] __main__: FILTER_FAIL token=ToruCeoAI reason=source_qos_cap source=watchlist used=2/2
2026-02-27 15:52:42,214 [INFO] [u_station_ab_night_autotune_v2] __main__: FILTER_FAIL token=FLOW reason=source_qos_cap source=watchlist used=2/2
2026-02-27 15:52:42,214 [INFO] [u_station_ab_night_autotune_v2] __main__: FILTER_FAIL token=AERO reason=source_qos_cap source=watchlist used=2/2
2026-02-27 15:52:42,216 [INFO] [u_station_ab_night_autotune_v2] __main__: FILTER_FAIL token=VIRTUAL reason=source_qos_cap source=watchlist used=2/2
2026-02-27 15:52:42,217 [INFO] [u_station_ab_night_autotune_v2] __main__: FILTER_PASS token=cbBTC tier=A score=100 mode=YELLOW risk=MEDIUM liq=19154042 vol5m=301711
2026-02-27 15:52:42,218 [INFO] [u_station_ab_night_autotune_v2] __main__: FILTER_FAIL token=AGENTATION reason=safe_age
2026-02-27 15:52:42,219 [INFO] [u_station_ab_night_autotune_v2] __main__: FILTER_FAIL token=ONYX reason=safe_change_5m
2026-02-27 15:52:42,220 [INFO] [u_station_ab_night_autotune_v2] __main__: FILTER_FAIL token=JELLYSOL reason=score_min score=30 strict_min=48 soft_min=48 mode=YELLOW
2026-02-27 15:52:42,221 [INFO] [u_station_ab_night_autotune_v2] __main__: FILTER_FAIL token=MOLTD reason=safe_age
2026-02-27 15:52:42,222 [INFO] [u_station_ab_night_autotune_v2] __main__: FILTER_FAIL token=01R reason=score_min score=30 strict_min=48 soft_min=48 mode=YELLOW
2026-02-27 15:52:42,223 [INFO] [u_station_ab_night_autotune_v2] __main__: FILTER_FAIL token=Pombon reason=score_min score=40 strict_min=48 soft_min=48 mode=YELLOW
2026-02-27 15:52:42,225 [INFO] [u_station_ab_night_autotune_v2] __main__: V2_QUALITY_GATE enabled=True regime=YELLOW in=1 out=1 core_out=1 explore_out=0 probe_out=0 quota=0 max_symbol_share=1.000 drop={} sources_used={'watchlist': 1}
2026-02-27 15:52:42,225 [INFO] [u_station_ab_night_autotune_v2] __main__: V2_ENTRY_ROUTE enabled=True regime=YELLOW in=1 out=1 core_out=1 explore_out=0 quota=0 allow_explore=True
2026-02-27 15:52:42,225 [INFO] [u_station_ab_night_autotune_v2] __main__: MARKET_REGIME mode=YELLOW reason=avg_cand=1.00 avg_cand_recent=1.00
2026-02-27 15:52:42,225 [INFO] [u_station_ab_night_autotune_v2] trading.auto_trader: AutoTrade skip token=cbBTC reason=cooldown_left_106s
2026-02-27 15:52:42,225 [INFO] [u_station_ab_night_autotune_v2] trading.auto_trader: AutoTrade batch mode=top_n candidates=1 eligible=1 selected=1 opened=0 pe=off burst_window=0
2026-02-27 15:52:42,225 [INFO] [u_station_ab_night_autotune_v2] __main__: Scanned 11 tokens | High quality: 2 | Alerts sent: 0 | Trade candidates: 1 | Quality out/core/explore/probe: 1/1/0/0 | Opened: 0 | Mode: local | Source: onchain+market | Policy: raw=OK/effective=OK(healthy | route=allow_all) | Regime: YELLOW(avg_cand=1.00) | Safety: checked=1 fail_closed=0 reasons=api_code_4029:1 | FiltersTop(session): source_qos_cap:67,safe_change_5m:29,score_min:14,safe_age:10 | Dedup: heavy_skip=0 override=0 | V2Budget: 1/280 | SourceQoS: enabled=1/in=11/out=7/dropped=4/active_cd=0/drops=source_qos_cap:4 | Ingest: q=0/oldest=0.0s/drop_old=0/dedup_skip=0/enq=5/drain=5 | Sources: dex_boosts:ok=1/fail=0/429=0/lim_wait=0/cd_wait=0/err=0.0%/avg=54ms; dexscreener:ok=11/fail=0/429=0/lim_wait=0/cd_wait=0/err=0.0%/avg=61ms; geckoterminal:ok=1/fail=0/429=0/lim_wait=0/cd_wait=0/err=0.0%/avg=131ms; onchain_enrich:ok=4/fail=0/429=0/lim_wait=0/cd_wait=0/err=0.0%/avg=105ms | Tasks: 3 | RSS: 0.0MB | CycleAvg: 8.73s
2026-02-27 15:52:46,711 [INFO] [u_station_ab_night_autotune_v2] monitor.onchain_factory: ENRICH_RETRY token=0x3e9d37880ef5356fc2432e243072cd67a1edb412 pair=0x08740e474ca7a8a2f1e846d2160e66b93f126a09 attempt=1/2 delay=10s
2026-02-27 15:52:56,821 [INFO] [u_station_ab_night_autotune_v2] __main__: WATCHLIST merged count=6
2026-02-27 15:52:56,821 [INFO] [u_station_ab_night_autotune_v2] trading.v2_runtime: V2_UNIVERSE in=6 dedup=6 out=6 target=6 novel_target=6 novel_out=0 repeat_dropped=0 symbol_dropped=0 surge_in=2 surge_target=2 surge_out=2
2026-02-27 15:52:56,822 [INFO] [u_station_ab_night_autotune_v2] __main__: V2_SOURCE_QOS_FILTER in=6 out=3 drops={'source_qos_cap': 3} caps={'watchlist': 3}
2026-02-27 15:52:56,823 [INFO] [u_station_ab_night_autotune_v2] __main__: FILTER_FAIL token=FLOW reason=source_qos_cap source=watchlist used=3/3
2026-02-27 15:52:56,824 [INFO] [u_station_ab_night_autotune_v2] __main__: FILTER_FAIL token=AERO reason=source_qos_cap source=watchlist used=3/3
2026-02-27 15:52:56,825 [INFO] [u_station_ab_night_autotune_v2] __main__: FILTER_FAIL token=VIRTUAL reason=source_qos_cap source=watchlist used=3/3
2026-02-27 15:52:56,825 [INFO] [u_station_ab_night_autotune_v2] __main__: FILTER_PASS token=cbBTC tier=A score=100 mode=YELLOW risk=MEDIUM liq=19154042 vol5m=301711
2026-02-27 15:52:56,827 [INFO] [u_station_ab_night_autotune_v2] __main__: FILTER_FAIL token=ONYX reason=safe_change_5m
2026-02-27 15:52:56,827 [INFO] [u_station_ab_night_autotune_v2] __main__: FILTER_FAIL token=ToruCeoAI reason=safe_change_5m
2026-02-27 15:52:56,828 [INFO] [u_station_ab_night_autotune_v2] __main__: V2_QUALITY_GATE enabled=True regime=YELLOW in=1 out=1 core_out=1 explore_out=0 probe_out=0 quota=0 max_symbol_share=1.000 drop={} sources_used={'watchlist': 1}
2026-02-27 15:52:56,828 [INFO] [u_station_ab_night_autotune_v2] __main__: V2_ENTRY_ROUTE enabled=True regime=YELLOW in=1 out=1 core_out=1 explore_out=0 quota=0 allow_explore=True
2026-02-27 15:52:56,829 [INFO] [u_station_ab_night_autotune_v2] __main__: MARKET_REGIME mode=YELLOW reason=avg_cand=1.00 avg_cand_recent=1.00
2026-02-27 15:52:56,830 [INFO] [u_station_ab_night_autotune_v2] trading.auto_trader: AutoTrade skip token=cbBTC reason=cooldown_left_91s
2026-02-27 15:52:56,831 [INFO] [u_station_ab_night_autotune_v2] trading.auto_trader: AutoTrade batch mode=top_n candidates=1 eligible=1 selected=1 opened=0 pe=off burst_window=0
2026-02-27 15:52:56,832 [INFO] [u_station_ab_night_autotune_v2] __main__: Scanned 6 tokens | High quality: 3 | Alerts sent: 0 | Trade candidates: 1 | Quality out/core/explore/probe: 1/1/0/0 | Opened: 0 | Mode: local | Source: onchain+market | Policy: raw=OK/effective=OK(healthy | route=allow_all) | Regime: YELLOW(avg_cand=1.00) | Safety: checked=1 fail_closed=0 reasons=api_code_4029:1 | FiltersTop(session): source_qos_cap:70,safe_change_5m:31,score_min:14,safe_age:10 | Dedup: heavy_skip=0 override=0 | V2Budget: 1/280 | SourceQoS: enabled=1/in=6/out=3/dropped=3/active_cd=0/drops=source_qos_cap:3 | Ingest: q=0/oldest=0.0s/drop_old=0/dedup_skip=0/enq=0/drain=0 | Sources: dex_boosts:ok=1/fail=0/429=0/lim_wait=0/cd_wait=0/err=0.0%/avg=44ms; dexscreener:ok=11/fail=0/429=0/lim_wait=0/cd_wait=0/err=0.0%/avg=184ms; onchain_enrich:ok=4/fail=0/429=0/lim_wait=0/cd_wait=0/err=0.0%/avg=41ms | Tasks: 3 | RSS: 0.0MB | CycleAvg: 8.85s
2026-02-27 15:53:01,309 [INFO] [u_station_ab_night_autotune_v2] monitor.onchain_factory: ENRICH_RETRY token=0x3e9d37880ef5356fc2432e243072cd67a1edb412 pair=0x08740e474ca7a8a2f1e846d2160e66b93f126a09 attempt=1/2 delay=10s
2026-02-27 15:53:11,398 [INFO] [u_station_ab_night_autotune_v2] __main__: WATCHLIST merged count=6
2026-02-27 15:53:11,399 [INFO] [u_station_ab_night_autotune_v2] trading.v2_runtime: V2_UNIVERSE in=6 dedup=6 out=6 target=6 novel_target=6 novel_out=0 repeat_dropped=0 symbol_dropped=0 surge_in=2 surge_target=2 surge_out=2
2026-02-27 15:53:11,400 [INFO] [u_station_ab_night_autotune_v2] __main__: V2_SOURCE_QOS_FILTER in=6 out=3 drops={'source_qos_cap': 3} caps={'watchlist': 3}
2026-02-27 15:53:11,400 [INFO] [u_station_ab_night_autotune_v2] __main__: FILTER_FAIL token=FLOW reason=source_qos_cap source=watchlist used=3/3
2026-02-27 15:53:11,401 [INFO] [u_station_ab_night_autotune_v2] __main__: FILTER_FAIL token=AERO reason=source_qos_cap source=watchlist used=3/3
2026-02-27 15:53:11,403 [INFO] [u_station_ab_night_autotune_v2] __main__: FILTER_FAIL token=VIRTUAL reason=source_qos_cap source=watchlist used=3/3
2026-02-27 15:53:11,403 [INFO] [u_station_ab_night_autotune_v2] __main__: FILTER_PASS token=cbBTC tier=A score=100 mode=YELLOW risk=MEDIUM liq=19154042 vol5m=301711
2026-02-27 15:53:11,404 [INFO] [u_station_ab_night_autotune_v2] __main__: FILTER_FAIL token=ONYX reason=safe_change_5m
2026-02-27 15:53:11,405 [INFO] [u_station_ab_night_autotune_v2] __main__: FILTER_FAIL token=ToruCeoAI reason=safe_change_5m
2026-02-27 15:53:11,406 [INFO] [u_station_ab_night_autotune_v2] __main__: V2_QUALITY_GATE enabled=True regime=YELLOW in=1 out=1 core_out=1 explore_out=0 probe_out=0 quota=0 max_symbol_share=1.000 drop={} sources_used={'watchlist': 1}
2026-02-27 15:53:11,406 [INFO] [u_station_ab_night_autotune_v2] __main__: V2_ENTRY_ROUTE enabled=True regime=YELLOW in=1 out=1 core_out=1 explore_out=0 quota=0 allow_explore=True
2026-02-27 15:53:11,407 [INFO] [u_station_ab_night_autotune_v2] __main__: MARKET_REGIME mode=YELLOW reason=avg_cand=1.00 avg_cand_recent=1.00
2026-02-27 15:53:11,408 [INFO] [u_station_ab_night_autotune_v2] trading.auto_trader: AutoTrade skip token=cbBTC reason=cooldown_left_77s
2026-02-27 15:53:11,408 [INFO] [u_station_ab_night_autotune_v2] trading.auto_trader: AutoTrade batch mode=top_n candidates=1 eligible=1 selected=1 opened=0 pe=off burst_window=0
2026-02-27 15:53:11,408 [INFO] [u_station_ab_night_autotune_v2] trading.auto_trader: PAPER_SUMMARY window=60s closed_delta=0 wins_delta=0 losses_delta=0 realized_delta=$0.00 total_closed=113 winrate_total=41.6% realized_total=$0.31 balance=$7.31 equity=$7.31 open=0
2026-02-27 15:53:11,410 [INFO] [u_station_ab_night_autotune_v2] __main__: Scanned 6 tokens | High quality: 3 | Alerts sent: 0 | Trade candidates: 1 | Quality out/core/explore/probe: 1/1/0/0 | Opened: 0 | Mode: local | Source: onchain+market | Policy: raw=OK/effective=OK(healthy | route=allow_all) | Regime: YELLOW(avg_cand=1.00) | Safety: checked=1 fail_closed=0 reasons=api_code_4029:1 | FiltersTop(session): source_qos_cap:73,safe_change_5m:33,score_min:14,safe_age:10 | Dedup: heavy_skip=0 override=0 | V2Budget: 1/280 | SourceQoS: enabled=1/in=6/out=3/dropped=3/active_cd=0/drops=source_qos_cap:3 | Ingest: q=0/oldest=0.0s/drop_old=0/dedup_skip=0/enq=0/drain=0 | Sources: dex_boosts:ok=1/fail=0/429=0/lim_wait=0/cd_wait=0/err=0.0%/avg=39ms; dexscreener:ok=11/fail=0/429=0/lim_wait=0/cd_wait=0/err=0.0%/avg=45ms; onchain_enrich:ok=4/fail=0/429=0/lim_wait=0/cd_wait=0/err=0.0%/avg=36ms | Tasks: 3 | RSS: 0.0MB | CycleAvg: 8.93s
2026-02-27 15:53:16,003 [INFO] [u_station_ab_night_autotune_v2] __main__: WATCHLIST merged count=6
2026-02-27 15:53:16,004 [INFO] [u_station_ab_night_autotune_v2] trading.v2_runtime: V2_UNIVERSE in=7 dedup=7 out=7 target=7 novel_target=6 novel_out=1 repeat_dropped=0 symbol_dropped=0 surge_in=2 surge_target=2 surge_out=2
2026-02-27 15:53:16,004 [INFO] [u_station_ab_night_autotune_v2] __main__: V2_SOURCE_QOS_FILTER in=7 out=3 drops={'source_qos_cap': 4} caps={'unknown': 0, 'watchlist': 2}
2026-02-27 15:53:16,005 [INFO] [u_station_ab_night_autotune_v2] __main__: FILTER_FAIL token=ToruCeoAI reason=source_qos_cap source=watchlist used=2/2
2026-02-27 15:53:16,006 [INFO] [u_station_ab_night_autotune_v2] __main__: FILTER_FAIL token=FLOW reason=source_qos_cap source=watchlist used=2/2
2026-02-27 15:53:16,007 [INFO] [u_station_ab_night_autotune_v2] __main__: FILTER_FAIL token=AERO reason=source_qos_cap source=watchlist used=2/2
2026-02-27 15:53:16,008 [INFO] [u_station_ab_night_autotune_v2] __main__: FILTER_FAIL token=VIRTUAL reason=source_qos_cap source=watchlist used=2/2
2026-02-27 15:53:16,009 [INFO] [u_station_ab_night_autotune_v2] __main__: FILTER_PASS token=cbBTC tier=A score=100 mode=YELLOW risk=MEDIUM liq=19154042 vol5m=301711
2026-02-27 15:53:16,010 [INFO] [u_station_ab_night_autotune_v2] __main__: FILTER_FAIL token=ONYX reason=safe_change_5m
2026-02-27 15:53:16,013 [INFO] [u_station_ab_night_autotune_v2] __main__: FILTER_FAIL token=777 reason=score_min score=20 strict_min=48 soft_min=48 mode=YELLOW
2026-02-27 15:53:16,013 [INFO] [u_station_ab_night_autotune_v2] __main__: V2_QUALITY_GATE enabled=True regime=YELLOW in=1 out=1 core_out=1 explore_out=0 probe_out=0 quota=0 max_symbol_share=1.000 drop={} sources_used={'watchlist': 1}
2026-02-27 15:53:16,014 [INFO] [u_station_ab_night_autotune_v2] __main__: V2_ENTRY_ROUTE enabled=True regime=YELLOW in=1 out=1 core_out=1 explore_out=0 quota=0 allow_explore=True
2026-02-27 15:53:16,014 [INFO] [u_station_ab_night_autotune_v2] __main__: MARKET_REGIME mode=YELLOW reason=avg_cand=1.00 avg_cand_recent=1.00
2026-02-27 15:53:16,015 [INFO] [u_station_ab_night_autotune_v2] trading.auto_trader: AutoTrade skip token=cbBTC reason=cooldown_left_72s
2026-02-27 15:53:16,016 [INFO] [u_station_ab_night_autotune_v2] trading.auto_trader: AutoTrade batch mode=top_n candidates=1 eligible=1 selected=1 opened=0 pe=off burst_window=0
2026-02-27 15:53:16,018 [INFO] [u_station_ab_night_autotune_v2] __main__: Scanned 7 tokens | High quality: 2 | Alerts sent: 0 | Trade candidates: 1 | Quality out/core/explore/probe: 1/1/0/0 | Opened: 0 | Mode: local | Source: onchain+market | Policy: raw=OK/effective=OK(healthy | route=allow_all) | Regime: YELLOW(avg_cand=1.00) | Safety: checked=1 fail_closed=0 reasons=api_code_4029:1 | FiltersTop(session): source_qos_cap:77,safe_change_5m:34,score_min:15,safe_age:10 | Dedup: heavy_skip=0 override=0 | V2Budget: 1/280 | SourceQoS: enabled=1/in=7/out=3/dropped=4/active_cd=0/drops=source_qos_cap:4 | Ingest: q=0/oldest=0.0s/drop_old=0/dedup_skip=0/enq=0/drain=0 | Sources: dex_boosts:ok=1/fail=0/429=0/lim_wait=0/cd_wait=0/err=0.0%/avg=40ms; dexscreener:ok=11/fail=0/429=0/lim_wait=0/cd_wait=0/err=0.0%/avg=44ms; onchain_enrich:ok=1/fail=0/429=0/lim_wait=0/cd_wait=0/err=0.0%/avg=167ms | Tasks: 3 | RSS: 0.0MB | CycleAvg: 9.01s
2026-02-27 15:53:20,559 [INFO] [u_station_ab_night_autotune_v2] __main__: WATCHLIST merged count=6
2026-02-27 15:53:20,559 [INFO] [u_station_ab_night_autotune_v2] trading.v2_runtime: V2_UNIVERSE in=6 dedup=6 out=6 target=6 novel_target=6 novel_out=0 repeat_dropped=0 symbol_dropped=0 surge_in=2 surge_target=2 surge_out=2
2026-02-27 15:53:20,560 [INFO] [u_station_ab_night_autotune_v2] __main__: V2_SOURCE_QOS_FILTER in=6 out=3 drops={'source_qos_cap': 3} caps={'watchlist': 3}
2026-02-27 15:53:20,561 [INFO] [u_station_ab_night_autotune_v2] __main__: FILTER_FAIL token=FLOW reason=source_qos_cap source=watchlist used=3/3
2026-02-27 15:53:20,563 [INFO] [u_station_ab_night_autotune_v2] __main__: FILTER_FAIL token=AERO reason=source_qos_cap source=watchlist used=3/3
2026-02-27 15:53:20,564 [INFO] [u_station_ab_night_autotune_v2] __main__: FILTER_FAIL token=VIRTUAL reason=source_qos_cap source=watchlist used=3/3
2026-02-27 15:53:20,565 [INFO] [u_station_ab_night_autotune_v2] __main__: FILTER_PASS token=cbBTC tier=A score=100 mode=YELLOW risk=MEDIUM liq=19154042 vol5m=301711
2026-02-27 15:53:20,566 [INFO] [u_station_ab_night_autotune_v2] __main__: FILTER_FAIL token=ONYX reason=safe_change_5m
2026-02-27 15:53:20,567 [INFO] [u_station_ab_night_autotune_v2] __main__: FILTER_FAIL token=ToruCeoAI reason=safe_change_5m
2026-02-27 15:53:20,568 [INFO] [u_station_ab_night_autotune_v2] __main__: V2_QUALITY_GATE enabled=True regime=YELLOW in=1 out=1 core_out=1 explore_out=0 probe_out=0 quota=0 max_symbol_share=1.000 drop={} sources_used={'watchlist': 1}
2026-02-27 15:53:20,568 [INFO] [u_station_ab_night_autotune_v2] __main__: V2_ENTRY_ROUTE enabled=True regime=YELLOW in=1 out=1 core_out=1 explore_out=0 quota=0 allow_explore=True
2026-02-27 15:53:20,569 [INFO] [u_station_ab_night_autotune_v2] __main__: MARKET_REGIME mode=YELLOW reason=avg_cand=1.00 avg_cand_recent=1.00
2026-02-27 15:53:20,571 [INFO] [u_station_ab_night_autotune_v2] trading.auto_trader: AutoTrade skip token=cbBTC reason=cooldown_left_68s
2026-02-27 15:53:20,571 [INFO] [u_station_ab_night_autotune_v2] trading.auto_trader: AutoTrade batch mode=top_n candidates=1 eligible=1 selected=1 opened=0 pe=off burst_window=0
2026-02-27 15:53:20,573 [INFO] [u_station_ab_night_autotune_v2] __main__: Scanned 6 tokens | High quality: 3 | Alerts sent: 0 | Trade candidates: 1 | Quality out/core/explore/probe: 1/1/0/0 | Opened: 0 | Mode: local | Source: onchain+market | Policy: raw=OK/effective=OK(healthy | route=allow_all) | Regime: YELLOW(avg_cand=1.00) | Safety: checked=1 fail_closed=0 reasons=api_code_4029:1 | FiltersTop(session): source_qos_cap:80,safe_change_5m:36,score_min:15,safe_age:10 | Dedup: heavy_skip=0 override=0 | V2Budget: 1/280 | SourceQoS: enabled=1/in=6/out=3/dropped=3/active_cd=0/drops=source_qos_cap:3 | Ingest: q=0/oldest=0.0s/drop_old=0/dedup_skip=0/enq=0/drain=0 | Sources: dex_boosts:ok=1/fail=0/429=0/lim_wait=0/cd_wait=0/err=0.0%/avg=53ms; dexscreener:ok=11/fail=0/429=0/lim_wait=0/cd_wait=0/err=0.0%/avg=195ms | Tasks: 3 | RSS: 0.0MB | CycleAvg: 8.63s
2026-02-27 15:53:25,020 [INFO] [u_station_ab_night_autotune_v2] __main__: WATCHLIST merged count=6
2026-02-27 15:53:25,021 [INFO] [u_station_ab_night_autotune_v2] trading.v2_runtime: V2_UNIVERSE in=6 dedup=6 out=6 target=6 novel_target=6 novel_out=0 repeat_dropped=0 symbol_dropped=0 surge_in=2 surge_target=2 surge_out=2
2026-02-27 15:53:25,021 [INFO] [u_station_ab_night_autotune_v2] __main__: V2_SOURCE_QOS_FILTER in=6 out=3 drops={'source_qos_cap': 3} caps={'watchlist': 3}
2026-02-27 15:53:25,023 [INFO] [u_station_ab_night_autotune_v2] __main__: FILTER_FAIL token=FLOW reason=source_qos_cap source=watchlist used=3/3
2026-02-27 15:53:25,023 [INFO] [u_station_ab_night_autotune_v2] __main__: FILTER_FAIL token=AERO reason=source_qos_cap source=watchlist used=3/3
2026-02-27 15:53:25,026 [INFO] [u_station_ab_night_autotune_v2] __main__: FILTER_FAIL token=VIRTUAL reason=source_qos_cap source=watchlist used=3/3
2026-02-27 15:53:25,026 [INFO] [u_station_ab_night_autotune_v2] __main__: FILTER_PASS token=cbBTC tier=A score=100 mode=YELLOW risk=MEDIUM liq=19154042 vol5m=301711
2026-02-27 15:53:25,026 [INFO] [u_station_ab_night_autotune_v2] __main__: FILTER_FAIL token=ONYX reason=safe_change_5m
2026-02-27 15:53:25,029 [INFO] [u_station_ab_night_autotune_v2] __main__: FILTER_FAIL token=ToruCeoAI reason=safe_change_5m
2026-02-27 15:53:25,031 [INFO] [u_station_ab_night_autotune_v2] __main__: V2_QUALITY_GATE enabled=True regime=YELLOW in=1 out=1 core_out=1 explore_out=0 probe_out=0 quota=0 max_symbol_share=1.000 drop={} sources_used={'watchlist': 1}
2026-02-27 15:53:25,031 [INFO] [u_station_ab_night_autotune_v2] __main__: V2_ENTRY_ROUTE enabled=True regime=YELLOW in=1 out=1 core_out=1 explore_out=0 quota=0 allow_explore=True
2026-02-27 15:53:25,032 [INFO] [u_station_ab_night_autotune_v2] __main__: MARKET_REGIME mode=YELLOW reason=avg_cand=1.00 avg_cand_recent=1.00
2026-02-27 15:53:25,034 [INFO] [u_station_ab_night_autotune_v2] trading.auto_trader: AutoTrade skip token=cbBTC reason=cooldown_left_63s
2026-02-27 15:53:25,034 [INFO] [u_station_ab_night_autotune_v2] trading.auto_trader: AutoTrade batch mode=top_n candidates=1 eligible=1 selected=1 opened=0 pe=off burst_window=0
2026-02-27 15:53:25,036 [INFO] [u_station_ab_night_autotune_v2] __main__: Scanned 6 tokens | High quality: 3 | Alerts sent: 0 | Trade candidates: 1 | Quality out/core/explore/probe: 1/1/0/0 | Opened: 0 | Mode: local | Source: onchain+market | Policy: raw=OK/effective=OK(healthy | route=allow_all) | Regime: YELLOW(avg_cand=1.00) | Safety: checked=1 fail_closed=0 reasons=api_code_4029:1 | FiltersTop(session): source_qos_cap:83,safe_change_5m:38,score_min:15,safe_age:10 | Dedup: heavy_skip=0 override=0 | V2Budget: 1/280 | SourceQoS: enabled=1/in=6/out=3/dropped=3/active_cd=0/drops=source_qos_cap:3 | Ingest: q=0/oldest=0.0s/drop_old=0/dedup_skip=0/enq=0/drain=0 | Sources: dex_boosts:ok=1/fail=0/429=0/lim_wait=0/cd_wait=0/err=0.0%/avg=41ms; dexscreener:ok=11/fail=0/429=0/lim_wait=0/cd_wait=0/err=0.0%/avg=49ms | Tasks: 3 | RSS: 0.0MB | CycleAvg: 8.28s
