2026-02-27 09:18:04,303 [INFO] [u_station_ab_night_autotune_v2] __main__: SESSION_LOG file=logs/matrix/u_station_ab_night_autotune_v2\sessions\main_local_20260227_081804_pid3836.log
2026-02-27 09:18:04,327 [INFO] [u_station_ab_night_autotune_v2] trading.auto_trader_state: AutoTrade state loaded open=0 closed=87 balance=$7.34
2026-02-27 09:18:04,334 [WARNING] [u_station_ab_night_autotune_v2] trading.auto_trader: DATA_POLICY mode=OK reason=init_reset_manual prev_mode=OK prev_reason=healthy | route=allow_all
2026-02-27 09:18:04,334 [INFO] [u_station_ab_night_autotune_v2] __main__: AUTOTRADER_INIT state=ready reason=manual mode=paper
2026-02-27 09:18:04,334 [INFO] [u_station_ab_night_autotune_v2] __main__: Local mode started (Telegram disabled).
2026-02-27 09:18:04,803 [INFO] [u_station_ab_night_autotune_v2] monitor.onchain_factory: PAIR_DETECTED source=uniswap_v2 dex=uniswap_v2 pair=0x8ec5c47c472898ba13095c25d43f640685db893f token0=0x2e8f71d8c4c226374ce7385a004d37478525eb07 token1=0x4200000000000000000000000000000000000006 block=42695420 factory=0x8909dc15e40173ff4699343b6eb8132c65e18ec6
2026-02-27 09:18:04,803 [INFO] [u_station_ab_night_autotune_v2] monitor.onchain_factory: PAIR_DETECTED source=uniswap_v2 dex=uniswap_v2 pair=0x954294d81d3f87f83985d8b2fc69c9b59182d779 token0=0x265531d9d012bee861f22dd4ee6dd7a5f2bb44f7 token1=0x4200000000000000000000000000000000000006 block=42695461 factory=0x8909dc15e40173ff4699343b6eb8132c65e18ec6
2026-02-27 09:18:05,227 [INFO] [u_station_ab_night_autotune_v2] monitor.onchain_factory: ENRICH_RETRY token=0x265531d9d012bee861f22dd4ee6dd7a5f2bb44f7 pair=0x954294d81d3f87f83985d8b2fc69c9b59182d779 attempt=1/2 delay=10s
2026-02-27 09:18:16,980 [INFO] [u_station_ab_night_autotune_v2] __main__: WATCHLIST merged count=4
2026-02-27 09:18:16,981 [INFO] [u_station_ab_night_autotune_v2] trading.v2_runtime: V2_UNIVERSE in=15 dedup=15 out=15 target=15 novel_target=13 novel_out=15 repeat_dropped=0 symbol_dropped=0 surge_in=8 surge_target=4 surge_out=8
2026-02-27 09:18:16,982 [INFO] [u_station_ab_night_autotune_v2] __main__: V2_SOURCE_QOS_FILTER in=15 out=11 drops={'source_qos_symbol_cap': 2, 'source_qos_cap': 2} caps={'watchlist': 2, 'unknown': 0, 'geckoterminal': 287}
2026-02-27 09:18:16,984 [INFO] [u_station_ab_night_autotune_v2] __main__: FILTER_FAIL token=NotDivided reason=source_qos_symbol_cap symbol=NOTDIVIDED used=1/1
2026-02-27 09:18:16,985 [INFO] [u_station_ab_night_autotune_v2] __main__: FILTER_FAIL token=CHARLES reason=source_qos_symbol_cap symbol=CHARLES used=1/1
2026-02-27 09:18:16,987 [INFO] [u_station_ab_night_autotune_v2] __main__: FILTER_FAIL token=VIRTUAL reason=source_qos_cap source=watchlist used=2/2
2026-02-27 09:18:16,989 [INFO] [u_station_ab_night_autotune_v2] __main__: FILTER_FAIL token=AERO reason=source_qos_cap source=watchlist used=2/2
2026-02-27 09:18:16,990 [INFO] [u_station_ab_night_autotune_v2] __main__: FILTER_FAIL token=NotDivided reason=safe_change_5m
2026-02-27 09:18:16,990 [INFO] [u_station_ab_night_autotune_v2] __main__: FILTER_FAIL token=Jellybean reason=safe_change_5m
2026-02-27 09:18:16,990 [INFO] [u_station_ab_night_autotune_v2] __main__: FILTER_FAIL token=MOVE reason=safe_age
2026-02-27 09:18:16,990 [INFO] [u_station_ab_night_autotune_v2] __main__: FILTER_FAIL token=CHARLES reason=safe_change_5m
2026-02-27 09:18:16,990 [INFO] [u_station_ab_night_autotune_v2] __main__: FILTER_FAIL token=Constituti reason=safe_change_5m
2026-02-27 09:18:16,990 [INFO] [u_station_ab_night_autotune_v2] __main__: FILTER_FAIL token=KREME reason=safe_age
2026-02-27 09:18:16,990 [INFO] [u_station_ab_night_autotune_v2] __main__: FILTER_FAIL token=NOOK reason=excluded_symbol
2026-02-27 09:18:16,990 [INFO] [u_station_ab_night_autotune_v2] __main__: FILTER_PASS token=cbBTC tier=A score=100 mode=YELLOW risk=MEDIUM liq=19850089 vol5m=97610
2026-02-27 09:18:16,990 [INFO] [u_station_ab_night_autotune_v2] __main__: FILTER_PASS token=AYA tier=A score=65 mode=YELLOW risk=MEDIUM liq=138875 vol5m=667
2026-02-27 09:18:16,990 [INFO] [u_station_ab_night_autotune_v2] monitor.local_alerter: Local alert token=AYA address=0xf68c88689062a10ef50224e4e1e604f631908953 score=65 reco=HOLD risk=MEDIUM warnings=0 liq=138875 vol5m=667
2026-02-27 09:18:16,990 [INFO] [u_station_ab_night_autotune_v2] __main__: FILTER_FAIL token=FLOW reason=safe_change_5m
2026-02-27 09:18:16,990 [INFO] [u_station_ab_night_autotune_v2] __main__: FILTER_FAIL token=ROMA reason=safe_contract
2026-02-27 09:18:16,990 [INFO] [u_station_ab_night_autotune_v2] trading.v2_runtime: V2_QUALITY_ROTATE symbols_core=0 symbols_cooldown=0 sources=1 top_core=- top_cooldown=-
2026-02-27 09:18:16,990 [INFO] [u_station_ab_night_autotune_v2] __main__: V2_QUALITY_GATE enabled=True regime=YELLOW in=2 out=2 core_out=1 explore_out=1 probe_out=0 quota=1 max_symbol_share=0.500 drop={} sources_used={'watchlist': 1, 'geckoterminal': 1}
2026-02-27 09:18:17,003 [INFO] [u_station_ab_night_autotune_v2] __main__: V2_ENTRY_ROUTE enabled=True regime=YELLOW in=2 out=2 core_out=1 explore_out=1 quota=1 allow_explore=True
2026-02-27 09:18:17,003 [WARNING] [u_station_ab_night_autotune_v2] trading.auto_trader: DATA_POLICY mode=OK reason=healthy | route=allow_all prev_mode=OK prev_reason=init_reset_manual
2026-02-27 09:18:17,003 [INFO] [u_station_ab_night_autotune_v2] __main__: MARKET_REGIME mode=YELLOW reason=avg_cand=2.00 avg_cand_recent=2.00
2026-02-27 09:18:17,019 [INFO] [u_station_ab_night_autotune_v2] trading.auto_trader: AUTO_DECISION token=cbBTC mode=YELLOW tier=A channel=core score=100 src=watchlist liq=19850089 vol5m=97610 chg5m=-0.14% edge=0.83% raw=0.77% regime_mult=1.08 edge_usd=$0.004 size=$0.45 mult=1.35(score=1.15 liq=1.15 vol=1.10 volat=1.05) reinvest=1.05(growth_steps=0 drawdown=5.06% loss_streak=0 edge=5.52%) size_mode=0.80 hold_mode=1.06 exec_lane=runner exec_mult(size=1.10 hold=1.32 edge=0.94) edge_gate_mult(usd=1.00,pct=1.00) quality(edge=0.98,size=1.04 detail=src_mult=1.00 ev=0.00010 edge(src_relax=0.000 src_tight=0.000 ev_adj=-0.002) size(src_relax=0.000 src_cut=0.000 ev_adj=0.002)) costs=8.83% gas=$0.028 ev_net=$0.00188 ev_samples=128 conf=1.00 pwin=0.59 avg_win=$0.0089 avg_loss=$0.0073 kelly=1.15(k=0.258) token_ev=sparse trades=5<18 cluster=s3|l3|v3|m0|r1 cluster_route=ok samples=13 avg=0.00000 loss_share=0.46 breakdown={'liquidity_score': 30, 'volume_score': 30, 'risk_score': 15, 'age_score': 15, 'safety_score': 15}
2026-02-27 09:18:17,209 [INFO] [u_station_ab_night_autotune_v2] trading.auto_trader: AUTO_BUY Paper BUY token=cbBTC address=0xcbb7c0000ab88b473b1f5afd9ef808440eed33bf mode=YELLOW tier=A channel=core lane=runner entry=$67921.07100000 size=$0.45 score=100 edge=0.83% edge_usd=$0.004 mult=1.35(score=1.15 liq=1.15 vol=1.10 volat=1.05) hold=134s costs=2.70% gas=$0.03
2026-02-27 09:18:17,251 [INFO] [u_station_ab_night_autotune_v2] trading.auto_trader: AutoTrade batch mode=top_n candidates=2 eligible=1 selected=1 opened=1 pe=off burst_window=1
2026-02-27 09:18:17,418 [INFO] [u_station_ab_night_autotune_v2] __main__: FILTER_THRESHOLDS safe_volume_5m_min=$5 safe_liquidity_min=$8000 safe_age_min=240s score_min=48 edge_min=0.05% lock_floor=0.95 no_momentum_max_pnl=0.25 weakness_pnl=-2.60
2026-02-27 09:18:17,419 [INFO] [u_station_ab_night_autotune_v2] __main__: Scanned 15 tokens | High quality: 8 | Alerts sent: 1 | Trade candidates: 2 | Quality out/core/explore/probe: 2/1/1/0 | Opened: 1 | Mode: local | Source: onchain+market | Policy: raw=OK/effective=OK(healthy | route=allow_all) | Regime: YELLOW(avg_cand=2.00) | Safety: checked=3 fail_closed=0 reasons=api_code_4029:3 | FiltersTop(session): safe_change_5m:5,source_qos_symbol_cap:2,source_qos_cap:2,safe_age:2 | Dedup: heavy_skip=0 override=0 | V2Budget: 3/280 | SourceQoS: enabled=1/in=15/out=11/dropped=4/active_cd=0/drops=source_qos_symbol_cap:2,source_qos_cap:2 | Ingest: q=0/oldest=0.0s/drop_old=0/dedup_skip=0/enq=11/drain=11 | Sources: dex_boosts:ok=1/fail=0/429=0/lim_wait=0/cd_wait=0/err=0.0%/avg=133ms; dexscreener:ok=11/fail=0/429=0/lim_wait=0/cd_wait=0/err=0.0%/avg=266ms; geckoterminal:ok=2/fail=0/429=0/lim_wait=0/cd_wait=0/err=0.0%/avg=166ms; onchain_enrich:ok=5/fail=0/429=0/lim_wait=0/cd_wait=0/err=0.0%/avg=126ms; onchain_weth_price:ok=1/fail=0/429=0/lim_wait=0/cd_wait=0/err=0.0%/avg=55ms; watchlist_dex:ok=10/fail=0/429=0/lim_wait=0/cd_wait=0/err=0.0%/avg=98ms; watchlist_gecko:ok=6/fail=0/429=0/lim_wait=0/cd_wait=0/err=0.0%/avg=571ms | Tasks: 3 | RSS: 0.0MB | CycleAvg: 0.00s
2026-02-27 09:18:21,940 [INFO] [u_station_ab_night_autotune_v2] monitor.onchain_factory: ENRICH_RETRY token=0x265531d9d012bee861f22dd4ee6dd7a5f2bb44f7 pair=0x954294d81d3f87f83985d8b2fc69c9b59182d779 attempt=1/2 delay=10s
2026-02-27 09:18:32,020 [INFO] [u_station_ab_night_autotune_v2] __main__: WATCHLIST merged count=4
2026-02-27 09:18:32,020 [INFO] [u_station_ab_night_autotune_v2] trading.v2_runtime: V2_UNIVERSE in=4 dedup=4 out=4 target=4 novel_target=4 novel_out=0 repeat_dropped=0 symbol_dropped=0 surge_in=1 surge_target=1 surge_out=1
2026-02-27 09:18:32,020 [INFO] [u_station_ab_night_autotune_v2] __main__: V2_SOURCE_QOS_FILTER in=4 out=3 drops={'source_qos_cap': 1} caps={'watchlist': 3}
2026-02-27 09:18:32,020 [INFO] [u_station_ab_night_autotune_v2] __main__: FILTER_FAIL token=AERO reason=source_qos_cap source=watchlist used=3/3
2026-02-27 09:18:32,020 [INFO] [u_station_ab_night_autotune_v2] __main__: FILTER_PASS token=cbBTC tier=A score=100 mode=YELLOW risk=MEDIUM liq=19850089 vol5m=97610
2026-02-27 09:18:32,020 [INFO] [u_station_ab_night_autotune_v2] __main__: FILTER_FAIL token=FLOW reason=safe_change_5m
2026-02-27 09:18:32,020 [INFO] [u_station_ab_night_autotune_v2] __main__: FILTER_PASS token=VIRTUAL tier=A score=75 mode=YELLOW risk=MEDIUM liq=7750885 vol5m=1094
2026-02-27 09:18:32,020 [INFO] [u_station_ab_night_autotune_v2] __main__: V2_QUALITY_GATE enabled=True regime=YELLOW in=2 out=2 core_out=1 explore_out=1 probe_out=0 quota=1 max_symbol_share=0.500 drop={} sources_used={'watchlist': 2}
2026-02-27 09:18:32,020 [INFO] [u_station_ab_night_autotune_v2] __main__: V2_ENTRY_ROUTE enabled=True regime=YELLOW in=2 out=2 core_out=1 explore_out=1 quota=1 allow_explore=True
2026-02-27 09:18:32,020 [INFO] [u_station_ab_night_autotune_v2] __main__: MARKET_REGIME mode=YELLOW reason=avg_cand=2.00 avg_cand_recent=2.00
2026-02-27 09:18:32,035 [INFO] [u_station_ab_night_autotune_v2] trading.auto_trader: AutoTrade batch prefilter removed=1 missing_addr=0 open_duplicate=1
2026-02-27 09:18:32,035 [INFO] [u_station_ab_night_autotune_v2] trading.auto_trader: AutoTrade adjust token=VIRTUAL reason=min_trade_floor size=$0.03->$0.10 min=$0.10
2026-02-27 09:18:32,051 [INFO] [u_station_ab_night_autotune_v2] trading.auto_trader: AutoTrade skip token=VIRTUAL reason=edge_low mode=both edge=-29.70% raw=-27.50% mult=1.08 min=0.05% probe_min=0.05% edge_usd=$-0.030 min_usd=$0.000 probe_min_usd=$0.000 size=$0.10 gross=3.20% costs=30.70% pwin=0.45 probe=- budget=0/1
2026-02-27 09:18:32,051 [INFO] [u_station_ab_night_autotune_v2] trading.auto_trader: AutoTrade batch mode=top_n candidates=2 eligible=1 selected=1 opened=0 pe=off burst_window=1
2026-02-27 09:18:32,254 [INFO] [u_station_ab_night_autotune_v2] __main__: Scanned 4 tokens | High quality: 3 | Alerts sent: 0 | Trade candidates: 2 | Quality out/core/explore/probe: 2/1/1/0 | Opened: 0 | Mode: local | Source: onchain+market | Policy: raw=OK/effective=OK(healthy | route=allow_all) | Regime: YELLOW(avg_cand=2.00) | Safety: checked=2 fail_closed=0 reasons=api_code_4029:2 | FiltersTop(session): safe_change_5m:6,source_qos_cap:3,source_qos_symbol_cap:2,safe_age:2 | Dedup: heavy_skip=0 override=0 | V2Budget: 2/280 | SourceQoS: enabled=1/in=4/out=3/dropped=1/active_cd=0/drops=source_qos_cap:1 | Ingest: q=0/oldest=0.0s/drop_old=0/dedup_skip=0/enq=0/drain=0 | Sources: dex_boosts:ok=1/fail=0/429=0/lim_wait=0/cd_wait=0/err=0.0%/avg=125ms; dexscreener:ok=11/fail=0/429=0/lim_wait=0/cd_wait=0/err=0.0%/avg=85ms; onchain_enrich:ok=4/fail=0/429=0/lim_wait=0/cd_wait=0/err=0.0%/avg=39ms | Tasks: 3 | RSS: 0.0MB | CycleAvg: 13.08s
2026-02-27 09:18:36,854 [INFO] [u_station_ab_night_autotune_v2] __main__: WATCHLIST merged count=4
2026-02-27 09:18:36,854 [INFO] [u_station_ab_night_autotune_v2] trading.v2_runtime: V2_UNIVERSE in=5 dedup=5 out=5 target=5 novel_target=5 novel_out=1 repeat_dropped=0 symbol_dropped=0 surge_in=1 surge_target=1 surge_out=1
2026-02-27 09:18:36,854 [INFO] [u_station_ab_night_autotune_v2] __main__: V2_SOURCE_QOS_FILTER in=5 out=3 drops={'source_qos_cap': 2} caps={'watchlist': 2, 'unknown': 0}
2026-02-27 09:18:36,854 [INFO] [u_station_ab_night_autotune_v2] __main__: FILTER_FAIL token=VIRTUAL reason=source_qos_cap source=watchlist used=2/2
2026-02-27 09:18:36,854 [INFO] [u_station_ab_night_autotune_v2] __main__: FILTER_FAIL token=AERO reason=source_qos_cap source=watchlist used=2/2
2026-02-27 09:18:36,869 [INFO] [u_station_ab_night_autotune_v2] __main__: FILTER_PASS token=cbBTC tier=A score=100 mode=YELLOW risk=MEDIUM liq=19850089 vol5m=97610
2026-02-27 09:18:36,869 [INFO] [u_station_ab_night_autotune_v2] __main__: FILTER_FAIL token=FLOW reason=safe_change_5m
2026-02-27 09:18:36,869 [INFO] [u_station_ab_night_autotune_v2] __main__: FILTER_FAIL token=ONYX reason=safe_volume vol5m=0 min=6 regime=YELLOW
2026-02-27 09:18:36,869 [INFO] [u_station_ab_night_autotune_v2] __main__: V2_QUALITY_GATE enabled=True regime=YELLOW in=1 out=1 core_out=1 explore_out=0 probe_out=0 quota=0 max_symbol_share=1.000 drop={} sources_used={'watchlist': 1}
2026-02-27 09:18:36,869 [INFO] [u_station_ab_night_autotune_v2] __main__: V2_ENTRY_ROUTE enabled=True regime=YELLOW in=1 out=1 core_out=1 explore_out=0 quota=0 allow_explore=True
2026-02-27 09:18:36,869 [INFO] [u_station_ab_night_autotune_v2] __main__: MARKET_REGIME mode=YELLOW reason=avg_cand=1.67 avg_cand_recent=1.67
2026-02-27 09:18:36,869 [INFO] [u_station_ab_night_autotune_v2] trading.auto_trader: AutoTrade batch prefilter removed=1 missing_addr=0 open_duplicate=1
2026-02-27 09:18:37,053 [INFO] [u_station_ab_night_autotune_v2] __main__: Scanned 5 tokens | High quality: 2 | Alerts sent: 0 | Trade candidates: 1 | Quality out/core/explore/probe: 1/1/0/0 | Opened: 0 | Mode: local | Source: onchain+market | Policy: raw=OK/effective=OK(healthy | route=allow_all) | Regime: YELLOW(avg_cand=1.67) | Safety: checked=1 fail_closed=0 reasons=api_code_4029:1 | FiltersTop(session): safe_change_5m:7,source_qos_cap:5,source_qos_symbol_cap:2,safe_age:2 | Dedup: heavy_skip=0 override=0 | V2Budget: 1/280 | SourceQoS: enabled=1/in=5/out=3/dropped=2/active_cd=0/drops=source_qos_cap:2 | Ingest: q=0/oldest=0.0s/drop_old=0/dedup_skip=0/enq=0/drain=0 | Sources: dex_boosts:ok=1/fail=0/429=0/lim_wait=0/cd_wait=0/err=0.0%/avg=43ms; dexscreener:ok=11/fail=0/429=0/lim_wait=0/cd_wait=0/err=0.0%/avg=181ms; onchain_enrich:ok=1/fail=0/429=0/lim_wait=0/cd_wait=0/err=0.0%/avg=175ms | Tasks: 3 | RSS: 0.0MB | CycleAvg: 11.95s
2026-02-27 09:18:41,505 [INFO] [u_station_ab_night_autotune_v2] __main__: WATCHLIST merged count=4
2026-02-27 09:18:41,506 [INFO] [u_station_ab_night_autotune_v2] trading.v2_runtime: V2_UNIVERSE in=4 dedup=4 out=4 target=4 novel_target=4 novel_out=0 repeat_dropped=0 symbol_dropped=0 surge_in=1 surge_target=1 surge_out=1
2026-02-27 09:18:41,506 [INFO] [u_station_ab_night_autotune_v2] __main__: V2_SOURCE_QOS_FILTER in=4 out=3 drops={'source_qos_cap': 1} caps={'watchlist': 3}
2026-02-27 09:18:41,506 [INFO] [u_station_ab_night_autotune_v2] __main__: FILTER_FAIL token=AERO reason=source_qos_cap source=watchlist used=3/3
2026-02-27 09:18:41,506 [INFO] [u_station_ab_night_autotune_v2] __main__: FILTER_PASS token=cbBTC tier=A score=100 mode=YELLOW risk=MEDIUM liq=19850089 vol5m=97610
2026-02-27 09:18:41,506 [INFO] [u_station_ab_night_autotune_v2] __main__: FILTER_FAIL token=FLOW reason=safe_change_5m
2026-02-27 09:18:41,506 [INFO] [u_station_ab_night_autotune_v2] __main__: FILTER_PASS token=VIRTUAL tier=A score=75 mode=YELLOW risk=MEDIUM liq=7750885 vol5m=1094
2026-02-27 09:18:41,506 [INFO] [u_station_ab_night_autotune_v2] __main__: V2_QUALITY_GATE enabled=True regime=YELLOW in=2 out=2 core_out=1 explore_out=1 probe_out=0 quota=1 max_symbol_share=0.500 drop={} sources_used={'watchlist': 2}
2026-02-27 09:18:41,506 [INFO] [u_station_ab_night_autotune_v2] __main__: V2_ENTRY_ROUTE enabled=True regime=YELLOW in=2 out=2 core_out=1 explore_out=1 quota=1 allow_explore=True
2026-02-27 09:18:41,506 [INFO] [u_station_ab_night_autotune_v2] __main__: MARKET_REGIME mode=YELLOW reason=avg_cand=1.75 avg_cand_recent=1.75
2026-02-27 09:18:41,506 [INFO] [u_station_ab_night_autotune_v2] trading.auto_trader: AutoTrade batch prefilter removed=1 missing_addr=0 open_duplicate=1
2026-02-27 09:18:41,506 [INFO] [u_station_ab_night_autotune_v2] trading.auto_trader: AutoTrade adjust token=VIRTUAL reason=min_trade_floor size=$0.03->$0.10 min=$0.10
2026-02-27 09:18:41,506 [INFO] [u_station_ab_night_autotune_v2] trading.auto_trader: AutoTrade skip token=VIRTUAL reason=edge_low mode=both edge=-29.70% raw=-27.50% mult=1.08 min=0.05% probe_min=0.05% edge_usd=$-0.030 min_usd=$0.000 probe_min_usd=$0.000 size=$0.10 gross=3.20% costs=30.70% pwin=0.45 probe=- budget=0/1
2026-02-27 09:18:41,506 [INFO] [u_station_ab_night_autotune_v2] trading.auto_trader: AutoTrade batch mode=top_n candidates=2 eligible=1 selected=1 opened=0 pe=off burst_window=1
2026-02-27 09:18:41,606 [INFO] [u_station_ab_night_autotune_v2] __main__: Scanned 4 tokens | High quality: 3 | Alerts sent: 0 | Trade candidates: 2 | Quality out/core/explore/probe: 2/1/1/0 | Opened: 0 | Mode: local | Source: onchain+market | Policy: raw=OK/effective=OK(healthy | route=allow_all) | Regime: YELLOW(avg_cand=1.75) | Safety: checked=2 fail_closed=0 reasons=api_code_4029:2 | FiltersTop(session): safe_change_5m:8,source_qos_cap:6,source_qos_symbol_cap:2,safe_age:2 | Dedup: heavy_skip=0 override=0 | V2Budget: 2/280 | SourceQoS: enabled=1/in=4/out=3/dropped=1/active_cd=0/drops=source_qos_cap:1 | Ingest: q=0/oldest=0.0s/drop_old=0/dedup_skip=0/enq=0/drain=0 | Sources: dex_boosts:ok=1/fail=0/429=0/lim_wait=0/cd_wait=0/err=0.0%/avg=40ms; dexscreener:ok=11/fail=0/429=0/lim_wait=0/cd_wait=0/err=0.0%/avg=45ms | Tasks: 3 | RSS: 0.0MB | CycleAvg: 8.23s
2026-02-27 09:18:46,019 [INFO] [u_station_ab_night_autotune_v2] __main__: WATCHLIST merged count=4
2026-02-27 09:18:46,019 [INFO] [u_station_ab_night_autotune_v2] trading.v2_runtime: V2_UNIVERSE in=4 dedup=4 out=4 target=4 novel_target=4 novel_out=0 repeat_dropped=0 symbol_dropped=0 surge_in=1 surge_target=1 surge_out=1
2026-02-27 09:18:46,019 [INFO] [u_station_ab_night_autotune_v2] __main__: V2_SOURCE_QOS_FILTER in=4 out=3 drops={'source_qos_cap': 1} caps={'watchlist': 3}
2026-02-27 09:18:46,019 [INFO] [u_station_ab_night_autotune_v2] __main__: FILTER_FAIL token=AERO reason=source_qos_cap source=watchlist used=3/3
2026-02-27 09:18:46,019 [INFO] [u_station_ab_night_autotune_v2] __main__: FILTER_PASS token=cbBTC tier=A score=100 mode=YELLOW risk=MEDIUM liq=19850089 vol5m=97610
2026-02-27 09:18:46,019 [INFO] [u_station_ab_night_autotune_v2] __main__: FILTER_FAIL token=FLOW reason=safe_change_5m
2026-02-27 09:18:46,019 [INFO] [u_station_ab_night_autotune_v2] __main__: FILTER_PASS token=VIRTUAL tier=A score=75 mode=YELLOW risk=MEDIUM liq=7750885 vol5m=1094
2026-02-27 09:18:46,019 [INFO] [u_station_ab_night_autotune_v2] __main__: V2_QUALITY_GATE enabled=True regime=YELLOW in=2 out=2 core_out=1 explore_out=1 probe_out=0 quota=1 max_symbol_share=0.500 drop={} sources_used={'watchlist': 2}
2026-02-27 09:18:46,019 [INFO] [u_station_ab_night_autotune_v2] __main__: V2_ENTRY_ROUTE enabled=True regime=YELLOW in=2 out=2 core_out=1 explore_out=1 quota=1 allow_explore=True
2026-02-27 09:18:46,019 [INFO] [u_station_ab_night_autotune_v2] __main__: MARKET_REGIME mode=YELLOW reason=avg_cand=1.80 avg_cand_recent=1.80
2026-02-27 09:18:46,019 [INFO] [u_station_ab_night_autotune_v2] trading.auto_trader: AutoTrade batch prefilter removed=1 missing_addr=0 open_duplicate=1
2026-02-27 09:18:46,019 [INFO] [u_station_ab_night_autotune_v2] trading.auto_trader: AutoTrade adjust token=VIRTUAL reason=min_trade_floor size=$0.03->$0.10 min=$0.10
2026-02-27 09:18:46,019 [INFO] [u_station_ab_night_autotune_v2] trading.auto_trader: AutoTrade skip token=VIRTUAL reason=edge_low mode=both edge=-29.70% raw=-27.50% mult=1.08 min=0.05% probe_min=0.05% edge_usd=$-0.030 min_usd=$0.000 probe_min_usd=$0.000 size=$0.10 gross=3.20% costs=30.70% pwin=0.45 probe=- budget=0/1
2026-02-27 09:18:46,019 [INFO] [u_station_ab_night_autotune_v2] trading.auto_trader: AutoTrade batch mode=top_n candidates=2 eligible=1 selected=1 opened=0 pe=off burst_window=1
2026-02-27 09:18:46,134 [INFO] [u_station_ab_night_autotune_v2] __main__: Scanned 4 tokens | High quality: 3 | Alerts sent: 0 | Trade candidates: 2 | Quality out/core/explore/probe: 2/1/1/0 | Opened: 0 | Mode: local | Source: onchain+market | Policy: raw=OK/effective=OK(healthy | route=allow_all) | Regime: YELLOW(avg_cand=1.80) | Safety: checked=2 fail_closed=0 reasons=api_code_4029:2 | FiltersTop(session): safe_change_5m:9,source_qos_cap:7,source_qos_symbol_cap:2,safe_age:2 | Dedup: heavy_skip=0 override=0 | V2Budget: 2/280 | SourceQoS: enabled=1/in=4/out=3/dropped=1/active_cd=0/drops=source_qos_cap:1 | Ingest: q=0/oldest=0.0s/drop_old=0/dedup_skip=0/enq=0/drain=0 | Sources: dex_boosts:ok=1/fail=0/429=0/lim_wait=0/cd_wait=0/err=0.0%/avg=40ms; dexscreener:ok=11/fail=0/429=0/lim_wait=0/cd_wait=0/err=0.0%/avg=42ms | Tasks: 3 | RSS: 0.0MB | CycleAvg: 6.31s
2026-02-27 09:18:50,585 [INFO] [u_station_ab_night_autotune_v2] __main__: WATCHLIST merged count=4
2026-02-27 09:18:50,585 [INFO] [u_station_ab_night_autotune_v2] trading.v2_runtime: V2_UNIVERSE in=4 dedup=4 out=4 target=4 novel_target=4 novel_out=0 repeat_dropped=0 symbol_dropped=0 surge_in=1 surge_target=1 surge_out=1
2026-02-27 09:18:50,585 [INFO] [u_station_ab_night_autotune_v2] __main__: V2_SOURCE_QOS_FILTER in=4 out=3 drops={'source_qos_cap': 1} caps={'watchlist': 3}
2026-02-27 09:18:50,585 [INFO] [u_station_ab_night_autotune_v2] __main__: FILTER_FAIL token=AERO reason=source_qos_cap source=watchlist used=3/3
2026-02-27 09:18:50,585 [INFO] [u_station_ab_night_autotune_v2] __main__: FILTER_PASS token=cbBTC tier=A score=100 mode=YELLOW risk=MEDIUM liq=19850089 vol5m=97610
2026-02-27 09:18:50,585 [INFO] [u_station_ab_night_autotune_v2] __main__: FILTER_FAIL token=FLOW reason=safe_change_5m
2026-02-27 09:18:50,585 [INFO] [u_station_ab_night_autotune_v2] __main__: FILTER_PASS token=VIRTUAL tier=A score=75 mode=YELLOW risk=MEDIUM liq=7750885 vol5m=1094
2026-02-27 09:18:50,585 [INFO] [u_station_ab_night_autotune_v2] __main__: V2_QUALITY_GATE enabled=True regime=YELLOW in=2 out=2 core_out=1 explore_out=1 probe_out=0 quota=1 max_symbol_share=0.500 drop={} sources_used={'watchlist': 2}
2026-02-27 09:18:50,585 [INFO] [u_station_ab_night_autotune_v2] __main__: V2_ENTRY_ROUTE enabled=True regime=YELLOW in=2 out=2 core_out=1 explore_out=1 quota=1 allow_explore=True
2026-02-27 09:18:50,585 [INFO] [u_station_ab_night_autotune_v2] __main__: MARKET_REGIME mode=YELLOW reason=avg_cand=1.83 avg_cand_recent=1.83
2026-02-27 09:18:50,585 [INFO] [u_station_ab_night_autotune_v2] trading.auto_trader: AutoTrade batch prefilter removed=1 missing_addr=0 open_duplicate=1
2026-02-27 09:18:50,585 [INFO] [u_station_ab_night_autotune_v2] trading.auto_trader: AutoTrade adjust token=VIRTUAL reason=min_trade_floor size=$0.03->$0.10 min=$0.10
2026-02-27 09:18:50,585 [INFO] [u_station_ab_night_autotune_v2] trading.auto_trader: AutoTrade skip token=VIRTUAL reason=edge_low mode=both edge=-29.70% raw=-27.50% mult=1.08 min=0.05% probe_min=0.05% edge_usd=$-0.030 min_usd=$0.000 probe_min_usd=$0.000 size=$0.10 gross=3.20% costs=30.70% pwin=0.45 probe=- budget=0/1
2026-02-27 09:18:50,585 [INFO] [u_station_ab_night_autotune_v2] trading.auto_trader: AutoTrade batch mode=top_n candidates=2 eligible=1 selected=1 opened=0 pe=off burst_window=1
2026-02-27 09:18:50,776 [INFO] [u_station_ab_night_autotune_v2] __main__: Scanned 4 tokens | High quality: 3 | Alerts sent: 0 | Trade candidates: 2 | Quality out/core/explore/probe: 2/1/1/0 | Opened: 0 | Mode: local | Source: onchain+market | Policy: raw=OK/effective=OK(healthy | route=allow_all) | Regime: YELLOW(avg_cand=1.83) | Safety: checked=2 fail_closed=0 reasons=api_code_4029:2 | FiltersTop(session): safe_change_5m:10,source_qos_cap:8,source_qos_symbol_cap:2,safe_age:2 | Dedup: heavy_skip=0 override=0 | V2Budget: 2/280 | SourceQoS: enabled=1/in=4/out=3/dropped=1/active_cd=0/drops=source_qos_cap:1 | Ingest: q=0/oldest=0.0s/drop_old=0/dedup_skip=0/enq=0/drain=0 | Sources: dex_boosts:ok=1/fail=0/429=0/lim_wait=0/cd_wait=0/err=0.0%/avg=40ms; dexscreener:ok=11/fail=0/429=0/lim_wait=0/cd_wait=0/err=0.0%/avg=59ms | Tasks: 3 | RSS: 0.0MB | CycleAvg: 5.15s
2026-02-27 09:18:55,178 [INFO] [u_station_ab_night_autotune_v2] __main__: WATCHLIST merged count=4
2026-02-27 09:18:55,178 [INFO] [u_station_ab_night_autotune_v2] trading.v2_runtime: V2_UNIVERSE in=4 dedup=4 out=4 target=4 novel_target=4 novel_out=0 repeat_dropped=0 symbol_dropped=0 surge_in=1 surge_target=1 surge_out=1
2026-02-27 09:18:55,178 [INFO] [u_station_ab_night_autotune_v2] __main__: V2_SOURCE_QOS_FILTER in=4 out=3 drops={'source_qos_cap': 1} caps={'watchlist': 3}
2026-02-27 09:18:55,178 [INFO] [u_station_ab_night_autotune_v2] __main__: FILTER_FAIL token=AERO reason=source_qos_cap source=watchlist used=3/3
2026-02-27 09:18:55,178 [INFO] [u_station_ab_night_autotune_v2] __main__: FILTER_PASS token=cbBTC tier=A score=100 mode=YELLOW risk=MEDIUM liq=19850089 vol5m=97610
2026-02-27 09:18:55,194 [INFO] [u_station_ab_night_autotune_v2] __main__: FILTER_FAIL token=FLOW reason=safe_change_5m
2026-02-27 09:18:55,194 [INFO] [u_station_ab_night_autotune_v2] __main__: FILTER_PASS token=VIRTUAL tier=A score=75 mode=YELLOW risk=MEDIUM liq=7750885 vol5m=1094
2026-02-27 09:18:55,196 [INFO] [u_station_ab_night_autotune_v2] __main__: V2_QUALITY_GATE enabled=True regime=YELLOW in=2 out=2 core_out=1 explore_out=1 probe_out=0 quota=1 max_symbol_share=0.500 drop={} sources_used={'watchlist': 2}
2026-02-27 09:18:55,196 [INFO] [u_station_ab_night_autotune_v2] __main__: V2_ENTRY_ROUTE enabled=True regime=YELLOW in=2 out=2 core_out=1 explore_out=1 quota=1 allow_explore=True
2026-02-27 09:18:55,196 [INFO] [u_station_ab_night_autotune_v2] __main__: MARKET_REGIME mode=YELLOW reason=avg_cand=1.86 avg_cand_recent=1.86
2026-02-27 09:18:55,196 [INFO] [u_station_ab_night_autotune_v2] trading.auto_trader: AutoTrade batch prefilter removed=1 missing_addr=0 open_duplicate=1
2026-02-27 09:18:55,196 [INFO] [u_station_ab_night_autotune_v2] trading.auto_trader: AutoTrade adjust token=VIRTUAL reason=min_trade_floor size=$0.03->$0.10 min=$0.10
2026-02-27 09:18:55,196 [INFO] [u_station_ab_night_autotune_v2] trading.auto_trader: AutoTrade skip token=VIRTUAL reason=edge_low mode=both edge=-29.70% raw=-27.50% mult=1.08 min=0.05% probe_min=0.05% edge_usd=$-0.030 min_usd=$0.000 probe_min_usd=$0.000 size=$0.10 gross=3.20% costs=30.70% pwin=0.45 probe=- budget=0/1
2026-02-27 09:18:55,196 [INFO] [u_station_ab_night_autotune_v2] trading.auto_trader: AutoTrade batch mode=top_n candidates=2 eligible=1 selected=1 opened=0 pe=off burst_window=1
2026-02-27 09:18:55,372 [INFO] [u_station_ab_night_autotune_v2] __main__: Scanned 4 tokens | High quality: 3 | Alerts sent: 0 | Trade candidates: 2 | Quality out/core/explore/probe: 2/1/1/0 | Opened: 0 | Mode: local | Source: onchain+market | Policy: raw=OK/effective=OK(healthy | route=allow_all) | Regime: YELLOW(avg_cand=1.86) | Safety: checked=2 fail_closed=0 reasons=api_code_4029:2 | FiltersTop(session): safe_change_5m:11,source_qos_cap:9,source_qos_symbol_cap:2,safe_age:2 | Dedup: heavy_skip=0 override=0 | V2Budget: 2/280 | SourceQoS: enabled=1/in=4/out=3/dropped=1/active_cd=0/drops=source_qos_cap:1 | Ingest: q=0/oldest=0.0s/drop_old=0/dedup_skip=0/enq=0/drain=0 | Sources: dex_boosts:ok=1/fail=0/429=0/lim_wait=0/cd_wait=0/err=0.0%/avg=53ms; dexscreener:ok=11/fail=0/429=0/lim_wait=0/cd_wait=0/err=0.0%/avg=39ms | Tasks: 3 | RSS: 0.0MB | CycleAvg: 4.40s
2026-02-27 09:18:59,804 [INFO] [u_station_ab_night_autotune_v2] __main__: WATCHLIST merged count=4
2026-02-27 09:18:59,804 [INFO] [u_station_ab_night_autotune_v2] trading.v2_runtime: V2_UNIVERSE in=4 dedup=4 out=4 target=4 novel_target=4 novel_out=0 repeat_dropped=0 symbol_dropped=0 surge_in=1 surge_target=1 surge_out=1
2026-02-27 09:18:59,804 [INFO] [u_station_ab_night_autotune_v2] __main__: V2_SOURCE_QOS_FILTER in=4 out=3 drops={'source_qos_cap': 1} caps={'watchlist': 3}
2026-02-27 09:18:59,804 [INFO] [u_station_ab_night_autotune_v2] __main__: FILTER_FAIL token=AERO reason=source_qos_cap source=watchlist used=3/3
2026-02-27 09:18:59,804 [INFO] [u_station_ab_night_autotune_v2] __main__: FILTER_PASS token=cbBTC tier=A score=100 mode=YELLOW risk=MEDIUM liq=19850089 vol5m=97610
2026-02-27 09:18:59,804 [INFO] [u_station_ab_night_autotune_v2] __main__: FILTER_FAIL token=FLOW reason=safe_change_5m
2026-02-27 09:18:59,804 [INFO] [u_station_ab_night_autotune_v2] __main__: FILTER_PASS token=VIRTUAL tier=A score=75 mode=YELLOW risk=MEDIUM liq=7750885 vol5m=1094
2026-02-27 09:18:59,820 [INFO] [u_station_ab_night_autotune_v2] __main__: V2_QUALITY_GATE enabled=True regime=YELLOW in=2 out=2 core_out=1 explore_out=1 probe_out=0 quota=1 max_symbol_share=0.500 drop={} sources_used={'watchlist': 2}
2026-02-27 09:18:59,821 [INFO] [u_station_ab_night_autotune_v2] __main__: V2_ENTRY_ROUTE enabled=True regime=YELLOW in=2 out=2 core_out=1 explore_out=1 quota=1 allow_explore=True
2026-02-27 09:18:59,821 [INFO] [u_station_ab_night_autotune_v2] __main__: MARKET_REGIME mode=YELLOW reason=avg_cand=1.88 avg_cand_recent=1.88
2026-02-27 09:18:59,821 [INFO] [u_station_ab_night_autotune_v2] trading.auto_trader: AutoTrade batch prefilter removed=1 missing_addr=0 open_duplicate=1
2026-02-27 09:18:59,823 [INFO] [u_station_ab_night_autotune_v2] trading.auto_trader: AutoTrade adjust token=VIRTUAL reason=min_trade_floor size=$0.03->$0.10 min=$0.10
2026-02-27 09:18:59,824 [INFO] [u_station_ab_night_autotune_v2] trading.auto_trader: AutoTrade skip token=VIRTUAL reason=edge_low mode=both edge=-29.70% raw=-27.50% mult=1.08 min=0.05% probe_min=0.05% edge_usd=$-0.030 min_usd=$0.000 probe_min_usd=$0.000 size=$0.10 gross=3.20% costs=30.70% pwin=0.45 probe=- budget=0/1
2026-02-27 09:18:59,824 [INFO] [u_station_ab_night_autotune_v2] trading.auto_trader: AutoTrade batch mode=top_n candidates=2 eligible=1 selected=1 opened=0 pe=off burst_window=1
2026-02-27 09:18:59,954 [INFO] [u_station_ab_night_autotune_v2] __main__: Scanned 4 tokens | High quality: 3 | Alerts sent: 0 | Trade candidates: 2 | Quality out/core/explore/probe: 2/1/1/0 | Opened: 0 | Mode: local | Source: onchain+market | Policy: raw=OK/effective=OK(healthy | route=allow_all) | Regime: YELLOW(avg_cand=1.88) | Safety: checked=2 fail_closed=0 reasons=api_code_4029:2 | FiltersTop(session): safe_change_5m:12,source_qos_cap:10,source_qos_symbol_cap:2,safe_age:2 | Dedup: heavy_skip=0 override=0 | V2Budget: 2/280 | SourceQoS: enabled=1/in=4/out=3/dropped=1/active_cd=0/drops=source_qos_cap:1 | Ingest: q=0/oldest=0.0s/drop_old=0/dedup_skip=0/enq=0/drain=0 | Sources: dex_boosts:ok=1/fail=0/429=0/lim_wait=0/cd_wait=0/err=0.0%/avg=36ms; dexscreener:ok=11/fail=0/429=0/lim_wait=0/cd_wait=0/err=0.0%/avg=44ms | Tasks: 3 | RSS: 0.0MB | CycleAvg: 3.85s
2026-02-27 09:19:04,366 [INFO] [u_station_ab_night_autotune_v2] __main__: WATCHLIST merged count=4
2026-02-27 09:19:04,366 [INFO] [u_station_ab_night_autotune_v2] trading.v2_runtime: V2_UNIVERSE in=4 dedup=4 out=4 target=4 novel_target=4 novel_out=0 repeat_dropped=0 symbol_dropped=0 surge_in=1 surge_target=1 surge_out=1
2026-02-27 09:19:04,366 [INFO] [u_station_ab_night_autotune_v2] __main__: V2_SOURCE_QOS_FILTER in=4 out=3 drops={'source_qos_cap': 1} caps={'watchlist': 3}
2026-02-27 09:19:04,366 [INFO] [u_station_ab_night_autotune_v2] __main__: FILTER_FAIL token=AERO reason=source_qos_cap source=watchlist used=3/3
2026-02-27 09:19:04,366 [INFO] [u_station_ab_night_autotune_v2] __main__: FILTER_PASS token=cbBTC tier=A score=100 mode=YELLOW risk=MEDIUM liq=19850089 vol5m=97610
2026-02-27 09:19:04,366 [INFO] [u_station_ab_night_autotune_v2] __main__: FILTER_FAIL token=FLOW reason=safe_change_5m
2026-02-27 09:19:04,366 [INFO] [u_station_ab_night_autotune_v2] __main__: FILTER_PASS token=VIRTUAL tier=A score=75 mode=YELLOW risk=MEDIUM liq=7750885 vol5m=1094
2026-02-27 09:19:04,366 [INFO] [u_station_ab_night_autotune_v2] __main__: V2_QUALITY_GATE enabled=True regime=YELLOW in=2 out=2 core_out=1 explore_out=1 probe_out=0 quota=1 max_symbol_share=0.500 drop={} sources_used={'watchlist': 2}
2026-02-27 09:19:04,366 [INFO] [u_station_ab_night_autotune_v2] __main__: V2_ENTRY_ROUTE enabled=True regime=YELLOW in=2 out=2 core_out=1 explore_out=1 quota=1 allow_explore=True
2026-02-27 09:19:04,381 [INFO] [u_station_ab_night_autotune_v2] __main__: MARKET_REGIME mode=YELLOW reason=avg_cand=1.89 avg_cand_recent=1.89
2026-02-27 09:19:04,382 [INFO] [u_station_ab_night_autotune_v2] trading.auto_trader: AutoTrade batch prefilter removed=1 missing_addr=0 open_duplicate=1
2026-02-27 09:19:04,384 [INFO] [u_station_ab_night_autotune_v2] trading.auto_trader: AutoTrade adjust token=VIRTUAL reason=min_trade_floor size=$0.03->$0.10 min=$0.10
2026-02-27 09:19:04,384 [INFO] [u_station_ab_night_autotune_v2] trading.auto_trader: AutoTrade skip token=VIRTUAL reason=edge_low mode=both edge=-29.70% raw=-27.50% mult=1.08 min=0.05% probe_min=0.05% edge_usd=$-0.030 min_usd=$0.000 probe_min_usd=$0.000 size=$0.10 gross=3.20% costs=30.70% pwin=0.45 probe=- budget=0/1
2026-02-27 09:19:04,384 [INFO] [u_station_ab_night_autotune_v2] trading.auto_trader: AutoTrade batch mode=top_n candidates=2 eligible=1 selected=1 opened=0 pe=off burst_window=0
2026-02-27 09:19:04,384 [INFO] [u_station_ab_night_autotune_v2] trading.auto_trader: PAPER_SUMMARY window=60s closed_delta=0 wins_delta=0 losses_delta=0 realized_delta=$0.00 total_closed=87 winrate_total=46.0% realized_total=$0.34 balance=$6.89 equity=$7.34 open=1
2026-02-27 09:19:04,453 [INFO] [u_station_ab_night_autotune_v2] __main__: Scanned 4 tokens | High quality: 3 | Alerts sent: 0 | Trade candidates: 2 | Quality out/core/explore/probe: 2/1/1/0 | Opened: 0 | Mode: local | Source: onchain+market | Policy: raw=OK/effective=OK(healthy | route=allow_all) | Regime: YELLOW(avg_cand=1.89) | Safety: checked=2 fail_closed=0 reasons=api_code_4029:2 | FiltersTop(session): safe_change_5m:13,source_qos_cap:11,source_qos_symbol_cap:2,safe_age:2 | Dedup: heavy_skip=0 override=0 | V2Budget: 2/280 | SourceQoS: enabled=1/in=4/out=3/dropped=1/active_cd=0/drops=source_qos_cap:1 | Ingest: q=0/oldest=0.0s/drop_old=0/dedup_skip=0/enq=0/drain=0 | Sources: dex_boosts:ok=1/fail=0/429=0/lim_wait=0/cd_wait=0/err=0.0%/avg=38ms; dexscreener:ok=11/fail=0/429=0/lim_wait=0/cd_wait=0/err=0.0%/avg=43ms | Tasks: 3 | RSS: 0.0MB | CycleAvg: 3.44s
2026-02-27 09:19:08,885 [INFO] [u_station_ab_night_autotune_v2] __main__: WATCHLIST merged count=4
2026-02-27 09:19:08,885 [INFO] [u_station_ab_night_autotune_v2] trading.v2_runtime: V2_UNIVERSE in=4 dedup=4 out=4 target=4 novel_target=4 novel_out=0 repeat_dropped=0 symbol_dropped=0 surge_in=1 surge_target=1 surge_out=1
2026-02-27 09:19:08,885 [INFO] [u_station_ab_night_autotune_v2] __main__: V2_SOURCE_QOS_FILTER in=4 out=3 drops={'source_qos_cap': 1} caps={'watchlist': 3}
2026-02-27 09:19:08,885 [INFO] [u_station_ab_night_autotune_v2] __main__: FILTER_FAIL token=AERO reason=source_qos_cap source=watchlist used=3/3
2026-02-27 09:19:08,885 [INFO] [u_station_ab_night_autotune_v2] __main__: FILTER_PASS token=cbBTC tier=A score=100 mode=YELLOW risk=MEDIUM liq=19850089 vol5m=97610
2026-02-27 09:19:08,885 [INFO] [u_station_ab_night_autotune_v2] __main__: FILTER_FAIL token=FLOW reason=safe_change_5m
2026-02-27 09:19:08,885 [INFO] [u_station_ab_night_autotune_v2] __main__: FILTER_PASS token=VIRTUAL tier=A score=75 mode=YELLOW risk=MEDIUM liq=7750885 vol5m=1094
2026-02-27 09:19:08,885 [INFO] [u_station_ab_night_autotune_v2] __main__: V2_QUALITY_GATE enabled=True regime=YELLOW in=2 out=2 core_out=1 explore_out=1 probe_out=0 quota=1 max_symbol_share=0.500 drop={} sources_used={'watchlist': 2}
2026-02-27 09:19:08,885 [INFO] [u_station_ab_night_autotune_v2] __main__: V2_ENTRY_ROUTE enabled=True regime=YELLOW in=2 out=2 core_out=1 explore_out=1 quota=1 allow_explore=True
2026-02-27 09:19:08,885 [INFO] [u_station_ab_night_autotune_v2] __main__: MARKET_REGIME mode=YELLOW reason=avg_cand=1.90 avg_cand_recent=1.90
2026-02-27 09:19:08,885 [INFO] [u_station_ab_night_autotune_v2] trading.auto_trader: AutoTrade batch prefilter removed=1 missing_addr=0 open_duplicate=1
2026-02-27 09:19:08,902 [INFO] [u_station_ab_night_autotune_v2] trading.auto_trader: AutoTrade adjust token=VIRTUAL reason=min_trade_floor size=$0.03->$0.10 min=$0.10
2026-02-27 09:19:08,903 [INFO] [u_station_ab_night_autotune_v2] trading.auto_trader: AutoTrade skip token=VIRTUAL reason=edge_low mode=both edge=-29.70% raw=-27.50% mult=1.08 min=0.05% probe_min=0.05% edge_usd=$-0.030 min_usd=$0.000 probe_min_usd=$0.000 size=$0.10 gross=3.20% costs=30.70% pwin=0.45 probe=- budget=0/1
2026-02-27 09:19:08,903 [INFO] [u_station_ab_night_autotune_v2] trading.auto_trader: AutoTrade batch mode=top_n candidates=2 eligible=1 selected=1 opened=0 pe=off burst_window=0
2026-02-27 09:19:08,985 [INFO] [u_station_ab_night_autotune_v2] __main__: Scanned 4 tokens | High quality: 3 | Alerts sent: 0 | Trade candidates: 2 | Quality out/core/explore/probe: 2/1/1/0 | Opened: 0 | Mode: local | Source: onchain+market | Policy: raw=OK/effective=OK(healthy | route=allow_all) | Regime: YELLOW(avg_cand=1.90) | Safety: checked=2 fail_closed=0 reasons=api_code_4029:2 | FiltersTop(session): safe_change_5m:14,source_qos_cap:12,source_qos_symbol_cap:2,safe_age:2 | Dedup: heavy_skip=0 override=0 | V2Budget: 2/280 | SourceQoS: enabled=1/in=4/out=3/dropped=1/active_cd=0/drops=source_qos_cap:1 | Ingest: q=0/oldest=0.0s/drop_old=0/dedup_skip=0/enq=0/drain=0 | Sources: dex_boosts:ok=1/fail=0/429=0/lim_wait=0/cd_wait=0/err=0.0%/avg=38ms; dexscreener:ok=11/fail=0/429=0/lim_wait=0/cd_wait=0/err=0.0%/avg=185ms | Tasks: 3 | RSS: 0.0MB | CycleAvg: 3.12s
2026-02-27 09:19:13,387 [INFO] [u_station_ab_night_autotune_v2] __main__: WATCHLIST merged count=4
2026-02-27 09:19:13,387 [INFO] [u_station_ab_night_autotune_v2] trading.v2_runtime: V2_UNIVERSE in=4 dedup=4 out=4 target=4 novel_target=4 novel_out=0 repeat_dropped=0 symbol_dropped=0 surge_in=1 surge_target=1 surge_out=1
2026-02-27 09:19:13,403 [INFO] [u_station_ab_night_autotune_v2] __main__: V2_SOURCE_QOS_FILTER in=4 out=3 drops={'source_qos_cap': 1} caps={'watchlist': 3}
2026-02-27 09:19:13,403 [INFO] [u_station_ab_night_autotune_v2] __main__: FILTER_FAIL token=AERO reason=source_qos_cap source=watchlist used=3/3
2026-02-27 09:19:13,403 [INFO] [u_station_ab_night_autotune_v2] __main__: FILTER_PASS token=cbBTC tier=A score=100 mode=YELLOW risk=MEDIUM liq=19850089 vol5m=97610
2026-02-27 09:19:13,403 [INFO] [u_station_ab_night_autotune_v2] __main__: FILTER_FAIL token=FLOW reason=safe_change_5m
2026-02-27 09:19:13,403 [INFO] [u_station_ab_night_autotune_v2] __main__: FILTER_PASS token=VIRTUAL tier=A score=75 mode=YELLOW risk=MEDIUM liq=7750885 vol5m=1094
2026-02-27 09:19:13,403 [INFO] [u_station_ab_night_autotune_v2] __main__: V2_QUALITY_GATE enabled=True regime=YELLOW in=2 out=2 core_out=1 explore_out=1 probe_out=0 quota=1 max_symbol_share=0.500 drop={} sources_used={'watchlist': 2}
2026-02-27 09:19:13,403 [INFO] [u_station_ab_night_autotune_v2] __main__: V2_ENTRY_ROUTE enabled=True regime=YELLOW in=2 out=2 core_out=1 explore_out=1 quota=1 allow_explore=True
2026-02-27 09:19:13,403 [INFO] [u_station_ab_night_autotune_v2] __main__: MARKET_REGIME mode=YELLOW reason=avg_cand=1.91 avg_cand_recent=1.91
2026-02-27 09:19:13,403 [INFO] [u_station_ab_night_autotune_v2] trading.auto_trader: AutoTrade batch prefilter removed=1 missing_addr=0 open_duplicate=1
2026-02-27 09:19:13,410 [INFO] [u_station_ab_night_autotune_v2] trading.auto_trader: AutoTrade adjust token=VIRTUAL reason=min_trade_floor size=$0.03->$0.10 min=$0.10
2026-02-27 09:19:13,410 [INFO] [u_station_ab_night_autotune_v2] trading.auto_trader: AutoTrade skip token=VIRTUAL reason=edge_low mode=both edge=-29.70% raw=-27.50% mult=1.08 min=0.05% probe_min=0.05% edge_usd=$-0.030 min_usd=$0.000 probe_min_usd=$0.000 size=$0.10 gross=3.20% costs=30.70% pwin=0.45 probe=- budget=0/1
2026-02-27 09:19:13,410 [INFO] [u_station_ab_night_autotune_v2] trading.auto_trader: AutoTrade batch mode=top_n candidates=2 eligible=1 selected=1 opened=0 pe=off burst_window=0
2026-02-27 09:19:13,603 [INFO] [u_station_ab_night_autotune_v2] __main__: Scanned 4 tokens | High quality: 3 | Alerts sent: 0 | Trade candidates: 2 | Quality out/core/explore/probe: 2/1/1/0 | Opened: 0 | Mode: local | Source: onchain+market | Policy: raw=OK/effective=OK(healthy | route=allow_all) | Regime: YELLOW(avg_cand=1.91) | Safety: checked=2 fail_closed=0 reasons=api_code_4029:2 | FiltersTop(session): safe_change_5m:15,source_qos_cap:13,source_qos_symbol_cap:2,safe_age:2 | Dedup: heavy_skip=0 override=0 | V2Budget: 2/280 | SourceQoS: enabled=1/in=4/out=3/dropped=1/active_cd=0/drops=source_qos_cap:1 | Ingest: q=0/oldest=0.0s/drop_old=0/dedup_skip=0/enq=0/drain=0 | Sources: dex_boosts:ok=1/fail=0/429=0/lim_wait=0/cd_wait=0/err=0.0%/avg=34ms; dexscreener:ok=11/fail=0/429=0/lim_wait=0/cd_wait=0/err=0.0%/avg=39ms | Tasks: 3 | RSS: 0.0MB | CycleAvg: 2.86s
2026-02-27 09:19:17,897 [INFO] [u_station_ab_night_autotune_v2] monitor.onchain_factory: PAIR_DETECTED source=uniswap_v2 dex=uniswap_v2 pair=0x36e7fe55f22592776c8d53dc88f3818b9b50a34f token0=0x2ed32ec25b40eb1a37fb2dcef73f488e4c4ceb07 token1=0x4200000000000000000000000000000000000006 block=42695502 factory=0x8909dc15e40173ff4699343b6eb8132c65e18ec6
2026-02-27 09:19:18,803 [INFO] [u_station_ab_night_autotune_v2] monitor.onchain_factory: ENRICH_RETRY token=0x2ed32ec25b40eb1a37fb2dcef73f488e4c4ceb07 pair=0x36e7fe55f22592776c8d53dc88f3818b9b50a34f attempt=1/2 delay=10s
2026-02-27 09:19:28,935 [INFO] [u_station_ab_night_autotune_v2] __main__: WATCHLIST merged count=4
2026-02-27 09:19:28,938 [INFO] [u_station_ab_night_autotune_v2] trading.v2_runtime: V2_UNIVERSE in=4 dedup=4 out=4 target=4 novel_target=4 novel_out=0 repeat_dropped=0 symbol_dropped=0 surge_in=1 surge_target=1 surge_out=1
2026-02-27 09:19:28,939 [INFO] [u_station_ab_night_autotune_v2] __main__: V2_SOURCE_QOS_FILTER in=4 out=3 drops={'source_qos_cap': 1} caps={'watchlist': 3}
2026-02-27 09:19:28,939 [INFO] [u_station_ab_night_autotune_v2] __main__: FILTER_FAIL token=AERO reason=source_qos_cap source=watchlist used=3/3
2026-02-27 09:19:28,939 [INFO] [u_station_ab_night_autotune_v2] __main__: FILTER_PASS token=cbBTC tier=A score=100 mode=YELLOW risk=MEDIUM liq=19850089 vol5m=97610
2026-02-27 09:19:28,939 [INFO] [u_station_ab_night_autotune_v2] __main__: FILTER_FAIL token=FLOW reason=safe_change_5m
2026-02-27 09:19:28,939 [INFO] [u_station_ab_night_autotune_v2] __main__: FILTER_PASS token=VIRTUAL tier=A score=75 mode=YELLOW risk=MEDIUM liq=7750885 vol5m=1094
2026-02-27 09:19:28,939 [INFO] [u_station_ab_night_autotune_v2] __main__: V2_QUALITY_GATE enabled=True regime=YELLOW in=2 out=2 core_out=1 explore_out=1 probe_out=0 quota=1 max_symbol_share=0.500 drop={} sources_used={'watchlist': 2}
2026-02-27 09:19:28,939 [INFO] [u_station_ab_night_autotune_v2] __main__: V2_ENTRY_ROUTE enabled=True regime=YELLOW in=2 out=2 core_out=1 explore_out=1 quota=1 allow_explore=True
2026-02-27 09:19:28,939 [INFO] [u_station_ab_night_autotune_v2] __main__: MARKET_REGIME mode=YELLOW reason=avg_cand=1.92 avg_cand_recent=1.92
2026-02-27 09:19:28,939 [INFO] [u_station_ab_night_autotune_v2] trading.auto_trader: AutoTrade batch prefilter removed=1 missing_addr=0 open_duplicate=1
2026-02-27 09:19:28,939 [INFO] [u_station_ab_night_autotune_v2] trading.auto_trader: AutoTrade adjust token=VIRTUAL reason=min_trade_floor size=$0.03->$0.10 min=$0.10
2026-02-27 09:19:28,939 [INFO] [u_station_ab_night_autotune_v2] trading.auto_trader: AutoTrade skip token=VIRTUAL reason=edge_low mode=both edge=-29.70% raw=-27.50% mult=1.08 min=0.05% probe_min=0.05% edge_usd=$-0.030 min_usd=$0.000 probe_min_usd=$0.000 size=$0.10 gross=3.20% costs=30.70% pwin=0.45 probe=- budget=0/1
2026-02-27 09:19:28,939 [INFO] [u_station_ab_night_autotune_v2] trading.auto_trader: AutoTrade batch mode=top_n candidates=2 eligible=1 selected=1 opened=0 pe=off burst_window=0
2026-02-27 09:19:29,132 [INFO] [u_station_ab_night_autotune_v2] __main__: Scanned 4 tokens | High quality: 3 | Alerts sent: 0 | Trade candidates: 2 | Quality out/core/explore/probe: 2/1/1/0 | Opened: 0 | Mode: local | Source: onchain+market | Policy: raw=OK/effective=OK(healthy | route=allow_all) | Regime: YELLOW(avg_cand=1.92) | Safety: checked=2 fail_closed=0 reasons=api_code_4029:2 | FiltersTop(session): safe_change_5m:16,source_qos_cap:14,source_qos_symbol_cap:2,safe_age:2 | Dedup: heavy_skip=0 override=0 | V2Budget: 2/280 | SourceQoS: enabled=1/in=4/out=3/dropped=1/active_cd=0/drops=source_qos_cap:1 | Ingest: q=1/oldest=9.0s/drop_old=0/dedup_skip=0/enq=1/drain=0 | Sources: dex_boosts:ok=1/fail=0/429=0/lim_wait=0/cd_wait=0/err=0.0%/avg=58ms; dexscreener:ok=11/fail=0/429=0/lim_wait=1/cd_wait=0/err=0.0%/avg=61ms; geckoterminal:ok=1/fail=0/429=0/lim_wait=0/cd_wait=0/err=0.0%/avg=275ms; onchain_enrich:ok=4/fail=0/429=0/lim_wait=0/cd_wait=0/err=0.0%/avg=209ms; onchain_weth_price:ok=1/fail=0/429=0/lim_wait=0/cd_wait=0/err=0.0%/avg=54ms | Tasks: 3 | RSS: 0.0MB | CycleAvg: 2.65s
2026-02-27 09:19:33,403 [INFO] [u_station_ab_night_autotune_v2] monitor.onchain_factory: PAIR_DETECTED source=uniswap_v2 dex=uniswap_v2 pair=0x26b0fc1d30b731c6e558e23774aed71db4912f7a token0=0x4200000000000000000000000000000000000006 token1=0xad905f13a39518e468b71f7eea9d2aba01a5963c block=42695511 factory=0x8909dc15e40173ff4699343b6eb8132c65e18ec6
2026-02-27 09:19:33,663 [INFO] [u_station_ab_night_autotune_v2] monitor.onchain_factory: ENRICH_RETRY token=0x2ed32ec25b40eb1a37fb2dcef73f488e4c4ceb07 pair=0x36e7fe55f22592776c8d53dc88f3818b9b50a34f attempt=1/2 delay=10s
2026-02-27 09:19:33,866 [INFO] [u_station_ab_night_autotune_v2] monitor.onchain_factory: ENRICH_RETRY token=0xad905f13a39518e468b71f7eea9d2aba01a5963c pair=0x26b0fc1d30b731c6e558e23774aed71db4912f7a attempt=1/2 delay=10s
2026-02-27 09:19:43,952 [INFO] [u_station_ab_night_autotune_v2] __main__: WATCHLIST merged count=4
2026-02-27 09:19:43,953 [INFO] [u_station_ab_night_autotune_v2] trading.v2_runtime: V2_UNIVERSE in=5 dedup=5 out=5 target=5 novel_target=5 novel_out=0 repeat_dropped=0 symbol_dropped=0 surge_in=1 surge_target=1 surge_out=1
2026-02-27 09:19:43,953 [INFO] [u_station_ab_night_autotune_v2] __main__: V2_SOURCE_QOS_FILTER in=5 out=3 drops={'source_qos_cap': 2} caps={'watchlist': 2, 'geckoterminal': 287}
2026-02-27 09:19:43,953 [INFO] [u_station_ab_night_autotune_v2] __main__: FILTER_FAIL token=VIRTUAL reason=source_qos_cap source=watchlist used=2/2
2026-02-27 09:19:43,953 [INFO] [u_station_ab_night_autotune_v2] __main__: FILTER_FAIL token=AERO reason=source_qos_cap source=watchlist used=2/2
2026-02-27 09:19:43,953 [INFO] [u_station_ab_night_autotune_v2] __main__: FILTER_PASS token=cbBTC tier=A score=100 mode=YELLOW risk=MEDIUM liq=19850089 vol5m=97610
2026-02-27 09:19:43,953 [INFO] [u_station_ab_night_autotune_v2] __main__: FILTER_FAIL token=FLOW reason=safe_change_5m
2026-02-27 09:19:43,953 [INFO] [u_station_ab_night_autotune_v2] __main__: FILTER_FAIL token=ONYX reason=safe_volume vol5m=0 min=6 regime=YELLOW
2026-02-27 09:19:43,953 [INFO] [u_station_ab_night_autotune_v2] __main__: V2_QUALITY_GATE enabled=True regime=YELLOW in=1 out=1 core_out=1 explore_out=0 probe_out=0 quota=0 max_symbol_share=1.000 drop={} sources_used={'watchlist': 1}
2026-02-27 09:19:43,953 [INFO] [u_station_ab_night_autotune_v2] __main__: V2_ENTRY_ROUTE enabled=True regime=YELLOW in=1 out=1 core_out=1 explore_out=0 quota=0 allow_explore=True
2026-02-27 09:19:43,953 [INFO] [u_station_ab_night_autotune_v2] __main__: MARKET_REGIME mode=YELLOW reason=avg_cand=1.83 avg_cand_recent=1.83
2026-02-27 09:19:43,953 [INFO] [u_station_ab_night_autotune_v2] trading.auto_trader: AutoTrade batch prefilter removed=1 missing_addr=0 open_duplicate=1
2026-02-27 09:19:44,135 [INFO] [u_station_ab_night_autotune_v2] __main__: Scanned 5 tokens | High quality: 2 | Alerts sent: 0 | Trade candidates: 1 | Quality out/core/explore/probe: 1/1/0/0 | Opened: 0 | Mode: local | Source: onchain+market | Policy: raw=OK/effective=OK(healthy | route=allow_all) | Regime: YELLOW(avg_cand=1.83) | Safety: checked=1 fail_closed=0 reasons=api_code_4029:1 | FiltersTop(session): safe_change_5m:17,source_qos_cap:16,source_qos_symbol_cap:2,safe_age:2 | Dedup: heavy_skip=0 override=0 | V2Budget: 1/280 | SourceQoS: enabled=1/in=5/out=3/dropped=2/active_cd=0/drops=source_qos_cap:2 | Ingest: q=0/oldest=0.0s/drop_old=0/dedup_skip=0/enq=0/drain=1 | Sources: dex_boosts:ok=1/fail=0/429=0/lim_wait=0/cd_wait=0/err=0.0%/avg=30ms; dexscreener:ok=11/fail=0/429=0/lim_wait=1/cd_wait=0/err=0.0%/avg=94ms; onchain_enrich:ok=8/fail=0/429=0/lim_wait=0/cd_wait=0/err=0.0%/avg=73ms | Tasks: 3 | RSS: 0.0MB | CycleAvg: 3.39s
2026-02-27 09:19:48,417 [INFO] [u_station_ab_night_autotune_v2] monitor.onchain_factory: PAIR_DETECTED source=uniswap_v2 dex=uniswap_v2 pair=0xfbec370ba738c33d02a7956048599e9837198b9d token0=0x4200000000000000000000000000000000000006 token1=0xe9e5c558496f3caa7cecd3aaa8ae0bc6df2167d3 block=42695515 factory=0x8909dc15e40173ff4699343b6eb8132c65e18ec6
2026-02-27 09:19:48,670 [INFO] [u_station_ab_night_autotune_v2] monitor.onchain_factory: ENRICH_RETRY token=0xad905f13a39518e468b71f7eea9d2aba01a5963c pair=0x26b0fc1d30b731c6e558e23774aed71db4912f7a attempt=1/2 delay=10s
2026-02-27 09:19:49,101 [INFO] [u_station_ab_night_autotune_v2] monitor.onchain_factory: ENRICH_RETRY token=0xe9e5c558496f3caa7cecd3aaa8ae0bc6df2167d3 pair=0xfbec370ba738c33d02a7956048599e9837198b9d attempt=1/2 delay=10s
2026-02-27 09:19:59,185 [INFO] [u_station_ab_night_autotune_v2] __main__: WATCHLIST merged count=4
2026-02-27 09:19:59,201 [INFO] [u_station_ab_night_autotune_v2] trading.v2_runtime: V2_UNIVERSE in=5 dedup=5 out=5 target=5 novel_target=5 novel_out=1 repeat_dropped=0 symbol_dropped=0 surge_in=1 surge_target=1 surge_out=1
2026-02-27 09:19:59,201 [INFO] [u_station_ab_night_autotune_v2] __main__: V2_SOURCE_QOS_FILTER in=5 out=3 drops={'source_qos_cap': 2} caps={'watchlist': 2, 'unknown': 0}
2026-02-27 09:19:59,201 [INFO] [u_station_ab_night_autotune_v2] __main__: FILTER_FAIL token=VIRTUAL reason=source_qos_cap source=watchlist used=2/2
2026-02-27 09:19:59,205 [INFO] [u_station_ab_night_autotune_v2] __main__: FILTER_FAIL token=AERO reason=source_qos_cap source=watchlist used=2/2
2026-02-27 09:19:59,205 [INFO] [u_station_ab_night_autotune_v2] __main__: FILTER_PASS token=cbBTC tier=A score=100 mode=YELLOW risk=MEDIUM liq=19850089 vol5m=97610
2026-02-27 09:19:59,205 [INFO] [u_station_ab_night_autotune_v2] __main__: FILTER_FAIL token=FLOW reason=safe_change_5m
2026-02-27 09:19:59,205 [INFO] [u_station_ab_night_autotune_v2] __main__: FILTER_FAIL token=NotDivided reason=score_min score=40 strict_min=48 soft_min=48 mode=YELLOW
2026-02-27 09:19:59,205 [INFO] [u_station_ab_night_autotune_v2] __main__: V2_QUALITY_GATE enabled=True regime=YELLOW in=1 out=1 core_out=1 explore_out=0 probe_out=0 quota=0 max_symbol_share=1.000 drop={} sources_used={'watchlist': 1}
2026-02-27 09:19:59,205 [INFO] [u_station_ab_night_autotune_v2] __main__: V2_ENTRY_ROUTE enabled=True regime=YELLOW in=1 out=1 core_out=1 explore_out=0 quota=0 allow_explore=True
2026-02-27 09:19:59,205 [INFO] [u_station_ab_night_autotune_v2] __main__: MARKET_REGIME mode=YELLOW reason=avg_cand=1.75 avg_cand_recent=1.75
2026-02-27 09:19:59,205 [INFO] [u_station_ab_night_autotune_v2] trading.auto_trader: AutoTrade batch prefilter removed=1 missing_addr=0 open_duplicate=1
2026-02-27 09:19:59,371 [INFO] [u_station_ab_night_autotune_v2] __main__: Scanned 5 tokens | High quality: 2 | Alerts sent: 0 | Trade candidates: 1 | Quality out/core/explore/probe: 1/1/0/0 | Opened: 0 | Mode: local | Source: onchain+market | Policy: raw=OK/effective=OK(healthy | route=allow_all) | Regime: YELLOW(avg_cand=1.75) | Safety: checked=1 fail_closed=0 reasons=api_code_4029:1 | FiltersTop(session): source_qos_cap:18,safe_change_5m:18,source_qos_symbol_cap:2,safe_age:2 | Dedup: heavy_skip=0 override=0 | V2Budget: 1/280 | SourceQoS: enabled=1/in=5/out=3/dropped=2/active_cd=0/drops=source_qos_cap:2 | Ingest: q=0/oldest=0.0s/drop_old=0/dedup_skip=0/enq=0/drain=0 | Sources: dex_boosts:ok=1/fail=0/429=0/lim_wait=0/cd_wait=0/err=0.0%/avg=35ms; dexscreener:ok=11/fail=0/429=0/lim_wait=0/cd_wait=0/err=0.0%/avg=149ms; onchain_enrich:ok=9/fail=0/429=0/lim_wait=0/cd_wait=0/err=0.0%/avg=111ms | Tasks: 3 | RSS: 0.0MB | CycleAvg: 3.98s
2026-02-27 09:20:03,687 [INFO] [u_station_ab_night_autotune_v2] monitor.onchain_factory: PAIR_DETECTED source=uniswap_v2 dex=uniswap_v2 pair=0x9f3dd8a2b621837fbfcf88ff80402ccae7fd5d79 token0=0x4200000000000000000000000000000000000006 token1=0x7a5c29252ebfcdd2aa0c4bd690539d72585d139b block=42695520 factory=0x8909dc15e40173ff4699343b6eb8132c65e18ec6
2026-02-27 09:20:03,974 [INFO] [u_station_ab_night_autotune_v2] monitor.onchain_factory: ENRICH_RETRY token=0xad905f13a39518e468b71f7eea9d2aba01a5963c pair=0x26b0fc1d30b731c6e558e23774aed71db4912f7a attempt=1/2 delay=10s
2026-02-27 09:20:03,985 [INFO] [u_station_ab_night_autotune_v2] monitor.onchain_factory: ENRICH_RETRY token=0xe9e5c558496f3caa7cecd3aaa8ae0bc6df2167d3 pair=0xfbec370ba738c33d02a7956048599e9837198b9d attempt=1/2 delay=10s
2026-02-27 09:20:04,125 [INFO] [u_station_ab_night_autotune_v2] monitor.onchain_factory: ENRICH_RETRY token=0x7a5c29252ebfcdd2aa0c4bd690539d72585d139b pair=0x9f3dd8a2b621837fbfcf88ff80402ccae7fd5d79 attempt=1/2 delay=10s
2026-02-27 09:20:14,355 [INFO] [u_station_ab_night_autotune_v2] __main__: WATCHLIST merged count=4
2026-02-27 09:20:14,355 [INFO] [u_station_ab_night_autotune_v2] trading.v2_runtime: V2_UNIVERSE in=4 dedup=4 out=4 target=4 novel_target=4 novel_out=0 repeat_dropped=0 symbol_dropped=0 surge_in=1 surge_target=1 surge_out=1
2026-02-27 09:20:14,355 [INFO] [u_station_ab_night_autotune_v2] __main__: V2_SOURCE_QOS_FILTER in=4 out=3 drops={'source_qos_cap': 1} caps={'watchlist': 3}
2026-02-27 09:20:14,355 [INFO] [u_station_ab_night_autotune_v2] __main__: FILTER_FAIL token=AERO reason=source_qos_cap source=watchlist used=3/3
2026-02-27 09:20:14,355 [INFO] [u_station_ab_night_autotune_v2] __main__: FILTER_PASS token=cbBTC tier=A score=100 mode=YELLOW risk=MEDIUM liq=19850089 vol5m=97610
2026-02-27 09:20:14,355 [INFO] [u_station_ab_night_autotune_v2] __main__: FILTER_FAIL token=FLOW reason=safe_change_5m
2026-02-27 09:20:14,355 [INFO] [u_station_ab_night_autotune_v2] __main__: FILTER_PASS token=VIRTUAL tier=A score=75 mode=YELLOW risk=MEDIUM liq=7750885 vol5m=1094
2026-02-27 09:20:14,355 [INFO] [u_station_ab_night_autotune_v2] __main__: V2_QUALITY_GATE enabled=True regime=YELLOW in=2 out=2 core_out=1 explore_out=1 probe_out=0 quota=1 max_symbol_share=0.500 drop={} sources_used={'watchlist': 2}
2026-02-27 09:20:14,355 [INFO] [u_station_ab_night_autotune_v2] __main__: V2_ENTRY_ROUTE enabled=True regime=YELLOW in=2 out=2 core_out=1 explore_out=1 quota=1 allow_explore=True
2026-02-27 09:20:14,355 [INFO] [u_station_ab_night_autotune_v2] __main__: MARKET_REGIME mode=YELLOW reason=avg_cand=1.83 avg_cand_recent=1.83
2026-02-27 09:20:14,355 [INFO] [u_station_ab_night_autotune_v2] trading.auto_trader: AutoTrade batch prefilter removed=1 missing_addr=0 open_duplicate=1
2026-02-27 09:20:14,391 [INFO] [u_station_ab_night_autotune_v2] trading.auto_trader: AutoTrade adjust token=VIRTUAL reason=min_trade_floor size=$0.03->$0.10 min=$0.10
2026-02-27 09:20:14,392 [INFO] [u_station_ab_night_autotune_v2] trading.auto_trader: AutoTrade skip token=VIRTUAL reason=edge_low mode=both edge=-29.70% raw=-27.50% mult=1.08 min=0.05% probe_min=0.05% edge_usd=$-0.030 min_usd=$0.000 probe_min_usd=$0.000 size=$0.10 gross=3.20% costs=30.70% pwin=0.45 probe=- budget=0/1
2026-02-27 09:20:14,393 [INFO] [u_station_ab_night_autotune_v2] trading.auto_trader: AutoTrade batch mode=top_n candidates=2 eligible=1 selected=1 opened=0 pe=off burst_window=0
2026-02-27 09:20:14,393 [INFO] [u_station_ab_night_autotune_v2] trading.auto_trader: PAPER_SUMMARY window=60s closed_delta=0 wins_delta=0 losses_delta=0 realized_delta=$0.00 total_closed=87 winrate_total=46.0% realized_total=$0.34 balance=$6.89 equity=$7.34 open=1
2026-02-27 09:20:14,672 [INFO] [u_station_ab_night_autotune_v2] __main__: Scanned 4 tokens | High quality: 3 | Alerts sent: 0 | Trade candidates: 2 | Quality out/core/explore/probe: 2/1/1/0 | Opened: 0 | Mode: local | Source: onchain+market | Policy: raw=OK/effective=OK(healthy | route=allow_all) | Regime: YELLOW(avg_cand=1.83) | Safety: checked=2 fail_closed=0 reasons=api_code_4029:2 | FiltersTop(session): source_qos_cap:19,safe_change_5m:19,source_qos_symbol_cap:2,safe_age:2 | Dedup: heavy_skip=0 override=0 | V2Budget: 2/280 | SourceQoS: enabled=1/in=4/out=3/dropped=1/active_cd=0/drops=source_qos_cap:1 | Ingest: q=0/oldest=0.0s/drop_old=0/dedup_skip=0/enq=0/drain=0 | Sources: dex_boosts:ok=1/fail=0/429=0/lim_wait=0/cd_wait=0/err=0.0%/avg=46ms; dexscreener:ok=11/fail=0/429=0/lim_wait=0/cd_wait=0/err=0.0%/avg=108ms; onchain_enrich:ok=12/fail=0/429=0/lim_wait=0/cd_wait=0/err=0.0%/avg=92ms | Tasks: 3 | RSS: 0.0MB | CycleAvg: 4.49s
2026-02-27 09:20:19,129 [INFO] [u_station_ab_night_autotune_v2] monitor.onchain_factory: ENRICH_RETRY token=0xe9e5c558496f3caa7cecd3aaa8ae0bc6df2167d3 pair=0xfbec370ba738c33d02a7956048599e9837198b9d attempt=1/2 delay=10s
2026-02-27 09:20:19,138 [INFO] [u_station_ab_night_autotune_v2] monitor.onchain_factory: ENRICH_RETRY token=0xad905f13a39518e468b71f7eea9d2aba01a5963c pair=0x26b0fc1d30b731c6e558e23774aed71db4912f7a attempt=1/2 delay=10s
2026-02-27 09:20:19,194 [INFO] [u_station_ab_night_autotune_v2] monitor.onchain_factory: ENRICH_RETRY token=0x7a5c29252ebfcdd2aa0c4bd690539d72585d139b pair=0x9f3dd8a2b621837fbfcf88ff80402ccae7fd5d79 attempt=1/2 delay=10s
2026-02-27 09:20:29,332 [INFO] [u_station_ab_night_autotune_v2] __main__: WATCHLIST merged count=4
2026-02-27 09:20:29,332 [INFO] [u_station_ab_night_autotune_v2] trading.v2_runtime: V2_UNIVERSE in=5 dedup=5 out=5 target=5 novel_target=5 novel_out=1 repeat_dropped=0 symbol_dropped=0 surge_in=1 surge_target=1 surge_out=1
2026-02-27 09:20:29,332 [INFO] [u_station_ab_night_autotune_v2] __main__: V2_SOURCE_QOS_FILTER in=5 out=3 drops={'source_qos_cap': 2} caps={'watchlist': 2, 'unknown': 0}
2026-02-27 09:20:29,332 [INFO] [u_station_ab_night_autotune_v2] __main__: FILTER_FAIL token=VIRTUAL reason=source_qos_cap source=watchlist used=2/2
2026-02-27 09:20:29,332 [INFO] [u_station_ab_night_autotune_v2] __main__: FILTER_FAIL token=AERO reason=source_qos_cap source=watchlist used=2/2
2026-02-27 09:20:29,332 [INFO] [u_station_ab_night_autotune_v2] __main__: FILTER_PASS token=cbBTC tier=A score=100 mode=YELLOW risk=MEDIUM liq=19850089 vol5m=97610
2026-02-27 09:20:29,332 [INFO] [u_station_ab_night_autotune_v2] __main__: FILTER_FAIL token=FLOW reason=safe_change_5m
2026-02-27 09:20:29,332 [INFO] [u_station_ab_night_autotune_v2] __main__: FILTER_FAIL token=MY reason=score_min score=20 strict_min=48 soft_min=48 mode=YELLOW
2026-02-27 09:20:29,332 [INFO] [u_station_ab_night_autotune_v2] __main__: V2_QUALITY_GATE enabled=True regime=YELLOW in=1 out=1 core_out=1 explore_out=0 probe_out=0 quota=0 max_symbol_share=1.000 drop={} sources_used={'watchlist': 1}
2026-02-27 09:20:29,332 [INFO] [u_station_ab_night_autotune_v2] __main__: V2_ENTRY_ROUTE enabled=True regime=YELLOW in=1 out=1 core_out=1 explore_out=0 quota=0 allow_explore=True
2026-02-27 09:20:29,332 [INFO] [u_station_ab_night_autotune_v2] __main__: MARKET_REGIME mode=YELLOW reason=avg_cand=1.75 avg_cand_recent=1.75
2026-02-27 09:20:29,332 [INFO] [u_station_ab_night_autotune_v2] trading.auto_trader: AutoTrade batch prefilter removed=1 missing_addr=0 open_duplicate=1
2026-02-27 09:20:29,490 [INFO] [u_station_ab_night_autotune_v2] __main__: Scanned 5 tokens | High quality: 2 | Alerts sent: 0 | Trade candidates: 1 | Quality out/core/explore/probe: 1/1/0/0 | Opened: 0 | Mode: local | Source: onchain+market | Policy: raw=OK/effective=OK(healthy | route=allow_all) | Regime: YELLOW(avg_cand=1.75) | Safety: checked=1 fail_closed=0 reasons=api_code_4029:1 | FiltersTop(session): source_qos_cap:21,safe_change_5m:20,source_qos_symbol_cap:2,safe_age:2 | Dedup: heavy_skip=0 override=0 | V2Budget: 1/280 | SourceQoS: enabled=1/in=5/out=3/dropped=2/active_cd=0/drops=source_qos_cap:2 | Ingest: q=0/oldest=0.0s/drop_old=0/dedup_skip=0/enq=0/drain=0 | Sources: dex_boosts:ok=1/fail=0/429=0/lim_wait=0/cd_wait=0/err=0.0%/avg=160ms; dexscreener:ok=11/fail=0/429=0/lim_wait=0/cd_wait=0/err=0.0%/avg=268ms; onchain_enrich:ok=11/fail=0/429=0/lim_wait=0/cd_wait=0/err=0.0%/avg=56ms; onchain_weth_price:ok=1/fail=0/429=0/lim_wait=0/cd_wait=0/err=0.0%/avg=54ms | Tasks: 3 | RSS: 0.0MB | CycleAvg: 4.95s
2026-02-27 09:20:33,953 [INFO] [u_station_ab_night_autotune_v2] monitor.onchain_factory: ENRICH_RETRY token=0xad905f13a39518e468b71f7eea9d2aba01a5963c pair=0x26b0fc1d30b731c6e558e23774aed71db4912f7a attempt=1/2 delay=10s
2026-02-27 09:20:33,969 [INFO] [u_station_ab_night_autotune_v2] monitor.onchain_factory: ENRICH_RETRY token=0x7a5c29252ebfcdd2aa0c4bd690539d72585d139b pair=0x9f3dd8a2b621837fbfcf88ff80402ccae7fd5d79 attempt=1/2 delay=10s
2026-02-27 09:20:44,174 [INFO] [u_station_ab_night_autotune_v2] __main__: WATCHLIST merged count=4
2026-02-27 09:20:44,175 [INFO] [u_station_ab_night_autotune_v2] trading.v2_runtime: V2_UNIVERSE in=5 dedup=5 out=5 target=5 novel_target=5 novel_out=1 repeat_dropped=0 symbol_dropped=0 surge_in=1 surge_target=1 surge_out=1
2026-02-27 09:20:44,175 [INFO] [u_station_ab_night_autotune_v2] __main__: V2_SOURCE_QOS_FILTER in=5 out=3 drops={'source_qos_cap': 2} caps={'watchlist': 2, 'unknown': 0}
2026-02-27 09:20:44,176 [INFO] [u_station_ab_night_autotune_v2] __main__: FILTER_FAIL token=VIRTUAL reason=source_qos_cap source=watchlist used=2/2
2026-02-27 09:20:44,178 [INFO] [u_station_ab_night_autotune_v2] __main__: FILTER_FAIL token=AERO reason=source_qos_cap source=watchlist used=2/2
2026-02-27 09:20:44,178 [INFO] [u_station_ab_night_autotune_v2] __main__: FILTER_PASS token=cbBTC tier=A score=100 mode=YELLOW risk=MEDIUM liq=19850089 vol5m=97610
2026-02-27 09:20:44,178 [INFO] [u_station_ab_night_autotune_v2] __main__: FILTER_FAIL token=FLOW reason=safe_change_5m
2026-02-27 09:20:44,178 [INFO] [u_station_ab_night_autotune_v2] __main__: FILTER_FAIL token=Jellybean reason=safe_age
2026-02-27 09:20:44,178 [INFO] [u_station_ab_night_autotune_v2] __main__: V2_QUALITY_GATE enabled=True regime=YELLOW in=1 out=1 core_out=1 explore_out=0 probe_out=0 quota=0 max_symbol_share=1.000 drop={} sources_used={'watchlist': 1}
2026-02-27 09:20:44,178 [INFO] [u_station_ab_night_autotune_v2] __main__: V2_ENTRY_ROUTE enabled=True regime=YELLOW in=1 out=1 core_out=1 explore_out=0 quota=0 allow_explore=True
2026-02-27 09:20:44,178 [INFO] [u_station_ab_night_autotune_v2] __main__: MARKET_REGIME mode=YELLOW reason=avg_cand=1.67 avg_cand_recent=1.67
2026-02-27 09:20:44,178 [INFO] [u_station_ab_night_autotune_v2] trading.auto_trader: AutoTrade batch prefilter removed=1 missing_addr=0 open_duplicate=1
2026-02-27 09:20:44,353 [INFO] [u_station_ab_night_autotune_v2] __main__: Scanned 5 tokens | High quality: 2 | Alerts sent: 0 | Trade candidates: 1 | Quality out/core/explore/probe: 1/1/0/0 | Opened: 0 | Mode: local | Source: onchain+market | Policy: raw=OK/effective=OK(healthy | route=allow_all) | Regime: YELLOW(avg_cand=1.67) | Safety: checked=1 fail_closed=0 reasons=api_code_4029:1 | FiltersTop(session): source_qos_cap:23,safe_change_5m:21,safe_age:3,source_qos_symbol_cap:2 | Dedup: heavy_skip=0 override=0 | V2Budget: 1/280 | SourceQoS: enabled=1/in=5/out=3/dropped=2/active_cd=0/drops=source_qos_cap:2 | Ingest: q=1/oldest=8.8s/drop_old=0/dedup_skip=0/enq=1/drain=0 | Sources: dex_boosts:ok=1/fail=0/429=0/lim_wait=0/cd_wait=0/err=0.0%/avg=31ms; dexscreener:ok=11/fail=0/429=0/lim_wait=0/cd_wait=0/err=0.0%/avg=39ms; geckoterminal:ok=1/fail=0/429=0/lim_wait=0/cd_wait=0/err=0.0%/avg=417ms; onchain_enrich:ok=7/fail=0/429=0/lim_wait=0/cd_wait=0/err=0.0%/avg=55ms | Tasks: 3 | RSS: 0.0MB | CycleAvg: 5.32s
2026-02-27 09:20:48,772 [INFO] [u_station_ab_night_autotune_v2] monitor.onchain_factory: PAIR_DETECTED source=uniswap_v3 dex=uniswap_v3 pair=0x2061ef9e3f87d308c7a122b30b3a666c2e12615b token0=0x4200000000000000000000000000000000000006 token1=0xbecf1610d39f2554b8739745e1a8c7a69f8261ce block=42695542 factory=0x33128a8fc17869897dce68ed026d694621f6fdfd
2026-02-27 09:20:49,005 [INFO] [u_station_ab_night_autotune_v2] monitor.onchain_factory: ENRICH_RETRY token=0xbecf1610d39f2554b8739745e1a8c7a69f8261ce pair=0x2061ef9e3f87d308c7a122b30b3a666c2e12615b attempt=1/2 delay=10s
2026-02-27 09:20:59,085 [INFO] [u_station_ab_night_autotune_v2] __main__: WATCHLIST merged count=4
2026-02-27 09:20:59,085 [INFO] [u_station_ab_night_autotune_v2] trading.v2_runtime: V2_UNIVERSE in=6 dedup=6 out=6 target=6 novel_target=6 novel_out=1 repeat_dropped=0 symbol_dropped=0 surge_in=1 surge_target=1 surge_out=1
2026-02-27 09:20:59,085 [INFO] [u_station_ab_night_autotune_v2] __main__: V2_SOURCE_QOS_FILTER in=6 out=4 drops={'source_qos_cap': 2} caps={'watchlist': 2, 'unknown': 0, 'geckoterminal': 287}
2026-02-27 09:20:59,085 [INFO] [u_station_ab_night_autotune_v2] __main__: FILTER_FAIL token=VIRTUAL reason=source_qos_cap source=watchlist used=2/2
2026-02-27 09:20:59,085 [INFO] [u_station_ab_night_autotune_v2] __main__: FILTER_FAIL token=AERO reason=source_qos_cap source=watchlist used=2/2
2026-02-27 09:20:59,085 [INFO] [u_station_ab_night_autotune_v2] __main__: FILTER_PASS token=cbBTC tier=A score=100 mode=YELLOW risk=MEDIUM liq=19850089 vol5m=97610
2026-02-27 09:20:59,085 [INFO] [u_station_ab_night_autotune_v2] __main__: FILTER_FAIL token=FLOW reason=safe_change_5m
2026-02-27 09:20:59,085 [INFO] [u_station_ab_night_autotune_v2] __main__: FILTER_FAIL token=CHARLES reason=score_min score=30 strict_min=48 soft_min=48 mode=YELLOW
2026-02-27 09:20:59,085 [INFO] [u_station_ab_night_autotune_v2] __main__: FILTER_FAIL token=NotDivided reason=score_min score=40 strict_min=48 soft_min=48 mode=YELLOW
2026-02-27 09:20:59,085 [INFO] [u_station_ab_night_autotune_v2] __main__: V2_QUALITY_GATE enabled=True regime=YELLOW in=1 out=1 core_out=1 explore_out=0 probe_out=0 quota=0 max_symbol_share=1.000 drop={} sources_used={'watchlist': 1}
2026-02-27 09:20:59,085 [INFO] [u_station_ab_night_autotune_v2] __main__: V2_ENTRY_ROUTE enabled=True regime=YELLOW in=1 out=1 core_out=1 explore_out=0 quota=0 allow_explore=True
2026-02-27 09:20:59,085 [INFO] [u_station_ab_night_autotune_v2] __main__: MARKET_REGIME mode=YELLOW reason=avg_cand=1.58 avg_cand_recent=1.58
2026-02-27 09:20:59,085 [INFO] [u_station_ab_night_autotune_v2] trading.auto_trader: AutoTrade batch prefilter removed=1 missing_addr=0 open_duplicate=1
2026-02-27 09:20:59,172 [INFO] [u_station_ab_night_autotune_v2] trading.auto_trader: TOKEN_COOLDOWN token=0xcbb7c0000ab88b473b1f5afd9ef808440eed33bf reason=NO_MOMENTUM pnl=$0.0001 cooldown=170s strikes=0->0 dynamic=True
2026-02-27 09:20:59,172 [INFO] [u_station_ab_night_autotune_v2] trading.auto_trader: AUTO_SELL Paper SELL token=cbBTC reason=NO_MOMENTUM exit=$67942.91000000 pnl=0.03% ($0.00) remaining=$0.00 partial=$0.00 raw=0.03% cost=2.70% gas=$0.03 balance=$7.34
2026-02-27 09:20:59,219 [INFO] [u_station_ab_night_autotune_v2] __main__: Scanned 6 tokens | High quality: 2 | Alerts sent: 0 | Trade candidates: 1 | Quality out/core/explore/probe: 1/1/0/0 | Opened: 0 | Mode: local | Source: onchain+market | Policy: raw=OK/effective=OK(healthy | route=allow_all) | Regime: YELLOW(avg_cand=1.58) | Safety: checked=1 fail_closed=0 reasons=api_code_4029:1 | FiltersTop(session): source_qos_cap:25,safe_change_5m:22,score_min:4,safe_age:3 | Dedup: heavy_skip=0 override=0 | V2Budget: 1/280 | SourceQoS: enabled=1/in=6/out=4/dropped=2/active_cd=0/drops=source_qos_cap:2 | Ingest: q=0/oldest=0.0s/drop_old=0/dedup_skip=0/enq=0/drain=1 | Sources: dex_boosts:ok=1/fail=0/429=0/lim_wait=0/cd_wait=0/err=0.0%/avg=32ms; dexscreener:ok=11/fail=0/429=0/lim_wait=0/cd_wait=0/err=0.0%/avg=46ms; onchain_enrich:ok=5/fail=0/429=0/lim_wait=0/cd_wait=0/err=0.0%/avg=88ms | Tasks: 3 | RSS: 0.0MB | CycleAvg: 5.64s
2026-02-27 09:21:03,488 [INFO] [u_station_ab_night_autotune_v2] monitor.onchain_factory: PAIR_DETECTED source=uniswap_v2 dex=uniswap_v2 pair=0x41ad455c9ce10c721e88eaa59a4cd83101291bff token0=0x4200000000000000000000000000000000000006 token1=0x630b5d29c9f917e7257e67857b58d1e7bf47eb07 block=42695550 factory=0x8909dc15e40173ff4699343b6eb8132c65e18ec6
2026-02-27 09:21:03,687 [INFO] [u_station_ab_night_autotune_v2] monitor.onchain_factory: ENRICH_RETRY token=0xbecf1610d39f2554b8739745e1a8c7a69f8261ce pair=0x2061ef9e3f87d308c7a122b30b3a666c2e12615b attempt=1/2 delay=10s
2026-02-27 09:21:03,937 [INFO] [u_station_ab_night_autotune_v2] monitor.onchain_factory: ENRICH_RETRY token=0x630b5d29c9f917e7257e67857b58d1e7bf47eb07 pair=0x41ad455c9ce10c721e88eaa59a4cd83101291bff attempt=1/2 delay=10s
2026-02-27 09:21:14,003 [INFO] [u_station_ab_night_autotune_v2] __main__: WATCHLIST merged count=4
2026-02-27 09:21:14,003 [INFO] [u_station_ab_night_autotune_v2] trading.v2_runtime: V2_UNIVERSE in=4 dedup=4 out=4 target=4 novel_target=4 novel_out=0 repeat_dropped=0 symbol_dropped=0 surge_in=1 surge_target=1 surge_out=1
2026-02-27 09:21:14,003 [INFO] [u_station_ab_night_autotune_v2] __main__: V2_SOURCE_QOS_FILTER in=4 out=3 drops={'source_qos_cap': 1} caps={'watchlist': 3}
2026-02-27 09:21:14,003 [INFO] [u_station_ab_night_autotune_v2] __main__: FILTER_FAIL token=AERO reason=source_qos_cap source=watchlist used=3/3
2026-02-27 09:21:14,003 [INFO] [u_station_ab_night_autotune_v2] __main__: FILTER_PASS token=cbBTC tier=A score=100 mode=YELLOW risk=MEDIUM liq=19850089 vol5m=97610
2026-02-27 09:21:14,003 [INFO] [u_station_ab_night_autotune_v2] __main__: FILTER_FAIL token=FLOW reason=safe_change_5m
2026-02-27 09:21:14,003 [INFO] [u_station_ab_night_autotune_v2] __main__: FILTER_PASS token=VIRTUAL tier=A score=75 mode=YELLOW risk=MEDIUM liq=7750885 vol5m=1094
2026-02-27 09:21:14,003 [INFO] [u_station_ab_night_autotune_v2] __main__: V2_QUALITY_GATE enabled=True regime=YELLOW in=2 out=2 core_out=1 explore_out=1 probe_out=0 quota=1 max_symbol_share=0.500 drop={} sources_used={'watchlist': 2}
2026-02-27 09:21:14,003 [INFO] [u_station_ab_night_autotune_v2] __main__: V2_ENTRY_ROUTE enabled=True regime=YELLOW in=2 out=2 core_out=1 explore_out=1 quota=1 allow_explore=True
2026-02-27 09:21:14,003 [INFO] [u_station_ab_night_autotune_v2] __main__: MARKET_REGIME mode=YELLOW reason=avg_cand=1.58 avg_cand_recent=1.58
2026-02-27 09:21:14,003 [INFO] [u_station_ab_night_autotune_v2] trading.auto_trader: AutoTrade skip token=cbBTC reason=cooldown_left_155s
2026-02-27 09:21:14,003 [INFO] [u_station_ab_night_autotune_v2] trading.auto_trader: AutoTrade adjust token=VIRTUAL reason=min_trade_floor size=$0.03->$0.10 min=$0.10
2026-02-27 09:21:14,003 [INFO] [u_station_ab_night_autotune_v2] trading.auto_trader: AutoTrade skip token=VIRTUAL reason=edge_low mode=both edge=-29.70% raw=-27.50% mult=1.08 min=0.05% probe_min=0.05% edge_usd=$-0.030 min_usd=$0.000 probe_min_usd=$0.000 size=$0.10 gross=3.20% costs=30.70% pwin=0.45 probe=- budget=0/1
2026-02-27 09:21:14,003 [INFO] [u_station_ab_night_autotune_v2] trading.auto_trader: AutoTrade batch mode=top_n candidates=2 eligible=2 selected=2 opened=0 pe=off burst_window=0
2026-02-27 09:21:14,019 [INFO] [u_station_ab_night_autotune_v2] __main__: Scanned 4 tokens | High quality: 3 | Alerts sent: 0 | Trade candidates: 2 | Quality out/core/explore/probe: 2/1/1/0 | Opened: 0 | Mode: local | Source: onchain+market | Policy: raw=OK/effective=OK(healthy | route=allow_all) | Regime: YELLOW(avg_cand=1.58) | Safety: checked=2 fail_closed=0 reasons=api_code_4029:2 | FiltersTop(session): source_qos_cap:26,safe_change_5m:23,score_min:4,safe_age:3 | Dedup: heavy_skip=0 override=0 | V2Budget: 2/280 | SourceQoS: enabled=1/in=4/out=3/dropped=1/active_cd=0/drops=source_qos_cap:1 | Ingest: q=0/oldest=0.0s/drop_old=0/dedup_skip=0/enq=0/drain=0 | Sources: dex_boosts:ok=1/fail=0/429=0/lim_wait=0/cd_wait=0/err=0.0%/avg=34ms; dexscreener:ok=11/fail=0/429=0/lim_wait=0/cd_wait=0/err=0.0%/avg=183ms; onchain_enrich:ok=8/fail=0/429=0/lim_wait=0/cd_wait=0/err=0.0%/avg=62ms | Tasks: 3 | RSS: 0.0MB | CycleAvg: 5.93s
2026-02-27 09:21:18,503 [INFO] [u_station_ab_night_autotune_v2] monitor.onchain_factory: ENRICH_RETRY token=0xbecf1610d39f2554b8739745e1a8c7a69f8261ce pair=0x2061ef9e3f87d308c7a122b30b3a666c2e12615b attempt=1/2 delay=10s
2026-02-27 09:21:18,503 [INFO] [u_station_ab_night_autotune_v2] monitor.onchain_factory: ENRICH_RETRY token=0x630b5d29c9f917e7257e67857b58d1e7bf47eb07 pair=0x41ad455c9ce10c721e88eaa59a4cd83101291bff attempt=1/2 delay=10s
2026-02-27 09:21:28,694 [INFO] [u_station_ab_night_autotune_v2] __main__: WATCHLIST merged count=4
2026-02-27 09:21:28,694 [INFO] [u_station_ab_night_autotune_v2] trading.v2_runtime: V2_UNIVERSE in=5 dedup=5 out=5 target=5 novel_target=5 novel_out=1 repeat_dropped=0 symbol_dropped=0 surge_in=1 surge_target=1 surge_out=1
2026-02-27 09:21:28,694 [INFO] [u_station_ab_night_autotune_v2] __main__: V2_SOURCE_QOS_FILTER in=5 out=3 drops={'source_qos_cap': 2} caps={'watchlist': 2, 'unknown': 0}
2026-02-27 09:21:28,694 [INFO] [u_station_ab_night_autotune_v2] __main__: FILTER_FAIL token=VIRTUAL reason=source_qos_cap source=watchlist used=2/2
2026-02-27 09:21:28,694 [INFO] [u_station_ab_night_autotune_v2] __main__: FILTER_FAIL token=AERO reason=source_qos_cap source=watchlist used=2/2
2026-02-27 09:21:28,694 [INFO] [u_station_ab_night_autotune_v2] __main__: FILTER_PASS token=cbBTC tier=A score=100 mode=YELLOW risk=MEDIUM liq=19850089 vol5m=97610
2026-02-27 09:21:28,694 [INFO] [u_station_ab_night_autotune_v2] __main__: FILTER_FAIL token=MECA reason=score_min score=40 strict_min=48 soft_min=48 mode=YELLOW
2026-02-27 09:21:28,694 [INFO] [u_station_ab_night_autotune_v2] __main__: FILTER_FAIL token=FLOW reason=safe_change_5m
2026-02-27 09:21:28,703 [INFO] [u_station_ab_night_autotune_v2] __main__: V2_QUALITY_GATE enabled=True regime=YELLOW in=1 out=1 core_out=1 explore_out=0 probe_out=0 quota=0 max_symbol_share=1.000 drop={} sources_used={'watchlist': 1}
2026-02-27 09:21:28,703 [INFO] [u_station_ab_night_autotune_v2] __main__: V2_ENTRY_ROUTE enabled=True regime=YELLOW in=1 out=1 core_out=1 explore_out=0 quota=0 allow_explore=True
2026-02-27 09:21:28,703 [INFO] [u_station_ab_night_autotune_v2] __main__: MARKET_REGIME mode=YELLOW reason=avg_cand=1.50 avg_cand_recent=1.50
2026-02-27 09:21:28,703 [INFO] [u_station_ab_night_autotune_v2] trading.auto_trader: AutoTrade skip token=cbBTC reason=cooldown_left_140s
2026-02-27 09:21:28,703 [INFO] [u_station_ab_night_autotune_v2] trading.auto_trader: AutoTrade batch mode=top_n candidates=1 eligible=1 selected=1 opened=0 pe=off burst_window=0
2026-02-27 09:21:28,703 [INFO] [u_station_ab_night_autotune_v2] trading.auto_trader: PAPER_SUMMARY window=60s closed_delta=1 wins_delta=0 losses_delta=0 realized_delta=$0.00 total_closed=88 winrate_total=45.5% realized_total=$0.34 balance=$7.34 equity=$7.34 open=0
2026-02-27 09:21:28,703 [INFO] [u_station_ab_night_autotune_v2] __main__: Scanned 5 tokens | High quality: 2 | Alerts sent: 0 | Trade candidates: 1 | Quality out/core/explore/probe: 1/1/0/0 | Opened: 0 | Mode: local | Source: onchain+market | Policy: raw=OK/effective=OK(healthy | route=allow_all) | Regime: YELLOW(avg_cand=1.50) | Safety: checked=1 fail_closed=0 reasons=api_code_4029:1 | FiltersTop(session): source_qos_cap:28,safe_change_5m:24,score_min:5,safe_age:3 | Dedup: heavy_skip=0 override=0 | V2Budget: 1/280 | SourceQoS: enabled=1/in=5/out=3/dropped=2/active_cd=0/drops=source_qos_cap:2 | Ingest: q=0/oldest=0.0s/drop_old=0/dedup_skip=0/enq=0/drain=0 | Sources: dex_boosts:ok=1/fail=0/429=0/lim_wait=0/cd_wait=0/err=0.0%/avg=33ms; dexscreener:ok=11/fail=0/429=0/lim_wait=0/cd_wait=0/err=0.0%/avg=39ms; onchain_enrich:ok=7/fail=0/429=0/lim_wait=0/cd_wait=0/err=0.0%/avg=60ms | Tasks: 3 | RSS: 0.0MB | CycleAvg: 6.19s
2026-02-27 09:21:33,333 [INFO] [u_station_ab_night_autotune_v2] monitor.onchain_factory: ENRICH_RETRY token=0x630b5d29c9f917e7257e67857b58d1e7bf47eb07 pair=0x41ad455c9ce10c721e88eaa59a4cd83101291bff attempt=1/2 delay=10s
2026-02-27 09:21:43,403 [INFO] [u_station_ab_night_autotune_v2] __main__: WATCHLIST merged count=4
2026-02-27 09:21:43,403 [INFO] [u_station_ab_night_autotune_v2] trading.v2_runtime: V2_UNIVERSE in=5 dedup=5 out=5 target=5 novel_target=5 novel_out=1 repeat_dropped=0 symbol_dropped=0 surge_in=1 surge_target=1 surge_out=1
2026-02-27 09:21:43,403 [INFO] [u_station_ab_night_autotune_v2] __main__: V2_SOURCE_QOS_FILTER in=5 out=3 drops={'source_qos_cap': 2} caps={'watchlist': 2, 'unknown': 0}
2026-02-27 09:21:43,403 [INFO] [u_station_ab_night_autotune_v2] __main__: FILTER_FAIL token=VIRTUAL reason=source_qos_cap source=watchlist used=2/2
2026-02-27 09:21:43,403 [INFO] [u_station_ab_night_autotune_v2] __main__: FILTER_FAIL token=AERO reason=source_qos_cap source=watchlist used=2/2
2026-02-27 09:21:43,403 [INFO] [u_station_ab_night_autotune_v2] __main__: FILTER_PASS token=cbBTC tier=A score=100 mode=YELLOW risk=MEDIUM liq=19850089 vol5m=97610
2026-02-27 09:21:43,403 [INFO] [u_station_ab_night_autotune_v2] __main__: FILTER_FAIL token=HOLDEN reason=score_min score=40 strict_min=48 soft_min=48 mode=YELLOW
2026-02-27 09:21:43,403 [INFO] [u_station_ab_night_autotune_v2] __main__: FILTER_FAIL token=FLOW reason=safe_change_5m
2026-02-27 09:21:43,419 [INFO] [u_station_ab_night_autotune_v2] __main__: V2_QUALITY_GATE enabled=True regime=YELLOW in=1 out=1 core_out=1 explore_out=0 probe_out=0 quota=0 max_symbol_share=1.000 drop={} sources_used={'watchlist': 1}
2026-02-27 09:21:43,419 [INFO] [u_station_ab_night_autotune_v2] __main__: V2_ENTRY_ROUTE enabled=True regime=YELLOW in=1 out=1 core_out=1 explore_out=0 quota=0 allow_explore=True
2026-02-27 09:21:43,419 [INFO] [u_station_ab_night_autotune_v2] __main__: MARKET_REGIME mode=YELLOW reason=avg_cand=1.42 avg_cand_recent=1.42
2026-02-27 09:21:43,421 [INFO] [u_station_ab_night_autotune_v2] trading.auto_trader: AutoTrade skip token=cbBTC reason=cooldown_left_125s
2026-02-27 09:21:43,421 [INFO] [u_station_ab_night_autotune_v2] trading.auto_trader: AutoTrade batch mode=top_n candidates=1 eligible=1 selected=1 opened=0 pe=off burst_window=0
2026-02-27 09:21:43,421 [INFO] [u_station_ab_night_autotune_v2] __main__: Scanned 5 tokens | High quality: 2 | Alerts sent: 0 | Trade candidates: 1 | Quality out/core/explore/probe: 1/1/0/0 | Opened: 0 | Mode: local | Source: onchain+market | Policy: raw=OK/effective=OK(healthy | route=allow_all) | Regime: YELLOW(avg_cand=1.42) | Safety: checked=1 fail_closed=0 reasons=api_code_4029:1 | FiltersTop(session): source_qos_cap:30,safe_change_5m:25,score_min:6,safe_age:3 | Dedup: heavy_skip=0 override=0 | V2Budget: 1/280 | SourceQoS: enabled=1/in=5/out=3/dropped=2/active_cd=0/drops=source_qos_cap:2 | Ingest: q=0/oldest=0.0s/drop_old=0/dedup_skip=0/enq=0/drain=0 | Sources: dex_boosts:ok=1/fail=0/429=0/lim_wait=0/cd_wait=0/err=0.0%/avg=33ms; dexscreener:ok=11/fail=0/429=0/lim_wait=0/cd_wait=0/err=0.0%/avg=43ms; onchain_enrich:ok=3/fail=0/429=0/lim_wait=0/cd_wait=0/err=0.0%/avg=41ms | Tasks: 3 | RSS: 0.0MB | CycleAvg: 6.41s
2026-02-27 09:21:47,724 [INFO] [u_station_ab_night_autotune_v2] monitor.onchain_factory: PAIR_DETECTED source=uniswap_v2 dex=uniswap_v2 pair=0xc90901e2a688660317ca27cd0280df546bdbd16c token0=0x4200000000000000000000000000000000000006 token1=0xa52b1155173762894dc2de6fa2cd306a05aceb07 block=42695571 factory=0x8909dc15e40173ff4699343b6eb8132c65e18ec6
2026-02-27 09:21:48,394 [INFO] [u_station_ab_night_autotune_v2] monitor.onchain_factory: ENRICH_RETRY token=0xa52b1155173762894dc2de6fa2cd306a05aceb07 pair=0xc90901e2a688660317ca27cd0280df546bdbd16c attempt=1/2 delay=10s
2026-02-27 09:21:58,559 [INFO] [u_station_ab_night_autotune_v2] __main__: WATCHLIST merged count=4
2026-02-27 09:21:58,559 [INFO] [u_station_ab_night_autotune_v2] trading.v2_runtime: V2_UNIVERSE in=4 dedup=4 out=4 target=4 novel_target=4 novel_out=0 repeat_dropped=0 symbol_dropped=0 surge_in=1 surge_target=1 surge_out=1
2026-02-27 09:21:58,559 [INFO] [u_station_ab_night_autotune_v2] __main__: V2_SOURCE_QOS_FILTER in=4 out=3 drops={'source_qos_cap': 1} caps={'watchlist': 3}
2026-02-27 09:21:58,559 [INFO] [u_station_ab_night_autotune_v2] __main__: FILTER_FAIL token=AERO reason=source_qos_cap source=watchlist used=3/3
2026-02-27 09:21:58,559 [INFO] [u_station_ab_night_autotune_v2] __main__: FILTER_PASS token=cbBTC tier=A score=100 mode=YELLOW risk=MEDIUM liq=19850089 vol5m=97610
2026-02-27 09:21:58,559 [INFO] [u_station_ab_night_autotune_v2] __main__: FILTER_FAIL token=FLOW reason=safe_change_5m
2026-02-27 09:21:58,559 [INFO] [u_station_ab_night_autotune_v2] __main__: FILTER_PASS token=VIRTUAL tier=A score=75 mode=YELLOW risk=MEDIUM liq=7750885 vol5m=1094
2026-02-27 09:21:58,559 [INFO] [u_station_ab_night_autotune_v2] __main__: V2_QUALITY_GATE enabled=True regime=YELLOW in=2 out=2 core_out=1 explore_out=1 probe_out=0 quota=1 max_symbol_share=0.500 drop={} sources_used={'watchlist': 2}
2026-02-27 09:21:58,559 [INFO] [u_station_ab_night_autotune_v2] __main__: V2_ENTRY_ROUTE enabled=True regime=YELLOW in=2 out=2 core_out=1 explore_out=1 quota=1 allow_explore=True
2026-02-27 09:21:58,559 [INFO] [u_station_ab_night_autotune_v2] __main__: MARKET_REGIME mode=YELLOW reason=avg_cand=1.42 avg_cand_recent=1.42
2026-02-27 09:21:58,559 [INFO] [u_station_ab_night_autotune_v2] trading.auto_trader: AutoTrade skip token=cbBTC reason=cooldown_left_110s
2026-02-27 09:21:58,595 [INFO] [u_station_ab_night_autotune_v2] trading.auto_trader: AutoTrade adjust token=VIRTUAL reason=min_trade_floor size=$0.03->$0.10 min=$0.10
2026-02-27 09:21:58,596 [INFO] [u_station_ab_night_autotune_v2] trading.auto_trader: AutoTrade skip token=VIRTUAL reason=edge_low mode=both edge=-29.70% raw=-27.50% mult=1.08 min=0.05% probe_min=0.05% edge_usd=$-0.030 min_usd=$0.000 probe_min_usd=$0.000 size=$0.10 gross=3.20% costs=30.70% pwin=0.45 probe=- budget=0/1
2026-02-27 09:21:58,596 [INFO] [u_station_ab_night_autotune_v2] trading.auto_trader: AutoTrade batch mode=top_n candidates=2 eligible=2 selected=2 opened=0 pe=off burst_window=0
2026-02-27 09:21:58,597 [INFO] [u_station_ab_night_autotune_v2] __main__: Scanned 4 tokens | High quality: 3 | Alerts sent: 0 | Trade candidates: 2 | Quality out/core/explore/probe: 2/1/1/0 | Opened: 0 | Mode: local | Source: onchain+market | Policy: raw=OK/effective=OK(healthy | route=allow_all) | Regime: YELLOW(avg_cand=1.42) | Safety: checked=2 fail_closed=0 reasons=api_code_4029:2 | FiltersTop(session): source_qos_cap:31,safe_change_5m:26,score_min:6,safe_age:3 | Dedup: heavy_skip=0 override=0 | V2Budget: 2/280 | SourceQoS: enabled=1/in=4/out=3/dropped=1/active_cd=0/drops=source_qos_cap:1 | Ingest: q=3/oldest=7.9s/drop_old=0/dedup_skip=0/enq=3/drain=0 | Sources: dex_boosts:ok=1/fail=0/429=0/lim_wait=0/cd_wait=0/err=0.0%/avg=38ms; dexscreener:ok=11/fail=0/429=0/lim_wait=0/cd_wait=0/err=0.0%/avg=220ms; geckoterminal:ok=1/fail=0/429=0/lim_wait=0/cd_wait=0/err=0.0%/avg=288ms; onchain_enrich:ok=4/fail=0/429=0/lim_wait=0/cd_wait=0/err=0.0%/avg=149ms; onchain_weth_price:ok=1/fail=0/429=0/lim_wait=0/cd_wait=0/err=0.0%/avg=60ms | Tasks: 3 | RSS: 0.0MB | CycleAvg: 6.62s
2026-02-27 09:22:02,868 [INFO] [u_station_ab_night_autotune_v2] monitor.onchain_factory: PAIR_DETECTED source=uniswap_v2 dex=uniswap_v2 pair=0xcba769fbe2275f645fc80979f2e4ec1f922d8c0b token0=0x4200000000000000000000000000000000000006 token1=0xda8711b490b64505c66b7a05507e129a2d86b196 block=42695581 factory=0x8909dc15e40173ff4699343b6eb8132c65e18ec6
2026-02-27 09:22:03,147 [INFO] [u_station_ab_night_autotune_v2] monitor.onchain_factory: ENRICH_RETRY token=0xa52b1155173762894dc2de6fa2cd306a05aceb07 pair=0xc90901e2a688660317ca27cd0280df546bdbd16c attempt=1/2 delay=10s
2026-02-27 09:22:03,535 [INFO] [u_station_ab_night_autotune_v2] monitor.onchain_factory: ENRICH_RETRY token=0xda8711b490b64505c66b7a05507e129a2d86b196 pair=0xcba769fbe2275f645fc80979f2e4ec1f922d8c0b attempt=1/2 delay=10s
2026-02-27 09:22:13,620 [INFO] [u_station_ab_night_autotune_v2] __main__: WATCHLIST merged count=4
2026-02-27 09:22:13,620 [INFO] [u_station_ab_night_autotune_v2] trading.v2_runtime: V2_UNIVERSE in=7 dedup=7 out=7 target=7 novel_target=6 novel_out=0 repeat_dropped=0 symbol_dropped=0 surge_in=1 surge_target=1 surge_out=1
2026-02-27 09:22:13,620 [INFO] [u_station_ab_night_autotune_v2] __main__: V2_SOURCE_QOS_FILTER in=7 out=5 drops={'source_qos_cap': 2} caps={'watchlist': 2, 'geckoterminal': 287}
2026-02-27 09:22:13,620 [INFO] [u_station_ab_night_autotune_v2] __main__: FILTER_FAIL token=VIRTUAL reason=source_qos_cap source=watchlist used=2/2
2026-02-27 09:22:13,620 [INFO] [u_station_ab_night_autotune_v2] __main__: FILTER_FAIL token=AERO reason=source_qos_cap source=watchlist used=2/2
2026-02-27 09:22:13,620 [INFO] [u_station_ab_night_autotune_v2] __main__: FILTER_PASS token=cbBTC tier=A score=100 mode=YELLOW risk=MEDIUM liq=19850089 vol5m=97610
2026-02-27 09:22:13,620 [INFO] [u_station_ab_night_autotune_v2] __main__: FILTER_FAIL token=FLOW reason=safe_change_5m
2026-02-27 09:22:13,620 [INFO] [u_station_ab_night_autotune_v2] __main__: FILTER_FAIL token=MECA reason=score_min score=30 strict_min=48 soft_min=48 mode=YELLOW
2026-02-27 09:22:13,620 [INFO] [u_station_ab_night_autotune_v2] __main__: FILTER_FAIL token=CHARLES reason=score_min score=30 strict_min=48 soft_min=48 mode=YELLOW
2026-02-27 09:22:13,620 [INFO] [u_station_ab_night_autotune_v2] __main__: FILTER_FAIL token=Jellybean reason=safe_age
2026-02-27 09:22:13,620 [INFO] [u_station_ab_night_autotune_v2] __main__: V2_QUALITY_GATE enabled=True regime=YELLOW in=1 out=1 core_out=1 explore_out=0 probe_out=0 quota=0 max_symbol_share=1.000 drop={} sources_used={'watchlist': 1}
2026-02-27 09:22:13,620 [INFO] [u_station_ab_night_autotune_v2] __main__: V2_ENTRY_ROUTE enabled=True regime=YELLOW in=1 out=1 core_out=1 explore_out=0 quota=0 allow_explore=True
2026-02-27 09:22:13,620 [INFO] [u_station_ab_night_autotune_v2] __main__: MARKET_REGIME mode=YELLOW reason=avg_cand=1.33 avg_cand_recent=1.33
2026-02-27 09:22:13,635 [INFO] [u_station_ab_night_autotune_v2] trading.auto_trader: AutoTrade skip token=cbBTC reason=cooldown_left_95s
2026-02-27 09:22:13,635 [INFO] [u_station_ab_night_autotune_v2] trading.auto_trader: AutoTrade batch mode=top_n candidates=1 eligible=1 selected=1 opened=0 pe=off burst_window=0
2026-02-27 09:22:13,635 [INFO] [u_station_ab_night_autotune_v2] __main__: Scanned 7 tokens | High quality: 2 | Alerts sent: 0 | Trade candidates: 1 | Quality out/core/explore/probe: 1/1/0/0 | Opened: 0 | Mode: local | Source: onchain+market | Policy: raw=OK/effective=OK(healthy | route=allow_all) | Regime: YELLOW(avg_cand=1.33) | Safety: checked=1 fail_closed=0 reasons=api_code_4029:1 | FiltersTop(session): source_qos_cap:33,safe_change_5m:27,score_min:8,safe_age:4 | Dedup: heavy_skip=0 override=0 | V2Budget: 1/280 | SourceQoS: enabled=1/in=7/out=5/dropped=2/active_cd=0/drops=source_qos_cap:2 | Ingest: q=0/oldest=0.0s/drop_old=0/dedup_skip=0/enq=0/drain=3 | Sources: dex_boosts:ok=1/fail=0/429=0/lim_wait=0/cd_wait=0/err=0.0%/avg=40ms; dexscreener:ok=11/fail=0/429=0/lim_wait=0/cd_wait=0/err=0.0%/avg=82ms; onchain_enrich:ok=8/fail=0/429=0/lim_wait=0/cd_wait=0/err=0.0%/avg=99ms | Tasks: 3 | RSS: 0.0MB | CycleAvg: 6.82s
2026-02-27 09:22:17,639 [WARNING] [u_station_ab_night_autotune_v2] __main__: GRACEFUL_STOP requested path=D:\earnforme\solana-alert-bot\data\graceful_stop.u_station_ab_night_autotune_v2.signal
2026-02-27 09:22:17,791 [INFO] [u_station_ab_night_autotune_v2] trading.auto_trader: AUTOTRADER_SHUTDOWN reason=main_local_shutdown open=0 closed=88
