2026-02-27 19:13:01,963 [INFO] [u_station_ab_night_autotune_v2] __main__: SESSION_LOG file=logs/matrix/u_station_ab_night_autotune_v2\sessions\main_local_20260227_181301_pid1252.log
2026-02-27 19:13:01,987 [INFO] [u_station_ab_night_autotune_v2] trading.auto_trader_state: AutoTrade state loaded open=0 closed=132 balance=$7.29
2026-02-27 19:13:01,999 [WARNING] [u_station_ab_night_autotune_v2] trading.auto_trader: DATA_POLICY mode=OK reason=init_reset_manual prev_mode=OK prev_reason=healthy | route=allow_all
2026-02-27 19:13:02,000 [INFO] [u_station_ab_night_autotune_v2] __main__: AUTOTRADER_INIT state=ready reason=manual mode=paper
2026-02-27 19:13:02,002 [INFO] [u_station_ab_night_autotune_v2] __main__: Local mode started (Telegram disabled).
2026-02-27 19:13:02,167 [WARNING] [u_station_ab_night_autotune_v2] __main__: RUNTIME_TUNER_CONTROL active run_tag=u_station_ab_night_autotune_v2: local adaptive controllers locked (kpi/calibration/rolling/orchestrator).
2026-02-27 19:13:02,168 [WARNING] [u_station_ab_night_autotune_v2] __main__: RUNTIME_TUNER_HOT_APPLY run_tag=u_station_ab_night_autotune_v2 keys=2 details=AUTO_TRADE_TOP_N,PAPER_TRADE_SIZE_MAX_USD skipped_unknown=3
2026-02-27 19:13:04,226 [WARNING] [u_station_ab_night_autotune_v2] monitor.watchlist: WATCHLIST low_supply fallback strict=4 final=4 min=12 relax_factor=0.50
2026-02-27 19:13:04,348 [WARNING] [u_station_ab_night_autotune_v2] monitor.watchlist: WATCHLIST low_supply fallback added=5 final=9
2026-02-27 19:13:04,350 [INFO] [u_station_ab_night_autotune_v2] __main__: WATCHLIST merged count=9
2026-02-27 19:13:04,352 [INFO] [u_station_ab_night_autotune_v2] trading.v2_runtime: V2_UNIVERSE in=22 dedup=22 out=22 target=22 novel_target=19 novel_out=22 repeat_dropped=0 symbol_dropped=0 surge_in=7 surge_target=6 surge_out=7
2026-02-27 19:13:04,353 [INFO] [u_station_ab_night_autotune_v2] __main__: V2_SOURCE_QOS_FILTER in=22 out=18 drops={'source_qos_symbol_cap': 3, 'source_qos_cap': 1} caps={'geckoterminal': 426, 'dexscreener': 431, 'watchlist': 8}
2026-02-27 19:13:04,355 [INFO] [u_station_ab_night_autotune_v2] __main__: FILTER_FAIL token=MUZE reason=source_qos_symbol_cap symbol=MUZE used=2/2
2026-02-27 19:13:04,356 [INFO] [u_station_ab_night_autotune_v2] __main__: FILTER_FAIL token=MUZE reason=source_qos_symbol_cap symbol=MUZE used=2/2
2026-02-27 19:13:04,357 [INFO] [u_station_ab_night_autotune_v2] __main__: FILTER_FAIL token=MUZE reason=source_qos_symbol_cap symbol=MUZE used=2/2
2026-02-27 19:13:04,359 [INFO] [u_station_ab_night_autotune_v2] __main__: FILTER_FAIL token=ETH reason=source_qos_cap source=watchlist used=8/8
2026-02-27 19:13:04,360 [INFO] [u_station_ab_night_autotune_v2] __main__: FILTER_FAIL token=MUZE reason=safe_change_5m
2026-02-27 19:13:04,361 [INFO] [u_station_ab_night_autotune_v2] __main__: FILTER_FAIL token=PUPS reason=safe_change_5m
2026-02-27 19:13:04,362 [INFO] [u_station_ab_night_autotune_v2] __main__: FILTER_FAIL token=MUZE reason=safe_change_5m
2026-02-27 19:13:04,364 [INFO] [u_station_ab_night_autotune_v2] __main__: FILTER_FAIL token=JJ reason=safe_age
2026-02-27 19:13:04,365 [INFO] [u_station_ab_night_autotune_v2] __main__: FILTER_PASS token=cbBTC tier=A score=100 mode=YELLOW risk=MEDIUM liq=25942982 vol5m=61466
2026-02-27 19:13:04,367 [INFO] [u_station_ab_night_autotune_v2] __main__: FILTER_FAIL token=SeekerClaw reason=safe_age
2026-02-27 19:13:04,367 [INFO] [u_station_ab_night_autotune_v2] __main__: FILTER_PASS token=ZAMA tier=A score=60 mode=YELLOW risk=MEDIUM liq=108864 vol5m=374
2026-02-27 19:13:04,370 [INFO] [u_station_ab_night_autotune_v2] monitor.local_alerter: Local alert token=ZAMA address=0x2631afe5a4368f25a9d4cece5086fdf3685dba64 score=60 reco=HOLD risk=MEDIUM warnings=0 liq=108864 vol5m=374
2026-02-27 19:13:04,371 [INFO] [u_station_ab_night_autotune_v2] __main__: FILTER_PASS token=FLOW tier=A score=100 mode=YELLOW risk=MEDIUM liq=725562 vol5m=11104
2026-02-27 19:13:04,373 [INFO] [u_station_ab_night_autotune_v2] __main__: FILTER_FAIL token=HOTDOGZ reason=safe_change_5m
2026-02-27 19:13:04,373 [INFO] [u_station_ab_night_autotune_v2] __main__: FILTER_PASS token=AERO tier=A score=85 mode=YELLOW risk=MEDIUM liq=1286429 vol5m=2134
2026-02-27 19:13:04,375 [INFO] [u_station_ab_night_autotune_v2] __main__: FILTER_PASS token=TIBBIR tier=A score=85 mode=YELLOW risk=MEDIUM liq=2652132 vol5m=3325
2026-02-27 19:13:04,377 [INFO] [u_station_ab_night_autotune_v2] __main__: FILTER_PASS token=ODAI tier=A score=95 mode=YELLOW risk=MEDIUM liq=398857 vol5m=6041
2026-02-27 19:13:04,379 [INFO] [u_station_ab_night_autotune_v2] __main__: FILTER_PASS token=BENCHMARK tier=A score=95 mode=YELLOW risk=MEDIUM liq=228094 vol5m=5743
2026-02-27 19:13:04,380 [INFO] [u_station_ab_night_autotune_v2] __main__: FILTER_PASS token=VIRTUAL tier=A score=75 mode=YELLOW risk=MEDIUM liq=7308617 vol5m=500
2026-02-27 19:13:04,383 [INFO] [u_station_ab_night_autotune_v2] __main__: FILTER_FAIL token=ISEKAI reason=safe_volume vol5m=2 min=6 regime=YELLOW
2026-02-27 19:13:04,384 [INFO] [u_station_ab_night_autotune_v2] __main__: FILTER_FAIL token=CHARLES reason=safe_volume vol5m=0 min=6 regime=YELLOW
2026-02-27 19:13:04,386 [INFO] [u_station_ab_night_autotune_v2] __main__: FILTER_FAIL token=GOODTRY reason=safe_volume vol5m=0 min=6 regime=YELLOW
2026-02-27 19:13:04,387 [INFO] [u_station_ab_night_autotune_v2] __main__: FILTER_FAIL token=Magpie reason=safe_volume vol5m=0 min=6 regime=YELLOW
2026-02-27 19:13:04,388 [INFO] [u_station_ab_night_autotune_v2] trading.v2_runtime: V2_QUALITY_ROTATE symbols_core=0 symbols_cooldown=0 sources=2 top_core=- top_cooldown=-
2026-02-27 19:13:04,390 [INFO] [u_station_ab_night_autotune_v2] __main__: V2_QUALITY_GATE enabled=True regime=YELLOW in=8 out=8 core_out=2 explore_out=6 probe_out=0 quota=3 max_symbol_share=0.125 drop={'duplicate_address': 5} sources_used={'watchlist': 7, 'geckoterminal': 1}
2026-02-27 19:13:04,393 [INFO] [u_station_ab_night_autotune_v2] __main__: V2_ENTRY_ROUTE enabled=True regime=YELLOW in=8 out=5 core_out=2 explore_out=3 quota=3 allow_explore=True
2026-02-27 19:13:04,394 [WARNING] [u_station_ab_night_autotune_v2] trading.auto_trader: DATA_POLICY mode=OK reason=healthy | route=allow_all prev_mode=OK prev_reason=init_reset_manual
2026-02-27 19:13:04,395 [INFO] [u_station_ab_night_autotune_v2] __main__: MARKET_REGIME mode=YELLOW reason=hysteresis_recover_wait 1/4 raw=GREEN avg_cand_recent=8.00
2026-02-27 19:13:04,441 [INFO] [u_station_ab_night_autotune_v2] trading.auto_trader: AutoTrade skip token=cbBTC reason=ev_net_low expected_net=$-0.00428 min=$-0.00246 samples=32 conf=1.00 pwin=0.69 avg_win=$0.0036 avg_loss=$0.0116 kelly=0.000 mem=sparse trades=4<6
2026-02-27 19:13:04,452 [INFO] [u_station_ab_night_autotune_v2] trading.auto_trader: AUTO_DECISION token=FLOW mode=YELLOW tier=A channel=core score=100 src=watchlist liq=725562 vol5m=11104 chg5m=-3.35% edge=3.22% raw=2.98% regime_mult=1.08 edge_usd=$0.023 size=$0.70 mult=1.35(score=1.15 liq=1.15 vol=1.05 volat=1.05) reinvest=1.05(growth_steps=0 drawdown=4.35% loss_streak=0 edge=5.52%) size_mode=0.80 hold_mode=1.06 exec_lane=runner exec_mult(size=1.10 hold=1.32 edge=0.94) edge_gate_mult(usd=1.00,pct=1.00) quality(edge=0.98,size=1.04 detail=src_mult=1.00 ev=0.00000 edge(src_relax=0.000 src_tight=0.000 ev_adj=-0.000) size(src_relax=0.000 src_cut=0.000 ev_adj=0.000)) costs=6.62% gas=$0.028 ev_net=$0.00042 ev_samples=148 conf=1.00 pwin=0.54 avg_win=$0.0069 avg_loss=$0.0064 kelly=0.86(k=0.118) token_ev=sparse trades=0<6 cluster=s3|l3|v2|m2|r1 cluster_route=sparse samples=3<10 breakdown={'liquidity_score': 30, 'volume_score': 30, 'risk_score': 15, 'age_score': 15, 'safety_score': 15}
2026-02-27 19:13:04,634 [WARNING] [u_station_ab_night_autotune_v2] trading.auto_trader: AutoTrade skip token=FLOW reason=honeypot_guard detail=simulation_failed,simulation_error,holder_sell_failed,flag:high_fail_rate mode=paper
2026-02-27 19:13:04,637 [INFO] [u_station_ab_night_autotune_v2] trading.auto_trader: AutoTrade skip token=ODAI reason=blacklist detail=honeypot_guard:simulation_failed,simulation_error,flag:high_fail_rate
2026-02-27 19:13:04,639 [INFO] [u_station_ab_night_autotune_v2] trading.auto_trader: AutoTrade skip token=BENCHMARK reason=blacklist detail=honeypot_guard:simulation_failed,simulation_error,holder_sell_failed,flag:high_fail_rate
2026-02-27 19:13:04,663 [INFO] [u_station_ab_night_autotune_v2] trading.auto_trader: AutoTrade skip token=TIBBIR reason=edge_low mode=both edge=-20.83% raw=-19.29% mult=1.08 min=0.05% probe_min=0.05% edge_usd=$-0.025 min_usd=$0.000 probe_min_usd=$0.000 size=$0.12 gross=6.40% costs=25.69% pwin=0.65 probe=- budget=0/1
2026-02-27 19:13:04,664 [INFO] [u_station_ab_night_autotune_v2] trading.auto_trader: AutoTrade batch mode=top_n candidates=5 eligible=5 selected=5 opened=0 pe=off burst_window=0
2026-02-27 19:13:04,666 [INFO] [u_station_ab_night_autotune_v2] __main__: FILTER_THRESHOLDS safe_volume_5m_min=$5 safe_liquidity_min=$8000 safe_age_min=240s score_min=48 edge_min=0.05% lock_floor=0.95 no_momentum_max_pnl=0.25 weakness_pnl=-2.60
2026-02-27 19:13:04,666 [INFO] [u_station_ab_night_autotune_v2] __main__: Scanned 22 tokens | High quality: 11 | Alerts sent: 1 | Trade candidates: 8 | Quality out/core/explore/probe: 8/2/6/0 | Opened: 0 | Mode: local | Source: onchain+market | Policy: raw=OK/effective=OK(healthy | route=allow_all) | Regime: YELLOW(hysteresis_recover_wait 1/4 raw=GREEN) | Safety: checked=8 fail_closed=0 reasons=api_code_4029:8 | FiltersTop(session): safe_change_5m:4,safe_volume:4,source_qos_symbol_cap:3,safe_age:2 | Dedup: heavy_skip=0 override=0 | V2Budget: 8/280 | SourceQoS: enabled=1/in=22/out=18/dropped=4/active_cd=0/drops=source_qos_symbol_cap:3,source_qos_cap:1 | Ingest: q=0/oldest=0.0s/drop_old=0/dedup_skip=0/enq=12/drain=12 | Sources: dex_boosts:ok=1/fail=0/429=0/lim_wait=0/cd_wait=0/err=0.0%/avg=144ms; dexscreener:ok=11/fail=0/429=0/lim_wait=0/cd_wait=0/err=0.0%/avg=120ms; geckoterminal:ok=2/fail=0/429=0/lim_wait=0/cd_wait=0/err=0.0%/avg=62ms; watchlist_dex:ok=20/fail=0/429=0/lim_wait=0/cd_wait=0/err=0.0%/avg=63ms; watchlist_gecko:ok=8/fail=0/429=0/lim_wait=0/cd_wait=0/err=0.0%/avg=467ms | Tasks: 3 | RSS: 0.0MB | CycleAvg: 0.00s
2026-02-27 19:13:09,207 [INFO] [u_station_ab_night_autotune_v2] __main__: WATCHLIST merged count=9
2026-02-27 19:13:09,208 [INFO] [u_station_ab_night_autotune_v2] trading.v2_runtime: V2_UNIVERSE in=9 dedup=9 out=9 target=9 novel_target=8 novel_out=0 repeat_dropped=0 symbol_dropped=0 surge_in=1 surge_target=1 surge_out=1
2026-02-27 19:13:09,209 [INFO] [u_station_ab_night_autotune_v2] __main__: V2_SOURCE_QOS_FILTER in=9 out=8 drops={'source_qos_cap': 1} caps={'watchlist': 8}
2026-02-27 19:13:09,210 [INFO] [u_station_ab_night_autotune_v2] __main__: FILTER_FAIL token=ETH reason=source_qos_cap source=watchlist used=8/8
2026-02-27 19:13:09,211 [INFO] [u_station_ab_night_autotune_v2] __main__: FILTER_PASS token=cbBTC tier=A score=100 mode=YELLOW risk=MEDIUM liq=25942982 vol5m=61466
2026-02-27 19:13:09,212 [INFO] [u_station_ab_night_autotune_v2] __main__: FILTER_PASS token=FLOW tier=A score=100 mode=YELLOW risk=MEDIUM liq=725562 vol5m=11104
2026-02-27 19:13:09,214 [INFO] [u_station_ab_night_autotune_v2] __main__: FILTER_FAIL token=HOTDOGZ reason=safe_change_5m
2026-02-27 19:13:09,215 [INFO] [u_station_ab_night_autotune_v2] __main__: FILTER_PASS token=AERO tier=A score=85 mode=YELLOW risk=MEDIUM liq=1286429 vol5m=2134
2026-02-27 19:13:09,217 [INFO] [u_station_ab_night_autotune_v2] __main__: FILTER_PASS token=TIBBIR tier=A score=85 mode=YELLOW risk=MEDIUM liq=2652132 vol5m=3325
2026-02-27 19:13:09,218 [INFO] [u_station_ab_night_autotune_v2] __main__: FILTER_PASS token=ODAI tier=A score=95 mode=YELLOW risk=MEDIUM liq=398857 vol5m=6041
2026-02-27 19:13:09,219 [INFO] [u_station_ab_night_autotune_v2] __main__: FILTER_PASS token=BENCHMARK tier=A score=95 mode=YELLOW risk=MEDIUM liq=228094 vol5m=5743
2026-02-27 19:13:09,221 [INFO] [u_station_ab_night_autotune_v2] __main__: FILTER_PASS token=VIRTUAL tier=A score=75 mode=YELLOW risk=MEDIUM liq=7308617 vol5m=500
2026-02-27 19:13:09,222 [INFO] [u_station_ab_night_autotune_v2] __main__: V2_QUALITY_GATE enabled=True regime=YELLOW in=7 out=7 core_out=2 explore_out=5 probe_out=0 quota=3 max_symbol_share=0.143 drop={'duplicate_address': 5} sources_used={'watchlist': 7}
2026-02-27 19:13:09,225 [INFO] [u_station_ab_night_autotune_v2] __main__: V2_ENTRY_ROUTE enabled=True regime=YELLOW in=7 out=5 core_out=2 explore_out=3 quota=3 allow_explore=True
2026-02-27 19:13:09,226 [INFO] [u_station_ab_night_autotune_v2] __main__: MARKET_REGIME mode=YELLOW reason=hysteresis_recover_wait 2/4 raw=GREEN avg_cand_recent=7.50
2026-02-27 19:13:09,229 [INFO] [u_station_ab_night_autotune_v2] trading.auto_trader: AutoTrade skip token=cbBTC reason=ev_net_low expected_net=$-0.00428 min=$-0.00246 samples=32 conf=1.00 pwin=0.69 avg_win=$0.0036 avg_loss=$0.0116 kelly=0.000 mem=sparse trades=4<6
2026-02-27 19:13:09,231 [INFO] [u_station_ab_night_autotune_v2] trading.auto_trader: AutoTrade skip token=FLOW reason=blacklist detail=honeypot_guard:simulation_failed,simulation_error,holder_sell_failed,flag:high_fail_rate
2026-02-27 19:13:09,232 [INFO] [u_station_ab_night_autotune_v2] trading.auto_trader: AutoTrade skip token=ODAI reason=blacklist detail=honeypot_guard:simulation_failed,simulation_error,flag:high_fail_rate
2026-02-27 19:13:09,233 [INFO] [u_station_ab_night_autotune_v2] trading.auto_trader: AutoTrade skip token=BENCHMARK reason=blacklist detail=honeypot_guard:simulation_failed,simulation_error,holder_sell_failed,flag:high_fail_rate
2026-02-27 19:13:09,235 [INFO] [u_station_ab_night_autotune_v2] trading.auto_trader: AutoTrade skip token=TIBBIR reason=edge_low mode=both edge=-20.83% raw=-19.29% mult=1.08 min=0.05% probe_min=0.05% edge_usd=$-0.025 min_usd=$0.000 probe_min_usd=$0.000 size=$0.12 gross=6.40% costs=25.69% pwin=0.65 probe=- budget=0/1
2026-02-27 19:13:09,235 [INFO] [u_station_ab_night_autotune_v2] trading.auto_trader: AutoTrade batch mode=top_n candidates=5 eligible=5 selected=5 opened=0 pe=off burst_window=0
2026-02-27 19:13:09,236 [INFO] [u_station_ab_night_autotune_v2] __main__: Scanned 9 tokens | High quality: 8 | Alerts sent: 0 | Trade candidates: 7 | Quality out/core/explore/probe: 7/2/5/0 | Opened: 0 | Mode: local | Source: onchain+market | Policy: raw=OK/effective=OK(healthy | route=allow_all) | Regime: YELLOW(hysteresis_recover_wait 2/4 raw=GREEN) | Safety: checked=7 fail_closed=0 reasons=api_code_4029:7 | FiltersTop(session): safe_change_5m:5,safe_volume:4,source_qos_symbol_cap:3,source_qos_cap:2 | Dedup: heavy_skip=0 override=0 | V2Budget: 7/280 | SourceQoS: enabled=1/in=9/out=8/dropped=1/active_cd=0/drops=source_qos_cap:1 | Ingest: q=0/oldest=0.0s/drop_old=0/dedup_skip=0/enq=0/drain=0 | Sources: dex_boosts:ok=1/fail=0/429=0/lim_wait=0/cd_wait=0/err=0.0%/avg=58ms; dexscreener:ok=11/fail=0/429=0/lim_wait=0/cd_wait=0/err=0.0%/avg=66ms | Tasks: 3 | RSS: 0.0MB | CycleAvg: 2.50s
2026-02-27 19:13:13,782 [INFO] [u_station_ab_night_autotune_v2] __main__: WATCHLIST merged count=9
2026-02-27 19:13:13,783 [INFO] [u_station_ab_night_autotune_v2] trading.v2_runtime: V2_UNIVERSE in=9 dedup=9 out=9 target=9 novel_target=8 novel_out=0 repeat_dropped=0 symbol_dropped=0 surge_in=1 surge_target=1 surge_out=1
2026-02-27 19:13:13,784 [INFO] [u_station_ab_night_autotune_v2] __main__: V2_SOURCE_QOS_FILTER in=9 out=8 drops={'source_qos_cap': 1} caps={'watchlist': 8}
2026-02-27 19:13:13,785 [INFO] [u_station_ab_night_autotune_v2] __main__: FILTER_FAIL token=ETH reason=source_qos_cap source=watchlist used=8/8
2026-02-27 19:13:13,786 [INFO] [u_station_ab_night_autotune_v2] __main__: FILTER_PASS token=cbBTC tier=A score=100 mode=YELLOW risk=MEDIUM liq=25942982 vol5m=61466
2026-02-27 19:13:13,787 [INFO] [u_station_ab_night_autotune_v2] __main__: FILTER_PASS token=FLOW tier=A score=100 mode=YELLOW risk=MEDIUM liq=725562 vol5m=11104
2026-02-27 19:13:13,789 [INFO] [u_station_ab_night_autotune_v2] __main__: FILTER_FAIL token=HOTDOGZ reason=safe_change_5m
2026-02-27 19:13:13,790 [INFO] [u_station_ab_night_autotune_v2] __main__: FILTER_PASS token=AERO tier=A score=85 mode=YELLOW risk=MEDIUM liq=1286429 vol5m=2134
2026-02-27 19:13:13,791 [INFO] [u_station_ab_night_autotune_v2] __main__: FILTER_PASS token=TIBBIR tier=A score=85 mode=YELLOW risk=MEDIUM liq=2652132 vol5m=3325
2026-02-27 19:13:13,793 [INFO] [u_station_ab_night_autotune_v2] __main__: FILTER_PASS token=ODAI tier=A score=95 mode=YELLOW risk=MEDIUM liq=398857 vol5m=6041
2026-02-27 19:13:13,794 [INFO] [u_station_ab_night_autotune_v2] __main__: FILTER_PASS token=BENCHMARK tier=A score=95 mode=YELLOW risk=MEDIUM liq=228094 vol5m=5743
2026-02-27 19:13:13,795 [INFO] [u_station_ab_night_autotune_v2] __main__: FILTER_PASS token=VIRTUAL tier=A score=75 mode=YELLOW risk=MEDIUM liq=7308617 vol5m=500
2026-02-27 19:13:13,797 [INFO] [u_station_ab_night_autotune_v2] __main__: V2_QUALITY_GATE enabled=True regime=YELLOW in=7 out=7 core_out=2 explore_out=5 probe_out=0 quota=3 max_symbol_share=0.143 drop={'duplicate_address': 5} sources_used={'watchlist': 7}
2026-02-27 19:13:13,801 [INFO] [u_station_ab_night_autotune_v2] __main__: V2_ENTRY_ROUTE enabled=True regime=YELLOW in=7 out=5 core_out=2 explore_out=3 quota=3 allow_explore=True
2026-02-27 19:13:13,802 [INFO] [u_station_ab_night_autotune_v2] __main__: MARKET_REGIME mode=YELLOW reason=hysteresis_recover_wait 3/4 raw=GREEN avg_cand_recent=7.33
2026-02-27 19:13:13,807 [INFO] [u_station_ab_night_autotune_v2] trading.auto_trader: AutoTrade skip token=cbBTC reason=ev_net_low expected_net=$-0.00428 min=$-0.00246 samples=32 conf=1.00 pwin=0.69 avg_win=$0.0036 avg_loss=$0.0116 kelly=0.000 mem=sparse trades=4<6
2026-02-27 19:13:13,809 [INFO] [u_station_ab_night_autotune_v2] trading.auto_trader: AutoTrade skip token=FLOW reason=blacklist detail=honeypot_guard:simulation_failed,simulation_error,holder_sell_failed,flag:high_fail_rate
2026-02-27 19:13:13,811 [INFO] [u_station_ab_night_autotune_v2] trading.auto_trader: AutoTrade skip token=ODAI reason=blacklist detail=honeypot_guard:simulation_failed,simulation_error,flag:high_fail_rate
2026-02-27 19:13:13,812 [INFO] [u_station_ab_night_autotune_v2] trading.auto_trader: AutoTrade skip token=BENCHMARK reason=blacklist detail=honeypot_guard:simulation_failed,simulation_error,holder_sell_failed,flag:high_fail_rate
2026-02-27 19:13:13,815 [INFO] [u_station_ab_night_autotune_v2] trading.auto_trader: AutoTrade skip token=TIBBIR reason=edge_low mode=both edge=-20.83% raw=-19.29% mult=1.08 min=0.05% probe_min=0.05% edge_usd=$-0.025 min_usd=$0.000 probe_min_usd=$0.000 size=$0.12 gross=6.40% costs=25.69% pwin=0.65 probe=- budget=0/1
2026-02-27 19:13:13,816 [INFO] [u_station_ab_night_autotune_v2] trading.auto_trader: AutoTrade batch mode=top_n candidates=5 eligible=5 selected=5 opened=0 pe=off burst_window=0
2026-02-27 19:13:13,817 [INFO] [u_station_ab_night_autotune_v2] __main__: Scanned 9 tokens | High quality: 8 | Alerts sent: 0 | Trade candidates: 7 | Quality out/core/explore/probe: 7/2/5/0 | Opened: 0 | Mode: local | Source: onchain+market | Policy: raw=OK/effective=OK(healthy | route=allow_all) | Regime: YELLOW(hysteresis_recover_wait 3/4 raw=GREEN) | Safety: checked=7 fail_closed=0 reasons=api_code_4029:7 | FiltersTop(session): safe_change_5m:6,safe_volume:4,source_qos_symbol_cap:3,source_qos_cap:3 | Dedup: heavy_skip=0 override=0 | V2Budget: 7/280 | SourceQoS: enabled=1/in=9/out=8/dropped=1/active_cd=0/drops=source_qos_cap:1 | Ingest: q=0/oldest=0.0s/drop_old=0/dedup_skip=0/enq=0/drain=0 | Sources: dex_boosts:ok=1/fail=0/429=0/lim_wait=0/cd_wait=0/err=0.0%/avg=53ms; dexscreener:ok=11/fail=0/429=0/lim_wait=0/cd_wait=0/err=0.0%/avg=48ms | Tasks: 3 | RSS: 0.0MB | CycleAvg: 1.47s
2026-02-27 19:13:18,460 [INFO] [u_station_ab_night_autotune_v2] __main__: WATCHLIST merged count=9
2026-02-27 19:13:18,460 [INFO] [u_station_ab_night_autotune_v2] trading.v2_runtime: V2_UNIVERSE in=9 dedup=9 out=9 target=9 novel_target=8 novel_out=0 repeat_dropped=0 symbol_dropped=0 surge_in=1 surge_target=1 surge_out=1
2026-02-27 19:13:18,461 [INFO] [u_station_ab_night_autotune_v2] __main__: V2_SOURCE_QOS_FILTER in=9 out=8 drops={'source_qos_cap': 1} caps={'watchlist': 8}
2026-02-27 19:13:18,462 [INFO] [u_station_ab_night_autotune_v2] __main__: FILTER_FAIL token=ETH reason=source_qos_cap source=watchlist used=8/8
2026-02-27 19:13:18,462 [INFO] [u_station_ab_night_autotune_v2] __main__: FILTER_PASS token=cbBTC tier=A score=100 mode=YELLOW risk=MEDIUM liq=25942982 vol5m=61466
2026-02-27 19:13:18,463 [INFO] [u_station_ab_night_autotune_v2] __main__: FILTER_PASS token=FLOW tier=A score=100 mode=YELLOW risk=MEDIUM liq=725562 vol5m=11104
2026-02-27 19:13:18,465 [INFO] [u_station_ab_night_autotune_v2] __main__: FILTER_FAIL token=HOTDOGZ reason=safe_change_5m
2026-02-27 19:13:18,465 [INFO] [u_station_ab_night_autotune_v2] __main__: FILTER_PASS token=AERO tier=A score=85 mode=YELLOW risk=MEDIUM liq=1286429 vol5m=2134
2026-02-27 19:13:18,466 [INFO] [u_station_ab_night_autotune_v2] __main__: FILTER_PASS token=TIBBIR tier=A score=85 mode=YELLOW risk=MEDIUM liq=2652132 vol5m=3325
2026-02-27 19:13:18,467 [INFO] [u_station_ab_night_autotune_v2] __main__: FILTER_PASS token=ODAI tier=A score=95 mode=YELLOW risk=MEDIUM liq=398857 vol5m=6041
2026-02-27 19:13:18,468 [INFO] [u_station_ab_night_autotune_v2] __main__: FILTER_PASS token=BENCHMARK tier=A score=95 mode=YELLOW risk=MEDIUM liq=228094 vol5m=5743
2026-02-27 19:13:18,469 [INFO] [u_station_ab_night_autotune_v2] __main__: FILTER_PASS token=VIRTUAL tier=A score=75 mode=YELLOW risk=MEDIUM liq=7308617 vol5m=500
2026-02-27 19:13:18,470 [INFO] [u_station_ab_night_autotune_v2] __main__: V2_QUALITY_GATE enabled=True regime=GREEN in=7 out=7 core_out=2 explore_out=5 probe_out=0 quota=3 max_symbol_share=0.143 drop={'duplicate_address': 5} sources_used={'watchlist': 7}
2026-02-27 19:13:18,473 [INFO] [u_station_ab_night_autotune_v2] __main__: V2_ENTRY_ROUTE enabled=True regime=GREEN in=7 out=5 core_out=2 explore_out=3 quota=3 allow_explore=True
2026-02-27 19:13:18,473 [INFO] [u_station_ab_night_autotune_v2] __main__: MARKET_REGIME mode=GREEN reason=avg_cand=7.25 avg_cand_recent=7.25
2026-02-27 19:13:18,474 [WARNING] [u_station_ab_night_autotune_v2] monitor.local_alerter: Local event symbol=MARKET_MODE reco=GREEN risk=INFO
2026-02-27 19:13:18,476 [INFO] [u_station_ab_night_autotune_v2] trading.auto_trader: AutoTrade skip token=cbBTC reason=ev_net_low expected_net=$-0.00428 min=$-0.00246 samples=32 conf=1.00 pwin=0.69 avg_win=$0.0036 avg_loss=$0.0116 kelly=0.000 mem=sparse trades=4<6
2026-02-27 19:13:18,477 [INFO] [u_station_ab_night_autotune_v2] trading.auto_trader: AutoTrade skip token=FLOW reason=blacklist detail=honeypot_guard:simulation_failed,simulation_error,holder_sell_failed,flag:high_fail_rate
2026-02-27 19:13:18,478 [INFO] [u_station_ab_night_autotune_v2] trading.auto_trader: AutoTrade skip token=ODAI reason=blacklist detail=honeypot_guard:simulation_failed,simulation_error,flag:high_fail_rate
2026-02-27 19:13:18,479 [INFO] [u_station_ab_night_autotune_v2] trading.auto_trader: AutoTrade skip token=BENCHMARK reason=blacklist detail=honeypot_guard:simulation_failed,simulation_error,holder_sell_failed,flag:high_fail_rate
2026-02-27 19:13:18,481 [INFO] [u_station_ab_night_autotune_v2] trading.auto_trader: AutoTrade skip token=TIBBIR reason=edge_low mode=both edge=-20.83% raw=-19.29% mult=1.08 min=0.05% probe_min=0.05% edge_usd=$-0.025 min_usd=$0.000 probe_min_usd=$0.000 size=$0.12 gross=6.40% costs=25.69% pwin=0.65 probe=- budget=0/1
2026-02-27 19:13:18,482 [INFO] [u_station_ab_night_autotune_v2] trading.auto_trader: AutoTrade batch mode=top_n candidates=5 eligible=5 selected=5 opened=0 pe=off burst_window=0
2026-02-27 19:13:18,483 [INFO] [u_station_ab_night_autotune_v2] __main__: Scanned 9 tokens | High quality: 8 | Alerts sent: 0 | Trade candidates: 7 | Quality out/core/explore/probe: 7/2/5/0 | Opened: 0 | Mode: local | Source: onchain+market | Policy: raw=OK/effective=OK(healthy | route=allow_all) | Regime: GREEN(avg_cand=7.25) | Safety: checked=7 fail_closed=0 reasons=api_code_4029:7 | FiltersTop(session): safe_change_5m:7,source_qos_cap:4,safe_volume:4,source_qos_symbol_cap:3 | Dedup: heavy_skip=0 override=0 | V2Budget: 7/280 | SourceQoS: enabled=1/in=9/out=8/dropped=1/active_cd=0/drops=source_qos_cap:1 | Ingest: q=0/oldest=0.0s/drop_old=0/dedup_skip=0/enq=0/drain=0 | Sources: dex_boosts:ok=1/fail=0/429=0/lim_wait=0/cd_wait=0/err=0.0%/avg=58ms; dexscreener:ok=11/fail=0/429=0/lim_wait=0/cd_wait=0/err=0.0%/avg=230ms | Tasks: 3 | RSS: 0.0MB | CycleAvg: 1.13s
2026-02-27 19:13:23,001 [INFO] [u_station_ab_night_autotune_v2] __main__: WATCHLIST merged count=9
2026-02-27 19:13:23,002 [INFO] [u_station_ab_night_autotune_v2] trading.v2_runtime: V2_UNIVERSE in=9 dedup=9 out=9 target=9 novel_target=8 novel_out=0 repeat_dropped=0 symbol_dropped=0 surge_in=1 surge_target=1 surge_out=1
2026-02-27 19:13:23,003 [INFO] [u_station_ab_night_autotune_v2] __main__: V2_SOURCE_QOS_FILTER in=9 out=8 drops={'source_qos_cap': 1} caps={'watchlist': 8}
2026-02-27 19:13:23,004 [INFO] [u_station_ab_night_autotune_v2] __main__: FILTER_FAIL token=ETH reason=source_qos_cap source=watchlist used=8/8
2026-02-27 19:13:23,004 [INFO] [u_station_ab_night_autotune_v2] __main__: FILTER_PASS token=cbBTC tier=A score=100 mode=GREEN risk=MEDIUM liq=25942982 vol5m=61466
2026-02-27 19:13:23,005 [INFO] [u_station_ab_night_autotune_v2] __main__: FILTER_PASS token=FLOW tier=A score=100 mode=GREEN risk=MEDIUM liq=725562 vol5m=11104
2026-02-27 19:13:23,007 [INFO] [u_station_ab_night_autotune_v2] __main__: FILTER_FAIL token=HOTDOGZ reason=safe_change_5m
2026-02-27 19:13:23,007 [INFO] [u_station_ab_night_autotune_v2] __main__: FILTER_PASS token=AERO tier=A score=85 mode=GREEN risk=MEDIUM liq=1286429 vol5m=2134
2026-02-27 19:13:23,008 [INFO] [u_station_ab_night_autotune_v2] __main__: FILTER_PASS token=TIBBIR tier=A score=85 mode=GREEN risk=MEDIUM liq=2652132 vol5m=3325
2026-02-27 19:13:23,009 [INFO] [u_station_ab_night_autotune_v2] __main__: FILTER_PASS token=ODAI tier=A score=95 mode=GREEN risk=MEDIUM liq=398857 vol5m=6041
2026-02-27 19:13:23,010 [INFO] [u_station_ab_night_autotune_v2] __main__: FILTER_PASS token=BENCHMARK tier=A score=95 mode=GREEN risk=MEDIUM liq=228094 vol5m=5743
2026-02-27 19:13:23,011 [INFO] [u_station_ab_night_autotune_v2] __main__: FILTER_PASS token=VIRTUAL tier=A score=75 mode=GREEN risk=MEDIUM liq=7308617 vol5m=500
2026-02-27 19:13:23,012 [INFO] [u_station_ab_night_autotune_v2] __main__: V2_QUALITY_GATE enabled=True regime=GREEN in=7 out=7 core_out=2 explore_out=5 probe_out=0 quota=3 max_symbol_share=0.143 drop={'duplicate_address': 5} sources_used={'watchlist': 7}
2026-02-27 19:13:23,014 [INFO] [u_station_ab_night_autotune_v2] __main__: V2_ENTRY_ROUTE enabled=True regime=GREEN in=7 out=5 core_out=2 explore_out=3 quota=3 allow_explore=True
2026-02-27 19:13:23,015 [INFO] [u_station_ab_night_autotune_v2] __main__: MARKET_REGIME mode=GREEN reason=avg_cand=7.20 avg_cand_recent=7.20
2026-02-27 19:13:23,025 [INFO] [u_station_ab_night_autotune_v2] trading.auto_trader: AutoTrade skip token=cbBTC reason=ev_net_low expected_net=$-0.00316 min=$-0.00228 samples=41 conf=1.00 pwin=0.56 avg_win=$0.0055 avg_loss=$0.0072 kelly=0.000 mem=sparse trades=4<6
2026-02-27 19:13:23,026 [INFO] [u_station_ab_night_autotune_v2] trading.auto_trader: AutoTrade skip token=FLOW reason=blacklist detail=honeypot_guard:simulation_failed,simulation_error,holder_sell_failed,flag:high_fail_rate
2026-02-27 19:13:23,028 [INFO] [u_station_ab_night_autotune_v2] trading.auto_trader: AutoTrade skip token=ODAI reason=blacklist detail=honeypot_guard:simulation_failed,simulation_error,flag:high_fail_rate
2026-02-27 19:13:23,029 [INFO] [u_station_ab_night_autotune_v2] trading.auto_trader: AutoTrade skip token=BENCHMARK reason=blacklist detail=honeypot_guard:simulation_failed,simulation_error,holder_sell_failed,flag:high_fail_rate
2026-02-27 19:13:23,038 [INFO] [u_station_ab_night_autotune_v2] trading.auto_trader: AutoTrade skip token=TIBBIR reason=edge_low mode=both edge=-20.07% raw=-20.07% mult=1.00 min=0.05% probe_min=0.05% edge_usd=$-0.024 min_usd=$0.000 probe_min_usd=$0.000 size=$0.12 gross=6.40% costs=26.47% pwin=0.65 probe=- budget=0/1
2026-02-27 19:13:23,039 [INFO] [u_station_ab_night_autotune_v2] trading.auto_trader: AutoTrade batch mode=top_n candidates=5 eligible=5 selected=5 opened=0 pe=off burst_window=0
2026-02-27 19:13:23,040 [INFO] [u_station_ab_night_autotune_v2] __main__: Scanned 9 tokens | High quality: 8 | Alerts sent: 0 | Trade candidates: 7 | Quality out/core/explore/probe: 7/2/5/0 | Opened: 0 | Mode: local | Source: onchain+market | Policy: raw=OK/effective=OK(healthy | route=allow_all) | Regime: GREEN(avg_cand=7.20) | Safety: checked=7 fail_closed=0 reasons=api_code_4029:7 | FiltersTop(session): safe_change_5m:8,source_qos_cap:5,safe_volume:4,source_qos_symbol_cap:3 | Dedup: heavy_skip=0 override=0 | V2Budget: 7/280 | SourceQoS: enabled=1/in=9/out=8/dropped=1/active_cd=0/drops=source_qos_cap:1 | Ingest: q=0/oldest=0.0s/drop_old=0/dedup_skip=0/enq=0/drain=0 | Sources: dex_boosts:ok=1/fail=0/429=0/lim_wait=0/cd_wait=0/err=0.0%/avg=33ms; dexscreener:ok=11/fail=0/429=0/lim_wait=0/cd_wait=0/err=0.0%/avg=44ms | Tasks: 3 | RSS: 0.0MB | CycleAvg: 0.98s
2026-02-27 19:13:27,560 [INFO] [u_station_ab_night_autotune_v2] __main__: WATCHLIST merged count=9
2026-02-27 19:13:27,561 [INFO] [u_station_ab_night_autotune_v2] trading.v2_runtime: V2_UNIVERSE in=9 dedup=9 out=9 target=9 novel_target=8 novel_out=0 repeat_dropped=0 symbol_dropped=0 surge_in=1 surge_target=1 surge_out=1
2026-02-27 19:13:27,561 [INFO] [u_station_ab_night_autotune_v2] __main__: V2_SOURCE_QOS_FILTER in=9 out=8 drops={'source_qos_cap': 1} caps={'watchlist': 8}
2026-02-27 19:13:27,562 [INFO] [u_station_ab_night_autotune_v2] __main__: FILTER_FAIL token=ETH reason=source_qos_cap source=watchlist used=8/8
2026-02-27 19:13:27,563 [INFO] [u_station_ab_night_autotune_v2] __main__: FILTER_PASS token=cbBTC tier=A score=100 mode=GREEN risk=MEDIUM liq=25942982 vol5m=61466
2026-02-27 19:13:27,564 [INFO] [u_station_ab_night_autotune_v2] __main__: FILTER_PASS token=FLOW tier=A score=100 mode=GREEN risk=MEDIUM liq=725562 vol5m=11104
2026-02-27 19:13:27,565 [INFO] [u_station_ab_night_autotune_v2] __main__: FILTER_FAIL token=HOTDOGZ reason=safe_change_5m
2026-02-27 19:13:27,566 [INFO] [u_station_ab_night_autotune_v2] __main__: FILTER_PASS token=AERO tier=A score=85 mode=GREEN risk=MEDIUM liq=1286429 vol5m=2134
2026-02-27 19:13:27,567 [INFO] [u_station_ab_night_autotune_v2] __main__: FILTER_PASS token=TIBBIR tier=A score=85 mode=GREEN risk=MEDIUM liq=2652132 vol5m=3325
2026-02-27 19:13:27,568 [INFO] [u_station_ab_night_autotune_v2] __main__: FILTER_PASS token=ODAI tier=A score=95 mode=GREEN risk=MEDIUM liq=398857 vol5m=6041
2026-02-27 19:13:27,569 [INFO] [u_station_ab_night_autotune_v2] __main__: FILTER_PASS token=BENCHMARK tier=A score=95 mode=GREEN risk=MEDIUM liq=228094 vol5m=5743
2026-02-27 19:13:27,570 [INFO] [u_station_ab_night_autotune_v2] __main__: FILTER_PASS token=VIRTUAL tier=A score=75 mode=GREEN risk=MEDIUM liq=7308617 vol5m=500
2026-02-27 19:13:27,572 [INFO] [u_station_ab_night_autotune_v2] __main__: V2_QUALITY_GATE enabled=True regime=GREEN in=7 out=7 core_out=2 explore_out=5 probe_out=0 quota=3 max_symbol_share=0.143 drop={'duplicate_address': 5} sources_used={'watchlist': 7}
2026-02-27 19:13:27,576 [INFO] [u_station_ab_night_autotune_v2] __main__: V2_ENTRY_ROUTE enabled=True regime=GREEN in=7 out=5 core_out=2 explore_out=3 quota=3 allow_explore=True
2026-02-27 19:13:27,577 [INFO] [u_station_ab_night_autotune_v2] __main__: MARKET_REGIME mode=GREEN reason=avg_cand=7.17 avg_cand_recent=7.17
2026-02-27 19:13:27,579 [INFO] [u_station_ab_night_autotune_v2] trading.auto_trader: AutoTrade skip token=cbBTC reason=ev_net_low expected_net=$-0.00316 min=$-0.00228 samples=41 conf=1.00 pwin=0.56 avg_win=$0.0055 avg_loss=$0.0072 kelly=0.000 mem=sparse trades=4<6
2026-02-27 19:13:27,581 [INFO] [u_station_ab_night_autotune_v2] trading.auto_trader: AutoTrade skip token=FLOW reason=blacklist detail=honeypot_guard:simulation_failed,simulation_error,holder_sell_failed,flag:high_fail_rate
2026-02-27 19:13:27,582 [INFO] [u_station_ab_night_autotune_v2] trading.auto_trader: AutoTrade skip token=ODAI reason=blacklist detail=honeypot_guard:simulation_failed,simulation_error,flag:high_fail_rate
2026-02-27 19:13:27,583 [INFO] [u_station_ab_night_autotune_v2] trading.auto_trader: AutoTrade skip token=BENCHMARK reason=blacklist detail=honeypot_guard:simulation_failed,simulation_error,holder_sell_failed,flag:high_fail_rate
2026-02-27 19:13:27,585 [INFO] [u_station_ab_night_autotune_v2] trading.auto_trader: AutoTrade skip token=TIBBIR reason=edge_low mode=both edge=-20.07% raw=-20.07% mult=1.00 min=0.05% probe_min=0.05% edge_usd=$-0.024 min_usd=$0.000 probe_min_usd=$0.000 size=$0.12 gross=6.40% costs=26.47% pwin=0.65 probe=- budget=0/1
2026-02-27 19:13:27,586 [INFO] [u_station_ab_night_autotune_v2] trading.auto_trader: AutoTrade batch mode=top_n candidates=5 eligible=5 selected=5 opened=0 pe=off burst_window=0
2026-02-27 19:13:27,587 [INFO] [u_station_ab_night_autotune_v2] __main__: Scanned 9 tokens | High quality: 8 | Alerts sent: 0 | Trade candidates: 7 | Quality out/core/explore/probe: 7/2/5/0 | Opened: 0 | Mode: local | Source: onchain+market | Policy: raw=OK/effective=OK(healthy | route=allow_all) | Regime: GREEN(avg_cand=7.17) | Safety: checked=7 fail_closed=0 reasons=api_code_4029:7 | FiltersTop(session): safe_change_5m:9,source_qos_cap:6,safe_volume:4,source_qos_symbol_cap:3 | Dedup: heavy_skip=0 override=0 | V2Budget: 7/280 | SourceQoS: enabled=1/in=9/out=8/dropped=1/active_cd=0/drops=source_qos_cap:1 | Ingest: q=0/oldest=0.0s/drop_old=0/dedup_skip=0/enq=0/drain=0 | Sources: dex_boosts:ok=1/fail=0/429=0/lim_wait=0/cd_wait=0/err=0.0%/avg=40ms; dexscreener:ok=11/fail=0/429=0/lim_wait=0/cd_wait=0/err=0.0%/avg=44ms | Tasks: 3 | RSS: 0.0MB | CycleAvg: 0.87s
2026-02-27 19:13:32,142 [INFO] [u_station_ab_night_autotune_v2] __main__: WATCHLIST merged count=9
2026-02-27 19:13:32,142 [INFO] [u_station_ab_night_autotune_v2] trading.v2_runtime: V2_UNIVERSE in=9 dedup=9 out=9 target=9 novel_target=8 novel_out=0 repeat_dropped=0 symbol_dropped=0 surge_in=1 surge_target=1 surge_out=1
2026-02-27 19:13:32,143 [INFO] [u_station_ab_night_autotune_v2] __main__: V2_SOURCE_QOS_FILTER in=9 out=8 drops={'source_qos_cap': 1} caps={'watchlist': 8}
2026-02-27 19:13:32,145 [INFO] [u_station_ab_night_autotune_v2] __main__: FILTER_FAIL token=ETH reason=source_qos_cap source=watchlist used=8/8
2026-02-27 19:13:32,145 [INFO] [u_station_ab_night_autotune_v2] __main__: FILTER_PASS token=cbBTC tier=A score=100 mode=GREEN risk=MEDIUM liq=25942982 vol5m=61466
2026-02-27 19:13:32,146 [INFO] [u_station_ab_night_autotune_v2] __main__: FILTER_PASS token=FLOW tier=A score=100 mode=GREEN risk=MEDIUM liq=725562 vol5m=11104
2026-02-27 19:13:32,148 [INFO] [u_station_ab_night_autotune_v2] __main__: FILTER_FAIL token=HOTDOGZ reason=safe_change_5m
2026-02-27 19:13:32,149 [INFO] [u_station_ab_night_autotune_v2] __main__: FILTER_PASS token=AERO tier=A score=85 mode=GREEN risk=MEDIUM liq=1286429 vol5m=2134
2026-02-27 19:13:32,150 [INFO] [u_station_ab_night_autotune_v2] __main__: FILTER_PASS token=TIBBIR tier=A score=85 mode=GREEN risk=MEDIUM liq=2652132 vol5m=3325
2026-02-27 19:13:32,151 [INFO] [u_station_ab_night_autotune_v2] __main__: FILTER_PASS token=ODAI tier=A score=95 mode=GREEN risk=MEDIUM liq=398857 vol5m=6041
2026-02-27 19:13:32,152 [INFO] [u_station_ab_night_autotune_v2] __main__: FILTER_PASS token=BENCHMARK tier=A score=95 mode=GREEN risk=MEDIUM liq=228094 vol5m=5743
2026-02-27 19:13:32,152 [INFO] [u_station_ab_night_autotune_v2] __main__: FILTER_PASS token=VIRTUAL tier=A score=75 mode=GREEN risk=MEDIUM liq=7308617 vol5m=500
2026-02-27 19:13:32,154 [INFO] [u_station_ab_night_autotune_v2] __main__: V2_QUALITY_GATE enabled=True regime=GREEN in=7 out=7 core_out=2 explore_out=5 probe_out=0 quota=3 max_symbol_share=0.143 drop={'duplicate_address': 5} sources_used={'watchlist': 7}
2026-02-27 19:13:32,156 [INFO] [u_station_ab_night_autotune_v2] __main__: V2_ENTRY_ROUTE enabled=True regime=GREEN in=7 out=5 core_out=2 explore_out=3 quota=3 allow_explore=True
2026-02-27 19:13:32,156 [INFO] [u_station_ab_night_autotune_v2] __main__: MARKET_REGIME mode=GREEN reason=avg_cand=7.14 avg_cand_recent=7.14
2026-02-27 19:13:32,159 [INFO] [u_station_ab_night_autotune_v2] trading.auto_trader: AutoTrade skip token=cbBTC reason=ev_net_low expected_net=$-0.00316 min=$-0.00228 samples=41 conf=1.00 pwin=0.56 avg_win=$0.0055 avg_loss=$0.0072 kelly=0.000 mem=sparse trades=4<6
2026-02-27 19:13:32,161 [INFO] [u_station_ab_night_autotune_v2] trading.auto_trader: AutoTrade skip token=FLOW reason=blacklist detail=honeypot_guard:simulation_failed,simulation_error,holder_sell_failed,flag:high_fail_rate
2026-02-27 19:13:32,162 [INFO] [u_station_ab_night_autotune_v2] trading.auto_trader: AutoTrade skip token=ODAI reason=blacklist detail=honeypot_guard:simulation_failed,simulation_error,flag:high_fail_rate
2026-02-27 19:13:32,164 [INFO] [u_station_ab_night_autotune_v2] trading.auto_trader: AutoTrade skip token=BENCHMARK reason=blacklist detail=honeypot_guard:simulation_failed,simulation_error,holder_sell_failed,flag:high_fail_rate
2026-02-27 19:13:32,166 [INFO] [u_station_ab_night_autotune_v2] trading.auto_trader: AutoTrade skip token=TIBBIR reason=edge_low mode=both edge=-20.07% raw=-20.07% mult=1.00 min=0.05% probe_min=0.05% edge_usd=$-0.024 min_usd=$0.000 probe_min_usd=$0.000 size=$0.12 gross=6.40% costs=26.47% pwin=0.65 probe=- budget=0/1
2026-02-27 19:13:32,167 [INFO] [u_station_ab_night_autotune_v2] trading.auto_trader: AutoTrade batch mode=top_n candidates=5 eligible=5 selected=5 opened=0 pe=off burst_window=0
2026-02-27 19:13:32,168 [INFO] [u_station_ab_night_autotune_v2] __main__: Scanned 9 tokens | High quality: 8 | Alerts sent: 0 | Trade candidates: 7 | Quality out/core/explore/probe: 7/2/5/0 | Opened: 0 | Mode: local | Source: onchain+market | Policy: raw=OK/effective=OK(healthy | route=allow_all) | Regime: GREEN(avg_cand=7.14) | Safety: checked=7 fail_closed=0 reasons=api_code_4029:7 | FiltersTop(session): safe_change_5m:10,source_qos_cap:7,safe_volume:4,source_qos_symbol_cap:3 | Dedup: heavy_skip=0 override=0 | V2Budget: 7/280 | SourceQoS: enabled=1/in=9/out=8/dropped=1/active_cd=0/drops=source_qos_cap:1 | Ingest: q=0/oldest=0.0s/drop_old=0/dedup_skip=0/enq=0/drain=0 | Sources: dex_boosts:ok=1/fail=0/429=0/lim_wait=0/cd_wait=0/err=0.0%/avg=46ms; dexscreener:ok=11/fail=0/429=0/lim_wait=0/cd_wait=0/err=0.0%/avg=49ms | Tasks: 3 | RSS: 0.0MB | CycleAvg: 0.80s
2026-02-27 19:13:36,722 [INFO] [u_station_ab_night_autotune_v2] __main__: WATCHLIST merged count=9
2026-02-27 19:13:36,722 [INFO] [u_station_ab_night_autotune_v2] trading.v2_runtime: V2_UNIVERSE in=9 dedup=9 out=9 target=9 novel_target=8 novel_out=0 repeat_dropped=0 symbol_dropped=0 surge_in=1 surge_target=1 surge_out=1
2026-02-27 19:13:36,723 [INFO] [u_station_ab_night_autotune_v2] __main__: V2_SOURCE_QOS_FILTER in=9 out=8 drops={'source_qos_cap': 1} caps={'watchlist': 8}
2026-02-27 19:13:36,724 [INFO] [u_station_ab_night_autotune_v2] __main__: FILTER_FAIL token=ETH reason=source_qos_cap source=watchlist used=8/8
2026-02-27 19:13:36,725 [INFO] [u_station_ab_night_autotune_v2] __main__: FILTER_PASS token=cbBTC tier=A score=100 mode=GREEN risk=MEDIUM liq=25942982 vol5m=61466
2026-02-27 19:13:36,726 [INFO] [u_station_ab_night_autotune_v2] __main__: FILTER_PASS token=FLOW tier=A score=100 mode=GREEN risk=MEDIUM liq=725562 vol5m=11104
2026-02-27 19:13:36,728 [INFO] [u_station_ab_night_autotune_v2] __main__: FILTER_FAIL token=HOTDOGZ reason=safe_change_5m
2026-02-27 19:13:36,728 [INFO] [u_station_ab_night_autotune_v2] __main__: FILTER_PASS token=AERO tier=A score=85 mode=GREEN risk=MEDIUM liq=1286429 vol5m=2134
2026-02-27 19:13:36,729 [INFO] [u_station_ab_night_autotune_v2] __main__: FILTER_PASS token=TIBBIR tier=A score=85 mode=GREEN risk=MEDIUM liq=2652132 vol5m=3325
2026-02-27 19:13:36,730 [INFO] [u_station_ab_night_autotune_v2] __main__: FILTER_PASS token=ODAI tier=A score=95 mode=GREEN risk=MEDIUM liq=398857 vol5m=6041
2026-02-27 19:13:36,731 [INFO] [u_station_ab_night_autotune_v2] __main__: FILTER_PASS token=BENCHMARK tier=A score=95 mode=GREEN risk=MEDIUM liq=228094 vol5m=5743
2026-02-27 19:13:36,732 [INFO] [u_station_ab_night_autotune_v2] __main__: FILTER_PASS token=VIRTUAL tier=A score=75 mode=GREEN risk=MEDIUM liq=7308617 vol5m=500
2026-02-27 19:13:36,733 [INFO] [u_station_ab_night_autotune_v2] __main__: V2_QUALITY_GATE enabled=True regime=GREEN in=7 out=7 core_out=2 explore_out=5 probe_out=0 quota=3 max_symbol_share=0.143 drop={'duplicate_address': 5} sources_used={'watchlist': 7}
2026-02-27 19:13:36,735 [INFO] [u_station_ab_night_autotune_v2] __main__: V2_ENTRY_ROUTE enabled=True regime=GREEN in=7 out=5 core_out=2 explore_out=3 quota=3 allow_explore=True
2026-02-27 19:13:36,736 [INFO] [u_station_ab_night_autotune_v2] __main__: MARKET_REGIME mode=GREEN reason=avg_cand=7.12 avg_cand_recent=7.12
2026-02-27 19:13:36,738 [INFO] [u_station_ab_night_autotune_v2] trading.auto_trader: AutoTrade skip token=cbBTC reason=ev_net_low expected_net=$-0.00316 min=$-0.00228 samples=41 conf=1.00 pwin=0.56 avg_win=$0.0055 avg_loss=$0.0072 kelly=0.000 mem=sparse trades=4<6
2026-02-27 19:13:36,740 [INFO] [u_station_ab_night_autotune_v2] trading.auto_trader: AutoTrade skip token=FLOW reason=blacklist detail=honeypot_guard:simulation_failed,simulation_error,holder_sell_failed,flag:high_fail_rate
2026-02-27 19:13:36,741 [INFO] [u_station_ab_night_autotune_v2] trading.auto_trader: AutoTrade skip token=ODAI reason=blacklist detail=honeypot_guard:simulation_failed,simulation_error,flag:high_fail_rate
2026-02-27 19:13:36,743 [INFO] [u_station_ab_night_autotune_v2] trading.auto_trader: AutoTrade skip token=BENCHMARK reason=blacklist detail=honeypot_guard:simulation_failed,simulation_error,holder_sell_failed,flag:high_fail_rate
2026-02-27 19:13:36,746 [INFO] [u_station_ab_night_autotune_v2] trading.auto_trader: AutoTrade skip token=TIBBIR reason=edge_low mode=both edge=-20.07% raw=-20.07% mult=1.00 min=0.05% probe_min=0.05% edge_usd=$-0.024 min_usd=$0.000 probe_min_usd=$0.000 size=$0.12 gross=6.40% costs=26.47% pwin=0.65 probe=- budget=0/1
2026-02-27 19:13:36,747 [INFO] [u_station_ab_night_autotune_v2] trading.auto_trader: AutoTrade batch mode=top_n candidates=5 eligible=5 selected=5 opened=0 pe=off burst_window=0
2026-02-27 19:13:36,748 [INFO] [u_station_ab_night_autotune_v2] __main__: Scanned 9 tokens | High quality: 8 | Alerts sent: 0 | Trade candidates: 7 | Quality out/core/explore/probe: 7/2/5/0 | Opened: 0 | Mode: local | Source: onchain+market | Policy: raw=OK/effective=OK(healthy | route=allow_all) | Regime: GREEN(avg_cand=7.12) | Safety: checked=7 fail_closed=0 reasons=api_code_4029:7 | FiltersTop(session): safe_change_5m:11,source_qos_cap:8,safe_volume:4,source_qos_symbol_cap:3 | Dedup: heavy_skip=0 override=0 | V2Budget: 7/280 | SourceQoS: enabled=1/in=9/out=8/dropped=1/active_cd=0/drops=source_qos_cap:1 | Ingest: q=0/oldest=0.0s/drop_old=0/dedup_skip=0/enq=0/drain=0 | Sources: dex_boosts:ok=1/fail=0/429=0/lim_wait=0/cd_wait=0/err=0.0%/avg=36ms; dexscreener:ok=11/fail=0/429=0/lim_wait=0/cd_wait=0/err=0.0%/avg=58ms | Tasks: 3 | RSS: 0.0MB | CycleAvg: 0.75s
2026-02-27 19:13:41,285 [INFO] [u_station_ab_night_autotune_v2] __main__: WATCHLIST merged count=9
2026-02-27 19:13:41,286 [INFO] [u_station_ab_night_autotune_v2] trading.v2_runtime: V2_UNIVERSE in=9 dedup=9 out=9 target=9 novel_target=8 novel_out=0 repeat_dropped=0 symbol_dropped=0 surge_in=1 surge_target=1 surge_out=1
2026-02-27 19:13:41,286 [INFO] [u_station_ab_night_autotune_v2] __main__: V2_SOURCE_QOS_FILTER in=9 out=8 drops={'source_qos_cap': 1} caps={'watchlist': 8}
2026-02-27 19:13:41,287 [INFO] [u_station_ab_night_autotune_v2] __main__: FILTER_FAIL token=ETH reason=source_qos_cap source=watchlist used=8/8
2026-02-27 19:13:41,288 [INFO] [u_station_ab_night_autotune_v2] __main__: FILTER_PASS token=cbBTC tier=A score=100 mode=GREEN risk=MEDIUM liq=25942982 vol5m=61466
2026-02-27 19:13:41,289 [INFO] [u_station_ab_night_autotune_v2] __main__: FILTER_PASS token=FLOW tier=A score=100 mode=GREEN risk=MEDIUM liq=725562 vol5m=11104
2026-02-27 19:13:41,291 [INFO] [u_station_ab_night_autotune_v2] __main__: FILTER_FAIL token=HOTDOGZ reason=safe_change_5m
2026-02-27 19:13:41,292 [INFO] [u_station_ab_night_autotune_v2] __main__: FILTER_PASS token=AERO tier=A score=85 mode=GREEN risk=MEDIUM liq=1286429 vol5m=2134
2026-02-27 19:13:41,293 [INFO] [u_station_ab_night_autotune_v2] __main__: FILTER_PASS token=TIBBIR tier=A score=85 mode=GREEN risk=MEDIUM liq=2652132 vol5m=3325
2026-02-27 19:13:41,294 [INFO] [u_station_ab_night_autotune_v2] __main__: FILTER_PASS token=ODAI tier=A score=95 mode=GREEN risk=MEDIUM liq=398857 vol5m=6041
2026-02-27 19:13:41,295 [INFO] [u_station_ab_night_autotune_v2] __main__: FILTER_PASS token=BENCHMARK tier=A score=95 mode=GREEN risk=MEDIUM liq=228094 vol5m=5743
2026-02-27 19:13:41,296 [INFO] [u_station_ab_night_autotune_v2] __main__: FILTER_PASS token=VIRTUAL tier=A score=75 mode=GREEN risk=MEDIUM liq=7308617 vol5m=500
2026-02-27 19:13:41,298 [INFO] [u_station_ab_night_autotune_v2] __main__: V2_QUALITY_GATE enabled=True regime=GREEN in=7 out=7 core_out=2 explore_out=5 probe_out=0 quota=3 max_symbol_share=0.143 drop={'duplicate_address': 5} sources_used={'watchlist': 7}
2026-02-27 19:13:41,301 [INFO] [u_station_ab_night_autotune_v2] __main__: V2_ENTRY_ROUTE enabled=True regime=GREEN in=7 out=5 core_out=2 explore_out=3 quota=3 allow_explore=True
2026-02-27 19:13:41,302 [INFO] [u_station_ab_night_autotune_v2] __main__: MARKET_REGIME mode=GREEN reason=avg_cand=7.11 avg_cand_recent=7.11
2026-02-27 19:13:41,305 [INFO] [u_station_ab_night_autotune_v2] trading.auto_trader: AutoTrade skip token=cbBTC reason=ev_net_low expected_net=$-0.00316 min=$-0.00228 samples=41 conf=1.00 pwin=0.56 avg_win=$0.0055 avg_loss=$0.0072 kelly=0.000 mem=sparse trades=4<6
2026-02-27 19:13:41,307 [INFO] [u_station_ab_night_autotune_v2] trading.auto_trader: AutoTrade skip token=FLOW reason=blacklist detail=honeypot_guard:simulation_failed,simulation_error,holder_sell_failed,flag:high_fail_rate
2026-02-27 19:13:41,308 [INFO] [u_station_ab_night_autotune_v2] trading.auto_trader: AutoTrade skip token=ODAI reason=blacklist detail=honeypot_guard:simulation_failed,simulation_error,flag:high_fail_rate
2026-02-27 19:13:41,309 [INFO] [u_station_ab_night_autotune_v2] trading.auto_trader: AutoTrade skip token=BENCHMARK reason=blacklist detail=honeypot_guard:simulation_failed,simulation_error,holder_sell_failed,flag:high_fail_rate
2026-02-27 19:13:41,312 [INFO] [u_station_ab_night_autotune_v2] trading.auto_trader: AutoTrade skip token=TIBBIR reason=edge_low mode=both edge=-20.07% raw=-20.07% mult=1.00 min=0.05% probe_min=0.05% edge_usd=$-0.024 min_usd=$0.000 probe_min_usd=$0.000 size=$0.12 gross=6.40% costs=26.47% pwin=0.65 probe=- budget=0/1
2026-02-27 19:13:41,312 [INFO] [u_station_ab_night_autotune_v2] trading.auto_trader: AutoTrade batch mode=top_n candidates=5 eligible=5 selected=5 opened=0 pe=off burst_window=0
2026-02-27 19:13:41,313 [INFO] [u_station_ab_night_autotune_v2] __main__: Scanned 9 tokens | High quality: 8 | Alerts sent: 0 | Trade candidates: 7 | Quality out/core/explore/probe: 7/2/5/0 | Opened: 0 | Mode: local | Source: onchain+market | Policy: raw=OK/effective=OK(healthy | route=allow_all) | Regime: GREEN(avg_cand=7.11) | Safety: checked=7 fail_closed=0 reasons=api_code_4029:7 | FiltersTop(session): safe_change_5m:12,source_qos_cap:9,safe_volume:4,source_qos_symbol_cap:3 | Dedup: heavy_skip=0 override=0 | V2Budget: 7/280 | SourceQoS: enabled=1/in=9/out=8/dropped=1/active_cd=0/drops=source_qos_cap:1 | Ingest: q=0/oldest=0.0s/drop_old=0/dedup_skip=0/enq=0/drain=0 | Sources: dex_boosts:ok=1/fail=0/429=0/lim_wait=0/cd_wait=0/err=0.0%/avg=51ms; dexscreener:ok=11/fail=0/429=0/lim_wait=0/cd_wait=0/err=0.0%/avg=46ms | Tasks: 3 | RSS: 0.0MB | CycleAvg: 0.71s
2026-02-27 19:13:45,867 [INFO] [u_station_ab_night_autotune_v2] __main__: WATCHLIST merged count=9
2026-02-27 19:13:45,868 [INFO] [u_station_ab_night_autotune_v2] trading.v2_runtime: V2_UNIVERSE in=9 dedup=9 out=9 target=9 novel_target=8 novel_out=0 repeat_dropped=0 symbol_dropped=0 surge_in=1 surge_target=1 surge_out=1
2026-02-27 19:13:45,869 [INFO] [u_station_ab_night_autotune_v2] __main__: V2_SOURCE_QOS_FILTER in=9 out=8 drops={'source_qos_cap': 1} caps={'watchlist': 8}
2026-02-27 19:13:45,870 [INFO] [u_station_ab_night_autotune_v2] __main__: FILTER_FAIL token=ETH reason=source_qos_cap source=watchlist used=8/8
2026-02-27 19:13:45,871 [INFO] [u_station_ab_night_autotune_v2] __main__: FILTER_PASS token=cbBTC tier=A score=100 mode=GREEN risk=MEDIUM liq=25942982 vol5m=61466
2026-02-27 19:13:45,872 [INFO] [u_station_ab_night_autotune_v2] __main__: FILTER_PASS token=FLOW tier=A score=100 mode=GREEN risk=MEDIUM liq=725562 vol5m=11104
2026-02-27 19:13:45,874 [INFO] [u_station_ab_night_autotune_v2] __main__: FILTER_FAIL token=HOTDOGZ reason=safe_change_5m
2026-02-27 19:13:45,874 [INFO] [u_station_ab_night_autotune_v2] __main__: FILTER_PASS token=AERO tier=A score=85 mode=GREEN risk=MEDIUM liq=1286429 vol5m=2134
2026-02-27 19:13:45,875 [INFO] [u_station_ab_night_autotune_v2] __main__: FILTER_PASS token=TIBBIR tier=A score=85 mode=GREEN risk=MEDIUM liq=2652132 vol5m=3325
2026-02-27 19:13:45,876 [INFO] [u_station_ab_night_autotune_v2] __main__: FILTER_PASS token=ODAI tier=A score=95 mode=GREEN risk=MEDIUM liq=398857 vol5m=6041
2026-02-27 19:13:45,877 [INFO] [u_station_ab_night_autotune_v2] __main__: FILTER_PASS token=BENCHMARK tier=A score=95 mode=GREEN risk=MEDIUM liq=228094 vol5m=5743
2026-02-27 19:13:45,879 [INFO] [u_station_ab_night_autotune_v2] __main__: FILTER_PASS token=VIRTUAL tier=A score=75 mode=GREEN risk=MEDIUM liq=7308617 vol5m=500
2026-02-27 19:13:45,880 [INFO] [u_station_ab_night_autotune_v2] __main__: V2_QUALITY_GATE enabled=True regime=GREEN in=7 out=7 core_out=2 explore_out=5 probe_out=0 quota=3 max_symbol_share=0.143 drop={'duplicate_address': 5} sources_used={'watchlist': 7}
2026-02-27 19:13:45,883 [INFO] [u_station_ab_night_autotune_v2] __main__: V2_ENTRY_ROUTE enabled=True regime=GREEN in=7 out=5 core_out=2 explore_out=3 quota=3 allow_explore=True
2026-02-27 19:13:45,884 [INFO] [u_station_ab_night_autotune_v2] __main__: MARKET_REGIME mode=GREEN reason=avg_cand=7.10 avg_cand_recent=7.10
2026-02-27 19:13:45,887 [INFO] [u_station_ab_night_autotune_v2] trading.auto_trader: AutoTrade skip token=cbBTC reason=ev_net_low expected_net=$-0.00316 min=$-0.00228 samples=41 conf=1.00 pwin=0.56 avg_win=$0.0055 avg_loss=$0.0072 kelly=0.000 mem=sparse trades=4<6
2026-02-27 19:13:45,888 [INFO] [u_station_ab_night_autotune_v2] trading.auto_trader: AutoTrade skip token=FLOW reason=blacklist detail=honeypot_guard:simulation_failed,simulation_error,holder_sell_failed,flag:high_fail_rate
2026-02-27 19:13:45,889 [INFO] [u_station_ab_night_autotune_v2] trading.auto_trader: AutoTrade skip token=ODAI reason=blacklist detail=honeypot_guard:simulation_failed,simulation_error,flag:high_fail_rate
2026-02-27 19:13:45,891 [INFO] [u_station_ab_night_autotune_v2] trading.auto_trader: AutoTrade skip token=BENCHMARK reason=blacklist detail=honeypot_guard:simulation_failed,simulation_error,holder_sell_failed,flag:high_fail_rate
2026-02-27 19:13:45,893 [INFO] [u_station_ab_night_autotune_v2] trading.auto_trader: AutoTrade skip token=TIBBIR reason=edge_low mode=both edge=-20.07% raw=-20.07% mult=1.00 min=0.05% probe_min=0.05% edge_usd=$-0.024 min_usd=$0.000 probe_min_usd=$0.000 size=$0.12 gross=6.40% costs=26.47% pwin=0.65 probe=- budget=0/1
2026-02-27 19:13:45,894 [INFO] [u_station_ab_night_autotune_v2] trading.auto_trader: AutoTrade batch mode=top_n candidates=5 eligible=5 selected=5 opened=0 pe=off burst_window=0
2026-02-27 19:13:45,895 [INFO] [u_station_ab_night_autotune_v2] __main__: Scanned 9 tokens | High quality: 8 | Alerts sent: 0 | Trade candidates: 7 | Quality out/core/explore/probe: 7/2/5/0 | Opened: 0 | Mode: local | Source: onchain+market | Policy: raw=OK/effective=OK(healthy | route=allow_all) | Regime: GREEN(avg_cand=7.10) | Safety: checked=7 fail_closed=0 reasons=api_code_4029:7 | FiltersTop(session): safe_change_5m:13,source_qos_cap:10,safe_volume:4,source_qos_symbol_cap:3 | Dedup: heavy_skip=0 override=0 | V2Budget: 7/280 | SourceQoS: enabled=1/in=9/out=8/dropped=1/active_cd=0/drops=source_qos_cap:1 | Ingest: q=0/oldest=0.0s/drop_old=0/dedup_skip=0/enq=0/drain=0 | Sources: dex_boosts:ok=1/fail=0/429=0/lim_wait=0/cd_wait=0/err=0.0%/avg=41ms; dexscreener:ok=11/fail=0/429=0/lim_wait=0/cd_wait=0/err=0.0%/avg=51ms | Tasks: 3 | RSS: 0.0MB | CycleAvg: 0.68s
2026-02-27 19:14:02,323 [INFO] [u_station_ab_night_autotune_v2] __main__: WATCHLIST merged count=9
2026-02-27 19:14:02,325 [INFO] [u_station_ab_night_autotune_v2] trading.v2_runtime: V2_UNIVERSE in=9 dedup=9 out=9 target=9 novel_target=8 novel_out=0 repeat_dropped=0 symbol_dropped=0 surge_in=1 surge_target=1 surge_out=1
2026-02-27 19:14:02,327 [INFO] [u_station_ab_night_autotune_v2] __main__: V2_SOURCE_QOS_FILTER in=9 out=8 drops={'source_qos_cap': 1} caps={'watchlist': 8}
2026-02-27 19:14:02,331 [INFO] [u_station_ab_night_autotune_v2] __main__: FILTER_FAIL token=ETH reason=source_qos_cap source=watchlist used=8/8
2026-02-27 19:14:02,333 [INFO] [u_station_ab_night_autotune_v2] __main__: FILTER_PASS token=cbBTC tier=A score=100 mode=GREEN risk=MEDIUM liq=25942982 vol5m=61466
2026-02-27 19:14:02,336 [INFO] [u_station_ab_night_autotune_v2] __main__: FILTER_PASS token=FLOW tier=A score=100 mode=GREEN risk=MEDIUM liq=725562 vol5m=11104
2026-02-27 19:14:02,339 [INFO] [u_station_ab_night_autotune_v2] __main__: FILTER_FAIL token=HOTDOGZ reason=safe_change_5m
2026-02-27 19:14:02,341 [INFO] [u_station_ab_night_autotune_v2] __main__: FILTER_PASS token=AERO tier=A score=85 mode=GREEN risk=MEDIUM liq=1286429 vol5m=2134
2026-02-27 19:14:02,344 [INFO] [u_station_ab_night_autotune_v2] __main__: FILTER_PASS token=TIBBIR tier=A score=85 mode=GREEN risk=MEDIUM liq=2652132 vol5m=3325
2026-02-27 19:14:02,345 [INFO] [u_station_ab_night_autotune_v2] __main__: FILTER_PASS token=ODAI tier=A score=95 mode=GREEN risk=MEDIUM liq=398857 vol5m=6041
2026-02-27 19:14:02,346 [INFO] [u_station_ab_night_autotune_v2] __main__: FILTER_PASS token=BENCHMARK tier=A score=95 mode=GREEN risk=MEDIUM liq=228094 vol5m=5743
2026-02-27 19:14:02,348 [INFO] [u_station_ab_night_autotune_v2] __main__: FILTER_PASS token=VIRTUAL tier=A score=75 mode=GREEN risk=MEDIUM liq=7308617 vol5m=500
2026-02-27 19:14:02,350 [INFO] [u_station_ab_night_autotune_v2] __main__: V2_QUALITY_GATE enabled=True regime=GREEN in=7 out=7 core_out=2 explore_out=5 probe_out=0 quota=3 max_symbol_share=0.143 drop={'duplicate_address': 5} sources_used={'watchlist': 7}
2026-02-27 19:14:02,354 [INFO] [u_station_ab_night_autotune_v2] __main__: V2_ENTRY_ROUTE enabled=True regime=GREEN in=7 out=5 core_out=2 explore_out=3 quota=3 allow_explore=True
2026-02-27 19:14:02,354 [INFO] [u_station_ab_night_autotune_v2] __main__: MARKET_REGIME mode=GREEN reason=avg_cand=7.09 avg_cand_recent=7.09
2026-02-27 19:14:02,359 [INFO] [u_station_ab_night_autotune_v2] trading.auto_trader: AutoTrade skip token=cbBTC reason=ev_net_low expected_net=$-0.00316 min=$-0.00228 samples=41 conf=1.00 pwin=0.56 avg_win=$0.0055 avg_loss=$0.0072 kelly=0.000 mem=sparse trades=4<6
2026-02-27 19:14:02,360 [INFO] [u_station_ab_night_autotune_v2] trading.auto_trader: AutoTrade skip token=FLOW reason=blacklist detail=honeypot_guard:simulation_failed,simulation_error,holder_sell_failed,flag:high_fail_rate
2026-02-27 19:14:02,361 [INFO] [u_station_ab_night_autotune_v2] trading.auto_trader: AutoTrade skip token=ODAI reason=blacklist detail=honeypot_guard:simulation_failed,simulation_error,flag:high_fail_rate
2026-02-27 19:14:02,362 [INFO] [u_station_ab_night_autotune_v2] trading.auto_trader: AutoTrade skip token=BENCHMARK reason=blacklist detail=honeypot_guard:simulation_failed,simulation_error,holder_sell_failed,flag:high_fail_rate
2026-02-27 19:14:02,364 [INFO] [u_station_ab_night_autotune_v2] trading.auto_trader: AutoTrade skip token=TIBBIR reason=edge_low mode=both edge=-20.07% raw=-20.07% mult=1.00 min=0.05% probe_min=0.05% edge_usd=$-0.024 min_usd=$0.000 probe_min_usd=$0.000 size=$0.12 gross=6.40% costs=26.47% pwin=0.65 probe=- budget=0/1
2026-02-27 19:14:02,364 [INFO] [u_station_ab_night_autotune_v2] trading.auto_trader: AutoTrade batch mode=top_n candidates=5 eligible=5 selected=5 opened=0 pe=off burst_window=0
2026-02-27 19:14:02,365 [INFO] [u_station_ab_night_autotune_v2] trading.auto_trader: PAPER_SUMMARY window=60s closed_delta=0 wins_delta=0 losses_delta=0 realized_delta=$0.00 total_closed=132 winrate_total=40.2% realized_total=$0.29 balance=$7.29 equity=$7.29 open=0
2026-02-27 19:14:02,367 [INFO] [u_station_ab_night_autotune_v2] __main__: Scanned 9 tokens | High quality: 8 | Alerts sent: 0 | Trade candidates: 7 | Quality out/core/explore/probe: 7/2/5/0 | Opened: 0 | Mode: local | Source: onchain+market | Policy: raw=OK/effective=OK(healthy | route=allow_all) | Regime: GREEN(avg_cand=7.09) | Safety: checked=7 fail_closed=0 reasons=api_code_4029:7 | FiltersTop(session): safe_change_5m:14,source_qos_cap:11,safe_volume:4,source_qos_symbol_cap:3 | Dedup: heavy_skip=0 override=0 | V2Budget: 7/280 | SourceQoS: enabled=1/in=9/out=8/dropped=1/active_cd=0/drops=source_qos_cap:1 | Ingest: q=0/oldest=0.0s/drop_old=0/dedup_skip=0/enq=0/drain=0 | Sources: dex_boosts:ok=1/fail=0/429=0/lim_wait=0/cd_wait=0/err=0.0%/avg=39ms; dexscreener:ok=11/fail=0/429=0/lim_wait=1/cd_wait=0/err=0.0%/avg=224ms | Tasks: 3 | RSS: 0.0MB | CycleAvg: 0.65s
2026-02-27 19:14:06,750 [INFO] [u_station_ab_night_autotune_v2] monitor.onchain_factory: PAIR_DETECTED source=uniswap_v2 dex=uniswap_v2 pair=0x3bc17f6b2b8c809fda3777107f49503c7487bea3 token0=0x37316f535839eecf8d3e330ea1a7c49c3837dba3 token1=0x4200000000000000000000000000000000000006 block=42713340 factory=0x8909dc15e40173ff4699343b6eb8132c65e18ec6
2026-02-27 19:14:07,189 [INFO] [u_station_ab_night_autotune_v2] monitor.onchain_factory: ENRICH_RETRY token=0x37316f535839eecf8d3e330ea1a7c49c3837dba3 pair=0x3bc17f6b2b8c809fda3777107f49503c7487bea3 attempt=1/2 delay=10s
2026-02-27 19:14:17,346 [INFO] [u_station_ab_night_autotune_v2] __main__: WATCHLIST merged count=9
2026-02-27 19:14:17,347 [INFO] [u_station_ab_night_autotune_v2] trading.v2_runtime: V2_UNIVERSE in=9 dedup=9 out=9 target=9 novel_target=8 novel_out=0 repeat_dropped=0 symbol_dropped=0 surge_in=1 surge_target=1 surge_out=1
2026-02-27 19:14:17,348 [INFO] [u_station_ab_night_autotune_v2] __main__: V2_SOURCE_QOS_FILTER in=9 out=8 drops={'source_qos_cap': 1} caps={'watchlist': 8}
2026-02-27 19:14:17,349 [INFO] [u_station_ab_night_autotune_v2] __main__: FILTER_FAIL token=ETH reason=source_qos_cap source=watchlist used=8/8
2026-02-27 19:14:17,350 [INFO] [u_station_ab_night_autotune_v2] __main__: FILTER_PASS token=cbBTC tier=A score=100 mode=GREEN risk=MEDIUM liq=25942982 vol5m=61466
2026-02-27 19:14:17,351 [INFO] [u_station_ab_night_autotune_v2] __main__: FILTER_PASS token=FLOW tier=A score=100 mode=GREEN risk=MEDIUM liq=725562 vol5m=11104
2026-02-27 19:14:17,353 [INFO] [u_station_ab_night_autotune_v2] __main__: FILTER_FAIL token=HOTDOGZ reason=safe_change_5m
2026-02-27 19:14:17,353 [INFO] [u_station_ab_night_autotune_v2] __main__: FILTER_PASS token=AERO tier=A score=85 mode=GREEN risk=MEDIUM liq=1286429 vol5m=2134
2026-02-27 19:14:17,354 [INFO] [u_station_ab_night_autotune_v2] __main__: FILTER_PASS token=TIBBIR tier=A score=85 mode=GREEN risk=MEDIUM liq=2652132 vol5m=3325
2026-02-27 19:14:17,355 [INFO] [u_station_ab_night_autotune_v2] __main__: FILTER_PASS token=ODAI tier=A score=95 mode=GREEN risk=MEDIUM liq=398857 vol5m=6041
2026-02-27 19:14:17,356 [INFO] [u_station_ab_night_autotune_v2] __main__: FILTER_PASS token=BENCHMARK tier=A score=95 mode=GREEN risk=MEDIUM liq=228094 vol5m=5743
2026-02-27 19:14:17,358 [INFO] [u_station_ab_night_autotune_v2] __main__: FILTER_PASS token=VIRTUAL tier=A score=75 mode=GREEN risk=MEDIUM liq=7308617 vol5m=500
2026-02-27 19:14:17,359 [INFO] [u_station_ab_night_autotune_v2] __main__: V2_QUALITY_GATE enabled=True regime=GREEN in=7 out=7 core_out=2 explore_out=5 probe_out=0 quota=3 max_symbol_share=0.143 drop={'duplicate_address': 5} sources_used={'watchlist': 7}
2026-02-27 19:14:17,361 [INFO] [u_station_ab_night_autotune_v2] __main__: V2_ENTRY_ROUTE enabled=True regime=GREEN in=7 out=5 core_out=2 explore_out=3 quota=3 allow_explore=True
2026-02-27 19:14:17,362 [INFO] [u_station_ab_night_autotune_v2] __main__: MARKET_REGIME mode=GREEN reason=avg_cand=7.08 avg_cand_recent=7.08
2026-02-27 19:14:17,364 [INFO] [u_station_ab_night_autotune_v2] trading.auto_trader: AutoTrade skip token=cbBTC reason=ev_net_low expected_net=$-0.00316 min=$-0.00228 samples=41 conf=1.00 pwin=0.56 avg_win=$0.0055 avg_loss=$0.0072 kelly=0.000 mem=sparse trades=4<6
2026-02-27 19:14:17,366 [INFO] [u_station_ab_night_autotune_v2] trading.auto_trader: AutoTrade skip token=FLOW reason=blacklist detail=honeypot_guard:simulation_failed,simulation_error,holder_sell_failed,flag:high_fail_rate
2026-02-27 19:14:17,367 [INFO] [u_station_ab_night_autotune_v2] trading.auto_trader: AutoTrade skip token=ODAI reason=blacklist detail=honeypot_guard:simulation_failed,simulation_error,flag:high_fail_rate
2026-02-27 19:14:17,368 [INFO] [u_station_ab_night_autotune_v2] trading.auto_trader: AutoTrade skip token=BENCHMARK reason=blacklist detail=honeypot_guard:simulation_failed,simulation_error,holder_sell_failed,flag:high_fail_rate
2026-02-27 19:14:17,372 [INFO] [u_station_ab_night_autotune_v2] trading.auto_trader: AutoTrade skip token=TIBBIR reason=edge_low mode=both edge=-20.07% raw=-20.07% mult=1.00 min=0.05% probe_min=0.05% edge_usd=$-0.024 min_usd=$0.000 probe_min_usd=$0.000 size=$0.12 gross=6.40% costs=26.47% pwin=0.65 probe=- budget=0/1
2026-02-27 19:14:17,372 [INFO] [u_station_ab_night_autotune_v2] trading.auto_trader: AutoTrade batch mode=top_n candidates=5 eligible=5 selected=5 opened=0 pe=off burst_window=0
2026-02-27 19:14:17,373 [INFO] [u_station_ab_night_autotune_v2] __main__: Scanned 9 tokens | High quality: 8 | Alerts sent: 0 | Trade candidates: 7 | Quality out/core/explore/probe: 7/2/5/0 | Opened: 0 | Mode: local | Source: onchain+market | Policy: raw=OK/effective=OK(healthy | route=allow_all) | Regime: GREEN(avg_cand=7.08) | Safety: checked=7 fail_closed=0 reasons=api_code_4029:7 | FiltersTop(session): safe_change_5m:15,source_qos_cap:12,safe_volume:4,source_qos_symbol_cap:3 | Dedup: heavy_skip=0 override=0 | V2Budget: 7/280 | SourceQoS: enabled=1/in=9/out=8/dropped=1/active_cd=0/drops=source_qos_cap:1 | Ingest: q=0/oldest=0.0s/drop_old=0/dedup_skip=0/enq=0/drain=0 | Sources: dex_boosts:ok=1/fail=0/429=0/lim_wait=0/cd_wait=0/err=0.0%/avg=45ms; dexscreener:ok=11/fail=0/429=0/lim_wait=1/cd_wait=0/err=0.0%/avg=103ms; geckoterminal:ok=0/fail=0/429=0/lim_wait=0/cd_wait=0/err=0.0%/avg=0ms; onchain_enrich:ok=4/fail=0/429=0/lim_wait=0/cd_wait=0/err=0.0%/avg=98ms; onchain_weth_price:ok=1/fail=0/429=0/lim_wait=0/cd_wait=0/err=0.0%/avg=61ms | Tasks: 2 | RSS: 0.0MB | CycleAvg: 1.71s
