2026-02-27 00:52:19,054 [INFO] [u_station_ab_night_autotune_v2] __main__: SESSION_LOG file=logs/matrix/u_station_ab_night_autotune_v2\sessions\main_local_20260226_235219_pid3164.log
2026-02-27 00:52:19,070 [INFO] [u_station_ab_night_autotune_v2] trading.auto_trader_state: AutoTrade state loaded open=0 closed=37 balance=$6.99
2026-02-27 00:52:19,086 [WARNING] [u_station_ab_night_autotune_v2] trading.auto_trader: DATA_POLICY mode=OK reason=init_reset_manual prev_mode=OK prev_reason=healthy | route=allow_all
2026-02-27 00:52:19,086 [INFO] [u_station_ab_night_autotune_v2] __main__: AUTOTRADER_INIT state=ready reason=manual mode=paper
2026-02-27 00:52:19,086 [INFO] [u_station_ab_night_autotune_v2] __main__: Local mode started (Telegram disabled).
2026-02-27 00:52:19,507 [INFO] [u_station_ab_night_autotune_v2] monitor.onchain_factory: PAIR_DETECTED source=uniswap_v2 dex=uniswap_v2 pair=0x350dfac75670c0da657fe3b994dcb2641b05cfe8 token0=0x4200000000000000000000000000000000000006 token1=0x85c26f2eed332edf9924fe7ab105c3976cb0dca2 block=42680273 factory=0x8909dc15e40173ff4699343b6eb8132c65e18ec6
2026-02-27 00:52:19,507 [INFO] [u_station_ab_night_autotune_v2] monitor.onchain_factory: PAIR_DETECTED source=uniswap_v2 dex=uniswap_v2 pair=0xd585e225288f44e28335805d35e35ee01966a03b token0=0x4200000000000000000000000000000000000006 token1=0x9ac08136bb8a765566d72747fcb51764e04c434d block=42680280 factory=0x8909dc15e40173ff4699343b6eb8132c65e18ec6
2026-02-27 00:52:19,508 [INFO] [u_station_ab_night_autotune_v2] monitor.onchain_factory: PAIR_DETECTED source=uniswap_v2 dex=uniswap_v2 pair=0xf9895c8a9eaff2e09bac983c4402fbf0914548c7 token0=0x4200000000000000000000000000000000000006 token1=0xd474220ebebb4183bd634b4b2c6e2890487d35a9 block=42680280 factory=0x8909dc15e40173ff4699343b6eb8132c65e18ec6
2026-02-27 00:52:19,508 [INFO] [u_station_ab_night_autotune_v2] monitor.onchain_factory: PAIR_DETECTED source=uniswap_v2 dex=uniswap_v2 pair=0xc7d00e88bf7e8c0f38d426bd4c0fb1a9752f7da7 token0=0x4200000000000000000000000000000000000006 token1=0x56926c8f4eb3477aa29cfb96c0bfafa802c6eb07 block=42680290 factory=0x8909dc15e40173ff4699343b6eb8132c65e18ec6
2026-02-27 00:52:19,509 [INFO] [u_station_ab_night_autotune_v2] monitor.onchain_factory: PAIR_DETECTED source=uniswap_v2 dex=uniswap_v2 pair=0xde0b123abb644751f0afde0a9c7edf1261dd04b6 token0=0x4200000000000000000000000000000000000006 token1=0x8d32c62b86185b7e25e8bc70a4958fd973a13ba3 block=42680291 factory=0x8909dc15e40173ff4699343b6eb8132c65e18ec6
2026-02-27 00:52:20,025 [INFO] [u_station_ab_night_autotune_v2] monitor.onchain_factory: ENRICH_RETRY token=0x8d32c62b86185b7e25e8bc70a4958fd973a13ba3 pair=0xde0b123abb644751f0afde0a9c7edf1261dd04b6 attempt=1/2 delay=10s
2026-02-27 00:52:20,040 [INFO] [u_station_ab_night_autotune_v2] monitor.onchain_factory: ENRICH_RETRY token=0x9ac08136bb8a765566d72747fcb51764e04c434d pair=0xd585e225288f44e28335805d35e35ee01966a03b attempt=1/2 delay=10s
2026-02-27 00:52:20,235 [INFO] [u_station_ab_night_autotune_v2] monitor.onchain_factory: ENRICH_RETRY token=0x56926c8f4eb3477aa29cfb96c0bfafa802c6eb07 pair=0xc7d00e88bf7e8c0f38d426bd4c0fb1a9752f7da7 attempt=1/2 delay=10s
2026-02-27 00:52:20,369 [INFO] [u_station_ab_night_autotune_v2] monitor.onchain_factory: ENRICH_RETRY token=0xd474220ebebb4183bd634b4b2c6e2890487d35a9 pair=0xf9895c8a9eaff2e09bac983c4402fbf0914548c7 attempt=1/2 delay=10s
2026-02-27 00:52:31,733 [INFO] [u_station_ab_night_autotune_v2] __main__: WATCHLIST merged count=3
2026-02-27 00:52:31,734 [INFO] [u_station_ab_night_autotune_v2] trading.v2_runtime: V2_UNIVERSE in=14 dedup=14 out=14 target=14 novel_target=12 novel_out=14 repeat_dropped=0 symbol_dropped=0 surge_in=5 surge_target=4 surge_out=5
2026-02-27 00:52:31,735 [INFO] [u_station_ab_night_autotune_v2] __main__: V2_SOURCE_QOS_FILTER in=14 out=12 drops={'source_qos_symbol_cap': 1, 'source_qos_cap': 1} caps={'unknown': 0, 'geckoterminal': 287, 'dexscreener': 292, 'watchlist': 2}
2026-02-27 00:52:31,736 [INFO] [u_station_ab_night_autotune_v2] __main__: FILTER_FAIL token=HOODIE reason=source_qos_symbol_cap symbol=HOODIE used=1/1
2026-02-27 00:52:31,737 [INFO] [u_station_ab_night_autotune_v2] __main__: FILTER_FAIL token=cbBTC reason=source_qos_cap source=watchlist used=2/2
2026-02-27 00:52:31,738 [INFO] [u_station_ab_night_autotune_v2] __main__: FILTER_FAIL token=CON+ reason=safe_change_5m
2026-02-27 00:52:31,739 [INFO] [u_station_ab_night_autotune_v2] __main__: FILTER_FAIL token=FOBO reason=safe_age
2026-02-27 00:52:31,740 [INFO] [u_station_ab_night_autotune_v2] __main__: FILTER_FAIL token=Replacemen reason=safe_change_5m
2026-02-27 00:52:31,741 [INFO] [u_station_ab_night_autotune_v2] __main__: FILTER_FAIL token=HOODIE reason=safe_change_5m
2026-02-27 00:52:31,742 [INFO] [u_station_ab_night_autotune_v2] __main__: FILTER_PASS token=Chompleton tier=A score=75 mode=YELLOW risk=MEDIUM liq=207542 vol5m=1456
2026-02-27 00:52:31,743 [INFO] [u_station_ab_night_autotune_v2] monitor.local_alerter: Local alert token=Chompleton address=0x24dfcb72dd64088c84cecfe306f0021dba591b07 score=75 reco=BUY risk=MEDIUM warnings=0 liq=207542 vol5m=1456
2026-02-27 00:52:31,744 [INFO] [u_station_ab_night_autotune_v2] __main__: FILTER_PASS token=SLOYD tier=A score=60 mode=YELLOW risk=MEDIUM liq=47410 vol5m=368
2026-02-27 00:52:31,745 [INFO] [u_station_ab_night_autotune_v2] monitor.local_alerter: Local alert token=SLOYD address=0x5c1625fc247ddf4e02d1d1e74fac0960452761c2 score=60 reco=HOLD risk=MEDIUM warnings=0 liq=47410 vol5m=368
2026-02-27 00:52:31,746 [INFO] [u_station_ab_night_autotune_v2] __main__: FILTER_PASS token=MLSTN tier=A score=60 mode=YELLOW risk=MEDIUM liq=20468 vol5m=401
2026-02-27 00:52:31,747 [INFO] [u_station_ab_night_autotune_v2] monitor.local_alerter: Local alert token=MLSTN address=0x71f7a31010eca04f60981d6a75aaddef7465eba3 score=60 reco=HOLD risk=MEDIUM warnings=0 liq=20468 vol5m=401
2026-02-27 00:52:31,747 [INFO] [u_station_ab_night_autotune_v2] __main__: FILTER_PASS token=E48 tier=A score=60 mode=YELLOW risk=MEDIUM liq=26428 vol5m=401
2026-02-27 00:52:31,748 [INFO] [u_station_ab_night_autotune_v2] monitor.local_alerter: Local alert token=E48 address=0x63a3176d779b6acf4cdf28b7cf3a067d1b3dbba3 score=60 reco=HOLD risk=MEDIUM warnings=0 liq=26428 vol5m=401
2026-02-27 00:52:31,749 [INFO] [u_station_ab_night_autotune_v2] __main__: FILTER_PASS token=UBC tier=A score=60 mode=YELLOW risk=MEDIUM liq=20458 vol5m=196
2026-02-27 00:52:31,750 [INFO] [u_station_ab_night_autotune_v2] monitor.local_alerter: Local alert token=UBC address=0xe5aa0c815a8a9a53ffd4d6a31239832882f72ba3 score=60 reco=HOLD risk=MEDIUM warnings=0 liq=20458 vol5m=196
2026-02-27 00:52:31,751 [INFO] [u_station_ab_night_autotune_v2] __main__: FILTER_PASS token=AERO tier=A score=75 mode=YELLOW risk=MEDIUM liq=1659100 vol5m=550
2026-02-27 00:52:31,752 [INFO] [u_station_ab_night_autotune_v2] __main__: FILTER_FAIL token=noice reason=safe_age
2026-02-27 00:52:31,753 [INFO] [u_station_ab_night_autotune_v2] __main__: FILTER_PASS token=VIRTUAL tier=A score=75 mode=YELLOW risk=MEDIUM liq=7317248 vol5m=253
2026-02-27 00:52:31,754 [INFO] [u_station_ab_night_autotune_v2] trading.v2_runtime: V2_QUALITY_ROTATE symbols_core=0 symbols_cooldown=0 sources=1 top_core=- top_cooldown=-
2026-02-27 00:52:31,754 [INFO] [u_station_ab_night_autotune_v2] __main__: V2_QUALITY_GATE enabled=True regime=YELLOW in=7 out=7 core_out=0 explore_out=7 probe_out=0 quota=3 max_symbol_share=0.143 drop={'duplicate_address': 3} sources_used={'watchlist': 2, 'dexscreener': 1, 'geckoterminal': 4}
2026-02-27 00:52:31,757 [INFO] [u_station_ab_night_autotune_v2] __main__: V2_ENTRY_ROUTE enabled=True regime=YELLOW in=7 out=4 core_out=1 explore_out=3 quota=3 allow_explore=True
2026-02-27 00:52:31,758 [WARNING] [u_station_ab_night_autotune_v2] trading.auto_trader: DATA_POLICY mode=OK reason=healthy | route=allow_all prev_mode=OK prev_reason=init_reset_manual
2026-02-27 00:52:31,758 [INFO] [u_station_ab_night_autotune_v2] __main__: MARKET_REGIME mode=YELLOW reason=hysteresis_recover_wait 1/4 raw=GREEN avg_cand_recent=7.00
2026-02-27 00:52:31,787 [INFO] [u_station_ab_night_autotune_v2] trading.auto_trader: AutoTrade adjust token=Chompleton reason=min_trade_floor size=$0.03->$0.10 min=$0.10
2026-02-27 00:52:31,788 [INFO] [u_station_ab_night_autotune_v2] trading.auto_trader: AutoTrade skip token=Chompleton reason=edge_low mode=both edge=-29.70% raw=-27.50% mult=1.08 min=0.05% probe_min=0.05% edge_usd=$-0.030 min_usd=$0.000 probe_min_usd=$0.000 size=$0.10 gross=3.20% costs=30.70% pwin=0.45 probe=- budget=0/1
2026-02-27 00:52:31,790 [INFO] [u_station_ab_night_autotune_v2] trading.auto_trader: AutoTrade adjust token=VIRTUAL reason=min_trade_floor size=$0.03->$0.10 min=$0.10
2026-02-27 00:52:31,791 [INFO] [u_station_ab_night_autotune_v2] trading.auto_trader: AutoTrade skip token=VIRTUAL reason=edge_low mode=both edge=-29.70% raw=-27.50% mult=1.08 min=0.05% probe_min=0.05% edge_usd=$-0.030 min_usd=$0.000 probe_min_usd=$0.000 size=$0.10 gross=3.20% costs=30.70% pwin=0.45 probe=- budget=0/1
2026-02-27 00:52:31,792 [INFO] [u_station_ab_night_autotune_v2] trading.auto_trader: AutoTrade batch mode=top_n candidates=4 eligible=3 selected=2 opened=0 pe=off burst_window=0
2026-02-27 00:52:31,793 [INFO] [u_station_ab_night_autotune_v2] __main__: FILTER_THRESHOLDS safe_volume_5m_min=$5 safe_liquidity_min=$8000 safe_age_min=240s score_min=48 edge_min=0.05% lock_floor=0.95 no_momentum_max_pnl=0.25 weakness_pnl=-2.60
2026-02-27 00:52:31,794 [INFO] [u_station_ab_night_autotune_v2] __main__: Scanned 14 tokens | High quality: 7 | Alerts sent: 5 | Trade candidates: 7 | Quality out/core/explore/probe: 7/0/7/0 | Opened: 0 | Mode: local | Source: onchain+market | Policy: raw=OK/effective=OK(healthy | route=allow_all) | Regime: YELLOW(hysteresis_recover_wait 1/4 raw=GREEN) | Safety: checked=7 fail_closed=0 reasons=api_code_4029:7 | FiltersTop(session): safe_change_5m:3,safe_age:2,source_qos_symbol_cap:1,source_qos_cap:1 | Dedup: heavy_skip=0 override=0 | V2Budget: 7/280 | SourceQoS: enabled=1/in=14/out=12/dropped=2/active_cd=0/drops=source_qos_symbol_cap:1,source_qos_cap:1 | Ingest: q=0/oldest=0.0s/drop_old=0/dedup_skip=0/enq=9/drain=9 | Sources: dex_boosts:ok=1/fail=0/429=0/lim_wait=0/cd_wait=0/err=0.0%/avg=146ms; dexscreener:ok=11/fail=0/429=0/lim_wait=0/cd_wait=0/err=0.0%/avg=282ms; geckoterminal:ok=2/fail=0/429=0/lim_wait=0/cd_wait=0/err=0.0%/avg=97ms; onchain_enrich:ok=17/fail=0/429=0/lim_wait=0/cd_wait=0/err=0.0%/avg=177ms; onchain_weth_price:ok=2/fail=0/429=0/lim_wait=0/cd_wait=0/err=0.0%/avg=56ms; watchlist_dex:ok=10/fail=0/429=0/lim_wait=0/cd_wait=0/err=0.0%/avg=100ms; watchlist_gecko:ok=6/fail=0/429=0/lim_wait=0/cd_wait=0/err=0.0%/avg=516ms | Tasks: 3 | RSS: 0.0MB | CycleAvg: 0.00s
2026-02-27 00:52:36,197 [INFO] [u_station_ab_night_autotune_v2] monitor.onchain_factory: PAIR_DETECTED source=uniswap_v3 dex=uniswap_v3 pair=0x3909b871ac74ca307f39c1d95badade4f4085f9d token0=0x4200000000000000000000000000000000000006 token1=0xc8fce7b4f44536d02d2bfd233a0cbec4b1f1c26d block=42680300 factory=0x33128a8fc17869897dce68ed026d694621f6fdfd
2026-02-27 00:52:36,267 [INFO] [u_station_ab_night_autotune_v2] monitor.onchain_factory: ENRICH_RETRY token=0xd474220ebebb4183bd634b4b2c6e2890487d35a9 pair=0xf9895c8a9eaff2e09bac983c4402fbf0914548c7 attempt=1/2 delay=10s
2026-02-27 00:52:36,280 [INFO] [u_station_ab_night_autotune_v2] monitor.onchain_factory: ENRICH_RETRY token=0x9ac08136bb8a765566d72747fcb51764e04c434d pair=0xd585e225288f44e28335805d35e35ee01966a03b attempt=1/2 delay=10s
2026-02-27 00:52:36,330 [INFO] [u_station_ab_night_autotune_v2] monitor.onchain_factory: ENRICH_RETRY token=0x56926c8f4eb3477aa29cfb96c0bfafa802c6eb07 pair=0xc7d00e88bf7e8c0f38d426bd4c0fb1a9752f7da7 attempt=1/2 delay=10s
2026-02-27 00:52:36,334 [INFO] [u_station_ab_night_autotune_v2] monitor.onchain_factory: ENRICH_RETRY token=0x8d32c62b86185b7e25e8bc70a4958fd973a13ba3 pair=0xde0b123abb644751f0afde0a9c7edf1261dd04b6 attempt=1/2 delay=10s
2026-02-27 00:52:36,496 [INFO] [u_station_ab_night_autotune_v2] monitor.onchain_factory: ENRICH_RETRY token=0xc8fce7b4f44536d02d2bfd233a0cbec4b1f1c26d pair=0x3909b871ac74ca307f39c1d95badade4f4085f9d attempt=1/2 delay=10s
2026-02-27 00:52:46,564 [INFO] [u_station_ab_night_autotune_v2] __main__: WATCHLIST merged count=3
2026-02-27 00:52:46,566 [INFO] [u_station_ab_night_autotune_v2] trading.v2_runtime: V2_UNIVERSE in=3 dedup=3 out=3 target=3 novel_target=3 novel_out=0 repeat_dropped=0 symbol_dropped=0 surge_in=0 surge_target=0 surge_out=0
2026-02-27 00:52:46,566 [INFO] [u_station_ab_night_autotune_v2] __main__: FILTER_PASS token=AERO tier=A score=75 mode=YELLOW risk=MEDIUM liq=1659100 vol5m=550
2026-02-27 00:52:46,568 [INFO] [u_station_ab_night_autotune_v2] __main__: FILTER_PASS token=VIRTUAL tier=A score=75 mode=YELLOW risk=MEDIUM liq=7317248 vol5m=253
2026-02-27 00:52:46,570 [INFO] [u_station_ab_night_autotune_v2] __main__: FILTER_FAIL token=cbBTC reason=safe_volume vol5m=0 min=6 regime=YELLOW
2026-02-27 00:52:46,570 [INFO] [u_station_ab_night_autotune_v2] __main__: V2_QUALITY_GATE enabled=True regime=YELLOW in=2 out=2 core_out=0 explore_out=2 probe_out=0 quota=2 max_symbol_share=0.500 drop={} sources_used={'watchlist': 2}
2026-02-27 00:52:46,571 [INFO] [u_station_ab_night_autotune_v2] __main__: V2_ENTRY_ROUTE enabled=True regime=YELLOW in=2 out=2 core_out=1 explore_out=1 quota=1 allow_explore=True
2026-02-27 00:52:46,571 [INFO] [u_station_ab_night_autotune_v2] __main__: MARKET_REGIME mode=YELLOW reason=hysteresis_recover_wait 2/4 raw=GREEN avg_cand_recent=4.50
2026-02-27 00:52:46,573 [INFO] [u_station_ab_night_autotune_v2] trading.auto_trader: AutoTrade adjust token=VIRTUAL reason=min_trade_floor size=$0.03->$0.10 min=$0.10
2026-02-27 00:52:46,574 [INFO] [u_station_ab_night_autotune_v2] trading.auto_trader: AutoTrade skip token=VIRTUAL reason=edge_low mode=both edge=-29.70% raw=-27.50% mult=1.08 min=0.05% probe_min=0.05% edge_usd=$-0.030 min_usd=$0.000 probe_min_usd=$0.000 size=$0.10 gross=3.20% costs=30.70% pwin=0.45 probe=- budget=0/1
2026-02-27 00:52:46,575 [INFO] [u_station_ab_night_autotune_v2] trading.auto_trader: AutoTrade batch mode=top_n candidates=2 eligible=2 selected=1 opened=0 pe=off burst_window=0
2026-02-27 00:52:46,576 [INFO] [u_station_ab_night_autotune_v2] __main__: Scanned 3 tokens | High quality: 3 | Alerts sent: 0 | Trade candidates: 2 | Quality out/core/explore/probe: 2/0/2/0 | Opened: 0 | Mode: local | Source: onchain+market | Policy: raw=OK/effective=OK(healthy | route=allow_all) | Regime: YELLOW(hysteresis_recover_wait 2/4 raw=GREEN) | Safety: checked=2 fail_closed=0 reasons=api_code_4029:2 | FiltersTop(session): safe_change_5m:3,safe_age:2,source_qos_symbol_cap:1,source_qos_cap:1 | Dedup: heavy_skip=0 override=0 | V2Budget: 2/280 | SourceQoS: enabled=1/in=3/out=3/dropped=0/active_cd=0/drops=none | Ingest: q=0/oldest=0.0s/drop_old=0/dedup_skip=0/enq=0/drain=0 | Sources: dex_boosts:ok=1/fail=0/429=0/lim_wait=0/cd_wait=0/err=0.0%/avg=124ms; dexscreener:ok=11/fail=0/429=0/lim_wait=0/cd_wait=0/err=0.0%/avg=95ms; onchain_enrich:ok=20/fail=0/429=0/lim_wait=0/cd_wait=0/err=0.0%/avg=54ms | Tasks: 3 | RSS: 0.0MB | CycleAvg: 12.70s
2026-02-27 00:52:51,112 [INFO] [u_station_ab_night_autotune_v2] monitor.onchain_factory: ENRICH_RETRY token=0xc8fce7b4f44536d02d2bfd233a0cbec4b1f1c26d pair=0x3909b871ac74ca307f39c1d95badade4f4085f9d attempt=1/2 delay=10s
2026-02-27 00:53:01,197 [INFO] [u_station_ab_night_autotune_v2] __main__: WATCHLIST merged count=3
2026-02-27 00:53:01,197 [INFO] [u_station_ab_night_autotune_v2] trading.v2_runtime: V2_UNIVERSE in=7 dedup=7 out=7 target=7 novel_target=6 novel_out=4 repeat_dropped=0 symbol_dropped=0 surge_in=0 surge_target=0 surge_out=0
2026-02-27 00:53:01,198 [INFO] [u_station_ab_night_autotune_v2] __main__: V2_SOURCE_QOS_FILTER in=7 out=6 drops={'source_qos_cap': 1} caps={'watchlist': 2, 'unknown': 0}
2026-02-27 00:53:01,199 [INFO] [u_station_ab_night_autotune_v2] __main__: FILTER_FAIL token=cbBTC reason=source_qos_cap source=watchlist used=2/2
2026-02-27 00:53:01,200 [INFO] [u_station_ab_night_autotune_v2] __main__: FILTER_FAIL token=HMC reason=score_min score=40 strict_min=48 soft_min=48 mode=YELLOW
2026-02-27 00:53:01,201 [INFO] [u_station_ab_night_autotune_v2] __main__: FILTER_FAIL token=ð• reason=safe_age
2026-02-27 00:53:01,202 [INFO] [u_station_ab_night_autotune_v2] __main__: FILTER_FAIL token=TROLL reason=score_min score=20 strict_min=48 soft_min=48 mode=YELLOW
2026-02-27 00:53:01,203 [INFO] [u_station_ab_night_autotune_v2] __main__: FILTER_PASS token=AERO tier=A score=75 mode=YELLOW risk=MEDIUM liq=1659100 vol5m=550
2026-02-27 00:53:01,204 [INFO] [u_station_ab_night_autotune_v2] __main__: FILTER_PASS token=VIRTUAL tier=A score=75 mode=YELLOW risk=MEDIUM liq=7317248 vol5m=253
2026-02-27 00:53:01,204 [INFO] [u_station_ab_night_autotune_v2] __main__: FILTER_FAIL token=CLEO reason=safe_volume vol5m=0 min=6 regime=YELLOW
2026-02-27 00:53:01,205 [INFO] [u_station_ab_night_autotune_v2] __main__: V2_QUALITY_GATE enabled=True regime=YELLOW in=2 out=2 core_out=0 explore_out=2 probe_out=0 quota=2 max_symbol_share=0.500 drop={} sources_used={'watchlist': 2}
2026-02-27 00:53:01,206 [INFO] [u_station_ab_night_autotune_v2] __main__: V2_ENTRY_ROUTE enabled=True regime=YELLOW in=2 out=2 core_out=1 explore_out=1 quota=1 allow_explore=True
2026-02-27 00:53:01,207 [INFO] [u_station_ab_night_autotune_v2] __main__: MARKET_REGIME mode=YELLOW reason=hysteresis_recover_wait 3/4 raw=GREEN avg_cand_recent=3.67
2026-02-27 00:53:01,208 [INFO] [u_station_ab_night_autotune_v2] trading.auto_trader: AutoTrade adjust token=VIRTUAL reason=min_trade_floor size=$0.03->$0.10 min=$0.10
2026-02-27 00:53:01,209 [INFO] [u_station_ab_night_autotune_v2] trading.auto_trader: AutoTrade skip token=VIRTUAL reason=edge_low mode=both edge=-29.70% raw=-27.50% mult=1.08 min=0.05% probe_min=0.05% edge_usd=$-0.030 min_usd=$0.000 probe_min_usd=$0.000 size=$0.10 gross=3.20% costs=30.70% pwin=0.45 probe=- budget=0/1
2026-02-27 00:53:01,209 [INFO] [u_station_ab_night_autotune_v2] trading.auto_trader: AutoTrade batch mode=top_n candidates=2 eligible=2 selected=1 opened=0 pe=off burst_window=0
2026-02-27 00:53:01,209 [INFO] [u_station_ab_night_autotune_v2] __main__: Scanned 7 tokens | High quality: 2 | Alerts sent: 0 | Trade candidates: 2 | Quality out/core/explore/probe: 2/0/2/0 | Opened: 0 | Mode: local | Source: onchain+market | Policy: raw=OK/effective=OK(healthy | route=allow_all) | Regime: YELLOW(hysteresis_recover_wait 3/4 raw=GREEN) | Safety: checked=2 fail_closed=0 reasons=api_code_4029:2 | FiltersTop(session): safe_change_5m:3,safe_age:3,source_qos_cap:2,safe_volume:2 | Dedup: heavy_skip=0 override=0 | V2Budget: 2/280 | SourceQoS: enabled=1/in=7/out=6/dropped=1/active_cd=0/drops=source_qos_cap:1 | Ingest: q=0/oldest=0.0s/drop_old=0/dedup_skip=0/enq=0/drain=0 | Sources: dex_boosts:ok=1/fail=0/429=0/lim_wait=0/cd_wait=0/err=0.0%/avg=63ms; dexscreener:ok=11/fail=0/429=0/lim_wait=0/cd_wait=0/err=0.0%/avg=208ms; onchain_enrich:ok=8/fail=0/429=0/lim_wait=0/cd_wait=0/err=0.0%/avg=101ms | Tasks: 3 | RSS: 0.0MB | CycleAvg: 11.74s
2026-02-27 00:53:05,517 [INFO] [u_station_ab_night_autotune_v2] monitor.onchain_factory: PAIR_DETECTED source=uniswap_v2 dex=uniswap_v2 pair=0x9a99755cb5a4f7126460584fbed14e946359a880 token0=0x4200000000000000000000000000000000000006 token1=0xf6af1d341962e99761889d7dbf8afa624e6a963c block=42680312 factory=0x8909dc15e40173ff4699343b6eb8132c65e18ec6
2026-02-27 00:53:05,745 [INFO] [u_station_ab_night_autotune_v2] monitor.onchain_factory: ENRICH_RETRY token=0xc8fce7b4f44536d02d2bfd233a0cbec4b1f1c26d pair=0x3909b871ac74ca307f39c1d95badade4f4085f9d attempt=1/2 delay=10s
2026-02-27 00:53:05,877 [INFO] [u_station_ab_night_autotune_v2] monitor.onchain_factory: ENRICH_RETRY token=0xf6af1d341962e99761889d7dbf8afa624e6a963c pair=0x9a99755cb5a4f7126460584fbed14e946359a880 attempt=1/2 delay=10s
2026-02-27 00:53:15,980 [INFO] [u_station_ab_night_autotune_v2] __main__: WATCHLIST merged count=3
2026-02-27 00:53:15,982 [INFO] [u_station_ab_night_autotune_v2] trading.v2_runtime: V2_UNIVERSE in=4 dedup=4 out=4 target=4 novel_target=4 novel_out=1 repeat_dropped=0 symbol_dropped=0 surge_in=1 surge_target=1 surge_out=1
2026-02-27 00:53:15,983 [INFO] [u_station_ab_night_autotune_v2] __main__: V2_SOURCE_QOS_FILTER in=4 out=3 drops={'source_qos_cap': 1} caps={'watchlist': 2, 'unknown': 0}
2026-02-27 00:53:15,987 [INFO] [u_station_ab_night_autotune_v2] __main__: FILTER_FAIL token=cbBTC reason=source_qos_cap source=watchlist used=2/2
2026-02-27 00:53:15,990 [INFO] [u_station_ab_night_autotune_v2] __main__: FILTER_FAIL token=MOSW reason=safe_age
2026-02-27 00:53:15,992 [INFO] [u_station_ab_night_autotune_v2] __main__: FILTER_PASS token=AERO tier=A score=75 mode=YELLOW risk=MEDIUM liq=1659100 vol5m=550
2026-02-27 00:53:15,995 [INFO] [u_station_ab_night_autotune_v2] __main__: FILTER_PASS token=VIRTUAL tier=A score=75 mode=YELLOW risk=MEDIUM liq=7317248 vol5m=253
2026-02-27 00:53:15,998 [INFO] [u_station_ab_night_autotune_v2] __main__: V2_QUALITY_GATE enabled=True regime=GREEN in=2 out=2 core_out=0 explore_out=2 probe_out=0 quota=2 max_symbol_share=0.500 drop={} sources_used={'watchlist': 2}
2026-02-27 00:53:16,000 [INFO] [u_station_ab_night_autotune_v2] __main__: V2_ENTRY_ROUTE enabled=True regime=GREEN in=2 out=2 core_out=1 explore_out=1 quota=1 allow_explore=True
2026-02-27 00:53:16,001 [INFO] [u_station_ab_night_autotune_v2] __main__: MARKET_REGIME mode=GREEN reason=avg_cand=3.25 avg_cand_recent=3.25
2026-02-27 00:53:16,002 [WARNING] [u_station_ab_night_autotune_v2] monitor.local_alerter: Local event symbol=MARKET_MODE reco=GREEN risk=INFO
2026-02-27 00:53:16,005 [INFO] [u_station_ab_night_autotune_v2] trading.auto_trader: AutoTrade adjust token=VIRTUAL reason=min_trade_floor size=$0.03->$0.10 min=$0.10
2026-02-27 00:53:16,006 [INFO] [u_station_ab_night_autotune_v2] trading.auto_trader: AutoTrade skip token=VIRTUAL reason=edge_low mode=both edge=-29.70% raw=-27.50% mult=1.08 min=0.05% probe_min=0.05% edge_usd=$-0.030 min_usd=$0.000 probe_min_usd=$0.000 size=$0.10 gross=3.20% costs=30.70% pwin=0.45 probe=- budget=0/1
2026-02-27 00:53:16,007 [INFO] [u_station_ab_night_autotune_v2] trading.auto_trader: AutoTrade batch mode=top_n candidates=2 eligible=2 selected=1 opened=0 pe=off burst_window=0
2026-02-27 00:53:16,007 [INFO] [u_station_ab_night_autotune_v2] __main__: Scanned 4 tokens | High quality: 2 | Alerts sent: 0 | Trade candidates: 2 | Quality out/core/explore/probe: 2/0/2/0 | Opened: 0 | Mode: local | Source: onchain+market | Policy: raw=OK/effective=OK(healthy | route=allow_all) | Regime: GREEN(avg_cand=3.25) | Safety: checked=2 fail_closed=0 reasons=api_code_4029:2 | FiltersTop(session): safe_age:4,source_qos_cap:3,safe_change_5m:3,safe_volume:2 | Dedup: heavy_skip=0 override=0 | V2Budget: 2/280 | SourceQoS: enabled=1/in=4/out=3/dropped=1/active_cd=0/drops=source_qos_cap:1 | Ingest: q=0/oldest=0.0s/drop_old=0/dedup_skip=0/enq=0/drain=0 | Sources: dex_boosts:ok=1/fail=0/429=0/lim_wait=0/cd_wait=0/err=0.0%/avg=55ms; dexscreener:ok=11/fail=0/429=0/lim_wait=0/cd_wait=0/err=0.0%/avg=114ms; onchain_enrich:ok=7/fail=0/429=0/lim_wait=0/cd_wait=0/err=0.0%/avg=80ms | Tasks: 3 | RSS: 0.0MB | CycleAvg: 11.37s
2026-02-27 00:53:20,020 [WARNING] [u_station_ab_night_autotune_v2] __main__: GRACEFUL_STOP requested path=D:\earnforme\solana-alert-bot\data\graceful_stop.u_station_ab_night_autotune_v2.signal
2026-02-27 00:53:20,053 [INFO] [u_station_ab_night_autotune_v2] trading.auto_trader: AUTOTRADER_SHUTDOWN reason=main_local_shutdown open=0 closed=37
