2026-02-27 13:36:33,554 [INFO] [u_station_ab_night_autotune_v2] __main__: SESSION_LOG file=logs/matrix/u_station_ab_night_autotune_v2\sessions\main_local_20260227_123633_pid16776.log
2026-02-27 13:36:33,569 [INFO] [u_station_ab_night_autotune_v2] trading.auto_trader_state: AutoTrade state loaded open=0 closed=102 balance=$7.30
2026-02-27 13:36:33,587 [WARNING] [u_station_ab_night_autotune_v2] trading.auto_trader: DATA_POLICY mode=OK reason=init_reset_manual prev_mode=OK prev_reason=healthy | route=allow_all
2026-02-27 13:36:33,587 [INFO] [u_station_ab_night_autotune_v2] __main__: AUTOTRADER_INIT state=ready reason=manual mode=paper
2026-02-27 13:36:33,587 [INFO] [u_station_ab_night_autotune_v2] __main__: Local mode started (Telegram disabled).
2026-02-27 13:36:33,937 [INFO] [u_station_ab_night_autotune_v2] monitor.onchain_factory: PAIR_DETECTED source=uniswap_v2 dex=uniswap_v2 pair=0xe41e7d35521c73384020fcb22ccef52d3def5b9c token0=0x4200000000000000000000000000000000000006 token1=0xfeb631402c2280d57503a29385871c7df9464937 block=42703187 factory=0x8909dc15e40173ff4699343b6eb8132c65e18ec6
2026-02-27 13:36:34,639 [INFO] [u_station_ab_night_autotune_v2] monitor.onchain_factory: ENRICH_RETRY token=0xfeb631402c2280d57503a29385871c7df9464937 pair=0xe41e7d35521c73384020fcb22ccef52d3def5b9c attempt=1/2 delay=10s
2026-02-27 13:36:46,274 [INFO] [u_station_ab_night_autotune_v2] __main__: WATCHLIST merged count=5
2026-02-27 13:36:46,274 [INFO] [u_station_ab_night_autotune_v2] trading.v2_runtime: V2_UNIVERSE in=18 dedup=18 out=18 target=18 novel_target=16 novel_out=18 repeat_dropped=0 symbol_dropped=0 surge_in=6 surge_target=5 surge_out=6
2026-02-27 13:36:46,290 [INFO] [u_station_ab_night_autotune_v2] __main__: V2_SOURCE_QOS_FILTER in=18 out=13 drops={'source_qos_symbol_cap': 3, 'source_qos_cap': 2} caps={'dexscreener': 292, 'geckoterminal': 287, 'watchlist': 2}
2026-02-27 13:36:46,290 [INFO] [u_station_ab_night_autotune_v2] __main__: FILTER_FAIL token=MOLTD reason=source_qos_symbol_cap symbol=MOLTD used=1/1
2026-02-27 13:36:46,290 [INFO] [u_station_ab_night_autotune_v2] __main__: FILTER_FAIL token=MOLTD reason=source_qos_symbol_cap symbol=MOLTD used=1/1
2026-02-27 13:36:46,290 [INFO] [u_station_ab_night_autotune_v2] __main__: FILTER_FAIL token=ToruCeoAI reason=source_qos_symbol_cap symbol=TORUCEOAI used=1/1
2026-02-27 13:36:46,290 [INFO] [u_station_ab_night_autotune_v2] __main__: FILTER_FAIL token=cbBTC reason=source_qos_cap source=watchlist used=2/2
2026-02-27 13:36:46,290 [INFO] [u_station_ab_night_autotune_v2] __main__: FILTER_FAIL token=AERO reason=source_qos_cap source=watchlist used=2/2
2026-02-27 13:36:46,290 [INFO] [u_station_ab_night_autotune_v2] __main__: FILTER_FAIL token=MOLTD reason=safe_change_5m
2026-02-27 13:36:46,290 [INFO] [u_station_ab_night_autotune_v2] __main__: FILTER_FAIL token=ToruCeoAI reason=safe_change_5m
2026-02-27 13:36:46,290 [INFO] [u_station_ab_night_autotune_v2] __main__: FILTER_FAIL token=HYCH reason=safe_change_5m
2026-02-27 13:36:46,290 [INFO] [u_station_ab_night_autotune_v2] __main__: FILTER_FAIL token=ARENA reason=safe_age
2026-02-27 13:36:46,290 [INFO] [u_station_ab_night_autotune_v2] __main__: FILTER_PASS token=MercorClaw tier=A score=60 mode=YELLOW risk=MEDIUM liq=20662 vol5m=384
2026-02-27 13:36:46,290 [INFO] [u_station_ab_night_autotune_v2] monitor.local_alerter: Local alert token=MercorClaw address=0x2f3e8da21d2f121914420d2126ca7da374763b07 score=60 reco=HOLD risk=MEDIUM warnings=0 liq=20662 vol5m=384
2026-02-27 13:36:46,290 [INFO] [u_station_ab_night_autotune_v2] __main__: FILTER_PASS token=cryptogols tier=A score=60 mode=YELLOW risk=MEDIUM liq=51824 vol5m=95
2026-02-27 13:36:46,290 [INFO] [u_station_ab_night_autotune_v2] monitor.local_alerter: Local alert token=cryptogols address=0x8f123c6c5f06915f1cfc8a57432bde36776ecb42 score=60 reco=HOLD risk=MEDIUM warnings=0 liq=51824 vol5m=95
2026-02-27 13:36:46,290 [INFO] [u_station_ab_night_autotune_v2] __main__: FILTER_PASS token=MONTRA tier=A score=95 mode=YELLOW risk=MEDIUM liq=178855 vol5m=5420
2026-02-27 13:36:46,303 [INFO] [u_station_ab_night_autotune_v2] __main__: FILTER_PASS token=VIRTUAL tier=A score=75 mode=YELLOW risk=MEDIUM liq=7443370 vol5m=398
2026-02-27 13:36:46,303 [INFO] [u_station_ab_night_autotune_v2] __main__: FILTER_FAIL token=Degen reason=safe_volume vol5m=4 min=6 regime=YELLOW
2026-02-27 13:36:46,303 [INFO] [u_station_ab_night_autotune_v2] __main__: FILTER_FAIL token=CLAWHIRE reason=safe_volume vol5m=4 min=6 regime=YELLOW
2026-02-27 13:36:46,303 [INFO] [u_station_ab_night_autotune_v2] __main__: FILTER_FAIL token=PUMP reason=safe_volume vol5m=4 min=6 regime=YELLOW
2026-02-27 13:36:46,303 [INFO] [u_station_ab_night_autotune_v2] __main__: FILTER_FAIL token=AM reason=safe_volume vol5m=0 min=6 regime=YELLOW
2026-02-27 13:36:46,303 [INFO] [u_station_ab_night_autotune_v2] __main__: FILTER_FAIL token=PCClaw reason=safe_volume vol5m=0 min=6 regime=YELLOW
2026-02-27 13:36:46,303 [INFO] [u_station_ab_night_autotune_v2] trading.v2_runtime: V2_QUALITY_ROTATE symbols_core=0 symbols_cooldown=0 sources=1 top_core=- top_cooldown=-
2026-02-27 13:36:46,303 [INFO] [u_station_ab_night_autotune_v2] __main__: V2_QUALITY_GATE enabled=True regime=YELLOW in=4 out=4 core_out=1 explore_out=3 probe_out=0 quota=3 max_symbol_share=0.250 drop={} sources_used={'watchlist': 2, 'geckoterminal': 2}
2026-02-27 13:36:46,303 [INFO] [u_station_ab_night_autotune_v2] __main__: V2_ENTRY_ROUTE enabled=True regime=YELLOW in=4 out=3 core_out=1 explore_out=2 quota=2 allow_explore=True
2026-02-27 13:36:46,303 [WARNING] [u_station_ab_night_autotune_v2] trading.auto_trader: DATA_POLICY mode=OK reason=healthy | route=allow_all prev_mode=OK prev_reason=init_reset_manual
2026-02-27 13:36:46,303 [INFO] [u_station_ab_night_autotune_v2] __main__: MARKET_REGIME mode=YELLOW reason=hysteresis_recover_wait 1/4 raw=GREEN avg_cand_recent=4.00
2026-02-27 13:36:46,303 [INFO] [u_station_ab_night_autotune_v2] trading.auto_trader: AutoTrade skip token=MONTRA reason=blacklist detail=honeypot_guard:simulation_failed,simulation_error
2026-02-27 13:36:46,328 [INFO] [u_station_ab_night_autotune_v2] trading.auto_trader: AutoTrade adjust token=VIRTUAL reason=min_trade_floor size=$0.02->$0.10 min=$0.10
2026-02-27 13:36:46,328 [INFO] [u_station_ab_night_autotune_v2] trading.auto_trader: AutoTrade skip token=VIRTUAL reason=edge_low mode=both edge=-29.70% raw=-27.50% mult=1.08 min=0.05% probe_min=0.05% edge_usd=$-0.030 min_usd=$0.000 probe_min_usd=$0.000 size=$0.10 gross=3.20% costs=30.70% pwin=0.45 probe=- budget=0/1
2026-02-27 13:36:46,328 [INFO] [u_station_ab_night_autotune_v2] trading.auto_trader: AutoTrade batch mode=top_n candidates=3 eligible=2 selected=2 opened=0 pe=off burst_window=0
2026-02-27 13:36:46,344 [INFO] [u_station_ab_night_autotune_v2] __main__: FILTER_THRESHOLDS safe_volume_5m_min=$5 safe_liquidity_min=$8000 safe_age_min=240s score_min=48 edge_min=0.05% lock_floor=0.95 no_momentum_max_pnl=0.25 weakness_pnl=-2.60
2026-02-27 13:36:46,344 [INFO] [u_station_ab_night_autotune_v2] __main__: Scanned 18 tokens | High quality: 6 | Alerts sent: 2 | Trade candidates: 4 | Quality out/core/explore/probe: 4/1/3/0 | Opened: 0 | Mode: local | Source: onchain+market | Policy: raw=OK/effective=OK(healthy | route=allow_all) | Regime: YELLOW(hysteresis_recover_wait 1/4 raw=GREEN) | Safety: checked=4 fail_closed=0 reasons=api_code_4029:4 | FiltersTop(session): safe_volume:5,source_qos_symbol_cap:3,safe_change_5m:3,source_qos_cap:2 | Dedup: heavy_skip=0 override=0 | V2Budget: 4/280 | SourceQoS: enabled=1/in=18/out=13/dropped=5/active_cd=0/drops=source_qos_symbol_cap:3,source_qos_cap:2 | Ingest: q=0/oldest=0.0s/drop_old=0/dedup_skip=0/enq=12/drain=12 | Sources: dex_boosts:ok=1/fail=0/429=0/lim_wait=0/cd_wait=0/err=0.0%/avg=131ms; dexscreener:ok=11/fail=0/429=0/lim_wait=0/cd_wait=0/err=0.0%/avg=260ms; geckoterminal:ok=2/fail=0/429=0/lim_wait=0/cd_wait=0/err=0.0%/avg=106ms; onchain_enrich:ok=4/fail=0/429=0/lim_wait=0/cd_wait=0/err=0.0%/avg=157ms; onchain_weth_price:ok=1/fail=0/429=0/lim_wait=0/cd_wait=0/err=0.0%/avg=61ms; watchlist_dex:ok=10/fail=0/429=0/lim_wait=0/cd_wait=0/err=0.0%/avg=111ms; watchlist_gecko:ok=6/fail=0/429=0/lim_wait=0/cd_wait=0/err=0.0%/avg=566ms | Tasks: 3 | RSS: 0.0MB | CycleAvg: 0.00s
2026-02-27 13:36:50,854 [INFO] [u_station_ab_night_autotune_v2] monitor.onchain_factory: ENRICH_RETRY token=0xfeb631402c2280d57503a29385871c7df9464937 pair=0xe41e7d35521c73384020fcb22ccef52d3def5b9c attempt=1/2 delay=10s
2026-02-27 13:37:00,975 [INFO] [u_station_ab_night_autotune_v2] __main__: WATCHLIST merged count=5
2026-02-27 13:37:00,975 [INFO] [u_station_ab_night_autotune_v2] trading.v2_runtime: V2_UNIVERSE in=5 dedup=5 out=5 target=5 novel_target=5 novel_out=0 repeat_dropped=0 symbol_dropped=0 surge_in=1 surge_target=1 surge_out=1
2026-02-27 13:37:00,975 [INFO] [u_station_ab_night_autotune_v2] __main__: V2_SOURCE_QOS_FILTER in=5 out=3 drops={'source_qos_cap': 2} caps={'watchlist': 3}
2026-02-27 13:37:00,975 [INFO] [u_station_ab_night_autotune_v2] __main__: FILTER_FAIL token=cbBTC reason=source_qos_cap source=watchlist used=3/3
2026-02-27 13:37:00,975 [INFO] [u_station_ab_night_autotune_v2] __main__: FILTER_FAIL token=AERO reason=source_qos_cap source=watchlist used=3/3
2026-02-27 13:37:00,975 [INFO] [u_station_ab_night_autotune_v2] __main__: FILTER_PASS token=ToruCeoAI tier=A score=95 mode=YELLOW risk=MEDIUM liq=64941 vol5m=5686
2026-02-27 13:37:00,975 [INFO] [u_station_ab_night_autotune_v2] __main__: FILTER_PASS token=MONTRA tier=A score=95 mode=YELLOW risk=MEDIUM liq=178855 vol5m=5420
2026-02-27 13:37:00,975 [INFO] [u_station_ab_night_autotune_v2] __main__: FILTER_PASS token=VIRTUAL tier=A score=75 mode=YELLOW risk=MEDIUM liq=7443370 vol5m=398
2026-02-27 13:37:00,975 [INFO] [u_station_ab_night_autotune_v2] __main__: V2_QUALITY_GATE enabled=True regime=YELLOW in=3 out=3 core_out=1 explore_out=2 probe_out=0 quota=2 max_symbol_share=0.333 drop={} sources_used={'watchlist': 3}
2026-02-27 13:37:00,975 [INFO] [u_station_ab_night_autotune_v2] __main__: V2_ENTRY_ROUTE enabled=True regime=YELLOW in=3 out=2 core_out=1 explore_out=1 quota=1 allow_explore=True
2026-02-27 13:37:00,975 [INFO] [u_station_ab_night_autotune_v2] __main__: MARKET_REGIME mode=YELLOW reason=hysteresis_recover_wait 2/4 raw=GREEN avg_cand_recent=3.50
2026-02-27 13:37:00,975 [INFO] [u_station_ab_night_autotune_v2] trading.auto_trader: AutoTrade skip token=MONTRA reason=blacklist detail=honeypot_guard:simulation_failed,simulation_error
2026-02-27 13:37:00,994 [INFO] [u_station_ab_night_autotune_v2] trading.auto_trader: AutoTrade adjust token=ToruCeoAI reason=min_trade_floor size=$0.06->$0.10 min=$0.10
2026-02-27 13:37:00,994 [INFO] [u_station_ab_night_autotune_v2] trading.auto_trader: AutoTrade skip token=ToruCeoAI reason=edge_low mode=both edge=-22.36% raw=-20.70% mult=1.08 min=0.05% probe_min=0.05% edge_usd=$-0.022 min_usd=$0.000 probe_min_usd=$0.000 size=$0.10 gross=9.60% costs=30.30% pwin=0.85 probe=- budget=0/1
2026-02-27 13:37:00,994 [INFO] [u_station_ab_night_autotune_v2] trading.auto_trader: AutoTrade batch mode=top_n candidates=2 eligible=2 selected=2 opened=0 pe=off burst_window=0
2026-02-27 13:37:00,994 [INFO] [u_station_ab_night_autotune_v2] __main__: Scanned 5 tokens | High quality: 3 | Alerts sent: 0 | Trade candidates: 3 | Quality out/core/explore/probe: 3/1/2/0 | Opened: 0 | Mode: local | Source: onchain+market | Policy: raw=OK/effective=OK(healthy | route=allow_all) | Regime: YELLOW(hysteresis_recover_wait 2/4 raw=GREEN) | Safety: checked=3 fail_closed=0 reasons=api_code_4029:3 | FiltersTop(session): safe_volume:5,source_qos_cap:4,source_qos_symbol_cap:3,safe_change_5m:3 | Dedup: heavy_skip=0 override=0 | V2Budget: 3/280 | SourceQoS: enabled=1/in=5/out=3/dropped=2/active_cd=0/drops=source_qos_cap:2 | Ingest: q=0/oldest=0.0s/drop_old=0/dedup_skip=0/enq=0/drain=0 | Sources: dex_boosts:ok=1/fail=0/429=0/lim_wait=0/cd_wait=0/err=0.0%/avg=135ms; dexscreener:ok=11/fail=0/429=0/lim_wait=0/cd_wait=0/err=0.0%/avg=105ms; onchain_enrich:ok=4/fail=0/429=0/lim_wait=0/cd_wait=0/err=0.0%/avg=45ms | Tasks: 3 | RSS: 0.0MB | CycleAvg: 12.75s
2026-02-27 13:37:05,812 [INFO] [u_station_ab_night_autotune_v2] monitor.onchain_factory: ENRICH_RETRY token=0xfeb631402c2280d57503a29385871c7df9464937 pair=0xe41e7d35521c73384020fcb22ccef52d3def5b9c attempt=1/2 delay=10s
2026-02-27 13:37:15,897 [INFO] [u_station_ab_night_autotune_v2] __main__: WATCHLIST merged count=5
2026-02-27 13:37:15,897 [INFO] [u_station_ab_night_autotune_v2] trading.v2_runtime: V2_UNIVERSE in=5 dedup=5 out=5 target=5 novel_target=5 novel_out=0 repeat_dropped=0 symbol_dropped=0 surge_in=1 surge_target=1 surge_out=1
2026-02-27 13:37:15,897 [INFO] [u_station_ab_night_autotune_v2] __main__: V2_SOURCE_QOS_FILTER in=5 out=3 drops={'source_qos_cap': 2} caps={'watchlist': 3}
2026-02-27 13:37:15,897 [INFO] [u_station_ab_night_autotune_v2] __main__: FILTER_FAIL token=cbBTC reason=source_qos_cap source=watchlist used=3/3
2026-02-27 13:37:15,903 [INFO] [u_station_ab_night_autotune_v2] __main__: FILTER_FAIL token=AERO reason=source_qos_cap source=watchlist used=3/3
2026-02-27 13:37:15,904 [INFO] [u_station_ab_night_autotune_v2] __main__: FILTER_PASS token=ToruCeoAI tier=A score=95 mode=YELLOW risk=MEDIUM liq=64941 vol5m=5686
2026-02-27 13:37:15,904 [INFO] [u_station_ab_night_autotune_v2] __main__: FILTER_PASS token=MONTRA tier=A score=95 mode=YELLOW risk=MEDIUM liq=178855 vol5m=5420
2026-02-27 13:37:15,904 [INFO] [u_station_ab_night_autotune_v2] __main__: FILTER_PASS token=VIRTUAL tier=A score=75 mode=YELLOW risk=MEDIUM liq=7443370 vol5m=398
2026-02-27 13:37:15,904 [INFO] [u_station_ab_night_autotune_v2] __main__: V2_QUALITY_GATE enabled=True regime=YELLOW in=3 out=3 core_out=1 explore_out=2 probe_out=0 quota=2 max_symbol_share=0.333 drop={} sources_used={'watchlist': 3}
2026-02-27 13:37:15,904 [INFO] [u_station_ab_night_autotune_v2] __main__: V2_ENTRY_ROUTE enabled=True regime=YELLOW in=3 out=2 core_out=1 explore_out=1 quota=1 allow_explore=True
2026-02-27 13:37:15,904 [INFO] [u_station_ab_night_autotune_v2] __main__: MARKET_REGIME mode=YELLOW reason=hysteresis_recover_wait 3/4 raw=GREEN avg_cand_recent=3.33
2026-02-27 13:37:15,904 [INFO] [u_station_ab_night_autotune_v2] trading.auto_trader: AutoTrade skip token=MONTRA reason=blacklist detail=honeypot_guard:simulation_failed,simulation_error
2026-02-27 13:37:15,904 [INFO] [u_station_ab_night_autotune_v2] trading.auto_trader: AutoTrade adjust token=ToruCeoAI reason=min_trade_floor size=$0.06->$0.10 min=$0.10
2026-02-27 13:37:15,904 [INFO] [u_station_ab_night_autotune_v2] trading.auto_trader: AutoTrade skip token=ToruCeoAI reason=edge_low mode=both edge=-22.36% raw=-20.70% mult=1.08 min=0.05% probe_min=0.05% edge_usd=$-0.022 min_usd=$0.000 probe_min_usd=$0.000 size=$0.10 gross=9.60% costs=30.30% pwin=0.85 probe=- budget=0/1
2026-02-27 13:37:15,904 [INFO] [u_station_ab_night_autotune_v2] trading.auto_trader: AutoTrade batch mode=top_n candidates=2 eligible=2 selected=2 opened=0 pe=off burst_window=0
2026-02-27 13:37:15,904 [INFO] [u_station_ab_night_autotune_v2] __main__: Scanned 5 tokens | High quality: 3 | Alerts sent: 0 | Trade candidates: 3 | Quality out/core/explore/probe: 3/1/2/0 | Opened: 0 | Mode: local | Source: onchain+market | Policy: raw=OK/effective=OK(healthy | route=allow_all) | Regime: YELLOW(hysteresis_recover_wait 3/4 raw=GREEN) | Safety: checked=3 fail_closed=0 reasons=api_code_4029:3 | FiltersTop(session): source_qos_cap:6,safe_volume:5,source_qos_symbol_cap:3,safe_change_5m:3 | Dedup: heavy_skip=0 override=0 | V2Budget: 3/280 | SourceQoS: enabled=1/in=5/out=3/dropped=2/active_cd=0/drops=source_qos_cap:2 | Ingest: q=0/oldest=0.0s/drop_old=0/dedup_skip=0/enq=0/drain=0 | Sources: dex_boosts:ok=1/fail=0/429=0/lim_wait=0/cd_wait=0/err=0.0%/avg=62ms; dexscreener:ok=11/fail=0/429=0/lim_wait=0/cd_wait=0/err=0.0%/avg=211ms; onchain_enrich:ok=4/fail=0/429=0/lim_wait=0/cd_wait=0/err=0.0%/avg=113ms | Tasks: 3 | RSS: 0.0MB | CycleAvg: 11.70s
2026-02-27 13:37:20,169 [INFO] [u_station_ab_night_autotune_v2] monitor.onchain_factory: PAIR_DETECTED source=uniswap_v2 dex=uniswap_v2 pair=0x6c28df26d188d171604e636e5a4570f7bcb810ad token0=0x4200000000000000000000000000000000000006 token1=0x965823b8687aeadf65f07da2899145dbdb620217 block=42703241 factory=0x8909dc15e40173ff4699343b6eb8132c65e18ec6
2026-02-27 13:37:20,492 [INFO] [u_station_ab_night_autotune_v2] monitor.onchain_factory: ENRICH_RETRY token=0xfeb631402c2280d57503a29385871c7df9464937 pair=0xe41e7d35521c73384020fcb22ccef52d3def5b9c attempt=1/2 delay=10s
2026-02-27 13:37:20,685 [INFO] [u_station_ab_night_autotune_v2] monitor.onchain_factory: ENRICH_RETRY token=0x965823b8687aeadf65f07da2899145dbdb620217 pair=0x6c28df26d188d171604e636e5a4570f7bcb810ad attempt=1/2 delay=10s
2026-02-27 13:37:30,785 [INFO] [u_station_ab_night_autotune_v2] __main__: WATCHLIST merged count=5
2026-02-27 13:37:30,785 [INFO] [u_station_ab_night_autotune_v2] trading.v2_runtime: V2_UNIVERSE in=5 dedup=5 out=5 target=5 novel_target=5 novel_out=0 repeat_dropped=0 symbol_dropped=0 surge_in=1 surge_target=1 surge_out=1
2026-02-27 13:37:30,785 [INFO] [u_station_ab_night_autotune_v2] __main__: V2_SOURCE_QOS_FILTER in=5 out=3 drops={'source_qos_cap': 2} caps={'watchlist': 3}
2026-02-27 13:37:30,785 [INFO] [u_station_ab_night_autotune_v2] __main__: FILTER_FAIL token=cbBTC reason=source_qos_cap source=watchlist used=3/3
2026-02-27 13:37:30,785 [INFO] [u_station_ab_night_autotune_v2] __main__: FILTER_FAIL token=AERO reason=source_qos_cap source=watchlist used=3/3
2026-02-27 13:37:30,785 [INFO] [u_station_ab_night_autotune_v2] __main__: FILTER_PASS token=ToruCeoAI tier=A score=95 mode=YELLOW risk=MEDIUM liq=64941 vol5m=5686
2026-02-27 13:37:30,785 [INFO] [u_station_ab_night_autotune_v2] __main__: FILTER_PASS token=MONTRA tier=A score=95 mode=YELLOW risk=MEDIUM liq=178855 vol5m=5420
2026-02-27 13:37:30,785 [INFO] [u_station_ab_night_autotune_v2] __main__: FILTER_PASS token=VIRTUAL tier=A score=75 mode=YELLOW risk=MEDIUM liq=7443370 vol5m=398
2026-02-27 13:37:30,800 [INFO] [u_station_ab_night_autotune_v2] __main__: V2_QUALITY_GATE enabled=True regime=GREEN in=3 out=3 core_out=1 explore_out=2 probe_out=0 quota=2 max_symbol_share=0.333 drop={} sources_used={'watchlist': 3}
2026-02-27 13:37:30,800 [INFO] [u_station_ab_night_autotune_v2] __main__: V2_ENTRY_ROUTE enabled=True regime=GREEN in=3 out=2 core_out=1 explore_out=1 quota=1 allow_explore=True
2026-02-27 13:37:30,800 [INFO] [u_station_ab_night_autotune_v2] __main__: MARKET_REGIME mode=GREEN reason=avg_cand=3.25 avg_cand_recent=3.25
2026-02-27 13:37:30,800 [WARNING] [u_station_ab_night_autotune_v2] monitor.local_alerter: Local event symbol=MARKET_MODE reco=GREEN risk=INFO
2026-02-27 13:37:30,803 [INFO] [u_station_ab_night_autotune_v2] trading.auto_trader: AutoTrade skip token=MONTRA reason=blacklist detail=honeypot_guard:simulation_failed,simulation_error
2026-02-27 13:37:30,804 [INFO] [u_station_ab_night_autotune_v2] trading.auto_trader: AutoTrade adjust token=ToruCeoAI reason=min_trade_floor size=$0.06->$0.10 min=$0.10
2026-02-27 13:37:30,804 [INFO] [u_station_ab_night_autotune_v2] trading.auto_trader: AutoTrade skip token=ToruCeoAI reason=edge_low mode=both edge=-22.36% raw=-20.70% mult=1.08 min=0.05% probe_min=0.05% edge_usd=$-0.022 min_usd=$0.000 probe_min_usd=$0.000 size=$0.10 gross=9.60% costs=30.30% pwin=0.85 probe=- budget=0/1
2026-02-27 13:37:30,804 [INFO] [u_station_ab_night_autotune_v2] trading.auto_trader: AutoTrade batch mode=top_n candidates=2 eligible=2 selected=2 opened=0 pe=off burst_window=0
2026-02-27 13:37:30,804 [INFO] [u_station_ab_night_autotune_v2] __main__: Scanned 5 tokens | High quality: 3 | Alerts sent: 0 | Trade candidates: 3 | Quality out/core/explore/probe: 3/1/2/0 | Opened: 0 | Mode: local | Source: onchain+market | Policy: raw=OK/effective=OK(healthy | route=allow_all) | Regime: GREEN(avg_cand=3.25) | Safety: checked=3 fail_closed=0 reasons=api_code_4029:3 | FiltersTop(session): source_qos_cap:8,safe_volume:5,source_qos_symbol_cap:3,safe_change_5m:3 | Dedup: heavy_skip=0 override=0 | V2Budget: 3/280 | SourceQoS: enabled=1/in=5/out=3/dropped=2/active_cd=0/drops=source_qos_cap:2 | Ingest: q=0/oldest=0.0s/drop_old=0/dedup_skip=0/enq=0/drain=0 | Sources: dex_boosts:ok=1/fail=0/429=0/lim_wait=0/cd_wait=0/err=0.0%/avg=44ms; dexscreener:ok=11/fail=0/429=0/lim_wait=0/cd_wait=0/err=0.0%/avg=46ms; onchain_enrich:ok=8/fail=0/429=0/lim_wait=0/cd_wait=0/err=0.0%/avg=95ms | Tasks: 3 | RSS: 0.0MB | CycleAvg: 11.44s
2026-02-27 13:37:35,108 [INFO] [u_station_ab_night_autotune_v2] monitor.onchain_factory: PAIR_DETECTED source=uniswap_v2 dex=uniswap_v2 pair=0x42c50e9815a8e256f000a5fb8f2ba77dbea8fdc1 token0=0x4200000000000000000000000000000000000006 token1=0xd9c3aabab998eb067715bcb1841fa3c63f57744c block=42703248 factory=0x8909dc15e40173ff4699343b6eb8132c65e18ec6
2026-02-27 13:37:35,341 [INFO] [u_station_ab_night_autotune_v2] monitor.onchain_factory: ENRICH_RETRY token=0xfeb631402c2280d57503a29385871c7df9464937 pair=0xe41e7d35521c73384020fcb22ccef52d3def5b9c attempt=1/2 delay=10s
2026-02-27 13:37:35,404 [INFO] [u_station_ab_night_autotune_v2] monitor.onchain_factory: ENRICH_RETRY token=0x965823b8687aeadf65f07da2899145dbdb620217 pair=0x6c28df26d188d171604e636e5a4570f7bcb810ad attempt=1/2 delay=10s
2026-02-27 13:37:35,770 [INFO] [u_station_ab_night_autotune_v2] monitor.onchain_factory: ENRICH_RETRY token=0xd9c3aabab998eb067715bcb1841fa3c63f57744c pair=0x42c50e9815a8e256f000a5fb8f2ba77dbea8fdc1 attempt=1/2 delay=10s
2026-02-27 13:37:45,906 [INFO] [u_station_ab_night_autotune_v2] __main__: WATCHLIST merged count=5
2026-02-27 13:37:45,907 [INFO] [u_station_ab_night_autotune_v2] trading.v2_runtime: V2_UNIVERSE in=5 dedup=5 out=5 target=5 novel_target=5 novel_out=0 repeat_dropped=0 symbol_dropped=0 surge_in=1 surge_target=1 surge_out=1
2026-02-27 13:37:45,907 [INFO] [u_station_ab_night_autotune_v2] __main__: V2_SOURCE_QOS_FILTER in=5 out=3 drops={'source_qos_cap': 2} caps={'watchlist': 3}
2026-02-27 13:37:45,907 [INFO] [u_station_ab_night_autotune_v2] __main__: FILTER_FAIL token=cbBTC reason=source_qos_cap source=watchlist used=3/3
2026-02-27 13:37:45,907 [INFO] [u_station_ab_night_autotune_v2] __main__: FILTER_FAIL token=AERO reason=source_qos_cap source=watchlist used=3/3
2026-02-27 13:37:45,907 [INFO] [u_station_ab_night_autotune_v2] __main__: FILTER_PASS token=ToruCeoAI tier=A score=95 mode=GREEN risk=MEDIUM liq=64941 vol5m=5686
2026-02-27 13:37:45,907 [INFO] [u_station_ab_night_autotune_v2] __main__: FILTER_PASS token=MONTRA tier=A score=95 mode=GREEN risk=MEDIUM liq=178855 vol5m=5420
2026-02-27 13:37:45,907 [INFO] [u_station_ab_night_autotune_v2] __main__: FILTER_PASS token=VIRTUAL tier=A score=75 mode=GREEN risk=MEDIUM liq=7443370 vol5m=398
2026-02-27 13:37:45,907 [INFO] [u_station_ab_night_autotune_v2] __main__: V2_QUALITY_GATE enabled=True regime=GREEN in=3 out=3 core_out=1 explore_out=2 probe_out=0 quota=2 max_symbol_share=0.333 drop={} sources_used={'watchlist': 3}
2026-02-27 13:37:45,913 [INFO] [u_station_ab_night_autotune_v2] __main__: V2_ENTRY_ROUTE enabled=True regime=GREEN in=3 out=2 core_out=1 explore_out=1 quota=1 allow_explore=True
2026-02-27 13:37:45,913 [INFO] [u_station_ab_night_autotune_v2] __main__: MARKET_REGIME mode=GREEN reason=avg_cand=3.20 avg_cand_recent=3.20
2026-02-27 13:37:45,913 [INFO] [u_station_ab_night_autotune_v2] trading.auto_trader: AutoTrade skip token=MONTRA reason=blacklist detail=honeypot_guard:simulation_failed,simulation_error
2026-02-27 13:37:45,929 [INFO] [u_station_ab_night_autotune_v2] trading.auto_trader: AutoTrade adjust token=ToruCeoAI reason=min_trade_floor size=$0.05->$0.10 min=$0.10
2026-02-27 13:37:45,929 [INFO] [u_station_ab_night_autotune_v2] trading.auto_trader: AutoTrade skip token=ToruCeoAI reason=ev_net_low expected_net=$-0.00987 min=$-0.00232 samples=23 conf=1.00 pwin=0.30 avg_win=$0.0097 avg_loss=$0.0177 kelly=0.000 mem=sparse trades=0<18
2026-02-27 13:37:45,929 [INFO] [u_station_ab_night_autotune_v2] trading.auto_trader: AutoTrade batch mode=top_n candidates=2 eligible=2 selected=2 opened=0 pe=off burst_window=0
2026-02-27 13:37:45,929 [INFO] [u_station_ab_night_autotune_v2] trading.auto_trader: PAPER_SUMMARY window=60s closed_delta=0 wins_delta=0 losses_delta=0 realized_delta=$0.00 total_closed=102 winrate_total=42.2% realized_total=$0.30 balance=$7.30 equity=$7.30 open=0
2026-02-27 13:37:45,929 [INFO] [u_station_ab_night_autotune_v2] __main__: Scanned 5 tokens | High quality: 3 | Alerts sent: 0 | Trade candidates: 3 | Quality out/core/explore/probe: 3/1/2/0 | Opened: 0 | Mode: local | Source: onchain+market | Policy: raw=OK/effective=OK(healthy | route=allow_all) | Regime: GREEN(avg_cand=3.20) | Safety: checked=3 fail_closed=0 reasons=api_code_4029:3 | FiltersTop(session): source_qos_cap:10,safe_volume:5,source_qos_symbol_cap:3,safe_change_5m:3 | Dedup: heavy_skip=0 override=0 | V2Budget: 3/280 | SourceQoS: enabled=1/in=5/out=3/dropped=2/active_cd=0/drops=source_qos_cap:2 | Ingest: q=0/oldest=0.0s/drop_old=0/dedup_skip=0/enq=0/drain=0 | Sources: dex_boosts:ok=1/fail=0/429=0/lim_wait=0/cd_wait=0/err=0.0%/avg=50ms; dexscreener:ok=11/fail=0/429=0/lim_wait=0/cd_wait=0/err=0.0%/avg=58ms; onchain_enrich:ok=12/fail=0/429=0/lim_wait=0/cd_wait=0/err=0.0%/avg=127ms; onchain_weth_price:ok=1/fail=0/429=0/lim_wait=0/cd_wait=0/err=0.0%/avg=149ms | Tasks: 3 | RSS: 0.0MB | CycleAvg: 11.30s
2026-02-27 13:37:50,220 [INFO] [u_station_ab_night_autotune_v2] monitor.onchain_factory: PAIR_DETECTED source=uniswap_v2 dex=uniswap_v2 pair=0xb7a0af326be054b6a744e9beff0d3da04c34df1c token0=0x4200000000000000000000000000000000000006 token1=0x9e0694ee23fa226ef72839d9aab8c8b2bfd6eb07 block=42703254 factory=0x8909dc15e40173ff4699343b6eb8132c65e18ec6
2026-02-27 13:37:50,425 [INFO] [u_station_ab_night_autotune_v2] monitor.onchain_factory: ENRICH_RETRY token=0xfeb631402c2280d57503a29385871c7df9464937 pair=0xe41e7d35521c73384020fcb22ccef52d3def5b9c attempt=1/2 delay=10s
2026-02-27 13:37:50,571 [INFO] [u_station_ab_night_autotune_v2] monitor.onchain_factory: ENRICH_RETRY token=0xd9c3aabab998eb067715bcb1841fa3c63f57744c pair=0x42c50e9815a8e256f000a5fb8f2ba77dbea8fdc1 attempt=1/2 delay=10s
2026-02-27 13:37:50,571 [INFO] [u_station_ab_night_autotune_v2] monitor.onchain_factory: ENRICH_RETRY token=0x965823b8687aeadf65f07da2899145dbdb620217 pair=0x6c28df26d188d171604e636e5a4570f7bcb810ad attempt=1/2 delay=10s
2026-02-27 13:37:50,703 [INFO] [u_station_ab_night_autotune_v2] monitor.onchain_factory: ENRICH_RETRY token=0x9e0694ee23fa226ef72839d9aab8c8b2bfd6eb07 pair=0xb7a0af326be054b6a744e9beff0d3da04c34df1c attempt=1/2 delay=10s
2026-02-27 13:38:00,918 [INFO] [u_station_ab_night_autotune_v2] __main__: WATCHLIST merged count=5
2026-02-27 13:38:00,919 [INFO] [u_station_ab_night_autotune_v2] trading.v2_runtime: V2_UNIVERSE in=9 dedup=9 out=9 target=9 novel_target=8 novel_out=4 repeat_dropped=0 symbol_dropped=0 surge_in=1 surge_target=1 surge_out=1
2026-02-27 13:38:00,920 [INFO] [u_station_ab_night_autotune_v2] __main__: V2_SOURCE_QOS_FILTER in=9 out=6 drops={'source_qos_cap': 3} caps={'geckoterminal': 287, 'watchlist': 2}
2026-02-27 13:38:00,921 [INFO] [u_station_ab_night_autotune_v2] __main__: FILTER_FAIL token=VIRTUAL reason=source_qos_cap source=watchlist used=2/2
2026-02-27 13:38:00,922 [INFO] [u_station_ab_night_autotune_v2] __main__: FILTER_FAIL token=cbBTC reason=source_qos_cap source=watchlist used=2/2
2026-02-27 13:38:00,922 [INFO] [u_station_ab_night_autotune_v2] __main__: FILTER_FAIL token=AERO reason=source_qos_cap source=watchlist used=2/2
2026-02-27 13:38:00,923 [INFO] [u_station_ab_night_autotune_v2] __main__: FILTER_PASS token=ToruCeoAI tier=A score=95 mode=GREEN risk=MEDIUM liq=64941 vol5m=5686
2026-02-27 13:38:00,924 [INFO] [u_station_ab_night_autotune_v2] __main__: FILTER_FAIL token=PETAH reason=safe_age
2026-02-27 13:38:00,925 [INFO] [u_station_ab_night_autotune_v2] __main__: FILTER_PASS token=MONTRA tier=A score=95 mode=GREEN risk=MEDIUM liq=178855 vol5m=5420
2026-02-27 13:38:00,926 [INFO] [u_station_ab_night_autotune_v2] __main__: FILTER_FAIL token=Degen reason=safe_volume vol5m=2 min=5 regime=GREEN
2026-02-27 13:38:00,927 [INFO] [u_station_ab_night_autotune_v2] __main__: FILTER_FAIL token=HyperClaw reason=score_min score=40 strict_min=48 soft_min=48 mode=GREEN
2026-02-27 13:38:00,928 [INFO] [u_station_ab_night_autotune_v2] __main__: FILTER_FAIL token=JCT reason=score_min score=30 strict_min=48 soft_min=48 mode=GREEN
2026-02-27 13:38:00,929 [INFO] [u_station_ab_night_autotune_v2] __main__: V2_QUALITY_GATE enabled=True regime=GREEN in=2 out=2 core_out=1 explore_out=1 probe_out=0 quota=1 max_symbol_share=0.500 drop={} sources_used={'watchlist': 2}
2026-02-27 13:38:00,929 [INFO] [u_station_ab_night_autotune_v2] __main__: V2_ENTRY_ROUTE enabled=True regime=GREEN in=2 out=2 core_out=1 explore_out=1 quota=1 allow_explore=True
2026-02-27 13:38:00,929 [INFO] [u_station_ab_night_autotune_v2] __main__: MARKET_REGIME mode=GREEN reason=avg_cand=3.00 avg_cand_recent=3.00
2026-02-27 13:38:00,929 [INFO] [u_station_ab_night_autotune_v2] trading.auto_trader: AutoTrade skip token=MONTRA reason=blacklist detail=honeypot_guard:simulation_failed,simulation_error
2026-02-27 13:38:00,929 [INFO] [u_station_ab_night_autotune_v2] trading.auto_trader: AutoTrade adjust token=ToruCeoAI reason=min_trade_floor size=$0.05->$0.10 min=$0.10
2026-02-27 13:38:00,929 [INFO] [u_station_ab_night_autotune_v2] trading.auto_trader: AutoTrade skip token=ToruCeoAI reason=ev_net_low expected_net=$-0.00987 min=$-0.00232 samples=23 conf=1.00 pwin=0.30 avg_win=$0.0097 avg_loss=$0.0177 kelly=0.000 mem=sparse trades=0<18
2026-02-27 13:38:00,929 [INFO] [u_station_ab_night_autotune_v2] trading.auto_trader: AutoTrade batch mode=top_n candidates=2 eligible=2 selected=2 opened=0 pe=off burst_window=0
2026-02-27 13:38:00,929 [INFO] [u_station_ab_night_autotune_v2] __main__: Scanned 9 tokens | High quality: 2 | Alerts sent: 0 | Trade candidates: 2 | Quality out/core/explore/probe: 2/1/1/0 | Opened: 0 | Mode: local | Source: onchain+market | Policy: raw=OK/effective=OK(healthy | route=allow_all) | Regime: GREEN(avg_cand=3.00) | Safety: checked=2 fail_closed=0 reasons=api_code_4029:2 | FiltersTop(session): source_qos_cap:13,safe_volume:6,source_qos_symbol_cap:3,safe_change_5m:3 | Dedup: heavy_skip=0 override=0 | V2Budget: 2/280 | SourceQoS: enabled=1/in=9/out=6/dropped=3/active_cd=0/drops=source_qos_cap:3 | Ingest: q=0/oldest=0.0s/drop_old=0/dedup_skip=0/enq=4/drain=4 | Sources: dex_boosts:ok=1/fail=0/429=0/lim_wait=0/cd_wait=0/err=0.0%/avg=177ms; dexscreener:ok=11/fail=0/429=0/lim_wait=0/cd_wait=0/err=0.0%/avg=262ms; geckoterminal:ok=1/fail=0/429=0/lim_wait=0/cd_wait=0/err=0.0%/avg=360ms; onchain_enrich:ok=16/fail=0/429=0/lim_wait=0/cd_wait=0/err=0.0%/avg=92ms | Tasks: 3 | RSS: 0.0MB | CycleAvg: 11.27s
2026-02-27 13:38:05,427 [INFO] [u_station_ab_night_autotune_v2] monitor.onchain_factory: ENRICH_RETRY token=0x965823b8687aeadf65f07da2899145dbdb620217 pair=0x6c28df26d188d171604e636e5a4570f7bcb810ad attempt=1/2 delay=10s
2026-02-27 13:38:05,434 [INFO] [u_station_ab_night_autotune_v2] monitor.onchain_factory: ENRICH_RETRY token=0xfeb631402c2280d57503a29385871c7df9464937 pair=0xe41e7d35521c73384020fcb22ccef52d3def5b9c attempt=1/2 delay=10s
2026-02-27 13:38:05,434 [INFO] [u_station_ab_night_autotune_v2] monitor.onchain_factory: ENRICH_RETRY token=0xd9c3aabab998eb067715bcb1841fa3c63f57744c pair=0x42c50e9815a8e256f000a5fb8f2ba77dbea8fdc1 attempt=1/2 delay=10s
2026-02-27 13:38:05,434 [INFO] [u_station_ab_night_autotune_v2] monitor.onchain_factory: ENRICH_RETRY token=0x9e0694ee23fa226ef72839d9aab8c8b2bfd6eb07 pair=0xb7a0af326be054b6a744e9beff0d3da04c34df1c attempt=1/2 delay=10s
2026-02-27 13:38:15,693 [INFO] [u_station_ab_night_autotune_v2] __main__: WATCHLIST merged count=5
2026-02-27 13:38:15,693 [INFO] [u_station_ab_night_autotune_v2] trading.v2_runtime: V2_UNIVERSE in=5 dedup=5 out=5 target=5 novel_target=5 novel_out=0 repeat_dropped=0 symbol_dropped=0 surge_in=1 surge_target=1 surge_out=1
2026-02-27 13:38:15,693 [INFO] [u_station_ab_night_autotune_v2] __main__: V2_SOURCE_QOS_FILTER in=5 out=3 drops={'source_qos_cap': 2} caps={'watchlist': 3}
2026-02-27 13:38:15,693 [INFO] [u_station_ab_night_autotune_v2] __main__: FILTER_FAIL token=cbBTC reason=source_qos_cap source=watchlist used=3/3
2026-02-27 13:38:15,693 [INFO] [u_station_ab_night_autotune_v2] __main__: FILTER_FAIL token=AERO reason=source_qos_cap source=watchlist used=3/3
2026-02-27 13:38:15,693 [INFO] [u_station_ab_night_autotune_v2] __main__: FILTER_PASS token=ToruCeoAI tier=A score=95 mode=GREEN risk=MEDIUM liq=64941 vol5m=5686
2026-02-27 13:38:15,693 [INFO] [u_station_ab_night_autotune_v2] __main__: FILTER_PASS token=MONTRA tier=A score=95 mode=GREEN risk=MEDIUM liq=178855 vol5m=5420
2026-02-27 13:38:15,693 [INFO] [u_station_ab_night_autotune_v2] __main__: FILTER_PASS token=VIRTUAL tier=A score=75 mode=GREEN risk=MEDIUM liq=7443370 vol5m=398
2026-02-27 13:38:15,693 [INFO] [u_station_ab_night_autotune_v2] __main__: V2_QUALITY_GATE enabled=True regime=GREEN in=3 out=3 core_out=1 explore_out=2 probe_out=0 quota=2 max_symbol_share=0.333 drop={} sources_used={'watchlist': 3}
2026-02-27 13:38:15,693 [INFO] [u_station_ab_night_autotune_v2] __main__: V2_ENTRY_ROUTE enabled=True regime=GREEN in=3 out=2 core_out=1 explore_out=1 quota=1 allow_explore=True
2026-02-27 13:38:15,703 [INFO] [u_station_ab_night_autotune_v2] __main__: MARKET_REGIME mode=GREEN reason=avg_cand=3.00 avg_cand_recent=3.00
2026-02-27 13:38:15,705 [INFO] [u_station_ab_night_autotune_v2] trading.auto_trader: AutoTrade skip token=MONTRA reason=blacklist detail=honeypot_guard:simulation_failed,simulation_error
2026-02-27 13:38:15,705 [INFO] [u_station_ab_night_autotune_v2] trading.auto_trader: AutoTrade adjust token=ToruCeoAI reason=min_trade_floor size=$0.05->$0.10 min=$0.10
2026-02-27 13:38:15,705 [INFO] [u_station_ab_night_autotune_v2] trading.auto_trader: AutoTrade skip token=ToruCeoAI reason=ev_net_low expected_net=$-0.00987 min=$-0.00232 samples=23 conf=1.00 pwin=0.30 avg_win=$0.0097 avg_loss=$0.0177 kelly=0.000 mem=sparse trades=0<18
2026-02-27 13:38:15,705 [INFO] [u_station_ab_night_autotune_v2] trading.auto_trader: AutoTrade batch mode=top_n candidates=2 eligible=2 selected=2 opened=0 pe=off burst_window=0
2026-02-27 13:38:15,705 [INFO] [u_station_ab_night_autotune_v2] __main__: Scanned 5 tokens | High quality: 3 | Alerts sent: 0 | Trade candidates: 3 | Quality out/core/explore/probe: 3/1/2/0 | Opened: 0 | Mode: local | Source: onchain+market | Policy: raw=OK/effective=OK(healthy | route=allow_all) | Regime: GREEN(avg_cand=3.00) | Safety: checked=3 fail_closed=0 reasons=api_code_4029:3 | FiltersTop(session): source_qos_cap:15,safe_volume:6,source_qos_symbol_cap:3,safe_change_5m:3 | Dedup: heavy_skip=0 override=0 | V2Budget: 3/280 | SourceQoS: enabled=1/in=5/out=3/dropped=2/active_cd=0/drops=source_qos_cap:2 | Ingest: q=0/oldest=0.0s/drop_old=0/dedup_skip=0/enq=0/drain=0 | Sources: dex_boosts:ok=1/fail=0/429=0/lim_wait=0/cd_wait=0/err=0.0%/avg=67ms; dexscreener:ok=11/fail=0/429=0/lim_wait=0/cd_wait=0/err=0.0%/avg=74ms; onchain_enrich:ok=16/fail=0/429=0/lim_wait=0/cd_wait=0/err=0.0%/avg=57ms | Tasks: 3 | RSS: 0.0MB | CycleAvg: 11.22s
2026-02-27 13:38:20,020 [INFO] [u_station_ab_night_autotune_v2] monitor.onchain_factory: PAIR_DETECTED source=uniswap_v2 dex=uniswap_v2 pair=0x4d112aece26a0c5ec1dfba22c5e6e8700a0097c7 token0=0x4200000000000000000000000000000000000006 token1=0xfad1f389c29f92eff98fa3de3d9340b9718caba3 block=42703270 factory=0x8909dc15e40173ff4699343b6eb8132c65e18ec6
2026-02-27 13:38:20,235 [INFO] [u_station_ab_night_autotune_v2] monitor.onchain_factory: ENRICH_RETRY token=0x965823b8687aeadf65f07da2899145dbdb620217 pair=0x6c28df26d188d171604e636e5a4570f7bcb810ad attempt=1/2 delay=10s
2026-02-27 13:38:20,253 [INFO] [u_station_ab_night_autotune_v2] monitor.onchain_factory: ENRICH_RETRY token=0xd9c3aabab998eb067715bcb1841fa3c63f57744c pair=0x42c50e9815a8e256f000a5fb8f2ba77dbea8fdc1 attempt=1/2 delay=10s
2026-02-27 13:38:20,337 [INFO] [u_station_ab_night_autotune_v2] monitor.onchain_factory: ENRICH_RETRY token=0x9e0694ee23fa226ef72839d9aab8c8b2bfd6eb07 pair=0xb7a0af326be054b6a744e9beff0d3da04c34df1c attempt=1/2 delay=10s
2026-02-27 13:38:20,520 [INFO] [u_station_ab_night_autotune_v2] monitor.onchain_factory: ENRICH_RETRY token=0xfeb631402c2280d57503a29385871c7df9464937 pair=0xe41e7d35521c73384020fcb22ccef52d3def5b9c attempt=1/2 delay=10s
2026-02-27 13:38:20,679 [INFO] [u_station_ab_night_autotune_v2] monitor.onchain_factory: ENRICH_RETRY token=0xfad1f389c29f92eff98fa3de3d9340b9718caba3 pair=0x4d112aece26a0c5ec1dfba22c5e6e8700a0097c7 attempt=1/2 delay=10s
2026-02-27 13:38:30,756 [INFO] [u_station_ab_night_autotune_v2] __main__: WATCHLIST merged count=5
2026-02-27 13:38:30,756 [INFO] [u_station_ab_night_autotune_v2] trading.v2_runtime: V2_UNIVERSE in=5 dedup=5 out=5 target=5 novel_target=5 novel_out=0 repeat_dropped=0 symbol_dropped=0 surge_in=1 surge_target=1 surge_out=1
2026-02-27 13:38:30,757 [INFO] [u_station_ab_night_autotune_v2] __main__: V2_SOURCE_QOS_FILTER in=5 out=3 drops={'source_qos_cap': 2} caps={'watchlist': 3}
2026-02-27 13:38:30,758 [INFO] [u_station_ab_night_autotune_v2] __main__: FILTER_FAIL token=cbBTC reason=source_qos_cap source=watchlist used=3/3
2026-02-27 13:38:30,759 [INFO] [u_station_ab_night_autotune_v2] __main__: FILTER_FAIL token=AERO reason=source_qos_cap source=watchlist used=3/3
2026-02-27 13:38:30,759 [INFO] [u_station_ab_night_autotune_v2] __main__: FILTER_PASS token=ToruCeoAI tier=A score=95 mode=GREEN risk=MEDIUM liq=64941 vol5m=5686
2026-02-27 13:38:30,760 [INFO] [u_station_ab_night_autotune_v2] __main__: FILTER_PASS token=MONTRA tier=A score=95 mode=GREEN risk=MEDIUM liq=178855 vol5m=5420
2026-02-27 13:38:30,761 [INFO] [u_station_ab_night_autotune_v2] __main__: FILTER_PASS token=VIRTUAL tier=A score=75 mode=GREEN risk=MEDIUM liq=7443370 vol5m=398
2026-02-27 13:38:30,761 [INFO] [u_station_ab_night_autotune_v2] __main__: V2_QUALITY_GATE enabled=True regime=GREEN in=3 out=3 core_out=1 explore_out=2 probe_out=0 quota=2 max_symbol_share=0.333 drop={} sources_used={'watchlist': 3}
2026-02-27 13:38:30,762 [INFO] [u_station_ab_night_autotune_v2] __main__: V2_ENTRY_ROUTE enabled=True regime=GREEN in=3 out=2 core_out=1 explore_out=1 quota=1 allow_explore=True
2026-02-27 13:38:30,762 [INFO] [u_station_ab_night_autotune_v2] __main__: MARKET_REGIME mode=GREEN reason=avg_cand=3.00 avg_cand_recent=3.00
2026-02-27 13:38:30,763 [INFO] [u_station_ab_night_autotune_v2] trading.auto_trader: AutoTrade skip token=MONTRA reason=blacklist detail=honeypot_guard:simulation_failed,simulation_error
2026-02-27 13:38:30,764 [INFO] [u_station_ab_night_autotune_v2] trading.auto_trader: AutoTrade adjust token=ToruCeoAI reason=min_trade_floor size=$0.05->$0.10 min=$0.10
2026-02-27 13:38:30,765 [INFO] [u_station_ab_night_autotune_v2] trading.auto_trader: AutoTrade skip token=ToruCeoAI reason=ev_net_low expected_net=$-0.00987 min=$-0.00232 samples=23 conf=1.00 pwin=0.30 avg_win=$0.0097 avg_loss=$0.0177 kelly=0.000 mem=sparse trades=0<18
2026-02-27 13:38:30,765 [INFO] [u_station_ab_night_autotune_v2] trading.auto_trader: AutoTrade batch mode=top_n candidates=2 eligible=2 selected=2 opened=0 pe=off burst_window=0
2026-02-27 13:38:30,766 [INFO] [u_station_ab_night_autotune_v2] __main__: Scanned 5 tokens | High quality: 3 | Alerts sent: 0 | Trade candidates: 3 | Quality out/core/explore/probe: 3/1/2/0 | Opened: 0 | Mode: local | Source: onchain+market | Policy: raw=OK/effective=OK(healthy | route=allow_all) | Regime: GREEN(avg_cand=3.00) | Safety: checked=3 fail_closed=0 reasons=api_code_4029:3 | FiltersTop(session): source_qos_cap:17,safe_volume:6,source_qos_symbol_cap:3,safe_change_5m:3 | Dedup: heavy_skip=0 override=0 | V2Budget: 3/280 | SourceQoS: enabled=1/in=5/out=3/dropped=2/active_cd=0/drops=source_qos_cap:2 | Ingest: q=0/oldest=0.0s/drop_old=0/dedup_skip=0/enq=0/drain=0 | Sources: dex_boosts:ok=1/fail=0/429=0/lim_wait=0/cd_wait=0/err=0.0%/avg=64ms; dexscreener:ok=11/fail=0/429=0/lim_wait=0/cd_wait=0/err=0.0%/avg=78ms; onchain_enrich:ok=20/fail=0/429=0/lim_wait=0/cd_wait=0/err=0.0%/avg=97ms | Tasks: 3 | RSS: 0.0MB | CycleAvg: 11.16s
2026-02-27 13:38:35,273 [INFO] [u_station_ab_night_autotune_v2] monitor.onchain_factory: ENRICH_RETRY token=0xfeb631402c2280d57503a29385871c7df9464937 pair=0xe41e7d35521c73384020fcb22ccef52d3def5b9c attempt=1/2 delay=10s
2026-02-27 13:38:35,289 [INFO] [u_station_ab_night_autotune_v2] monitor.onchain_factory: ENRICH_RETRY token=0x9e0694ee23fa226ef72839d9aab8c8b2bfd6eb07 pair=0xb7a0af326be054b6a744e9beff0d3da04c34df1c attempt=1/2 delay=10s
2026-02-27 13:38:35,289 [INFO] [u_station_ab_night_autotune_v2] monitor.onchain_factory: ENRICH_RETRY token=0xd9c3aabab998eb067715bcb1841fa3c63f57744c pair=0x42c50e9815a8e256f000a5fb8f2ba77dbea8fdc1 attempt=1/2 delay=10s
2026-02-27 13:38:35,289 [INFO] [u_station_ab_night_autotune_v2] monitor.onchain_factory: ENRICH_RETRY token=0xfad1f389c29f92eff98fa3de3d9340b9718caba3 pair=0x4d112aece26a0c5ec1dfba22c5e6e8700a0097c7 attempt=1/2 delay=10s
2026-02-27 13:38:35,518 [INFO] [u_station_ab_night_autotune_v2] monitor.onchain_factory: ENRICH_RETRY token=0x965823b8687aeadf65f07da2899145dbdb620217 pair=0x6c28df26d188d171604e636e5a4570f7bcb810ad attempt=1/2 delay=10s
2026-02-27 13:38:45,695 [INFO] [u_station_ab_night_autotune_v2] __main__: WATCHLIST merged count=5
2026-02-27 13:38:45,696 [INFO] [u_station_ab_night_autotune_v2] trading.v2_runtime: V2_UNIVERSE in=5 dedup=5 out=5 target=5 novel_target=5 novel_out=0 repeat_dropped=0 symbol_dropped=0 surge_in=1 surge_target=1 surge_out=1
2026-02-27 13:38:45,696 [INFO] [u_station_ab_night_autotune_v2] __main__: V2_SOURCE_QOS_FILTER in=5 out=3 drops={'source_qos_cap': 2} caps={'watchlist': 3}
2026-02-27 13:38:45,696 [INFO] [u_station_ab_night_autotune_v2] __main__: FILTER_FAIL token=cbBTC reason=source_qos_cap source=watchlist used=3/3
2026-02-27 13:38:45,696 [INFO] [u_station_ab_night_autotune_v2] __main__: FILTER_FAIL token=AERO reason=source_qos_cap source=watchlist used=3/3
2026-02-27 13:38:45,696 [INFO] [u_station_ab_night_autotune_v2] __main__: FILTER_PASS token=ToruCeoAI tier=A score=95 mode=GREEN risk=MEDIUM liq=64941 vol5m=5686
2026-02-27 13:38:45,696 [INFO] [u_station_ab_night_autotune_v2] __main__: FILTER_PASS token=MONTRA tier=A score=95 mode=GREEN risk=MEDIUM liq=178855 vol5m=5420
2026-02-27 13:38:45,696 [INFO] [u_station_ab_night_autotune_v2] __main__: FILTER_PASS token=VIRTUAL tier=A score=75 mode=GREEN risk=MEDIUM liq=7443370 vol5m=398
2026-02-27 13:38:45,696 [INFO] [u_station_ab_night_autotune_v2] __main__: V2_QUALITY_GATE enabled=True regime=GREEN in=3 out=3 core_out=1 explore_out=2 probe_out=0 quota=2 max_symbol_share=0.333 drop={} sources_used={'watchlist': 3}
2026-02-27 13:38:45,703 [INFO] [u_station_ab_night_autotune_v2] __main__: V2_ENTRY_ROUTE enabled=True regime=GREEN in=3 out=2 core_out=1 explore_out=1 quota=1 allow_explore=True
2026-02-27 13:38:45,703 [INFO] [u_station_ab_night_autotune_v2] __main__: MARKET_REGIME mode=GREEN reason=avg_cand=3.00 avg_cand_recent=3.00
2026-02-27 13:38:45,703 [INFO] [u_station_ab_night_autotune_v2] trading.auto_trader: AutoTrade skip token=MONTRA reason=blacklist detail=honeypot_guard:simulation_failed,simulation_error
2026-02-27 13:38:45,703 [INFO] [u_station_ab_night_autotune_v2] trading.auto_trader: AutoTrade adjust token=ToruCeoAI reason=min_trade_floor size=$0.05->$0.10 min=$0.10
2026-02-27 13:38:45,703 [INFO] [u_station_ab_night_autotune_v2] trading.auto_trader: AutoTrade skip token=ToruCeoAI reason=ev_net_low expected_net=$-0.00987 min=$-0.00232 samples=23 conf=1.00 pwin=0.30 avg_win=$0.0097 avg_loss=$0.0177 kelly=0.000 mem=sparse trades=0<18
2026-02-27 13:38:45,703 [INFO] [u_station_ab_night_autotune_v2] trading.auto_trader: AutoTrade batch mode=top_n candidates=2 eligible=2 selected=2 opened=0 pe=off burst_window=0
2026-02-27 13:38:45,703 [INFO] [u_station_ab_night_autotune_v2] __main__: Scanned 5 tokens | High quality: 3 | Alerts sent: 0 | Trade candidates: 3 | Quality out/core/explore/probe: 3/1/2/0 | Opened: 0 | Mode: local | Source: onchain+market | Policy: raw=OK/effective=OK(healthy | route=allow_all) | Regime: GREEN(avg_cand=3.00) | Safety: checked=3 fail_closed=0 reasons=api_code_4029:3 | FiltersTop(session): source_qos_cap:19,safe_volume:6,source_qos_symbol_cap:3,safe_change_5m:3 | Dedup: heavy_skip=0 override=0 | V2Budget: 3/280 | SourceQoS: enabled=1/in=5/out=3/dropped=2/active_cd=0/drops=source_qos_cap:2 | Ingest: q=0/oldest=0.0s/drop_old=0/dedup_skip=0/enq=0/drain=0 | Sources: dex_boosts:ok=1/fail=0/429=0/lim_wait=0/cd_wait=0/err=0.0%/avg=118ms; dexscreener:ok=11/fail=0/429=0/lim_wait=0/cd_wait=0/err=0.0%/avg=202ms; onchain_enrich:ok=20/fail=0/429=0/lim_wait=0/cd_wait=0/err=0.0%/avg=55ms; onchain_weth_price:ok=1/fail=0/429=0/lim_wait=0/cd_wait=0/err=0.0%/avg=63ms | Tasks: 3 | RSS: 0.0MB | CycleAvg: 11.14s
2026-02-27 13:38:50,203 [INFO] [u_station_ab_night_autotune_v2] monitor.onchain_factory: ENRICH_RETRY token=0x965823b8687aeadf65f07da2899145dbdb620217 pair=0x6c28df26d188d171604e636e5a4570f7bcb810ad attempt=1/2 delay=10s
2026-02-27 13:38:50,203 [INFO] [u_station_ab_night_autotune_v2] monitor.onchain_factory: ENRICH_RETRY token=0xfeb631402c2280d57503a29385871c7df9464937 pair=0xe41e7d35521c73384020fcb22ccef52d3def5b9c attempt=1/2 delay=10s
2026-02-27 13:38:50,219 [INFO] [u_station_ab_night_autotune_v2] monitor.onchain_factory: ENRICH_RETRY token=0xfad1f389c29f92eff98fa3de3d9340b9718caba3 pair=0x4d112aece26a0c5ec1dfba22c5e6e8700a0097c7 attempt=1/2 delay=10s
2026-02-27 13:38:50,219 [INFO] [u_station_ab_night_autotune_v2] monitor.onchain_factory: ENRICH_RETRY token=0x9e0694ee23fa226ef72839d9aab8c8b2bfd6eb07 pair=0xb7a0af326be054b6a744e9beff0d3da04c34df1c attempt=1/2 delay=10s
2026-02-27 13:38:50,455 [INFO] [u_station_ab_night_autotune_v2] monitor.onchain_factory: ENRICH_RETRY token=0xd9c3aabab998eb067715bcb1841fa3c63f57744c pair=0x42c50e9815a8e256f000a5fb8f2ba77dbea8fdc1 attempt=1/2 delay=10s
2026-02-27 13:39:00,706 [INFO] [u_station_ab_night_autotune_v2] __main__: WATCHLIST merged count=5
2026-02-27 13:39:00,706 [INFO] [u_station_ab_night_autotune_v2] trading.v2_runtime: V2_UNIVERSE in=5 dedup=5 out=5 target=5 novel_target=5 novel_out=0 repeat_dropped=0 symbol_dropped=0 surge_in=1 surge_target=1 surge_out=1
2026-02-27 13:39:00,706 [INFO] [u_station_ab_night_autotune_v2] __main__: V2_SOURCE_QOS_FILTER in=5 out=3 drops={'source_qos_cap': 2} caps={'watchlist': 3}
2026-02-27 13:39:00,706 [INFO] [u_station_ab_night_autotune_v2] __main__: FILTER_FAIL token=cbBTC reason=source_qos_cap source=watchlist used=3/3
2026-02-27 13:39:00,722 [INFO] [u_station_ab_night_autotune_v2] __main__: FILTER_FAIL token=AERO reason=source_qos_cap source=watchlist used=3/3
2026-02-27 13:39:00,722 [INFO] [u_station_ab_night_autotune_v2] __main__: FILTER_PASS token=ToruCeoAI tier=A score=95 mode=GREEN risk=MEDIUM liq=64941 vol5m=5686
2026-02-27 13:39:00,722 [INFO] [u_station_ab_night_autotune_v2] __main__: FILTER_PASS token=MONTRA tier=A score=95 mode=GREEN risk=MEDIUM liq=178855 vol5m=5420
2026-02-27 13:39:00,722 [INFO] [u_station_ab_night_autotune_v2] __main__: FILTER_PASS token=VIRTUAL tier=A score=75 mode=GREEN risk=MEDIUM liq=7443370 vol5m=398
2026-02-27 13:39:00,722 [INFO] [u_station_ab_night_autotune_v2] __main__: V2_QUALITY_GATE enabled=True regime=GREEN in=3 out=3 core_out=1 explore_out=2 probe_out=0 quota=2 max_symbol_share=0.333 drop={} sources_used={'watchlist': 3}
2026-02-27 13:39:00,722 [INFO] [u_station_ab_night_autotune_v2] __main__: V2_ENTRY_ROUTE enabled=True regime=GREEN in=3 out=2 core_out=1 explore_out=1 quota=1 allow_explore=True
2026-02-27 13:39:00,722 [INFO] [u_station_ab_night_autotune_v2] __main__: MARKET_REGIME mode=GREEN reason=avg_cand=3.00 avg_cand_recent=3.00
2026-02-27 13:39:00,728 [INFO] [u_station_ab_night_autotune_v2] trading.auto_trader: AutoTrade skip token=MONTRA reason=blacklist detail=honeypot_guard:simulation_failed,simulation_error
2026-02-27 13:39:00,728 [INFO] [u_station_ab_night_autotune_v2] trading.auto_trader: AutoTrade adjust token=ToruCeoAI reason=min_trade_floor size=$0.05->$0.10 min=$0.10
2026-02-27 13:39:00,728 [INFO] [u_station_ab_night_autotune_v2] trading.auto_trader: AutoTrade skip token=ToruCeoAI reason=ev_net_low expected_net=$-0.00987 min=$-0.00232 samples=23 conf=1.00 pwin=0.30 avg_win=$0.0097 avg_loss=$0.0177 kelly=0.000 mem=sparse trades=0<18
2026-02-27 13:39:00,728 [INFO] [u_station_ab_night_autotune_v2] trading.auto_trader: AutoTrade batch mode=top_n candidates=2 eligible=2 selected=2 opened=0 pe=off burst_window=0
2026-02-27 13:39:00,728 [INFO] [u_station_ab_night_autotune_v2] trading.auto_trader: PAPER_SUMMARY window=60s closed_delta=0 wins_delta=0 losses_delta=0 realized_delta=$0.00 total_closed=102 winrate_total=42.2% realized_total=$0.30 balance=$7.30 equity=$7.30 open=0
2026-02-27 13:39:00,728 [INFO] [u_station_ab_night_autotune_v2] __main__: Scanned 5 tokens | High quality: 3 | Alerts sent: 0 | Trade candidates: 3 | Quality out/core/explore/probe: 3/1/2/0 | Opened: 0 | Mode: local | Source: onchain+market | Policy: raw=OK/effective=OK(healthy | route=allow_all) | Regime: GREEN(avg_cand=3.00) | Safety: checked=3 fail_closed=0 reasons=api_code_4029:3 | FiltersTop(session): source_qos_cap:21,safe_volume:6,source_qos_symbol_cap:3,safe_change_5m:3 | Dedup: heavy_skip=0 override=0 | V2Budget: 3/280 | SourceQoS: enabled=1/in=5/out=3/dropped=2/active_cd=0/drops=source_qos_cap:2 | Ingest: q=0/oldest=0.0s/drop_old=0/dedup_skip=0/enq=0/drain=0 | Sources: dex_boosts:ok=1/fail=0/429=0/lim_wait=0/cd_wait=0/err=0.0%/avg=39ms; dexscreener:ok=11/fail=0/429=0/lim_wait=0/cd_wait=0/err=0.0%/avg=44ms; onchain_enrich:ok=20/fail=0/429=0/lim_wait=0/cd_wait=0/err=0.0%/avg=94ms | Tasks: 3 | RSS: 0.0MB | CycleAvg: 11.12s
2026-02-27 13:39:05,303 [INFO] [u_station_ab_night_autotune_v2] monitor.onchain_factory: ENRICH_RETRY token=0xfeb631402c2280d57503a29385871c7df9464937 pair=0xe41e7d35521c73384020fcb22ccef52d3def5b9c attempt=1/2 delay=10s
2026-02-27 13:39:05,335 [INFO] [u_station_ab_night_autotune_v2] monitor.onchain_factory: ENRICH_RETRY token=0xd9c3aabab998eb067715bcb1841fa3c63f57744c pair=0x42c50e9815a8e256f000a5fb8f2ba77dbea8fdc1 attempt=1/2 delay=10s
2026-02-27 13:39:05,354 [INFO] [u_station_ab_night_autotune_v2] monitor.onchain_factory: ENRICH_RETRY token=0x965823b8687aeadf65f07da2899145dbdb620217 pair=0x6c28df26d188d171604e636e5a4570f7bcb810ad attempt=1/2 delay=10s
2026-02-27 13:39:05,407 [INFO] [u_station_ab_night_autotune_v2] monitor.onchain_factory: ENRICH_RETRY token=0xfad1f389c29f92eff98fa3de3d9340b9718caba3 pair=0x4d112aece26a0c5ec1dfba22c5e6e8700a0097c7 attempt=1/2 delay=10s
2026-02-27 13:39:05,803 [INFO] [u_station_ab_night_autotune_v2] monitor.onchain_factory: ENRICH_RETRY token=0x9e0694ee23fa226ef72839d9aab8c8b2bfd6eb07 pair=0xb7a0af326be054b6a744e9beff0d3da04c34df1c attempt=1/2 delay=10s
2026-02-27 13:39:15,903 [INFO] [u_station_ab_night_autotune_v2] __main__: WATCHLIST merged count=5
2026-02-27 13:39:15,904 [INFO] [u_station_ab_night_autotune_v2] trading.v2_runtime: V2_UNIVERSE in=5 dedup=5 out=5 target=5 novel_target=5 novel_out=0 repeat_dropped=0 symbol_dropped=0 surge_in=1 surge_target=1 surge_out=1
2026-02-27 13:39:15,904 [INFO] [u_station_ab_night_autotune_v2] __main__: V2_SOURCE_QOS_FILTER in=5 out=3 drops={'source_qos_cap': 2} caps={'watchlist': 3}
2026-02-27 13:39:15,904 [INFO] [u_station_ab_night_autotune_v2] __main__: FILTER_FAIL token=cbBTC reason=source_qos_cap source=watchlist used=3/3
2026-02-27 13:39:15,904 [INFO] [u_station_ab_night_autotune_v2] __main__: FILTER_FAIL token=AERO reason=source_qos_cap source=watchlist used=3/3
2026-02-27 13:39:15,904 [INFO] [u_station_ab_night_autotune_v2] __main__: FILTER_PASS token=ToruCeoAI tier=A score=95 mode=GREEN risk=MEDIUM liq=64941 vol5m=5686
2026-02-27 13:39:15,904 [INFO] [u_station_ab_night_autotune_v2] __main__: FILTER_PASS token=MONTRA tier=A score=95 mode=GREEN risk=MEDIUM liq=178855 vol5m=5420
2026-02-27 13:39:15,904 [INFO] [u_station_ab_night_autotune_v2] __main__: FILTER_PASS token=VIRTUAL tier=A score=75 mode=GREEN risk=MEDIUM liq=7443370 vol5m=398
2026-02-27 13:39:15,904 [INFO] [u_station_ab_night_autotune_v2] __main__: V2_QUALITY_GATE enabled=True regime=GREEN in=3 out=3 core_out=1 explore_out=2 probe_out=0 quota=2 max_symbol_share=0.333 drop={} sources_used={'watchlist': 3}
2026-02-27 13:39:15,904 [INFO] [u_station_ab_night_autotune_v2] __main__: V2_ENTRY_ROUTE enabled=True regime=GREEN in=3 out=2 core_out=1 explore_out=1 quota=1 allow_explore=True
2026-02-27 13:39:15,904 [INFO] [u_station_ab_night_autotune_v2] __main__: MARKET_REGIME mode=GREEN reason=avg_cand=3.00 avg_cand_recent=3.00
2026-02-27 13:39:15,904 [INFO] [u_station_ab_night_autotune_v2] trading.auto_trader: AutoTrade skip token=MONTRA reason=blacklist detail=honeypot_guard:simulation_failed,simulation_error
2026-02-27 13:39:15,904 [INFO] [u_station_ab_night_autotune_v2] trading.auto_trader: AutoTrade adjust token=ToruCeoAI reason=min_trade_floor size=$0.05->$0.10 min=$0.10
2026-02-27 13:39:15,904 [INFO] [u_station_ab_night_autotune_v2] trading.auto_trader: AutoTrade skip token=ToruCeoAI reason=ev_net_low expected_net=$-0.00987 min=$-0.00232 samples=23 conf=1.00 pwin=0.30 avg_win=$0.0097 avg_loss=$0.0177 kelly=0.000 mem=sparse trades=0<18
2026-02-27 13:39:15,904 [INFO] [u_station_ab_night_autotune_v2] trading.auto_trader: AutoTrade batch mode=top_n candidates=2 eligible=2 selected=2 opened=0 pe=off burst_window=0
2026-02-27 13:39:15,904 [INFO] [u_station_ab_night_autotune_v2] __main__: Scanned 5 tokens | High quality: 3 | Alerts sent: 0 | Trade candidates: 3 | Quality out/core/explore/probe: 3/1/2/0 | Opened: 0 | Mode: local | Source: onchain+market | Policy: raw=OK/effective=OK(healthy | route=allow_all) | Regime: GREEN(avg_cand=3.00) | Safety: checked=3 fail_closed=0 reasons=api_code_4029:3 | FiltersTop(session): source_qos_cap:23,safe_volume:6,source_qos_symbol_cap:3,safe_change_5m:3 | Dedup: heavy_skip=0 override=0 | V2Budget: 3/280 | SourceQoS: enabled=1/in=5/out=3/dropped=2/active_cd=0/drops=source_qos_cap:2 | Ingest: q=3/oldest=10.8s/drop_old=0/dedup_skip=0/enq=3/drain=0 | Sources: dex_boosts:ok=1/fail=0/429=0/lim_wait=0/cd_wait=0/err=0.0%/avg=40ms; dexscreener:ok=11/fail=0/429=0/lim_wait=0/cd_wait=0/err=0.0%/avg=68ms; geckoterminal:ok=1/fail=0/429=0/lim_wait=0/cd_wait=0/err=0.0%/avg=882ms; onchain_enrich:ok=20/fail=0/429=0/lim_wait=0/cd_wait=0/err=0.0%/avg=102ms | Tasks: 3 | RSS: 0.0MB | CycleAvg: 11.11s
2026-02-27 13:39:20,203 [INFO] [u_station_ab_night_autotune_v2] monitor.onchain_factory: PAIR_DETECTED source=uniswap_v2 dex=uniswap_v2 pair=0x4ea393de74727e57ae206d609ee2e4c5b93fcc27 token0=0x4200000000000000000000000000000000000006 token1=0xd776c316c4431418b0089ae9e65ae4ef31fecc50 block=42703303 factory=0x8909dc15e40173ff4699343b6eb8132c65e18ec6
2026-02-27 13:39:20,459 [INFO] [u_station_ab_night_autotune_v2] monitor.onchain_factory: ENRICH_RETRY token=0xfeb631402c2280d57503a29385871c7df9464937 pair=0xe41e7d35521c73384020fcb22ccef52d3def5b9c attempt=1/2 delay=10s
2026-02-27 13:39:20,477 [INFO] [u_station_ab_night_autotune_v2] monitor.onchain_factory: ENRICH_RETRY token=0x965823b8687aeadf65f07da2899145dbdb620217 pair=0x6c28df26d188d171604e636e5a4570f7bcb810ad attempt=1/2 delay=10s
2026-02-27 13:39:20,503 [INFO] [u_station_ab_night_autotune_v2] monitor.onchain_factory: ENRICH_RETRY token=0xd9c3aabab998eb067715bcb1841fa3c63f57744c pair=0x42c50e9815a8e256f000a5fb8f2ba77dbea8fdc1 attempt=1/2 delay=10s
2026-02-27 13:39:20,520 [INFO] [u_station_ab_night_autotune_v2] monitor.onchain_factory: ENRICH_RETRY token=0xfad1f389c29f92eff98fa3de3d9340b9718caba3 pair=0x4d112aece26a0c5ec1dfba22c5e6e8700a0097c7 attempt=1/2 delay=10s
2026-02-27 13:39:20,553 [INFO] [u_station_ab_night_autotune_v2] monitor.onchain_factory: ENRICH_RETRY token=0x9e0694ee23fa226ef72839d9aab8c8b2bfd6eb07 pair=0xb7a0af326be054b6a744e9beff0d3da04c34df1c attempt=1/2 delay=10s
2026-02-27 13:39:20,703 [INFO] [u_station_ab_night_autotune_v2] monitor.onchain_factory: ENRICH_RETRY token=0xd776c316c4431418b0089ae9e65ae4ef31fecc50 pair=0x4ea393de74727e57ae206d609ee2e4c5b93fcc27 attempt=1/2 delay=10s
2026-02-27 13:39:30,896 [INFO] [u_station_ab_night_autotune_v2] __main__: WATCHLIST merged count=5
2026-02-27 13:39:30,903 [INFO] [u_station_ab_night_autotune_v2] trading.v2_runtime: V2_UNIVERSE in=8 dedup=8 out=8 target=8 novel_target=7 novel_out=3 repeat_dropped=0 symbol_dropped=0 surge_in=2 surge_target=2 surge_out=2
2026-02-27 13:39:30,903 [INFO] [u_station_ab_night_autotune_v2] __main__: V2_SOURCE_QOS_FILTER in=8 out=5 drops={'source_qos_symbol_cap': 1, 'source_qos_cap': 2} caps={'geckoterminal': 287, 'watchlist': 2}
2026-02-27 13:39:30,903 [INFO] [u_station_ab_night_autotune_v2] __main__: FILTER_FAIL token=ToruCeoAI reason=source_qos_symbol_cap symbol=TORUCEOAI used=1/1
2026-02-27 13:39:30,903 [INFO] [u_station_ab_night_autotune_v2] __main__: FILTER_FAIL token=cbBTC reason=source_qos_cap source=watchlist used=2/2
2026-02-27 13:39:30,903 [INFO] [u_station_ab_night_autotune_v2] __main__: FILTER_FAIL token=AERO reason=source_qos_cap source=watchlist used=2/2
2026-02-27 13:39:30,903 [INFO] [u_station_ab_night_autotune_v2] __main__: FILTER_FAIL token=PNT reason=safe_age
2026-02-27 13:39:30,903 [INFO] [u_station_ab_night_autotune_v2] __main__: FILTER_FAIL token=ToruCeoAI reason=safe_age
2026-02-27 13:39:30,903 [INFO] [u_station_ab_night_autotune_v2] __main__: FILTER_FAIL token=MOLTD reason=score_min score=30 strict_min=48 soft_min=48 mode=GREEN
2026-02-27 13:39:30,903 [INFO] [u_station_ab_night_autotune_v2] __main__: FILTER_PASS token=MONTRA tier=A score=95 mode=GREEN risk=MEDIUM liq=178855 vol5m=5420
2026-02-27 13:39:30,903 [INFO] [u_station_ab_night_autotune_v2] __main__: FILTER_PASS token=VIRTUAL tier=A score=75 mode=GREEN risk=MEDIUM liq=7443370 vol5m=398
2026-02-27 13:39:30,903 [INFO] [u_station_ab_night_autotune_v2] __main__: V2_QUALITY_GATE enabled=True regime=GREEN in=2 out=2 core_out=1 explore_out=1 probe_out=0 quota=1 max_symbol_share=0.500 drop={} sources_used={'watchlist': 2}
2026-02-27 13:39:30,903 [INFO] [u_station_ab_night_autotune_v2] __main__: V2_ENTRY_ROUTE enabled=True regime=GREEN in=2 out=2 core_out=1 explore_out=1 quota=1 allow_explore=True
2026-02-27 13:39:30,903 [INFO] [u_station_ab_night_autotune_v2] __main__: MARKET_REGIME mode=GREEN reason=avg_cand=2.92 avg_cand_recent=2.92
2026-02-27 13:39:30,903 [INFO] [u_station_ab_night_autotune_v2] trading.auto_trader: AutoTrade skip token=MONTRA reason=blacklist detail=honeypot_guard:simulation_failed,simulation_error
2026-02-27 13:39:30,938 [INFO] [u_station_ab_night_autotune_v2] trading.auto_trader: AutoTrade adjust token=VIRTUAL reason=min_trade_floor size=$0.02->$0.10 min=$0.10
2026-02-27 13:39:30,938 [INFO] [u_station_ab_night_autotune_v2] trading.auto_trader: AutoTrade skip token=VIRTUAL reason=ev_net_low expected_net=$-0.00987 min=$-0.00232 samples=23 conf=1.00 pwin=0.30 avg_win=$0.0097 avg_loss=$0.0177 kelly=0.000 mem=sparse trades=0<18
2026-02-27 13:39:30,938 [INFO] [u_station_ab_night_autotune_v2] trading.auto_trader: AutoTrade batch mode=top_n candidates=2 eligible=2 selected=2 opened=0 pe=off burst_window=0
2026-02-27 13:39:30,938 [INFO] [u_station_ab_night_autotune_v2] __main__: Scanned 8 tokens | High quality: 2 | Alerts sent: 0 | Trade candidates: 2 | Quality out/core/explore/probe: 2/1/1/0 | Opened: 0 | Mode: local | Source: onchain+market | Policy: raw=OK/effective=OK(healthy | route=allow_all) | Regime: GREEN(avg_cand=2.92) | Safety: checked=2 fail_closed=0 reasons=api_code_4029:2 | FiltersTop(session): source_qos_cap:25,safe_volume:6,source_qos_symbol_cap:4,safe_age:4 | Dedup: heavy_skip=0 override=0 | V2Budget: 2/280 | SourceQoS: enabled=1/in=8/out=5/dropped=3/active_cd=0/drops=source_qos_cap:2,source_qos_symbol_cap:1 | Ingest: q=0/oldest=0.0s/drop_old=0/dedup_skip=0/enq=0/drain=3 | Sources: dex_boosts:ok=1/fail=0/429=0/lim_wait=0/cd_wait=0/err=0.0%/avg=185ms; dexscreener:ok=11/fail=0/429=0/lim_wait=0/cd_wait=0/err=0.0%/avg=248ms; onchain_enrich:ok=24/fail=0/429=0/lim_wait=0/cd_wait=0/err=0.0%/avg=93ms | Tasks: 3 | RSS: 0.0MB | CycleAvg: 11.12s
2026-02-27 13:39:35,537 [INFO] [u_station_ab_night_autotune_v2] monitor.onchain_factory: ENRICH_RETRY token=0x9e0694ee23fa226ef72839d9aab8c8b2bfd6eb07 pair=0xb7a0af326be054b6a744e9beff0d3da04c34df1c attempt=1/2 delay=10s
2026-02-27 13:39:35,537 [INFO] [u_station_ab_night_autotune_v2] monitor.onchain_factory: ENRICH_RETRY token=0x965823b8687aeadf65f07da2899145dbdb620217 pair=0x6c28df26d188d171604e636e5a4570f7bcb810ad attempt=1/2 delay=10s
2026-02-27 13:39:35,556 [INFO] [u_station_ab_night_autotune_v2] monitor.onchain_factory: ENRICH_RETRY token=0xd9c3aabab998eb067715bcb1841fa3c63f57744c pair=0x42c50e9815a8e256f000a5fb8f2ba77dbea8fdc1 attempt=1/2 delay=10s
2026-02-27 13:39:35,575 [INFO] [u_station_ab_night_autotune_v2] monitor.onchain_factory: ENRICH_RETRY token=0xd776c316c4431418b0089ae9e65ae4ef31fecc50 pair=0x4ea393de74727e57ae206d609ee2e4c5b93fcc27 attempt=1/2 delay=10s
2026-02-27 13:39:35,704 [INFO] [u_station_ab_night_autotune_v2] monitor.onchain_factory: ENRICH_RETRY token=0xfeb631402c2280d57503a29385871c7df9464937 pair=0xe41e7d35521c73384020fcb22ccef52d3def5b9c attempt=1/2 delay=10s
2026-02-27 13:39:35,854 [INFO] [u_station_ab_night_autotune_v2] monitor.onchain_factory: ENRICH_RETRY token=0xfad1f389c29f92eff98fa3de3d9340b9718caba3 pair=0x4d112aece26a0c5ec1dfba22c5e6e8700a0097c7 attempt=1/2 delay=10s
2026-02-27 13:39:46,154 [INFO] [u_station_ab_night_autotune_v2] __main__: WATCHLIST merged count=5
2026-02-27 13:39:46,154 [INFO] [u_station_ab_night_autotune_v2] trading.v2_runtime: V2_UNIVERSE in=5 dedup=5 out=5 target=5 novel_target=5 novel_out=0 repeat_dropped=0 symbol_dropped=0 surge_in=1 surge_target=1 surge_out=1
2026-02-27 13:39:46,154 [INFO] [u_station_ab_night_autotune_v2] __main__: V2_SOURCE_QOS_FILTER in=5 out=3 drops={'source_qos_cap': 2} caps={'watchlist': 3}
2026-02-27 13:39:46,154 [INFO] [u_station_ab_night_autotune_v2] __main__: FILTER_FAIL token=cbBTC reason=source_qos_cap source=watchlist used=3/3
2026-02-27 13:39:46,154 [INFO] [u_station_ab_night_autotune_v2] __main__: FILTER_FAIL token=AERO reason=source_qos_cap source=watchlist used=3/3
2026-02-27 13:39:46,154 [INFO] [u_station_ab_night_autotune_v2] __main__: FILTER_PASS token=ToruCeoAI tier=A score=95 mode=GREEN risk=MEDIUM liq=64941 vol5m=5686
2026-02-27 13:39:46,154 [INFO] [u_station_ab_night_autotune_v2] __main__: FILTER_PASS token=MONTRA tier=A score=95 mode=GREEN risk=MEDIUM liq=178855 vol5m=5420
2026-02-27 13:39:46,154 [INFO] [u_station_ab_night_autotune_v2] __main__: FILTER_PASS token=VIRTUAL tier=A score=75 mode=GREEN risk=MEDIUM liq=7443370 vol5m=398
2026-02-27 13:39:46,154 [INFO] [u_station_ab_night_autotune_v2] __main__: V2_QUALITY_GATE enabled=True regime=GREEN in=3 out=3 core_out=1 explore_out=2 probe_out=0 quota=2 max_symbol_share=0.333 drop={} sources_used={'watchlist': 3}
2026-02-27 13:39:46,154 [INFO] [u_station_ab_night_autotune_v2] __main__: V2_ENTRY_ROUTE enabled=True regime=GREEN in=3 out=2 core_out=1 explore_out=1 quota=1 allow_explore=True
2026-02-27 13:39:46,154 [INFO] [u_station_ab_night_autotune_v2] __main__: MARKET_REGIME mode=GREEN reason=avg_cand=2.83 avg_cand_recent=2.83
2026-02-27 13:39:46,169 [INFO] [u_station_ab_night_autotune_v2] trading.auto_trader: AutoTrade skip token=MONTRA reason=blacklist detail=honeypot_guard:simulation_failed,simulation_error
2026-02-27 13:39:46,169 [INFO] [u_station_ab_night_autotune_v2] trading.auto_trader: AutoTrade adjust token=ToruCeoAI reason=min_trade_floor size=$0.05->$0.10 min=$0.10
2026-02-27 13:39:46,169 [INFO] [u_station_ab_night_autotune_v2] trading.auto_trader: AutoTrade skip token=ToruCeoAI reason=ev_net_low expected_net=$-0.00987 min=$-0.00232 samples=23 conf=1.00 pwin=0.30 avg_win=$0.0097 avg_loss=$0.0177 kelly=0.000 mem=sparse trades=0<18
2026-02-27 13:39:46,169 [INFO] [u_station_ab_night_autotune_v2] trading.auto_trader: AutoTrade batch mode=top_n candidates=2 eligible=2 selected=2 opened=0 pe=off burst_window=0
2026-02-27 13:39:46,169 [INFO] [u_station_ab_night_autotune_v2] __main__: Scanned 5 tokens | High quality: 3 | Alerts sent: 0 | Trade candidates: 3 | Quality out/core/explore/probe: 3/1/2/0 | Opened: 0 | Mode: local | Source: onchain+market | Policy: raw=OK/effective=OK(healthy | route=allow_all) | Regime: GREEN(avg_cand=2.83) | Safety: checked=3 fail_closed=0 reasons=api_code_4029:3 | FiltersTop(session): source_qos_cap:27,safe_volume:6,source_qos_symbol_cap:4,safe_age:4 | Dedup: heavy_skip=0 override=0 | V2Budget: 3/280 | SourceQoS: enabled=1/in=5/out=3/dropped=2/active_cd=0/drops=source_qos_cap:2 | Ingest: q=0/oldest=0.0s/drop_old=0/dedup_skip=0/enq=0/drain=0 | Sources: dex_boosts:ok=1/fail=0/429=0/lim_wait=0/cd_wait=0/err=0.0%/avg=128ms; dexscreener:ok=11/fail=0/429=0/lim_wait=0/cd_wait=0/err=0.0%/avg=113ms; onchain_enrich:ok=24/fail=0/429=0/lim_wait=0/cd_wait=0/err=0.0%/avg=93ms; onchain_weth_price:ok=3/fail=0/429=0/lim_wait=0/cd_wait=0/err=0.0%/avg=58ms | Tasks: 3 | RSS: 0.0MB | CycleAvg: 11.11s
2026-02-27 13:39:50,654 [INFO] [u_station_ab_night_autotune_v2] monitor.onchain_factory: ENRICH_RETRY token=0x9e0694ee23fa226ef72839d9aab8c8b2bfd6eb07 pair=0xb7a0af326be054b6a744e9beff0d3da04c34df1c attempt=1/2 delay=10s
2026-02-27 13:39:50,670 [INFO] [u_station_ab_night_autotune_v2] monitor.onchain_factory: ENRICH_RETRY token=0xfad1f389c29f92eff98fa3de3d9340b9718caba3 pair=0x4d112aece26a0c5ec1dfba22c5e6e8700a0097c7 attempt=1/2 delay=10s
2026-02-27 13:39:50,670 [INFO] [u_station_ab_night_autotune_v2] monitor.onchain_factory: ENRICH_RETRY token=0xd9c3aabab998eb067715bcb1841fa3c63f57744c pair=0x42c50e9815a8e256f000a5fb8f2ba77dbea8fdc1 attempt=1/2 delay=10s
2026-02-27 13:39:50,670 [INFO] [u_station_ab_night_autotune_v2] monitor.onchain_factory: ENRICH_RETRY token=0xfeb631402c2280d57503a29385871c7df9464937 pair=0xe41e7d35521c73384020fcb22ccef52d3def5b9c attempt=1/2 delay=10s
2026-02-27 13:39:50,703 [INFO] [u_station_ab_night_autotune_v2] monitor.onchain_factory: ENRICH_RETRY token=0xd776c316c4431418b0089ae9e65ae4ef31fecc50 pair=0x4ea393de74727e57ae206d609ee2e4c5b93fcc27 attempt=1/2 delay=10s
2026-02-27 13:39:51,153 [INFO] [u_station_ab_night_autotune_v2] monitor.onchain_factory: ENRICH_RETRY token=0x965823b8687aeadf65f07da2899145dbdb620217 pair=0x6c28df26d188d171604e636e5a4570f7bcb810ad attempt=1/2 delay=10s
2026-02-27 13:40:01,253 [INFO] [u_station_ab_night_autotune_v2] __main__: WATCHLIST merged count=5
2026-02-27 13:40:01,253 [INFO] [u_station_ab_night_autotune_v2] trading.v2_runtime: V2_UNIVERSE in=5 dedup=5 out=5 target=5 novel_target=5 novel_out=0 repeat_dropped=0 symbol_dropped=0 surge_in=1 surge_target=1 surge_out=1
2026-02-27 13:40:01,253 [INFO] [u_station_ab_night_autotune_v2] __main__: V2_SOURCE_QOS_FILTER in=5 out=3 drops={'source_qos_cap': 2} caps={'watchlist': 3}
2026-02-27 13:40:01,253 [INFO] [u_station_ab_night_autotune_v2] __main__: FILTER_FAIL token=cbBTC reason=source_qos_cap source=watchlist used=3/3
2026-02-27 13:40:01,253 [INFO] [u_station_ab_night_autotune_v2] __main__: FILTER_FAIL token=AERO reason=source_qos_cap source=watchlist used=3/3
2026-02-27 13:40:01,253 [INFO] [u_station_ab_night_autotune_v2] __main__: FILTER_PASS token=ToruCeoAI tier=A score=95 mode=GREEN risk=MEDIUM liq=64941 vol5m=5686
2026-02-27 13:40:01,253 [INFO] [u_station_ab_night_autotune_v2] __main__: FILTER_PASS token=MONTRA tier=A score=95 mode=GREEN risk=MEDIUM liq=178855 vol5m=5420
2026-02-27 13:40:01,253 [INFO] [u_station_ab_night_autotune_v2] __main__: FILTER_PASS token=VIRTUAL tier=A score=75 mode=GREEN risk=MEDIUM liq=7443370 vol5m=398
2026-02-27 13:40:01,253 [INFO] [u_station_ab_night_autotune_v2] __main__: V2_QUALITY_GATE enabled=True regime=GREEN in=3 out=3 core_out=1 explore_out=2 probe_out=0 quota=2 max_symbol_share=0.333 drop={} sources_used={'watchlist': 3}
2026-02-27 13:40:01,253 [INFO] [u_station_ab_night_autotune_v2] __main__: V2_ENTRY_ROUTE enabled=True regime=GREEN in=3 out=2 core_out=1 explore_out=1 quota=1 allow_explore=True
2026-02-27 13:40:01,253 [INFO] [u_station_ab_night_autotune_v2] __main__: MARKET_REGIME mode=GREEN reason=avg_cand=2.83 avg_cand_recent=2.83
2026-02-27 13:40:01,253 [INFO] [u_station_ab_night_autotune_v2] trading.auto_trader: AutoTrade skip token=MONTRA reason=blacklist detail=honeypot_guard:simulation_failed,simulation_error
2026-02-27 13:40:01,253 [INFO] [u_station_ab_night_autotune_v2] trading.auto_trader: AutoTrade adjust token=ToruCeoAI reason=min_trade_floor size=$0.05->$0.10 min=$0.10
2026-02-27 13:40:01,253 [INFO] [u_station_ab_night_autotune_v2] trading.auto_trader: AutoTrade skip token=ToruCeoAI reason=ev_net_low expected_net=$-0.00987 min=$-0.00232 samples=23 conf=1.00 pwin=0.30 avg_win=$0.0097 avg_loss=$0.0177 kelly=0.000 mem=sparse trades=0<18
2026-02-27 13:40:01,253 [INFO] [u_station_ab_night_autotune_v2] trading.auto_trader: AutoTrade batch mode=top_n candidates=2 eligible=2 selected=2 opened=0 pe=off burst_window=0
2026-02-27 13:40:01,253 [INFO] [u_station_ab_night_autotune_v2] trading.auto_trader: PAPER_SUMMARY window=60s closed_delta=0 wins_delta=0 losses_delta=0 realized_delta=$0.00 total_closed=102 winrate_total=42.2% realized_total=$0.30 balance=$7.30 equity=$7.30 open=0
2026-02-27 13:40:01,253 [INFO] [u_station_ab_night_autotune_v2] __main__: Scanned 5 tokens | High quality: 3 | Alerts sent: 0 | Trade candidates: 3 | Quality out/core/explore/probe: 3/1/2/0 | Opened: 0 | Mode: local | Source: onchain+market | Policy: raw=OK/effective=OK(healthy | route=allow_all) | Regime: GREEN(avg_cand=2.83) | Safety: checked=3 fail_closed=0 reasons=api_code_4029:3 | FiltersTop(session): source_qos_cap:29,safe_volume:6,source_qos_symbol_cap:4,safe_age:4 | Dedup: heavy_skip=0 override=0 | V2Budget: 3/280 | SourceQoS: enabled=1/in=5/out=3/dropped=2/active_cd=0/drops=source_qos_cap:2 | Ingest: q=0/oldest=0.0s/drop_old=0/dedup_skip=0/enq=0/drain=0 | Sources: dex_boosts:ok=1/fail=0/429=0/lim_wait=0/cd_wait=0/err=0.0%/avg=160ms; dexscreener:ok=11/fail=0/429=0/lim_wait=0/cd_wait=0/err=0.0%/avg=132ms; onchain_enrich:ok=24/fail=0/429=0/lim_wait=0/cd_wait=0/err=0.0%/avg=85ms | Tasks: 3 | RSS: 0.0MB | CycleAvg: 11.12s
2026-02-27 13:40:05,803 [INFO] [u_station_ab_night_autotune_v2] monitor.onchain_factory: ENRICH_RETRY token=0x9e0694ee23fa226ef72839d9aab8c8b2bfd6eb07 pair=0xb7a0af326be054b6a744e9beff0d3da04c34df1c attempt=1/2 delay=10s
2026-02-27 13:40:05,822 [INFO] [u_station_ab_night_autotune_v2] monitor.onchain_factory: ENRICH_RETRY token=0x965823b8687aeadf65f07da2899145dbdb620217 pair=0x6c28df26d188d171604e636e5a4570f7bcb810ad attempt=1/2 delay=10s
2026-02-27 13:40:05,854 [INFO] [u_station_ab_night_autotune_v2] monitor.onchain_factory: ENRICH_RETRY token=0xd776c316c4431418b0089ae9e65ae4ef31fecc50 pair=0x4ea393de74727e57ae206d609ee2e4c5b93fcc27 attempt=1/2 delay=10s
2026-02-27 13:40:05,925 [INFO] [u_station_ab_night_autotune_v2] monitor.onchain_factory: ENRICH_RETRY token=0xfad1f389c29f92eff98fa3de3d9340b9718caba3 pair=0x4d112aece26a0c5ec1dfba22c5e6e8700a0097c7 attempt=1/2 delay=10s
2026-02-27 13:40:05,941 [INFO] [u_station_ab_night_autotune_v2] monitor.onchain_factory: ENRICH_RETRY token=0xfeb631402c2280d57503a29385871c7df9464937 pair=0xe41e7d35521c73384020fcb22ccef52d3def5b9c attempt=1/2 delay=10s
2026-02-27 13:40:06,170 [INFO] [u_station_ab_night_autotune_v2] monitor.onchain_factory: ENRICH_RETRY token=0xd9c3aabab998eb067715bcb1841fa3c63f57744c pair=0x42c50e9815a8e256f000a5fb8f2ba77dbea8fdc1 attempt=1/2 delay=10s
2026-02-27 13:40:16,269 [INFO] [u_station_ab_night_autotune_v2] __main__: WATCHLIST merged count=5
2026-02-27 13:40:16,269 [INFO] [u_station_ab_night_autotune_v2] trading.v2_runtime: V2_UNIVERSE in=5 dedup=5 out=5 target=5 novel_target=5 novel_out=0 repeat_dropped=0 symbol_dropped=0 surge_in=1 surge_target=1 surge_out=1
2026-02-27 13:40:16,269 [INFO] [u_station_ab_night_autotune_v2] __main__: V2_SOURCE_QOS_FILTER in=5 out=3 drops={'source_qos_cap': 2} caps={'watchlist': 3}
2026-02-27 13:40:16,269 [INFO] [u_station_ab_night_autotune_v2] __main__: FILTER_FAIL token=cbBTC reason=source_qos_cap source=watchlist used=3/3
2026-02-27 13:40:16,269 [INFO] [u_station_ab_night_autotune_v2] __main__: FILTER_FAIL token=AERO reason=source_qos_cap source=watchlist used=3/3
2026-02-27 13:40:16,269 [INFO] [u_station_ab_night_autotune_v2] __main__: FILTER_PASS token=ToruCeoAI tier=A score=95 mode=GREEN risk=MEDIUM liq=64941 vol5m=5686
2026-02-27 13:40:16,269 [INFO] [u_station_ab_night_autotune_v2] __main__: FILTER_PASS token=MONTRA tier=A score=95 mode=GREEN risk=MEDIUM liq=178855 vol5m=5420
2026-02-27 13:40:16,269 [INFO] [u_station_ab_night_autotune_v2] __main__: FILTER_PASS token=VIRTUAL tier=A score=75 mode=GREEN risk=MEDIUM liq=7443370 vol5m=398
2026-02-27 13:40:16,269 [INFO] [u_station_ab_night_autotune_v2] __main__: V2_QUALITY_GATE enabled=True regime=GREEN in=3 out=3 core_out=1 explore_out=2 probe_out=0 quota=2 max_symbol_share=0.333 drop={} sources_used={'watchlist': 3}
2026-02-27 13:40:16,269 [INFO] [u_station_ab_night_autotune_v2] __main__: V2_ENTRY_ROUTE enabled=True regime=GREEN in=3 out=2 core_out=1 explore_out=1 quota=1 allow_explore=True
2026-02-27 13:40:16,269 [INFO] [u_station_ab_night_autotune_v2] __main__: MARKET_REGIME mode=GREEN reason=avg_cand=2.83 avg_cand_recent=2.83
2026-02-27 13:40:16,269 [INFO] [u_station_ab_night_autotune_v2] trading.auto_trader: AutoTrade skip token=MONTRA reason=blacklist detail=honeypot_guard:simulation_failed,simulation_error
2026-02-27 13:40:16,269 [INFO] [u_station_ab_night_autotune_v2] trading.auto_trader: AutoTrade adjust token=ToruCeoAI reason=min_trade_floor size=$0.05->$0.10 min=$0.10
2026-02-27 13:40:16,269 [INFO] [u_station_ab_night_autotune_v2] trading.auto_trader: AutoTrade skip token=ToruCeoAI reason=ev_net_low expected_net=$-0.00987 min=$-0.00232 samples=23 conf=1.00 pwin=0.30 avg_win=$0.0097 avg_loss=$0.0177 kelly=0.000 mem=sparse trades=0<18
2026-02-27 13:40:16,269 [INFO] [u_station_ab_night_autotune_v2] trading.auto_trader: AutoTrade batch mode=top_n candidates=2 eligible=2 selected=2 opened=0 pe=off burst_window=0
2026-02-27 13:40:16,285 [INFO] [u_station_ab_night_autotune_v2] __main__: Scanned 5 tokens | High quality: 3 | Alerts sent: 0 | Trade candidates: 3 | Quality out/core/explore/probe: 3/1/2/0 | Opened: 0 | Mode: local | Source: onchain+market | Policy: raw=OK/effective=OK(healthy | route=allow_all) | Regime: GREEN(avg_cand=2.83) | Safety: checked=3 fail_closed=0 reasons=api_code_4029:3 | FiltersTop(session): source_qos_cap:31,safe_volume:6,source_qos_symbol_cap:4,safe_age:4 | Dedup: heavy_skip=0 override=0 | V2Budget: 3/280 | SourceQoS: enabled=1/in=5/out=3/dropped=2/active_cd=0/drops=source_qos_cap:2 | Ingest: q=0/oldest=0.0s/drop_old=0/dedup_skip=0/enq=0/drain=0 | Sources: dex_boosts:ok=1/fail=0/429=0/lim_wait=0/cd_wait=0/err=0.0%/avg=45ms; dexscreener:ok=11/fail=0/429=0/lim_wait=0/cd_wait=0/err=0.0%/avg=294ms; onchain_enrich:ok=24/fail=0/429=0/lim_wait=0/cd_wait=0/err=0.0%/avg=73ms | Tasks: 3 | RSS: 0.0MB | CycleAvg: 11.12s
2026-02-27 13:40:20,588 [INFO] [u_station_ab_night_autotune_v2] monitor.onchain_factory: PAIR_DETECTED source=uniswap_v2 dex=uniswap_v2 pair=0x03055f2e121045de90ca9495c27440037c71bbfc token0=0x4200000000000000000000000000000000000006 token1=0x47c6f078af551e63518b26edc673ff7c1b6feb07 block=42703330 factory=0x8909dc15e40173ff4699343b6eb8132c65e18ec6
2026-02-27 13:40:20,870 [INFO] [u_station_ab_night_autotune_v2] monitor.onchain_factory: ENRICH_RETRY token=0xfeb631402c2280d57503a29385871c7df9464937 pair=0xe41e7d35521c73384020fcb22ccef52d3def5b9c attempt=1/2 delay=10s
2026-02-27 13:40:20,870 [INFO] [u_station_ab_night_autotune_v2] monitor.onchain_factory: ENRICH_RETRY token=0xd9c3aabab998eb067715bcb1841fa3c63f57744c pair=0x42c50e9815a8e256f000a5fb8f2ba77dbea8fdc1 attempt=1/2 delay=10s
2026-02-27 13:40:20,870 [INFO] [u_station_ab_night_autotune_v2] monitor.onchain_factory: ENRICH_RETRY token=0x965823b8687aeadf65f07da2899145dbdb620217 pair=0x6c28df26d188d171604e636e5a4570f7bcb810ad attempt=1/2 delay=10s
2026-02-27 13:40:20,870 [INFO] [u_station_ab_night_autotune_v2] monitor.onchain_factory: ENRICH_RETRY token=0xfad1f389c29f92eff98fa3de3d9340b9718caba3 pair=0x4d112aece26a0c5ec1dfba22c5e6e8700a0097c7 attempt=1/2 delay=10s
2026-02-27 13:40:20,885 [INFO] [u_station_ab_night_autotune_v2] monitor.onchain_factory: ENRICH_RETRY token=0xd776c316c4431418b0089ae9e65ae4ef31fecc50 pair=0x4ea393de74727e57ae206d609ee2e4c5b93fcc27 attempt=1/2 delay=10s
2026-02-27 13:40:21,085 [INFO] [u_station_ab_night_autotune_v2] monitor.onchain_factory: ENRICH_RETRY token=0x9e0694ee23fa226ef72839d9aab8c8b2bfd6eb07 pair=0xb7a0af326be054b6a744e9beff0d3da04c34df1c attempt=1/2 delay=10s
2026-02-27 13:40:21,120 [INFO] [u_station_ab_night_autotune_v2] monitor.onchain_factory: ENRICH_RETRY token=0x47c6f078af551e63518b26edc673ff7c1b6feb07 pair=0x03055f2e121045de90ca9495c27440037c71bbfc attempt=1/2 delay=10s
2026-02-27 13:40:31,253 [INFO] [u_station_ab_night_autotune_v2] __main__: WATCHLIST merged count=5
2026-02-27 13:40:31,253 [INFO] [u_station_ab_night_autotune_v2] trading.v2_runtime: V2_UNIVERSE in=5 dedup=5 out=5 target=5 novel_target=5 novel_out=0 repeat_dropped=0 symbol_dropped=0 surge_in=1 surge_target=1 surge_out=1
2026-02-27 13:40:31,253 [INFO] [u_station_ab_night_autotune_v2] __main__: V2_SOURCE_QOS_FILTER in=5 out=3 drops={'source_qos_cap': 2} caps={'watchlist': 3}
2026-02-27 13:40:31,253 [INFO] [u_station_ab_night_autotune_v2] __main__: FILTER_FAIL token=cbBTC reason=source_qos_cap source=watchlist used=3/3
2026-02-27 13:40:31,253 [INFO] [u_station_ab_night_autotune_v2] __main__: FILTER_FAIL token=AERO reason=source_qos_cap source=watchlist used=3/3
2026-02-27 13:40:31,253 [INFO] [u_station_ab_night_autotune_v2] __main__: FILTER_PASS token=ToruCeoAI tier=A score=95 mode=GREEN risk=MEDIUM liq=64941 vol5m=5686
2026-02-27 13:40:31,253 [INFO] [u_station_ab_night_autotune_v2] __main__: FILTER_PASS token=MONTRA tier=A score=95 mode=GREEN risk=MEDIUM liq=178855 vol5m=5420
2026-02-27 13:40:31,253 [INFO] [u_station_ab_night_autotune_v2] __main__: FILTER_PASS token=VIRTUAL tier=A score=75 mode=GREEN risk=MEDIUM liq=7443370 vol5m=398
2026-02-27 13:40:31,253 [INFO] [u_station_ab_night_autotune_v2] __main__: V2_QUALITY_GATE enabled=True regime=GREEN in=3 out=3 core_out=1 explore_out=2 probe_out=0 quota=2 max_symbol_share=0.333 drop={} sources_used={'watchlist': 3}
2026-02-27 13:40:31,253 [INFO] [u_station_ab_night_autotune_v2] __main__: V2_ENTRY_ROUTE enabled=True regime=GREEN in=3 out=2 core_out=1 explore_out=1 quota=1 allow_explore=True
2026-02-27 13:40:31,253 [INFO] [u_station_ab_night_autotune_v2] __main__: MARKET_REGIME mode=GREEN reason=avg_cand=2.83 avg_cand_recent=2.83
2026-02-27 13:40:31,253 [INFO] [u_station_ab_night_autotune_v2] trading.auto_trader: AutoTrade skip token=MONTRA reason=blacklist detail=honeypot_guard:simulation_failed,simulation_error
2026-02-27 13:40:31,253 [INFO] [u_station_ab_night_autotune_v2] trading.auto_trader: AutoTrade adjust token=ToruCeoAI reason=min_trade_floor size=$0.05->$0.10 min=$0.10
2026-02-27 13:40:31,269 [INFO] [u_station_ab_night_autotune_v2] trading.auto_trader: AutoTrade skip token=ToruCeoAI reason=ev_net_low expected_net=$-0.00987 min=$-0.00232 samples=23 conf=1.00 pwin=0.30 avg_win=$0.0097 avg_loss=$0.0177 kelly=0.000 mem=sparse trades=0<18
2026-02-27 13:40:31,269 [INFO] [u_station_ab_night_autotune_v2] trading.auto_trader: AutoTrade batch mode=top_n candidates=2 eligible=2 selected=2 opened=0 pe=off burst_window=0
2026-02-27 13:40:31,271 [INFO] [u_station_ab_night_autotune_v2] __main__: Scanned 5 tokens | High quality: 3 | Alerts sent: 0 | Trade candidates: 3 | Quality out/core/explore/probe: 3/1/2/0 | Opened: 0 | Mode: local | Source: onchain+market | Policy: raw=OK/effective=OK(healthy | route=allow_all) | Regime: GREEN(avg_cand=2.83) | Safety: checked=3 fail_closed=0 reasons=api_code_4029:3 | FiltersTop(session): source_qos_cap:33,safe_volume:6,source_qos_symbol_cap:4,safe_age:4 | Dedup: heavy_skip=0 override=0 | V2Budget: 3/280 | SourceQoS: enabled=1/in=5/out=3/dropped=2/active_cd=0/drops=source_qos_cap:2 | Ingest: q=1/oldest=10.7s/drop_old=0/dedup_skip=0/enq=1/drain=0 | Sources: dex_boosts:ok=1/fail=0/429=0/lim_wait=0/cd_wait=0/err=0.0%/avg=32ms; dexscreener:ok=11/fail=0/429=0/lim_wait=0/cd_wait=0/err=0.0%/avg=61ms; geckoterminal:ok=1/fail=0/429=0/lim_wait=0/cd_wait=0/err=0.0%/avg=473ms; onchain_enrich:ok=28/fail=0/429=0/lim_wait=0/cd_wait=0/err=0.0%/avg=81ms | Tasks: 3 | RSS: 0.0MB | CycleAvg: 11.11s
2026-02-27 13:40:35,288 [WARNING] [u_station_ab_night_autotune_v2] __main__: GRACEFUL_STOP requested path=D:\earnforme\solana-alert-bot\data\graceful_stop.u_station_ab_night_autotune_v2.signal
2026-02-27 13:40:35,351 [INFO] [u_station_ab_night_autotune_v2] trading.auto_trader: AUTOTRADER_SHUTDOWN reason=main_local_shutdown open=0 closed=102
