2026-02-27 12:14:31,442 [INFO] [u_station_ab_night_autotune_v2] __main__: SESSION_LOG file=logs/matrix/u_station_ab_night_autotune_v2\sessions\main_local_20260227_111431_pid2060.log
2026-02-27 12:14:31,456 [INFO] [u_station_ab_night_autotune_v2] trading.auto_trader_state: AutoTrade state loaded open=0 closed=95 balance=$7.32
2026-02-27 12:14:31,472 [WARNING] [u_station_ab_night_autotune_v2] trading.auto_trader: DATA_POLICY mode=OK reason=init_reset_manual prev_mode=OK prev_reason=healthy | route=allow_all
2026-02-27 12:14:31,474 [INFO] [u_station_ab_night_autotune_v2] __main__: AUTOTRADER_INIT state=ready reason=manual mode=paper
2026-02-27 12:14:31,475 [INFO] [u_station_ab_night_autotune_v2] __main__: Local mode started (Telegram disabled).
2026-02-27 12:14:34,335 [INFO] [u_station_ab_night_autotune_v2] __main__: WATCHLIST merged count=5
2026-02-27 12:14:34,335 [INFO] [u_station_ab_night_autotune_v2] trading.v2_runtime: V2_UNIVERSE in=14 dedup=14 out=14 target=14 novel_target=12 novel_out=14 repeat_dropped=0 symbol_dropped=0 surge_in=6 surge_target=4 surge_out=6
2026-02-27 12:14:34,335 [INFO] [u_station_ab_night_autotune_v2] __main__: V2_SOURCE_QOS_FILTER in=14 out=11 drops={'source_qos_cap': 3} caps={'watchlist': 2, 'geckoterminal': 287}
2026-02-27 12:14:34,335 [INFO] [u_station_ab_night_autotune_v2] __main__: FILTER_FAIL token=VIRTUAL reason=source_qos_cap source=watchlist used=2/2
2026-02-27 12:14:34,350 [INFO] [u_station_ab_night_autotune_v2] __main__: FILTER_FAIL token=JUNO reason=source_qos_cap source=watchlist used=2/2
2026-02-27 12:14:34,350 [INFO] [u_station_ab_night_autotune_v2] __main__: FILTER_FAIL token=AERO reason=source_qos_cap source=watchlist used=2/2
2026-02-27 12:14:34,350 [INFO] [u_station_ab_night_autotune_v2] __main__: FILTER_FAIL token=ROBO reason=safe_change_5m
2026-02-27 12:14:34,353 [INFO] [u_station_ab_night_autotune_v2] __main__: FILTER_FAIL token=Luddites reason=safe_age
2026-02-27 12:14:34,353 [INFO] [u_station_ab_night_autotune_v2] __main__: FILTER_FAIL token=CLAWNCH reason=safe_change_5m
2026-02-27 12:14:34,353 [INFO] [u_station_ab_night_autotune_v2] __main__: FILTER_FAIL token=HEMAN reason=safe_age
2026-02-27 12:14:34,353 [INFO] [u_station_ab_night_autotune_v2] __main__: FILTER_FAIL token=Jellybean reason=safe_change_5m
2026-02-27 12:14:34,353 [INFO] [u_station_ab_night_autotune_v2] __main__: FILTER_FAIL token=ToruCeoAI reason=safe_change_5m
2026-02-27 12:14:34,353 [INFO] [u_station_ab_night_autotune_v2] __main__: FILTER_PASS token=cbBTC tier=A score=100 mode=YELLOW risk=MEDIUM liq=21908429 vol5m=20300
2026-02-27 12:14:34,353 [INFO] [u_station_ab_night_autotune_v2] __main__: FILTER_FAIL token=ZYNX reason=safe_contract
2026-02-27 12:14:34,353 [INFO] [u_station_ab_night_autotune_v2] __main__: FILTER_PASS token=AIGF tier=A score=100 mode=YELLOW risk=MEDIUM liq=203189 vol5m=10107
2026-02-27 12:14:34,353 [INFO] [u_station_ab_night_autotune_v2] __main__: FILTER_FAIL token=JIGS reason=safe_volume vol5m=0 min=6 regime=YELLOW
2026-02-27 12:14:34,353 [INFO] [u_station_ab_night_autotune_v2] __main__: FILTER_FAIL token=AGENTC reason=score_min score=40 strict_min=48 soft_min=48 mode=YELLOW
2026-02-27 12:14:34,353 [INFO] [u_station_ab_night_autotune_v2] trading.v2_runtime: V2_QUALITY_ROTATE symbols_core=0 symbols_cooldown=0 sources=2 top_core=- top_cooldown=-
2026-02-27 12:14:34,363 [INFO] [u_station_ab_night_autotune_v2] __main__: V2_QUALITY_GATE enabled=True regime=YELLOW in=2 out=2 core_out=1 explore_out=1 probe_out=0 quota=1 max_symbol_share=0.500 drop={} sources_used={'watchlist': 2}
2026-02-27 12:14:34,363 [INFO] [u_station_ab_night_autotune_v2] __main__: V2_ENTRY_ROUTE enabled=True regime=YELLOW in=2 out=2 core_out=1 explore_out=1 quota=1 allow_explore=True
2026-02-27 12:14:34,363 [WARNING] [u_station_ab_night_autotune_v2] trading.auto_trader: DATA_POLICY mode=OK reason=healthy | route=allow_all prev_mode=OK prev_reason=init_reset_manual
2026-02-27 12:14:34,363 [INFO] [u_station_ab_night_autotune_v2] __main__: MARKET_REGIME mode=YELLOW reason=avg_cand=2.00 avg_cand_recent=2.00
2026-02-27 12:14:34,397 [INFO] [u_station_ab_night_autotune_v2] trading.auto_trader: AutoTrade adjust token=cbBTC reason=min_trade_floor size=$0.07->$0.10 min=$0.10
2026-02-27 12:14:34,398 [INFO] [u_station_ab_night_autotune_v2] trading.auto_trader: AutoTrade skip token=cbBTC reason=ev_net_low expected_net=$-0.00636 min=$-0.00249 samples=23 conf=1.00 pwin=0.57 avg_win=$0.0043 avg_loss=$0.0161 kelly=0.000 mem=sparse trades=1<18
2026-02-27 12:14:34,398 [INFO] [u_station_ab_night_autotune_v2] trading.auto_trader: AutoTrade skip token=AIGF reason=blacklist detail=honeypot_guard:honeypot_api_status_404
2026-02-27 12:14:34,398 [INFO] [u_station_ab_night_autotune_v2] trading.auto_trader: AutoTrade batch mode=top_n candidates=2 eligible=2 selected=2 opened=0 pe=off burst_window=0
2026-02-27 12:14:34,398 [INFO] [u_station_ab_night_autotune_v2] __main__: FILTER_THRESHOLDS safe_volume_5m_min=$5 safe_liquidity_min=$8000 safe_age_min=240s score_min=48 edge_min=0.05% lock_floor=0.95 no_momentum_max_pnl=0.25 weakness_pnl=-2.60
2026-02-27 12:14:34,398 [INFO] [u_station_ab_night_autotune_v2] __main__: Scanned 14 tokens | High quality: 7 | Alerts sent: 0 | Trade candidates: 2 | Quality out/core/explore/probe: 2/1/1/0 | Opened: 0 | Mode: local | Source: onchain+market | Policy: raw=OK/effective=OK(healthy | route=allow_all) | Regime: YELLOW(avg_cand=2.00) | Safety: checked=3 fail_closed=0 reasons=api_code_4029:3 | FiltersTop(session): safe_change_5m:4,source_qos_cap:3,safe_age:2,safe_contract:1 | Dedup: heavy_skip=0 override=0 | V2Budget: 3/280 | SourceQoS: enabled=1/in=14/out=11/dropped=3/active_cd=0/drops=source_qos_cap:3 | Ingest: q=0/oldest=0.0s/drop_old=0/dedup_skip=0/enq=9/drain=9 | Sources: dex_boosts:ok=1/fail=0/429=0/lim_wait=0/cd_wait=0/err=0.0%/avg=105ms; dexscreener:ok=10/fail=0/429=0/lim_wait=0/cd_wait=0/err=0.0%/avg=283ms; geckoterminal:ok=2/fail=0/429=0/lim_wait=0/cd_wait=0/err=0.0%/avg=459ms; watchlist_dex:ok=10/fail=0/429=0/lim_wait=0/cd_wait=0/err=0.0%/avg=100ms; watchlist_gecko:ok=6/fail=0/429=0/lim_wait=0/cd_wait=0/err=0.0%/avg=531ms | Tasks: 3 | RSS: 0.0MB | CycleAvg: 0.00s
2026-02-27 12:14:38,697 [INFO] [u_station_ab_night_autotune_v2] monitor.onchain_factory: PAIR_DETECTED source=uniswap_v2 dex=uniswap_v2 pair=0x8f54bd96e86a0539763e2e3fe9c9967641f27f20 token0=0x05b5a212957f7b72d5b69fc7546a38eaaee6993f token1=0x4200000000000000000000000000000000000006 block=42700762 factory=0x8909dc15e40173ff4699343b6eb8132c65e18ec6
2026-02-27 12:14:39,226 [INFO] [u_station_ab_night_autotune_v2] monitor.onchain_factory: ENRICH_RETRY token=0x05b5a212957f7b72d5b69fc7546a38eaaee6993f pair=0x8f54bd96e86a0539763e2e3fe9c9967641f27f20 attempt=1/2 delay=10s
2026-02-27 12:14:49,354 [INFO] [u_station_ab_night_autotune_v2] __main__: WATCHLIST merged count=5
2026-02-27 12:14:49,369 [INFO] [u_station_ab_night_autotune_v2] trading.v2_runtime: V2_UNIVERSE in=5 dedup=5 out=5 target=5 novel_target=5 novel_out=0 repeat_dropped=0 symbol_dropped=0 surge_in=0 surge_target=0 surge_out=0
2026-02-27 12:14:49,369 [INFO] [u_station_ab_night_autotune_v2] __main__: V2_SOURCE_QOS_FILTER in=5 out=3 drops={'source_qos_cap': 2} caps={'watchlist': 3}
2026-02-27 12:14:49,369 [INFO] [u_station_ab_night_autotune_v2] __main__: FILTER_FAIL token=JUNO reason=source_qos_cap source=watchlist used=3/3
2026-02-27 12:14:49,369 [INFO] [u_station_ab_night_autotune_v2] __main__: FILTER_FAIL token=AERO reason=source_qos_cap source=watchlist used=3/3
2026-02-27 12:14:49,369 [INFO] [u_station_ab_night_autotune_v2] __main__: FILTER_PASS token=cbBTC tier=A score=100 mode=YELLOW risk=MEDIUM liq=21908429 vol5m=20300
2026-02-27 12:14:49,369 [INFO] [u_station_ab_night_autotune_v2] __main__: FILTER_PASS token=AIGF tier=A score=100 mode=YELLOW risk=MEDIUM liq=203189 vol5m=10107
2026-02-27 12:14:49,369 [INFO] [u_station_ab_night_autotune_v2] __main__: FILTER_PASS token=VIRTUAL tier=A score=85 mode=YELLOW risk=MEDIUM liq=7499809 vol5m=3702
2026-02-27 12:14:49,385 [INFO] [u_station_ab_night_autotune_v2] __main__: V2_QUALITY_GATE enabled=True regime=YELLOW in=3 out=3 core_out=1 explore_out=2 probe_out=0 quota=2 max_symbol_share=0.333 drop={} sources_used={'watchlist': 3}
2026-02-27 12:14:49,385 [INFO] [u_station_ab_night_autotune_v2] __main__: V2_ENTRY_ROUTE enabled=True regime=YELLOW in=3 out=2 core_out=1 explore_out=1 quota=1 allow_explore=True
2026-02-27 12:14:49,385 [INFO] [u_station_ab_night_autotune_v2] __main__: MARKET_REGIME mode=YELLOW reason=hysteresis_recover_wait 1/4 raw=GREEN avg_cand_recent=2.50
2026-02-27 12:14:49,385 [INFO] [u_station_ab_night_autotune_v2] trading.auto_trader: AutoTrade adjust token=cbBTC reason=min_trade_floor size=$0.07->$0.10 min=$0.10
2026-02-27 12:14:49,391 [INFO] [u_station_ab_night_autotune_v2] trading.auto_trader: AutoTrade skip token=cbBTC reason=ev_net_low expected_net=$-0.00636 min=$-0.00249 samples=23 conf=1.00 pwin=0.57 avg_win=$0.0043 avg_loss=$0.0161 kelly=0.000 mem=sparse trades=1<18
2026-02-27 12:14:49,391 [INFO] [u_station_ab_night_autotune_v2] trading.auto_trader: AutoTrade skip token=AIGF reason=blacklist detail=honeypot_guard:honeypot_api_status_404
2026-02-27 12:14:49,391 [INFO] [u_station_ab_night_autotune_v2] trading.auto_trader: AutoTrade batch mode=top_n candidates=2 eligible=2 selected=2 opened=0 pe=off burst_window=0
2026-02-27 12:14:49,391 [INFO] [u_station_ab_night_autotune_v2] __main__: Scanned 5 tokens | High quality: 3 | Alerts sent: 0 | Trade candidates: 3 | Quality out/core/explore/probe: 3/1/2/0 | Opened: 0 | Mode: local | Source: onchain+market | Policy: raw=OK/effective=OK(healthy | route=allow_all) | Regime: YELLOW(hysteresis_recover_wait 1/4 raw=GREEN) | Safety: checked=3 fail_closed=0 reasons=api_code_4029:3 | FiltersTop(session): source_qos_cap:5,safe_change_5m:4,safe_age:2,safe_contract:1 | Dedup: heavy_skip=0 override=0 | V2Budget: 3/280 | SourceQoS: enabled=1/in=5/out=3/dropped=2/active_cd=0/drops=source_qos_cap:2 | Ingest: q=0/oldest=0.0s/drop_old=0/dedup_skip=0/enq=0/drain=0 | Sources: dex_boosts:ok=1/fail=0/429=0/lim_wait=0/cd_wait=0/err=0.0%/avg=46ms; dexscreener:ok=10/fail=0/429=0/lim_wait=0/cd_wait=0/err=0.0%/avg=42ms; onchain_enrich:ok=4/fail=0/429=0/lim_wait=0/cd_wait=0/err=0.0%/avg=115ms; onchain_weth_price:ok=1/fail=0/429=0/lim_wait=0/cd_wait=0/err=0.0%/avg=53ms | Tasks: 3 | RSS: 0.0MB | CycleAvg: 2.92s
2026-02-27 12:14:53,882 [INFO] [u_station_ab_night_autotune_v2] monitor.onchain_factory: ENRICH_RETRY token=0x05b5a212957f7b72d5b69fc7546a38eaaee6993f pair=0x8f54bd96e86a0539763e2e3fe9c9967641f27f20 attempt=1/2 delay=10s
2026-02-27 12:15:03,959 [INFO] [u_station_ab_night_autotune_v2] __main__: WATCHLIST merged count=5
2026-02-27 12:15:03,959 [INFO] [u_station_ab_night_autotune_v2] trading.v2_runtime: V2_UNIVERSE in=5 dedup=5 out=5 target=5 novel_target=5 novel_out=0 repeat_dropped=0 symbol_dropped=0 surge_in=0 surge_target=0 surge_out=0
2026-02-27 12:15:03,960 [INFO] [u_station_ab_night_autotune_v2] __main__: V2_SOURCE_QOS_FILTER in=5 out=3 drops={'source_qos_cap': 2} caps={'watchlist': 3}
2026-02-27 12:15:03,961 [INFO] [u_station_ab_night_autotune_v2] __main__: FILTER_FAIL token=JUNO reason=source_qos_cap source=watchlist used=3/3
2026-02-27 12:15:03,961 [INFO] [u_station_ab_night_autotune_v2] __main__: FILTER_FAIL token=AERO reason=source_qos_cap source=watchlist used=3/3
2026-02-27 12:15:03,962 [INFO] [u_station_ab_night_autotune_v2] __main__: FILTER_PASS token=cbBTC tier=A score=100 mode=YELLOW risk=MEDIUM liq=21908429 vol5m=20300
2026-02-27 12:15:03,963 [INFO] [u_station_ab_night_autotune_v2] __main__: FILTER_PASS token=AIGF tier=A score=100 mode=YELLOW risk=MEDIUM liq=203189 vol5m=10107
2026-02-27 12:15:03,963 [INFO] [u_station_ab_night_autotune_v2] __main__: FILTER_PASS token=VIRTUAL tier=A score=85 mode=YELLOW risk=MEDIUM liq=7499809 vol5m=3702
2026-02-27 12:15:03,964 [INFO] [u_station_ab_night_autotune_v2] __main__: V2_QUALITY_GATE enabled=True regime=YELLOW in=3 out=3 core_out=1 explore_out=2 probe_out=0 quota=2 max_symbol_share=0.333 drop={} sources_used={'watchlist': 3}
2026-02-27 12:15:03,965 [INFO] [u_station_ab_night_autotune_v2] __main__: V2_ENTRY_ROUTE enabled=True regime=YELLOW in=3 out=2 core_out=1 explore_out=1 quota=1 allow_explore=True
2026-02-27 12:15:03,965 [INFO] [u_station_ab_night_autotune_v2] __main__: MARKET_REGIME mode=YELLOW reason=hysteresis_recover_wait 2/4 raw=GREEN avg_cand_recent=2.67
2026-02-27 12:15:03,966 [INFO] [u_station_ab_night_autotune_v2] trading.auto_trader: AutoTrade adjust token=cbBTC reason=min_trade_floor size=$0.07->$0.10 min=$0.10
2026-02-27 12:15:03,967 [INFO] [u_station_ab_night_autotune_v2] trading.auto_trader: AutoTrade skip token=cbBTC reason=ev_net_low expected_net=$-0.00636 min=$-0.00249 samples=23 conf=1.00 pwin=0.57 avg_win=$0.0043 avg_loss=$0.0161 kelly=0.000 mem=sparse trades=1<18
2026-02-27 12:15:03,968 [INFO] [u_station_ab_night_autotune_v2] trading.auto_trader: AutoTrade skip token=AIGF reason=blacklist detail=honeypot_guard:honeypot_api_status_404
2026-02-27 12:15:03,969 [INFO] [u_station_ab_night_autotune_v2] trading.auto_trader: AutoTrade batch mode=top_n candidates=2 eligible=2 selected=2 opened=0 pe=off burst_window=0
2026-02-27 12:15:03,970 [INFO] [u_station_ab_night_autotune_v2] __main__: Scanned 5 tokens | High quality: 3 | Alerts sent: 0 | Trade candidates: 3 | Quality out/core/explore/probe: 3/1/2/0 | Opened: 0 | Mode: local | Source: onchain+market | Policy: raw=OK/effective=OK(healthy | route=allow_all) | Regime: YELLOW(hysteresis_recover_wait 2/4 raw=GREEN) | Safety: checked=3 fail_closed=0 reasons=api_code_4029:3 | FiltersTop(session): source_qos_cap:7,safe_change_5m:4,safe_age:2,safe_contract:1 | Dedup: heavy_skip=0 override=0 | V2Budget: 3/280 | SourceQoS: enabled=1/in=5/out=3/dropped=2/active_cd=0/drops=source_qos_cap:2 | Ingest: q=0/oldest=0.0s/drop_old=0/dedup_skip=0/enq=0/drain=0 | Sources: dex_boosts:ok=1/fail=0/429=0/lim_wait=0/cd_wait=0/err=0.0%/avg=38ms; dexscreener:ok=10/fail=0/429=0/lim_wait=0/cd_wait=0/err=0.0%/avg=46ms; onchain_enrich:ok=4/fail=0/429=0/lim_wait=0/cd_wait=0/err=0.0%/avg=33ms | Tasks: 3 | RSS: 0.0MB | CycleAvg: 6.95s
2026-02-27 12:15:08,518 [INFO] [u_station_ab_night_autotune_v2] monitor.onchain_factory: ENRICH_RETRY token=0x05b5a212957f7b72d5b69fc7546a38eaaee6993f pair=0x8f54bd96e86a0539763e2e3fe9c9967641f27f20 attempt=1/2 delay=10s
2026-02-27 12:15:18,603 [INFO] [u_station_ab_night_autotune_v2] __main__: WATCHLIST merged count=5
2026-02-27 12:15:18,603 [INFO] [u_station_ab_night_autotune_v2] trading.v2_runtime: V2_UNIVERSE in=6 dedup=6 out=6 target=6 novel_target=6 novel_out=1 repeat_dropped=0 symbol_dropped=0 surge_in=0 surge_target=0 surge_out=0
2026-02-27 12:15:18,603 [INFO] [u_station_ab_night_autotune_v2] __main__: V2_SOURCE_QOS_FILTER in=6 out=3 drops={'source_qos_cap': 3} caps={'unknown': 0, 'watchlist': 2}
2026-02-27 12:15:18,620 [INFO] [u_station_ab_night_autotune_v2] __main__: FILTER_FAIL token=VIRTUAL reason=source_qos_cap source=watchlist used=2/2
2026-02-27 12:15:18,620 [INFO] [u_station_ab_night_autotune_v2] __main__: FILTER_FAIL token=JUNO reason=source_qos_cap source=watchlist used=2/2
2026-02-27 12:15:18,620 [INFO] [u_station_ab_night_autotune_v2] __main__: FILTER_FAIL token=AERO reason=source_qos_cap source=watchlist used=2/2
2026-02-27 12:15:18,620 [INFO] [u_station_ab_night_autotune_v2] __main__: FILTER_PASS token=cbBTC tier=A score=100 mode=YELLOW risk=MEDIUM liq=21908429 vol5m=20300
2026-02-27 12:15:18,620 [INFO] [u_station_ab_night_autotune_v2] __main__: FILTER_PASS token=AIGF tier=A score=100 mode=YELLOW risk=MEDIUM liq=203189 vol5m=10107
2026-02-27 12:15:18,620 [INFO] [u_station_ab_night_autotune_v2] __main__: FILTER_FAIL token=AYA reason=safe_volume vol5m=1 min=6 regime=YELLOW
2026-02-27 12:15:18,620 [INFO] [u_station_ab_night_autotune_v2] __main__: V2_QUALITY_GATE enabled=True regime=YELLOW in=2 out=2 core_out=1 explore_out=1 probe_out=0 quota=1 max_symbol_share=0.500 drop={} sources_used={'watchlist': 2}
2026-02-27 12:15:18,620 [INFO] [u_station_ab_night_autotune_v2] __main__: V2_ENTRY_ROUTE enabled=True regime=YELLOW in=2 out=2 core_out=1 explore_out=1 quota=1 allow_explore=True
2026-02-27 12:15:18,620 [INFO] [u_station_ab_night_autotune_v2] __main__: MARKET_REGIME mode=YELLOW reason=hysteresis_recover_wait 3/4 raw=GREEN avg_cand_recent=2.50
2026-02-27 12:15:18,620 [INFO] [u_station_ab_night_autotune_v2] trading.auto_trader: AutoTrade adjust token=cbBTC reason=min_trade_floor size=$0.07->$0.10 min=$0.10
2026-02-27 12:15:18,620 [INFO] [u_station_ab_night_autotune_v2] trading.auto_trader: AutoTrade skip token=cbBTC reason=ev_net_low expected_net=$-0.00636 min=$-0.00249 samples=23 conf=1.00 pwin=0.57 avg_win=$0.0043 avg_loss=$0.0161 kelly=0.000 mem=sparse trades=1<18
2026-02-27 12:15:18,620 [INFO] [u_station_ab_night_autotune_v2] trading.auto_trader: AutoTrade skip token=AIGF reason=blacklist detail=honeypot_guard:honeypot_api_status_404
2026-02-27 12:15:18,620 [INFO] [u_station_ab_night_autotune_v2] trading.auto_trader: AutoTrade batch mode=top_n candidates=2 eligible=2 selected=2 opened=0 pe=off burst_window=0
2026-02-27 12:15:18,620 [INFO] [u_station_ab_night_autotune_v2] __main__: Scanned 6 tokens | High quality: 2 | Alerts sent: 0 | Trade candidates: 2 | Quality out/core/explore/probe: 2/1/1/0 | Opened: 0 | Mode: local | Source: onchain+market | Policy: raw=OK/effective=OK(healthy | route=allow_all) | Regime: YELLOW(hysteresis_recover_wait 3/4 raw=GREEN) | Safety: checked=2 fail_closed=0 reasons=api_code_4029:2 | FiltersTop(session): source_qos_cap:10,safe_change_5m:4,safe_age:2,safe_volume:2 | Dedup: heavy_skip=0 override=0 | V2Budget: 2/280 | SourceQoS: enabled=1/in=6/out=3/dropped=3/active_cd=0/drops=source_qos_cap:3 | Ingest: q=0/oldest=0.0s/drop_old=0/dedup_skip=0/enq=0/drain=0 | Sources: dex_boosts:ok=1/fail=0/429=0/lim_wait=0/cd_wait=0/err=0.0%/avg=44ms; dexscreener:ok=10/fail=0/429=0/lim_wait=0/cd_wait=0/err=0.0%/avg=186ms; onchain_enrich:ok=3/fail=0/429=0/lim_wait=0/cd_wait=0/err=0.0%/avg=52ms | Tasks: 3 | RSS: 0.0MB | CycleAvg: 8.15s
2026-02-27 12:15:22,897 [INFO] [u_station_ab_night_autotune_v2] monitor.onchain_factory: PAIR_DETECTED source=uniswap_v2 dex=uniswap_v2 pair=0x321d929a3132cc922be88a6c7b286e19884f7f0e token0=0x4200000000000000000000000000000000000006 token1=0x741b66c654a0c75a1ab2c2ea7cff6304ca38e397 block=42700781 factory=0x8909dc15e40173ff4699343b6eb8132c65e18ec6
2026-02-27 12:15:22,897 [INFO] [u_station_ab_night_autotune_v2] monitor.onchain_factory: PAIR_DETECTED source=uniswap_v2 dex=uniswap_v2 pair=0xa3165d99160c43e1b31a4ce313af803be613a6c0 token0=0x4200000000000000000000000000000000000006 token1=0x9941afdb203e63bdb8abf4982bcff3364052b29f block=42700783 factory=0x8909dc15e40173ff4699343b6eb8132c65e18ec6
2026-02-27 12:15:23,607 [INFO] [u_station_ab_night_autotune_v2] monitor.onchain_factory: ENRICH_RETRY token=0x741b66c654a0c75a1ab2c2ea7cff6304ca38e397 pair=0x321d929a3132cc922be88a6c7b286e19884f7f0e attempt=1/2 delay=10s
2026-02-27 12:15:23,615 [INFO] [u_station_ab_night_autotune_v2] monitor.onchain_factory: ENRICH_RETRY token=0x9941afdb203e63bdb8abf4982bcff3364052b29f pair=0xa3165d99160c43e1b31a4ce313af803be613a6c0 attempt=1/2 delay=10s
2026-02-27 12:15:33,708 [INFO] [u_station_ab_night_autotune_v2] __main__: WATCHLIST merged count=5
2026-02-27 12:15:33,708 [INFO] [u_station_ab_night_autotune_v2] trading.v2_runtime: V2_UNIVERSE in=5 dedup=5 out=5 target=5 novel_target=5 novel_out=0 repeat_dropped=0 symbol_dropped=0 surge_in=0 surge_target=0 surge_out=0
2026-02-27 12:15:33,709 [INFO] [u_station_ab_night_autotune_v2] __main__: V2_SOURCE_QOS_FILTER in=5 out=3 drops={'source_qos_cap': 2} caps={'watchlist': 3}
2026-02-27 12:15:33,710 [INFO] [u_station_ab_night_autotune_v2] __main__: FILTER_FAIL token=JUNO reason=source_qos_cap source=watchlist used=3/3
2026-02-27 12:15:33,711 [INFO] [u_station_ab_night_autotune_v2] __main__: FILTER_FAIL token=AERO reason=source_qos_cap source=watchlist used=3/3
2026-02-27 12:15:33,711 [INFO] [u_station_ab_night_autotune_v2] __main__: FILTER_PASS token=cbBTC tier=A score=100 mode=YELLOW risk=MEDIUM liq=21908429 vol5m=20300
2026-02-27 12:15:33,712 [INFO] [u_station_ab_night_autotune_v2] __main__: FILTER_PASS token=AIGF tier=A score=100 mode=YELLOW risk=MEDIUM liq=203189 vol5m=10107
2026-02-27 12:15:33,713 [INFO] [u_station_ab_night_autotune_v2] __main__: FILTER_PASS token=VIRTUAL tier=A score=85 mode=YELLOW risk=MEDIUM liq=7499809 vol5m=3702
2026-02-27 12:15:33,714 [INFO] [u_station_ab_night_autotune_v2] __main__: V2_QUALITY_GATE enabled=True regime=GREEN in=3 out=3 core_out=1 explore_out=2 probe_out=0 quota=2 max_symbol_share=0.333 drop={} sources_used={'watchlist': 3}
2026-02-27 12:15:33,714 [INFO] [u_station_ab_night_autotune_v2] __main__: V2_ENTRY_ROUTE enabled=True regime=GREEN in=3 out=2 core_out=1 explore_out=1 quota=1 allow_explore=True
2026-02-27 12:15:33,715 [INFO] [u_station_ab_night_autotune_v2] __main__: MARKET_REGIME mode=GREEN reason=avg_cand=2.60 avg_cand_recent=2.60
2026-02-27 12:15:33,716 [WARNING] [u_station_ab_night_autotune_v2] monitor.local_alerter: Local event symbol=MARKET_MODE reco=GREEN risk=INFO
2026-02-27 12:15:33,717 [INFO] [u_station_ab_night_autotune_v2] trading.auto_trader: AutoTrade adjust token=cbBTC reason=min_trade_floor size=$0.07->$0.10 min=$0.10
2026-02-27 12:15:33,718 [INFO] [u_station_ab_night_autotune_v2] trading.auto_trader: AutoTrade skip token=cbBTC reason=ev_net_low expected_net=$-0.00636 min=$-0.00249 samples=23 conf=1.00 pwin=0.57 avg_win=$0.0043 avg_loss=$0.0161 kelly=0.000 mem=sparse trades=1<18
2026-02-27 12:15:33,719 [INFO] [u_station_ab_night_autotune_v2] trading.auto_trader: AutoTrade skip token=AIGF reason=blacklist detail=honeypot_guard:honeypot_api_status_404
2026-02-27 12:15:33,719 [INFO] [u_station_ab_night_autotune_v2] trading.auto_trader: AutoTrade batch mode=top_n candidates=2 eligible=2 selected=2 opened=0 pe=off burst_window=0
2026-02-27 12:15:33,719 [INFO] [u_station_ab_night_autotune_v2] trading.auto_trader: PAPER_SUMMARY window=60s closed_delta=0 wins_delta=0 losses_delta=0 realized_delta=$0.00 total_closed=95 winrate_total=44.2% realized_total=$0.32 balance=$7.32 equity=$7.32 open=0
2026-02-27 12:15:33,720 [INFO] [u_station_ab_night_autotune_v2] __main__: Scanned 5 tokens | High quality: 3 | Alerts sent: 0 | Trade candidates: 3 | Quality out/core/explore/probe: 3/1/2/0 | Opened: 0 | Mode: local | Source: onchain+market | Policy: raw=OK/effective=OK(healthy | route=allow_all) | Regime: GREEN(avg_cand=2.60) | Safety: checked=3 fail_closed=0 reasons=api_code_4029:3 | FiltersTop(session): source_qos_cap:12,safe_change_5m:4,safe_age:2,safe_volume:2 | Dedup: heavy_skip=0 override=0 | V2Budget: 3/280 | SourceQoS: enabled=1/in=5/out=3/dropped=2/active_cd=0/drops=source_qos_cap:2 | Ingest: q=0/oldest=0.0s/drop_old=0/dedup_skip=0/enq=0/drain=0 | Sources: dex_boosts:ok=1/fail=0/429=0/lim_wait=0/cd_wait=0/err=0.0%/avg=40ms; dexscreener:ok=10/fail=0/429=0/lim_wait=0/cd_wait=0/err=0.0%/avg=45ms; onchain_enrich:ok=8/fail=0/429=0/lim_wait=0/cd_wait=0/err=0.0%/avg=167ms | Tasks: 3 | RSS: 0.0MB | CycleAvg: 8.77s
2026-02-27 12:15:38,022 [INFO] [u_station_ab_night_autotune_v2] monitor.onchain_factory: PAIR_DETECTED source=uniswap_v2 dex=uniswap_v2 pair=0x46867ff76716e6dd8a1cbf85acfd0579baffe740 token0=0x4200000000000000000000000000000000000006 token1=0x6ad90d796979ce9d1aeab6cf764274327b1d963c block=42700791 factory=0x8909dc15e40173ff4699343b6eb8132c65e18ec6
2026-02-27 12:15:38,219 [INFO] [u_station_ab_night_autotune_v2] monitor.onchain_factory: ENRICH_RETRY token=0x741b66c654a0c75a1ab2c2ea7cff6304ca38e397 pair=0x321d929a3132cc922be88a6c7b286e19884f7f0e attempt=1/2 delay=10s
2026-02-27 12:15:38,285 [INFO] [u_station_ab_night_autotune_v2] monitor.onchain_factory: ENRICH_RETRY token=0x9941afdb203e63bdb8abf4982bcff3364052b29f pair=0xa3165d99160c43e1b31a4ce313af803be613a6c0 attempt=1/2 delay=10s
2026-02-27 12:15:38,485 [INFO] [u_station_ab_night_autotune_v2] monitor.onchain_factory: ENRICH_RETRY token=0x6ad90d796979ce9d1aeab6cf764274327b1d963c pair=0x46867ff76716e6dd8a1cbf85acfd0579baffe740 attempt=1/2 delay=10s
2026-02-27 12:15:48,553 [INFO] [u_station_ab_night_autotune_v2] __main__: WATCHLIST merged count=5
2026-02-27 12:15:48,553 [INFO] [u_station_ab_night_autotune_v2] trading.v2_runtime: V2_UNIVERSE in=5 dedup=5 out=5 target=5 novel_target=5 novel_out=0 repeat_dropped=0 symbol_dropped=0 surge_in=0 surge_target=0 surge_out=0
2026-02-27 12:15:48,553 [INFO] [u_station_ab_night_autotune_v2] __main__: V2_SOURCE_QOS_FILTER in=5 out=3 drops={'source_qos_cap': 2} caps={'watchlist': 3}
2026-02-27 12:15:48,553 [INFO] [u_station_ab_night_autotune_v2] __main__: FILTER_FAIL token=JUNO reason=source_qos_cap source=watchlist used=3/3
2026-02-27 12:15:48,553 [INFO] [u_station_ab_night_autotune_v2] __main__: FILTER_FAIL token=AERO reason=source_qos_cap source=watchlist used=3/3
2026-02-27 12:15:48,553 [INFO] [u_station_ab_night_autotune_v2] __main__: FILTER_PASS token=cbBTC tier=A score=100 mode=GREEN risk=MEDIUM liq=21908429 vol5m=20300
2026-02-27 12:15:48,553 [INFO] [u_station_ab_night_autotune_v2] __main__: FILTER_PASS token=AIGF tier=A score=100 mode=GREEN risk=MEDIUM liq=203189 vol5m=10107
2026-02-27 12:15:48,553 [INFO] [u_station_ab_night_autotune_v2] __main__: FILTER_PASS token=VIRTUAL tier=A score=85 mode=GREEN risk=MEDIUM liq=7499809 vol5m=3702
2026-02-27 12:15:48,553 [INFO] [u_station_ab_night_autotune_v2] __main__: V2_QUALITY_GATE enabled=True regime=GREEN in=3 out=3 core_out=1 explore_out=2 probe_out=0 quota=2 max_symbol_share=0.333 drop={} sources_used={'watchlist': 3}
2026-02-27 12:15:48,553 [INFO] [u_station_ab_night_autotune_v2] __main__: V2_ENTRY_ROUTE enabled=True regime=GREEN in=3 out=2 core_out=1 explore_out=1 quota=1 allow_explore=True
2026-02-27 12:15:48,569 [INFO] [u_station_ab_night_autotune_v2] __main__: MARKET_REGIME mode=GREEN reason=avg_cand=2.67 avg_cand_recent=2.67
2026-02-27 12:15:48,576 [INFO] [u_station_ab_night_autotune_v2] trading.auto_trader: AutoTrade adjust token=cbBTC reason=min_trade_floor size=$0.09->$0.10 min=$0.10
2026-02-27 12:15:48,576 [INFO] [u_station_ab_night_autotune_v2] trading.auto_trader: AutoTrade skip token=cbBTC reason=ev_net_low expected_net=$-0.00434 min=$-0.00231 samples=32 conf=1.00 pwin=0.44 avg_win=$0.0065 avg_loss=$0.0091 kelly=0.000 mem=sparse trades=1<18
2026-02-27 12:15:48,576 [INFO] [u_station_ab_night_autotune_v2] trading.auto_trader: AutoTrade skip token=AIGF reason=blacklist detail=honeypot_guard:honeypot_api_status_404
2026-02-27 12:15:48,576 [INFO] [u_station_ab_night_autotune_v2] trading.auto_trader: AutoTrade batch mode=top_n candidates=2 eligible=2 selected=2 opened=0 pe=off burst_window=0
2026-02-27 12:15:48,576 [INFO] [u_station_ab_night_autotune_v2] __main__: Scanned 5 tokens | High quality: 3 | Alerts sent: 0 | Trade candidates: 3 | Quality out/core/explore/probe: 3/1/2/0 | Opened: 0 | Mode: local | Source: onchain+market | Policy: raw=OK/effective=OK(healthy | route=allow_all) | Regime: GREEN(avg_cand=2.67) | Safety: checked=3 fail_closed=0 reasons=api_code_4029:3 | FiltersTop(session): source_qos_cap:14,safe_change_5m:4,safe_age:2,safe_volume:2 | Dedup: heavy_skip=0 override=0 | V2Budget: 3/280 | SourceQoS: enabled=1/in=5/out=3/dropped=2/active_cd=0/drops=source_qos_cap:2 | Ingest: q=4/oldest=1.0s/drop_old=0/dedup_skip=0/enq=4/drain=0 | Sources: dex_boosts:ok=1/fail=0/429=0/lim_wait=0/cd_wait=0/err=0.0%/avg=145ms; dexscreener:ok=10/fail=0/429=0/lim_wait=0/cd_wait=0/err=0.0%/avg=137ms; geckoterminal:ok=1/fail=0/429=0/lim_wait=0/cd_wait=0/err=0.0%/avg=180ms; onchain_enrich:ok=12/fail=0/429=0/lim_wait=0/cd_wait=0/err=0.0%/avg=61ms | Tasks: 3 | RSS: 0.0MB | CycleAvg: 9.24s
2026-02-27 12:15:53,082 [INFO] [u_station_ab_night_autotune_v2] monitor.onchain_factory: ENRICH_RETRY token=0x741b66c654a0c75a1ab2c2ea7cff6304ca38e397 pair=0x321d929a3132cc922be88a6c7b286e19884f7f0e attempt=1/2 delay=10s
2026-02-27 12:15:53,121 [INFO] [u_station_ab_night_autotune_v2] monitor.onchain_factory: ENRICH_RETRY token=0x6ad90d796979ce9d1aeab6cf764274327b1d963c pair=0x46867ff76716e6dd8a1cbf85acfd0579baffe740 attempt=1/2 delay=10s
2026-02-27 12:15:53,121 [INFO] [u_station_ab_night_autotune_v2] monitor.onchain_factory: ENRICH_RETRY token=0x9941afdb203e63bdb8abf4982bcff3364052b29f pair=0xa3165d99160c43e1b31a4ce313af803be613a6c0 attempt=1/2 delay=10s
2026-02-27 12:16:03,353 [INFO] [u_station_ab_night_autotune_v2] __main__: WATCHLIST merged count=5
2026-02-27 12:16:03,354 [INFO] [u_station_ab_night_autotune_v2] trading.v2_runtime: V2_UNIVERSE in=9 dedup=9 out=9 target=9 novel_target=8 novel_out=3 repeat_dropped=0 symbol_dropped=0 surge_in=0 surge_target=0 surge_out=0
2026-02-27 12:16:03,355 [INFO] [u_station_ab_night_autotune_v2] __main__: V2_SOURCE_QOS_FILTER in=9 out=6 drops={'source_qos_cap': 3} caps={'geckoterminal': 287, 'unknown': 0, 'watchlist': 2}
2026-02-27 12:16:03,355 [INFO] [u_station_ab_night_autotune_v2] __main__: FILTER_FAIL token=VIRTUAL reason=source_qos_cap source=watchlist used=2/2
2026-02-27 12:16:03,356 [INFO] [u_station_ab_night_autotune_v2] __main__: FILTER_FAIL token=JUNO reason=source_qos_cap source=watchlist used=2/2
2026-02-27 12:16:03,357 [INFO] [u_station_ab_night_autotune_v2] __main__: FILTER_FAIL token=AERO reason=source_qos_cap source=watchlist used=2/2
2026-02-27 12:16:03,357 [INFO] [u_station_ab_night_autotune_v2] __main__: FILTER_PASS token=cbBTC tier=A score=100 mode=GREEN risk=MEDIUM liq=21908429 vol5m=20300
2026-02-27 12:16:03,358 [INFO] [u_station_ab_night_autotune_v2] __main__: FILTER_PASS token=AIGF tier=A score=100 mode=GREEN risk=MEDIUM liq=203189 vol5m=10107
2026-02-27 12:16:03,359 [INFO] [u_station_ab_night_autotune_v2] __main__: FILTER_FAIL token=AYA reason=safe_age
2026-02-27 12:16:03,360 [INFO] [u_station_ab_night_autotune_v2] __main__: FILTER_FAIL token=PUNCH reason=score_min score=40 strict_min=48 soft_min=48 mode=GREEN
2026-02-27 12:16:03,361 [INFO] [u_station_ab_night_autotune_v2] __main__: FILTER_FAIL token=toothpaste reason=safe_volume vol5m=1 min=5 regime=GREEN
2026-02-27 12:16:03,361 [INFO] [u_station_ab_night_autotune_v2] __main__: FILTER_FAIL token=一 reason=score_min score=30 strict_min=48 soft_min=48 mode=GREEN
2026-02-27 12:16:03,362 [INFO] [u_station_ab_night_autotune_v2] __main__: V2_QUALITY_GATE enabled=True regime=GREEN in=2 out=2 core_out=1 explore_out=1 probe_out=0 quota=1 max_symbol_share=0.500 drop={} sources_used={'watchlist': 2}
2026-02-27 12:16:03,363 [INFO] [u_station_ab_night_autotune_v2] __main__: V2_ENTRY_ROUTE enabled=True regime=GREEN in=2 out=2 core_out=1 explore_out=1 quota=1 allow_explore=True
2026-02-27 12:16:03,363 [INFO] [u_station_ab_night_autotune_v2] __main__: MARKET_REGIME mode=GREEN reason=avg_cand=2.57 avg_cand_recent=2.57
2026-02-27 12:16:03,364 [INFO] [u_station_ab_night_autotune_v2] trading.auto_trader: AutoTrade adjust token=cbBTC reason=min_trade_floor size=$0.09->$0.10 min=$0.10
2026-02-27 12:16:03,365 [INFO] [u_station_ab_night_autotune_v2] trading.auto_trader: AutoTrade skip token=cbBTC reason=ev_net_low expected_net=$-0.00434 min=$-0.00231 samples=32 conf=1.00 pwin=0.44 avg_win=$0.0065 avg_loss=$0.0091 kelly=0.000 mem=sparse trades=1<18
2026-02-27 12:16:03,366 [INFO] [u_station_ab_night_autotune_v2] trading.auto_trader: AutoTrade skip token=AIGF reason=blacklist detail=honeypot_guard:honeypot_api_status_404
2026-02-27 12:16:03,366 [INFO] [u_station_ab_night_autotune_v2] trading.auto_trader: AutoTrade batch mode=top_n candidates=2 eligible=2 selected=2 opened=0 pe=off burst_window=0
2026-02-27 12:16:03,366 [INFO] [u_station_ab_night_autotune_v2] __main__: Scanned 9 tokens | High quality: 2 | Alerts sent: 0 | Trade candidates: 2 | Quality out/core/explore/probe: 2/1/1/0 | Opened: 0 | Mode: local | Source: onchain+market | Policy: raw=OK/effective=OK(healthy | route=allow_all) | Regime: GREEN(avg_cand=2.57) | Safety: checked=2 fail_closed=0 reasons=api_code_4029:2 | FiltersTop(session): source_qos_cap:17,safe_change_5m:4,safe_age:3,safe_volume:3 | Dedup: heavy_skip=0 override=0 | V2Budget: 2/280 | SourceQoS: enabled=1/in=9/out=6/dropped=3/active_cd=0/drops=source_qos_cap:3 | Ingest: q=0/oldest=0.0s/drop_old=0/dedup_skip=0/enq=0/drain=4 | Sources: dex_boosts:ok=1/fail=0/429=0/lim_wait=0/cd_wait=0/err=0.0%/avg=35ms; dexscreener:ok=10/fail=0/429=0/lim_wait=0/cd_wait=0/err=0.0%/avg=173ms; onchain_enrich:ok=10/fail=0/429=0/lim_wait=0/cd_wait=0/err=0.0%/avg=66ms; onchain_weth_price:ok=1/fail=0/429=0/lim_wait=0/cd_wait=0/err=0.0%/avg=52ms | Tasks: 3 | RSS: 0.0MB | CycleAvg: 9.51s
2026-02-27 12:16:07,889 [INFO] [u_station_ab_night_autotune_v2] monitor.onchain_factory: ENRICH_RETRY token=0x6ad90d796979ce9d1aeab6cf764274327b1d963c pair=0x46867ff76716e6dd8a1cbf85acfd0579baffe740 attempt=1/2 delay=10s
2026-02-27 12:16:18,073 [INFO] [u_station_ab_night_autotune_v2] __main__: WATCHLIST merged count=5
2026-02-27 12:16:18,089 [INFO] [u_station_ab_night_autotune_v2] trading.v2_runtime: V2_UNIVERSE in=6 dedup=6 out=6 target=6 novel_target=6 novel_out=1 repeat_dropped=0 symbol_dropped=0 surge_in=0 surge_target=0 surge_out=0
2026-02-27 12:16:18,090 [INFO] [u_station_ab_night_autotune_v2] __main__: V2_SOURCE_QOS_FILTER in=6 out=3 drops={'source_qos_cap': 3} caps={'unknown': 0, 'watchlist': 2}
2026-02-27 12:16:18,091 [INFO] [u_station_ab_night_autotune_v2] __main__: FILTER_FAIL token=VIRTUAL reason=source_qos_cap source=watchlist used=2/2
2026-02-27 12:16:18,092 [INFO] [u_station_ab_night_autotune_v2] __main__: FILTER_FAIL token=JUNO reason=source_qos_cap source=watchlist used=2/2
2026-02-27 12:16:18,093 [INFO] [u_station_ab_night_autotune_v2] __main__: FILTER_FAIL token=AERO reason=source_qos_cap source=watchlist used=2/2
2026-02-27 12:16:18,093 [INFO] [u_station_ab_night_autotune_v2] __main__: FILTER_PASS token=cbBTC tier=A score=100 mode=GREEN risk=MEDIUM liq=21908429 vol5m=20300
2026-02-27 12:16:18,094 [INFO] [u_station_ab_night_autotune_v2] __main__: FILTER_PASS token=AIGF tier=A score=100 mode=GREEN risk=MEDIUM liq=203189 vol5m=10107
2026-02-27 12:16:18,096 [INFO] [u_station_ab_night_autotune_v2] __main__: FILTER_FAIL token=CHARLES reason=safe_age
2026-02-27 12:16:18,096 [INFO] [u_station_ab_night_autotune_v2] __main__: V2_QUALITY_GATE enabled=True regime=GREEN in=2 out=2 core_out=1 explore_out=1 probe_out=0 quota=1 max_symbol_share=0.500 drop={} sources_used={'watchlist': 2}
2026-02-27 12:16:18,097 [INFO] [u_station_ab_night_autotune_v2] __main__: V2_ENTRY_ROUTE enabled=True regime=GREEN in=2 out=2 core_out=1 explore_out=1 quota=1 allow_explore=True
2026-02-27 12:16:18,097 [INFO] [u_station_ab_night_autotune_v2] __main__: MARKET_REGIME mode=GREEN reason=avg_cand=2.50 avg_cand_recent=2.50
2026-02-27 12:16:18,099 [INFO] [u_station_ab_night_autotune_v2] trading.auto_trader: AutoTrade adjust token=cbBTC reason=min_trade_floor size=$0.09->$0.10 min=$0.10
2026-02-27 12:16:18,100 [INFO] [u_station_ab_night_autotune_v2] trading.auto_trader: AutoTrade skip token=cbBTC reason=ev_net_low expected_net=$-0.00434 min=$-0.00231 samples=32 conf=1.00 pwin=0.44 avg_win=$0.0065 avg_loss=$0.0091 kelly=0.000 mem=sparse trades=1<18
2026-02-27 12:16:18,101 [INFO] [u_station_ab_night_autotune_v2] trading.auto_trader: AutoTrade skip token=AIGF reason=blacklist detail=honeypot_guard:honeypot_api_status_404
2026-02-27 12:16:18,101 [INFO] [u_station_ab_night_autotune_v2] trading.auto_trader: AutoTrade batch mode=top_n candidates=2 eligible=2 selected=2 opened=0 pe=off burst_window=0
2026-02-27 12:16:18,102 [INFO] [u_station_ab_night_autotune_v2] __main__: Scanned 6 tokens | High quality: 2 | Alerts sent: 0 | Trade candidates: 2 | Quality out/core/explore/probe: 2/1/1/0 | Opened: 0 | Mode: local | Source: onchain+market | Policy: raw=OK/effective=OK(healthy | route=allow_all) | Regime: GREEN(avg_cand=2.50) | Safety: checked=2 fail_closed=0 reasons=api_code_4029:2 | FiltersTop(session): source_qos_cap:20,safe_change_5m:4,safe_age:4,safe_volume:3 | Dedup: heavy_skip=0 override=0 | V2Budget: 2/280 | SourceQoS: enabled=1/in=6/out=3/dropped=3/active_cd=0/drops=source_qos_cap:3 | Ingest: q=0/oldest=0.0s/drop_old=0/dedup_skip=0/enq=0/drain=0 | Sources: dex_boosts:ok=1/fail=0/429=0/lim_wait=0/cd_wait=0/err=0.0%/avg=46ms; dexscreener:ok=10/fail=0/429=0/lim_wait=0/cd_wait=0/err=0.0%/avg=41ms; onchain_enrich:ok=3/fail=0/429=0/lim_wait=0/cd_wait=0/err=0.0%/avg=87ms | Tasks: 3 | RSS: 0.0MB | CycleAvg: 9.69s
2026-02-27 12:16:22,522 [INFO] [u_station_ab_night_autotune_v2] __main__: WATCHLIST merged count=5
2026-02-27 12:16:22,522 [INFO] [u_station_ab_night_autotune_v2] trading.v2_runtime: V2_UNIVERSE in=5 dedup=5 out=5 target=5 novel_target=5 novel_out=0 repeat_dropped=0 symbol_dropped=0 surge_in=0 surge_target=0 surge_out=0
2026-02-27 12:16:22,538 [INFO] [u_station_ab_night_autotune_v2] __main__: V2_SOURCE_QOS_FILTER in=5 out=3 drops={'source_qos_cap': 2} caps={'watchlist': 3}
2026-02-27 12:16:22,539 [INFO] [u_station_ab_night_autotune_v2] __main__: FILTER_FAIL token=JUNO reason=source_qos_cap source=watchlist used=3/3
2026-02-27 12:16:22,540 [INFO] [u_station_ab_night_autotune_v2] __main__: FILTER_FAIL token=AERO reason=source_qos_cap source=watchlist used=3/3
2026-02-27 12:16:22,541 [INFO] [u_station_ab_night_autotune_v2] __main__: FILTER_PASS token=cbBTC tier=A score=100 mode=GREEN risk=MEDIUM liq=21908429 vol5m=20300
2026-02-27 12:16:22,542 [INFO] [u_station_ab_night_autotune_v2] __main__: FILTER_PASS token=AIGF tier=A score=100 mode=GREEN risk=MEDIUM liq=203189 vol5m=10107
2026-02-27 12:16:22,543 [INFO] [u_station_ab_night_autotune_v2] __main__: FILTER_PASS token=VIRTUAL tier=A score=85 mode=GREEN risk=MEDIUM liq=7499809 vol5m=3702
2026-02-27 12:16:22,545 [INFO] [u_station_ab_night_autotune_v2] __main__: V2_QUALITY_GATE enabled=True regime=GREEN in=3 out=3 core_out=1 explore_out=2 probe_out=0 quota=2 max_symbol_share=0.333 drop={} sources_used={'watchlist': 3}
2026-02-27 12:16:22,545 [INFO] [u_station_ab_night_autotune_v2] __main__: V2_ENTRY_ROUTE enabled=True regime=GREEN in=3 out=2 core_out=1 explore_out=1 quota=1 allow_explore=True
2026-02-27 12:16:22,546 [INFO] [u_station_ab_night_autotune_v2] __main__: MARKET_REGIME mode=GREEN reason=avg_cand=2.56 avg_cand_recent=2.56
2026-02-27 12:16:22,549 [INFO] [u_station_ab_night_autotune_v2] trading.auto_trader: AutoTrade adjust token=cbBTC reason=min_trade_floor size=$0.09->$0.10 min=$0.10
2026-02-27 12:16:22,550 [INFO] [u_station_ab_night_autotune_v2] trading.auto_trader: AutoTrade skip token=cbBTC reason=ev_net_low expected_net=$-0.00434 min=$-0.00231 samples=32 conf=1.00 pwin=0.44 avg_win=$0.0065 avg_loss=$0.0091 kelly=0.000 mem=sparse trades=1<18
2026-02-27 12:16:22,551 [INFO] [u_station_ab_night_autotune_v2] trading.auto_trader: AutoTrade skip token=AIGF reason=blacklist detail=honeypot_guard:honeypot_api_status_404
2026-02-27 12:16:22,552 [INFO] [u_station_ab_night_autotune_v2] trading.auto_trader: AutoTrade batch mode=top_n candidates=2 eligible=2 selected=2 opened=0 pe=off burst_window=0
2026-02-27 12:16:22,553 [INFO] [u_station_ab_night_autotune_v2] __main__: Scanned 5 tokens | High quality: 3 | Alerts sent: 0 | Trade candidates: 3 | Quality out/core/explore/probe: 3/1/2/0 | Opened: 0 | Mode: local | Source: onchain+market | Policy: raw=OK/effective=OK(healthy | route=allow_all) | Regime: GREEN(avg_cand=2.56) | Safety: checked=3 fail_closed=0 reasons=api_code_4029:3 | FiltersTop(session): source_qos_cap:22,safe_change_5m:4,safe_age:4,safe_volume:3 | Dedup: heavy_skip=0 override=0 | V2Budget: 3/280 | SourceQoS: enabled=1/in=5/out=3/dropped=2/active_cd=0/drops=source_qos_cap:2 | Ingest: q=0/oldest=0.0s/drop_old=0/dedup_skip=0/enq=0/drain=0 | Sources: dex_boosts:ok=1/fail=0/429=0/lim_wait=0/cd_wait=0/err=0.0%/avg=43ms; dexscreener:ok=10/fail=0/429=0/lim_wait=0/cd_wait=0/err=0.0%/avg=45ms | Tasks: 3 | RSS: 0.0MB | CycleAvg: 9.81s
2026-02-27 12:16:26,912 [INFO] [u_station_ab_night_autotune_v2] monitor.onchain_factory: PAIR_DETECTED source=uniswap_v2 dex=uniswap_v2 pair=0xca090e41b7fc98615dd62c8eb1bf7ed06a63de6b token0=0x4200000000000000000000000000000000000006 token1=0x79f89cff43ad44cdee5c6f56c20eea917f90963c block=42700817 factory=0x8909dc15e40173ff4699343b6eb8132c65e18ec6
2026-02-27 12:16:27,371 [INFO] [u_station_ab_night_autotune_v2] monitor.onchain_factory: ENRICH_RETRY token=0x79f89cff43ad44cdee5c6f56c20eea917f90963c pair=0xca090e41b7fc98615dd62c8eb1bf7ed06a63de6b attempt=1/2 delay=10s
2026-02-27 12:16:37,444 [INFO] [u_station_ab_night_autotune_v2] __main__: WATCHLIST merged count=5
2026-02-27 12:16:37,444 [INFO] [u_station_ab_night_autotune_v2] trading.v2_runtime: V2_UNIVERSE in=5 dedup=5 out=5 target=5 novel_target=5 novel_out=0 repeat_dropped=0 symbol_dropped=0 surge_in=0 surge_target=0 surge_out=0
2026-02-27 12:16:37,444 [INFO] [u_station_ab_night_autotune_v2] __main__: V2_SOURCE_QOS_FILTER in=5 out=3 drops={'source_qos_cap': 2} caps={'watchlist': 3}
2026-02-27 12:16:37,444 [INFO] [u_station_ab_night_autotune_v2] __main__: FILTER_FAIL token=JUNO reason=source_qos_cap source=watchlist used=3/3
2026-02-27 12:16:37,444 [INFO] [u_station_ab_night_autotune_v2] __main__: FILTER_FAIL token=AERO reason=source_qos_cap source=watchlist used=3/3
2026-02-27 12:16:37,444 [INFO] [u_station_ab_night_autotune_v2] __main__: FILTER_PASS token=cbBTC tier=A score=100 mode=GREEN risk=MEDIUM liq=21908429 vol5m=20300
2026-02-27 12:16:37,444 [INFO] [u_station_ab_night_autotune_v2] __main__: FILTER_PASS token=AIGF tier=A score=100 mode=GREEN risk=MEDIUM liq=203189 vol5m=10107
2026-02-27 12:16:37,444 [INFO] [u_station_ab_night_autotune_v2] __main__: FILTER_PASS token=VIRTUAL tier=A score=85 mode=GREEN risk=MEDIUM liq=7499809 vol5m=3702
2026-02-27 12:16:37,444 [INFO] [u_station_ab_night_autotune_v2] __main__: V2_QUALITY_GATE enabled=True regime=GREEN in=3 out=3 core_out=1 explore_out=2 probe_out=0 quota=2 max_symbol_share=0.333 drop={} sources_used={'watchlist': 3}
2026-02-27 12:16:37,453 [INFO] [u_station_ab_night_autotune_v2] __main__: V2_ENTRY_ROUTE enabled=True regime=GREEN in=3 out=2 core_out=1 explore_out=1 quota=1 allow_explore=True
2026-02-27 12:16:37,453 [INFO] [u_station_ab_night_autotune_v2] __main__: MARKET_REGIME mode=GREEN reason=avg_cand=2.60 avg_cand_recent=2.60
2026-02-27 12:16:37,453 [INFO] [u_station_ab_night_autotune_v2] trading.auto_trader: AutoTrade adjust token=cbBTC reason=min_trade_floor size=$0.09->$0.10 min=$0.10
2026-02-27 12:16:37,453 [INFO] [u_station_ab_night_autotune_v2] trading.auto_trader: AutoTrade skip token=cbBTC reason=ev_net_low expected_net=$-0.00434 min=$-0.00231 samples=32 conf=1.00 pwin=0.44 avg_win=$0.0065 avg_loss=$0.0091 kelly=0.000 mem=sparse trades=1<18
2026-02-27 12:16:37,453 [INFO] [u_station_ab_night_autotune_v2] trading.auto_trader: AutoTrade skip token=AIGF reason=blacklist detail=honeypot_guard:honeypot_api_status_404
2026-02-27 12:16:37,453 [INFO] [u_station_ab_night_autotune_v2] trading.auto_trader: AutoTrade batch mode=top_n candidates=2 eligible=2 selected=2 opened=0 pe=off burst_window=0
2026-02-27 12:16:37,453 [INFO] [u_station_ab_night_autotune_v2] trading.auto_trader: PAPER_SUMMARY window=60s closed_delta=0 wins_delta=0 losses_delta=0 realized_delta=$0.00 total_closed=95 winrate_total=44.2% realized_total=$0.32 balance=$7.32 equity=$7.32 open=0
2026-02-27 12:16:37,453 [INFO] [u_station_ab_night_autotune_v2] __main__: Scanned 5 tokens | High quality: 3 | Alerts sent: 0 | Trade candidates: 3 | Quality out/core/explore/probe: 3/1/2/0 | Opened: 0 | Mode: local | Source: onchain+market | Policy: raw=OK/effective=OK(healthy | route=allow_all) | Regime: GREEN(avg_cand=2.60) | Safety: checked=3 fail_closed=0 reasons=api_code_4029:3 | FiltersTop(session): source_qos_cap:24,safe_change_5m:4,safe_age:4,safe_volume:3 | Dedup: heavy_skip=0 override=0 | V2Budget: 3/280 | SourceQoS: enabled=1/in=5/out=3/dropped=2/active_cd=0/drops=source_qos_cap:2 | Ingest: q=0/oldest=0.0s/drop_old=0/dedup_skip=0/enq=0/drain=0 | Sources: dex_boosts:ok=1/fail=0/429=0/lim_wait=0/cd_wait=0/err=0.0%/avg=48ms; dexscreener:ok=10/fail=0/429=0/lim_wait=0/cd_wait=0/err=0.0%/avg=215ms; onchain_enrich:ok=4/fail=0/429=0/lim_wait=0/cd_wait=0/err=0.0%/avg=90ms | Tasks: 3 | RSS: 0.0MB | CycleAvg: 8.77s
2026-02-27 12:16:41,804 [INFO] [u_station_ab_night_autotune_v2] monitor.onchain_factory: PAIR_DETECTED source=uniswap_v2 dex=uniswap_v2 pair=0x53c71d4e9429792f345ccf528c6b356ce31ea204 token0=0x4200000000000000000000000000000000000006 token1=0xd36846837cc42b410034b78e61898b4ebab1a006 block=42700818 factory=0x8909dc15e40173ff4699343b6eb8132c65e18ec6
2026-02-27 12:16:42,075 [INFO] [u_station_ab_night_autotune_v2] monitor.onchain_factory: ENRICH_RETRY token=0x79f89cff43ad44cdee5c6f56c20eea917f90963c pair=0xca090e41b7fc98615dd62c8eb1bf7ed06a63de6b attempt=1/2 delay=10s
2026-02-27 12:16:42,469 [INFO] [u_station_ab_night_autotune_v2] monitor.onchain_factory: ENRICH_RETRY token=0xd36846837cc42b410034b78e61898b4ebab1a006 pair=0x53c71d4e9429792f345ccf528c6b356ce31ea204 attempt=1/2 delay=10s
2026-02-27 12:16:52,541 [INFO] [u_station_ab_night_autotune_v2] __main__: WATCHLIST merged count=5
2026-02-27 12:16:52,541 [INFO] [u_station_ab_night_autotune_v2] trading.v2_runtime: V2_UNIVERSE in=5 dedup=5 out=5 target=5 novel_target=5 novel_out=0 repeat_dropped=0 symbol_dropped=0 surge_in=0 surge_target=0 surge_out=0
2026-02-27 12:16:52,541 [INFO] [u_station_ab_night_autotune_v2] __main__: V2_SOURCE_QOS_FILTER in=5 out=3 drops={'source_qos_cap': 2} caps={'watchlist': 3}
2026-02-27 12:16:52,541 [INFO] [u_station_ab_night_autotune_v2] __main__: FILTER_FAIL token=JUNO reason=source_qos_cap source=watchlist used=3/3
2026-02-27 12:16:52,541 [INFO] [u_station_ab_night_autotune_v2] __main__: FILTER_FAIL token=AERO reason=source_qos_cap source=watchlist used=3/3
2026-02-27 12:16:52,541 [INFO] [u_station_ab_night_autotune_v2] __main__: FILTER_PASS token=cbBTC tier=A score=100 mode=GREEN risk=MEDIUM liq=21908429 vol5m=20300
2026-02-27 12:16:52,541 [INFO] [u_station_ab_night_autotune_v2] __main__: FILTER_PASS token=AIGF tier=A score=100 mode=GREEN risk=MEDIUM liq=203189 vol5m=10107
2026-02-27 12:16:52,541 [INFO] [u_station_ab_night_autotune_v2] __main__: FILTER_PASS token=VIRTUAL tier=A score=85 mode=GREEN risk=MEDIUM liq=7499809 vol5m=3702
2026-02-27 12:16:52,554 [INFO] [u_station_ab_night_autotune_v2] __main__: V2_QUALITY_GATE enabled=True regime=GREEN in=3 out=3 core_out=1 explore_out=2 probe_out=0 quota=2 max_symbol_share=0.333 drop={} sources_used={'watchlist': 3}
2026-02-27 12:16:52,556 [INFO] [u_station_ab_night_autotune_v2] __main__: V2_ENTRY_ROUTE enabled=True regime=GREEN in=3 out=2 core_out=1 explore_out=1 quota=1 allow_explore=True
2026-02-27 12:16:52,556 [INFO] [u_station_ab_night_autotune_v2] __main__: MARKET_REGIME mode=GREEN reason=avg_cand=2.64 avg_cand_recent=2.64
2026-02-27 12:16:52,557 [INFO] [u_station_ab_night_autotune_v2] trading.auto_trader: AutoTrade adjust token=cbBTC reason=min_trade_floor size=$0.09->$0.10 min=$0.10
2026-02-27 12:16:52,558 [INFO] [u_station_ab_night_autotune_v2] trading.auto_trader: AutoTrade skip token=cbBTC reason=ev_net_low expected_net=$-0.00434 min=$-0.00231 samples=32 conf=1.00 pwin=0.44 avg_win=$0.0065 avg_loss=$0.0091 kelly=0.000 mem=sparse trades=1<18
2026-02-27 12:16:52,559 [INFO] [u_station_ab_night_autotune_v2] trading.auto_trader: AutoTrade skip token=AIGF reason=blacklist detail=honeypot_guard:honeypot_api_status_404
2026-02-27 12:16:52,560 [INFO] [u_station_ab_night_autotune_v2] trading.auto_trader: AutoTrade batch mode=top_n candidates=2 eligible=2 selected=2 opened=0 pe=off burst_window=0
2026-02-27 12:16:52,561 [INFO] [u_station_ab_night_autotune_v2] __main__: Scanned 5 tokens | High quality: 3 | Alerts sent: 0 | Trade candidates: 3 | Quality out/core/explore/probe: 3/1/2/0 | Opened: 0 | Mode: local | Source: onchain+market | Policy: raw=OK/effective=OK(healthy | route=allow_all) | Regime: GREEN(avg_cand=2.64) | Safety: checked=3 fail_closed=0 reasons=api_code_4029:3 | FiltersTop(session): source_qos_cap:26,safe_change_5m:4,safe_age:4,safe_volume:3 | Dedup: heavy_skip=0 override=0 | V2Budget: 3/280 | SourceQoS: enabled=1/in=5/out=3/dropped=2/active_cd=0/drops=source_qos_cap:2 | Ingest: q=0/oldest=0.0s/drop_old=0/dedup_skip=0/enq=0/drain=0 | Sources: dex_boosts:ok=1/fail=0/429=0/lim_wait=0/cd_wait=0/err=0.0%/avg=43ms; dexscreener:ok=10/fail=0/429=0/lim_wait=0/cd_wait=0/err=0.0%/avg=64ms; onchain_enrich:ok=8/fail=0/429=0/lim_wait=0/cd_wait=0/err=0.0%/avg=105ms | Tasks: 3 | RSS: 0.0MB | CycleAvg: 8.98s
2026-02-27 12:16:57,053 [INFO] [u_station_ab_night_autotune_v2] monitor.onchain_factory: ENRICH_RETRY token=0x79f89cff43ad44cdee5c6f56c20eea917f90963c pair=0xca090e41b7fc98615dd62c8eb1bf7ed06a63de6b attempt=1/2 delay=10s
2026-02-27 12:16:57,080 [INFO] [u_station_ab_night_autotune_v2] monitor.onchain_factory: ENRICH_RETRY token=0xd36846837cc42b410034b78e61898b4ebab1a006 pair=0x53c71d4e9429792f345ccf528c6b356ce31ea204 attempt=1/2 delay=10s
2026-02-27 12:17:07,269 [INFO] [u_station_ab_night_autotune_v2] __main__: WATCHLIST merged count=5
2026-02-27 12:17:07,269 [INFO] [u_station_ab_night_autotune_v2] trading.v2_runtime: V2_UNIVERSE in=6 dedup=6 out=6 target=6 novel_target=6 novel_out=1 repeat_dropped=0 symbol_dropped=0 surge_in=0 surge_target=0 surge_out=0
2026-02-27 12:17:07,269 [INFO] [u_station_ab_night_autotune_v2] __main__: V2_SOURCE_QOS_FILTER in=6 out=3 drops={'source_qos_cap': 3} caps={'unknown': 0, 'watchlist': 2}
2026-02-27 12:17:07,269 [INFO] [u_station_ab_night_autotune_v2] __main__: FILTER_FAIL token=VIRTUAL reason=source_qos_cap source=watchlist used=2/2
2026-02-27 12:17:07,284 [INFO] [u_station_ab_night_autotune_v2] __main__: FILTER_FAIL token=JUNO reason=source_qos_cap source=watchlist used=2/2
2026-02-27 12:17:07,287 [INFO] [u_station_ab_night_autotune_v2] __main__: FILTER_FAIL token=AERO reason=source_qos_cap source=watchlist used=2/2
2026-02-27 12:17:07,287 [INFO] [u_station_ab_night_autotune_v2] __main__: FILTER_PASS token=cbBTC tier=A score=100 mode=GREEN risk=MEDIUM liq=21908429 vol5m=20300
2026-02-27 12:17:07,287 [INFO] [u_station_ab_night_autotune_v2] __main__: FILTER_PASS token=AIGF tier=A score=100 mode=GREEN risk=MEDIUM liq=203189 vol5m=10107
2026-02-27 12:17:07,287 [INFO] [u_station_ab_night_autotune_v2] __main__: FILTER_FAIL token=CHARLES reason=score_min score=30 strict_min=48 soft_min=48 mode=GREEN
2026-02-27 12:17:07,287 [INFO] [u_station_ab_night_autotune_v2] __main__: V2_QUALITY_GATE enabled=True regime=GREEN in=2 out=2 core_out=1 explore_out=1 probe_out=0 quota=1 max_symbol_share=0.500 drop={} sources_used={'watchlist': 2}
2026-02-27 12:17:07,287 [INFO] [u_station_ab_night_autotune_v2] __main__: V2_ENTRY_ROUTE enabled=True regime=GREEN in=2 out=2 core_out=1 explore_out=1 quota=1 allow_explore=True
2026-02-27 12:17:07,287 [INFO] [u_station_ab_night_autotune_v2] __main__: MARKET_REGIME mode=GREEN reason=avg_cand=2.58 avg_cand_recent=2.58
2026-02-27 12:17:07,287 [INFO] [u_station_ab_night_autotune_v2] trading.auto_trader: AutoTrade adjust token=cbBTC reason=min_trade_floor size=$0.09->$0.10 min=$0.10
2026-02-27 12:17:07,287 [INFO] [u_station_ab_night_autotune_v2] trading.auto_trader: AutoTrade skip token=cbBTC reason=ev_net_low expected_net=$-0.00434 min=$-0.00231 samples=32 conf=1.00 pwin=0.44 avg_win=$0.0065 avg_loss=$0.0091 kelly=0.000 mem=sparse trades=1<18
2026-02-27 12:17:07,287 [INFO] [u_station_ab_night_autotune_v2] trading.auto_trader: AutoTrade skip token=AIGF reason=blacklist detail=honeypot_guard:honeypot_api_status_404
2026-02-27 12:17:07,287 [INFO] [u_station_ab_night_autotune_v2] trading.auto_trader: AutoTrade batch mode=top_n candidates=2 eligible=2 selected=2 opened=0 pe=off burst_window=0
2026-02-27 12:17:07,303 [INFO] [u_station_ab_night_autotune_v2] __main__: Scanned 6 tokens | High quality: 2 | Alerts sent: 0 | Trade candidates: 2 | Quality out/core/explore/probe: 2/1/1/0 | Opened: 0 | Mode: local | Source: onchain+market | Policy: raw=OK/effective=OK(healthy | route=allow_all) | Regime: GREEN(avg_cand=2.58) | Safety: checked=2 fail_closed=0 reasons=api_code_4029:2 | FiltersTop(session): source_qos_cap:29,safe_change_5m:4,safe_age:4,score_min:4 | Dedup: heavy_skip=0 override=0 | V2Budget: 2/280 | SourceQoS: enabled=1/in=6/out=3/dropped=3/active_cd=0/drops=source_qos_cap:3 | Ingest: q=5/oldest=3.9s/drop_old=0/dedup_skip=0/enq=5/drain=0 | Sources: dex_boosts:ok=1/fail=0/429=0/lim_wait=0/cd_wait=0/err=0.0%/avg=52ms; dexscreener:ok=10/fail=0/429=0/lim_wait=0/cd_wait=0/err=0.0%/avg=73ms; geckoterminal:ok=1/fail=0/429=0/lim_wait=0/cd_wait=0/err=0.0%/avg=851ms; onchain_enrich:ok=7/fail=0/429=0/lim_wait=0/cd_wait=0/err=0.0%/avg=65ms; onchain_weth_price:ok=1/fail=0/429=0/lim_wait=0/cd_wait=0/err=0.0%/avg=65ms | Tasks: 3 | RSS: 0.0MB | CycleAvg: 9.17s
2026-02-27 12:17:11,855 [INFO] [u_station_ab_night_autotune_v2] monitor.onchain_factory: ENRICH_RETRY token=0xd36846837cc42b410034b78e61898b4ebab1a006 pair=0x53c71d4e9429792f345ccf528c6b356ce31ea204 attempt=1/2 delay=10s
2026-02-27 12:17:21,903 [INFO] [u_station_ab_night_autotune_v2] __main__: WATCHLIST merged count=5
2026-02-27 12:17:21,903 [INFO] [u_station_ab_night_autotune_v2] trading.v2_runtime: V2_UNIVERSE in=10 dedup=10 out=10 target=10 novel_target=9 novel_out=3 repeat_dropped=0 symbol_dropped=0 surge_in=1 surge_target=1 surge_out=1
2026-02-27 12:17:21,903 [INFO] [u_station_ab_night_autotune_v2] __main__: V2_SOURCE_QOS_FILTER in=10 out=6 drops={'source_qos_symbol_cap': 1, 'source_qos_cap': 3} caps={'watchlist': 2, 'unknown': 0, 'geckoterminal': 287}
2026-02-27 12:17:21,903 [INFO] [u_station_ab_night_autotune_v2] __main__: FILTER_FAIL token=CHARLES reason=source_qos_symbol_cap symbol=CHARLES used=1/1
2026-02-27 12:17:21,916 [INFO] [u_station_ab_night_autotune_v2] __main__: FILTER_FAIL token=VIRTUAL reason=source_qos_cap source=watchlist used=2/2
2026-02-27 12:17:21,917 [INFO] [u_station_ab_night_autotune_v2] __main__: FILTER_FAIL token=JUNO reason=source_qos_cap source=watchlist used=2/2
2026-02-27 12:17:21,918 [INFO] [u_station_ab_night_autotune_v2] __main__: FILTER_FAIL token=AERO reason=source_qos_cap source=watchlist used=2/2
2026-02-27 12:17:21,918 [INFO] [u_station_ab_night_autotune_v2] __main__: FILTER_FAIL token=CHARLES reason=safe_age
2026-02-27 12:17:21,918 [INFO] [u_station_ab_night_autotune_v2] __main__: FILTER_PASS token=cbBTC tier=A score=100 mode=GREEN risk=MEDIUM liq=21908429 vol5m=20300
2026-02-27 12:17:21,918 [INFO] [u_station_ab_night_autotune_v2] __main__: FILTER_FAIL token=PCLAW reason=score_min score=40 strict_min=48 soft_min=48 mode=GREEN
2026-02-27 12:17:21,918 [INFO] [u_station_ab_night_autotune_v2] __main__: FILTER_PASS token=AIGF tier=A score=100 mode=GREEN risk=MEDIUM liq=203189 vol5m=10107
2026-02-27 12:17:21,918 [INFO] [u_station_ab_night_autotune_v2] __main__: FILTER_FAIL token=toothpaste reason=safe_age
2026-02-27 12:17:21,918 [INFO] [u_station_ab_night_autotune_v2] __main__: FILTER_FAIL token=CLAWRECIPES reason=safe_volume vol5m=4 min=5 regime=GREEN
2026-02-27 12:17:21,918 [INFO] [u_station_ab_night_autotune_v2] __main__: V2_QUALITY_GATE enabled=True regime=GREEN in=2 out=2 core_out=1 explore_out=1 probe_out=0 quota=1 max_symbol_share=0.500 drop={} sources_used={'watchlist': 2}
2026-02-27 12:17:21,918 [INFO] [u_station_ab_night_autotune_v2] __main__: V2_ENTRY_ROUTE enabled=True regime=GREEN in=2 out=2 core_out=1 explore_out=1 quota=1 allow_explore=True
2026-02-27 12:17:21,918 [INFO] [u_station_ab_night_autotune_v2] __main__: MARKET_REGIME mode=GREEN reason=avg_cand=2.58 avg_cand_recent=2.58
2026-02-27 12:17:21,947 [INFO] [u_station_ab_night_autotune_v2] trading.auto_trader: AutoTrade adjust token=cbBTC reason=min_trade_floor size=$0.09->$0.10 min=$0.10
2026-02-27 12:17:21,947 [INFO] [u_station_ab_night_autotune_v2] trading.auto_trader: AutoTrade skip token=cbBTC reason=ev_net_low expected_net=$-0.00434 min=$-0.00231 samples=32 conf=1.00 pwin=0.44 avg_win=$0.0065 avg_loss=$0.0091 kelly=0.000 mem=sparse trades=1<18
2026-02-27 12:17:21,948 [INFO] [u_station_ab_night_autotune_v2] trading.auto_trader: AutoTrade skip token=AIGF reason=blacklist detail=honeypot_guard:honeypot_api_status_404
2026-02-27 12:17:21,949 [INFO] [u_station_ab_night_autotune_v2] trading.auto_trader: AutoTrade batch mode=top_n candidates=2 eligible=2 selected=2 opened=0 pe=off burst_window=0
2026-02-27 12:17:21,950 [INFO] [u_station_ab_night_autotune_v2] __main__: Scanned 10 tokens | High quality: 2 | Alerts sent: 0 | Trade candidates: 2 | Quality out/core/explore/probe: 2/1/1/0 | Opened: 0 | Mode: local | Source: onchain+market | Policy: raw=OK/effective=OK(healthy | route=allow_all) | Regime: GREEN(avg_cand=2.58) | Safety: checked=2 fail_closed=0 reasons=api_code_4029:2 | FiltersTop(session): source_qos_cap:32,safe_age:6,score_min:5,safe_change_5m:4 | Dedup: heavy_skip=0 override=0 | V2Budget: 2/280 | SourceQoS: enabled=1/in=10/out=6/dropped=4/active_cd=0/drops=source_qos_cap:3,source_qos_symbol_cap:1 | Ingest: q=0/oldest=0.0s/drop_old=0/dedup_skip=0/enq=0/drain=5 | Sources: dex_boosts:ok=1/fail=0/429=0/lim_wait=0/cd_wait=0/err=0.0%/avg=46ms; dexscreener:ok=10/fail=0/429=0/lim_wait=0/cd_wait=0/err=0.0%/avg=187ms; onchain_enrich:ok=3/fail=0/429=0/lim_wait=0/cd_wait=0/err=0.0%/avg=49ms | Tasks: 3 | RSS: 0.0MB | CycleAvg: 9.30s
2026-02-27 12:17:26,385 [INFO] [u_station_ab_night_autotune_v2] __main__: WATCHLIST merged count=5
2026-02-27 12:17:26,385 [INFO] [u_station_ab_night_autotune_v2] trading.v2_runtime: V2_UNIVERSE in=5 dedup=5 out=5 target=5 novel_target=5 novel_out=0 repeat_dropped=0 symbol_dropped=0 surge_in=0 surge_target=0 surge_out=0
2026-02-27 12:17:26,385 [INFO] [u_station_ab_night_autotune_v2] __main__: V2_SOURCE_QOS_FILTER in=5 out=3 drops={'source_qos_cap': 2} caps={'watchlist': 3}
2026-02-27 12:17:26,385 [INFO] [u_station_ab_night_autotune_v2] __main__: FILTER_FAIL token=JUNO reason=source_qos_cap source=watchlist used=3/3
2026-02-27 12:17:26,385 [INFO] [u_station_ab_night_autotune_v2] __main__: FILTER_FAIL token=AERO reason=source_qos_cap source=watchlist used=3/3
2026-02-27 12:17:26,385 [INFO] [u_station_ab_night_autotune_v2] __main__: FILTER_PASS token=cbBTC tier=A score=100 mode=GREEN risk=MEDIUM liq=21908429 vol5m=20300
2026-02-27 12:17:26,385 [INFO] [u_station_ab_night_autotune_v2] __main__: FILTER_PASS token=AIGF tier=A score=100 mode=GREEN risk=MEDIUM liq=203189 vol5m=10107
2026-02-27 12:17:26,385 [INFO] [u_station_ab_night_autotune_v2] __main__: FILTER_PASS token=VIRTUAL tier=A score=85 mode=GREEN risk=MEDIUM liq=7499809 vol5m=3702
2026-02-27 12:17:26,385 [INFO] [u_station_ab_night_autotune_v2] __main__: V2_QUALITY_GATE enabled=True regime=GREEN in=3 out=3 core_out=1 explore_out=2 probe_out=0 quota=2 max_symbol_share=0.333 drop={} sources_used={'watchlist': 3}
2026-02-27 12:17:26,385 [INFO] [u_station_ab_night_autotune_v2] __main__: V2_ENTRY_ROUTE enabled=True regime=GREEN in=3 out=2 core_out=1 explore_out=1 quota=1 allow_explore=True
2026-02-27 12:17:26,401 [INFO] [u_station_ab_night_autotune_v2] __main__: MARKET_REGIME mode=GREEN reason=avg_cand=2.58 avg_cand_recent=2.58
2026-02-27 12:17:26,402 [INFO] [u_station_ab_night_autotune_v2] trading.auto_trader: AutoTrade adjust token=cbBTC reason=min_trade_floor size=$0.09->$0.10 min=$0.10
2026-02-27 12:17:26,403 [INFO] [u_station_ab_night_autotune_v2] trading.auto_trader: AutoTrade skip token=cbBTC reason=ev_net_low expected_net=$-0.00434 min=$-0.00231 samples=32 conf=1.00 pwin=0.44 avg_win=$0.0065 avg_loss=$0.0091 kelly=0.000 mem=sparse trades=1<18
2026-02-27 12:17:26,404 [INFO] [u_station_ab_night_autotune_v2] trading.auto_trader: AutoTrade skip token=AIGF reason=blacklist detail=honeypot_guard:honeypot_api_status_404
2026-02-27 12:17:26,404 [INFO] [u_station_ab_night_autotune_v2] trading.auto_trader: AutoTrade batch mode=top_n candidates=2 eligible=2 selected=2 opened=0 pe=off burst_window=0
2026-02-27 12:17:26,405 [INFO] [u_station_ab_night_autotune_v2] __main__: Scanned 5 tokens | High quality: 3 | Alerts sent: 0 | Trade candidates: 3 | Quality out/core/explore/probe: 3/1/2/0 | Opened: 0 | Mode: local | Source: onchain+market | Policy: raw=OK/effective=OK(healthy | route=allow_all) | Regime: GREEN(avg_cand=2.58) | Safety: checked=3 fail_closed=0 reasons=api_code_4029:3 | FiltersTop(session): source_qos_cap:34,safe_age:6,score_min:5,safe_change_5m:4 | Dedup: heavy_skip=0 override=0 | V2Budget: 3/280 | SourceQoS: enabled=1/in=5/out=3/dropped=2/active_cd=0/drops=source_qos_cap:2 | Ingest: q=0/oldest=0.0s/drop_old=0/dedup_skip=0/enq=0/drain=0 | Sources: dex_boosts:ok=1/fail=0/429=0/lim_wait=0/cd_wait=0/err=0.0%/avg=40ms; dexscreener:ok=10/fail=0/429=0/lim_wait=0/cd_wait=0/err=0.0%/avg=43ms | Tasks: 3 | RSS: 0.0MB | CycleAvg: 9.41s
2026-02-27 12:17:30,703 [INFO] [u_station_ab_night_autotune_v2] monitor.onchain_factory: PAIR_DETECTED source=uniswap_v2 dex=uniswap_v2 pair=0x1a828615d02f0332c50f9cc3946d07f7fc981d0e token0=0x4200000000000000000000000000000000000006 token1=0x9fdf48c29c7694424c37c01f9343134ad11a4bf1 block=42700849 factory=0x8909dc15e40173ff4699343b6eb8132c65e18ec6
2026-02-27 12:17:31,170 [INFO] [u_station_ab_night_autotune_v2] monitor.onchain_factory: ENRICH_RETRY token=0x9fdf48c29c7694424c37c01f9343134ad11a4bf1 pair=0x1a828615d02f0332c50f9cc3946d07f7fc981d0e attempt=1/2 delay=10s
2026-02-27 12:17:41,259 [INFO] [u_station_ab_night_autotune_v2] __main__: WATCHLIST merged count=5
2026-02-27 12:17:41,259 [INFO] [u_station_ab_night_autotune_v2] trading.v2_runtime: V2_UNIVERSE in=5 dedup=5 out=5 target=5 novel_target=5 novel_out=0 repeat_dropped=0 symbol_dropped=0 surge_in=0 surge_target=0 surge_out=0
2026-02-27 12:17:41,259 [INFO] [u_station_ab_night_autotune_v2] __main__: V2_SOURCE_QOS_FILTER in=5 out=3 drops={'source_qos_cap': 2} caps={'watchlist': 3}
2026-02-27 12:17:41,259 [INFO] [u_station_ab_night_autotune_v2] __main__: FILTER_FAIL token=JUNO reason=source_qos_cap source=watchlist used=3/3
2026-02-27 12:17:41,259 [INFO] [u_station_ab_night_autotune_v2] __main__: FILTER_FAIL token=AERO reason=source_qos_cap source=watchlist used=3/3
2026-02-27 12:17:41,259 [INFO] [u_station_ab_night_autotune_v2] __main__: FILTER_PASS token=cbBTC tier=A score=100 mode=GREEN risk=MEDIUM liq=21908429 vol5m=20300
2026-02-27 12:17:41,259 [INFO] [u_station_ab_night_autotune_v2] __main__: FILTER_PASS token=AIGF tier=A score=100 mode=GREEN risk=MEDIUM liq=203189 vol5m=10107
2026-02-27 12:17:41,259 [INFO] [u_station_ab_night_autotune_v2] __main__: FILTER_PASS token=VIRTUAL tier=A score=85 mode=GREEN risk=MEDIUM liq=7499809 vol5m=3702
2026-02-27 12:17:41,259 [INFO] [u_station_ab_night_autotune_v2] __main__: V2_QUALITY_GATE enabled=True regime=GREEN in=3 out=3 core_out=1 explore_out=2 probe_out=0 quota=2 max_symbol_share=0.333 drop={} sources_used={'watchlist': 3}
2026-02-27 12:17:41,259 [INFO] [u_station_ab_night_autotune_v2] __main__: V2_ENTRY_ROUTE enabled=True regime=GREEN in=3 out=2 core_out=1 explore_out=1 quota=1 allow_explore=True
2026-02-27 12:17:41,259 [INFO] [u_station_ab_night_autotune_v2] __main__: MARKET_REGIME mode=GREEN reason=avg_cand=2.58 avg_cand_recent=2.58
2026-02-27 12:17:41,259 [INFO] [u_station_ab_night_autotune_v2] trading.auto_trader: AutoTrade adjust token=cbBTC reason=min_trade_floor size=$0.09->$0.10 min=$0.10
2026-02-27 12:17:41,259 [INFO] [u_station_ab_night_autotune_v2] trading.auto_trader: AutoTrade skip token=cbBTC reason=ev_net_low expected_net=$-0.00434 min=$-0.00231 samples=32 conf=1.00 pwin=0.44 avg_win=$0.0065 avg_loss=$0.0091 kelly=0.000 mem=sparse trades=1<18
2026-02-27 12:17:41,259 [INFO] [u_station_ab_night_autotune_v2] trading.auto_trader: AutoTrade skip token=AIGF reason=blacklist detail=honeypot_guard:honeypot_api_status_404
2026-02-27 12:17:41,259 [INFO] [u_station_ab_night_autotune_v2] trading.auto_trader: AutoTrade batch mode=top_n candidates=2 eligible=2 selected=2 opened=0 pe=off burst_window=0
2026-02-27 12:17:41,259 [INFO] [u_station_ab_night_autotune_v2] trading.auto_trader: PAPER_SUMMARY window=60s closed_delta=0 wins_delta=0 losses_delta=0 realized_delta=$0.00 total_closed=95 winrate_total=44.2% realized_total=$0.32 balance=$7.32 equity=$7.32 open=0
2026-02-27 12:17:41,259 [INFO] [u_station_ab_night_autotune_v2] __main__: Scanned 5 tokens | High quality: 3 | Alerts sent: 0 | Trade candidates: 3 | Quality out/core/explore/probe: 3/1/2/0 | Opened: 0 | Mode: local | Source: onchain+market | Policy: raw=OK/effective=OK(healthy | route=allow_all) | Regime: GREEN(avg_cand=2.58) | Safety: checked=3 fail_closed=0 reasons=api_code_4029:3 | FiltersTop(session): source_qos_cap:36,safe_age:6,score_min:5,safe_change_5m:4 | Dedup: heavy_skip=0 override=0 | V2Budget: 3/280 | SourceQoS: enabled=1/in=5/out=3/dropped=2/active_cd=0/drops=source_qos_cap:2 | Ingest: q=0/oldest=0.0s/drop_old=0/dedup_skip=0/enq=0/drain=0 | Sources: dex_boosts:ok=1/fail=0/429=0/lim_wait=0/cd_wait=0/err=0.0%/avg=51ms; dexscreener:ok=10/fail=0/429=0/lim_wait=0/cd_wait=0/err=0.0%/avg=51ms; onchain_enrich:ok=4/fail=0/429=0/lim_wait=0/cd_wait=0/err=0.0%/avg=100ms | Tasks: 3 | RSS: 0.0MB | CycleAvg: 8.77s
2026-02-27 12:17:45,754 [INFO] [u_station_ab_night_autotune_v2] monitor.onchain_factory: ENRICH_RETRY token=0x9fdf48c29c7694424c37c01f9343134ad11a4bf1 pair=0x1a828615d02f0332c50f9cc3946d07f7fc981d0e attempt=1/2 delay=10s
2026-02-27 12:17:55,822 [INFO] [u_station_ab_night_autotune_v2] __main__: WATCHLIST merged count=5
2026-02-27 12:17:55,822 [INFO] [u_station_ab_night_autotune_v2] trading.v2_runtime: V2_UNIVERSE in=5 dedup=5 out=5 target=5 novel_target=5 novel_out=0 repeat_dropped=0 symbol_dropped=0 surge_in=0 surge_target=0 surge_out=0
2026-02-27 12:17:55,822 [INFO] [u_station_ab_night_autotune_v2] __main__: V2_SOURCE_QOS_FILTER in=5 out=3 drops={'source_qos_cap': 2} caps={'watchlist': 3}
2026-02-27 12:17:55,822 [INFO] [u_station_ab_night_autotune_v2] __main__: FILTER_FAIL token=JUNO reason=source_qos_cap source=watchlist used=3/3
2026-02-27 12:17:55,822 [INFO] [u_station_ab_night_autotune_v2] __main__: FILTER_FAIL token=AERO reason=source_qos_cap source=watchlist used=3/3
2026-02-27 12:17:55,822 [INFO] [u_station_ab_night_autotune_v2] __main__: FILTER_PASS token=cbBTC tier=A score=100 mode=GREEN risk=MEDIUM liq=21908429 vol5m=20300
2026-02-27 12:17:55,838 [INFO] [u_station_ab_night_autotune_v2] __main__: FILTER_PASS token=AIGF tier=A score=100 mode=GREEN risk=MEDIUM liq=203189 vol5m=10107
2026-02-27 12:17:55,838 [INFO] [u_station_ab_night_autotune_v2] __main__: FILTER_PASS token=VIRTUAL tier=A score=85 mode=GREEN risk=MEDIUM liq=7499809 vol5m=3702
2026-02-27 12:17:55,838 [INFO] [u_station_ab_night_autotune_v2] __main__: V2_QUALITY_GATE enabled=True regime=GREEN in=3 out=3 core_out=1 explore_out=2 probe_out=0 quota=2 max_symbol_share=0.333 drop={} sources_used={'watchlist': 3}
2026-02-27 12:17:55,838 [INFO] [u_station_ab_night_autotune_v2] __main__: V2_ENTRY_ROUTE enabled=True regime=GREEN in=3 out=2 core_out=1 explore_out=1 quota=1 allow_explore=True
2026-02-27 12:17:55,838 [INFO] [u_station_ab_night_autotune_v2] __main__: MARKET_REGIME mode=GREEN reason=avg_cand=2.67 avg_cand_recent=2.67
2026-02-27 12:17:55,838 [INFO] [u_station_ab_night_autotune_v2] trading.auto_trader: AutoTrade adjust token=cbBTC reason=min_trade_floor size=$0.09->$0.10 min=$0.10
2026-02-27 12:17:55,838 [INFO] [u_station_ab_night_autotune_v2] trading.auto_trader: AutoTrade skip token=cbBTC reason=ev_net_low expected_net=$-0.00434 min=$-0.00231 samples=32 conf=1.00 pwin=0.44 avg_win=$0.0065 avg_loss=$0.0091 kelly=0.000 mem=sparse trades=1<18
2026-02-27 12:17:55,838 [INFO] [u_station_ab_night_autotune_v2] trading.auto_trader: AutoTrade skip token=AIGF reason=blacklist detail=honeypot_guard:honeypot_api_status_404
2026-02-27 12:17:55,838 [INFO] [u_station_ab_night_autotune_v2] trading.auto_trader: AutoTrade batch mode=top_n candidates=2 eligible=2 selected=2 opened=0 pe=off burst_window=0
2026-02-27 12:17:55,838 [INFO] [u_station_ab_night_autotune_v2] __main__: Scanned 5 tokens | High quality: 3 | Alerts sent: 0 | Trade candidates: 3 | Quality out/core/explore/probe: 3/1/2/0 | Opened: 0 | Mode: local | Source: onchain+market | Policy: raw=OK/effective=OK(healthy | route=allow_all) | Regime: GREEN(avg_cand=2.67) | Safety: checked=3 fail_closed=0 reasons=api_code_4029:3 | FiltersTop(session): source_qos_cap:38,safe_age:6,score_min:5,safe_change_5m:4 | Dedup: heavy_skip=0 override=0 | V2Budget: 3/280 | SourceQoS: enabled=1/in=5/out=3/dropped=2/active_cd=0/drops=source_qos_cap:2 | Ingest: q=0/oldest=0.0s/drop_old=0/dedup_skip=0/enq=0/drain=0 | Sources: dex_boosts:ok=1/fail=0/429=0/lim_wait=0/cd_wait=0/err=0.0%/avg=47ms; dexscreener:ok=10/fail=0/429=0/lim_wait=0/cd_wait=0/err=0.0%/avg=182ms; onchain_enrich:ok=4/fail=0/429=0/lim_wait=0/cd_wait=0/err=0.0%/avg=31ms | Tasks: 3 | RSS: 0.0MB | CycleAvg: 8.90s
2026-02-27 12:18:00,454 [INFO] [u_station_ab_night_autotune_v2] monitor.onchain_factory: ENRICH_RETRY token=0x9fdf48c29c7694424c37c01f9343134ad11a4bf1 pair=0x1a828615d02f0332c50f9cc3946d07f7fc981d0e attempt=1/2 delay=10s
2026-02-27 12:18:10,853 [INFO] [u_station_ab_night_autotune_v2] __main__: WATCHLIST merged count=5
2026-02-27 12:18:10,853 [INFO] [u_station_ab_night_autotune_v2] trading.v2_runtime: V2_UNIVERSE in=5 dedup=5 out=5 target=5 novel_target=5 novel_out=0 repeat_dropped=0 symbol_dropped=0 surge_in=0 surge_target=0 surge_out=0
2026-02-27 12:18:10,853 [INFO] [u_station_ab_night_autotune_v2] __main__: V2_SOURCE_QOS_FILTER in=5 out=3 drops={'source_qos_cap': 2} caps={'watchlist': 3}
2026-02-27 12:18:10,853 [INFO] [u_station_ab_night_autotune_v2] __main__: FILTER_FAIL token=JUNO reason=source_qos_cap source=watchlist used=3/3
2026-02-27 12:18:10,853 [INFO] [u_station_ab_night_autotune_v2] __main__: FILTER_FAIL token=AERO reason=source_qos_cap source=watchlist used=3/3
2026-02-27 12:18:10,853 [INFO] [u_station_ab_night_autotune_v2] __main__: FILTER_PASS token=cbBTC tier=A score=100 mode=GREEN risk=MEDIUM liq=21908429 vol5m=20300
2026-02-27 12:18:10,853 [INFO] [u_station_ab_night_autotune_v2] __main__: FILTER_PASS token=AIGF tier=A score=100 mode=GREEN risk=MEDIUM liq=203189 vol5m=10107
2026-02-27 12:18:10,853 [INFO] [u_station_ab_night_autotune_v2] __main__: FILTER_PASS token=VIRTUAL tier=A score=85 mode=GREEN risk=MEDIUM liq=7499809 vol5m=3702
2026-02-27 12:18:10,853 [INFO] [u_station_ab_night_autotune_v2] __main__: V2_QUALITY_GATE enabled=True regime=GREEN in=3 out=3 core_out=1 explore_out=2 probe_out=0 quota=2 max_symbol_share=0.333 drop={} sources_used={'watchlist': 3}
2026-02-27 12:18:10,853 [INFO] [u_station_ab_night_autotune_v2] __main__: V2_ENTRY_ROUTE enabled=True regime=GREEN in=3 out=2 core_out=1 explore_out=1 quota=1 allow_explore=True
2026-02-27 12:18:10,853 [INFO] [u_station_ab_night_autotune_v2] __main__: MARKET_REGIME mode=GREEN reason=avg_cand=2.67 avg_cand_recent=2.67
2026-02-27 12:18:10,853 [INFO] [u_station_ab_night_autotune_v2] trading.auto_trader: AutoTrade adjust token=cbBTC reason=min_trade_floor size=$0.09->$0.10 min=$0.10
2026-02-27 12:18:10,869 [INFO] [u_station_ab_night_autotune_v2] trading.auto_trader: AutoTrade skip token=cbBTC reason=ev_net_low expected_net=$-0.00434 min=$-0.00231 samples=32 conf=1.00 pwin=0.44 avg_win=$0.0065 avg_loss=$0.0091 kelly=0.000 mem=sparse trades=1<18
2026-02-27 12:18:10,869 [INFO] [u_station_ab_night_autotune_v2] trading.auto_trader: AutoTrade skip token=AIGF reason=blacklist detail=honeypot_guard:honeypot_api_status_404
2026-02-27 12:18:10,869 [INFO] [u_station_ab_night_autotune_v2] trading.auto_trader: AutoTrade batch mode=top_n candidates=2 eligible=2 selected=2 opened=0 pe=off burst_window=0
2026-02-27 12:18:10,869 [INFO] [u_station_ab_night_autotune_v2] __main__: Scanned 5 tokens | High quality: 3 | Alerts sent: 0 | Trade candidates: 3 | Quality out/core/explore/probe: 3/1/2/0 | Opened: 0 | Mode: local | Source: onchain+market | Policy: raw=OK/effective=OK(healthy | route=allow_all) | Regime: GREEN(avg_cand=2.67) | Safety: checked=3 fail_closed=0 reasons=api_code_4029:3 | FiltersTop(session): source_qos_cap:40,safe_age:6,score_min:5,safe_change_5m:4 | Dedup: heavy_skip=0 override=0 | V2Budget: 3/280 | SourceQoS: enabled=1/in=5/out=3/dropped=2/active_cd=0/drops=source_qos_cap:2 | Ingest: q=0/oldest=0.0s/drop_old=0/dedup_skip=0/enq=0/drain=0 | Sources: dex_boosts:ok=1/fail=0/429=0/lim_wait=0/cd_wait=0/err=0.0%/avg=48ms; dexscreener:ok=10/fail=0/429=0/lim_wait=0/cd_wait=0/err=0.0%/avg=47ms; onchain_enrich:ok=4/fail=0/429=0/lim_wait=0/cd_wait=0/err=0.0%/avg=138ms; onchain_weth_price:ok=1/fail=0/429=0/lim_wait=0/cd_wait=0/err=0.0%/avg=49ms | Tasks: 3 | RSS: 0.0MB | CycleAvg: 9.01s
2026-02-27 12:18:15,425 [INFO] [u_station_ab_night_autotune_v2] monitor.onchain_factory: ENRICH_RETRY token=0x9fdf48c29c7694424c37c01f9343134ad11a4bf1 pair=0x1a828615d02f0332c50f9cc3946d07f7fc981d0e attempt=1/2 delay=10s
2026-02-27 12:18:25,504 [INFO] [u_station_ab_night_autotune_v2] __main__: WATCHLIST merged count=5
2026-02-27 12:18:25,504 [INFO] [u_station_ab_night_autotune_v2] trading.v2_runtime: V2_UNIVERSE in=5 dedup=5 out=5 target=5 novel_target=5 novel_out=0 repeat_dropped=0 symbol_dropped=0 surge_in=0 surge_target=0 surge_out=0
2026-02-27 12:18:25,504 [INFO] [u_station_ab_night_autotune_v2] __main__: V2_SOURCE_QOS_FILTER in=5 out=3 drops={'source_qos_cap': 2} caps={'watchlist': 3}
2026-02-27 12:18:25,504 [INFO] [u_station_ab_night_autotune_v2] __main__: FILTER_FAIL token=JUNO reason=source_qos_cap source=watchlist used=3/3
2026-02-27 12:18:25,519 [INFO] [u_station_ab_night_autotune_v2] __main__: FILTER_FAIL token=AERO reason=source_qos_cap source=watchlist used=3/3
2026-02-27 12:18:25,519 [INFO] [u_station_ab_night_autotune_v2] __main__: FILTER_PASS token=cbBTC tier=A score=100 mode=GREEN risk=MEDIUM liq=21908429 vol5m=20300
2026-02-27 12:18:25,519 [INFO] [u_station_ab_night_autotune_v2] __main__: FILTER_PASS token=AIGF tier=A score=100 mode=GREEN risk=MEDIUM liq=203189 vol5m=10107
2026-02-27 12:18:25,519 [INFO] [u_station_ab_night_autotune_v2] __main__: FILTER_PASS token=VIRTUAL tier=A score=85 mode=GREEN risk=MEDIUM liq=7499809 vol5m=3702
2026-02-27 12:18:25,519 [INFO] [u_station_ab_night_autotune_v2] __main__: V2_QUALITY_GATE enabled=True regime=GREEN in=3 out=3 core_out=1 explore_out=2 probe_out=0 quota=2 max_symbol_share=0.333 drop={} sources_used={'watchlist': 3}
2026-02-27 12:18:25,519 [INFO] [u_station_ab_night_autotune_v2] __main__: V2_ENTRY_ROUTE enabled=True regime=GREEN in=3 out=2 core_out=1 explore_out=1 quota=1 allow_explore=True
2026-02-27 12:18:25,519 [INFO] [u_station_ab_night_autotune_v2] __main__: MARKET_REGIME mode=GREEN reason=avg_cand=2.67 avg_cand_recent=2.67
2026-02-27 12:18:25,535 [INFO] [u_station_ab_night_autotune_v2] trading.auto_trader: AutoTrade adjust token=cbBTC reason=min_trade_floor size=$0.09->$0.10 min=$0.10
2026-02-27 12:18:25,535 [INFO] [u_station_ab_night_autotune_v2] trading.auto_trader: AutoTrade skip token=cbBTC reason=ev_net_low expected_net=$-0.00434 min=$-0.00231 samples=32 conf=1.00 pwin=0.44 avg_win=$0.0065 avg_loss=$0.0091 kelly=0.000 mem=sparse trades=1<18
2026-02-27 12:18:25,535 [INFO] [u_station_ab_night_autotune_v2] trading.auto_trader: AutoTrade skip token=AIGF reason=blacklist detail=honeypot_guard:honeypot_api_status_404
2026-02-27 12:18:25,535 [INFO] [u_station_ab_night_autotune_v2] trading.auto_trader: AutoTrade batch mode=top_n candidates=2 eligible=2 selected=2 opened=0 pe=off burst_window=0
2026-02-27 12:18:25,535 [INFO] [u_station_ab_night_autotune_v2] __main__: Scanned 5 tokens | High quality: 3 | Alerts sent: 0 | Trade candidates: 3 | Quality out/core/explore/probe: 3/1/2/0 | Opened: 0 | Mode: local | Source: onchain+market | Policy: raw=OK/effective=OK(healthy | route=allow_all) | Regime: GREEN(avg_cand=2.67) | Safety: checked=3 fail_closed=0 reasons=api_code_4029:3 | FiltersTop(session): source_qos_cap:42,safe_age:6,score_min:5,safe_change_5m:4 | Dedup: heavy_skip=0 override=0 | V2Budget: 3/280 | SourceQoS: enabled=1/in=5/out=3/dropped=2/active_cd=0/drops=source_qos_cap:2 | Ingest: q=1/oldest=7.0s/drop_old=0/dedup_skip=0/enq=1/drain=0 | Sources: dex_boosts:ok=1/fail=0/429=0/lim_wait=0/cd_wait=0/err=0.0%/avg=87ms; dexscreener:ok=10/fail=0/429=0/lim_wait=0/cd_wait=0/err=0.0%/avg=62ms; geckoterminal:ok=1/fail=0/429=0/lim_wait=0/cd_wait=0/err=0.0%/avg=147ms; onchain_enrich:ok=4/fail=0/429=0/lim_wait=0/cd_wait=0/err=0.0%/avg=33ms | Tasks: 3 | RSS: 0.0MB | CycleAvg: 9.13s
2026-02-27 12:18:30,053 [INFO] [u_station_ab_night_autotune_v2] monitor.onchain_factory: ENRICH_RETRY token=0x9fdf48c29c7694424c37c01f9343134ad11a4bf1 pair=0x1a828615d02f0332c50f9cc3946d07f7fc981d0e attempt=1/2 delay=10s
2026-02-27 12:18:40,117 [INFO] [u_station_ab_night_autotune_v2] __main__: WATCHLIST merged count=5
2026-02-27 12:18:40,117 [INFO] [u_station_ab_night_autotune_v2] trading.v2_runtime: V2_UNIVERSE in=6 dedup=6 out=6 target=6 novel_target=6 novel_out=1 repeat_dropped=0 symbol_dropped=0 surge_in=0 surge_target=0 surge_out=0
2026-02-27 12:18:40,117 [INFO] [u_station_ab_night_autotune_v2] __main__: V2_SOURCE_QOS_FILTER in=6 out=3 drops={'source_qos_cap': 3} caps={'unknown': 0, 'watchlist': 2}
2026-02-27 12:18:40,133 [INFO] [u_station_ab_night_autotune_v2] __main__: FILTER_FAIL token=VIRTUAL reason=source_qos_cap source=watchlist used=2/2
2026-02-27 12:18:40,139 [INFO] [u_station_ab_night_autotune_v2] __main__: FILTER_FAIL token=JUNO reason=source_qos_cap source=watchlist used=2/2
2026-02-27 12:18:40,139 [INFO] [u_station_ab_night_autotune_v2] __main__: FILTER_FAIL token=AERO reason=source_qos_cap source=watchlist used=2/2
2026-02-27 12:18:40,139 [INFO] [u_station_ab_night_autotune_v2] __main__: FILTER_PASS token=cbBTC tier=A score=100 mode=GREEN risk=MEDIUM liq=21908429 vol5m=20300
2026-02-27 12:18:40,139 [INFO] [u_station_ab_night_autotune_v2] __main__: FILTER_PASS token=AIGF tier=A score=100 mode=GREEN risk=MEDIUM liq=203189 vol5m=10107
2026-02-27 12:18:40,139 [INFO] [u_station_ab_night_autotune_v2] __main__: FILTER_FAIL token=VIRTERN reason=safe_age
2026-02-27 12:18:40,139 [INFO] [u_station_ab_night_autotune_v2] __main__: V2_QUALITY_GATE enabled=True regime=GREEN in=2 out=2 core_out=1 explore_out=1 probe_out=0 quota=1 max_symbol_share=0.500 drop={} sources_used={'watchlist': 2}
2026-02-27 12:18:40,139 [INFO] [u_station_ab_night_autotune_v2] __main__: V2_ENTRY_ROUTE enabled=True regime=GREEN in=2 out=2 core_out=1 explore_out=1 quota=1 allow_explore=True
2026-02-27 12:18:40,139 [INFO] [u_station_ab_night_autotune_v2] __main__: MARKET_REGIME mode=GREEN reason=avg_cand=2.67 avg_cand_recent=2.67
2026-02-27 12:18:40,139 [INFO] [u_station_ab_night_autotune_v2] trading.auto_trader: AutoTrade adjust token=cbBTC reason=min_trade_floor size=$0.09->$0.10 min=$0.10
2026-02-27 12:18:40,154 [INFO] [u_station_ab_night_autotune_v2] trading.auto_trader: AutoTrade skip token=cbBTC reason=ev_net_low expected_net=$-0.00434 min=$-0.00231 samples=32 conf=1.00 pwin=0.44 avg_win=$0.0065 avg_loss=$0.0091 kelly=0.000 mem=sparse trades=1<18
2026-02-27 12:18:40,154 [INFO] [u_station_ab_night_autotune_v2] trading.auto_trader: AutoTrade skip token=AIGF reason=blacklist detail=honeypot_guard:honeypot_api_status_404
2026-02-27 12:18:40,154 [INFO] [u_station_ab_night_autotune_v2] trading.auto_trader: AutoTrade batch mode=top_n candidates=2 eligible=2 selected=2 opened=0 pe=off burst_window=0
2026-02-27 12:18:40,154 [INFO] [u_station_ab_night_autotune_v2] __main__: Scanned 6 tokens | High quality: 2 | Alerts sent: 0 | Trade candidates: 2 | Quality out/core/explore/probe: 2/1/1/0 | Opened: 0 | Mode: local | Source: onchain+market | Policy: raw=OK/effective=OK(healthy | route=allow_all) | Regime: GREEN(avg_cand=2.67) | Safety: checked=2 fail_closed=0 reasons=api_code_4029:2 | FiltersTop(session): source_qos_cap:45,safe_age:7,score_min:5,safe_change_5m:4 | Dedup: heavy_skip=0 override=0 | V2Budget: 2/280 | SourceQoS: enabled=1/in=6/out=3/dropped=3/active_cd=0/drops=source_qos_cap:3 | Ingest: q=0/oldest=0.0s/drop_old=0/dedup_skip=0/enq=0/drain=1 | Sources: dex_boosts:ok=1/fail=0/429=0/lim_wait=0/cd_wait=0/err=0.0%/avg=39ms; dexscreener:ok=10/fail=0/429=0/lim_wait=0/cd_wait=0/err=0.0%/avg=191ms; onchain_enrich:ok=3/fail=0/429=0/lim_wait=0/cd_wait=0/err=0.0%/avg=48ms | Tasks: 3 | RSS: 0.0MB | CycleAvg: 9.21s
2026-02-27 12:18:44,169 [WARNING] [u_station_ab_night_autotune_v2] __main__: GRACEFUL_STOP requested path=D:\earnforme\solana-alert-bot\data\graceful_stop.u_station_ab_night_autotune_v2.signal
2026-02-27 12:18:44,228 [INFO] [u_station_ab_night_autotune_v2] trading.auto_trader: AUTOTRADER_SHUTDOWN reason=main_local_shutdown open=0 closed=95
