2026-02-27 11:54:43,274 [INFO] [u_station_ab_night_autotune_v2] __main__: SESSION_LOG file=logs/matrix/u_station_ab_night_autotune_v2\sessions\main_local_20260227_105443_pid1444.log
2026-02-27 11:54:43,299 [INFO] [u_station_ab_night_autotune_v2] trading.auto_trader_state: AutoTrade state loaded open=0 closed=90 balance=$7.35
2026-02-27 11:54:43,311 [WARNING] [u_station_ab_night_autotune_v2] trading.auto_trader: DATA_POLICY mode=OK reason=init_reset_manual prev_mode=OK prev_reason=healthy | route=allow_all
2026-02-27 11:54:43,311 [INFO] [u_station_ab_night_autotune_v2] __main__: AUTOTRADER_INIT state=ready reason=manual mode=paper
2026-02-27 11:54:43,313 [INFO] [u_station_ab_night_autotune_v2] __main__: Local mode started (Telegram disabled).
2026-02-27 11:54:43,821 [INFO] [u_station_ab_night_autotune_v2] monitor.onchain_factory: PAIR_DETECTED source=uniswap_v2 dex=uniswap_v2 pair=0xbe43694f849cf3a31d6c7e8b5e583e1e7bb0b042 token0=0x4200000000000000000000000000000000000006 token1=0xb601687cef391056836fd5dacf503a8650faa724 block=42700151 factory=0x8909dc15e40173ff4699343b6eb8132c65e18ec6
2026-02-27 11:54:43,821 [INFO] [u_station_ab_night_autotune_v2] monitor.onchain_factory: PAIR_DETECTED source=uniswap_v2 dex=uniswap_v2 pair=0xc596fcd7d2bc5bb5738559ed80eb01ffa02911f7 token0=0x1c52d1b7617ae41293656fed4181e7baf051bb07 token1=0x4200000000000000000000000000000000000006 block=42700162 factory=0x8909dc15e40173ff4699343b6eb8132c65e18ec6
2026-02-27 11:54:44,269 [INFO] [u_station_ab_night_autotune_v2] monitor.onchain_factory: ENRICH_RETRY token=0xb601687cef391056836fd5dacf503a8650faa724 pair=0xbe43694f849cf3a31d6c7e8b5e583e1e7bb0b042 attempt=1/2 delay=10s
2026-02-27 11:54:44,361 [INFO] [u_station_ab_night_autotune_v2] monitor.onchain_factory: ENRICH_RETRY token=0x1c52d1b7617ae41293656fed4181e7baf051bb07 pair=0xc596fcd7d2bc5bb5738559ed80eb01ffa02911f7 attempt=1/2 delay=10s
2026-02-27 11:54:55,621 [INFO] [u_station_ab_night_autotune_v2] __main__: WATCHLIST merged count=5
2026-02-27 11:54:55,621 [INFO] [u_station_ab_night_autotune_v2] trading.v2_runtime: V2_UNIVERSE in=17 dedup=17 out=17 target=17 novel_target=15 novel_out=17 repeat_dropped=0 symbol_dropped=0 surge_in=4 surge_target=4 surge_out=4
2026-02-27 11:54:55,622 [INFO] [u_station_ab_night_autotune_v2] __main__: V2_SOURCE_QOS_FILTER in=17 out=16 drops={'source_qos_symbol_cap': 1} caps={'watchlist': 56, 'geckoterminal': 395}
2026-02-27 11:54:55,624 [INFO] [u_station_ab_night_autotune_v2] __main__: FILTER_FAIL token=SON reason=source_qos_symbol_cap symbol=SON used=1/1
2026-02-27 11:54:55,625 [INFO] [u_station_ab_night_autotune_v2] __main__: FILTER_FAIL token=Pokémon30 reason=safe_age
2026-02-27 11:54:55,627 [INFO] [u_station_ab_night_autotune_v2] __main__: FILTER_FAIL token=CLAWNCH reason=safe_age
2026-02-27 11:54:55,628 [INFO] [u_station_ab_night_autotune_v2] __main__: FILTER_FAIL token=Tony reason=safe_age
2026-02-27 11:54:55,628 [INFO] [u_station_ab_night_autotune_v2] __main__: FILTER_FAIL token=ELORO reason=safe_age
2026-02-27 11:54:55,629 [INFO] [u_station_ab_night_autotune_v2] __main__: FILTER_PASS token=cbBTC tier=A score=100 mode=YELLOW risk=MEDIUM liq=19411314 vol5m=458641
2026-02-27 11:54:55,630 [INFO] [u_station_ab_night_autotune_v2] __main__: FILTER_FAIL token=SON reason=safe_age
2026-02-27 11:54:55,630 [INFO] [u_station_ab_night_autotune_v2] __main__: FILTER_PASS token=POKEPULL tier=A score=60 mode=YELLOW risk=MEDIUM liq=131483 vol5m=1509
2026-02-27 11:54:55,631 [INFO] [u_station_ab_night_autotune_v2] monitor.local_alerter: Local alert token=POKEPULL address=0xaec4ec186f8797abd10b8958218bbe29a9bf11c0 score=60 reco=HOLD risk=MEDIUM warnings=0 liq=131483 vol5m=1509
2026-02-27 11:54:55,632 [INFO] [u_station_ab_night_autotune_v2] __main__: FILTER_FAIL token=KIMCHI reason=safe_contract
2026-02-27 11:54:55,633 [INFO] [u_station_ab_night_autotune_v2] __main__: FILTER_PASS token=AIGF tier=A score=95 mode=YELLOW risk=MEDIUM liq=202047 vol5m=5059
2026-02-27 11:54:55,634 [INFO] [u_station_ab_night_autotune_v2] __main__: FILTER_PASS token=JUNO tier=A score=95 mode=YELLOW risk=MEDIUM liq=584965 vol5m=5671
2026-02-27 11:54:55,635 [INFO] [u_station_ab_night_autotune_v2] __main__: FILTER_PASS token=VIRTUAL tier=A score=75 mode=YELLOW risk=MEDIUM liq=7491400 vol5m=1694
2026-02-27 11:54:55,637 [INFO] [u_station_ab_night_autotune_v2] __main__: FILTER_FAIL token=DKIDS reason=score_min score=40 strict_min=48 soft_min=48 mode=YELLOW
2026-02-27 11:54:55,637 [INFO] [u_station_ab_night_autotune_v2] __main__: FILTER_PASS token=RUNCLAW tier=A score=60 mode=YELLOW risk=MEDIUM liq=20675 vol5m=6
2026-02-27 11:54:55,638 [INFO] [u_station_ab_night_autotune_v2] monitor.local_alerter: Local alert token=RUNCLAW address=0x7a9adf1eac64b53e0ed37300dc6caa2b42cd4ba3 score=60 reco=HOLD risk=MEDIUM warnings=0 liq=20675 vol5m=6
2026-02-27 11:54:55,639 [INFO] [u_station_ab_night_autotune_v2] __main__: FILTER_FAIL token=Replacement reason=safe_volume vol5m=4 min=6 regime=YELLOW
2026-02-27 11:54:55,640 [INFO] [u_station_ab_night_autotune_v2] __main__: FILTER_FAIL token=PARL reason=safe_volume vol5m=0 min=6 regime=YELLOW
2026-02-27 11:54:55,641 [INFO] [u_station_ab_night_autotune_v2] __main__: FILTER_FAIL token=AERO reason=safe_volume vol5m=1 min=6 regime=YELLOW
2026-02-27 11:54:55,641 [INFO] [u_station_ab_night_autotune_v2] trading.v2_runtime: V2_QUALITY_ROTATE symbols_core=0 symbols_cooldown=0 sources=2 top_core=- top_cooldown=-
2026-02-27 11:54:55,642 [INFO] [u_station_ab_night_autotune_v2] __main__: V2_QUALITY_GATE enabled=True regime=YELLOW in=6 out=6 core_out=2 explore_out=4 probe_out=0 quota=3 max_symbol_share=0.167 drop={'duplicate_address': 5} sources_used={'watchlist': 4, 'geckoterminal': 2}
2026-02-27 11:54:55,644 [INFO] [u_station_ab_night_autotune_v2] __main__: V2_ENTRY_ROUTE enabled=True regime=YELLOW in=6 out=5 core_out=2 explore_out=3 quota=3 allow_explore=True
2026-02-27 11:54:55,645 [WARNING] [u_station_ab_night_autotune_v2] trading.auto_trader: DATA_POLICY mode=OK reason=healthy | route=allow_all prev_mode=OK prev_reason=init_reset_manual
2026-02-27 11:54:55,645 [INFO] [u_station_ab_night_autotune_v2] __main__: MARKET_REGIME mode=YELLOW reason=hysteresis_recover_wait 1/4 raw=GREEN avg_cand_recent=6.00
2026-02-27 11:54:55,672 [INFO] [u_station_ab_night_autotune_v2] trading.auto_trader: AutoTrade adjust token=cbBTC reason=min_trade_floor size=$0.08->$0.10 min=$0.10
2026-02-27 11:54:55,674 [INFO] [u_station_ab_night_autotune_v2] trading.auto_trader: AutoTrade skip token=cbBTC reason=ev_net_low expected_net=$-0.00670 min=$-0.00249 samples=22 conf=1.00 pwin=0.50 avg_win=$0.0044 avg_loss=$0.0168 kelly=0.000 mem=sparse trades=0<18
2026-02-27 11:54:55,687 [INFO] [u_station_ab_night_autotune_v2] trading.auto_trader: AUTO_DECISION token=JUNO mode=YELLOW tier=A channel=core score=95 src=watchlist liq=584965 vol5m=5671 chg5m=8.11% edge=0.83% raw=0.77% regime_mult=1.08 edge_usd=$0.004 size=$0.45 mult=1.32(score=1.15 liq=1.15 vol=1.00 volat=1.00) reinvest=1.05(growth_steps=0 drawdown=5.16% loss_streak=0 edge=5.52%) size_mode=0.80 hold_mode=1.06 exec_lane=runner exec_mult(size=1.10 hold=1.32 edge=0.94) edge_gate_mult(usd=1.00,pct=1.00) quality(edge=0.98,size=1.04 detail=src_mult=1.00 ev=0.00000 edge(src_relax=0.000 src_tight=0.000 ev_adj=-0.000) size(src_relax=0.000 src_cut=0.000 ev_adj=0.000)) costs=8.83% gas=$0.028 ev_net=$0.00138 ev_samples=105 conf=1.00 pwin=0.60 avg_win=$0.0086 avg_loss=$0.0083 kelly=1.06(k=0.216) token_ev=sparse trades=0<18 cluster=s3|l3|v2|m3|r1 cluster_route=sparse samples=0<10 breakdown={'liquidity_score': 30, 'volume_score': 20, 'risk_score': 15, 'age_score': 15, 'safety_score': 15}
2026-02-27 11:54:55,913 [INFO] [u_station_ab_night_autotune_v2] trading.auto_trader: AUTO_BUY Paper BUY token=JUNO address=0x4e6c9f48f73e54ee5f3ab7e2992b2d733d0d0b07 mode=YELLOW tier=A channel=core lane=runner entry=$0.00001625 size=$0.45 score=95 edge=0.83% edge_usd=$0.004 mult=1.32(score=1.15 liq=1.15 vol=1.00 volat=1.00) hold=122s costs=2.70% gas=$0.03
2026-02-27 11:54:55,983 [INFO] [u_station_ab_night_autotune_v2] trading.auto_trader: AUTO_DECISION token=AIGF mode=YELLOW tier=A channel=core score=95 src=watchlist liq=202047 vol5m=5059 chg5m=3.94% edge=0.83% raw=0.77% regime_mult=1.08 edge_usd=$0.004 size=$0.45 mult=1.30(score=1.15 liq=1.08 vol=1.00 volat=1.05) reinvest=1.05(growth_steps=0 drawdown=5.16% loss_streak=0 edge=5.52%) size_mode=0.80 hold_mode=1.06 exec_lane=runner exec_mult(size=1.10 hold=1.32 edge=0.94) edge_gate_mult(usd=1.00,pct=1.00) quality(edge=0.98,size=1.04 detail=src_mult=1.00 ev=0.00000 edge(src_relax=0.000 src_tight=0.000 ev_adj=-0.000) size(src_relax=0.000 src_cut=0.000 ev_adj=0.000)) costs=8.83% gas=$0.028 ev_net=$0.00118 ev_samples=106 conf=1.00 pwin=0.59 avg_win=$0.0085 avg_loss=$0.0084 kelly=1.02(k=0.196) token_ev=sparse trades=0<18 cluster=s3|l2|v2|m2|r1 cluster_route=sparse samples=1<10 breakdown={'liquidity_score': 30, 'volume_score': 20, 'risk_score': 15, 'age_score': 15, 'safety_score': 15}
2026-02-27 11:54:56,020 [WARNING] [u_station_ab_night_autotune_v2] trading.auto_trader: AutoTrade skip token=AIGF reason=honeypot_guard detail=honeypot_api_status_404 mode=paper
2026-02-27 11:54:56,040 [INFO] [u_station_ab_night_autotune_v2] trading.auto_trader: AutoTrade adjust token=VIRTUAL reason=min_trade_floor size=$0.03->$0.10 min=$0.10
2026-02-27 11:54:56,047 [INFO] [u_station_ab_night_autotune_v2] trading.auto_trader: AutoTrade skip token=VIRTUAL reason=edge_low mode=both edge=-29.70% raw=-27.50% mult=1.08 min=0.05% probe_min=0.05% edge_usd=$-0.030 min_usd=$0.000 probe_min_usd=$0.000 size=$0.10 gross=3.20% costs=30.70% pwin=0.45 probe=- budget=0/1
2026-02-27 11:54:56,048 [INFO] [u_station_ab_night_autotune_v2] trading.auto_trader: AutoTrade batch mode=top_n candidates=5 eligible=4 selected=4 opened=1 pe=off burst_window=1
2026-02-27 11:54:56,441 [INFO] [u_station_ab_night_autotune_v2] __main__: FILTER_THRESHOLDS safe_volume_5m_min=$5 safe_liquidity_min=$8000 safe_age_min=240s score_min=48 edge_min=0.05% lock_floor=0.95 no_momentum_max_pnl=0.25 weakness_pnl=-2.60
2026-02-27 11:54:56,441 [INFO] [u_station_ab_night_autotune_v2] __main__: Scanned 17 tokens | High quality: 10 | Alerts sent: 2 | Trade candidates: 6 | Quality out/core/explore/probe: 6/2/4/0 | Opened: 1 | Mode: local | Source: onchain+market | Policy: raw=OK/effective=OK(healthy | route=allow_all) | Regime: YELLOW(hysteresis_recover_wait 1/4 raw=GREEN) | Safety: checked=7 fail_closed=0 reasons=api_code_4029:7 | FiltersTop(session): safe_age:5,safe_volume:3,source_qos_symbol_cap:1,safe_contract:1 | Dedup: heavy_skip=0 override=0 | V2Budget: 7/280 | SourceQoS: enabled=1/in=17/out=16/dropped=1/active_cd=0/drops=source_qos_symbol_cap:1 | Ingest: q=0/oldest=0.0s/drop_old=0/dedup_skip=0/enq=12/drain=12 | Sources: dex_boosts:ok=1/fail=0/429=0/lim_wait=0/cd_wait=0/err=0.0%/avg=124ms; dexscreener:ok=10/fail=0/429=0/lim_wait=0/cd_wait=0/err=0.0%/avg=274ms; geckoterminal:ok=2/fail=0/429=0/lim_wait=0/cd_wait=0/err=0.0%/avg=172ms; onchain_enrich:ok=8/fail=0/429=0/lim_wait=0/cd_wait=0/err=0.0%/avg=107ms; onchain_weth_price:ok=1/fail=0/429=0/lim_wait=0/cd_wait=0/err=0.0%/avg=52ms; watchlist_dex:ok=10/fail=0/429=0/lim_wait=0/cd_wait=0/err=0.0%/avg=90ms; watchlist_gecko:ok=6/fail=0/429=0/lim_wait=0/cd_wait=0/err=0.0%/avg=490ms | Tasks: 3 | RSS: 0.0MB | CycleAvg: 0.00s
2026-02-27 11:55:00,932 [INFO] [u_station_ab_night_autotune_v2] monitor.onchain_factory: ENRICH_RETRY token=0x1c52d1b7617ae41293656fed4181e7baf051bb07 pair=0xc596fcd7d2bc5bb5738559ed80eb01ffa02911f7 attempt=1/2 delay=10s
2026-02-27 11:55:00,935 [INFO] [u_station_ab_night_autotune_v2] monitor.onchain_factory: ENRICH_RETRY token=0xb601687cef391056836fd5dacf503a8650faa724 pair=0xbe43694f849cf3a31d6c7e8b5e583e1e7bb0b042 attempt=1/2 delay=10s
