2026-02-27 08:06:42,685 [INFO] [u_station_ab_night_autotune_v2] __main__: SESSION_LOG file=logs/matrix/u_station_ab_night_autotune_v2\sessions\main_local_20260227_070642_pid5684.log
2026-02-27 08:06:42,713 [INFO] [u_station_ab_night_autotune_v2] trading.auto_trader_state: AutoTrade state loaded open=0 closed=78 balance=$7.33
2026-02-27 08:06:42,724 [WARNING] [u_station_ab_night_autotune_v2] trading.auto_trader: DATA_POLICY mode=OK reason=init_reset_manual prev_mode=OK prev_reason=healthy | route=allow_all
2026-02-27 08:06:42,725 [INFO] [u_station_ab_night_autotune_v2] __main__: AUTOTRADER_INIT state=ready reason=manual mode=paper
2026-02-27 08:06:42,725 [INFO] [u_station_ab_night_autotune_v2] __main__: Local mode started (Telegram disabled).
2026-02-27 08:06:43,129 [INFO] [u_station_ab_night_autotune_v2] monitor.onchain_factory: PAIR_DETECTED source=uniswap_v2 dex=uniswap_v2 pair=0x002d6be6fe18a6a9c052dcaa94753f59a89f978f token0=0x2bc12bf81a8907234ab7b5407e7efbc10a9abb07 token1=0x4200000000000000000000000000000000000006 block=42693243 factory=0x8909dc15e40173ff4699343b6eb8132c65e18ec6
2026-02-27 08:06:43,129 [INFO] [u_station_ab_night_autotune_v2] monitor.onchain_factory: PAIR_DETECTED source=uniswap_v2 dex=uniswap_v2 pair=0xdb5005aa89275d957a42e8d08850a5823cd7d7a7 token0=0x4200000000000000000000000000000000000006 token1=0x54caab375abd58516651f0c4c1b880877b3f3145 block=42693247 factory=0x8909dc15e40173ff4699343b6eb8132c65e18ec6
2026-02-27 08:06:43,129 [INFO] [u_station_ab_night_autotune_v2] monitor.onchain_factory: PAIR_DETECTED source=uniswap_v2 dex=uniswap_v2 pair=0x2bb1f2c4d289ff46538b7cc04c2d6b1d24e5e844 token0=0x4200000000000000000000000000000000000006 token1=0x993fd1860ab2d22d3467a41e1af515894d71eb07 block=42693258 factory=0x8909dc15e40173ff4699343b6eb8132c65e18ec6
2026-02-27 08:06:43,129 [INFO] [u_station_ab_night_autotune_v2] monitor.onchain_factory: PAIR_DETECTED source=uniswap_v2 dex=uniswap_v2 pair=0xf7d47d9abb84a9172643898372708fca150e7b16 token0=0x4200000000000000000000000000000000000006 token1=0xf3b9692f6f867579690597a297d52cd52c9eab07 block=42693275 factory=0x8909dc15e40173ff4699343b6eb8132c65e18ec6
2026-02-27 08:06:43,129 [INFO] [u_station_ab_night_autotune_v2] monitor.onchain_factory: PAIR_DETECTED source=uniswap_v2 dex=uniswap_v2 pair=0x05327ddf178a34fba1d685856f929a4cbc9ceeb1 token0=0x4200000000000000000000000000000000000006 token1=0x8ff29c10086f7a2842734f23b2b66ccd1fc7eb07 block=42693289 factory=0x8909dc15e40173ff4699343b6eb8132c65e18ec6
2026-02-27 08:06:43,129 [INFO] [u_station_ab_night_autotune_v2] monitor.onchain_factory: PAIR_DETECTED source=uniswap_v2 dex=uniswap_v2 pair=0xb890a2476f22df0ac75bb7ec6044007db19ea21f token0=0x4200000000000000000000000000000000000006 token1=0x7f0d1631bec1b03bd51197cb3f39f0fa471d5ba3 block=42693320 factory=0x8909dc15e40173ff4699343b6eb8132c65e18ec6
2026-02-27 08:06:43,529 [INFO] [u_station_ab_night_autotune_v2] monitor.onchain_factory: ENRICH_RETRY token=0x7f0d1631bec1b03bd51197cb3f39f0fa471d5ba3 pair=0xb890a2476f22df0ac75bb7ec6044007db19ea21f attempt=1/2 delay=10s
2026-02-27 08:06:55,053 [INFO] [u_station_ab_night_autotune_v2] __main__: WATCHLIST merged count=4
2026-02-27 08:06:55,053 [INFO] [u_station_ab_night_autotune_v2] trading.v2_runtime: V2_UNIVERSE in=18 dedup=18 out=18 target=18 novel_target=16 novel_out=18 repeat_dropped=0 symbol_dropped=0 surge_in=8 surge_target=5 surge_out=8
2026-02-27 08:06:55,053 [INFO] [u_station_ab_night_autotune_v2] __main__: V2_SOURCE_QOS_FILTER in=18 out=13 drops={'source_qos_symbol_cap': 3, 'source_qos_cap': 2} caps={'unknown': 0, 'dexscreener': 292, 'watchlist': 2, 'geckoterminal': 287}
2026-02-27 08:06:55,053 [INFO] [u_station_ab_night_autotune_v2] __main__: FILTER_FAIL token=ToruCeoAI reason=source_qos_symbol_cap symbol=TORUCEOAI used=1/1
2026-02-27 08:06:55,053 [INFO] [u_station_ab_night_autotune_v2] __main__: FILTER_FAIL token=CHARLES reason=source_qos_symbol_cap symbol=CHARLES used=1/1
2026-02-27 08:06:55,053 [INFO] [u_station_ab_night_autotune_v2] __main__: FILTER_FAIL token=VIRTUAL reason=source_qos_cap source=watchlist used=2/2
2026-02-27 08:06:55,053 [INFO] [u_station_ab_night_autotune_v2] __main__: FILTER_FAIL token=AERO reason=source_qos_cap source=watchlist used=2/2
2026-02-27 08:06:55,053 [INFO] [u_station_ab_night_autotune_v2] __main__: FILTER_FAIL token=SAIRI reason=source_qos_symbol_cap symbol=SAIRI used=1/1
2026-02-27 08:06:55,053 [INFO] [u_station_ab_night_autotune_v2] __main__: FILTER_FAIL token=letterpfp reason=safe_change_5m
2026-02-27 08:06:55,053 [INFO] [u_station_ab_night_autotune_v2] __main__: FILTER_FAIL token=ONYX reason=safe_change_5m
2026-02-27 08:06:55,069 [INFO] [u_station_ab_night_autotune_v2] __main__: FILTER_FAIL token=CHARLES reason=safe_change_5m
2026-02-27 08:06:55,070 [INFO] [u_station_ab_night_autotune_v2] __main__: FILTER_FAIL token=Jellybean reason=safe_age
2026-02-27 08:06:55,070 [INFO] [u_station_ab_night_autotune_v2] __main__: FILTER_PASS token=ToruCeoAI tier=A score=100 mode=YELLOW risk=MEDIUM liq=69460 vol5m=12031
2026-02-27 08:06:55,070 [INFO] [u_station_ab_night_autotune_v2] monitor.local_alerter: Local alert token=ToruCeoAI address=0x82b674bef40106d7aaaed4a69ff8b77fe06902a2 score=100 reco=BUY risk=MEDIUM warnings=0 liq=69460 vol5m=12031
2026-02-27 08:06:55,070 [INFO] [u_station_ab_night_autotune_v2] __main__: FILTER_FAIL token=UPS reason=safe_age
2026-02-27 08:06:55,070 [INFO] [u_station_ab_night_autotune_v2] __main__: FILTER_FAIL token=Letter reason=safe_age
2026-02-27 08:06:55,070 [INFO] [u_station_ab_night_autotune_v2] __main__: FILTER_FAIL token=CLAWMART reason=safe_age
2026-02-27 08:06:55,070 [INFO] [u_station_ab_night_autotune_v2] __main__: FILTER_PASS token=POOPCOIN tier=A score=95 mode=YELLOW risk=MEDIUM liq=466639 vol5m=5109
2026-02-27 08:06:55,070 [INFO] [u_station_ab_night_autotune_v2] __main__: FILTER_FAIL token=npclaw reason=safe_age
2026-02-27 08:06:55,070 [INFO] [u_station_ab_night_autotune_v2] __main__: FILTER_PASS token=cbBTC tier=A score=85 mode=YELLOW risk=MEDIUM liq=19423845 vol5m=3950
2026-02-27 08:06:55,070 [INFO] [u_station_ab_night_autotune_v2] __main__: FILTER_FAIL token=liquid reason=safe_age
2026-02-27 08:06:55,070 [INFO] [u_station_ab_night_autotune_v2] __main__: FILTER_FAIL token=SAIRI reason=score_min score=20 strict_min=48 soft_min=48 mode=YELLOW
2026-02-27 08:06:55,070 [INFO] [u_station_ab_night_autotune_v2] trading.v2_runtime: V2_QUALITY_ROTATE symbols_core=0 symbols_cooldown=0 sources=1 top_core=- top_cooldown=-
2026-02-27 08:06:55,070 [INFO] [u_station_ab_night_autotune_v2] __main__: V2_QUALITY_GATE enabled=True regime=YELLOW in=3 out=3 core_out=1 explore_out=2 probe_out=0 quota=2 max_symbol_share=0.333 drop={} sources_used={'watchlist': 2, 'dexscreener': 1}
2026-02-27 08:06:55,070 [INFO] [u_station_ab_night_autotune_v2] __main__: V2_ENTRY_ROUTE enabled=True regime=YELLOW in=3 out=2 core_out=1 explore_out=1 quota=1 allow_explore=True
2026-02-27 08:06:55,070 [WARNING] [u_station_ab_night_autotune_v2] trading.auto_trader: DATA_POLICY mode=OK reason=healthy | route=allow_all prev_mode=OK prev_reason=init_reset_manual
2026-02-27 08:06:55,070 [INFO] [u_station_ab_night_autotune_v2] __main__: MARKET_REGIME mode=YELLOW reason=hysteresis_recover_wait 1/4 raw=GREEN avg_cand_recent=3.00
2026-02-27 08:06:55,111 [INFO] [u_station_ab_night_autotune_v2] trading.auto_trader: AutoTrade adjust token=ToruCeoAI reason=min_trade_floor size=$0.08->$0.10 min=$0.10
2026-02-27 08:06:55,112 [INFO] [u_station_ab_night_autotune_v2] trading.auto_trader: AutoTrade skip token=ToruCeoAI reason=edge_low mode=both edge=-22.36% raw=-20.70% mult=1.08 min=0.05% probe_min=0.05% edge_usd=$-0.022 min_usd=$0.000 probe_min_usd=$0.000 size=$0.10 gross=9.60% costs=30.30% pwin=0.85 probe=- budget=0/1
2026-02-27 08:06:55,115 [INFO] [u_station_ab_night_autotune_v2] trading.auto_trader: AutoTrade skip token=POOPCOIN reason=blacklist detail=honeypot_guard:honeypot_api_status_404
2026-02-27 08:06:55,115 [INFO] [u_station_ab_night_autotune_v2] trading.auto_trader: AutoTrade batch mode=top_n candidates=2 eligible=2 selected=2 opened=0 pe=off burst_window=0
2026-02-27 08:06:55,117 [INFO] [u_station_ab_night_autotune_v2] __main__: FILTER_THRESHOLDS safe_volume_5m_min=$5 safe_liquidity_min=$8000 safe_age_min=240s score_min=48 edge_min=0.05% lock_floor=0.95 no_momentum_max_pnl=0.25 weakness_pnl=-2.60
2026-02-27 08:06:55,117 [INFO] [u_station_ab_night_autotune_v2] __main__: Scanned 18 tokens | High quality: 8 | Alerts sent: 1 | Trade candidates: 3 | Quality out/core/explore/probe: 3/1/2/0 | Opened: 0 | Mode: local | Source: onchain+market | Policy: raw=OK/effective=OK(healthy | route=allow_all) | Regime: YELLOW(hysteresis_recover_wait 1/4 raw=GREEN) | Safety: checked=3 fail_closed=0 reasons=api_code_4029:3 | FiltersTop(session): safe_age:6,source_qos_symbol_cap:3,safe_change_5m:3,source_qos_cap:2 | Dedup: heavy_skip=0 override=0 | V2Budget: 3/280 | SourceQoS: enabled=1/in=18/out=13/dropped=5/active_cd=0/drops=source_qos_symbol_cap:3,source_qos_cap:2 | Ingest: q=0/oldest=0.0s/drop_old=0/dedup_skip=0/enq=11/drain=11 | Sources: dex_boosts:ok=1/fail=0/429=0/lim_wait=0/cd_wait=0/err=0.0%/avg=121ms; dexscreener:ok=11/fail=0/429=0/lim_wait=0/cd_wait=0/err=0.0%/avg=242ms; geckoterminal:ok=2/fail=0/429=0/lim_wait=0/cd_wait=0/err=0.0%/avg=161ms; onchain_enrich:ok=9/fail=0/429=0/lim_wait=0/cd_wait=0/err=0.0%/avg=99ms; onchain_weth_price:ok=1/fail=0/429=0/lim_wait=0/cd_wait=0/err=0.0%/avg=52ms; watchlist_dex:ok=10/fail=0/429=0/lim_wait=0/cd_wait=0/err=0.0%/avg=86ms; watchlist_gecko:ok=6/fail=0/429=0/lim_wait=0/cd_wait=0/err=0.0%/avg=510ms | Tasks: 3 | RSS: 0.0MB | CycleAvg: 0.00s
2026-02-27 08:06:59,568 [INFO] [u_station_ab_night_autotune_v2] monitor.onchain_factory: ENRICH_RETRY token=0x7f0d1631bec1b03bd51197cb3f39f0fa471d5ba3 pair=0xb890a2476f22df0ac75bb7ec6044007db19ea21f attempt=1/2 delay=10s
2026-02-27 08:07:09,669 [INFO] [u_station_ab_night_autotune_v2] __main__: WATCHLIST merged count=4
2026-02-27 08:07:09,669 [INFO] [u_station_ab_night_autotune_v2] trading.v2_runtime: V2_UNIVERSE in=4 dedup=4 out=4 target=4 novel_target=4 novel_out=0 repeat_dropped=0 symbol_dropped=0 surge_in=0 surge_target=0 surge_out=0
2026-02-27 08:07:09,670 [INFO] [u_station_ab_night_autotune_v2] __main__: V2_SOURCE_QOS_FILTER in=4 out=3 drops={'source_qos_cap': 1} caps={'watchlist': 3}
2026-02-27 08:07:09,671 [INFO] [u_station_ab_night_autotune_v2] __main__: FILTER_FAIL token=AERO reason=source_qos_cap source=watchlist used=3/3
2026-02-27 08:07:09,672 [INFO] [u_station_ab_night_autotune_v2] __main__: FILTER_PASS token=POOPCOIN tier=A score=95 mode=YELLOW risk=MEDIUM liq=466639 vol5m=5109
2026-02-27 08:07:09,673 [INFO] [u_station_ab_night_autotune_v2] __main__: FILTER_PASS token=cbBTC tier=A score=85 mode=YELLOW risk=MEDIUM liq=19423845 vol5m=3950
2026-02-27 08:07:09,674 [INFO] [u_station_ab_night_autotune_v2] __main__: FILTER_PASS token=VIRTUAL tier=A score=75 mode=YELLOW risk=MEDIUM liq=7641189 vol5m=1560
2026-02-27 08:07:09,676 [INFO] [u_station_ab_night_autotune_v2] __main__: V2_QUALITY_GATE enabled=True regime=YELLOW in=3 out=3 core_out=1 explore_out=2 probe_out=0 quota=2 max_symbol_share=0.333 drop={} sources_used={'watchlist': 3}
2026-02-27 08:07:09,676 [INFO] [u_station_ab_night_autotune_v2] __main__: V2_ENTRY_ROUTE enabled=True regime=YELLOW in=3 out=2 core_out=1 explore_out=1 quota=1 allow_explore=True
2026-02-27 08:07:09,677 [INFO] [u_station_ab_night_autotune_v2] __main__: MARKET_REGIME mode=YELLOW reason=hysteresis_recover_wait 2/4 raw=GREEN avg_cand_recent=3.00
2026-02-27 08:07:09,678 [INFO] [u_station_ab_night_autotune_v2] trading.auto_trader: AutoTrade skip token=POOPCOIN reason=blacklist detail=honeypot_guard:honeypot_api_status_404
2026-02-27 08:07:09,678 [INFO] [u_station_ab_night_autotune_v2] trading.auto_trader: AutoTrade adjust token=cbBTC reason=min_trade_floor size=$0.06->$0.10 min=$0.10
2026-02-27 08:07:09,694 [INFO] [u_station_ab_night_autotune_v2] trading.auto_trader: AutoTrade skip token=cbBTC reason=edge_low mode=both edge=-26.03% raw=-24.10% mult=1.08 min=0.05% probe_min=0.05% edge_usd=$-0.026 min_usd=$0.000 probe_min_usd=$0.000 size=$0.10 gross=6.40% costs=30.50% pwin=0.65 probe=- budget=0/1
2026-02-27 08:07:09,694 [INFO] [u_station_ab_night_autotune_v2] trading.auto_trader: AutoTrade batch mode=top_n candidates=2 eligible=2 selected=2 opened=0 pe=off burst_window=0
2026-02-27 08:07:09,694 [INFO] [u_station_ab_night_autotune_v2] __main__: Scanned 4 tokens | High quality: 3 | Alerts sent: 0 | Trade candidates: 3 | Quality out/core/explore/probe: 3/1/2/0 | Opened: 0 | Mode: local | Source: onchain+market | Policy: raw=OK/effective=OK(healthy | route=allow_all) | Regime: YELLOW(hysteresis_recover_wait 2/4 raw=GREEN) | Safety: checked=3 fail_closed=0 reasons=api_code_4029:3 | FiltersTop(session): safe_age:6,source_qos_symbol_cap:3,source_qos_cap:3,safe_change_5m:3 | Dedup: heavy_skip=0 override=0 | V2Budget: 3/280 | SourceQoS: enabled=1/in=4/out=3/dropped=1/active_cd=0/drops=source_qos_cap:1 | Ingest: q=0/oldest=0.0s/drop_old=0/dedup_skip=0/enq=0/drain=0 | Sources: dex_boosts:ok=1/fail=0/429=0/lim_wait=0/cd_wait=0/err=0.0%/avg=104ms; dexscreener:ok=11/fail=0/429=0/lim_wait=0/cd_wait=0/err=0.0%/avg=99ms; onchain_enrich:ok=4/fail=0/429=0/lim_wait=0/cd_wait=0/err=0.0%/avg=36ms | Tasks: 3 | RSS: 0.0MB | CycleAvg: 12.39s
2026-02-27 08:07:13,953 [INFO] [u_station_ab_night_autotune_v2] monitor.onchain_factory: PAIR_DETECTED source=uniswap_v2 dex=uniswap_v2 pair=0x9f5dfbecaaca8e411487f9f06488ba54aab9a443 token0=0x4200000000000000000000000000000000000006 token1=0x6b2b250922a082b23453205d0fd20613a65ebb07 block=42693336 factory=0x8909dc15e40173ff4699343b6eb8132c65e18ec6
2026-02-27 08:07:13,969 [INFO] [u_station_ab_night_autotune_v2] monitor.onchain_factory: PAIR_DETECTED source=uniswap_v2 dex=uniswap_v2 pair=0xd6db1e7172c92218e9322e6b60494d1d748255fa token0=0x4200000000000000000000000000000000000006 token1=0x9eb714c36506af8d901f9ad830353fe2f67ee438 block=42693340 factory=0x8909dc15e40173ff4699343b6eb8132c65e18ec6
2026-02-27 08:07:14,386 [INFO] [u_station_ab_night_autotune_v2] monitor.onchain_factory: ENRICH_RETRY token=0x6b2b250922a082b23453205d0fd20613a65ebb07 pair=0x9f5dfbecaaca8e411487f9f06488ba54aab9a443 attempt=1/2 delay=10s
2026-02-27 08:07:14,486 [INFO] [u_station_ab_night_autotune_v2] monitor.onchain_factory: ENRICH_RETRY token=0x9eb714c36506af8d901f9ad830353fe2f67ee438 pair=0xd6db1e7172c92218e9322e6b60494d1d748255fa attempt=1/2 delay=10s
2026-02-27 08:07:24,556 [INFO] [u_station_ab_night_autotune_v2] __main__: WATCHLIST merged count=4
2026-02-27 08:07:24,571 [INFO] [u_station_ab_night_autotune_v2] trading.v2_runtime: V2_UNIVERSE in=5 dedup=5 out=5 target=5 novel_target=5 novel_out=1 repeat_dropped=0 symbol_dropped=0 surge_in=0 surge_target=0 surge_out=0
2026-02-27 08:07:24,571 [INFO] [u_station_ab_night_autotune_v2] __main__: V2_SOURCE_QOS_FILTER in=5 out=3 drops={'source_qos_cap': 2} caps={'unknown': 0, 'watchlist': 2}
2026-02-27 08:07:24,571 [INFO] [u_station_ab_night_autotune_v2] __main__: FILTER_FAIL token=VIRTUAL reason=source_qos_cap source=watchlist used=2/2
2026-02-27 08:07:24,571 [INFO] [u_station_ab_night_autotune_v2] __main__: FILTER_FAIL token=AERO reason=source_qos_cap source=watchlist used=2/2
2026-02-27 08:07:24,571 [INFO] [u_station_ab_night_autotune_v2] __main__: FILTER_PASS token=POOPCOIN tier=A score=95 mode=YELLOW risk=MEDIUM liq=466639 vol5m=5109
2026-02-27 08:07:24,571 [INFO] [u_station_ab_night_autotune_v2] __main__: FILTER_PASS token=cbBTC tier=A score=85 mode=YELLOW risk=MEDIUM liq=19423845 vol5m=3950
2026-02-27 08:07:24,571 [INFO] [u_station_ab_night_autotune_v2] __main__: FILTER_FAIL token=NOOK reason=excluded_symbol
2026-02-27 08:07:24,571 [INFO] [u_station_ab_night_autotune_v2] __main__: V2_QUALITY_GATE enabled=True regime=YELLOW in=2 out=2 core_out=1 explore_out=1 probe_out=0 quota=1 max_symbol_share=0.500 drop={} sources_used={'watchlist': 2}
2026-02-27 08:07:24,571 [INFO] [u_station_ab_night_autotune_v2] __main__: V2_ENTRY_ROUTE enabled=True regime=YELLOW in=2 out=2 core_out=1 explore_out=1 quota=1 allow_explore=True
2026-02-27 08:07:24,571 [INFO] [u_station_ab_night_autotune_v2] __main__: MARKET_REGIME mode=YELLOW reason=hysteresis_recover_wait 3/4 raw=GREEN avg_cand_recent=2.67
2026-02-27 08:07:24,571 [INFO] [u_station_ab_night_autotune_v2] trading.auto_trader: AutoTrade skip token=POOPCOIN reason=blacklist detail=honeypot_guard:honeypot_api_status_404
2026-02-27 08:07:24,571 [INFO] [u_station_ab_night_autotune_v2] trading.auto_trader: AutoTrade adjust token=cbBTC reason=min_trade_floor size=$0.06->$0.10 min=$0.10
2026-02-27 08:07:24,571 [INFO] [u_station_ab_night_autotune_v2] trading.auto_trader: AutoTrade skip token=cbBTC reason=edge_low mode=both edge=-26.03% raw=-24.10% mult=1.08 min=0.05% probe_min=0.05% edge_usd=$-0.026 min_usd=$0.000 probe_min_usd=$0.000 size=$0.10 gross=6.40% costs=30.50% pwin=0.65 probe=- budget=0/1
2026-02-27 08:07:24,571 [INFO] [u_station_ab_night_autotune_v2] trading.auto_trader: AutoTrade batch mode=top_n candidates=2 eligible=2 selected=2 opened=0 pe=off burst_window=0
2026-02-27 08:07:24,571 [INFO] [u_station_ab_night_autotune_v2] __main__: Scanned 5 tokens | High quality: 2 | Alerts sent: 0 | Trade candidates: 2 | Quality out/core/explore/probe: 2/1/1/0 | Opened: 0 | Mode: local | Source: onchain+market | Policy: raw=OK/effective=OK(healthy | route=allow_all) | Regime: YELLOW(hysteresis_recover_wait 3/4 raw=GREEN) | Safety: checked=2 fail_closed=0 reasons=api_code_4029:2 | FiltersTop(session): safe_age:6,source_qos_cap:5,source_qos_symbol_cap:3,safe_change_5m:3 | Dedup: heavy_skip=0 override=0 | V2Budget: 2/280 | SourceQoS: enabled=1/in=5/out=3/dropped=2/active_cd=0/drops=source_qos_cap:2 | Ingest: q=0/oldest=0.0s/drop_old=0/dedup_skip=0/enq=0/drain=0 | Sources: dex_boosts:ok=1/fail=0/429=0/lim_wait=0/cd_wait=0/err=0.0%/avg=33ms; dexscreener:ok=11/fail=0/429=0/lim_wait=0/cd_wait=0/err=0.0%/avg=138ms; onchain_enrich:ok=9/fail=0/429=0/lim_wait=0/cd_wait=0/err=0.0%/avg=106ms | Tasks: 3 | RSS: 0.0MB | CycleAvg: 11.48s
2026-02-27 08:07:28,853 [INFO] [u_station_ab_night_autotune_v2] monitor.onchain_factory: PAIR_DETECTED source=uniswap_v2 dex=uniswap_v2 pair=0x42990e481f0c8420da6f891f3f6691c0fb2658bf token0=0x4200000000000000000000000000000000000006 token1=0x66d909d4dee4dd9c5589f72b929bf8abdcceeb07 block=42693347 factory=0x8909dc15e40173ff4699343b6eb8132c65e18ec6
2026-02-27 08:07:29,053 [INFO] [u_station_ab_night_autotune_v2] monitor.onchain_factory: ENRICH_RETRY token=0x9eb714c36506af8d901f9ad830353fe2f67ee438 pair=0xd6db1e7172c92218e9322e6b60494d1d748255fa attempt=1/2 delay=10s
2026-02-27 08:07:29,053 [INFO] [u_station_ab_night_autotune_v2] monitor.onchain_factory: ENRICH_RETRY token=0x6b2b250922a082b23453205d0fd20613a65ebb07 pair=0x9f5dfbecaaca8e411487f9f06488ba54aab9a443 attempt=1/2 delay=10s
2026-02-27 08:07:29,303 [INFO] [u_station_ab_night_autotune_v2] monitor.onchain_factory: ENRICH_RETRY token=0x66d909d4dee4dd9c5589f72b929bf8abdcceeb07 pair=0x42990e481f0c8420da6f891f3f6691c0fb2658bf attempt=1/2 delay=10s
2026-02-27 08:07:39,389 [INFO] [u_station_ab_night_autotune_v2] __main__: WATCHLIST merged count=4
2026-02-27 08:07:39,389 [INFO] [u_station_ab_night_autotune_v2] trading.v2_runtime: V2_UNIVERSE in=4 dedup=4 out=4 target=4 novel_target=4 novel_out=0 repeat_dropped=0 symbol_dropped=0 surge_in=0 surge_target=0 surge_out=0
2026-02-27 08:07:39,390 [INFO] [u_station_ab_night_autotune_v2] __main__: V2_SOURCE_QOS_FILTER in=4 out=3 drops={'source_qos_cap': 1} caps={'watchlist': 3}
2026-02-27 08:07:39,391 [INFO] [u_station_ab_night_autotune_v2] __main__: FILTER_FAIL token=AERO reason=source_qos_cap source=watchlist used=3/3
2026-02-27 08:07:39,391 [INFO] [u_station_ab_night_autotune_v2] __main__: FILTER_PASS token=POOPCOIN tier=A score=95 mode=YELLOW risk=MEDIUM liq=466639 vol5m=5109
2026-02-27 08:07:39,392 [INFO] [u_station_ab_night_autotune_v2] __main__: FILTER_PASS token=cbBTC tier=A score=85 mode=YELLOW risk=MEDIUM liq=19423845 vol5m=3950
2026-02-27 08:07:39,393 [INFO] [u_station_ab_night_autotune_v2] __main__: FILTER_PASS token=VIRTUAL tier=A score=75 mode=YELLOW risk=MEDIUM liq=7641189 vol5m=1560
2026-02-27 08:07:39,394 [INFO] [u_station_ab_night_autotune_v2] __main__: V2_QUALITY_GATE enabled=True regime=GREEN in=3 out=3 core_out=1 explore_out=2 probe_out=0 quota=2 max_symbol_share=0.333 drop={} sources_used={'watchlist': 3}
2026-02-27 08:07:39,395 [INFO] [u_station_ab_night_autotune_v2] __main__: V2_ENTRY_ROUTE enabled=True regime=GREEN in=3 out=2 core_out=1 explore_out=1 quota=1 allow_explore=True
2026-02-27 08:07:39,395 [INFO] [u_station_ab_night_autotune_v2] __main__: MARKET_REGIME mode=GREEN reason=avg_cand=2.75 avg_cand_recent=2.75
2026-02-27 08:07:39,395 [WARNING] [u_station_ab_night_autotune_v2] monitor.local_alerter: Local event symbol=MARKET_MODE reco=GREEN risk=INFO
2026-02-27 08:07:39,396 [INFO] [u_station_ab_night_autotune_v2] trading.auto_trader: AutoTrade skip token=POOPCOIN reason=blacklist detail=honeypot_guard:honeypot_api_status_404
2026-02-27 08:07:39,396 [INFO] [u_station_ab_night_autotune_v2] trading.auto_trader: AutoTrade adjust token=cbBTC reason=min_trade_floor size=$0.06->$0.10 min=$0.10
2026-02-27 08:07:39,396 [INFO] [u_station_ab_night_autotune_v2] trading.auto_trader: AutoTrade skip token=cbBTC reason=edge_low mode=both edge=-26.03% raw=-24.10% mult=1.08 min=0.05% probe_min=0.05% edge_usd=$-0.026 min_usd=$0.000 probe_min_usd=$0.000 size=$0.10 gross=6.40% costs=30.50% pwin=0.65 probe=- budget=0/1
2026-02-27 08:07:39,396 [INFO] [u_station_ab_night_autotune_v2] trading.auto_trader: AutoTrade batch mode=top_n candidates=2 eligible=2 selected=2 opened=0 pe=off burst_window=0
2026-02-27 08:07:39,396 [INFO] [u_station_ab_night_autotune_v2] __main__: Scanned 4 tokens | High quality: 3 | Alerts sent: 0 | Trade candidates: 3 | Quality out/core/explore/probe: 3/1/2/0 | Opened: 0 | Mode: local | Source: onchain+market | Policy: raw=OK/effective=OK(healthy | route=allow_all) | Regime: GREEN(avg_cand=2.75) | Safety: checked=3 fail_closed=0 reasons=api_code_4029:3 | FiltersTop(session): source_qos_cap:6,safe_age:6,source_qos_symbol_cap:3,safe_change_5m:3 | Dedup: heavy_skip=0 override=0 | V2Budget: 3/280 | SourceQoS: enabled=1/in=4/out=3/dropped=1/active_cd=0/drops=source_qos_cap:1 | Ingest: q=0/oldest=0.0s/drop_old=0/dedup_skip=0/enq=0/drain=0 | Sources: dex_boosts:ok=1/fail=0/429=0/lim_wait=0/cd_wait=0/err=0.0%/avg=88ms; dexscreener:ok=11/fail=0/429=0/lim_wait=0/cd_wait=0/err=0.0%/avg=77ms; onchain_enrich:ok=12/fail=0/429=0/lim_wait=0/cd_wait=0/err=0.0%/avg=55ms | Tasks: 3 | RSS: 0.0MB | CycleAvg: 11.28s
2026-02-27 08:07:43,662 [INFO] [u_station_ab_night_autotune_v2] monitor.onchain_factory: PAIR_DETECTED source=uniswap_v2 dex=uniswap_v2 pair=0x40498fbd8bb85062964ba857b824ba337c7e64f2 token0=0x4200000000000000000000000000000000000006 token1=0xa587d840def5abe8833f430552ce5fa931bf47be block=42693353 factory=0x8909dc15e40173ff4699343b6eb8132c65e18ec6
2026-02-27 08:07:43,853 [INFO] [u_station_ab_night_autotune_v2] monitor.onchain_factory: ENRICH_RETRY token=0x9eb714c36506af8d901f9ad830353fe2f67ee438 pair=0xd6db1e7172c92218e9322e6b60494d1d748255fa attempt=1/2 delay=10s
2026-02-27 08:07:43,853 [INFO] [u_station_ab_night_autotune_v2] monitor.onchain_factory: ENRICH_RETRY token=0x6b2b250922a082b23453205d0fd20613a65ebb07 pair=0x9f5dfbecaaca8e411487f9f06488ba54aab9a443 attempt=1/2 delay=10s
2026-02-27 08:07:43,918 [INFO] [u_station_ab_night_autotune_v2] monitor.onchain_factory: ENRICH_RETRY token=0x66d909d4dee4dd9c5589f72b929bf8abdcceeb07 pair=0x42990e481f0c8420da6f891f3f6691c0fb2658bf attempt=1/2 delay=10s
2026-02-27 08:07:44,121 [INFO] [u_station_ab_night_autotune_v2] monitor.onchain_factory: ENRICH_RETRY token=0xa587d840def5abe8833f430552ce5fa931bf47be pair=0x40498fbd8bb85062964ba857b824ba337c7e64f2 attempt=1/2 delay=10s
2026-02-27 08:07:54,223 [INFO] [u_station_ab_night_autotune_v2] __main__: WATCHLIST merged count=4
2026-02-27 08:07:54,223 [INFO] [u_station_ab_night_autotune_v2] trading.v2_runtime: V2_UNIVERSE in=5 dedup=5 out=5 target=5 novel_target=5 novel_out=1 repeat_dropped=0 symbol_dropped=0 surge_in=0 surge_target=0 surge_out=0
2026-02-27 08:07:54,223 [INFO] [u_station_ab_night_autotune_v2] __main__: V2_SOURCE_QOS_FILTER in=5 out=3 drops={'source_qos_cap': 2} caps={'unknown': 0, 'watchlist': 2}
2026-02-27 08:07:54,223 [INFO] [u_station_ab_night_autotune_v2] __main__: FILTER_FAIL token=VIRTUAL reason=source_qos_cap source=watchlist used=2/2
2026-02-27 08:07:54,223 [INFO] [u_station_ab_night_autotune_v2] __main__: FILTER_FAIL token=AERO reason=source_qos_cap source=watchlist used=2/2
2026-02-27 08:07:54,223 [INFO] [u_station_ab_night_autotune_v2] __main__: FILTER_FAIL token=Hippo reason=safe_age
2026-02-27 08:07:54,223 [INFO] [u_station_ab_night_autotune_v2] __main__: FILTER_PASS token=POOPCOIN tier=A score=95 mode=GREEN risk=MEDIUM liq=466639 vol5m=5109
2026-02-27 08:07:54,223 [INFO] [u_station_ab_night_autotune_v2] __main__: FILTER_PASS token=cbBTC tier=A score=85 mode=GREEN risk=MEDIUM liq=19423845 vol5m=3950
2026-02-27 08:07:54,223 [INFO] [u_station_ab_night_autotune_v2] __main__: V2_QUALITY_GATE enabled=True regime=GREEN in=2 out=2 core_out=1 explore_out=1 probe_out=0 quota=1 max_symbol_share=0.500 drop={} sources_used={'watchlist': 2}
2026-02-27 08:07:54,223 [INFO] [u_station_ab_night_autotune_v2] __main__: V2_ENTRY_ROUTE enabled=True regime=GREEN in=2 out=2 core_out=1 explore_out=1 quota=1 allow_explore=True
2026-02-27 08:07:54,223 [INFO] [u_station_ab_night_autotune_v2] __main__: MARKET_REGIME mode=GREEN reason=avg_cand=2.60 avg_cand_recent=2.60
2026-02-27 08:07:54,223 [INFO] [u_station_ab_night_autotune_v2] trading.auto_trader: AutoTrade skip token=POOPCOIN reason=blacklist detail=honeypot_guard:honeypot_api_status_404
2026-02-27 08:07:54,239 [INFO] [u_station_ab_night_autotune_v2] trading.auto_trader: AutoTrade adjust token=cbBTC reason=min_trade_floor size=$0.06->$0.10 min=$0.10
2026-02-27 08:07:54,239 [INFO] [u_station_ab_night_autotune_v2] trading.auto_trader: AutoTrade skip token=cbBTC reason=ev_net_low expected_net=$-0.00744 min=$-0.00232 samples=22 conf=1.00 pwin=0.32 avg_win=$0.0062 avg_loss=$0.0126 kelly=0.000 mem=sparse trades=2<18
2026-02-27 08:07:54,253 [INFO] [u_station_ab_night_autotune_v2] trading.auto_trader: AutoTrade batch mode=top_n candidates=2 eligible=2 selected=2 opened=0 pe=off burst_window=0
2026-02-27 08:07:54,253 [INFO] [u_station_ab_night_autotune_v2] trading.auto_trader: PAPER_SUMMARY window=60s closed_delta=0 wins_delta=0 losses_delta=0 realized_delta=$0.00 total_closed=78 winrate_total=47.4% realized_total=$0.33 balance=$7.33 equity=$7.33 open=0
2026-02-27 08:07:54,253 [INFO] [u_station_ab_night_autotune_v2] __main__: Scanned 5 tokens | High quality: 2 | Alerts sent: 0 | Trade candidates: 2 | Quality out/core/explore/probe: 2/1/1/0 | Opened: 0 | Mode: local | Source: onchain+market | Policy: raw=OK/effective=OK(healthy | route=allow_all) | Regime: GREEN(avg_cand=2.60) | Safety: checked=2 fail_closed=0 reasons=api_code_4029:2 | FiltersTop(session): source_qos_cap:8,safe_age:7,source_qos_symbol_cap:3,safe_change_5m:3 | Dedup: heavy_skip=0 override=0 | V2Budget: 2/280 | SourceQoS: enabled=1/in=5/out=3/dropped=2/active_cd=0/drops=source_qos_cap:2 | Ingest: q=0/oldest=0.0s/drop_old=0/dedup_skip=0/enq=0/drain=0 | Sources: dex_boosts:ok=1/fail=0/429=0/lim_wait=0/cd_wait=0/err=0.0%/avg=37ms; dexscreener:ok=11/fail=0/429=0/lim_wait=0/cd_wait=0/err=0.0%/avg=46ms; onchain_enrich:ok=15/fail=0/429=0/lim_wait=0/cd_wait=0/err=0.0%/avg=76ms; onchain_weth_price:ok=1/fail=0/429=0/lim_wait=0/cd_wait=0/err=0.0%/avg=51ms | Tasks: 3 | RSS: 0.0MB | CycleAvg: 11.16s
2026-02-27 08:07:58,517 [INFO] [u_station_ab_night_autotune_v2] monitor.onchain_factory: PAIR_DETECTED source=uniswap_v2 dex=uniswap_v2 pair=0x18c3777e6d73e0f575091b667afe4e7ac4ebfe15 token0=0x2980c9acc66d1adb3fec4208af64398a3dc18d65 token1=0x4200000000000000000000000000000000000006 block=42693362 factory=0x8909dc15e40173ff4699343b6eb8132c65e18ec6
2026-02-27 08:07:58,718 [INFO] [u_station_ab_night_autotune_v2] monitor.onchain_factory: ENRICH_RETRY token=0x9eb714c36506af8d901f9ad830353fe2f67ee438 pair=0xd6db1e7172c92218e9322e6b60494d1d748255fa attempt=1/2 delay=10s
2026-02-27 08:07:58,718 [INFO] [u_station_ab_night_autotune_v2] monitor.onchain_factory: ENRICH_RETRY token=0x66d909d4dee4dd9c5589f72b929bf8abdcceeb07 pair=0x42990e481f0c8420da6f891f3f6691c0fb2658bf attempt=1/2 delay=10s
2026-02-27 08:07:58,718 [INFO] [u_station_ab_night_autotune_v2] monitor.onchain_factory: ENRICH_RETRY token=0xa587d840def5abe8833f430552ce5fa931bf47be pair=0x40498fbd8bb85062964ba857b824ba337c7e64f2 attempt=1/2 delay=10s
2026-02-27 08:07:58,970 [INFO] [u_station_ab_night_autotune_v2] monitor.onchain_factory: ENRICH_RETRY token=0x2980c9acc66d1adb3fec4208af64398a3dc18d65 pair=0x18c3777e6d73e0f575091b667afe4e7ac4ebfe15 attempt=1/2 delay=10s
2026-02-27 08:08:09,022 [INFO] [u_station_ab_night_autotune_v2] __main__: WATCHLIST merged count=4
2026-02-27 08:08:09,022 [INFO] [u_station_ab_night_autotune_v2] trading.v2_runtime: V2_UNIVERSE in=5 dedup=5 out=5 target=5 novel_target=5 novel_out=1 repeat_dropped=0 symbol_dropped=0 surge_in=0 surge_target=0 surge_out=0
2026-02-27 08:08:09,022 [INFO] [u_station_ab_night_autotune_v2] __main__: V2_SOURCE_QOS_FILTER in=5 out=3 drops={'source_qos_cap': 2} caps={'unknown': 0, 'watchlist': 2}
2026-02-27 08:08:09,022 [INFO] [u_station_ab_night_autotune_v2] __main__: FILTER_FAIL token=VIRTUAL reason=source_qos_cap source=watchlist used=2/2
2026-02-27 08:08:09,022 [INFO] [u_station_ab_night_autotune_v2] __main__: FILTER_FAIL token=AERO reason=source_qos_cap source=watchlist used=2/2
2026-02-27 08:08:09,022 [INFO] [u_station_ab_night_autotune_v2] __main__: FILTER_PASS token=POOPCOIN tier=A score=95 mode=GREEN risk=MEDIUM liq=466639 vol5m=5109
2026-02-27 08:08:09,022 [INFO] [u_station_ab_night_autotune_v2] __main__: FILTER_PASS token=cbBTC tier=A score=85 mode=GREEN risk=MEDIUM liq=19423845 vol5m=3950
2026-02-27 08:08:09,022 [INFO] [u_station_ab_night_autotune_v2] __main__: FILTER_FAIL token=Joe reason=score_min score=40 strict_min=48 soft_min=48 mode=GREEN
2026-02-27 08:08:09,022 [INFO] [u_station_ab_night_autotune_v2] __main__: V2_QUALITY_GATE enabled=True regime=GREEN in=2 out=2 core_out=1 explore_out=1 probe_out=0 quota=1 max_symbol_share=0.500 drop={} sources_used={'watchlist': 2}
2026-02-27 08:08:09,022 [INFO] [u_station_ab_night_autotune_v2] __main__: V2_ENTRY_ROUTE enabled=True regime=GREEN in=2 out=2 core_out=1 explore_out=1 quota=1 allow_explore=True
2026-02-27 08:08:09,022 [INFO] [u_station_ab_night_autotune_v2] __main__: MARKET_REGIME mode=GREEN reason=avg_cand=2.50 avg_cand_recent=2.50
2026-02-27 08:08:09,022 [INFO] [u_station_ab_night_autotune_v2] trading.auto_trader: AutoTrade skip token=POOPCOIN reason=blacklist detail=honeypot_guard:honeypot_api_status_404
2026-02-27 08:08:09,022 [INFO] [u_station_ab_night_autotune_v2] trading.auto_trader: AutoTrade adjust token=cbBTC reason=min_trade_floor size=$0.06->$0.10 min=$0.10
2026-02-27 08:08:09,037 [INFO] [u_station_ab_night_autotune_v2] trading.auto_trader: AutoTrade skip token=cbBTC reason=ev_net_low expected_net=$-0.00744 min=$-0.00232 samples=22 conf=1.00 pwin=0.32 avg_win=$0.0062 avg_loss=$0.0126 kelly=0.000 mem=sparse trades=2<18
2026-02-27 08:08:09,038 [INFO] [u_station_ab_night_autotune_v2] trading.auto_trader: AutoTrade batch mode=top_n candidates=2 eligible=2 selected=2 opened=0 pe=off burst_window=0
2026-02-27 08:08:09,039 [INFO] [u_station_ab_night_autotune_v2] __main__: Scanned 5 tokens | High quality: 2 | Alerts sent: 0 | Trade candidates: 2 | Quality out/core/explore/probe: 2/1/1/0 | Opened: 0 | Mode: local | Source: onchain+market | Policy: raw=OK/effective=OK(healthy | route=allow_all) | Regime: GREEN(avg_cand=2.50) | Safety: checked=2 fail_closed=0 reasons=api_code_4029:2 | FiltersTop(session): source_qos_cap:10,safe_age:7,source_qos_symbol_cap:3,safe_change_5m:3 | Dedup: heavy_skip=0 override=0 | V2Budget: 2/280 | SourceQoS: enabled=1/in=5/out=3/dropped=2/active_cd=0/drops=source_qos_cap:2 | Ingest: q=1/oldest=10.7s/drop_old=0/dedup_skip=0/enq=1/drain=0 | Sources: dex_boosts:ok=1/fail=0/429=0/lim_wait=0/cd_wait=0/err=0.0%/avg=44ms; dexscreener:ok=11/fail=0/429=0/lim_wait=0/cd_wait=0/err=0.0%/avg=155ms; geckoterminal:ok=1/fail=0/429=0/lim_wait=0/cd_wait=0/err=0.0%/avg=306ms; onchain_enrich:ok=15/fail=0/429=0/lim_wait=0/cd_wait=0/err=0.0%/avg=64ms | Tasks: 3 | RSS: 0.0MB | CycleAvg: 11.10s
2026-02-27 08:08:13,486 [INFO] [u_station_ab_night_autotune_v2] monitor.onchain_factory: ENRICH_RETRY token=0x9eb714c36506af8d901f9ad830353fe2f67ee438 pair=0xd6db1e7172c92218e9322e6b60494d1d748255fa attempt=1/2 delay=10s
2026-02-27 08:08:13,486 [INFO] [u_station_ab_night_autotune_v2] monitor.onchain_factory: ENRICH_RETRY token=0x2980c9acc66d1adb3fec4208af64398a3dc18d65 pair=0x18c3777e6d73e0f575091b667afe4e7ac4ebfe15 attempt=1/2 delay=10s
2026-02-27 08:08:13,503 [INFO] [u_station_ab_night_autotune_v2] monitor.onchain_factory: ENRICH_RETRY token=0xa587d840def5abe8833f430552ce5fa931bf47be pair=0x40498fbd8bb85062964ba857b824ba337c7e64f2 attempt=1/2 delay=10s
2026-02-27 08:08:23,569 [INFO] [u_station_ab_night_autotune_v2] __main__: WATCHLIST merged count=4
2026-02-27 08:08:23,569 [INFO] [u_station_ab_night_autotune_v2] trading.v2_runtime: V2_UNIVERSE in=6 dedup=6 out=6 target=6 novel_target=6 novel_out=2 repeat_dropped=0 symbol_dropped=0 surge_in=0 surge_target=0 surge_out=0
2026-02-27 08:08:23,569 [INFO] [u_station_ab_night_autotune_v2] __main__: V2_SOURCE_QOS_FILTER in=6 out=4 drops={'source_qos_cap': 2} caps={'unknown': 0, 'watchlist': 2, 'geckoterminal': 287}
2026-02-27 08:08:23,569 [INFO] [u_station_ab_night_autotune_v2] __main__: FILTER_FAIL token=VIRTUAL reason=source_qos_cap source=watchlist used=2/2
2026-02-27 08:08:23,569 [INFO] [u_station_ab_night_autotune_v2] __main__: FILTER_FAIL token=AERO reason=source_qos_cap source=watchlist used=2/2
2026-02-27 08:08:23,569 [INFO] [u_station_ab_night_autotune_v2] __main__: FILTER_PASS token=POOPCOIN tier=A score=95 mode=GREEN risk=MEDIUM liq=466639 vol5m=5109
2026-02-27 08:08:23,569 [INFO] [u_station_ab_night_autotune_v2] __main__: FILTER_PASS token=cbBTC tier=A score=85 mode=GREEN risk=MEDIUM liq=19423845 vol5m=3950
2026-02-27 08:08:23,569 [INFO] [u_station_ab_night_autotune_v2] __main__: FILTER_FAIL token=UPS reason=safe_age
2026-02-27 08:08:23,569 [INFO] [u_station_ab_night_autotune_v2] __main__: FILTER_FAIL token=CLAWNCH reason=score_min score=20 strict_min=48 soft_min=48 mode=GREEN
2026-02-27 08:08:23,569 [INFO] [u_station_ab_night_autotune_v2] __main__: V2_QUALITY_GATE enabled=True regime=GREEN in=2 out=2 core_out=1 explore_out=1 probe_out=0 quota=1 max_symbol_share=0.500 drop={} sources_used={'watchlist': 2}
2026-02-27 08:08:23,569 [INFO] [u_station_ab_night_autotune_v2] __main__: V2_ENTRY_ROUTE enabled=True regime=GREEN in=2 out=2 core_out=1 explore_out=1 quota=1 allow_explore=True
2026-02-27 08:08:23,569 [INFO] [u_station_ab_night_autotune_v2] __main__: MARKET_REGIME mode=GREEN reason=hysteresis_risk_wait 1/3 raw=YELLOW avg_cand_recent=2.43
2026-02-27 08:08:23,569 [INFO] [u_station_ab_night_autotune_v2] trading.auto_trader: AutoTrade skip token=POOPCOIN reason=blacklist detail=honeypot_guard:honeypot_api_status_404
2026-02-27 08:08:23,585 [INFO] [u_station_ab_night_autotune_v2] trading.auto_trader: AutoTrade adjust token=cbBTC reason=min_trade_floor size=$0.06->$0.10 min=$0.10
2026-02-27 08:08:23,586 [INFO] [u_station_ab_night_autotune_v2] trading.auto_trader: AutoTrade skip token=cbBTC reason=ev_net_low expected_net=$-0.00744 min=$-0.00232 samples=22 conf=1.00 pwin=0.32 avg_win=$0.0062 avg_loss=$0.0126 kelly=0.000 mem=sparse trades=2<18
2026-02-27 08:08:23,587 [INFO] [u_station_ab_night_autotune_v2] trading.auto_trader: AutoTrade batch mode=top_n candidates=2 eligible=2 selected=2 opened=0 pe=off burst_window=0
2026-02-27 08:08:23,587 [INFO] [u_station_ab_night_autotune_v2] __main__: Scanned 6 tokens | High quality: 2 | Alerts sent: 0 | Trade candidates: 2 | Quality out/core/explore/probe: 2/1/1/0 | Opened: 0 | Mode: local | Source: onchain+market | Policy: raw=OK/effective=OK(healthy | route=allow_all) | Regime: GREEN(hysteresis_risk_wait 1/3 raw=YELLOW) | Safety: checked=2 fail_closed=0 reasons=api_code_4029:2 | FiltersTop(session): source_qos_cap:12,safe_age:8,source_qos_symbol_cap:3,safe_change_5m:3 | Dedup: heavy_skip=0 override=0 | V2Budget: 2/280 | SourceQoS: enabled=1/in=6/out=4/dropped=2/active_cd=0/drops=source_qos_cap:2 | Ingest: q=0/oldest=0.0s/drop_old=0/dedup_skip=0/enq=0/drain=1 | Sources: dex_boosts:ok=1/fail=0/429=0/lim_wait=0/cd_wait=0/err=0.0%/avg=32ms; dexscreener:ok=11/fail=0/429=0/lim_wait=0/cd_wait=0/err=0.0%/avg=77ms; onchain_enrich:ok=11/fail=0/429=0/lim_wait=0/cd_wait=0/err=0.0%/avg=33ms | Tasks: 3 | RSS: 0.0MB | CycleAvg: 11.05s
2026-02-27 08:08:28,053 [INFO] [u_station_ab_night_autotune_v2] monitor.onchain_factory: ENRICH_RETRY token=0x2980c9acc66d1adb3fec4208af64398a3dc18d65 pair=0x18c3777e6d73e0f575091b667afe4e7ac4ebfe15 attempt=1/2 delay=10s
2026-02-27 08:08:38,242 [INFO] [u_station_ab_night_autotune_v2] __main__: WATCHLIST merged count=4
2026-02-27 08:08:38,253 [INFO] [u_station_ab_night_autotune_v2] trading.v2_runtime: V2_UNIVERSE in=6 dedup=6 out=6 target=6 novel_target=6 novel_out=2 repeat_dropped=0 symbol_dropped=0 surge_in=0 surge_target=0 surge_out=0
2026-02-27 08:08:38,253 [INFO] [u_station_ab_night_autotune_v2] __main__: V2_SOURCE_QOS_FILTER in=6 out=4 drops={'source_qos_cap': 2} caps={'unknown': 0, 'watchlist': 2}
2026-02-27 08:08:38,253 [INFO] [u_station_ab_night_autotune_v2] __main__: FILTER_FAIL token=VIRTUAL reason=source_qos_cap source=watchlist used=2/2
2026-02-27 08:08:38,261 [INFO] [u_station_ab_night_autotune_v2] __main__: FILTER_FAIL token=AERO reason=source_qos_cap source=watchlist used=2/2
2026-02-27 08:08:38,261 [INFO] [u_station_ab_night_autotune_v2] __main__: FILTER_PASS token=POOPCOIN tier=A score=95 mode=GREEN risk=MEDIUM liq=466639 vol5m=5109
2026-02-27 08:08:38,261 [INFO] [u_station_ab_night_autotune_v2] __main__: FILTER_PASS token=cbBTC tier=A score=85 mode=GREEN risk=MEDIUM liq=19423845 vol5m=3950
2026-02-27 08:08:38,261 [INFO] [u_station_ab_night_autotune_v2] __main__: FILTER_FAIL token=SENT reason=safe_age
2026-02-27 08:08:38,261 [INFO] [u_station_ab_night_autotune_v2] __main__: FILTER_FAIL token=CHTA reason=score_min score=20 strict_min=48 soft_min=48 mode=GREEN
2026-02-27 08:08:38,261 [INFO] [u_station_ab_night_autotune_v2] __main__: V2_QUALITY_GATE enabled=True regime=GREEN in=2 out=2 core_out=1 explore_out=1 probe_out=0 quota=1 max_symbol_share=0.500 drop={} sources_used={'watchlist': 2}
2026-02-27 08:08:38,261 [INFO] [u_station_ab_night_autotune_v2] __main__: V2_ENTRY_ROUTE enabled=True regime=GREEN in=2 out=2 core_out=1 explore_out=1 quota=1 allow_explore=True
2026-02-27 08:08:38,261 [INFO] [u_station_ab_night_autotune_v2] __main__: MARKET_REGIME mode=GREEN reason=hysteresis_risk_wait 2/3 raw=YELLOW avg_cand_recent=2.38
2026-02-27 08:08:38,276 [INFO] [u_station_ab_night_autotune_v2] trading.auto_trader: AutoTrade skip token=POOPCOIN reason=blacklist detail=honeypot_guard:honeypot_api_status_404
2026-02-27 08:08:38,279 [INFO] [u_station_ab_night_autotune_v2] trading.auto_trader: AutoTrade adjust token=cbBTC reason=min_trade_floor size=$0.06->$0.10 min=$0.10
2026-02-27 08:08:38,279 [INFO] [u_station_ab_night_autotune_v2] trading.auto_trader: AutoTrade skip token=cbBTC reason=ev_net_low expected_net=$-0.00744 min=$-0.00232 samples=22 conf=1.00 pwin=0.32 avg_win=$0.0062 avg_loss=$0.0126 kelly=0.000 mem=sparse trades=2<18
2026-02-27 08:08:38,279 [INFO] [u_station_ab_night_autotune_v2] trading.auto_trader: AutoTrade batch mode=top_n candidates=2 eligible=2 selected=2 opened=0 pe=off burst_window=0
2026-02-27 08:08:38,279 [INFO] [u_station_ab_night_autotune_v2] __main__: Scanned 6 tokens | High quality: 2 | Alerts sent: 0 | Trade candidates: 2 | Quality out/core/explore/probe: 2/1/1/0 | Opened: 0 | Mode: local | Source: onchain+market | Policy: raw=OK/effective=OK(healthy | route=allow_all) | Regime: GREEN(hysteresis_risk_wait 2/3 raw=YELLOW) | Safety: checked=2 fail_closed=0 reasons=api_code_4029:2 | FiltersTop(session): source_qos_cap:14,safe_age:9,score_min:4,source_qos_symbol_cap:3 | Dedup: heavy_skip=0 override=0 | V2Budget: 2/280 | SourceQoS: enabled=1/in=6/out=4/dropped=2/active_cd=0/drops=source_qos_cap:2 | Ingest: q=0/oldest=0.0s/drop_old=0/dedup_skip=0/enq=0/drain=0 | Sources: dex_boosts:ok=1/fail=0/429=0/lim_wait=0/cd_wait=0/err=0.0%/avg=34ms; dexscreener:ok=11/fail=0/429=0/lim_wait=0/cd_wait=0/err=0.0%/avg=45ms; onchain_enrich:ok=4/fail=0/429=0/lim_wait=0/cd_wait=0/err=0.0%/avg=104ms | Tasks: 3 | RSS: 0.0MB | CycleAvg: 10.97s
2026-02-27 08:08:42,543 [INFO] [u_station_ab_night_autotune_v2] monitor.onchain_factory: PAIR_DETECTED source=uniswap_v2 dex=uniswap_v2 pair=0x057f1b3e98d5cb6292a9416b221f9c22ac74c201 token0=0x4200000000000000000000000000000000000006 token1=0x538e92abad7a9207432abb61c337fff158ff47be block=42693383 factory=0x8909dc15e40173ff4699343b6eb8132c65e18ec6
2026-02-27 08:08:42,985 [INFO] [u_station_ab_night_autotune_v2] monitor.onchain_factory: ENRICH_RETRY token=0x538e92abad7a9207432abb61c337fff158ff47be pair=0x057f1b3e98d5cb6292a9416b221f9c22ac74c201 attempt=1/2 delay=10s
2026-02-27 08:08:53,061 [INFO] [u_station_ab_night_autotune_v2] __main__: WATCHLIST merged count=4
2026-02-27 08:08:53,061 [INFO] [u_station_ab_night_autotune_v2] trading.v2_runtime: V2_UNIVERSE in=4 dedup=4 out=4 target=4 novel_target=4 novel_out=0 repeat_dropped=0 symbol_dropped=0 surge_in=0 surge_target=0 surge_out=0
2026-02-27 08:08:53,061 [INFO] [u_station_ab_night_autotune_v2] __main__: V2_SOURCE_QOS_FILTER in=4 out=3 drops={'source_qos_cap': 1} caps={'watchlist': 3}
2026-02-27 08:08:53,061 [INFO] [u_station_ab_night_autotune_v2] __main__: FILTER_FAIL token=AERO reason=source_qos_cap source=watchlist used=3/3
2026-02-27 08:08:53,061 [INFO] [u_station_ab_night_autotune_v2] __main__: FILTER_PASS token=POOPCOIN tier=A score=95 mode=GREEN risk=MEDIUM liq=466639 vol5m=5109
2026-02-27 08:08:53,061 [INFO] [u_station_ab_night_autotune_v2] __main__: FILTER_PASS token=cbBTC tier=A score=85 mode=GREEN risk=MEDIUM liq=19423845 vol5m=3950
2026-02-27 08:08:53,061 [INFO] [u_station_ab_night_autotune_v2] __main__: FILTER_PASS token=VIRTUAL tier=A score=75 mode=GREEN risk=MEDIUM liq=7641189 vol5m=1560
2026-02-27 08:08:53,061 [INFO] [u_station_ab_night_autotune_v2] __main__: V2_QUALITY_GATE enabled=True regime=YELLOW in=3 out=3 core_out=1 explore_out=2 probe_out=0 quota=2 max_symbol_share=0.333 drop={} sources_used={'watchlist': 3}
2026-02-27 08:08:53,061 [INFO] [u_station_ab_night_autotune_v2] __main__: V2_ENTRY_ROUTE enabled=True regime=YELLOW in=3 out=2 core_out=1 explore_out=1 quota=1 allow_explore=True
2026-02-27 08:08:53,061 [INFO] [u_station_ab_night_autotune_v2] __main__: MARKET_REGIME mode=YELLOW reason=avg_cand=2.44 avg_cand_recent=2.44
2026-02-27 08:08:53,061 [WARNING] [u_station_ab_night_autotune_v2] monitor.local_alerter: Local event symbol=MARKET_MODE reco=YELLOW risk=INFO
2026-02-27 08:08:53,061 [INFO] [u_station_ab_night_autotune_v2] trading.auto_trader: AutoTrade skip token=POOPCOIN reason=blacklist detail=honeypot_guard:honeypot_api_status_404
2026-02-27 08:08:53,061 [INFO] [u_station_ab_night_autotune_v2] trading.auto_trader: AutoTrade adjust token=cbBTC reason=min_trade_floor size=$0.06->$0.10 min=$0.10
2026-02-27 08:08:53,061 [INFO] [u_station_ab_night_autotune_v2] trading.auto_trader: AutoTrade skip token=cbBTC reason=ev_net_low expected_net=$-0.00744 min=$-0.00232 samples=22 conf=1.00 pwin=0.32 avg_win=$0.0062 avg_loss=$0.0126 kelly=0.000 mem=sparse trades=2<18
2026-02-27 08:08:53,061 [INFO] [u_station_ab_night_autotune_v2] trading.auto_trader: AutoTrade batch mode=top_n candidates=2 eligible=2 selected=2 opened=0 pe=off burst_window=0
2026-02-27 08:08:53,061 [INFO] [u_station_ab_night_autotune_v2] __main__: Scanned 4 tokens | High quality: 3 | Alerts sent: 0 | Trade candidates: 3 | Quality out/core/explore/probe: 3/1/2/0 | Opened: 0 | Mode: local | Source: onchain+market | Policy: raw=OK/effective=OK(healthy | route=allow_all) | Regime: YELLOW(avg_cand=2.44) | Safety: checked=3 fail_closed=0 reasons=api_code_4029:3 | FiltersTop(session): source_qos_cap:15,safe_age:9,score_min:4,source_qos_symbol_cap:3 | Dedup: heavy_skip=0 override=0 | V2Budget: 3/280 | SourceQoS: enabled=1/in=4/out=3/dropped=1/active_cd=0/drops=source_qos_cap:1 | Ingest: q=0/oldest=0.0s/drop_old=0/dedup_skip=0/enq=0/drain=0 | Sources: dex_boosts:ok=1/fail=0/429=0/lim_wait=0/cd_wait=0/err=0.0%/avg=37ms; dexscreener:ok=11/fail=0/429=0/lim_wait=0/cd_wait=0/err=0.0%/avg=158ms; onchain_enrich:ok=4/fail=0/429=0/lim_wait=0/cd_wait=0/err=0.0%/avg=93ms | Tasks: 3 | RSS: 0.0MB | CycleAvg: 10.94s
2026-02-27 08:08:57,519 [INFO] [u_station_ab_night_autotune_v2] monitor.onchain_factory: ENRICH_RETRY token=0x538e92abad7a9207432abb61c337fff158ff47be pair=0x057f1b3e98d5cb6292a9416b221f9c22ac74c201 attempt=1/2 delay=10s
2026-02-27 08:09:07,670 [INFO] [u_station_ab_night_autotune_v2] __main__: WATCHLIST merged count=4
2026-02-27 08:09:07,670 [INFO] [u_station_ab_night_autotune_v2] trading.v2_runtime: V2_UNIVERSE in=4 dedup=4 out=4 target=4 novel_target=4 novel_out=0 repeat_dropped=0 symbol_dropped=0 surge_in=0 surge_target=0 surge_out=0
2026-02-27 08:09:07,670 [INFO] [u_station_ab_night_autotune_v2] __main__: V2_SOURCE_QOS_FILTER in=4 out=3 drops={'source_qos_cap': 1} caps={'watchlist': 3}
2026-02-27 08:09:07,670 [INFO] [u_station_ab_night_autotune_v2] __main__: FILTER_FAIL token=AERO reason=source_qos_cap source=watchlist used=3/3
2026-02-27 08:09:07,670 [INFO] [u_station_ab_night_autotune_v2] __main__: FILTER_PASS token=POOPCOIN tier=A score=95 mode=YELLOW risk=MEDIUM liq=466639 vol5m=5109
2026-02-27 08:09:07,670 [INFO] [u_station_ab_night_autotune_v2] __main__: FILTER_PASS token=cbBTC tier=A score=85 mode=YELLOW risk=MEDIUM liq=19423845 vol5m=3950
2026-02-27 08:09:07,670 [INFO] [u_station_ab_night_autotune_v2] __main__: FILTER_PASS token=VIRTUAL tier=A score=75 mode=YELLOW risk=MEDIUM liq=7641189 vol5m=1560
2026-02-27 08:09:07,670 [INFO] [u_station_ab_night_autotune_v2] __main__: V2_QUALITY_GATE enabled=True regime=YELLOW in=3 out=3 core_out=1 explore_out=2 probe_out=0 quota=2 max_symbol_share=0.333 drop={} sources_used={'watchlist': 3}
2026-02-27 08:09:07,670 [INFO] [u_station_ab_night_autotune_v2] __main__: V2_ENTRY_ROUTE enabled=True regime=YELLOW in=3 out=2 core_out=1 explore_out=1 quota=1 allow_explore=True
2026-02-27 08:09:07,670 [INFO] [u_station_ab_night_autotune_v2] __main__: MARKET_REGIME mode=YELLOW reason=hysteresis_recover_wait 1/4 raw=GREEN avg_cand_recent=2.50
2026-02-27 08:09:07,670 [INFO] [u_station_ab_night_autotune_v2] trading.auto_trader: AutoTrade skip token=POOPCOIN reason=blacklist detail=honeypot_guard:honeypot_api_status_404
2026-02-27 08:09:07,704 [INFO] [u_station_ab_night_autotune_v2] trading.auto_trader: AutoTrade adjust token=cbBTC reason=min_trade_floor size=$0.06->$0.10 min=$0.10
2026-02-27 08:09:07,705 [INFO] [u_station_ab_night_autotune_v2] trading.auto_trader: AutoTrade skip token=cbBTC reason=edge_low mode=both edge=-26.03% raw=-24.10% mult=1.08 min=0.05% probe_min=0.05% edge_usd=$-0.026 min_usd=$0.000 probe_min_usd=$0.000 size=$0.10 gross=6.40% costs=30.50% pwin=0.65 probe=- budget=0/1
2026-02-27 08:09:07,705 [INFO] [u_station_ab_night_autotune_v2] trading.auto_trader: AutoTrade batch mode=top_n candidates=2 eligible=2 selected=2 opened=0 pe=off burst_window=0
2026-02-27 08:09:07,706 [INFO] [u_station_ab_night_autotune_v2] trading.auto_trader: PAPER_SUMMARY window=60s closed_delta=0 wins_delta=0 losses_delta=0 realized_delta=$0.00 total_closed=78 winrate_total=47.4% realized_total=$0.33 balance=$7.33 equity=$7.33 open=0
2026-02-27 08:09:07,707 [INFO] [u_station_ab_night_autotune_v2] __main__: Scanned 4 tokens | High quality: 3 | Alerts sent: 0 | Trade candidates: 3 | Quality out/core/explore/probe: 3/1/2/0 | Opened: 0 | Mode: local | Source: onchain+market | Policy: raw=OK/effective=OK(healthy | route=allow_all) | Regime: YELLOW(hysteresis_recover_wait 1/4 raw=GREEN) | Safety: checked=3 fail_closed=0 reasons=api_code_4029:3 | FiltersTop(session): source_qos_cap:16,safe_age:9,score_min:4,source_qos_symbol_cap:3 | Dedup: heavy_skip=0 override=0 | V2Budget: 3/280 | SourceQoS: enabled=1/in=4/out=3/dropped=1/active_cd=0/drops=source_qos_cap:1 | Ingest: q=0/oldest=0.0s/drop_old=0/dedup_skip=0/enq=0/drain=0 | Sources: dex_boosts:ok=1/fail=0/429=0/lim_wait=0/cd_wait=0/err=0.0%/avg=42ms; dexscreener:ok=11/fail=0/429=0/lim_wait=0/cd_wait=0/err=0.0%/avg=64ms; onchain_enrich:ok=4/fail=0/429=0/lim_wait=0/cd_wait=0/err=0.0%/avg=36ms; onchain_weth_price:ok=1/fail=0/429=0/lim_wait=0/cd_wait=0/err=0.0%/avg=66ms | Tasks: 3 | RSS: 0.0MB | CycleAvg: 10.92s
2026-02-27 08:09:12,195 [INFO] [u_station_ab_night_autotune_v2] monitor.onchain_factory: ENRICH_RETRY token=0x538e92abad7a9207432abb61c337fff158ff47be pair=0x057f1b3e98d5cb6292a9416b221f9c22ac74c201 attempt=1/2 delay=10s
2026-02-27 08:09:22,253 [INFO] [u_station_ab_night_autotune_v2] __main__: WATCHLIST merged count=4
2026-02-27 08:09:22,253 [INFO] [u_station_ab_night_autotune_v2] trading.v2_runtime: V2_UNIVERSE in=5 dedup=5 out=5 target=5 novel_target=5 novel_out=1 repeat_dropped=0 symbol_dropped=0 surge_in=0 surge_target=0 surge_out=0
2026-02-27 08:09:22,269 [INFO] [u_station_ab_night_autotune_v2] __main__: V2_SOURCE_QOS_FILTER in=5 out=3 drops={'source_qos_cap': 2} caps={'unknown': 0, 'watchlist': 2}
2026-02-27 08:09:22,269 [INFO] [u_station_ab_night_autotune_v2] __main__: FILTER_FAIL token=VIRTUAL reason=source_qos_cap source=watchlist used=2/2
2026-02-27 08:09:22,269 [INFO] [u_station_ab_night_autotune_v2] __main__: FILTER_FAIL token=AERO reason=source_qos_cap source=watchlist used=2/2
2026-02-27 08:09:22,269 [INFO] [u_station_ab_night_autotune_v2] __main__: FILTER_PASS token=POOPCOIN tier=A score=95 mode=YELLOW risk=MEDIUM liq=466639 vol5m=5109
2026-02-27 08:09:22,269 [INFO] [u_station_ab_night_autotune_v2] __main__: FILTER_PASS token=cbBTC tier=A score=85 mode=YELLOW risk=MEDIUM liq=19423845 vol5m=3950
2026-02-27 08:09:22,269 [INFO] [u_station_ab_night_autotune_v2] __main__: FILTER_FAIL token=CLAWNCH reason=score_min score=20 strict_min=48 soft_min=48 mode=YELLOW
2026-02-27 08:09:22,269 [INFO] [u_station_ab_night_autotune_v2] __main__: V2_QUALITY_GATE enabled=True regime=YELLOW in=2 out=2 core_out=1 explore_out=1 probe_out=0 quota=1 max_symbol_share=0.500 drop={} sources_used={'watchlist': 2}
2026-02-27 08:09:22,269 [INFO] [u_station_ab_night_autotune_v2] __main__: V2_ENTRY_ROUTE enabled=True regime=YELLOW in=2 out=2 core_out=1 explore_out=1 quota=1 allow_explore=True
2026-02-27 08:09:22,269 [INFO] [u_station_ab_night_autotune_v2] __main__: MARKET_REGIME mode=YELLOW reason=avg_cand=2.45 avg_cand_recent=2.45
2026-02-27 08:09:22,269 [INFO] [u_station_ab_night_autotune_v2] trading.auto_trader: AutoTrade skip token=POOPCOIN reason=blacklist detail=honeypot_guard:honeypot_api_status_404
2026-02-27 08:09:22,269 [INFO] [u_station_ab_night_autotune_v2] trading.auto_trader: AutoTrade adjust token=cbBTC reason=min_trade_floor size=$0.06->$0.10 min=$0.10
2026-02-27 08:09:22,269 [INFO] [u_station_ab_night_autotune_v2] trading.auto_trader: AutoTrade skip token=cbBTC reason=edge_low mode=both edge=-26.03% raw=-24.10% mult=1.08 min=0.05% probe_min=0.05% edge_usd=$-0.026 min_usd=$0.000 probe_min_usd=$0.000 size=$0.10 gross=6.40% costs=30.50% pwin=0.65 probe=- budget=0/1
2026-02-27 08:09:22,269 [INFO] [u_station_ab_night_autotune_v2] trading.auto_trader: AutoTrade batch mode=top_n candidates=2 eligible=2 selected=2 opened=0 pe=off burst_window=0
2026-02-27 08:09:22,269 [INFO] [u_station_ab_night_autotune_v2] __main__: Scanned 5 tokens | High quality: 2 | Alerts sent: 0 | Trade candidates: 2 | Quality out/core/explore/probe: 2/1/1/0 | Opened: 0 | Mode: local | Source: onchain+market | Policy: raw=OK/effective=OK(healthy | route=allow_all) | Regime: YELLOW(avg_cand=2.45) | Safety: checked=2 fail_closed=0 reasons=api_code_4029:2 | FiltersTop(session): source_qos_cap:18,safe_age:9,score_min:5,source_qos_symbol_cap:3 | Dedup: heavy_skip=0 override=0 | V2Budget: 2/280 | SourceQoS: enabled=1/in=5/out=3/dropped=2/active_cd=0/drops=source_qos_cap:2 | Ingest: q=5/oldest=8.0s/drop_old=0/dedup_skip=0/enq=5/drain=0 | Sources: dex_boosts:ok=1/fail=0/429=0/lim_wait=0/cd_wait=0/err=0.0%/avg=44ms; dexscreener:ok=11/fail=0/429=0/lim_wait=0/cd_wait=0/err=0.0%/avg=48ms; geckoterminal:ok=1/fail=0/429=0/lim_wait=0/cd_wait=0/err=0.0%/avg=917ms; onchain_enrich:ok=3/fail=0/429=0/lim_wait=0/cd_wait=0/err=0.0%/avg=48ms | Tasks: 3 | RSS: 0.0MB | CycleAvg: 10.89s
2026-02-27 08:09:26,743 [INFO] [u_station_ab_night_autotune_v2] __main__: WATCHLIST merged count=4
2026-02-27 08:09:26,743 [INFO] [u_station_ab_night_autotune_v2] trading.v2_runtime: V2_UNIVERSE in=9 dedup=9 out=9 target=9 novel_target=8 novel_out=2 repeat_dropped=0 symbol_dropped=0 surge_in=2 surge_target=2 surge_out=2
2026-02-27 08:09:26,743 [INFO] [u_station_ab_night_autotune_v2] __main__: V2_SOURCE_QOS_FILTER in=9 out=7 drops={'source_qos_cap': 2} caps={'watchlist': 2, 'geckoterminal': 287}
2026-02-27 08:09:26,743 [INFO] [u_station_ab_night_autotune_v2] __main__: FILTER_FAIL token=VIRTUAL reason=source_qos_cap source=watchlist used=2/2
2026-02-27 08:09:26,743 [INFO] [u_station_ab_night_autotune_v2] __main__: FILTER_FAIL token=AERO reason=source_qos_cap source=watchlist used=2/2
2026-02-27 08:09:26,743 [INFO] [u_station_ab_night_autotune_v2] __main__: FILTER_FAIL token=Joe reason=safe_age
2026-02-27 08:09:26,743 [INFO] [u_station_ab_night_autotune_v2] __main__: FILTER_FAIL token=Hippo reason=safe_age
2026-02-27 08:09:26,743 [INFO] [u_station_ab_night_autotune_v2] __main__: FILTER_PASS token=POOPCOIN tier=A score=95 mode=YELLOW risk=MEDIUM liq=466639 vol5m=5109
2026-02-27 08:09:26,743 [INFO] [u_station_ab_night_autotune_v2] __main__: FILTER_PASS token=cbBTC tier=A score=85 mode=YELLOW risk=MEDIUM liq=19423845 vol5m=3950
2026-02-27 08:09:26,743 [INFO] [u_station_ab_night_autotune_v2] __main__: FILTER_FAIL token=SENT reason=safe_age
2026-02-27 08:09:26,743 [INFO] [u_station_ab_night_autotune_v2] __main__: FILTER_FAIL token=UPS reason=safe_age
2026-02-27 08:09:26,753 [INFO] [u_station_ab_night_autotune_v2] __main__: FILTER_FAIL token=ONYX reason=safe_age
2026-02-27 08:09:26,753 [INFO] [u_station_ab_night_autotune_v2] __main__: V2_QUALITY_GATE enabled=True regime=YELLOW in=2 out=2 core_out=1 explore_out=1 probe_out=0 quota=1 max_symbol_share=0.500 drop={} sources_used={'watchlist': 2}
2026-02-27 08:09:26,753 [INFO] [u_station_ab_night_autotune_v2] __main__: V2_ENTRY_ROUTE enabled=True regime=YELLOW in=2 out=2 core_out=1 explore_out=1 quota=1 allow_explore=True
2026-02-27 08:09:26,755 [INFO] [u_station_ab_night_autotune_v2] __main__: MARKET_REGIME mode=YELLOW reason=avg_cand=2.42 avg_cand_recent=2.42
2026-02-27 08:09:26,755 [INFO] [u_station_ab_night_autotune_v2] trading.auto_trader: AutoTrade skip token=POOPCOIN reason=blacklist detail=honeypot_guard:honeypot_api_status_404
2026-02-27 08:09:26,755 [INFO] [u_station_ab_night_autotune_v2] trading.auto_trader: AutoTrade adjust token=cbBTC reason=min_trade_floor size=$0.06->$0.10 min=$0.10
2026-02-27 08:09:26,755 [INFO] [u_station_ab_night_autotune_v2] trading.auto_trader: AutoTrade skip token=cbBTC reason=edge_low mode=both edge=-26.03% raw=-24.10% mult=1.08 min=0.05% probe_min=0.05% edge_usd=$-0.026 min_usd=$0.000 probe_min_usd=$0.000 size=$0.10 gross=6.40% costs=30.50% pwin=0.65 probe=- budget=0/1
2026-02-27 08:09:26,755 [INFO] [u_station_ab_night_autotune_v2] trading.auto_trader: AutoTrade batch mode=top_n candidates=2 eligible=2 selected=2 opened=0 pe=off burst_window=0
2026-02-27 08:09:26,755 [INFO] [u_station_ab_night_autotune_v2] __main__: Scanned 9 tokens | High quality: 4 | Alerts sent: 0 | Trade candidates: 2 | Quality out/core/explore/probe: 2/1/1/0 | Opened: 0 | Mode: local | Source: onchain+market | Policy: raw=OK/effective=OK(healthy | route=allow_all) | Regime: YELLOW(avg_cand=2.42) | Safety: checked=2 fail_closed=0 reasons=api_code_4029:2 | FiltersTop(session): source_qos_cap:20,safe_age:14,score_min:5,source_qos_symbol_cap:3 | Dedup: heavy_skip=0 override=0 | V2Budget: 2/280 | SourceQoS: enabled=1/in=9/out=7/dropped=2/active_cd=0/drops=source_qos_cap:2 | Ingest: q=0/oldest=0.0s/drop_old=0/dedup_skip=0/enq=0/drain=5 | Sources: dex_boosts:ok=1/fail=0/429=0/lim_wait=0/cd_wait=0/err=0.0%/avg=39ms; dexscreener:ok=11/fail=0/429=0/lim_wait=0/cd_wait=0/err=0.0%/avg=163ms | Tasks: 3 | RSS: 0.0MB | CycleAvg: 10.86s
2026-02-27 08:09:31,485 [INFO] [u_station_ab_night_autotune_v2] __main__: WATCHLIST merged count=4
2026-02-27 08:09:31,485 [INFO] [u_station_ab_night_autotune_v2] trading.v2_runtime: V2_UNIVERSE in=4 dedup=4 out=4 target=4 novel_target=4 novel_out=0 repeat_dropped=0 symbol_dropped=0 surge_in=0 surge_target=0 surge_out=0
2026-02-27 08:09:31,501 [INFO] [u_station_ab_night_autotune_v2] __main__: V2_SOURCE_QOS_FILTER in=4 out=3 drops={'source_qos_cap': 1} caps={'watchlist': 3}
2026-02-27 08:09:31,502 [INFO] [u_station_ab_night_autotune_v2] __main__: FILTER_FAIL token=AERO reason=source_qos_cap source=watchlist used=3/3
2026-02-27 08:09:31,502 [INFO] [u_station_ab_night_autotune_v2] __main__: FILTER_PASS token=POOPCOIN tier=A score=95 mode=YELLOW risk=MEDIUM liq=466639 vol5m=5109
2026-02-27 08:09:31,503 [INFO] [u_station_ab_night_autotune_v2] __main__: FILTER_PASS token=cbBTC tier=A score=85 mode=YELLOW risk=MEDIUM liq=19423845 vol5m=3950
2026-02-27 08:09:31,504 [INFO] [u_station_ab_night_autotune_v2] __main__: FILTER_PASS token=VIRTUAL tier=A score=75 mode=YELLOW risk=MEDIUM liq=7641189 vol5m=1560
2026-02-27 08:09:31,505 [INFO] [u_station_ab_night_autotune_v2] __main__: V2_QUALITY_GATE enabled=True regime=YELLOW in=3 out=3 core_out=1 explore_out=2 probe_out=0 quota=2 max_symbol_share=0.333 drop={} sources_used={'watchlist': 3}
2026-02-27 08:09:31,506 [INFO] [u_station_ab_night_autotune_v2] __main__: V2_ENTRY_ROUTE enabled=True regime=YELLOW in=3 out=2 core_out=1 explore_out=1 quota=1 allow_explore=True
2026-02-27 08:09:31,506 [INFO] [u_station_ab_night_autotune_v2] __main__: MARKET_REGIME mode=YELLOW reason=avg_cand=2.42 avg_cand_recent=2.42
2026-02-27 08:09:31,507 [INFO] [u_station_ab_night_autotune_v2] trading.auto_trader: AutoTrade skip token=POOPCOIN reason=blacklist detail=honeypot_guard:honeypot_api_status_404
2026-02-27 08:09:31,508 [INFO] [u_station_ab_night_autotune_v2] trading.auto_trader: AutoTrade adjust token=cbBTC reason=min_trade_floor size=$0.06->$0.10 min=$0.10
2026-02-27 08:09:31,509 [INFO] [u_station_ab_night_autotune_v2] trading.auto_trader: AutoTrade skip token=cbBTC reason=edge_low mode=both edge=-26.03% raw=-24.10% mult=1.08 min=0.05% probe_min=0.05% edge_usd=$-0.026 min_usd=$0.000 probe_min_usd=$0.000 size=$0.10 gross=6.40% costs=30.50% pwin=0.65 probe=- budget=0/1
2026-02-27 08:09:31,510 [INFO] [u_station_ab_night_autotune_v2] trading.auto_trader: AutoTrade batch mode=top_n candidates=2 eligible=2 selected=2 opened=0 pe=off burst_window=0
2026-02-27 08:09:31,511 [INFO] [u_station_ab_night_autotune_v2] __main__: Scanned 4 tokens | High quality: 3 | Alerts sent: 0 | Trade candidates: 3 | Quality out/core/explore/probe: 3/1/2/0 | Opened: 0 | Mode: local | Source: onchain+market | Policy: raw=OK/effective=OK(healthy | route=allow_all) | Regime: YELLOW(avg_cand=2.42) | Safety: checked=3 fail_closed=0 reasons=api_code_4029:3 | FiltersTop(session): source_qos_cap:21,safe_age:14,score_min:5,source_qos_symbol_cap:3 | Dedup: heavy_skip=0 override=0 | V2Budget: 3/280 | SourceQoS: enabled=1/in=4/out=3/dropped=1/active_cd=0/drops=source_qos_cap:1 | Ingest: q=0/oldest=0.0s/drop_old=0/dedup_skip=0/enq=0/drain=0 | Sources: dex_boosts:ok=1/fail=0/429=0/lim_wait=0/cd_wait=0/err=0.0%/avg=39ms; dexscreener:ok=11/fail=0/429=0/lim_wait=0/cd_wait=0/err=0.0%/avg=113ms | Tasks: 3 | RSS: 0.0MB | CycleAvg: 10.00s
2026-02-27 08:09:35,904 [INFO] [u_station_ab_night_autotune_v2] __main__: WATCHLIST merged count=4
2026-02-27 08:09:35,919 [INFO] [u_station_ab_night_autotune_v2] trading.v2_runtime: V2_UNIVERSE in=4 dedup=4 out=4 target=4 novel_target=4 novel_out=0 repeat_dropped=0 symbol_dropped=0 surge_in=0 surge_target=0 surge_out=0
2026-02-27 08:09:35,919 [INFO] [u_station_ab_night_autotune_v2] __main__: V2_SOURCE_QOS_FILTER in=4 out=3 drops={'source_qos_cap': 1} caps={'watchlist': 3}
2026-02-27 08:09:35,921 [INFO] [u_station_ab_night_autotune_v2] __main__: FILTER_FAIL token=AERO reason=source_qos_cap source=watchlist used=3/3
2026-02-27 08:09:35,922 [INFO] [u_station_ab_night_autotune_v2] __main__: FILTER_PASS token=POOPCOIN tier=A score=95 mode=YELLOW risk=MEDIUM liq=466639 vol5m=5109
2026-02-27 08:09:35,922 [INFO] [u_station_ab_night_autotune_v2] __main__: FILTER_PASS token=cbBTC tier=A score=85 mode=YELLOW risk=MEDIUM liq=19423845 vol5m=3950
2026-02-27 08:09:35,922 [INFO] [u_station_ab_night_autotune_v2] __main__: FILTER_PASS token=VIRTUAL tier=A score=75 mode=YELLOW risk=MEDIUM liq=7641189 vol5m=1560
2026-02-27 08:09:35,922 [INFO] [u_station_ab_night_autotune_v2] __main__: V2_QUALITY_GATE enabled=True regime=YELLOW in=3 out=3 core_out=1 explore_out=2 probe_out=0 quota=2 max_symbol_share=0.333 drop={} sources_used={'watchlist': 3}
2026-02-27 08:09:35,922 [INFO] [u_station_ab_night_autotune_v2] __main__: V2_ENTRY_ROUTE enabled=True regime=YELLOW in=3 out=2 core_out=1 explore_out=1 quota=1 allow_explore=True
2026-02-27 08:09:35,922 [INFO] [u_station_ab_night_autotune_v2] __main__: MARKET_REGIME mode=YELLOW reason=avg_cand=2.42 avg_cand_recent=2.42
2026-02-27 08:09:35,922 [INFO] [u_station_ab_night_autotune_v2] trading.auto_trader: AutoTrade skip token=POOPCOIN reason=blacklist detail=honeypot_guard:honeypot_api_status_404
2026-02-27 08:09:35,922 [INFO] [u_station_ab_night_autotune_v2] trading.auto_trader: AutoTrade adjust token=cbBTC reason=min_trade_floor size=$0.06->$0.10 min=$0.10
2026-02-27 08:09:35,922 [INFO] [u_station_ab_night_autotune_v2] trading.auto_trader: AutoTrade skip token=cbBTC reason=edge_low mode=both edge=-26.03% raw=-24.10% mult=1.08 min=0.05% probe_min=0.05% edge_usd=$-0.026 min_usd=$0.000 probe_min_usd=$0.000 size=$0.10 gross=6.40% costs=30.50% pwin=0.65 probe=- budget=0/1
2026-02-27 08:09:35,922 [INFO] [u_station_ab_night_autotune_v2] trading.auto_trader: AutoTrade batch mode=top_n candidates=2 eligible=2 selected=2 opened=0 pe=off burst_window=0
2026-02-27 08:09:35,922 [INFO] [u_station_ab_night_autotune_v2] __main__: Scanned 4 tokens | High quality: 3 | Alerts sent: 0 | Trade candidates: 3 | Quality out/core/explore/probe: 3/1/2/0 | Opened: 0 | Mode: local | Source: onchain+market | Policy: raw=OK/effective=OK(healthy | route=allow_all) | Regime: YELLOW(avg_cand=2.42) | Safety: checked=3 fail_closed=0 reasons=api_code_4029:3 | FiltersTop(session): source_qos_cap:22,safe_age:14,score_min:5,source_qos_symbol_cap:3 | Dedup: heavy_skip=0 override=0 | V2Budget: 3/280 | SourceQoS: enabled=1/in=4/out=3/dropped=1/active_cd=0/drops=source_qos_cap:1 | Ingest: q=0/oldest=0.0s/drop_old=0/dedup_skip=0/enq=0/drain=0 | Sources: dex_boosts:ok=1/fail=0/429=0/lim_wait=0/cd_wait=0/err=0.0%/avg=40ms; dexscreener:ok=11/fail=0/429=0/lim_wait=0/cd_wait=0/err=0.0%/avg=51ms | Tasks: 3 | RSS: 0.0MB | CycleAvg: 9.28s
2026-02-27 08:09:40,193 [INFO] [u_station_ab_night_autotune_v2] monitor.onchain_factory: PAIR_DETECTED source=uniswap_v2 dex=uniswap_v2 pair=0x209c5228c8114b331fa89dbb9d5b3878c88e0217 token0=0x4200000000000000000000000000000000000006 token1=0x8aa6c240e788809d7028e90822c4c4dca83e47be block=42693413 factory=0x8909dc15e40173ff4699343b6eb8132c65e18ec6
2026-02-27 08:09:40,734 [INFO] [u_station_ab_night_autotune_v2] monitor.onchain_factory: ENRICH_RETRY token=0x8aa6c240e788809d7028e90822c4c4dca83e47be pair=0x209c5228c8114b331fa89dbb9d5b3878c88e0217 attempt=1/2 delay=10s
2026-02-27 08:09:50,819 [INFO] [u_station_ab_night_autotune_v2] __main__: WATCHLIST merged count=4
2026-02-27 08:09:50,819 [INFO] [u_station_ab_night_autotune_v2] trading.v2_runtime: V2_UNIVERSE in=4 dedup=4 out=4 target=4 novel_target=4 novel_out=0 repeat_dropped=0 symbol_dropped=0 surge_in=0 surge_target=0 surge_out=0
2026-02-27 08:09:50,835 [INFO] [u_station_ab_night_autotune_v2] __main__: V2_SOURCE_QOS_FILTER in=4 out=3 drops={'source_qos_cap': 1} caps={'watchlist': 3}
2026-02-27 08:09:50,835 [INFO] [u_station_ab_night_autotune_v2] __main__: FILTER_FAIL token=AERO reason=source_qos_cap source=watchlist used=3/3
2026-02-27 08:09:50,837 [INFO] [u_station_ab_night_autotune_v2] __main__: FILTER_PASS token=POOPCOIN tier=A score=95 mode=YELLOW risk=MEDIUM liq=466639 vol5m=5109
2026-02-27 08:09:50,837 [INFO] [u_station_ab_night_autotune_v2] __main__: FILTER_PASS token=cbBTC tier=A score=85 mode=YELLOW risk=MEDIUM liq=19423845 vol5m=3950
2026-02-27 08:09:50,837 [INFO] [u_station_ab_night_autotune_v2] __main__: FILTER_PASS token=VIRTUAL tier=A score=75 mode=YELLOW risk=MEDIUM liq=7641189 vol5m=1560
2026-02-27 08:09:50,837 [INFO] [u_station_ab_night_autotune_v2] __main__: V2_QUALITY_GATE enabled=True regime=YELLOW in=3 out=3 core_out=1 explore_out=2 probe_out=0 quota=2 max_symbol_share=0.333 drop={} sources_used={'watchlist': 3}
2026-02-27 08:09:50,837 [INFO] [u_station_ab_night_autotune_v2] __main__: V2_ENTRY_ROUTE enabled=True regime=YELLOW in=3 out=2 core_out=1 explore_out=1 quota=1 allow_explore=True
2026-02-27 08:09:50,837 [INFO] [u_station_ab_night_autotune_v2] __main__: MARKET_REGIME mode=YELLOW reason=hysteresis_recover_wait 1/4 raw=GREEN avg_cand_recent=2.50
2026-02-27 08:09:50,837 [INFO] [u_station_ab_night_autotune_v2] trading.auto_trader: AutoTrade skip token=POOPCOIN reason=blacklist detail=honeypot_guard:honeypot_api_status_404
2026-02-27 08:09:50,843 [INFO] [u_station_ab_night_autotune_v2] trading.auto_trader: AutoTrade adjust token=cbBTC reason=min_trade_floor size=$0.06->$0.10 min=$0.10
2026-02-27 08:09:50,843 [INFO] [u_station_ab_night_autotune_v2] trading.auto_trader: AutoTrade skip token=cbBTC reason=edge_low mode=both edge=-26.03% raw=-24.10% mult=1.08 min=0.05% probe_min=0.05% edge_usd=$-0.026 min_usd=$0.000 probe_min_usd=$0.000 size=$0.10 gross=6.40% costs=30.50% pwin=0.65 probe=- budget=0/1
2026-02-27 08:09:50,843 [INFO] [u_station_ab_night_autotune_v2] trading.auto_trader: AutoTrade batch mode=top_n candidates=2 eligible=2 selected=2 opened=0 pe=off burst_window=0
2026-02-27 08:09:50,843 [INFO] [u_station_ab_night_autotune_v2] __main__: Scanned 4 tokens | High quality: 3 | Alerts sent: 0 | Trade candidates: 3 | Quality out/core/explore/probe: 3/1/2/0 | Opened: 0 | Mode: local | Source: onchain+market | Policy: raw=OK/effective=OK(healthy | route=allow_all) | Regime: YELLOW(hysteresis_recover_wait 1/4 raw=GREEN) | Safety: checked=3 fail_closed=0 reasons=api_code_4029:3 | FiltersTop(session): source_qos_cap:23,safe_age:14,score_min:5,source_qos_symbol_cap:3 | Dedup: heavy_skip=0 override=0 | V2Budget: 3/280 | SourceQoS: enabled=1/in=4/out=3/dropped=1/active_cd=0/drops=source_qos_cap:1 | Ingest: q=0/oldest=0.0s/drop_old=0/dedup_skip=0/enq=0/drain=0 | Sources: dex_boosts:ok=1/fail=0/429=0/lim_wait=0/cd_wait=0/err=0.0%/avg=68ms; dexscreener:ok=11/fail=0/429=0/lim_wait=0/cd_wait=0/err=0.0%/avg=42ms; onchain_enrich:ok=4/fail=0/429=0/lim_wait=0/cd_wait=0/err=0.0%/avg=126ms | Tasks: 3 | RSS: 0.0MB | CycleAvg: 8.65s
2026-02-27 08:09:55,104 [INFO] [u_station_ab_night_autotune_v2] monitor.onchain_factory: PAIR_DETECTED source=uniswap_v2 dex=uniswap_v2 pair=0x631361552ff2744f85c7477b2dddb497aa0d1e48 token0=0x4200000000000000000000000000000000000006 token1=0xb469d4691022b5f5f34f9e9757cb7aa023bb963c block=42693421 factory=0x8909dc15e40173ff4699343b6eb8132c65e18ec6
2026-02-27 08:09:55,372 [INFO] [u_station_ab_night_autotune_v2] monitor.onchain_factory: ENRICH_RETRY token=0x8aa6c240e788809d7028e90822c4c4dca83e47be pair=0x209c5228c8114b331fa89dbb9d5b3878c88e0217 attempt=1/2 delay=10s
2026-02-27 08:09:55,873 [INFO] [u_station_ab_night_autotune_v2] monitor.onchain_factory: ENRICH_RETRY token=0xb469d4691022b5f5f34f9e9757cb7aa023bb963c pair=0x631361552ff2744f85c7477b2dddb497aa0d1e48 attempt=1/2 delay=10s
2026-02-27 08:10:05,940 [INFO] [u_station_ab_night_autotune_v2] __main__: WATCHLIST merged count=4
2026-02-27 08:10:05,940 [INFO] [u_station_ab_night_autotune_v2] trading.v2_runtime: V2_UNIVERSE in=4 dedup=4 out=4 target=4 novel_target=4 novel_out=0 repeat_dropped=0 symbol_dropped=0 surge_in=0 surge_target=0 surge_out=0
2026-02-27 08:10:05,940 [INFO] [u_station_ab_night_autotune_v2] __main__: V2_SOURCE_QOS_FILTER in=4 out=3 drops={'source_qos_cap': 1} caps={'watchlist': 3}
2026-02-27 08:10:05,953 [INFO] [u_station_ab_night_autotune_v2] __main__: FILTER_FAIL token=AERO reason=source_qos_cap source=watchlist used=3/3
2026-02-27 08:10:05,953 [INFO] [u_station_ab_night_autotune_v2] __main__: FILTER_PASS token=POOPCOIN tier=A score=95 mode=YELLOW risk=MEDIUM liq=466639 vol5m=5109
2026-02-27 08:10:05,953 [INFO] [u_station_ab_night_autotune_v2] __main__: FILTER_PASS token=cbBTC tier=A score=85 mode=YELLOW risk=MEDIUM liq=19423845 vol5m=3950
2026-02-27 08:10:05,953 [INFO] [u_station_ab_night_autotune_v2] __main__: FILTER_PASS token=VIRTUAL tier=A score=75 mode=YELLOW risk=MEDIUM liq=7641189 vol5m=1560
2026-02-27 08:10:05,953 [INFO] [u_station_ab_night_autotune_v2] __main__: V2_QUALITY_GATE enabled=True regime=YELLOW in=3 out=3 core_out=1 explore_out=2 probe_out=0 quota=2 max_symbol_share=0.333 drop={} sources_used={'watchlist': 3}
2026-02-27 08:10:05,953 [INFO] [u_station_ab_night_autotune_v2] __main__: V2_ENTRY_ROUTE enabled=True regime=YELLOW in=3 out=2 core_out=1 explore_out=1 quota=1 allow_explore=True
2026-02-27 08:10:05,953 [INFO] [u_station_ab_night_autotune_v2] __main__: MARKET_REGIME mode=YELLOW reason=hysteresis_recover_wait 2/4 raw=GREEN avg_cand_recent=2.50
2026-02-27 08:10:05,953 [INFO] [u_station_ab_night_autotune_v2] trading.auto_trader: AutoTrade skip token=POOPCOIN reason=blacklist detail=honeypot_guard:honeypot_api_status_404
2026-02-27 08:10:05,953 [INFO] [u_station_ab_night_autotune_v2] trading.auto_trader: AutoTrade adjust token=cbBTC reason=min_trade_floor size=$0.06->$0.10 min=$0.10
2026-02-27 08:10:05,969 [INFO] [u_station_ab_night_autotune_v2] trading.auto_trader: AutoTrade skip token=cbBTC reason=edge_low mode=both edge=-26.03% raw=-24.10% mult=1.08 min=0.05% probe_min=0.05% edge_usd=$-0.026 min_usd=$0.000 probe_min_usd=$0.000 size=$0.10 gross=6.40% costs=30.50% pwin=0.65 probe=- budget=0/1
2026-02-27 08:10:05,969 [INFO] [u_station_ab_night_autotune_v2] trading.auto_trader: AutoTrade batch mode=top_n candidates=2 eligible=2 selected=2 opened=0 pe=off burst_window=0
2026-02-27 08:10:05,969 [INFO] [u_station_ab_night_autotune_v2] __main__: Scanned 4 tokens | High quality: 3 | Alerts sent: 0 | Trade candidates: 3 | Quality out/core/explore/probe: 3/1/2/0 | Opened: 0 | Mode: local | Source: onchain+market | Policy: raw=OK/effective=OK(healthy | route=allow_all) | Regime: YELLOW(hysteresis_recover_wait 2/4 raw=GREEN) | Safety: checked=3 fail_closed=0 reasons=api_code_4029:3 | FiltersTop(session): source_qos_cap:24,safe_age:14,score_min:5,source_qos_symbol_cap:3 | Dedup: heavy_skip=0 override=0 | V2Budget: 3/280 | SourceQoS: enabled=1/in=4/out=3/dropped=1/active_cd=0/drops=source_qos_cap:1 | Ingest: q=0/oldest=0.0s/drop_old=0/dedup_skip=0/enq=0/drain=0 | Sources: dex_boosts:ok=1/fail=0/429=0/lim_wait=0/cd_wait=0/err=0.0%/avg=50ms; dexscreener:ok=11/fail=0/429=0/lim_wait=0/cd_wait=0/err=0.0%/avg=43ms; onchain_enrich:ok=8/fail=0/429=0/lim_wait=0/cd_wait=0/err=0.0%/avg=118ms | Tasks: 3 | RSS: 0.0MB | CycleAvg: 8.80s
2026-02-27 08:10:10,244 [INFO] [u_station_ab_night_autotune_v2] monitor.onchain_factory: PAIR_DETECTED source=uniswap_v2 dex=uniswap_v2 pair=0x127861bfa02b179ac8f414ac6c2b4cb5bca4a969 token0=0x1741aec2b3efec1628749ddb1f631ddfc6eebb07 token1=0x4200000000000000000000000000000000000006 block=42693428 factory=0x8909dc15e40173ff4699343b6eb8132c65e18ec6
2026-02-27 08:10:10,438 [INFO] [u_station_ab_night_autotune_v2] monitor.onchain_factory: ENRICH_RETRY token=0x8aa6c240e788809d7028e90822c4c4dca83e47be pair=0x209c5228c8114b331fa89dbb9d5b3878c88e0217 attempt=1/2 delay=10s
2026-02-27 08:10:10,487 [INFO] [u_station_ab_night_autotune_v2] monitor.onchain_factory: ENRICH_RETRY token=0xb469d4691022b5f5f34f9e9757cb7aa023bb963c pair=0x631361552ff2744f85c7477b2dddb497aa0d1e48 attempt=1/2 delay=10s
2026-02-27 08:10:10,604 [INFO] [u_station_ab_night_autotune_v2] monitor.onchain_factory: ENRICH_RETRY token=0x1741aec2b3efec1628749ddb1f631ddfc6eebb07 pair=0x127861bfa02b179ac8f414ac6c2b4cb5bca4a969 attempt=1/2 delay=10s
2026-02-27 08:10:20,710 [INFO] [u_station_ab_night_autotune_v2] __main__: WATCHLIST merged count=4
2026-02-27 08:10:20,710 [INFO] [u_station_ab_night_autotune_v2] trading.v2_runtime: V2_UNIVERSE in=5 dedup=5 out=5 target=5 novel_target=5 novel_out=1 repeat_dropped=0 symbol_dropped=0 surge_in=0 surge_target=0 surge_out=0
2026-02-27 08:10:20,710 [INFO] [u_station_ab_night_autotune_v2] __main__: V2_SOURCE_QOS_FILTER in=5 out=3 drops={'source_qos_cap': 2} caps={'unknown': 0, 'watchlist': 2}
2026-02-27 08:10:20,710 [INFO] [u_station_ab_night_autotune_v2] __main__: FILTER_FAIL token=VIRTUAL reason=source_qos_cap source=watchlist used=2/2
2026-02-27 08:10:20,710 [INFO] [u_station_ab_night_autotune_v2] __main__: FILTER_FAIL token=AERO reason=source_qos_cap source=watchlist used=2/2
2026-02-27 08:10:20,725 [INFO] [u_station_ab_night_autotune_v2] __main__: FILTER_PASS token=POOPCOIN tier=A score=95 mode=YELLOW risk=MEDIUM liq=466639 vol5m=5109
2026-02-27 08:10:20,725 [INFO] [u_station_ab_night_autotune_v2] __main__: FILTER_PASS token=cbBTC tier=A score=85 mode=YELLOW risk=MEDIUM liq=19423845 vol5m=3950
2026-02-27 08:10:20,728 [INFO] [u_station_ab_night_autotune_v2] __main__: FILTER_FAIL token=CLAWNCH reason=score_min score=20 strict_min=48 soft_min=48 mode=YELLOW
2026-02-27 08:10:20,728 [INFO] [u_station_ab_night_autotune_v2] __main__: V2_QUALITY_GATE enabled=True regime=YELLOW in=2 out=2 core_out=1 explore_out=1 probe_out=0 quota=1 max_symbol_share=0.500 drop={} sources_used={'watchlist': 2}
2026-02-27 08:10:20,728 [INFO] [u_station_ab_night_autotune_v2] __main__: V2_ENTRY_ROUTE enabled=True regime=YELLOW in=2 out=2 core_out=1 explore_out=1 quota=1 allow_explore=True
2026-02-27 08:10:20,728 [INFO] [u_station_ab_night_autotune_v2] __main__: MARKET_REGIME mode=YELLOW reason=hysteresis_recover_wait 3/4 raw=GREEN avg_cand_recent=2.50
2026-02-27 08:10:20,728 [INFO] [u_station_ab_night_autotune_v2] trading.auto_trader: AutoTrade skip token=POOPCOIN reason=blacklist detail=honeypot_guard:honeypot_api_status_404
2026-02-27 08:10:20,728 [INFO] [u_station_ab_night_autotune_v2] trading.auto_trader: AutoTrade adjust token=cbBTC reason=min_trade_floor size=$0.06->$0.10 min=$0.10
2026-02-27 08:10:20,728 [INFO] [u_station_ab_night_autotune_v2] trading.auto_trader: AutoTrade skip token=cbBTC reason=edge_low mode=both edge=-26.03% raw=-24.10% mult=1.08 min=0.05% probe_min=0.05% edge_usd=$-0.026 min_usd=$0.000 probe_min_usd=$0.000 size=$0.10 gross=6.40% costs=30.50% pwin=0.65 probe=- budget=0/1
2026-02-27 08:10:20,728 [INFO] [u_station_ab_night_autotune_v2] trading.auto_trader: AutoTrade batch mode=top_n candidates=2 eligible=2 selected=2 opened=0 pe=off burst_window=0
2026-02-27 08:10:20,728 [INFO] [u_station_ab_night_autotune_v2] trading.auto_trader: PAPER_SUMMARY window=60s closed_delta=0 wins_delta=0 losses_delta=0 realized_delta=$0.00 total_closed=78 winrate_total=47.4% realized_total=$0.33 balance=$7.33 equity=$7.33 open=0
2026-02-27 08:10:20,728 [INFO] [u_station_ab_night_autotune_v2] __main__: Scanned 5 tokens | High quality: 2 | Alerts sent: 0 | Trade candidates: 2 | Quality out/core/explore/probe: 2/1/1/0 | Opened: 0 | Mode: local | Source: onchain+market | Policy: raw=OK/effective=OK(healthy | route=allow_all) | Regime: YELLOW(hysteresis_recover_wait 3/4 raw=GREEN) | Safety: checked=2 fail_closed=0 reasons=api_code_4029:2 | FiltersTop(session): source_qos_cap:26,safe_age:14,score_min:6,source_qos_symbol_cap:3 | Dedup: heavy_skip=0 override=0 | V2Budget: 2/280 | SourceQoS: enabled=1/in=5/out=3/dropped=2/active_cd=0/drops=source_qos_cap:2 | Ingest: q=0/oldest=0.0s/drop_old=0/dedup_skip=0/enq=0/drain=0 | Sources: dex_boosts:ok=1/fail=0/429=0/lim_wait=0/cd_wait=0/err=0.0%/avg=130ms; dexscreener:ok=11/fail=0/429=0/lim_wait=0/cd_wait=0/err=0.0%/avg=263ms; onchain_enrich:ok=11/fail=0/429=0/lim_wait=0/cd_wait=0/err=0.0%/avg=69ms; onchain_weth_price:ok=1/fail=0/429=0/lim_wait=0/cd_wait=0/err=0.0%/avg=48ms | Tasks: 3 | RSS: 0.0MB | CycleAvg: 8.95s
2026-02-27 08:10:25,200 [INFO] [u_station_ab_night_autotune_v2] monitor.onchain_factory: ENRICH_RETRY token=0xb469d4691022b5f5f34f9e9757cb7aa023bb963c pair=0x631361552ff2744f85c7477b2dddb497aa0d1e48 attempt=1/2 delay=10s
2026-02-27 08:10:25,203 [INFO] [u_station_ab_night_autotune_v2] monitor.onchain_factory: ENRICH_RETRY token=0x1741aec2b3efec1628749ddb1f631ddfc6eebb07 pair=0x127861bfa02b179ac8f414ac6c2b4cb5bca4a969 attempt=1/2 delay=10s
2026-02-27 08:10:35,273 [INFO] [u_station_ab_night_autotune_v2] __main__: WATCHLIST merged count=4
2026-02-27 08:10:35,273 [INFO] [u_station_ab_night_autotune_v2] trading.v2_runtime: V2_UNIVERSE in=5 dedup=5 out=5 target=5 novel_target=5 novel_out=1 repeat_dropped=0 symbol_dropped=0 surge_in=0 surge_target=0 surge_out=0
2026-02-27 08:10:35,273 [INFO] [u_station_ab_night_autotune_v2] __main__: V2_SOURCE_QOS_FILTER in=5 out=3 drops={'source_qos_cap': 2} caps={'unknown': 0, 'watchlist': 2}
2026-02-27 08:10:35,273 [INFO] [u_station_ab_night_autotune_v2] __main__: FILTER_FAIL token=VIRTUAL reason=source_qos_cap source=watchlist used=2/2
2026-02-27 08:10:35,273 [INFO] [u_station_ab_night_autotune_v2] __main__: FILTER_FAIL token=AERO reason=source_qos_cap source=watchlist used=2/2
2026-02-27 08:10:35,273 [INFO] [u_station_ab_night_autotune_v2] __main__: FILTER_PASS token=POOPCOIN tier=A score=95 mode=YELLOW risk=MEDIUM liq=466639 vol5m=5109
2026-02-27 08:10:35,273 [INFO] [u_station_ab_night_autotune_v2] __main__: FILTER_PASS token=cbBTC tier=A score=85 mode=YELLOW risk=MEDIUM liq=19423845 vol5m=3950
2026-02-27 08:10:35,273 [INFO] [u_station_ab_night_autotune_v2] __main__: FILTER_FAIL token=CHARLES reason=safe_volume vol5m=0 min=6 regime=YELLOW
2026-02-27 08:10:35,273 [INFO] [u_station_ab_night_autotune_v2] __main__: V2_QUALITY_GATE enabled=True regime=GREEN in=2 out=2 core_out=1 explore_out=1 probe_out=0 quota=1 max_symbol_share=0.500 drop={} sources_used={'watchlist': 2}
2026-02-27 08:10:35,273 [INFO] [u_station_ab_night_autotune_v2] __main__: V2_ENTRY_ROUTE enabled=True regime=GREEN in=2 out=2 core_out=1 explore_out=1 quota=1 allow_explore=True
2026-02-27 08:10:35,273 [INFO] [u_station_ab_night_autotune_v2] __main__: MARKET_REGIME mode=GREEN reason=avg_cand=2.50 avg_cand_recent=2.50
2026-02-27 08:10:35,289 [WARNING] [u_station_ab_night_autotune_v2] monitor.local_alerter: Local event symbol=MARKET_MODE reco=GREEN risk=INFO
2026-02-27 08:10:35,289 [INFO] [u_station_ab_night_autotune_v2] trading.auto_trader: AutoTrade skip token=POOPCOIN reason=blacklist detail=honeypot_guard:honeypot_api_status_404
2026-02-27 08:10:35,289 [INFO] [u_station_ab_night_autotune_v2] trading.auto_trader: AutoTrade adjust token=cbBTC reason=min_trade_floor size=$0.06->$0.10 min=$0.10
2026-02-27 08:10:35,289 [INFO] [u_station_ab_night_autotune_v2] trading.auto_trader: AutoTrade skip token=cbBTC reason=edge_low mode=both edge=-26.03% raw=-24.10% mult=1.08 min=0.05% probe_min=0.05% edge_usd=$-0.026 min_usd=$0.000 probe_min_usd=$0.000 size=$0.10 gross=6.40% costs=30.50% pwin=0.65 probe=- budget=0/1
2026-02-27 08:10:35,294 [INFO] [u_station_ab_night_autotune_v2] trading.auto_trader: AutoTrade batch mode=top_n candidates=2 eligible=2 selected=2 opened=0 pe=off burst_window=0
2026-02-27 08:10:35,294 [INFO] [u_station_ab_night_autotune_v2] __main__: Scanned 5 tokens | High quality: 2 | Alerts sent: 0 | Trade candidates: 2 | Quality out/core/explore/probe: 2/1/1/0 | Opened: 0 | Mode: local | Source: onchain+market | Policy: raw=OK/effective=OK(healthy | route=allow_all) | Regime: GREEN(avg_cand=2.50) | Safety: checked=2 fail_closed=0 reasons=api_code_4029:2 | FiltersTop(session): source_qos_cap:28,safe_age:14,score_min:6,source_qos_symbol_cap:3 | Dedup: heavy_skip=0 override=0 | V2Budget: 2/280 | SourceQoS: enabled=1/in=5/out=3/dropped=2/active_cd=0/drops=source_qos_cap:2 | Ingest: q=2/oldest=5.4s/drop_old=0/dedup_skip=0/enq=2/drain=0 | Sources: dex_boosts:ok=1/fail=0/429=0/lim_wait=0/cd_wait=0/err=0.0%/avg=59ms; dexscreener:ok=11/fail=0/429=0/lim_wait=0/cd_wait=0/err=0.0%/avg=49ms; geckoterminal:ok=1/fail=0/429=0/lim_wait=0/cd_wait=0/err=0.0%/avg=594ms; onchain_enrich:ok=7/fail=0/429=0/lim_wait=0/cd_wait=0/err=0.0%/avg=40ms | Tasks: 3 | RSS: 0.0MB | CycleAvg: 9.05s
2026-02-27 08:10:39,937 [INFO] [u_station_ab_night_autotune_v2] __main__: WATCHLIST merged count=4
2026-02-27 08:10:39,937 [INFO] [u_station_ab_night_autotune_v2] trading.v2_runtime: V2_UNIVERSE in=6 dedup=6 out=6 target=6 novel_target=6 novel_out=1 repeat_dropped=0 symbol_dropped=0 surge_in=0 surge_target=0 surge_out=0
2026-02-27 08:10:39,937 [INFO] [u_station_ab_night_autotune_v2] __main__: V2_SOURCE_QOS_FILTER in=6 out=4 drops={'source_qos_cap': 2} caps={'unknown': 0, 'watchlist': 2, 'geckoterminal': 287}
2026-02-27 08:10:39,937 [INFO] [u_station_ab_night_autotune_v2] __main__: FILTER_FAIL token=VIRTUAL reason=source_qos_cap source=watchlist used=2/2
2026-02-27 08:10:39,937 [INFO] [u_station_ab_night_autotune_v2] __main__: FILTER_FAIL token=AERO reason=source_qos_cap source=watchlist used=2/2
2026-02-27 08:10:39,937 [INFO] [u_station_ab_night_autotune_v2] __main__: FILTER_PASS token=POOPCOIN tier=A score=95 mode=GREEN risk=MEDIUM liq=466639 vol5m=5109
2026-02-27 08:10:39,937 [INFO] [u_station_ab_night_autotune_v2] __main__: FILTER_PASS token=cbBTC tier=A score=85 mode=GREEN risk=MEDIUM liq=19423845 vol5m=3950
2026-02-27 08:10:39,937 [INFO] [u_station_ab_night_autotune_v2] __main__: FILTER_FAIL token=CHARLES reason=safe_age
2026-02-27 08:10:39,937 [INFO] [u_station_ab_night_autotune_v2] __main__: FILTER_FAIL token=Jellybean reason=safe_volume vol5m=0 min=5 regime=GREEN
2026-02-27 08:10:39,937 [INFO] [u_station_ab_night_autotune_v2] __main__: V2_QUALITY_GATE enabled=True regime=GREEN in=2 out=2 core_out=1 explore_out=1 probe_out=0 quota=1 max_symbol_share=0.500 drop={} sources_used={'watchlist': 2}
2026-02-27 08:10:39,937 [INFO] [u_station_ab_night_autotune_v2] __main__: V2_ENTRY_ROUTE enabled=True regime=GREEN in=2 out=2 core_out=1 explore_out=1 quota=1 allow_explore=True
2026-02-27 08:10:39,948 [INFO] [u_station_ab_night_autotune_v2] __main__: MARKET_REGIME mode=GREEN reason=avg_cand=2.50 avg_cand_recent=2.50
2026-02-27 08:10:39,949 [INFO] [u_station_ab_night_autotune_v2] trading.auto_trader: AutoTrade skip token=POOPCOIN reason=blacklist detail=honeypot_guard:honeypot_api_status_404
2026-02-27 08:10:39,966 [INFO] [u_station_ab_night_autotune_v2] trading.auto_trader: AutoTrade adjust token=cbBTC reason=min_trade_floor size=$0.06->$0.10 min=$0.10
2026-02-27 08:10:39,966 [INFO] [u_station_ab_night_autotune_v2] trading.auto_trader: AutoTrade skip token=cbBTC reason=ev_net_low expected_net=$-0.00744 min=$-0.00232 samples=22 conf=1.00 pwin=0.32 avg_win=$0.0062 avg_loss=$0.0126 kelly=0.000 mem=sparse trades=2<18
2026-02-27 08:10:39,966 [INFO] [u_station_ab_night_autotune_v2] trading.auto_trader: AutoTrade batch mode=top_n candidates=2 eligible=2 selected=2 opened=0 pe=off burst_window=0
2026-02-27 08:10:39,966 [INFO] [u_station_ab_night_autotune_v2] __main__: Scanned 6 tokens | High quality: 2 | Alerts sent: 0 | Trade candidates: 2 | Quality out/core/explore/probe: 2/1/1/0 | Opened: 0 | Mode: local | Source: onchain+market | Policy: raw=OK/effective=OK(healthy | route=allow_all) | Regime: GREEN(avg_cand=2.50) | Safety: checked=2 fail_closed=0 reasons=api_code_4029:2 | FiltersTop(session): source_qos_cap:30,safe_age:15,score_min:6,source_qos_symbol_cap:3 | Dedup: heavy_skip=0 override=0 | V2Budget: 2/280 | SourceQoS: enabled=1/in=6/out=4/dropped=2/active_cd=0/drops=source_qos_cap:2 | Ingest: q=0/oldest=0.0s/drop_old=0/dedup_skip=0/enq=0/drain=2 | Sources: dex_boosts:ok=1/fail=0/429=0/lim_wait=0/cd_wait=0/err=0.0%/avg=30ms; dexscreener:ok=11/fail=0/429=0/lim_wait=0/cd_wait=0/err=0.0%/avg=39ms; onchain_enrich:ok=2/fail=0/429=0/lim_wait=0/cd_wait=0/err=0.0%/avg=131ms | Tasks: 3 | RSS: 0.0MB | CycleAvg: 9.13s
2026-02-27 08:10:43,969 [WARNING] [u_station_ab_night_autotune_v2] __main__: GRACEFUL_STOP requested path=D:\earnforme\solana-alert-bot\data\graceful_stop.u_station_ab_night_autotune_v2.signal
2026-02-27 08:10:44,006 [INFO] [u_station_ab_night_autotune_v2] trading.auto_trader: AUTOTRADER_SHUTDOWN reason=main_local_shutdown open=0 closed=78
