2026-02-27 00:56:46,531 [INFO] [u_station_ab_night_autotune_v2] __main__: SESSION_LOG file=logs/matrix/u_station_ab_night_autotune_v2\sessions\main_local_20260226_235646_pid13316.log
2026-02-27 00:56:46,554 [INFO] [u_station_ab_night_autotune_v2] trading.auto_trader_state: AutoTrade state loaded open=1 closed=38 balance=$6.53
2026-02-27 00:56:46,560 [WARNING] [u_station_ab_night_autotune_v2] trading.auto_trader: DATA_POLICY mode=OK reason=init_reset_manual prev_mode=OK prev_reason=healthy | route=allow_all
2026-02-27 00:56:46,565 [INFO] [u_station_ab_night_autotune_v2] __main__: AUTOTRADER_INIT state=ready reason=manual mode=paper
2026-02-27 00:56:46,566 [INFO] [u_station_ab_night_autotune_v2] __main__: Local mode started (Telegram disabled).
2026-02-27 00:58:51,603 [INFO] [u_station_ab_night_autotune_v2] __main__: WATCHLIST merged count=2
2026-02-27 00:58:51,603 [INFO] [u_station_ab_night_autotune_v2] trading.v2_runtime: V2_UNIVERSE in=16 dedup=16 out=16 target=16 novel_target=14 novel_out=16 repeat_dropped=0 symbol_dropped=0 surge_in=5 surge_target=4 surge_out=5
2026-02-27 00:58:51,603 [INFO] [u_station_ab_night_autotune_v2] __main__: FILTER_FAIL token=HMC reason=safe_change_5m
2026-02-27 00:58:51,603 [INFO] [u_station_ab_night_autotune_v2] __main__: FILTER_FAIL token=CLEO reason=safe_change_5m
2026-02-27 00:58:51,603 [INFO] [u_station_ab_night_autotune_v2] __main__: FILTER_FAIL token=MOSW reason=safe_contract
2026-02-27 00:58:51,603 [INFO] [u_station_ab_night_autotune_v2] __main__: FILTER_FAIL token=CHARLES reason=safe_change_5m
2026-02-27 00:58:51,603 [INFO] [u_station_ab_night_autotune_v2] __main__: FILTER_FAIL token=colonys reason=safe_age
2026-02-27 00:58:51,603 [INFO] [u_station_ab_night_autotune_v2] __main__: FILTER_FAIL token=PET reason=safe_age
2026-02-27 00:58:51,603 [INFO] [u_station_ab_night_autotune_v2] __main__: FILTER_FAIL token=SENT reason=safe_age
2026-02-27 00:58:51,603 [INFO] [u_station_ab_night_autotune_v2] __main__: FILTER_PASS token=AIVATAR tier=A score=60 mode=YELLOW risk=MEDIUM liq=19988 vol5m=2188
2026-02-27 00:58:51,603 [INFO] [u_station_ab_night_autotune_v2] monitor.local_alerter: Local alert token=AIVATAR address=0x18e000230a6052080cf2dff5fb6f4f956f5e6ba3 score=60 reco=HOLD risk=MEDIUM warnings=0 liq=19988 vol5m=2188
2026-02-27 00:58:51,603 [INFO] [u_station_ab_night_autotune_v2] __main__: FILTER_PASS token=Chompleton tier=A score=75 mode=YELLOW risk=MEDIUM liq=203515 vol5m=571
2026-02-27 00:58:51,603 [INFO] [u_station_ab_night_autotune_v2] monitor.local_alerter: Local alert token=Chompleton address=0x24dfcb72dd64088c84cecfe306f0021dba591b07 score=75 reco=BUY risk=MEDIUM warnings=0 liq=203515 vol5m=571
2026-02-27 00:58:51,603 [INFO] [u_station_ab_night_autotune_v2] __main__: FILTER_FAIL token=UTT reason=safe_change_5m
2026-02-27 00:58:51,603 [INFO] [u_station_ab_night_autotune_v2] __main__: FILTER_FAIL token=CONSMARKET reason=safe_age
2026-02-27 00:58:51,619 [INFO] [u_station_ab_night_autotune_v2] __main__: FILTER_FAIL token=Roll reason=safe_age
2026-02-27 00:58:51,619 [INFO] [u_station_ab_night_autotune_v2] __main__: FILTER_PASS token=VIRTUAL tier=A score=75 mode=YELLOW risk=MEDIUM liq=7329871 vol5m=182
2026-02-27 00:58:51,619 [INFO] [u_station_ab_night_autotune_v2] __main__: FILTER_FAIL token=clwmrt reason=safe_volume vol5m=1 min=6 regime=YELLOW
2026-02-27 00:58:51,619 [INFO] [u_station_ab_night_autotune_v2] __main__: FILTER_FAIL token=Aliens reason=safe_volume vol5m=0 min=6 regime=YELLOW
2026-02-27 00:58:51,619 [INFO] [u_station_ab_night_autotune_v2] __main__: FILTER_FAIL token=AERO reason=safe_volume vol5m=0 min=6 regime=YELLOW
2026-02-27 00:58:51,619 [INFO] [u_station_ab_night_autotune_v2] trading.v2_runtime: V2_QUALITY_ROTATE symbols_core=0 symbols_cooldown=0 sources=1 top_core=- top_cooldown=-
2026-02-27 00:58:51,619 [INFO] [u_station_ab_night_autotune_v2] __main__: V2_QUALITY_GATE enabled=True regime=YELLOW in=3 out=3 core_out=0 explore_out=3 probe_out=0 quota=3 max_symbol_share=0.333 drop={} sources_used={'watchlist': 1, 'dexscreener': 1, 'geckoterminal': 1}
2026-02-27 00:58:51,619 [INFO] [u_station_ab_night_autotune_v2] __main__: V2_ENTRY_ROUTE enabled=True regime=YELLOW in=3 out=2 core_out=1 explore_out=1 quota=1 allow_explore=True
2026-02-27 00:58:51,619 [WARNING] [u_station_ab_night_autotune_v2] trading.auto_trader: DATA_POLICY mode=OK reason=healthy | route=allow_all prev_mode=OK prev_reason=init_reset_manual
2026-02-27 00:58:51,619 [INFO] [u_station_ab_night_autotune_v2] __main__: MARKET_REGIME mode=YELLOW reason=hysteresis_recover_wait 1/4 raw=GREEN avg_cand_recent=3.00
2026-02-27 00:58:51,653 [INFO] [u_station_ab_night_autotune_v2] trading.auto_trader: AutoTrade adjust token=Chompleton reason=min_trade_floor size=$0.06->$0.10 min=$0.10
2026-02-27 00:58:51,655 [INFO] [u_station_ab_night_autotune_v2] trading.auto_trader: AutoTrade skip token=Chompleton reason=edge_low mode=both edge=-29.70% raw=-27.50% mult=1.08 min=0.05% probe_min=0.05% edge_usd=$-0.030 min_usd=$0.001 probe_min_usd=$0.001 size=$0.10 gross=3.20% costs=30.70% pwin=0.45 probe=- budget=0/1
2026-02-27 00:58:51,657 [INFO] [u_station_ab_night_autotune_v2] trading.auto_trader: AutoTrade adjust token=VIRTUAL reason=min_trade_floor size=$0.03->$0.10 min=$0.10
2026-02-27 00:58:51,659 [INFO] [u_station_ab_night_autotune_v2] trading.auto_trader: AutoTrade skip token=VIRTUAL reason=edge_low mode=both edge=-29.70% raw=-27.50% mult=1.08 min=0.05% probe_min=0.05% edge_usd=$-0.030 min_usd=$0.000 probe_min_usd=$0.000 size=$0.10 gross=3.20% costs=30.70% pwin=0.45 probe=- budget=0/1
2026-02-27 00:58:51,659 [INFO] [u_station_ab_night_autotune_v2] trading.auto_trader: AutoTrade batch mode=top_n candidates=2 eligible=2 selected=2 opened=0 pe=off burst_window=0
2026-02-27 00:58:51,660 [INFO] [u_station_ab_night_autotune_v2] trading.auto_trader: PAPER_SUMMARY window=60s closed_delta=0 wins_delta=0 losses_delta=0 realized_delta=$0.00 total_closed=38 winrate_total=39.5% realized_total=$-0.01 balance=$6.53 equity=$6.99 open=1
2026-02-27 00:58:51,818 [ERROR] [u_station_ab_night_autotune_v2] trading.auto_trader_state: AUTOTRADE_STATE_SAVE_FAILED code=E_STATE_IO state_file=trading/paper_state.u_station_ab_night_autotune_v2.json err=[WinError 5] Отказано в доступе: 'D:\\earnforme\\solana-alert-bot\\trading\\paper_state.u_station_ab_night_autotune_v2.json.ws2hclnw.tmp' -> 'trading/paper_state.u_station_ab_night_autotune_v2.json'
Traceback (most recent call last):
  File "D:\earnforme\solana-alert-bot\trading\auto_trader_state.py", line 105, in save_state
    write_json_atomic_locked(
  File "D:\earnforme\solana-alert-bot\utils\state_file.py", line 167, in write_json_atomic_locked
    atomic_write_json(
  File "D:\earnforme\solana-alert-bot\utils\state_file.py", line 144, in atomic_write_json
    os.replace(tmp_path, abs_path)
PermissionError: [WinError 5] Отказано в доступе: 'D:\\earnforme\\solana-alert-bot\\trading\\paper_state.u_station_ab_night_autotune_v2.json.ws2hclnw.tmp' -> 'trading/paper_state.u_station_ab_night_autotune_v2.json'
2026-02-27 00:58:51,835 [INFO] [u_station_ab_night_autotune_v2] __main__: FILTER_THRESHOLDS safe_volume_5m_min=$5 safe_liquidity_min=$8000 safe_age_min=240s score_min=48 edge_min=0.05% lock_floor=0.95 no_momentum_max_pnl=0.25 weakness_pnl=-2.60
2026-02-27 00:58:51,835 [INFO] [u_station_ab_night_autotune_v2] __main__: Scanned 16 tokens | High quality: 8 | Alerts sent: 2 | Trade candidates: 3 | Quality out/core/explore/probe: 3/0/3/0 | Opened: 0 | Mode: local | Source: onchain+market | Policy: raw=OK/effective=OK(healthy | route=allow_all) | Regime: YELLOW(hysteresis_recover_wait 1/4 raw=GREEN) | Safety: checked=4 fail_closed=0 reasons=api_code_4029:4 | FiltersTop(session): safe_age:5,safe_change_5m:4,safe_volume:3,safe_contract:1 | Dedup: heavy_skip=0 override=0 | V2Budget: 4/280 | SourceQoS: enabled=1/in=16/out=16/dropped=0/active_cd=0/drops=none | Ingest: q=0/oldest=0.0s/drop_old=0/dedup_skip=0/enq=13/drain=13 | Sources: dex_boosts:ok=1/fail=0/429=0/lim_wait=0/cd_wait=0/err=0.0%/avg=116ms; dexscreener:ok=11/fail=0/429=0/lim_wait=0/cd_wait=0/err=0.0%/avg=465ms; geckoterminal:ok=2/fail=0/429=1/lim_wait=0/cd_wait=1/err=0.0%/avg=145ms; watchlist_dex:ok=10/fail=0/429=0/lim_wait=0/cd_wait=0/err=0.0%/avg=90ms; watchlist_gecko:ok=6/fail=0/429=0/lim_wait=0/cd_wait=0/err=0.0%/avg=582ms | Tasks: 3 | RSS: 0.0MB | CycleAvg: 0.00s
2026-02-27 00:58:56,145 [INFO] [u_station_ab_night_autotune_v2] monitor.onchain_factory: PAIR_DETECTED source=uniswap_v2 dex=uniswap_v2 pair=0xbd4228ba33c906e22137cf3276467e709d2c721e token0=0x4200000000000000000000000000000000000006 token1=0x801bc564be191db77bf7a3423dd63a7e9e00fdef block=42680430 factory=0x8909dc15e40173ff4699343b6eb8132c65e18ec6
2026-02-27 00:58:56,146 [INFO] [u_station_ab_night_autotune_v2] monitor.onchain_factory: PAIR_DETECTED source=uniswap_v2 dex=uniswap_v2 pair=0xbb9ef0dbabc6bcbaeba1206d6e688dc05974a964 token0=0x4200000000000000000000000000000000000006 token1=0x42accd397bc33ed3c061d4d926defbdc0dddab07 block=42680445 factory=0x8909dc15e40173ff4699343b6eb8132c65e18ec6
2026-02-27 00:58:56,147 [INFO] [u_station_ab_night_autotune_v2] monitor.onchain_factory: PAIR_DETECTED source=uniswap_v2 dex=uniswap_v2 pair=0xaea000d880cb2f77fe493798cc8ecca7bb573227 token0=0x4200000000000000000000000000000000000006 token1=0xdddaec669c8579c39736b8689e79defd96a6bba3 block=42680484 factory=0x8909dc15e40173ff4699343b6eb8132c65e18ec6
2026-02-27 00:58:56,269 [INFO] [u_station_ab_night_autotune_v2] monitor.onchain_factory: PAIR_DETECTED source=uniswap_v3 dex=uniswap_v3 pair=0xb8362f9fbed46ed766e063ac11452317bef0e909 token0=0x4200000000000000000000000000000000000006 token1=0x7e57307667485a9d5422ff791c50c03a645ede21 block=42680484 factory=0x33128a8fc17869897dce68ed026d694621f6fdfd
2026-02-27 00:58:56,574 [INFO] [u_station_ab_night_autotune_v2] monitor.onchain_factory: ENRICH_RETRY token=0xdddaec669c8579c39736b8689e79defd96a6bba3 pair=0xaea000d880cb2f77fe493798cc8ecca7bb573227 attempt=1/2 delay=10s
2026-02-27 00:58:56,871 [INFO] [u_station_ab_night_autotune_v2] monitor.onchain_factory: ENRICH_RETRY token=0x7e57307667485a9d5422ff791c50c03a645ede21 pair=0xb8362f9fbed46ed766e063ac11452317bef0e909 attempt=1/2 delay=10s
2026-02-27 00:59:06,953 [INFO] [u_station_ab_night_autotune_v2] __main__: WATCHLIST merged count=2
2026-02-27 00:59:06,954 [INFO] [u_station_ab_night_autotune_v2] trading.v2_runtime: V2_UNIVERSE in=4 dedup=4 out=4 target=4 novel_target=4 novel_out=0 repeat_dropped=0 symbol_dropped=0 surge_in=0 surge_target=0 surge_out=0
2026-02-27 00:59:06,955 [INFO] [u_station_ab_night_autotune_v2] __main__: FILTER_FAIL token=colonys reason=score_min score=40 strict_min=48 soft_min=48 mode=YELLOW
2026-02-27 00:59:06,956 [INFO] [u_station_ab_night_autotune_v2] __main__: FILTER_FAIL token=Roll reason=safe_age
2026-02-27 00:59:06,957 [INFO] [u_station_ab_night_autotune_v2] __main__: FILTER_PASS token=VIRTUAL tier=A score=75 mode=YELLOW risk=MEDIUM liq=7329871 vol5m=182
2026-02-27 00:59:06,960 [INFO] [u_station_ab_night_autotune_v2] __main__: FILTER_FAIL token=AERO reason=safe_volume vol5m=0 min=6 regime=YELLOW
2026-02-27 00:59:06,960 [INFO] [u_station_ab_night_autotune_v2] __main__: V2_QUALITY_GATE enabled=True regime=YELLOW in=1 out=1 core_out=0 explore_out=1 probe_out=0 quota=1 max_symbol_share=1.000 drop={} sources_used={'watchlist': 1}
2026-02-27 00:59:06,961 [INFO] [u_station_ab_night_autotune_v2] __main__: V2_ENTRY_ROUTE enabled=True regime=YELLOW in=1 out=1 core_out=0 explore_out=1 quota=1 allow_explore=True
2026-02-27 00:59:06,962 [INFO] [u_station_ab_night_autotune_v2] __main__: MARKET_REGIME mode=YELLOW reason=avg_cand=2.00 avg_cand_recent=2.00
2026-02-27 00:59:06,964 [INFO] [u_station_ab_night_autotune_v2] trading.auto_trader: AutoTrade adjust token=VIRTUAL reason=min_trade_floor size=$0.03->$0.10 min=$0.10
2026-02-27 00:59:06,965 [INFO] [u_station_ab_night_autotune_v2] trading.auto_trader: AutoTrade skip token=VIRTUAL reason=edge_low mode=both edge=-29.70% raw=-27.50% mult=1.08 min=0.05% probe_min=0.05% edge_usd=$-0.030 min_usd=$0.000 probe_min_usd=$0.000 size=$0.10 gross=3.20% costs=30.70% pwin=0.45 probe=- budget=0/1
2026-02-27 00:59:06,966 [INFO] [u_station_ab_night_autotune_v2] trading.auto_trader: AutoTrade batch mode=top_n candidates=1 eligible=1 selected=1 opened=0 pe=off burst_window=0
2026-02-27 00:59:07,089 [INFO] [u_station_ab_night_autotune_v2] __main__: Scanned 4 tokens | High quality: 2 | Alerts sent: 0 | Trade candidates: 1 | Quality out/core/explore/probe: 1/0/1/0 | Opened: 0 | Mode: local | Source: onchain+market | Policy: raw=OK/effective=OK(healthy | route=allow_all) | Regime: YELLOW(avg_cand=2.00) | Safety: checked=1 fail_closed=0 reasons=api_code_4029:1 | FiltersTop(session): safe_age:6,safe_change_5m:4,safe_volume:4,safe_contract:1 | Dedup: heavy_skip=0 override=0 | V2Budget: 1/280 | SourceQoS: enabled=1/in=4/out=4/dropped=0/active_cd=0/drops=none | Ingest: q=0/oldest=0.0s/drop_old=0/dedup_skip=0/enq=0/drain=0 | Sources: dex_boosts:ok=1/fail=0/429=0/lim_wait=0/cd_wait=0/err=0.0%/avg=40ms; dexscreener:ok=11/fail=0/429=0/lim_wait=0/cd_wait=0/err=0.0%/avg=47ms; geckoterminal:ok=0/fail=0/429=0/lim_wait=0/cd_wait=0/err=0.0%/avg=0ms; onchain_enrich:ok=10/fail=0/429=0/lim_wait=0/cd_wait=0/err=0.0%/avg=130ms; onchain_weth_price:ok=1/fail=0/429=0/lim_wait=0/cd_wait=0/err=0.0%/avg=48ms | Tasks: 3 | RSS: 0.0MB | CycleAvg: 125.28s
2026-02-27 00:59:11,596 [INFO] [u_station_ab_night_autotune_v2] monitor.onchain_factory: ENRICH_RETRY token=0xdddaec669c8579c39736b8689e79defd96a6bba3 pair=0xaea000d880cb2f77fe493798cc8ecca7bb573227 attempt=1/2 delay=10s
2026-02-27 00:59:11,603 [INFO] [u_station_ab_night_autotune_v2] monitor.onchain_factory: ENRICH_RETRY token=0x7e57307667485a9d5422ff791c50c03a645ede21 pair=0xb8362f9fbed46ed766e063ac11452317bef0e909 attempt=1/2 delay=10s
2026-02-27 00:59:21,672 [INFO] [u_station_ab_night_autotune_v2] __main__: WATCHLIST merged count=2
2026-02-27 00:59:21,672 [INFO] [u_station_ab_night_autotune_v2] trading.v2_runtime: V2_UNIVERSE in=2 dedup=2 out=2 target=2 novel_target=2 novel_out=0 repeat_dropped=0 symbol_dropped=0 surge_in=0 surge_target=0 surge_out=0
2026-02-27 00:59:21,672 [INFO] [u_station_ab_night_autotune_v2] __main__: FILTER_PASS token=VIRTUAL tier=A score=75 mode=YELLOW risk=MEDIUM liq=7329871 vol5m=182
2026-02-27 00:59:21,672 [INFO] [u_station_ab_night_autotune_v2] __main__: FILTER_FAIL token=AERO reason=safe_volume vol5m=0 min=6 regime=YELLOW
2026-02-27 00:59:21,690 [INFO] [u_station_ab_night_autotune_v2] __main__: V2_QUALITY_GATE enabled=True regime=YELLOW in=1 out=1 core_out=0 explore_out=1 probe_out=0 quota=1 max_symbol_share=1.000 drop={} sources_used={'watchlist': 1}
2026-02-27 00:59:21,692 [INFO] [u_station_ab_night_autotune_v2] __main__: V2_ENTRY_ROUTE enabled=True regime=YELLOW in=1 out=1 core_out=0 explore_out=1 quota=1 allow_explore=True
2026-02-27 00:59:21,694 [INFO] [u_station_ab_night_autotune_v2] __main__: MARKET_REGIME mode=YELLOW reason=avg_cand=1.67 avg_cand_recent=1.67
2026-02-27 00:59:21,697 [INFO] [u_station_ab_night_autotune_v2] trading.auto_trader: AutoTrade adjust token=VIRTUAL reason=min_trade_floor size=$0.03->$0.10 min=$0.10
2026-02-27 00:59:21,698 [INFO] [u_station_ab_night_autotune_v2] trading.auto_trader: AutoTrade skip token=VIRTUAL reason=edge_low mode=both edge=-29.70% raw=-27.50% mult=1.08 min=0.05% probe_min=0.05% edge_usd=$-0.030 min_usd=$0.000 probe_min_usd=$0.000 size=$0.10 gross=3.20% costs=30.70% pwin=0.45 probe=- budget=0/1
2026-02-27 00:59:21,699 [INFO] [u_station_ab_night_autotune_v2] trading.auto_trader: AutoTrade batch mode=top_n candidates=1 eligible=1 selected=1 opened=0 pe=off burst_window=0
2026-02-27 00:59:21,732 [INFO] [u_station_ab_night_autotune_v2] trading.auto_trader: TOKEN_COOLDOWN token=0xe2f3fae4bc62e21826018364aa30ae45d430bb07 reason=TIMEOUT pnl=$0.0005 cooldown=170s strikes=0->0 dynamic=True
2026-02-27 00:59:21,733 [INFO] [u_station_ab_night_autotune_v2] trading.auto_trader: AUTO_SELL Paper SELL token=AntiHunter reason=TIMEOUT exit=$0.00001237 pnl=0.11% ($0.00) remaining=$0.00 partial=$0.00 raw=0.11% cost=2.70% gas=$0.03 balance=$6.99
2026-02-27 00:59:21,771 [INFO] [u_station_ab_night_autotune_v2] __main__: Scanned 2 tokens | High quality: 2 | Alerts sent: 0 | Trade candidates: 1 | Quality out/core/explore/probe: 1/0/1/0 | Opened: 0 | Mode: local | Source: onchain+market | Policy: raw=OK/effective=OK(healthy | route=allow_all) | Regime: YELLOW(avg_cand=1.67) | Safety: checked=1 fail_closed=0 reasons=api_code_4029:1 | FiltersTop(session): safe_age:6,safe_volume:5,safe_change_5m:4,safe_contract:1 | Dedup: heavy_skip=0 override=0 | V2Budget: 1/280 | SourceQoS: enabled=1/in=2/out=2/dropped=0/active_cd=0/drops=none | Ingest: q=0/oldest=0.0s/drop_old=0/dedup_skip=0/enq=0/drain=0 | Sources: dex_boosts:ok=1/fail=0/429=0/lim_wait=0/cd_wait=0/err=0.0%/avg=112ms; dexscreener:ok=11/fail=0/429=0/lim_wait=0/cd_wait=0/err=0.0%/avg=99ms; geckoterminal:ok=0/fail=0/429=0/lim_wait=0/cd_wait=0/err=0.0%/avg=0ms; onchain_enrich:ok=8/fail=0/429=0/lim_wait=0/cd_wait=0/err=0.0%/avg=34ms | Tasks: 3 | RSS: 0.0MB | CycleAvg: 68.26s
2026-02-27 00:59:26,321 [INFO] [u_station_ab_night_autotune_v2] monitor.onchain_factory: ENRICH_RETRY token=0xdddaec669c8579c39736b8689e79defd96a6bba3 pair=0xaea000d880cb2f77fe493798cc8ecca7bb573227 attempt=1/2 delay=10s
2026-02-27 00:59:26,321 [INFO] [u_station_ab_night_autotune_v2] monitor.onchain_factory: ENRICH_RETRY token=0x7e57307667485a9d5422ff791c50c03a645ede21 pair=0xb8362f9fbed46ed766e063ac11452317bef0e909 attempt=1/2 delay=10s
2026-02-27 00:59:36,701 [INFO] [u_station_ab_night_autotune_v2] __main__: WATCHLIST merged count=2
2026-02-27 00:59:36,702 [INFO] [u_station_ab_night_autotune_v2] trading.v2_runtime: V2_UNIVERSE in=4 dedup=4 out=4 target=4 novel_target=4 novel_out=2 repeat_dropped=0 symbol_dropped=0 surge_in=1 surge_target=1 surge_out=1
2026-02-27 00:59:36,704 [INFO] [u_station_ab_night_autotune_v2] __main__: FILTER_FAIL token=BECO reason=safe_age
2026-02-27 00:59:36,704 [INFO] [u_station_ab_night_autotune_v2] __main__: FILTER_FAIL token=E48 reason=score_min score=30 strict_min=48 soft_min=48 mode=YELLOW
2026-02-27 00:59:36,704 [INFO] [u_station_ab_night_autotune_v2] __main__: FILTER_PASS token=VIRTUAL tier=A score=75 mode=YELLOW risk=MEDIUM liq=7329871 vol5m=182
2026-02-27 00:59:36,704 [INFO] [u_station_ab_night_autotune_v2] __main__: FILTER_FAIL token=AERO reason=safe_volume vol5m=0 min=6 regime=YELLOW
2026-02-27 00:59:36,704 [INFO] [u_station_ab_night_autotune_v2] __main__: V2_QUALITY_GATE enabled=True regime=YELLOW in=1 out=1 core_out=0 explore_out=1 probe_out=0 quota=1 max_symbol_share=1.000 drop={} sources_used={'watchlist': 1}
2026-02-27 00:59:36,704 [INFO] [u_station_ab_night_autotune_v2] __main__: V2_ENTRY_ROUTE enabled=True regime=YELLOW in=1 out=1 core_out=0 explore_out=1 quota=1 allow_explore=True
2026-02-27 00:59:36,704 [INFO] [u_station_ab_night_autotune_v2] __main__: MARKET_REGIME mode=YELLOW reason=avg_cand=1.50 avg_cand_recent=1.50
2026-02-27 00:59:36,704 [INFO] [u_station_ab_night_autotune_v2] trading.auto_trader: AutoTrade adjust token=VIRTUAL reason=min_trade_floor size=$0.03->$0.10 min=$0.10
2026-02-27 00:59:36,704 [INFO] [u_station_ab_night_autotune_v2] trading.auto_trader: AutoTrade skip token=VIRTUAL reason=edge_low mode=both edge=-29.70% raw=-27.50% mult=1.08 min=0.05% probe_min=0.05% edge_usd=$-0.030 min_usd=$0.000 probe_min_usd=$0.000 size=$0.10 gross=3.20% costs=30.70% pwin=0.45 probe=- budget=0/1
2026-02-27 00:59:36,704 [INFO] [u_station_ab_night_autotune_v2] trading.auto_trader: AutoTrade batch mode=top_n candidates=1 eligible=1 selected=1 opened=0 pe=off burst_window=0
2026-02-27 00:59:36,704 [INFO] [u_station_ab_night_autotune_v2] __main__: Scanned 4 tokens | High quality: 2 | Alerts sent: 0 | Trade candidates: 1 | Quality out/core/explore/probe: 1/0/1/0 | Opened: 0 | Mode: local | Source: onchain+market | Policy: raw=OK/effective=OK(healthy | route=allow_all) | Regime: YELLOW(avg_cand=1.50) | Safety: checked=1 fail_closed=0 reasons=api_code_4029:1 | FiltersTop(session): safe_age:7,safe_volume:6,safe_change_5m:4,score_min:2 | Dedup: heavy_skip=0 override=0 | V2Budget: 1/280 | SourceQoS: enabled=1/in=4/out=4/dropped=0/active_cd=0/drops=none | Ingest: q=0/oldest=0.0s/drop_old=0/dedup_skip=0/enq=0/drain=0 | Sources: dex_boosts:ok=1/fail=0/429=0/lim_wait=0/cd_wait=0/err=0.0%/avg=60ms; dexscreener:ok=11/fail=0/429=0/lim_wait=0/cd_wait=0/err=0.0%/avg=205ms; geckoterminal:ok=0/fail=0/429=0/lim_wait=0/cd_wait=0/err=0.0%/avg=0ms; onchain_enrich:ok=6/fail=0/429=0/lim_wait=0/cd_wait=0/err=0.0%/avg=97ms | Tasks: 3 | RSS: 0.0MB | CycleAvg: 49.06s
2026-02-27 00:59:41,120 [INFO] [u_station_ab_night_autotune_v2] __main__: WATCHLIST merged count=2
2026-02-27 00:59:41,121 [INFO] [u_station_ab_night_autotune_v2] trading.v2_runtime: V2_UNIVERSE in=2 dedup=2 out=2 target=2 novel_target=2 novel_out=0 repeat_dropped=0 symbol_dropped=0 surge_in=0 surge_target=0 surge_out=0
2026-02-27 00:59:41,122 [INFO] [u_station_ab_night_autotune_v2] __main__: FILTER_PASS token=VIRTUAL tier=A score=75 mode=YELLOW risk=MEDIUM liq=7329871 vol5m=182
2026-02-27 00:59:41,122 [INFO] [u_station_ab_night_autotune_v2] __main__: FILTER_FAIL token=AERO reason=safe_volume vol5m=0 min=6 regime=YELLOW
2026-02-27 00:59:41,122 [INFO] [u_station_ab_night_autotune_v2] __main__: V2_QUALITY_GATE enabled=True regime=YELLOW in=1 out=1 core_out=0 explore_out=1 probe_out=0 quota=1 max_symbol_share=1.000 drop={} sources_used={'watchlist': 1}
2026-02-27 00:59:41,125 [INFO] [u_station_ab_night_autotune_v2] __main__: V2_ENTRY_ROUTE enabled=True regime=YELLOW in=1 out=1 core_out=0 explore_out=1 quota=1 allow_explore=True
2026-02-27 00:59:41,125 [INFO] [u_station_ab_night_autotune_v2] __main__: MARKET_REGIME mode=YELLOW reason=avg_cand=1.40 avg_cand_recent=1.40
2026-02-27 00:59:41,125 [INFO] [u_station_ab_night_autotune_v2] trading.auto_trader: AutoTrade adjust token=VIRTUAL reason=min_trade_floor size=$0.03->$0.10 min=$0.10
2026-02-27 00:59:41,125 [INFO] [u_station_ab_night_autotune_v2] trading.auto_trader: AutoTrade skip token=VIRTUAL reason=edge_low mode=both edge=-29.70% raw=-27.50% mult=1.08 min=0.05% probe_min=0.05% edge_usd=$-0.030 min_usd=$0.000 probe_min_usd=$0.000 size=$0.10 gross=3.20% costs=30.70% pwin=0.45 probe=- budget=0/1
2026-02-27 00:59:41,125 [INFO] [u_station_ab_night_autotune_v2] trading.auto_trader: AutoTrade batch mode=top_n candidates=1 eligible=1 selected=1 opened=0 pe=off burst_window=0
2026-02-27 00:59:41,125 [INFO] [u_station_ab_night_autotune_v2] __main__: Scanned 2 tokens | High quality: 2 | Alerts sent: 0 | Trade candidates: 1 | Quality out/core/explore/probe: 1/0/1/0 | Opened: 0 | Mode: local | Source: onchain+market | Policy: raw=OK/effective=OK(healthy | route=allow_all) | Regime: YELLOW(avg_cand=1.40) | Safety: checked=1 fail_closed=0 reasons=api_code_4029:1 | FiltersTop(session): safe_age:7,safe_volume:7,safe_change_5m:4,score_min:2 | Dedup: heavy_skip=0 override=0 | V2Budget: 1/280 | SourceQoS: enabled=1/in=2/out=2/dropped=0/active_cd=0/drops=none | Ingest: q=0/oldest=0.0s/drop_old=0/dedup_skip=0/enq=0/drain=0 | Sources: dex_boosts:ok=1/fail=0/429=0/lim_wait=0/cd_wait=0/err=0.0%/avg=37ms; dexscreener:ok=11/fail=0/429=0/lim_wait=0/cd_wait=0/err=0.0%/avg=39ms; geckoterminal:ok=0/fail=0/429=0/lim_wait=0/cd_wait=0/err=0.0%/avg=0ms | Tasks: 3 | RSS: 0.0MB | CycleAvg: 39.52s
2026-02-27 00:59:45,520 [INFO] [u_station_ab_night_autotune_v2] __main__: WATCHLIST merged count=2
2026-02-27 00:59:45,520 [INFO] [u_station_ab_night_autotune_v2] trading.v2_runtime: V2_UNIVERSE in=2 dedup=2 out=2 target=2 novel_target=2 novel_out=0 repeat_dropped=0 symbol_dropped=0 surge_in=0 surge_target=0 surge_out=0
2026-02-27 00:59:45,523 [INFO] [u_station_ab_night_autotune_v2] __main__: FILTER_PASS token=VIRTUAL tier=A score=75 mode=YELLOW risk=MEDIUM liq=7329871 vol5m=182
2026-02-27 00:59:45,523 [INFO] [u_station_ab_night_autotune_v2] __main__: FILTER_FAIL token=AERO reason=safe_volume vol5m=0 min=6 regime=YELLOW
2026-02-27 00:59:45,526 [INFO] [u_station_ab_night_autotune_v2] __main__: V2_QUALITY_GATE enabled=True regime=YELLOW in=1 out=1 core_out=0 explore_out=1 probe_out=0 quota=1 max_symbol_share=1.000 drop={} sources_used={'watchlist': 1}
2026-02-27 00:59:45,527 [INFO] [u_station_ab_night_autotune_v2] __main__: V2_ENTRY_ROUTE enabled=True regime=YELLOW in=1 out=1 core_out=0 explore_out=1 quota=1 allow_explore=True
2026-02-27 00:59:45,527 [INFO] [u_station_ab_night_autotune_v2] __main__: MARKET_REGIME mode=YELLOW reason=avg_cand=1.33 avg_cand_recent=1.33
2026-02-27 00:59:45,528 [INFO] [u_station_ab_night_autotune_v2] trading.auto_trader: AutoTrade adjust token=VIRTUAL reason=min_trade_floor size=$0.03->$0.10 min=$0.10
2026-02-27 00:59:45,530 [INFO] [u_station_ab_night_autotune_v2] trading.auto_trader: AutoTrade skip token=VIRTUAL reason=edge_low mode=both edge=-29.70% raw=-27.50% mult=1.08 min=0.05% probe_min=0.05% edge_usd=$-0.030 min_usd=$0.000 probe_min_usd=$0.000 size=$0.10 gross=3.20% costs=30.70% pwin=0.45 probe=- budget=0/1
2026-02-27 00:59:45,531 [INFO] [u_station_ab_night_autotune_v2] trading.auto_trader: AutoTrade batch mode=top_n candidates=1 eligible=1 selected=1 opened=0 pe=off burst_window=0
2026-02-27 00:59:45,532 [INFO] [u_station_ab_night_autotune_v2] __main__: Scanned 2 tokens | High quality: 2 | Alerts sent: 0 | Trade candidates: 1 | Quality out/core/explore/probe: 1/0/1/0 | Opened: 0 | Mode: local | Source: onchain+market | Policy: raw=OK/effective=OK(healthy | route=allow_all) | Regime: YELLOW(avg_cand=1.33) | Safety: checked=1 fail_closed=0 reasons=api_code_4029:1 | FiltersTop(session): safe_volume:8,safe_age:7,safe_change_5m:4,score_min:2 | Dedup: heavy_skip=0 override=0 | V2Budget: 1/280 | SourceQoS: enabled=1/in=2/out=2/dropped=0/active_cd=0/drops=none | Ingest: q=0/oldest=0.0s/drop_old=0/dedup_skip=0/enq=0/drain=0 | Sources: dex_boosts:ok=1/fail=0/429=0/lim_wait=0/cd_wait=0/err=0.0%/avg=38ms; dexscreener:ok=11/fail=0/429=0/lim_wait=0/cd_wait=0/err=0.0%/avg=39ms; geckoterminal:ok=0/fail=0/429=0/lim_wait=0/cd_wait=0/err=0.0%/avg=0ms | Tasks: 3 | RSS: 0.0MB | CycleAvg: 31.70s
2026-02-27 00:59:49,969 [INFO] [u_station_ab_night_autotune_v2] __main__: WATCHLIST merged count=2
2026-02-27 00:59:49,970 [INFO] [u_station_ab_night_autotune_v2] trading.v2_runtime: V2_UNIVERSE in=2 dedup=2 out=2 target=2 novel_target=2 novel_out=0 repeat_dropped=0 symbol_dropped=0 surge_in=0 surge_target=0 surge_out=0
2026-02-27 00:59:49,970 [INFO] [u_station_ab_night_autotune_v2] __main__: FILTER_PASS token=VIRTUAL tier=A score=75 mode=YELLOW risk=MEDIUM liq=7329871 vol5m=182
2026-02-27 00:59:49,970 [INFO] [u_station_ab_night_autotune_v2] __main__: FILTER_FAIL token=AERO reason=safe_volume vol5m=0 min=6 regime=YELLOW
2026-02-27 00:59:49,970 [INFO] [u_station_ab_night_autotune_v2] __main__: V2_QUALITY_GATE enabled=True regime=YELLOW in=1 out=1 core_out=0 explore_out=1 probe_out=0 quota=1 max_symbol_share=1.000 drop={} sources_used={'watchlist': 1}
2026-02-27 00:59:49,970 [INFO] [u_station_ab_night_autotune_v2] __main__: V2_ENTRY_ROUTE enabled=True regime=YELLOW in=1 out=1 core_out=0 explore_out=1 quota=1 allow_explore=True
2026-02-27 00:59:49,970 [INFO] [u_station_ab_night_autotune_v2] __main__: MARKET_REGIME mode=YELLOW reason=avg_cand=1.29 avg_cand_recent=1.29
2026-02-27 00:59:49,970 [INFO] [u_station_ab_night_autotune_v2] trading.auto_trader: AutoTrade adjust token=VIRTUAL reason=min_trade_floor size=$0.03->$0.10 min=$0.10
2026-02-27 00:59:49,970 [INFO] [u_station_ab_night_autotune_v2] trading.auto_trader: AutoTrade skip token=VIRTUAL reason=edge_low mode=both edge=-29.70% raw=-27.50% mult=1.08 min=0.05% probe_min=0.05% edge_usd=$-0.030 min_usd=$0.000 probe_min_usd=$0.000 size=$0.10 gross=3.20% costs=30.70% pwin=0.45 probe=- budget=0/1
2026-02-27 00:59:49,970 [INFO] [u_station_ab_night_autotune_v2] trading.auto_trader: AutoTrade batch mode=top_n candidates=1 eligible=1 selected=1 opened=0 pe=off burst_window=0
2026-02-27 00:59:49,970 [INFO] [u_station_ab_night_autotune_v2] __main__: Scanned 2 tokens | High quality: 2 | Alerts sent: 0 | Trade candidates: 1 | Quality out/core/explore/probe: 1/0/1/0 | Opened: 0 | Mode: local | Source: onchain+market | Policy: raw=OK/effective=OK(healthy | route=allow_all) | Regime: YELLOW(avg_cand=1.29) | Safety: checked=1 fail_closed=0 reasons=api_code_4029:1 | FiltersTop(session): safe_volume:9,safe_age:7,safe_change_5m:4,score_min:2 | Dedup: heavy_skip=0 override=0 | V2Budget: 1/280 | SourceQoS: enabled=1/in=2/out=2/dropped=0/active_cd=0/drops=none | Ingest: q=0/oldest=0.0s/drop_old=0/dedup_skip=0/enq=0/drain=0 | Sources: dex_boosts:ok=1/fail=0/429=0/lim_wait=0/cd_wait=0/err=0.0%/avg=55ms; dexscreener:ok=11/fail=0/429=0/lim_wait=0/cd_wait=0/err=0.0%/avg=49ms; geckoterminal:ok=0/fail=0/429=0/lim_wait=0/cd_wait=0/err=0.0%/avg=0ms | Tasks: 3 | RSS: 0.0MB | CycleAvg: 26.49s
2026-02-27 00:59:54,370 [INFO] [u_station_ab_night_autotune_v2] __main__: WATCHLIST merged count=2
2026-02-27 00:59:54,370 [INFO] [u_station_ab_night_autotune_v2] trading.v2_runtime: V2_UNIVERSE in=2 dedup=2 out=2 target=2 novel_target=2 novel_out=0 repeat_dropped=0 symbol_dropped=0 surge_in=0 surge_target=0 surge_out=0
2026-02-27 00:59:54,370 [INFO] [u_station_ab_night_autotune_v2] __main__: FILTER_PASS token=VIRTUAL tier=A score=75 mode=YELLOW risk=MEDIUM liq=7329871 vol5m=182
2026-02-27 00:59:54,370 [INFO] [u_station_ab_night_autotune_v2] __main__: FILTER_FAIL token=AERO reason=safe_volume vol5m=0 min=6 regime=YELLOW
2026-02-27 00:59:54,370 [INFO] [u_station_ab_night_autotune_v2] __main__: V2_QUALITY_GATE enabled=True regime=YELLOW in=1 out=1 core_out=0 explore_out=1 probe_out=0 quota=1 max_symbol_share=1.000 drop={} sources_used={'watchlist': 1}
2026-02-27 00:59:54,370 [INFO] [u_station_ab_night_autotune_v2] __main__: V2_ENTRY_ROUTE enabled=True regime=YELLOW in=1 out=1 core_out=0 explore_out=1 quota=1 allow_explore=True
2026-02-27 00:59:54,370 [INFO] [u_station_ab_night_autotune_v2] __main__: MARKET_REGIME mode=YELLOW reason=avg_cand=1.25 avg_cand_recent=1.25
2026-02-27 00:59:54,370 [INFO] [u_station_ab_night_autotune_v2] trading.auto_trader: AutoTrade adjust token=VIRTUAL reason=min_trade_floor size=$0.03->$0.10 min=$0.10
2026-02-27 00:59:54,370 [INFO] [u_station_ab_night_autotune_v2] trading.auto_trader: AutoTrade skip token=VIRTUAL reason=edge_low mode=both edge=-29.70% raw=-27.50% mult=1.08 min=0.05% probe_min=0.05% edge_usd=$-0.030 min_usd=$0.000 probe_min_usd=$0.000 size=$0.10 gross=3.20% costs=30.70% pwin=0.45 probe=- budget=0/1
2026-02-27 00:59:54,370 [INFO] [u_station_ab_night_autotune_v2] trading.auto_trader: AutoTrade batch mode=top_n candidates=1 eligible=1 selected=1 opened=0 pe=off burst_window=0
2026-02-27 00:59:54,370 [INFO] [u_station_ab_night_autotune_v2] trading.auto_trader: PAPER_SUMMARY window=60s closed_delta=1 wins_delta=0 losses_delta=0 realized_delta=$0.00 total_closed=39 winrate_total=38.5% realized_total=$-0.01 balance=$6.99 equity=$6.99 open=0
2026-02-27 00:59:54,370 [INFO] [u_station_ab_night_autotune_v2] __main__: Scanned 2 tokens | High quality: 2 | Alerts sent: 0 | Trade candidates: 1 | Quality out/core/explore/probe: 1/0/1/0 | Opened: 0 | Mode: local | Source: onchain+market | Policy: raw=OK/effective=OK(healthy | route=allow_all) | Regime: YELLOW(avg_cand=1.25) | Safety: checked=1 fail_closed=0 reasons=api_code_4029:1 | FiltersTop(session): safe_volume:10,safe_age:7,safe_change_5m:4,score_min:2 | Dedup: heavy_skip=0 override=0 | V2Budget: 1/280 | SourceQoS: enabled=1/in=2/out=2/dropped=0/active_cd=0/drops=none | Ingest: q=0/oldest=0.0s/drop_old=0/dedup_skip=0/enq=0/drain=0 | Sources: dex_boosts:ok=1/fail=0/429=0/lim_wait=0/cd_wait=0/err=0.0%/avg=56ms; dexscreener:ok=11/fail=0/429=0/lim_wait=0/cd_wait=0/err=0.0%/avg=46ms; geckoterminal:ok=0/fail=0/429=0/lim_wait=0/cd_wait=0/err=0.0%/avg=0ms | Tasks: 3 | RSS: 0.0MB | CycleAvg: 22.76s
2026-02-27 00:59:58,869 [INFO] [u_station_ab_night_autotune_v2] __main__: WATCHLIST merged count=2
2026-02-27 00:59:58,869 [INFO] [u_station_ab_night_autotune_v2] trading.v2_runtime: V2_UNIVERSE in=2 dedup=2 out=2 target=2 novel_target=2 novel_out=0 repeat_dropped=0 symbol_dropped=0 surge_in=0 surge_target=0 surge_out=0
2026-02-27 00:59:58,869 [INFO] [u_station_ab_night_autotune_v2] __main__: FILTER_PASS token=VIRTUAL tier=A score=75 mode=YELLOW risk=MEDIUM liq=7329871 vol5m=182
2026-02-27 00:59:58,869 [INFO] [u_station_ab_night_autotune_v2] __main__: FILTER_FAIL token=AERO reason=safe_volume vol5m=0 min=6 regime=YELLOW
2026-02-27 00:59:58,869 [INFO] [u_station_ab_night_autotune_v2] __main__: V2_QUALITY_GATE enabled=True regime=YELLOW in=1 out=1 core_out=0 explore_out=1 probe_out=0 quota=1 max_symbol_share=1.000 drop={} sources_used={'watchlist': 1}
2026-02-27 00:59:58,869 [INFO] [u_station_ab_night_autotune_v2] __main__: V2_ENTRY_ROUTE enabled=True regime=YELLOW in=1 out=1 core_out=0 explore_out=1 quota=1 allow_explore=True
2026-02-27 00:59:58,869 [INFO] [u_station_ab_night_autotune_v2] __main__: MARKET_REGIME mode=YELLOW reason=avg_cand=1.22 avg_cand_recent=1.22
2026-02-27 00:59:58,869 [INFO] [u_station_ab_night_autotune_v2] trading.auto_trader: AutoTrade adjust token=VIRTUAL reason=min_trade_floor size=$0.03->$0.10 min=$0.10
2026-02-27 00:59:58,869 [INFO] [u_station_ab_night_autotune_v2] trading.auto_trader: AutoTrade skip token=VIRTUAL reason=edge_low mode=both edge=-29.70% raw=-27.50% mult=1.08 min=0.05% probe_min=0.05% edge_usd=$-0.030 min_usd=$0.000 probe_min_usd=$0.000 size=$0.10 gross=3.20% costs=30.70% pwin=0.45 probe=- budget=0/1
2026-02-27 00:59:58,869 [INFO] [u_station_ab_night_autotune_v2] trading.auto_trader: AutoTrade batch mode=top_n candidates=1 eligible=1 selected=1 opened=0 pe=off burst_window=0
2026-02-27 00:59:58,869 [INFO] [u_station_ab_night_autotune_v2] __main__: Scanned 2 tokens | High quality: 2 | Alerts sent: 0 | Trade candidates: 1 | Quality out/core/explore/probe: 1/0/1/0 | Opened: 0 | Mode: local | Source: onchain+market | Policy: raw=OK/effective=OK(healthy | route=allow_all) | Regime: YELLOW(avg_cand=1.22) | Safety: checked=1 fail_closed=0 reasons=api_code_4029:1 | FiltersTop(session): safe_volume:11,safe_age:7,safe_change_5m:4,score_min:2 | Dedup: heavy_skip=0 override=0 | V2Budget: 1/280 | SourceQoS: enabled=1/in=2/out=2/dropped=0/active_cd=0/drops=none | Ingest: q=0/oldest=0.0s/drop_old=0/dedup_skip=0/enq=0/drain=0 | Sources: dex_boosts:ok=1/fail=0/429=0/lim_wait=0/cd_wait=0/err=0.0%/avg=59ms; dexscreener:ok=11/fail=0/429=0/lim_wait=0/cd_wait=0/err=0.0%/avg=182ms; geckoterminal:ok=0/fail=0/429=0/lim_wait=0/cd_wait=0/err=0.0%/avg=0ms | Tasks: 3 | RSS: 0.0MB | CycleAvg: 19.97s
2026-02-27 01:00:03,295 [INFO] [u_station_ab_night_autotune_v2] __main__: WATCHLIST merged count=2
2026-02-27 01:00:03,296 [INFO] [u_station_ab_night_autotune_v2] trading.v2_runtime: V2_UNIVERSE in=4 dedup=4 out=4 target=4 novel_target=4 novel_out=0 repeat_dropped=0 symbol_dropped=0 surge_in=1 surge_target=1 surge_out=1
2026-02-27 01:00:03,297 [INFO] [u_station_ab_night_autotune_v2] __main__: FILTER_FAIL token=BECO reason=safe_age
2026-02-27 01:00:03,298 [INFO] [u_station_ab_night_autotune_v2] __main__: FILTER_FAIL token=E48 reason=score_min score=30 strict_min=48 soft_min=48 mode=YELLOW
2026-02-27 01:00:03,298 [INFO] [u_station_ab_night_autotune_v2] __main__: FILTER_PASS token=VIRTUAL tier=A score=75 mode=YELLOW risk=MEDIUM liq=7329871 vol5m=182
2026-02-27 01:00:03,299 [INFO] [u_station_ab_night_autotune_v2] __main__: FILTER_FAIL token=AERO reason=safe_volume vol5m=0 min=6 regime=YELLOW
2026-02-27 01:00:03,300 [INFO] [u_station_ab_night_autotune_v2] __main__: V2_QUALITY_GATE enabled=True regime=YELLOW in=1 out=1 core_out=0 explore_out=1 probe_out=0 quota=1 max_symbol_share=1.000 drop={} sources_used={'watchlist': 1}
2026-02-27 01:00:03,301 [INFO] [u_station_ab_night_autotune_v2] __main__: V2_ENTRY_ROUTE enabled=True regime=YELLOW in=1 out=1 core_out=0 explore_out=1 quota=1 allow_explore=True
2026-02-27 01:00:03,301 [INFO] [u_station_ab_night_autotune_v2] __main__: MARKET_REGIME mode=YELLOW reason=avg_cand=1.20 avg_cand_recent=1.20
2026-02-27 01:00:03,302 [INFO] [u_station_ab_night_autotune_v2] trading.auto_trader: AutoTrade adjust token=VIRTUAL reason=min_trade_floor size=$0.03->$0.10 min=$0.10
2026-02-27 01:00:03,303 [INFO] [u_station_ab_night_autotune_v2] trading.auto_trader: AutoTrade skip token=VIRTUAL reason=edge_low mode=both edge=-29.70% raw=-27.50% mult=1.08 min=0.05% probe_min=0.05% edge_usd=$-0.030 min_usd=$0.000 probe_min_usd=$0.000 size=$0.10 gross=3.20% costs=30.70% pwin=0.45 probe=- budget=0/1
2026-02-27 01:00:03,304 [INFO] [u_station_ab_night_autotune_v2] trading.auto_trader: AutoTrade batch mode=top_n candidates=1 eligible=1 selected=1 opened=0 pe=off burst_window=0
2026-02-27 01:00:03,304 [INFO] [u_station_ab_night_autotune_v2] __main__: Scanned 4 tokens | High quality: 3 | Alerts sent: 0 | Trade candidates: 1 | Quality out/core/explore/probe: 1/0/1/0 | Opened: 0 | Mode: local | Source: onchain+market | Policy: raw=OK/effective=OK(healthy | route=allow_all) | Regime: YELLOW(avg_cand=1.20) | Safety: checked=1 fail_closed=0 reasons=api_code_4029:1 | FiltersTop(session): safe_volume:12,safe_age:8,safe_change_5m:4,score_min:3 | Dedup: heavy_skip=0 override=0 | V2Budget: 1/280 | SourceQoS: enabled=1/in=4/out=4/dropped=0/active_cd=0/drops=none | Ingest: q=0/oldest=0.0s/drop_old=0/dedup_skip=0/enq=2/drain=2 | Sources: dex_boosts:ok=1/fail=0/429=0/lim_wait=0/cd_wait=0/err=0.0%/avg=39ms; dexscreener:ok=11/fail=0/429=0/lim_wait=0/cd_wait=0/err=0.0%/avg=64ms; geckoterminal:ok=1/fail=0/429=0/lim_wait=0/cd_wait=0/err=0.0%/avg=224ms | Tasks: 3 | RSS: 0.0MB | CycleAvg: 17.80s
2026-02-27 01:00:07,685 [INFO] [u_station_ab_night_autotune_v2] __main__: WATCHLIST merged count=2
2026-02-27 01:00:07,685 [INFO] [u_station_ab_night_autotune_v2] trading.v2_runtime: V2_UNIVERSE in=2 dedup=2 out=2 target=2 novel_target=2 novel_out=0 repeat_dropped=0 symbol_dropped=0 surge_in=0 surge_target=0 surge_out=0
2026-02-27 01:00:07,685 [INFO] [u_station_ab_night_autotune_v2] __main__: FILTER_PASS token=VIRTUAL tier=A score=75 mode=YELLOW risk=MEDIUM liq=7329871 vol5m=182
2026-02-27 01:00:07,685 [INFO] [u_station_ab_night_autotune_v2] __main__: FILTER_FAIL token=AERO reason=safe_volume vol5m=0 min=6 regime=YELLOW
2026-02-27 01:00:07,685 [INFO] [u_station_ab_night_autotune_v2] __main__: V2_QUALITY_GATE enabled=True regime=YELLOW in=1 out=1 core_out=0 explore_out=1 probe_out=0 quota=1 max_symbol_share=1.000 drop={} sources_used={'watchlist': 1}
2026-02-27 01:00:07,685 [INFO] [u_station_ab_night_autotune_v2] __main__: V2_ENTRY_ROUTE enabled=True regime=YELLOW in=1 out=1 core_out=0 explore_out=1 quota=1 allow_explore=True
2026-02-27 01:00:07,685 [INFO] [u_station_ab_night_autotune_v2] __main__: MARKET_REGIME mode=YELLOW reason=avg_cand=1.18 avg_cand_recent=1.18
2026-02-27 01:00:07,685 [INFO] [u_station_ab_night_autotune_v2] trading.auto_trader: AutoTrade adjust token=VIRTUAL reason=min_trade_floor size=$0.03->$0.10 min=$0.10
2026-02-27 01:00:07,685 [INFO] [u_station_ab_night_autotune_v2] trading.auto_trader: AutoTrade skip token=VIRTUAL reason=edge_low mode=both edge=-29.70% raw=-27.50% mult=1.08 min=0.05% probe_min=0.05% edge_usd=$-0.030 min_usd=$0.000 probe_min_usd=$0.000 size=$0.10 gross=3.20% costs=30.70% pwin=0.45 probe=- budget=0/1
2026-02-27 01:00:07,685 [INFO] [u_station_ab_night_autotune_v2] trading.auto_trader: AutoTrade batch mode=top_n candidates=1 eligible=1 selected=1 opened=0 pe=off burst_window=0
2026-02-27 01:00:07,701 [INFO] [u_station_ab_night_autotune_v2] __main__: Scanned 2 tokens | High quality: 2 | Alerts sent: 0 | Trade candidates: 1 | Quality out/core/explore/probe: 1/0/1/0 | Opened: 0 | Mode: local | Source: onchain+market | Policy: raw=OK/effective=OK(healthy | route=allow_all) | Regime: YELLOW(avg_cand=1.18) | Safety: checked=1 fail_closed=0 reasons=api_code_4029:1 | FiltersTop(session): safe_volume:13,safe_age:8,safe_change_5m:4,score_min:3 | Dedup: heavy_skip=0 override=0 | V2Budget: 1/280 | SourceQoS: enabled=1/in=2/out=2/dropped=0/active_cd=0/drops=none | Ingest: q=0/oldest=0.0s/drop_old=0/dedup_skip=0/enq=0/drain=0 | Sources: dex_boosts:ok=1/fail=0/429=0/lim_wait=0/cd_wait=0/err=0.0%/avg=35ms; dexscreener:ok=11/fail=0/429=0/lim_wait=0/cd_wait=0/err=0.0%/avg=43ms; geckoterminal:ok=0/fail=0/429=0/lim_wait=0/cd_wait=0/err=0.0%/avg=0ms | Tasks: 3 | RSS: 0.0MB | CycleAvg: 16.07s
2026-02-27 01:00:12,139 [INFO] [u_station_ab_night_autotune_v2] __main__: WATCHLIST merged count=2
2026-02-27 01:00:12,139 [INFO] [u_station_ab_night_autotune_v2] trading.v2_runtime: V2_UNIVERSE in=2 dedup=2 out=2 target=2 novel_target=2 novel_out=0 repeat_dropped=0 symbol_dropped=0 surge_in=0 surge_target=0 surge_out=0
2026-02-27 01:00:12,140 [INFO] [u_station_ab_night_autotune_v2] __main__: FILTER_PASS token=VIRTUAL tier=A score=75 mode=YELLOW risk=MEDIUM liq=7329871 vol5m=182
2026-02-27 01:00:12,141 [INFO] [u_station_ab_night_autotune_v2] __main__: FILTER_FAIL token=AERO reason=safe_volume vol5m=0 min=6 regime=YELLOW
2026-02-27 01:00:12,142 [INFO] [u_station_ab_night_autotune_v2] __main__: V2_QUALITY_GATE enabled=True regime=YELLOW in=1 out=1 core_out=0 explore_out=1 probe_out=0 quota=1 max_symbol_share=1.000 drop={} sources_used={'watchlist': 1}
2026-02-27 01:00:12,143 [INFO] [u_station_ab_night_autotune_v2] __main__: V2_ENTRY_ROUTE enabled=True regime=YELLOW in=1 out=1 core_out=0 explore_out=1 quota=1 allow_explore=True
2026-02-27 01:00:12,143 [INFO] [u_station_ab_night_autotune_v2] __main__: MARKET_REGIME mode=YELLOW reason=avg_cand=1.17 avg_cand_recent=1.17
2026-02-27 01:00:12,145 [INFO] [u_station_ab_night_autotune_v2] trading.auto_trader: AutoTrade adjust token=VIRTUAL reason=min_trade_floor size=$0.03->$0.10 min=$0.10
2026-02-27 01:00:12,146 [INFO] [u_station_ab_night_autotune_v2] trading.auto_trader: AutoTrade skip token=VIRTUAL reason=edge_low mode=both edge=-29.70% raw=-27.50% mult=1.08 min=0.05% probe_min=0.05% edge_usd=$-0.030 min_usd=$0.000 probe_min_usd=$0.000 size=$0.10 gross=3.20% costs=30.70% pwin=0.45 probe=- budget=0/1
2026-02-27 01:00:12,147 [INFO] [u_station_ab_night_autotune_v2] trading.auto_trader: AutoTrade batch mode=top_n candidates=1 eligible=1 selected=1 opened=0 pe=off burst_window=0
2026-02-27 01:00:12,148 [INFO] [u_station_ab_night_autotune_v2] __main__: Scanned 2 tokens | High quality: 2 | Alerts sent: 0 | Trade candidates: 1 | Quality out/core/explore/probe: 1/0/1/0 | Opened: 0 | Mode: local | Source: onchain+market | Policy: raw=OK/effective=OK(healthy | route=allow_all) | Regime: YELLOW(avg_cand=1.17) | Safety: checked=1 fail_closed=0 reasons=api_code_4029:1 | FiltersTop(session): safe_volume:14,safe_age:8,safe_change_5m:4,score_min:3 | Dedup: heavy_skip=0 override=0 | V2Budget: 1/280 | SourceQoS: enabled=1/in=2/out=2/dropped=0/active_cd=0/drops=none | Ingest: q=0/oldest=0.0s/drop_old=0/dedup_skip=0/enq=0/drain=0 | Sources: dex_boosts:ok=1/fail=0/429=0/lim_wait=0/cd_wait=0/err=0.0%/avg=64ms; dexscreener:ok=11/fail=0/429=0/lim_wait=0/cd_wait=0/err=0.0%/avg=57ms; geckoterminal:ok=0/fail=0/429=0/lim_wait=0/cd_wait=0/err=0.0%/avg=0ms | Tasks: 3 | RSS: 0.0MB | CycleAvg: 14.64s
2026-02-27 01:00:16,610 [INFO] [u_station_ab_night_autotune_v2] __main__: WATCHLIST merged count=2
2026-02-27 01:00:16,610 [INFO] [u_station_ab_night_autotune_v2] trading.v2_runtime: V2_UNIVERSE in=2 dedup=2 out=2 target=2 novel_target=2 novel_out=0 repeat_dropped=0 symbol_dropped=0 surge_in=0 surge_target=0 surge_out=0
2026-02-27 01:00:16,611 [INFO] [u_station_ab_night_autotune_v2] __main__: FILTER_PASS token=VIRTUAL tier=A score=75 mode=YELLOW risk=MEDIUM liq=7329871 vol5m=182
2026-02-27 01:00:16,613 [INFO] [u_station_ab_night_autotune_v2] __main__: FILTER_FAIL token=AERO reason=safe_volume vol5m=0 min=6 regime=YELLOW
2026-02-27 01:00:16,613 [INFO] [u_station_ab_night_autotune_v2] __main__: V2_QUALITY_GATE enabled=True regime=YELLOW in=1 out=1 core_out=0 explore_out=1 probe_out=0 quota=1 max_symbol_share=1.000 drop={} sources_used={'watchlist': 1}
2026-02-27 01:00:16,613 [INFO] [u_station_ab_night_autotune_v2] __main__: V2_ENTRY_ROUTE enabled=True regime=YELLOW in=1 out=1 core_out=0 explore_out=1 quota=1 allow_explore=True
2026-02-27 01:00:16,613 [INFO] [u_station_ab_night_autotune_v2] __main__: MARKET_REGIME mode=YELLOW reason=avg_cand=1.00 avg_cand_recent=1.00
2026-02-27 01:00:16,617 [INFO] [u_station_ab_night_autotune_v2] trading.auto_trader: AutoTrade adjust token=VIRTUAL reason=min_trade_floor size=$0.03->$0.10 min=$0.10
2026-02-27 01:00:16,618 [INFO] [u_station_ab_night_autotune_v2] trading.auto_trader: AutoTrade skip token=VIRTUAL reason=edge_low mode=both edge=-29.70% raw=-27.50% mult=1.08 min=0.05% probe_min=0.05% edge_usd=$-0.030 min_usd=$0.000 probe_min_usd=$0.000 size=$0.10 gross=3.20% costs=30.70% pwin=0.45 probe=- budget=0/1
2026-02-27 01:00:16,619 [INFO] [u_station_ab_night_autotune_v2] trading.auto_trader: AutoTrade batch mode=top_n candidates=1 eligible=1 selected=1 opened=0 pe=off burst_window=0
2026-02-27 01:00:16,620 [INFO] [u_station_ab_night_autotune_v2] __main__: Scanned 2 tokens | High quality: 2 | Alerts sent: 0 | Trade candidates: 1 | Quality out/core/explore/probe: 1/0/1/0 | Opened: 0 | Mode: local | Source: onchain+market | Policy: raw=OK/effective=OK(healthy | route=allow_all) | Regime: YELLOW(avg_cand=1.00) | Safety: checked=1 fail_closed=0 reasons=api_code_4029:1 | FiltersTop(session): safe_volume:15,safe_age:8,safe_change_5m:4,score_min:3 | Dedup: heavy_skip=0 override=0 | V2Budget: 1/280 | SourceQoS: enabled=1/in=2/out=2/dropped=0/active_cd=0/drops=none | Ingest: q=0/oldest=0.0s/drop_old=0/dedup_skip=0/enq=0/drain=0 | Sources: dex_boosts:ok=1/fail=0/429=0/lim_wait=0/cd_wait=0/err=0.0%/avg=40ms; dexscreener:ok=11/fail=0/429=0/lim_wait=0/cd_wait=0/err=0.0%/avg=53ms; geckoterminal:ok=0/fail=0/429=0/lim_wait=0/cd_wait=0/err=0.0%/avg=0ms | Tasks: 3 | RSS: 0.0MB | CycleAvg: 13.46s
2026-02-27 01:00:20,906 [INFO] [u_station_ab_night_autotune_v2] monitor.onchain_factory: PAIR_DETECTED source=uniswap_v2 dex=uniswap_v2 pair=0xde2ab39db26085bd8fa273ba8280d4b2a09ef1d2 token0=0x4200000000000000000000000000000000000006 token1=0x7360a6a6da64cc2b23daccb8add44adbe545aba3 block=42680533 factory=0x8909dc15e40173ff4699343b6eb8132c65e18ec6
2026-02-27 01:00:21,607 [INFO] [u_station_ab_night_autotune_v2] monitor.onchain_factory: ENRICH_RETRY token=0x7360a6a6da64cc2b23daccb8add44adbe545aba3 pair=0xde2ab39db26085bd8fa273ba8280d4b2a09ef1d2 attempt=1/2 delay=10s
2026-02-27 01:00:31,729 [INFO] [u_station_ab_night_autotune_v2] __main__: WATCHLIST merged count=2
2026-02-27 01:00:31,729 [INFO] [u_station_ab_night_autotune_v2] trading.v2_runtime: V2_UNIVERSE in=2 dedup=2 out=2 target=2 novel_target=2 novel_out=0 repeat_dropped=0 symbol_dropped=0 surge_in=0 surge_target=0 surge_out=0
2026-02-27 01:00:31,729 [INFO] [u_station_ab_night_autotune_v2] __main__: FILTER_PASS token=VIRTUAL tier=A score=75 mode=YELLOW risk=MEDIUM liq=7329871 vol5m=182
2026-02-27 01:00:31,729 [INFO] [u_station_ab_night_autotune_v2] __main__: FILTER_FAIL token=AERO reason=safe_volume vol5m=0 min=6 regime=YELLOW
2026-02-27 01:00:31,729 [INFO] [u_station_ab_night_autotune_v2] __main__: V2_QUALITY_GATE enabled=True regime=YELLOW in=1 out=1 core_out=0 explore_out=1 probe_out=0 quota=1 max_symbol_share=1.000 drop={} sources_used={'watchlist': 1}
2026-02-27 01:00:31,729 [INFO] [u_station_ab_night_autotune_v2] __main__: V2_ENTRY_ROUTE enabled=True regime=YELLOW in=1 out=1 core_out=0 explore_out=1 quota=1 allow_explore=True
2026-02-27 01:00:31,729 [INFO] [u_station_ab_night_autotune_v2] __main__: MARKET_REGIME mode=YELLOW reason=avg_cand=1.00 avg_cand_recent=1.00
2026-02-27 01:00:31,753 [INFO] [u_station_ab_night_autotune_v2] trading.auto_trader: AutoTrade adjust token=VIRTUAL reason=min_trade_floor size=$0.03->$0.10 min=$0.10
2026-02-27 01:00:31,753 [INFO] [u_station_ab_night_autotune_v2] trading.auto_trader: AutoTrade skip token=VIRTUAL reason=edge_low mode=both edge=-29.70% raw=-27.50% mult=1.08 min=0.05% probe_min=0.05% edge_usd=$-0.030 min_usd=$0.000 probe_min_usd=$0.000 size=$0.10 gross=3.20% costs=30.70% pwin=0.45 probe=- budget=0/1
2026-02-27 01:00:31,753 [INFO] [u_station_ab_night_autotune_v2] trading.auto_trader: AutoTrade batch mode=top_n candidates=1 eligible=1 selected=1 opened=0 pe=off burst_window=0
2026-02-27 01:00:31,753 [INFO] [u_station_ab_night_autotune_v2] __main__: Scanned 2 tokens | High quality: 2 | Alerts sent: 0 | Trade candidates: 1 | Quality out/core/explore/probe: 1/0/1/0 | Opened: 0 | Mode: local | Source: onchain+market | Policy: raw=OK/effective=OK(healthy | route=allow_all) | Regime: YELLOW(avg_cand=1.00) | Safety: checked=1 fail_closed=0 reasons=api_code_4029:1 | FiltersTop(session): safe_volume:16,safe_age:8,safe_change_5m:4,score_min:3 | Dedup: heavy_skip=0 override=0 | V2Budget: 1/280 | SourceQoS: enabled=1/in=2/out=2/dropped=0/active_cd=0/drops=none | Ingest: q=0/oldest=0.0s/drop_old=0/dedup_skip=0/enq=0/drain=0 | Sources: dex_boosts:ok=1/fail=0/429=0/lim_wait=0/cd_wait=0/err=0.0%/avg=39ms; dexscreener:ok=11/fail=0/429=0/lim_wait=1/cd_wait=0/err=0.0%/avg=47ms; geckoterminal:ok=0/fail=0/429=0/lim_wait=0/cd_wait=0/err=0.0%/avg=0ms; onchain_enrich:ok=4/fail=0/429=0/lim_wait=0/cd_wait=0/err=0.0%/avg=160ms; onchain_weth_price:ok=1/fail=0/429=0/lim_wait=0/cd_wait=0/err=0.0%/avg=49ms | Tasks: 3 | RSS: 0.0MB | CycleAvg: 12.46s
2026-02-27 01:00:35,769 [WARNING] [u_station_ab_night_autotune_v2] __main__: GRACEFUL_STOP requested path=D:\earnforme\solana-alert-bot\data\graceful_stop.u_station_ab_night_autotune_v2.signal
2026-02-27 01:00:35,853 [INFO] [u_station_ab_night_autotune_v2] trading.auto_trader: AUTOTRADER_SHUTDOWN reason=main_local_shutdown open=0 closed=39
