2026-02-27 18:32:35,309 [INFO] [u_station_ab_night_autotune_v2] __main__: SESSION_LOG file=logs/matrix/u_station_ab_night_autotune_v2\sessions\main_local_20260227_173235_pid14244.log
2026-02-27 18:32:35,339 [INFO] [u_station_ab_night_autotune_v2] trading.auto_trader_state: AutoTrade state loaded open=0 closed=128 balance=$7.29
2026-02-27 18:32:35,356 [WARNING] [u_station_ab_night_autotune_v2] trading.auto_trader: DATA_POLICY mode=OK reason=init_reset_manual prev_mode=OK prev_reason=healthy | route=allow_all
2026-02-27 18:32:35,357 [INFO] [u_station_ab_night_autotune_v2] __main__: AUTOTRADER_INIT state=ready reason=manual mode=paper
2026-02-27 18:32:35,359 [INFO] [u_station_ab_night_autotune_v2] __main__: Local mode started (Telegram disabled).
2026-02-27 18:32:35,498 [WARNING] [u_station_ab_night_autotune_v2] __main__: RUNTIME_TUNER_CONTROL pruned stale lock run_tag=u_station_ab_night_autotune_v2 pid=7504 age=597.0s path=D:\earnforme\solana-alert-bot\logs\matrix\u_station_ab_night_autotune_v2\runtime_tuner.lock.json
2026-02-27 18:32:35,498 [WARNING] [u_station_ab_night_autotune_v2] __main__: RUNTIME_TUNER_CONTROL inactive run_tag=u_station_ab_night_autotune_v2: local adaptive controllers unlocked.
2026-02-27 18:32:35,500 [WARNING] [u_station_ab_night_autotune_v2] __main__: RUNTIME_TUNER_HOT_APPLY run_tag=u_station_ab_night_autotune_v2 keys=3 details=AUTO_TRADE_EXCLUDED_SYMBOLS,AUTO_TRADE_TOP_N,PAPER_TRADE_SIZE_MAX_USD skipped_unknown=3
2026-02-27 18:32:35,958 [INFO] [u_station_ab_night_autotune_v2] monitor.onchain_factory: PAIR_DETECTED source=uniswap_v2 dex=uniswap_v2 pair=0x45f91279cc2ed76278ef9ca1264e008909dfcb0a token0=0x4200000000000000000000000000000000000006 token1=0xbdcfc78658b68e0ad069ad9bc32746ad8214fa2c block=42712082 factory=0x8909dc15e40173ff4699343b6eb8132c65e18ec6
2026-02-27 18:32:37,597 [WARNING] [u_station_ab_night_autotune_v2] monitor.watchlist: WATCHLIST low_supply fallback strict=3 final=3 min=12 relax_factor=0.50
2026-02-27 18:32:37,743 [WARNING] [u_station_ab_night_autotune_v2] monitor.watchlist: WATCHLIST low_supply fallback added=4 final=7
2026-02-27 18:32:37,745 [INFO] [u_station_ab_night_autotune_v2] __main__: WATCHLIST merged count=7
2026-02-27 18:32:37,747 [INFO] [u_station_ab_night_autotune_v2] trading.v2_runtime: V2_UNIVERSE in=20 dedup=20 out=20 target=20 novel_target=17 novel_out=20 repeat_dropped=0 symbol_dropped=0 surge_in=8 surge_target=5 surge_out=8
2026-02-27 18:32:37,748 [INFO] [u_station_ab_night_autotune_v2] __main__: V2_SOURCE_QOS_FILTER in=20 out=19 drops={'source_qos_symbol_cap': 1} caps={'watchlist': 8, 'unknown': 0, 'geckoterminal': 425}
2026-02-27 18:32:37,751 [INFO] [u_station_ab_night_autotune_v2] __main__: FILTER_FAIL token=Kamal reason=source_qos_symbol_cap symbol=KAMAL used=2/2
2026-02-27 18:32:37,751 [INFO] [u_station_ab_night_autotune_v2] __main__: FILTER_FAIL token=Gumal reason=safe_change_5m
2026-02-27 18:32:37,752 [INFO] [u_station_ab_night_autotune_v2] __main__: FILTER_PASS token=Kamal tier=A score=90 mode=YELLOW risk=MEDIUM liq=62964 vol5m=19705
2026-02-27 18:32:37,755 [INFO] [u_station_ab_night_autotune_v2] monitor.local_alerter: Local alert token=Kamal address=0xcde6467db03ec469f83c0ac76fcc705f3bfffa14 score=90 reco=BUY risk=MEDIUM warnings=0 liq=62964 vol5m=19705
2026-02-27 18:32:37,757 [INFO] [u_station_ab_night_autotune_v2] __main__: FILTER_FAIL token=BBC reason=safe_change_5m
2026-02-27 18:32:37,758 [INFO] [u_station_ab_night_autotune_v2] __main__: FILTER_FAIL token=Magpie reason=safe_change_5m
2026-02-27 18:32:37,760 [INFO] [u_station_ab_night_autotune_v2] __main__: FILTER_FAIL token=Bbc reason=safe_age
2026-02-27 18:32:37,761 [INFO] [u_station_ab_night_autotune_v2] __main__: FILTER_FAIL token=Kamal reason=safe_change_5m
2026-02-27 18:32:37,762 [INFO] [u_station_ab_night_autotune_v2] __main__: FILTER_FAIL token=SIMD reason=safe_age
2026-02-27 18:32:37,764 [INFO] [u_station_ab_night_autotune_v2] __main__: FILTER_FAIL token=DAEMON reason=safe_change_5m
2026-02-27 18:32:37,764 [INFO] [u_station_ab_night_autotune_v2] __main__: FILTER_PASS token=cbBTC tier=A score=100 mode=YELLOW risk=MEDIUM liq=19462369 vol5m=91557
2026-02-27 18:32:37,766 [INFO] [u_station_ab_night_autotune_v2] __main__: FILTER_FAIL token=SIMD reason=safe_age
2026-02-27 18:32:37,767 [INFO] [u_station_ab_night_autotune_v2] __main__: FILTER_FAIL token=Pigeon reason=safe_age
2026-02-27 18:32:37,768 [INFO] [u_station_ab_night_autotune_v2] __main__: FILTER_PASS token=HOTDOGZ tier=A score=85 mode=YELLOW risk=MEDIUM liq=205009 vol5m=3405
2026-02-27 18:32:37,769 [INFO] [u_station_ab_night_autotune_v2] __main__: FILTER_PASS token=ODAI tier=A score=95 mode=YELLOW risk=MEDIUM liq=373730 vol5m=5487
2026-02-27 18:32:37,771 [INFO] [u_station_ab_night_autotune_v2] __main__: FILTER_PASS token=AERO tier=A score=75 mode=YELLOW risk=MEDIUM liq=1508786 vol5m=190
2026-02-27 18:32:37,772 [INFO] [u_station_ab_night_autotune_v2] __main__: FILTER_PASS token=ETH tier=A score=75 mode=YELLOW risk=MEDIUM liq=820129 vol5m=1580
2026-02-27 18:32:37,774 [INFO] [u_station_ab_night_autotune_v2] __main__: FILTER_FAIL token=titcoin reason=score_min score=20 strict_min=48 soft_min=48 mode=YELLOW
2026-02-27 18:32:37,775 [INFO] [u_station_ab_night_autotune_v2] __main__: FILTER_FAIL token=TEECLWAW reason=score_min score=40 strict_min=48 soft_min=48 mode=YELLOW
2026-02-27 18:32:37,776 [INFO] [u_station_ab_night_autotune_v2] __main__: FILTER_PASS token=VIRTUAL tier=A score=75 mode=YELLOW risk=MEDIUM liq=7237904 vol5m=10
2026-02-27 18:32:37,778 [INFO] [u_station_ab_night_autotune_v2] __main__: FILTER_FAIL token=DEFI.ssi reason=safe_volume vol5m=0 min=6 regime=YELLOW
2026-02-27 18:32:37,779 [INFO] [u_station_ab_night_autotune_v2] trading.v2_runtime: V2_QUALITY_ROTATE symbols_core=0 symbols_cooldown=0 sources=1 top_core=- top_cooldown=-
2026-02-27 18:32:37,780 [INFO] [u_station_ab_night_autotune_v2] __main__: V2_QUALITY_GATE enabled=True regime=YELLOW in=7 out=7 core_out=1 explore_out=6 probe_out=0 quota=3 max_symbol_share=0.143 drop={'duplicate_address': 4} sources_used={'watchlist': 6, 'geckoterminal': 1}
2026-02-27 18:32:37,782 [INFO] [u_station_ab_night_autotune_v2] __main__: V2_ENTRY_ROUTE enabled=True regime=YELLOW in=7 out=4 core_out=1 explore_out=3 quota=3 allow_explore=True
2026-02-27 18:32:37,782 [WARNING] [u_station_ab_night_autotune_v2] trading.auto_trader: DATA_POLICY mode=OK reason=healthy | route=allow_all prev_mode=OK prev_reason=init_reset_manual
2026-02-27 18:32:37,783 [INFO] [u_station_ab_night_autotune_v2] __main__: MARKET_REGIME mode=YELLOW reason=hysteresis_recover_wait 1/4 raw=GREEN avg_cand_recent=7.00
2026-02-27 18:32:37,815 [INFO] [u_station_ab_night_autotune_v2] trading.auto_trader: AutoTrade skip token=Kamal reason=edge_low mode=both edge=-17.72% raw=-16.40% mult=1.08 min=0.05% probe_min=0.05% edge_usd=$-0.023 min_usd=$0.000 probe_min_usd=$0.000 size=$0.13 gross=8.00% costs=24.40% pwin=0.75 probe=- budget=0/1
2026-02-27 18:32:37,839 [INFO] [u_station_ab_night_autotune_v2] trading.auto_trader: AutoTrade skip token=cbBTC reason=ev_net_low expected_net=$-0.00582 min=$-0.00248 samples=25 conf=1.00 pwin=0.56 avg_win=$0.0041 avg_loss=$0.0149 kelly=0.000 mem=sparse trades=0<4
2026-02-27 18:32:37,856 [INFO] [u_station_ab_night_autotune_v2] trading.auto_trader: AUTO_DECISION token=ODAI mode=YELLOW tier=A channel=core score=95 src=watchlist liq=373730 vol5m=5487 chg5m=2.36% edge=2.09% raw=1.94% regime_mult=1.08 edge_usd=$0.012 size=$0.56 mult=1.35(score=1.15 liq=1.15 vol=1.00 volat=1.05) reinvest=0.88(growth_steps=0 drawdown=4.27% loss_streak=2 edge=5.52%) size_mode=0.80 hold_mode=1.06 exec_lane=runner exec_mult(size=1.10 hold=1.32 edge=0.94) edge_gate_mult(usd=1.00,pct=1.00) quality(edge=0.98,size=1.04 detail=src_mult=1.00 ev=0.00000 edge(src_relax=0.000 src_tight=0.000 ev_adj=-0.000) size(src_relax=0.000 src_cut=0.000 ev_adj=0.000)) costs=7.66% gas=$0.028 ev_net=$0.00034 ev_samples=148 conf=1.00 pwin=0.53 avg_win=$0.0070 avg_loss=$0.0064 kelly=0.81(k=0.093) token_ev=sparse trades=0<4 cluster=s3|l2|v2|m1|r1 cluster_route=sparse samples=1<10 breakdown={'liquidity_score': 30, 'volume_score': 20, 'risk_score': 15, 'age_score': 15, 'safety_score': 15}
2026-02-27 18:32:38,033 [WARNING] [u_station_ab_night_autotune_v2] trading.auto_trader: AutoTrade skip token=ODAI reason=honeypot_guard detail=simulation_failed,simulation_error,flag:high_fail_rate mode=paper
2026-02-27 18:32:38,057 [INFO] [u_station_ab_night_autotune_v2] trading.auto_trader: AutoTrade adjust token=HOTDOGZ reason=min_trade_floor size=$0.10->$0.10 min=$0.10
2026-02-27 18:32:38,059 [INFO] [u_station_ab_night_autotune_v2] trading.auto_trader: AutoTrade skip token=HOTDOGZ reason=edge_low mode=both edge=-26.03% raw=-24.10% mult=1.08 min=0.05% probe_min=0.05% edge_usd=$-0.026 min_usd=$0.000 probe_min_usd=$0.000 size=$0.10 gross=6.40% costs=30.50% pwin=0.65 probe=- budget=0/1
2026-02-27 18:32:38,060 [INFO] [u_station_ab_night_autotune_v2] trading.auto_trader: AutoTrade batch mode=top_n candidates=4 eligible=4 selected=4 opened=0 pe=off burst_window=0
2026-02-27 18:32:38,062 [INFO] [u_station_ab_night_autotune_v2] __main__: FILTER_THRESHOLDS safe_volume_5m_min=$5 safe_liquidity_min=$8000 safe_age_min=240s score_min=48 edge_min=0.05% lock_floor=0.95 no_momentum_max_pnl=0.25 weakness_pnl=-2.60
2026-02-27 18:32:38,062 [INFO] [u_station_ab_night_autotune_v2] __main__: Scanned 20 tokens | High quality: 14 | Alerts sent: 1 | Trade candidates: 7 | Quality out/core/explore/probe: 7/1/6/0 | Opened: 0 | Mode: local | Source: onchain+market | Policy: raw=OK/effective=OK(healthy | route=allow_all) | Regime: YELLOW(hysteresis_recover_wait 1/4 raw=GREEN) | Safety: checked=7 fail_closed=0 reasons=api_code_4029:7 | FiltersTop(session): safe_change_5m:5,safe_age:4,score_min:2,source_qos_symbol_cap:1 | Dedup: heavy_skip=0 override=0 | V2Budget: 7/280 | SourceQoS: enabled=1/in=20/out=19/dropped=1/active_cd=0/drops=source_qos_symbol_cap:1 | Ingest: q=0/oldest=0.0s/drop_old=0/dedup_skip=0/enq=12/drain=12 | Sources: dex_boosts:ok=1/fail=0/429=0/lim_wait=0/cd_wait=0/err=0.0%/avg=123ms; dexscreener:ok=10/fail=0/429=0/lim_wait=0/cd_wait=0/err=0.0%/avg=337ms; geckoterminal:ok=2/fail=0/429=0/lim_wait=0/cd_wait=0/err=0.0%/avg=127ms; onchain_enrich:ok=1/fail=0/429=0/lim_wait=0/cd_wait=0/err=0.0%/avg=228ms; watchlist_dex:ok=20/fail=0/429=0/lim_wait=0/cd_wait=0/err=0.0%/avg=73ms; watchlist_gecko:ok=8/fail=0/429=0/lim_wait=0/cd_wait=0/err=0.0%/avg=409ms | Tasks: 3 | RSS: 0.0MB | CycleAvg: 0.00s
2026-02-27 18:32:42,501 [INFO] [u_station_ab_night_autotune_v2] __main__: WATCHLIST merged count=7
2026-02-27 18:32:42,502 [INFO] [u_station_ab_night_autotune_v2] trading.v2_runtime: V2_UNIVERSE in=7 dedup=7 out=6 target=6 novel_target=6 novel_out=0 repeat_dropped=1 symbol_dropped=0 surge_in=0 surge_target=0 surge_out=0
2026-02-27 18:32:42,503 [INFO] [u_station_ab_night_autotune_v2] __main__: V2_UNIVERSE cycle=2 before=7 after=6
2026-02-27 18:32:42,503 [INFO] [u_station_ab_night_autotune_v2] __main__: FILTER_PASS token=cbBTC tier=A score=100 mode=YELLOW risk=MEDIUM liq=19462369 vol5m=91557
2026-02-27 18:32:42,504 [INFO] [u_station_ab_night_autotune_v2] __main__: FILTER_PASS token=HOTDOGZ tier=A score=85 mode=YELLOW risk=MEDIUM liq=205009 vol5m=3405
2026-02-27 18:32:42,505 [INFO] [u_station_ab_night_autotune_v2] __main__: FILTER_PASS token=ODAI tier=A score=95 mode=YELLOW risk=MEDIUM liq=373730 vol5m=5487
2026-02-27 18:32:42,507 [INFO] [u_station_ab_night_autotune_v2] __main__: FILTER_PASS token=AERO tier=A score=75 mode=YELLOW risk=MEDIUM liq=1508786 vol5m=190
2026-02-27 18:32:42,508 [INFO] [u_station_ab_night_autotune_v2] __main__: FILTER_PASS token=ETH tier=A score=75 mode=YELLOW risk=MEDIUM liq=820129 vol5m=1580
2026-02-27 18:32:42,510 [INFO] [u_station_ab_night_autotune_v2] __main__: FILTER_FAIL token=DEFI.ssi reason=safe_volume vol5m=0 min=6 regime=YELLOW
2026-02-27 18:32:42,512 [INFO] [u_station_ab_night_autotune_v2] __main__: V2_QUALITY_GATE enabled=True regime=YELLOW in=5 out=5 core_out=1 explore_out=4 probe_out=0 quota=3 max_symbol_share=0.200 drop={'source_budget': 2, 'duplicate_address': 3} sources_used={'watchlist': 5}
2026-02-27 18:32:42,514 [INFO] [u_station_ab_night_autotune_v2] __main__: V2_ENTRY_ROUTE enabled=True regime=YELLOW in=5 out=4 core_out=1 explore_out=3 quota=3 allow_explore=True
2026-02-27 18:32:42,515 [INFO] [u_station_ab_night_autotune_v2] __main__: MARKET_REGIME mode=YELLOW reason=hysteresis_recover_wait 2/4 raw=GREEN avg_cand_recent=6.00
2026-02-27 18:32:42,517 [INFO] [u_station_ab_night_autotune_v2] trading.auto_trader: AutoTrade skip token=cbBTC reason=ev_net_low expected_net=$-0.00582 min=$-0.00248 samples=25 conf=1.00 pwin=0.56 avg_win=$0.0041 avg_loss=$0.0149 kelly=0.000 mem=sparse trades=0<4
2026-02-27 18:32:42,519 [INFO] [u_station_ab_night_autotune_v2] trading.auto_trader: AutoTrade skip token=ODAI reason=blacklist detail=honeypot_guard:simulation_failed,simulation_error,flag:high_fail_rate
2026-02-27 18:32:42,520 [INFO] [u_station_ab_night_autotune_v2] trading.auto_trader: AutoTrade adjust token=HOTDOGZ reason=min_trade_floor size=$0.10->$0.10 min=$0.10
2026-02-27 18:32:42,522 [INFO] [u_station_ab_night_autotune_v2] trading.auto_trader: AutoTrade skip token=HOTDOGZ reason=edge_low mode=both edge=-26.03% raw=-24.10% mult=1.08 min=0.05% probe_min=0.05% edge_usd=$-0.026 min_usd=$0.000 probe_min_usd=$0.000 size=$0.10 gross=6.40% costs=30.50% pwin=0.65 probe=- budget=0/1
2026-02-27 18:32:42,541 [INFO] [u_station_ab_night_autotune_v2] trading.auto_trader: AutoTrade adjust token=AERO reason=min_trade_floor size=$0.02->$0.10 min=$0.10
2026-02-27 18:32:42,542 [INFO] [u_station_ab_night_autotune_v2] trading.auto_trader: AutoTrade skip token=AERO reason=edge_low mode=both edge=-29.70% raw=-27.50% mult=1.08 min=0.05% probe_min=0.05% edge_usd=$-0.030 min_usd=$0.000 probe_min_usd=$0.000 size=$0.10 gross=3.20% costs=30.70% pwin=0.45 probe=- budget=0/1
2026-02-27 18:32:42,542 [INFO] [u_station_ab_night_autotune_v2] trading.auto_trader: AutoTrade batch mode=top_n candidates=4 eligible=4 selected=4 opened=0 pe=off burst_window=0
2026-02-27 18:32:42,543 [INFO] [u_station_ab_night_autotune_v2] __main__: Scanned 6 tokens | High quality: 6 | Alerts sent: 0 | Trade candidates: 5 | Quality out/core/explore/probe: 5/1/4/0 | Opened: 0 | Mode: local | Source: onchain+market | Policy: raw=OK/effective=OK(healthy | route=allow_all) | Regime: YELLOW(hysteresis_recover_wait 2/4 raw=GREEN) | Safety: checked=5 fail_closed=0 reasons=api_code_4029:5 | FiltersTop(session): safe_change_5m:5,safe_age:4,score_min:2,safe_volume:2 | Dedup: heavy_skip=0 override=0 | V2Budget: 5/280 | SourceQoS: enabled=1/in=6/out=6/dropped=0/active_cd=0/drops=none | Ingest: q=0/oldest=0.0s/drop_old=0/dedup_skip=0/enq=0/drain=0 | Sources: dex_boosts:ok=1/fail=0/429=0/lim_wait=0/cd_wait=0/err=0.0%/avg=57ms; dexscreener:ok=10/fail=0/429=0/lim_wait=0/cd_wait=0/err=0.0%/avg=67ms | Tasks: 3 | RSS: 0.0MB | CycleAvg: 2.56s
2026-02-27 18:32:46,986 [INFO] [u_station_ab_night_autotune_v2] __main__: WATCHLIST merged count=7
2026-02-27 18:32:46,986 [INFO] [u_station_ab_night_autotune_v2] trading.v2_runtime: V2_UNIVERSE in=7 dedup=7 out=6 target=6 novel_target=6 novel_out=0 repeat_dropped=1 symbol_dropped=0 surge_in=0 surge_target=0 surge_out=0
2026-02-27 18:32:46,987 [INFO] [u_station_ab_night_autotune_v2] __main__: V2_UNIVERSE cycle=3 before=7 after=6
2026-02-27 18:32:46,988 [INFO] [u_station_ab_night_autotune_v2] __main__: FILTER_PASS token=cbBTC tier=A score=100 mode=YELLOW risk=MEDIUM liq=19462369 vol5m=91557
2026-02-27 18:32:46,989 [INFO] [u_station_ab_night_autotune_v2] __main__: FILTER_PASS token=HOTDOGZ tier=A score=85 mode=YELLOW risk=MEDIUM liq=205009 vol5m=3405
2026-02-27 18:32:46,990 [INFO] [u_station_ab_night_autotune_v2] __main__: FILTER_PASS token=ODAI tier=A score=95 mode=YELLOW risk=MEDIUM liq=373730 vol5m=5487
2026-02-27 18:32:46,991 [INFO] [u_station_ab_night_autotune_v2] __main__: FILTER_PASS token=AERO tier=A score=75 mode=YELLOW risk=MEDIUM liq=1508786 vol5m=190
2026-02-27 18:32:46,993 [INFO] [u_station_ab_night_autotune_v2] __main__: FILTER_PASS token=ETH tier=A score=75 mode=YELLOW risk=MEDIUM liq=820129 vol5m=1580
2026-02-27 18:32:46,994 [INFO] [u_station_ab_night_autotune_v2] __main__: FILTER_FAIL token=DEFI.ssi reason=safe_volume vol5m=0 min=6 regime=YELLOW
2026-02-27 18:32:46,995 [INFO] [u_station_ab_night_autotune_v2] __main__: V2_QUALITY_GATE enabled=True regime=YELLOW in=5 out=5 core_out=1 explore_out=4 probe_out=0 quota=3 max_symbol_share=0.200 drop={'source_budget': 2, 'duplicate_address': 3} sources_used={'watchlist': 5}
2026-02-27 18:32:46,998 [INFO] [u_station_ab_night_autotune_v2] __main__: V2_ENTRY_ROUTE enabled=True regime=YELLOW in=5 out=4 core_out=1 explore_out=3 quota=3 allow_explore=True
2026-02-27 18:32:46,999 [INFO] [u_station_ab_night_autotune_v2] __main__: MARKET_REGIME mode=YELLOW reason=hysteresis_recover_wait 3/4 raw=GREEN avg_cand_recent=5.67
2026-02-27 18:32:47,001 [INFO] [u_station_ab_night_autotune_v2] trading.auto_trader: AutoTrade skip token=cbBTC reason=ev_net_low expected_net=$-0.00582 min=$-0.00248 samples=25 conf=1.00 pwin=0.56 avg_win=$0.0041 avg_loss=$0.0149 kelly=0.000 mem=sparse trades=0<4
2026-02-27 18:32:47,002 [INFO] [u_station_ab_night_autotune_v2] trading.auto_trader: AutoTrade skip token=ODAI reason=blacklist detail=honeypot_guard:simulation_failed,simulation_error,flag:high_fail_rate
2026-02-27 18:32:47,004 [INFO] [u_station_ab_night_autotune_v2] trading.auto_trader: AutoTrade adjust token=HOTDOGZ reason=min_trade_floor size=$0.10->$0.10 min=$0.10
2026-02-27 18:32:47,005 [INFO] [u_station_ab_night_autotune_v2] trading.auto_trader: AutoTrade skip token=HOTDOGZ reason=edge_low mode=both edge=-26.03% raw=-24.10% mult=1.08 min=0.05% probe_min=0.05% edge_usd=$-0.026 min_usd=$0.000 probe_min_usd=$0.000 size=$0.10 gross=6.40% costs=30.50% pwin=0.65 probe=- budget=0/1
2026-02-27 18:32:47,007 [INFO] [u_station_ab_night_autotune_v2] trading.auto_trader: AutoTrade adjust token=AERO reason=min_trade_floor size=$0.02->$0.10 min=$0.10
2026-02-27 18:32:47,008 [INFO] [u_station_ab_night_autotune_v2] trading.auto_trader: AutoTrade skip token=AERO reason=edge_low mode=both edge=-29.70% raw=-27.50% mult=1.08 min=0.05% probe_min=0.05% edge_usd=$-0.030 min_usd=$0.000 probe_min_usd=$0.000 size=$0.10 gross=3.20% costs=30.70% pwin=0.45 probe=- budget=0/1
2026-02-27 18:32:47,008 [INFO] [u_station_ab_night_autotune_v2] trading.auto_trader: AutoTrade batch mode=top_n candidates=4 eligible=4 selected=4 opened=0 pe=off burst_window=0
2026-02-27 18:32:47,008 [INFO] [u_station_ab_night_autotune_v2] __main__: Scanned 6 tokens | High quality: 6 | Alerts sent: 0 | Trade candidates: 5 | Quality out/core/explore/probe: 5/1/4/0 | Opened: 0 | Mode: local | Source: onchain+market | Policy: raw=OK/effective=OK(healthy | route=allow_all) | Regime: YELLOW(hysteresis_recover_wait 3/4 raw=GREEN) | Safety: checked=5 fail_closed=0 reasons=api_code_4029:5 | FiltersTop(session): safe_change_5m:5,safe_age:4,safe_volume:3,score_min:2 | Dedup: heavy_skip=0 override=0 | V2Budget: 5/280 | SourceQoS: enabled=1/in=6/out=6/dropped=0/active_cd=0/drops=none | Ingest: q=0/oldest=0.0s/drop_old=0/dedup_skip=0/enq=0/drain=0 | Sources: dex_boosts:ok=1/fail=0/429=0/lim_wait=0/cd_wait=0/err=0.0%/avg=47ms; dexscreener:ok=10/fail=0/429=0/lim_wait=0/cd_wait=0/err=0.0%/avg=44ms | Tasks: 3 | RSS: 0.0MB | CycleAvg: 1.52s
