2026-02-27 04:02:37,596 [INFO] [u_station_ab_night_autotune_v2] __main__: SESSION_LOG file=logs/matrix/u_station_ab_night_autotune_v2\sessions\main_local_20260227_030237_pid17016.log
2026-02-27 04:02:37,615 [INFO] [u_station_ab_night_autotune_v2] trading.auto_trader_state: AutoTrade state loaded open=0 closed=62 balance=$7.20
2026-02-27 04:02:37,615 [WARNING] [u_station_ab_night_autotune_v2] trading.auto_trader: DATA_POLICY mode=OK reason=init_reset_manual prev_mode=OK prev_reason=healthy | route=allow_all
2026-02-27 04:02:37,615 [INFO] [u_station_ab_night_autotune_v2] __main__: AUTOTRADER_INIT state=ready reason=manual mode=paper
2026-02-27 04:02:37,615 [INFO] [u_station_ab_night_autotune_v2] __main__: Local mode started (Telegram disabled).
2026-02-27 04:02:38,038 [INFO] [u_station_ab_night_autotune_v2] monitor.onchain_factory: PAIR_DETECTED source=uniswap_v2 dex=uniswap_v2 pair=0x8b1731992fb05f6e85f793b06e5b9f567b085c75 token0=0x4200000000000000000000000000000000000006 token1=0x5bf5009def97770b04d0514e290bea73b48ed12d block=42686002 factory=0x8909dc15e40173ff4699343b6eb8132c65e18ec6
2026-02-27 04:02:38,522 [INFO] [u_station_ab_night_autotune_v2] monitor.onchain_factory: ENRICH_RETRY token=0x5bf5009def97770b04d0514e290bea73b48ed12d pair=0x8b1731992fb05f6e85f793b06e5b9f567b085c75 attempt=1/2 delay=10s
2026-02-27 04:04:40,085 [INFO] [u_station_ab_night_autotune_v2] __main__: WATCHLIST merged count=5
2026-02-27 04:04:40,085 [INFO] [u_station_ab_night_autotune_v2] trading.v2_runtime: V2_UNIVERSE in=11 dedup=11 out=11 target=11 novel_target=10 novel_out=11 repeat_dropped=0 symbol_dropped=0 surge_in=2 surge_target=2 surge_out=2
2026-02-27 04:04:40,085 [INFO] [u_station_ab_night_autotune_v2] __main__: V2_SOURCE_QOS_FILTER in=11 out=8 drops={'source_qos_cap': 3} caps={'geckoterminal': 287, 'watchlist': 2}
2026-02-27 04:04:40,085 [INFO] [u_station_ab_night_autotune_v2] __main__: FILTER_FAIL token=cbBTC reason=source_qos_cap source=watchlist used=2/2
2026-02-27 04:04:40,085 [INFO] [u_station_ab_night_autotune_v2] __main__: FILTER_FAIL token=VIRTUAL reason=source_qos_cap source=watchlist used=2/2
2026-02-27 04:04:40,085 [INFO] [u_station_ab_night_autotune_v2] __main__: FILTER_FAIL token=AERO reason=source_qos_cap source=watchlist used=2/2
2026-02-27 04:04:40,085 [INFO] [u_station_ab_night_autotune_v2] __main__: FILTER_FAIL token=FLOW reason=safe_change_5m
2026-02-27 04:04:40,101 [INFO] [u_station_ab_night_autotune_v2] __main__: FILTER_FAIL token=CHARLES reason=safe_age
2026-02-27 04:04:40,101 [INFO] [u_station_ab_night_autotune_v2] __main__: FILTER_PASS token=POOPCOIN tier=A score=95 mode=YELLOW risk=MEDIUM liq=520300 vol5m=9176
2026-02-27 04:04:40,104 [INFO] [u_station_ab_night_autotune_v2] __main__: FILTER_FAIL token=BEAIN reason=score_min score=40 strict_min=48 soft_min=48 mode=YELLOW
2026-02-27 04:04:40,104 [INFO] [u_station_ab_night_autotune_v2] __main__: FILTER_FAIL token=ARCP reason=safe_age
2026-02-27 04:04:40,104 [INFO] [u_station_ab_night_autotune_v2] __main__: FILTER_FAIL token=NIKITA reason=safe_age
2026-02-27 04:04:40,104 [INFO] [u_station_ab_night_autotune_v2] __main__: FILTER_FAIL token=CLEO reason=score_min score=30 strict_min=48 soft_min=48 mode=YELLOW
2026-02-27 04:04:40,104 [INFO] [u_station_ab_night_autotune_v2] __main__: FILTER_FAIL token=ToruCeoAI reason=safe_volume vol5m=0 min=6 regime=YELLOW
2026-02-27 04:04:40,104 [INFO] [u_station_ab_night_autotune_v2] trading.v2_runtime: V2_QUALITY_ROTATE symbols_core=1 symbols_cooldown=0 sources=1 top_core=JUNO:0.0126/12 top_cooldown=-
2026-02-27 04:04:40,104 [INFO] [u_station_ab_night_autotune_v2] __main__: V2_QUALITY_GATE enabled=True regime=YELLOW in=1 out=1 core_out=1 explore_out=0 probe_out=0 quota=0 max_symbol_share=1.000 drop={} sources_used={'watchlist': 1}
2026-02-27 04:04:40,104 [INFO] [u_station_ab_night_autotune_v2] __main__: V2_ENTRY_ROUTE enabled=True regime=YELLOW in=1 out=1 core_out=1 explore_out=0 quota=0 allow_explore=True
2026-02-27 04:04:40,104 [WARNING] [u_station_ab_night_autotune_v2] trading.auto_trader: DATA_POLICY mode=OK reason=healthy | route=allow_all prev_mode=OK prev_reason=init_reset_manual
2026-02-27 04:04:40,104 [INFO] [u_station_ab_night_autotune_v2] __main__: MARKET_REGIME mode=YELLOW reason=avg_cand=1.00 avg_cand_recent=1.00
2026-02-27 04:04:40,104 [INFO] [u_station_ab_night_autotune_v2] trading.auto_trader: AutoTrade skip token=POOPCOIN reason=blacklist detail=honeypot_guard:honeypot_api_status_404
2026-02-27 04:04:40,104 [INFO] [u_station_ab_night_autotune_v2] trading.auto_trader: AutoTrade batch mode=top_n candidates=1 eligible=1 selected=1 opened=0 pe=off burst_window=0
2026-02-27 04:04:40,104 [INFO] [u_station_ab_night_autotune_v2] trading.auto_trader: PAPER_SUMMARY window=60s closed_delta=0 wins_delta=0 losses_delta=0 realized_delta=$0.00 total_closed=62 winrate_total=46.8% realized_total=$0.20 balance=$7.20 equity=$7.20 open=0
2026-02-27 04:04:40,104 [INFO] [u_station_ab_night_autotune_v2] __main__: FILTER_THRESHOLDS safe_volume_5m_min=$5 safe_liquidity_min=$8000 safe_age_min=240s score_min=48 edge_min=0.05% lock_floor=0.95 no_momentum_max_pnl=0.25 weakness_pnl=-2.60
2026-02-27 04:04:40,104 [INFO] [u_station_ab_night_autotune_v2] __main__: Scanned 11 tokens | High quality: 3 | Alerts sent: 0 | Trade candidates: 1 | Quality out/core/explore/probe: 1/1/0/0 | Opened: 0 | Mode: local | Source: onchain+market | Policy: raw=OK/effective=OK(healthy | route=allow_all) | Regime: YELLOW(avg_cand=1.00) | Safety: checked=1 fail_closed=0 reasons=api_code_4029:1 | FiltersTop(session): source_qos_cap:3,safe_age:3,score_min:2,safe_change_5m:1 | Dedup: heavy_skip=0 override=0 | V2Budget: 1/280 | SourceQoS: enabled=1/in=11/out=8/dropped=3/active_cd=0/drops=source_qos_cap:3 | Ingest: q=0/oldest=0.0s/drop_old=0/dedup_skip=0/enq=6/drain=6 | Sources: dex_boosts:ok=1/fail=0/429=0/lim_wait=0/cd_wait=0/err=0.0%/avg=139ms; dexscreener:ok=12/fail=0/429=0/lim_wait=0/cd_wait=0/err=0.0%/avg=263ms; geckoterminal:ok=2/fail=0/429=1/lim_wait=0/cd_wait=1/err=0.0%/avg=104ms; onchain_enrich:ok=4/fail=0/429=0/lim_wait=0/cd_wait=0/err=0.0%/avg=102ms; onchain_weth_price:ok=1/fail=0/429=0/lim_wait=0/cd_wait=0/err=0.0%/avg=46ms; watchlist_dex:ok=10/fail=0/429=0/lim_wait=0/cd_wait=0/err=0.0%/avg=90ms; watchlist_gecko:ok=6/fail=0/429=0/lim_wait=0/cd_wait=0/err=0.0%/avg=621ms | Tasks: 3 | RSS: 0.0MB | CycleAvg: 0.00s
2026-02-27 04:04:44,396 [INFO] [u_station_ab_night_autotune_v2] monitor.onchain_factory: PAIR_DETECTED source=uniswap_v2 dex=uniswap_v2 pair=0xc79a32a2e88b73fd2d7634567fc8dac655f34385 token0=0x4200000000000000000000000000000000000006 token1=0xbe94310e2c23e5ff3ad23e0a2aa0deb5fb3e5554 block=42686011 factory=0x8909dc15e40173ff4699343b6eb8132c65e18ec6
2026-02-27 04:04:44,396 [INFO] [u_station_ab_night_autotune_v2] monitor.onchain_factory: PAIR_DETECTED source=uniswap_v2 dex=uniswap_v2 pair=0xbd6bbf8c3a43405faf20547ebf40274cbdb30e72 token0=0x4200000000000000000000000000000000000006 token1=0x859bf0676240edba5eda157540525b17b3151699 block=42686018 factory=0x8909dc15e40173ff4699343b6eb8132c65e18ec6
2026-02-27 04:04:44,397 [INFO] [u_station_ab_night_autotune_v2] monitor.onchain_factory: PAIR_DETECTED source=uniswap_v2 dex=uniswap_v2 pair=0xb97ff336c3503927bd8471ba22533964658d3abe token0=0x4200000000000000000000000000000000000006 token1=0x9501d994cbe2cda545ff704c7af9c558fcb0f5a5 block=42686025 factory=0x8909dc15e40173ff4699343b6eb8132c65e18ec6
2026-02-27 04:04:44,398 [INFO] [u_station_ab_night_autotune_v2] monitor.onchain_factory: PAIR_DETECTED source=uniswap_v2 dex=uniswap_v2 pair=0xe38832cce945491fa07cae1717f988f84d9fb0f4 token0=0x11df6253f89dc2d785cc4ccbc2f0a180ffd9aba3 token1=0x4200000000000000000000000000000000000006 block=42686026 factory=0x8909dc15e40173ff4699343b6eb8132c65e18ec6
2026-02-27 04:04:44,398 [INFO] [u_station_ab_night_autotune_v2] monitor.onchain_factory: PAIR_DETECTED source=uniswap_v2 dex=uniswap_v2 pair=0xa8701067e18b30858b252aa727d2f49cda48ae08 token0=0x4200000000000000000000000000000000000006 token1=0xe1c2b69d687de271bca6caf5e4980794fcc63ba3 block=42686031 factory=0x8909dc15e40173ff4699343b6eb8132c65e18ec6
2026-02-27 04:04:44,399 [INFO] [u_station_ab_night_autotune_v2] monitor.onchain_factory: PAIR_DETECTED source=uniswap_v2 dex=uniswap_v2 pair=0xcb02b7a2b7a5796ff057011c58d20a2d25135077 token0=0x4200000000000000000000000000000000000006 token1=0xd08acf6300072cb381229839dd0a9e0f964c71d8 block=42686034 factory=0x8909dc15e40173ff4699343b6eb8132c65e18ec6
2026-02-27 04:04:44,400 [INFO] [u_station_ab_night_autotune_v2] monitor.onchain_factory: PAIR_DETECTED source=uniswap_v2 dex=uniswap_v2 pair=0x90e47d5fee433c5ee1acf6ac0c50b2f8f32a076f token0=0x4200000000000000000000000000000000000006 token1=0x451c6b51dd3b86aabd95f0b476c89bcb31eecb33 block=42686044 factory=0x8909dc15e40173ff4699343b6eb8132c65e18ec6
2026-02-27 04:04:44,400 [INFO] [u_station_ab_night_autotune_v2] monitor.onchain_factory: PAIR_DETECTED source=uniswap_v2 dex=uniswap_v2 pair=0x65b0bc4eec0ebabe552c0f80891104ec73664aff token0=0x4200000000000000000000000000000000000006 token1=0x9ed4eccde7794302890d777d52d14378f5eb15ce block=42686053 factory=0x8909dc15e40173ff4699343b6eb8132c65e18ec6
2026-02-27 04:04:44,402 [INFO] [u_station_ab_night_autotune_v2] monitor.onchain_factory: PAIR_DETECTED source=uniswap_v2 dex=uniswap_v2 pair=0x222864d78cc9aaf60e0ec01b79d14dfd26a4558d token0=0x4200000000000000000000000000000000000006 token1=0x5e4961a45605e74094459376d83cfd9708c7f528 block=42686060 factory=0x8909dc15e40173ff4699343b6eb8132c65e18ec6
2026-02-27 04:04:44,403 [INFO] [u_station_ab_night_autotune_v2] monitor.onchain_factory: PAIR_DETECTED source=uniswap_v2 dex=uniswap_v2 pair=0x52d472beffa8d6274fff9839dbcbf6f10ea9ca60 token0=0x4200000000000000000000000000000000000006 token1=0x8c1f1d50b6780e055c88c25e8ae648210205eb07 block=42686065 factory=0x8909dc15e40173ff4699343b6eb8132c65e18ec6
2026-02-27 04:04:44,536 [INFO] [u_station_ab_night_autotune_v2] monitor.onchain_factory: PAIR_DETECTED source=uniswap_v3 dex=uniswap_v3 pair=0x22ec215eb2d14563000c99f333a94912ef359dd1 token0=0x4200000000000000000000000000000000000006 token1=0x706b42dfb5c808b619edcad050884f307822923e block=42686029 factory=0x33128a8fc17869897dce68ed026d694621f6fdfd
2026-02-27 04:04:44,904 [INFO] [u_station_ab_night_autotune_v2] monitor.onchain_factory: ENRICH_RETRY token=0x5e4961a45605e74094459376d83cfd9708c7f528 pair=0x222864d78cc9aaf60e0ec01b79d14dfd26a4558d attempt=1/2 delay=10s
2026-02-27 04:04:44,953 [INFO] [u_station_ab_night_autotune_v2] monitor.onchain_factory: ENRICH_RETRY token=0x9ed4eccde7794302890d777d52d14378f5eb15ce pair=0x65b0bc4eec0ebabe552c0f80891104ec73664aff attempt=1/2 delay=10s
2026-02-27 04:04:44,986 [INFO] [u_station_ab_night_autotune_v2] monitor.onchain_factory: ENRICH_RETRY token=0x8c1f1d50b6780e055c88c25e8ae648210205eb07 pair=0x52d472beffa8d6274fff9839dbcbf6f10ea9ca60 attempt=1/2 delay=10s
2026-02-27 04:04:55,054 [INFO] [u_station_ab_night_autotune_v2] __main__: WATCHLIST merged count=5
2026-02-27 04:04:55,055 [INFO] [u_station_ab_night_autotune_v2] trading.v2_runtime: V2_UNIVERSE in=14 dedup=14 out=14 target=14 novel_target=12 novel_out=6 repeat_dropped=0 symbol_dropped=0 surge_in=3 surge_target=3 surge_out=3
2026-02-27 04:04:55,055 [INFO] [u_station_ab_night_autotune_v2] __main__: V2_SOURCE_QOS_FILTER in=14 out=11 drops={'source_qos_cap': 3} caps={'unknown': 0, 'watchlist': 2}
2026-02-27 04:04:55,056 [INFO] [u_station_ab_night_autotune_v2] __main__: FILTER_FAIL token=cbBTC reason=source_qos_cap source=watchlist used=2/2
2026-02-27 04:04:55,057 [INFO] [u_station_ab_night_autotune_v2] __main__: FILTER_FAIL token=VIRTUAL reason=source_qos_cap source=watchlist used=2/2
2026-02-27 04:04:55,058 [INFO] [u_station_ab_night_autotune_v2] __main__: FILTER_FAIL token=AERO reason=source_qos_cap source=watchlist used=2/2
2026-02-27 04:04:55,059 [INFO] [u_station_ab_night_autotune_v2] __main__: FILTER_FAIL token=FLOW reason=safe_change_5m
2026-02-27 04:04:55,059 [INFO] [u_station_ab_night_autotune_v2] __main__: FILTER_FAIL token=BEAIN reason=safe_age
2026-02-27 04:04:55,060 [INFO] [u_station_ab_night_autotune_v2] __main__: FILTER_FAIL token=ToruCeoAI reason=safe_age
2026-02-27 04:04:55,061 [INFO] [u_station_ab_night_autotune_v2] __main__: FILTER_PASS token=POOPCOIN tier=A score=95 mode=YELLOW risk=MEDIUM liq=520300 vol5m=9176
2026-02-27 04:04:55,062 [INFO] [u_station_ab_night_autotune_v2] __main__: FILTER_FAIL token=ID reason=score_min score=30 strict_min=48 soft_min=48 mode=YELLOW
2026-02-27 04:04:55,063 [INFO] [u_station_ab_night_autotune_v2] __main__: FILTER_FAIL token=CLEO reason=score_min score=30 strict_min=48 soft_min=48 mode=YELLOW
2026-02-27 04:04:55,065 [INFO] [u_station_ab_night_autotune_v2] __main__: FILTER_FAIL token=KITTEN reason=score_min score=30 strict_min=48 soft_min=48 mode=YELLOW
2026-02-27 04:04:55,065 [INFO] [u_station_ab_night_autotune_v2] __main__: FILTER_FAIL token=ALF reason=score_min score=30 strict_min=48 soft_min=48 mode=YELLOW
2026-02-27 04:04:55,066 [INFO] [u_station_ab_night_autotune_v2] __main__: FILTER_FAIL token=C3 reason=score_min score=30 strict_min=48 soft_min=48 mode=YELLOW
2026-02-27 04:04:55,068 [INFO] [u_station_ab_night_autotune_v2] __main__: FILTER_FAIL token=USDT reason=score_min score=30 strict_min=48 soft_min=48 mode=YELLOW
2026-02-27 04:04:55,068 [INFO] [u_station_ab_night_autotune_v2] __main__: FILTER_FAIL token=LABS reason=score_min score=30 strict_min=48 soft_min=48 mode=YELLOW
2026-02-27 04:04:55,069 [INFO] [u_station_ab_night_autotune_v2] __main__: V2_QUALITY_GATE enabled=True regime=YELLOW in=1 out=1 core_out=1 explore_out=0 probe_out=0 quota=0 max_symbol_share=1.000 drop={} sources_used={'watchlist': 1}
2026-02-27 04:04:55,070 [INFO] [u_station_ab_night_autotune_v2] __main__: V2_ENTRY_ROUTE enabled=True regime=YELLOW in=1 out=1 core_out=1 explore_out=0 quota=0 allow_explore=True
2026-02-27 04:04:55,070 [INFO] [u_station_ab_night_autotune_v2] __main__: MARKET_REGIME mode=YELLOW reason=avg_cand=1.00 avg_cand_recent=1.00
2026-02-27 04:04:55,071 [INFO] [u_station_ab_night_autotune_v2] trading.auto_trader: AutoTrade skip token=POOPCOIN reason=blacklist detail=honeypot_guard:honeypot_api_status_404
2026-02-27 04:04:55,072 [INFO] [u_station_ab_night_autotune_v2] trading.auto_trader: AutoTrade batch mode=top_n candidates=1 eligible=1 selected=1 opened=0 pe=off burst_window=0
2026-02-27 04:04:55,073 [INFO] [u_station_ab_night_autotune_v2] __main__: Scanned 14 tokens | High quality: 4 | Alerts sent: 0 | Trade candidates: 1 | Quality out/core/explore/probe: 1/1/0/0 | Opened: 0 | Mode: local | Source: onchain+market | Policy: raw=OK/effective=OK(healthy | route=allow_all) | Regime: YELLOW(avg_cand=1.00) | Safety: checked=1 fail_closed=0 reasons=api_code_4029:1 | FiltersTop(session): score_min:9,source_qos_cap:6,safe_age:5,safe_change_5m:2 | Dedup: heavy_skip=0 override=0 | V2Budget: 1/280 | SourceQoS: enabled=1/in=14/out=11/dropped=3/active_cd=0/drops=source_qos_cap:3 | Ingest: q=0/oldest=0.0s/drop_old=0/dedup_skip=0/enq=0/drain=0 | Sources: dex_boosts:ok=1/fail=0/429=0/lim_wait=0/cd_wait=0/err=0.0%/avg=41ms; dexscreener:ok=12/fail=0/429=0/lim_wait=0/cd_wait=0/err=0.0%/avg=47ms; geckoterminal:ok=0/fail=0/429=0/lim_wait=0/cd_wait=0/err=0.0%/avg=0ms; onchain_enrich:ok=21/fail=0/429=0/lim_wait=0/cd_wait=0/err=0.0%/avg=117ms; onchain_weth_price:ok=2/fail=0/429=0/lim_wait=0/cd_wait=0/err=0.0%/avg=46ms | Tasks: 3 | RSS: 0.0MB | CycleAvg: 122.48s
2026-02-27 04:04:59,336 [INFO] [u_station_ab_night_autotune_v2] monitor.onchain_factory: PAIR_DETECTED source=uniswap_v2 dex=uniswap_v2 pair=0xbfa47f675f48585a9c6e491bfa6d7478e44c525f token0=0x4200000000000000000000000000000000000006 token1=0xb1acaa10963589491af6cc27e7afcb966ff52fd7 block=42686069 factory=0x8909dc15e40173ff4699343b6eb8132c65e18ec6
2026-02-27 04:04:59,524 [INFO] [u_station_ab_night_autotune_v2] monitor.onchain_factory: ENRICH_RETRY token=0x9ed4eccde7794302890d777d52d14378f5eb15ce pair=0x65b0bc4eec0ebabe552c0f80891104ec73664aff attempt=1/2 delay=10s
2026-02-27 04:04:59,524 [INFO] [u_station_ab_night_autotune_v2] monitor.onchain_factory: ENRICH_RETRY token=0x8c1f1d50b6780e055c88c25e8ae648210205eb07 pair=0x52d472beffa8d6274fff9839dbcbf6f10ea9ca60 attempt=1/2 delay=10s
2026-02-27 04:04:59,524 [INFO] [u_station_ab_night_autotune_v2] monitor.onchain_factory: ENRICH_RETRY token=0x5e4961a45605e74094459376d83cfd9708c7f528 pair=0x222864d78cc9aaf60e0ec01b79d14dfd26a4558d attempt=1/2 delay=10s
2026-02-27 04:04:59,771 [INFO] [u_station_ab_night_autotune_v2] monitor.onchain_factory: ENRICH_RETRY token=0xb1acaa10963589491af6cc27e7afcb966ff52fd7 pair=0xbfa47f675f48585a9c6e491bfa6d7478e44c525f attempt=1/2 delay=10s
2026-02-27 04:05:09,843 [INFO] [u_station_ab_night_autotune_v2] __main__: WATCHLIST merged count=5
2026-02-27 04:05:09,844 [INFO] [u_station_ab_night_autotune_v2] trading.v2_runtime: V2_UNIVERSE in=5 dedup=5 out=5 target=5 novel_target=5 novel_out=0 repeat_dropped=0 symbol_dropped=0 surge_in=1 surge_target=1 surge_out=1
2026-02-27 04:05:09,845 [INFO] [u_station_ab_night_autotune_v2] __main__: V2_SOURCE_QOS_FILTER in=5 out=3 drops={'source_qos_cap': 2} caps={'watchlist': 3}
2026-02-27 04:05:09,846 [INFO] [u_station_ab_night_autotune_v2] __main__: FILTER_FAIL token=VIRTUAL reason=source_qos_cap source=watchlist used=3/3
2026-02-27 04:05:09,846 [INFO] [u_station_ab_night_autotune_v2] __main__: FILTER_FAIL token=AERO reason=source_qos_cap source=watchlist used=3/3
2026-02-27 04:05:09,847 [INFO] [u_station_ab_night_autotune_v2] __main__: FILTER_FAIL token=FLOW reason=safe_change_5m
2026-02-27 04:05:09,848 [INFO] [u_station_ab_night_autotune_v2] __main__: FILTER_PASS token=POOPCOIN tier=A score=95 mode=YELLOW risk=MEDIUM liq=520300 vol5m=9176
2026-02-27 04:05:09,848 [INFO] [u_station_ab_night_autotune_v2] __main__: FILTER_PASS token=cbBTC tier=A score=100 mode=YELLOW risk=MEDIUM liq=22044220 vol5m=14076
2026-02-27 04:05:09,849 [INFO] [u_station_ab_night_autotune_v2] __main__: V2_QUALITY_GATE enabled=True regime=YELLOW in=2 out=2 core_out=1 explore_out=1 probe_out=0 quota=1 max_symbol_share=0.500 drop={} sources_used={'watchlist': 2}
2026-02-27 04:05:09,850 [INFO] [u_station_ab_night_autotune_v2] __main__: V2_ENTRY_ROUTE enabled=True regime=YELLOW in=2 out=2 core_out=1 explore_out=1 quota=1 allow_explore=True
2026-02-27 04:05:09,850 [INFO] [u_station_ab_night_autotune_v2] __main__: MARKET_REGIME mode=YELLOW reason=avg_cand=1.33 avg_cand_recent=1.33
2026-02-27 04:05:09,883 [INFO] [u_station_ab_night_autotune_v2] trading.auto_trader: AutoTrade adjust token=cbBTC reason=min_trade_floor size=$0.08->$0.10 min=$0.10
2026-02-27 04:05:09,884 [INFO] [u_station_ab_night_autotune_v2] trading.auto_trader: AutoTrade skip token=cbBTC reason=ev_net_low expected_net=$-0.00678 min=$-0.00251 samples=22 conf=1.00 pwin=0.45 avg_win=$0.0043 avg_loss=$0.0168 kelly=0.000 mem=sparse trades=2<18
2026-02-27 04:05:09,885 [INFO] [u_station_ab_night_autotune_v2] trading.auto_trader: AutoTrade skip token=POOPCOIN reason=blacklist detail=honeypot_guard:honeypot_api_status_404
2026-02-27 04:05:09,886 [INFO] [u_station_ab_night_autotune_v2] trading.auto_trader: AutoTrade batch mode=top_n candidates=2 eligible=2 selected=2 opened=0 pe=off burst_window=0
2026-02-27 04:05:09,887 [INFO] [u_station_ab_night_autotune_v2] __main__: Scanned 5 tokens | High quality: 3 | Alerts sent: 0 | Trade candidates: 2 | Quality out/core/explore/probe: 2/1/1/0 | Opened: 0 | Mode: local | Source: onchain+market | Policy: raw=OK/effective=OK(healthy | route=allow_all) | Regime: YELLOW(avg_cand=1.33) | Safety: checked=2 fail_closed=0 reasons=api_code_4029:2 | FiltersTop(session): score_min:9,source_qos_cap:8,safe_age:5,safe_change_5m:3 | Dedup: heavy_skip=0 override=0 | V2Budget: 2/280 | SourceQoS: enabled=1/in=5/out=3/dropped=2/active_cd=0/drops=source_qos_cap:2 | Ingest: q=0/oldest=0.0s/drop_old=0/dedup_skip=0/enq=0/drain=0 | Sources: dex_boosts:ok=1/fail=0/429=0/lim_wait=0/cd_wait=0/err=0.0%/avg=35ms; dexscreener:ok=12/fail=0/429=0/lim_wait=0/cd_wait=0/err=0.0%/avg=52ms; geckoterminal:ok=0/fail=0/429=0/lim_wait=0/cd_wait=0/err=0.0%/avg=0ms; onchain_enrich:ok=16/fail=0/429=0/lim_wait=0/cd_wait=0/err=0.0%/avg=51ms | Tasks: 3 | RSS: 0.0MB | CycleAvg: 66.71s
2026-02-27 04:05:14,166 [INFO] [u_station_ab_night_autotune_v2] monitor.onchain_factory: PAIR_DETECTED source=uniswap_v2 dex=uniswap_v2 pair=0x34b27254fba3a9ef32ce09dcde7c41ea5afb7d32 token0=0x4200000000000000000000000000000000000006 token1=0xfe2ffc4654a75aa1bfec60fdd24cf5baa4a96275 block=42686079 factory=0x8909dc15e40173ff4699343b6eb8132c65e18ec6
2026-02-27 04:05:14,374 [INFO] [u_station_ab_night_autotune_v2] monitor.onchain_factory: ENRICH_RETRY token=0x5e4961a45605e74094459376d83cfd9708c7f528 pair=0x222864d78cc9aaf60e0ec01b79d14dfd26a4558d attempt=1/2 delay=10s
2026-02-27 04:05:14,404 [INFO] [u_station_ab_night_autotune_v2] monitor.onchain_factory: ENRICH_RETRY token=0xb1acaa10963589491af6cc27e7afcb966ff52fd7 pair=0xbfa47f675f48585a9c6e491bfa6d7478e44c525f attempt=1/2 delay=10s
2026-02-27 04:05:14,719 [INFO] [u_station_ab_night_autotune_v2] monitor.onchain_factory: ENRICH_RETRY token=0xfe2ffc4654a75aa1bfec60fdd24cf5baa4a96275 pair=0x34b27254fba3a9ef32ce09dcde7c41ea5afb7d32 attempt=1/2 delay=10s
2026-02-27 04:05:24,811 [INFO] [u_station_ab_night_autotune_v2] __main__: WATCHLIST merged count=5
2026-02-27 04:05:24,812 [INFO] [u_station_ab_night_autotune_v2] trading.v2_runtime: V2_UNIVERSE in=8 dedup=8 out=8 target=8 novel_target=7 novel_out=3 repeat_dropped=0 symbol_dropped=0 surge_in=1 surge_target=1 surge_out=1
2026-02-27 04:05:24,813 [INFO] [u_station_ab_night_autotune_v2] __main__: V2_SOURCE_QOS_FILTER in=8 out=5 drops={'source_qos_cap': 3} caps={'unknown': 0, 'watchlist': 2}
2026-02-27 04:05:24,813 [INFO] [u_station_ab_night_autotune_v2] __main__: FILTER_FAIL token=cbBTC reason=source_qos_cap source=watchlist used=2/2
2026-02-27 04:05:24,814 [INFO] [u_station_ab_night_autotune_v2] __main__: FILTER_FAIL token=VIRTUAL reason=source_qos_cap source=watchlist used=2/2
2026-02-27 04:05:24,816 [INFO] [u_station_ab_night_autotune_v2] __main__: FILTER_FAIL token=AERO reason=source_qos_cap source=watchlist used=2/2
2026-02-27 04:05:24,817 [INFO] [u_station_ab_night_autotune_v2] __main__: FILTER_FAIL token=FLOW reason=safe_change_5m
2026-02-27 04:05:24,817 [INFO] [u_station_ab_night_autotune_v2] __main__: FILTER_PASS token=POOPCOIN tier=A score=95 mode=YELLOW risk=MEDIUM liq=520300 vol5m=9176
2026-02-27 04:05:24,820 [INFO] [u_station_ab_night_autotune_v2] __main__: FILTER_FAIL token=SHRIMP reason=score_min score=30 strict_min=48 soft_min=48 mode=YELLOW
2026-02-27 04:05:24,821 [INFO] [u_station_ab_night_autotune_v2] __main__: FILTER_FAIL token=EVMOS reason=score_min score=30 strict_min=48 soft_min=48 mode=YELLOW
2026-02-27 04:05:24,822 [INFO] [u_station_ab_night_autotune_v2] __main__: FILTER_FAIL token=SAIRI reason=safe_volume vol5m=0 min=6 regime=YELLOW
2026-02-27 04:05:24,823 [INFO] [u_station_ab_night_autotune_v2] __main__: V2_QUALITY_GATE enabled=True regime=YELLOW in=1 out=1 core_out=1 explore_out=0 probe_out=0 quota=0 max_symbol_share=1.000 drop={} sources_used={'watchlist': 1}
2026-02-27 04:05:24,823 [INFO] [u_station_ab_night_autotune_v2] __main__: V2_ENTRY_ROUTE enabled=True regime=YELLOW in=1 out=1 core_out=1 explore_out=0 quota=0 allow_explore=True
2026-02-27 04:05:24,824 [INFO] [u_station_ab_night_autotune_v2] __main__: MARKET_REGIME mode=YELLOW reason=avg_cand=1.25 avg_cand_recent=1.25
2026-02-27 04:05:24,826 [INFO] [u_station_ab_night_autotune_v2] trading.auto_trader: AutoTrade skip token=POOPCOIN reason=blacklist detail=honeypot_guard:honeypot_api_status_404
2026-02-27 04:05:24,827 [INFO] [u_station_ab_night_autotune_v2] trading.auto_trader: AutoTrade batch mode=top_n candidates=1 eligible=1 selected=1 opened=0 pe=off burst_window=0
2026-02-27 04:05:24,828 [INFO] [u_station_ab_night_autotune_v2] __main__: Scanned 8 tokens | High quality: 2 | Alerts sent: 0 | Trade candidates: 1 | Quality out/core/explore/probe: 1/1/0/0 | Opened: 0 | Mode: local | Source: onchain+market | Policy: raw=OK/effective=OK(healthy | route=allow_all) | Regime: YELLOW(avg_cand=1.25) | Safety: checked=1 fail_closed=0 reasons=api_code_4029:1 | FiltersTop(session): source_qos_cap:11,score_min:11,safe_age:5,safe_change_5m:4 | Dedup: heavy_skip=0 override=0 | V2Budget: 1/280 | SourceQoS: enabled=1/in=8/out=5/dropped=3/active_cd=0/drops=source_qos_cap:3 | Ingest: q=0/oldest=0.0s/drop_old=0/dedup_skip=0/enq=0/drain=0 | Sources: dex_boosts:ok=1/fail=0/429=0/lim_wait=0/cd_wait=0/err=0.0%/avg=60ms; dexscreener:ok=12/fail=0/429=0/lim_wait=0/cd_wait=0/err=0.0%/avg=194ms; geckoterminal:ok=0/fail=0/429=0/lim_wait=0/cd_wait=0/err=0.0%/avg=0ms; onchain_enrich:ok=14/fail=0/429=0/lim_wait=0/cd_wait=0/err=0.0%/avg=94ms | Tasks: 3 | RSS: 0.0MB | CycleAvg: 48.08s
2026-02-27 04:05:29,099 [INFO] [u_station_ab_night_autotune_v2] monitor.onchain_factory: PAIR_DETECTED source=uniswap_v2 dex=uniswap_v2 pair=0x82f949613a965058e202a1152d5e3575bdf4a0dd token0=0x4174c260e0df6f2cf37248ecb615069977eb39d2 token1=0x4200000000000000000000000000000000000006 block=42686085 factory=0x8909dc15e40173ff4699343b6eb8132c65e18ec6
2026-02-27 04:05:29,289 [INFO] [u_station_ab_night_autotune_v2] monitor.onchain_factory: ENRICH_RETRY token=0xfe2ffc4654a75aa1bfec60fdd24cf5baa4a96275 pair=0x34b27254fba3a9ef32ce09dcde7c41ea5afb7d32 attempt=1/2 delay=10s
2026-02-27 04:05:29,298 [INFO] [u_station_ab_night_autotune_v2] monitor.onchain_factory: ENRICH_RETRY token=0xb1acaa10963589491af6cc27e7afcb966ff52fd7 pair=0xbfa47f675f48585a9c6e491bfa6d7478e44c525f attempt=1/2 delay=10s
2026-02-27 04:05:29,761 [INFO] [u_station_ab_night_autotune_v2] monitor.onchain_factory: ENRICH_RETRY token=0x4174c260e0df6f2cf37248ecb615069977eb39d2 pair=0x82f949613a965058e202a1152d5e3575bdf4a0dd attempt=1/2 delay=10s
2026-02-27 04:05:39,833 [INFO] [u_station_ab_night_autotune_v2] __main__: WATCHLIST merged count=5
2026-02-27 04:05:39,834 [INFO] [u_station_ab_night_autotune_v2] trading.v2_runtime: V2_UNIVERSE in=6 dedup=6 out=6 target=6 novel_target=6 novel_out=1 repeat_dropped=0 symbol_dropped=0 surge_in=1 surge_target=1 surge_out=1
2026-02-27 04:05:39,835 [INFO] [u_station_ab_night_autotune_v2] __main__: V2_SOURCE_QOS_FILTER in=6 out=3 drops={'source_qos_cap': 3} caps={'unknown': 0, 'watchlist': 2}
2026-02-27 04:05:39,836 [INFO] [u_station_ab_night_autotune_v2] __main__: FILTER_FAIL token=cbBTC reason=source_qos_cap source=watchlist used=2/2
2026-02-27 04:05:39,837 [INFO] [u_station_ab_night_autotune_v2] __main__: FILTER_FAIL token=VIRTUAL reason=source_qos_cap source=watchlist used=2/2
2026-02-27 04:05:39,838 [INFO] [u_station_ab_night_autotune_v2] __main__: FILTER_FAIL token=AERO reason=source_qos_cap source=watchlist used=2/2
2026-02-27 04:05:39,838 [INFO] [u_station_ab_night_autotune_v2] __main__: FILTER_FAIL token=FLOW reason=safe_change_5m
2026-02-27 04:05:39,838 [INFO] [u_station_ab_night_autotune_v2] __main__: FILTER_PASS token=POOPCOIN tier=A score=95 mode=YELLOW risk=MEDIUM liq=520300 vol5m=9176
2026-02-27 04:05:39,841 [INFO] [u_station_ab_night_autotune_v2] __main__: FILTER_FAIL token=RAGE reason=score_min score=30 strict_min=48 soft_min=48 mode=YELLOW
2026-02-27 04:05:39,842 [INFO] [u_station_ab_night_autotune_v2] __main__: V2_QUALITY_GATE enabled=True regime=YELLOW in=1 out=1 core_out=1 explore_out=0 probe_out=0 quota=0 max_symbol_share=1.000 drop={} sources_used={'watchlist': 1}
2026-02-27 04:05:39,842 [INFO] [u_station_ab_night_autotune_v2] __main__: V2_ENTRY_ROUTE enabled=True regime=YELLOW in=1 out=1 core_out=1 explore_out=0 quota=0 allow_explore=True
2026-02-27 04:05:39,843 [INFO] [u_station_ab_night_autotune_v2] __main__: MARKET_REGIME mode=YELLOW reason=avg_cand=1.20 avg_cand_recent=1.20
2026-02-27 04:05:39,845 [INFO] [u_station_ab_night_autotune_v2] trading.auto_trader: AutoTrade skip token=POOPCOIN reason=blacklist detail=honeypot_guard:honeypot_api_status_404
2026-02-27 04:05:39,845 [INFO] [u_station_ab_night_autotune_v2] trading.auto_trader: AutoTrade batch mode=top_n candidates=1 eligible=1 selected=1 opened=0 pe=off burst_window=0
2026-02-27 04:05:39,847 [INFO] [u_station_ab_night_autotune_v2] __main__: Scanned 6 tokens | High quality: 2 | Alerts sent: 0 | Trade candidates: 1 | Quality out/core/explore/probe: 1/1/0/0 | Opened: 0 | Mode: local | Source: onchain+market | Policy: raw=OK/effective=OK(healthy | route=allow_all) | Regime: YELLOW(avg_cand=1.20) | Safety: checked=1 fail_closed=0 reasons=api_code_4029:1 | FiltersTop(session): source_qos_cap:14,score_min:12,safe_change_5m:5,safe_age:5 | Dedup: heavy_skip=0 override=0 | V2Budget: 1/280 | SourceQoS: enabled=1/in=6/out=3/dropped=3/active_cd=0/drops=source_qos_cap:3 | Ingest: q=0/oldest=0.0s/drop_old=0/dedup_skip=0/enq=0/drain=0 | Sources: dex_boosts:ok=1/fail=0/429=0/lim_wait=0/cd_wait=0/err=0.0%/avg=38ms; dexscreener:ok=12/fail=0/429=0/lim_wait=0/cd_wait=0/err=0.0%/avg=37ms; geckoterminal:ok=0/fail=0/429=0/lim_wait=0/cd_wait=0/err=0.0%/avg=0ms; onchain_enrich:ok=11/fail=0/429=0/lim_wait=0/cd_wait=0/err=0.0%/avg=93ms | Tasks: 3 | RSS: 0.0MB | CycleAvg: 38.79s
2026-02-27 04:05:44,121 [INFO] [u_station_ab_night_autotune_v2] monitor.onchain_factory: PAIR_DETECTED source=uniswap_v2 dex=uniswap_v2 pair=0x3a75fefcbaa0a8620ce39eee8045c75879866d0b token0=0x4200000000000000000000000000000000000006 token1=0xb31c6ca57846de7050cd7a173a921633ad955b82 block=42686089 factory=0x8909dc15e40173ff4699343b6eb8132c65e18ec6
2026-02-27 04:05:44,121 [INFO] [u_station_ab_night_autotune_v2] monitor.onchain_factory: PAIR_DETECTED source=uniswap_v2 dex=uniswap_v2 pair=0x4f2f4870c6be98353852a64184319681b95cf132 token0=0x4200000000000000000000000000000000000006 token1=0x5c47f6efefa177297d16948b89ec1c2ea3728c5a block=42686096 factory=0x8909dc15e40173ff4699343b6eb8132c65e18ec6
2026-02-27 04:05:44,314 [INFO] [u_station_ab_night_autotune_v2] monitor.onchain_factory: ENRICH_RETRY token=0xfe2ffc4654a75aa1bfec60fdd24cf5baa4a96275 pair=0x34b27254fba3a9ef32ce09dcde7c41ea5afb7d32 attempt=1/2 delay=10s
2026-02-27 04:05:44,375 [INFO] [u_station_ab_night_autotune_v2] monitor.onchain_factory: ENRICH_RETRY token=0x4174c260e0df6f2cf37248ecb615069977eb39d2 pair=0x82f949613a965058e202a1152d5e3575bdf4a0dd attempt=1/2 delay=10s
2026-02-27 04:05:44,569 [INFO] [u_station_ab_night_autotune_v2] monitor.onchain_factory: ENRICH_RETRY token=0xb31c6ca57846de7050cd7a173a921633ad955b82 pair=0x3a75fefcbaa0a8620ce39eee8045c75879866d0b attempt=1/2 delay=10s
2026-02-27 04:05:44,942 [INFO] [u_station_ab_night_autotune_v2] monitor.onchain_factory: ENRICH_RETRY token=0x5c47f6efefa177297d16948b89ec1c2ea3728c5a pair=0x4f2f4870c6be98353852a64184319681b95cf132 attempt=1/2 delay=10s
2026-02-27 04:05:55,014 [INFO] [u_station_ab_night_autotune_v2] __main__: WATCHLIST merged count=5
2026-02-27 04:05:55,015 [INFO] [u_station_ab_night_autotune_v2] trading.v2_runtime: V2_UNIVERSE in=6 dedup=6 out=6 target=6 novel_target=6 novel_out=1 repeat_dropped=0 symbol_dropped=0 surge_in=1 surge_target=1 surge_out=1
2026-02-27 04:05:55,015 [INFO] [u_station_ab_night_autotune_v2] __main__: V2_SOURCE_QOS_FILTER in=6 out=3 drops={'source_qos_cap': 3} caps={'unknown': 0, 'watchlist': 2}
2026-02-27 04:05:55,017 [INFO] [u_station_ab_night_autotune_v2] __main__: FILTER_FAIL token=cbBTC reason=source_qos_cap source=watchlist used=2/2
2026-02-27 04:05:55,018 [INFO] [u_station_ab_night_autotune_v2] __main__: FILTER_FAIL token=VIRTUAL reason=source_qos_cap source=watchlist used=2/2
2026-02-27 04:05:55,018 [INFO] [u_station_ab_night_autotune_v2] __main__: FILTER_FAIL token=AERO reason=source_qos_cap source=watchlist used=2/2
2026-02-27 04:05:55,019 [INFO] [u_station_ab_night_autotune_v2] __main__: FILTER_FAIL token=FLOW reason=safe_change_5m
2026-02-27 04:05:55,020 [INFO] [u_station_ab_night_autotune_v2] __main__: FILTER_PASS token=POOPCOIN tier=A score=95 mode=YELLOW risk=MEDIUM liq=520300 vol5m=9176
2026-02-27 04:05:55,021 [INFO] [u_station_ab_night_autotune_v2] __main__: FILTER_FAIL token=GALI reason=score_min score=30 strict_min=48 soft_min=48 mode=YELLOW
2026-02-27 04:05:55,022 [INFO] [u_station_ab_night_autotune_v2] __main__: V2_QUALITY_GATE enabled=True regime=YELLOW in=1 out=1 core_out=1 explore_out=0 probe_out=0 quota=0 max_symbol_share=1.000 drop={} sources_used={'watchlist': 1}
2026-02-27 04:05:55,022 [INFO] [u_station_ab_night_autotune_v2] __main__: V2_ENTRY_ROUTE enabled=True regime=YELLOW in=1 out=1 core_out=1 explore_out=0 quota=0 allow_explore=True
2026-02-27 04:05:55,023 [INFO] [u_station_ab_night_autotune_v2] __main__: MARKET_REGIME mode=YELLOW reason=avg_cand=1.17 avg_cand_recent=1.17
2026-02-27 04:05:55,024 [INFO] [u_station_ab_night_autotune_v2] trading.auto_trader: AutoTrade skip token=POOPCOIN reason=blacklist detail=honeypot_guard:honeypot_api_status_404
2026-02-27 04:05:55,025 [INFO] [u_station_ab_night_autotune_v2] trading.auto_trader: AutoTrade batch mode=top_n candidates=1 eligible=1 selected=1 opened=0 pe=off burst_window=0
2026-02-27 04:05:55,025 [INFO] [u_station_ab_night_autotune_v2] trading.auto_trader: PAPER_SUMMARY window=60s closed_delta=0 wins_delta=0 losses_delta=0 realized_delta=$0.00 total_closed=62 winrate_total=46.8% realized_total=$0.20 balance=$7.20 equity=$7.20 open=0
2026-02-27 04:05:55,026 [INFO] [u_station_ab_night_autotune_v2] __main__: Scanned 6 tokens | High quality: 2 | Alerts sent: 0 | Trade candidates: 1 | Quality out/core/explore/probe: 1/1/0/0 | Opened: 0 | Mode: local | Source: onchain+market | Policy: raw=OK/effective=OK(healthy | route=allow_all) | Regime: YELLOW(avg_cand=1.17) | Safety: checked=1 fail_closed=0 reasons=api_code_4029:1 | FiltersTop(session): source_qos_cap:17,score_min:13,safe_change_5m:6,safe_age:5 | Dedup: heavy_skip=0 override=0 | V2Budget: 1/280 | SourceQoS: enabled=1/in=6/out=3/dropped=3/active_cd=0/drops=source_qos_cap:3 | Ingest: q=5/oldest=1.8s/drop_old=0/dedup_skip=0/enq=5/drain=0 | Sources: dex_boosts:ok=1/fail=0/429=0/lim_wait=0/cd_wait=0/err=0.0%/avg=38ms; dexscreener:ok=12/fail=0/429=0/lim_wait=0/cd_wait=0/err=0.0%/avg=42ms; geckoterminal:ok=1/fail=0/429=0/lim_wait=0/cd_wait=0/err=0.0%/avg=298ms; onchain_enrich:ok=15/fail=0/429=0/lim_wait=0/cd_wait=0/err=0.0%/avg=106ms | Tasks: 3 | RSS: 0.0MB | CycleAvg: 33.24s
2026-02-27 04:05:59,306 [INFO] [u_station_ab_night_autotune_v2] monitor.onchain_factory: PAIR_DETECTED source=uniswap_v2 dex=uniswap_v2 pair=0x2c0824501b11f0a961f62c0c1d8b19656836fc0c token0=0x4200000000000000000000000000000000000006 token1=0x669644077686b3862c233677644d48bb35ac1436 block=42686103 factory=0x8909dc15e40173ff4699343b6eb8132c65e18ec6
2026-02-27 04:05:59,504 [INFO] [u_station_ab_night_autotune_v2] monitor.onchain_factory: ENRICH_RETRY token=0x4174c260e0df6f2cf37248ecb615069977eb39d2 pair=0x82f949613a965058e202a1152d5e3575bdf4a0dd attempt=1/2 delay=10s
2026-02-27 04:05:59,549 [INFO] [u_station_ab_night_autotune_v2] monitor.onchain_factory: ENRICH_RETRY token=0x5c47f6efefa177297d16948b89ec1c2ea3728c5a pair=0x4f2f4870c6be98353852a64184319681b95cf132 attempt=1/2 delay=10s
2026-02-27 04:05:59,550 [INFO] [u_station_ab_night_autotune_v2] monitor.onchain_factory: ENRICH_RETRY token=0xb31c6ca57846de7050cd7a173a921633ad955b82 pair=0x3a75fefcbaa0a8620ce39eee8045c75879866d0b attempt=1/2 delay=10s
2026-02-27 04:05:59,751 [INFO] [u_station_ab_night_autotune_v2] monitor.onchain_factory: ENRICH_RETRY token=0x669644077686b3862c233677644d48bb35ac1436 pair=0x2c0824501b11f0a961f62c0c1d8b19656836fc0c attempt=1/2 delay=10s
2026-02-27 04:06:09,828 [INFO] [u_station_ab_night_autotune_v2] __main__: WATCHLIST merged count=5
2026-02-27 04:06:09,829 [INFO] [u_station_ab_night_autotune_v2] trading.v2_runtime: V2_UNIVERSE in=11 dedup=11 out=11 target=11 novel_target=10 novel_out=5 repeat_dropped=0 symbol_dropped=0 surge_in=1 surge_target=1 surge_out=1
2026-02-27 04:06:09,829 [INFO] [u_station_ab_night_autotune_v2] __main__: V2_SOURCE_QOS_FILTER in=11 out=8 drops={'source_qos_cap': 3} caps={'geckoterminal': 287, 'unknown': 0, 'watchlist': 2}
2026-02-27 04:06:09,830 [INFO] [u_station_ab_night_autotune_v2] __main__: FILTER_FAIL token=cbBTC reason=source_qos_cap source=watchlist used=2/2
2026-02-27 04:06:09,831 [INFO] [u_station_ab_night_autotune_v2] __main__: FILTER_FAIL token=VIRTUAL reason=source_qos_cap source=watchlist used=2/2
2026-02-27 04:06:09,832 [INFO] [u_station_ab_night_autotune_v2] __main__: FILTER_FAIL token=AERO reason=source_qos_cap source=watchlist used=2/2
2026-02-27 04:06:09,833 [INFO] [u_station_ab_night_autotune_v2] __main__: FILTER_FAIL token=FLOW reason=safe_change_5m
2026-02-27 04:06:09,833 [INFO] [u_station_ab_night_autotune_v2] __main__: FILTER_PASS token=POOPCOIN tier=A score=95 mode=YELLOW risk=MEDIUM liq=520300 vol5m=9176
2026-02-27 04:06:09,834 [INFO] [u_station_ab_night_autotune_v2] __main__: FILTER_FAIL token=ZeroBot reason=safe_age
2026-02-27 04:06:09,835 [INFO] [u_station_ab_night_autotune_v2] __main__: FILTER_FAIL token=ZachXBT reason=safe_age
2026-02-27 04:06:09,836 [INFO] [u_station_ab_night_autotune_v2] __main__: FILTER_FAIL token=FEVR reason=score_min score=30 strict_min=48 soft_min=48 mode=YELLOW
2026-02-27 04:06:09,837 [INFO] [u_station_ab_night_autotune_v2] __main__: FILTER_FAIL token=$Pangolin reason=safe_volume vol5m=2 min=6 regime=YELLOW
2026-02-27 04:06:09,838 [INFO] [u_station_ab_night_autotune_v2] __main__: FILTER_FAIL token=CLAWDOG reason=safe_volume vol5m=0 min=6 regime=YELLOW
2026-02-27 04:06:09,839 [INFO] [u_station_ab_night_autotune_v2] __main__: FILTER_FAIL token=SAIRI reason=safe_volume vol5m=0 min=6 regime=YELLOW
2026-02-27 04:06:09,840 [INFO] [u_station_ab_night_autotune_v2] __main__: V2_QUALITY_GATE enabled=True regime=YELLOW in=1 out=1 core_out=1 explore_out=0 probe_out=0 quota=0 max_symbol_share=1.000 drop={} sources_used={'watchlist': 1}
2026-02-27 04:06:09,841 [INFO] [u_station_ab_night_autotune_v2] __main__: V2_ENTRY_ROUTE enabled=True regime=YELLOW in=1 out=1 core_out=1 explore_out=0 quota=0 allow_explore=True
2026-02-27 04:06:09,841 [INFO] [u_station_ab_night_autotune_v2] __main__: MARKET_REGIME mode=YELLOW reason=avg_cand=1.14 avg_cand_recent=1.14
2026-02-27 04:06:09,843 [INFO] [u_station_ab_night_autotune_v2] trading.auto_trader: AutoTrade skip token=POOPCOIN reason=blacklist detail=honeypot_guard:honeypot_api_status_404
2026-02-27 04:06:09,843 [INFO] [u_station_ab_night_autotune_v2] trading.auto_trader: AutoTrade batch mode=top_n candidates=1 eligible=1 selected=1 opened=0 pe=off burst_window=0
2026-02-27 04:06:09,844 [INFO] [u_station_ab_night_autotune_v2] __main__: Scanned 11 tokens | High quality: 2 | Alerts sent: 0 | Trade candidates: 1 | Quality out/core/explore/probe: 1/1/0/0 | Opened: 0 | Mode: local | Source: onchain+market | Policy: raw=OK/effective=OK(healthy | route=allow_all) | Regime: YELLOW(avg_cand=1.14) | Safety: checked=1 fail_closed=0 reasons=api_code_4029:1 | FiltersTop(session): source_qos_cap:20,score_min:14,safe_change_5m:7,safe_age:7 | Dedup: heavy_skip=0 override=0 | V2Budget: 1/280 | SourceQoS: enabled=1/in=11/out=8/dropped=3/active_cd=0/drops=source_qos_cap:3 | Ingest: q=0/oldest=0.0s/drop_old=0/dedup_skip=0/enq=0/drain=5 | Sources: dex_boosts:ok=1/fail=0/429=0/lim_wait=0/cd_wait=0/err=0.0%/avg=127ms; dexscreener:ok=12/fail=0/429=0/lim_wait=0/cd_wait=0/err=0.0%/avg=248ms; geckoterminal:ok=0/fail=0/429=0/lim_wait=0/cd_wait=0/err=0.0%/avg=0ms; onchain_enrich:ok=15/fail=0/429=0/lim_wait=0/cd_wait=0/err=0.0%/avg=68ms; onchain_weth_price:ok=2/fail=0/429=0/lim_wait=0/cd_wait=0/err=0.0%/avg=54ms | Tasks: 3 | RSS: 0.0MB | CycleAvg: 29.56s
2026-02-27 04:06:14,126 [INFO] [u_station_ab_night_autotune_v2] monitor.onchain_factory: PAIR_DETECTED source=uniswap_v2 dex=uniswap_v2 pair=0x4b6d32f437c4abcf9ca62404bb003b29c6d58d02 token0=0x4200000000000000000000000000000000000006 token1=0xf47d4f21a8b7414c6af86dd9e9ef8157fd6d4098 block=42686106 factory=0x8909dc15e40173ff4699343b6eb8132c65e18ec6
2026-02-27 04:06:14,332 [INFO] [u_station_ab_night_autotune_v2] monitor.onchain_factory: ENRICH_RETRY token=0x5c47f6efefa177297d16948b89ec1c2ea3728c5a pair=0x4f2f4870c6be98353852a64184319681b95cf132 attempt=1/2 delay=10s
2026-02-27 04:06:14,344 [INFO] [u_station_ab_night_autotune_v2] monitor.onchain_factory: ENRICH_RETRY token=0x669644077686b3862c233677644d48bb35ac1436 pair=0x2c0824501b11f0a961f62c0c1d8b19656836fc0c attempt=1/2 delay=10s
2026-02-27 04:06:14,351 [INFO] [u_station_ab_night_autotune_v2] monitor.onchain_factory: ENRICH_RETRY token=0xb31c6ca57846de7050cd7a173a921633ad955b82 pair=0x3a75fefcbaa0a8620ce39eee8045c75879866d0b attempt=1/2 delay=10s
2026-02-27 04:06:14,759 [INFO] [u_station_ab_night_autotune_v2] monitor.onchain_factory: ENRICH_RETRY token=0xf47d4f21a8b7414c6af86dd9e9ef8157fd6d4098 pair=0x4b6d32f437c4abcf9ca62404bb003b29c6d58d02 attempt=1/2 delay=10s
2026-02-27 04:06:24,833 [INFO] [u_station_ab_night_autotune_v2] __main__: WATCHLIST merged count=5
2026-02-27 04:06:24,834 [INFO] [u_station_ab_night_autotune_v2] trading.v2_runtime: V2_UNIVERSE in=7 dedup=7 out=7 target=7 novel_target=6 novel_out=2 repeat_dropped=0 symbol_dropped=0 surge_in=1 surge_target=1 surge_out=1
2026-02-27 04:06:24,834 [INFO] [u_station_ab_night_autotune_v2] __main__: V2_SOURCE_QOS_FILTER in=7 out=4 drops={'source_qos_cap': 3} caps={'unknown': 0, 'watchlist': 2}
2026-02-27 04:06:24,836 [INFO] [u_station_ab_night_autotune_v2] __main__: FILTER_FAIL token=cbBTC reason=source_qos_cap source=watchlist used=2/2
2026-02-27 04:06:24,837 [INFO] [u_station_ab_night_autotune_v2] __main__: FILTER_FAIL token=VIRTUAL reason=source_qos_cap source=watchlist used=2/2
2026-02-27 04:06:24,838 [INFO] [u_station_ab_night_autotune_v2] __main__: FILTER_FAIL token=AERO reason=source_qos_cap source=watchlist used=2/2
2026-02-27 04:06:24,839 [INFO] [u_station_ab_night_autotune_v2] __main__: FILTER_FAIL token=FLOW reason=safe_change_5m
2026-02-27 04:06:24,839 [INFO] [u_station_ab_night_autotune_v2] __main__: FILTER_PASS token=POOPCOIN tier=A score=95 mode=YELLOW risk=MEDIUM liq=520300 vol5m=9176
2026-02-27 04:06:24,840 [INFO] [u_station_ab_night_autotune_v2] __main__: FILTER_FAIL token=ATVPTMAX reason=score_min score=30 strict_min=48 soft_min=48 mode=YELLOW
2026-02-27 04:06:24,842 [INFO] [u_station_ab_night_autotune_v2] __main__: FILTER_FAIL token=EDGEN reason=score_min score=30 strict_min=48 soft_min=48 mode=YELLOW
2026-02-27 04:06:24,843 [INFO] [u_station_ab_night_autotune_v2] __main__: V2_QUALITY_GATE enabled=True regime=YELLOW in=1 out=1 core_out=1 explore_out=0 probe_out=0 quota=0 max_symbol_share=1.000 drop={} sources_used={'watchlist': 1}
2026-02-27 04:06:24,843 [INFO] [u_station_ab_night_autotune_v2] __main__: V2_ENTRY_ROUTE enabled=True regime=YELLOW in=1 out=1 core_out=1 explore_out=0 quota=0 allow_explore=True
2026-02-27 04:06:24,844 [INFO] [u_station_ab_night_autotune_v2] __main__: MARKET_REGIME mode=YELLOW reason=avg_cand=1.12 avg_cand_recent=1.12
2026-02-27 04:06:24,845 [INFO] [u_station_ab_night_autotune_v2] trading.auto_trader: AutoTrade skip token=POOPCOIN reason=blacklist detail=honeypot_guard:honeypot_api_status_404
2026-02-27 04:06:24,846 [INFO] [u_station_ab_night_autotune_v2] trading.auto_trader: AutoTrade batch mode=top_n candidates=1 eligible=1 selected=1 opened=0 pe=off burst_window=0
2026-02-27 04:06:24,847 [INFO] [u_station_ab_night_autotune_v2] __main__: Scanned 7 tokens | High quality: 2 | Alerts sent: 0 | Trade candidates: 1 | Quality out/core/explore/probe: 1/1/0/0 | Opened: 0 | Mode: local | Source: onchain+market | Policy: raw=OK/effective=OK(healthy | route=allow_all) | Regime: YELLOW(avg_cand=1.12) | Safety: checked=1 fail_closed=0 reasons=api_code_4029:1 | FiltersTop(session): source_qos_cap:23,score_min:16,safe_change_5m:8,safe_age:7 | Dedup: heavy_skip=0 override=0 | V2Budget: 1/280 | SourceQoS: enabled=1/in=7/out=4/dropped=3/active_cd=0/drops=source_qos_cap:3 | Ingest: q=0/oldest=0.0s/drop_old=0/dedup_skip=0/enq=0/drain=0 | Sources: dex_boosts:ok=1/fail=0/429=0/lim_wait=0/cd_wait=0/err=0.0%/avg=40ms; dexscreener:ok=12/fail=0/429=0/lim_wait=0/cd_wait=0/err=0.0%/avg=38ms; geckoterminal:ok=0/fail=0/429=0/lim_wait=0/cd_wait=0/err=0.0%/avg=0ms; onchain_enrich:ok=14/fail=0/429=0/lim_wait=0/cd_wait=0/err=0.0%/avg=75ms | Tasks: 3 | RSS: 0.0MB | CycleAvg: 26.88s
