2026-02-27 04:02:17,553 [INFO] [u_station_ab_night_autotune_v2] __main__: SESSION_LOG file=logs/matrix/u_station_ab_night_autotune_v2\sessions\main_local_20260227_030217_pid10188.log
2026-02-27 04:02:17,578 [INFO] [u_station_ab_night_autotune_v2] trading.auto_trader_state: AutoTrade state loaded open=0 closed=62 balance=$7.20
2026-02-27 04:02:17,587 [WARNING] [u_station_ab_night_autotune_v2] trading.auto_trader: DATA_POLICY mode=OK reason=init_reset_manual prev_mode=OK prev_reason=healthy | route=allow_all
2026-02-27 04:02:17,588 [INFO] [u_station_ab_night_autotune_v2] __main__: AUTOTRADER_INIT state=ready reason=manual mode=paper
2026-02-27 04:02:17,589 [INFO] [u_station_ab_night_autotune_v2] __main__: Local mode started (Telegram disabled).
2026-02-27 04:02:18,103 [INFO] [u_station_ab_night_autotune_v2] monitor.onchain_factory: PAIR_DETECTED source=uniswap_v2 dex=uniswap_v2 pair=0xf16cdeec7351800293ed08f7006bd69d3b2f56df token0=0x4200000000000000000000000000000000000006 token1=0x82b350605fa436bc4d89a2b6ae43130db25fd7c0 block=42685983 factory=0x8909dc15e40173ff4699343b6eb8132c65e18ec6
2026-02-27 04:02:18,103 [INFO] [u_station_ab_night_autotune_v2] monitor.onchain_factory: PAIR_DETECTED source=uniswap_v2 dex=uniswap_v2 pair=0x61be5f72aef2db61aa3e15e1f7dcf68e5cf1561e token0=0x32c3d452d1b22cf36d950a3af1b45e38767f2680 token1=0x4200000000000000000000000000000000000006 block=42685992 factory=0x8909dc15e40173ff4699343b6eb8132c65e18ec6
2026-02-27 04:02:18,639 [INFO] [u_station_ab_night_autotune_v2] monitor.onchain_factory: ENRICH_RETRY token=0x82b350605fa436bc4d89a2b6ae43130db25fd7c0 pair=0xf16cdeec7351800293ed08f7006bd69d3b2f56df attempt=1/2 delay=10s
2026-02-27 04:02:18,814 [INFO] [u_station_ab_night_autotune_v2] monitor.onchain_factory: ENRICH_RETRY token=0x32c3d452d1b22cf36d950a3af1b45e38767f2680 pair=0x61be5f72aef2db61aa3e15e1f7dcf68e5cf1561e attempt=1/2 delay=10s
2026-02-27 04:02:30,507 [INFO] [u_station_ab_night_autotune_v2] __main__: WATCHLIST merged count=7
2026-02-27 04:02:30,508 [INFO] [u_station_ab_night_autotune_v2] trading.v2_runtime: V2_UNIVERSE in=13 dedup=13 out=13 target=13 novel_target=12 novel_out=13 repeat_dropped=0 symbol_dropped=0 surge_in=3 surge_target=3 surge_out=3
2026-02-27 04:02:30,508 [INFO] [u_station_ab_night_autotune_v2] __main__: V2_SOURCE_QOS_FILTER in=13 out=8 drops={'source_qos_cap': 5} caps={'geckoterminal': 287, 'watchlist': 2}
2026-02-27 04:02:30,509 [INFO] [u_station_ab_night_autotune_v2] __main__: FILTER_FAIL token=cbBTC reason=source_qos_cap source=watchlist used=2/2
2026-02-27 04:02:30,510 [INFO] [u_station_ab_night_autotune_v2] __main__: FILTER_FAIL token=SAIRI reason=source_qos_cap source=watchlist used=2/2
2026-02-27 04:02:30,511 [INFO] [u_station_ab_night_autotune_v2] __main__: FILTER_FAIL token=JUNO reason=source_qos_cap source=watchlist used=2/2
2026-02-27 04:02:30,512 [INFO] [u_station_ab_night_autotune_v2] __main__: FILTER_FAIL token=VIRTUAL reason=source_qos_cap source=watchlist used=2/2
2026-02-27 04:02:30,513 [INFO] [u_station_ab_night_autotune_v2] __main__: FILTER_FAIL token=AERO reason=source_qos_cap source=watchlist used=2/2
2026-02-27 04:02:30,513 [INFO] [u_station_ab_night_autotune_v2] __main__: FILTER_FAIL token=Butthole reason=safe_change_5m
2026-02-27 04:02:30,514 [INFO] [u_station_ab_night_autotune_v2] __main__: FILTER_FAIL token=SAIRI reason=safe_change_5m
2026-02-27 04:02:30,515 [INFO] [u_station_ab_night_autotune_v2] __main__: FILTER_FAIL token=ROTI reason=safe_contract
2026-02-27 04:02:30,516 [INFO] [u_station_ab_night_autotune_v2] __main__: FILTER_PASS token=FLOW tier=A score=100 mode=YELLOW risk=MEDIUM liq=159633 vol5m=14962
2026-02-27 04:02:30,517 [INFO] [u_station_ab_night_autotune_v2] __main__: FILTER_PASS token=POOPCOIN tier=A score=95 mode=YELLOW risk=MEDIUM liq=519986 vol5m=6397
2026-02-27 04:02:30,518 [INFO] [u_station_ab_night_autotune_v2] __main__: FILTER_PASS token=$PENG tier=A score=60 mode=YELLOW risk=MEDIUM liq=45554 vol5m=1487
2026-02-27 04:02:30,520 [INFO] [u_station_ab_night_autotune_v2] monitor.local_alerter: Local alert token=$PENG address=0x883cd1c6c1ed23b7e2a0f4e587c6ba3b6862f2d1 score=60 reco=HOLD risk=MEDIUM warnings=0 liq=45554 vol5m=1487
2026-02-27 04:02:30,521 [INFO] [u_station_ab_night_autotune_v2] __main__: FILTER_PASS token=agents tier=A score=60 mode=YELLOW risk=MEDIUM liq=20660 vol5m=608
2026-02-27 04:02:30,522 [INFO] [u_station_ab_night_autotune_v2] monitor.local_alerter: Local alert token=agents address=0xab989ac45e51c3f718cbd7e7287469d9c55e5ba3 score=60 reco=HOLD risk=MEDIUM warnings=0 liq=20660 vol5m=608
2026-02-27 04:02:30,522 [INFO] [u_station_ab_night_autotune_v2] __main__: FILTER_PASS token=Nikita tier=A score=50 mode=YELLOW risk=MEDIUM liq=19884 vol5m=441
2026-02-27 04:02:30,522 [INFO] [u_station_ab_night_autotune_v2] monitor.local_alerter: Local alert token=Nikita address=0x4f69d080dfa557e4e610f1ca1e544ee087b25ba3 score=50 reco=HOLD risk=MEDIUM warnings=0 liq=19884 vol5m=441
2026-02-27 04:02:30,522 [INFO] [u_station_ab_night_autotune_v2] trading.v2_runtime: V2_QUALITY_ROTATE symbols_core=1 symbols_cooldown=0 sources=1 top_core=JUNO:0.0126/12 top_cooldown=-
2026-02-27 04:02:30,522 [INFO] [u_station_ab_night_autotune_v2] __main__: V2_QUALITY_GATE enabled=True regime=YELLOW in=5 out=5 core_out=2 explore_out=3 probe_out=0 quota=3 max_symbol_share=0.200 drop={} sources_used={'watchlist': 2, 'geckoterminal': 3}
2026-02-27 04:02:30,522 [INFO] [u_station_ab_night_autotune_v2] __main__: V2_ENTRY_ROUTE enabled=True regime=YELLOW in=5 out=5 core_out=2 explore_out=3 quota=3 allow_explore=True
2026-02-27 04:02:30,522 [WARNING] [u_station_ab_night_autotune_v2] trading.auto_trader: DATA_POLICY mode=OK reason=healthy | route=allow_all prev_mode=OK prev_reason=init_reset_manual
2026-02-27 04:02:30,522 [INFO] [u_station_ab_night_autotune_v2] __main__: MARKET_REGIME mode=YELLOW reason=hysteresis_recover_wait 1/4 raw=GREEN avg_cand_recent=5.00
2026-02-27 04:02:30,522 [INFO] [u_station_ab_night_autotune_v2] trading.auto_trader: AutoTrade skip token=FLOW reason=blacklist detail=honeypot_guard:is_honeypot,flag:high_fail_rate,sell_tax>5.0%(100.0%)
2026-02-27 04:02:30,522 [INFO] [u_station_ab_night_autotune_v2] trading.auto_trader: AutoTrade skip token=POOPCOIN reason=blacklist detail=honeypot_guard:honeypot_api_status_404
2026-02-27 04:02:30,522 [INFO] [u_station_ab_night_autotune_v2] trading.auto_trader: AutoTrade batch mode=top_n candidates=5 eligible=2 selected=2 opened=0 pe=off burst_window=0
2026-02-27 04:02:30,522 [INFO] [u_station_ab_night_autotune_v2] __main__: FILTER_THRESHOLDS safe_volume_5m_min=$5 safe_liquidity_min=$8000 safe_age_min=240s score_min=48 edge_min=0.05% lock_floor=0.95 no_momentum_max_pnl=0.25 weakness_pnl=-2.60
2026-02-27 04:02:30,538 [INFO] [u_station_ab_night_autotune_v2] __main__: Scanned 13 tokens | High quality: 5 | Alerts sent: 3 | Trade candidates: 5 | Quality out/core/explore/probe: 5/2/3/0 | Opened: 0 | Mode: local | Source: onchain+market | Policy: raw=OK/effective=OK(healthy | route=allow_all) | Regime: YELLOW(hysteresis_recover_wait 1/4 raw=GREEN) | Safety: checked=6 fail_closed=0 reasons=api_code_4029:6 | FiltersTop(session): source_qos_cap:5,safe_change_5m:2,safe_contract:1 | Dedup: heavy_skip=0 override=0 | V2Budget: 6/280 | SourceQoS: enabled=1/in=13/out=8/dropped=5/active_cd=0/drops=source_qos_cap:5 | Ingest: q=0/oldest=0.0s/drop_old=0/dedup_skip=0/enq=6/drain=6 | Sources: dex_boosts:ok=1/fail=0/429=0/lim_wait=0/cd_wait=0/err=0.0%/avg=203ms; dexscreener:ok=12/fail=0/429=0/lim_wait=0/cd_wait=0/err=0.0%/avg=194ms; geckoterminal:ok=2/fail=0/429=0/lim_wait=0/cd_wait=0/err=0.0%/avg=63ms; onchain_enrich:ok=8/fail=0/429=0/lim_wait=0/cd_wait=0/err=0.0%/avg=138ms; onchain_weth_price:ok=1/fail=0/429=0/lim_wait=0/cd_wait=0/err=0.0%/avg=33ms; watchlist_dex:ok=10/fail=0/429=0/lim_wait=0/cd_wait=0/err=0.0%/avg=90ms; watchlist_gecko:ok=6/fail=0/429=0/lim_wait=0/cd_wait=0/err=0.0%/avg=597ms | Tasks: 3 | RSS: 0.0MB | CycleAvg: 0.00s
