2026-02-27 10:13:34,453 [INFO] [u_station_ab_night_autotune_v2] __main__: SESSION_LOG file=logs/matrix/u_station_ab_night_autotune_v2\sessions\main_local_20260227_091334_pid16424.log
2026-02-27 10:13:34,469 [INFO] [u_station_ab_night_autotune_v2] trading.auto_trader_state: AutoTrade state loaded open=0 closed=90 balance=$7.35
2026-02-27 10:13:34,489 [WARNING] [u_station_ab_night_autotune_v2] trading.auto_trader: DATA_POLICY mode=OK reason=init_reset_manual prev_mode=OK prev_reason=healthy | route=allow_all
2026-02-27 10:13:34,489 [INFO] [u_station_ab_night_autotune_v2] __main__: AUTOTRADER_INIT state=ready reason=manual mode=paper
2026-02-27 10:13:34,491 [INFO] [u_station_ab_night_autotune_v2] __main__: Local mode started (Telegram disabled).
2026-02-27 10:13:34,903 [INFO] [u_station_ab_night_autotune_v2] monitor.onchain_factory: PAIR_DETECTED source=uniswap_v2 dex=uniswap_v2 pair=0x9fe3fe63d77996ffc1de4f4fab279a6f3f15a3ca token0=0x3beb150712e7ad08f0a72de9e9565cae93bbab07 token1=0x4200000000000000000000000000000000000006 block=42697047 factory=0x8909dc15e40173ff4699343b6eb8132c65e18ec6
2026-02-27 10:13:34,903 [INFO] [u_station_ab_night_autotune_v2] monitor.onchain_factory: PAIR_DETECTED source=uniswap_v2 dex=uniswap_v2 pair=0x69c276d095c56edec857a08cd44046e2c7ff0003 token0=0x4200000000000000000000000000000000000006 token1=0xd024417d436426470249be4e57c1d807180beb07 block=42697051 factory=0x8909dc15e40173ff4699343b6eb8132c65e18ec6
2026-02-27 10:13:34,903 [INFO] [u_station_ab_night_autotune_v2] monitor.onchain_factory: PAIR_DETECTED source=uniswap_v2 dex=uniswap_v2 pair=0x3d512d5f2bd30b5a58b187c8187609830dd60759 token0=0x35347c5492921455c996ab10d0f2cabf27921b07 token1=0x4200000000000000000000000000000000000006 block=42697069 factory=0x8909dc15e40173ff4699343b6eb8132c65e18ec6
2026-02-27 10:13:34,903 [INFO] [u_station_ab_night_autotune_v2] monitor.onchain_factory: PAIR_DETECTED source=uniswap_v2 dex=uniswap_v2 pair=0xeaf270856ac7e7548e02df362f317f09850d00b4 token0=0x176b64b01e55611ef3c9de52ea06f4459a5bbb07 token1=0x4200000000000000000000000000000000000006 block=42697078 factory=0x8909dc15e40173ff4699343b6eb8132c65e18ec6
2026-02-27 10:13:34,903 [INFO] [u_station_ab_night_autotune_v2] monitor.onchain_factory: PAIR_DETECTED source=uniswap_v2 dex=uniswap_v2 pair=0xb48ecc0016499053dc60bad18bfd11c709b996f7 token0=0x4200000000000000000000000000000000000006 token1=0x51003a54c00b0d8fd8e7c06fc2d838e89b59ab07 block=42697080 factory=0x8909dc15e40173ff4699343b6eb8132c65e18ec6
2026-02-27 10:13:34,903 [INFO] [u_station_ab_night_autotune_v2] monitor.onchain_factory: PAIR_DETECTED source=uniswap_v2 dex=uniswap_v2 pair=0xb2af44108cbbe8b31344ced9780f2980a4ce47d2 token0=0x4200000000000000000000000000000000000006 token1=0x8a4abfbcc7642919a9e446a14cff1aab016bb80d block=42697082 factory=0x8909dc15e40173ff4699343b6eb8132c65e18ec6
2026-02-27 10:13:34,903 [INFO] [u_station_ab_night_autotune_v2] monitor.onchain_factory: PAIR_DETECTED source=uniswap_v2 dex=uniswap_v2 pair=0x20c92aa19dda6a31001f4d06145a5aacfc0f113a token0=0x4200000000000000000000000000000000000006 token1=0x7d31650940496aae6e52a5aa00a00d7071048ccd block=42697092 factory=0x8909dc15e40173ff4699343b6eb8132c65e18ec6
2026-02-27 10:13:34,903 [INFO] [u_station_ab_night_autotune_v2] monitor.onchain_factory: PAIR_DETECTED source=uniswap_v2 dex=uniswap_v2 pair=0x31df73af2f331d4398ba45a2f42079cb6b0f62ca token0=0x4200000000000000000000000000000000000006 token1=0xa84771ab61fb4d16af632ad398cee993b509eb07 block=42697098 factory=0x8909dc15e40173ff4699343b6eb8132c65e18ec6
2026-02-27 10:13:34,903 [INFO] [u_station_ab_night_autotune_v2] monitor.onchain_factory: PAIR_DETECTED source=uniswap_v2 dex=uniswap_v2 pair=0x7857cd57323ecbf13d64fe448daf1e1f2dac38d0 token0=0x4200000000000000000000000000000000000006 token1=0xa6690cafbf278e3f26420f073dc3bb1172c5ab07 block=42697111 factory=0x8909dc15e40173ff4699343b6eb8132c65e18ec6
2026-02-27 10:13:34,918 [INFO] [u_station_ab_night_autotune_v2] monitor.onchain_factory: PAIR_DETECTED source=uniswap_v2 dex=uniswap_v2 pair=0x3801f3c47b330cf2160cb7770814954ed6d5df2d token0=0x30f999b0a1f7f2e644a3feff4255746e34b9eb07 token1=0x4200000000000000000000000000000000000006 block=42697130 factory=0x8909dc15e40173ff4699343b6eb8132c65e18ec6
2026-02-27 10:13:34,919 [INFO] [u_station_ab_night_autotune_v2] monitor.onchain_factory: PAIR_DETECTED source=uniswap_v2 dex=uniswap_v2 pair=0xe4654f35b6e9d89c716f01b80680264dca3944c5 token0=0x4200000000000000000000000000000000000006 token1=0x99be5379d4ac61f0c7321c7b58ef0b8a57aaaba3 block=42697131 factory=0x8909dc15e40173ff4699343b6eb8132c65e18ec6
2026-02-27 10:13:35,473 [INFO] [u_station_ab_night_autotune_v2] monitor.onchain_factory: ENRICH_RETRY token=0x30f999b0a1f7f2e644a3feff4255746e34b9eb07 pair=0x3801f3c47b330cf2160cb7770814954ed6d5df2d attempt=1/2 delay=10s
2026-02-27 10:13:35,489 [INFO] [u_station_ab_night_autotune_v2] monitor.onchain_factory: ENRICH_RETRY token=0x7d31650940496aae6e52a5aa00a00d7071048ccd pair=0x20c92aa19dda6a31001f4d06145a5aacfc0f113a attempt=1/2 delay=10s
2026-02-27 10:13:35,689 [INFO] [u_station_ab_night_autotune_v2] monitor.onchain_factory: ENRICH_RETRY token=0x99be5379d4ac61f0c7321c7b58ef0b8a57aaaba3 pair=0xe4654f35b6e9d89c716f01b80680264dca3944c5 attempt=1/2 delay=10s
2026-02-27 10:13:47,253 [INFO] [u_station_ab_night_autotune_v2] __main__: WATCHLIST merged count=3
2026-02-27 10:13:47,253 [INFO] [u_station_ab_night_autotune_v2] trading.v2_runtime: V2_UNIVERSE in=15 dedup=15 out=15 target=15 novel_target=13 novel_out=15 repeat_dropped=0 symbol_dropped=0 surge_in=4 surge_target=4 surge_out=4
2026-02-27 10:13:47,253 [INFO] [u_station_ab_night_autotune_v2] __main__: V2_SOURCE_QOS_FILTER in=15 out=11 drops={'source_qos_cap': 1, 'source_qos_symbol_cap': 3} caps={'geckoterminal': 287, 'unknown': 0, 'watchlist': 2}
2026-02-27 10:13:47,253 [INFO] [u_station_ab_night_autotune_v2] __main__: FILTER_FAIL token=AERO reason=source_qos_cap source=watchlist used=2/2
2026-02-27 10:13:47,253 [INFO] [u_station_ab_night_autotune_v2] __main__: FILTER_FAIL token=PEWBOT reason=source_qos_symbol_cap symbol=PEWBOT used=1/1
2026-02-27 10:13:47,253 [INFO] [u_station_ab_night_autotune_v2] __main__: FILTER_FAIL token=PEWBOT reason=source_qos_symbol_cap symbol=PEWBOT used=1/1
2026-02-27 10:13:47,253 [INFO] [u_station_ab_night_autotune_v2] __main__: FILTER_FAIL token=PEWBOT reason=source_qos_symbol_cap symbol=PEWBOT used=1/1
2026-02-27 10:13:47,268 [INFO] [u_station_ab_night_autotune_v2] __main__: FILTER_FAIL token=KellyClaud reason=safe_change_5m
2026-02-27 10:13:47,269 [INFO] [u_station_ab_night_autotune_v2] __main__: FILTER_FAIL token=MOIN reason=safe_change_5m
2026-02-27 10:13:47,269 [INFO] [u_station_ab_night_autotune_v2] __main__: FILTER_FAIL token=PEWDS reason=safe_age
2026-02-27 10:13:47,269 [INFO] [u_station_ab_night_autotune_v2] __main__: FILTER_PASS token=cbBTC tier=A score=100 mode=YELLOW risk=MEDIUM liq=21643284 vol5m=64303
2026-02-27 10:13:47,269 [INFO] [u_station_ab_night_autotune_v2] __main__: FILTER_FAIL token=INTEL reason=safe_age
2026-02-27 10:13:47,269 [INFO] [u_station_ab_night_autotune_v2] __main__: FILTER_FAIL token=PEWBOT reason=safe_age
2026-02-27 10:13:47,269 [INFO] [u_station_ab_night_autotune_v2] __main__: FILTER_PASS token=VIRTUAL tier=A score=95 mode=YELLOW risk=MEDIUM liq=7769252 vol5m=7747
2026-02-27 10:13:47,269 [INFO] [u_station_ab_night_autotune_v2] __main__: FILTER_FAIL token=FT reason=safe_contract
2026-02-27 10:13:47,269 [INFO] [u_station_ab_night_autotune_v2] __main__: FILTER_FAIL token=TROLL reason=score_min score=20 strict_min=48 soft_min=48 mode=YELLOW
2026-02-27 10:13:47,269 [INFO] [u_station_ab_night_autotune_v2] __main__: FILTER_FAIL token=苏锦崽 reason=safe_volume vol5m=0 min=6 regime=YELLOW
2026-02-27 10:13:47,269 [INFO] [u_station_ab_night_autotune_v2] __main__: FILTER_FAIL token=ORB reason=score_min score=40 strict_min=48 soft_min=48 mode=YELLOW
2026-02-27 10:13:47,269 [INFO] [u_station_ab_night_autotune_v2] trading.v2_runtime: V2_QUALITY_ROTATE symbols_core=0 symbols_cooldown=0 sources=2 top_core=- top_cooldown=-
2026-02-27 10:13:47,269 [INFO] [u_station_ab_night_autotune_v2] __main__: V2_QUALITY_GATE enabled=True regime=YELLOW in=2 out=2 core_out=1 explore_out=1 probe_out=0 quota=1 max_symbol_share=0.500 drop={} sources_used={'watchlist': 2}
2026-02-27 10:13:47,269 [INFO] [u_station_ab_night_autotune_v2] __main__: V2_ENTRY_ROUTE enabled=True regime=YELLOW in=2 out=2 core_out=1 explore_out=1 quota=1 allow_explore=True
2026-02-27 10:13:47,269 [WARNING] [u_station_ab_night_autotune_v2] trading.auto_trader: DATA_POLICY mode=OK reason=healthy | route=allow_all prev_mode=OK prev_reason=init_reset_manual
2026-02-27 10:13:47,269 [INFO] [u_station_ab_night_autotune_v2] __main__: MARKET_REGIME mode=YELLOW reason=avg_cand=2.00 avg_cand_recent=2.00
2026-02-27 10:13:47,269 [INFO] [u_station_ab_night_autotune_v2] trading.auto_trader: AutoTrade skip token=cbBTC reason=disabled_or_limits detail=max_tx_per_day 180/180
2026-02-27 10:13:47,269 [INFO] [u_station_ab_night_autotune_v2] trading.auto_trader: AutoTrade skip token=VIRTUAL reason=disabled_or_limits detail=max_tx_per_day 180/180
2026-02-27 10:13:47,269 [INFO] [u_station_ab_night_autotune_v2] trading.auto_trader: AutoTrade batch mode=top_n candidates=2 eligible=2 selected=2 opened=0 pe=off burst_window=0
2026-02-27 10:13:47,269 [INFO] [u_station_ab_night_autotune_v2] __main__: FILTER_THRESHOLDS safe_volume_5m_min=$5 safe_liquidity_min=$8000 safe_age_min=240s score_min=48 edge_min=0.05% lock_floor=0.95 no_momentum_max_pnl=0.25 weakness_pnl=-2.60
2026-02-27 10:13:47,269 [INFO] [u_station_ab_night_autotune_v2] __main__: Scanned 15 tokens | High quality: 4 | Alerts sent: 0 | Trade candidates: 2 | Quality out/core/explore/probe: 2/1/1/0 | Opened: 0 | Mode: local | Source: onchain+market | Policy: raw=OK/effective=OK(healthy | route=allow_all) | Regime: YELLOW(avg_cand=2.00) | Safety: checked=3 fail_closed=0 reasons=api_code_4029:3 | FiltersTop(session): source_qos_symbol_cap:3,safe_age:3,safe_change_5m:2,score_min:2 | Dedup: heavy_skip=0 override=0 | V2Budget: 3/280 | SourceQoS: enabled=1/in=15/out=11/dropped=4/active_cd=0/drops=source_qos_symbol_cap:3,source_qos_cap:1 | Ingest: q=0/oldest=0.0s/drop_old=0/dedup_skip=0/enq=8/drain=8 | Sources: dex_boosts:ok=1/fail=0/429=0/lim_wait=0/cd_wait=0/err=0.0%/avg=119ms; dexscreener:ok=10/fail=0/429=0/lim_wait=0/cd_wait=0/err=0.0%/avg=241ms; geckoterminal:ok=2/fail=0/429=0/lim_wait=0/cd_wait=0/err=0.0%/avg=101ms; onchain_enrich:ok=20/fail=0/429=0/lim_wait=0/cd_wait=0/err=0.0%/avg=116ms; onchain_weth_price:ok=2/fail=0/429=0/lim_wait=0/cd_wait=0/err=0.0%/avg=74ms; watchlist_dex:ok=10/fail=0/429=0/lim_wait=0/cd_wait=0/err=0.0%/avg=163ms; watchlist_gecko:ok=6/fail=0/429=0/lim_wait=0/cd_wait=0/err=0.0%/avg=567ms | Tasks: 3 | RSS: 0.0MB | CycleAvg: 0.00s
2026-02-27 10:13:51,588 [INFO] [u_station_ab_night_autotune_v2] monitor.onchain_factory: PAIR_DETECTED source=uniswap_v2 dex=uniswap_v2 pair=0xd10b97f8727ec38edb57663075c842e150967405 token0=0x1c13b81418bd3aa19358a4f8a5987769630a58cf token1=0x4200000000000000000000000000000000000006 block=42697133 factory=0x8909dc15e40173ff4699343b6eb8132c65e18ec6
2026-02-27 10:13:51,588 [INFO] [u_station_ab_night_autotune_v2] monitor.onchain_factory: PAIR_DETECTED source=uniswap_v2 dex=uniswap_v2 pair=0x68643ea1c245598061463d630637fc476d19fcdf token0=0x4200000000000000000000000000000000000006 token1=0xe397dc3fc8d4672277de460da606abf29b1fbb07 block=42697133 factory=0x8909dc15e40173ff4699343b6eb8132c65e18ec6
2026-02-27 10:13:51,588 [INFO] [u_station_ab_night_autotune_v2] monitor.onchain_factory: PAIR_DETECTED source=uniswap_v2 dex=uniswap_v2 pair=0x22bf4cd1298ef2396cbf77c6db7d4ef2cbf95e69 token0=0x4200000000000000000000000000000000000006 token1=0xe3be6d125e6df13c9fba712851693e43768147be block=42697136 factory=0x8909dc15e40173ff4699343b6eb8132c65e18ec6
2026-02-27 10:13:51,588 [INFO] [u_station_ab_night_autotune_v2] monitor.onchain_factory: PAIR_DETECTED source=uniswap_v2 dex=uniswap_v2 pair=0x5fbfba389e5784ea992379f50c5d0b245efd7482 token0=0x4200000000000000000000000000000000000006 token1=0xdfb03885995598d68d4aaebeb24fdcaa7637aba3 block=42697139 factory=0x8909dc15e40173ff4699343b6eb8132c65e18ec6
2026-02-27 10:13:51,881 [INFO] [u_station_ab_night_autotune_v2] monitor.onchain_factory: ENRICH_RETRY token=0x30f999b0a1f7f2e644a3feff4255746e34b9eb07 pair=0x3801f3c47b330cf2160cb7770814954ed6d5df2d attempt=1/2 delay=10s
2026-02-27 10:13:51,904 [INFO] [u_station_ab_night_autotune_v2] monitor.onchain_factory: ENRICH_RETRY token=0x7d31650940496aae6e52a5aa00a00d7071048ccd pair=0x20c92aa19dda6a31001f4d06145a5aacfc0f113a attempt=1/2 delay=10s
2026-02-27 10:13:51,921 [INFO] [u_station_ab_night_autotune_v2] monitor.onchain_factory: ENRICH_RETRY token=0x99be5379d4ac61f0c7321c7b58ef0b8a57aaaba3 pair=0xe4654f35b6e9d89c716f01b80680264dca3944c5 attempt=1/2 delay=10s
2026-02-27 10:13:52,054 [INFO] [u_station_ab_night_autotune_v2] monitor.onchain_factory: ENRICH_RETRY token=0xe397dc3fc8d4672277de460da606abf29b1fbb07 pair=0x68643ea1c245598061463d630637fc476d19fcdf attempt=1/2 delay=10s
2026-02-27 10:13:52,085 [INFO] [u_station_ab_night_autotune_v2] monitor.onchain_factory: ENRICH_RETRY token=0xdfb03885995598d68d4aaebeb24fdcaa7637aba3 pair=0x5fbfba389e5784ea992379f50c5d0b245efd7482 attempt=1/2 delay=10s
2026-02-27 10:13:52,105 [INFO] [u_station_ab_night_autotune_v2] monitor.onchain_factory: ENRICH_RETRY token=0xe3be6d125e6df13c9fba712851693e43768147be pair=0x22bf4cd1298ef2396cbf77c6db7d4ef2cbf95e69 attempt=1/2 delay=10s
2026-02-27 10:13:52,225 [INFO] [u_station_ab_night_autotune_v2] monitor.onchain_factory: ENRICH_RETRY token=0x1c13b81418bd3aa19358a4f8a5987769630a58cf pair=0xd10b97f8727ec38edb57663075c842e150967405 attempt=1/2 delay=10s
2026-02-27 10:14:02,308 [INFO] [u_station_ab_night_autotune_v2] __main__: WATCHLIST merged count=3
2026-02-27 10:14:02,309 [INFO] [u_station_ab_night_autotune_v2] trading.v2_runtime: V2_UNIVERSE in=4 dedup=4 out=4 target=4 novel_target=4 novel_out=1 repeat_dropped=0 symbol_dropped=0 surge_in=0 surge_target=0 surge_out=0
2026-02-27 10:14:02,309 [INFO] [u_station_ab_night_autotune_v2] __main__: V2_SOURCE_QOS_FILTER in=4 out=3 drops={'source_qos_cap': 1} caps={'unknown': 0, 'watchlist': 2}
2026-02-27 10:14:02,311 [INFO] [u_station_ab_night_autotune_v2] __main__: FILTER_FAIL token=AERO reason=source_qos_cap source=watchlist used=2/2
2026-02-27 10:14:02,311 [INFO] [u_station_ab_night_autotune_v2] __main__: FILTER_PASS token=cbBTC tier=A score=100 mode=YELLOW risk=MEDIUM liq=21643284 vol5m=64303
2026-02-27 10:14:02,313 [INFO] [u_station_ab_night_autotune_v2] __main__: FILTER_PASS token=VIRTUAL tier=A score=95 mode=YELLOW risk=MEDIUM liq=7769252 vol5m=7747
2026-02-27 10:14:02,315 [INFO] [u_station_ab_night_autotune_v2] __main__: FILTER_FAIL token=PEWDS reason=score_min score=30 strict_min=48 soft_min=48 mode=YELLOW
2026-02-27 10:14:02,316 [INFO] [u_station_ab_night_autotune_v2] __main__: V2_QUALITY_GATE enabled=True regime=YELLOW in=2 out=2 core_out=1 explore_out=1 probe_out=0 quota=1 max_symbol_share=0.500 drop={} sources_used={'watchlist': 2}
2026-02-27 10:14:02,317 [INFO] [u_station_ab_night_autotune_v2] __main__: V2_ENTRY_ROUTE enabled=True regime=YELLOW in=2 out=2 core_out=1 explore_out=1 quota=1 allow_explore=True
2026-02-27 10:14:02,317 [INFO] [u_station_ab_night_autotune_v2] __main__: MARKET_REGIME mode=YELLOW reason=avg_cand=2.00 avg_cand_recent=2.00
2026-02-27 10:14:02,319 [INFO] [u_station_ab_night_autotune_v2] trading.auto_trader: AutoTrade skip token=cbBTC reason=disabled_or_limits detail=max_tx_per_day 180/180
2026-02-27 10:14:02,321 [INFO] [u_station_ab_night_autotune_v2] trading.auto_trader: AutoTrade skip token=VIRTUAL reason=disabled_or_limits detail=max_tx_per_day 180/180
2026-02-27 10:14:02,321 [INFO] [u_station_ab_night_autotune_v2] trading.auto_trader: AutoTrade batch mode=top_n candidates=2 eligible=2 selected=2 opened=0 pe=off burst_window=0
2026-02-27 10:14:02,322 [INFO] [u_station_ab_night_autotune_v2] __main__: Scanned 4 tokens | High quality: 2 | Alerts sent: 0 | Trade candidates: 2 | Quality out/core/explore/probe: 2/1/1/0 | Opened: 0 | Mode: local | Source: onchain+market | Policy: raw=OK/effective=OK(healthy | route=allow_all) | Regime: YELLOW(avg_cand=2.00) | Safety: checked=2 fail_closed=0 reasons=api_code_4029:2 | FiltersTop(session): source_qos_symbol_cap:3,safe_age:3,score_min:3,source_qos_cap:2 | Dedup: heavy_skip=0 override=0 | V2Budget: 2/280 | SourceQoS: enabled=1/in=4/out=3/dropped=1/active_cd=0/drops=source_qos_cap:1 | Ingest: q=0/oldest=0.0s/drop_old=0/dedup_skip=0/enq=0/drain=0 | Sources: dex_boosts:ok=1/fail=0/429=0/lim_wait=0/cd_wait=0/err=0.0%/avg=152ms; dexscreener:ok=10/fail=0/429=0/lim_wait=0/cd_wait=0/err=0.0%/avg=121ms; onchain_enrich:ok=27/fail=0/429=0/lim_wait=0/cd_wait=0/err=0.0%/avg=99ms | Tasks: 3 | RSS: 0.0MB | CycleAvg: 12.79s
2026-02-27 10:14:06,813 [INFO] [u_station_ab_night_autotune_v2] monitor.onchain_factory: ENRICH_RETRY token=0xdfb03885995598d68d4aaebeb24fdcaa7637aba3 pair=0x5fbfba389e5784ea992379f50c5d0b245efd7482 attempt=1/2 delay=10s
2026-02-27 10:14:06,832 [INFO] [u_station_ab_night_autotune_v2] monitor.onchain_factory: ENRICH_RETRY token=0xe3be6d125e6df13c9fba712851693e43768147be pair=0x22bf4cd1298ef2396cbf77c6db7d4ef2cbf95e69 attempt=1/2 delay=10s
2026-02-27 10:14:06,848 [INFO] [u_station_ab_night_autotune_v2] monitor.onchain_factory: ENRICH_RETRY token=0x1c13b81418bd3aa19358a4f8a5987769630a58cf pair=0xd10b97f8727ec38edb57663075c842e150967405 attempt=1/2 delay=10s
2026-02-27 10:14:06,953 [INFO] [u_station_ab_night_autotune_v2] monitor.onchain_factory: ENRICH_RETRY token=0xe397dc3fc8d4672277de460da606abf29b1fbb07 pair=0x68643ea1c245598061463d630637fc476d19fcdf attempt=1/2 delay=10s
2026-02-27 10:14:07,085 [INFO] [u_station_ab_night_autotune_v2] monitor.onchain_factory: ENRICH_RETRY token=0x7d31650940496aae6e52a5aa00a00d7071048ccd pair=0x20c92aa19dda6a31001f4d06145a5aacfc0f113a attempt=1/2 delay=10s
2026-02-27 10:14:17,170 [INFO] [u_station_ab_night_autotune_v2] __main__: WATCHLIST merged count=3
2026-02-27 10:14:17,170 [INFO] [u_station_ab_night_autotune_v2] trading.v2_runtime: V2_UNIVERSE in=4 dedup=4 out=4 target=4 novel_target=4 novel_out=1 repeat_dropped=0 symbol_dropped=0 surge_in=0 surge_target=0 surge_out=0
2026-02-27 10:14:17,170 [INFO] [u_station_ab_night_autotune_v2] __main__: V2_SOURCE_QOS_FILTER in=4 out=3 drops={'source_qos_cap': 1} caps={'unknown': 0, 'watchlist': 2}
2026-02-27 10:14:17,170 [INFO] [u_station_ab_night_autotune_v2] __main__: FILTER_FAIL token=AERO reason=source_qos_cap source=watchlist used=2/2
2026-02-27 10:14:17,170 [INFO] [u_station_ab_night_autotune_v2] __main__: FILTER_PASS token=cbBTC tier=A score=100 mode=YELLOW risk=MEDIUM liq=21643284 vol5m=64303
2026-02-27 10:14:17,170 [INFO] [u_station_ab_night_autotune_v2] __main__: FILTER_PASS token=VIRTUAL tier=A score=95 mode=YELLOW risk=MEDIUM liq=7769252 vol5m=7747
2026-02-27 10:14:17,170 [INFO] [u_station_ab_night_autotune_v2] __main__: FILTER_FAIL token=ToruCeoAI reason=score_min score=20 strict_min=48 soft_min=48 mode=YELLOW
2026-02-27 10:14:17,170 [INFO] [u_station_ab_night_autotune_v2] __main__: V2_QUALITY_GATE enabled=True regime=YELLOW in=2 out=2 core_out=1 explore_out=1 probe_out=0 quota=1 max_symbol_share=0.500 drop={} sources_used={'watchlist': 2}
2026-02-27 10:14:17,170 [INFO] [u_station_ab_night_autotune_v2] __main__: V2_ENTRY_ROUTE enabled=True regime=YELLOW in=2 out=2 core_out=1 explore_out=1 quota=1 allow_explore=True
2026-02-27 10:14:17,170 [INFO] [u_station_ab_night_autotune_v2] __main__: MARKET_REGIME mode=YELLOW reason=avg_cand=2.00 avg_cand_recent=2.00
2026-02-27 10:14:17,170 [INFO] [u_station_ab_night_autotune_v2] trading.auto_trader: AutoTrade skip token=cbBTC reason=disabled_or_limits detail=max_tx_per_day 180/180
2026-02-27 10:14:17,170 [INFO] [u_station_ab_night_autotune_v2] trading.auto_trader: AutoTrade skip token=VIRTUAL reason=disabled_or_limits detail=max_tx_per_day 180/180
2026-02-27 10:14:17,170 [INFO] [u_station_ab_night_autotune_v2] trading.auto_trader: AutoTrade batch mode=top_n candidates=2 eligible=2 selected=2 opened=0 pe=off burst_window=0
2026-02-27 10:14:17,170 [INFO] [u_station_ab_night_autotune_v2] __main__: Scanned 4 tokens | High quality: 2 | Alerts sent: 0 | Trade candidates: 2 | Quality out/core/explore/probe: 2/1/1/0 | Opened: 0 | Mode: local | Source: onchain+market | Policy: raw=OK/effective=OK(healthy | route=allow_all) | Regime: YELLOW(avg_cand=2.00) | Safety: checked=2 fail_closed=0 reasons=api_code_4029:2 | FiltersTop(session): score_min:4,source_qos_cap:3,source_qos_symbol_cap:3,safe_age:3 | Dedup: heavy_skip=0 override=0 | V2Budget: 2/280 | SourceQoS: enabled=1/in=4/out=3/dropped=1/active_cd=0/drops=source_qos_cap:1 | Ingest: q=0/oldest=0.0s/drop_old=0/dedup_skip=0/enq=0/drain=0 | Sources: dex_boosts:ok=1/fail=0/429=0/lim_wait=0/cd_wait=0/err=0.0%/avg=32ms; dexscreener:ok=10/fail=0/429=0/lim_wait=0/cd_wait=0/err=0.0%/avg=240ms; onchain_enrich:ok=21/fail=0/429=0/lim_wait=0/cd_wait=0/err=0.0%/avg=67ms | Tasks: 3 | RSS: 0.0MB | CycleAvg: 11.91s
2026-02-27 10:14:21,469 [INFO] [u_station_ab_night_autotune_v2] monitor.onchain_factory: PAIR_DETECTED source=uniswap_v2 dex=uniswap_v2 pair=0x362b7fd58f04eee9b911e3d2b9c48a45f7916f21 token0=0x3f5ff8693b383e157e142f336c99bf323362ab07 token1=0x4200000000000000000000000000000000000006 block=42697152 factory=0x8909dc15e40173ff4699343b6eb8132c65e18ec6
2026-02-27 10:14:21,690 [INFO] [u_station_ab_night_autotune_v2] monitor.onchain_factory: ENRICH_RETRY token=0x1c13b81418bd3aa19358a4f8a5987769630a58cf pair=0xd10b97f8727ec38edb57663075c842e150967405 attempt=1/2 delay=10s
2026-02-27 10:14:21,693 [INFO] [u_station_ab_night_autotune_v2] monitor.onchain_factory: ENRICH_RETRY token=0xe3be6d125e6df13c9fba712851693e43768147be pair=0x22bf4cd1298ef2396cbf77c6db7d4ef2cbf95e69 attempt=1/2 delay=10s
2026-02-27 10:14:21,693 [INFO] [u_station_ab_night_autotune_v2] monitor.onchain_factory: ENRICH_RETRY token=0x7d31650940496aae6e52a5aa00a00d7071048ccd pair=0x20c92aa19dda6a31001f4d06145a5aacfc0f113a attempt=1/2 delay=10s
2026-02-27 10:14:21,710 [INFO] [u_station_ab_night_autotune_v2] monitor.onchain_factory: ENRICH_RETRY token=0xdfb03885995598d68d4aaebeb24fdcaa7637aba3 pair=0x5fbfba389e5784ea992379f50c5d0b245efd7482 attempt=1/2 delay=10s
2026-02-27 10:14:21,710 [INFO] [u_station_ab_night_autotune_v2] monitor.onchain_factory: ENRICH_RETRY token=0xe397dc3fc8d4672277de460da606abf29b1fbb07 pair=0x68643ea1c245598061463d630637fc476d19fcdf attempt=1/2 delay=10s
2026-02-27 10:14:21,953 [INFO] [u_station_ab_night_autotune_v2] monitor.onchain_factory: ENRICH_RETRY token=0x3f5ff8693b383e157e142f336c99bf323362ab07 pair=0x362b7fd58f04eee9b911e3d2b9c48a45f7916f21 attempt=1/2 delay=10s
2026-02-27 10:14:32,037 [INFO] [u_station_ab_night_autotune_v2] __main__: WATCHLIST merged count=3
2026-02-27 10:14:32,037 [INFO] [u_station_ab_night_autotune_v2] trading.v2_runtime: V2_UNIVERSE in=7 dedup=7 out=7 target=7 novel_target=6 novel_out=4 repeat_dropped=0 symbol_dropped=0 surge_in=0 surge_target=0 surge_out=0
2026-02-27 10:14:32,037 [INFO] [u_station_ab_night_autotune_v2] __main__: V2_SOURCE_QOS_FILTER in=7 out=6 drops={'source_qos_cap': 1} caps={'unknown': 0, 'watchlist': 2}
2026-02-27 10:14:32,037 [INFO] [u_station_ab_night_autotune_v2] __main__: FILTER_FAIL token=AERO reason=source_qos_cap source=watchlist used=2/2
2026-02-27 10:14:32,037 [INFO] [u_station_ab_night_autotune_v2] __main__: FILTER_PASS token=cbBTC tier=A score=100 mode=YELLOW risk=MEDIUM liq=21643284 vol5m=64303
2026-02-27 10:14:32,037 [INFO] [u_station_ab_night_autotune_v2] __main__: FILTER_FAIL token=PEWBOT reason=safe_age
2026-02-27 10:14:32,037 [INFO] [u_station_ab_night_autotune_v2] __main__: FILTER_FAIL token=CLAWNCH reason=safe_age
2026-02-27 10:14:32,053 [INFO] [u_station_ab_night_autotune_v2] __main__: FILTER_FAIL token=ClawCraft reason=safe_age
2026-02-27 10:14:32,053 [INFO] [u_station_ab_night_autotune_v2] __main__: FILTER_PASS token=VIRTUAL tier=A score=95 mode=YELLOW risk=MEDIUM liq=7769252 vol5m=7747
2026-02-27 10:14:32,053 [INFO] [u_station_ab_night_autotune_v2] __main__: FILTER_FAIL token=ToruCeoAI reason=safe_volume vol5m=0 min=6 regime=YELLOW
2026-02-27 10:14:32,053 [INFO] [u_station_ab_night_autotune_v2] __main__: V2_QUALITY_GATE enabled=True regime=YELLOW in=2 out=2 core_out=1 explore_out=1 probe_out=0 quota=1 max_symbol_share=0.500 drop={} sources_used={'watchlist': 2}
2026-02-27 10:14:32,053 [INFO] [u_station_ab_night_autotune_v2] __main__: V2_ENTRY_ROUTE enabled=True regime=YELLOW in=2 out=2 core_out=1 explore_out=1 quota=1 allow_explore=True
2026-02-27 10:14:32,053 [INFO] [u_station_ab_night_autotune_v2] __main__: MARKET_REGIME mode=YELLOW reason=avg_cand=2.00 avg_cand_recent=2.00
2026-02-27 10:14:32,053 [INFO] [u_station_ab_night_autotune_v2] trading.auto_trader: AutoTrade skip token=cbBTC reason=disabled_or_limits detail=max_tx_per_day 180/180
2026-02-27 10:14:32,053 [INFO] [u_station_ab_night_autotune_v2] trading.auto_trader: AutoTrade skip token=VIRTUAL reason=disabled_or_limits detail=max_tx_per_day 180/180
2026-02-27 10:14:32,053 [INFO] [u_station_ab_night_autotune_v2] trading.auto_trader: AutoTrade batch mode=top_n candidates=2 eligible=2 selected=2 opened=0 pe=off burst_window=0
2026-02-27 10:14:32,053 [INFO] [u_station_ab_night_autotune_v2] __main__: Scanned 7 tokens | High quality: 2 | Alerts sent: 0 | Trade candidates: 2 | Quality out/core/explore/probe: 2/1/1/0 | Opened: 0 | Mode: local | Source: onchain+market | Policy: raw=OK/effective=OK(healthy | route=allow_all) | Regime: YELLOW(avg_cand=2.00) | Safety: checked=2 fail_closed=0 reasons=api_code_4029:2 | FiltersTop(session): safe_age:6,source_qos_cap:4,score_min:4,source_qos_symbol_cap:3 | Dedup: heavy_skip=0 override=0 | V2Budget: 2/280 | SourceQoS: enabled=1/in=7/out=6/dropped=1/active_cd=0/drops=source_qos_cap:1 | Ingest: q=0/oldest=0.0s/drop_old=0/dedup_skip=0/enq=0/drain=0 | Sources: dex_boosts:ok=1/fail=0/429=0/lim_wait=0/cd_wait=0/err=0.0%/avg=37ms; dexscreener:ok=10/fail=0/429=0/lim_wait=0/cd_wait=0/err=0.0%/avg=36ms; onchain_enrich:ok=21/fail=0/429=0/lim_wait=0/cd_wait=0/err=0.0%/avg=79ms | Tasks: 3 | RSS: 0.0MB | CycleAvg: 11.55s
2026-02-27 10:14:36,554 [INFO] [u_station_ab_night_autotune_v2] monitor.onchain_factory: ENRICH_RETRY token=0x3f5ff8693b383e157e142f336c99bf323362ab07 pair=0x362b7fd58f04eee9b911e3d2b9c48a45f7916f21 attempt=1/2 delay=10s
2026-02-27 10:14:36,570 [INFO] [u_station_ab_night_autotune_v2] monitor.onchain_factory: ENRICH_RETRY token=0x7d31650940496aae6e52a5aa00a00d7071048ccd pair=0x20c92aa19dda6a31001f4d06145a5aacfc0f113a attempt=1/2 delay=10s
2026-02-27 10:14:47,119 [INFO] [u_station_ab_night_autotune_v2] __main__: WATCHLIST merged count=3
2026-02-27 10:14:47,119 [INFO] [u_station_ab_night_autotune_v2] trading.v2_runtime: V2_UNIVERSE in=3 dedup=3 out=3 target=3 novel_target=3 novel_out=0 repeat_dropped=0 symbol_dropped=0 surge_in=0 surge_target=0 surge_out=0
2026-02-27 10:14:47,135 [INFO] [u_station_ab_night_autotune_v2] __main__: FILTER_PASS token=cbBTC tier=A score=100 mode=YELLOW risk=MEDIUM liq=21643284 vol5m=64303
2026-02-27 10:14:47,135 [INFO] [u_station_ab_night_autotune_v2] __main__: FILTER_PASS token=VIRTUAL tier=A score=95 mode=YELLOW risk=MEDIUM liq=7769252 vol5m=7747
2026-02-27 10:14:47,135 [INFO] [u_station_ab_night_autotune_v2] __main__: FILTER_PASS token=AERO tier=A score=75 mode=YELLOW risk=MEDIUM liq=2685982 vol5m=91
2026-02-27 10:14:47,135 [INFO] [u_station_ab_night_autotune_v2] __main__: V2_QUALITY_GATE enabled=True regime=YELLOW in=3 out=3 core_out=1 explore_out=2 probe_out=0 quota=2 max_symbol_share=0.333 drop={} sources_used={'watchlist': 3}
2026-02-27 10:14:47,135 [INFO] [u_station_ab_night_autotune_v2] __main__: V2_ENTRY_ROUTE enabled=True regime=YELLOW in=3 out=2 core_out=1 explore_out=1 quota=1 allow_explore=True
2026-02-27 10:14:47,135 [INFO] [u_station_ab_night_autotune_v2] __main__: MARKET_REGIME mode=YELLOW reason=avg_cand=2.20 avg_cand_recent=2.20
2026-02-27 10:14:47,135 [INFO] [u_station_ab_night_autotune_v2] trading.auto_trader: AutoTrade skip token=cbBTC reason=disabled_or_limits detail=max_tx_per_day 180/180
2026-02-27 10:14:47,135 [INFO] [u_station_ab_night_autotune_v2] trading.auto_trader: AutoTrade skip token=VIRTUAL reason=disabled_or_limits detail=max_tx_per_day 180/180
2026-02-27 10:14:47,135 [INFO] [u_station_ab_night_autotune_v2] trading.auto_trader: AutoTrade batch mode=top_n candidates=2 eligible=2 selected=2 opened=0 pe=off burst_window=0
2026-02-27 10:14:47,135 [INFO] [u_station_ab_night_autotune_v2] trading.auto_trader: PAPER_SUMMARY window=60s closed_delta=0 wins_delta=0 losses_delta=0 realized_delta=$0.00 total_closed=90 winrate_total=45.6% realized_total=$0.35 balance=$7.35 equity=$7.35 open=0
2026-02-27 10:14:47,135 [INFO] [u_station_ab_night_autotune_v2] __main__: Scanned 3 tokens | High quality: 3 | Alerts sent: 0 | Trade candidates: 3 | Quality out/core/explore/probe: 3/1/2/0 | Opened: 0 | Mode: local | Source: onchain+market | Policy: raw=OK/effective=OK(healthy | route=allow_all) | Regime: YELLOW(avg_cand=2.20) | Safety: checked=3 fail_closed=0 reasons=api_code_4029:3 | FiltersTop(session): safe_age:6,source_qos_cap:4,score_min:4,source_qos_symbol_cap:3 | Dedup: heavy_skip=0 override=0 | V2Budget: 3/280 | SourceQoS: enabled=1/in=3/out=3/dropped=0/active_cd=0/drops=none | Ingest: q=0/oldest=0.0s/drop_old=0/dedup_skip=0/enq=0/drain=0 | Sources: dex_boosts:ok=1/fail=0/429=0/lim_wait=0/cd_wait=0/err=0.0%/avg=39ms; dexscreener:ok=10/fail=0/429=0/lim_wait=0/cd_wait=0/err=0.0%/avg=58ms; onchain_enrich:ok=8/fail=0/429=0/lim_wait=0/cd_wait=0/err=0.0%/avg=99ms; onchain_weth_price:ok=1/fail=0/429=0/lim_wait=0/cd_wait=0/err=0.0%/avg=59ms | Tasks: 3 | RSS: 0.0MB | CycleAvg: 11.39s
2026-02-27 10:14:51,622 [INFO] [u_station_ab_night_autotune_v2] monitor.onchain_factory: ENRICH_RETRY token=0x7d31650940496aae6e52a5aa00a00d7071048ccd pair=0x20c92aa19dda6a31001f4d06145a5aacfc0f113a attempt=1/2 delay=10s
2026-02-27 10:14:51,649 [INFO] [u_station_ab_night_autotune_v2] monitor.onchain_factory: ENRICH_RETRY token=0x3f5ff8693b383e157e142f336c99bf323362ab07 pair=0x362b7fd58f04eee9b911e3d2b9c48a45f7916f21 attempt=1/2 delay=10s
2026-02-27 10:15:02,010 [INFO] [u_station_ab_night_autotune_v2] __main__: WATCHLIST merged count=3
2026-02-27 10:15:02,010 [INFO] [u_station_ab_night_autotune_v2] trading.v2_runtime: V2_UNIVERSE in=13 dedup=13 out=13 target=13 novel_target=12 novel_out=3 repeat_dropped=0 symbol_dropped=0 surge_in=2 surge_target=2 surge_out=2
2026-02-27 10:15:02,011 [INFO] [u_station_ab_night_autotune_v2] __main__: V2_SOURCE_QOS_FILTER in=13 out=10 drops={'source_qos_symbol_cap': 2, 'source_qos_cap': 1} caps={'geckoterminal': 287, 'watchlist': 2}
2026-02-27 10:15:02,012 [INFO] [u_station_ab_night_autotune_v2] __main__: FILTER_FAIL token=ToruCeoAI reason=source_qos_symbol_cap symbol=TORUCEOAI used=1/1
2026-02-27 10:15:02,013 [INFO] [u_station_ab_night_autotune_v2] __main__: FILTER_FAIL token=AERO reason=source_qos_cap source=watchlist used=2/2
2026-02-27 10:15:02,014 [INFO] [u_station_ab_night_autotune_v2] __main__: FILTER_FAIL token=PEWBOT reason=source_qos_symbol_cap symbol=PEWBOT used=1/1
2026-02-27 10:15:02,014 [INFO] [u_station_ab_night_autotune_v2] __main__: FILTER_FAIL token=PEWDS reason=safe_age
2026-02-27 10:15:02,015 [INFO] [u_station_ab_night_autotune_v2] __main__: FILTER_PASS token=cbBTC tier=A score=100 mode=YELLOW risk=MEDIUM liq=21643284 vol5m=64303
2026-02-27 10:15:02,016 [INFO] [u_station_ab_night_autotune_v2] __main__: FILTER_FAIL token=Snapper reason=safe_age
2026-02-27 10:15:02,017 [INFO] [u_station_ab_night_autotune_v2] __main__: FILTER_FAIL token=PEWBOT reason=safe_age
2026-02-27 10:15:02,017 [INFO] [u_station_ab_night_autotune_v2] __main__: FILTER_FAIL token=CLAWNCH reason=safe_age
2026-02-27 10:15:02,018 [INFO] [u_station_ab_night_autotune_v2] __main__: FILTER_FAIL token=ToruCeoAI reason=safe_age
2026-02-27 10:15:02,019 [INFO] [u_station_ab_night_autotune_v2] __main__: FILTER_FAIL token=JellyWif reason=safe_age
2026-02-27 10:15:02,020 [INFO] [u_station_ab_night_autotune_v2] __main__: FILTER_FAIL token=ClawCraft reason=safe_age
2026-02-27 10:15:02,020 [INFO] [u_station_ab_night_autotune_v2] __main__: FILTER_PASS token=VIRTUAL tier=A score=95 mode=YELLOW risk=MEDIUM liq=7769252 vol5m=7747
2026-02-27 10:15:02,021 [INFO] [u_station_ab_night_autotune_v2] __main__: FILTER_FAIL token=ORB reason=score_min score=40 strict_min=48 soft_min=48 mode=YELLOW
2026-02-27 10:15:02,021 [INFO] [u_station_ab_night_autotune_v2] __main__: V2_QUALITY_GATE enabled=True regime=YELLOW in=2 out=2 core_out=1 explore_out=1 probe_out=0 quota=1 max_symbol_share=0.500 drop={} sources_used={'watchlist': 2}
2026-02-27 10:15:02,021 [INFO] [u_station_ab_night_autotune_v2] __main__: V2_ENTRY_ROUTE enabled=True regime=YELLOW in=2 out=2 core_out=1 explore_out=1 quota=1 allow_explore=True
2026-02-27 10:15:02,021 [INFO] [u_station_ab_night_autotune_v2] __main__: MARKET_REGIME mode=YELLOW reason=avg_cand=2.17 avg_cand_recent=2.17
2026-02-27 10:15:02,021 [INFO] [u_station_ab_night_autotune_v2] trading.auto_trader: AutoTrade skip token=cbBTC reason=disabled_or_limits detail=max_tx_per_day 180/180
2026-02-27 10:15:02,021 [INFO] [u_station_ab_night_autotune_v2] trading.auto_trader: AutoTrade skip token=VIRTUAL reason=disabled_or_limits detail=max_tx_per_day 180/180
2026-02-27 10:15:02,021 [INFO] [u_station_ab_night_autotune_v2] trading.auto_trader: AutoTrade batch mode=top_n candidates=2 eligible=2 selected=2 opened=0 pe=off burst_window=0
2026-02-27 10:15:02,021 [INFO] [u_station_ab_night_autotune_v2] __main__: Scanned 13 tokens | High quality: 2 | Alerts sent: 0 | Trade candidates: 2 | Quality out/core/explore/probe: 2/1/1/0 | Opened: 0 | Mode: local | Source: onchain+market | Policy: raw=OK/effective=OK(healthy | route=allow_all) | Regime: YELLOW(avg_cand=2.17) | Safety: checked=2 fail_closed=0 reasons=api_code_4029:2 | FiltersTop(session): safe_age:13,source_qos_cap:5,source_qos_symbol_cap:5,score_min:5 | Dedup: heavy_skip=0 override=0 | V2Budget: 2/280 | SourceQoS: enabled=1/in=13/out=10/dropped=3/active_cd=0/drops=source_qos_symbol_cap:2,source_qos_cap:1 | Ingest: q=0/oldest=0.0s/drop_old=0/dedup_skip=0/enq=10/drain=10 | Sources: dex_boosts:ok=1/fail=0/429=0/lim_wait=0/cd_wait=0/err=0.0%/avg=42ms; dexscreener:ok=10/fail=0/429=0/lim_wait=0/cd_wait=0/err=0.0%/avg=234ms; geckoterminal:ok=1/fail=0/429=0/lim_wait=0/cd_wait=0/err=0.0%/avg=250ms; onchain_enrich:ok=8/fail=0/429=0/lim_wait=0/cd_wait=0/err=0.0%/avg=77ms | Tasks: 3 | RSS: 0.0MB | CycleAvg: 11.32s
2026-02-27 10:15:06,514 [INFO] [u_station_ab_night_autotune_v2] monitor.onchain_factory: ENRICH_RETRY token=0x7d31650940496aae6e52a5aa00a00d7071048ccd pair=0x20c92aa19dda6a31001f4d06145a5aacfc0f113a attempt=1/2 delay=10s
2026-02-27 10:15:16,593 [INFO] [u_station_ab_night_autotune_v2] __main__: WATCHLIST merged count=3
2026-02-27 10:15:16,593 [INFO] [u_station_ab_night_autotune_v2] trading.v2_runtime: V2_UNIVERSE in=3 dedup=3 out=3 target=3 novel_target=3 novel_out=0 repeat_dropped=0 symbol_dropped=0 surge_in=0 surge_target=0 surge_out=0
2026-02-27 10:15:16,593 [INFO] [u_station_ab_night_autotune_v2] __main__: FILTER_PASS token=cbBTC tier=A score=100 mode=YELLOW risk=MEDIUM liq=21643284 vol5m=64303
2026-02-27 10:15:16,593 [INFO] [u_station_ab_night_autotune_v2] __main__: FILTER_PASS token=VIRTUAL tier=A score=95 mode=YELLOW risk=MEDIUM liq=7769252 vol5m=7747
2026-02-27 10:15:16,593 [INFO] [u_station_ab_night_autotune_v2] __main__: FILTER_PASS token=AERO tier=A score=75 mode=YELLOW risk=MEDIUM liq=2685982 vol5m=91
2026-02-27 10:15:16,593 [INFO] [u_station_ab_night_autotune_v2] __main__: V2_QUALITY_GATE enabled=True regime=YELLOW in=3 out=3 core_out=1 explore_out=2 probe_out=0 quota=2 max_symbol_share=0.333 drop={} sources_used={'watchlist': 3}
2026-02-27 10:15:16,593 [INFO] [u_station_ab_night_autotune_v2] __main__: V2_ENTRY_ROUTE enabled=True regime=YELLOW in=3 out=2 core_out=1 explore_out=1 quota=1 allow_explore=True
2026-02-27 10:15:16,603 [INFO] [u_station_ab_night_autotune_v2] __main__: MARKET_REGIME mode=YELLOW reason=avg_cand=2.29 avg_cand_recent=2.29
2026-02-27 10:15:16,603 [INFO] [u_station_ab_night_autotune_v2] trading.auto_trader: AutoTrade skip token=cbBTC reason=disabled_or_limits detail=max_tx_per_day 180/180
2026-02-27 10:15:16,603 [INFO] [u_station_ab_night_autotune_v2] trading.auto_trader: AutoTrade skip token=VIRTUAL reason=disabled_or_limits detail=max_tx_per_day 180/180
2026-02-27 10:15:16,603 [INFO] [u_station_ab_night_autotune_v2] trading.auto_trader: AutoTrade batch mode=top_n candidates=2 eligible=2 selected=2 opened=0 pe=off burst_window=0
2026-02-27 10:15:16,603 [INFO] [u_station_ab_night_autotune_v2] __main__: Scanned 3 tokens | High quality: 3 | Alerts sent: 0 | Trade candidates: 3 | Quality out/core/explore/probe: 3/1/2/0 | Opened: 0 | Mode: local | Source: onchain+market | Policy: raw=OK/effective=OK(healthy | route=allow_all) | Regime: YELLOW(avg_cand=2.29) | Safety: checked=3 fail_closed=0 reasons=api_code_4029:3 | FiltersTop(session): safe_age:13,source_qos_cap:5,source_qos_symbol_cap:5,score_min:5 | Dedup: heavy_skip=0 override=0 | V2Budget: 3/280 | SourceQoS: enabled=1/in=3/out=3/dropped=0/active_cd=0/drops=none | Ingest: q=0/oldest=0.0s/drop_old=0/dedup_skip=0/enq=0/drain=0 | Sources: dex_boosts:ok=1/fail=0/429=0/lim_wait=0/cd_wait=0/err=0.0%/avg=57ms; dexscreener:ok=10/fail=0/429=0/lim_wait=0/cd_wait=0/err=0.0%/avg=44ms; onchain_enrich:ok=4/fail=0/429=0/lim_wait=0/cd_wait=0/err=0.0%/avg=40ms | Tasks: 3 | RSS: 0.0MB | CycleAvg: 11.25s
2026-02-27 10:15:21,375 [INFO] [u_station_ab_night_autotune_v2] monitor.onchain_factory: ENRICH_RETRY token=0x7d31650940496aae6e52a5aa00a00d7071048ccd pair=0x20c92aa19dda6a31001f4d06145a5aacfc0f113a attempt=1/2 delay=10s
2026-02-27 10:15:31,457 [INFO] [u_station_ab_night_autotune_v2] __main__: WATCHLIST merged count=3
2026-02-27 10:15:31,457 [INFO] [u_station_ab_night_autotune_v2] trading.v2_runtime: V2_UNIVERSE in=3 dedup=3 out=3 target=3 novel_target=3 novel_out=0 repeat_dropped=0 symbol_dropped=0 surge_in=0 surge_target=0 surge_out=0
2026-02-27 10:15:31,458 [INFO] [u_station_ab_night_autotune_v2] __main__: FILTER_PASS token=cbBTC tier=A score=100 mode=YELLOW risk=MEDIUM liq=21643284 vol5m=64303
2026-02-27 10:15:31,459 [INFO] [u_station_ab_night_autotune_v2] __main__: FILTER_PASS token=VIRTUAL tier=A score=95 mode=YELLOW risk=MEDIUM liq=7769252 vol5m=7747
2026-02-27 10:15:31,459 [INFO] [u_station_ab_night_autotune_v2] __main__: FILTER_PASS token=AERO tier=A score=75 mode=YELLOW risk=MEDIUM liq=2685982 vol5m=91
2026-02-27 10:15:31,459 [INFO] [u_station_ab_night_autotune_v2] __main__: V2_QUALITY_GATE enabled=True regime=YELLOW in=3 out=3 core_out=1 explore_out=2 probe_out=0 quota=2 max_symbol_share=0.333 drop={} sources_used={'watchlist': 3}
2026-02-27 10:15:31,459 [INFO] [u_station_ab_night_autotune_v2] __main__: V2_ENTRY_ROUTE enabled=True regime=YELLOW in=3 out=2 core_out=1 explore_out=1 quota=1 allow_explore=True
2026-02-27 10:15:31,459 [INFO] [u_station_ab_night_autotune_v2] __main__: MARKET_REGIME mode=YELLOW reason=avg_cand=2.38 avg_cand_recent=2.38
2026-02-27 10:15:31,459 [INFO] [u_station_ab_night_autotune_v2] trading.auto_trader: AutoTrade skip token=cbBTC reason=disabled_or_limits detail=max_tx_per_day 180/180
2026-02-27 10:15:31,466 [INFO] [u_station_ab_night_autotune_v2] trading.auto_trader: AutoTrade skip token=VIRTUAL reason=disabled_or_limits detail=max_tx_per_day 180/180
2026-02-27 10:15:31,466 [INFO] [u_station_ab_night_autotune_v2] trading.auto_trader: AutoTrade batch mode=top_n candidates=2 eligible=2 selected=2 opened=0 pe=off burst_window=0
2026-02-27 10:15:31,466 [INFO] [u_station_ab_night_autotune_v2] __main__: Scanned 3 tokens | High quality: 3 | Alerts sent: 0 | Trade candidates: 3 | Quality out/core/explore/probe: 3/1/2/0 | Opened: 0 | Mode: local | Source: onchain+market | Policy: raw=OK/effective=OK(healthy | route=allow_all) | Regime: YELLOW(avg_cand=2.38) | Safety: checked=3 fail_closed=0 reasons=api_code_4029:3 | FiltersTop(session): safe_age:13,source_qos_cap:5,source_qos_symbol_cap:5,score_min:5 | Dedup: heavy_skip=0 override=0 | V2Budget: 3/280 | SourceQoS: enabled=1/in=3/out=3/dropped=0/active_cd=0/drops=none | Ingest: q=0/oldest=0.0s/drop_old=0/dedup_skip=0/enq=0/drain=0 | Sources: dex_boosts:ok=1/fail=0/429=0/lim_wait=0/cd_wait=0/err=0.0%/avg=41ms; dexscreener:ok=10/fail=0/429=0/lim_wait=0/cd_wait=0/err=0.0%/avg=43ms; onchain_enrich:ok=4/fail=0/429=0/lim_wait=0/cd_wait=0/err=0.0%/avg=104ms | Tasks: 3 | RSS: 0.0MB | CycleAvg: 11.15s
2026-02-27 10:15:35,735 [INFO] [u_station_ab_night_autotune_v2] monitor.onchain_factory: PAIR_DETECTED source=uniswap_v2 dex=uniswap_v2 pair=0x49badf7e992721f85dc934fca64e9772bcf50013 token0=0x4200000000000000000000000000000000000006 token1=0xa0ac73ba083f01064a9e466ca07a8983befdab07 block=42697188 factory=0x8909dc15e40173ff4699343b6eb8132c65e18ec6
2026-02-27 10:15:35,977 [INFO] [u_station_ab_night_autotune_v2] monitor.onchain_factory: ENRICH_RETRY token=0x7d31650940496aae6e52a5aa00a00d7071048ccd pair=0x20c92aa19dda6a31001f4d06145a5aacfc0f113a attempt=1/2 delay=10s
2026-02-27 10:15:36,202 [INFO] [u_station_ab_night_autotune_v2] monitor.onchain_factory: ENRICH_RETRY token=0xa0ac73ba083f01064a9e466ca07a8983befdab07 pair=0x49badf7e992721f85dc934fca64e9772bcf50013 attempt=1/2 delay=10s
2026-02-27 10:15:46,238 [INFO] [u_station_ab_night_autotune_v2] __main__: WATCHLIST merged count=3
2026-02-27 10:15:46,238 [INFO] [u_station_ab_night_autotune_v2] trading.v2_runtime: V2_UNIVERSE in=3 dedup=3 out=3 target=3 novel_target=3 novel_out=0 repeat_dropped=0 symbol_dropped=0 surge_in=0 surge_target=0 surge_out=0
2026-02-27 10:15:46,238 [INFO] [u_station_ab_night_autotune_v2] __main__: FILTER_PASS token=cbBTC tier=A score=100 mode=YELLOW risk=MEDIUM liq=21643284 vol5m=64303
2026-02-27 10:15:46,253 [INFO] [u_station_ab_night_autotune_v2] __main__: FILTER_PASS token=VIRTUAL tier=A score=95 mode=YELLOW risk=MEDIUM liq=7769252 vol5m=7747
2026-02-27 10:15:46,253 [INFO] [u_station_ab_night_autotune_v2] __main__: FILTER_PASS token=AERO tier=A score=75 mode=YELLOW risk=MEDIUM liq=2685982 vol5m=91
2026-02-27 10:15:46,253 [INFO] [u_station_ab_night_autotune_v2] __main__: V2_QUALITY_GATE enabled=True regime=YELLOW in=3 out=3 core_out=1 explore_out=2 probe_out=0 quota=2 max_symbol_share=0.333 drop={} sources_used={'watchlist': 3}
2026-02-27 10:15:46,253 [INFO] [u_station_ab_night_autotune_v2] __main__: V2_ENTRY_ROUTE enabled=True regime=YELLOW in=3 out=2 core_out=1 explore_out=1 quota=1 allow_explore=True
2026-02-27 10:15:46,253 [INFO] [u_station_ab_night_autotune_v2] __main__: MARKET_REGIME mode=YELLOW reason=avg_cand=2.44 avg_cand_recent=2.44
2026-02-27 10:15:46,253 [INFO] [u_station_ab_night_autotune_v2] trading.auto_trader: AutoTrade skip token=cbBTC reason=disabled_or_limits detail=max_tx_per_day 180/180
2026-02-27 10:15:46,253 [INFO] [u_station_ab_night_autotune_v2] trading.auto_trader: AutoTrade skip token=VIRTUAL reason=disabled_or_limits detail=max_tx_per_day 180/180
2026-02-27 10:15:46,253 [INFO] [u_station_ab_night_autotune_v2] trading.auto_trader: AutoTrade batch mode=top_n candidates=2 eligible=2 selected=2 opened=0 pe=off burst_window=0
2026-02-27 10:15:46,253 [INFO] [u_station_ab_night_autotune_v2] __main__: Scanned 3 tokens | High quality: 3 | Alerts sent: 0 | Trade candidates: 3 | Quality out/core/explore/probe: 3/1/2/0 | Opened: 0 | Mode: local | Source: onchain+market | Policy: raw=OK/effective=OK(healthy | route=allow_all) | Regime: YELLOW(avg_cand=2.44) | Safety: checked=3 fail_closed=0 reasons=api_code_4029:3 | FiltersTop(session): safe_age:13,source_qos_cap:5,source_qos_symbol_cap:5,score_min:5 | Dedup: heavy_skip=0 override=0 | V2Budget: 3/280 | SourceQoS: enabled=1/in=3/out=3/dropped=0/active_cd=0/drops=none | Ingest: q=0/oldest=0.0s/drop_old=0/dedup_skip=0/enq=0/drain=0 | Sources: dex_boosts:ok=1/fail=0/429=0/lim_wait=0/cd_wait=0/err=0.0%/avg=37ms; dexscreener:ok=10/fail=0/429=0/lim_wait=0/cd_wait=0/err=0.0%/avg=386ms; onchain_enrich:ok=8/fail=0/429=0/lim_wait=0/cd_wait=0/err=0.0%/avg=71ms | Tasks: 3 | RSS: 0.0MB | CycleAvg: 11.12s
2026-02-27 10:15:50,753 [INFO] [u_station_ab_night_autotune_v2] monitor.onchain_factory: ENRICH_RETRY token=0x7d31650940496aae6e52a5aa00a00d7071048ccd pair=0x20c92aa19dda6a31001f4d06145a5aacfc0f113a attempt=1/2 delay=10s
2026-02-27 10:15:50,753 [INFO] [u_station_ab_night_autotune_v2] monitor.onchain_factory: ENRICH_RETRY token=0xa0ac73ba083f01064a9e466ca07a8983befdab07 pair=0x49badf7e992721f85dc934fca64e9772bcf50013 attempt=1/2 delay=10s
2026-02-27 10:16:01,119 [INFO] [u_station_ab_night_autotune_v2] __main__: WATCHLIST merged count=3
2026-02-27 10:16:01,119 [INFO] [u_station_ab_night_autotune_v2] trading.v2_runtime: V2_UNIVERSE in=3 dedup=3 out=3 target=3 novel_target=3 novel_out=0 repeat_dropped=0 symbol_dropped=0 surge_in=0 surge_target=0 surge_out=0
2026-02-27 10:16:01,135 [INFO] [u_station_ab_night_autotune_v2] __main__: FILTER_PASS token=cbBTC tier=A score=100 mode=YELLOW risk=MEDIUM liq=21643284 vol5m=64303
2026-02-27 10:16:01,136 [INFO] [u_station_ab_night_autotune_v2] __main__: FILTER_PASS token=VIRTUAL tier=A score=95 mode=YELLOW risk=MEDIUM liq=7769252 vol5m=7747
2026-02-27 10:16:01,137 [INFO] [u_station_ab_night_autotune_v2] __main__: FILTER_PASS token=AERO tier=A score=75 mode=YELLOW risk=MEDIUM liq=2685982 vol5m=91
2026-02-27 10:16:01,138 [INFO] [u_station_ab_night_autotune_v2] __main__: V2_QUALITY_GATE enabled=True regime=YELLOW in=3 out=3 core_out=1 explore_out=2 probe_out=0 quota=2 max_symbol_share=0.333 drop={} sources_used={'watchlist': 3}
2026-02-27 10:16:01,138 [INFO] [u_station_ab_night_autotune_v2] __main__: V2_ENTRY_ROUTE enabled=True regime=YELLOW in=3 out=2 core_out=1 explore_out=1 quota=1 allow_explore=True
2026-02-27 10:16:01,138 [INFO] [u_station_ab_night_autotune_v2] __main__: MARKET_REGIME mode=YELLOW reason=hysteresis_recover_wait 1/4 raw=GREEN avg_cand_recent=2.50
2026-02-27 10:16:01,138 [INFO] [u_station_ab_night_autotune_v2] trading.auto_trader: AutoTrade skip token=cbBTC reason=disabled_or_limits detail=max_tx_per_day 180/180
2026-02-27 10:16:01,138 [INFO] [u_station_ab_night_autotune_v2] trading.auto_trader: AutoTrade skip token=VIRTUAL reason=disabled_or_limits detail=max_tx_per_day 180/180
2026-02-27 10:16:01,138 [INFO] [u_station_ab_night_autotune_v2] trading.auto_trader: AutoTrade batch mode=top_n candidates=2 eligible=2 selected=2 opened=0 pe=off burst_window=0
2026-02-27 10:16:01,138 [INFO] [u_station_ab_night_autotune_v2] trading.auto_trader: PAPER_SUMMARY window=60s closed_delta=0 wins_delta=0 losses_delta=0 realized_delta=$0.00 total_closed=90 winrate_total=45.6% realized_total=$0.35 balance=$7.35 equity=$7.35 open=0
2026-02-27 10:16:01,138 [INFO] [u_station_ab_night_autotune_v2] __main__: Scanned 3 tokens | High quality: 3 | Alerts sent: 0 | Trade candidates: 3 | Quality out/core/explore/probe: 3/1/2/0 | Opened: 0 | Mode: local | Source: onchain+market | Policy: raw=OK/effective=OK(healthy | route=allow_all) | Regime: YELLOW(hysteresis_recover_wait 1/4 raw=GREEN) | Safety: checked=3 fail_closed=0 reasons=api_code_4029:3 | FiltersTop(session): safe_age:13,source_qos_cap:5,source_qos_symbol_cap:5,score_min:5 | Dedup: heavy_skip=0 override=0 | V2Budget: 3/280 | SourceQoS: enabled=1/in=3/out=3/dropped=0/active_cd=0/drops=none | Ingest: q=0/oldest=0.0s/drop_old=0/dedup_skip=0/enq=0/drain=0 | Sources: dex_boosts:ok=1/fail=0/429=0/lim_wait=0/cd_wait=0/err=0.0%/avg=46ms; dexscreener:ok=10/fail=0/429=0/lim_wait=0/cd_wait=0/err=0.0%/avg=44ms; onchain_enrich:ok=8/fail=0/429=0/lim_wait=0/cd_wait=0/err=0.0%/avg=71ms; onchain_weth_price:ok=1/fail=0/429=0/lim_wait=0/cd_wait=0/err=0.0%/avg=48ms | Tasks: 3 | RSS: 0.0MB | CycleAvg: 11.08s
2026-02-27 10:16:05,600 [INFO] [u_station_ab_night_autotune_v2] monitor.onchain_factory: ENRICH_RETRY token=0x7d31650940496aae6e52a5aa00a00d7071048ccd pair=0x20c92aa19dda6a31001f4d06145a5aacfc0f113a attempt=1/2 delay=10s
2026-02-27 10:16:05,603 [INFO] [u_station_ab_night_autotune_v2] monitor.onchain_factory: ENRICH_RETRY token=0xa0ac73ba083f01064a9e466ca07a8983befdab07 pair=0x49badf7e992721f85dc934fca64e9772bcf50013 attempt=1/2 delay=10s
2026-02-27 10:16:15,766 [INFO] [u_station_ab_night_autotune_v2] __main__: WATCHLIST merged count=3
2026-02-27 10:16:15,766 [INFO] [u_station_ab_night_autotune_v2] trading.v2_runtime: V2_UNIVERSE in=4 dedup=4 out=4 target=4 novel_target=4 novel_out=1 repeat_dropped=0 symbol_dropped=0 surge_in=0 surge_target=0 surge_out=0
2026-02-27 10:16:15,766 [INFO] [u_station_ab_night_autotune_v2] __main__: V2_SOURCE_QOS_FILTER in=4 out=3 drops={'source_qos_cap': 1} caps={'unknown': 0, 'watchlist': 2}
2026-02-27 10:16:15,766 [INFO] [u_station_ab_night_autotune_v2] __main__: FILTER_FAIL token=AERO reason=source_qos_cap source=watchlist used=2/2
2026-02-27 10:16:15,766 [INFO] [u_station_ab_night_autotune_v2] __main__: FILTER_PASS token=cbBTC tier=A score=100 mode=YELLOW risk=MEDIUM liq=21643284 vol5m=64303
2026-02-27 10:16:15,766 [INFO] [u_station_ab_night_autotune_v2] __main__: FILTER_PASS token=VIRTUAL tier=A score=95 mode=YELLOW risk=MEDIUM liq=7769252 vol5m=7747
2026-02-27 10:16:15,766 [INFO] [u_station_ab_night_autotune_v2] __main__: FILTER_FAIL token=PEWBOT reason=safe_volume vol5m=0 min=6 regime=YELLOW
2026-02-27 10:16:15,766 [INFO] [u_station_ab_night_autotune_v2] __main__: V2_QUALITY_GATE enabled=True regime=YELLOW in=2 out=2 core_out=1 explore_out=1 probe_out=0 quota=1 max_symbol_share=0.500 drop={} sources_used={'watchlist': 2}
2026-02-27 10:16:15,766 [INFO] [u_station_ab_night_autotune_v2] __main__: V2_ENTRY_ROUTE enabled=True regime=YELLOW in=2 out=2 core_out=1 explore_out=1 quota=1 allow_explore=True
2026-02-27 10:16:15,766 [INFO] [u_station_ab_night_autotune_v2] __main__: MARKET_REGIME mode=YELLOW reason=avg_cand=2.45 avg_cand_recent=2.45
2026-02-27 10:16:15,782 [INFO] [u_station_ab_night_autotune_v2] trading.auto_trader: AutoTrade skip token=cbBTC reason=disabled_or_limits detail=max_tx_per_day 180/180
2026-02-27 10:16:15,782 [INFO] [u_station_ab_night_autotune_v2] trading.auto_trader: AutoTrade skip token=VIRTUAL reason=disabled_or_limits detail=max_tx_per_day 180/180
2026-02-27 10:16:15,782 [INFO] [u_station_ab_night_autotune_v2] trading.auto_trader: AutoTrade batch mode=top_n candidates=2 eligible=2 selected=2 opened=0 pe=off burst_window=0
2026-02-27 10:16:15,782 [INFO] [u_station_ab_night_autotune_v2] __main__: Scanned 4 tokens | High quality: 2 | Alerts sent: 0 | Trade candidates: 2 | Quality out/core/explore/probe: 2/1/1/0 | Opened: 0 | Mode: local | Source: onchain+market | Policy: raw=OK/effective=OK(healthy | route=allow_all) | Regime: YELLOW(avg_cand=2.45) | Safety: checked=2 fail_closed=0 reasons=api_code_4029:2 | FiltersTop(session): safe_age:13,source_qos_cap:6,source_qos_symbol_cap:5,score_min:5 | Dedup: heavy_skip=0 override=0 | V2Budget: 2/280 | SourceQoS: enabled=1/in=4/out=3/dropped=1/active_cd=0/drops=source_qos_cap:1 | Ingest: q=1/oldest=10.6s/drop_old=0/dedup_skip=0/enq=1/drain=0 | Sources: dex_boosts:ok=1/fail=0/429=0/lim_wait=0/cd_wait=0/err=0.0%/avg=35ms; dexscreener:ok=10/fail=0/429=0/lim_wait=0/cd_wait=0/err=0.0%/avg=38ms; geckoterminal:ok=1/fail=0/429=0/lim_wait=0/cd_wait=0/err=0.0%/avg=255ms; onchain_enrich:ok=7/fail=0/429=0/lim_wait=0/cd_wait=0/err=0.0%/avg=51ms | Tasks: 3 | RSS: 0.0MB | CycleAvg: 11.06s
2026-02-27 10:16:20,069 [INFO] [u_station_ab_night_autotune_v2] monitor.onchain_factory: PAIR_DETECTED source=uniswap_v2 dex=uniswap_v2 pair=0x94e8e45ec0f379e3f3e8df9219b3c02b91b117fb token0=0x11b241f6039b8653810bb82f31838089fa98eb07 token1=0x4200000000000000000000000000000000000006 block=42697213 factory=0x8909dc15e40173ff4699343b6eb8132c65e18ec6
2026-02-27 10:16:20,390 [INFO] [u_station_ab_night_autotune_v2] monitor.onchain_factory: ENRICH_RETRY token=0x7d31650940496aae6e52a5aa00a00d7071048ccd pair=0x20c92aa19dda6a31001f4d06145a5aacfc0f113a attempt=1/2 delay=10s
2026-02-27 10:16:20,648 [INFO] [u_station_ab_night_autotune_v2] monitor.onchain_factory: ENRICH_RETRY token=0x11b241f6039b8653810bb82f31838089fa98eb07 pair=0x94e8e45ec0f379e3f3e8df9219b3c02b91b117fb attempt=1/2 delay=10s
2026-02-27 10:16:30,732 [INFO] [u_station_ab_night_autotune_v2] __main__: WATCHLIST merged count=3
2026-02-27 10:16:30,732 [INFO] [u_station_ab_night_autotune_v2] trading.v2_runtime: V2_UNIVERSE in=4 dedup=4 out=4 target=4 novel_target=4 novel_out=0 repeat_dropped=0 symbol_dropped=0 surge_in=0 surge_target=0 surge_out=0
2026-02-27 10:16:30,733 [INFO] [u_station_ab_night_autotune_v2] __main__: V2_SOURCE_QOS_FILTER in=4 out=3 drops={'source_qos_cap': 1} caps={'geckoterminal': 287, 'watchlist': 2}
2026-02-27 10:16:30,734 [INFO] [u_station_ab_night_autotune_v2] __main__: FILTER_FAIL token=AERO reason=source_qos_cap source=watchlist used=2/2
2026-02-27 10:16:30,734 [INFO] [u_station_ab_night_autotune_v2] __main__: FILTER_PASS token=cbBTC tier=A score=100 mode=YELLOW risk=MEDIUM liq=21643284 vol5m=64303
2026-02-27 10:16:30,735 [INFO] [u_station_ab_night_autotune_v2] __main__: FILTER_PASS token=VIRTUAL tier=A score=95 mode=YELLOW risk=MEDIUM liq=7769252 vol5m=7747
2026-02-27 10:16:30,736 [INFO] [u_station_ab_night_autotune_v2] __main__: FILTER_FAIL token=PEWBOT reason=score_min score=40 strict_min=48 soft_min=48 mode=YELLOW
2026-02-27 10:16:30,737 [INFO] [u_station_ab_night_autotune_v2] __main__: V2_QUALITY_GATE enabled=True regime=YELLOW in=2 out=2 core_out=1 explore_out=1 probe_out=0 quota=1 max_symbol_share=0.500 drop={} sources_used={'watchlist': 2}
2026-02-27 10:16:30,738 [INFO] [u_station_ab_night_autotune_v2] __main__: V2_ENTRY_ROUTE enabled=True regime=YELLOW in=2 out=2 core_out=1 explore_out=1 quota=1 allow_explore=True
2026-02-27 10:16:30,738 [INFO] [u_station_ab_night_autotune_v2] __main__: MARKET_REGIME mode=YELLOW reason=avg_cand=2.42 avg_cand_recent=2.42
2026-02-27 10:16:30,739 [INFO] [u_station_ab_night_autotune_v2] trading.auto_trader: AutoTrade skip token=cbBTC reason=disabled_or_limits detail=max_tx_per_day 180/180
2026-02-27 10:16:30,740 [INFO] [u_station_ab_night_autotune_v2] trading.auto_trader: AutoTrade skip token=VIRTUAL reason=disabled_or_limits detail=max_tx_per_day 180/180
2026-02-27 10:16:30,740 [INFO] [u_station_ab_night_autotune_v2] trading.auto_trader: AutoTrade batch mode=top_n candidates=2 eligible=2 selected=2 opened=0 pe=off burst_window=0
2026-02-27 10:16:30,741 [INFO] [u_station_ab_night_autotune_v2] __main__: Scanned 4 tokens | High quality: 2 | Alerts sent: 0 | Trade candidates: 2 | Quality out/core/explore/probe: 2/1/1/0 | Opened: 0 | Mode: local | Source: onchain+market | Policy: raw=OK/effective=OK(healthy | route=allow_all) | Regime: YELLOW(avg_cand=2.42) | Safety: checked=2 fail_closed=0 reasons=api_code_4029:2 | FiltersTop(session): safe_age:13,source_qos_cap:7,score_min:6,source_qos_symbol_cap:5 | Dedup: heavy_skip=0 override=0 | V2Budget: 2/280 | SourceQoS: enabled=1/in=4/out=3/dropped=1/active_cd=0/drops=source_qos_cap:1 | Ingest: q=0/oldest=0.0s/drop_old=0/dedup_skip=0/enq=0/drain=1 | Sources: dex_boosts:ok=1/fail=0/429=0/lim_wait=0/cd_wait=0/err=0.0%/avg=40ms; dexscreener:ok=10/fail=0/429=0/lim_wait=0/cd_wait=0/err=0.0%/avg=166ms; onchain_enrich:ok=8/fail=0/429=0/lim_wait=0/cd_wait=0/err=0.0%/avg=92ms | Tasks: 3 | RSS: 0.0MB | CycleAvg: 11.02s
2026-02-27 10:16:35,269 [INFO] [u_station_ab_night_autotune_v2] monitor.onchain_factory: ENRICH_RETRY token=0x11b241f6039b8653810bb82f31838089fa98eb07 pair=0x94e8e45ec0f379e3f3e8df9219b3c02b91b117fb attempt=1/2 delay=10s
2026-02-27 10:16:35,503 [INFO] [u_station_ab_night_autotune_v2] monitor.onchain_factory: ENRICH_RETRY token=0x7d31650940496aae6e52a5aa00a00d7071048ccd pair=0x20c92aa19dda6a31001f4d06145a5aacfc0f113a attempt=1/2 delay=10s
2026-02-27 10:16:45,591 [INFO] [u_station_ab_night_autotune_v2] __main__: WATCHLIST merged count=3
2026-02-27 10:16:45,591 [INFO] [u_station_ab_night_autotune_v2] trading.v2_runtime: V2_UNIVERSE in=3 dedup=3 out=3 target=3 novel_target=3 novel_out=0 repeat_dropped=0 symbol_dropped=0 surge_in=0 surge_target=0 surge_out=0
2026-02-27 10:16:45,591 [INFO] [u_station_ab_night_autotune_v2] __main__: FILTER_PASS token=cbBTC tier=A score=100 mode=YELLOW risk=MEDIUM liq=21643284 vol5m=64303
2026-02-27 10:16:45,591 [INFO] [u_station_ab_night_autotune_v2] __main__: FILTER_PASS token=VIRTUAL tier=A score=95 mode=YELLOW risk=MEDIUM liq=7769252 vol5m=7747
2026-02-27 10:16:45,591 [INFO] [u_station_ab_night_autotune_v2] __main__: FILTER_PASS token=AERO tier=A score=75 mode=YELLOW risk=MEDIUM liq=2685982 vol5m=91
2026-02-27 10:16:45,591 [INFO] [u_station_ab_night_autotune_v2] __main__: V2_QUALITY_GATE enabled=True regime=YELLOW in=3 out=3 core_out=1 explore_out=2 probe_out=0 quota=2 max_symbol_share=0.333 drop={} sources_used={'watchlist': 3}
2026-02-27 10:16:45,591 [INFO] [u_station_ab_night_autotune_v2] __main__: V2_ENTRY_ROUTE enabled=True regime=YELLOW in=3 out=2 core_out=1 explore_out=1 quota=1 allow_explore=True
2026-02-27 10:16:45,591 [INFO] [u_station_ab_night_autotune_v2] __main__: MARKET_REGIME mode=YELLOW reason=hysteresis_recover_wait 1/4 raw=GREEN avg_cand_recent=2.50
2026-02-27 10:16:45,591 [INFO] [u_station_ab_night_autotune_v2] trading.auto_trader: AutoTrade skip token=cbBTC reason=disabled_or_limits detail=max_tx_per_day 180/180
2026-02-27 10:16:45,591 [INFO] [u_station_ab_night_autotune_v2] trading.auto_trader: AutoTrade skip token=VIRTUAL reason=disabled_or_limits detail=max_tx_per_day 180/180
2026-02-27 10:16:45,591 [INFO] [u_station_ab_night_autotune_v2] trading.auto_trader: AutoTrade batch mode=top_n candidates=2 eligible=2 selected=2 opened=0 pe=off burst_window=0
2026-02-27 10:16:45,591 [INFO] [u_station_ab_night_autotune_v2] __main__: Scanned 3 tokens | High quality: 3 | Alerts sent: 0 | Trade candidates: 3 | Quality out/core/explore/probe: 3/1/2/0 | Opened: 0 | Mode: local | Source: onchain+market | Policy: raw=OK/effective=OK(healthy | route=allow_all) | Regime: YELLOW(hysteresis_recover_wait 1/4 raw=GREEN) | Safety: checked=3 fail_closed=0 reasons=api_code_4029:3 | FiltersTop(session): safe_age:13,source_qos_cap:7,score_min:6,source_qos_symbol_cap:5 | Dedup: heavy_skip=0 override=0 | V2Budget: 3/280 | SourceQoS: enabled=1/in=3/out=3/dropped=0/active_cd=0/drops=none | Ingest: q=0/oldest=0.0s/drop_old=0/dedup_skip=0/enq=0/drain=0 | Sources: dex_boosts:ok=1/fail=0/429=0/lim_wait=0/cd_wait=0/err=0.0%/avg=61ms; dexscreener:ok=10/fail=0/429=0/lim_wait=0/cd_wait=0/err=0.0%/avg=44ms; onchain_enrich:ok=8/fail=0/429=0/lim_wait=0/cd_wait=0/err=0.0%/avg=71ms | Tasks: 3 | RSS: 0.0MB | CycleAvg: 11.02s
2026-02-27 10:16:50,137 [INFO] [u_station_ab_night_autotune_v2] monitor.onchain_factory: ENRICH_RETRY token=0x7d31650940496aae6e52a5aa00a00d7071048ccd pair=0x20c92aa19dda6a31001f4d06145a5aacfc0f113a attempt=1/2 delay=10s
2026-02-27 10:16:50,154 [INFO] [u_station_ab_night_autotune_v2] monitor.onchain_factory: ENRICH_RETRY token=0x11b241f6039b8653810bb82f31838089fa98eb07 pair=0x94e8e45ec0f379e3f3e8df9219b3c02b91b117fb attempt=1/2 delay=10s
2026-02-27 10:17:00,237 [INFO] [u_station_ab_night_autotune_v2] __main__: WATCHLIST merged count=3
2026-02-27 10:17:00,237 [INFO] [u_station_ab_night_autotune_v2] trading.v2_runtime: V2_UNIVERSE in=4 dedup=4 out=4 target=4 novel_target=4 novel_out=1 repeat_dropped=0 symbol_dropped=0 surge_in=0 surge_target=0 surge_out=0
2026-02-27 10:17:00,253 [INFO] [u_station_ab_night_autotune_v2] __main__: V2_SOURCE_QOS_FILTER in=4 out=3 drops={'source_qos_cap': 1} caps={'unknown': 0, 'watchlist': 2}
2026-02-27 10:17:00,254 [INFO] [u_station_ab_night_autotune_v2] __main__: FILTER_FAIL token=AERO reason=source_qos_cap source=watchlist used=2/2
2026-02-27 10:17:00,254 [INFO] [u_station_ab_night_autotune_v2] __main__: FILTER_PASS token=cbBTC tier=A score=100 mode=YELLOW risk=MEDIUM liq=21643284 vol5m=64303
2026-02-27 10:17:00,254 [INFO] [u_station_ab_night_autotune_v2] __main__: FILTER_PASS token=VIRTUAL tier=A score=95 mode=YELLOW risk=MEDIUM liq=7769252 vol5m=7747
2026-02-27 10:17:00,254 [INFO] [u_station_ab_night_autotune_v2] __main__: FILTER_FAIL token=苏锦崽 reason=score_min score=40 strict_min=48 soft_min=48 mode=YELLOW
2026-02-27 10:17:00,254 [INFO] [u_station_ab_night_autotune_v2] __main__: V2_QUALITY_GATE enabled=True regime=YELLOW in=2 out=2 core_out=1 explore_out=1 probe_out=0 quota=1 max_symbol_share=0.500 drop={} sources_used={'watchlist': 2}
2026-02-27 10:17:00,254 [INFO] [u_station_ab_night_autotune_v2] __main__: V2_ENTRY_ROUTE enabled=True regime=YELLOW in=2 out=2 core_out=1 explore_out=1 quota=1 allow_explore=True
2026-02-27 10:17:00,254 [INFO] [u_station_ab_night_autotune_v2] __main__: MARKET_REGIME mode=YELLOW reason=hysteresis_recover_wait 2/4 raw=GREEN avg_cand_recent=2.50
2026-02-27 10:17:00,254 [INFO] [u_station_ab_night_autotune_v2] trading.auto_trader: AutoTrade skip token=cbBTC reason=disabled_or_limits detail=max_tx_per_day 180/180
2026-02-27 10:17:00,254 [INFO] [u_station_ab_night_autotune_v2] trading.auto_trader: AutoTrade skip token=VIRTUAL reason=disabled_or_limits detail=max_tx_per_day 180/180
2026-02-27 10:17:00,254 [INFO] [u_station_ab_night_autotune_v2] trading.auto_trader: AutoTrade batch mode=top_n candidates=2 eligible=2 selected=2 opened=0 pe=off burst_window=0
2026-02-27 10:17:00,254 [INFO] [u_station_ab_night_autotune_v2] __main__: Scanned 4 tokens | High quality: 2 | Alerts sent: 0 | Trade candidates: 2 | Quality out/core/explore/probe: 2/1/1/0 | Opened: 0 | Mode: local | Source: onchain+market | Policy: raw=OK/effective=OK(healthy | route=allow_all) | Regime: YELLOW(hysteresis_recover_wait 2/4 raw=GREEN) | Safety: checked=2 fail_closed=0 reasons=api_code_4029:2 | FiltersTop(session): safe_age:13,source_qos_cap:8,score_min:7,source_qos_symbol_cap:5 | Dedup: heavy_skip=0 override=0 | V2Budget: 2/280 | SourceQoS: enabled=1/in=4/out=3/dropped=1/active_cd=0/drops=source_qos_cap:1 | Ingest: q=0/oldest=0.0s/drop_old=0/dedup_skip=0/enq=0/drain=0 | Sources: dex_boosts:ok=1/fail=0/429=0/lim_wait=0/cd_wait=0/err=0.0%/avg=51ms; dexscreener:ok=10/fail=0/429=0/lim_wait=0/cd_wait=0/err=0.0%/avg=63ms; onchain_enrich:ok=7/fail=0/429=0/lim_wait=0/cd_wait=0/err=0.0%/avg=57ms | Tasks: 3 | RSS: 0.0MB | CycleAvg: 11.00s
2026-02-27 10:17:04,553 [INFO] [u_station_ab_night_autotune_v2] monitor.onchain_factory: PAIR_DETECTED source=uniswap_v2 dex=uniswap_v2 pair=0xa7b3cf327d3fe2c473b90815c76800231d6912a3 token0=0x4200000000000000000000000000000000000006 token1=0x5a790f35a570fb46cfd43ff2465262c89de109ba block=42697230 factory=0x8909dc15e40173ff4699343b6eb8132c65e18ec6
2026-02-27 10:17:04,803 [INFO] [u_station_ab_night_autotune_v2] monitor.onchain_factory: ENRICH_RETRY token=0x7d31650940496aae6e52a5aa00a00d7071048ccd pair=0x20c92aa19dda6a31001f4d06145a5aacfc0f113a attempt=1/2 delay=10s
2026-02-27 10:17:04,920 [INFO] [u_station_ab_night_autotune_v2] monitor.onchain_factory: ENRICH_RETRY token=0x5a790f35a570fb46cfd43ff2465262c89de109ba pair=0xa7b3cf327d3fe2c473b90815c76800231d6912a3 attempt=1/2 delay=10s
2026-02-27 10:17:15,433 [INFO] [u_station_ab_night_autotune_v2] __main__: WATCHLIST merged count=3
2026-02-27 10:17:15,449 [INFO] [u_station_ab_night_autotune_v2] trading.v2_runtime: V2_UNIVERSE in=3 dedup=3 out=3 target=3 novel_target=3 novel_out=0 repeat_dropped=0 symbol_dropped=0 surge_in=0 surge_target=0 surge_out=0
2026-02-27 10:17:15,449 [INFO] [u_station_ab_night_autotune_v2] __main__: FILTER_PASS token=cbBTC tier=A score=100 mode=YELLOW risk=MEDIUM liq=21643284 vol5m=64303
2026-02-27 10:17:15,449 [INFO] [u_station_ab_night_autotune_v2] __main__: FILTER_PASS token=VIRTUAL tier=A score=95 mode=YELLOW risk=MEDIUM liq=7769252 vol5m=7747
2026-02-27 10:17:15,453 [INFO] [u_station_ab_night_autotune_v2] __main__: FILTER_PASS token=AERO tier=A score=75 mode=YELLOW risk=MEDIUM liq=2685982 vol5m=91
2026-02-27 10:17:15,453 [INFO] [u_station_ab_night_autotune_v2] __main__: V2_QUALITY_GATE enabled=True regime=YELLOW in=3 out=3 core_out=1 explore_out=2 probe_out=0 quota=2 max_symbol_share=0.333 drop={} sources_used={'watchlist': 3}
2026-02-27 10:17:15,453 [INFO] [u_station_ab_night_autotune_v2] __main__: V2_ENTRY_ROUTE enabled=True regime=YELLOW in=3 out=2 core_out=1 explore_out=1 quota=1 allow_explore=True
2026-02-27 10:17:15,453 [INFO] [u_station_ab_night_autotune_v2] __main__: MARKET_REGIME mode=YELLOW reason=hysteresis_recover_wait 3/4 raw=GREEN avg_cand_recent=2.58
2026-02-27 10:17:15,453 [INFO] [u_station_ab_night_autotune_v2] trading.auto_trader: AutoTrade skip token=cbBTC reason=disabled_or_limits detail=max_tx_per_day 180/180
2026-02-27 10:17:15,453 [INFO] [u_station_ab_night_autotune_v2] trading.auto_trader: AutoTrade skip token=VIRTUAL reason=disabled_or_limits detail=max_tx_per_day 180/180
2026-02-27 10:17:15,453 [INFO] [u_station_ab_night_autotune_v2] trading.auto_trader: AutoTrade batch mode=top_n candidates=2 eligible=2 selected=2 opened=0 pe=off burst_window=0
2026-02-27 10:17:15,453 [INFO] [u_station_ab_night_autotune_v2] trading.auto_trader: PAPER_SUMMARY window=60s closed_delta=0 wins_delta=0 losses_delta=0 realized_delta=$0.00 total_closed=90 winrate_total=45.6% realized_total=$0.35 balance=$7.35 equity=$7.35 open=0
2026-02-27 10:17:15,453 [INFO] [u_station_ab_night_autotune_v2] __main__: Scanned 3 tokens | High quality: 3 | Alerts sent: 0 | Trade candidates: 3 | Quality out/core/explore/probe: 3/1/2/0 | Opened: 0 | Mode: local | Source: onchain+market | Policy: raw=OK/effective=OK(healthy | route=allow_all) | Regime: YELLOW(hysteresis_recover_wait 3/4 raw=GREEN) | Safety: checked=3 fail_closed=0 reasons=api_code_4029:3 | FiltersTop(session): safe_age:13,source_qos_cap:8,score_min:7,source_qos_symbol_cap:5 | Dedup: heavy_skip=0 override=0 | V2Budget: 3/280 | SourceQoS: enabled=1/in=3/out=3/dropped=0/active_cd=0/drops=none | Ingest: q=0/oldest=0.0s/drop_old=0/dedup_skip=0/enq=0/drain=0 | Sources: dex_boosts:ok=1/fail=0/429=0/lim_wait=0/cd_wait=0/err=0.0%/avg=41ms; dexscreener:ok=10/fail=0/429=0/lim_wait=0/cd_wait=0/err=0.0%/avg=224ms; onchain_enrich:ok=8/fail=0/429=0/lim_wait=0/cd_wait=0/err=0.0%/avg=139ms; onchain_weth_price:ok=1/fail=0/429=0/lim_wait=0/cd_wait=0/err=0.0%/avg=65ms | Tasks: 3 | RSS: 0.0MB | CycleAvg: 10.98s
2026-02-27 10:17:19,885 [INFO] [u_station_ab_night_autotune_v2] monitor.onchain_factory: ENRICH_RETRY token=0x7d31650940496aae6e52a5aa00a00d7071048ccd pair=0x20c92aa19dda6a31001f4d06145a5aacfc0f113a attempt=1/2 delay=10s
2026-02-27 10:17:19,901 [INFO] [u_station_ab_night_autotune_v2] monitor.onchain_factory: ENRICH_RETRY token=0x5a790f35a570fb46cfd43ff2465262c89de109ba pair=0xa7b3cf327d3fe2c473b90815c76800231d6912a3 attempt=1/2 delay=10s
2026-02-27 10:17:29,964 [INFO] [u_station_ab_night_autotune_v2] __main__: WATCHLIST merged count=3
2026-02-27 10:17:29,964 [INFO] [u_station_ab_night_autotune_v2] trading.v2_runtime: V2_UNIVERSE in=3 dedup=3 out=3 target=3 novel_target=3 novel_out=0 repeat_dropped=0 symbol_dropped=0 surge_in=0 surge_target=0 surge_out=0
2026-02-27 10:17:29,964 [INFO] [u_station_ab_night_autotune_v2] __main__: FILTER_PASS token=cbBTC tier=A score=100 mode=YELLOW risk=MEDIUM liq=21643284 vol5m=64303
2026-02-27 10:17:29,964 [INFO] [u_station_ab_night_autotune_v2] __main__: FILTER_PASS token=VIRTUAL tier=A score=95 mode=YELLOW risk=MEDIUM liq=7769252 vol5m=7747
2026-02-27 10:17:29,964 [INFO] [u_station_ab_night_autotune_v2] __main__: FILTER_PASS token=AERO tier=A score=75 mode=YELLOW risk=MEDIUM liq=2685982 vol5m=91
2026-02-27 10:17:29,964 [INFO] [u_station_ab_night_autotune_v2] __main__: V2_QUALITY_GATE enabled=True regime=GREEN in=3 out=3 core_out=1 explore_out=2 probe_out=0 quota=2 max_symbol_share=0.333 drop={} sources_used={'watchlist': 3}
2026-02-27 10:17:29,964 [INFO] [u_station_ab_night_autotune_v2] __main__: V2_ENTRY_ROUTE enabled=True regime=GREEN in=3 out=2 core_out=1 explore_out=1 quota=1 allow_explore=True
2026-02-27 10:17:29,964 [INFO] [u_station_ab_night_autotune_v2] __main__: MARKET_REGIME mode=GREEN reason=avg_cand=2.67 avg_cand_recent=2.67
2026-02-27 10:17:29,964 [WARNING] [u_station_ab_night_autotune_v2] monitor.local_alerter: Local event symbol=MARKET_MODE reco=GREEN risk=INFO
2026-02-27 10:17:29,964 [INFO] [u_station_ab_night_autotune_v2] trading.auto_trader: AutoTrade skip token=cbBTC reason=disabled_or_limits detail=max_tx_per_day 180/180
2026-02-27 10:17:29,964 [INFO] [u_station_ab_night_autotune_v2] trading.auto_trader: AutoTrade skip token=VIRTUAL reason=disabled_or_limits detail=max_tx_per_day 180/180
2026-02-27 10:17:29,964 [INFO] [u_station_ab_night_autotune_v2] trading.auto_trader: AutoTrade batch mode=top_n candidates=2 eligible=2 selected=2 opened=0 pe=off burst_window=0
2026-02-27 10:17:29,964 [INFO] [u_station_ab_night_autotune_v2] __main__: Scanned 3 tokens | High quality: 3 | Alerts sent: 0 | Trade candidates: 3 | Quality out/core/explore/probe: 3/1/2/0 | Opened: 0 | Mode: local | Source: onchain+market | Policy: raw=OK/effective=OK(healthy | route=allow_all) | Regime: GREEN(avg_cand=2.67) | Safety: checked=3 fail_closed=0 reasons=api_code_4029:3 | FiltersTop(session): safe_age:13,source_qos_cap:8,score_min:7,source_qos_symbol_cap:5 | Dedup: heavy_skip=0 override=0 | V2Budget: 3/280 | SourceQoS: enabled=1/in=3/out=3/dropped=0/active_cd=0/drops=none | Ingest: q=1/oldest=9.6s/drop_old=0/dedup_skip=0/enq=1/drain=0 | Sources: dex_boosts:ok=1/fail=0/429=0/lim_wait=0/cd_wait=0/err=0.0%/avg=45ms; dexscreener:ok=10/fail=0/429=0/lim_wait=0/cd_wait=0/err=0.0%/avg=69ms; geckoterminal:ok=1/fail=0/429=0/lim_wait=0/cd_wait=0/err=0.0%/avg=225ms; onchain_enrich:ok=8/fail=0/429=0/lim_wait=0/cd_wait=0/err=0.0%/avg=31ms | Tasks: 3 | RSS: 0.0MB | CycleAvg: 10.99s
2026-02-27 10:17:34,240 [INFO] [u_station_ab_night_autotune_v2] monitor.onchain_factory: PAIR_DETECTED source=uniswap_v2 dex=uniswap_v2 pair=0xe01089eaf0b954d027c204eae9e30abf76f2db90 token0=0x4200000000000000000000000000000000000006 token1=0xcc4996bdb43c8161dfe255fde8fcdd6a83b8ab07 block=42697246 factory=0x8909dc15e40173ff4699343b6eb8132c65e18ec6
2026-02-27 10:17:34,460 [INFO] [u_station_ab_night_autotune_v2] monitor.onchain_factory: ENRICH_RETRY token=0x7d31650940496aae6e52a5aa00a00d7071048ccd pair=0x20c92aa19dda6a31001f4d06145a5aacfc0f113a attempt=1/2 delay=10s
2026-02-27 10:17:34,519 [INFO] [u_station_ab_night_autotune_v2] monitor.onchain_factory: ENRICH_RETRY token=0x5a790f35a570fb46cfd43ff2465262c89de109ba pair=0xa7b3cf327d3fe2c473b90815c76800231d6912a3 attempt=1/2 delay=10s
2026-02-27 10:17:34,688 [INFO] [u_station_ab_night_autotune_v2] monitor.onchain_factory: ENRICH_RETRY token=0xcc4996bdb43c8161dfe255fde8fcdd6a83b8ab07 pair=0xe01089eaf0b954d027c204eae9e30abf76f2db90 attempt=1/2 delay=10s
2026-02-27 10:17:44,772 [INFO] [u_station_ab_night_autotune_v2] __main__: WATCHLIST merged count=3
2026-02-27 10:17:44,773 [INFO] [u_station_ab_night_autotune_v2] trading.v2_runtime: V2_UNIVERSE in=5 dedup=5 out=5 target=5 novel_target=5 novel_out=1 repeat_dropped=0 symbol_dropped=0 surge_in=1 surge_target=1 surge_out=1
2026-02-27 10:17:44,773 [INFO] [u_station_ab_night_autotune_v2] __main__: V2_SOURCE_QOS_FILTER in=5 out=4 drops={'source_qos_cap': 1} caps={'geckoterminal': 287, 'unknown': 0, 'watchlist': 2}
2026-02-27 10:17:44,774 [INFO] [u_station_ab_night_autotune_v2] __main__: FILTER_FAIL token=AERO reason=source_qos_cap source=watchlist used=2/2
2026-02-27 10:17:44,775 [INFO] [u_station_ab_night_autotune_v2] __main__: FILTER_PASS token=cbBTC tier=A score=100 mode=GREEN risk=MEDIUM liq=21643284 vol5m=64303
2026-02-27 10:17:44,776 [INFO] [u_station_ab_night_autotune_v2] __main__: FILTER_FAIL token=苏锦崽 reason=safe_age
2026-02-27 10:17:44,777 [INFO] [u_station_ab_night_autotune_v2] __main__: FILTER_FAIL token=Jellybean reason=score_min score=30 strict_min=48 soft_min=48 mode=GREEN
2026-02-27 10:17:44,777 [INFO] [u_station_ab_night_autotune_v2] __main__: FILTER_PASS token=VIRTUAL tier=A score=95 mode=GREEN risk=MEDIUM liq=7769252 vol5m=7747
2026-02-27 10:17:44,778 [INFO] [u_station_ab_night_autotune_v2] __main__: V2_QUALITY_GATE enabled=True regime=GREEN in=2 out=2 core_out=1 explore_out=1 probe_out=0 quota=1 max_symbol_share=0.500 drop={} sources_used={'watchlist': 2}
2026-02-27 10:17:44,779 [INFO] [u_station_ab_night_autotune_v2] __main__: V2_ENTRY_ROUTE enabled=True regime=GREEN in=2 out=2 core_out=1 explore_out=1 quota=1 allow_explore=True
2026-02-27 10:17:44,779 [INFO] [u_station_ab_night_autotune_v2] __main__: MARKET_REGIME mode=GREEN reason=avg_cand=2.58 avg_cand_recent=2.58
2026-02-27 10:17:44,780 [INFO] [u_station_ab_night_autotune_v2] trading.auto_trader: AutoTrade skip token=cbBTC reason=disabled_or_limits detail=max_tx_per_day 180/180
2026-02-27 10:17:44,782 [INFO] [u_station_ab_night_autotune_v2] trading.auto_trader: AutoTrade skip token=VIRTUAL reason=disabled_or_limits detail=max_tx_per_day 180/180
2026-02-27 10:17:44,783 [INFO] [u_station_ab_night_autotune_v2] trading.auto_trader: AutoTrade batch mode=top_n candidates=2 eligible=2 selected=2 opened=0 pe=off burst_window=0
2026-02-27 10:17:44,784 [INFO] [u_station_ab_night_autotune_v2] __main__: Scanned 5 tokens | High quality: 2 | Alerts sent: 0 | Trade candidates: 2 | Quality out/core/explore/probe: 2/1/1/0 | Opened: 0 | Mode: local | Source: onchain+market | Policy: raw=OK/effective=OK(healthy | route=allow_all) | Regime: GREEN(avg_cand=2.58) | Safety: checked=2 fail_closed=0 reasons=api_code_4029:2 | FiltersTop(session): safe_age:14,source_qos_cap:9,score_min:8,source_qos_symbol_cap:5 | Dedup: heavy_skip=0 override=0 | V2Budget: 2/280 | SourceQoS: enabled=1/in=5/out=4/dropped=1/active_cd=0/drops=source_qos_cap:1 | Ingest: q=0/oldest=0.0s/drop_old=0/dedup_skip=0/enq=0/drain=1 | Sources: dex_boosts:ok=1/fail=0/429=0/lim_wait=0/cd_wait=0/err=0.0%/avg=58ms; dexscreener:ok=10/fail=0/429=0/lim_wait=0/cd_wait=0/err=0.0%/avg=43ms; onchain_enrich:ok=11/fail=0/429=0/lim_wait=0/cd_wait=0/err=0.0%/avg=62ms | Tasks: 3 | RSS: 0.0MB | CycleAvg: 10.96s
2026-02-27 10:17:48,787 [WARNING] [u_station_ab_night_autotune_v2] __main__: GRACEFUL_STOP requested path=D:\earnforme\solana-alert-bot\data\graceful_stop.u_station_ab_night_autotune_v2.signal
2026-02-27 10:17:48,844 [INFO] [u_station_ab_night_autotune_v2] trading.auto_trader: AUTOTRADER_SHUTDOWN reason=main_local_shutdown open=0 closed=90
