2026-02-26 22:36:09,766 [INFO] [u_station_ab_night_autotune_v2] __main__: SESSION_LOG file=logs/matrix/u_station_ab_night_autotune_v2\sessions\main_local_20260226_213609_pid15536.log
2026-02-26 22:36:09,787 [INFO] [u_station_ab_night_autotune_v2] trading.auto_trader_state: AutoTrade state loaded open=0 closed=0 balance=$7.00
2026-02-26 22:36:09,796 [WARNING] [u_station_ab_night_autotune_v2] trading.auto_trader: DATA_POLICY mode=OK reason=init_reset_manual prev_mode=OK prev_reason=
2026-02-26 22:36:09,797 [INFO] [u_station_ab_night_autotune_v2] __main__: AUTOTRADER_INIT state=ready reason=manual mode=paper
2026-02-26 22:36:09,797 [INFO] [u_station_ab_night_autotune_v2] __main__: Local mode started (Telegram disabled).
2026-02-26 22:36:10,180 [INFO] [u_station_ab_night_autotune_v2] monitor.onchain_factory: PAIR_DETECTED source=uniswap_v2 dex=uniswap_v2 pair=0xd53f8947fba6a69d81fbe172a6320a79cb26e103 token0=0x4200000000000000000000000000000000000006 token1=0x8dec3002239e6f3a78e8c825e8e30a6fa2d8ec16 block=42676182 factory=0x8909dc15e40173ff4699343b6eb8132c65e18ec6
2026-02-26 22:36:12,111 [INFO] [u_station_ab_night_autotune_v2] __main__: WATCHLIST merged count=3
2026-02-26 22:36:12,111 [INFO] [u_station_ab_night_autotune_v2] trading.v2_runtime: V2_UNIVERSE in=18 dedup=18 out=18 target=18 novel_target=16 novel_out=18 repeat_dropped=0 symbol_dropped=0 surge_in=7 surge_target=5 surge_out=7
2026-02-26 22:36:12,112 [INFO] [u_station_ab_night_autotune_v2] __main__: V2_SOURCE_QOS_FILTER in=18 out=17 drops={'source_qos_symbol_cap': 1} caps={'geckoterminal': 287, 'dexscreener': 292, 'watchlist': 6}
2026-02-26 22:36:12,113 [INFO] [u_station_ab_night_autotune_v2] __main__: FILTER_FAIL token=Chompleton reason=source_qos_symbol_cap symbol=CHOMPLETON used=1/1
2026-02-26 22:36:12,115 [INFO] [u_station_ab_night_autotune_v2] __main__: FILTER_FAIL token=QUACA reason=safe_contract
2026-02-26 22:36:12,116 [INFO] [u_station_ab_night_autotune_v2] __main__: FILTER_FAIL token=BENCHMARK reason=safe_change_5m
2026-02-26 22:36:12,117 [INFO] [u_station_ab_night_autotune_v2] __main__: FILTER_FAIL token=Chompleton reason=safe_change_5m
2026-02-26 22:36:12,119 [INFO] [u_station_ab_night_autotune_v2] __main__: FILTER_FAIL token=AGNTCLAWK reason=safe_change_5m
2026-02-26 22:36:12,120 [INFO] [u_station_ab_night_autotune_v2] __main__: FILTER_FAIL token=KrillClaw reason=safe_age
2026-02-26 22:36:12,121 [INFO] [u_station_ab_night_autotune_v2] __main__: FILTER_FAIL token=AMC reason=safe_age
2026-02-26 22:36:12,123 [INFO] [u_station_ab_night_autotune_v2] __main__: FILTER_FAIL token=GZERO reason=safe_age
2026-02-26 22:36:12,123 [INFO] [u_station_ab_night_autotune_v2] __main__: FILTER_PASS token=VIRTERN tier=A score=60 mode=YELLOW risk=MEDIUM liq=131723 vol5m=1100
2026-02-26 22:36:12,124 [INFO] [u_station_ab_night_autotune_v2] monitor.local_alerter: Local alert token=VIRTERN address=0x5e22c23c11bc7ccf93be87ef147be467f912c612 score=60 reco=HOLD risk=MEDIUM warnings=0 liq=131723 vol5m=1100
2026-02-26 22:36:12,125 [INFO] [u_station_ab_night_autotune_v2] __main__: FILTER_PASS token=cbBTC tier=A score=100 mode=YELLOW risk=MEDIUM liq=19529818 vol5m=20884
2026-02-26 22:36:12,126 [INFO] [u_station_ab_night_autotune_v2] __main__: FILTER_PASS token=AERO tier=A score=85 mode=YELLOW risk=MEDIUM liq=1463448 vol5m=4135
2026-02-26 22:36:12,128 [INFO] [u_station_ab_night_autotune_v2] __main__: FILTER_FAIL token=ZONECLAW reason=safe_age
2026-02-26 22:36:12,130 [INFO] [u_station_ab_night_autotune_v2] __main__: FILTER_PASS token=VIRTUAL tier=A score=85 mode=YELLOW risk=MEDIUM liq=7325334 vol5m=2727
2026-02-26 22:36:12,131 [INFO] [u_station_ab_night_autotune_v2] __main__: FILTER_FAIL token=BASEG reason=score_min score=40 strict_min=48 soft_min=48 mode=YELLOW
2026-02-26 22:36:12,133 [INFO] [u_station_ab_night_autotune_v2] __main__: FILTER_FAIL token=DOBA reason=safe_volume vol5m=0 min=6 regime=YELLOW
2026-02-26 22:36:12,135 [INFO] [u_station_ab_night_autotune_v2] __main__: FILTER_FAIL token=CLAWDICT reason=safe_volume vol5m=0 min=6 regime=YELLOW
2026-02-26 22:36:12,136 [INFO] [u_station_ab_night_autotune_v2] __main__: FILTER_FAIL token=Railway reason=safe_volume vol5m=0 min=6 regime=YELLOW
2026-02-26 22:36:12,137 [INFO] [u_station_ab_night_autotune_v2] __main__: FILTER_FAIL token=FINE reason=safe_volume vol5m=0 min=6 regime=YELLOW
2026-02-26 22:36:12,138 [INFO] [u_station_ab_night_autotune_v2] trading.v2_runtime: V2_QUALITY_ROTATE symbols_core=0 symbols_cooldown=0 sources=0 top_core=- top_cooldown=-
2026-02-26 22:36:12,140 [INFO] [u_station_ab_night_autotune_v2] __main__: V2_QUALITY_GATE enabled=True regime=YELLOW in=4 out=4 core_out=1 explore_out=3 probe_out=0 quota=3 max_symbol_share=0.250 drop={} sources_used={'watchlist': 3, 'geckoterminal': 1}
2026-02-26 22:36:12,140 [INFO] [u_station_ab_night_autotune_v2] __main__: V2_ENTRY_ROUTE enabled=True regime=YELLOW in=4 out=3 core_out=1 explore_out=2 quota=2 allow_explore=True
2026-02-26 22:36:12,141 [WARNING] [u_station_ab_night_autotune_v2] trading.auto_trader: DATA_POLICY mode=OK reason=healthy | route=allow_all prev_mode=OK prev_reason=init_reset_manual
2026-02-26 22:36:12,142 [INFO] [u_station_ab_night_autotune_v2] __main__: MARKET_REGIME mode=YELLOW reason=hysteresis_recover_wait 1/4 raw=GREEN avg_cand_recent=4.00
2026-02-26 22:36:12,163 [INFO] [u_station_ab_night_autotune_v2] trading.auto_trader: AutoTrade skip token=cbBTC reason=ev_net_low expected_net=$-0.00145 min=$-0.00099 samples=43 conf=1.00 pwin=0.51 avg_win=$0.0097 avg_loss=$0.0120 kelly=0.000 mem=sparse trades=0<6
2026-02-26 22:36:12,184 [INFO] [u_station_ab_night_autotune_v2] trading.auto_trader: AutoTrade adjust token=VIRTUAL reason=min_trade_floor size=$0.06->$0.10 min=$0.10
2026-02-26 22:36:12,185 [INFO] [u_station_ab_night_autotune_v2] trading.auto_trader: AutoTrade skip token=VIRTUAL reason=edge_low mode=both edge=-26.03% raw=-24.10% mult=1.08 min=0.05% probe_min=0.05% edge_usd=$-0.026 min_usd=$0.000 probe_min_usd=$0.000 size=$0.10 gross=6.40% costs=30.50% pwin=0.65 probe=- budget=0/1
2026-02-26 22:36:12,187 [INFO] [u_station_ab_night_autotune_v2] trading.auto_trader: AutoTrade adjust token=AERO reason=min_trade_floor size=$0.07->$0.10 min=$0.10
2026-02-26 22:36:12,189 [INFO] [u_station_ab_night_autotune_v2] trading.auto_trader: AutoTrade skip token=AERO reason=edge_low mode=both edge=-26.03% raw=-24.10% mult=1.08 min=0.05% probe_min=0.05% edge_usd=$-0.026 min_usd=$0.000 probe_min_usd=$0.000 size=$0.10 gross=6.40% costs=30.50% pwin=0.65 probe=- budget=0/1
2026-02-26 22:36:12,190 [INFO] [u_station_ab_night_autotune_v2] trading.auto_trader: AutoTrade batch mode=top_n candidates=3 eligible=3 selected=3 opened=0 pe=off burst_window=0
2026-02-26 22:36:12,191 [INFO] [u_station_ab_night_autotune_v2] __main__: FILTER_THRESHOLDS safe_volume_5m_min=$5 safe_liquidity_min=$8000 safe_age_min=240s score_min=48 edge_min=0.05% lock_floor=0.95 no_momentum_max_pnl=0.25 weakness_pnl=-2.60
2026-02-26 22:36:12,192 [INFO] [u_station_ab_night_autotune_v2] __main__: Scanned 18 tokens | High quality: 9 | Alerts sent: 1 | Trade candidates: 4 | Quality out/core/explore/probe: 4/1/3/0 | Opened: 0 | Mode: local | Source: onchain+market | Policy: raw=OK/effective=OK(healthy | route=allow_all) | Regime: YELLOW(hysteresis_recover_wait 1/4 raw=GREEN) | Safety: checked=5 fail_closed=0 reasons=api_code_4029:5 | FiltersTop(session): safe_age:4,safe_volume:4,safe_change_5m:3,source_qos_symbol_cap:1 | Dedup: heavy_skip=0 override=0 | V2Budget: 5/280 | SourceQoS: enabled=1/in=18/out=17/dropped=1/active_cd=0/drops=source_qos_symbol_cap:1 | Ingest: q=0/oldest=0.0s/drop_old=0/dedup_skip=0/enq=14/drain=14 | Sources: dex_boosts:ok=1/fail=0/429=0/lim_wait=0/cd_wait=0/err=0.0%/avg=136ms; dexscreener:ok=12/fail=0/429=0/lim_wait=0/cd_wait=0/err=0.0%/avg=225ms; geckoterminal:ok=2/fail=0/429=0/lim_wait=0/cd_wait=0/err=0.0%/avg=128ms; onchain_enrich:ok=1/fail=0/429=0/lim_wait=0/cd_wait=0/err=0.0%/avg=122ms; watchlist_dex:ok=10/fail=0/429=0/lim_wait=0/cd_wait=0/err=0.0%/avg=100ms; watchlist_gecko:ok=6/fail=0/429=0/lim_wait=0/cd_wait=0/err=0.0%/avg=632ms | Tasks: 3 | RSS: 0.0MB | CycleAvg: 0.00s
2026-02-26 22:36:16,629 [INFO] [u_station_ab_night_autotune_v2] __main__: WATCHLIST merged count=3
2026-02-26 22:36:16,629 [INFO] [u_station_ab_night_autotune_v2] trading.v2_runtime: V2_UNIVERSE in=3 dedup=3 out=3 target=3 novel_target=3 novel_out=0 repeat_dropped=0 symbol_dropped=0 surge_in=0 surge_target=0 surge_out=0
2026-02-26 22:36:16,630 [INFO] [u_station_ab_night_autotune_v2] __main__: FILTER_PASS token=cbBTC tier=A score=100 mode=YELLOW risk=MEDIUM liq=19529818 vol5m=20884
2026-02-26 22:36:16,631 [INFO] [u_station_ab_night_autotune_v2] __main__: FILTER_PASS token=AERO tier=A score=85 mode=YELLOW risk=MEDIUM liq=1463448 vol5m=4135
2026-02-26 22:36:16,633 [INFO] [u_station_ab_night_autotune_v2] __main__: FILTER_PASS token=VIRTUAL tier=A score=85 mode=YELLOW risk=MEDIUM liq=7325334 vol5m=2727
2026-02-26 22:36:16,634 [INFO] [u_station_ab_night_autotune_v2] __main__: V2_QUALITY_GATE enabled=True regime=YELLOW in=3 out=3 core_out=1 explore_out=2 probe_out=0 quota=2 max_symbol_share=0.333 drop={'source_budget': 1, 'duplicate_address': 2} sources_used={'watchlist': 3}
2026-02-26 22:36:16,637 [INFO] [u_station_ab_night_autotune_v2] __main__: V2_ENTRY_ROUTE enabled=True regime=YELLOW in=3 out=2 core_out=1 explore_out=1 quota=1 allow_explore=True
2026-02-26 22:36:16,637 [INFO] [u_station_ab_night_autotune_v2] __main__: MARKET_REGIME mode=YELLOW reason=hysteresis_recover_wait 2/4 raw=GREEN avg_cand_recent=3.50
2026-02-26 22:36:16,639 [INFO] [u_station_ab_night_autotune_v2] trading.auto_trader: AutoTrade skip token=cbBTC reason=ev_net_low expected_net=$-0.00145 min=$-0.00099 samples=43 conf=1.00 pwin=0.51 avg_win=$0.0097 avg_loss=$0.0120 kelly=0.000 mem=sparse trades=0<6
2026-02-26 22:36:16,640 [INFO] [u_station_ab_night_autotune_v2] trading.auto_trader: AutoTrade adjust token=VIRTUAL reason=min_trade_floor size=$0.06->$0.10 min=$0.10
2026-02-26 22:36:16,641 [INFO] [u_station_ab_night_autotune_v2] trading.auto_trader: AutoTrade skip token=VIRTUAL reason=edge_low mode=both edge=-26.03% raw=-24.10% mult=1.08 min=0.05% probe_min=0.05% edge_usd=$-0.026 min_usd=$0.000 probe_min_usd=$0.000 size=$0.10 gross=6.40% costs=30.50% pwin=0.65 probe=- budget=0/1
2026-02-26 22:36:16,642 [INFO] [u_station_ab_night_autotune_v2] trading.auto_trader: AutoTrade batch mode=top_n candidates=2 eligible=2 selected=2 opened=0 pe=off burst_window=0
2026-02-26 22:36:16,643 [INFO] [u_station_ab_night_autotune_v2] __main__: Scanned 3 tokens | High quality: 3 | Alerts sent: 0 | Trade candidates: 3 | Quality out/core/explore/probe: 3/1/2/0 | Opened: 0 | Mode: local | Source: onchain+market | Policy: raw=OK/effective=OK(healthy | route=allow_all) | Regime: YELLOW(hysteresis_recover_wait 2/4 raw=GREEN) | Safety: checked=3 fail_closed=0 reasons=api_code_4029:3 | FiltersTop(session): safe_age:4,safe_volume:4,safe_change_5m:3,source_qos_symbol_cap:1 | Dedup: heavy_skip=0 override=0 | V2Budget: 3/280 | SourceQoS: enabled=1/in=3/out=3/dropped=0/active_cd=0/drops=none | Ingest: q=0/oldest=0.0s/drop_old=0/dedup_skip=0/enq=0/drain=0 | Sources: dex_boosts:ok=1/fail=0/429=0/lim_wait=0/cd_wait=0/err=0.0%/avg=36ms; dexscreener:ok=12/fail=0/429=0/lim_wait=0/cd_wait=0/err=0.0%/avg=50ms | Tasks: 3 | RSS: 0.0MB | CycleAvg: 2.39s
2026-02-26 22:36:21,094 [INFO] [u_station_ab_night_autotune_v2] __main__: WATCHLIST merged count=3
2026-02-26 22:36:21,094 [INFO] [u_station_ab_night_autotune_v2] trading.v2_runtime: V2_UNIVERSE in=3 dedup=3 out=3 target=3 novel_target=3 novel_out=0 repeat_dropped=0 symbol_dropped=0 surge_in=0 surge_target=0 surge_out=0
2026-02-26 22:36:21,095 [INFO] [u_station_ab_night_autotune_v2] __main__: FILTER_PASS token=cbBTC tier=A score=100 mode=YELLOW risk=MEDIUM liq=19529818 vol5m=20884
2026-02-26 22:36:21,096 [INFO] [u_station_ab_night_autotune_v2] __main__: FILTER_PASS token=AERO tier=A score=85 mode=YELLOW risk=MEDIUM liq=1463448 vol5m=4135
2026-02-26 22:36:21,097 [INFO] [u_station_ab_night_autotune_v2] __main__: FILTER_PASS token=VIRTUAL tier=A score=85 mode=YELLOW risk=MEDIUM liq=7325334 vol5m=2727
2026-02-26 22:36:21,098 [INFO] [u_station_ab_night_autotune_v2] __main__: V2_QUALITY_GATE enabled=True regime=YELLOW in=3 out=3 core_out=1 explore_out=2 probe_out=0 quota=2 max_symbol_share=0.333 drop={'source_budget': 1, 'duplicate_address': 2} sources_used={'watchlist': 3}
2026-02-26 22:36:21,100 [INFO] [u_station_ab_night_autotune_v2] __main__: V2_ENTRY_ROUTE enabled=True regime=YELLOW in=3 out=2 core_out=1 explore_out=1 quota=1 allow_explore=True
2026-02-26 22:36:21,101 [INFO] [u_station_ab_night_autotune_v2] __main__: MARKET_REGIME mode=YELLOW reason=hysteresis_recover_wait 3/4 raw=GREEN avg_cand_recent=3.33
2026-02-26 22:36:21,103 [INFO] [u_station_ab_night_autotune_v2] trading.auto_trader: AutoTrade skip token=cbBTC reason=ev_net_low expected_net=$-0.00145 min=$-0.00099 samples=43 conf=1.00 pwin=0.51 avg_win=$0.0097 avg_loss=$0.0120 kelly=0.000 mem=sparse trades=0<6
2026-02-26 22:36:21,104 [INFO] [u_station_ab_night_autotune_v2] trading.auto_trader: AutoTrade adjust token=VIRTUAL reason=min_trade_floor size=$0.06->$0.10 min=$0.10
2026-02-26 22:36:21,105 [INFO] [u_station_ab_night_autotune_v2] trading.auto_trader: AutoTrade skip token=VIRTUAL reason=edge_low mode=both edge=-26.03% raw=-24.10% mult=1.08 min=0.05% probe_min=0.05% edge_usd=$-0.026 min_usd=$0.000 probe_min_usd=$0.000 size=$0.10 gross=6.40% costs=30.50% pwin=0.65 probe=- budget=0/1
2026-02-26 22:36:21,106 [INFO] [u_station_ab_night_autotune_v2] trading.auto_trader: AutoTrade batch mode=top_n candidates=2 eligible=2 selected=2 opened=0 pe=off burst_window=0
2026-02-26 22:36:21,107 [INFO] [u_station_ab_night_autotune_v2] __main__: Scanned 3 tokens | High quality: 3 | Alerts sent: 0 | Trade candidates: 3 | Quality out/core/explore/probe: 3/1/2/0 | Opened: 0 | Mode: local | Source: onchain+market | Policy: raw=OK/effective=OK(healthy | route=allow_all) | Regime: YELLOW(hysteresis_recover_wait 3/4 raw=GREEN) | Safety: checked=3 fail_closed=0 reasons=api_code_4029:3 | FiltersTop(session): safe_age:4,safe_volume:4,safe_change_5m:3,source_qos_symbol_cap:1 | Dedup: heavy_skip=0 override=0 | V2Budget: 3/280 | SourceQoS: enabled=1/in=3/out=3/dropped=0/active_cd=0/drops=none | Ingest: q=0/oldest=0.0s/drop_old=0/dedup_skip=0/enq=0/drain=0 | Sources: dex_boosts:ok=1/fail=0/429=0/lim_wait=0/cd_wait=0/err=0.0%/avg=60ms; dexscreener:ok=12/fail=0/429=0/lim_wait=0/cd_wait=0/err=0.0%/avg=42ms | Tasks: 3 | RSS: 0.0MB | CycleAvg: 1.42s
2026-02-26 22:36:25,113 [WARNING] [u_station_ab_night_autotune_v2] __main__: GRACEFUL_STOP requested path=D:\earnforme\solana-alert-bot\data\graceful_stop.u_station_ab_night_autotune_v2.signal
2026-02-26 22:36:25,237 [INFO] [u_station_ab_night_autotune_v2] trading.auto_trader: AUTOTRADER_SHUTDOWN reason=main_local_shutdown open=0 closed=0
