2026-02-28 13:34:52,901 [INFO] [u_station_ab_night_autotune_v2] __main__: SESSION_LOG file=logs/matrix/u_station_ab_night_autotune_v2\sessions\main_local_20260228_123452_pid18064.log
2026-02-28 13:34:52,938 [INFO] [u_station_ab_night_autotune_v2] trading.auto_trader_state: AutoTrade state loaded open=0 closed=194 balance=$7.73
2026-02-28 13:34:52,951 [WARNING] [u_station_ab_night_autotune_v2] trading.auto_trader: DATA_POLICY mode=OK reason=init_reset_manual prev_mode=OK prev_reason=healthy | route=allow_all
2026-02-28 13:34:52,952 [INFO] [u_station_ab_night_autotune_v2] __main__: AUTOTRADER_INIT state=ready reason=manual mode=paper
2026-02-28 13:34:52,954 [INFO] [u_station_ab_night_autotune_v2] __main__: Local mode started (Telegram disabled).
2026-02-28 13:34:53,067 [WARNING] [u_station_ab_night_autotune_v2] __main__: RUNTIME_TUNER_CONTROL active run_tag=u_station_ab_night_autotune_v2: local adaptive controllers locked (kpi/calibration/rolling/orchestrator).
2026-02-28 13:34:53,069 [WARNING] [u_station_ab_night_autotune_v2] __main__: RUNTIME_TUNER_HOT_APPLY run_tag=u_station_ab_night_autotune_v2 keys=2 details=AUTO_TRADE_TOP_N,PAPER_TRADE_SIZE_MAX_USD
2026-02-28 13:34:55,098 [WARNING] [u_station_ab_night_autotune_v2] monitor.watchlist: WATCHLIST low_supply fallback strict=3 final=3 min=12 relax_factor=0.50
2026-02-28 13:34:55,230 [WARNING] [u_station_ab_night_autotune_v2] monitor.watchlist: WATCHLIST low_supply fallback added=4 final=7
2026-02-28 13:34:55,231 [INFO] [u_station_ab_night_autotune_v2] __main__: WATCHLIST merged count=7
2026-02-28 13:34:55,233 [INFO] [u_station_ab_night_autotune_v2] trading.v2_runtime: V2_UNIVERSE in=19 dedup=19 out=19 target=19 novel_target=17 novel_out=19 repeat_dropped=0 symbol_dropped=0 surge_in=7 surge_target=5 surge_out=7
2026-02-28 13:34:55,234 [INFO] [u_station_ab_night_autotune_v2] __main__: FILTER_FAIL token=bwomb reason=safe_change_5m
2026-02-28 13:34:55,235 [INFO] [u_station_ab_night_autotune_v2] __main__: FILTER_PASS token=LMAOOOOOO tier=A score=90 mode=YELLOW risk=MEDIUM liq=21590 vol5m=48896
2026-02-28 13:34:55,237 [INFO] [u_station_ab_night_autotune_v2] monitor.local_alerter: Local alert token=LMAOOOOOO address=0xe967beed8729a3e05b2a9009cdac0fa1f72eab07 score=90 reco=BUY risk=MEDIUM warnings=0 liq=21590 vol5m=48896
2026-02-28 13:34:55,238 [INFO] [u_station_ab_night_autotune_v2] __main__: FILTER_FAIL token=KellyClaud reason=safe_change_5m
2026-02-28 13:34:55,239 [INFO] [u_station_ab_night_autotune_v2] __main__: FILTER_FAIL token=Peace reason=safe_change_5m
2026-02-28 13:34:55,240 [INFO] [u_station_ab_night_autotune_v2] __main__: FILTER_FAIL token=AMAI reason=safe_age
2026-02-28 13:34:55,242 [INFO] [u_station_ab_night_autotune_v2] __main__: FILTER_FAIL token=MIMO reason=safe_change_5m
2026-02-28 13:34:55,243 [INFO] [u_station_ab_night_autotune_v2] __main__: FILTER_PASS token=ADS tier=A score=70 mode=YELLOW risk=MEDIUM liq=22335 vol5m=3492
2026-02-28 13:34:55,244 [INFO] [u_station_ab_night_autotune_v2] monitor.local_alerter: Local alert token=ADS address=0xb19e6293d7313235fe526889b43e80641c5ccba3 score=70 reco=BUY risk=MEDIUM warnings=0 liq=22335 vol5m=3492
2026-02-28 13:34:55,245 [INFO] [u_station_ab_night_autotune_v2] __main__: FILTER_PASS token=cbBTC tier=A score=100 mode=YELLOW risk=MEDIUM liq=18545822 vol5m=55761
2026-02-28 13:34:55,247 [INFO] [u_station_ab_night_autotune_v2] __main__: FILTER_FAIL token=AMAI reason=safe_contract
2026-02-28 13:34:55,248 [INFO] [u_station_ab_night_autotune_v2] __main__: FILTER_PASS token=WORK tier=A score=60 mode=YELLOW risk=MEDIUM liq=122502 vol5m=1279
2026-02-28 13:34:55,250 [INFO] [u_station_ab_night_autotune_v2] monitor.local_alerter: Local alert token=WORK address=0xba7b70ec3433010010cc6ea08418c57c543141eb score=60 reco=HOLD risk=MEDIUM warnings=0 liq=122502 vol5m=1279
2026-02-28 13:34:55,251 [INFO] [u_station_ab_night_autotune_v2] __main__: FILTER_PASS token=BADONK tier=A score=60 mode=YELLOW risk=MEDIUM liq=44940 vol5m=1413
2026-02-28 13:34:55,252 [INFO] [u_station_ab_night_autotune_v2] monitor.local_alerter: Local alert token=BADONK address=0xa215e4f62c4a52a6f26f58f1f0b333a21b15d2ed score=60 reco=HOLD risk=MEDIUM warnings=0 liq=44940 vol5m=1413
2026-02-28 13:34:55,254 [INFO] [u_station_ab_night_autotune_v2] __main__: FILTER_FAIL token=ODAI reason=blacklist honeypot_guard:simulation_failed,simulation_error,flag:high_fail_rate
2026-02-28 13:34:55,255 [INFO] [u_station_ab_night_autotune_v2] __main__: FILTER_PASS token=VIRTUAL tier=A score=75 mode=YELLOW risk=MEDIUM liq=6864514 vol5m=508
2026-02-28 13:34:55,256 [INFO] [u_station_ab_night_autotune_v2] __main__: FILTER_PASS token=BASE tier=A score=75 mode=YELLOW risk=MEDIUM liq=42396 vol5m=1329
2026-02-28 13:34:55,258 [INFO] [u_station_ab_night_autotune_v2] __main__: FILTER_FAIL token=KARIR reason=safe_volume vol5m=2 min=6 regime=YELLOW
2026-02-28 13:34:55,259 [INFO] [u_station_ab_night_autotune_v2] __main__: FILTER_PASS token=AERO tier=A score=75 mode=YELLOW risk=MEDIUM liq=2442087 vol5m=9
2026-02-28 13:34:55,261 [INFO] [u_station_ab_night_autotune_v2] __main__: FILTER_FAIL token=QUAN reason=safe_volume vol5m=0 min=6 regime=YELLOW
2026-02-28 13:34:55,262 [INFO] [u_station_ab_night_autotune_v2] __main__: FILTER_FAIL token=DEFI.ssi reason=safe_volume vol5m=0 min=6 regime=YELLOW
2026-02-28 13:34:55,264 [INFO] [u_station_ab_night_autotune_v2] __main__: FILTER_FAIL token=USD₮0 reason=safe_volume vol5m=0 min=6 regime=YELLOW
2026-02-28 13:34:55,265 [INFO] [u_station_ab_night_autotune_v2] trading.v2_runtime: V2_QUALITY_ROTATE symbols_core=0 symbols_cooldown=0 sources=1 top_core=- top_cooldown=-
2026-02-28 13:34:55,266 [INFO] [u_station_ab_night_autotune_v2] __main__: V2_QUALITY_GATE enabled=True regime=YELLOW in=8 out=8 core_out=1 explore_out=7 probe_out=0 quota=3 max_symbol_share=0.125 drop={} sources_used={'watchlist': 4, 'geckoterminal': 4}
2026-02-28 13:34:55,267 [INFO] [u_station_ab_night_autotune_v2] __main__: V2_ENTRY_ROUTE enabled=True regime=YELLOW in=8 out=4 core_out=1 explore_out=3 quota=3 allow_explore=True
2026-02-28 13:34:55,268 [WARNING] [u_station_ab_night_autotune_v2] trading.auto_trader: DATA_POLICY mode=OK reason=healthy | route=allow_all prev_mode=OK prev_reason=init_reset_manual
2026-02-28 13:34:55,269 [INFO] [u_station_ab_night_autotune_v2] __main__: MARKET_REGIME mode=YELLOW reason=hysteresis_recover_wait 1/4 raw=GREEN avg_cand_recent=8.00
2026-02-28 13:34:55,293 [INFO] [u_station_ab_night_autotune_v2] trading.auto_trader: AutoTrade skip token=LMAOOOOOO reason=edge_low mode=both edge=-11.81% raw=-10.93% mult=1.08 min=0.05% probe_min=0.05% edge_usd=$-0.020 min_usd=$0.000 probe_min_usd=$0.000 size=$0.17 gross=8.00% costs=18.93% pwin=0.75 probe=- budget=0/1
2026-02-28 13:34:55,294 [INFO] [u_station_ab_night_autotune_v2] trading.auto_trader: AutoTrade skip token=cbBTC reason=symbol_cooldown_left_207s
2026-02-28 13:34:55,321 [INFO] [u_station_ab_night_autotune_v2] trading.auto_trader: AutoTrade adjust token=VIRTUAL reason=min_trade_floor size=$0.03->$0.10 min=$0.10
2026-02-28 13:34:55,322 [INFO] [u_station_ab_night_autotune_v2] trading.auto_trader: AutoTrade skip token=VIRTUAL reason=edge_low mode=both edge=-29.70% raw=-27.50% mult=1.08 min=0.05% probe_min=0.05% edge_usd=$-0.030 min_usd=$0.000 probe_min_usd=$0.000 size=$0.10 gross=3.20% costs=30.70% pwin=0.45 probe=- budget=0/1
2026-02-28 13:34:55,323 [INFO] [u_station_ab_night_autotune_v2] trading.auto_trader: AutoTrade batch mode=top_n candidates=4 eligible=4 selected=3 opened=0 pe=off burst_window=0
2026-02-28 13:34:55,325 [INFO] [u_station_ab_night_autotune_v2] __main__: FILTER_THRESHOLDS safe_volume_5m_min=$5 safe_liquidity_min=$8000 safe_age_min=240s score_min=48 edge_min=0.05% lock_floor=0.95 no_momentum_max_pnl=0.25 weakness_pnl=-2.60
2026-02-28 13:34:55,326 [INFO] [u_station_ab_night_autotune_v2] __main__: Scanned 19 tokens | High quality: 13 | Alerts sent: 4 | Trade candidates: 8 | Quality out/core/explore/probe: 8/1/7/0 | Opened: 0 | Mode: local | Source: onchain+market | Policy: raw=OK/effective=OK(healthy | route=allow_all) | Regime: YELLOW(hysteresis_recover_wait 1/4 raw=GREEN) | Safety: checked=9 fail_closed=0 reasons=api_code_4029:9 | FiltersTop(session): safe_change_5m:4,safe_volume:4,safe_age:1,safe_contract:1 | Dedup: heavy_skip=0 override=0 | V2Budget: 9/280 | SourceQoS: enabled=1/in=19/out=19/dropped=0/active_cd=0/drops=none | Ingest: q=0/oldest=0.0s/drop_old=0/dedup_skip=0/enq=12/drain=12 | Sources: dex_boosts:ok=1/fail=0/429=0/lim_wait=0/cd_wait=0/err=0.0%/avg=75ms; dexscreener:ok=10/fail=0/429=0/lim_wait=0/cd_wait=0/err=0.0%/avg=284ms; geckoterminal:ok=2/fail=0/429=0/lim_wait=0/cd_wait=0/err=0.0%/avg=100ms; watchlist_dex:ok=20/fail=0/429=0/lim_wait=0/cd_wait=0/err=0.0%/avg=62ms; watchlist_gecko:ok=8/fail=0/429=0/lim_wait=0/cd_wait=0/err=0.0%/avg=406ms | Tasks: 3 | RSS: 0.0MB | CycleAvg: 0.00s
2026-02-28 13:34:59,890 [INFO] [u_station_ab_night_autotune_v2] __main__: WATCHLIST merged count=7
2026-02-28 13:34:59,892 [INFO] [u_station_ab_night_autotune_v2] trading.v2_runtime: V2_UNIVERSE in=7 dedup=7 out=6 target=6 novel_target=6 novel_out=0 repeat_dropped=1 symbol_dropped=0 surge_in=0 surge_target=0 surge_out=0
2026-02-28 13:34:59,893 [INFO] [u_station_ab_night_autotune_v2] __main__: V2_UNIVERSE cycle=2 before=7 after=6
2026-02-28 13:34:59,894 [INFO] [u_station_ab_night_autotune_v2] __main__: FILTER_PASS token=cbBTC tier=A score=100 mode=YELLOW risk=MEDIUM liq=18545822 vol5m=55761
2026-02-28 13:34:59,895 [INFO] [u_station_ab_night_autotune_v2] __main__: FILTER_FAIL token=ODAI reason=blacklist honeypot_guard:simulation_failed,simulation_error,flag:high_fail_rate
2026-02-28 13:34:59,896 [INFO] [u_station_ab_night_autotune_v2] __main__: FILTER_PASS token=VIRTUAL tier=A score=75 mode=YELLOW risk=MEDIUM liq=6864514 vol5m=508
2026-02-28 13:34:59,898 [INFO] [u_station_ab_night_autotune_v2] __main__: FILTER_PASS token=BASE tier=A score=75 mode=YELLOW risk=MEDIUM liq=42396 vol5m=1329
2026-02-28 13:34:59,900 [INFO] [u_station_ab_night_autotune_v2] __main__: FILTER_FAIL token=DEFI.ssi reason=safe_volume vol5m=0 min=6 regime=YELLOW
2026-02-28 13:34:59,901 [INFO] [u_station_ab_night_autotune_v2] __main__: FILTER_FAIL token=USD₮0 reason=safe_volume vol5m=0 min=6 regime=YELLOW
2026-02-28 13:34:59,903 [INFO] [u_station_ab_night_autotune_v2] __main__: V2_QUALITY_GATE enabled=True regime=YELLOW in=3 out=3 core_out=1 explore_out=2 probe_out=0 quota=2 max_symbol_share=0.333 drop={} sources_used={'watchlist': 3}
2026-02-28 13:34:59,904 [INFO] [u_station_ab_night_autotune_v2] __main__: V2_ENTRY_ROUTE enabled=True regime=YELLOW in=3 out=2 core_out=1 explore_out=1 quota=1 allow_explore=True
2026-02-28 13:34:59,904 [INFO] [u_station_ab_night_autotune_v2] __main__: MARKET_REGIME mode=YELLOW reason=hysteresis_recover_wait 2/4 raw=GREEN avg_cand_recent=5.50
2026-02-28 13:34:59,907 [INFO] [u_station_ab_night_autotune_v2] trading.auto_trader: AutoTrade skip token=cbBTC reason=symbol_cooldown_left_203s
2026-02-28 13:34:59,910 [INFO] [u_station_ab_night_autotune_v2] trading.auto_trader: AutoTrade adjust token=VIRTUAL reason=min_trade_floor size=$0.03->$0.10 min=$0.10
2026-02-28 13:34:59,911 [INFO] [u_station_ab_night_autotune_v2] trading.auto_trader: AutoTrade skip token=VIRTUAL reason=edge_low mode=both edge=-29.70% raw=-27.50% mult=1.08 min=0.05% probe_min=0.05% edge_usd=$-0.030 min_usd=$0.000 probe_min_usd=$0.000 size=$0.10 gross=3.20% costs=30.70% pwin=0.45 probe=- budget=0/1
2026-02-28 13:34:59,912 [INFO] [u_station_ab_night_autotune_v2] trading.auto_trader: AutoTrade batch mode=top_n candidates=2 eligible=2 selected=2 opened=0 pe=off burst_window=0
2026-02-28 13:34:59,914 [INFO] [u_station_ab_night_autotune_v2] __main__: Scanned 6 tokens | High quality: 5 | Alerts sent: 0 | Trade candidates: 3 | Quality out/core/explore/probe: 3/1/2/0 | Opened: 0 | Mode: local | Source: onchain+market | Policy: raw=OK/effective=OK(healthy | route=allow_all) | Regime: YELLOW(hysteresis_recover_wait 2/4 raw=GREEN) | Safety: checked=3 fail_closed=0 reasons=api_code_4029:3 | FiltersTop(session): safe_volume:6,safe_change_5m:4,blacklist:2,safe_age:1 | Dedup: heavy_skip=0 override=0 | V2Budget: 3/280 | SourceQoS: enabled=1/in=6/out=6/dropped=0/active_cd=0/drops=none | Ingest: q=0/oldest=0.0s/drop_old=0/dedup_skip=0/enq=0/drain=0 | Sources: dex_boosts:ok=1/fail=0/429=0/lim_wait=0/cd_wait=0/err=0.0%/avg=32ms; dexscreener:ok=10/fail=0/429=0/lim_wait=0/cd_wait=0/err=0.0%/avg=41ms | Tasks: 3 | RSS: 0.0MB | CycleAvg: 2.26s
2026-02-28 13:35:04,442 [INFO] [u_station_ab_night_autotune_v2] __main__: WATCHLIST merged count=7
2026-02-28 13:35:04,443 [INFO] [u_station_ab_night_autotune_v2] trading.v2_runtime: V2_UNIVERSE in=7 dedup=7 out=6 target=6 novel_target=6 novel_out=0 repeat_dropped=1 symbol_dropped=0 surge_in=0 surge_target=0 surge_out=0
2026-02-28 13:35:04,444 [INFO] [u_station_ab_night_autotune_v2] __main__: V2_UNIVERSE cycle=3 before=7 after=6
2026-02-28 13:35:04,445 [INFO] [u_station_ab_night_autotune_v2] __main__: FILTER_PASS token=cbBTC tier=A score=100 mode=YELLOW risk=MEDIUM liq=18545822 vol5m=55761
2026-02-28 13:35:04,447 [INFO] [u_station_ab_night_autotune_v2] __main__: FILTER_FAIL token=ODAI reason=blacklist honeypot_guard:simulation_failed,simulation_error,flag:high_fail_rate
2026-02-28 13:35:04,447 [INFO] [u_station_ab_night_autotune_v2] __main__: FILTER_PASS token=VIRTUAL tier=A score=75 mode=YELLOW risk=MEDIUM liq=6864514 vol5m=508
2026-02-28 13:35:04,448 [INFO] [u_station_ab_night_autotune_v2] __main__: FILTER_PASS token=BASE tier=A score=75 mode=YELLOW risk=MEDIUM liq=42396 vol5m=1329
2026-02-28 13:35:04,450 [INFO] [u_station_ab_night_autotune_v2] __main__: FILTER_FAIL token=DEFI.ssi reason=safe_volume vol5m=0 min=6 regime=YELLOW
2026-02-28 13:35:04,451 [INFO] [u_station_ab_night_autotune_v2] __main__: FILTER_FAIL token=USD₮0 reason=safe_volume vol5m=0 min=6 regime=YELLOW
2026-02-28 13:35:04,452 [INFO] [u_station_ab_night_autotune_v2] __main__: V2_QUALITY_GATE enabled=True regime=YELLOW in=3 out=3 core_out=1 explore_out=2 probe_out=0 quota=2 max_symbol_share=0.333 drop={} sources_used={'watchlist': 3}
2026-02-28 13:35:04,453 [INFO] [u_station_ab_night_autotune_v2] __main__: V2_ENTRY_ROUTE enabled=True regime=YELLOW in=3 out=2 core_out=1 explore_out=1 quota=1 allow_explore=True
2026-02-28 13:35:04,453 [INFO] [u_station_ab_night_autotune_v2] __main__: MARKET_REGIME mode=YELLOW reason=hysteresis_recover_wait 3/4 raw=GREEN avg_cand_recent=4.67
2026-02-28 13:35:04,454 [INFO] [u_station_ab_night_autotune_v2] trading.auto_trader: AutoTrade skip token=cbBTC reason=symbol_cooldown_left_198s
2026-02-28 13:35:04,456 [INFO] [u_station_ab_night_autotune_v2] trading.auto_trader: AutoTrade adjust token=VIRTUAL reason=min_trade_floor size=$0.03->$0.10 min=$0.10
2026-02-28 13:35:04,458 [INFO] [u_station_ab_night_autotune_v2] trading.auto_trader: AutoTrade skip token=VIRTUAL reason=edge_low mode=both edge=-29.70% raw=-27.50% mult=1.08 min=0.05% probe_min=0.05% edge_usd=$-0.030 min_usd=$0.000 probe_min_usd=$0.000 size=$0.10 gross=3.20% costs=30.70% pwin=0.45 probe=- budget=0/1
2026-02-28 13:35:04,459 [INFO] [u_station_ab_night_autotune_v2] trading.auto_trader: AutoTrade batch mode=top_n candidates=2 eligible=2 selected=2 opened=0 pe=off burst_window=0
2026-02-28 13:35:04,460 [INFO] [u_station_ab_night_autotune_v2] __main__: Scanned 6 tokens | High quality: 5 | Alerts sent: 0 | Trade candidates: 3 | Quality out/core/explore/probe: 3/1/2/0 | Opened: 0 | Mode: local | Source: onchain+market | Policy: raw=OK/effective=OK(healthy | route=allow_all) | Regime: YELLOW(hysteresis_recover_wait 3/4 raw=GREEN) | Safety: checked=3 fail_closed=0 reasons=api_code_4029:3 | FiltersTop(session): safe_volume:8,safe_change_5m:4,blacklist:3,safe_age:1 | Dedup: heavy_skip=0 override=0 | V2Budget: 3/280 | SourceQoS: enabled=1/in=6/out=6/dropped=0/active_cd=0/drops=none | Ingest: q=0/oldest=0.0s/drop_old=0/dedup_skip=0/enq=0/drain=0 | Sources: dex_boosts:ok=1/fail=0/429=0/lim_wait=0/cd_wait=0/err=0.0%/avg=36ms; dexscreener:ok=10/fail=0/429=0/lim_wait=0/cd_wait=0/err=0.0%/avg=43ms | Tasks: 3 | RSS: 0.0MB | CycleAvg: 1.36s
2026-02-28 13:35:09,003 [INFO] [u_station_ab_night_autotune_v2] __main__: WATCHLIST merged count=7
2026-02-28 13:35:09,004 [INFO] [u_station_ab_night_autotune_v2] trading.v2_runtime: V2_UNIVERSE in=7 dedup=7 out=6 target=6 novel_target=6 novel_out=0 repeat_dropped=1 symbol_dropped=0 surge_in=0 surge_target=0 surge_out=0
2026-02-28 13:35:09,004 [INFO] [u_station_ab_night_autotune_v2] __main__: V2_UNIVERSE cycle=4 before=7 after=6
2026-02-28 13:35:09,005 [INFO] [u_station_ab_night_autotune_v2] __main__: FILTER_PASS token=cbBTC tier=A score=100 mode=YELLOW risk=MEDIUM liq=18545822 vol5m=55761
2026-02-28 13:35:09,006 [INFO] [u_station_ab_night_autotune_v2] __main__: FILTER_FAIL token=ODAI reason=blacklist honeypot_guard:simulation_failed,simulation_error,flag:high_fail_rate
2026-02-28 13:35:09,007 [INFO] [u_station_ab_night_autotune_v2] __main__: FILTER_PASS token=VIRTUAL tier=A score=75 mode=YELLOW risk=MEDIUM liq=6864514 vol5m=508
2026-02-28 13:35:09,008 [INFO] [u_station_ab_night_autotune_v2] __main__: FILTER_PASS token=BASE tier=A score=75 mode=YELLOW risk=MEDIUM liq=42396 vol5m=1329
2026-02-28 13:35:09,009 [INFO] [u_station_ab_night_autotune_v2] __main__: FILTER_FAIL token=DEFI.ssi reason=safe_volume vol5m=0 min=6 regime=YELLOW
2026-02-28 13:35:09,010 [INFO] [u_station_ab_night_autotune_v2] __main__: FILTER_FAIL token=USD₮0 reason=safe_volume vol5m=0 min=6 regime=YELLOW
2026-02-28 13:35:09,011 [INFO] [u_station_ab_night_autotune_v2] __main__: V2_QUALITY_GATE enabled=True regime=GREEN in=3 out=3 core_out=1 explore_out=2 probe_out=0 quota=2 max_symbol_share=0.333 drop={} sources_used={'watchlist': 3}
2026-02-28 13:35:09,013 [INFO] [u_station_ab_night_autotune_v2] __main__: V2_ENTRY_ROUTE enabled=True regime=GREEN in=3 out=2 core_out=1 explore_out=1 quota=1 allow_explore=True
2026-02-28 13:35:09,013 [INFO] [u_station_ab_night_autotune_v2] __main__: MARKET_REGIME mode=GREEN reason=avg_cand=4.25 avg_cand_recent=4.25
2026-02-28 13:35:09,014 [WARNING] [u_station_ab_night_autotune_v2] monitor.local_alerter: Local event symbol=MARKET_MODE reco=GREEN risk=INFO
2026-02-28 13:35:09,016 [INFO] [u_station_ab_night_autotune_v2] trading.auto_trader: AutoTrade skip token=cbBTC reason=symbol_cooldown_left_194s
2026-02-28 13:35:09,018 [INFO] [u_station_ab_night_autotune_v2] trading.auto_trader: AutoTrade adjust token=VIRTUAL reason=min_trade_floor size=$0.03->$0.10 min=$0.10
2026-02-28 13:35:09,019 [INFO] [u_station_ab_night_autotune_v2] trading.auto_trader: AutoTrade skip token=VIRTUAL reason=edge_low mode=both edge=-29.70% raw=-27.50% mult=1.08 min=0.05% probe_min=0.05% edge_usd=$-0.030 min_usd=$0.000 probe_min_usd=$0.000 size=$0.10 gross=3.20% costs=30.70% pwin=0.45 probe=- budget=0/1
2026-02-28 13:35:09,020 [INFO] [u_station_ab_night_autotune_v2] trading.auto_trader: AutoTrade batch mode=top_n candidates=2 eligible=2 selected=2 opened=0 pe=off burst_window=0
2026-02-28 13:35:09,021 [INFO] [u_station_ab_night_autotune_v2] __main__: Scanned 6 tokens | High quality: 5 | Alerts sent: 0 | Trade candidates: 3 | Quality out/core/explore/probe: 3/1/2/0 | Opened: 0 | Mode: local | Source: onchain+market | Policy: raw=OK/effective=OK(healthy | route=allow_all) | Regime: GREEN(avg_cand=4.25) | Safety: checked=3 fail_closed=0 reasons=api_code_4029:3 | FiltersTop(session): safe_volume:10,safe_change_5m:4,blacklist:4,safe_age:1 | Dedup: heavy_skip=0 override=0 | V2Budget: 3/280 | SourceQoS: enabled=1/in=6/out=6/dropped=0/active_cd=0/drops=none | Ingest: q=0/oldest=0.0s/drop_old=0/dedup_skip=0/enq=0/drain=0 | Sources: dex_boosts:ok=1/fail=0/429=0/lim_wait=0/cd_wait=0/err=0.0%/avg=35ms; dexscreener:ok=10/fail=0/429=0/lim_wait=0/cd_wait=0/err=0.0%/avg=41ms | Tasks: 3 | RSS: 0.0MB | CycleAvg: 1.05s
