2026-02-27 09:38:52,504 [INFO] [u_station_ab_night_autotune_v2] __main__: SESSION_LOG file=logs/matrix/u_station_ab_night_autotune_v2\sessions\main_local_20260227_083852_pid2700.log
2026-02-27 09:38:52,537 [INFO] [u_station_ab_night_autotune_v2] trading.auto_trader_state: AutoTrade state loaded open=0 closed=90 balance=$7.35
2026-02-27 09:38:52,537 [WARNING] [u_station_ab_night_autotune_v2] trading.auto_trader: DATA_POLICY mode=OK reason=init_reset_manual prev_mode=OK prev_reason=healthy | route=allow_all
2026-02-27 09:38:52,537 [INFO] [u_station_ab_night_autotune_v2] __main__: AUTOTRADER_INIT state=ready reason=manual mode=paper
2026-02-27 09:38:52,537 [INFO] [u_station_ab_night_autotune_v2] __main__: Local mode started (Telegram disabled).
2026-02-27 09:38:52,954 [INFO] [u_station_ab_night_autotune_v2] monitor.onchain_factory: PAIR_DETECTED source=uniswap_v2 dex=uniswap_v2 pair=0x574f0f84bdbdad7bc36ccb0d6de30d47e6633154 token0=0x4200000000000000000000000000000000000006 token1=0x88614b64a490214436d604e3c317278442ffdb92 block=42696015 factory=0x8909dc15e40173ff4699343b6eb8132c65e18ec6
2026-02-27 09:38:52,954 [INFO] [u_station_ab_night_autotune_v2] monitor.onchain_factory: PAIR_DETECTED source=uniswap_v2 dex=uniswap_v2 pair=0x173d8753d32832d9898d2cd22c2272423e80076e token0=0x357fb0610e4329c65b24c6f3424cf8b288aec13f token1=0x4200000000000000000000000000000000000006 block=42696062 factory=0x8909dc15e40173ff4699343b6eb8132c65e18ec6
2026-02-27 09:38:53,396 [INFO] [u_station_ab_night_autotune_v2] monitor.onchain_factory: ENRICH_RETRY token=0x357fb0610e4329c65b24c6f3424cf8b288aec13f pair=0x173d8753d32832d9898d2cd22c2272423e80076e attempt=1/2 delay=10s
2026-02-27 09:39:04,703 [INFO] [u_station_ab_night_autotune_v2] __main__: WATCHLIST merged count=5
2026-02-27 09:39:04,703 [INFO] [u_station_ab_night_autotune_v2] trading.v2_runtime: V2_UNIVERSE in=17 dedup=17 out=17 target=17 novel_target=15 novel_out=17 repeat_dropped=0 symbol_dropped=0 surge_in=7 surge_target=5 surge_out=7
2026-02-27 09:39:04,719 [INFO] [u_station_ab_night_autotune_v2] __main__: V2_SOURCE_QOS_FILTER in=17 out=13 drops={'source_qos_symbol_cap': 1, 'source_qos_cap': 3} caps={'geckoterminal': 287, 'watchlist': 2, 'unknown': 0}
2026-02-27 09:39:04,720 [INFO] [u_station_ab_night_autotune_v2] __main__: FILTER_FAIL token=CHARLES reason=source_qos_symbol_cap symbol=CHARLES used=1/1
2026-02-27 09:39:04,720 [INFO] [u_station_ab_night_autotune_v2] __main__: FILTER_FAIL token=SAIRI reason=source_qos_cap source=watchlist used=2/2
2026-02-27 09:39:04,720 [INFO] [u_station_ab_night_autotune_v2] __main__: FILTER_FAIL token=VIRTUAL reason=source_qos_cap source=watchlist used=2/2
2026-02-27 09:39:04,720 [INFO] [u_station_ab_night_autotune_v2] __main__: FILTER_FAIL token=AERO reason=source_qos_cap source=watchlist used=2/2
2026-02-27 09:39:04,720 [INFO] [u_station_ab_night_autotune_v2] __main__: FILTER_FAIL token=Peakychu reason=safe_age
2026-02-27 09:39:04,720 [INFO] [u_station_ab_night_autotune_v2] __main__: FILTER_PASS token=Pikachu tier=A score=90 mode=YELLOW risk=MEDIUM liq=24756 vol5m=56244
2026-02-27 09:39:04,720 [INFO] [u_station_ab_night_autotune_v2] monitor.local_alerter: Local alert token=Pikachu address=0x432a293df1b1ca3a07ecfd56eacbf4b2d120ab07 score=90 reco=BUY risk=MEDIUM warnings=0 liq=24756 vol5m=56244
2026-02-27 09:39:04,720 [INFO] [u_station_ab_night_autotune_v2] __main__: FILTER_FAIL token=CHARLES reason=safe_change_5m
2026-02-27 09:39:04,720 [INFO] [u_station_ab_night_autotune_v2] __main__: FILTER_FAIL token=SAIRI reason=safe_change_5m
2026-02-27 09:39:04,720 [INFO] [u_station_ab_night_autotune_v2] __main__: FILTER_FAIL token=NotDivided reason=safe_change_5m
2026-02-27 09:39:04,720 [INFO] [u_station_ab_night_autotune_v2] __main__: FILTER_PASS token=cbBTC tier=A score=100 mode=YELLOW risk=MEDIUM liq=20220154 vol5m=163740
2026-02-27 09:39:04,720 [INFO] [u_station_ab_night_autotune_v2] __main__: FILTER_PASS token=VIRTERN tier=A score=60 mode=YELLOW risk=MEDIUM liq=134322 vol5m=1471
2026-02-27 09:39:04,720 [INFO] [u_station_ab_night_autotune_v2] monitor.local_alerter: Local alert token=VIRTERN address=0xfb1292a59acb6a5ad09257eec59afd31b311828f score=60 reco=HOLD risk=MEDIUM warnings=0 liq=134322 vol5m=1471
2026-02-27 09:39:04,720 [INFO] [u_station_ab_night_autotune_v2] __main__: FILTER_FAIL token=TRUMPRESERVE reason=safe_contract
2026-02-27 09:39:04,720 [INFO] [u_station_ab_night_autotune_v2] __main__: FILTER_FAIL token=PCLAW reason=safe_age
2026-02-27 09:39:04,720 [INFO] [u_station_ab_night_autotune_v2] __main__: FILTER_PASS token=FLOW tier=A score=95 mode=YELLOW risk=MEDIUM liq=33636 vol5m=5018
2026-02-27 09:39:04,720 [INFO] [u_station_ab_night_autotune_v2] __main__: FILTER_FAIL token=FRENZY reason=safe_volume vol5m=2 min=6 regime=YELLOW
2026-02-27 09:39:04,720 [INFO] [u_station_ab_night_autotune_v2] __main__: FILTER_FAIL token=SJB reason=safe_volume vol5m=1 min=6 regime=YELLOW
2026-02-27 09:39:04,720 [INFO] [u_station_ab_night_autotune_v2] __main__: FILTER_FAIL token=CLIPPY reason=score_min score=40 strict_min=48 soft_min=48 mode=YELLOW
2026-02-27 09:39:04,735 [INFO] [u_station_ab_night_autotune_v2] trading.v2_runtime: V2_QUALITY_ROTATE symbols_core=0 symbols_cooldown=0 sources=1 top_core=- top_cooldown=-
2026-02-27 09:39:04,735 [INFO] [u_station_ab_night_autotune_v2] __main__: V2_QUALITY_GATE enabled=True regime=YELLOW in=4 out=4 core_out=1 explore_out=3 probe_out=0 quota=3 max_symbol_share=0.250 drop={} sources_used={'watchlist': 2, 'geckoterminal': 2}
2026-02-27 09:39:04,735 [INFO] [u_station_ab_night_autotune_v2] __main__: V2_ENTRY_ROUTE enabled=True regime=YELLOW in=4 out=3 core_out=1 explore_out=2 quota=2 allow_explore=True
2026-02-27 09:39:04,735 [WARNING] [u_station_ab_night_autotune_v2] trading.auto_trader: DATA_POLICY mode=OK reason=healthy | route=allow_all prev_mode=OK prev_reason=init_reset_manual
2026-02-27 09:39:04,735 [INFO] [u_station_ab_night_autotune_v2] __main__: MARKET_REGIME mode=YELLOW reason=hysteresis_recover_wait 1/4 raw=GREEN avg_cand_recent=4.00
2026-02-27 09:39:04,735 [INFO] [u_station_ab_night_autotune_v2] trading.auto_trader: AutoTrade skip token=Pikachu reason=disabled_or_limits detail=max_tx_per_day 180/180
2026-02-27 09:39:04,735 [INFO] [u_station_ab_night_autotune_v2] trading.auto_trader: AutoTrade skip token=cbBTC reason=disabled_or_limits detail=max_tx_per_day 180/180
2026-02-27 09:39:04,735 [INFO] [u_station_ab_night_autotune_v2] trading.auto_trader: AutoTrade skip token=FLOW reason=disabled_or_limits detail=max_tx_per_day 180/180
2026-02-27 09:39:04,735 [INFO] [u_station_ab_night_autotune_v2] trading.auto_trader: AutoTrade batch mode=top_n candidates=3 eligible=3 selected=3 opened=0 pe=off burst_window=0
2026-02-27 09:39:04,735 [INFO] [u_station_ab_night_autotune_v2] __main__: FILTER_THRESHOLDS safe_volume_5m_min=$5 safe_liquidity_min=$8000 safe_age_min=240s score_min=48 edge_min=0.05% lock_floor=0.95 no_momentum_max_pnl=0.25 weakness_pnl=-2.60
2026-02-27 09:39:04,735 [INFO] [u_station_ab_night_autotune_v2] __main__: Scanned 17 tokens | High quality: 7 | Alerts sent: 2 | Trade candidates: 4 | Quality out/core/explore/probe: 4/1/3/0 | Opened: 0 | Mode: local | Source: onchain+market | Policy: raw=OK/effective=OK(healthy | route=allow_all) | Regime: YELLOW(hysteresis_recover_wait 1/4 raw=GREEN) | Safety: checked=5 fail_closed=0 reasons=api_code_4029:5 | FiltersTop(session): source_qos_cap:3,safe_change_5m:3,safe_age:2,safe_volume:2 | Dedup: heavy_skip=0 override=0 | V2Budget: 5/280 | SourceQoS: enabled=1/in=17/out=13/dropped=4/active_cd=0/drops=source_qos_cap:3,source_qos_symbol_cap:1 | Ingest: q=0/oldest=0.0s/drop_old=0/dedup_skip=0/enq=12/drain=12 | Sources: dex_boosts:ok=1/fail=0/429=0/lim_wait=0/cd_wait=0/err=0.0%/avg=130ms; dexscreener:ok=11/fail=0/429=0/lim_wait=0/cd_wait=0/err=0.0%/avg=261ms; geckoterminal:ok=2/fail=0/429=0/lim_wait=0/cd_wait=0/err=0.0%/avg=161ms; onchain_enrich:ok=5/fail=0/429=0/lim_wait=0/cd_wait=0/err=0.0%/avg=98ms; onchain_weth_price:ok=1/fail=0/429=0/lim_wait=0/cd_wait=0/err=0.0%/avg=53ms; watchlist_dex:ok=10/fail=0/429=0/lim_wait=0/cd_wait=0/err=0.0%/avg=96ms; watchlist_gecko:ok=6/fail=0/429=0/lim_wait=0/cd_wait=0/err=0.0%/avg=511ms | Tasks: 3 | RSS: 0.0MB | CycleAvg: 0.00s
2026-02-27 09:39:09,038 [INFO] [u_station_ab_night_autotune_v2] monitor.onchain_factory: PAIR_DETECTED source=uniswap_v2 dex=uniswap_v2 pair=0x903e12c6127b0617d694ad5a3d37989439b0ba60 token0=0x3548572285e62e06278028f42338c71e0d878a49 token1=0x4200000000000000000000000000000000000006 block=42696098 factory=0x8909dc15e40173ff4699343b6eb8132c65e18ec6
2026-02-27 09:39:09,322 [INFO] [u_station_ab_night_autotune_v2] monitor.onchain_factory: ENRICH_RETRY token=0x357fb0610e4329c65b24c6f3424cf8b288aec13f pair=0x173d8753d32832d9898d2cd22c2272423e80076e attempt=1/2 delay=10s
2026-02-27 09:39:09,710 [INFO] [u_station_ab_night_autotune_v2] monitor.onchain_factory: ENRICH_RETRY token=0x3548572285e62e06278028f42338c71e0d878a49 pair=0x903e12c6127b0617d694ad5a3d37989439b0ba60 attempt=1/2 delay=10s
2026-02-27 09:39:19,803 [INFO] [u_station_ab_night_autotune_v2] __main__: WATCHLIST merged count=5
2026-02-27 09:39:19,804 [INFO] [u_station_ab_night_autotune_v2] trading.v2_runtime: V2_UNIVERSE in=5 dedup=5 out=5 target=5 novel_target=5 novel_out=0 repeat_dropped=0 symbol_dropped=0 surge_in=1 surge_target=1 surge_out=1
2026-02-27 09:39:19,804 [INFO] [u_station_ab_night_autotune_v2] __main__: V2_SOURCE_QOS_FILTER in=5 out=3 drops={'source_qos_cap': 2} caps={'watchlist': 3}
2026-02-27 09:39:19,805 [INFO] [u_station_ab_night_autotune_v2] __main__: FILTER_FAIL token=VIRTUAL reason=source_qos_cap source=watchlist used=3/3
2026-02-27 09:39:19,806 [INFO] [u_station_ab_night_autotune_v2] __main__: FILTER_FAIL token=AERO reason=source_qos_cap source=watchlist used=3/3
2026-02-27 09:39:19,807 [INFO] [u_station_ab_night_autotune_v2] __main__: FILTER_PASS token=cbBTC tier=A score=100 mode=YELLOW risk=MEDIUM liq=20220154 vol5m=163740
2026-02-27 09:39:19,807 [INFO] [u_station_ab_night_autotune_v2] __main__: FILTER_PASS token=FLOW tier=A score=95 mode=YELLOW risk=MEDIUM liq=33636 vol5m=5018
2026-02-27 09:39:19,808 [INFO] [u_station_ab_night_autotune_v2] __main__: FILTER_PASS token=SAIRI tier=A score=95 mode=YELLOW risk=MEDIUM liq=526091 vol5m=6242
2026-02-27 09:39:19,809 [INFO] [u_station_ab_night_autotune_v2] __main__: V2_QUALITY_GATE enabled=True regime=YELLOW in=3 out=3 core_out=1 explore_out=2 probe_out=0 quota=2 max_symbol_share=0.333 drop={} sources_used={'watchlist': 3}
2026-02-27 09:39:19,810 [INFO] [u_station_ab_night_autotune_v2] __main__: V2_ENTRY_ROUTE enabled=True regime=YELLOW in=3 out=2 core_out=1 explore_out=1 quota=1 allow_explore=True
2026-02-27 09:39:19,810 [INFO] [u_station_ab_night_autotune_v2] __main__: MARKET_REGIME mode=YELLOW reason=hysteresis_recover_wait 2/4 raw=GREEN avg_cand_recent=3.50
2026-02-27 09:39:19,812 [INFO] [u_station_ab_night_autotune_v2] trading.auto_trader: AutoTrade skip token=cbBTC reason=disabled_or_limits detail=max_tx_per_day 180/180
2026-02-27 09:39:19,813 [INFO] [u_station_ab_night_autotune_v2] trading.auto_trader: AutoTrade skip token=SAIRI reason=disabled_or_limits detail=max_tx_per_day 180/180
2026-02-27 09:39:19,814 [INFO] [u_station_ab_night_autotune_v2] trading.auto_trader: AutoTrade batch mode=top_n candidates=2 eligible=2 selected=2 opened=0 pe=off burst_window=0
2026-02-27 09:39:19,815 [INFO] [u_station_ab_night_autotune_v2] __main__: Scanned 5 tokens | High quality: 3 | Alerts sent: 0 | Trade candidates: 3 | Quality out/core/explore/probe: 3/1/2/0 | Opened: 0 | Mode: local | Source: onchain+market | Policy: raw=OK/effective=OK(healthy | route=allow_all) | Regime: YELLOW(hysteresis_recover_wait 2/4 raw=GREEN) | Safety: checked=3 fail_closed=0 reasons=api_code_4029:3 | FiltersTop(session): source_qos_cap:5,safe_change_5m:3,safe_age:2,safe_volume:2 | Dedup: heavy_skip=0 override=0 | V2Budget: 3/280 | SourceQoS: enabled=1/in=5/out=3/dropped=2/active_cd=0/drops=source_qos_cap:2 | Ingest: q=0/oldest=0.0s/drop_old=0/dedup_skip=0/enq=0/drain=0 | Sources: dex_boosts:ok=1/fail=0/429=0/lim_wait=0/cd_wait=0/err=0.0%/avg=103ms; dexscreener:ok=11/fail=0/429=0/lim_wait=0/cd_wait=0/err=0.0%/avg=87ms; onchain_enrich:ok=8/fail=0/429=0/lim_wait=0/cd_wait=0/err=0.0%/avg=103ms | Tasks: 3 | RSS: 0.0MB | CycleAvg: 12.19s
2026-02-27 09:39:24,105 [INFO] [u_station_ab_night_autotune_v2] monitor.onchain_factory: PAIR_DETECTED source=uniswap_v2 dex=uniswap_v2 pair=0xeb17d1bfb55101aa1d1751825f53be5106049cf6 token0=0x104e81aa3ec2b56dcdf074ba7f86d2c321d0bb07 token1=0x4200000000000000000000000000000000000006 block=42696102 factory=0x8909dc15e40173ff4699343b6eb8132c65e18ec6
2026-02-27 09:39:24,385 [INFO] [u_station_ab_night_autotune_v2] monitor.onchain_factory: ENRICH_RETRY token=0x3548572285e62e06278028f42338c71e0d878a49 pair=0x903e12c6127b0617d694ad5a3d37989439b0ba60 attempt=1/2 delay=10s
2026-02-27 09:39:24,569 [INFO] [u_station_ab_night_autotune_v2] monitor.onchain_factory: ENRICH_RETRY token=0x104e81aa3ec2b56dcdf074ba7f86d2c321d0bb07 pair=0xeb17d1bfb55101aa1d1751825f53be5106049cf6 attempt=1/2 delay=10s
2026-02-27 09:39:34,637 [INFO] [u_station_ab_night_autotune_v2] __main__: WATCHLIST merged count=5
2026-02-27 09:39:34,637 [INFO] [u_station_ab_night_autotune_v2] trading.v2_runtime: V2_UNIVERSE in=6 dedup=6 out=6 target=6 novel_target=6 novel_out=0 repeat_dropped=0 symbol_dropped=0 surge_in=1 surge_target=1 surge_out=1
2026-02-27 09:39:34,637 [INFO] [u_station_ab_night_autotune_v2] __main__: V2_SOURCE_QOS_FILTER in=6 out=3 drops={'source_qos_cap': 3} caps={'watchlist': 2, 'unknown': 0}
2026-02-27 09:39:34,637 [INFO] [u_station_ab_night_autotune_v2] __main__: FILTER_FAIL token=SAIRI reason=source_qos_cap source=watchlist used=2/2
2026-02-27 09:39:34,637 [INFO] [u_station_ab_night_autotune_v2] __main__: FILTER_FAIL token=VIRTUAL reason=source_qos_cap source=watchlist used=2/2
2026-02-27 09:39:34,653 [INFO] [u_station_ab_night_autotune_v2] __main__: FILTER_FAIL token=AERO reason=source_qos_cap source=watchlist used=2/2
2026-02-27 09:39:34,653 [INFO] [u_station_ab_night_autotune_v2] __main__: FILTER_PASS token=cbBTC tier=A score=100 mode=YELLOW risk=MEDIUM liq=20220154 vol5m=163740
2026-02-27 09:39:34,654 [INFO] [u_station_ab_night_autotune_v2] __main__: FILTER_PASS token=FLOW tier=A score=95 mode=YELLOW risk=MEDIUM liq=33636 vol5m=5018
2026-02-27 09:39:34,654 [INFO] [u_station_ab_night_autotune_v2] __main__: FILTER_FAIL token=CLIPPY reason=score_min score=40 strict_min=48 soft_min=48 mode=YELLOW
2026-02-27 09:39:34,654 [INFO] [u_station_ab_night_autotune_v2] __main__: V2_QUALITY_GATE enabled=True regime=YELLOW in=2 out=2 core_out=1 explore_out=1 probe_out=0 quota=1 max_symbol_share=0.500 drop={} sources_used={'watchlist': 2}
2026-02-27 09:39:34,654 [INFO] [u_station_ab_night_autotune_v2] __main__: V2_ENTRY_ROUTE enabled=True regime=YELLOW in=2 out=2 core_out=1 explore_out=1 quota=1 allow_explore=True
2026-02-27 09:39:34,654 [INFO] [u_station_ab_night_autotune_v2] __main__: MARKET_REGIME mode=YELLOW reason=hysteresis_recover_wait 3/4 raw=GREEN avg_cand_recent=3.00
2026-02-27 09:39:34,654 [INFO] [u_station_ab_night_autotune_v2] trading.auto_trader: AutoTrade skip token=cbBTC reason=disabled_or_limits detail=max_tx_per_day 180/180
2026-02-27 09:39:34,654 [INFO] [u_station_ab_night_autotune_v2] trading.auto_trader: AutoTrade skip token=FLOW reason=disabled_or_limits detail=max_tx_per_day 180/180
2026-02-27 09:39:34,654 [INFO] [u_station_ab_night_autotune_v2] trading.auto_trader: AutoTrade batch mode=top_n candidates=2 eligible=2 selected=2 opened=0 pe=off burst_window=0
2026-02-27 09:39:34,654 [INFO] [u_station_ab_night_autotune_v2] __main__: Scanned 6 tokens | High quality: 2 | Alerts sent: 0 | Trade candidates: 2 | Quality out/core/explore/probe: 2/1/1/0 | Opened: 0 | Mode: local | Source: onchain+market | Policy: raw=OK/effective=OK(healthy | route=allow_all) | Regime: YELLOW(hysteresis_recover_wait 3/4 raw=GREEN) | Safety: checked=2 fail_closed=0 reasons=api_code_4029:2 | FiltersTop(session): source_qos_cap:8,safe_change_5m:3,safe_age:2,safe_volume:2 | Dedup: heavy_skip=0 override=0 | V2Budget: 2/280 | SourceQoS: enabled=1/in=6/out=3/dropped=3/active_cd=0/drops=source_qos_cap:3 | Ingest: q=0/oldest=0.0s/drop_old=0/dedup_skip=0/enq=0/drain=0 | Sources: dex_boosts:ok=1/fail=0/429=0/lim_wait=0/cd_wait=0/err=0.0%/avg=36ms; dexscreener:ok=11/fail=0/429=0/lim_wait=0/cd_wait=0/err=0.0%/avg=170ms; onchain_enrich:ok=9/fail=0/429=0/lim_wait=0/cd_wait=0/err=0.0%/avg=77ms | Tasks: 3 | RSS: 0.0MB | CycleAvg: 11.62s
2026-02-27 09:39:38,927 [INFO] [u_station_ab_night_autotune_v2] monitor.onchain_factory: PAIR_DETECTED source=uniswap_v2 dex=uniswap_v2 pair=0xc05c5245fb9d55dabc62521039e99dfd55857488 token0=0x4200000000000000000000000000000000000006 token1=0xc4f9656220e6b5de0f8f4bddef61a856fbcaa4a4 block=42696113 factory=0x8909dc15e40173ff4699343b6eb8132c65e18ec6
2026-02-27 09:39:39,153 [INFO] [u_station_ab_night_autotune_v2] monitor.onchain_factory: ENRICH_RETRY token=0x104e81aa3ec2b56dcdf074ba7f86d2c321d0bb07 pair=0xeb17d1bfb55101aa1d1751825f53be5106049cf6 attempt=1/2 delay=10s
2026-02-27 09:39:39,153 [INFO] [u_station_ab_night_autotune_v2] monitor.onchain_factory: ENRICH_RETRY token=0x3548572285e62e06278028f42338c71e0d878a49 pair=0x903e12c6127b0617d694ad5a3d37989439b0ba60 attempt=1/2 delay=10s
2026-02-27 09:39:39,554 [INFO] [u_station_ab_night_autotune_v2] monitor.onchain_factory: ENRICH_RETRY token=0xc4f9656220e6b5de0f8f4bddef61a856fbcaa4a4 pair=0xc05c5245fb9d55dabc62521039e99dfd55857488 attempt=1/2 delay=10s
2026-02-27 09:39:49,622 [INFO] [u_station_ab_night_autotune_v2] __main__: WATCHLIST merged count=5
2026-02-27 09:39:49,622 [INFO] [u_station_ab_night_autotune_v2] trading.v2_runtime: V2_UNIVERSE in=6 dedup=6 out=6 target=6 novel_target=6 novel_out=1 repeat_dropped=0 symbol_dropped=0 surge_in=1 surge_target=1 surge_out=1
2026-02-27 09:39:49,622 [INFO] [u_station_ab_night_autotune_v2] __main__: V2_SOURCE_QOS_FILTER in=6 out=3 drops={'source_qos_cap': 3} caps={'watchlist': 2, 'unknown': 0}
2026-02-27 09:39:49,622 [INFO] [u_station_ab_night_autotune_v2] __main__: FILTER_FAIL token=SAIRI reason=source_qos_cap source=watchlist used=2/2
2026-02-27 09:39:49,622 [INFO] [u_station_ab_night_autotune_v2] __main__: FILTER_FAIL token=VIRTUAL reason=source_qos_cap source=watchlist used=2/2
2026-02-27 09:39:49,622 [INFO] [u_station_ab_night_autotune_v2] __main__: FILTER_FAIL token=AERO reason=source_qos_cap source=watchlist used=2/2
2026-02-27 09:39:49,622 [INFO] [u_station_ab_night_autotune_v2] __main__: FILTER_PASS token=cbBTC tier=A score=100 mode=YELLOW risk=MEDIUM liq=20220154 vol5m=163740
2026-02-27 09:39:49,622 [INFO] [u_station_ab_night_autotune_v2] __main__: FILTER_PASS token=FLOW tier=A score=95 mode=YELLOW risk=MEDIUM liq=33636 vol5m=5018
2026-02-27 09:39:49,622 [INFO] [u_station_ab_night_autotune_v2] __main__: FILTER_FAIL token=ADOT reason=safe_age
2026-02-27 09:39:49,622 [INFO] [u_station_ab_night_autotune_v2] __main__: V2_QUALITY_GATE enabled=True regime=GREEN in=2 out=2 core_out=1 explore_out=1 probe_out=0 quota=1 max_symbol_share=0.500 drop={} sources_used={'watchlist': 2}
2026-02-27 09:39:49,622 [INFO] [u_station_ab_night_autotune_v2] __main__: V2_ENTRY_ROUTE enabled=True regime=GREEN in=2 out=2 core_out=1 explore_out=1 quota=1 allow_explore=True
2026-02-27 09:39:49,622 [INFO] [u_station_ab_night_autotune_v2] __main__: MARKET_REGIME mode=GREEN reason=avg_cand=2.75 avg_cand_recent=2.75
2026-02-27 09:39:49,622 [WARNING] [u_station_ab_night_autotune_v2] monitor.local_alerter: Local event symbol=MARKET_MODE reco=GREEN risk=INFO
2026-02-27 09:39:49,638 [INFO] [u_station_ab_night_autotune_v2] trading.auto_trader: AutoTrade skip token=cbBTC reason=disabled_or_limits detail=max_tx_per_day 180/180
2026-02-27 09:39:49,638 [INFO] [u_station_ab_night_autotune_v2] trading.auto_trader: AutoTrade skip token=FLOW reason=disabled_or_limits detail=max_tx_per_day 180/180
2026-02-27 09:39:49,638 [INFO] [u_station_ab_night_autotune_v2] trading.auto_trader: AutoTrade batch mode=top_n candidates=2 eligible=2 selected=2 opened=0 pe=off burst_window=0
2026-02-27 09:39:49,638 [INFO] [u_station_ab_night_autotune_v2] __main__: Scanned 6 tokens | High quality: 2 | Alerts sent: 0 | Trade candidates: 2 | Quality out/core/explore/probe: 2/1/1/0 | Opened: 0 | Mode: local | Source: onchain+market | Policy: raw=OK/effective=OK(healthy | route=allow_all) | Regime: GREEN(avg_cand=2.75) | Safety: checked=2 fail_closed=0 reasons=api_code_4029:2 | FiltersTop(session): source_qos_cap:11,safe_age:3,safe_change_5m:3,safe_volume:2 | Dedup: heavy_skip=0 override=0 | V2Budget: 2/280 | SourceQoS: enabled=1/in=6/out=3/dropped=3/active_cd=0/drops=source_qos_cap:3 | Ingest: q=0/oldest=0.0s/drop_old=0/dedup_skip=0/enq=0/drain=0 | Sources: dex_boosts:ok=1/fail=0/429=0/lim_wait=0/cd_wait=0/err=0.0%/avg=28ms; dexscreener:ok=11/fail=0/429=0/lim_wait=0/cd_wait=0/err=0.0%/avg=39ms; onchain_enrich:ok=11/fail=0/429=0/lim_wait=0/cd_wait=0/err=0.0%/avg=76ms | Tasks: 3 | RSS: 0.0MB | CycleAvg: 11.36s
2026-02-27 09:39:54,119 [INFO] [u_station_ab_night_autotune_v2] monitor.onchain_factory: ENRICH_RETRY token=0x104e81aa3ec2b56dcdf074ba7f86d2c321d0bb07 pair=0xeb17d1bfb55101aa1d1751825f53be5106049cf6 attempt=1/2 delay=10s
2026-02-27 09:39:54,119 [INFO] [u_station_ab_night_autotune_v2] monitor.onchain_factory: ENRICH_RETRY token=0xc4f9656220e6b5de0f8f4bddef61a856fbcaa4a4 pair=0xc05c5245fb9d55dabc62521039e99dfd55857488 attempt=1/2 delay=10s
2026-02-27 09:40:04,303 [INFO] [u_station_ab_night_autotune_v2] __main__: WATCHLIST merged count=5
2026-02-27 09:40:04,303 [INFO] [u_station_ab_night_autotune_v2] trading.v2_runtime: V2_UNIVERSE in=6 dedup=6 out=6 target=6 novel_target=6 novel_out=1 repeat_dropped=0 symbol_dropped=0 surge_in=1 surge_target=1 surge_out=1
2026-02-27 09:40:04,303 [INFO] [u_station_ab_night_autotune_v2] __main__: V2_SOURCE_QOS_FILTER in=6 out=3 drops={'source_qos_cap': 3} caps={'watchlist': 2, 'unknown': 0}
2026-02-27 09:40:04,303 [INFO] [u_station_ab_night_autotune_v2] __main__: FILTER_FAIL token=SAIRI reason=source_qos_cap source=watchlist used=2/2
2026-02-27 09:40:04,303 [INFO] [u_station_ab_night_autotune_v2] __main__: FILTER_FAIL token=VIRTUAL reason=source_qos_cap source=watchlist used=2/2
2026-02-27 09:40:04,303 [INFO] [u_station_ab_night_autotune_v2] __main__: FILTER_FAIL token=AERO reason=source_qos_cap source=watchlist used=2/2
2026-02-27 09:40:04,303 [INFO] [u_station_ab_night_autotune_v2] __main__: FILTER_PASS token=cbBTC tier=A score=100 mode=GREEN risk=MEDIUM liq=20220154 vol5m=163740
2026-02-27 09:40:04,303 [INFO] [u_station_ab_night_autotune_v2] __main__: FILTER_PASS token=FLOW tier=A score=95 mode=GREEN risk=MEDIUM liq=33636 vol5m=5018
2026-02-27 09:40:04,303 [INFO] [u_station_ab_night_autotune_v2] __main__: FILTER_FAIL token=Constituti reason=safe_volume vol5m=0 min=5 regime=GREEN
2026-02-27 09:40:04,303 [INFO] [u_station_ab_night_autotune_v2] __main__: V2_QUALITY_GATE enabled=True regime=GREEN in=2 out=2 core_out=1 explore_out=1 probe_out=0 quota=1 max_symbol_share=0.500 drop={} sources_used={'watchlist': 2}
2026-02-27 09:40:04,303 [INFO] [u_station_ab_night_autotune_v2] __main__: V2_ENTRY_ROUTE enabled=True regime=GREEN in=2 out=2 core_out=1 explore_out=1 quota=1 allow_explore=True
2026-02-27 09:40:04,303 [INFO] [u_station_ab_night_autotune_v2] __main__: MARKET_REGIME mode=GREEN reason=avg_cand=2.60 avg_cand_recent=2.60
2026-02-27 09:40:04,303 [INFO] [u_station_ab_night_autotune_v2] trading.auto_trader: AutoTrade skip token=cbBTC reason=disabled_or_limits detail=max_tx_per_day 180/180
2026-02-27 09:40:04,303 [INFO] [u_station_ab_night_autotune_v2] trading.auto_trader: AutoTrade skip token=FLOW reason=disabled_or_limits detail=max_tx_per_day 180/180
2026-02-27 09:40:04,303 [INFO] [u_station_ab_night_autotune_v2] trading.auto_trader: AutoTrade batch mode=top_n candidates=2 eligible=2 selected=2 opened=0 pe=off burst_window=0
2026-02-27 09:40:04,303 [INFO] [u_station_ab_night_autotune_v2] trading.auto_trader: PAPER_SUMMARY window=60s closed_delta=0 wins_delta=0 losses_delta=0 realized_delta=$0.00 total_closed=90 winrate_total=45.6% realized_total=$0.35 balance=$7.35 equity=$7.35 open=0
2026-02-27 09:40:04,303 [INFO] [u_station_ab_night_autotune_v2] __main__: Scanned 6 tokens | High quality: 2 | Alerts sent: 0 | Trade candidates: 2 | Quality out/core/explore/probe: 2/1/1/0 | Opened: 0 | Mode: local | Source: onchain+market | Policy: raw=OK/effective=OK(healthy | route=allow_all) | Regime: GREEN(avg_cand=2.60) | Safety: checked=2 fail_closed=0 reasons=api_code_4029:2 | FiltersTop(session): source_qos_cap:14,safe_age:3,safe_change_5m:3,safe_volume:3 | Dedup: heavy_skip=0 override=0 | V2Budget: 2/280 | SourceQoS: enabled=1/in=6/out=3/dropped=3/active_cd=0/drops=source_qos_cap:3 | Ingest: q=0/oldest=0.0s/drop_old=0/dedup_skip=0/enq=0/drain=0 | Sources: dex_boosts:ok=1/fail=0/429=0/lim_wait=0/cd_wait=0/err=0.0%/avg=39ms; dexscreener:ok=11/fail=0/429=0/lim_wait=0/cd_wait=0/err=0.0%/avg=43ms; onchain_enrich:ok=7/fail=0/429=0/lim_wait=0/cd_wait=0/err=0.0%/avg=51ms; onchain_weth_price:ok=1/fail=0/429=0/lim_wait=0/cd_wait=0/err=0.0%/avg=45ms | Tasks: 3 | RSS: 0.0MB | CycleAvg: 11.27s
2026-02-27 09:40:08,819 [INFO] [u_station_ab_night_autotune_v2] monitor.onchain_factory: ENRICH_RETRY token=0xc4f9656220e6b5de0f8f4bddef61a856fbcaa4a4 pair=0xc05c5245fb9d55dabc62521039e99dfd55857488 attempt=1/2 delay=10s
2026-02-27 09:40:19,372 [INFO] [u_station_ab_night_autotune_v2] __main__: WATCHLIST merged count=5
2026-02-27 09:40:19,372 [INFO] [u_station_ab_night_autotune_v2] trading.v2_runtime: V2_UNIVERSE in=7 dedup=7 out=7 target=7 novel_target=6 novel_out=0 repeat_dropped=0 symbol_dropped=0 surge_in=1 surge_target=1 surge_out=1
2026-02-27 09:40:19,372 [INFO] [u_station_ab_night_autotune_v2] __main__: V2_SOURCE_QOS_FILTER in=7 out=4 drops={'source_qos_cap': 3} caps={'geckoterminal': 287, 'watchlist': 2}
2026-02-27 09:40:19,372 [INFO] [u_station_ab_night_autotune_v2] __main__: FILTER_FAIL token=SAIRI reason=source_qos_cap source=watchlist used=2/2
2026-02-27 09:40:19,372 [INFO] [u_station_ab_night_autotune_v2] __main__: FILTER_FAIL token=VIRTUAL reason=source_qos_cap source=watchlist used=2/2
2026-02-27 09:40:19,372 [INFO] [u_station_ab_night_autotune_v2] __main__: FILTER_FAIL token=AERO reason=source_qos_cap source=watchlist used=2/2
2026-02-27 09:40:19,372 [INFO] [u_station_ab_night_autotune_v2] __main__: FILTER_PASS token=cbBTC tier=A score=100 mode=GREEN risk=MEDIUM liq=20220154 vol5m=163740
2026-02-27 09:40:19,372 [INFO] [u_station_ab_night_autotune_v2] __main__: FILTER_PASS token=FLOW tier=A score=95 mode=GREEN risk=MEDIUM liq=33636 vol5m=5018
2026-02-27 09:40:19,372 [INFO] [u_station_ab_night_autotune_v2] __main__: FILTER_FAIL token=Constituti reason=safe_age
2026-02-27 09:40:19,372 [INFO] [u_station_ab_night_autotune_v2] __main__: FILTER_FAIL token=ADOT reason=safe_age
2026-02-27 09:40:19,372 [INFO] [u_station_ab_night_autotune_v2] __main__: V2_QUALITY_GATE enabled=True regime=GREEN in=2 out=2 core_out=1 explore_out=1 probe_out=0 quota=1 max_symbol_share=0.500 drop={} sources_used={'watchlist': 2}
2026-02-27 09:40:19,372 [INFO] [u_station_ab_night_autotune_v2] __main__: V2_ENTRY_ROUTE enabled=True regime=GREEN in=2 out=2 core_out=1 explore_out=1 quota=1 allow_explore=True
2026-02-27 09:40:19,372 [INFO] [u_station_ab_night_autotune_v2] __main__: MARKET_REGIME mode=GREEN reason=avg_cand=2.50 avg_cand_recent=2.50
2026-02-27 09:40:19,372 [INFO] [u_station_ab_night_autotune_v2] trading.auto_trader: AutoTrade skip token=cbBTC reason=disabled_or_limits detail=max_tx_per_day 180/180
2026-02-27 09:40:19,372 [INFO] [u_station_ab_night_autotune_v2] trading.auto_trader: AutoTrade skip token=FLOW reason=disabled_or_limits detail=max_tx_per_day 180/180
2026-02-27 09:40:19,372 [INFO] [u_station_ab_night_autotune_v2] trading.auto_trader: AutoTrade batch mode=top_n candidates=2 eligible=2 selected=2 opened=0 pe=off burst_window=0
2026-02-27 09:40:19,372 [INFO] [u_station_ab_night_autotune_v2] __main__: Scanned 7 tokens | High quality: 2 | Alerts sent: 0 | Trade candidates: 2 | Quality out/core/explore/probe: 2/1/1/0 | Opened: 0 | Mode: local | Source: onchain+market | Policy: raw=OK/effective=OK(healthy | route=allow_all) | Regime: GREEN(avg_cand=2.50) | Safety: checked=2 fail_closed=0 reasons=api_code_4029:2 | FiltersTop(session): source_qos_cap:17,safe_age:5,safe_change_5m:3,safe_volume:3 | Dedup: heavy_skip=0 override=0 | V2Budget: 2/280 | SourceQoS: enabled=1/in=7/out=4/dropped=3/active_cd=0/drops=source_qos_cap:3 | Ingest: q=0/oldest=0.0s/drop_old=0/dedup_skip=0/enq=2/drain=2 | Sources: dex_boosts:ok=1/fail=0/429=0/lim_wait=0/cd_wait=0/err=0.0%/avg=42ms; dexscreener:ok=11/fail=0/429=0/lim_wait=0/cd_wait=0/err=0.0%/avg=149ms; geckoterminal:ok=1/fail=0/429=0/lim_wait=0/cd_wait=0/err=0.0%/avg=236ms; onchain_enrich:ok=4/fail=0/429=0/lim_wait=0/cd_wait=0/err=0.0%/avg=155ms | Tasks: 3 | RSS: 0.0MB | CycleAvg: 11.15s
2026-02-27 09:40:23,869 [INFO] [u_station_ab_night_autotune_v2] monitor.onchain_factory: ENRICH_RETRY token=0xc4f9656220e6b5de0f8f4bddef61a856fbcaa4a4 pair=0xc05c5245fb9d55dabc62521039e99dfd55857488 attempt=1/2 delay=10s
2026-02-27 09:40:33,969 [INFO] [u_station_ab_night_autotune_v2] __main__: WATCHLIST merged count=5
2026-02-27 09:40:33,969 [INFO] [u_station_ab_night_autotune_v2] trading.v2_runtime: V2_UNIVERSE in=5 dedup=5 out=5 target=5 novel_target=5 novel_out=0 repeat_dropped=0 symbol_dropped=0 surge_in=1 surge_target=1 surge_out=1
2026-02-27 09:40:33,969 [INFO] [u_station_ab_night_autotune_v2] __main__: V2_SOURCE_QOS_FILTER in=5 out=3 drops={'source_qos_cap': 2} caps={'watchlist': 3}
2026-02-27 09:40:33,969 [INFO] [u_station_ab_night_autotune_v2] __main__: FILTER_FAIL token=VIRTUAL reason=source_qos_cap source=watchlist used=3/3
2026-02-27 09:40:33,969 [INFO] [u_station_ab_night_autotune_v2] __main__: FILTER_FAIL token=AERO reason=source_qos_cap source=watchlist used=3/3
2026-02-27 09:40:33,969 [INFO] [u_station_ab_night_autotune_v2] __main__: FILTER_PASS token=cbBTC tier=A score=100 mode=GREEN risk=MEDIUM liq=20220154 vol5m=163740
2026-02-27 09:40:33,969 [INFO] [u_station_ab_night_autotune_v2] __main__: FILTER_PASS token=FLOW tier=A score=95 mode=GREEN risk=MEDIUM liq=33636 vol5m=5018
2026-02-27 09:40:33,969 [INFO] [u_station_ab_night_autotune_v2] __main__: FILTER_PASS token=SAIRI tier=A score=95 mode=GREEN risk=MEDIUM liq=526091 vol5m=6242
2026-02-27 09:40:33,969 [INFO] [u_station_ab_night_autotune_v2] __main__: V2_QUALITY_GATE enabled=True regime=GREEN in=3 out=3 core_out=1 explore_out=2 probe_out=0 quota=2 max_symbol_share=0.333 drop={} sources_used={'watchlist': 3}
2026-02-27 09:40:33,969 [INFO] [u_station_ab_night_autotune_v2] __main__: V2_ENTRY_ROUTE enabled=True regime=GREEN in=3 out=2 core_out=1 explore_out=1 quota=1 allow_explore=True
2026-02-27 09:40:33,969 [INFO] [u_station_ab_night_autotune_v2] __main__: MARKET_REGIME mode=GREEN reason=avg_cand=2.57 avg_cand_recent=2.57
2026-02-27 09:40:33,969 [INFO] [u_station_ab_night_autotune_v2] trading.auto_trader: AutoTrade skip token=cbBTC reason=disabled_or_limits detail=max_tx_per_day 180/180
2026-02-27 09:40:33,969 [INFO] [u_station_ab_night_autotune_v2] trading.auto_trader: AutoTrade skip token=SAIRI reason=disabled_or_limits detail=max_tx_per_day 180/180
2026-02-27 09:40:33,969 [INFO] [u_station_ab_night_autotune_v2] trading.auto_trader: AutoTrade batch mode=top_n candidates=2 eligible=2 selected=2 opened=0 pe=off burst_window=0
2026-02-27 09:40:33,969 [INFO] [u_station_ab_night_autotune_v2] __main__: Scanned 5 tokens | High quality: 3 | Alerts sent: 0 | Trade candidates: 3 | Quality out/core/explore/probe: 3/1/2/0 | Opened: 0 | Mode: local | Source: onchain+market | Policy: raw=OK/effective=OK(healthy | route=allow_all) | Regime: GREEN(avg_cand=2.57) | Safety: checked=3 fail_closed=0 reasons=api_code_4029:3 | FiltersTop(session): source_qos_cap:19,safe_age:5,safe_change_5m:3,safe_volume:3 | Dedup: heavy_skip=0 override=0 | V2Budget: 3/280 | SourceQoS: enabled=1/in=5/out=3/dropped=2/active_cd=0/drops=source_qos_cap:2 | Ingest: q=0/oldest=0.0s/drop_old=0/dedup_skip=0/enq=0/drain=0 | Sources: dex_boosts:ok=1/fail=0/429=0/lim_wait=0/cd_wait=0/err=0.0%/avg=35ms; dexscreener:ok=11/fail=0/429=0/lim_wait=0/cd_wait=0/err=0.0%/avg=44ms; onchain_enrich:ok=4/fail=0/429=0/lim_wait=0/cd_wait=0/err=0.0%/avg=42ms | Tasks: 3 | RSS: 0.0MB | CycleAvg: 11.13s
2026-02-27 09:40:38,476 [INFO] [u_station_ab_night_autotune_v2] monitor.onchain_factory: ENRICH_RETRY token=0xc4f9656220e6b5de0f8f4bddef61a856fbcaa4a4 pair=0xc05c5245fb9d55dabc62521039e99dfd55857488 attempt=1/2 delay=10s
2026-02-27 09:40:48,574 [INFO] [u_station_ab_night_autotune_v2] __main__: WATCHLIST merged count=5
2026-02-27 09:40:48,574 [INFO] [u_station_ab_night_autotune_v2] trading.v2_runtime: V2_UNIVERSE in=5 dedup=5 out=5 target=5 novel_target=5 novel_out=0 repeat_dropped=0 symbol_dropped=0 surge_in=1 surge_target=1 surge_out=1
2026-02-27 09:40:48,574 [INFO] [u_station_ab_night_autotune_v2] __main__: V2_SOURCE_QOS_FILTER in=5 out=3 drops={'source_qos_cap': 2} caps={'watchlist': 3}
2026-02-27 09:40:48,574 [INFO] [u_station_ab_night_autotune_v2] __main__: FILTER_FAIL token=VIRTUAL reason=source_qos_cap source=watchlist used=3/3
2026-02-27 09:40:48,574 [INFO] [u_station_ab_night_autotune_v2] __main__: FILTER_FAIL token=AERO reason=source_qos_cap source=watchlist used=3/3
2026-02-27 09:40:48,574 [INFO] [u_station_ab_night_autotune_v2] __main__: FILTER_PASS token=cbBTC tier=A score=100 mode=GREEN risk=MEDIUM liq=20220154 vol5m=163740
2026-02-27 09:40:48,574 [INFO] [u_station_ab_night_autotune_v2] __main__: FILTER_PASS token=FLOW tier=A score=95 mode=GREEN risk=MEDIUM liq=33636 vol5m=5018
2026-02-27 09:40:48,574 [INFO] [u_station_ab_night_autotune_v2] __main__: FILTER_PASS token=SAIRI tier=A score=95 mode=GREEN risk=MEDIUM liq=526091 vol5m=6242
2026-02-27 09:40:48,574 [INFO] [u_station_ab_night_autotune_v2] __main__: V2_QUALITY_GATE enabled=True regime=GREEN in=3 out=3 core_out=1 explore_out=2 probe_out=0 quota=2 max_symbol_share=0.333 drop={} sources_used={'watchlist': 3}
2026-02-27 09:40:48,574 [INFO] [u_station_ab_night_autotune_v2] __main__: V2_ENTRY_ROUTE enabled=True regime=GREEN in=3 out=2 core_out=1 explore_out=1 quota=1 allow_explore=True
2026-02-27 09:40:48,574 [INFO] [u_station_ab_night_autotune_v2] __main__: MARKET_REGIME mode=GREEN reason=avg_cand=2.62 avg_cand_recent=2.62
2026-02-27 09:40:48,574 [INFO] [u_station_ab_night_autotune_v2] trading.auto_trader: AutoTrade skip token=cbBTC reason=disabled_or_limits detail=max_tx_per_day 180/180
2026-02-27 09:40:48,574 [INFO] [u_station_ab_night_autotune_v2] trading.auto_trader: AutoTrade skip token=SAIRI reason=disabled_or_limits detail=max_tx_per_day 180/180
2026-02-27 09:40:48,574 [INFO] [u_station_ab_night_autotune_v2] trading.auto_trader: AutoTrade batch mode=top_n candidates=2 eligible=2 selected=2 opened=0 pe=off burst_window=0
2026-02-27 09:40:48,589 [INFO] [u_station_ab_night_autotune_v2] __main__: Scanned 5 tokens | High quality: 3 | Alerts sent: 0 | Trade candidates: 3 | Quality out/core/explore/probe: 3/1/2/0 | Opened: 0 | Mode: local | Source: onchain+market | Policy: raw=OK/effective=OK(healthy | route=allow_all) | Regime: GREEN(avg_cand=2.62) | Safety: checked=3 fail_closed=0 reasons=api_code_4029:3 | FiltersTop(session): source_qos_cap:21,safe_age:5,safe_change_5m:3,safe_volume:3 | Dedup: heavy_skip=0 override=0 | V2Budget: 3/280 | SourceQoS: enabled=1/in=5/out=3/dropped=2/active_cd=0/drops=source_qos_cap:2 | Ingest: q=0/oldest=0.0s/drop_old=0/dedup_skip=0/enq=0/drain=0 | Sources: dex_boosts:ok=1/fail=0/429=0/lim_wait=0/cd_wait=0/err=0.0%/avg=64ms; dexscreener:ok=11/fail=0/429=0/lim_wait=0/cd_wait=0/err=0.0%/avg=45ms; onchain_enrich:ok=4/fail=0/429=0/lim_wait=0/cd_wait=0/err=0.0%/avg=42ms | Tasks: 3 | RSS: 0.0MB | CycleAvg: 11.05s
2026-02-27 09:40:53,383 [INFO] [u_station_ab_night_autotune_v2] monitor.onchain_factory: ENRICH_RETRY token=0xc4f9656220e6b5de0f8f4bddef61a856fbcaa4a4 pair=0xc05c5245fb9d55dabc62521039e99dfd55857488 attempt=1/2 delay=10s
2026-02-27 09:41:03,471 [INFO] [u_station_ab_night_autotune_v2] __main__: WATCHLIST merged count=5
2026-02-27 09:41:03,471 [INFO] [u_station_ab_night_autotune_v2] trading.v2_runtime: V2_UNIVERSE in=5 dedup=5 out=5 target=5 novel_target=5 novel_out=0 repeat_dropped=0 symbol_dropped=0 surge_in=1 surge_target=1 surge_out=1
2026-02-27 09:41:03,471 [INFO] [u_station_ab_night_autotune_v2] __main__: V2_SOURCE_QOS_FILTER in=5 out=3 drops={'source_qos_cap': 2} caps={'watchlist': 3}
2026-02-27 09:41:03,471 [INFO] [u_station_ab_night_autotune_v2] __main__: FILTER_FAIL token=VIRTUAL reason=source_qos_cap source=watchlist used=3/3
2026-02-27 09:41:03,471 [INFO] [u_station_ab_night_autotune_v2] __main__: FILTER_FAIL token=AERO reason=source_qos_cap source=watchlist used=3/3
2026-02-27 09:41:03,471 [INFO] [u_station_ab_night_autotune_v2] __main__: FILTER_PASS token=cbBTC tier=A score=100 mode=GREEN risk=MEDIUM liq=20220154 vol5m=163740
2026-02-27 09:41:03,471 [INFO] [u_station_ab_night_autotune_v2] __main__: FILTER_PASS token=FLOW tier=A score=95 mode=GREEN risk=MEDIUM liq=33636 vol5m=5018
2026-02-27 09:41:03,471 [INFO] [u_station_ab_night_autotune_v2] __main__: FILTER_PASS token=SAIRI tier=A score=95 mode=GREEN risk=MEDIUM liq=526091 vol5m=6242
2026-02-27 09:41:03,471 [INFO] [u_station_ab_night_autotune_v2] __main__: V2_QUALITY_GATE enabled=True regime=GREEN in=3 out=3 core_out=1 explore_out=2 probe_out=0 quota=2 max_symbol_share=0.333 drop={} sources_used={'watchlist': 3}
2026-02-27 09:41:03,471 [INFO] [u_station_ab_night_autotune_v2] __main__: V2_ENTRY_ROUTE enabled=True regime=GREEN in=3 out=2 core_out=1 explore_out=1 quota=1 allow_explore=True
2026-02-27 09:41:03,471 [INFO] [u_station_ab_night_autotune_v2] __main__: MARKET_REGIME mode=GREEN reason=avg_cand=2.67 avg_cand_recent=2.67
2026-02-27 09:41:03,471 [INFO] [u_station_ab_night_autotune_v2] trading.auto_trader: AutoTrade skip token=cbBTC reason=disabled_or_limits detail=max_tx_per_day 180/180
2026-02-27 09:41:03,471 [INFO] [u_station_ab_night_autotune_v2] trading.auto_trader: AutoTrade skip token=SAIRI reason=disabled_or_limits detail=max_tx_per_day 180/180
2026-02-27 09:41:03,471 [INFO] [u_station_ab_night_autotune_v2] trading.auto_trader: AutoTrade batch mode=top_n candidates=2 eligible=2 selected=2 opened=0 pe=off burst_window=0
2026-02-27 09:41:03,487 [INFO] [u_station_ab_night_autotune_v2] __main__: Scanned 5 tokens | High quality: 3 | Alerts sent: 0 | Trade candidates: 3 | Quality out/core/explore/probe: 3/1/2/0 | Opened: 0 | Mode: local | Source: onchain+market | Policy: raw=OK/effective=OK(healthy | route=allow_all) | Regime: GREEN(avg_cand=2.67) | Safety: checked=3 fail_closed=0 reasons=api_code_4029:3 | FiltersTop(session): source_qos_cap:23,safe_age:5,safe_change_5m:3,safe_volume:3 | Dedup: heavy_skip=0 override=0 | V2Budget: 3/280 | SourceQoS: enabled=1/in=5/out=3/dropped=2/active_cd=0/drops=source_qos_cap:2 | Ingest: q=0/oldest=0.0s/drop_old=0/dedup_skip=0/enq=0/drain=0 | Sources: dex_boosts:ok=1/fail=0/429=0/lim_wait=0/cd_wait=0/err=0.0%/avg=46ms; dexscreener:ok=11/fail=0/429=0/lim_wait=0/cd_wait=0/err=0.0%/avg=163ms; onchain_enrich:ok=4/fail=0/429=0/lim_wait=0/cd_wait=0/err=0.0%/avg=119ms | Tasks: 3 | RSS: 0.0MB | CycleAvg: 11.00s
2026-02-27 09:41:07,959 [INFO] [u_station_ab_night_autotune_v2] monitor.onchain_factory: ENRICH_RETRY token=0xc4f9656220e6b5de0f8f4bddef61a856fbcaa4a4 pair=0xc05c5245fb9d55dabc62521039e99dfd55857488 attempt=1/2 delay=10s
2026-02-27 09:41:18,111 [INFO] [u_station_ab_night_autotune_v2] __main__: WATCHLIST merged count=5
2026-02-27 09:41:18,112 [INFO] [u_station_ab_night_autotune_v2] trading.v2_runtime: V2_UNIVERSE in=5 dedup=5 out=5 target=5 novel_target=5 novel_out=0 repeat_dropped=0 symbol_dropped=0 surge_in=1 surge_target=1 surge_out=1
2026-02-27 09:41:18,112 [INFO] [u_station_ab_night_autotune_v2] __main__: V2_SOURCE_QOS_FILTER in=5 out=3 drops={'source_qos_cap': 2} caps={'watchlist': 3}
2026-02-27 09:41:18,113 [INFO] [u_station_ab_night_autotune_v2] __main__: FILTER_FAIL token=VIRTUAL reason=source_qos_cap source=watchlist used=3/3
2026-02-27 09:41:18,114 [INFO] [u_station_ab_night_autotune_v2] __main__: FILTER_FAIL token=AERO reason=source_qos_cap source=watchlist used=3/3
2026-02-27 09:41:18,115 [INFO] [u_station_ab_night_autotune_v2] __main__: FILTER_PASS token=cbBTC tier=A score=100 mode=GREEN risk=MEDIUM liq=20220154 vol5m=163740
2026-02-27 09:41:18,115 [INFO] [u_station_ab_night_autotune_v2] __main__: FILTER_PASS token=FLOW tier=A score=95 mode=GREEN risk=MEDIUM liq=33636 vol5m=5018
2026-02-27 09:41:18,116 [INFO] [u_station_ab_night_autotune_v2] __main__: FILTER_PASS token=SAIRI tier=A score=95 mode=GREEN risk=MEDIUM liq=526091 vol5m=6242
2026-02-27 09:41:18,118 [INFO] [u_station_ab_night_autotune_v2] __main__: V2_QUALITY_GATE enabled=True regime=GREEN in=3 out=3 core_out=1 explore_out=2 probe_out=0 quota=2 max_symbol_share=0.333 drop={} sources_used={'watchlist': 3}
2026-02-27 09:41:18,118 [INFO] [u_station_ab_night_autotune_v2] __main__: V2_ENTRY_ROUTE enabled=True regime=GREEN in=3 out=2 core_out=1 explore_out=1 quota=1 allow_explore=True
2026-02-27 09:41:18,119 [INFO] [u_station_ab_night_autotune_v2] __main__: MARKET_REGIME mode=GREEN reason=avg_cand=2.70 avg_cand_recent=2.70
2026-02-27 09:41:18,120 [INFO] [u_station_ab_night_autotune_v2] trading.auto_trader: AutoTrade skip token=cbBTC reason=disabled_or_limits detail=max_tx_per_day 180/180
2026-02-27 09:41:18,122 [INFO] [u_station_ab_night_autotune_v2] trading.auto_trader: AutoTrade skip token=SAIRI reason=disabled_or_limits detail=max_tx_per_day 180/180
2026-02-27 09:41:18,122 [INFO] [u_station_ab_night_autotune_v2] trading.auto_trader: AutoTrade batch mode=top_n candidates=2 eligible=2 selected=2 opened=0 pe=off burst_window=0
2026-02-27 09:41:18,122 [INFO] [u_station_ab_night_autotune_v2] trading.auto_trader: PAPER_SUMMARY window=60s closed_delta=0 wins_delta=0 losses_delta=0 realized_delta=$0.00 total_closed=90 winrate_total=45.6% realized_total=$0.35 balance=$7.35 equity=$7.35 open=0
2026-02-27 09:41:18,123 [INFO] [u_station_ab_night_autotune_v2] __main__: Scanned 5 tokens | High quality: 3 | Alerts sent: 0 | Trade candidates: 3 | Quality out/core/explore/probe: 3/1/2/0 | Opened: 0 | Mode: local | Source: onchain+market | Policy: raw=OK/effective=OK(healthy | route=allow_all) | Regime: GREEN(avg_cand=2.70) | Safety: checked=3 fail_closed=0 reasons=api_code_4029:3 | FiltersTop(session): source_qos_cap:25,safe_age:5,safe_change_5m:3,safe_volume:3 | Dedup: heavy_skip=0 override=0 | V2Budget: 3/280 | SourceQoS: enabled=1/in=5/out=3/dropped=2/active_cd=0/drops=source_qos_cap:2 | Ingest: q=0/oldest=0.0s/drop_old=0/dedup_skip=0/enq=0/drain=0 | Sources: dex_boosts:ok=1/fail=0/429=0/lim_wait=0/cd_wait=0/err=0.0%/avg=34ms; dexscreener:ok=11/fail=0/429=0/lim_wait=0/cd_wait=0/err=0.0%/avg=36ms; onchain_enrich:ok=4/fail=0/429=0/lim_wait=0/cd_wait=0/err=0.0%/avg=34ms; onchain_weth_price:ok=1/fail=0/429=0/lim_wait=0/cd_wait=0/err=0.0%/avg=62ms | Tasks: 3 | RSS: 0.0MB | CycleAvg: 10.99s
2026-02-27 09:41:22,580 [INFO] [u_station_ab_night_autotune_v2] monitor.onchain_factory: ENRICH_RETRY token=0xc4f9656220e6b5de0f8f4bddef61a856fbcaa4a4 pair=0xc05c5245fb9d55dabc62521039e99dfd55857488 attempt=1/2 delay=10s
2026-02-27 09:41:32,931 [INFO] [u_station_ab_night_autotune_v2] __main__: WATCHLIST merged count=5
2026-02-27 09:41:32,931 [INFO] [u_station_ab_night_autotune_v2] trading.v2_runtime: V2_UNIVERSE in=5 dedup=5 out=5 target=5 novel_target=5 novel_out=0 repeat_dropped=0 symbol_dropped=0 surge_in=1 surge_target=1 surge_out=1
2026-02-27 09:41:32,931 [INFO] [u_station_ab_night_autotune_v2] __main__: V2_SOURCE_QOS_FILTER in=5 out=3 drops={'source_qos_cap': 2} caps={'watchlist': 3}
2026-02-27 09:41:32,931 [INFO] [u_station_ab_night_autotune_v2] __main__: FILTER_FAIL token=VIRTUAL reason=source_qos_cap source=watchlist used=3/3
2026-02-27 09:41:32,931 [INFO] [u_station_ab_night_autotune_v2] __main__: FILTER_FAIL token=AERO reason=source_qos_cap source=watchlist used=3/3
2026-02-27 09:41:32,931 [INFO] [u_station_ab_night_autotune_v2] __main__: FILTER_PASS token=cbBTC tier=A score=100 mode=GREEN risk=MEDIUM liq=20220154 vol5m=163740
2026-02-27 09:41:32,931 [INFO] [u_station_ab_night_autotune_v2] __main__: FILTER_PASS token=FLOW tier=A score=95 mode=GREEN risk=MEDIUM liq=33636 vol5m=5018
2026-02-27 09:41:32,931 [INFO] [u_station_ab_night_autotune_v2] __main__: FILTER_PASS token=SAIRI tier=A score=95 mode=GREEN risk=MEDIUM liq=526091 vol5m=6242
2026-02-27 09:41:32,931 [INFO] [u_station_ab_night_autotune_v2] __main__: V2_QUALITY_GATE enabled=True regime=GREEN in=3 out=3 core_out=1 explore_out=2 probe_out=0 quota=2 max_symbol_share=0.333 drop={} sources_used={'watchlist': 3}
2026-02-27 09:41:32,931 [INFO] [u_station_ab_night_autotune_v2] __main__: V2_ENTRY_ROUTE enabled=True regime=GREEN in=3 out=2 core_out=1 explore_out=1 quota=1 allow_explore=True
2026-02-27 09:41:32,931 [INFO] [u_station_ab_night_autotune_v2] __main__: MARKET_REGIME mode=GREEN reason=avg_cand=2.73 avg_cand_recent=2.73
2026-02-27 09:41:32,931 [INFO] [u_station_ab_night_autotune_v2] trading.auto_trader: AutoTrade skip token=cbBTC reason=disabled_or_limits detail=max_tx_per_day 180/180
2026-02-27 09:41:32,931 [INFO] [u_station_ab_night_autotune_v2] trading.auto_trader: AutoTrade skip token=SAIRI reason=disabled_or_limits detail=max_tx_per_day 180/180
2026-02-27 09:41:32,931 [INFO] [u_station_ab_night_autotune_v2] trading.auto_trader: AutoTrade batch mode=top_n candidates=2 eligible=2 selected=2 opened=0 pe=off burst_window=0
2026-02-27 09:41:32,947 [INFO] [u_station_ab_night_autotune_v2] __main__: Scanned 5 tokens | High quality: 3 | Alerts sent: 0 | Trade candidates: 3 | Quality out/core/explore/probe: 3/1/2/0 | Opened: 0 | Mode: local | Source: onchain+market | Policy: raw=OK/effective=OK(healthy | route=allow_all) | Regime: GREEN(avg_cand=2.73) | Safety: checked=3 fail_closed=0 reasons=api_code_4029:3 | FiltersTop(session): source_qos_cap:27,safe_age:5,safe_change_5m:3,safe_volume:3 | Dedup: heavy_skip=0 override=0 | V2Budget: 3/280 | SourceQoS: enabled=1/in=5/out=3/dropped=2/active_cd=0/drops=source_qos_cap:2 | Ingest: q=1/oldest=9.6s/drop_old=0/dedup_skip=0/enq=1/drain=0 | Sources: dex_boosts:ok=1/fail=0/429=0/lim_wait=0/cd_wait=0/err=0.0%/avg=41ms; dexscreener:ok=11/fail=0/429=0/lim_wait=0/cd_wait=0/err=0.0%/avg=46ms; geckoterminal:ok=1/fail=0/429=0/lim_wait=0/cd_wait=0/err=0.0%/avg=260ms; onchain_enrich:ok=4/fail=0/429=0/lim_wait=0/cd_wait=0/err=0.0%/avg=99ms | Tasks: 3 | RSS: 0.0MB | CycleAvg: 10.95s
2026-02-27 09:41:37,523 [INFO] [u_station_ab_night_autotune_v2] monitor.onchain_factory: ENRICH_RETRY token=0xc4f9656220e6b5de0f8f4bddef61a856fbcaa4a4 pair=0xc05c5245fb9d55dabc62521039e99dfd55857488 attempt=1/2 delay=10s
2026-02-27 09:41:47,637 [INFO] [u_station_ab_night_autotune_v2] __main__: WATCHLIST merged count=5
2026-02-27 09:41:47,637 [INFO] [u_station_ab_night_autotune_v2] trading.v2_runtime: V2_UNIVERSE in=6 dedup=6 out=6 target=6 novel_target=6 novel_out=1 repeat_dropped=0 symbol_dropped=0 surge_in=1 surge_target=1 surge_out=1
2026-02-27 09:41:47,637 [INFO] [u_station_ab_night_autotune_v2] __main__: V2_SOURCE_QOS_FILTER in=6 out=3 drops={'source_qos_cap': 3} caps={'geckoterminal': 287, 'watchlist': 2}
2026-02-27 09:41:47,637 [INFO] [u_station_ab_night_autotune_v2] __main__: FILTER_FAIL token=SAIRI reason=source_qos_cap source=watchlist used=2/2
2026-02-27 09:41:47,643 [INFO] [u_station_ab_night_autotune_v2] __main__: FILTER_FAIL token=VIRTUAL reason=source_qos_cap source=watchlist used=2/2
2026-02-27 09:41:47,643 [INFO] [u_station_ab_night_autotune_v2] __main__: FILTER_FAIL token=AERO reason=source_qos_cap source=watchlist used=2/2
2026-02-27 09:41:47,643 [INFO] [u_station_ab_night_autotune_v2] __main__: FILTER_PASS token=cbBTC tier=A score=100 mode=GREEN risk=MEDIUM liq=20220154 vol5m=163740
2026-02-27 09:41:47,643 [INFO] [u_station_ab_night_autotune_v2] __main__: FILTER_PASS token=FLOW tier=A score=95 mode=GREEN risk=MEDIUM liq=33636 vol5m=5018
2026-02-27 09:41:47,643 [INFO] [u_station_ab_night_autotune_v2] __main__: FILTER_FAIL token=lettabot reason=safe_age
2026-02-27 09:41:47,643 [INFO] [u_station_ab_night_autotune_v2] __main__: V2_QUALITY_GATE enabled=True regime=GREEN in=2 out=2 core_out=1 explore_out=1 probe_out=0 quota=1 max_symbol_share=0.500 drop={} sources_used={'watchlist': 2}
2026-02-27 09:41:47,643 [INFO] [u_station_ab_night_autotune_v2] __main__: V2_ENTRY_ROUTE enabled=True regime=GREEN in=2 out=2 core_out=1 explore_out=1 quota=1 allow_explore=True
2026-02-27 09:41:47,643 [INFO] [u_station_ab_night_autotune_v2] __main__: MARKET_REGIME mode=GREEN reason=avg_cand=2.67 avg_cand_recent=2.67
2026-02-27 09:41:47,648 [INFO] [u_station_ab_night_autotune_v2] trading.auto_trader: AutoTrade skip token=cbBTC reason=disabled_or_limits detail=max_tx_per_day 180/180
2026-02-27 09:41:47,649 [INFO] [u_station_ab_night_autotune_v2] trading.auto_trader: AutoTrade skip token=FLOW reason=disabled_or_limits detail=max_tx_per_day 180/180
2026-02-27 09:41:47,649 [INFO] [u_station_ab_night_autotune_v2] trading.auto_trader: AutoTrade batch mode=top_n candidates=2 eligible=2 selected=2 opened=0 pe=off burst_window=0
2026-02-27 09:41:47,650 [INFO] [u_station_ab_night_autotune_v2] __main__: Scanned 6 tokens | High quality: 2 | Alerts sent: 0 | Trade candidates: 2 | Quality out/core/explore/probe: 2/1/1/0 | Opened: 0 | Mode: local | Source: onchain+market | Policy: raw=OK/effective=OK(healthy | route=allow_all) | Regime: GREEN(avg_cand=2.67) | Safety: checked=2 fail_closed=0 reasons=api_code_4029:2 | FiltersTop(session): source_qos_cap:30,safe_age:6,safe_change_5m:3,safe_volume:3 | Dedup: heavy_skip=0 override=0 | V2Budget: 2/280 | SourceQoS: enabled=1/in=6/out=3/dropped=3/active_cd=0/drops=source_qos_cap:3 | Ingest: q=0/oldest=0.0s/drop_old=0/dedup_skip=0/enq=0/drain=1 | Sources: dex_boosts:ok=1/fail=0/429=0/lim_wait=0/cd_wait=0/err=0.0%/avg=32ms; dexscreener:ok=11/fail=0/429=0/lim_wait=0/cd_wait=0/err=0.0%/avg=242ms; onchain_enrich:ok=4/fail=0/429=0/lim_wait=0/cd_wait=0/err=0.0%/avg=50ms | Tasks: 3 | RSS: 0.0MB | CycleAvg: 10.94s
2026-02-27 09:41:51,946 [INFO] [u_station_ab_night_autotune_v2] monitor.onchain_factory: PAIR_DETECTED source=uniswap_v2 dex=uniswap_v2 pair=0xad07c62e14f7ee37313f499ac995ba38bb468596 token0=0x37c81617477f8ea0e62ba1894856afa12940ab07 token1=0x4200000000000000000000000000000000000006 block=42696179 factory=0x8909dc15e40173ff4699343b6eb8132c65e18ec6
2026-02-27 09:41:51,946 [INFO] [u_station_ab_night_autotune_v2] monitor.onchain_factory: PAIR_DETECTED source=uniswap_v2 dex=uniswap_v2 pair=0x9ef6d81af886ddfd6949677b4e66792422cd9504 token0=0x4200000000000000000000000000000000000006 token1=0xa1e4f21fba62f02f7033e9c45a3328404445f7b4 block=42696180 factory=0x8909dc15e40173ff4699343b6eb8132c65e18ec6
2026-02-27 09:41:52,072 [INFO] [u_station_ab_night_autotune_v2] monitor.onchain_factory: PAIR_DETECTED source=uniswap_v3 dex=uniswap_v3 pair=0xb83c1819b8acd03587c3d5abcfdda796aa80dd1a token0=0x4200000000000000000000000000000000000006 token1=0xb539e3134b0832a172931e768e5257fe046d31c7 block=42696178 factory=0x33128a8fc17869897dce68ed026d694621f6fdfd
2026-02-27 09:41:52,191 [INFO] [u_station_ab_night_autotune_v2] monitor.onchain_factory: ENRICH_RETRY token=0xc4f9656220e6b5de0f8f4bddef61a856fbcaa4a4 pair=0xc05c5245fb9d55dabc62521039e99dfd55857488 attempt=1/2 delay=10s
2026-02-27 09:41:52,437 [INFO] [u_station_ab_night_autotune_v2] monitor.onchain_factory: ENRICH_RETRY token=0xa1e4f21fba62f02f7033e9c45a3328404445f7b4 pair=0x9ef6d81af886ddfd6949677b4e66792422cd9504 attempt=1/2 delay=10s
2026-02-27 09:41:52,437 [INFO] [u_station_ab_night_autotune_v2] monitor.onchain_factory: ENRICH_RETRY token=0xb539e3134b0832a172931e768e5257fe046d31c7 pair=0xb83c1819b8acd03587c3d5abcfdda796aa80dd1a attempt=1/2 delay=10s
2026-02-27 09:41:52,788 [INFO] [u_station_ab_night_autotune_v2] monitor.onchain_factory: ENRICH_RETRY token=0x37c81617477f8ea0e62ba1894856afa12940ab07 pair=0xad07c62e14f7ee37313f499ac995ba38bb468596 attempt=1/2 delay=10s
2026-02-27 09:42:02,855 [INFO] [u_station_ab_night_autotune_v2] __main__: WATCHLIST merged count=5
2026-02-27 09:42:02,871 [INFO] [u_station_ab_night_autotune_v2] trading.v2_runtime: V2_UNIVERSE in=5 dedup=5 out=5 target=5 novel_target=5 novel_out=0 repeat_dropped=0 symbol_dropped=0 surge_in=1 surge_target=1 surge_out=1
2026-02-27 09:42:02,871 [INFO] [u_station_ab_night_autotune_v2] __main__: V2_SOURCE_QOS_FILTER in=5 out=3 drops={'source_qos_cap': 2} caps={'watchlist': 3}
2026-02-27 09:42:02,871 [INFO] [u_station_ab_night_autotune_v2] __main__: FILTER_FAIL token=VIRTUAL reason=source_qos_cap source=watchlist used=3/3
2026-02-27 09:42:02,871 [INFO] [u_station_ab_night_autotune_v2] __main__: FILTER_FAIL token=AERO reason=source_qos_cap source=watchlist used=3/3
2026-02-27 09:42:02,871 [INFO] [u_station_ab_night_autotune_v2] __main__: FILTER_PASS token=cbBTC tier=A score=100 mode=GREEN risk=MEDIUM liq=20220154 vol5m=163740
2026-02-27 09:42:02,871 [INFO] [u_station_ab_night_autotune_v2] __main__: FILTER_PASS token=FLOW tier=A score=95 mode=GREEN risk=MEDIUM liq=33636 vol5m=5018
2026-02-27 09:42:02,871 [INFO] [u_station_ab_night_autotune_v2] __main__: FILTER_PASS token=SAIRI tier=A score=95 mode=GREEN risk=MEDIUM liq=526091 vol5m=6242
2026-02-27 09:42:02,871 [INFO] [u_station_ab_night_autotune_v2] __main__: V2_QUALITY_GATE enabled=True regime=GREEN in=3 out=3 core_out=1 explore_out=2 probe_out=0 quota=2 max_symbol_share=0.333 drop={} sources_used={'watchlist': 3}
2026-02-27 09:42:02,878 [INFO] [u_station_ab_night_autotune_v2] __main__: V2_ENTRY_ROUTE enabled=True regime=GREEN in=3 out=2 core_out=1 explore_out=1 quota=1 allow_explore=True
2026-02-27 09:42:02,878 [INFO] [u_station_ab_night_autotune_v2] __main__: MARKET_REGIME mode=GREEN reason=avg_cand=2.58 avg_cand_recent=2.58
2026-02-27 09:42:02,878 [INFO] [u_station_ab_night_autotune_v2] trading.auto_trader: AutoTrade skip token=cbBTC reason=disabled_or_limits detail=max_tx_per_day 180/180
2026-02-27 09:42:02,878 [INFO] [u_station_ab_night_autotune_v2] trading.auto_trader: AutoTrade skip token=SAIRI reason=disabled_or_limits detail=max_tx_per_day 180/180
2026-02-27 09:42:02,878 [INFO] [u_station_ab_night_autotune_v2] trading.auto_trader: AutoTrade batch mode=top_n candidates=2 eligible=2 selected=2 opened=0 pe=off burst_window=0
2026-02-27 09:42:02,878 [INFO] [u_station_ab_night_autotune_v2] __main__: Scanned 5 tokens | High quality: 3 | Alerts sent: 0 | Trade candidates: 3 | Quality out/core/explore/probe: 3/1/2/0 | Opened: 0 | Mode: local | Source: onchain+market | Policy: raw=OK/effective=OK(healthy | route=allow_all) | Regime: GREEN(avg_cand=2.58) | Safety: checked=3 fail_closed=0 reasons=api_code_4029:3 | FiltersTop(session): source_qos_cap:32,safe_age:6,safe_change_5m:3,safe_volume:3 | Dedup: heavy_skip=0 override=0 | V2Budget: 3/280 | SourceQoS: enabled=1/in=5/out=3/dropped=2/active_cd=0/drops=source_qos_cap:2 | Ingest: q=0/oldest=0.0s/drop_old=0/dedup_skip=0/enq=0/drain=0 | Sources: dex_boosts:ok=1/fail=0/429=0/lim_wait=0/cd_wait=0/err=0.0%/avg=28ms; dexscreener:ok=11/fail=0/429=0/lim_wait=0/cd_wait=0/err=0.0%/avg=61ms; onchain_enrich:ok=16/fail=0/429=0/lim_wait=0/cd_wait=0/err=0.0%/avg=116ms | Tasks: 3 | RSS: 0.0MB | CycleAvg: 10.92s
2026-02-27 09:42:07,386 [INFO] [u_station_ab_night_autotune_v2] monitor.onchain_factory: ENRICH_RETRY token=0xa1e4f21fba62f02f7033e9c45a3328404445f7b4 pair=0x9ef6d81af886ddfd6949677b4e66792422cd9504 attempt=1/2 delay=10s
2026-02-27 09:42:07,386 [INFO] [u_station_ab_night_autotune_v2] monitor.onchain_factory: ENRICH_RETRY token=0x37c81617477f8ea0e62ba1894856afa12940ab07 pair=0xad07c62e14f7ee37313f499ac995ba38bb468596 attempt=1/2 delay=10s
2026-02-27 09:42:07,459 [INFO] [u_station_ab_night_autotune_v2] monitor.onchain_factory: ENRICH_RETRY token=0xb539e3134b0832a172931e768e5257fe046d31c7 pair=0xb83c1819b8acd03587c3d5abcfdda796aa80dd1a attempt=1/2 delay=10s
2026-02-27 09:42:07,648 [INFO] [u_station_ab_night_autotune_v2] monitor.onchain_factory: ENRICH_RETRY token=0xc4f9656220e6b5de0f8f4bddef61a856fbcaa4a4 pair=0xc05c5245fb9d55dabc62521039e99dfd55857488 attempt=1/2 delay=10s
2026-02-27 09:42:17,705 [INFO] [u_station_ab_night_autotune_v2] __main__: WATCHLIST merged count=5
2026-02-27 09:42:17,705 [INFO] [u_station_ab_night_autotune_v2] trading.v2_runtime: V2_UNIVERSE in=5 dedup=5 out=5 target=5 novel_target=5 novel_out=0 repeat_dropped=0 symbol_dropped=0 surge_in=1 surge_target=1 surge_out=1
2026-02-27 09:42:17,706 [INFO] [u_station_ab_night_autotune_v2] __main__: V2_SOURCE_QOS_FILTER in=5 out=3 drops={'source_qos_cap': 2} caps={'watchlist': 3}
2026-02-27 09:42:17,707 [INFO] [u_station_ab_night_autotune_v2] __main__: FILTER_FAIL token=VIRTUAL reason=source_qos_cap source=watchlist used=3/3
2026-02-27 09:42:17,708 [INFO] [u_station_ab_night_autotune_v2] __main__: FILTER_FAIL token=AERO reason=source_qos_cap source=watchlist used=3/3
2026-02-27 09:42:17,709 [INFO] [u_station_ab_night_autotune_v2] __main__: FILTER_PASS token=cbBTC tier=A score=100 mode=GREEN risk=MEDIUM liq=20220154 vol5m=163740
2026-02-27 09:42:17,710 [INFO] [u_station_ab_night_autotune_v2] __main__: FILTER_PASS token=FLOW tier=A score=95 mode=GREEN risk=MEDIUM liq=33636 vol5m=5018
2026-02-27 09:42:17,711 [INFO] [u_station_ab_night_autotune_v2] __main__: FILTER_PASS token=SAIRI tier=A score=95 mode=GREEN risk=MEDIUM liq=526091 vol5m=6242
2026-02-27 09:42:17,712 [INFO] [u_station_ab_night_autotune_v2] __main__: V2_QUALITY_GATE enabled=True regime=GREEN in=3 out=3 core_out=1 explore_out=2 probe_out=0 quota=2 max_symbol_share=0.333 drop={} sources_used={'watchlist': 3}
2026-02-27 09:42:17,712 [INFO] [u_station_ab_night_autotune_v2] __main__: V2_ENTRY_ROUTE enabled=True regime=GREEN in=3 out=2 core_out=1 explore_out=1 quota=1 allow_explore=True
2026-02-27 09:42:17,713 [INFO] [u_station_ab_night_autotune_v2] __main__: MARKET_REGIME mode=GREEN reason=avg_cand=2.58 avg_cand_recent=2.58
2026-02-27 09:42:17,714 [INFO] [u_station_ab_night_autotune_v2] trading.auto_trader: AutoTrade skip token=cbBTC reason=disabled_or_limits detail=max_tx_per_day 180/180
2026-02-27 09:42:17,715 [INFO] [u_station_ab_night_autotune_v2] trading.auto_trader: AutoTrade skip token=SAIRI reason=disabled_or_limits detail=max_tx_per_day 180/180
2026-02-27 09:42:17,716 [INFO] [u_station_ab_night_autotune_v2] trading.auto_trader: AutoTrade batch mode=top_n candidates=2 eligible=2 selected=2 opened=0 pe=off burst_window=0
2026-02-27 09:42:17,717 [INFO] [u_station_ab_night_autotune_v2] __main__: Scanned 5 tokens | High quality: 3 | Alerts sent: 0 | Trade candidates: 3 | Quality out/core/explore/probe: 3/1/2/0 | Opened: 0 | Mode: local | Source: onchain+market | Policy: raw=OK/effective=OK(healthy | route=allow_all) | Regime: GREEN(avg_cand=2.58) | Safety: checked=3 fail_closed=0 reasons=api_code_4029:3 | FiltersTop(session): source_qos_cap:34,safe_age:6,safe_change_5m:3,safe_volume:3 | Dedup: heavy_skip=0 override=0 | V2Budget: 3/280 | SourceQoS: enabled=1/in=5/out=3/dropped=2/active_cd=0/drops=source_qos_cap:2 | Ingest: q=0/oldest=0.0s/drop_old=0/dedup_skip=0/enq=0/drain=0 | Sources: dex_boosts:ok=1/fail=0/429=0/lim_wait=0/cd_wait=0/err=0.0%/avg=44ms; dexscreener:ok=11/fail=0/429=0/lim_wait=0/cd_wait=0/err=0.0%/avg=104ms; onchain_enrich:ok=16/fail=0/429=0/lim_wait=0/cd_wait=0/err=0.0%/avg=54ms | Tasks: 3 | RSS: 0.0MB | CycleAvg: 10.94s
2026-02-27 09:42:22,268 [INFO] [u_station_ab_night_autotune_v2] monitor.onchain_factory: ENRICH_RETRY token=0x37c81617477f8ea0e62ba1894856afa12940ab07 pair=0xad07c62e14f7ee37313f499ac995ba38bb468596 attempt=1/2 delay=10s
2026-02-27 09:42:22,268 [INFO] [u_station_ab_night_autotune_v2] monitor.onchain_factory: ENRICH_RETRY token=0xc4f9656220e6b5de0f8f4bddef61a856fbcaa4a4 pair=0xc05c5245fb9d55dabc62521039e99dfd55857488 attempt=1/2 delay=10s
2026-02-27 09:42:22,286 [INFO] [u_station_ab_night_autotune_v2] monitor.onchain_factory: ENRICH_RETRY token=0xa1e4f21fba62f02f7033e9c45a3328404445f7b4 pair=0x9ef6d81af886ddfd6949677b4e66792422cd9504 attempt=1/2 delay=10s
2026-02-27 09:42:22,286 [INFO] [u_station_ab_night_autotune_v2] monitor.onchain_factory: ENRICH_RETRY token=0xb539e3134b0832a172931e768e5257fe046d31c7 pair=0xb83c1819b8acd03587c3d5abcfdda796aa80dd1a attempt=1/2 delay=10s
2026-02-27 09:42:32,446 [INFO] [u_station_ab_night_autotune_v2] __main__: WATCHLIST merged count=5
2026-02-27 09:42:32,446 [INFO] [u_station_ab_night_autotune_v2] trading.v2_runtime: V2_UNIVERSE in=8 dedup=8 out=8 target=8 novel_target=7 novel_out=3 repeat_dropped=0 symbol_dropped=0 surge_in=2 surge_target=2 surge_out=2
2026-02-27 09:42:32,446 [INFO] [u_station_ab_night_autotune_v2] __main__: V2_SOURCE_QOS_FILTER in=8 out=5 drops={'source_qos_cap': 3} caps={'watchlist': 2, 'unknown': 0}
2026-02-27 09:42:32,446 [INFO] [u_station_ab_night_autotune_v2] __main__: FILTER_FAIL token=SAIRI reason=source_qos_cap source=watchlist used=2/2
2026-02-27 09:42:32,446 [INFO] [u_station_ab_night_autotune_v2] __main__: FILTER_FAIL token=VIRTUAL reason=source_qos_cap source=watchlist used=2/2
2026-02-27 09:42:32,446 [INFO] [u_station_ab_night_autotune_v2] __main__: FILTER_FAIL token=AERO reason=source_qos_cap source=watchlist used=2/2
2026-02-27 09:42:32,446 [INFO] [u_station_ab_night_autotune_v2] __main__: FILTER_PASS token=cbBTC tier=A score=100 mode=GREEN risk=MEDIUM liq=20220154 vol5m=163740
2026-02-27 09:42:32,446 [INFO] [u_station_ab_night_autotune_v2] __main__: FILTER_FAIL token=BUFR reason=safe_age
2026-02-27 09:42:32,453 [INFO] [u_station_ab_night_autotune_v2] __main__: FILTER_PASS token=FLOW tier=A score=95 mode=GREEN risk=MEDIUM liq=33636 vol5m=5018
2026-02-27 09:42:32,453 [INFO] [u_station_ab_night_autotune_v2] __main__: FILTER_FAIL token=schnoz reason=score_min score=20 strict_min=48 soft_min=48 mode=GREEN
2026-02-27 09:42:32,453 [INFO] [u_station_ab_night_autotune_v2] __main__: FILTER_FAIL token=Pikachu reason=score_min score=40 strict_min=48 soft_min=48 mode=GREEN
2026-02-27 09:42:32,453 [INFO] [u_station_ab_night_autotune_v2] __main__: V2_QUALITY_GATE enabled=True regime=GREEN in=2 out=2 core_out=1 explore_out=1 probe_out=0 quota=1 max_symbol_share=0.500 drop={} sources_used={'watchlist': 2}
2026-02-27 09:42:32,453 [INFO] [u_station_ab_night_autotune_v2] __main__: V2_ENTRY_ROUTE enabled=True regime=GREEN in=2 out=2 core_out=1 explore_out=1 quota=1 allow_explore=True
2026-02-27 09:42:32,453 [INFO] [u_station_ab_night_autotune_v2] __main__: MARKET_REGIME mode=GREEN reason=avg_cand=2.58 avg_cand_recent=2.58
2026-02-27 09:42:32,453 [INFO] [u_station_ab_night_autotune_v2] trading.auto_trader: AutoTrade skip token=cbBTC reason=disabled_or_limits detail=max_tx_per_day 180/180
2026-02-27 09:42:32,453 [INFO] [u_station_ab_night_autotune_v2] trading.auto_trader: AutoTrade skip token=FLOW reason=disabled_or_limits detail=max_tx_per_day 180/180
2026-02-27 09:42:32,453 [INFO] [u_station_ab_night_autotune_v2] trading.auto_trader: AutoTrade batch mode=top_n candidates=2 eligible=2 selected=2 opened=0 pe=off burst_window=0
2026-02-27 09:42:32,453 [INFO] [u_station_ab_night_autotune_v2] trading.auto_trader: PAPER_SUMMARY window=60s closed_delta=0 wins_delta=0 losses_delta=0 realized_delta=$0.00 total_closed=90 winrate_total=45.6% realized_total=$0.35 balance=$7.35 equity=$7.35 open=0
2026-02-27 09:42:32,453 [INFO] [u_station_ab_night_autotune_v2] __main__: Scanned 8 tokens | High quality: 2 | Alerts sent: 0 | Trade candidates: 2 | Quality out/core/explore/probe: 2/1/1/0 | Opened: 0 | Mode: local | Source: onchain+market | Policy: raw=OK/effective=OK(healthy | route=allow_all) | Regime: GREEN(avg_cand=2.58) | Safety: checked=2 fail_closed=0 reasons=api_code_4029:2 | FiltersTop(session): source_qos_cap:37,safe_age:7,score_min:4,safe_change_5m:3 | Dedup: heavy_skip=0 override=0 | V2Budget: 2/280 | SourceQoS: enabled=1/in=8/out=5/dropped=3/active_cd=0/drops=source_qos_cap:3 | Ingest: q=0/oldest=0.0s/drop_old=0/dedup_skip=0/enq=0/drain=0 | Sources: dex_boosts:ok=1/fail=0/429=0/lim_wait=0/cd_wait=0/err=0.0%/avg=43ms; dexscreener:ok=11/fail=0/429=0/lim_wait=0/cd_wait=0/err=0.0%/avg=262ms; onchain_enrich:ok=13/fail=0/429=0/lim_wait=0/cd_wait=0/err=0.0%/avg=50ms; onchain_weth_price:ok=1/fail=0/429=0/lim_wait=0/cd_wait=0/err=0.0%/avg=67ms | Tasks: 3 | RSS: 0.0MB | CycleAvg: 10.93s
2026-02-27 09:42:36,933 [INFO] [u_station_ab_night_autotune_v2] monitor.onchain_factory: ENRICH_RETRY token=0xc4f9656220e6b5de0f8f4bddef61a856fbcaa4a4 pair=0xc05c5245fb9d55dabc62521039e99dfd55857488 attempt=1/2 delay=10s
2026-02-27 09:42:47,304 [INFO] [u_station_ab_night_autotune_v2] __main__: WATCHLIST merged count=5
2026-02-27 09:42:47,304 [INFO] [u_station_ab_night_autotune_v2] trading.v2_runtime: V2_UNIVERSE in=5 dedup=5 out=5 target=5 novel_target=5 novel_out=0 repeat_dropped=0 symbol_dropped=0 surge_in=1 surge_target=1 surge_out=1
2026-02-27 09:42:47,304 [INFO] [u_station_ab_night_autotune_v2] __main__: V2_SOURCE_QOS_FILTER in=5 out=3 drops={'source_qos_cap': 2} caps={'watchlist': 3}
2026-02-27 09:42:47,304 [INFO] [u_station_ab_night_autotune_v2] __main__: FILTER_FAIL token=VIRTUAL reason=source_qos_cap source=watchlist used=3/3
2026-02-27 09:42:47,304 [INFO] [u_station_ab_night_autotune_v2] __main__: FILTER_FAIL token=AERO reason=source_qos_cap source=watchlist used=3/3
2026-02-27 09:42:47,319 [INFO] [u_station_ab_night_autotune_v2] __main__: FILTER_PASS token=cbBTC tier=A score=100 mode=GREEN risk=MEDIUM liq=20220154 vol5m=163740
2026-02-27 09:42:47,319 [INFO] [u_station_ab_night_autotune_v2] __main__: FILTER_PASS token=FLOW tier=A score=95 mode=GREEN risk=MEDIUM liq=33636 vol5m=5018
2026-02-27 09:42:47,322 [INFO] [u_station_ab_night_autotune_v2] __main__: FILTER_PASS token=SAIRI tier=A score=95 mode=GREEN risk=MEDIUM liq=526091 vol5m=6242
2026-02-27 09:42:47,322 [INFO] [u_station_ab_night_autotune_v2] __main__: V2_QUALITY_GATE enabled=True regime=GREEN in=3 out=3 core_out=1 explore_out=2 probe_out=0 quota=2 max_symbol_share=0.333 drop={} sources_used={'watchlist': 3}
2026-02-27 09:42:47,322 [INFO] [u_station_ab_night_autotune_v2] __main__: V2_ENTRY_ROUTE enabled=True regime=GREEN in=3 out=2 core_out=1 explore_out=1 quota=1 allow_explore=True
2026-02-27 09:42:47,322 [INFO] [u_station_ab_night_autotune_v2] __main__: MARKET_REGIME mode=GREEN reason=avg_cand=2.67 avg_cand_recent=2.67
2026-02-27 09:42:47,322 [INFO] [u_station_ab_night_autotune_v2] trading.auto_trader: AutoTrade skip token=cbBTC reason=disabled_or_limits detail=max_tx_per_day 180/180
2026-02-27 09:42:47,322 [INFO] [u_station_ab_night_autotune_v2] trading.auto_trader: AutoTrade skip token=SAIRI reason=disabled_or_limits detail=max_tx_per_day 180/180
2026-02-27 09:42:47,322 [INFO] [u_station_ab_night_autotune_v2] trading.auto_trader: AutoTrade batch mode=top_n candidates=2 eligible=2 selected=2 opened=0 pe=off burst_window=0
2026-02-27 09:42:47,322 [INFO] [u_station_ab_night_autotune_v2] __main__: Scanned 5 tokens | High quality: 3 | Alerts sent: 0 | Trade candidates: 3 | Quality out/core/explore/probe: 3/1/2/0 | Opened: 0 | Mode: local | Source: onchain+market | Policy: raw=OK/effective=OK(healthy | route=allow_all) | Regime: GREEN(avg_cand=2.67) | Safety: checked=3 fail_closed=0 reasons=api_code_4029:3 | FiltersTop(session): source_qos_cap:39,safe_age:7,score_min:4,safe_change_5m:3 | Dedup: heavy_skip=0 override=0 | V2Budget: 3/280 | SourceQoS: enabled=1/in=5/out=3/dropped=2/active_cd=0/drops=source_qos_cap:2 | Ingest: q=2/oldest=8.7s/drop_old=0/dedup_skip=0/enq=2/drain=0 | Sources: dex_boosts:ok=1/fail=0/429=0/lim_wait=0/cd_wait=0/err=0.0%/avg=39ms; dexscreener:ok=11/fail=0/429=0/lim_wait=0/cd_wait=0/err=0.0%/avg=43ms; geckoterminal:ok=1/fail=0/429=0/lim_wait=0/cd_wait=0/err=0.0%/avg=205ms; onchain_enrich:ok=4/fail=0/429=0/lim_wait=0/cd_wait=0/err=0.0%/avg=108ms | Tasks: 3 | RSS: 0.0MB | CycleAvg: 10.92s
2026-02-27 09:42:51,820 [INFO] [u_station_ab_night_autotune_v2] monitor.onchain_factory: ENRICH_RETRY token=0xc4f9656220e6b5de0f8f4bddef61a856fbcaa4a4 pair=0xc05c5245fb9d55dabc62521039e99dfd55857488 attempt=1/2 delay=10s
2026-02-27 09:43:01,903 [INFO] [u_station_ab_night_autotune_v2] __main__: WATCHLIST merged count=5
2026-02-27 09:43:01,903 [INFO] [u_station_ab_night_autotune_v2] trading.v2_runtime: V2_UNIVERSE in=7 dedup=7 out=7 target=7 novel_target=6 novel_out=0 repeat_dropped=0 symbol_dropped=0 surge_in=2 surge_target=2 surge_out=2
2026-02-27 09:43:01,903 [INFO] [u_station_ab_night_autotune_v2] __main__: V2_SOURCE_QOS_FILTER in=7 out=4 drops={'source_qos_cap': 3} caps={'geckoterminal': 287, 'watchlist': 2}
2026-02-27 09:43:01,903 [INFO] [u_station_ab_night_autotune_v2] __main__: FILTER_FAIL token=SAIRI reason=source_qos_cap source=watchlist used=2/2
2026-02-27 09:43:01,903 [INFO] [u_station_ab_night_autotune_v2] __main__: FILTER_FAIL token=VIRTUAL reason=source_qos_cap source=watchlist used=2/2
2026-02-27 09:43:01,903 [INFO] [u_station_ab_night_autotune_v2] __main__: FILTER_FAIL token=AERO reason=source_qos_cap source=watchlist used=2/2
2026-02-27 09:43:01,903 [INFO] [u_station_ab_night_autotune_v2] __main__: FILTER_PASS token=cbBTC tier=A score=100 mode=GREEN risk=MEDIUM liq=20220154 vol5m=163740
2026-02-27 09:43:01,903 [INFO] [u_station_ab_night_autotune_v2] __main__: FILTER_FAIL token=BUFR reason=safe_age
2026-02-27 09:43:01,903 [INFO] [u_station_ab_night_autotune_v2] __main__: FILTER_PASS token=FLOW tier=A score=95 mode=GREEN risk=MEDIUM liq=33636 vol5m=5018
2026-02-27 09:43:01,920 [INFO] [u_station_ab_night_autotune_v2] __main__: FILTER_FAIL token=Pikachu reason=score_min score=40 strict_min=48 soft_min=48 mode=GREEN
2026-02-27 09:43:01,920 [INFO] [u_station_ab_night_autotune_v2] __main__: V2_QUALITY_GATE enabled=True regime=GREEN in=2 out=2 core_out=1 explore_out=1 probe_out=0 quota=1 max_symbol_share=0.500 drop={} sources_used={'watchlist': 2}
2026-02-27 09:43:01,920 [INFO] [u_station_ab_night_autotune_v2] __main__: V2_ENTRY_ROUTE enabled=True regime=GREEN in=2 out=2 core_out=1 explore_out=1 quota=1 allow_explore=True
2026-02-27 09:43:01,920 [INFO] [u_station_ab_night_autotune_v2] __main__: MARKET_REGIME mode=GREEN reason=avg_cand=2.67 avg_cand_recent=2.67
2026-02-27 09:43:01,920 [INFO] [u_station_ab_night_autotune_v2] trading.auto_trader: AutoTrade skip token=cbBTC reason=disabled_or_limits detail=max_tx_per_day 180/180
2026-02-27 09:43:01,920 [INFO] [u_station_ab_night_autotune_v2] trading.auto_trader: AutoTrade skip token=FLOW reason=disabled_or_limits detail=max_tx_per_day 180/180
2026-02-27 09:43:01,920 [INFO] [u_station_ab_night_autotune_v2] trading.auto_trader: AutoTrade batch mode=top_n candidates=2 eligible=2 selected=2 opened=0 pe=off burst_window=0
2026-02-27 09:43:01,920 [INFO] [u_station_ab_night_autotune_v2] __main__: Scanned 7 tokens | High quality: 2 | Alerts sent: 0 | Trade candidates: 2 | Quality out/core/explore/probe: 2/1/1/0 | Opened: 0 | Mode: local | Source: onchain+market | Policy: raw=OK/effective=OK(healthy | route=allow_all) | Regime: GREEN(avg_cand=2.67) | Safety: checked=2 fail_closed=0 reasons=api_code_4029:2 | FiltersTop(session): source_qos_cap:42,safe_age:8,score_min:5,safe_change_5m:3 | Dedup: heavy_skip=0 override=0 | V2Budget: 2/280 | SourceQoS: enabled=1/in=7/out=4/dropped=3/active_cd=0/drops=source_qos_cap:3 | Ingest: q=0/oldest=0.0s/drop_old=0/dedup_skip=0/enq=0/drain=2 | Sources: dex_boosts:ok=1/fail=0/429=0/lim_wait=0/cd_wait=0/err=0.0%/avg=33ms; dexscreener:ok=11/fail=0/429=0/lim_wait=0/cd_wait=0/err=0.0%/avg=47ms; onchain_enrich:ok=4/fail=0/429=0/lim_wait=0/cd_wait=0/err=0.0%/avg=36ms | Tasks: 3 | RSS: 0.0MB | CycleAvg: 10.91s
2026-02-27 09:43:05,920 [WARNING] [u_station_ab_night_autotune_v2] __main__: GRACEFUL_STOP requested path=D:\earnforme\solana-alert-bot\data\graceful_stop.u_station_ab_night_autotune_v2.signal
2026-02-27 09:43:06,003 [INFO] [u_station_ab_night_autotune_v2] trading.auto_trader: AUTOTRADER_SHUTDOWN reason=main_local_shutdown open=0 closed=90
