2026-02-27 12:13:22,767 [INFO] [u_station_ab_night_autotune_v2] __main__: SESSION_LOG file=logs/matrix/u_station_ab_night_autotune_v2\sessions\main_local_20260227_111322_pid4644.log
2026-02-27 12:13:22,790 [INFO] [u_station_ab_night_autotune_v2] trading.auto_trader_state: AutoTrade state loaded open=1 closed=94 balance=$6.89
2026-02-27 12:13:22,800 [WARNING] [u_station_ab_night_autotune_v2] trading.auto_trader: DATA_POLICY mode=OK reason=init_reset_manual prev_mode=OK prev_reason=healthy | route=allow_all
2026-02-27 12:13:22,800 [INFO] [u_station_ab_night_autotune_v2] __main__: AUTOTRADER_INIT state=ready reason=manual mode=paper
2026-02-27 12:13:22,802 [INFO] [u_station_ab_night_autotune_v2] __main__: Local mode started (Telegram disabled).
2026-02-27 12:13:23,245 [INFO] [u_station_ab_night_autotune_v2] monitor.onchain_factory: PAIR_DETECTED source=uniswap_v2 dex=uniswap_v2 pair=0xd73e5a02c0e2989756bedad01df42c8b35645d66 token0=0x4200000000000000000000000000000000000006 token1=0x523e67209d250acaf7baa5b5a60bf37e345e5cdc block=42700683 factory=0x8909dc15e40173ff4699343b6eb8132c65e18ec6
2026-02-27 12:13:23,245 [INFO] [u_station_ab_night_autotune_v2] monitor.onchain_factory: PAIR_DETECTED source=uniswap_v2 dex=uniswap_v2 pair=0x4b4ba64d3282eeec5fc8fea67fc6971e3d6b6da9 token0=0x4200000000000000000000000000000000000006 token1=0x57aa11e001b3ed78f434b1dc60e25f2f31ccab07 block=42700686 factory=0x8909dc15e40173ff4699343b6eb8132c65e18ec6
2026-02-27 12:13:23,246 [INFO] [u_station_ab_night_autotune_v2] monitor.onchain_factory: PAIR_DETECTED source=uniswap_v2 dex=uniswap_v2 pair=0xaefbd61d75fd2b09152194a6f74451604a405ce9 token0=0x4200000000000000000000000000000000000006 token1=0x8a14ca7bc40f3b2b69fe65c4ec4a485435d4eb07 block=42700696 factory=0x8909dc15e40173ff4699343b6eb8132c65e18ec6
2026-02-27 12:13:25,010 [INFO] [u_station_ab_night_autotune_v2] __main__: WATCHLIST merged count=5
2026-02-27 12:13:25,011 [INFO] [u_station_ab_night_autotune_v2] trading.v2_runtime: V2_UNIVERSE in=16 dedup=16 out=16 target=16 novel_target=14 novel_out=16 repeat_dropped=0 symbol_dropped=0 surge_in=5 surge_target=4 surge_out=5
2026-02-27 12:13:25,011 [INFO] [u_station_ab_night_autotune_v2] __main__: V2_SOURCE_QOS_FILTER in=16 out=13 drops={'source_qos_cap': 3} caps={'watchlist': 2, 'unknown': 0, 'geckoterminal': 287}
2026-02-27 12:13:25,012 [INFO] [u_station_ab_night_autotune_v2] __main__: FILTER_FAIL token=VIRTUAL reason=source_qos_cap source=watchlist used=2/2
2026-02-27 12:13:25,013 [INFO] [u_station_ab_night_autotune_v2] __main__: FILTER_FAIL token=JUNO reason=source_qos_cap source=watchlist used=2/2
2026-02-27 12:13:25,014 [INFO] [u_station_ab_night_autotune_v2] __main__: FILTER_FAIL token=AERO reason=source_qos_cap source=watchlist used=2/2
2026-02-27 12:13:25,014 [INFO] [u_station_ab_night_autotune_v2] __main__: FILTER_FAIL token=ROBO reason=safe_age
2026-02-27 12:13:25,015 [INFO] [u_station_ab_night_autotune_v2] __main__: FILTER_PASS token=CHARLES tier=A score=90 mode=YELLOW risk=MEDIUM liq=34284 vol5m=12001
2026-02-27 12:13:25,016 [INFO] [u_station_ab_night_autotune_v2] monitor.local_alerter: Local alert token=CHARLES address=0xd817dc3a1e902aa16706bccb11b24ad9c28b963c score=90 reco=BUY risk=MEDIUM warnings=0 liq=34284 vol5m=12001
2026-02-27 12:13:25,016 [INFO] [u_station_ab_night_autotune_v2] __main__: FILTER_FAIL token=CLAWNCH reason=safe_change_5m
2026-02-27 12:13:25,017 [INFO] [u_station_ab_night_autotune_v2] __main__: FILTER_FAIL token=Jellybean reason=safe_change_5m
2026-02-27 12:13:25,018 [INFO] [u_station_ab_night_autotune_v2] __main__: FILTER_FAIL token=HEMAN reason=safe_age
2026-02-27 12:13:25,019 [INFO] [u_station_ab_night_autotune_v2] __main__: FILTER_PASS token=cbBTC tier=A score=100 mode=YELLOW risk=MEDIUM liq=19426684 vol5m=22503
2026-02-27 12:13:25,021 [INFO] [u_station_ab_night_autotune_v2] __main__: FILTER_FAIL token=ToruCeoAI reason=safe_change_5m
2026-02-27 12:13:25,022 [INFO] [u_station_ab_night_autotune_v2] __main__: FILTER_FAIL token=BABCH reason=safe_age
2026-02-27 12:13:25,022 [INFO] [u_station_ab_night_autotune_v2] __main__: FILTER_PASS token=AIGF tier=A score=95 mode=YELLOW risk=MEDIUM liq=206848 vol5m=9926
2026-02-27 12:13:25,024 [INFO] [u_station_ab_night_autotune_v2] __main__: FILTER_FAIL token=Luddites reason=score_min score=40 strict_min=48 soft_min=48 mode=YELLOW
2026-02-27 12:13:25,025 [INFO] [u_station_ab_night_autotune_v2] __main__: FILTER_PASS token=JIGS tier=A score=60 mode=YELLOW risk=MEDIUM liq=20625 vol5m=39
2026-02-27 12:13:25,026 [INFO] [u_station_ab_night_autotune_v2] monitor.local_alerter: Local alert token=JIGS address=0x97ae0d9902141c7f7eb0a19dcd8fee8c5a2f6ba3 score=60 reco=HOLD risk=MEDIUM warnings=0 liq=20625 vol5m=39
2026-02-27 12:13:25,027 [INFO] [u_station_ab_night_autotune_v2] __main__: FILTER_FAIL token=AGENTC reason=score_min score=40 strict_min=48 soft_min=48 mode=YELLOW
2026-02-27 12:13:25,028 [INFO] [u_station_ab_night_autotune_v2] __main__: FILTER_FAIL token=COMET reason=score_min score=20 strict_min=48 soft_min=48 mode=YELLOW
2026-02-27 12:13:25,029 [INFO] [u_station_ab_night_autotune_v2] trading.v2_runtime: V2_QUALITY_ROTATE symbols_core=0 symbols_cooldown=0 sources=1 top_core=- top_cooldown=-
2026-02-27 12:13:25,030 [INFO] [u_station_ab_night_autotune_v2] __main__: V2_QUALITY_GATE enabled=True regime=YELLOW in=4 out=4 core_out=1 explore_out=3 probe_out=0 quota=3 max_symbol_share=0.250 drop={} sources_used={'watchlist': 2, 'geckoterminal': 2}
2026-02-27 12:13:25,031 [INFO] [u_station_ab_night_autotune_v2] __main__: V2_ENTRY_ROUTE enabled=True regime=YELLOW in=4 out=3 core_out=1 explore_out=2 quota=2 allow_explore=True
2026-02-27 12:13:25,031 [WARNING] [u_station_ab_night_autotune_v2] trading.auto_trader: DATA_POLICY mode=OK reason=healthy | route=allow_all prev_mode=OK prev_reason=init_reset_manual
2026-02-27 12:13:25,031 [INFO] [u_station_ab_night_autotune_v2] __main__: MARKET_REGIME mode=YELLOW reason=hysteresis_recover_wait 1/4 raw=GREEN avg_cand_recent=4.00
2026-02-27 12:13:25,050 [INFO] [u_station_ab_night_autotune_v2] trading.auto_trader: AutoTrade adjust token=CHARLES reason=min_trade_floor size=$0.07->$0.10 min=$0.10
2026-02-27 12:13:25,052 [INFO] [u_station_ab_night_autotune_v2] trading.auto_trader: AutoTrade skip token=CHARLES reason=edge_low mode=both edge=-24.19% raw=-22.40% mult=1.08 min=0.05% probe_min=0.05% edge_usd=$-0.024 min_usd=$0.000 probe_min_usd=$0.000 size=$0.10 gross=8.00% costs=30.40% pwin=0.75 probe=- budget=0/1
2026-02-27 12:13:25,053 [INFO] [u_station_ab_night_autotune_v2] trading.auto_trader: AutoTrade skip token=cbBTC reason=cooldown_left_4s
2026-02-27 12:13:25,054 [INFO] [u_station_ab_night_autotune_v2] trading.auto_trader: AutoTrade skip token=AIGF reason=blacklist detail=honeypot_guard:honeypot_api_status_404
2026-02-27 12:13:25,055 [INFO] [u_station_ab_night_autotune_v2] trading.auto_trader: AutoTrade batch mode=top_n candidates=3 eligible=3 selected=3 opened=0 pe=off burst_window=0
2026-02-27 12:13:25,296 [INFO] [u_station_ab_night_autotune_v2] trading.auto_trader: TOKEN_COOLDOWN token=0x4e6c9f48f73e54ee5f3ab7e2992b2d733d0d0b07 reason=EARLY_RISK pnl=$-0.0207 cooldown=890s strikes=1->2 dynamic=True
2026-02-27 12:13:25,297 [INFO] [u_station_ab_night_autotune_v2] trading.auto_trader: AUTO_SELL Paper SELL token=JUNO reason=EARLY_RISK exit=$0.00001439 pnl=-4.59% ($-0.02) remaining=$-0.02 partial=$0.00 raw=-4.59% cost=2.70% gas=$0.03 balance=$7.32
2026-02-27 12:13:25,350 [INFO] [u_station_ab_night_autotune_v2] __main__: FILTER_THRESHOLDS safe_volume_5m_min=$5 safe_liquidity_min=$8000 safe_age_min=240s score_min=48 edge_min=0.05% lock_floor=0.95 no_momentum_max_pnl=0.25 weakness_pnl=-2.60
2026-02-27 12:13:25,351 [INFO] [u_station_ab_night_autotune_v2] __main__: Scanned 16 tokens | High quality: 6 | Alerts sent: 2 | Trade candidates: 4 | Quality out/core/explore/probe: 4/1/3/0 | Opened: 0 | Mode: local | Source: onchain+market | Policy: raw=OK/effective=OK(healthy | route=allow_all) | Regime: YELLOW(hysteresis_recover_wait 1/4 raw=GREEN) | Safety: checked=4 fail_closed=0 reasons=api_code_4029:4 | FiltersTop(session): source_qos_cap:3,safe_age:3,safe_change_5m:3,score_min:3 | Dedup: heavy_skip=0 override=0 | V2Budget: 4/280 | SourceQoS: enabled=1/in=16/out=13/dropped=3/active_cd=0/drops=source_qos_cap:3 | Ingest: q=0/oldest=0.0s/drop_old=0/dedup_skip=0/enq=9/drain=9 | Sources: dex_boosts:ok=1/fail=0/429=0/lim_wait=0/cd_wait=0/err=0.0%/avg=94ms; dexscreener:ok=10/fail=0/429=0/lim_wait=0/cd_wait=0/err=0.0%/avg=264ms; geckoterminal:ok=2/fail=0/429=0/lim_wait=0/cd_wait=0/err=0.0%/avg=95ms; onchain_enrich:ok=3/fail=0/429=0/lim_wait=0/cd_wait=0/err=0.0%/avg=156ms; watchlist_dex:ok=10/fail=0/429=0/lim_wait=0/cd_wait=0/err=0.0%/avg=112ms; watchlist_gecko:ok=6/fail=0/429=0/lim_wait=0/cd_wait=0/err=0.0%/avg=516ms | Tasks: 3 | RSS: 0.0MB | CycleAvg: 0.00s
2026-02-27 12:13:29,780 [INFO] [u_station_ab_night_autotune_v2] __main__: WATCHLIST merged count=5
2026-02-27 12:13:29,781 [INFO] [u_station_ab_night_autotune_v2] trading.v2_runtime: V2_UNIVERSE in=5 dedup=5 out=5 target=5 novel_target=5 novel_out=0 repeat_dropped=0 symbol_dropped=0 surge_in=0 surge_target=0 surge_out=0
2026-02-27 12:13:29,782 [INFO] [u_station_ab_night_autotune_v2] __main__: V2_SOURCE_QOS_FILTER in=5 out=3 drops={'source_qos_cap': 2} caps={'watchlist': 3}
2026-02-27 12:13:29,782 [INFO] [u_station_ab_night_autotune_v2] __main__: FILTER_FAIL token=JUNO reason=source_qos_cap source=watchlist used=3/3
2026-02-27 12:13:29,786 [INFO] [u_station_ab_night_autotune_v2] __main__: FILTER_FAIL token=AERO reason=source_qos_cap source=watchlist used=3/3
2026-02-27 12:13:29,787 [INFO] [u_station_ab_night_autotune_v2] __main__: FILTER_PASS token=cbBTC tier=A score=100 mode=YELLOW risk=MEDIUM liq=19426684 vol5m=22503
2026-02-27 12:13:29,788 [INFO] [u_station_ab_night_autotune_v2] __main__: FILTER_PASS token=AIGF tier=A score=95 mode=YELLOW risk=MEDIUM liq=206848 vol5m=9926
2026-02-27 12:13:29,789 [INFO] [u_station_ab_night_autotune_v2] __main__: FILTER_PASS token=VIRTUAL tier=A score=85 mode=YELLOW risk=MEDIUM liq=7487155 vol5m=3803
2026-02-27 12:13:29,791 [INFO] [u_station_ab_night_autotune_v2] __main__: V2_QUALITY_GATE enabled=True regime=YELLOW in=3 out=3 core_out=1 explore_out=2 probe_out=0 quota=2 max_symbol_share=0.333 drop={} sources_used={'watchlist': 3}
2026-02-27 12:13:29,792 [INFO] [u_station_ab_night_autotune_v2] __main__: V2_ENTRY_ROUTE enabled=True regime=YELLOW in=3 out=2 core_out=1 explore_out=1 quota=1 allow_explore=True
2026-02-27 12:13:29,793 [INFO] [u_station_ab_night_autotune_v2] __main__: MARKET_REGIME mode=YELLOW reason=hysteresis_recover_wait 2/4 raw=GREEN avg_cand_recent=3.50
2026-02-27 12:13:29,812 [INFO] [u_station_ab_night_autotune_v2] trading.auto_trader: AutoTrade adjust token=cbBTC reason=min_trade_floor size=$0.07->$0.10 min=$0.10
2026-02-27 12:13:29,813 [INFO] [u_station_ab_night_autotune_v2] trading.auto_trader: AutoTrade skip token=cbBTC reason=ev_net_low expected_net=$-0.00636 min=$-0.00249 samples=23 conf=1.00 pwin=0.57 avg_win=$0.0043 avg_loss=$0.0161 kelly=0.000 mem=sparse trades=1<18
2026-02-27 12:13:29,814 [INFO] [u_station_ab_night_autotune_v2] trading.auto_trader: AutoTrade skip token=AIGF reason=blacklist detail=honeypot_guard:honeypot_api_status_404
2026-02-27 12:13:29,815 [INFO] [u_station_ab_night_autotune_v2] trading.auto_trader: AutoTrade batch mode=top_n candidates=2 eligible=2 selected=2 opened=0 pe=off burst_window=0
2026-02-27 12:13:29,816 [INFO] [u_station_ab_night_autotune_v2] __main__: Scanned 5 tokens | High quality: 3 | Alerts sent: 0 | Trade candidates: 3 | Quality out/core/explore/probe: 3/1/2/0 | Opened: 0 | Mode: local | Source: onchain+market | Policy: raw=OK/effective=OK(healthy | route=allow_all) | Regime: YELLOW(hysteresis_recover_wait 2/4 raw=GREEN) | Safety: checked=3 fail_closed=0 reasons=api_code_4029:3 | FiltersTop(session): source_qos_cap:5,safe_age:3,safe_change_5m:3,score_min:3 | Dedup: heavy_skip=0 override=0 | V2Budget: 3/280 | SourceQoS: enabled=1/in=5/out=3/dropped=2/active_cd=0/drops=source_qos_cap:2 | Ingest: q=0/oldest=0.0s/drop_old=0/dedup_skip=0/enq=0/drain=0 | Sources: dex_boosts:ok=1/fail=0/429=0/lim_wait=0/cd_wait=0/err=0.0%/avg=40ms; dexscreener:ok=10/fail=0/429=0/lim_wait=0/cd_wait=0/err=0.0%/avg=47ms | Tasks: 3 | RSS: 0.0MB | CycleAvg: 2.52s
2026-02-27 12:13:34,219 [INFO] [u_station_ab_night_autotune_v2] __main__: WATCHLIST merged count=5
2026-02-27 12:13:34,220 [INFO] [u_station_ab_night_autotune_v2] trading.v2_runtime: V2_UNIVERSE in=5 dedup=5 out=5 target=5 novel_target=5 novel_out=0 repeat_dropped=0 symbol_dropped=0 surge_in=0 surge_target=0 surge_out=0
2026-02-27 12:13:34,220 [INFO] [u_station_ab_night_autotune_v2] __main__: V2_SOURCE_QOS_FILTER in=5 out=3 drops={'source_qos_cap': 2} caps={'watchlist': 3}
2026-02-27 12:13:34,221 [INFO] [u_station_ab_night_autotune_v2] __main__: FILTER_FAIL token=JUNO reason=source_qos_cap source=watchlist used=3/3
2026-02-27 12:13:34,222 [INFO] [u_station_ab_night_autotune_v2] __main__: FILTER_FAIL token=AERO reason=source_qos_cap source=watchlist used=3/3
2026-02-27 12:13:34,222 [INFO] [u_station_ab_night_autotune_v2] __main__: FILTER_PASS token=cbBTC tier=A score=100 mode=YELLOW risk=MEDIUM liq=19426684 vol5m=22503
2026-02-27 12:13:34,223 [INFO] [u_station_ab_night_autotune_v2] __main__: FILTER_PASS token=AIGF tier=A score=95 mode=YELLOW risk=MEDIUM liq=206848 vol5m=9926
2026-02-27 12:13:34,224 [INFO] [u_station_ab_night_autotune_v2] __main__: FILTER_PASS token=VIRTUAL tier=A score=85 mode=YELLOW risk=MEDIUM liq=7487155 vol5m=3803
2026-02-27 12:13:34,226 [INFO] [u_station_ab_night_autotune_v2] __main__: V2_QUALITY_GATE enabled=True regime=YELLOW in=3 out=3 core_out=1 explore_out=2 probe_out=0 quota=2 max_symbol_share=0.333 drop={} sources_used={'watchlist': 3}
2026-02-27 12:13:34,226 [INFO] [u_station_ab_night_autotune_v2] __main__: V2_ENTRY_ROUTE enabled=True regime=YELLOW in=3 out=2 core_out=1 explore_out=1 quota=1 allow_explore=True
2026-02-27 12:13:34,227 [INFO] [u_station_ab_night_autotune_v2] __main__: MARKET_REGIME mode=YELLOW reason=hysteresis_recover_wait 3/4 raw=GREEN avg_cand_recent=3.33
2026-02-27 12:13:34,227 [INFO] [u_station_ab_night_autotune_v2] trading.auto_trader: AutoTrade adjust token=cbBTC reason=min_trade_floor size=$0.07->$0.10 min=$0.10
2026-02-27 12:13:34,227 [INFO] [u_station_ab_night_autotune_v2] trading.auto_trader: AutoTrade skip token=cbBTC reason=ev_net_low expected_net=$-0.00636 min=$-0.00249 samples=23 conf=1.00 pwin=0.57 avg_win=$0.0043 avg_loss=$0.0161 kelly=0.000 mem=sparse trades=1<18
2026-02-27 12:13:34,227 [INFO] [u_station_ab_night_autotune_v2] trading.auto_trader: AutoTrade skip token=AIGF reason=blacklist detail=honeypot_guard:honeypot_api_status_404
2026-02-27 12:13:34,230 [INFO] [u_station_ab_night_autotune_v2] trading.auto_trader: AutoTrade batch mode=top_n candidates=2 eligible=2 selected=2 opened=0 pe=off burst_window=0
2026-02-27 12:13:34,231 [INFO] [u_station_ab_night_autotune_v2] __main__: Scanned 5 tokens | High quality: 3 | Alerts sent: 0 | Trade candidates: 3 | Quality out/core/explore/probe: 3/1/2/0 | Opened: 0 | Mode: local | Source: onchain+market | Policy: raw=OK/effective=OK(healthy | route=allow_all) | Regime: YELLOW(hysteresis_recover_wait 3/4 raw=GREEN) | Safety: checked=3 fail_closed=0 reasons=api_code_4029:3 | FiltersTop(session): source_qos_cap:7,safe_age:3,safe_change_5m:3,score_min:3 | Dedup: heavy_skip=0 override=0 | V2Budget: 3/280 | SourceQoS: enabled=1/in=5/out=3/dropped=2/active_cd=0/drops=source_qos_cap:2 | Ingest: q=0/oldest=0.0s/drop_old=0/dedup_skip=0/enq=0/drain=0 | Sources: dex_boosts:ok=1/fail=0/429=0/lim_wait=0/cd_wait=0/err=0.0%/avg=43ms; dexscreener:ok=10/fail=0/429=0/lim_wait=0/cd_wait=0/err=0.0%/avg=46ms | Tasks: 3 | RSS: 0.0MB | CycleAvg: 1.49s
2026-02-27 12:13:38,644 [INFO] [u_station_ab_night_autotune_v2] __main__: WATCHLIST merged count=5
2026-02-27 12:13:38,644 [INFO] [u_station_ab_night_autotune_v2] trading.v2_runtime: V2_UNIVERSE in=5 dedup=5 out=5 target=5 novel_target=5 novel_out=0 repeat_dropped=0 symbol_dropped=0 surge_in=0 surge_target=0 surge_out=0
2026-02-27 12:13:38,647 [INFO] [u_station_ab_night_autotune_v2] __main__: V2_SOURCE_QOS_FILTER in=5 out=3 drops={'source_qos_cap': 2} caps={'watchlist': 3}
2026-02-27 12:13:38,648 [INFO] [u_station_ab_night_autotune_v2] __main__: FILTER_FAIL token=JUNO reason=source_qos_cap source=watchlist used=3/3
2026-02-27 12:13:38,649 [INFO] [u_station_ab_night_autotune_v2] __main__: FILTER_FAIL token=AERO reason=source_qos_cap source=watchlist used=3/3
2026-02-27 12:13:38,650 [INFO] [u_station_ab_night_autotune_v2] __main__: FILTER_PASS token=cbBTC tier=A score=100 mode=YELLOW risk=MEDIUM liq=19426684 vol5m=22503
2026-02-27 12:13:38,651 [INFO] [u_station_ab_night_autotune_v2] __main__: FILTER_PASS token=AIGF tier=A score=95 mode=YELLOW risk=MEDIUM liq=206848 vol5m=9926
2026-02-27 12:13:38,652 [INFO] [u_station_ab_night_autotune_v2] __main__: FILTER_PASS token=VIRTUAL tier=A score=85 mode=YELLOW risk=MEDIUM liq=7487155 vol5m=3803
2026-02-27 12:13:38,653 [INFO] [u_station_ab_night_autotune_v2] __main__: V2_QUALITY_GATE enabled=True regime=GREEN in=3 out=3 core_out=1 explore_out=2 probe_out=0 quota=2 max_symbol_share=0.333 drop={} sources_used={'watchlist': 3}
2026-02-27 12:13:38,653 [INFO] [u_station_ab_night_autotune_v2] __main__: V2_ENTRY_ROUTE enabled=True regime=GREEN in=3 out=2 core_out=1 explore_out=1 quota=1 allow_explore=True
2026-02-27 12:13:38,653 [INFO] [u_station_ab_night_autotune_v2] __main__: MARKET_REGIME mode=GREEN reason=avg_cand=3.25 avg_cand_recent=3.25
2026-02-27 12:13:38,654 [WARNING] [u_station_ab_night_autotune_v2] monitor.local_alerter: Local event symbol=MARKET_MODE reco=GREEN risk=INFO
2026-02-27 12:13:38,656 [INFO] [u_station_ab_night_autotune_v2] trading.auto_trader: AutoTrade adjust token=cbBTC reason=min_trade_floor size=$0.07->$0.10 min=$0.10
2026-02-27 12:13:38,658 [INFO] [u_station_ab_night_autotune_v2] trading.auto_trader: AutoTrade skip token=cbBTC reason=ev_net_low expected_net=$-0.00636 min=$-0.00249 samples=23 conf=1.00 pwin=0.57 avg_win=$0.0043 avg_loss=$0.0161 kelly=0.000 mem=sparse trades=1<18
2026-02-27 12:13:38,659 [INFO] [u_station_ab_night_autotune_v2] trading.auto_trader: AutoTrade skip token=AIGF reason=blacklist detail=honeypot_guard:honeypot_api_status_404
2026-02-27 12:13:38,659 [INFO] [u_station_ab_night_autotune_v2] trading.auto_trader: AutoTrade batch mode=top_n candidates=2 eligible=2 selected=2 opened=0 pe=off burst_window=0
2026-02-27 12:13:38,660 [INFO] [u_station_ab_night_autotune_v2] __main__: Scanned 5 tokens | High quality: 3 | Alerts sent: 0 | Trade candidates: 3 | Quality out/core/explore/probe: 3/1/2/0 | Opened: 0 | Mode: local | Source: onchain+market | Policy: raw=OK/effective=OK(healthy | route=allow_all) | Regime: GREEN(avg_cand=3.25) | Safety: checked=3 fail_closed=0 reasons=api_code_4029:3 | FiltersTop(session): source_qos_cap:9,safe_age:3,safe_change_5m:3,score_min:3 | Dedup: heavy_skip=0 override=0 | V2Budget: 3/280 | SourceQoS: enabled=1/in=5/out=3/dropped=2/active_cd=0/drops=source_qos_cap:2 | Ingest: q=0/oldest=0.0s/drop_old=0/dedup_skip=0/enq=0/drain=0 | Sources: dex_boosts:ok=1/fail=0/429=0/lim_wait=0/cd_wait=0/err=0.0%/avg=38ms; dexscreener:ok=10/fail=0/429=0/lim_wait=0/cd_wait=0/err=0.0%/avg=44ms | Tasks: 3 | RSS: 0.0MB | CycleAvg: 1.13s
2026-02-27 12:13:43,123 [INFO] [u_station_ab_night_autotune_v2] __main__: WATCHLIST merged count=5
2026-02-27 12:13:43,124 [INFO] [u_station_ab_night_autotune_v2] trading.v2_runtime: V2_UNIVERSE in=5 dedup=5 out=5 target=5 novel_target=5 novel_out=0 repeat_dropped=0 symbol_dropped=0 surge_in=0 surge_target=0 surge_out=0
2026-02-27 12:13:43,125 [INFO] [u_station_ab_night_autotune_v2] __main__: V2_SOURCE_QOS_FILTER in=5 out=3 drops={'source_qos_cap': 2} caps={'watchlist': 3}
2026-02-27 12:13:43,126 [INFO] [u_station_ab_night_autotune_v2] __main__: FILTER_FAIL token=JUNO reason=source_qos_cap source=watchlist used=3/3
2026-02-27 12:13:43,128 [INFO] [u_station_ab_night_autotune_v2] __main__: FILTER_FAIL token=AERO reason=source_qos_cap source=watchlist used=3/3
2026-02-27 12:13:43,128 [INFO] [u_station_ab_night_autotune_v2] __main__: FILTER_PASS token=cbBTC tier=A score=100 mode=GREEN risk=MEDIUM liq=19426684 vol5m=22503
2026-02-27 12:13:43,130 [INFO] [u_station_ab_night_autotune_v2] __main__: FILTER_PASS token=AIGF tier=A score=95 mode=GREEN risk=MEDIUM liq=206848 vol5m=9926
2026-02-27 12:13:43,131 [INFO] [u_station_ab_night_autotune_v2] __main__: FILTER_PASS token=VIRTUAL tier=A score=85 mode=GREEN risk=MEDIUM liq=7487155 vol5m=3803
2026-02-27 12:13:43,133 [INFO] [u_station_ab_night_autotune_v2] __main__: V2_QUALITY_GATE enabled=True regime=GREEN in=3 out=3 core_out=1 explore_out=2 probe_out=0 quota=2 max_symbol_share=0.333 drop={} sources_used={'watchlist': 3}
2026-02-27 12:13:43,134 [INFO] [u_station_ab_night_autotune_v2] __main__: V2_ENTRY_ROUTE enabled=True regime=GREEN in=3 out=2 core_out=1 explore_out=1 quota=1 allow_explore=True
2026-02-27 12:13:43,137 [INFO] [u_station_ab_night_autotune_v2] __main__: MARKET_REGIME mode=GREEN reason=avg_cand=3.20 avg_cand_recent=3.20
2026-02-27 12:13:43,150 [INFO] [u_station_ab_night_autotune_v2] trading.auto_trader: AutoTrade adjust token=cbBTC reason=min_trade_floor size=$0.09->$0.10 min=$0.10
2026-02-27 12:13:43,152 [INFO] [u_station_ab_night_autotune_v2] trading.auto_trader: AutoTrade skip token=cbBTC reason=ev_net_low expected_net=$-0.00434 min=$-0.00231 samples=32 conf=1.00 pwin=0.44 avg_win=$0.0065 avg_loss=$0.0091 kelly=0.000 mem=sparse trades=1<18
2026-02-27 12:13:43,154 [INFO] [u_station_ab_night_autotune_v2] trading.auto_trader: AutoTrade skip token=AIGF reason=blacklist detail=honeypot_guard:honeypot_api_status_404
2026-02-27 12:13:43,155 [INFO] [u_station_ab_night_autotune_v2] trading.auto_trader: AutoTrade batch mode=top_n candidates=2 eligible=2 selected=2 opened=0 pe=off burst_window=0
2026-02-27 12:13:43,156 [INFO] [u_station_ab_night_autotune_v2] __main__: Scanned 5 tokens | High quality: 3 | Alerts sent: 0 | Trade candidates: 3 | Quality out/core/explore/probe: 3/1/2/0 | Opened: 0 | Mode: local | Source: onchain+market | Policy: raw=OK/effective=OK(healthy | route=allow_all) | Regime: GREEN(avg_cand=3.20) | Safety: checked=3 fail_closed=0 reasons=api_code_4029:3 | FiltersTop(session): source_qos_cap:11,safe_age:3,safe_change_5m:3,score_min:3 | Dedup: heavy_skip=0 override=0 | V2Budget: 3/280 | SourceQoS: enabled=1/in=5/out=3/dropped=2/active_cd=0/drops=source_qos_cap:2 | Ingest: q=0/oldest=0.0s/drop_old=0/dedup_skip=0/enq=0/drain=0 | Sources: dex_boosts:ok=1/fail=0/429=0/lim_wait=0/cd_wait=0/err=0.0%/avg=41ms; dexscreener:ok=10/fail=0/429=0/lim_wait=0/cd_wait=0/err=0.0%/avg=52ms | Tasks: 3 | RSS: 0.0MB | CycleAvg: 0.95s
2026-02-27 12:13:47,581 [INFO] [u_station_ab_night_autotune_v2] __main__: WATCHLIST merged count=5
2026-02-27 12:13:47,582 [INFO] [u_station_ab_night_autotune_v2] trading.v2_runtime: V2_UNIVERSE in=5 dedup=5 out=5 target=5 novel_target=5 novel_out=0 repeat_dropped=0 symbol_dropped=0 surge_in=0 surge_target=0 surge_out=0
2026-02-27 12:13:47,582 [INFO] [u_station_ab_night_autotune_v2] __main__: V2_SOURCE_QOS_FILTER in=5 out=3 drops={'source_qos_cap': 2} caps={'watchlist': 3}
2026-02-27 12:13:47,583 [INFO] [u_station_ab_night_autotune_v2] __main__: FILTER_FAIL token=JUNO reason=source_qos_cap source=watchlist used=3/3
2026-02-27 12:13:47,585 [INFO] [u_station_ab_night_autotune_v2] __main__: FILTER_FAIL token=AERO reason=source_qos_cap source=watchlist used=3/3
2026-02-27 12:13:47,586 [INFO] [u_station_ab_night_autotune_v2] __main__: FILTER_PASS token=cbBTC tier=A score=100 mode=GREEN risk=MEDIUM liq=19426684 vol5m=22503
2026-02-27 12:13:47,587 [INFO] [u_station_ab_night_autotune_v2] __main__: FILTER_PASS token=AIGF tier=A score=95 mode=GREEN risk=MEDIUM liq=206848 vol5m=9926
2026-02-27 12:13:47,588 [INFO] [u_station_ab_night_autotune_v2] __main__: FILTER_PASS token=VIRTUAL tier=A score=85 mode=GREEN risk=MEDIUM liq=7487155 vol5m=3803
2026-02-27 12:13:47,589 [INFO] [u_station_ab_night_autotune_v2] __main__: V2_QUALITY_GATE enabled=True regime=GREEN in=3 out=3 core_out=1 explore_out=2 probe_out=0 quota=2 max_symbol_share=0.333 drop={} sources_used={'watchlist': 3}
2026-02-27 12:13:47,590 [INFO] [u_station_ab_night_autotune_v2] __main__: V2_ENTRY_ROUTE enabled=True regime=GREEN in=3 out=2 core_out=1 explore_out=1 quota=1 allow_explore=True
2026-02-27 12:13:47,590 [INFO] [u_station_ab_night_autotune_v2] __main__: MARKET_REGIME mode=GREEN reason=avg_cand=3.17 avg_cand_recent=3.17
2026-02-27 12:13:47,592 [INFO] [u_station_ab_night_autotune_v2] trading.auto_trader: AutoTrade adjust token=cbBTC reason=min_trade_floor size=$0.09->$0.10 min=$0.10
2026-02-27 12:13:47,593 [INFO] [u_station_ab_night_autotune_v2] trading.auto_trader: AutoTrade skip token=cbBTC reason=ev_net_low expected_net=$-0.00434 min=$-0.00231 samples=32 conf=1.00 pwin=0.44 avg_win=$0.0065 avg_loss=$0.0091 kelly=0.000 mem=sparse trades=1<18
2026-02-27 12:13:47,594 [INFO] [u_station_ab_night_autotune_v2] trading.auto_trader: AutoTrade skip token=AIGF reason=blacklist detail=honeypot_guard:honeypot_api_status_404
2026-02-27 12:13:47,595 [INFO] [u_station_ab_night_autotune_v2] trading.auto_trader: AutoTrade batch mode=top_n candidates=2 eligible=2 selected=2 opened=0 pe=off burst_window=0
2026-02-27 12:13:47,596 [INFO] [u_station_ab_night_autotune_v2] __main__: Scanned 5 tokens | High quality: 3 | Alerts sent: 0 | Trade candidates: 3 | Quality out/core/explore/probe: 3/1/2/0 | Opened: 0 | Mode: local | Source: onchain+market | Policy: raw=OK/effective=OK(healthy | route=allow_all) | Regime: GREEN(avg_cand=3.17) | Safety: checked=3 fail_closed=0 reasons=api_code_4029:3 | FiltersTop(session): source_qos_cap:13,safe_age:3,safe_change_5m:3,score_min:3 | Dedup: heavy_skip=0 override=0 | V2Budget: 3/280 | SourceQoS: enabled=1/in=5/out=3/dropped=2/active_cd=0/drops=source_qos_cap:2 | Ingest: q=0/oldest=0.0s/drop_old=0/dedup_skip=0/enq=0/drain=0 | Sources: dex_boosts:ok=1/fail=0/429=0/lim_wait=0/cd_wait=0/err=0.0%/avg=44ms; dexscreener:ok=10/fail=0/429=0/lim_wait=0/cd_wait=0/err=0.0%/avg=51ms | Tasks: 3 | RSS: 0.0MB | CycleAvg: 0.86s
2026-02-27 12:13:52,095 [INFO] [u_station_ab_night_autotune_v2] __main__: WATCHLIST merged count=5
2026-02-27 12:13:52,095 [INFO] [u_station_ab_night_autotune_v2] trading.v2_runtime: V2_UNIVERSE in=5 dedup=5 out=5 target=5 novel_target=5 novel_out=0 repeat_dropped=0 symbol_dropped=0 surge_in=0 surge_target=0 surge_out=0
2026-02-27 12:13:52,096 [INFO] [u_station_ab_night_autotune_v2] __main__: V2_SOURCE_QOS_FILTER in=5 out=3 drops={'source_qos_cap': 2} caps={'watchlist': 3}
2026-02-27 12:13:52,097 [INFO] [u_station_ab_night_autotune_v2] __main__: FILTER_FAIL token=JUNO reason=source_qos_cap source=watchlist used=3/3
2026-02-27 12:13:52,098 [INFO] [u_station_ab_night_autotune_v2] __main__: FILTER_FAIL token=AERO reason=source_qos_cap source=watchlist used=3/3
2026-02-27 12:13:52,099 [INFO] [u_station_ab_night_autotune_v2] __main__: FILTER_PASS token=cbBTC tier=A score=100 mode=GREEN risk=MEDIUM liq=19426684 vol5m=22503
2026-02-27 12:13:52,100 [INFO] [u_station_ab_night_autotune_v2] __main__: FILTER_PASS token=AIGF tier=A score=95 mode=GREEN risk=MEDIUM liq=206848 vol5m=9926
2026-02-27 12:13:52,101 [INFO] [u_station_ab_night_autotune_v2] __main__: FILTER_PASS token=VIRTUAL tier=A score=85 mode=GREEN risk=MEDIUM liq=7487155 vol5m=3803
2026-02-27 12:13:52,102 [INFO] [u_station_ab_night_autotune_v2] __main__: V2_QUALITY_GATE enabled=True regime=GREEN in=3 out=3 core_out=1 explore_out=2 probe_out=0 quota=2 max_symbol_share=0.333 drop={} sources_used={'watchlist': 3}
2026-02-27 12:13:52,102 [INFO] [u_station_ab_night_autotune_v2] __main__: V2_ENTRY_ROUTE enabled=True regime=GREEN in=3 out=2 core_out=1 explore_out=1 quota=1 allow_explore=True
2026-02-27 12:13:52,102 [INFO] [u_station_ab_night_autotune_v2] __main__: MARKET_REGIME mode=GREEN reason=avg_cand=3.14 avg_cand_recent=3.14
2026-02-27 12:13:52,104 [INFO] [u_station_ab_night_autotune_v2] trading.auto_trader: AutoTrade adjust token=cbBTC reason=min_trade_floor size=$0.09->$0.10 min=$0.10
2026-02-27 12:13:52,105 [INFO] [u_station_ab_night_autotune_v2] trading.auto_trader: AutoTrade skip token=cbBTC reason=ev_net_low expected_net=$-0.00434 min=$-0.00231 samples=32 conf=1.00 pwin=0.44 avg_win=$0.0065 avg_loss=$0.0091 kelly=0.000 mem=sparse trades=1<18
2026-02-27 12:13:52,106 [INFO] [u_station_ab_night_autotune_v2] trading.auto_trader: AutoTrade skip token=AIGF reason=blacklist detail=honeypot_guard:honeypot_api_status_404
2026-02-27 12:13:52,107 [INFO] [u_station_ab_night_autotune_v2] trading.auto_trader: AutoTrade batch mode=top_n candidates=2 eligible=2 selected=2 opened=0 pe=off burst_window=0
2026-02-27 12:13:52,108 [INFO] [u_station_ab_night_autotune_v2] __main__: Scanned 5 tokens | High quality: 3 | Alerts sent: 0 | Trade candidates: 3 | Quality out/core/explore/probe: 3/1/2/0 | Opened: 0 | Mode: local | Source: onchain+market | Policy: raw=OK/effective=OK(healthy | route=allow_all) | Regime: GREEN(avg_cand=3.14) | Safety: checked=3 fail_closed=0 reasons=api_code_4029:3 | FiltersTop(session): source_qos_cap:15,safe_age:3,safe_change_5m:3,score_min:3 | Dedup: heavy_skip=0 override=0 | V2Budget: 3/280 | SourceQoS: enabled=1/in=5/out=3/dropped=2/active_cd=0/drops=source_qos_cap:2 | Ingest: q=0/oldest=0.0s/drop_old=0/dedup_skip=0/enq=0/drain=0 | Sources: dex_boosts:ok=1/fail=0/429=0/lim_wait=0/cd_wait=0/err=0.0%/avg=59ms; dexscreener:ok=10/fail=0/429=0/lim_wait=0/cd_wait=0/err=0.0%/avg=103ms | Tasks: 3 | RSS: 0.0MB | CycleAvg: 0.79s
2026-02-27 12:13:56,592 [INFO] [u_station_ab_night_autotune_v2] __main__: WATCHLIST merged count=5
2026-02-27 12:13:56,593 [INFO] [u_station_ab_night_autotune_v2] trading.v2_runtime: V2_UNIVERSE in=5 dedup=5 out=5 target=5 novel_target=5 novel_out=0 repeat_dropped=0 symbol_dropped=0 surge_in=0 surge_target=0 surge_out=0
2026-02-27 12:13:56,594 [INFO] [u_station_ab_night_autotune_v2] __main__: V2_SOURCE_QOS_FILTER in=5 out=3 drops={'source_qos_cap': 2} caps={'watchlist': 3}
2026-02-27 12:13:56,595 [INFO] [u_station_ab_night_autotune_v2] __main__: FILTER_FAIL token=JUNO reason=source_qos_cap source=watchlist used=3/3
2026-02-27 12:13:56,596 [INFO] [u_station_ab_night_autotune_v2] __main__: FILTER_FAIL token=AERO reason=source_qos_cap source=watchlist used=3/3
2026-02-27 12:13:56,596 [INFO] [u_station_ab_night_autotune_v2] __main__: FILTER_PASS token=cbBTC tier=A score=100 mode=GREEN risk=MEDIUM liq=19426684 vol5m=22503
2026-02-27 12:13:56,597 [INFO] [u_station_ab_night_autotune_v2] __main__: FILTER_PASS token=AIGF tier=A score=95 mode=GREEN risk=MEDIUM liq=206848 vol5m=9926
2026-02-27 12:13:56,599 [INFO] [u_station_ab_night_autotune_v2] __main__: FILTER_PASS token=VIRTUAL tier=A score=85 mode=GREEN risk=MEDIUM liq=7487155 vol5m=3803
2026-02-27 12:13:56,599 [INFO] [u_station_ab_night_autotune_v2] __main__: V2_QUALITY_GATE enabled=True regime=GREEN in=3 out=3 core_out=1 explore_out=2 probe_out=0 quota=2 max_symbol_share=0.333 drop={} sources_used={'watchlist': 3}
2026-02-27 12:13:56,599 [INFO] [u_station_ab_night_autotune_v2] __main__: V2_ENTRY_ROUTE enabled=True regime=GREEN in=3 out=2 core_out=1 explore_out=1 quota=1 allow_explore=True
2026-02-27 12:13:56,603 [INFO] [u_station_ab_night_autotune_v2] __main__: MARKET_REGIME mode=GREEN reason=avg_cand=3.12 avg_cand_recent=3.12
2026-02-27 12:13:56,604 [INFO] [u_station_ab_night_autotune_v2] trading.auto_trader: AutoTrade adjust token=cbBTC reason=min_trade_floor size=$0.09->$0.10 min=$0.10
2026-02-27 12:13:56,605 [INFO] [u_station_ab_night_autotune_v2] trading.auto_trader: AutoTrade skip token=cbBTC reason=ev_net_low expected_net=$-0.00434 min=$-0.00231 samples=32 conf=1.00 pwin=0.44 avg_win=$0.0065 avg_loss=$0.0091 kelly=0.000 mem=sparse trades=1<18
2026-02-27 12:13:56,607 [INFO] [u_station_ab_night_autotune_v2] trading.auto_trader: AutoTrade skip token=AIGF reason=blacklist detail=honeypot_guard:honeypot_api_status_404
2026-02-27 12:13:56,607 [INFO] [u_station_ab_night_autotune_v2] trading.auto_trader: AutoTrade batch mode=top_n candidates=2 eligible=2 selected=2 opened=0 pe=off burst_window=0
2026-02-27 12:13:56,609 [INFO] [u_station_ab_night_autotune_v2] __main__: Scanned 5 tokens | High quality: 3 | Alerts sent: 0 | Trade candidates: 3 | Quality out/core/explore/probe: 3/1/2/0 | Opened: 0 | Mode: local | Source: onchain+market | Policy: raw=OK/effective=OK(healthy | route=allow_all) | Regime: GREEN(avg_cand=3.12) | Safety: checked=3 fail_closed=0 reasons=api_code_4029:3 | FiltersTop(session): source_qos_cap:17,safe_age:3,safe_change_5m:3,score_min:3 | Dedup: heavy_skip=0 override=0 | V2Budget: 3/280 | SourceQoS: enabled=1/in=5/out=3/dropped=2/active_cd=0/drops=source_qos_cap:2 | Ingest: q=0/oldest=0.0s/drop_old=0/dedup_skip=0/enq=0/drain=0 | Sources: dex_boosts:ok=1/fail=0/429=0/lim_wait=0/cd_wait=0/err=0.0%/avg=49ms; dexscreener:ok=10/fail=0/429=0/lim_wait=0/cd_wait=0/err=0.0%/avg=227ms | Tasks: 3 | RSS: 0.0MB | CycleAvg: 0.75s
2026-02-27 12:14:01,023 [INFO] [u_station_ab_night_autotune_v2] __main__: WATCHLIST merged count=5
2026-02-27 12:14:01,024 [INFO] [u_station_ab_night_autotune_v2] trading.v2_runtime: V2_UNIVERSE in=5 dedup=5 out=5 target=5 novel_target=5 novel_out=0 repeat_dropped=0 symbol_dropped=0 surge_in=0 surge_target=0 surge_out=0
2026-02-27 12:14:01,025 [INFO] [u_station_ab_night_autotune_v2] __main__: V2_SOURCE_QOS_FILTER in=5 out=3 drops={'source_qos_cap': 2} caps={'watchlist': 3}
2026-02-27 12:14:01,026 [INFO] [u_station_ab_night_autotune_v2] __main__: FILTER_FAIL token=JUNO reason=source_qos_cap source=watchlist used=3/3
2026-02-27 12:14:01,027 [INFO] [u_station_ab_night_autotune_v2] __main__: FILTER_FAIL token=AERO reason=source_qos_cap source=watchlist used=3/3
2026-02-27 12:14:01,028 [INFO] [u_station_ab_night_autotune_v2] __main__: FILTER_PASS token=cbBTC tier=A score=100 mode=GREEN risk=MEDIUM liq=19426684 vol5m=22503
2026-02-27 12:14:01,029 [INFO] [u_station_ab_night_autotune_v2] __main__: FILTER_PASS token=AIGF tier=A score=95 mode=GREEN risk=MEDIUM liq=206848 vol5m=9926
2026-02-27 12:14:01,030 [INFO] [u_station_ab_night_autotune_v2] __main__: FILTER_PASS token=VIRTUAL tier=A score=85 mode=GREEN risk=MEDIUM liq=7487155 vol5m=3803
2026-02-27 12:14:01,032 [INFO] [u_station_ab_night_autotune_v2] __main__: V2_QUALITY_GATE enabled=True regime=GREEN in=3 out=3 core_out=1 explore_out=2 probe_out=0 quota=2 max_symbol_share=0.333 drop={} sources_used={'watchlist': 3}
2026-02-27 12:14:01,032 [INFO] [u_station_ab_night_autotune_v2] __main__: V2_ENTRY_ROUTE enabled=True regime=GREEN in=3 out=2 core_out=1 explore_out=1 quota=1 allow_explore=True
2026-02-27 12:14:01,033 [INFO] [u_station_ab_night_autotune_v2] __main__: MARKET_REGIME mode=GREEN reason=avg_cand=3.11 avg_cand_recent=3.11
2026-02-27 12:14:01,035 [INFO] [u_station_ab_night_autotune_v2] trading.auto_trader: AutoTrade adjust token=cbBTC reason=min_trade_floor size=$0.09->$0.10 min=$0.10
2026-02-27 12:14:01,036 [INFO] [u_station_ab_night_autotune_v2] trading.auto_trader: AutoTrade skip token=cbBTC reason=ev_net_low expected_net=$-0.00434 min=$-0.00231 samples=32 conf=1.00 pwin=0.44 avg_win=$0.0065 avg_loss=$0.0091 kelly=0.000 mem=sparse trades=1<18
2026-02-27 12:14:01,038 [INFO] [u_station_ab_night_autotune_v2] trading.auto_trader: AutoTrade skip token=AIGF reason=blacklist detail=honeypot_guard:honeypot_api_status_404
2026-02-27 12:14:01,038 [INFO] [u_station_ab_night_autotune_v2] trading.auto_trader: AutoTrade batch mode=top_n candidates=2 eligible=2 selected=2 opened=0 pe=off burst_window=0
2026-02-27 12:14:01,039 [INFO] [u_station_ab_night_autotune_v2] __main__: Scanned 5 tokens | High quality: 3 | Alerts sent: 0 | Trade candidates: 3 | Quality out/core/explore/probe: 3/1/2/0 | Opened: 0 | Mode: local | Source: onchain+market | Policy: raw=OK/effective=OK(healthy | route=allow_all) | Regime: GREEN(avg_cand=3.11) | Safety: checked=3 fail_closed=0 reasons=api_code_4029:3 | FiltersTop(session): source_qos_cap:19,safe_age:3,safe_change_5m:3,score_min:3 | Dedup: heavy_skip=0 override=0 | V2Budget: 3/280 | SourceQoS: enabled=1/in=5/out=3/dropped=2/active_cd=0/drops=source_qos_cap:2 | Ingest: q=0/oldest=0.0s/drop_old=0/dedup_skip=0/enq=0/drain=0 | Sources: dex_boosts:ok=1/fail=0/429=0/lim_wait=0/cd_wait=0/err=0.0%/avg=32ms; dexscreener:ok=10/fail=0/429=0/lim_wait=0/cd_wait=0/err=0.0%/avg=41ms | Tasks: 3 | RSS: 0.0MB | CycleAvg: 0.72s
2026-02-27 12:14:05,439 [INFO] [u_station_ab_night_autotune_v2] __main__: WATCHLIST merged count=5
2026-02-27 12:14:05,447 [INFO] [u_station_ab_night_autotune_v2] trading.v2_runtime: V2_UNIVERSE in=5 dedup=5 out=5 target=5 novel_target=5 novel_out=0 repeat_dropped=0 symbol_dropped=0 surge_in=0 surge_target=0 surge_out=0
2026-02-27 12:14:05,447 [INFO] [u_station_ab_night_autotune_v2] __main__: V2_SOURCE_QOS_FILTER in=5 out=3 drops={'source_qos_cap': 2} caps={'watchlist': 3}
2026-02-27 12:14:05,449 [INFO] [u_station_ab_night_autotune_v2] __main__: FILTER_FAIL token=JUNO reason=source_qos_cap source=watchlist used=3/3
2026-02-27 12:14:05,449 [INFO] [u_station_ab_night_autotune_v2] __main__: FILTER_FAIL token=AERO reason=source_qos_cap source=watchlist used=3/3
2026-02-27 12:14:05,449 [INFO] [u_station_ab_night_autotune_v2] __main__: FILTER_PASS token=cbBTC tier=A score=100 mode=GREEN risk=MEDIUM liq=19426684 vol5m=22503
2026-02-27 12:14:05,449 [INFO] [u_station_ab_night_autotune_v2] __main__: FILTER_PASS token=AIGF tier=A score=95 mode=GREEN risk=MEDIUM liq=206848 vol5m=9926
2026-02-27 12:14:05,449 [INFO] [u_station_ab_night_autotune_v2] __main__: FILTER_PASS token=VIRTUAL tier=A score=85 mode=GREEN risk=MEDIUM liq=7487155 vol5m=3803
2026-02-27 12:14:05,454 [INFO] [u_station_ab_night_autotune_v2] __main__: V2_QUALITY_GATE enabled=True regime=GREEN in=3 out=3 core_out=1 explore_out=2 probe_out=0 quota=2 max_symbol_share=0.333 drop={} sources_used={'watchlist': 3}
2026-02-27 12:14:05,454 [INFO] [u_station_ab_night_autotune_v2] __main__: V2_ENTRY_ROUTE enabled=True regime=GREEN in=3 out=2 core_out=1 explore_out=1 quota=1 allow_explore=True
2026-02-27 12:14:05,454 [INFO] [u_station_ab_night_autotune_v2] __main__: MARKET_REGIME mode=GREEN reason=avg_cand=3.10 avg_cand_recent=3.10
2026-02-27 12:14:05,457 [INFO] [u_station_ab_night_autotune_v2] trading.auto_trader: AutoTrade adjust token=cbBTC reason=min_trade_floor size=$0.09->$0.10 min=$0.10
2026-02-27 12:14:05,457 [INFO] [u_station_ab_night_autotune_v2] trading.auto_trader: AutoTrade skip token=cbBTC reason=ev_net_low expected_net=$-0.00434 min=$-0.00231 samples=32 conf=1.00 pwin=0.44 avg_win=$0.0065 avg_loss=$0.0091 kelly=0.000 mem=sparse trades=1<18
2026-02-27 12:14:05,459 [INFO] [u_station_ab_night_autotune_v2] trading.auto_trader: AutoTrade skip token=AIGF reason=blacklist detail=honeypot_guard:honeypot_api_status_404
2026-02-27 12:14:05,459 [INFO] [u_station_ab_night_autotune_v2] trading.auto_trader: AutoTrade batch mode=top_n candidates=2 eligible=2 selected=2 opened=0 pe=off burst_window=0
2026-02-27 12:14:05,459 [INFO] [u_station_ab_night_autotune_v2] __main__: Scanned 5 tokens | High quality: 3 | Alerts sent: 0 | Trade candidates: 3 | Quality out/core/explore/probe: 3/1/2/0 | Opened: 0 | Mode: local | Source: onchain+market | Policy: raw=OK/effective=OK(healthy | route=allow_all) | Regime: GREEN(avg_cand=3.10) | Safety: checked=3 fail_closed=0 reasons=api_code_4029:3 | FiltersTop(session): source_qos_cap:21,safe_age:3,safe_change_5m:3,score_min:3 | Dedup: heavy_skip=0 override=0 | V2Budget: 3/280 | SourceQoS: enabled=1/in=5/out=3/dropped=2/active_cd=0/drops=source_qos_cap:2 | Ingest: q=0/oldest=0.0s/drop_old=0/dedup_skip=0/enq=0/drain=0 | Sources: dex_boosts:ok=1/fail=0/429=0/lim_wait=0/cd_wait=0/err=0.0%/avg=66ms; dexscreener:ok=10/fail=0/429=0/lim_wait=0/cd_wait=0/err=0.0%/avg=50ms | Tasks: 3 | RSS: 0.0MB | CycleAvg: 0.68s
2026-02-27 12:14:09,873 [INFO] [u_station_ab_night_autotune_v2] __main__: WATCHLIST merged count=5
2026-02-27 12:14:09,873 [INFO] [u_station_ab_night_autotune_v2] trading.v2_runtime: V2_UNIVERSE in=5 dedup=5 out=5 target=5 novel_target=5 novel_out=0 repeat_dropped=0 symbol_dropped=0 surge_in=0 surge_target=0 surge_out=0
2026-02-27 12:14:09,873 [INFO] [u_station_ab_night_autotune_v2] __main__: V2_SOURCE_QOS_FILTER in=5 out=3 drops={'source_qos_cap': 2} caps={'watchlist': 3}
2026-02-27 12:14:09,873 [INFO] [u_station_ab_night_autotune_v2] __main__: FILTER_FAIL token=JUNO reason=source_qos_cap source=watchlist used=3/3
2026-02-27 12:14:09,889 [INFO] [u_station_ab_night_autotune_v2] __main__: FILTER_FAIL token=AERO reason=source_qos_cap source=watchlist used=3/3
2026-02-27 12:14:09,889 [INFO] [u_station_ab_night_autotune_v2] __main__: FILTER_PASS token=cbBTC tier=A score=100 mode=GREEN risk=MEDIUM liq=19426684 vol5m=22503
2026-02-27 12:14:09,889 [INFO] [u_station_ab_night_autotune_v2] __main__: FILTER_PASS token=AIGF tier=A score=95 mode=GREEN risk=MEDIUM liq=206848 vol5m=9926
2026-02-27 12:14:09,889 [INFO] [u_station_ab_night_autotune_v2] __main__: FILTER_PASS token=VIRTUAL tier=A score=85 mode=GREEN risk=MEDIUM liq=7487155 vol5m=3803
2026-02-27 12:14:09,889 [INFO] [u_station_ab_night_autotune_v2] __main__: V2_QUALITY_GATE enabled=True regime=GREEN in=3 out=3 core_out=1 explore_out=2 probe_out=0 quota=2 max_symbol_share=0.333 drop={} sources_used={'watchlist': 3}
2026-02-27 12:14:09,889 [INFO] [u_station_ab_night_autotune_v2] __main__: V2_ENTRY_ROUTE enabled=True regime=GREEN in=3 out=2 core_out=1 explore_out=1 quota=1 allow_explore=True
2026-02-27 12:14:09,889 [INFO] [u_station_ab_night_autotune_v2] __main__: MARKET_REGIME mode=GREEN reason=avg_cand=3.09 avg_cand_recent=3.09
2026-02-27 12:14:09,889 [INFO] [u_station_ab_night_autotune_v2] trading.auto_trader: AutoTrade adjust token=cbBTC reason=min_trade_floor size=$0.09->$0.10 min=$0.10
2026-02-27 12:14:09,889 [INFO] [u_station_ab_night_autotune_v2] trading.auto_trader: AutoTrade skip token=cbBTC reason=ev_net_low expected_net=$-0.00434 min=$-0.00231 samples=32 conf=1.00 pwin=0.44 avg_win=$0.0065 avg_loss=$0.0091 kelly=0.000 mem=sparse trades=1<18
2026-02-27 12:14:09,889 [INFO] [u_station_ab_night_autotune_v2] trading.auto_trader: AutoTrade skip token=AIGF reason=blacklist detail=honeypot_guard:honeypot_api_status_404
2026-02-27 12:14:09,889 [INFO] [u_station_ab_night_autotune_v2] trading.auto_trader: AutoTrade batch mode=top_n candidates=2 eligible=2 selected=2 opened=0 pe=off burst_window=0
2026-02-27 12:14:09,889 [INFO] [u_station_ab_night_autotune_v2] __main__: Scanned 5 tokens | High quality: 3 | Alerts sent: 0 | Trade candidates: 3 | Quality out/core/explore/probe: 3/1/2/0 | Opened: 0 | Mode: local | Source: onchain+market | Policy: raw=OK/effective=OK(healthy | route=allow_all) | Regime: GREEN(avg_cand=3.09) | Safety: checked=3 fail_closed=0 reasons=api_code_4029:3 | FiltersTop(session): source_qos_cap:23,safe_age:3,safe_change_5m:3,score_min:3 | Dedup: heavy_skip=0 override=0 | V2Budget: 3/280 | SourceQoS: enabled=1/in=5/out=3/dropped=2/active_cd=0/drops=source_qos_cap:2 | Ingest: q=0/oldest=0.0s/drop_old=0/dedup_skip=0/enq=0/drain=0 | Sources: dex_boosts:ok=1/fail=0/429=0/lim_wait=0/cd_wait=0/err=0.0%/avg=47ms; dexscreener:ok=10/fail=0/429=0/lim_wait=0/cd_wait=0/err=0.0%/avg=44ms | Tasks: 3 | RSS: 0.0MB | CycleAvg: 0.66s
2026-02-27 12:14:14,296 [INFO] [u_station_ab_night_autotune_v2] __main__: WATCHLIST merged count=5
2026-02-27 12:14:14,297 [INFO] [u_station_ab_night_autotune_v2] trading.v2_runtime: V2_UNIVERSE in=5 dedup=5 out=5 target=5 novel_target=5 novel_out=0 repeat_dropped=0 symbol_dropped=0 surge_in=0 surge_target=0 surge_out=0
2026-02-27 12:14:14,298 [INFO] [u_station_ab_night_autotune_v2] __main__: V2_SOURCE_QOS_FILTER in=5 out=3 drops={'source_qos_cap': 2} caps={'watchlist': 3}
2026-02-27 12:14:14,299 [INFO] [u_station_ab_night_autotune_v2] __main__: FILTER_FAIL token=JUNO reason=source_qos_cap source=watchlist used=3/3
2026-02-27 12:14:14,299 [INFO] [u_station_ab_night_autotune_v2] __main__: FILTER_FAIL token=AERO reason=source_qos_cap source=watchlist used=3/3
2026-02-27 12:14:14,300 [INFO] [u_station_ab_night_autotune_v2] __main__: FILTER_PASS token=cbBTC tier=A score=100 mode=GREEN risk=MEDIUM liq=19426684 vol5m=22503
2026-02-27 12:14:14,301 [INFO] [u_station_ab_night_autotune_v2] __main__: FILTER_PASS token=AIGF tier=A score=95 mode=GREEN risk=MEDIUM liq=206848 vol5m=9926
2026-02-27 12:14:14,301 [INFO] [u_station_ab_night_autotune_v2] __main__: FILTER_PASS token=VIRTUAL tier=A score=85 mode=GREEN risk=MEDIUM liq=7487155 vol5m=3803
2026-02-27 12:14:14,303 [INFO] [u_station_ab_night_autotune_v2] __main__: V2_QUALITY_GATE enabled=True regime=GREEN in=3 out=3 core_out=1 explore_out=2 probe_out=0 quota=2 max_symbol_share=0.333 drop={} sources_used={'watchlist': 3}
2026-02-27 12:14:14,303 [INFO] [u_station_ab_night_autotune_v2] __main__: V2_ENTRY_ROUTE enabled=True regime=GREEN in=3 out=2 core_out=1 explore_out=1 quota=1 allow_explore=True
2026-02-27 12:14:14,305 [INFO] [u_station_ab_night_autotune_v2] __main__: MARKET_REGIME mode=GREEN reason=avg_cand=3.08 avg_cand_recent=3.08
2026-02-27 12:14:14,305 [INFO] [u_station_ab_night_autotune_v2] trading.auto_trader: AutoTrade adjust token=cbBTC reason=min_trade_floor size=$0.09->$0.10 min=$0.10
2026-02-27 12:14:14,305 [INFO] [u_station_ab_night_autotune_v2] trading.auto_trader: AutoTrade skip token=cbBTC reason=ev_net_low expected_net=$-0.00434 min=$-0.00231 samples=32 conf=1.00 pwin=0.44 avg_win=$0.0065 avg_loss=$0.0091 kelly=0.000 mem=sparse trades=1<18
2026-02-27 12:14:14,305 [INFO] [u_station_ab_night_autotune_v2] trading.auto_trader: AutoTrade skip token=AIGF reason=blacklist detail=honeypot_guard:honeypot_api_status_404
2026-02-27 12:14:14,305 [INFO] [u_station_ab_night_autotune_v2] trading.auto_trader: AutoTrade batch mode=top_n candidates=2 eligible=2 selected=2 opened=0 pe=off burst_window=0
2026-02-27 12:14:14,305 [INFO] [u_station_ab_night_autotune_v2] __main__: Scanned 5 tokens | High quality: 3 | Alerts sent: 0 | Trade candidates: 3 | Quality out/core/explore/probe: 3/1/2/0 | Opened: 0 | Mode: local | Source: onchain+market | Policy: raw=OK/effective=OK(healthy | route=allow_all) | Regime: GREEN(avg_cand=3.08) | Safety: checked=3 fail_closed=0 reasons=api_code_4029:3 | FiltersTop(session): source_qos_cap:25,safe_age:3,safe_change_5m:3,score_min:3 | Dedup: heavy_skip=0 override=0 | V2Budget: 3/280 | SourceQoS: enabled=1/in=5/out=3/dropped=2/active_cd=0/drops=source_qos_cap:2 | Ingest: q=0/oldest=0.0s/drop_old=0/dedup_skip=0/enq=0/drain=0 | Sources: dex_boosts:ok=1/fail=0/429=0/lim_wait=0/cd_wait=0/err=0.0%/avg=42ms; dexscreener:ok=10/fail=0/429=0/lim_wait=0/cd_wait=0/err=0.0%/avg=54ms | Tasks: 3 | RSS: 0.0MB | CycleAvg: 0.64s
2026-02-27 12:14:23,069 [INFO] [u_station_ab_night_autotune_v2] __main__: WATCHLIST merged count=5
2026-02-27 12:14:23,069 [INFO] [u_station_ab_night_autotune_v2] trading.v2_runtime: V2_UNIVERSE in=5 dedup=5 out=5 target=5 novel_target=5 novel_out=0 repeat_dropped=0 symbol_dropped=0 surge_in=0 surge_target=0 surge_out=0
2026-02-27 12:14:23,069 [INFO] [u_station_ab_night_autotune_v2] __main__: V2_SOURCE_QOS_FILTER in=5 out=3 drops={'source_qos_cap': 2} caps={'watchlist': 3}
2026-02-27 12:14:23,069 [INFO] [u_station_ab_night_autotune_v2] __main__: FILTER_FAIL token=JUNO reason=source_qos_cap source=watchlist used=3/3
2026-02-27 12:14:23,069 [INFO] [u_station_ab_night_autotune_v2] __main__: FILTER_FAIL token=AERO reason=source_qos_cap source=watchlist used=3/3
2026-02-27 12:14:23,069 [INFO] [u_station_ab_night_autotune_v2] __main__: FILTER_PASS token=cbBTC tier=A score=100 mode=GREEN risk=MEDIUM liq=19426684 vol5m=22503
2026-02-27 12:14:23,069 [INFO] [u_station_ab_night_autotune_v2] __main__: FILTER_PASS token=AIGF tier=A score=95 mode=GREEN risk=MEDIUM liq=206848 vol5m=9926
2026-02-27 12:14:23,069 [INFO] [u_station_ab_night_autotune_v2] __main__: FILTER_PASS token=VIRTUAL tier=A score=85 mode=GREEN risk=MEDIUM liq=7487155 vol5m=3803
2026-02-27 12:14:23,085 [INFO] [u_station_ab_night_autotune_v2] __main__: V2_QUALITY_GATE enabled=True regime=GREEN in=3 out=3 core_out=1 explore_out=2 probe_out=0 quota=2 max_symbol_share=0.333 drop={} sources_used={'watchlist': 3}
2026-02-27 12:14:23,087 [INFO] [u_station_ab_night_autotune_v2] __main__: V2_ENTRY_ROUTE enabled=True regime=GREEN in=3 out=2 core_out=1 explore_out=1 quota=1 allow_explore=True
2026-02-27 12:14:23,087 [INFO] [u_station_ab_night_autotune_v2] __main__: MARKET_REGIME mode=GREEN reason=avg_cand=3.00 avg_cand_recent=3.00
2026-02-27 12:14:23,088 [INFO] [u_station_ab_night_autotune_v2] trading.auto_trader: AutoTrade adjust token=cbBTC reason=min_trade_floor size=$0.09->$0.10 min=$0.10
2026-02-27 12:14:23,088 [INFO] [u_station_ab_night_autotune_v2] trading.auto_trader: AutoTrade skip token=cbBTC reason=ev_net_low expected_net=$-0.00434 min=$-0.00231 samples=32 conf=1.00 pwin=0.44 avg_win=$0.0065 avg_loss=$0.0091 kelly=0.000 mem=sparse trades=1<18
2026-02-27 12:14:23,088 [INFO] [u_station_ab_night_autotune_v2] trading.auto_trader: AutoTrade skip token=AIGF reason=blacklist detail=honeypot_guard:honeypot_api_status_404
2026-02-27 12:14:23,088 [INFO] [u_station_ab_night_autotune_v2] trading.auto_trader: AutoTrade batch mode=top_n candidates=2 eligible=2 selected=2 opened=0 pe=off burst_window=0
2026-02-27 12:14:23,088 [INFO] [u_station_ab_night_autotune_v2] trading.auto_trader: PAPER_SUMMARY window=60s closed_delta=1 wins_delta=0 losses_delta=1 realized_delta=$-0.02 total_closed=95 winrate_total=44.2% realized_total=$0.32 balance=$7.32 equity=$7.32 open=0
2026-02-27 12:14:23,088 [INFO] [u_station_ab_night_autotune_v2] __main__: Scanned 5 tokens | High quality: 3 | Alerts sent: 0 | Trade candidates: 3 | Quality out/core/explore/probe: 3/1/2/0 | Opened: 0 | Mode: local | Source: onchain+market | Policy: raw=OK/effective=OK(healthy | route=allow_all) | Regime: GREEN(avg_cand=3.00) | Safety: checked=3 fail_closed=0 reasons=api_code_4029:3 | FiltersTop(session): source_qos_cap:27,safe_age:3,safe_change_5m:3,score_min:3 | Dedup: heavy_skip=0 override=0 | V2Budget: 3/280 | SourceQoS: enabled=1/in=5/out=3/dropped=2/active_cd=0/drops=source_qos_cap:2 | Ingest: q=0/oldest=0.0s/drop_old=0/dedup_skip=0/enq=0/drain=0 | Sources: dex_boosts:ok=1/fail=0/429=0/lim_wait=0/cd_wait=0/err=0.0%/avg=47ms; dexscreener:ok=10/fail=0/429=0/lim_wait=10/cd_wait=0/err=0.0%/avg=46ms | Tasks: 3 | RSS: 0.0MB | CycleAvg: 0.62s
