2026-02-27 11:57:23,371 [INFO] [u_station_ab_night_autotune_v2] __main__: SESSION_LOG file=logs/matrix/u_station_ab_night_autotune_v2\sessions\main_local_20260227_105723_pid17384.log
2026-02-27 11:57:23,393 [INFO] [u_station_ab_night_autotune_v2] trading.auto_trader_state: AutoTrade state loaded open=1 closed=90 balance=$6.90
2026-02-27 11:57:23,403 [WARNING] [u_station_ab_night_autotune_v2] trading.auto_trader: DATA_POLICY mode=OK reason=init_reset_manual prev_mode=OK prev_reason=healthy | route=allow_all
2026-02-27 11:57:23,403 [INFO] [u_station_ab_night_autotune_v2] __main__: AUTOTRADER_INIT state=ready reason=manual mode=paper
2026-02-27 11:57:23,403 [INFO] [u_station_ab_night_autotune_v2] __main__: Local mode started (Telegram disabled).
2026-02-27 11:57:25,686 [INFO] [u_station_ab_night_autotune_v2] __main__: WATCHLIST merged count=4
2026-02-27 11:57:25,688 [INFO] [u_station_ab_night_autotune_v2] trading.v2_runtime: V2_UNIVERSE in=16 dedup=16 out=16 target=16 novel_target=14 novel_out=16 repeat_dropped=0 symbol_dropped=0 surge_in=5 surge_target=4 surge_out=5
2026-02-27 11:57:25,688 [INFO] [u_station_ab_night_autotune_v2] __main__: V2_SOURCE_QOS_FILTER in=16 out=15 drops={'source_qos_symbol_cap': 1} caps={'watchlist': 56, 'geckoterminal': 395}
2026-02-27 11:57:25,690 [INFO] [u_station_ab_night_autotune_v2] __main__: FILTER_FAIL token=SON reason=source_qos_symbol_cap symbol=SON used=1/1
2026-02-27 11:57:25,691 [INFO] [u_station_ab_night_autotune_v2] __main__: FILTER_FAIL token=Tony reason=safe_change_5m
2026-02-27 11:57:25,692 [INFO] [u_station_ab_night_autotune_v2] __main__: FILTER_FAIL token=Pokémon30 reason=safe_change_5m
2026-02-27 11:57:25,694 [INFO] [u_station_ab_night_autotune_v2] __main__: FILTER_FAIL token=CLAWNCH reason=safe_change_5m
2026-02-27 11:57:25,695 [INFO] [u_station_ab_night_autotune_v2] __main__: FILTER_FAIL token=SON reason=safe_change_5m
2026-02-27 11:57:25,696 [INFO] [u_station_ab_night_autotune_v2] __main__: FILTER_PASS token=cbBTC tier=A score=100 mode=YELLOW risk=MEDIUM liq=22873787 vol5m=118141
2026-02-27 11:57:25,698 [INFO] [u_station_ab_night_autotune_v2] __main__: FILTER_PASS token=POKEPULL tier=A score=70 mode=YELLOW risk=MEDIUM liq=132415 vol5m=2007
2026-02-27 11:57:25,700 [INFO] [u_station_ab_night_autotune_v2] monitor.local_alerter: Local alert token=POKEPULL address=0xaec4ec186f8797abd10b8958218bbe29a9bf11c0 score=70 reco=BUY risk=MEDIUM warnings=0 liq=132415 vol5m=2007
2026-02-27 11:57:25,701 [INFO] [u_station_ab_night_autotune_v2] __main__: FILTER_FAIL token=BAO reason=safe_age
2026-02-27 11:57:25,703 [INFO] [u_station_ab_night_autotune_v2] __main__: FILTER_FAIL token=KIMCHI reason=score_min score=40 strict_min=48 soft_min=48 mode=YELLOW
2026-02-27 11:57:25,704 [INFO] [u_station_ab_night_autotune_v2] __main__: FILTER_PASS token=VIRTUAL tier=A score=85 mode=YELLOW risk=MEDIUM liq=7481043 vol5m=2236
2026-02-27 11:57:25,705 [INFO] [u_station_ab_night_autotune_v2] __main__: FILTER_PASS token=JUNO tier=A score=95 mode=YELLOW risk=MEDIUM liq=591601 vol5m=5834
2026-02-27 11:57:25,707 [INFO] [u_station_ab_night_autotune_v2] __main__: FILTER_FAIL token=DKIDS reason=score_min score=40 strict_min=48 soft_min=48 mode=YELLOW
2026-02-27 11:57:25,709 [INFO] [u_station_ab_night_autotune_v2] __main__: FILTER_PASS token=RUNCLAW tier=A score=65 mode=YELLOW risk=MEDIUM liq=20675 vol5m=6
2026-02-27 11:57:25,711 [INFO] [u_station_ab_night_autotune_v2] monitor.local_alerter: Local alert token=RUNCLAW address=0x7a9adf1eac64b53e0ed37300dc6caa2b42cd4ba3 score=65 reco=HOLD risk=MEDIUM warnings=0 liq=20675 vol5m=6
2026-02-27 11:57:25,713 [INFO] [u_station_ab_night_autotune_v2] __main__: FILTER_FAIL token=Replacement reason=safe_volume vol5m=4 min=6 regime=YELLOW
2026-02-27 11:57:25,714 [INFO] [u_station_ab_night_autotune_v2] __main__: FILTER_FAIL token=PARL reason=safe_volume vol5m=0 min=6 regime=YELLOW
2026-02-27 11:57:25,716 [INFO] [u_station_ab_night_autotune_v2] __main__: FILTER_FAIL token=AERO reason=safe_volume vol5m=0 min=6 regime=YELLOW
2026-02-27 11:57:25,718 [INFO] [u_station_ab_night_autotune_v2] trading.v2_runtime: V2_QUALITY_ROTATE symbols_core=0 symbols_cooldown=0 sources=2 top_core=- top_cooldown=-
2026-02-27 11:57:25,719 [INFO] [u_station_ab_night_autotune_v2] __main__: V2_QUALITY_GATE enabled=True regime=YELLOW in=5 out=5 core_out=1 explore_out=4 probe_out=0 quota=3 max_symbol_share=0.200 drop={'duplicate_address': 4} sources_used={'watchlist': 3, 'geckoterminal': 2}
2026-02-27 11:57:25,723 [INFO] [u_station_ab_night_autotune_v2] __main__: V2_ENTRY_ROUTE enabled=True regime=YELLOW in=5 out=4 core_out=1 explore_out=3 quota=3 allow_explore=True
2026-02-27 11:57:25,723 [WARNING] [u_station_ab_night_autotune_v2] trading.auto_trader: DATA_POLICY mode=OK reason=healthy | route=allow_all prev_mode=OK prev_reason=init_reset_manual
2026-02-27 11:57:25,724 [INFO] [u_station_ab_night_autotune_v2] __main__: MARKET_REGIME mode=YELLOW reason=hysteresis_recover_wait 1/4 raw=GREEN avg_cand_recent=5.00
2026-02-27 11:57:25,725 [INFO] [u_station_ab_night_autotune_v2] trading.auto_trader: AutoTrade batch prefilter removed=1 missing_addr=0 open_duplicate=1
2026-02-27 11:57:25,754 [INFO] [u_station_ab_night_autotune_v2] trading.auto_trader: AutoTrade adjust token=POKEPULL reason=min_trade_floor size=$0.03->$0.10 min=$0.10
2026-02-27 11:57:25,756 [INFO] [u_station_ab_night_autotune_v2] trading.auto_trader: AutoTrade skip token=POKEPULL reason=edge_low mode=both edge=-31.54% raw=-29.20% mult=1.08 min=0.05% probe_min=0.05% edge_usd=$-0.032 min_usd=$0.000 probe_min_usd=$0.000 size=$0.10 gross=1.60% costs=30.80% pwin=0.35 probe=- budget=0/1
2026-02-27 11:57:25,779 [INFO] [u_station_ab_night_autotune_v2] trading.auto_trader: AutoTrade adjust token=cbBTC reason=min_trade_floor size=$0.08->$0.10 min=$0.10
2026-02-27 11:57:25,781 [INFO] [u_station_ab_night_autotune_v2] trading.auto_trader: AutoTrade skip token=cbBTC reason=ev_net_low expected_net=$-0.00670 min=$-0.00249 samples=22 conf=1.00 pwin=0.50 avg_win=$0.0044 avg_loss=$0.0168 kelly=0.000 mem=sparse trades=0<18
2026-02-27 11:57:25,812 [INFO] [u_station_ab_night_autotune_v2] trading.auto_trader: AutoTrade adjust token=VIRTUAL reason=min_trade_floor size=$0.06->$0.10 min=$0.10
2026-02-27 11:57:25,814 [INFO] [u_station_ab_night_autotune_v2] trading.auto_trader: AutoTrade skip token=VIRTUAL reason=edge_low mode=both edge=-26.03% raw=-24.10% mult=1.08 min=0.05% probe_min=0.05% edge_usd=$-0.026 min_usd=$0.000 probe_min_usd=$0.000 size=$0.10 gross=6.40% costs=30.50% pwin=0.65 probe=- budget=0/1
2026-02-27 11:57:25,815 [INFO] [u_station_ab_night_autotune_v2] trading.auto_trader: AutoTrade batch mode=top_n candidates=4 eligible=3 selected=3 opened=0 pe=off burst_window=0
2026-02-27 11:57:26,040 [INFO] [u_station_ab_night_autotune_v2] __main__: FILTER_THRESHOLDS safe_volume_5m_min=$5 safe_liquidity_min=$8000 safe_age_min=240s score_min=48 edge_min=0.05% lock_floor=0.95 no_momentum_max_pnl=0.25 weakness_pnl=-2.60
2026-02-27 11:57:26,041 [INFO] [u_station_ab_night_autotune_v2] __main__: Scanned 16 tokens | High quality: 9 | Alerts sent: 2 | Trade candidates: 5 | Quality out/core/explore/probe: 5/1/4/0 | Opened: 0 | Mode: local | Source: onchain+market | Policy: raw=OK/effective=OK(healthy | route=allow_all) | Regime: YELLOW(hysteresis_recover_wait 1/4 raw=GREEN) | Safety: checked=5 fail_closed=0 reasons=api_code_4029:5 | FiltersTop(session): safe_change_5m:4,safe_volume:3,score_min:2,source_qos_symbol_cap:1 | Dedup: heavy_skip=0 override=0 | V2Budget: 5/280 | SourceQoS: enabled=1/in=16/out=15/dropped=1/active_cd=0/drops=source_qos_symbol_cap:1 | Ingest: q=0/oldest=0.0s/drop_old=0/dedup_skip=0/enq=12/drain=12 | Sources: dex_boosts:ok=1/fail=0/429=0/lim_wait=0/cd_wait=0/err=0.0%/avg=117ms; dexscreener:ok=10/fail=0/429=0/lim_wait=0/cd_wait=0/err=0.0%/avg=104ms; geckoterminal:ok=2/fail=0/429=0/lim_wait=0/cd_wait=0/err=0.0%/avg=98ms; watchlist_dex:ok=10/fail=0/429=0/lim_wait=0/cd_wait=0/err=0.0%/avg=94ms; watchlist_gecko:ok=6/fail=0/429=0/lim_wait=0/cd_wait=0/err=0.0%/avg=606ms | Tasks: 3 | RSS: 0.0MB | CycleAvg: 0.00s
2026-02-27 11:57:30,473 [INFO] [u_station_ab_night_autotune_v2] __main__: WATCHLIST merged count=4
2026-02-27 11:57:30,474 [INFO] [u_station_ab_night_autotune_v2] trading.v2_runtime: V2_UNIVERSE in=4 dedup=4 out=4 target=4 novel_target=4 novel_out=0 repeat_dropped=0 symbol_dropped=0 surge_in=0 surge_target=0 surge_out=0
2026-02-27 11:57:30,474 [INFO] [u_station_ab_night_autotune_v2] __main__: FILTER_PASS token=cbBTC tier=A score=100 mode=YELLOW risk=MEDIUM liq=22873787 vol5m=118141
2026-02-27 11:57:30,475 [INFO] [u_station_ab_night_autotune_v2] __main__: FILTER_PASS token=VIRTUAL tier=A score=85 mode=YELLOW risk=MEDIUM liq=7481043 vol5m=2236
2026-02-27 11:57:30,476 [INFO] [u_station_ab_night_autotune_v2] __main__: FILTER_PASS token=JUNO tier=A score=95 mode=YELLOW risk=MEDIUM liq=591601 vol5m=5834
2026-02-27 11:57:30,478 [INFO] [u_station_ab_night_autotune_v2] __main__: FILTER_FAIL token=AERO reason=safe_volume vol5m=0 min=6 regime=YELLOW
2026-02-27 11:57:30,478 [INFO] [u_station_ab_night_autotune_v2] __main__: V2_QUALITY_GATE enabled=True regime=YELLOW in=3 out=3 core_out=1 explore_out=2 probe_out=0 quota=2 max_symbol_share=0.333 drop={} sources_used={'watchlist': 3}
2026-02-27 11:57:30,479 [INFO] [u_station_ab_night_autotune_v2] __main__: V2_ENTRY_ROUTE enabled=True regime=YELLOW in=3 out=2 core_out=1 explore_out=1 quota=1 allow_explore=True
2026-02-27 11:57:30,480 [INFO] [u_station_ab_night_autotune_v2] __main__: MARKET_REGIME mode=YELLOW reason=hysteresis_recover_wait 2/4 raw=GREEN avg_cand_recent=4.00
2026-02-27 11:57:30,481 [INFO] [u_station_ab_night_autotune_v2] trading.auto_trader: AutoTrade batch prefilter removed=1 missing_addr=0 open_duplicate=1
2026-02-27 11:57:30,482 [INFO] [u_station_ab_night_autotune_v2] trading.auto_trader: AutoTrade adjust token=cbBTC reason=min_trade_floor size=$0.08->$0.10 min=$0.10
2026-02-27 11:57:30,483 [INFO] [u_station_ab_night_autotune_v2] trading.auto_trader: AutoTrade skip token=cbBTC reason=ev_net_low expected_net=$-0.00670 min=$-0.00249 samples=22 conf=1.00 pwin=0.50 avg_win=$0.0044 avg_loss=$0.0168 kelly=0.000 mem=sparse trades=0<18
2026-02-27 11:57:30,483 [INFO] [u_station_ab_night_autotune_v2] trading.auto_trader: AutoTrade batch mode=top_n candidates=2 eligible=1 selected=1 opened=0 pe=off burst_window=0
2026-02-27 11:57:30,522 [INFO] [u_station_ab_night_autotune_v2] trading.auto_trader: TOKEN_COOLDOWN token=0x4e6c9f48f73e54ee5f3ab7e2992b2d733d0d0b07 reason=NO_MOMENTUM pnl=$-0.0059 cooldown=530s strikes=0->1 dynamic=True
2026-02-27 11:57:30,522 [INFO] [u_station_ab_night_autotune_v2] trading.auto_trader: AUTO_SELL Paper SELL token=JUNO reason=NO_MOMENTUM exit=$0.00001604 pnl=-1.30% ($-0.01) remaining=$-0.01 partial=$0.00 raw=-1.30% cost=2.70% gas=$0.03 balance=$7.35
2026-02-27 11:57:30,576 [INFO] [u_station_ab_night_autotune_v2] __main__: Scanned 4 tokens | High quality: 4 | Alerts sent: 0 | Trade candidates: 3 | Quality out/core/explore/probe: 3/1/2/0 | Opened: 0 | Mode: local | Source: onchain+market | Policy: raw=OK/effective=OK(healthy | route=allow_all) | Regime: YELLOW(hysteresis_recover_wait 2/4 raw=GREEN) | Safety: checked=3 fail_closed=0 reasons=api_code_4029:3 | FiltersTop(session): safe_change_5m:4,safe_volume:4,score_min:2,source_qos_symbol_cap:1 | Dedup: heavy_skip=0 override=0 | V2Budget: 3/280 | SourceQoS: enabled=1/in=4/out=4/dropped=0/active_cd=0/drops=none | Ingest: q=0/oldest=0.0s/drop_old=0/dedup_skip=0/enq=0/drain=0 | Sources: dex_boosts:ok=1/fail=0/429=0/lim_wait=0/cd_wait=0/err=0.0%/avg=38ms; dexscreener:ok=10/fail=0/429=0/lim_wait=0/cd_wait=0/err=0.0%/avg=43ms | Tasks: 3 | RSS: 0.0MB | CycleAvg: 2.63s
2026-02-27 11:57:34,974 [INFO] [u_station_ab_night_autotune_v2] __main__: WATCHLIST merged count=4
2026-02-27 11:57:34,976 [INFO] [u_station_ab_night_autotune_v2] trading.v2_runtime: V2_UNIVERSE in=4 dedup=4 out=4 target=4 novel_target=4 novel_out=0 repeat_dropped=0 symbol_dropped=0 surge_in=0 surge_target=0 surge_out=0
2026-02-27 11:57:34,977 [INFO] [u_station_ab_night_autotune_v2] __main__: FILTER_PASS token=cbBTC tier=A score=100 mode=YELLOW risk=MEDIUM liq=22873787 vol5m=118141
2026-02-27 11:57:34,977 [INFO] [u_station_ab_night_autotune_v2] __main__: FILTER_PASS token=VIRTUAL tier=A score=85 mode=YELLOW risk=MEDIUM liq=7481043 vol5m=2236
2026-02-27 11:57:34,977 [INFO] [u_station_ab_night_autotune_v2] __main__: FILTER_PASS token=JUNO tier=A score=95 mode=YELLOW risk=MEDIUM liq=591601 vol5m=5834
2026-02-27 11:57:34,977 [INFO] [u_station_ab_night_autotune_v2] __main__: FILTER_FAIL token=AERO reason=safe_volume vol5m=0 min=6 regime=YELLOW
2026-02-27 11:57:34,981 [INFO] [u_station_ab_night_autotune_v2] __main__: V2_QUALITY_GATE enabled=True regime=YELLOW in=3 out=3 core_out=1 explore_out=2 probe_out=0 quota=2 max_symbol_share=0.333 drop={} sources_used={'watchlist': 3}
2026-02-27 11:57:34,982 [INFO] [u_station_ab_night_autotune_v2] __main__: V2_ENTRY_ROUTE enabled=True regime=YELLOW in=3 out=2 core_out=1 explore_out=1 quota=1 allow_explore=True
2026-02-27 11:57:34,982 [INFO] [u_station_ab_night_autotune_v2] __main__: MARKET_REGIME mode=YELLOW reason=hysteresis_recover_wait 3/4 raw=GREEN avg_cand_recent=3.67
2026-02-27 11:57:34,984 [INFO] [u_station_ab_night_autotune_v2] trading.auto_trader: AutoTrade adjust token=cbBTC reason=min_trade_floor size=$0.07->$0.10 min=$0.10
2026-02-27 11:57:34,985 [INFO] [u_station_ab_night_autotune_v2] trading.auto_trader: AutoTrade skip token=cbBTC reason=ev_net_low expected_net=$-0.00670 min=$-0.00249 samples=22 conf=1.00 pwin=0.50 avg_win=$0.0044 avg_loss=$0.0168 kelly=0.000 mem=sparse trades=0<18
2026-02-27 11:57:34,986 [INFO] [u_station_ab_night_autotune_v2] trading.auto_trader: AutoTrade skip token=JUNO reason=cooldown_left_525s
2026-02-27 11:57:34,987 [INFO] [u_station_ab_night_autotune_v2] trading.auto_trader: AutoTrade batch mode=top_n candidates=2 eligible=2 selected=2 opened=0 pe=off burst_window=0
2026-02-27 11:57:34,988 [INFO] [u_station_ab_night_autotune_v2] __main__: Scanned 4 tokens | High quality: 4 | Alerts sent: 0 | Trade candidates: 3 | Quality out/core/explore/probe: 3/1/2/0 | Opened: 0 | Mode: local | Source: onchain+market | Policy: raw=OK/effective=OK(healthy | route=allow_all) | Regime: YELLOW(hysteresis_recover_wait 3/4 raw=GREEN) | Safety: checked=3 fail_closed=0 reasons=api_code_4029:3 | FiltersTop(session): safe_volume:5,safe_change_5m:4,score_min:2,source_qos_symbol_cap:1 | Dedup: heavy_skip=0 override=0 | V2Budget: 3/280 | SourceQoS: enabled=1/in=4/out=4/dropped=0/active_cd=0/drops=none | Ingest: q=0/oldest=0.0s/drop_old=0/dedup_skip=0/enq=0/drain=0 | Sources: dex_boosts:ok=1/fail=0/429=0/lim_wait=0/cd_wait=0/err=0.0%/avg=31ms; dexscreener:ok=10/fail=0/429=0/lim_wait=0/cd_wait=0/err=0.0%/avg=42ms | Tasks: 3 | RSS: 0.0MB | CycleAvg: 1.58s
2026-02-27 11:57:39,416 [INFO] [u_station_ab_night_autotune_v2] __main__: WATCHLIST merged count=4
2026-02-27 11:57:39,416 [INFO] [u_station_ab_night_autotune_v2] trading.v2_runtime: V2_UNIVERSE in=4 dedup=4 out=4 target=4 novel_target=4 novel_out=0 repeat_dropped=0 symbol_dropped=0 surge_in=0 surge_target=0 surge_out=0
2026-02-27 11:57:39,417 [INFO] [u_station_ab_night_autotune_v2] __main__: FILTER_PASS token=cbBTC tier=A score=100 mode=YELLOW risk=MEDIUM liq=22873787 vol5m=118141
2026-02-27 11:57:39,418 [INFO] [u_station_ab_night_autotune_v2] __main__: FILTER_PASS token=VIRTUAL tier=A score=85 mode=YELLOW risk=MEDIUM liq=7481043 vol5m=2236
2026-02-27 11:57:39,419 [INFO] [u_station_ab_night_autotune_v2] __main__: FILTER_PASS token=JUNO tier=A score=95 mode=YELLOW risk=MEDIUM liq=591601 vol5m=5834
2026-02-27 11:57:39,420 [INFO] [u_station_ab_night_autotune_v2] __main__: FILTER_FAIL token=AERO reason=safe_volume vol5m=0 min=6 regime=YELLOW
2026-02-27 11:57:39,421 [INFO] [u_station_ab_night_autotune_v2] __main__: V2_QUALITY_GATE enabled=True regime=GREEN in=3 out=3 core_out=1 explore_out=2 probe_out=0 quota=2 max_symbol_share=0.333 drop={} sources_used={'watchlist': 3}
2026-02-27 11:57:39,421 [INFO] [u_station_ab_night_autotune_v2] __main__: V2_ENTRY_ROUTE enabled=True regime=GREEN in=3 out=2 core_out=1 explore_out=1 quota=1 allow_explore=True
2026-02-27 11:57:39,422 [INFO] [u_station_ab_night_autotune_v2] __main__: MARKET_REGIME mode=GREEN reason=avg_cand=3.50 avg_cand_recent=3.50
2026-02-27 11:57:39,422 [WARNING] [u_station_ab_night_autotune_v2] monitor.local_alerter: Local event symbol=MARKET_MODE reco=GREEN risk=INFO
2026-02-27 11:57:39,424 [INFO] [u_station_ab_night_autotune_v2] trading.auto_trader: AutoTrade adjust token=cbBTC reason=min_trade_floor size=$0.07->$0.10 min=$0.10
2026-02-27 11:57:39,425 [INFO] [u_station_ab_night_autotune_v2] trading.auto_trader: AutoTrade skip token=cbBTC reason=ev_net_low expected_net=$-0.00670 min=$-0.00249 samples=22 conf=1.00 pwin=0.50 avg_win=$0.0044 avg_loss=$0.0168 kelly=0.000 mem=sparse trades=0<18
2026-02-27 11:57:39,427 [INFO] [u_station_ab_night_autotune_v2] trading.auto_trader: AutoTrade skip token=JUNO reason=cooldown_left_521s
2026-02-27 11:57:39,427 [INFO] [u_station_ab_night_autotune_v2] trading.auto_trader: AutoTrade batch mode=top_n candidates=2 eligible=2 selected=2 opened=0 pe=off burst_window=0
2026-02-27 11:57:39,428 [INFO] [u_station_ab_night_autotune_v2] __main__: Scanned 4 tokens | High quality: 4 | Alerts sent: 0 | Trade candidates: 3 | Quality out/core/explore/probe: 3/1/2/0 | Opened: 0 | Mode: local | Source: onchain+market | Policy: raw=OK/effective=OK(healthy | route=allow_all) | Regime: GREEN(avg_cand=3.50) | Safety: checked=3 fail_closed=0 reasons=api_code_4029:3 | FiltersTop(session): safe_volume:6,safe_change_5m:4,score_min:2,source_qos_symbol_cap:1 | Dedup: heavy_skip=0 override=0 | V2Budget: 3/280 | SourceQoS: enabled=1/in=4/out=4/dropped=0/active_cd=0/drops=none | Ingest: q=0/oldest=0.0s/drop_old=0/dedup_skip=0/enq=0/drain=0 | Sources: dex_boosts:ok=1/fail=0/429=0/lim_wait=0/cd_wait=0/err=0.0%/avg=51ms; dexscreener:ok=10/fail=0/429=0/lim_wait=0/cd_wait=0/err=0.0%/avg=40ms | Tasks: 3 | RSS: 0.0MB | CycleAvg: 1.19s
2026-02-27 11:57:43,865 [INFO] [u_station_ab_night_autotune_v2] __main__: WATCHLIST merged count=4
2026-02-27 11:57:43,866 [INFO] [u_station_ab_night_autotune_v2] trading.v2_runtime: V2_UNIVERSE in=4 dedup=4 out=4 target=4 novel_target=4 novel_out=0 repeat_dropped=0 symbol_dropped=0 surge_in=0 surge_target=0 surge_out=0
2026-02-27 11:57:43,867 [INFO] [u_station_ab_night_autotune_v2] __main__: FILTER_PASS token=cbBTC tier=A score=100 mode=GREEN risk=MEDIUM liq=22873787 vol5m=118141
2026-02-27 11:57:43,868 [INFO] [u_station_ab_night_autotune_v2] __main__: FILTER_PASS token=VIRTUAL tier=A score=85 mode=GREEN risk=MEDIUM liq=7481043 vol5m=2236
2026-02-27 11:57:43,870 [INFO] [u_station_ab_night_autotune_v2] __main__: FILTER_PASS token=JUNO tier=A score=95 mode=GREEN risk=MEDIUM liq=591601 vol5m=5834
2026-02-27 11:57:43,871 [INFO] [u_station_ab_night_autotune_v2] __main__: FILTER_FAIL token=AERO reason=safe_volume vol5m=0 min=5 regime=GREEN
2026-02-27 11:57:43,872 [INFO] [u_station_ab_night_autotune_v2] __main__: V2_QUALITY_GATE enabled=True regime=GREEN in=3 out=3 core_out=1 explore_out=2 probe_out=0 quota=2 max_symbol_share=0.333 drop={} sources_used={'watchlist': 3}
2026-02-27 11:57:43,873 [INFO] [u_station_ab_night_autotune_v2] __main__: V2_ENTRY_ROUTE enabled=True regime=GREEN in=3 out=2 core_out=1 explore_out=1 quota=1 allow_explore=True
2026-02-27 11:57:43,873 [INFO] [u_station_ab_night_autotune_v2] __main__: MARKET_REGIME mode=GREEN reason=avg_cand=3.40 avg_cand_recent=3.40
2026-02-27 11:57:43,887 [INFO] [u_station_ab_night_autotune_v2] trading.auto_trader: AutoTrade adjust token=cbBTC reason=min_trade_floor size=$0.09->$0.10 min=$0.10
2026-02-27 11:57:43,887 [INFO] [u_station_ab_night_autotune_v2] trading.auto_trader: AutoTrade skip token=cbBTC reason=ev_net_low expected_net=$-0.00451 min=$-0.00231 samples=31 conf=1.00 pwin=0.39 avg_win=$0.0067 avg_loss=$0.0094 kelly=0.000 mem=sparse trades=0<18
2026-02-27 11:57:43,888 [INFO] [u_station_ab_night_autotune_v2] trading.auto_trader: AutoTrade skip token=JUNO reason=cooldown_left_516s
2026-02-27 11:57:43,889 [INFO] [u_station_ab_night_autotune_v2] trading.auto_trader: AutoTrade batch mode=top_n candidates=2 eligible=2 selected=2 opened=0 pe=off burst_window=0
2026-02-27 11:57:43,890 [INFO] [u_station_ab_night_autotune_v2] __main__: Scanned 4 tokens | High quality: 4 | Alerts sent: 0 | Trade candidates: 3 | Quality out/core/explore/probe: 3/1/2/0 | Opened: 0 | Mode: local | Source: onchain+market | Policy: raw=OK/effective=OK(healthy | route=allow_all) | Regime: GREEN(avg_cand=3.40) | Safety: checked=3 fail_closed=0 reasons=api_code_4029:3 | FiltersTop(session): safe_volume:7,safe_change_5m:4,score_min:2,source_qos_symbol_cap:1 | Dedup: heavy_skip=0 override=0 | V2Budget: 3/280 | SourceQoS: enabled=1/in=4/out=4/dropped=0/active_cd=0/drops=none | Ingest: q=0/oldest=0.0s/drop_old=0/dedup_skip=0/enq=0/drain=0 | Sources: dex_boosts:ok=1/fail=0/429=0/lim_wait=0/cd_wait=0/err=0.0%/avg=33ms; dexscreener:ok=10/fail=0/429=0/lim_wait=0/cd_wait=0/err=0.0%/avg=41ms | Tasks: 3 | RSS: 0.0MB | CycleAvg: 1.00s
2026-02-27 11:57:48,340 [INFO] [u_station_ab_night_autotune_v2] __main__: WATCHLIST merged count=4
2026-02-27 11:57:48,341 [INFO] [u_station_ab_night_autotune_v2] trading.v2_runtime: V2_UNIVERSE in=4 dedup=4 out=4 target=4 novel_target=4 novel_out=0 repeat_dropped=0 symbol_dropped=0 surge_in=0 surge_target=0 surge_out=0
2026-02-27 11:57:48,344 [INFO] [u_station_ab_night_autotune_v2] __main__: FILTER_PASS token=cbBTC tier=A score=100 mode=GREEN risk=MEDIUM liq=22873787 vol5m=118141
2026-02-27 11:57:48,345 [INFO] [u_station_ab_night_autotune_v2] __main__: FILTER_PASS token=VIRTUAL tier=A score=85 mode=GREEN risk=MEDIUM liq=7481043 vol5m=2236
2026-02-27 11:57:48,347 [INFO] [u_station_ab_night_autotune_v2] __main__: FILTER_PASS token=JUNO tier=A score=95 mode=GREEN risk=MEDIUM liq=591601 vol5m=5834
2026-02-27 11:57:48,348 [INFO] [u_station_ab_night_autotune_v2] __main__: FILTER_FAIL token=AERO reason=safe_volume vol5m=0 min=5 regime=GREEN
2026-02-27 11:57:48,348 [INFO] [u_station_ab_night_autotune_v2] __main__: V2_QUALITY_GATE enabled=True regime=GREEN in=3 out=3 core_out=1 explore_out=2 probe_out=0 quota=2 max_symbol_share=0.333 drop={} sources_used={'watchlist': 3}
2026-02-27 11:57:48,348 [INFO] [u_station_ab_night_autotune_v2] __main__: V2_ENTRY_ROUTE enabled=True regime=GREEN in=3 out=2 core_out=1 explore_out=1 quota=1 allow_explore=True
2026-02-27 11:57:48,348 [INFO] [u_station_ab_night_autotune_v2] __main__: MARKET_REGIME mode=GREEN reason=avg_cand=3.33 avg_cand_recent=3.33
2026-02-27 11:57:48,355 [INFO] [u_station_ab_night_autotune_v2] trading.auto_trader: AutoTrade adjust token=cbBTC reason=min_trade_floor size=$0.09->$0.10 min=$0.10
2026-02-27 11:57:48,356 [INFO] [u_station_ab_night_autotune_v2] trading.auto_trader: AutoTrade skip token=cbBTC reason=ev_net_low expected_net=$-0.00451 min=$-0.00231 samples=31 conf=1.00 pwin=0.39 avg_win=$0.0067 avg_loss=$0.0094 kelly=0.000 mem=sparse trades=0<18
2026-02-27 11:57:48,357 [INFO] [u_station_ab_night_autotune_v2] trading.auto_trader: AutoTrade skip token=JUNO reason=cooldown_left_512s
2026-02-27 11:57:48,358 [INFO] [u_station_ab_night_autotune_v2] trading.auto_trader: AutoTrade batch mode=top_n candidates=2 eligible=2 selected=2 opened=0 pe=off burst_window=0
2026-02-27 11:57:48,360 [INFO] [u_station_ab_night_autotune_v2] __main__: Scanned 4 tokens | High quality: 4 | Alerts sent: 0 | Trade candidates: 3 | Quality out/core/explore/probe: 3/1/2/0 | Opened: 0 | Mode: local | Source: onchain+market | Policy: raw=OK/effective=OK(healthy | route=allow_all) | Regime: GREEN(avg_cand=3.33) | Safety: checked=3 fail_closed=0 reasons=api_code_4029:3 | FiltersTop(session): safe_volume:8,safe_change_5m:4,score_min:2,source_qos_symbol_cap:1 | Dedup: heavy_skip=0 override=0 | V2Budget: 3/280 | SourceQoS: enabled=1/in=4/out=4/dropped=0/active_cd=0/drops=none | Ingest: q=0/oldest=0.0s/drop_old=0/dedup_skip=0/enq=0/drain=0 | Sources: dex_boosts:ok=1/fail=0/429=0/lim_wait=0/cd_wait=0/err=0.0%/avg=44ms; dexscreener:ok=10/fail=0/429=0/lim_wait=0/cd_wait=0/err=0.0%/avg=183ms | Tasks: 3 | RSS: 0.0MB | CycleAvg: 0.89s
2026-02-27 11:57:52,777 [INFO] [u_station_ab_night_autotune_v2] __main__: WATCHLIST merged count=4
2026-02-27 11:57:52,777 [INFO] [u_station_ab_night_autotune_v2] trading.v2_runtime: V2_UNIVERSE in=4 dedup=4 out=4 target=4 novel_target=4 novel_out=0 repeat_dropped=0 symbol_dropped=0 surge_in=0 surge_target=0 surge_out=0
2026-02-27 11:57:52,778 [INFO] [u_station_ab_night_autotune_v2] __main__: FILTER_PASS token=cbBTC tier=A score=100 mode=GREEN risk=MEDIUM liq=22873787 vol5m=118141
2026-02-27 11:57:52,779 [INFO] [u_station_ab_night_autotune_v2] __main__: FILTER_PASS token=VIRTUAL tier=A score=85 mode=GREEN risk=MEDIUM liq=7481043 vol5m=2236
2026-02-27 11:57:52,780 [INFO] [u_station_ab_night_autotune_v2] __main__: FILTER_PASS token=JUNO tier=A score=95 mode=GREEN risk=MEDIUM liq=591601 vol5m=5834
2026-02-27 11:57:52,781 [INFO] [u_station_ab_night_autotune_v2] __main__: FILTER_FAIL token=AERO reason=safe_volume vol5m=0 min=5 regime=GREEN
2026-02-27 11:57:52,782 [INFO] [u_station_ab_night_autotune_v2] __main__: V2_QUALITY_GATE enabled=True regime=GREEN in=3 out=3 core_out=1 explore_out=2 probe_out=0 quota=2 max_symbol_share=0.333 drop={} sources_used={'watchlist': 3}
2026-02-27 11:57:52,783 [INFO] [u_station_ab_night_autotune_v2] __main__: V2_ENTRY_ROUTE enabled=True regime=GREEN in=3 out=2 core_out=1 explore_out=1 quota=1 allow_explore=True
2026-02-27 11:57:52,783 [INFO] [u_station_ab_night_autotune_v2] __main__: MARKET_REGIME mode=GREEN reason=avg_cand=3.29 avg_cand_recent=3.29
2026-02-27 11:57:52,785 [INFO] [u_station_ab_night_autotune_v2] trading.auto_trader: AutoTrade adjust token=cbBTC reason=min_trade_floor size=$0.09->$0.10 min=$0.10
2026-02-27 11:57:52,786 [INFO] [u_station_ab_night_autotune_v2] trading.auto_trader: AutoTrade skip token=cbBTC reason=ev_net_low expected_net=$-0.00451 min=$-0.00231 samples=31 conf=1.00 pwin=0.39 avg_win=$0.0067 avg_loss=$0.0094 kelly=0.000 mem=sparse trades=0<18
2026-02-27 11:57:52,787 [INFO] [u_station_ab_night_autotune_v2] trading.auto_trader: AutoTrade skip token=JUNO reason=cooldown_left_507s
2026-02-27 11:57:52,787 [INFO] [u_station_ab_night_autotune_v2] trading.auto_trader: AutoTrade batch mode=top_n candidates=2 eligible=2 selected=2 opened=0 pe=off burst_window=0
2026-02-27 11:57:52,788 [INFO] [u_station_ab_night_autotune_v2] __main__: Scanned 4 tokens | High quality: 4 | Alerts sent: 0 | Trade candidates: 3 | Quality out/core/explore/probe: 3/1/2/0 | Opened: 0 | Mode: local | Source: onchain+market | Policy: raw=OK/effective=OK(healthy | route=allow_all) | Regime: GREEN(avg_cand=3.29) | Safety: checked=3 fail_closed=0 reasons=api_code_4029:3 | FiltersTop(session): safe_volume:9,safe_change_5m:4,score_min:2,source_qos_symbol_cap:1 | Dedup: heavy_skip=0 override=0 | V2Budget: 3/280 | SourceQoS: enabled=1/in=4/out=4/dropped=0/active_cd=0/drops=none | Ingest: q=0/oldest=0.0s/drop_old=0/dedup_skip=0/enq=0/drain=0 | Sources: dex_boosts:ok=1/fail=0/429=0/lim_wait=0/cd_wait=0/err=0.0%/avg=45ms; dexscreener:ok=10/fail=0/429=0/lim_wait=0/cd_wait=0/err=0.0%/avg=41ms | Tasks: 3 | RSS: 0.0MB | CycleAvg: 0.82s
2026-02-27 11:57:57,222 [INFO] [u_station_ab_night_autotune_v2] __main__: WATCHLIST merged count=4
2026-02-27 11:57:57,223 [INFO] [u_station_ab_night_autotune_v2] trading.v2_runtime: V2_UNIVERSE in=4 dedup=4 out=4 target=4 novel_target=4 novel_out=0 repeat_dropped=0 symbol_dropped=0 surge_in=0 surge_target=0 surge_out=0
2026-02-27 11:57:57,224 [INFO] [u_station_ab_night_autotune_v2] __main__: FILTER_PASS token=cbBTC tier=A score=100 mode=GREEN risk=MEDIUM liq=22873787 vol5m=118141
2026-02-27 11:57:57,227 [INFO] [u_station_ab_night_autotune_v2] __main__: FILTER_PASS token=VIRTUAL tier=A score=85 mode=GREEN risk=MEDIUM liq=7481043 vol5m=2236
2026-02-27 11:57:57,228 [INFO] [u_station_ab_night_autotune_v2] __main__: FILTER_PASS token=JUNO tier=A score=95 mode=GREEN risk=MEDIUM liq=591601 vol5m=5834
2026-02-27 11:57:57,229 [INFO] [u_station_ab_night_autotune_v2] __main__: FILTER_FAIL token=AERO reason=safe_volume vol5m=0 min=5 regime=GREEN
2026-02-27 11:57:57,230 [INFO] [u_station_ab_night_autotune_v2] __main__: V2_QUALITY_GATE enabled=True regime=GREEN in=3 out=3 core_out=1 explore_out=2 probe_out=0 quota=2 max_symbol_share=0.333 drop={} sources_used={'watchlist': 3}
2026-02-27 11:57:57,230 [INFO] [u_station_ab_night_autotune_v2] __main__: V2_ENTRY_ROUTE enabled=True regime=GREEN in=3 out=2 core_out=1 explore_out=1 quota=1 allow_explore=True
2026-02-27 11:57:57,231 [INFO] [u_station_ab_night_autotune_v2] __main__: MARKET_REGIME mode=GREEN reason=avg_cand=3.25 avg_cand_recent=3.25
2026-02-27 11:57:57,232 [INFO] [u_station_ab_night_autotune_v2] trading.auto_trader: AutoTrade adjust token=cbBTC reason=min_trade_floor size=$0.09->$0.10 min=$0.10
2026-02-27 11:57:57,233 [INFO] [u_station_ab_night_autotune_v2] trading.auto_trader: AutoTrade skip token=cbBTC reason=ev_net_low expected_net=$-0.00451 min=$-0.00231 samples=31 conf=1.00 pwin=0.39 avg_win=$0.0067 avg_loss=$0.0094 kelly=0.000 mem=sparse trades=0<18
2026-02-27 11:57:57,234 [INFO] [u_station_ab_night_autotune_v2] trading.auto_trader: AutoTrade skip token=JUNO reason=cooldown_left_503s
2026-02-27 11:57:57,235 [INFO] [u_station_ab_night_autotune_v2] trading.auto_trader: AutoTrade batch mode=top_n candidates=2 eligible=2 selected=2 opened=0 pe=off burst_window=0
2026-02-27 11:57:57,237 [INFO] [u_station_ab_night_autotune_v2] __main__: Scanned 4 tokens | High quality: 4 | Alerts sent: 0 | Trade candidates: 3 | Quality out/core/explore/probe: 3/1/2/0 | Opened: 0 | Mode: local | Source: onchain+market | Policy: raw=OK/effective=OK(healthy | route=allow_all) | Regime: GREEN(avg_cand=3.25) | Safety: checked=3 fail_closed=0 reasons=api_code_4029:3 | FiltersTop(session): safe_volume:10,safe_change_5m:4,score_min:2,source_qos_symbol_cap:1 | Dedup: heavy_skip=0 override=0 | V2Budget: 3/280 | SourceQoS: enabled=1/in=4/out=4/dropped=0/active_cd=0/drops=none | Ingest: q=0/oldest=0.0s/drop_old=0/dedup_skip=0/enq=0/drain=0 | Sources: dex_boosts:ok=1/fail=0/429=0/lim_wait=0/cd_wait=0/err=0.0%/avg=54ms; dexscreener:ok=10/fail=0/429=0/lim_wait=0/cd_wait=0/err=0.0%/avg=42ms | Tasks: 3 | RSS: 0.0MB | CycleAvg: 0.76s
2026-02-27 11:58:01,655 [INFO] [u_station_ab_night_autotune_v2] __main__: WATCHLIST merged count=4
2026-02-27 11:58:01,655 [INFO] [u_station_ab_night_autotune_v2] trading.v2_runtime: V2_UNIVERSE in=4 dedup=4 out=4 target=4 novel_target=4 novel_out=0 repeat_dropped=0 symbol_dropped=0 surge_in=0 surge_target=0 surge_out=0
2026-02-27 11:58:01,656 [INFO] [u_station_ab_night_autotune_v2] __main__: FILTER_PASS token=cbBTC tier=A score=100 mode=GREEN risk=MEDIUM liq=22873787 vol5m=118141
2026-02-27 11:58:01,657 [INFO] [u_station_ab_night_autotune_v2] __main__: FILTER_PASS token=VIRTUAL tier=A score=85 mode=GREEN risk=MEDIUM liq=7481043 vol5m=2236
2026-02-27 11:58:01,659 [INFO] [u_station_ab_night_autotune_v2] __main__: FILTER_PASS token=JUNO tier=A score=95 mode=GREEN risk=MEDIUM liq=591601 vol5m=5834
2026-02-27 11:58:01,660 [INFO] [u_station_ab_night_autotune_v2] __main__: FILTER_FAIL token=AERO reason=safe_volume vol5m=0 min=5 regime=GREEN
2026-02-27 11:58:01,661 [INFO] [u_station_ab_night_autotune_v2] __main__: V2_QUALITY_GATE enabled=True regime=GREEN in=3 out=3 core_out=1 explore_out=2 probe_out=0 quota=2 max_symbol_share=0.333 drop={} sources_used={'watchlist': 3}
2026-02-27 11:58:01,662 [INFO] [u_station_ab_night_autotune_v2] __main__: V2_ENTRY_ROUTE enabled=True regime=GREEN in=3 out=2 core_out=1 explore_out=1 quota=1 allow_explore=True
2026-02-27 11:58:01,663 [INFO] [u_station_ab_night_autotune_v2] __main__: MARKET_REGIME mode=GREEN reason=avg_cand=3.22 avg_cand_recent=3.22
2026-02-27 11:58:01,663 [INFO] [u_station_ab_night_autotune_v2] trading.auto_trader: AutoTrade adjust token=cbBTC reason=min_trade_floor size=$0.09->$0.10 min=$0.10
2026-02-27 11:58:01,665 [INFO] [u_station_ab_night_autotune_v2] trading.auto_trader: AutoTrade skip token=cbBTC reason=ev_net_low expected_net=$-0.00451 min=$-0.00231 samples=31 conf=1.00 pwin=0.39 avg_win=$0.0067 avg_loss=$0.0094 kelly=0.000 mem=sparse trades=0<18
2026-02-27 11:58:01,667 [INFO] [u_station_ab_night_autotune_v2] trading.auto_trader: AutoTrade skip token=JUNO reason=cooldown_left_498s
2026-02-27 11:58:01,667 [INFO] [u_station_ab_night_autotune_v2] trading.auto_trader: AutoTrade batch mode=top_n candidates=2 eligible=2 selected=2 opened=0 pe=off burst_window=0
2026-02-27 11:58:01,668 [INFO] [u_station_ab_night_autotune_v2] __main__: Scanned 4 tokens | High quality: 4 | Alerts sent: 0 | Trade candidates: 3 | Quality out/core/explore/probe: 3/1/2/0 | Opened: 0 | Mode: local | Source: onchain+market | Policy: raw=OK/effective=OK(healthy | route=allow_all) | Regime: GREEN(avg_cand=3.22) | Safety: checked=3 fail_closed=0 reasons=api_code_4029:3 | FiltersTop(session): safe_volume:11,safe_change_5m:4,score_min:2,source_qos_symbol_cap:1 | Dedup: heavy_skip=0 override=0 | V2Budget: 3/280 | SourceQoS: enabled=1/in=4/out=4/dropped=0/active_cd=0/drops=none | Ingest: q=0/oldest=0.0s/drop_old=0/dedup_skip=0/enq=0/drain=0 | Sources: dex_boosts:ok=1/fail=0/429=0/lim_wait=0/cd_wait=0/err=0.0%/avg=50ms; dexscreener:ok=10/fail=0/429=0/lim_wait=0/cd_wait=0/err=0.0%/avg=46ms | Tasks: 3 | RSS: 0.0MB | CycleAvg: 0.72s
2026-02-27 11:58:06,082 [INFO] [u_station_ab_night_autotune_v2] __main__: WATCHLIST merged count=4
2026-02-27 11:58:06,083 [INFO] [u_station_ab_night_autotune_v2] trading.v2_runtime: V2_UNIVERSE in=4 dedup=4 out=4 target=4 novel_target=4 novel_out=0 repeat_dropped=0 symbol_dropped=0 surge_in=0 surge_target=0 surge_out=0
2026-02-27 11:58:06,084 [INFO] [u_station_ab_night_autotune_v2] __main__: FILTER_PASS token=cbBTC tier=A score=100 mode=GREEN risk=MEDIUM liq=22873787 vol5m=118141
2026-02-27 11:58:06,085 [INFO] [u_station_ab_night_autotune_v2] __main__: FILTER_PASS token=VIRTUAL tier=A score=85 mode=GREEN risk=MEDIUM liq=7481043 vol5m=2236
2026-02-27 11:58:06,087 [INFO] [u_station_ab_night_autotune_v2] __main__: FILTER_PASS token=JUNO tier=A score=95 mode=GREEN risk=MEDIUM liq=591601 vol5m=5834
2026-02-27 11:58:06,088 [INFO] [u_station_ab_night_autotune_v2] __main__: FILTER_FAIL token=AERO reason=safe_volume vol5m=0 min=5 regime=GREEN
2026-02-27 11:58:06,089 [INFO] [u_station_ab_night_autotune_v2] __main__: V2_QUALITY_GATE enabled=True regime=GREEN in=3 out=3 core_out=1 explore_out=2 probe_out=0 quota=2 max_symbol_share=0.333 drop={} sources_used={'watchlist': 3}
2026-02-27 11:58:06,090 [INFO] [u_station_ab_night_autotune_v2] __main__: V2_ENTRY_ROUTE enabled=True regime=GREEN in=3 out=2 core_out=1 explore_out=1 quota=1 allow_explore=True
2026-02-27 11:58:06,090 [INFO] [u_station_ab_night_autotune_v2] __main__: MARKET_REGIME mode=GREEN reason=avg_cand=3.20 avg_cand_recent=3.20
2026-02-27 11:58:06,092 [INFO] [u_station_ab_night_autotune_v2] trading.auto_trader: AutoTrade adjust token=cbBTC reason=min_trade_floor size=$0.09->$0.10 min=$0.10
2026-02-27 11:58:06,092 [INFO] [u_station_ab_night_autotune_v2] trading.auto_trader: AutoTrade skip token=cbBTC reason=ev_net_low expected_net=$-0.00451 min=$-0.00231 samples=31 conf=1.00 pwin=0.39 avg_win=$0.0067 avg_loss=$0.0094 kelly=0.000 mem=sparse trades=0<18
2026-02-27 11:58:06,094 [INFO] [u_station_ab_night_autotune_v2] trading.auto_trader: AutoTrade skip token=JUNO reason=cooldown_left_494s
2026-02-27 11:58:06,095 [INFO] [u_station_ab_night_autotune_v2] trading.auto_trader: AutoTrade batch mode=top_n candidates=2 eligible=2 selected=2 opened=0 pe=off burst_window=0
2026-02-27 11:58:06,095 [INFO] [u_station_ab_night_autotune_v2] __main__: Scanned 4 tokens | High quality: 4 | Alerts sent: 0 | Trade candidates: 3 | Quality out/core/explore/probe: 3/1/2/0 | Opened: 0 | Mode: local | Source: onchain+market | Policy: raw=OK/effective=OK(healthy | route=allow_all) | Regime: GREEN(avg_cand=3.20) | Safety: checked=3 fail_closed=0 reasons=api_code_4029:3 | FiltersTop(session): safe_volume:12,safe_change_5m:4,score_min:2,source_qos_symbol_cap:1 | Dedup: heavy_skip=0 override=0 | V2Budget: 3/280 | SourceQoS: enabled=1/in=4/out=4/dropped=0/active_cd=0/drops=none | Ingest: q=0/oldest=0.0s/drop_old=0/dedup_skip=0/enq=0/drain=0 | Sources: dex_boosts:ok=1/fail=0/429=0/lim_wait=0/cd_wait=0/err=0.0%/avg=39ms; dexscreener:ok=10/fail=0/429=0/lim_wait=0/cd_wait=0/err=0.0%/avg=43ms | Tasks: 3 | RSS: 0.0MB | CycleAvg: 0.69s
2026-02-27 11:58:10,515 [INFO] [u_station_ab_night_autotune_v2] __main__: WATCHLIST merged count=4
2026-02-27 11:58:10,516 [INFO] [u_station_ab_night_autotune_v2] trading.v2_runtime: V2_UNIVERSE in=4 dedup=4 out=4 target=4 novel_target=4 novel_out=0 repeat_dropped=0 symbol_dropped=0 surge_in=0 surge_target=0 surge_out=0
2026-02-27 11:58:10,516 [INFO] [u_station_ab_night_autotune_v2] __main__: FILTER_PASS token=cbBTC tier=A score=100 mode=GREEN risk=MEDIUM liq=22873787 vol5m=118141
2026-02-27 11:58:10,518 [INFO] [u_station_ab_night_autotune_v2] __main__: FILTER_PASS token=VIRTUAL tier=A score=85 mode=GREEN risk=MEDIUM liq=7481043 vol5m=2236
2026-02-27 11:58:10,519 [INFO] [u_station_ab_night_autotune_v2] __main__: FILTER_PASS token=JUNO tier=A score=95 mode=GREEN risk=MEDIUM liq=591601 vol5m=5834
2026-02-27 11:58:10,520 [INFO] [u_station_ab_night_autotune_v2] __main__: FILTER_FAIL token=AERO reason=safe_volume vol5m=0 min=5 regime=GREEN
2026-02-27 11:58:10,521 [INFO] [u_station_ab_night_autotune_v2] __main__: V2_QUALITY_GATE enabled=True regime=GREEN in=3 out=3 core_out=1 explore_out=2 probe_out=0 quota=2 max_symbol_share=0.333 drop={} sources_used={'watchlist': 3}
2026-02-27 11:58:10,522 [INFO] [u_station_ab_night_autotune_v2] __main__: V2_ENTRY_ROUTE enabled=True regime=GREEN in=3 out=2 core_out=1 explore_out=1 quota=1 allow_explore=True
2026-02-27 11:58:10,522 [INFO] [u_station_ab_night_autotune_v2] __main__: MARKET_REGIME mode=GREEN reason=avg_cand=3.18 avg_cand_recent=3.18
2026-02-27 11:58:10,522 [INFO] [u_station_ab_night_autotune_v2] trading.auto_trader: AutoTrade adjust token=cbBTC reason=min_trade_floor size=$0.09->$0.10 min=$0.10
2026-02-27 11:58:10,526 [INFO] [u_station_ab_night_autotune_v2] trading.auto_trader: AutoTrade skip token=cbBTC reason=ev_net_low expected_net=$-0.00451 min=$-0.00231 samples=31 conf=1.00 pwin=0.39 avg_win=$0.0067 avg_loss=$0.0094 kelly=0.000 mem=sparse trades=0<18
2026-02-27 11:58:10,528 [INFO] [u_station_ab_night_autotune_v2] trading.auto_trader: AutoTrade skip token=JUNO reason=cooldown_left_489s
2026-02-27 11:58:10,529 [INFO] [u_station_ab_night_autotune_v2] trading.auto_trader: AutoTrade batch mode=top_n candidates=2 eligible=2 selected=2 opened=0 pe=off burst_window=0
2026-02-27 11:58:10,530 [INFO] [u_station_ab_night_autotune_v2] __main__: Scanned 4 tokens | High quality: 4 | Alerts sent: 0 | Trade candidates: 3 | Quality out/core/explore/probe: 3/1/2/0 | Opened: 0 | Mode: local | Source: onchain+market | Policy: raw=OK/effective=OK(healthy | route=allow_all) | Regime: GREEN(avg_cand=3.18) | Safety: checked=3 fail_closed=0 reasons=api_code_4029:3 | FiltersTop(session): safe_volume:13,safe_change_5m:4,score_min:2,source_qos_symbol_cap:1 | Dedup: heavy_skip=0 override=0 | V2Budget: 3/280 | SourceQoS: enabled=1/in=4/out=4/dropped=0/active_cd=0/drops=none | Ingest: q=0/oldest=0.0s/drop_old=0/dedup_skip=0/enq=0/drain=0 | Sources: dex_boosts:ok=1/fail=0/429=0/lim_wait=0/cd_wait=0/err=0.0%/avg=33ms; dexscreener:ok=10/fail=0/429=0/lim_wait=0/cd_wait=0/err=0.0%/avg=54ms | Tasks: 3 | RSS: 0.0MB | CycleAvg: 0.66s
2026-02-27 11:58:14,962 [INFO] [u_station_ab_night_autotune_v2] __main__: WATCHLIST merged count=4
2026-02-27 11:58:14,963 [INFO] [u_station_ab_night_autotune_v2] trading.v2_runtime: V2_UNIVERSE in=4 dedup=4 out=4 target=4 novel_target=4 novel_out=0 repeat_dropped=0 symbol_dropped=0 surge_in=0 surge_target=0 surge_out=0
2026-02-27 11:58:14,963 [INFO] [u_station_ab_night_autotune_v2] __main__: FILTER_PASS token=cbBTC tier=A score=100 mode=GREEN risk=MEDIUM liq=22873787 vol5m=118141
2026-02-27 11:58:14,964 [INFO] [u_station_ab_night_autotune_v2] __main__: FILTER_PASS token=VIRTUAL tier=A score=85 mode=GREEN risk=MEDIUM liq=7481043 vol5m=2236
2026-02-27 11:58:14,965 [INFO] [u_station_ab_night_autotune_v2] __main__: FILTER_PASS token=JUNO tier=A score=95 mode=GREEN risk=MEDIUM liq=591601 vol5m=5834
2026-02-27 11:58:14,967 [INFO] [u_station_ab_night_autotune_v2] __main__: FILTER_FAIL token=AERO reason=safe_volume vol5m=0 min=5 regime=GREEN
2026-02-27 11:58:14,967 [INFO] [u_station_ab_night_autotune_v2] __main__: V2_QUALITY_GATE enabled=True regime=GREEN in=3 out=3 core_out=1 explore_out=2 probe_out=0 quota=2 max_symbol_share=0.333 drop={} sources_used={'watchlist': 3}
2026-02-27 11:58:14,968 [INFO] [u_station_ab_night_autotune_v2] __main__: V2_ENTRY_ROUTE enabled=True regime=GREEN in=3 out=2 core_out=1 explore_out=1 quota=1 allow_explore=True
2026-02-27 11:58:14,968 [INFO] [u_station_ab_night_autotune_v2] __main__: MARKET_REGIME mode=GREEN reason=avg_cand=3.17 avg_cand_recent=3.17
2026-02-27 11:58:14,970 [INFO] [u_station_ab_night_autotune_v2] trading.auto_trader: AutoTrade adjust token=cbBTC reason=min_trade_floor size=$0.09->$0.10 min=$0.10
2026-02-27 11:58:14,971 [INFO] [u_station_ab_night_autotune_v2] trading.auto_trader: AutoTrade skip token=cbBTC reason=ev_net_low expected_net=$-0.00451 min=$-0.00231 samples=31 conf=1.00 pwin=0.39 avg_win=$0.0067 avg_loss=$0.0094 kelly=0.000 mem=sparse trades=0<18
2026-02-27 11:58:14,972 [INFO] [u_station_ab_night_autotune_v2] trading.auto_trader: AutoTrade skip token=JUNO reason=cooldown_left_485s
2026-02-27 11:58:14,972 [INFO] [u_station_ab_night_autotune_v2] trading.auto_trader: AutoTrade batch mode=top_n candidates=2 eligible=2 selected=2 opened=0 pe=off burst_window=0
2026-02-27 11:58:14,973 [INFO] [u_station_ab_night_autotune_v2] __main__: Scanned 4 tokens | High quality: 4 | Alerts sent: 0 | Trade candidates: 3 | Quality out/core/explore/probe: 3/1/2/0 | Opened: 0 | Mode: local | Source: onchain+market | Policy: raw=OK/effective=OK(healthy | route=allow_all) | Regime: GREEN(avg_cand=3.17) | Safety: checked=3 fail_closed=0 reasons=api_code_4029:3 | FiltersTop(session): safe_volume:14,safe_change_5m:4,score_min:2,source_qos_symbol_cap:1 | Dedup: heavy_skip=0 override=0 | V2Budget: 3/280 | SourceQoS: enabled=1/in=4/out=4/dropped=0/active_cd=0/drops=none | Ingest: q=0/oldest=0.0s/drop_old=0/dedup_skip=0/enq=0/drain=0 | Sources: dex_boosts:ok=1/fail=0/429=0/lim_wait=0/cd_wait=0/err=0.0%/avg=32ms; dexscreener:ok=10/fail=0/429=0/lim_wait=0/cd_wait=0/err=0.0%/avg=44ms | Tasks: 3 | RSS: 0.0MB | CycleAvg: 0.64s
2026-02-27 11:58:24,381 [INFO] [u_station_ab_night_autotune_v2] __main__: WATCHLIST merged count=4
2026-02-27 11:58:24,381 [INFO] [u_station_ab_night_autotune_v2] trading.v2_runtime: V2_UNIVERSE in=4 dedup=4 out=4 target=4 novel_target=4 novel_out=0 repeat_dropped=0 symbol_dropped=0 surge_in=0 surge_target=0 surge_out=0
2026-02-27 11:58:24,383 [INFO] [u_station_ab_night_autotune_v2] __main__: FILTER_PASS token=cbBTC tier=A score=100 mode=GREEN risk=MEDIUM liq=19440440 vol5m=23887
2026-02-27 11:58:24,384 [INFO] [u_station_ab_night_autotune_v2] __main__: FILTER_PASS token=JUNO tier=A score=95 mode=GREEN risk=MEDIUM liq=591601 vol5m=5834
2026-02-27 11:58:24,384 [INFO] [u_station_ab_night_autotune_v2] __main__: FILTER_PASS token=VIRTUAL tier=A score=75 mode=GREEN risk=MEDIUM liq=7487717 vol5m=1109
2026-02-27 11:58:24,385 [INFO] [u_station_ab_night_autotune_v2] __main__: FILTER_FAIL token=AERO reason=safe_volume vol5m=0 min=5 regime=GREEN
2026-02-27 11:58:24,386 [INFO] [u_station_ab_night_autotune_v2] __main__: V2_QUALITY_GATE enabled=True regime=GREEN in=3 out=3 core_out=1 explore_out=2 probe_out=0 quota=2 max_symbol_share=0.333 drop={} sources_used={'watchlist': 3}
2026-02-27 11:58:24,387 [INFO] [u_station_ab_night_autotune_v2] __main__: V2_ENTRY_ROUTE enabled=True regime=GREEN in=3 out=2 core_out=1 explore_out=1 quota=1 allow_explore=True
2026-02-27 11:58:24,387 [INFO] [u_station_ab_night_autotune_v2] __main__: MARKET_REGIME mode=GREEN reason=avg_cand=3.00 avg_cand_recent=3.00
2026-02-27 11:58:24,388 [INFO] [u_station_ab_night_autotune_v2] trading.auto_trader: AutoTrade adjust token=cbBTC reason=min_trade_floor size=$0.09->$0.10 min=$0.10
2026-02-27 11:58:24,389 [INFO] [u_station_ab_night_autotune_v2] trading.auto_trader: AutoTrade skip token=cbBTC reason=ev_net_low expected_net=$-0.00451 min=$-0.00231 samples=31 conf=1.00 pwin=0.39 avg_win=$0.0067 avg_loss=$0.0094 kelly=0.000 mem=sparse trades=0<18
2026-02-27 11:58:24,390 [INFO] [u_station_ab_night_autotune_v2] trading.auto_trader: AutoTrade skip token=JUNO reason=cooldown_left_476s
2026-02-27 11:58:24,390 [INFO] [u_station_ab_night_autotune_v2] trading.auto_trader: AutoTrade batch mode=top_n candidates=2 eligible=2 selected=2 opened=0 pe=off burst_window=0
2026-02-27 11:58:24,391 [INFO] [u_station_ab_night_autotune_v2] trading.auto_trader: PAPER_SUMMARY window=60s closed_delta=1 wins_delta=0 losses_delta=1 realized_delta=$-0.01 total_closed=91 winrate_total=45.1% realized_total=$0.35 balance=$7.35 equity=$7.35 open=0
2026-02-27 11:58:24,391 [INFO] [u_station_ab_night_autotune_v2] __main__: Scanned 4 tokens | High quality: 4 | Alerts sent: 0 | Trade candidates: 3 | Quality out/core/explore/probe: 3/1/2/0 | Opened: 0 | Mode: local | Source: onchain+market | Policy: raw=OK/effective=OK(healthy | route=allow_all) | Regime: GREEN(avg_cand=3.00) | Safety: checked=3 fail_closed=0 reasons=api_code_4029:3 | FiltersTop(session): safe_volume:15,safe_change_5m:4,score_min:2,source_qos_symbol_cap:1 | Dedup: heavy_skip=0 override=0 | V2Budget: 3/280 | SourceQoS: enabled=1/in=4/out=4/dropped=0/active_cd=0/drops=none | Ingest: q=0/oldest=0.0s/drop_old=0/dedup_skip=0/enq=0/drain=0 | Sources: dex_boosts:ok=1/fail=0/429=0/lim_wait=0/cd_wait=0/err=0.0%/avg=39ms; dexscreener:ok=10/fail=0/429=0/lim_wait=10/cd_wait=0/err=0.0%/avg=233ms; watchlist_dex:ok=10/fail=0/429=0/lim_wait=0/cd_wait=0/err=0.0%/avg=133ms; watchlist_gecko:ok=6/fail=0/429=0/lim_wait=0/cd_wait=0/err=0.0%/avg=70ms | Tasks: 3 | RSS: 0.0MB | CycleAvg: 0.62s
2026-02-27 11:58:30,141 [INFO] [u_station_ab_night_autotune_v2] __main__: WATCHLIST merged count=4
2026-02-27 11:58:30,142 [INFO] [u_station_ab_night_autotune_v2] trading.v2_runtime: V2_UNIVERSE in=4 dedup=4 out=4 target=4 novel_target=4 novel_out=0 repeat_dropped=0 symbol_dropped=0 surge_in=0 surge_target=0 surge_out=0
2026-02-27 11:58:30,143 [INFO] [u_station_ab_night_autotune_v2] __main__: FILTER_PASS token=cbBTC tier=A score=100 mode=GREEN risk=MEDIUM liq=19440440 vol5m=23887
2026-02-27 11:58:30,144 [INFO] [u_station_ab_night_autotune_v2] __main__: FILTER_PASS token=JUNO tier=A score=95 mode=GREEN risk=MEDIUM liq=591601 vol5m=5834
2026-02-27 11:58:30,145 [INFO] [u_station_ab_night_autotune_v2] __main__: FILTER_PASS token=VIRTUAL tier=A score=75 mode=GREEN risk=MEDIUM liq=7487717 vol5m=1109
2026-02-27 11:58:30,147 [INFO] [u_station_ab_night_autotune_v2] __main__: FILTER_FAIL token=AERO reason=safe_volume vol5m=0 min=5 regime=GREEN
2026-02-27 11:58:30,147 [INFO] [u_station_ab_night_autotune_v2] __main__: V2_QUALITY_GATE enabled=True regime=GREEN in=3 out=3 core_out=1 explore_out=2 probe_out=0 quota=2 max_symbol_share=0.333 drop={} sources_used={'watchlist': 3}
2026-02-27 11:58:30,148 [INFO] [u_station_ab_night_autotune_v2] __main__: V2_ENTRY_ROUTE enabled=True regime=GREEN in=3 out=2 core_out=1 explore_out=1 quota=1 allow_explore=True
2026-02-27 11:58:30,148 [INFO] [u_station_ab_night_autotune_v2] __main__: MARKET_REGIME mode=GREEN reason=avg_cand=3.00 avg_cand_recent=3.00
2026-02-27 11:58:30,149 [INFO] [u_station_ab_night_autotune_v2] trading.auto_trader: AutoTrade adjust token=cbBTC reason=min_trade_floor size=$0.09->$0.10 min=$0.10
2026-02-27 11:58:30,150 [INFO] [u_station_ab_night_autotune_v2] trading.auto_trader: AutoTrade skip token=cbBTC reason=ev_net_low expected_net=$-0.00451 min=$-0.00231 samples=31 conf=1.00 pwin=0.39 avg_win=$0.0067 avg_loss=$0.0094 kelly=0.000 mem=sparse trades=0<18
2026-02-27 11:58:30,151 [INFO] [u_station_ab_night_autotune_v2] trading.auto_trader: AutoTrade skip token=JUNO reason=cooldown_left_470s
2026-02-27 11:58:30,152 [INFO] [u_station_ab_night_autotune_v2] trading.auto_trader: AutoTrade batch mode=top_n candidates=2 eligible=2 selected=2 opened=0 pe=off burst_window=0
2026-02-27 11:58:30,153 [INFO] [u_station_ab_night_autotune_v2] __main__: Scanned 4 tokens | High quality: 4 | Alerts sent: 0 | Trade candidates: 3 | Quality out/core/explore/probe: 3/1/2/0 | Opened: 0 | Mode: local | Source: onchain+market | Policy: raw=OK/effective=OK(healthy | route=allow_all) | Regime: GREEN(avg_cand=3.00) | Safety: checked=3 fail_closed=0 reasons=api_code_4029:3 | FiltersTop(session): safe_volume:16,safe_change_5m:4,score_min:2,source_qos_symbol_cap:1 | Dedup: heavy_skip=0 override=0 | V2Budget: 3/280 | SourceQoS: enabled=1/in=4/out=4/dropped=0/active_cd=0/drops=none | Ingest: q=0/oldest=0.0s/drop_old=0/dedup_skip=0/enq=0/drain=0 | Sources: dex_boosts:ok=1/fail=0/429=0/lim_wait=0/cd_wait=0/err=0.0%/avg=41ms; dexscreener:ok=10/fail=0/429=0/lim_wait=10/cd_wait=0/err=0.0%/avg=43ms | Tasks: 3 | RSS: 0.0MB | CycleAvg: 0.99s
2026-02-27 11:58:34,689 [INFO] [u_station_ab_night_autotune_v2] __main__: WATCHLIST merged count=4
2026-02-27 11:58:34,689 [INFO] [u_station_ab_night_autotune_v2] trading.v2_runtime: V2_UNIVERSE in=4 dedup=4 out=4 target=4 novel_target=4 novel_out=0 repeat_dropped=0 symbol_dropped=0 surge_in=0 surge_target=0 surge_out=0
2026-02-27 11:58:34,691 [INFO] [u_station_ab_night_autotune_v2] __main__: FILTER_PASS token=cbBTC tier=A score=100 mode=GREEN risk=MEDIUM liq=19440440 vol5m=23887
2026-02-27 11:58:34,692 [INFO] [u_station_ab_night_autotune_v2] __main__: FILTER_PASS token=JUNO tier=A score=95 mode=GREEN risk=MEDIUM liq=591601 vol5m=5834
2026-02-27 11:58:34,694 [INFO] [u_station_ab_night_autotune_v2] __main__: FILTER_PASS token=VIRTUAL tier=A score=75 mode=GREEN risk=MEDIUM liq=7487717 vol5m=1109
2026-02-27 11:58:34,696 [INFO] [u_station_ab_night_autotune_v2] __main__: FILTER_FAIL token=AERO reason=safe_volume vol5m=0 min=5 regime=GREEN
2026-02-27 11:58:34,696 [INFO] [u_station_ab_night_autotune_v2] __main__: V2_QUALITY_GATE enabled=True regime=GREEN in=3 out=3 core_out=1 explore_out=2 probe_out=0 quota=2 max_symbol_share=0.333 drop={} sources_used={'watchlist': 3}
2026-02-27 11:58:34,697 [INFO] [u_station_ab_night_autotune_v2] __main__: V2_ENTRY_ROUTE enabled=True regime=GREEN in=3 out=2 core_out=1 explore_out=1 quota=1 allow_explore=True
2026-02-27 11:58:34,698 [INFO] [u_station_ab_night_autotune_v2] __main__: MARKET_REGIME mode=GREEN reason=avg_cand=3.00 avg_cand_recent=3.00
2026-02-27 11:58:34,699 [INFO] [u_station_ab_night_autotune_v2] trading.auto_trader: AutoTrade adjust token=cbBTC reason=min_trade_floor size=$0.09->$0.10 min=$0.10
2026-02-27 11:58:34,700 [INFO] [u_station_ab_night_autotune_v2] trading.auto_trader: AutoTrade skip token=cbBTC reason=ev_net_low expected_net=$-0.00451 min=$-0.00231 samples=31 conf=1.00 pwin=0.39 avg_win=$0.0067 avg_loss=$0.0094 kelly=0.000 mem=sparse trades=0<18
2026-02-27 11:58:34,701 [INFO] [u_station_ab_night_autotune_v2] trading.auto_trader: AutoTrade skip token=JUNO reason=cooldown_left_465s
2026-02-27 11:58:34,702 [INFO] [u_station_ab_night_autotune_v2] trading.auto_trader: AutoTrade batch mode=top_n candidates=2 eligible=2 selected=2 opened=0 pe=off burst_window=0
2026-02-27 11:58:34,704 [INFO] [u_station_ab_night_autotune_v2] __main__: Scanned 4 tokens | High quality: 4 | Alerts sent: 0 | Trade candidates: 3 | Quality out/core/explore/probe: 3/1/2/0 | Opened: 0 | Mode: local | Source: onchain+market | Policy: raw=OK/effective=OK(healthy | route=allow_all) | Regime: GREEN(avg_cand=3.00) | Safety: checked=3 fail_closed=0 reasons=api_code_4029:3 | FiltersTop(session): safe_volume:17,safe_change_5m:4,score_min:2,source_qos_symbol_cap:1 | Dedup: heavy_skip=0 override=0 | V2Budget: 3/280 | SourceQoS: enabled=1/in=4/out=4/dropped=0/active_cd=0/drops=none | Ingest: q=0/oldest=0.0s/drop_old=0/dedup_skip=0/enq=0/drain=0 | Sources: dex_boosts:ok=1/fail=0/429=0/lim_wait=0/cd_wait=0/err=0.0%/avg=42ms; dexscreener:ok=10/fail=0/429=0/lim_wait=10/cd_wait=0/err=0.0%/avg=49ms | Tasks: 3 | RSS: 0.0MB | CycleAvg: 1.05s
2026-02-27 11:58:39,142 [INFO] [u_station_ab_night_autotune_v2] __main__: WATCHLIST merged count=4
2026-02-27 11:58:39,143 [INFO] [u_station_ab_night_autotune_v2] trading.v2_runtime: V2_UNIVERSE in=4 dedup=4 out=4 target=4 novel_target=4 novel_out=0 repeat_dropped=0 symbol_dropped=0 surge_in=0 surge_target=0 surge_out=0
2026-02-27 11:58:39,144 [INFO] [u_station_ab_night_autotune_v2] __main__: FILTER_PASS token=cbBTC tier=A score=100 mode=GREEN risk=MEDIUM liq=19440440 vol5m=23887
2026-02-27 11:58:39,145 [INFO] [u_station_ab_night_autotune_v2] __main__: FILTER_PASS token=JUNO tier=A score=95 mode=GREEN risk=MEDIUM liq=591601 vol5m=5834
2026-02-27 11:58:39,146 [INFO] [u_station_ab_night_autotune_v2] __main__: FILTER_PASS token=VIRTUAL tier=A score=75 mode=GREEN risk=MEDIUM liq=7487717 vol5m=1109
2026-02-27 11:58:39,147 [INFO] [u_station_ab_night_autotune_v2] __main__: FILTER_FAIL token=AERO reason=safe_volume vol5m=0 min=5 regime=GREEN
2026-02-27 11:58:39,148 [INFO] [u_station_ab_night_autotune_v2] __main__: V2_QUALITY_GATE enabled=True regime=GREEN in=3 out=3 core_out=1 explore_out=2 probe_out=0 quota=2 max_symbol_share=0.333 drop={} sources_used={'watchlist': 3}
2026-02-27 11:58:39,148 [INFO] [u_station_ab_night_autotune_v2] __main__: V2_ENTRY_ROUTE enabled=True regime=GREEN in=3 out=2 core_out=1 explore_out=1 quota=1 allow_explore=True
2026-02-27 11:58:39,149 [INFO] [u_station_ab_night_autotune_v2] __main__: MARKET_REGIME mode=GREEN reason=avg_cand=3.00 avg_cand_recent=3.00
2026-02-27 11:58:39,150 [INFO] [u_station_ab_night_autotune_v2] trading.auto_trader: AutoTrade adjust token=cbBTC reason=min_trade_floor size=$0.09->$0.10 min=$0.10
2026-02-27 11:58:39,151 [INFO] [u_station_ab_night_autotune_v2] trading.auto_trader: AutoTrade skip token=cbBTC reason=ev_net_low expected_net=$-0.00451 min=$-0.00231 samples=31 conf=1.00 pwin=0.39 avg_win=$0.0067 avg_loss=$0.0094 kelly=0.000 mem=sparse trades=0<18
2026-02-27 11:58:39,152 [INFO] [u_station_ab_night_autotune_v2] trading.auto_trader: AutoTrade skip token=JUNO reason=cooldown_left_461s
2026-02-27 11:58:39,153 [INFO] [u_station_ab_night_autotune_v2] trading.auto_trader: AutoTrade batch mode=top_n candidates=2 eligible=2 selected=2 opened=0 pe=off burst_window=0
2026-02-27 11:58:39,153 [INFO] [u_station_ab_night_autotune_v2] __main__: Scanned 4 tokens | High quality: 4 | Alerts sent: 0 | Trade candidates: 3 | Quality out/core/explore/probe: 3/1/2/0 | Opened: 0 | Mode: local | Source: onchain+market | Policy: raw=OK/effective=OK(healthy | route=allow_all) | Regime: GREEN(avg_cand=3.00) | Safety: checked=3 fail_closed=0 reasons=api_code_4029:3 | FiltersTop(session): safe_volume:18,safe_change_5m:4,score_min:2,source_qos_symbol_cap:1 | Dedup: heavy_skip=0 override=0 | V2Budget: 3/280 | SourceQoS: enabled=1/in=4/out=4/dropped=0/active_cd=0/drops=none | Ingest: q=2/oldest=0.3s/drop_old=0/dedup_skip=0/enq=2/drain=0 | Sources: dex_boosts:ok=1/fail=0/429=0/lim_wait=0/cd_wait=0/err=0.0%/avg=49ms; dexscreener:ok=10/fail=0/429=0/lim_wait=10/cd_wait=0/err=0.0%/avg=48ms; geckoterminal:ok=1/fail=0/429=0/lim_wait=0/cd_wait=0/err=0.0%/avg=236ms | Tasks: 3 | RSS: 0.0MB | CycleAvg: 1.01s
2026-02-27 11:58:43,591 [INFO] [u_station_ab_night_autotune_v2] __main__: WATCHLIST merged count=4
2026-02-27 11:58:43,592 [INFO] [u_station_ab_night_autotune_v2] trading.v2_runtime: V2_UNIVERSE in=6 dedup=6 out=6 target=6 novel_target=6 novel_out=2 repeat_dropped=0 symbol_dropped=0 surge_in=0 surge_target=0 surge_out=0
2026-02-27 11:58:43,593 [INFO] [u_station_ab_night_autotune_v2] __main__: FILTER_PASS token=cbBTC tier=A score=100 mode=GREEN risk=MEDIUM liq=19440440 vol5m=23887
2026-02-27 11:58:43,594 [INFO] [u_station_ab_night_autotune_v2] __main__: FILTER_FAIL token=Jellybean reason=safe_age
2026-02-27 11:58:43,595 [INFO] [u_station_ab_night_autotune_v2] __main__: FILTER_FAIL token=010 reason=safe_age
2026-02-27 11:58:43,596 [INFO] [u_station_ab_night_autotune_v2] __main__: FILTER_PASS token=JUNO tier=A score=95 mode=GREEN risk=MEDIUM liq=591601 vol5m=5834
2026-02-27 11:58:43,597 [INFO] [u_station_ab_night_autotune_v2] __main__: FILTER_PASS token=VIRTUAL tier=A score=75 mode=GREEN risk=MEDIUM liq=7487717 vol5m=1109
2026-02-27 11:58:43,599 [INFO] [u_station_ab_night_autotune_v2] __main__: FILTER_FAIL token=AERO reason=safe_volume vol5m=0 min=5 regime=GREEN
2026-02-27 11:58:43,600 [INFO] [u_station_ab_night_autotune_v2] __main__: V2_QUALITY_GATE enabled=True regime=GREEN in=3 out=3 core_out=1 explore_out=2 probe_out=0 quota=2 max_symbol_share=0.333 drop={} sources_used={'watchlist': 3}
2026-02-27 11:58:43,600 [INFO] [u_station_ab_night_autotune_v2] __main__: V2_ENTRY_ROUTE enabled=True regime=GREEN in=3 out=2 core_out=1 explore_out=1 quota=1 allow_explore=True
2026-02-27 11:58:43,601 [INFO] [u_station_ab_night_autotune_v2] __main__: MARKET_REGIME mode=GREEN reason=avg_cand=3.00 avg_cand_recent=3.00
2026-02-27 11:58:43,602 [INFO] [u_station_ab_night_autotune_v2] trading.auto_trader: AutoTrade adjust token=cbBTC reason=min_trade_floor size=$0.09->$0.10 min=$0.10
2026-02-27 11:58:43,603 [INFO] [u_station_ab_night_autotune_v2] trading.auto_trader: AutoTrade skip token=cbBTC reason=ev_net_low expected_net=$-0.00451 min=$-0.00231 samples=31 conf=1.00 pwin=0.39 avg_win=$0.0067 avg_loss=$0.0094 kelly=0.000 mem=sparse trades=0<18
2026-02-27 11:58:43,605 [INFO] [u_station_ab_night_autotune_v2] trading.auto_trader: AutoTrade skip token=JUNO reason=cooldown_left_456s
2026-02-27 11:58:43,605 [INFO] [u_station_ab_night_autotune_v2] trading.auto_trader: AutoTrade batch mode=top_n candidates=2 eligible=2 selected=2 opened=0 pe=off burst_window=0
2026-02-27 11:58:43,607 [INFO] [u_station_ab_night_autotune_v2] __main__: Scanned 6 tokens | High quality: 4 | Alerts sent: 0 | Trade candidates: 3 | Quality out/core/explore/probe: 3/1/2/0 | Opened: 0 | Mode: local | Source: onchain+market | Policy: raw=OK/effective=OK(healthy | route=allow_all) | Regime: GREEN(avg_cand=3.00) | Safety: checked=3 fail_closed=0 reasons=api_code_4029:3 | FiltersTop(session): safe_volume:19,safe_change_5m:4,safe_age:3,score_min:2 | Dedup: heavy_skip=0 override=0 | V2Budget: 3/280 | SourceQoS: enabled=1/in=6/out=6/dropped=0/active_cd=0/drops=none | Ingest: q=0/oldest=0.0s/drop_old=0/dedup_skip=0/enq=0/drain=2 | Sources: dex_boosts:ok=1/fail=0/429=0/lim_wait=0/cd_wait=0/err=0.0%/avg=41ms; dexscreener:ok=10/fail=0/429=0/lim_wait=10/cd_wait=0/err=0.0%/avg=40ms | Tasks: 3 | RSS: 0.0MB | CycleAvg: 0.98s
2026-02-27 11:58:48,105 [INFO] [u_station_ab_night_autotune_v2] __main__: WATCHLIST merged count=4
2026-02-27 11:58:48,105 [INFO] [u_station_ab_night_autotune_v2] trading.v2_runtime: V2_UNIVERSE in=4 dedup=4 out=4 target=4 novel_target=4 novel_out=0 repeat_dropped=0 symbol_dropped=0 surge_in=0 surge_target=0 surge_out=0
2026-02-27 11:58:48,105 [INFO] [u_station_ab_night_autotune_v2] __main__: FILTER_PASS token=cbBTC tier=A score=100 mode=GREEN risk=MEDIUM liq=19440440 vol5m=23887
2026-02-27 11:58:48,110 [INFO] [u_station_ab_night_autotune_v2] __main__: FILTER_PASS token=JUNO tier=A score=95 mode=GREEN risk=MEDIUM liq=591601 vol5m=5834
2026-02-27 11:58:48,111 [INFO] [u_station_ab_night_autotune_v2] __main__: FILTER_PASS token=VIRTUAL tier=A score=75 mode=GREEN risk=MEDIUM liq=7487717 vol5m=1109
2026-02-27 11:58:48,112 [INFO] [u_station_ab_night_autotune_v2] __main__: FILTER_FAIL token=AERO reason=safe_volume vol5m=0 min=5 regime=GREEN
2026-02-27 11:58:48,115 [INFO] [u_station_ab_night_autotune_v2] __main__: V2_QUALITY_GATE enabled=True regime=GREEN in=3 out=3 core_out=1 explore_out=2 probe_out=0 quota=2 max_symbol_share=0.333 drop={} sources_used={'watchlist': 3}
2026-02-27 11:58:48,115 [INFO] [u_station_ab_night_autotune_v2] __main__: V2_ENTRY_ROUTE enabled=True regime=GREEN in=3 out=2 core_out=1 explore_out=1 quota=1 allow_explore=True
2026-02-27 11:58:48,117 [INFO] [u_station_ab_night_autotune_v2] __main__: MARKET_REGIME mode=GREEN reason=avg_cand=3.00 avg_cand_recent=3.00
2026-02-27 11:58:48,118 [INFO] [u_station_ab_night_autotune_v2] trading.auto_trader: AutoTrade adjust token=cbBTC reason=min_trade_floor size=$0.09->$0.10 min=$0.10
2026-02-27 11:58:48,120 [INFO] [u_station_ab_night_autotune_v2] trading.auto_trader: AutoTrade skip token=cbBTC reason=ev_net_low expected_net=$-0.00451 min=$-0.00231 samples=31 conf=1.00 pwin=0.39 avg_win=$0.0067 avg_loss=$0.0094 kelly=0.000 mem=sparse trades=0<18
2026-02-27 11:58:48,121 [INFO] [u_station_ab_night_autotune_v2] trading.auto_trader: AutoTrade skip token=JUNO reason=cooldown_left_452s
2026-02-27 11:58:48,122 [INFO] [u_station_ab_night_autotune_v2] trading.auto_trader: AutoTrade batch mode=top_n candidates=2 eligible=2 selected=2 opened=0 pe=off burst_window=0
2026-02-27 11:58:48,122 [INFO] [u_station_ab_night_autotune_v2] __main__: Scanned 4 tokens | High quality: 4 | Alerts sent: 0 | Trade candidates: 3 | Quality out/core/explore/probe: 3/1/2/0 | Opened: 0 | Mode: local | Source: onchain+market | Policy: raw=OK/effective=OK(healthy | route=allow_all) | Regime: GREEN(avg_cand=3.00) | Safety: checked=3 fail_closed=0 reasons=api_code_4029:3 | FiltersTop(session): safe_volume:20,safe_change_5m:4,safe_age:3,score_min:2 | Dedup: heavy_skip=0 override=0 | V2Budget: 3/280 | SourceQoS: enabled=1/in=4/out=4/dropped=0/active_cd=0/drops=none | Ingest: q=0/oldest=0.0s/drop_old=0/dedup_skip=0/enq=0/drain=0 | Sources: dex_boosts:ok=1/fail=0/429=0/lim_wait=0/cd_wait=0/err=0.0%/avg=70ms; dexscreener:ok=10/fail=0/429=0/lim_wait=10/cd_wait=0/err=0.0%/avg=44ms | Tasks: 3 | RSS: 0.0MB | CycleAvg: 0.94s
2026-02-27 11:58:52,524 [INFO] [u_station_ab_night_autotune_v2] __main__: WATCHLIST merged count=4
2026-02-27 11:58:52,526 [INFO] [u_station_ab_night_autotune_v2] trading.v2_runtime: V2_UNIVERSE in=4 dedup=4 out=4 target=4 novel_target=4 novel_out=0 repeat_dropped=0 symbol_dropped=0 surge_in=0 surge_target=0 surge_out=0
2026-02-27 11:58:52,526 [INFO] [u_station_ab_night_autotune_v2] __main__: FILTER_PASS token=cbBTC tier=A score=100 mode=GREEN risk=MEDIUM liq=19440440 vol5m=23887
2026-02-27 11:58:52,526 [INFO] [u_station_ab_night_autotune_v2] __main__: FILTER_PASS token=JUNO tier=A score=95 mode=GREEN risk=MEDIUM liq=591601 vol5m=5834
2026-02-27 11:58:52,528 [INFO] [u_station_ab_night_autotune_v2] __main__: FILTER_PASS token=VIRTUAL tier=A score=75 mode=GREEN risk=MEDIUM liq=7487717 vol5m=1109
2026-02-27 11:58:52,529 [INFO] [u_station_ab_night_autotune_v2] __main__: FILTER_FAIL token=AERO reason=safe_volume vol5m=0 min=5 regime=GREEN
2026-02-27 11:58:52,530 [INFO] [u_station_ab_night_autotune_v2] __main__: V2_QUALITY_GATE enabled=True regime=GREEN in=3 out=3 core_out=1 explore_out=2 probe_out=0 quota=2 max_symbol_share=0.333 drop={} sources_used={'watchlist': 3}
2026-02-27 11:58:52,530 [INFO] [u_station_ab_night_autotune_v2] __main__: V2_ENTRY_ROUTE enabled=True regime=GREEN in=3 out=2 core_out=1 explore_out=1 quota=1 allow_explore=True
2026-02-27 11:58:52,530 [INFO] [u_station_ab_night_autotune_v2] __main__: MARKET_REGIME mode=GREEN reason=avg_cand=3.00 avg_cand_recent=3.00
2026-02-27 11:58:52,532 [INFO] [u_station_ab_night_autotune_v2] trading.auto_trader: AutoTrade adjust token=cbBTC reason=min_trade_floor size=$0.09->$0.10 min=$0.10
2026-02-27 11:58:52,533 [INFO] [u_station_ab_night_autotune_v2] trading.auto_trader: AutoTrade skip token=cbBTC reason=ev_net_low expected_net=$-0.00451 min=$-0.00231 samples=31 conf=1.00 pwin=0.39 avg_win=$0.0067 avg_loss=$0.0094 kelly=0.000 mem=sparse trades=0<18
2026-02-27 11:58:52,534 [INFO] [u_station_ab_night_autotune_v2] trading.auto_trader: AutoTrade skip token=JUNO reason=cooldown_left_447s
2026-02-27 11:58:52,534 [INFO] [u_station_ab_night_autotune_v2] trading.auto_trader: AutoTrade batch mode=top_n candidates=2 eligible=2 selected=2 opened=0 pe=off burst_window=0
2026-02-27 11:58:52,535 [INFO] [u_station_ab_night_autotune_v2] __main__: Scanned 4 tokens | High quality: 4 | Alerts sent: 0 | Trade candidates: 3 | Quality out/core/explore/probe: 3/1/2/0 | Opened: 0 | Mode: local | Source: onchain+market | Policy: raw=OK/effective=OK(healthy | route=allow_all) | Regime: GREEN(avg_cand=3.00) | Safety: checked=3 fail_closed=0 reasons=api_code_4029:3 | FiltersTop(session): safe_volume:21,safe_change_5m:4,safe_age:3,score_min:2 | Dedup: heavy_skip=0 override=0 | V2Budget: 3/280 | SourceQoS: enabled=1/in=4/out=4/dropped=0/active_cd=0/drops=none | Ingest: q=0/oldest=0.0s/drop_old=0/dedup_skip=0/enq=0/drain=0 | Sources: dex_boosts:ok=1/fail=0/429=0/lim_wait=0/cd_wait=0/err=0.0%/avg=36ms; dexscreener:ok=10/fail=0/429=0/lim_wait=10/cd_wait=0/err=0.0%/avg=40ms | Tasks: 3 | RSS: 0.0MB | CycleAvg: 0.92s
2026-02-27 11:58:57,194 [INFO] [u_station_ab_night_autotune_v2] __main__: WATCHLIST merged count=4
2026-02-27 11:58:57,195 [INFO] [u_station_ab_night_autotune_v2] trading.v2_runtime: V2_UNIVERSE in=4 dedup=4 out=4 target=4 novel_target=4 novel_out=0 repeat_dropped=0 symbol_dropped=0 surge_in=0 surge_target=0 surge_out=0
2026-02-27 11:58:57,196 [INFO] [u_station_ab_night_autotune_v2] __main__: FILTER_PASS token=cbBTC tier=A score=100 mode=GREEN risk=MEDIUM liq=19440440 vol5m=23887
2026-02-27 11:58:57,197 [INFO] [u_station_ab_night_autotune_v2] __main__: FILTER_PASS token=JUNO tier=A score=95 mode=GREEN risk=MEDIUM liq=591601 vol5m=5834
2026-02-27 11:58:57,198 [INFO] [u_station_ab_night_autotune_v2] __main__: FILTER_PASS token=VIRTUAL tier=A score=75 mode=GREEN risk=MEDIUM liq=7487717 vol5m=1109
2026-02-27 11:58:57,200 [INFO] [u_station_ab_night_autotune_v2] __main__: FILTER_FAIL token=AERO reason=safe_volume vol5m=0 min=5 regime=GREEN
2026-02-27 11:58:57,201 [INFO] [u_station_ab_night_autotune_v2] __main__: V2_QUALITY_GATE enabled=True regime=GREEN in=3 out=3 core_out=1 explore_out=2 probe_out=0 quota=2 max_symbol_share=0.333 drop={} sources_used={'watchlist': 3}
2026-02-27 11:58:57,201 [INFO] [u_station_ab_night_autotune_v2] __main__: V2_ENTRY_ROUTE enabled=True regime=GREEN in=3 out=2 core_out=1 explore_out=1 quota=1 allow_explore=True
2026-02-27 11:58:57,202 [INFO] [u_station_ab_night_autotune_v2] __main__: MARKET_REGIME mode=GREEN reason=avg_cand=3.00 avg_cand_recent=3.00
2026-02-27 11:58:57,204 [INFO] [u_station_ab_night_autotune_v2] trading.auto_trader: AutoTrade adjust token=cbBTC reason=min_trade_floor size=$0.09->$0.10 min=$0.10
2026-02-27 11:58:57,206 [INFO] [u_station_ab_night_autotune_v2] trading.auto_trader: AutoTrade skip token=cbBTC reason=ev_net_low expected_net=$-0.00451 min=$-0.00231 samples=31 conf=1.00 pwin=0.39 avg_win=$0.0067 avg_loss=$0.0094 kelly=0.000 mem=sparse trades=0<18
2026-02-27 11:58:57,207 [INFO] [u_station_ab_night_autotune_v2] trading.auto_trader: AutoTrade skip token=JUNO reason=cooldown_left_443s
2026-02-27 11:58:57,208 [INFO] [u_station_ab_night_autotune_v2] trading.auto_trader: AutoTrade batch mode=top_n candidates=2 eligible=2 selected=2 opened=0 pe=off burst_window=0
2026-02-27 11:58:57,209 [INFO] [u_station_ab_night_autotune_v2] __main__: Scanned 4 tokens | High quality: 4 | Alerts sent: 0 | Trade candidates: 3 | Quality out/core/explore/probe: 3/1/2/0 | Opened: 0 | Mode: local | Source: onchain+market | Policy: raw=OK/effective=OK(healthy | route=allow_all) | Regime: GREEN(avg_cand=3.00) | Safety: checked=3 fail_closed=0 reasons=api_code_4029:3 | FiltersTop(session): safe_volume:22,safe_change_5m:4,safe_age:3,score_min:2 | Dedup: heavy_skip=0 override=0 | V2Budget: 3/280 | SourceQoS: enabled=1/in=4/out=4/dropped=0/active_cd=0/drops=none | Ingest: q=0/oldest=0.0s/drop_old=0/dedup_skip=0/enq=0/drain=0 | Sources: dex_boosts:ok=1/fail=0/429=0/lim_wait=0/cd_wait=0/err=0.0%/avg=46ms; dexscreener:ok=10/fail=0/429=0/lim_wait=10/cd_wait=0/err=0.0%/avg=193ms | Tasks: 3 | RSS: 0.0MB | CycleAvg: 0.89s
2026-02-27 11:59:01,630 [INFO] [u_station_ab_night_autotune_v2] __main__: WATCHLIST merged count=4
2026-02-27 11:59:01,630 [INFO] [u_station_ab_night_autotune_v2] trading.v2_runtime: V2_UNIVERSE in=4 dedup=4 out=4 target=4 novel_target=4 novel_out=0 repeat_dropped=0 symbol_dropped=0 surge_in=0 surge_target=0 surge_out=0
2026-02-27 11:59:01,632 [INFO] [u_station_ab_night_autotune_v2] __main__: FILTER_PASS token=cbBTC tier=A score=100 mode=GREEN risk=MEDIUM liq=19440440 vol5m=23887
2026-02-27 11:59:01,634 [INFO] [u_station_ab_night_autotune_v2] __main__: FILTER_PASS token=JUNO tier=A score=95 mode=GREEN risk=MEDIUM liq=591601 vol5m=5834
2026-02-27 11:59:01,635 [INFO] [u_station_ab_night_autotune_v2] __main__: FILTER_PASS token=VIRTUAL tier=A score=75 mode=GREEN risk=MEDIUM liq=7487717 vol5m=1109
2026-02-27 11:59:01,636 [INFO] [u_station_ab_night_autotune_v2] __main__: FILTER_FAIL token=AERO reason=safe_volume vol5m=0 min=5 regime=GREEN
2026-02-27 11:59:01,638 [INFO] [u_station_ab_night_autotune_v2] __main__: V2_QUALITY_GATE enabled=True regime=GREEN in=3 out=3 core_out=1 explore_out=2 probe_out=0 quota=2 max_symbol_share=0.333 drop={} sources_used={'watchlist': 3}
2026-02-27 11:59:01,639 [INFO] [u_station_ab_night_autotune_v2] __main__: V2_ENTRY_ROUTE enabled=True regime=GREEN in=3 out=2 core_out=1 explore_out=1 quota=1 allow_explore=True
2026-02-27 11:59:01,639 [INFO] [u_station_ab_night_autotune_v2] __main__: MARKET_REGIME mode=GREEN reason=avg_cand=3.00 avg_cand_recent=3.00
2026-02-27 11:59:01,641 [INFO] [u_station_ab_night_autotune_v2] trading.auto_trader: AutoTrade adjust token=cbBTC reason=min_trade_floor size=$0.09->$0.10 min=$0.10
2026-02-27 11:59:01,642 [INFO] [u_station_ab_night_autotune_v2] trading.auto_trader: AutoTrade skip token=cbBTC reason=ev_net_low expected_net=$-0.00451 min=$-0.00231 samples=31 conf=1.00 pwin=0.39 avg_win=$0.0067 avg_loss=$0.0094 kelly=0.000 mem=sparse trades=0<18
2026-02-27 11:59:01,643 [INFO] [u_station_ab_night_autotune_v2] trading.auto_trader: AutoTrade skip token=JUNO reason=cooldown_left_438s
2026-02-27 11:59:01,643 [INFO] [u_station_ab_night_autotune_v2] trading.auto_trader: AutoTrade batch mode=top_n candidates=2 eligible=2 selected=2 opened=0 pe=off burst_window=0
2026-02-27 11:59:01,644 [INFO] [u_station_ab_night_autotune_v2] __main__: Scanned 4 tokens | High quality: 4 | Alerts sent: 0 | Trade candidates: 3 | Quality out/core/explore/probe: 3/1/2/0 | Opened: 0 | Mode: local | Source: onchain+market | Policy: raw=OK/effective=OK(healthy | route=allow_all) | Regime: GREEN(avg_cand=3.00) | Safety: checked=3 fail_closed=0 reasons=api_code_4029:3 | FiltersTop(session): safe_volume:23,safe_change_5m:4,safe_age:3,score_min:2 | Dedup: heavy_skip=0 override=0 | V2Budget: 3/280 | SourceQoS: enabled=1/in=4/out=4/dropped=0/active_cd=0/drops=none | Ingest: q=0/oldest=0.0s/drop_old=0/dedup_skip=0/enq=0/drain=0 | Sources: dex_boosts:ok=1/fail=0/429=0/lim_wait=0/cd_wait=0/err=0.0%/avg=34ms; dexscreener:ok=10/fail=0/429=0/lim_wait=17/cd_wait=0/err=0.0%/avg=46ms | Tasks: 3 | RSS: 0.0MB | CycleAvg: 0.88s
2026-02-27 11:59:06,035 [INFO] [u_station_ab_night_autotune_v2] __main__: WATCHLIST merged count=4
2026-02-27 11:59:06,036 [INFO] [u_station_ab_night_autotune_v2] trading.v2_runtime: V2_UNIVERSE in=4 dedup=4 out=4 target=4 novel_target=4 novel_out=0 repeat_dropped=0 symbol_dropped=0 surge_in=0 surge_target=0 surge_out=0
2026-02-27 11:59:06,036 [INFO] [u_station_ab_night_autotune_v2] __main__: FILTER_PASS token=cbBTC tier=A score=100 mode=GREEN risk=MEDIUM liq=19440440 vol5m=23887
2026-02-27 11:59:06,039 [INFO] [u_station_ab_night_autotune_v2] __main__: FILTER_PASS token=JUNO tier=A score=95 mode=GREEN risk=MEDIUM liq=591601 vol5m=5834
2026-02-27 11:59:06,040 [INFO] [u_station_ab_night_autotune_v2] __main__: FILTER_PASS token=VIRTUAL tier=A score=75 mode=GREEN risk=MEDIUM liq=7487717 vol5m=1109
2026-02-27 11:59:06,042 [INFO] [u_station_ab_night_autotune_v2] __main__: FILTER_FAIL token=AERO reason=safe_volume vol5m=0 min=5 regime=GREEN
2026-02-27 11:59:06,043 [INFO] [u_station_ab_night_autotune_v2] __main__: V2_QUALITY_GATE enabled=True regime=GREEN in=3 out=3 core_out=1 explore_out=2 probe_out=0 quota=2 max_symbol_share=0.333 drop={} sources_used={'watchlist': 3}
2026-02-27 11:59:06,043 [INFO] [u_station_ab_night_autotune_v2] __main__: V2_ENTRY_ROUTE enabled=True regime=GREEN in=3 out=2 core_out=1 explore_out=1 quota=1 allow_explore=True
2026-02-27 11:59:06,044 [INFO] [u_station_ab_night_autotune_v2] __main__: MARKET_REGIME mode=GREEN reason=avg_cand=3.00 avg_cand_recent=3.00
2026-02-27 11:59:06,046 [INFO] [u_station_ab_night_autotune_v2] trading.auto_trader: AutoTrade adjust token=cbBTC reason=min_trade_floor size=$0.09->$0.10 min=$0.10
2026-02-27 11:59:06,047 [INFO] [u_station_ab_night_autotune_v2] trading.auto_trader: AutoTrade skip token=cbBTC reason=ev_net_low expected_net=$-0.00451 min=$-0.00231 samples=31 conf=1.00 pwin=0.39 avg_win=$0.0067 avg_loss=$0.0094 kelly=0.000 mem=sparse trades=0<18
2026-02-27 11:59:06,048 [INFO] [u_station_ab_night_autotune_v2] trading.auto_trader: AutoTrade skip token=JUNO reason=cooldown_left_434s
2026-02-27 11:59:06,048 [INFO] [u_station_ab_night_autotune_v2] trading.auto_trader: AutoTrade batch mode=top_n candidates=2 eligible=2 selected=2 opened=0 pe=off burst_window=0
2026-02-27 11:59:06,049 [INFO] [u_station_ab_night_autotune_v2] __main__: Scanned 4 tokens | High quality: 4 | Alerts sent: 0 | Trade candidates: 3 | Quality out/core/explore/probe: 3/1/2/0 | Opened: 0 | Mode: local | Source: onchain+market | Policy: raw=OK/effective=OK(healthy | route=allow_all) | Regime: GREEN(avg_cand=3.00) | Safety: checked=3 fail_closed=0 reasons=api_code_4029:3 | FiltersTop(session): safe_volume:24,safe_change_5m:4,safe_age:3,score_min:2 | Dedup: heavy_skip=0 override=0 | V2Budget: 3/280 | SourceQoS: enabled=1/in=4/out=4/dropped=0/active_cd=0/drops=none | Ingest: q=0/oldest=0.0s/drop_old=0/dedup_skip=0/enq=0/drain=0 | Sources: dex_boosts:ok=1/fail=0/429=0/lim_wait=0/cd_wait=0/err=0.0%/avg=41ms; dexscreener:ok=10/fail=0/429=0/lim_wait=10/cd_wait=0/err=0.0%/avg=46ms | Tasks: 3 | RSS: 0.0MB | CycleAvg: 0.86s
2026-02-27 11:59:10,481 [INFO] [u_station_ab_night_autotune_v2] __main__: WATCHLIST merged count=4
2026-02-27 11:59:10,482 [INFO] [u_station_ab_night_autotune_v2] trading.v2_runtime: V2_UNIVERSE in=4 dedup=4 out=4 target=4 novel_target=4 novel_out=0 repeat_dropped=0 symbol_dropped=0 surge_in=0 surge_target=0 surge_out=0
2026-02-27 11:59:10,482 [INFO] [u_station_ab_night_autotune_v2] __main__: FILTER_PASS token=cbBTC tier=A score=100 mode=GREEN risk=MEDIUM liq=19440440 vol5m=23887
2026-02-27 11:59:10,484 [INFO] [u_station_ab_night_autotune_v2] __main__: FILTER_PASS token=JUNO tier=A score=95 mode=GREEN risk=MEDIUM liq=591601 vol5m=5834
2026-02-27 11:59:10,485 [INFO] [u_station_ab_night_autotune_v2] __main__: FILTER_PASS token=VIRTUAL tier=A score=75 mode=GREEN risk=MEDIUM liq=7487717 vol5m=1109
2026-02-27 11:59:10,486 [INFO] [u_station_ab_night_autotune_v2] __main__: FILTER_FAIL token=AERO reason=safe_volume vol5m=0 min=5 regime=GREEN
2026-02-27 11:59:10,487 [INFO] [u_station_ab_night_autotune_v2] __main__: V2_QUALITY_GATE enabled=True regime=GREEN in=3 out=3 core_out=1 explore_out=2 probe_out=0 quota=2 max_symbol_share=0.333 drop={} sources_used={'watchlist': 3}
2026-02-27 11:59:10,488 [INFO] [u_station_ab_night_autotune_v2] __main__: V2_ENTRY_ROUTE enabled=True regime=GREEN in=3 out=2 core_out=1 explore_out=1 quota=1 allow_explore=True
2026-02-27 11:59:10,488 [INFO] [u_station_ab_night_autotune_v2] __main__: MARKET_REGIME mode=GREEN reason=avg_cand=3.00 avg_cand_recent=3.00
2026-02-27 11:59:10,489 [INFO] [u_station_ab_night_autotune_v2] trading.auto_trader: AutoTrade adjust token=cbBTC reason=min_trade_floor size=$0.09->$0.10 min=$0.10
2026-02-27 11:59:10,490 [INFO] [u_station_ab_night_autotune_v2] trading.auto_trader: AutoTrade skip token=cbBTC reason=ev_net_low expected_net=$-0.00451 min=$-0.00231 samples=31 conf=1.00 pwin=0.39 avg_win=$0.0067 avg_loss=$0.0094 kelly=0.000 mem=sparse trades=0<18
2026-02-27 11:59:10,492 [INFO] [u_station_ab_night_autotune_v2] trading.auto_trader: AutoTrade skip token=JUNO reason=cooldown_left_430s
2026-02-27 11:59:10,493 [INFO] [u_station_ab_night_autotune_v2] trading.auto_trader: AutoTrade batch mode=top_n candidates=2 eligible=2 selected=2 opened=0 pe=off burst_window=0
2026-02-27 11:59:10,494 [INFO] [u_station_ab_night_autotune_v2] __main__: Scanned 4 tokens | High quality: 4 | Alerts sent: 0 | Trade candidates: 3 | Quality out/core/explore/probe: 3/1/2/0 | Opened: 0 | Mode: local | Source: onchain+market | Policy: raw=OK/effective=OK(healthy | route=allow_all) | Regime: GREEN(avg_cand=3.00) | Safety: checked=3 fail_closed=0 reasons=api_code_4029:3 | FiltersTop(session): safe_volume:25,safe_change_5m:4,safe_age:3,score_min:2 | Dedup: heavy_skip=0 override=0 | V2Budget: 3/280 | SourceQoS: enabled=1/in=4/out=4/dropped=0/active_cd=0/drops=none | Ingest: q=0/oldest=0.0s/drop_old=0/dedup_skip=0/enq=0/drain=0 | Sources: dex_boosts:ok=1/fail=0/429=0/lim_wait=0/cd_wait=0/err=0.0%/avg=40ms; dexscreener:ok=10/fail=0/429=0/lim_wait=10/cd_wait=0/err=0.0%/avg=47ms | Tasks: 3 | RSS: 0.0MB | CycleAvg: 0.84s
