2026-02-27 08:41:23,185 [INFO] [u_station_ab_night_autotune_v2] __main__: SESSION_LOG file=logs/matrix/u_station_ab_night_autotune_v2\sessions\main_local_20260227_074123_pid11284.log
2026-02-27 08:41:23,204 [INFO] [u_station_ab_night_autotune_v2] trading.auto_trader_state: AutoTrade state loaded open=1 closed=80 balance=$6.82
2026-02-27 08:41:23,204 [WARNING] [u_station_ab_night_autotune_v2] trading.auto_trader: DATA_POLICY mode=OK reason=init_reset_manual prev_mode=OK prev_reason=healthy | route=allow_all
2026-02-27 08:41:23,204 [INFO] [u_station_ab_night_autotune_v2] __main__: AUTOTRADER_INIT state=ready reason=manual mode=paper
2026-02-27 08:41:23,204 [INFO] [u_station_ab_night_autotune_v2] __main__: Local mode started (Telegram disabled).
2026-02-27 08:41:23,573 [INFO] [u_station_ab_night_autotune_v2] monitor.onchain_factory: PAIR_DETECTED source=uniswap_v2 dex=uniswap_v2 pair=0x6a4b69eec33110994f17007965c43918c0f62f30 token0=0x4200000000000000000000000000000000000006 token1=0xcbcce1fbcc2b341552fe783d7041cb1c2e32cb07 block=42694289 factory=0x8909dc15e40173ff4699343b6eb8132c65e18ec6
2026-02-27 08:41:23,573 [INFO] [u_station_ab_night_autotune_v2] monitor.onchain_factory: PAIR_DETECTED source=uniswap_v2 dex=uniswap_v2 pair=0x03f492938bf8cea532b458cea471db6da52eab53 token0=0x4200000000000000000000000000000000000006 token1=0xf771f71b28ba02fb3364dfc865bfb6cc19dfeb07 block=42694295 factory=0x8909dc15e40173ff4699343b6eb8132c65e18ec6
2026-02-27 08:41:23,573 [INFO] [u_station_ab_night_autotune_v2] monitor.onchain_factory: PAIR_DETECTED source=uniswap_v2 dex=uniswap_v2 pair=0x83723cdd4b01b875e0747240da3f70e0175ee777 token0=0x25e3c738f01793a4709a04133a156c5c5165ab07 token1=0x4200000000000000000000000000000000000006 block=42694301 factory=0x8909dc15e40173ff4699343b6eb8132c65e18ec6
2026-02-27 08:41:23,573 [INFO] [u_station_ab_night_autotune_v2] monitor.onchain_factory: PAIR_DETECTED source=uniswap_v2 dex=uniswap_v2 pair=0x7b482312ef061df356af18010fac8076dff62953 token0=0x4200000000000000000000000000000000000006 token1=0xd0a5e927d67e6293a9ddc2a175315cb004c56ba3 block=42694304 factory=0x8909dc15e40173ff4699343b6eb8132c65e18ec6
2026-02-27 08:41:23,573 [INFO] [u_station_ab_night_autotune_v2] monitor.onchain_factory: PAIR_DETECTED source=uniswap_v2 dex=uniswap_v2 pair=0xe4d4032d5c08d4b91b302b9e6c36fc606cb8c99a token0=0x3b406a76fa3ea1d238bbfbad85039a6b423d963c token1=0x4200000000000000000000000000000000000006 block=42694317 factory=0x8909dc15e40173ff4699343b6eb8132c65e18ec6
2026-02-27 08:41:23,573 [INFO] [u_station_ab_night_autotune_v2] monitor.onchain_factory: PAIR_DETECTED source=uniswap_v2 dex=uniswap_v2 pair=0xb65b5903f1b1ed53c95c832c4b74b11f2d02cad0 token0=0x4200000000000000000000000000000000000006 token1=0x714accb0facceb8825388a95221e5f791958db1d block=42694320 factory=0x8909dc15e40173ff4699343b6eb8132c65e18ec6
2026-02-27 08:41:23,573 [INFO] [u_station_ab_night_autotune_v2] monitor.onchain_factory: PAIR_DETECTED source=uniswap_v2 dex=uniswap_v2 pair=0xf66f900150703ee7d8953a454a0347d347e490d2 token0=0x4200000000000000000000000000000000000006 token1=0x7fcbb9b8be71ae09f2579e7319ed47f8d4aafeeb block=42694348 factory=0x8909dc15e40173ff4699343b6eb8132c65e18ec6
2026-02-27 08:41:23,774 [INFO] [u_station_ab_night_autotune_v2] monitor.onchain_factory: PAIR_DETECTED source=uniswap_v3 dex=uniswap_v3 pair=0x7856c7338bf453df4f9e3629bfaf73f7b5e4db33 token0=0x18d4a46483cf9631cc13271b6bb0c33ed2315515 token1=0x4200000000000000000000000000000000000006 block=42694325 factory=0x33128a8fc17869897dce68ed026d694621f6fdfd
2026-02-27 08:41:25,354 [INFO] [u_station_ab_night_autotune_v2] __main__: WATCHLIST merged count=5
2026-02-27 08:41:25,354 [INFO] [u_station_ab_night_autotune_v2] trading.v2_runtime: V2_UNIVERSE in=19 dedup=19 out=19 target=19 novel_target=17 novel_out=19 repeat_dropped=0 symbol_dropped=0 surge_in=7 surge_target=5 surge_out=7
2026-02-27 08:41:25,354 [INFO] [u_station_ab_night_autotune_v2] __main__: V2_SOURCE_QOS_FILTER in=19 out=15 drops={'source_qos_symbol_cap': 1, 'source_qos_cap': 3} caps={'watchlist': 2, 'geckoterminal': 287, 'unknown': 0}
2026-02-27 08:41:25,354 [INFO] [u_station_ab_night_autotune_v2] __main__: FILTER_FAIL token=SYNT reason=source_qos_symbol_cap symbol=SYNT used=1/1
2026-02-27 08:41:25,354 [INFO] [u_station_ab_night_autotune_v2] __main__: FILTER_FAIL token=EDEL reason=source_qos_cap source=watchlist used=2/2
2026-02-27 08:41:25,354 [INFO] [u_station_ab_night_autotune_v2] __main__: FILTER_FAIL token=VIRTUAL reason=source_qos_cap source=watchlist used=2/2
2026-02-27 08:41:25,369 [INFO] [u_station_ab_night_autotune_v2] __main__: FILTER_FAIL token=AERO reason=source_qos_cap source=watchlist used=2/2
2026-02-27 08:41:25,369 [INFO] [u_station_ab_night_autotune_v2] __main__: FILTER_FAIL token=ONYX reason=safe_change_5m
2026-02-27 08:41:25,369 [INFO] [u_station_ab_night_autotune_v2] __main__: FILTER_FAIL token=JAKCAT reason=safe_change_5m
2026-02-27 08:41:25,369 [INFO] [u_station_ab_night_autotune_v2] __main__: FILTER_FAIL token=JellyWif reason=safe_age
2026-02-27 08:41:25,369 [INFO] [u_station_ab_night_autotune_v2] __main__: FILTER_PASS token=cbBTC tier=A score=100 mode=YELLOW risk=MEDIUM liq=20652322 vol5m=231209
2026-02-27 08:41:25,369 [INFO] [u_station_ab_night_autotune_v2] __main__: FILTER_FAIL token=NotDivided reason=safe_age
2026-02-27 08:41:25,369 [INFO] [u_station_ab_night_autotune_v2] __main__: FILTER_FAIL token=KellyClaud reason=safe_age
2026-02-27 08:41:25,369 [INFO] [u_station_ab_night_autotune_v2] __main__: FILTER_FAIL token=SHGP reason=score_min score=40 strict_min=48 soft_min=48 mode=YELLOW
2026-02-27 08:41:25,369 [INFO] [u_station_ab_night_autotune_v2] __main__: FILTER_FAIL token=CHARLES reason=safe_age
2026-02-27 08:41:25,369 [INFO] [u_station_ab_night_autotune_v2] __main__: FILTER_PASS token=ADOT tier=A score=60 mode=YELLOW risk=MEDIUM liq=149587 vol5m=1183
2026-02-27 08:41:25,369 [INFO] [u_station_ab_night_autotune_v2] monitor.local_alerter: Local alert token=ADOT address=0x9a14d0805ae8263f07ab1edb0f9642f75f1a5ddf score=60 reco=HOLD risk=MEDIUM warnings=0 liq=149587 vol5m=1183
2026-02-27 08:41:25,369 [INFO] [u_station_ab_night_autotune_v2] __main__: FILTER_FAIL token=SYNT reason=score_min score=30 strict_min=48 soft_min=48 mode=YELLOW
2026-02-27 08:41:25,369 [INFO] [u_station_ab_night_autotune_v2] __main__: FILTER_PASS token=VVV tier=A score=100 mode=YELLOW risk=MEDIUM liq=2763229 vol5m=83983
2026-02-27 08:41:25,369 [INFO] [u_station_ab_night_autotune_v2] __main__: FILTER_FAIL token=Launchpad reason=score_min score=20 strict_min=48 soft_min=48 mode=YELLOW
2026-02-27 08:41:25,369 [INFO] [u_station_ab_night_autotune_v2] __main__: FILTER_FAIL token=CLAWCLIPER reason=safe_volume vol5m=3 min=6 regime=YELLOW
2026-02-27 08:41:25,369 [INFO] [u_station_ab_night_autotune_v2] __main__: FILTER_FAIL token=POKEPULL reason=safe_volume vol5m=0 min=6 regime=YELLOW
2026-02-27 08:41:25,369 [INFO] [u_station_ab_night_autotune_v2] __main__: FILTER_FAIL token=GIG reason=safe_volume vol5m=0 min=6 regime=YELLOW
2026-02-27 08:41:25,385 [INFO] [u_station_ab_night_autotune_v2] trading.v2_runtime: V2_QUALITY_ROTATE symbols_core=0 symbols_cooldown=0 sources=2 top_core=- top_cooldown=-
2026-02-27 08:41:25,385 [INFO] [u_station_ab_night_autotune_v2] __main__: V2_QUALITY_GATE enabled=True regime=YELLOW in=3 out=3 core_out=1 explore_out=2 probe_out=0 quota=2 max_symbol_share=0.333 drop={} sources_used={'watchlist': 2, 'geckoterminal': 1}
2026-02-27 08:41:25,385 [INFO] [u_station_ab_night_autotune_v2] __main__: V2_ENTRY_ROUTE enabled=True regime=YELLOW in=3 out=2 core_out=1 explore_out=1 quota=1 allow_explore=True
2026-02-27 08:41:25,385 [WARNING] [u_station_ab_night_autotune_v2] trading.auto_trader: DATA_POLICY mode=OK reason=healthy | route=allow_all prev_mode=OK prev_reason=init_reset_manual
2026-02-27 08:41:25,385 [INFO] [u_station_ab_night_autotune_v2] __main__: MARKET_REGIME mode=YELLOW reason=hysteresis_recover_wait 1/4 raw=GREEN avg_cand_recent=3.00
2026-02-27 08:41:25,406 [INFO] [u_station_ab_night_autotune_v2] trading.auto_trader: AUTO_DECISION token=cbBTC mode=YELLOW tier=A channel=core score=100 src=watchlist liq=20652322 vol5m=231209 chg5m=-0.10% edge=0.83% raw=0.77% regime_mult=1.08 edge_usd=$0.004 size=$0.45 mult=1.35(score=1.15 liq=1.15 vol=1.10 volat=1.05) reinvest=1.05(growth_steps=0 drawdown=5.02% loss_streak=0 edge=5.52%) size_mode=0.80 hold_mode=1.06 exec_lane=runner exec_mult(size=1.10 hold=1.32 edge=0.94) edge_gate_mult(usd=1.00,pct=1.00) quality(edge=0.99,size=1.03 detail=src_mult=1.00 ev=-0.00030 edge(src_relax=0.000 src_tight=0.000 ev_adj=0.005) size(src_relax=0.000 src_cut=0.000 ev_adj=-0.007)) costs=8.83% gas=$0.028 ev_net=$0.00256 ev_samples=112 conf=1.00 pwin=0.59 avg_win=$0.0101 avg_loss=$0.0081 kelly=1.15(k=0.260) token_ev=sparse trades=2<18 cluster=s3|l3|v3|m0|r1 cluster_route=sparse samples=9<10 breakdown={'liquidity_score': 30, 'volume_score': 30, 'risk_score': 15, 'age_score': 15, 'safety_score': 15}
2026-02-27 08:41:25,579 [INFO] [u_station_ab_night_autotune_v2] trading.auto_trader: AUTO_BUY Paper BUY token=cbBTC address=0xcbb7c0000ab88b473b1f5afd9ef808440eed33bf mode=YELLOW tier=A channel=core lane=runner entry=$67522.27000000 size=$0.45 score=100 edge=0.83% edge_usd=$0.004 mult=1.35(score=1.15 liq=1.15 vol=1.10 volat=1.05) hold=134s costs=2.70% gas=$0.03
2026-02-27 08:41:25,631 [INFO] [u_station_ab_night_autotune_v2] trading.auto_trader: AutoTrade skip token=VVV reason=edge_low mode=both edge=-19.49% raw=-18.05% mult=1.08 min=0.05% probe_min=0.05% edge_usd=$-0.022 min_usd=$0.000 probe_min_usd=$0.000 size=$0.11 gross=9.60% costs=27.65% pwin=0.85 probe=- budget=0/1
2026-02-27 08:41:25,631 [INFO] [u_station_ab_night_autotune_v2] trading.auto_trader: AutoTrade batch mode=top_n candidates=2 eligible=2 selected=2 opened=1 pe=off burst_window=1
2026-02-27 08:41:25,754 [INFO] [u_station_ab_night_autotune_v2] __main__: FILTER_THRESHOLDS safe_volume_5m_min=$5 safe_liquidity_min=$8000 safe_age_min=240s score_min=48 edge_min=0.05% lock_floor=0.95 no_momentum_max_pnl=0.25 weakness_pnl=-2.60
2026-02-27 08:41:25,769 [INFO] [u_station_ab_night_autotune_v2] __main__: Scanned 19 tokens | High quality: 6 | Alerts sent: 1 | Trade candidates: 3 | Quality out/core/explore/probe: 3/1/2/0 | Opened: 1 | Mode: local | Source: onchain+market | Policy: raw=OK/effective=OK(healthy | route=allow_all) | Regime: YELLOW(hysteresis_recover_wait 1/4 raw=GREEN) | Safety: checked=3 fail_closed=0 reasons=api_code_4029:3 | FiltersTop(session): safe_age:4,source_qos_cap:3,score_min:3,safe_volume:3 | Dedup: heavy_skip=0 override=0 | V2Budget: 3/280 | SourceQoS: enabled=1/in=19/out=15/dropped=4/active_cd=0/drops=source_qos_cap:3,source_qos_symbol_cap:1 | Ingest: q=0/oldest=0.0s/drop_old=0/dedup_skip=0/enq=11/drain=11 | Sources: dex_boosts:ok=1/fail=0/429=0/lim_wait=0/cd_wait=0/err=0.0%/avg=147ms; dexscreener:ok=11/fail=0/429=0/lim_wait=0/cd_wait=0/err=0.0%/avg=258ms; geckoterminal:ok=2/fail=0/429=0/lim_wait=0/cd_wait=0/err=0.0%/avg=110ms; onchain_enrich:ok=8/fail=0/429=0/lim_wait=0/cd_wait=0/err=0.0%/avg=146ms; watchlist_dex:ok=10/fail=0/429=0/lim_wait=0/cd_wait=0/err=0.0%/avg=82ms; watchlist_gecko:ok=6/fail=0/429=0/lim_wait=0/cd_wait=0/err=0.0%/avg=509ms | Tasks: 3 | RSS: 0.0MB | CycleAvg: 0.00s
2026-02-27 08:41:30,191 [INFO] [u_station_ab_night_autotune_v2] __main__: WATCHLIST merged count=5
2026-02-27 08:41:30,191 [INFO] [u_station_ab_night_autotune_v2] trading.v2_runtime: V2_UNIVERSE in=5 dedup=5 out=5 target=5 novel_target=5 novel_out=0 repeat_dropped=0 symbol_dropped=0 surge_in=0 surge_target=0 surge_out=0
2026-02-27 08:41:30,191 [INFO] [u_station_ab_night_autotune_v2] __main__: V2_SOURCE_QOS_FILTER in=5 out=3 drops={'source_qos_cap': 2} caps={'watchlist': 3}
2026-02-27 08:41:30,191 [INFO] [u_station_ab_night_autotune_v2] __main__: FILTER_FAIL token=VIRTUAL reason=source_qos_cap source=watchlist used=3/3
2026-02-27 08:41:30,191 [INFO] [u_station_ab_night_autotune_v2] __main__: FILTER_FAIL token=AERO reason=source_qos_cap source=watchlist used=3/3
2026-02-27 08:41:30,191 [INFO] [u_station_ab_night_autotune_v2] __main__: FILTER_PASS token=cbBTC tier=A score=100 mode=YELLOW risk=MEDIUM liq=20652322 vol5m=231209
2026-02-27 08:41:30,191 [INFO] [u_station_ab_night_autotune_v2] __main__: FILTER_PASS token=VVV tier=A score=100 mode=YELLOW risk=MEDIUM liq=2763229 vol5m=83983
2026-02-27 08:41:30,191 [INFO] [u_station_ab_night_autotune_v2] __main__: FILTER_PASS token=EDEL tier=A score=95 mode=YELLOW risk=MEDIUM liq=1009746 vol5m=5116
2026-02-27 08:41:30,191 [INFO] [u_station_ab_night_autotune_v2] __main__: V2_QUALITY_GATE enabled=True regime=YELLOW in=3 out=3 core_out=1 explore_out=2 probe_out=0 quota=2 max_symbol_share=0.333 drop={} sources_used={'watchlist': 3}
2026-02-27 08:41:30,191 [INFO] [u_station_ab_night_autotune_v2] __main__: V2_ENTRY_ROUTE enabled=True regime=YELLOW in=3 out=2 core_out=1 explore_out=1 quota=1 allow_explore=True
2026-02-27 08:41:30,191 [INFO] [u_station_ab_night_autotune_v2] __main__: MARKET_REGIME mode=YELLOW reason=hysteresis_recover_wait 2/4 raw=GREEN avg_cand_recent=3.00
2026-02-27 08:41:30,191 [INFO] [u_station_ab_night_autotune_v2] trading.auto_trader: AutoTrade batch prefilter removed=1 missing_addr=0 open_duplicate=1
2026-02-27 08:41:30,203 [INFO] [u_station_ab_night_autotune_v2] trading.auto_trader: AUTO_DECISION token=EDEL mode=YELLOW tier=A channel=core score=95 src=watchlist liq=1009746 vol5m=5116 chg5m=2.65% edge=1.08% raw=1.00% regime_mult=1.08 edge_usd=$0.005 size=$0.47 mult=1.35(score=1.15 liq=1.15 vol=1.00 volat=1.05) reinvest=1.05(growth_steps=0 drawdown=5.02% loss_streak=0 edge=5.52%) size_mode=0.80 hold_mode=1.06 exec_lane=runner exec_mult(size=1.10 hold=1.32 edge=0.94) edge_gate_mult(usd=1.00,pct=1.00) quality(edge=0.94,size=1.10 detail=src_mult=1.00 ev=0.00253 edge(src_relax=0.000 src_tight=0.000 ev_adj=-0.046) size(src_relax=0.000 src_cut=0.000 ev_adj=0.056)) costs=8.60% gas=$0.028 ev_net=$0.00289 ev_samples=103 conf=1.00 pwin=0.62 avg_win=$0.0110 avg_loss=$0.0088 kelly=1.27(k=0.320) token_ev=sparse trades=1<18 cluster=s3|l3|v2|m1|r1 cluster_route=sparse samples=1<10 breakdown={'liquidity_score': 30, 'volume_score': 20, 'risk_score': 15, 'age_score': 15, 'safety_score': 15}
2026-02-27 08:41:30,276 [INFO] [u_station_ab_night_autotune_v2] trading.auto_trader: AUTO_BUY Paper BUY token=EDEL address=0xfb31f85a8367210b2e4ed2360d2da9dc2d2ccc95 mode=YELLOW tier=A channel=core lane=runner entry=$0.01779971 size=$0.47 score=95 edge=1.08% edge_usd=$0.005 mult=1.35(score=1.15 liq=1.15 vol=1.00 volat=1.05) hold=124s costs=2.70% gas=$0.03
2026-02-27 08:41:30,420 [INFO] [u_station_ab_night_autotune_v2] trading.auto_trader: AutoTrade batch mode=top_n candidates=2 eligible=1 selected=1 opened=1 pe=off burst_window=2
2026-02-27 08:41:30,769 [INFO] [u_station_ab_night_autotune_v2] __main__: Scanned 5 tokens | High quality: 3 | Alerts sent: 0 | Trade candidates: 3 | Quality out/core/explore/probe: 3/1/2/0 | Opened: 1 | Mode: local | Source: onchain+market | Policy: raw=OK/effective=OK(healthy | route=allow_all) | Regime: YELLOW(hysteresis_recover_wait 2/4 raw=GREEN) | Safety: checked=3 fail_closed=0 reasons=api_code_4029:3 | FiltersTop(session): source_qos_cap:5,safe_age:4,score_min:3,safe_volume:3 | Dedup: heavy_skip=0 override=0 | V2Budget: 3/280 | SourceQoS: enabled=1/in=5/out=3/dropped=2/active_cd=0/drops=source_qos_cap:2 | Ingest: q=0/oldest=0.0s/drop_old=0/dedup_skip=0/enq=0/drain=0 | Sources: dex_boosts:ok=1/fail=0/429=0/lim_wait=0/cd_wait=0/err=0.0%/avg=31ms; dexscreener:ok=11/fail=0/429=0/lim_wait=0/cd_wait=0/err=0.0%/avg=44ms | Tasks: 3 | RSS: 0.0MB | CycleAvg: 2.55s
2026-02-27 08:41:35,166 [INFO] [u_station_ab_night_autotune_v2] __main__: WATCHLIST merged count=5
2026-02-27 08:41:35,166 [INFO] [u_station_ab_night_autotune_v2] trading.v2_runtime: V2_UNIVERSE in=5 dedup=5 out=5 target=5 novel_target=5 novel_out=0 repeat_dropped=0 symbol_dropped=0 surge_in=0 surge_target=0 surge_out=0
2026-02-27 08:41:35,167 [INFO] [u_station_ab_night_autotune_v2] __main__: V2_SOURCE_QOS_FILTER in=5 out=3 drops={'source_qos_cap': 2} caps={'watchlist': 3}
2026-02-27 08:41:35,168 [INFO] [u_station_ab_night_autotune_v2] __main__: FILTER_FAIL token=VIRTUAL reason=source_qos_cap source=watchlist used=3/3
2026-02-27 08:41:35,169 [INFO] [u_station_ab_night_autotune_v2] __main__: FILTER_FAIL token=AERO reason=source_qos_cap source=watchlist used=3/3
2026-02-27 08:41:35,169 [INFO] [u_station_ab_night_autotune_v2] __main__: FILTER_PASS token=cbBTC tier=A score=100 mode=YELLOW risk=MEDIUM liq=20652322 vol5m=231209
2026-02-27 08:41:35,170 [INFO] [u_station_ab_night_autotune_v2] __main__: FILTER_PASS token=VVV tier=A score=100 mode=YELLOW risk=MEDIUM liq=2763229 vol5m=83983
2026-02-27 08:41:35,171 [INFO] [u_station_ab_night_autotune_v2] __main__: FILTER_PASS token=EDEL tier=A score=95 mode=YELLOW risk=MEDIUM liq=1009746 vol5m=5116
2026-02-27 08:41:35,173 [INFO] [u_station_ab_night_autotune_v2] __main__: V2_QUALITY_GATE enabled=True regime=YELLOW in=3 out=3 core_out=1 explore_out=2 probe_out=0 quota=2 max_symbol_share=0.333 drop={} sources_used={'watchlist': 3}
2026-02-27 08:41:35,174 [INFO] [u_station_ab_night_autotune_v2] __main__: V2_ENTRY_ROUTE enabled=True regime=YELLOW in=3 out=2 core_out=1 explore_out=1 quota=1 allow_explore=True
2026-02-27 08:41:35,174 [INFO] [u_station_ab_night_autotune_v2] __main__: MARKET_REGIME mode=YELLOW reason=hysteresis_recover_wait 3/4 raw=GREEN avg_cand_recent=3.00
2026-02-27 08:41:35,175 [INFO] [u_station_ab_night_autotune_v2] trading.auto_trader: AutoTrade batch prefilter removed=2 missing_addr=0 open_duplicate=2
2026-02-27 08:41:35,335 [INFO] [u_station_ab_night_autotune_v2] __main__: Scanned 5 tokens | High quality: 3 | Alerts sent: 0 | Trade candidates: 3 | Quality out/core/explore/probe: 3/1/2/0 | Opened: 0 | Mode: local | Source: onchain+market | Policy: raw=OK/effective=OK(healthy | route=allow_all) | Regime: YELLOW(hysteresis_recover_wait 3/4 raw=GREEN) | Safety: checked=3 fail_closed=0 reasons=api_code_4029:3 | FiltersTop(session): source_qos_cap:7,safe_age:4,score_min:3,safe_volume:3 | Dedup: heavy_skip=0 override=0 | V2Budget: 3/280 | SourceQoS: enabled=1/in=5/out=3/dropped=2/active_cd=0/drops=source_qos_cap:2 | Ingest: q=0/oldest=0.0s/drop_old=0/dedup_skip=0/enq=0/drain=0 | Sources: dex_boosts:ok=1/fail=0/429=0/lim_wait=0/cd_wait=0/err=0.0%/avg=47ms; dexscreener:ok=11/fail=0/429=0/lim_wait=0/cd_wait=0/err=0.0%/avg=46ms | Tasks: 3 | RSS: 0.0MB | CycleAvg: 1.77s
2026-02-27 08:41:39,719 [INFO] [u_station_ab_night_autotune_v2] __main__: WATCHLIST merged count=5
2026-02-27 08:41:39,719 [INFO] [u_station_ab_night_autotune_v2] trading.v2_runtime: V2_UNIVERSE in=5 dedup=5 out=5 target=5 novel_target=5 novel_out=0 repeat_dropped=0 symbol_dropped=0 surge_in=0 surge_target=0 surge_out=0
2026-02-27 08:41:39,719 [INFO] [u_station_ab_night_autotune_v2] __main__: V2_SOURCE_QOS_FILTER in=5 out=3 drops={'source_qos_cap': 2} caps={'watchlist': 3}
2026-02-27 08:41:39,719 [INFO] [u_station_ab_night_autotune_v2] __main__: FILTER_FAIL token=VIRTUAL reason=source_qos_cap source=watchlist used=3/3
2026-02-27 08:41:39,719 [INFO] [u_station_ab_night_autotune_v2] __main__: FILTER_FAIL token=AERO reason=source_qos_cap source=watchlist used=3/3
2026-02-27 08:41:39,735 [INFO] [u_station_ab_night_autotune_v2] __main__: FILTER_PASS token=cbBTC tier=A score=100 mode=YELLOW risk=MEDIUM liq=20652322 vol5m=231209
2026-02-27 08:41:39,735 [INFO] [u_station_ab_night_autotune_v2] __main__: FILTER_PASS token=VVV tier=A score=100 mode=YELLOW risk=MEDIUM liq=2763229 vol5m=83983
2026-02-27 08:41:39,735 [INFO] [u_station_ab_night_autotune_v2] __main__: FILTER_PASS token=EDEL tier=A score=95 mode=YELLOW risk=MEDIUM liq=1009746 vol5m=5116
2026-02-27 08:41:39,735 [INFO] [u_station_ab_night_autotune_v2] __main__: V2_QUALITY_GATE enabled=True regime=GREEN in=3 out=3 core_out=1 explore_out=2 probe_out=0 quota=2 max_symbol_share=0.333 drop={} sources_used={'watchlist': 3}
2026-02-27 08:41:39,735 [INFO] [u_station_ab_night_autotune_v2] __main__: V2_ENTRY_ROUTE enabled=True regime=GREEN in=3 out=2 core_out=1 explore_out=1 quota=1 allow_explore=True
2026-02-27 08:41:39,735 [INFO] [u_station_ab_night_autotune_v2] __main__: MARKET_REGIME mode=GREEN reason=avg_cand=3.00 avg_cand_recent=3.00
2026-02-27 08:41:39,735 [WARNING] [u_station_ab_night_autotune_v2] monitor.local_alerter: Local event symbol=MARKET_MODE reco=GREEN risk=INFO
2026-02-27 08:41:39,735 [INFO] [u_station_ab_night_autotune_v2] trading.auto_trader: AutoTrade batch prefilter removed=2 missing_addr=0 open_duplicate=2
2026-02-27 08:41:39,920 [INFO] [u_station_ab_night_autotune_v2] __main__: Scanned 5 tokens | High quality: 3 | Alerts sent: 0 | Trade candidates: 3 | Quality out/core/explore/probe: 3/1/2/0 | Opened: 0 | Mode: local | Source: onchain+market | Policy: raw=OK/effective=OK(healthy | route=allow_all) | Regime: GREEN(avg_cand=3.00) | Safety: checked=3 fail_closed=0 reasons=api_code_4029:3 | FiltersTop(session): source_qos_cap:9,safe_age:4,score_min:3,safe_volume:3 | Dedup: heavy_skip=0 override=0 | V2Budget: 3/280 | SourceQoS: enabled=1/in=5/out=3/dropped=2/active_cd=0/drops=source_qos_cap:2 | Ingest: q=0/oldest=0.0s/drop_old=0/dedup_skip=0/enq=0/drain=0 | Sources: dex_boosts:ok=1/fail=0/429=0/lim_wait=0/cd_wait=0/err=0.0%/avg=36ms; dexscreener:ok=11/fail=0/429=0/lim_wait=0/cd_wait=0/err=0.0%/avg=46ms | Tasks: 3 | RSS: 0.0MB | CycleAvg: 1.37s
2026-02-27 08:41:44,303 [INFO] [u_station_ab_night_autotune_v2] __main__: WATCHLIST merged count=5
2026-02-27 08:41:44,303 [INFO] [u_station_ab_night_autotune_v2] trading.v2_runtime: V2_UNIVERSE in=5 dedup=5 out=5 target=5 novel_target=5 novel_out=0 repeat_dropped=0 symbol_dropped=0 surge_in=0 surge_target=0 surge_out=0
2026-02-27 08:41:44,303 [INFO] [u_station_ab_night_autotune_v2] __main__: V2_SOURCE_QOS_FILTER in=5 out=3 drops={'source_qos_cap': 2} caps={'watchlist': 3}
2026-02-27 08:41:44,303 [INFO] [u_station_ab_night_autotune_v2] __main__: FILTER_FAIL token=VIRTUAL reason=source_qos_cap source=watchlist used=3/3
2026-02-27 08:41:44,303 [INFO] [u_station_ab_night_autotune_v2] __main__: FILTER_FAIL token=AERO reason=source_qos_cap source=watchlist used=3/3
2026-02-27 08:41:44,303 [INFO] [u_station_ab_night_autotune_v2] __main__: FILTER_PASS token=cbBTC tier=A score=100 mode=GREEN risk=MEDIUM liq=20652322 vol5m=231209
2026-02-27 08:41:44,303 [INFO] [u_station_ab_night_autotune_v2] __main__: FILTER_PASS token=VVV tier=A score=100 mode=GREEN risk=MEDIUM liq=2763229 vol5m=83983
2026-02-27 08:41:44,303 [INFO] [u_station_ab_night_autotune_v2] __main__: FILTER_PASS token=EDEL tier=A score=95 mode=GREEN risk=MEDIUM liq=1009746 vol5m=5116
2026-02-27 08:41:44,320 [INFO] [u_station_ab_night_autotune_v2] __main__: V2_QUALITY_GATE enabled=True regime=GREEN in=3 out=3 core_out=1 explore_out=2 probe_out=0 quota=2 max_symbol_share=0.333 drop={} sources_used={'watchlist': 3}
2026-02-27 08:41:44,320 [INFO] [u_station_ab_night_autotune_v2] __main__: V2_ENTRY_ROUTE enabled=True regime=GREEN in=3 out=2 core_out=1 explore_out=1 quota=1 allow_explore=True
2026-02-27 08:41:44,320 [INFO] [u_station_ab_night_autotune_v2] __main__: MARKET_REGIME mode=GREEN reason=avg_cand=3.00 avg_cand_recent=3.00
2026-02-27 08:41:44,320 [INFO] [u_station_ab_night_autotune_v2] trading.auto_trader: AutoTrade batch prefilter removed=2 missing_addr=0 open_duplicate=2
2026-02-27 08:41:44,509 [INFO] [u_station_ab_night_autotune_v2] __main__: Scanned 5 tokens | High quality: 3 | Alerts sent: 0 | Trade candidates: 3 | Quality out/core/explore/probe: 3/1/2/0 | Opened: 0 | Mode: local | Source: onchain+market | Policy: raw=OK/effective=OK(healthy | route=allow_all) | Regime: GREEN(avg_cand=3.00) | Safety: checked=3 fail_closed=0 reasons=api_code_4029:3 | FiltersTop(session): source_qos_cap:11,safe_age:4,score_min:3,safe_volume:3 | Dedup: heavy_skip=0 override=0 | V2Budget: 3/280 | SourceQoS: enabled=1/in=5/out=3/dropped=2/active_cd=0/drops=source_qos_cap:2 | Ingest: q=0/oldest=0.0s/drop_old=0/dedup_skip=0/enq=0/drain=0 | Sources: dex_boosts:ok=1/fail=0/429=0/lim_wait=0/cd_wait=0/err=0.0%/avg=41ms; dexscreener:ok=11/fail=0/429=0/lim_wait=0/cd_wait=0/err=0.0%/avg=43ms | Tasks: 3 | RSS: 0.0MB | CycleAvg: 1.18s
2026-02-27 08:41:48,919 [INFO] [u_station_ab_night_autotune_v2] __main__: WATCHLIST merged count=5
2026-02-27 08:41:48,919 [INFO] [u_station_ab_night_autotune_v2] trading.v2_runtime: V2_UNIVERSE in=5 dedup=5 out=5 target=5 novel_target=5 novel_out=0 repeat_dropped=0 symbol_dropped=0 surge_in=0 surge_target=0 surge_out=0
2026-02-27 08:41:48,919 [INFO] [u_station_ab_night_autotune_v2] __main__: V2_SOURCE_QOS_FILTER in=5 out=3 drops={'source_qos_cap': 2} caps={'watchlist': 3}
2026-02-27 08:41:48,919 [INFO] [u_station_ab_night_autotune_v2] __main__: FILTER_FAIL token=VIRTUAL reason=source_qos_cap source=watchlist used=3/3
2026-02-27 08:41:48,919 [INFO] [u_station_ab_night_autotune_v2] __main__: FILTER_FAIL token=AERO reason=source_qos_cap source=watchlist used=3/3
2026-02-27 08:41:48,919 [INFO] [u_station_ab_night_autotune_v2] __main__: FILTER_PASS token=cbBTC tier=A score=100 mode=GREEN risk=MEDIUM liq=20652322 vol5m=231209
2026-02-27 08:41:48,919 [INFO] [u_station_ab_night_autotune_v2] __main__: FILTER_PASS token=VVV tier=A score=100 mode=GREEN risk=MEDIUM liq=2763229 vol5m=83983
2026-02-27 08:41:48,919 [INFO] [u_station_ab_night_autotune_v2] __main__: FILTER_PASS token=EDEL tier=A score=95 mode=GREEN risk=MEDIUM liq=1009746 vol5m=5116
2026-02-27 08:41:48,919 [INFO] [u_station_ab_night_autotune_v2] __main__: V2_QUALITY_GATE enabled=True regime=GREEN in=3 out=3 core_out=1 explore_out=2 probe_out=0 quota=2 max_symbol_share=0.333 drop={} sources_used={'watchlist': 3}
2026-02-27 08:41:48,919 [INFO] [u_station_ab_night_autotune_v2] __main__: V2_ENTRY_ROUTE enabled=True regime=GREEN in=3 out=2 core_out=1 explore_out=1 quota=1 allow_explore=True
2026-02-27 08:41:48,919 [INFO] [u_station_ab_night_autotune_v2] __main__: MARKET_REGIME mode=GREEN reason=avg_cand=3.00 avg_cand_recent=3.00
2026-02-27 08:41:48,919 [INFO] [u_station_ab_night_autotune_v2] trading.auto_trader: AutoTrade batch prefilter removed=2 missing_addr=0 open_duplicate=2
2026-02-27 08:41:49,111 [INFO] [u_station_ab_night_autotune_v2] __main__: Scanned 5 tokens | High quality: 3 | Alerts sent: 0 | Trade candidates: 3 | Quality out/core/explore/probe: 3/1/2/0 | Opened: 0 | Mode: local | Source: onchain+market | Policy: raw=OK/effective=OK(healthy | route=allow_all) | Regime: GREEN(avg_cand=3.00) | Safety: checked=3 fail_closed=0 reasons=api_code_4029:3 | FiltersTop(session): source_qos_cap:13,safe_age:4,score_min:3,safe_volume:3 | Dedup: heavy_skip=0 override=0 | V2Budget: 3/280 | SourceQoS: enabled=1/in=5/out=3/dropped=2/active_cd=0/drops=source_qos_cap:2 | Ingest: q=0/oldest=0.0s/drop_old=0/dedup_skip=0/enq=0/drain=0 | Sources: dex_boosts:ok=1/fail=0/429=0/lim_wait=0/cd_wait=0/err=0.0%/avg=36ms; dexscreener:ok=11/fail=0/429=0/lim_wait=0/cd_wait=0/err=0.0%/avg=43ms | Tasks: 3 | RSS: 0.0MB | CycleAvg: 1.06s
2026-02-27 08:41:53,389 [INFO] [u_station_ab_night_autotune_v2] monitor.onchain_factory: PAIR_DETECTED source=uniswap_v2 dex=uniswap_v2 pair=0x97c7e220de6f45c8c0a66143d559f18c1572f6d3 token0=0x4200000000000000000000000000000000000006 token1=0x4ef197d22f8b6bf0fa3f3817bd8c45c6002163f0 block=42694381 factory=0x8909dc15e40173ff4699343b6eb8132c65e18ec6
2026-02-27 08:41:53,389 [INFO] [u_station_ab_night_autotune_v2] monitor.onchain_factory: PAIR_DETECTED source=uniswap_v2 dex=uniswap_v2 pair=0x93864c4a2b8c8adbe1851caad313b9cfcd863c39 token0=0x4200000000000000000000000000000000000006 token1=0xaa24bd21c125fd88e00a9349fdb79ca26d19393a block=42694381 factory=0x8909dc15e40173ff4699343b6eb8132c65e18ec6
2026-02-27 08:41:53,896 [INFO] [u_station_ab_night_autotune_v2] monitor.onchain_factory: ENRICH_RETRY token=0x4ef197d22f8b6bf0fa3f3817bd8c45c6002163f0 pair=0x97c7e220de6f45c8c0a66143d559f18c1572f6d3 attempt=1/2 delay=10s
2026-02-27 08:41:54,237 [INFO] [u_station_ab_night_autotune_v2] monitor.onchain_factory: ENRICH_RETRY token=0xaa24bd21c125fd88e00a9349fdb79ca26d19393a pair=0x93864c4a2b8c8adbe1851caad313b9cfcd863c39 attempt=1/2 delay=10s
2026-02-27 08:42:04,319 [INFO] [u_station_ab_night_autotune_v2] __main__: WATCHLIST merged count=5
2026-02-27 08:42:04,319 [INFO] [u_station_ab_night_autotune_v2] trading.v2_runtime: V2_UNIVERSE in=5 dedup=5 out=5 target=5 novel_target=5 novel_out=0 repeat_dropped=0 symbol_dropped=0 surge_in=0 surge_target=0 surge_out=0
2026-02-27 08:42:04,319 [INFO] [u_station_ab_night_autotune_v2] __main__: V2_SOURCE_QOS_FILTER in=5 out=3 drops={'source_qos_cap': 2} caps={'watchlist': 3}
2026-02-27 08:42:04,319 [INFO] [u_station_ab_night_autotune_v2] __main__: FILTER_FAIL token=VIRTUAL reason=source_qos_cap source=watchlist used=3/3
2026-02-27 08:42:04,319 [INFO] [u_station_ab_night_autotune_v2] __main__: FILTER_FAIL token=AERO reason=source_qos_cap source=watchlist used=3/3
2026-02-27 08:42:04,319 [INFO] [u_station_ab_night_autotune_v2] __main__: FILTER_PASS token=cbBTC tier=A score=100 mode=GREEN risk=MEDIUM liq=20652322 vol5m=231209
2026-02-27 08:42:04,319 [INFO] [u_station_ab_night_autotune_v2] __main__: FILTER_PASS token=VVV tier=A score=100 mode=GREEN risk=MEDIUM liq=2763229 vol5m=83983
2026-02-27 08:42:04,319 [INFO] [u_station_ab_night_autotune_v2] __main__: FILTER_PASS token=EDEL tier=A score=95 mode=GREEN risk=MEDIUM liq=1009746 vol5m=5116
2026-02-27 08:42:04,319 [INFO] [u_station_ab_night_autotune_v2] __main__: V2_QUALITY_GATE enabled=True regime=GREEN in=3 out=3 core_out=1 explore_out=2 probe_out=0 quota=2 max_symbol_share=0.333 drop={} sources_used={'watchlist': 3}
2026-02-27 08:42:04,319 [INFO] [u_station_ab_night_autotune_v2] __main__: V2_ENTRY_ROUTE enabled=True regime=GREEN in=3 out=2 core_out=1 explore_out=1 quota=1 allow_explore=True
2026-02-27 08:42:04,319 [INFO] [u_station_ab_night_autotune_v2] __main__: MARKET_REGIME mode=GREEN reason=avg_cand=3.00 avg_cand_recent=3.00
2026-02-27 08:42:04,319 [INFO] [u_station_ab_night_autotune_v2] trading.auto_trader: AutoTrade batch prefilter removed=2 missing_addr=0 open_duplicate=2
2026-02-27 08:42:04,703 [INFO] [u_station_ab_night_autotune_v2] __main__: Scanned 5 tokens | High quality: 3 | Alerts sent: 0 | Trade candidates: 3 | Quality out/core/explore/probe: 3/1/2/0 | Opened: 0 | Mode: local | Source: onchain+market | Policy: raw=OK/effective=OK(healthy | route=allow_all) | Regime: GREEN(avg_cand=3.00) | Safety: checked=3 fail_closed=0 reasons=api_code_4029:3 | FiltersTop(session): source_qos_cap:15,safe_age:4,score_min:3,safe_volume:3 | Dedup: heavy_skip=0 override=0 | V2Budget: 3/280 | SourceQoS: enabled=1/in=5/out=3/dropped=2/active_cd=0/drops=source_qos_cap:2 | Ingest: q=0/oldest=0.0s/drop_old=0/dedup_skip=0/enq=0/drain=0 | Sources: dex_boosts:ok=1/fail=0/429=0/lim_wait=0/cd_wait=0/err=0.0%/avg=41ms; dexscreener:ok=11/fail=0/429=0/lim_wait=0/cd_wait=0/err=0.0%/avg=39ms; onchain_enrich:ok=8/fail=0/429=0/lim_wait=0/cd_wait=0/err=0.0%/avg=153ms; onchain_weth_price:ok=1/fail=0/429=0/lim_wait=0/cd_wait=0/err=0.0%/avg=63ms | Tasks: 3 | RSS: 0.0MB | CycleAvg: 0.98s
2026-02-27 08:42:09,188 [INFO] [u_station_ab_night_autotune_v2] monitor.onchain_factory: ENRICH_RETRY token=0x4ef197d22f8b6bf0fa3f3817bd8c45c6002163f0 pair=0x97c7e220de6f45c8c0a66143d559f18c1572f6d3 attempt=1/2 delay=10s
2026-02-27 08:42:09,238 [INFO] [u_station_ab_night_autotune_v2] monitor.onchain_factory: ENRICH_RETRY token=0xaa24bd21c125fd88e00a9349fdb79ca26d19393a pair=0x93864c4a2b8c8adbe1851caad313b9cfcd863c39 attempt=1/2 delay=10s
2026-02-27 08:42:19,351 [INFO] [u_station_ab_night_autotune_v2] __main__: WATCHLIST merged count=5
2026-02-27 08:42:19,351 [INFO] [u_station_ab_night_autotune_v2] trading.v2_runtime: V2_UNIVERSE in=5 dedup=5 out=5 target=5 novel_target=5 novel_out=0 repeat_dropped=0 symbol_dropped=0 surge_in=0 surge_target=0 surge_out=0
2026-02-27 08:42:19,352 [INFO] [u_station_ab_night_autotune_v2] __main__: V2_SOURCE_QOS_FILTER in=5 out=3 drops={'source_qos_cap': 2} caps={'watchlist': 3}
2026-02-27 08:42:19,353 [INFO] [u_station_ab_night_autotune_v2] __main__: FILTER_FAIL token=VIRTUAL reason=source_qos_cap source=watchlist used=3/3
2026-02-27 08:42:19,354 [INFO] [u_station_ab_night_autotune_v2] __main__: FILTER_FAIL token=AERO reason=source_qos_cap source=watchlist used=3/3
2026-02-27 08:42:19,355 [INFO] [u_station_ab_night_autotune_v2] __main__: FILTER_PASS token=cbBTC tier=A score=100 mode=GREEN risk=MEDIUM liq=20652322 vol5m=231209
2026-02-27 08:42:19,356 [INFO] [u_station_ab_night_autotune_v2] __main__: FILTER_PASS token=VVV tier=A score=100 mode=GREEN risk=MEDIUM liq=2763229 vol5m=83983
2026-02-27 08:42:19,357 [INFO] [u_station_ab_night_autotune_v2] __main__: FILTER_PASS token=EDEL tier=A score=95 mode=GREEN risk=MEDIUM liq=1009746 vol5m=5116
2026-02-27 08:42:19,358 [INFO] [u_station_ab_night_autotune_v2] __main__: V2_QUALITY_GATE enabled=True regime=GREEN in=3 out=3 core_out=1 explore_out=2 probe_out=0 quota=2 max_symbol_share=0.333 drop={} sources_used={'watchlist': 3}
2026-02-27 08:42:19,358 [INFO] [u_station_ab_night_autotune_v2] __main__: V2_ENTRY_ROUTE enabled=True regime=GREEN in=3 out=2 core_out=1 explore_out=1 quota=1 allow_explore=True
2026-02-27 08:42:19,359 [INFO] [u_station_ab_night_autotune_v2] __main__: MARKET_REGIME mode=GREEN reason=avg_cand=3.00 avg_cand_recent=3.00
2026-02-27 08:42:19,359 [INFO] [u_station_ab_night_autotune_v2] trading.auto_trader: AutoTrade batch prefilter removed=2 missing_addr=0 open_duplicate=2
2026-02-27 08:42:19,538 [INFO] [u_station_ab_night_autotune_v2] __main__: Scanned 5 tokens | High quality: 3 | Alerts sent: 0 | Trade candidates: 3 | Quality out/core/explore/probe: 3/1/2/0 | Opened: 0 | Mode: local | Source: onchain+market | Policy: raw=OK/effective=OK(healthy | route=allow_all) | Regime: GREEN(avg_cand=3.00) | Safety: checked=3 fail_closed=0 reasons=api_code_4029:3 | FiltersTop(session): source_qos_cap:17,safe_age:4,score_min:3,safe_volume:3 | Dedup: heavy_skip=0 override=0 | V2Budget: 3/280 | SourceQoS: enabled=1/in=5/out=3/dropped=2/active_cd=0/drops=source_qos_cap:2 | Ingest: q=0/oldest=0.0s/drop_old=0/dedup_skip=0/enq=0/drain=0 | Sources: dex_boosts:ok=1/fail=0/429=0/lim_wait=0/cd_wait=0/err=0.0%/avg=102ms; dexscreener:ok=11/fail=0/429=0/lim_wait=0/cd_wait=0/err=0.0%/avg=252ms; onchain_enrich:ok=8/fail=0/429=0/lim_wait=0/cd_wait=0/err=0.0%/avg=44ms | Tasks: 3 | RSS: 0.0MB | CycleAvg: 2.50s
2026-02-27 08:42:23,812 [INFO] [u_station_ab_night_autotune_v2] monitor.onchain_factory: PAIR_DETECTED source=uniswap_v2 dex=uniswap_v2 pair=0x08d6e82224c2de470dca9e052cfb51d396ea3262 token0=0x4200000000000000000000000000000000000006 token1=0xa91d27bb09feac97f40ae24d6598285099afbb07 block=42694395 factory=0x8909dc15e40173ff4699343b6eb8132c65e18ec6
2026-02-27 08:42:24,055 [INFO] [u_station_ab_night_autotune_v2] monitor.onchain_factory: ENRICH_RETRY token=0xaa24bd21c125fd88e00a9349fdb79ca26d19393a pair=0x93864c4a2b8c8adbe1851caad313b9cfcd863c39 attempt=1/2 delay=10s
2026-02-27 08:42:24,141 [INFO] [u_station_ab_night_autotune_v2] monitor.onchain_factory: ENRICH_RETRY token=0x4ef197d22f8b6bf0fa3f3817bd8c45c6002163f0 pair=0x97c7e220de6f45c8c0a66143d559f18c1572f6d3 attempt=1/2 delay=10s
2026-02-27 08:42:24,478 [INFO] [u_station_ab_night_autotune_v2] monitor.onchain_factory: ENRICH_RETRY token=0xa91d27bb09feac97f40ae24d6598285099afbb07 pair=0x08d6e82224c2de470dca9e052cfb51d396ea3262 attempt=1/2 delay=10s
2026-02-27 08:42:34,553 [INFO] [u_station_ab_night_autotune_v2] __main__: WATCHLIST merged count=5
2026-02-27 08:42:34,553 [INFO] [u_station_ab_night_autotune_v2] trading.v2_runtime: V2_UNIVERSE in=6 dedup=6 out=6 target=6 novel_target=6 novel_out=1 repeat_dropped=0 symbol_dropped=0 surge_in=0 surge_target=0 surge_out=0
2026-02-27 08:42:34,569 [INFO] [u_station_ab_night_autotune_v2] __main__: V2_SOURCE_QOS_FILTER in=6 out=3 drops={'source_qos_cap': 3} caps={'watchlist': 2, 'unknown': 0}
2026-02-27 08:42:34,569 [INFO] [u_station_ab_night_autotune_v2] __main__: FILTER_FAIL token=EDEL reason=source_qos_cap source=watchlist used=2/2
2026-02-27 08:42:34,570 [INFO] [u_station_ab_night_autotune_v2] __main__: FILTER_FAIL token=VIRTUAL reason=source_qos_cap source=watchlist used=2/2
2026-02-27 08:42:34,571 [INFO] [u_station_ab_night_autotune_v2] __main__: FILTER_FAIL token=AERO reason=source_qos_cap source=watchlist used=2/2
2026-02-27 08:42:34,572 [INFO] [u_station_ab_night_autotune_v2] __main__: FILTER_PASS token=cbBTC tier=A score=100 mode=GREEN risk=MEDIUM liq=20652322 vol5m=231209
2026-02-27 08:42:34,573 [INFO] [u_station_ab_night_autotune_v2] __main__: FILTER_PASS token=VVV tier=A score=100 mode=GREEN risk=MEDIUM liq=2763229 vol5m=83983
2026-02-27 08:42:34,574 [INFO] [u_station_ab_night_autotune_v2] __main__: FILTER_FAIL token=GIGANT reason=score_min score=20 strict_min=48 soft_min=48 mode=GREEN
2026-02-27 08:42:34,574 [INFO] [u_station_ab_night_autotune_v2] __main__: V2_QUALITY_GATE enabled=True regime=GREEN in=2 out=2 core_out=1 explore_out=1 probe_out=0 quota=1 max_symbol_share=0.500 drop={} sources_used={'watchlist': 2}
2026-02-27 08:42:34,575 [INFO] [u_station_ab_night_autotune_v2] __main__: V2_ENTRY_ROUTE enabled=True regime=GREEN in=2 out=2 core_out=1 explore_out=1 quota=1 allow_explore=True
2026-02-27 08:42:34,575 [INFO] [u_station_ab_night_autotune_v2] __main__: MARKET_REGIME mode=GREEN reason=avg_cand=2.89 avg_cand_recent=2.89
2026-02-27 08:42:34,576 [INFO] [u_station_ab_night_autotune_v2] trading.auto_trader: AutoTrade batch prefilter removed=1 missing_addr=0 open_duplicate=1
2026-02-27 08:42:34,592 [INFO] [u_station_ab_night_autotune_v2] trading.auto_trader: AutoTrade skip token=VVV reason=edge_low mode=both edge=-20.18% raw=-20.18% mult=1.00 min=0.05% probe_min=0.05% edge_usd=$-0.021 min_usd=$0.000 probe_min_usd=$0.000 size=$0.10 gross=9.60% costs=29.78% pwin=0.85 probe=- budget=0/1
2026-02-27 08:42:34,593 [INFO] [u_station_ab_night_autotune_v2] trading.auto_trader: AutoTrade batch mode=top_n candidates=2 eligible=1 selected=1 opened=0 pe=off burst_window=0
2026-02-27 08:42:34,593 [INFO] [u_station_ab_night_autotune_v2] trading.auto_trader: PAPER_SUMMARY window=60s closed_delta=0 wins_delta=0 losses_delta=0 realized_delta=$0.00 total_closed=80 winrate_total=47.5% realized_total=$0.34 balance=$5.90 equity=$7.34 open=3
2026-02-27 08:42:34,721 [INFO] [u_station_ab_night_autotune_v2] trading.auto_trader: AUTO_SELL Paper PARTIAL token=BNKR reason=TP1_PARTIAL stage=1 trigger=1.20% sold=40% realized=$0.0051 remaining_size=$0.31 sl=0.08
2026-02-27 08:42:34,853 [INFO] [u_station_ab_night_autotune_v2] trading.auto_trader: AUTO_SELL Paper PARTIAL token=BNKR reason=TP2_PARTIAL stage=2 trigger=2.40% sold=32% realized=$0.0024 remaining_size=$0.21 sl=0.08
2026-02-27 08:42:34,970 [INFO] [u_station_ab_night_autotune_v2] __main__: Scanned 6 tokens | High quality: 2 | Alerts sent: 0 | Trade candidates: 2 | Quality out/core/explore/probe: 2/1/1/0 | Opened: 0 | Mode: local | Source: onchain+market | Policy: raw=OK/effective=OK(healthy | route=allow_all) | Regime: GREEN(avg_cand=2.89) | Safety: checked=2 fail_closed=0 reasons=api_code_4029:2 | FiltersTop(session): source_qos_cap:20,safe_age:4,score_min:4,safe_volume:3 | Dedup: heavy_skip=0 override=0 | V2Budget: 2/280 | SourceQoS: enabled=1/in=6/out=3/dropped=3/active_cd=0/drops=source_qos_cap:3 | Ingest: q=0/oldest=0.0s/drop_old=0/dedup_skip=0/enq=0/drain=0 | Sources: dex_boosts:ok=1/fail=0/429=0/lim_wait=0/cd_wait=0/err=0.0%/avg=47ms; dexscreener:ok=11/fail=0/429=0/lim_wait=0/cd_wait=0/err=0.0%/avg=44ms; onchain_enrich:ok=12/fail=0/429=0/lim_wait=0/cd_wait=0/err=0.0%/avg=140ms | Tasks: 3 | RSS: 0.0MB | CycleAvg: 3.54s
2026-02-27 08:42:39,253 [INFO] [u_station_ab_night_autotune_v2] monitor.onchain_factory: PAIR_DETECTED source=uniswap_v2 dex=uniswap_v2 pair=0x38e3f4c0c7166e6a4494734bd002f792b7f0db22 token0=0x4200000000000000000000000000000000000006 token1=0x76daa3bc1a57b8b46dd7491f154a150f9beccdea block=42694401 factory=0x8909dc15e40173ff4699343b6eb8132c65e18ec6
2026-02-27 08:42:39,435 [INFO] [u_station_ab_night_autotune_v2] monitor.onchain_factory: ENRICH_RETRY token=0x4ef197d22f8b6bf0fa3f3817bd8c45c6002163f0 pair=0x97c7e220de6f45c8c0a66143d559f18c1572f6d3 attempt=1/2 delay=10s
2026-02-27 08:42:39,487 [INFO] [u_station_ab_night_autotune_v2] monitor.onchain_factory: ENRICH_RETRY token=0xa91d27bb09feac97f40ae24d6598285099afbb07 pair=0x08d6e82224c2de470dca9e052cfb51d396ea3262 attempt=1/2 delay=10s
2026-02-27 08:42:39,888 [INFO] [u_station_ab_night_autotune_v2] monitor.onchain_factory: ENRICH_RETRY token=0x76daa3bc1a57b8b46dd7491f154a150f9beccdea pair=0x38e3f4c0c7166e6a4494734bd002f792b7f0db22 attempt=1/2 delay=10s
2026-02-27 08:42:49,971 [INFO] [u_station_ab_night_autotune_v2] __main__: WATCHLIST merged count=5
2026-02-27 08:42:49,971 [INFO] [u_station_ab_night_autotune_v2] trading.v2_runtime: V2_UNIVERSE in=6 dedup=6 out=6 target=6 novel_target=6 novel_out=0 repeat_dropped=0 symbol_dropped=0 surge_in=0 surge_target=0 surge_out=0
2026-02-27 08:42:49,971 [INFO] [u_station_ab_night_autotune_v2] __main__: V2_SOURCE_QOS_FILTER in=6 out=3 drops={'source_qos_cap': 3} caps={'geckoterminal': 287, 'watchlist': 2}
2026-02-27 08:42:49,971 [INFO] [u_station_ab_night_autotune_v2] __main__: FILTER_FAIL token=EDEL reason=source_qos_cap source=watchlist used=2/2
2026-02-27 08:42:49,971 [INFO] [u_station_ab_night_autotune_v2] __main__: FILTER_FAIL token=VIRTUAL reason=source_qos_cap source=watchlist used=2/2
2026-02-27 08:42:49,971 [INFO] [u_station_ab_night_autotune_v2] __main__: FILTER_FAIL token=AERO reason=source_qos_cap source=watchlist used=2/2
2026-02-27 08:42:49,971 [INFO] [u_station_ab_night_autotune_v2] __main__: FILTER_PASS token=cbBTC tier=A score=100 mode=GREEN risk=MEDIUM liq=20652322 vol5m=231209
2026-02-27 08:42:49,971 [INFO] [u_station_ab_night_autotune_v2] __main__: FILTER_FAIL token=POKEPULL reason=safe_age
2026-02-27 08:42:49,971 [INFO] [u_station_ab_night_autotune_v2] __main__: FILTER_PASS token=VVV tier=A score=100 mode=GREEN risk=MEDIUM liq=2763229 vol5m=83983
2026-02-27 08:42:49,971 [INFO] [u_station_ab_night_autotune_v2] __main__: V2_QUALITY_GATE enabled=True regime=GREEN in=2 out=2 core_out=1 explore_out=1 probe_out=0 quota=1 max_symbol_share=0.500 drop={} sources_used={'watchlist': 2}
2026-02-27 08:42:49,971 [INFO] [u_station_ab_night_autotune_v2] __main__: V2_ENTRY_ROUTE enabled=True regime=GREEN in=2 out=2 core_out=1 explore_out=1 quota=1 allow_explore=True
2026-02-27 08:42:49,971 [INFO] [u_station_ab_night_autotune_v2] __main__: MARKET_REGIME mode=GREEN reason=avg_cand=2.80 avg_cand_recent=2.80
2026-02-27 08:42:49,971 [INFO] [u_station_ab_night_autotune_v2] trading.auto_trader: AutoTrade batch prefilter removed=1 missing_addr=0 open_duplicate=1
2026-02-27 08:42:49,971 [INFO] [u_station_ab_night_autotune_v2] trading.auto_trader: AutoTrade skip token=VVV reason=edge_low mode=both edge=-20.18% raw=-20.18% mult=1.00 min=0.05% probe_min=0.05% edge_usd=$-0.021 min_usd=$0.000 probe_min_usd=$0.000 size=$0.10 gross=9.60% costs=29.78% pwin=0.85 probe=- budget=0/1
2026-02-27 08:42:49,971 [INFO] [u_station_ab_night_autotune_v2] trading.auto_trader: AutoTrade batch mode=top_n candidates=2 eligible=1 selected=1 opened=0 pe=off burst_window=0
2026-02-27 08:42:50,203 [INFO] [u_station_ab_night_autotune_v2] trading.auto_trader: TOKEN_COOLDOWN token=0xcbb7c0000ab88b473b1f5afd9ef808440eed33bf reason=WEAK_EARLY pnl=$-0.0004 cooldown=530s strikes=2->1 dynamic=True
2026-02-27 08:42:50,203 [INFO] [u_station_ab_night_autotune_v2] trading.auto_trader: AUTO_SELL Paper SELL token=cbBTC reason=WEAK_EARLY exit=$67455.26000000 pnl=-0.10% ($-0.00) remaining=$-0.00 partial=$0.00 raw=-0.10% cost=2.70% gas=$0.03 balance=$6.67
2026-02-27 08:42:50,369 [INFO] [u_station_ab_night_autotune_v2] trading.auto_trader: TOKEN_COOLDOWN token=0xfb31f85a8367210b2e4ed2360d2da9dc2d2ccc95 reason=WEAK_EARLY pnl=$-0.0016 cooldown=170s strikes=0->0 dynamic=True
2026-02-27 08:42:50,385 [INFO] [u_station_ab_night_autotune_v2] trading.auto_trader: AUTO_SELL Paper SELL token=EDEL reason=WEAK_EARLY exit=$0.01774000 pnl=-0.34% ($-0.00) remaining=$-0.00 partial=$0.00 raw=-0.34% cost=2.70% gas=$0.03 balance=$7.13
2026-02-27 08:42:50,554 [INFO] [u_station_ab_night_autotune_v2] __main__: Scanned 6 tokens | High quality: 2 | Alerts sent: 0 | Trade candidates: 2 | Quality out/core/explore/probe: 2/1/1/0 | Opened: 0 | Mode: local | Source: onchain+market | Policy: raw=OK/effective=OK(healthy | route=allow_all) | Regime: GREEN(avg_cand=2.80) | Safety: checked=2 fail_closed=0 reasons=api_code_4029:2 | FiltersTop(session): source_qos_cap:23,safe_age:5,score_min:4,safe_volume:3 | Dedup: heavy_skip=0 override=0 | V2Budget: 2/280 | SourceQoS: enabled=1/in=6/out=3/dropped=3/active_cd=0/drops=source_qos_cap:3 | Ingest: q=0/oldest=0.0s/drop_old=0/dedup_skip=0/enq=1/drain=1 | Sources: dex_boosts:ok=1/fail=0/429=0/lim_wait=0/cd_wait=0/err=0.0%/avg=142ms; dexscreener:ok=11/fail=0/429=0/lim_wait=0/cd_wait=0/err=0.0%/avg=106ms; geckoterminal:ok=1/fail=0/429=0/lim_wait=0/cd_wait=0/err=0.0%/avg=253ms; onchain_enrich:ok=12/fail=0/429=0/lim_wait=0/cd_wait=0/err=0.0%/avg=76ms | Tasks: 3 | RSS: 0.0MB | CycleAvg: 4.41s
2026-02-27 08:42:55,090 [INFO] [u_station_ab_night_autotune_v2] monitor.onchain_factory: ENRICH_RETRY token=0x76daa3bc1a57b8b46dd7491f154a150f9beccdea pair=0x38e3f4c0c7166e6a4494734bd002f792b7f0db22 attempt=1/2 delay=10s
2026-02-27 08:42:55,174 [INFO] [u_station_ab_night_autotune_v2] monitor.onchain_factory: ENRICH_RETRY token=0x4ef197d22f8b6bf0fa3f3817bd8c45c6002163f0 pair=0x97c7e220de6f45c8c0a66143d559f18c1572f6d3 attempt=1/2 delay=10s
2026-02-27 08:43:05,404 [INFO] [u_station_ab_night_autotune_v2] __main__: WATCHLIST merged count=5
2026-02-27 08:43:05,404 [INFO] [u_station_ab_night_autotune_v2] trading.v2_runtime: V2_UNIVERSE in=6 dedup=6 out=6 target=6 novel_target=6 novel_out=1 repeat_dropped=0 symbol_dropped=0 surge_in=0 surge_target=0 surge_out=0
2026-02-27 08:43:05,404 [INFO] [u_station_ab_night_autotune_v2] __main__: V2_SOURCE_QOS_FILTER in=6 out=3 drops={'source_qos_cap': 3} caps={'watchlist': 2, 'unknown': 0}
2026-02-27 08:43:05,404 [INFO] [u_station_ab_night_autotune_v2] __main__: FILTER_FAIL token=EDEL reason=source_qos_cap source=watchlist used=2/2
2026-02-27 08:43:05,404 [INFO] [u_station_ab_night_autotune_v2] __main__: FILTER_FAIL token=VIRTUAL reason=source_qos_cap source=watchlist used=2/2
2026-02-27 08:43:05,404 [INFO] [u_station_ab_night_autotune_v2] __main__: FILTER_FAIL token=AERO reason=source_qos_cap source=watchlist used=2/2
2026-02-27 08:43:05,404 [INFO] [u_station_ab_night_autotune_v2] __main__: FILTER_PASS token=cbBTC tier=A score=100 mode=GREEN risk=MEDIUM liq=20652322 vol5m=231209
2026-02-27 08:43:05,404 [INFO] [u_station_ab_night_autotune_v2] __main__: FILTER_PASS token=VVV tier=A score=100 mode=GREEN risk=MEDIUM liq=2763229 vol5m=83983
2026-02-27 08:43:05,404 [INFO] [u_station_ab_night_autotune_v2] __main__: FILTER_FAIL token=NotDivided reason=safe_volume vol5m=0 min=5 regime=GREEN
2026-02-27 08:43:05,404 [INFO] [u_station_ab_night_autotune_v2] __main__: V2_QUALITY_GATE enabled=True regime=GREEN in=2 out=2 core_out=1 explore_out=1 probe_out=0 quota=1 max_symbol_share=0.500 drop={} sources_used={'watchlist': 2}
2026-02-27 08:43:05,404 [INFO] [u_station_ab_night_autotune_v2] __main__: V2_ENTRY_ROUTE enabled=True regime=GREEN in=2 out=2 core_out=1 explore_out=1 quota=1 allow_explore=True
2026-02-27 08:43:05,420 [INFO] [u_station_ab_night_autotune_v2] __main__: MARKET_REGIME mode=GREEN reason=avg_cand=2.73 avg_cand_recent=2.73
2026-02-27 08:43:05,421 [INFO] [u_station_ab_night_autotune_v2] trading.auto_trader: AutoTrade skip token=cbBTC reason=cooldown_left_514s
2026-02-27 08:43:05,422 [INFO] [u_station_ab_night_autotune_v2] trading.auto_trader: AutoTrade adjust token=VVV reason=min_trade_floor size=$0.09->$0.10 min=$0.10
2026-02-27 08:43:05,423 [INFO] [u_station_ab_night_autotune_v2] trading.auto_trader: AutoTrade skip token=VVV reason=edge_low mode=both edge=-20.70% raw=-20.70% mult=1.00 min=0.05% probe_min=0.05% edge_usd=$-0.021 min_usd=$0.000 probe_min_usd=$0.000 size=$0.10 gross=9.60% costs=30.30% pwin=0.85 probe=- budget=0/1
2026-02-27 08:43:05,423 [INFO] [u_station_ab_night_autotune_v2] trading.auto_trader: AutoTrade batch mode=top_n candidates=2 eligible=2 selected=2 opened=0 pe=off burst_window=0
2026-02-27 08:43:05,553 [INFO] [u_station_ab_night_autotune_v2] __main__: Scanned 6 tokens | High quality: 2 | Alerts sent: 0 | Trade candidates: 2 | Quality out/core/explore/probe: 2/1/1/0 | Opened: 0 | Mode: local | Source: onchain+market | Policy: raw=OK/effective=OK(healthy | route=allow_all) | Regime: GREEN(avg_cand=2.73) | Safety: checked=2 fail_closed=0 reasons=api_code_4029:2 | FiltersTop(session): source_qos_cap:26,safe_age:5,score_min:4,safe_volume:4 | Dedup: heavy_skip=0 override=0 | V2Budget: 2/280 | SourceQoS: enabled=1/in=6/out=3/dropped=3/active_cd=0/drops=source_qos_cap:3 | Ingest: q=0/oldest=0.0s/drop_old=0/dedup_skip=0/enq=0/drain=0 | Sources: dex_boosts:ok=1/fail=0/429=0/lim_wait=0/cd_wait=0/err=0.0%/avg=106ms; dexscreener:ok=11/fail=0/429=0/lim_wait=0/cd_wait=0/err=0.0%/avg=246ms; onchain_enrich:ok=9/fail=0/429=0/lim_wait=0/cd_wait=0/err=0.0%/avg=117ms; onchain_weth_price:ok=1/fail=0/429=0/lim_wait=0/cd_wait=0/err=0.0%/avg=53ms | Tasks: 3 | RSS: 0.0MB | CycleAvg: 5.13s
2026-02-27 08:43:10,019 [INFO] [u_station_ab_night_autotune_v2] monitor.onchain_factory: ENRICH_RETRY token=0x76daa3bc1a57b8b46dd7491f154a150f9beccdea pair=0x38e3f4c0c7166e6a4494734bd002f792b7f0db22 attempt=1/2 delay=10s
2026-02-27 08:43:10,019 [INFO] [u_station_ab_night_autotune_v2] monitor.onchain_factory: ENRICH_RETRY token=0x4ef197d22f8b6bf0fa3f3817bd8c45c6002163f0 pair=0x97c7e220de6f45c8c0a66143d559f18c1572f6d3 attempt=1/2 delay=10s
2026-02-27 08:43:20,429 [INFO] [u_station_ab_night_autotune_v2] __main__: WATCHLIST merged count=5
2026-02-27 08:43:20,429 [INFO] [u_station_ab_night_autotune_v2] trading.v2_runtime: V2_UNIVERSE in=6 dedup=6 out=6 target=6 novel_target=6 novel_out=1 repeat_dropped=0 symbol_dropped=0 surge_in=0 surge_target=0 surge_out=0
2026-02-27 08:43:20,429 [INFO] [u_station_ab_night_autotune_v2] __main__: V2_SOURCE_QOS_FILTER in=6 out=3 drops={'source_qos_cap': 3} caps={'watchlist': 2, 'unknown': 0}
2026-02-27 08:43:20,437 [INFO] [u_station_ab_night_autotune_v2] __main__: FILTER_FAIL token=EDEL reason=source_qos_cap source=watchlist used=2/2
2026-02-27 08:43:20,437 [INFO] [u_station_ab_night_autotune_v2] __main__: FILTER_FAIL token=VIRTUAL reason=source_qos_cap source=watchlist used=2/2
2026-02-27 08:43:20,437 [INFO] [u_station_ab_night_autotune_v2] __main__: FILTER_FAIL token=AERO reason=source_qos_cap source=watchlist used=2/2
2026-02-27 08:43:20,437 [INFO] [u_station_ab_night_autotune_v2] __main__: FILTER_PASS token=cbBTC tier=A score=100 mode=GREEN risk=MEDIUM liq=20652322 vol5m=231209
2026-02-27 08:43:20,437 [INFO] [u_station_ab_night_autotune_v2] __main__: FILTER_PASS token=VVV tier=A score=100 mode=GREEN risk=MEDIUM liq=2763229 vol5m=83983
2026-02-27 08:43:20,437 [INFO] [u_station_ab_night_autotune_v2] __main__: FILTER_FAIL token=SLOYD reason=safe_age
2026-02-27 08:43:20,437 [INFO] [u_station_ab_night_autotune_v2] __main__: V2_QUALITY_GATE enabled=True regime=GREEN in=2 out=2 core_out=1 explore_out=1 probe_out=0 quota=1 max_symbol_share=0.500 drop={} sources_used={'watchlist': 2}
2026-02-27 08:43:20,437 [INFO] [u_station_ab_night_autotune_v2] __main__: V2_ENTRY_ROUTE enabled=True regime=GREEN in=2 out=2 core_out=1 explore_out=1 quota=1 allow_explore=True
2026-02-27 08:43:20,437 [INFO] [u_station_ab_night_autotune_v2] __main__: MARKET_REGIME mode=GREEN reason=avg_cand=2.67 avg_cand_recent=2.67
2026-02-27 08:43:20,437 [INFO] [u_station_ab_night_autotune_v2] trading.auto_trader: AutoTrade skip token=cbBTC reason=cooldown_left_499s
2026-02-27 08:43:20,437 [INFO] [u_station_ab_night_autotune_v2] trading.auto_trader: AutoTrade adjust token=VVV reason=min_trade_floor size=$0.09->$0.10 min=$0.10
2026-02-27 08:43:20,437 [INFO] [u_station_ab_night_autotune_v2] trading.auto_trader: AutoTrade skip token=VVV reason=edge_low mode=both edge=-20.70% raw=-20.70% mult=1.00 min=0.05% probe_min=0.05% edge_usd=$-0.021 min_usd=$0.000 probe_min_usd=$0.000 size=$0.10 gross=9.60% costs=30.30% pwin=0.85 probe=- budget=0/1
2026-02-27 08:43:20,437 [INFO] [u_station_ab_night_autotune_v2] trading.auto_trader: AutoTrade batch mode=top_n candidates=2 eligible=2 selected=2 opened=0 pe=off burst_window=0
2026-02-27 08:43:20,772 [INFO] [u_station_ab_night_autotune_v2] __main__: Scanned 6 tokens | High quality: 2 | Alerts sent: 0 | Trade candidates: 2 | Quality out/core/explore/probe: 2/1/1/0 | Opened: 0 | Mode: local | Source: onchain+market | Policy: raw=OK/effective=OK(healthy | route=allow_all) | Regime: GREEN(avg_cand=2.67) | Safety: checked=2 fail_closed=0 reasons=api_code_4029:2 | FiltersTop(session): source_qos_cap:29,safe_age:6,score_min:4,safe_volume:4 | Dedup: heavy_skip=0 override=0 | V2Budget: 2/280 | SourceQoS: enabled=1/in=6/out=3/dropped=3/active_cd=0/drops=source_qos_cap:3 | Ingest: q=0/oldest=0.0s/drop_old=0/dedup_skip=0/enq=0/drain=0 | Sources: dex_boosts:ok=1/fail=0/429=0/lim_wait=0/cd_wait=0/err=0.0%/avg=53ms; dexscreener:ok=11/fail=0/429=0/lim_wait=0/cd_wait=0/err=0.0%/avg=42ms; onchain_enrich:ok=7/fail=0/429=0/lim_wait=0/cd_wait=0/err=0.0%/avg=88ms | Tasks: 3 | RSS: 0.0MB | CycleAvg: 5.66s
2026-02-27 08:43:25,353 [INFO] [u_station_ab_night_autotune_v2] monitor.onchain_factory: ENRICH_RETRY token=0x4ef197d22f8b6bf0fa3f3817bd8c45c6002163f0 pair=0x97c7e220de6f45c8c0a66143d559f18c1572f6d3 attempt=1/2 delay=10s
2026-02-27 08:43:35,454 [INFO] [u_station_ab_night_autotune_v2] __main__: WATCHLIST merged count=5
2026-02-27 08:43:35,454 [INFO] [u_station_ab_night_autotune_v2] trading.v2_runtime: V2_UNIVERSE in=5 dedup=5 out=5 target=5 novel_target=5 novel_out=0 repeat_dropped=0 symbol_dropped=0 surge_in=0 surge_target=0 surge_out=0
2026-02-27 08:43:35,454 [INFO] [u_station_ab_night_autotune_v2] __main__: V2_SOURCE_QOS_FILTER in=5 out=3 drops={'source_qos_cap': 2} caps={'watchlist': 3}
2026-02-27 08:43:35,454 [INFO] [u_station_ab_night_autotune_v2] __main__: FILTER_FAIL token=VIRTUAL reason=source_qos_cap source=watchlist used=3/3
2026-02-27 08:43:35,454 [INFO] [u_station_ab_night_autotune_v2] __main__: FILTER_FAIL token=AERO reason=source_qos_cap source=watchlist used=3/3
2026-02-27 08:43:35,454 [INFO] [u_station_ab_night_autotune_v2] __main__: FILTER_PASS token=cbBTC tier=A score=100 mode=GREEN risk=MEDIUM liq=20652322 vol5m=231209
2026-02-27 08:43:35,454 [INFO] [u_station_ab_night_autotune_v2] __main__: FILTER_PASS token=VVV tier=A score=100 mode=GREEN risk=MEDIUM liq=2763229 vol5m=83983
2026-02-27 08:43:35,454 [INFO] [u_station_ab_night_autotune_v2] __main__: FILTER_PASS token=EDEL tier=A score=95 mode=GREEN risk=MEDIUM liq=1009746 vol5m=5116
2026-02-27 08:43:35,454 [INFO] [u_station_ab_night_autotune_v2] __main__: V2_QUALITY_GATE enabled=True regime=GREEN in=3 out=3 core_out=1 explore_out=2 probe_out=0 quota=2 max_symbol_share=0.333 drop={} sources_used={'watchlist': 3}
2026-02-27 08:43:35,454 [INFO] [u_station_ab_night_autotune_v2] __main__: V2_ENTRY_ROUTE enabled=True regime=GREEN in=3 out=2 core_out=1 explore_out=1 quota=1 allow_explore=True
2026-02-27 08:43:35,454 [INFO] [u_station_ab_night_autotune_v2] __main__: MARKET_REGIME mode=GREEN reason=avg_cand=2.67 avg_cand_recent=2.67
2026-02-27 08:43:35,454 [INFO] [u_station_ab_night_autotune_v2] trading.auto_trader: AutoTrade skip token=cbBTC reason=cooldown_left_484s
2026-02-27 08:43:35,467 [INFO] [u_station_ab_night_autotune_v2] trading.auto_trader: AutoTrade skip token=EDEL reason=cooldown_left_124s
2026-02-27 08:43:35,467 [INFO] [u_station_ab_night_autotune_v2] trading.auto_trader: AutoTrade batch mode=top_n candidates=2 eligible=2 selected=2 opened=0 pe=off burst_window=0
2026-02-27 08:43:35,467 [INFO] [u_station_ab_night_autotune_v2] trading.auto_trader: PAPER_SUMMARY window=60s closed_delta=2 wins_delta=0 losses_delta=1 realized_delta=$0.01 total_closed=82 winrate_total=46.3% realized_total=$0.34 balance=$7.13 equity=$7.35 open=1
2026-02-27 08:43:35,646 [INFO] [u_station_ab_night_autotune_v2] __main__: Scanned 5 tokens | High quality: 3 | Alerts sent: 0 | Trade candidates: 3 | Quality out/core/explore/probe: 3/1/2/0 | Opened: 0 | Mode: local | Source: onchain+market | Policy: raw=OK/effective=OK(healthy | route=allow_all) | Regime: GREEN(avg_cand=2.67) | Safety: checked=3 fail_closed=0 reasons=api_code_4029:3 | FiltersTop(session): source_qos_cap:31,safe_age:6,score_min:4,safe_volume:4 | Dedup: heavy_skip=0 override=0 | V2Budget: 3/280 | SourceQoS: enabled=1/in=5/out=3/dropped=2/active_cd=0/drops=source_qos_cap:2 | Ingest: q=0/oldest=0.0s/drop_old=0/dedup_skip=0/enq=0/drain=0 | Sources: dex_boosts:ok=1/fail=0/429=0/lim_wait=0/cd_wait=0/err=0.0%/avg=93ms; dexscreener:ok=11/fail=0/429=0/lim_wait=0/cd_wait=0/err=0.0%/avg=95ms; onchain_enrich:ok=4/fail=0/429=0/lim_wait=0/cd_wait=0/err=0.0%/avg=68ms | Tasks: 3 | RSS: 0.0MB | CycleAvg: 6.13s
2026-02-27 08:43:40,240 [INFO] [u_station_ab_night_autotune_v2] monitor.onchain_factory: ENRICH_RETRY token=0x4ef197d22f8b6bf0fa3f3817bd8c45c6002163f0 pair=0x97c7e220de6f45c8c0a66143d559f18c1572f6d3 attempt=1/2 delay=10s
2026-02-27 08:43:50,303 [INFO] [u_station_ab_night_autotune_v2] __main__: WATCHLIST merged count=5
2026-02-27 08:43:50,303 [INFO] [u_station_ab_night_autotune_v2] trading.v2_runtime: V2_UNIVERSE in=5 dedup=5 out=5 target=5 novel_target=5 novel_out=0 repeat_dropped=0 symbol_dropped=0 surge_in=0 surge_target=0 surge_out=0
2026-02-27 08:43:50,303 [INFO] [u_station_ab_night_autotune_v2] __main__: V2_SOURCE_QOS_FILTER in=5 out=3 drops={'source_qos_cap': 2} caps={'watchlist': 3}
2026-02-27 08:43:50,303 [INFO] [u_station_ab_night_autotune_v2] __main__: FILTER_FAIL token=VIRTUAL reason=source_qos_cap source=watchlist used=3/3
2026-02-27 08:43:50,319 [INFO] [u_station_ab_night_autotune_v2] __main__: FILTER_FAIL token=AERO reason=source_qos_cap source=watchlist used=3/3
2026-02-27 08:43:50,320 [INFO] [u_station_ab_night_autotune_v2] __main__: FILTER_PASS token=cbBTC tier=A score=100 mode=GREEN risk=MEDIUM liq=20652322 vol5m=231209
2026-02-27 08:43:50,321 [INFO] [u_station_ab_night_autotune_v2] __main__: FILTER_PASS token=VVV tier=A score=100 mode=GREEN risk=MEDIUM liq=2763229 vol5m=83983
2026-02-27 08:43:50,323 [INFO] [u_station_ab_night_autotune_v2] __main__: FILTER_PASS token=EDEL tier=A score=95 mode=GREEN risk=MEDIUM liq=1009746 vol5m=5116
2026-02-27 08:43:50,325 [INFO] [u_station_ab_night_autotune_v2] __main__: V2_QUALITY_GATE enabled=True regime=GREEN in=3 out=3 core_out=1 explore_out=2 probe_out=0 quota=2 max_symbol_share=0.333 drop={} sources_used={'watchlist': 3}
2026-02-27 08:43:50,325 [INFO] [u_station_ab_night_autotune_v2] __main__: V2_ENTRY_ROUTE enabled=True regime=GREEN in=3 out=2 core_out=1 explore_out=1 quota=1 allow_explore=True
2026-02-27 08:43:50,326 [INFO] [u_station_ab_night_autotune_v2] __main__: MARKET_REGIME mode=GREEN reason=avg_cand=2.67 avg_cand_recent=2.67
2026-02-27 08:43:50,327 [INFO] [u_station_ab_night_autotune_v2] trading.auto_trader: AutoTrade skip token=cbBTC reason=cooldown_left_469s
2026-02-27 08:43:50,328 [INFO] [u_station_ab_night_autotune_v2] trading.auto_trader: AutoTrade skip token=EDEL reason=cooldown_left_110s
2026-02-27 08:43:50,328 [INFO] [u_station_ab_night_autotune_v2] trading.auto_trader: AutoTrade batch mode=top_n candidates=2 eligible=2 selected=2 opened=0 pe=off burst_window=0
2026-02-27 08:43:50,388 [INFO] [u_station_ab_night_autotune_v2] trading.auto_trader: TOKEN_COOLDOWN token=0x22af33fe49fd1fa80c7149773dde5890d3c76f3b reason=TIMEOUT pnl=$0.0148 cooldown=170s strikes=0->0 dynamic=True
2026-02-27 08:43:50,388 [INFO] [u_station_ab_night_autotune_v2] trading.auto_trader: AUTO_SELL Paper SELL token=BNKR reason=TIMEOUT exit=$0.00061880 pnl=2.85% ($0.01) remaining=$0.01 partial=$0.01 raw=3.41% cost=2.70% gas=$0.01 balance=$7.35
2026-02-27 08:43:50,520 [INFO] [u_station_ab_night_autotune_v2] __main__: Scanned 5 tokens | High quality: 3 | Alerts sent: 0 | Trade candidates: 3 | Quality out/core/explore/probe: 3/1/2/0 | Opened: 0 | Mode: local | Source: onchain+market | Policy: raw=OK/effective=OK(healthy | route=allow_all) | Regime: GREEN(avg_cand=2.67) | Safety: checked=3 fail_closed=0 reasons=api_code_4029:3 | FiltersTop(session): source_qos_cap:33,safe_age:6,score_min:4,safe_volume:4 | Dedup: heavy_skip=0 override=0 | V2Budget: 3/280 | SourceQoS: enabled=1/in=5/out=3/dropped=2/active_cd=0/drops=source_qos_cap:2 | Ingest: q=0/oldest=0.0s/drop_old=0/dedup_skip=0/enq=0/drain=0 | Sources: dex_boosts:ok=1/fail=0/429=0/lim_wait=0/cd_wait=0/err=0.0%/avg=38ms; dexscreener:ok=11/fail=0/429=0/lim_wait=0/cd_wait=0/err=0.0%/avg=164ms; onchain_enrich:ok=4/fail=0/429=0/lim_wait=0/cd_wait=0/err=0.0%/avg=64ms | Tasks: 3 | RSS: 0.0MB | CycleAvg: 6.49s
2026-02-27 08:43:54,985 [INFO] [u_station_ab_night_autotune_v2] monitor.onchain_factory: ENRICH_RETRY token=0x4ef197d22f8b6bf0fa3f3817bd8c45c6002163f0 pair=0x97c7e220de6f45c8c0a66143d559f18c1572f6d3 attempt=1/2 delay=10s
2026-02-27 08:44:05,254 [INFO] [u_station_ab_night_autotune_v2] __main__: WATCHLIST merged count=5
2026-02-27 08:44:05,254 [INFO] [u_station_ab_night_autotune_v2] trading.v2_runtime: V2_UNIVERSE in=7 dedup=7 out=7 target=7 novel_target=6 novel_out=0 repeat_dropped=0 symbol_dropped=0 surge_in=1 surge_target=1 surge_out=1
2026-02-27 08:44:05,254 [INFO] [u_station_ab_night_autotune_v2] __main__: V2_SOURCE_QOS_FILTER in=7 out=4 drops={'source_qos_cap': 3} caps={'geckoterminal': 287, 'watchlist': 2}
2026-02-27 08:44:05,254 [INFO] [u_station_ab_night_autotune_v2] __main__: FILTER_FAIL token=EDEL reason=source_qos_cap source=watchlist used=2/2
2026-02-27 08:44:05,254 [INFO] [u_station_ab_night_autotune_v2] __main__: FILTER_FAIL token=VIRTUAL reason=source_qos_cap source=watchlist used=2/2
2026-02-27 08:44:05,254 [INFO] [u_station_ab_night_autotune_v2] __main__: FILTER_FAIL token=AERO reason=source_qos_cap source=watchlist used=2/2
2026-02-27 08:44:05,254 [INFO] [u_station_ab_night_autotune_v2] __main__: FILTER_PASS token=cbBTC tier=A score=100 mode=GREEN risk=MEDIUM liq=20652322 vol5m=231209
2026-02-27 08:44:05,254 [INFO] [u_station_ab_night_autotune_v2] __main__: FILTER_FAIL token=NotDivided reason=safe_age
2026-02-27 08:44:05,254 [INFO] [u_station_ab_night_autotune_v2] __main__: FILTER_PASS token=VVV tier=A score=100 mode=GREEN risk=MEDIUM liq=2763229 vol5m=83983
2026-02-27 08:44:05,254 [INFO] [u_station_ab_night_autotune_v2] __main__: FILTER_FAIL token=SLOYD reason=safe_age
2026-02-27 08:44:05,254 [INFO] [u_station_ab_night_autotune_v2] __main__: V2_QUALITY_GATE enabled=True regime=GREEN in=2 out=2 core_out=1 explore_out=1 probe_out=0 quota=1 max_symbol_share=0.500 drop={} sources_used={'watchlist': 2}
2026-02-27 08:44:05,254 [INFO] [u_station_ab_night_autotune_v2] __main__: V2_ENTRY_ROUTE enabled=True regime=GREEN in=2 out=2 core_out=1 explore_out=1 quota=1 allow_explore=True
2026-02-27 08:44:05,270 [INFO] [u_station_ab_night_autotune_v2] __main__: MARKET_REGIME mode=GREEN reason=avg_cand=2.58 avg_cand_recent=2.58
2026-02-27 08:44:05,270 [INFO] [u_station_ab_night_autotune_v2] trading.auto_trader: AutoTrade skip token=cbBTC reason=cooldown_left_454s
2026-02-27 08:44:05,283 [INFO] [u_station_ab_night_autotune_v2] trading.auto_trader: AutoTrade skip token=VVV reason=edge_low mode=both edge=-20.18% raw=-20.18% mult=1.00 min=0.05% probe_min=0.05% edge_usd=$-0.021 min_usd=$0.000 probe_min_usd=$0.000 size=$0.10 gross=9.60% costs=29.78% pwin=0.85 probe=- budget=0/1
2026-02-27 08:44:05,283 [INFO] [u_station_ab_night_autotune_v2] trading.auto_trader: AutoTrade batch mode=top_n candidates=2 eligible=2 selected=2 opened=0 pe=off burst_window=0
2026-02-27 08:44:05,283 [INFO] [u_station_ab_night_autotune_v2] __main__: Scanned 7 tokens | High quality: 2 | Alerts sent: 0 | Trade candidates: 2 | Quality out/core/explore/probe: 2/1/1/0 | Opened: 0 | Mode: local | Source: onchain+market | Policy: raw=OK/effective=OK(healthy | route=allow_all) | Regime: GREEN(avg_cand=2.58) | Safety: checked=2 fail_closed=0 reasons=api_code_4029:2 | FiltersTop(session): source_qos_cap:36,safe_age:8,score_min:4,safe_volume:4 | Dedup: heavy_skip=0 override=0 | V2Budget: 2/280 | SourceQoS: enabled=1/in=7/out=4/dropped=3/active_cd=0/drops=source_qos_cap:3 | Ingest: q=0/oldest=0.0s/drop_old=0/dedup_skip=0/enq=2/drain=2 | Sources: dex_boosts:ok=1/fail=0/429=0/lim_wait=0/cd_wait=0/err=0.0%/avg=40ms; dexscreener:ok=11/fail=0/429=0/lim_wait=0/cd_wait=0/err=0.0%/avg=40ms; geckoterminal:ok=1/fail=0/429=0/lim_wait=0/cd_wait=0/err=0.0%/avg=141ms; onchain_enrich:ok=4/fail=0/429=0/lim_wait=0/cd_wait=0/err=0.0%/avg=69ms; onchain_weth_price:ok=1/fail=0/429=0/lim_wait=0/cd_wait=0/err=0.0%/avg=52ms | Tasks: 3 | RSS: 0.0MB | CycleAvg: 6.80s
2026-02-27 08:44:09,553 [INFO] [u_station_ab_night_autotune_v2] monitor.onchain_factory: PAIR_DETECTED source=uniswap_v2 dex=uniswap_v2 pair=0xf611bc415a3f1993facd18679d527a01a8a79ee3 token0=0x4200000000000000000000000000000000000006 token1=0x80402120dbd8796ca7a18a71f3a1580fc177ab07 block=42694447 factory=0x8909dc15e40173ff4699343b6eb8132c65e18ec6
2026-02-27 08:44:09,805 [INFO] [u_station_ab_night_autotune_v2] monitor.onchain_factory: ENRICH_RETRY token=0x4ef197d22f8b6bf0fa3f3817bd8c45c6002163f0 pair=0x97c7e220de6f45c8c0a66143d559f18c1572f6d3 attempt=1/2 delay=10s
2026-02-27 08:44:09,985 [INFO] [u_station_ab_night_autotune_v2] monitor.onchain_factory: ENRICH_RETRY token=0x80402120dbd8796ca7a18a71f3a1580fc177ab07 pair=0xf611bc415a3f1993facd18679d527a01a8a79ee3 attempt=1/2 delay=10s
2026-02-27 08:44:20,054 [INFO] [u_station_ab_night_autotune_v2] __main__: WATCHLIST merged count=5
2026-02-27 08:44:20,054 [INFO] [u_station_ab_night_autotune_v2] trading.v2_runtime: V2_UNIVERSE in=5 dedup=5 out=5 target=5 novel_target=5 novel_out=0 repeat_dropped=0 symbol_dropped=0 surge_in=0 surge_target=0 surge_out=0
2026-02-27 08:44:20,054 [INFO] [u_station_ab_night_autotune_v2] __main__: V2_SOURCE_QOS_FILTER in=5 out=3 drops={'source_qos_cap': 2} caps={'watchlist': 3}
2026-02-27 08:44:20,054 [INFO] [u_station_ab_night_autotune_v2] __main__: FILTER_FAIL token=VIRTUAL reason=source_qos_cap source=watchlist used=3/3
2026-02-27 08:44:20,069 [INFO] [u_station_ab_night_autotune_v2] __main__: FILTER_FAIL token=AERO reason=source_qos_cap source=watchlist used=3/3
2026-02-27 08:44:20,070 [INFO] [u_station_ab_night_autotune_v2] __main__: FILTER_PASS token=cbBTC tier=A score=100 mode=GREEN risk=MEDIUM liq=20652322 vol5m=231209
2026-02-27 08:44:20,070 [INFO] [u_station_ab_night_autotune_v2] __main__: FILTER_PASS token=VVV tier=A score=100 mode=GREEN risk=MEDIUM liq=2763229 vol5m=83983
2026-02-27 08:44:20,071 [INFO] [u_station_ab_night_autotune_v2] __main__: FILTER_PASS token=EDEL tier=A score=95 mode=GREEN risk=MEDIUM liq=1009746 vol5m=5116
2026-02-27 08:44:20,072 [INFO] [u_station_ab_night_autotune_v2] __main__: V2_QUALITY_GATE enabled=True regime=GREEN in=3 out=3 core_out=1 explore_out=2 probe_out=0 quota=2 max_symbol_share=0.333 drop={} sources_used={'watchlist': 3}
2026-02-27 08:44:20,073 [INFO] [u_station_ab_night_autotune_v2] __main__: V2_ENTRY_ROUTE enabled=True regime=GREEN in=3 out=2 core_out=1 explore_out=1 quota=1 allow_explore=True
2026-02-27 08:44:20,073 [INFO] [u_station_ab_night_autotune_v2] __main__: MARKET_REGIME mode=GREEN reason=avg_cand=2.58 avg_cand_recent=2.58
2026-02-27 08:44:20,074 [INFO] [u_station_ab_night_autotune_v2] trading.auto_trader: AutoTrade skip token=cbBTC reason=cooldown_left_440s
2026-02-27 08:44:20,075 [INFO] [u_station_ab_night_autotune_v2] trading.auto_trader: AutoTrade skip token=EDEL reason=cooldown_left_80s
2026-02-27 08:44:20,076 [INFO] [u_station_ab_night_autotune_v2] trading.auto_trader: AutoTrade batch mode=top_n candidates=2 eligible=2 selected=2 opened=0 pe=off burst_window=0
2026-02-27 08:44:20,077 [INFO] [u_station_ab_night_autotune_v2] __main__: Scanned 5 tokens | High quality: 3 | Alerts sent: 0 | Trade candidates: 3 | Quality out/core/explore/probe: 3/1/2/0 | Opened: 0 | Mode: local | Source: onchain+market | Policy: raw=OK/effective=OK(healthy | route=allow_all) | Regime: GREEN(avg_cand=2.58) | Safety: checked=3 fail_closed=0 reasons=api_code_4029:3 | FiltersTop(session): source_qos_cap:38,safe_age:8,score_min:4,safe_volume:4 | Dedup: heavy_skip=0 override=0 | V2Budget: 3/280 | SourceQoS: enabled=1/in=5/out=3/dropped=2/active_cd=0/drops=source_qos_cap:2 | Ingest: q=0/oldest=0.0s/drop_old=0/dedup_skip=0/enq=0/drain=0 | Sources: dex_boosts:ok=1/fail=0/429=0/lim_wait=0/cd_wait=0/err=0.0%/avg=39ms; dexscreener:ok=11/fail=0/429=0/lim_wait=0/cd_wait=0/err=0.0%/avg=41ms; onchain_enrich:ok=8/fail=0/429=0/lim_wait=0/cd_wait=0/err=0.0%/avg=87ms | Tasks: 3 | RSS: 0.0MB | CycleAvg: 7.07s
2026-02-27 08:44:24,553 [INFO] [u_station_ab_night_autotune_v2] monitor.onchain_factory: ENRICH_RETRY token=0x80402120dbd8796ca7a18a71f3a1580fc177ab07 pair=0xf611bc415a3f1993facd18679d527a01a8a79ee3 attempt=1/2 delay=10s
2026-02-27 08:44:24,553 [INFO] [u_station_ab_night_autotune_v2] monitor.onchain_factory: ENRICH_RETRY token=0x4ef197d22f8b6bf0fa3f3817bd8c45c6002163f0 pair=0x97c7e220de6f45c8c0a66143d559f18c1572f6d3 attempt=1/2 delay=10s
2026-02-27 08:44:34,630 [INFO] [u_station_ab_night_autotune_v2] __main__: WATCHLIST merged count=5
2026-02-27 08:44:34,630 [INFO] [u_station_ab_night_autotune_v2] trading.v2_runtime: V2_UNIVERSE in=5 dedup=5 out=5 target=5 novel_target=5 novel_out=0 repeat_dropped=0 symbol_dropped=0 surge_in=0 surge_target=0 surge_out=0
2026-02-27 08:44:34,630 [INFO] [u_station_ab_night_autotune_v2] __main__: V2_SOURCE_QOS_FILTER in=5 out=3 drops={'source_qos_cap': 2} caps={'watchlist': 3}
2026-02-27 08:44:34,630 [INFO] [u_station_ab_night_autotune_v2] __main__: FILTER_FAIL token=VIRTUAL reason=source_qos_cap source=watchlist used=3/3
2026-02-27 08:44:34,630 [INFO] [u_station_ab_night_autotune_v2] __main__: FILTER_FAIL token=AERO reason=source_qos_cap source=watchlist used=3/3
2026-02-27 08:44:34,630 [INFO] [u_station_ab_night_autotune_v2] __main__: FILTER_PASS token=cbBTC tier=A score=100 mode=GREEN risk=MEDIUM liq=20652322 vol5m=231209
2026-02-27 08:44:34,630 [INFO] [u_station_ab_night_autotune_v2] __main__: FILTER_PASS token=VVV tier=A score=100 mode=GREEN risk=MEDIUM liq=2763229 vol5m=83983
2026-02-27 08:44:34,630 [INFO] [u_station_ab_night_autotune_v2] __main__: FILTER_PASS token=EDEL tier=A score=95 mode=GREEN risk=MEDIUM liq=1009746 vol5m=5116
2026-02-27 08:44:34,630 [INFO] [u_station_ab_night_autotune_v2] __main__: V2_QUALITY_GATE enabled=True regime=GREEN in=3 out=3 core_out=1 explore_out=2 probe_out=0 quota=2 max_symbol_share=0.333 drop={} sources_used={'watchlist': 3}
2026-02-27 08:44:34,646 [INFO] [u_station_ab_night_autotune_v2] __main__: V2_ENTRY_ROUTE enabled=True regime=GREEN in=3 out=2 core_out=1 explore_out=1 quota=1 allow_explore=True
2026-02-27 08:44:34,646 [INFO] [u_station_ab_night_autotune_v2] __main__: MARKET_REGIME mode=GREEN reason=avg_cand=2.58 avg_cand_recent=2.58
2026-02-27 08:44:34,648 [INFO] [u_station_ab_night_autotune_v2] trading.auto_trader: AutoTrade skip token=cbBTC reason=cooldown_left_425s
2026-02-27 08:44:34,648 [INFO] [u_station_ab_night_autotune_v2] trading.auto_trader: AutoTrade skip token=EDEL reason=cooldown_left_65s
2026-02-27 08:44:34,648 [INFO] [u_station_ab_night_autotune_v2] trading.auto_trader: AutoTrade batch mode=top_n candidates=2 eligible=2 selected=2 opened=0 pe=off burst_window=0
2026-02-27 08:44:34,648 [INFO] [u_station_ab_night_autotune_v2] __main__: Scanned 5 tokens | High quality: 3 | Alerts sent: 0 | Trade candidates: 3 | Quality out/core/explore/probe: 3/1/2/0 | Opened: 0 | Mode: local | Source: onchain+market | Policy: raw=OK/effective=OK(healthy | route=allow_all) | Regime: GREEN(avg_cand=2.58) | Safety: checked=3 fail_closed=0 reasons=api_code_4029:3 | FiltersTop(session): source_qos_cap:40,safe_age:8,score_min:4,safe_volume:4 | Dedup: heavy_skip=0 override=0 | V2Budget: 3/280 | SourceQoS: enabled=1/in=5/out=3/dropped=2/active_cd=0/drops=source_qos_cap:2 | Ingest: q=0/oldest=0.0s/drop_old=0/dedup_skip=0/enq=0/drain=0 | Sources: dex_boosts:ok=1/fail=0/429=0/lim_wait=0/cd_wait=0/err=0.0%/avg=34ms; dexscreener:ok=11/fail=0/429=0/lim_wait=0/cd_wait=0/err=0.0%/avg=184ms; onchain_enrich:ok=8/fail=0/429=0/lim_wait=0/cd_wait=0/err=0.0%/avg=34ms | Tasks: 3 | RSS: 0.0MB | CycleAvg: 7.30s
2026-02-27 08:44:39,103 [INFO] [u_station_ab_night_autotune_v2] monitor.onchain_factory: ENRICH_RETRY token=0x80402120dbd8796ca7a18a71f3a1580fc177ab07 pair=0xf611bc415a3f1993facd18679d527a01a8a79ee3 attempt=1/2 delay=10s
2026-02-27 08:44:39,255 [INFO] [u_station_ab_night_autotune_v2] monitor.onchain_factory: ENRICH_RETRY token=0x4ef197d22f8b6bf0fa3f3817bd8c45c6002163f0 pair=0x97c7e220de6f45c8c0a66143d559f18c1572f6d3 attempt=1/2 delay=10s
2026-02-27 08:44:49,325 [INFO] [u_station_ab_night_autotune_v2] __main__: WATCHLIST merged count=5
2026-02-27 08:44:49,342 [INFO] [u_station_ab_night_autotune_v2] trading.v2_runtime: V2_UNIVERSE in=6 dedup=6 out=6 target=6 novel_target=6 novel_out=1 repeat_dropped=0 symbol_dropped=0 surge_in=0 surge_target=0 surge_out=0
2026-02-27 08:44:49,342 [INFO] [u_station_ab_night_autotune_v2] __main__: V2_SOURCE_QOS_FILTER in=6 out=3 drops={'source_qos_cap': 3} caps={'watchlist': 2, 'unknown': 0}
2026-02-27 08:44:49,342 [INFO] [u_station_ab_night_autotune_v2] __main__: FILTER_FAIL token=EDEL reason=source_qos_cap source=watchlist used=2/2
2026-02-27 08:44:49,342 [INFO] [u_station_ab_night_autotune_v2] __main__: FILTER_FAIL token=VIRTUAL reason=source_qos_cap source=watchlist used=2/2
2026-02-27 08:44:49,353 [INFO] [u_station_ab_night_autotune_v2] __main__: FILTER_FAIL token=AERO reason=source_qos_cap source=watchlist used=2/2
2026-02-27 08:44:49,353 [INFO] [u_station_ab_night_autotune_v2] __main__: FILTER_PASS token=cbBTC tier=A score=100 mode=GREEN risk=MEDIUM liq=20652322 vol5m=231209
2026-02-27 08:44:49,353 [INFO] [u_station_ab_night_autotune_v2] __main__: FILTER_PASS token=VVV tier=A score=100 mode=GREEN risk=MEDIUM liq=2763229 vol5m=83983
2026-02-27 08:44:49,353 [INFO] [u_station_ab_night_autotune_v2] __main__: FILTER_FAIL token=NotDivided reason=score_min score=40 strict_min=48 soft_min=48 mode=GREEN
2026-02-27 08:44:49,353 [INFO] [u_station_ab_night_autotune_v2] __main__: V2_QUALITY_GATE enabled=True regime=GREEN in=2 out=2 core_out=1 explore_out=1 probe_out=0 quota=1 max_symbol_share=0.500 drop={} sources_used={'watchlist': 2}
2026-02-27 08:44:49,353 [INFO] [u_station_ab_night_autotune_v2] __main__: V2_ENTRY_ROUTE enabled=True regime=GREEN in=2 out=2 core_out=1 explore_out=1 quota=1 allow_explore=True
2026-02-27 08:44:49,353 [INFO] [u_station_ab_night_autotune_v2] __main__: MARKET_REGIME mode=GREEN reason=avg_cand=2.50 avg_cand_recent=2.50
2026-02-27 08:44:49,353 [INFO] [u_station_ab_night_autotune_v2] trading.auto_trader: AutoTrade skip token=cbBTC reason=cooldown_left_410s
2026-02-27 08:44:49,353 [INFO] [u_station_ab_night_autotune_v2] trading.auto_trader: AutoTrade skip token=VVV reason=edge_low mode=both edge=-20.18% raw=-20.18% mult=1.00 min=0.05% probe_min=0.05% edge_usd=$-0.021 min_usd=$0.000 probe_min_usd=$0.000 size=$0.10 gross=9.60% costs=29.78% pwin=0.85 probe=- budget=0/1
2026-02-27 08:44:49,353 [INFO] [u_station_ab_night_autotune_v2] trading.auto_trader: AutoTrade batch mode=top_n candidates=2 eligible=2 selected=2 opened=0 pe=off burst_window=0
2026-02-27 08:44:49,353 [INFO] [u_station_ab_night_autotune_v2] trading.auto_trader: PAPER_SUMMARY window=60s closed_delta=1 wins_delta=1 losses_delta=0 realized_delta=$0.01 total_closed=83 winrate_total=47.0% realized_total=$0.35 balance=$7.35 equity=$7.35 open=0
2026-02-27 08:44:49,369 [INFO] [u_station_ab_night_autotune_v2] __main__: Scanned 6 tokens | High quality: 2 | Alerts sent: 0 | Trade candidates: 2 | Quality out/core/explore/probe: 2/1/1/0 | Opened: 0 | Mode: local | Source: onchain+market | Policy: raw=OK/effective=OK(healthy | route=allow_all) | Regime: GREEN(avg_cand=2.50) | Safety: checked=2 fail_closed=0 reasons=api_code_4029:2 | FiltersTop(session): source_qos_cap:43,safe_age:8,score_min:5,safe_volume:4 | Dedup: heavy_skip=0 override=0 | V2Budget: 2/280 | SourceQoS: enabled=1/in=6/out=3/dropped=3/active_cd=0/drops=source_qos_cap:3 | Ingest: q=0/oldest=0.0s/drop_old=0/dedup_skip=0/enq=0/drain=0 | Sources: dex_boosts:ok=1/fail=0/429=0/lim_wait=0/cd_wait=0/err=0.0%/avg=39ms; dexscreener:ok=11/fail=0/429=0/lim_wait=0/cd_wait=0/err=0.0%/avg=44ms; onchain_enrich:ok=7/fail=0/429=0/lim_wait=0/cd_wait=0/err=0.0%/avg=60ms | Tasks: 3 | RSS: 0.0MB | CycleAvg: 7.49s
2026-02-27 08:44:54,023 [INFO] [u_station_ab_night_autotune_v2] monitor.onchain_factory: ENRICH_RETRY token=0x4ef197d22f8b6bf0fa3f3817bd8c45c6002163f0 pair=0x97c7e220de6f45c8c0a66143d559f18c1572f6d3 attempt=1/2 delay=10s
2026-02-27 08:45:04,087 [INFO] [u_station_ab_night_autotune_v2] __main__: WATCHLIST merged count=5
2026-02-27 08:45:04,087 [INFO] [u_station_ab_night_autotune_v2] trading.v2_runtime: V2_UNIVERSE in=5 dedup=5 out=5 target=5 novel_target=5 novel_out=0 repeat_dropped=0 symbol_dropped=0 surge_in=0 surge_target=0 surge_out=0
2026-02-27 08:45:04,087 [INFO] [u_station_ab_night_autotune_v2] __main__: V2_SOURCE_QOS_FILTER in=5 out=3 drops={'source_qos_cap': 2} caps={'watchlist': 3}
2026-02-27 08:45:04,087 [INFO] [u_station_ab_night_autotune_v2] __main__: FILTER_FAIL token=VIRTUAL reason=source_qos_cap source=watchlist used=3/3
2026-02-27 08:45:04,087 [INFO] [u_station_ab_night_autotune_v2] __main__: FILTER_FAIL token=AERO reason=source_qos_cap source=watchlist used=3/3
2026-02-27 08:45:04,087 [INFO] [u_station_ab_night_autotune_v2] __main__: FILTER_PASS token=cbBTC tier=A score=100 mode=GREEN risk=MEDIUM liq=20652322 vol5m=231209
2026-02-27 08:45:04,087 [INFO] [u_station_ab_night_autotune_v2] __main__: FILTER_PASS token=VVV tier=A score=100 mode=GREEN risk=MEDIUM liq=2763229 vol5m=83983
2026-02-27 08:45:04,087 [INFO] [u_station_ab_night_autotune_v2] __main__: FILTER_PASS token=EDEL tier=A score=95 mode=GREEN risk=MEDIUM liq=1009746 vol5m=5116
2026-02-27 08:45:04,087 [INFO] [u_station_ab_night_autotune_v2] __main__: V2_QUALITY_GATE enabled=True regime=GREEN in=3 out=3 core_out=1 explore_out=2 probe_out=0 quota=2 max_symbol_share=0.333 drop={} sources_used={'watchlist': 3}
2026-02-27 08:45:04,097 [INFO] [u_station_ab_night_autotune_v2] __main__: V2_ENTRY_ROUTE enabled=True regime=GREEN in=3 out=2 core_out=1 explore_out=1 quota=1 allow_explore=True
2026-02-27 08:45:04,097 [INFO] [u_station_ab_night_autotune_v2] __main__: MARKET_REGIME mode=GREEN reason=avg_cand=2.50 avg_cand_recent=2.50
2026-02-27 08:45:04,097 [INFO] [u_station_ab_night_autotune_v2] trading.auto_trader: AutoTrade skip token=cbBTC reason=cooldown_left_396s
2026-02-27 08:45:04,097 [INFO] [u_station_ab_night_autotune_v2] trading.auto_trader: AutoTrade skip token=EDEL reason=cooldown_left_36s
2026-02-27 08:45:04,097 [INFO] [u_station_ab_night_autotune_v2] trading.auto_trader: AutoTrade batch mode=top_n candidates=2 eligible=2 selected=2 opened=0 pe=off burst_window=0
2026-02-27 08:45:04,097 [INFO] [u_station_ab_night_autotune_v2] __main__: Scanned 5 tokens | High quality: 3 | Alerts sent: 0 | Trade candidates: 3 | Quality out/core/explore/probe: 3/1/2/0 | Opened: 0 | Mode: local | Source: onchain+market | Policy: raw=OK/effective=OK(healthy | route=allow_all) | Regime: GREEN(avg_cand=2.50) | Safety: checked=3 fail_closed=0 reasons=api_code_4029:3 | FiltersTop(session): source_qos_cap:45,safe_age:8,score_min:5,safe_volume:4 | Dedup: heavy_skip=0 override=0 | V2Budget: 3/280 | SourceQoS: enabled=1/in=5/out=3/dropped=2/active_cd=0/drops=source_qos_cap:2 | Ingest: q=0/oldest=0.0s/drop_old=0/dedup_skip=0/enq=0/drain=0 | Sources: dex_boosts:ok=1/fail=0/429=0/lim_wait=0/cd_wait=0/err=0.0%/avg=32ms; dexscreener:ok=11/fail=0/429=0/lim_wait=0/cd_wait=0/err=0.0%/avg=42ms; onchain_enrich:ok=4/fail=0/429=0/lim_wait=0/cd_wait=0/err=0.0%/avg=73ms | Tasks: 3 | RSS: 0.0MB | CycleAvg: 7.67s
2026-02-27 08:45:08,353 [INFO] [u_station_ab_night_autotune_v2] monitor.onchain_factory: PAIR_DETECTED source=uniswap_v2 dex=uniswap_v2 pair=0xca9a67433ba3a5974d33c7a8df30593ac87e8484 token0=0x4200000000000000000000000000000000000006 token1=0xe99e78c6333ec1f64f37be0b7c3b2da0c74f543e block=42694475 factory=0x8909dc15e40173ff4699343b6eb8132c65e18ec6
2026-02-27 08:45:08,353 [INFO] [u_station_ab_night_autotune_v2] monitor.onchain_factory: PAIR_DETECTED source=uniswap_v2 dex=uniswap_v2 pair=0x5609bf1b69fa1df8823acd8687bb4fb5ad42f648 token0=0x4200000000000000000000000000000000000006 token1=0x7388129d4d9abefd385dc7d7d8b18938fceedc6d block=42694478 factory=0x8909dc15e40173ff4699343b6eb8132c65e18ec6
2026-02-27 08:45:08,602 [INFO] [u_station_ab_night_autotune_v2] monitor.onchain_factory: ENRICH_RETRY token=0x4ef197d22f8b6bf0fa3f3817bd8c45c6002163f0 pair=0x97c7e220de6f45c8c0a66143d559f18c1572f6d3 attempt=1/2 delay=10s
2026-02-27 08:45:08,773 [INFO] [u_station_ab_night_autotune_v2] monitor.onchain_factory: ENRICH_RETRY token=0xe99e78c6333ec1f64f37be0b7c3b2da0c74f543e pair=0xca9a67433ba3a5974d33c7a8df30593ac87e8484 attempt=1/2 delay=10s
2026-02-27 08:45:08,856 [INFO] [u_station_ab_night_autotune_v2] monitor.onchain_factory: ENRICH_RETRY token=0x7388129d4d9abefd385dc7d7d8b18938fceedc6d pair=0x5609bf1b69fa1df8823acd8687bb4fb5ad42f648 attempt=1/2 delay=10s
2026-02-27 08:45:18,937 [INFO] [u_station_ab_night_autotune_v2] __main__: WATCHLIST merged count=5
2026-02-27 08:45:18,937 [INFO] [u_station_ab_night_autotune_v2] trading.v2_runtime: V2_UNIVERSE in=5 dedup=5 out=5 target=5 novel_target=5 novel_out=0 repeat_dropped=0 symbol_dropped=0 surge_in=0 surge_target=0 surge_out=0
2026-02-27 08:45:18,937 [INFO] [u_station_ab_night_autotune_v2] __main__: V2_SOURCE_QOS_FILTER in=5 out=3 drops={'source_qos_cap': 2} caps={'watchlist': 3}
2026-02-27 08:45:18,937 [INFO] [u_station_ab_night_autotune_v2] __main__: FILTER_FAIL token=VIRTUAL reason=source_qos_cap source=watchlist used=3/3
2026-02-27 08:45:18,937 [INFO] [u_station_ab_night_autotune_v2] __main__: FILTER_FAIL token=AERO reason=source_qos_cap source=watchlist used=3/3
2026-02-27 08:45:18,937 [INFO] [u_station_ab_night_autotune_v2] __main__: FILTER_PASS token=cbBTC tier=A score=100 mode=GREEN risk=MEDIUM liq=20652322 vol5m=231209
2026-02-27 08:45:18,937 [INFO] [u_station_ab_night_autotune_v2] __main__: FILTER_PASS token=VVV tier=A score=100 mode=GREEN risk=MEDIUM liq=2763229 vol5m=83983
2026-02-27 08:45:18,937 [INFO] [u_station_ab_night_autotune_v2] __main__: FILTER_PASS token=EDEL tier=A score=95 mode=GREEN risk=MEDIUM liq=1009746 vol5m=5116
2026-02-27 08:45:18,937 [INFO] [u_station_ab_night_autotune_v2] __main__: V2_QUALITY_GATE enabled=True regime=GREEN in=3 out=3 core_out=1 explore_out=2 probe_out=0 quota=2 max_symbol_share=0.333 drop={} sources_used={'watchlist': 3}
2026-02-27 08:45:18,937 [INFO] [u_station_ab_night_autotune_v2] __main__: V2_ENTRY_ROUTE enabled=True regime=GREEN in=3 out=2 core_out=1 explore_out=1 quota=1 allow_explore=True
2026-02-27 08:45:18,937 [INFO] [u_station_ab_night_autotune_v2] __main__: MARKET_REGIME mode=GREEN reason=avg_cand=2.50 avg_cand_recent=2.50
2026-02-27 08:45:18,937 [INFO] [u_station_ab_night_autotune_v2] trading.auto_trader: AutoTrade skip token=cbBTC reason=cooldown_left_381s
2026-02-27 08:45:18,937 [INFO] [u_station_ab_night_autotune_v2] trading.auto_trader: AutoTrade skip token=EDEL reason=cooldown_left_21s
2026-02-27 08:45:18,937 [INFO] [u_station_ab_night_autotune_v2] trading.auto_trader: AutoTrade batch mode=top_n candidates=2 eligible=2 selected=2 opened=0 pe=off burst_window=0
2026-02-27 08:45:18,937 [INFO] [u_station_ab_night_autotune_v2] __main__: Scanned 5 tokens | High quality: 3 | Alerts sent: 0 | Trade candidates: 3 | Quality out/core/explore/probe: 3/1/2/0 | Opened: 0 | Mode: local | Source: onchain+market | Policy: raw=OK/effective=OK(healthy | route=allow_all) | Regime: GREEN(avg_cand=2.50) | Safety: checked=3 fail_closed=0 reasons=api_code_4029:3 | FiltersTop(session): source_qos_cap:47,safe_age:8,score_min:5,safe_volume:4 | Dedup: heavy_skip=0 override=0 | V2Budget: 3/280 | SourceQoS: enabled=1/in=5/out=3/dropped=2/active_cd=0/drops=source_qos_cap:2 | Ingest: q=1/oldest=9.9s/drop_old=0/dedup_skip=0/enq=1/drain=0 | Sources: dex_boosts:ok=1/fail=0/429=0/lim_wait=0/cd_wait=0/err=0.0%/avg=32ms; dexscreener:ok=11/fail=0/429=0/lim_wait=0/cd_wait=0/err=0.0%/avg=192ms; geckoterminal:ok=1/fail=0/429=0/lim_wait=0/cd_wait=0/err=0.0%/avg=224ms; onchain_enrich:ok=12/fail=0/429=0/lim_wait=0/cd_wait=0/err=0.0%/avg=96ms; onchain_weth_price:ok=2/fail=0/429=0/lim_wait=0/cd_wait=0/err=0.0%/avg=43ms | Tasks: 3 | RSS: 0.0MB | CycleAvg: 7.83s
2026-02-27 08:45:23,405 [INFO] [u_station_ab_night_autotune_v2] monitor.onchain_factory: ENRICH_RETRY token=0x7388129d4d9abefd385dc7d7d8b18938fceedc6d pair=0x5609bf1b69fa1df8823acd8687bb4fb5ad42f648 attempt=1/2 delay=10s
2026-02-27 08:45:23,405 [INFO] [u_station_ab_night_autotune_v2] monitor.onchain_factory: ENRICH_RETRY token=0xe99e78c6333ec1f64f37be0b7c3b2da0c74f543e pair=0xca9a67433ba3a5974d33c7a8df30593ac87e8484 attempt=1/2 delay=10s
2026-02-27 08:45:23,421 [INFO] [u_station_ab_night_autotune_v2] monitor.onchain_factory: ENRICH_RETRY token=0x4ef197d22f8b6bf0fa3f3817bd8c45c6002163f0 pair=0x97c7e220de6f45c8c0a66143d559f18c1572f6d3 attempt=1/2 delay=10s
2026-02-27 08:45:33,603 [INFO] [u_station_ab_night_autotune_v2] __main__: WATCHLIST merged count=5
2026-02-27 08:45:33,619 [INFO] [u_station_ab_night_autotune_v2] trading.v2_runtime: V2_UNIVERSE in=6 dedup=6 out=6 target=6 novel_target=6 novel_out=0 repeat_dropped=0 symbol_dropped=0 surge_in=0 surge_target=0 surge_out=0
2026-02-27 08:45:33,619 [INFO] [u_station_ab_night_autotune_v2] __main__: V2_SOURCE_QOS_FILTER in=6 out=3 drops={'source_qos_cap': 3} caps={'geckoterminal': 287, 'watchlist': 2}
2026-02-27 08:45:33,619 [INFO] [u_station_ab_night_autotune_v2] __main__: FILTER_FAIL token=EDEL reason=source_qos_cap source=watchlist used=2/2
2026-02-27 08:45:33,619 [INFO] [u_station_ab_night_autotune_v2] __main__: FILTER_FAIL token=VIRTUAL reason=source_qos_cap source=watchlist used=2/2
2026-02-27 08:45:33,619 [INFO] [u_station_ab_night_autotune_v2] __main__: FILTER_FAIL token=AERO reason=source_qos_cap source=watchlist used=2/2
2026-02-27 08:45:33,619 [INFO] [u_station_ab_night_autotune_v2] __main__: FILTER_PASS token=cbBTC tier=A score=100 mode=GREEN risk=MEDIUM liq=20652322 vol5m=231209
2026-02-27 08:45:33,619 [INFO] [u_station_ab_night_autotune_v2] __main__: FILTER_PASS token=VVV tier=A score=100 mode=GREEN risk=MEDIUM liq=2763229 vol5m=83983
2026-02-27 08:45:33,619 [INFO] [u_station_ab_night_autotune_v2] __main__: FILTER_FAIL token=NotDivided reason=score_min score=40 strict_min=48 soft_min=48 mode=GREEN
2026-02-27 08:45:33,619 [INFO] [u_station_ab_night_autotune_v2] __main__: V2_QUALITY_GATE enabled=True regime=GREEN in=2 out=2 core_out=1 explore_out=1 probe_out=0 quota=1 max_symbol_share=0.500 drop={} sources_used={'watchlist': 2}
2026-02-27 08:45:33,619 [INFO] [u_station_ab_night_autotune_v2] __main__: V2_ENTRY_ROUTE enabled=True regime=GREEN in=2 out=2 core_out=1 explore_out=1 quota=1 allow_explore=True
2026-02-27 08:45:33,619 [INFO] [u_station_ab_night_autotune_v2] __main__: MARKET_REGIME mode=GREEN reason=avg_cand=2.50 avg_cand_recent=2.50
2026-02-27 08:45:33,619 [INFO] [u_station_ab_night_autotune_v2] trading.auto_trader: AutoTrade skip token=cbBTC reason=cooldown_left_366s
2026-02-27 08:45:33,619 [INFO] [u_station_ab_night_autotune_v2] trading.auto_trader: AutoTrade skip token=VVV reason=edge_low mode=both edge=-20.18% raw=-20.18% mult=1.00 min=0.05% probe_min=0.05% edge_usd=$-0.021 min_usd=$0.000 probe_min_usd=$0.000 size=$0.10 gross=9.60% costs=29.78% pwin=0.85 probe=- budget=0/1
2026-02-27 08:45:33,619 [INFO] [u_station_ab_night_autotune_v2] trading.auto_trader: AutoTrade batch mode=top_n candidates=2 eligible=2 selected=2 opened=0 pe=off burst_window=0
2026-02-27 08:45:33,619 [INFO] [u_station_ab_night_autotune_v2] __main__: Scanned 6 tokens | High quality: 2 | Alerts sent: 0 | Trade candidates: 2 | Quality out/core/explore/probe: 2/1/1/0 | Opened: 0 | Mode: local | Source: onchain+market | Policy: raw=OK/effective=OK(healthy | route=allow_all) | Regime: GREEN(avg_cand=2.50) | Safety: checked=2 fail_closed=0 reasons=api_code_4029:2 | FiltersTop(session): source_qos_cap:50,safe_age:8,score_min:6,safe_volume:4 | Dedup: heavy_skip=0 override=0 | V2Budget: 2/280 | SourceQoS: enabled=1/in=6/out=3/dropped=3/active_cd=0/drops=source_qos_cap:3 | Ingest: q=0/oldest=0.0s/drop_old=0/dedup_skip=0/enq=0/drain=1 | Sources: dex_boosts:ok=1/fail=0/429=0/lim_wait=0/cd_wait=0/err=0.0%/avg=43ms; dexscreener:ok=11/fail=0/429=0/lim_wait=0/cd_wait=0/err=0.0%/avg=46ms; onchain_enrich:ok=12/fail=0/429=0/lim_wait=0/cd_wait=0/err=0.0%/avg=44ms | Tasks: 3 | RSS: 0.0MB | CycleAvg: 7.98s
2026-02-27 08:45:37,648 [WARNING] [u_station_ab_night_autotune_v2] __main__: GRACEFUL_STOP requested path=D:\earnforme\solana-alert-bot\data\graceful_stop.u_station_ab_night_autotune_v2.signal
2026-02-27 08:45:37,770 [INFO] [u_station_ab_night_autotune_v2] trading.auto_trader: AUTOTRADER_SHUTDOWN reason=main_local_shutdown open=0 closed=83
