2026-02-27 14:18:14,334 [INFO] [u_station_ab_night_autotune_v2] __main__: SESSION_LOG file=logs/matrix/u_station_ab_night_autotune_v2\sessions\main_local_20260227_131814_pid11176.log
2026-02-27 14:18:14,353 [INFO] [u_station_ab_night_autotune_v2] trading.auto_trader_state: AutoTrade state loaded open=0 closed=108 balance=$7.30
2026-02-27 14:18:14,353 [WARNING] [u_station_ab_night_autotune_v2] trading.auto_trader: DATA_POLICY mode=OK reason=init_reset_manual prev_mode=OK prev_reason=healthy | route=allow_all
2026-02-27 14:18:14,353 [INFO] [u_station_ab_night_autotune_v2] __main__: AUTOTRADER_INIT state=ready reason=manual mode=paper
2026-02-27 14:18:14,353 [INFO] [u_station_ab_night_autotune_v2] __main__: Local mode started (Telegram disabled).
2026-02-27 14:18:14,753 [INFO] [u_station_ab_night_autotune_v2] monitor.onchain_factory: PAIR_DETECTED source=uniswap_v2 dex=uniswap_v2 pair=0xd320e0cf3e87944f210c9287ffc0329243e09d32 token0=0x245865fcf178d21ce8e6ac12d5521e8e7471eb07 token1=0x4200000000000000000000000000000000000006 block=42704386 factory=0x8909dc15e40173ff4699343b6eb8132c65e18ec6
2026-02-27 14:18:14,753 [INFO] [u_station_ab_night_autotune_v2] monitor.onchain_factory: PAIR_DETECTED source=uniswap_v2 dex=uniswap_v2 pair=0xc1767279288f94fd379b99f6cfe2a6fe8771efe9 token0=0x4200000000000000000000000000000000000006 token1=0x8bf4a2286c199ce4ca355312f41949250ff15912 block=42704389 factory=0x8909dc15e40173ff4699343b6eb8132c65e18ec6
2026-02-27 14:18:14,753 [INFO] [u_station_ab_night_autotune_v2] monitor.onchain_factory: PAIR_DETECTED source=uniswap_v2 dex=uniswap_v2 pair=0x5749888fdfd7c4007445a7284adf907a4d0bde6d token0=0x33e06f380330af44a4265529b0ab205facdeef5b token1=0x4200000000000000000000000000000000000006 block=42704460 factory=0x8909dc15e40173ff4699343b6eb8132c65e18ec6
2026-02-27 14:18:14,753 [INFO] [u_station_ab_night_autotune_v2] monitor.onchain_factory: PAIR_DETECTED source=uniswap_v2 dex=uniswap_v2 pair=0x74ef5e7442db060b31a0736a3109ad120852b0b3 token0=0x4200000000000000000000000000000000000006 token1=0xc0943f2c21d9906734dff27c95b39abe04585b07 block=42704463 factory=0x8909dc15e40173ff4699343b6eb8132c65e18ec6
2026-02-27 14:18:14,753 [INFO] [u_station_ab_night_autotune_v2] monitor.onchain_factory: PAIR_DETECTED source=uniswap_v2 dex=uniswap_v2 pair=0xf2c74683944884a8fb3f73997640dffbe18fcdd4 token0=0x4200000000000000000000000000000000000006 token1=0xc23ae3d530f2423da3aec0ec6ff0f620eea2ab07 block=42704468 factory=0x8909dc15e40173ff4699343b6eb8132c65e18ec6
2026-02-27 14:18:15,385 [INFO] [u_station_ab_night_autotune_v2] monitor.onchain_factory: ENRICH_RETRY token=0xc23ae3d530f2423da3aec0ec6ff0f620eea2ab07 pair=0xf2c74683944884a8fb3f73997640dffbe18fcdd4 attempt=1/2 delay=10s
2026-02-27 14:18:15,569 [INFO] [u_station_ab_night_autotune_v2] monitor.onchain_factory: ENRICH_RETRY token=0x8bf4a2286c199ce4ca355312f41949250ff15912 pair=0xc1767279288f94fd379b99f6cfe2a6fe8771efe9 attempt=1/2 delay=10s
2026-02-27 14:18:15,585 [INFO] [u_station_ab_night_autotune_v2] monitor.onchain_factory: ENRICH_RETRY token=0xc0943f2c21d9906734dff27c95b39abe04585b07 pair=0x74ef5e7442db060b31a0736a3109ad120852b0b3 attempt=1/2 delay=10s
2026-02-27 14:18:15,881 [INFO] [u_station_ab_night_autotune_v2] monitor.onchain_factory: ENRICH_RETRY token=0x33e06f380330af44a4265529b0ab205facdeef5b pair=0x5749888fdfd7c4007445a7284adf907a4d0bde6d attempt=1/2 delay=10s
2026-02-27 14:18:27,290 [INFO] [u_station_ab_night_autotune_v2] __main__: WATCHLIST merged count=5
2026-02-27 14:18:27,300 [INFO] [u_station_ab_night_autotune_v2] trading.v2_runtime: V2_UNIVERSE in=18 dedup=18 out=18 target=18 novel_target=16 novel_out=18 repeat_dropped=0 symbol_dropped=0 surge_in=6 surge_target=5 surge_out=6
2026-02-27 14:18:27,300 [INFO] [u_station_ab_night_autotune_v2] __main__: V2_SOURCE_QOS_FILTER in=18 out=13 drops={'source_qos_symbol_cap': 3, 'source_qos_cap': 2} caps={'watchlist': 2, 'geckoterminal': 287, 'dexscreener': 292, 'unknown': 0}
2026-02-27 14:18:27,300 [INFO] [u_station_ab_night_autotune_v2] __main__: FILTER_FAIL token=MOLTD reason=source_qos_symbol_cap symbol=MOLTD used=1/1
2026-02-27 14:18:27,300 [INFO] [u_station_ab_night_autotune_v2] __main__: FILTER_FAIL token=ToruCeoAI reason=source_qos_symbol_cap symbol=TORUCEOAI used=1/1
2026-02-27 14:18:27,303 [INFO] [u_station_ab_night_autotune_v2] __main__: FILTER_FAIL token=MOLTD reason=source_qos_symbol_cap symbol=MOLTD used=1/1
2026-02-27 14:18:27,303 [INFO] [u_station_ab_night_autotune_v2] __main__: FILTER_FAIL token=VIRTUAL reason=source_qos_cap source=watchlist used=2/2
2026-02-27 14:18:27,303 [INFO] [u_station_ab_night_autotune_v2] __main__: FILTER_FAIL token=AERO reason=source_qos_cap source=watchlist used=2/2
2026-02-27 14:18:27,303 [INFO] [u_station_ab_night_autotune_v2] __main__: FILTER_PASS token=PK30 tier=A score=90 mode=YELLOW risk=MEDIUM liq=25017 vol5m=27566
2026-02-27 14:18:27,303 [INFO] [u_station_ab_night_autotune_v2] monitor.local_alerter: Local alert token=PK30 address=0x1f8e3e58fdbd903e026b1ae98157eb99d060eb07 score=90 reco=BUY risk=MEDIUM warnings=0 liq=25017 vol5m=27566
2026-02-27 14:18:27,303 [INFO] [u_station_ab_night_autotune_v2] __main__: FILTER_FAIL token=MOLTD reason=safe_change_5m
2026-02-27 14:18:27,303 [INFO] [u_station_ab_night_autotune_v2] __main__: FILTER_FAIL token=ToruCeoAI reason=safe_change_5m
2026-02-27 14:18:27,303 [INFO] [u_station_ab_night_autotune_v2] __main__: FILTER_PASS token=job? tier=A score=80 mode=YELLOW risk=MEDIUM liq=32614 vol5m=6899
2026-02-27 14:18:27,303 [INFO] [u_station_ab_night_autotune_v2] monitor.local_alerter: Local alert token=job? address=0xbaa76d4f9916427c1b84af88b675136770adbb07 score=80 reco=BUY risk=MEDIUM warnings=0 liq=32614 vol5m=6899
2026-02-27 14:18:27,303 [INFO] [u_station_ab_night_autotune_v2] __main__: FILTER_PASS token=cbBTC tier=A score=100 mode=YELLOW risk=MEDIUM liq=19258732 vol5m=64556
2026-02-27 14:18:27,303 [INFO] [u_station_ab_night_autotune_v2] __main__: FILTER_FAIL token=ð• reason=safe_age
2026-02-27 14:18:27,303 [INFO] [u_station_ab_night_autotune_v2] __main__: FILTER_FAIL token=NOVA reason=safe_change_5m
2026-02-27 14:18:27,303 [INFO] [u_station_ab_night_autotune_v2] __main__: FILTER_PASS token=COPPERINU tier=A score=60 mode=YELLOW risk=MEDIUM liq=43033 vol5m=551
2026-02-27 14:18:27,303 [INFO] [u_station_ab_night_autotune_v2] monitor.local_alerter: Local alert token=COPPERINU address=0x8c1e4d121417e4a800c292ffce7dca295c0d4500 score=60 reco=HOLD risk=MEDIUM warnings=0 liq=43033 vol5m=551
2026-02-27 14:18:27,303 [INFO] [u_station_ab_night_autotune_v2] __main__: FILTER_FAIL token=YiClaw reason=safe_age
2026-02-27 14:18:27,303 [INFO] [u_station_ab_night_autotune_v2] __main__: FILTER_PASS token=FLOW tier=A score=95 mode=YELLOW risk=MEDIUM liq=81880 vol5m=7334
2026-02-27 14:18:27,303 [INFO] [u_station_ab_night_autotune_v2] __main__: FILTER_PASS token=MOLTGM tier=A score=60 mode=YELLOW risk=MEDIUM liq=20590 vol5m=384
2026-02-27 14:18:27,303 [INFO] [u_station_ab_night_autotune_v2] monitor.local_alerter: Local alert token=MOLTGM address=0xf14b3057880787767df38ef4ec3e4b5b8d0f4ba3 score=60 reco=HOLD risk=MEDIUM warnings=0 liq=20590 vol5m=384
2026-02-27 14:18:27,303 [INFO] [u_station_ab_night_autotune_v2] __main__: FILTER_FAIL token=Fundscap reason=safe_volume vol5m=2 min=6 regime=YELLOW
2026-02-27 14:18:27,319 [INFO] [u_station_ab_night_autotune_v2] __main__: FILTER_FAIL token=Felix reason=excluded_symbol
2026-02-27 14:18:27,319 [INFO] [u_station_ab_night_autotune_v2] trading.v2_runtime: V2_QUALITY_ROTATE symbols_core=0 symbols_cooldown=0 sources=1 top_core=- top_cooldown=-
2026-02-27 14:18:27,319 [INFO] [u_station_ab_night_autotune_v2] __main__: V2_QUALITY_GATE enabled=True regime=YELLOW in=6 out=6 core_out=1 explore_out=5 probe_out=0 quota=3 max_symbol_share=0.167 drop={'duplicate_address': 4} sources_used={'watchlist': 2, 'geckoterminal': 4}
2026-02-27 14:18:27,319 [INFO] [u_station_ab_night_autotune_v2] __main__: V2_ENTRY_ROUTE enabled=True regime=YELLOW in=6 out=4 core_out=1 explore_out=3 quota=3 allow_explore=True
2026-02-27 14:18:27,319 [WARNING] [u_station_ab_night_autotune_v2] trading.auto_trader: DATA_POLICY mode=OK reason=healthy | route=allow_all prev_mode=OK prev_reason=init_reset_manual
2026-02-27 14:18:27,319 [INFO] [u_station_ab_night_autotune_v2] __main__: MARKET_REGIME mode=YELLOW reason=hysteresis_recover_wait 1/4 raw=GREEN avg_cand_recent=6.00
2026-02-27 14:18:27,336 [INFO] [u_station_ab_night_autotune_v2] trading.auto_trader: AutoTrade adjust token=PK30 reason=min_trade_floor size=$0.07->$0.10 min=$0.10
2026-02-27 14:18:27,336 [INFO] [u_station_ab_night_autotune_v2] trading.auto_trader: AutoTrade skip token=PK30 reason=edge_low mode=both edge=-24.19% raw=-22.40% mult=1.08 min=0.05% probe_min=0.05% edge_usd=$-0.024 min_usd=$0.000 probe_min_usd=$0.000 size=$0.10 gross=8.00% costs=30.40% pwin=0.75 probe=- budget=0/1
2026-02-27 14:18:27,356 [INFO] [u_station_ab_night_autotune_v2] trading.auto_trader: AUTO_DECISION token=cbBTC mode=YELLOW tier=A channel=core score=100 src=watchlist liq=19258732 vol5m=64556 chg5m=-0.02% edge=0.83% raw=0.77% regime_mult=1.08 edge_usd=$0.004 size=$0.45 mult=1.35(score=1.15 liq=1.15 vol=1.10 volat=1.05) reinvest=1.05(growth_steps=0 drawdown=4.49% loss_streak=0 edge=5.52%) size_mode=0.80 hold_mode=1.06 exec_lane=runner exec_mult(size=1.10 hold=1.32 edge=0.94) edge_gate_mult(usd=1.00,pct=1.00) quality(edge=0.98,size=1.04 detail=src_mult=1.00 ev=-0.00007 edge(src_relax=0.000 src_tight=0.000 ev_adj=0.001) size(src_relax=0.000 src_cut=0.000 ev_adj=-0.001)) costs=8.83% gas=$0.028 ev_net=$0.00024 ev_samples=151 conf=1.00 pwin=0.50 avg_win=$0.0070 avg_loss=$0.0064 kelly=0.71(k=0.046) token_ev=sparse trades=5<18 cluster=s3|l3|v3|m0|r1 cluster_route=ok samples=13 avg=0.00008 loss_share=0.54 breakdown={'liquidity_score': 30, 'volume_score': 30, 'risk_score': 15, 'age_score': 15, 'safety_score': 15}
2026-02-27 14:18:27,520 [INFO] [u_station_ab_night_autotune_v2] trading.auto_trader: AUTO_BUY Paper BUY token=cbBTC address=0xcbb7c0000ab88b473b1f5afd9ef808440eed33bf mode=YELLOW tier=A channel=core lane=runner entry=$66050.27000000 size=$0.45 score=100 edge=0.83% edge_usd=$0.004 mult=1.35(score=1.15 liq=1.15 vol=1.10 volat=1.05) hold=134s costs=2.70% gas=$0.03
2026-02-27 14:18:27,673 [INFO] [u_station_ab_night_autotune_v2] trading.auto_trader: AutoTrade adjust token=job? reason=min_trade_floor size=$0.04->$0.10 min=$0.10
2026-02-27 14:18:27,674 [INFO] [u_station_ab_night_autotune_v2] trading.auto_trader: AutoTrade skip token=job? reason=edge_low mode=both edge=-27.86% raw=-25.80% mult=1.08 min=0.05% probe_min=0.05% edge_usd=$-0.028 min_usd=$0.000 probe_min_usd=$0.000 size=$0.10 gross=4.80% costs=30.60% pwin=0.55 probe=- budget=0/1
2026-02-27 14:18:27,675 [INFO] [u_station_ab_night_autotune_v2] trading.auto_trader: AutoTrade skip token=FLOW reason=blacklist detail=honeypot_guard:is_honeypot,flag:high_fail_rate,sell_tax>5.0%(100.0%)
2026-02-27 14:18:27,676 [INFO] [u_station_ab_night_autotune_v2] trading.auto_trader: AutoTrade batch mode=top_n candidates=4 eligible=4 selected=4 opened=1 pe=off burst_window=1
2026-02-27 14:18:27,822 [INFO] [u_station_ab_night_autotune_v2] __main__: FILTER_THRESHOLDS safe_volume_5m_min=$5 safe_liquidity_min=$8000 safe_age_min=240s score_min=48 edge_min=0.05% lock_floor=0.95 no_momentum_max_pnl=0.25 weakness_pnl=-2.60
2026-02-27 14:18:27,822 [INFO] [u_station_ab_night_autotune_v2] __main__: Scanned 18 tokens | High quality: 6 | Alerts sent: 4 | Trade candidates: 6 | Quality out/core/explore/probe: 6/1/5/0 | Opened: 1 | Mode: local | Source: onchain+market | Policy: raw=OK/effective=OK(healthy | route=allow_all) | Regime: YELLOW(hysteresis_recover_wait 1/4 raw=GREEN) | Safety: checked=6 fail_closed=0 reasons=api_code_4029:6 | FiltersTop(session): source_qos_symbol_cap:3,safe_change_5m:3,source_qos_cap:2,safe_age:2 | Dedup: heavy_skip=0 override=0 | V2Budget: 6/280 | SourceQoS: enabled=1/in=18/out=13/dropped=5/active_cd=0/drops=source_qos_symbol_cap:3,source_qos_cap:2 | Ingest: q=0/oldest=0.0s/drop_old=0/dedup_skip=0/enq=12/drain=12 | Sources: dex_boosts:ok=1/fail=0/429=0/lim_wait=0/cd_wait=0/err=0.0%/avg=173ms; dexscreener:ok=11/fail=0/429=0/lim_wait=0/cd_wait=0/err=0.0%/avg=339ms; geckoterminal:ok=2/fail=0/429=0/lim_wait=0/cd_wait=0/err=0.0%/avg=149ms; onchain_enrich:ok=17/fail=0/429=0/lim_wait=0/cd_wait=0/err=0.0%/avg=176ms; onchain_weth_price:ok=1/fail=0/429=0/lim_wait=0/cd_wait=0/err=0.0%/avg=50ms; watchlist_dex:ok=10/fail=0/429=0/lim_wait=0/cd_wait=0/err=0.0%/avg=107ms; watchlist_gecko:ok=6/fail=0/429=0/lim_wait=0/cd_wait=0/err=0.0%/avg=481ms | Tasks: 3 | RSS: 0.0MB | CycleAvg: 0.00s
2026-02-27 14:18:33,033 [INFO] [u_station_ab_night_autotune_v2] monitor.onchain_factory: ENRICH_RETRY token=0xc0943f2c21d9906734dff27c95b39abe04585b07 pair=0x74ef5e7442db060b31a0736a3109ad120852b0b3 attempt=1/2 delay=10s
2026-02-27 14:18:33,837 [INFO] [u_station_ab_night_autotune_v2] monitor.onchain_factory: ENRICH_RETRY token=0x8bf4a2286c199ce4ca355312f41949250ff15912 pair=0xc1767279288f94fd379b99f6cfe2a6fe8771efe9 attempt=1/2 delay=10s
2026-02-27 14:18:34,055 [INFO] [u_station_ab_night_autotune_v2] monitor.onchain_factory: ENRICH_RETRY token=0x33e06f380330af44a4265529b0ab205facdeef5b pair=0x5749888fdfd7c4007445a7284adf907a4d0bde6d attempt=1/2 delay=10s
2026-02-27 14:18:41,870 [INFO] [u_station_ab_night_autotune_v2] monitor.onchain_factory: ENRICH_RETRY token=0xc23ae3d530f2423da3aec0ec6ff0f620eea2ab07 pair=0xf2c74683944884a8fb3f73997640dffbe18fcdd4 attempt=1/2 delay=10s
2026-02-27 14:18:51,920 [INFO] [u_station_ab_night_autotune_v2] __main__: WATCHLIST merged count=5
2026-02-27 14:18:51,920 [INFO] [u_station_ab_night_autotune_v2] trading.v2_runtime: V2_UNIVERSE in=6 dedup=6 out=6 target=6 novel_target=6 novel_out=1 repeat_dropped=0 symbol_dropped=0 surge_in=2 surge_target=2 surge_out=2
2026-02-27 14:18:51,920 [INFO] [u_station_ab_night_autotune_v2] __main__: V2_SOURCE_QOS_FILTER in=6 out=3 drops={'source_qos_cap': 3} caps={'watchlist': 2, 'unknown': 0}
2026-02-27 14:18:51,930 [INFO] [u_station_ab_night_autotune_v2] __main__: FILTER_FAIL token=FLOW reason=source_qos_cap source=watchlist used=2/2
2026-02-27 14:18:51,930 [INFO] [u_station_ab_night_autotune_v2] __main__: FILTER_FAIL token=VIRTUAL reason=source_qos_cap source=watchlist used=2/2
2026-02-27 14:18:51,930 [INFO] [u_station_ab_night_autotune_v2] __main__: FILTER_FAIL token=AERO reason=source_qos_cap source=watchlist used=2/2
2026-02-27 14:18:51,930 [INFO] [u_station_ab_night_autotune_v2] __main__: FILTER_PASS token=cbBTC tier=A score=100 mode=YELLOW risk=MEDIUM liq=19258732 vol5m=64556
2026-02-27 14:18:51,930 [INFO] [u_station_ab_night_autotune_v2] __main__: FILTER_FAIL token=ToruCeoAI reason=safe_change_5m
2026-02-27 14:18:51,930 [INFO] [u_station_ab_night_autotune_v2] __main__: FILTER_FAIL token=Whiskers reason=score_min score=40 strict_min=48 soft_min=48 mode=YELLOW
2026-02-27 14:18:51,930 [INFO] [u_station_ab_night_autotune_v2] __main__: V2_QUALITY_GATE enabled=True regime=YELLOW in=1 out=1 core_out=1 explore_out=0 probe_out=0 quota=0 max_symbol_share=1.000 drop={} sources_used={'watchlist': 1}
2026-02-27 14:18:51,930 [INFO] [u_station_ab_night_autotune_v2] __main__: V2_ENTRY_ROUTE enabled=True regime=YELLOW in=1 out=1 core_out=1 explore_out=0 quota=0 allow_explore=True
2026-02-27 14:18:51,930 [INFO] [u_station_ab_night_autotune_v2] __main__: MARKET_REGIME mode=YELLOW reason=hysteresis_recover_wait 2/4 raw=GREEN avg_cand_recent=3.50
2026-02-27 14:18:51,930 [INFO] [u_station_ab_night_autotune_v2] trading.auto_trader: AutoTrade batch prefilter removed=1 missing_addr=0 open_duplicate=1
2026-02-27 14:18:52,269 [INFO] [u_station_ab_night_autotune_v2] __main__: Scanned 6 tokens | High quality: 2 | Alerts sent: 0 | Trade candidates: 1 | Quality out/core/explore/probe: 1/1/0/0 | Opened: 0 | Mode: local | Source: onchain+market | Policy: raw=OK/effective=OK(healthy | route=allow_all) | Regime: YELLOW(hysteresis_recover_wait 2/4 raw=GREEN) | Safety: checked=1 fail_closed=0 reasons=api_code_4029:1 | FiltersTop(session): source_qos_cap:5,safe_change_5m:4,source_qos_symbol_cap:3,safe_age:2 | Dedup: heavy_skip=0 override=0 | V2Budget: 1/280 | SourceQoS: enabled=1/in=6/out=3/dropped=3/active_cd=0/drops=source_qos_cap:3 | Ingest: q=0/oldest=0.0s/drop_old=0/dedup_skip=0/enq=0/drain=0 | Sources: dex_boosts:ok=1/fail=0/429=0/lim_wait=0/cd_wait=0/err=0.0%/avg=465ms; dexscreener:ok=11/fail=0/429=0/lim_wait=0/cd_wait=0/err=0.0%/avg=506ms; onchain_enrich:ok=15/fail=0/429=0/lim_wait=0/cd_wait=0/err=0.0%/avg=877ms | Tasks: 3 | RSS: 0.0MB | CycleAvg: 13.46s
2026-02-27 14:18:57,083 [INFO] [u_station_ab_night_autotune_v2] monitor.onchain_factory: ENRICH_RETRY token=0x8bf4a2286c199ce4ca355312f41949250ff15912 pair=0xc1767279288f94fd379b99f6cfe2a6fe8771efe9 attempt=1/2 delay=10s
2026-02-27 14:18:57,139 [INFO] [u_station_ab_night_autotune_v2] monitor.onchain_factory: ENRICH_RETRY token=0x33e06f380330af44a4265529b0ab205facdeef5b pair=0x5749888fdfd7c4007445a7284adf907a4d0bde6d attempt=1/2 delay=10s
2026-02-27 14:19:07,235 [INFO] [u_station_ab_night_autotune_v2] __main__: WATCHLIST merged count=5
2026-02-27 14:19:07,235 [INFO] [u_station_ab_night_autotune_v2] trading.v2_runtime: V2_UNIVERSE in=6 dedup=6 out=6 target=6 novel_target=6 novel_out=1 repeat_dropped=0 symbol_dropped=0 surge_in=2 surge_target=2 surge_out=2
2026-02-27 14:19:07,235 [INFO] [u_station_ab_night_autotune_v2] __main__: V2_SOURCE_QOS_FILTER in=6 out=3 drops={'source_qos_cap': 3} caps={'watchlist': 2, 'unknown': 0}
2026-02-27 14:19:07,235 [INFO] [u_station_ab_night_autotune_v2] __main__: FILTER_FAIL token=FLOW reason=source_qos_cap source=watchlist used=2/2
2026-02-27 14:19:07,251 [INFO] [u_station_ab_night_autotune_v2] __main__: FILTER_FAIL token=VIRTUAL reason=source_qos_cap source=watchlist used=2/2
2026-02-27 14:19:07,251 [INFO] [u_station_ab_night_autotune_v2] __main__: FILTER_FAIL token=AERO reason=source_qos_cap source=watchlist used=2/2
2026-02-27 14:19:07,251 [INFO] [u_station_ab_night_autotune_v2] __main__: FILTER_PASS token=cbBTC tier=A score=100 mode=YELLOW risk=MEDIUM liq=19258732 vol5m=64556
2026-02-27 14:19:07,253 [INFO] [u_station_ab_night_autotune_v2] __main__: FILTER_FAIL token=ToruCeoAI reason=safe_change_5m
2026-02-27 14:19:07,253 [INFO] [u_station_ab_night_autotune_v2] __main__: FILTER_FAIL token=NOVA reason=safe_age
2026-02-27 14:19:07,253 [INFO] [u_station_ab_night_autotune_v2] __main__: V2_QUALITY_GATE enabled=True regime=YELLOW in=1 out=1 core_out=1 explore_out=0 probe_out=0 quota=0 max_symbol_share=1.000 drop={} sources_used={'watchlist': 1}
2026-02-27 14:19:07,253 [INFO] [u_station_ab_night_autotune_v2] __main__: V2_ENTRY_ROUTE enabled=True regime=YELLOW in=1 out=1 core_out=1 explore_out=0 quota=0 allow_explore=True
2026-02-27 14:19:07,253 [INFO] [u_station_ab_night_autotune_v2] __main__: MARKET_REGIME mode=YELLOW reason=hysteresis_recover_wait 3/4 raw=GREEN avg_cand_recent=2.67
2026-02-27 14:19:07,253 [INFO] [u_station_ab_night_autotune_v2] trading.auto_trader: AutoTrade batch prefilter removed=1 missing_addr=0 open_duplicate=1
2026-02-27 14:19:07,521 [INFO] [u_station_ab_night_autotune_v2] __main__: Scanned 6 tokens | High quality: 2 | Alerts sent: 0 | Trade candidates: 1 | Quality out/core/explore/probe: 1/1/0/0 | Opened: 0 | Mode: local | Source: onchain+market | Policy: raw=OK/effective=OK(healthy | route=allow_all) | Regime: YELLOW(hysteresis_recover_wait 3/4 raw=GREEN) | Safety: checked=1 fail_closed=0 reasons=api_code_4029:1 | FiltersTop(session): source_qos_cap:8,safe_change_5m:5,source_qos_symbol_cap:3,safe_age:3 | Dedup: heavy_skip=0 override=0 | V2Budget: 1/280 | SourceQoS: enabled=1/in=6/out=3/dropped=3/active_cd=0/drops=source_qos_cap:3 | Ingest: q=0/oldest=0.0s/drop_old=0/dedup_skip=0/enq=0/drain=0 | Sources: dex_boosts:ok=1/fail=0/429=0/lim_wait=0/cd_wait=0/err=0.0%/avg=98ms; dexscreener:ok=11/fail=0/429=0/lim_wait=0/cd_wait=0/err=0.0%/avg=266ms; onchain_enrich:ok=9/fail=0/429=0/lim_wait=0/cd_wait=0/err=0.0%/avg=129ms | Tasks: 3 | RSS: 0.0MB | CycleAvg: 16.96s
2026-02-27 14:19:14,459 [INFO] [u_station_ab_night_autotune_v2] monitor.onchain_factory: ENRICH_RETRY token=0x8bf4a2286c199ce4ca355312f41949250ff15912 pair=0xc1767279288f94fd379b99f6cfe2a6fe8771efe9 attempt=1/2 delay=10s
2026-02-27 14:19:14,464 [INFO] [u_station_ab_night_autotune_v2] monitor.onchain_factory: ENRICH_RETRY token=0x33e06f380330af44a4265529b0ab205facdeef5b pair=0x5749888fdfd7c4007445a7284adf907a4d0bde6d attempt=1/2 delay=10s
2026-02-27 14:19:24,587 [INFO] [u_station_ab_night_autotune_v2] __main__: WATCHLIST merged count=5
2026-02-27 14:19:24,587 [INFO] [u_station_ab_night_autotune_v2] trading.v2_runtime: V2_UNIVERSE in=5 dedup=5 out=5 target=5 novel_target=5 novel_out=0 repeat_dropped=0 symbol_dropped=0 surge_in=2 surge_target=2 surge_out=2
2026-02-27 14:19:24,588 [INFO] [u_station_ab_night_autotune_v2] __main__: V2_SOURCE_QOS_FILTER in=5 out=3 drops={'source_qos_cap': 2} caps={'watchlist': 3}
2026-02-27 14:19:24,588 [INFO] [u_station_ab_night_autotune_v2] __main__: FILTER_FAIL token=VIRTUAL reason=source_qos_cap source=watchlist used=3/3
2026-02-27 14:19:24,588 [INFO] [u_station_ab_night_autotune_v2] __main__: FILTER_FAIL token=AERO reason=source_qos_cap source=watchlist used=3/3
2026-02-27 14:19:24,588 [INFO] [u_station_ab_night_autotune_v2] __main__: FILTER_PASS token=cbBTC tier=A score=100 mode=YELLOW risk=MEDIUM liq=19258732 vol5m=64556
2026-02-27 14:19:24,588 [INFO] [u_station_ab_night_autotune_v2] __main__: FILTER_FAIL token=ToruCeoAI reason=safe_change_5m
2026-02-27 14:19:24,588 [INFO] [u_station_ab_night_autotune_v2] __main__: FILTER_PASS token=FLOW tier=A score=95 mode=YELLOW risk=MEDIUM liq=81880 vol5m=7334
2026-02-27 14:19:24,588 [INFO] [u_station_ab_night_autotune_v2] __main__: V2_QUALITY_GATE enabled=True regime=GREEN in=2 out=2 core_out=1 explore_out=1 probe_out=0 quota=1 max_symbol_share=0.500 drop={} sources_used={'watchlist': 2}
2026-02-27 14:19:24,588 [INFO] [u_station_ab_night_autotune_v2] __main__: V2_ENTRY_ROUTE enabled=True regime=GREEN in=2 out=2 core_out=1 explore_out=1 quota=1 allow_explore=True
2026-02-27 14:19:24,588 [INFO] [u_station_ab_night_autotune_v2] __main__: MARKET_REGIME mode=GREEN reason=avg_cand=2.50 avg_cand_recent=2.50
2026-02-27 14:19:24,588 [WARNING] [u_station_ab_night_autotune_v2] monitor.local_alerter: Local event symbol=MARKET_MODE reco=GREEN risk=INFO
2026-02-27 14:19:24,588 [INFO] [u_station_ab_night_autotune_v2] trading.auto_trader: AutoTrade batch prefilter removed=1 missing_addr=0 open_duplicate=1
2026-02-27 14:19:24,588 [INFO] [u_station_ab_night_autotune_v2] trading.auto_trader: AutoTrade skip token=FLOW reason=blacklist detail=honeypot_guard:is_honeypot,flag:high_fail_rate,sell_tax>5.0%(100.0%)
2026-02-27 14:19:24,588 [INFO] [u_station_ab_night_autotune_v2] trading.auto_trader: AutoTrade batch mode=top_n candidates=2 eligible=1 selected=1 opened=0 pe=off burst_window=0
2026-02-27 14:19:24,588 [INFO] [u_station_ab_night_autotune_v2] trading.auto_trader: PAPER_SUMMARY window=60s closed_delta=0 wins_delta=0 losses_delta=0 realized_delta=$0.00 total_closed=108 winrate_total=42.6% realized_total=$0.30 balance=$6.85 equity=$7.30 open=1
2026-02-27 14:19:24,923 [INFO] [u_station_ab_night_autotune_v2] __main__: Scanned 5 tokens | High quality: 3 | Alerts sent: 0 | Trade candidates: 2 | Quality out/core/explore/probe: 2/1/1/0 | Opened: 0 | Mode: local | Source: onchain+market | Policy: raw=OK/effective=OK(healthy | route=allow_all) | Regime: GREEN(avg_cand=2.50) | Safety: checked=2 fail_closed=0 reasons=api_code_4029:2 | FiltersTop(session): source_qos_cap:10,safe_change_5m:6,source_qos_symbol_cap:3,safe_age:3 | Dedup: heavy_skip=0 override=0 | V2Budget: 2/280 | SourceQoS: enabled=1/in=5/out=3/dropped=2/active_cd=0/drops=source_qos_cap:2 | Ingest: q=0/oldest=0.0s/drop_old=0/dedup_skip=0/enq=0/drain=0 | Sources: dex_boosts:ok=1/fail=0/429=0/lim_wait=0/cd_wait=0/err=0.0%/avg=2455ms; dexscreener:ok=11/fail=0/429=0/lim_wait=0/cd_wait=0/err=0.0%/avg=1232ms; onchain_enrich:ok=8/fail=0/429=0/lim_wait=0/cd_wait=0/err=0.0%/avg=51ms | Tasks: 3 | RSS: 0.0MB | CycleAvg: 15.05s
2026-02-27 14:19:29,203 [INFO] [u_station_ab_night_autotune_v2] monitor.onchain_factory: PAIR_DETECTED source=uniswap_v2 dex=uniswap_v2 pair=0x6366a876aa68a05dd2b30e97c9ce64171fb73ca4 token0=0x4200000000000000000000000000000000000006 token1=0x59bd0370288fbfe3beba1d5100b15343db4deb07 block=42704502 factory=0x8909dc15e40173ff4699343b6eb8132c65e18ec6
2026-02-27 14:19:29,703 [INFO] [u_station_ab_night_autotune_v2] monitor.onchain_factory: ENRICH_RETRY token=0x8bf4a2286c199ce4ca355312f41949250ff15912 pair=0xc1767279288f94fd379b99f6cfe2a6fe8771efe9 attempt=1/2 delay=10s
2026-02-27 14:19:29,866 [INFO] [u_station_ab_night_autotune_v2] monitor.onchain_factory: ENRICH_RETRY token=0x59bd0370288fbfe3beba1d5100b15343db4deb07 pair=0x6366a876aa68a05dd2b30e97c9ce64171fb73ca4 attempt=1/2 delay=10s
2026-02-27 14:19:30,215 [INFO] [u_station_ab_night_autotune_v2] monitor.onchain_factory: ENRICH_RETRY token=0x33e06f380330af44a4265529b0ab205facdeef5b pair=0x5749888fdfd7c4007445a7284adf907a4d0bde6d attempt=1/2 delay=10s
2026-02-27 14:19:40,292 [INFO] [u_station_ab_night_autotune_v2] __main__: WATCHLIST merged count=5
2026-02-27 14:19:40,293 [INFO] [u_station_ab_night_autotune_v2] trading.v2_runtime: V2_UNIVERSE in=5 dedup=5 out=5 target=5 novel_target=5 novel_out=0 repeat_dropped=0 symbol_dropped=0 surge_in=2 surge_target=2 surge_out=2
2026-02-27 14:19:40,294 [INFO] [u_station_ab_night_autotune_v2] __main__: V2_SOURCE_QOS_FILTER in=5 out=3 drops={'source_qos_cap': 2} caps={'watchlist': 3}
2026-02-27 14:19:40,296 [INFO] [u_station_ab_night_autotune_v2] __main__: FILTER_FAIL token=VIRTUAL reason=source_qos_cap source=watchlist used=3/3
2026-02-27 14:19:40,297 [INFO] [u_station_ab_night_autotune_v2] __main__: FILTER_FAIL token=AERO reason=source_qos_cap source=watchlist used=3/3
2026-02-27 14:19:40,298 [INFO] [u_station_ab_night_autotune_v2] __main__: FILTER_PASS token=cbBTC tier=A score=100 mode=GREEN risk=MEDIUM liq=19258732 vol5m=64556
2026-02-27 14:19:40,300 [INFO] [u_station_ab_night_autotune_v2] __main__: FILTER_FAIL token=ToruCeoAI reason=safe_change_5m
2026-02-27 14:19:40,302 [INFO] [u_station_ab_night_autotune_v2] __main__: FILTER_PASS token=FLOW tier=A score=95 mode=GREEN risk=MEDIUM liq=81880 vol5m=7334
2026-02-27 14:19:40,303 [INFO] [u_station_ab_night_autotune_v2] __main__: V2_QUALITY_GATE enabled=True regime=GREEN in=2 out=2 core_out=1 explore_out=1 probe_out=0 quota=1 max_symbol_share=0.500 drop={} sources_used={'watchlist': 2}
2026-02-27 14:19:40,304 [INFO] [u_station_ab_night_autotune_v2] __main__: V2_ENTRY_ROUTE enabled=True regime=GREEN in=2 out=2 core_out=1 explore_out=1 quota=1 allow_explore=True
2026-02-27 14:19:40,305 [INFO] [u_station_ab_night_autotune_v2] __main__: MARKET_REGIME mode=GREEN reason=hysteresis_risk_wait 1/3 raw=YELLOW avg_cand_recent=2.40
2026-02-27 14:19:40,305 [INFO] [u_station_ab_night_autotune_v2] trading.auto_trader: AutoTrade batch prefilter removed=1 missing_addr=0 open_duplicate=1
2026-02-27 14:19:40,308 [INFO] [u_station_ab_night_autotune_v2] trading.auto_trader: AutoTrade skip token=FLOW reason=blacklist detail=honeypot_guard:is_honeypot,flag:high_fail_rate,sell_tax>5.0%(100.0%)
2026-02-27 14:19:40,308 [INFO] [u_station_ab_night_autotune_v2] trading.auto_trader: AutoTrade batch mode=top_n candidates=2 eligible=1 selected=1 opened=0 pe=off burst_window=0
2026-02-27 14:19:40,592 [INFO] [u_station_ab_night_autotune_v2] __main__: Scanned 5 tokens | High quality: 3 | Alerts sent: 0 | Trade candidates: 2 | Quality out/core/explore/probe: 2/1/1/0 | Opened: 0 | Mode: local | Source: onchain+market | Policy: raw=OK/effective=OK(healthy | route=allow_all) | Regime: GREEN(hysteresis_risk_wait 1/3 raw=YELLOW) | Safety: checked=2 fail_closed=0 reasons=api_code_4029:2 | FiltersTop(session): source_qos_cap:12,safe_change_5m:7,source_qos_symbol_cap:3,safe_age:3 | Dedup: heavy_skip=0 override=0 | V2Budget: 2/280 | SourceQoS: enabled=1/in=5/out=3/dropped=2/active_cd=0/drops=source_qos_cap:2 | Ingest: q=4/oldest=10.4s/drop_old=0/dedup_skip=0/enq=4/drain=0 | Sources: dex_boosts:ok=1/fail=0/429=0/lim_wait=0/cd_wait=0/err=0.0%/avg=49ms; dexscreener:ok=11/fail=0/429=0/lim_wait=0/cd_wait=0/err=0.0%/avg=242ms; geckoterminal:ok=1/fail=0/429=0/lim_wait=0/cd_wait=0/err=0.0%/avg=260ms; onchain_enrich:ok=12/fail=0/429=0/lim_wait=0/cd_wait=0/err=0.0%/avg=169ms; onchain_weth_price:ok=1/fail=0/429=0/lim_wait=0/cd_wait=0/err=0.0%/avg=50ms | Tasks: 3 | RSS: 0.0MB | CycleAvg: 14.63s
2026-02-27 14:19:45,053 [INFO] [u_station_ab_night_autotune_v2] monitor.onchain_factory: PAIR_DETECTED source=uniswap_v3 dex=uniswap_v3 pair=0x36c4bcd4d9b2246e0fc778de36f77450f7b0d376 token0=0x2e754cba524585a82cea926fc0ce9b27fca7b701 token1=0x4200000000000000000000000000000000000006 block=42704516 factory=0x33128a8fc17869897dce68ed026d694621f6fdfd
2026-02-27 14:19:45,162 [INFO] [u_station_ab_night_autotune_v2] monitor.onchain_factory: ENRICH_RETRY token=0x8bf4a2286c199ce4ca355312f41949250ff15912 pair=0xc1767279288f94fd379b99f6cfe2a6fe8771efe9 attempt=1/2 delay=10s
2026-02-27 14:19:45,257 [INFO] [u_station_ab_night_autotune_v2] monitor.onchain_factory: ENRICH_RETRY token=0x33e06f380330af44a4265529b0ab205facdeef5b pair=0x5749888fdfd7c4007445a7284adf907a4d0bde6d attempt=1/2 delay=10s
2026-02-27 14:19:45,266 [INFO] [u_station_ab_night_autotune_v2] monitor.onchain_factory: ENRICH_RETRY token=0x59bd0370288fbfe3beba1d5100b15343db4deb07 pair=0x6366a876aa68a05dd2b30e97c9ce64171fb73ca4 attempt=1/2 delay=10s
2026-02-27 14:19:45,619 [INFO] [u_station_ab_night_autotune_v2] monitor.onchain_factory: ENRICH_RETRY token=0x2e754cba524585a82cea926fc0ce9b27fca7b701 pair=0x36c4bcd4d9b2246e0fc778de36f77450f7b0d376 attempt=1/2 delay=10s
2026-02-27 14:19:55,743 [INFO] [u_station_ab_night_autotune_v2] __main__: WATCHLIST merged count=5
2026-02-27 14:19:55,743 [INFO] [u_station_ab_night_autotune_v2] trading.v2_runtime: V2_UNIVERSE in=9 dedup=9 out=9 target=9 novel_target=8 novel_out=2 repeat_dropped=0 symbol_dropped=0 surge_in=5 surge_target=3 surge_out=5
2026-02-27 14:19:55,753 [INFO] [u_station_ab_night_autotune_v2] __main__: V2_SOURCE_QOS_FILTER in=9 out=6 drops={'source_qos_cap': 3} caps={'geckoterminal': 287, 'watchlist': 2}
2026-02-27 14:19:55,753 [INFO] [u_station_ab_night_autotune_v2] __main__: FILTER_FAIL token=FLOW reason=source_qos_cap source=watchlist used=2/2
2026-02-27 14:19:55,753 [INFO] [u_station_ab_night_autotune_v2] __main__: FILTER_FAIL token=VIRTUAL reason=source_qos_cap source=watchlist used=2/2
2026-02-27 14:19:55,753 [INFO] [u_station_ab_night_autotune_v2] __main__: FILTER_FAIL token=AERO reason=source_qos_cap source=watchlist used=2/2
2026-02-27 14:19:55,753 [INFO] [u_station_ab_night_autotune_v2] __main__: FILTER_FAIL token=Whiskers reason=safe_age
2026-02-27 14:19:55,753 [INFO] [u_station_ab_night_autotune_v2] __main__: FILTER_FAIL token=NOVA reason=safe_age
2026-02-27 14:19:55,753 [INFO] [u_station_ab_night_autotune_v2] __main__: FILTER_PASS token=cbBTC tier=A score=100 mode=GREEN risk=MEDIUM liq=19258732 vol5m=64556
2026-02-27 14:19:55,753 [INFO] [u_station_ab_night_autotune_v2] __main__: FILTER_FAIL token=Novaiok reason=safe_age
2026-02-27 14:19:55,753 [INFO] [u_station_ab_night_autotune_v2] __main__: FILTER_FAIL token=ToruCeoAI reason=safe_change_5m
2026-02-27 14:19:55,753 [INFO] [u_station_ab_night_autotune_v2] __main__: FILTER_FAIL token=MOLTD reason=score_min score=40 strict_min=48 soft_min=48 mode=GREEN
2026-02-27 14:19:55,753 [INFO] [u_station_ab_night_autotune_v2] __main__: V2_QUALITY_GATE enabled=True regime=GREEN in=1 out=1 core_out=1 explore_out=0 probe_out=0 quota=0 max_symbol_share=1.000 drop={} sources_used={'watchlist': 1}
2026-02-27 14:19:55,753 [INFO] [u_station_ab_night_autotune_v2] __main__: V2_ENTRY_ROUTE enabled=True regime=GREEN in=1 out=1 core_out=1 explore_out=0 quota=0 allow_explore=True
2026-02-27 14:19:55,753 [INFO] [u_station_ab_night_autotune_v2] __main__: MARKET_REGIME mode=GREEN reason=hysteresis_risk_wait 2/3 raw=YELLOW avg_cand_recent=2.17
2026-02-27 14:19:55,753 [INFO] [u_station_ab_night_autotune_v2] trading.auto_trader: AutoTrade batch prefilter removed=1 missing_addr=0 open_duplicate=1
2026-02-27 14:19:56,071 [INFO] [u_station_ab_night_autotune_v2] __main__: Scanned 9 tokens | High quality: 2 | Alerts sent: 0 | Trade candidates: 1 | Quality out/core/explore/probe: 1/1/0/0 | Opened: 0 | Mode: local | Source: onchain+market | Policy: raw=OK/effective=OK(healthy | route=allow_all) | Regime: GREEN(hysteresis_risk_wait 2/3 raw=YELLOW) | Safety: checked=1 fail_closed=0 reasons=api_code_4029:1 | FiltersTop(session): source_qos_cap:15,safe_change_5m:8,safe_age:6,source_qos_symbol_cap:3 | Dedup: heavy_skip=0 override=0 | V2Budget: 1/280 | SourceQoS: enabled=1/in=9/out=6/dropped=3/active_cd=0/drops=source_qos_cap:3 | Ingest: q=0/oldest=0.0s/drop_old=0/dedup_skip=0/enq=0/drain=4 | Sources: dex_boosts:ok=1/fail=0/429=0/lim_wait=0/cd_wait=0/err=0.0%/avg=136ms; dexscreener:ok=11/fail=0/429=0/lim_wait=0/cd_wait=0/err=0.0%/avg=129ms; onchain_enrich:ok=16/fail=0/429=0/lim_wait=0/cd_wait=0/err=0.0%/avg=94ms | Tasks: 3 | RSS: 0.0MB | CycleAvg: 14.04s
2026-02-27 14:20:01,137 [INFO] [u_station_ab_night_autotune_v2] monitor.onchain_factory: ENRICH_RETRY token=0x2e754cba524585a82cea926fc0ce9b27fca7b701 pair=0x36c4bcd4d9b2246e0fc778de36f77450f7b0d376 attempt=1/2 delay=10s
2026-02-27 14:20:01,341 [INFO] [u_station_ab_night_autotune_v2] monitor.onchain_factory: ENRICH_RETRY token=0x8bf4a2286c199ce4ca355312f41949250ff15912 pair=0xc1767279288f94fd379b99f6cfe2a6fe8771efe9 attempt=1/2 delay=10s
2026-02-27 14:20:01,413 [INFO] [u_station_ab_night_autotune_v2] monitor.onchain_factory: ENRICH_RETRY token=0x33e06f380330af44a4265529b0ab205facdeef5b pair=0x5749888fdfd7c4007445a7284adf907a4d0bde6d attempt=1/2 delay=10s
2026-02-27 14:20:11,506 [INFO] [u_station_ab_night_autotune_v2] __main__: WATCHLIST merged count=5
2026-02-27 14:20:11,506 [INFO] [u_station_ab_night_autotune_v2] trading.v2_runtime: V2_UNIVERSE in=6 dedup=6 out=6 target=6 novel_target=6 novel_out=0 repeat_dropped=0 symbol_dropped=0 surge_in=2 surge_target=2 surge_out=2
2026-02-27 14:20:11,506 [INFO] [u_station_ab_night_autotune_v2] __main__: V2_SOURCE_QOS_FILTER in=6 out=3 drops={'source_qos_cap': 3} caps={'watchlist': 2, 'unknown': 0}
2026-02-27 14:20:11,506 [INFO] [u_station_ab_night_autotune_v2] __main__: FILTER_FAIL token=FLOW reason=source_qos_cap source=watchlist used=2/2
2026-02-27 14:20:11,506 [INFO] [u_station_ab_night_autotune_v2] __main__: FILTER_FAIL token=VIRTUAL reason=source_qos_cap source=watchlist used=2/2
2026-02-27 14:20:11,506 [INFO] [u_station_ab_night_autotune_v2] __main__: FILTER_FAIL token=AERO reason=source_qos_cap source=watchlist used=2/2
2026-02-27 14:20:11,506 [INFO] [u_station_ab_night_autotune_v2] __main__: FILTER_PASS token=cbBTC tier=A score=100 mode=GREEN risk=MEDIUM liq=19258732 vol5m=64556
2026-02-27 14:20:11,506 [INFO] [u_station_ab_night_autotune_v2] __main__: FILTER_FAIL token=ToruCeoAI reason=safe_change_5m
2026-02-27 14:20:11,506 [INFO] [u_station_ab_night_autotune_v2] __main__: FILTER_FAIL token=MOLTD reason=safe_age
2026-02-27 14:20:11,522 [INFO] [u_station_ab_night_autotune_v2] __main__: V2_QUALITY_GATE enabled=True regime=YELLOW in=1 out=1 core_out=1 explore_out=0 probe_out=0 quota=0 max_symbol_share=1.000 drop={} sources_used={'watchlist': 1}
2026-02-27 14:20:11,522 [INFO] [u_station_ab_night_autotune_v2] __main__: V2_ENTRY_ROUTE enabled=True regime=YELLOW in=1 out=1 core_out=1 explore_out=0 quota=0 allow_explore=True
2026-02-27 14:20:11,522 [INFO] [u_station_ab_night_autotune_v2] __main__: MARKET_REGIME mode=YELLOW reason=avg_cand=2.00 avg_cand_recent=2.00
2026-02-27 14:20:11,522 [WARNING] [u_station_ab_night_autotune_v2] monitor.local_alerter: Local event symbol=MARKET_MODE reco=YELLOW risk=INFO
2026-02-27 14:20:11,522 [INFO] [u_station_ab_night_autotune_v2] trading.auto_trader: AutoTrade batch prefilter removed=1 missing_addr=0 open_duplicate=1
2026-02-27 14:20:11,769 [INFO] [u_station_ab_night_autotune_v2] __main__: Scanned 6 tokens | High quality: 2 | Alerts sent: 0 | Trade candidates: 1 | Quality out/core/explore/probe: 1/1/0/0 | Opened: 0 | Mode: local | Source: onchain+market | Policy: raw=OK/effective=OK(healthy | route=allow_all) | Regime: YELLOW(avg_cand=2.00) | Safety: checked=1 fail_closed=0 reasons=api_code_4029:1 | FiltersTop(session): source_qos_cap:18,safe_change_5m:9,safe_age:7,source_qos_symbol_cap:3 | Dedup: heavy_skip=0 override=0 | V2Budget: 1/280 | SourceQoS: enabled=1/in=6/out=3/dropped=3/active_cd=0/drops=source_qos_cap:3 | Ingest: q=0/oldest=0.0s/drop_old=0/dedup_skip=0/enq=0/drain=0 | Sources: dex_boosts:ok=1/fail=0/429=0/lim_wait=0/cd_wait=0/err=0.0%/avg=165ms; dexscreener:ok=11/fail=0/429=0/lim_wait=0/cd_wait=0/err=0.0%/avg=488ms; onchain_enrich:ok=13/fail=0/429=0/lim_wait=0/cd_wait=0/err=0.0%/avg=112ms | Tasks: 3 | RSS: 0.0MB | CycleAvg: 13.61s
2026-02-27 14:20:16,381 [INFO] [u_station_ab_night_autotune_v2] monitor.onchain_factory: ENRICH_RETRY token=0x8bf4a2286c199ce4ca355312f41949250ff15912 pair=0xc1767279288f94fd379b99f6cfe2a6fe8771efe9 attempt=1/2 delay=10s
2026-02-27 14:20:16,396 [INFO] [u_station_ab_night_autotune_v2] monitor.onchain_factory: ENRICH_RETRY token=0x33e06f380330af44a4265529b0ab205facdeef5b pair=0x5749888fdfd7c4007445a7284adf907a4d0bde6d attempt=1/2 delay=10s
2026-02-27 14:20:16,735 [INFO] [u_station_ab_night_autotune_v2] monitor.onchain_factory: ENRICH_RETRY token=0x2e754cba524585a82cea926fc0ce9b27fca7b701 pair=0x36c4bcd4d9b2246e0fc778de36f77450f7b0d376 attempt=1/2 delay=10s
2026-02-27 14:20:26,854 [INFO] [u_station_ab_night_autotune_v2] __main__: WATCHLIST merged count=5
2026-02-27 14:20:26,855 [INFO] [u_station_ab_night_autotune_v2] trading.v2_runtime: V2_UNIVERSE in=5 dedup=5 out=5 target=5 novel_target=5 novel_out=0 repeat_dropped=0 symbol_dropped=0 surge_in=2 surge_target=2 surge_out=2
2026-02-27 14:20:26,855 [INFO] [u_station_ab_night_autotune_v2] __main__: V2_SOURCE_QOS_FILTER in=5 out=3 drops={'source_qos_cap': 2} caps={'watchlist': 3}
2026-02-27 14:20:26,856 [INFO] [u_station_ab_night_autotune_v2] __main__: FILTER_FAIL token=VIRTUAL reason=source_qos_cap source=watchlist used=3/3
2026-02-27 14:20:26,857 [INFO] [u_station_ab_night_autotune_v2] __main__: FILTER_FAIL token=AERO reason=source_qos_cap source=watchlist used=3/3
2026-02-27 14:20:26,858 [INFO] [u_station_ab_night_autotune_v2] __main__: FILTER_PASS token=cbBTC tier=A score=100 mode=YELLOW risk=MEDIUM liq=19258732 vol5m=64556
2026-02-27 14:20:26,859 [INFO] [u_station_ab_night_autotune_v2] __main__: FILTER_FAIL token=ToruCeoAI reason=safe_change_5m
2026-02-27 14:20:26,860 [INFO] [u_station_ab_night_autotune_v2] __main__: FILTER_PASS token=FLOW tier=A score=95 mode=YELLOW risk=MEDIUM liq=81880 vol5m=7334
2026-02-27 14:20:26,862 [INFO] [u_station_ab_night_autotune_v2] __main__: V2_QUALITY_GATE enabled=True regime=YELLOW in=2 out=2 core_out=1 explore_out=1 probe_out=0 quota=1 max_symbol_share=0.500 drop={} sources_used={'watchlist': 2}
2026-02-27 14:20:26,862 [INFO] [u_station_ab_night_autotune_v2] __main__: V2_ENTRY_ROUTE enabled=True regime=YELLOW in=2 out=2 core_out=1 explore_out=1 quota=1 allow_explore=True
2026-02-27 14:20:26,862 [INFO] [u_station_ab_night_autotune_v2] __main__: MARKET_REGIME mode=YELLOW reason=avg_cand=2.00 avg_cand_recent=2.00
2026-02-27 14:20:26,863 [INFO] [u_station_ab_night_autotune_v2] trading.auto_trader: AutoTrade batch prefilter removed=1 missing_addr=0 open_duplicate=1
2026-02-27 14:20:26,864 [INFO] [u_station_ab_night_autotune_v2] trading.auto_trader: AutoTrade skip token=FLOW reason=blacklist detail=honeypot_guard:is_honeypot,flag:high_fail_rate,sell_tax>5.0%(100.0%)
2026-02-27 14:20:26,865 [INFO] [u_station_ab_night_autotune_v2] trading.auto_trader: AutoTrade batch mode=top_n candidates=2 eligible=1 selected=1 opened=0 pe=off burst_window=0
2026-02-27 14:20:26,866 [INFO] [u_station_ab_night_autotune_v2] trading.auto_trader: PAPER_SUMMARY window=60s closed_delta=0 wins_delta=0 losses_delta=0 realized_delta=$0.00 total_closed=108 winrate_total=42.6% realized_total=$0.30 balance=$6.85 equity=$7.30 open=1
2026-02-27 14:20:27,136 [INFO] [u_station_ab_night_autotune_v2] __main__: Scanned 5 tokens | High quality: 3 | Alerts sent: 0 | Trade candidates: 2 | Quality out/core/explore/probe: 2/1/1/0 | Opened: 0 | Mode: local | Source: onchain+market | Policy: raw=OK/effective=OK(healthy | route=allow_all) | Regime: YELLOW(avg_cand=2.00) | Safety: checked=2 fail_closed=0 reasons=api_code_4029:2 | FiltersTop(session): source_qos_cap:20,safe_change_5m:10,safe_age:7,source_qos_symbol_cap:3 | Dedup: heavy_skip=0 override=0 | V2Budget: 2/280 | SourceQoS: enabled=1/in=5/out=3/dropped=2/active_cd=0/drops=source_qos_cap:2 | Ingest: q=0/oldest=0.0s/drop_old=0/dedup_skip=0/enq=0/drain=0 | Sources: dex_boosts:ok=1/fail=0/429=0/lim_wait=0/cd_wait=0/err=0.0%/avg=74ms; dexscreener:ok=11/fail=0/429=0/lim_wait=0/cd_wait=0/err=0.0%/avg=128ms; onchain_enrich:ok=12/fail=0/429=0/lim_wait=0/cd_wait=0/err=0.0%/avg=86ms | Tasks: 3 | RSS: 0.0MB | CycleAvg: 13.34s
2026-02-27 14:20:31,896 [INFO] [u_station_ab_night_autotune_v2] monitor.onchain_factory: ENRICH_RETRY token=0x2e754cba524585a82cea926fc0ce9b27fca7b701 pair=0x36c4bcd4d9b2246e0fc778de36f77450f7b0d376 attempt=1/2 delay=10s
2026-02-27 14:20:32,139 [INFO] [u_station_ab_night_autotune_v2] monitor.onchain_factory: ENRICH_RETRY token=0x8bf4a2286c199ce4ca355312f41949250ff15912 pair=0xc1767279288f94fd379b99f6cfe2a6fe8771efe9 attempt=1/2 delay=10s
2026-02-27 14:20:32,370 [INFO] [u_station_ab_night_autotune_v2] monitor.onchain_factory: ENRICH_RETRY token=0x33e06f380330af44a4265529b0ab205facdeef5b pair=0x5749888fdfd7c4007445a7284adf907a4d0bde6d attempt=1/2 delay=10s
2026-02-27 14:20:42,453 [INFO] [u_station_ab_night_autotune_v2] __main__: WATCHLIST merged count=5
2026-02-27 14:20:42,453 [INFO] [u_station_ab_night_autotune_v2] trading.v2_runtime: V2_UNIVERSE in=5 dedup=5 out=5 target=5 novel_target=5 novel_out=0 repeat_dropped=0 symbol_dropped=0 surge_in=2 surge_target=2 surge_out=2
2026-02-27 14:20:42,453 [INFO] [u_station_ab_night_autotune_v2] __main__: V2_SOURCE_QOS_FILTER in=5 out=3 drops={'source_qos_cap': 2} caps={'watchlist': 3}
2026-02-27 14:20:42,453 [INFO] [u_station_ab_night_autotune_v2] __main__: FILTER_FAIL token=VIRTUAL reason=source_qos_cap source=watchlist used=3/3
2026-02-27 14:20:42,453 [INFO] [u_station_ab_night_autotune_v2] __main__: FILTER_FAIL token=AERO reason=source_qos_cap source=watchlist used=3/3
2026-02-27 14:20:42,453 [INFO] [u_station_ab_night_autotune_v2] __main__: FILTER_PASS token=cbBTC tier=A score=100 mode=YELLOW risk=MEDIUM liq=19258732 vol5m=64556
2026-02-27 14:20:42,453 [INFO] [u_station_ab_night_autotune_v2] __main__: FILTER_FAIL token=ToruCeoAI reason=safe_change_5m
2026-02-27 14:20:42,469 [INFO] [u_station_ab_night_autotune_v2] __main__: FILTER_PASS token=FLOW tier=A score=95 mode=YELLOW risk=MEDIUM liq=81880 vol5m=7334
2026-02-27 14:20:42,469 [INFO] [u_station_ab_night_autotune_v2] __main__: V2_QUALITY_GATE enabled=True regime=YELLOW in=2 out=2 core_out=1 explore_out=1 probe_out=0 quota=1 max_symbol_share=0.500 drop={} sources_used={'watchlist': 2}
2026-02-27 14:20:42,469 [INFO] [u_station_ab_night_autotune_v2] __main__: V2_ENTRY_ROUTE enabled=True regime=YELLOW in=2 out=2 core_out=1 explore_out=1 quota=1 allow_explore=True
2026-02-27 14:20:42,469 [INFO] [u_station_ab_night_autotune_v2] __main__: MARKET_REGIME mode=YELLOW reason=avg_cand=2.00 avg_cand_recent=2.00
2026-02-27 14:20:42,469 [INFO] [u_station_ab_night_autotune_v2] trading.auto_trader: AutoTrade batch prefilter removed=1 missing_addr=0 open_duplicate=1
2026-02-27 14:20:42,469 [INFO] [u_station_ab_night_autotune_v2] trading.auto_trader: AutoTrade skip token=FLOW reason=blacklist detail=honeypot_guard:is_honeypot,flag:high_fail_rate,sell_tax>5.0%(100.0%)
2026-02-27 14:20:42,469 [INFO] [u_station_ab_night_autotune_v2] trading.auto_trader: AutoTrade batch mode=top_n candidates=2 eligible=1 selected=1 opened=0 pe=off burst_window=0
2026-02-27 14:20:42,905 [INFO] [u_station_ab_night_autotune_v2] trading.auto_trader: TOKEN_COOLDOWN token=0xcbb7c0000ab88b473b1f5afd9ef808440eed33bf reason=NO_MOMENTUM pnl=$0.0004 cooldown=170s strikes=0->0 dynamic=True
2026-02-27 14:20:42,905 [INFO] [u_station_ab_night_autotune_v2] trading.auto_trader: AUTO_SELL Paper SELL token=cbBTC reason=NO_MOMENTUM exit=$66113.63000000 pnl=0.10% ($0.00) remaining=$0.00 partial=$0.00 raw=0.10% cost=2.70% gas=$0.03 balance=$7.30
2026-02-27 14:20:43,053 [INFO] [u_station_ab_night_autotune_v2] __main__: Scanned 5 tokens | High quality: 3 | Alerts sent: 0 | Trade candidates: 2 | Quality out/core/explore/probe: 2/1/1/0 | Opened: 0 | Mode: local | Source: onchain+market | Policy: raw=OK/effective=OK(healthy | route=allow_all) | Regime: YELLOW(avg_cand=2.00) | Safety: checked=2 fail_closed=0 reasons=api_code_4029:2 | FiltersTop(session): source_qos_cap:22,safe_change_5m:11,safe_age:7,source_qos_symbol_cap:3 | Dedup: heavy_skip=0 override=0 | V2Budget: 2/280 | SourceQoS: enabled=1/in=5/out=3/dropped=2/active_cd=0/drops=source_qos_cap:2 | Ingest: q=0/oldest=0.0s/drop_old=0/dedup_skip=0/enq=0/drain=0 | Sources: dex_boosts:ok=1/fail=0/429=0/lim_wait=0/cd_wait=0/err=0.0%/avg=1124ms; dexscreener:ok=11/fail=0/429=0/lim_wait=0/cd_wait=0/err=0.0%/avg=754ms; onchain_enrich:ok=12/fail=0/429=0/lim_wait=0/cd_wait=0/err=0.0%/avg=104ms; onchain_weth_price:ok=1/fail=0/429=0/lim_wait=0/cd_wait=0/err=0.0%/avg=54ms | Tasks: 3 | RSS: 0.0MB | CycleAvg: 13.09s
2026-02-27 14:20:47,554 [INFO] [u_station_ab_night_autotune_v2] monitor.onchain_factory: ENRICH_RETRY token=0x8bf4a2286c199ce4ca355312f41949250ff15912 pair=0xc1767279288f94fd379b99f6cfe2a6fe8771efe9 attempt=1/2 delay=10s
2026-02-27 14:20:47,635 [INFO] [u_station_ab_night_autotune_v2] monitor.onchain_factory: ENRICH_RETRY token=0x33e06f380330af44a4265529b0ab205facdeef5b pair=0x5749888fdfd7c4007445a7284adf907a4d0bde6d attempt=1/2 delay=10s
2026-02-27 14:20:48,131 [INFO] [u_station_ab_night_autotune_v2] monitor.onchain_factory: ENRICH_RETRY token=0x2e754cba524585a82cea926fc0ce9b27fca7b701 pair=0x36c4bcd4d9b2246e0fc778de36f77450f7b0d376 attempt=1/2 delay=10s
2026-02-27 14:20:58,209 [INFO] [u_station_ab_night_autotune_v2] __main__: WATCHLIST merged count=5
2026-02-27 14:20:58,209 [INFO] [u_station_ab_night_autotune_v2] trading.v2_runtime: V2_UNIVERSE in=6 dedup=6 out=6 target=6 novel_target=6 novel_out=1 repeat_dropped=0 symbol_dropped=0 surge_in=2 surge_target=2 surge_out=2
2026-02-27 14:20:58,209 [INFO] [u_station_ab_night_autotune_v2] __main__: V2_SOURCE_QOS_FILTER in=6 out=3 drops={'source_qos_cap': 3} caps={'geckoterminal': 287, 'watchlist': 2}
2026-02-27 14:20:58,209 [INFO] [u_station_ab_night_autotune_v2] __main__: FILTER_FAIL token=FLOW reason=source_qos_cap source=watchlist used=2/2
2026-02-27 14:20:58,209 [INFO] [u_station_ab_night_autotune_v2] __main__: FILTER_FAIL token=VIRTUAL reason=source_qos_cap source=watchlist used=2/2
2026-02-27 14:20:58,220 [INFO] [u_station_ab_night_autotune_v2] __main__: FILTER_FAIL token=AERO reason=source_qos_cap source=watchlist used=2/2
2026-02-27 14:20:58,220 [INFO] [u_station_ab_night_autotune_v2] __main__: FILTER_PASS token=cbBTC tier=A score=100 mode=YELLOW risk=MEDIUM liq=19258732 vol5m=64556
2026-02-27 14:20:58,220 [INFO] [u_station_ab_night_autotune_v2] __main__: FILTER_FAIL token=ToruCeoAI reason=safe_change_5m
2026-02-27 14:20:58,220 [INFO] [u_station_ab_night_autotune_v2] __main__: FILTER_FAIL token=SAMX reason=safe_volume vol5m=0 min=6 regime=YELLOW
2026-02-27 14:20:58,220 [INFO] [u_station_ab_night_autotune_v2] __main__: V2_QUALITY_GATE enabled=True regime=YELLOW in=1 out=1 core_out=1 explore_out=0 probe_out=0 quota=0 max_symbol_share=1.000 drop={} sources_used={'watchlist': 1}
2026-02-27 14:20:58,220 [INFO] [u_station_ab_night_autotune_v2] __main__: V2_ENTRY_ROUTE enabled=True regime=YELLOW in=1 out=1 core_out=1 explore_out=0 quota=0 allow_explore=True
2026-02-27 14:20:58,220 [INFO] [u_station_ab_night_autotune_v2] __main__: MARKET_REGIME mode=YELLOW reason=avg_cand=1.90 avg_cand_recent=1.90
2026-02-27 14:20:58,220 [INFO] [u_station_ab_night_autotune_v2] trading.auto_trader: AutoTrade skip token=cbBTC reason=cooldown_left_154s
2026-02-27 14:20:58,220 [INFO] [u_station_ab_night_autotune_v2] trading.auto_trader: AutoTrade batch mode=top_n candidates=1 eligible=1 selected=1 opened=0 pe=off burst_window=0
2026-02-27 14:20:58,220 [INFO] [u_station_ab_night_autotune_v2] __main__: Scanned 6 tokens | High quality: 2 | Alerts sent: 0 | Trade candidates: 1 | Quality out/core/explore/probe: 1/1/0/0 | Opened: 0 | Mode: local | Source: onchain+market | Policy: raw=OK/effective=OK(healthy | route=allow_all) | Regime: YELLOW(avg_cand=1.90) | Safety: checked=1 fail_closed=0 reasons=api_code_4029:1 | FiltersTop(session): source_qos_cap:25,safe_change_5m:12,safe_age:7,source_qos_symbol_cap:3 | Dedup: heavy_skip=0 override=0 | V2Budget: 1/280 | SourceQoS: enabled=1/in=6/out=3/dropped=3/active_cd=0/drops=source_qos_cap:3 | Ingest: q=0/oldest=0.0s/drop_old=0/dedup_skip=0/enq=1/drain=1 | Sources: dex_boosts:ok=1/fail=0/429=0/lim_wait=0/cd_wait=0/err=0.0%/avg=59ms; dexscreener:ok=11/fail=0/429=0/lim_wait=0/cd_wait=0/err=0.0%/avg=107ms; geckoterminal:ok=1/fail=0/429=0/lim_wait=0/cd_wait=0/err=0.0%/avg=239ms; onchain_enrich:ok=12/fail=0/429=0/lim_wait=0/cd_wait=0/err=0.0%/avg=101ms | Tasks: 3 | RSS: 0.0MB | CycleAvg: 12.96s
2026-02-27 14:21:02,754 [INFO] [u_station_ab_night_autotune_v2] monitor.onchain_factory: ENRICH_RETRY token=0x2e754cba524585a82cea926fc0ce9b27fca7b701 pair=0x36c4bcd4d9b2246e0fc778de36f77450f7b0d376 attempt=1/2 delay=10s
2026-02-27 14:21:02,956 [INFO] [u_station_ab_night_autotune_v2] monitor.onchain_factory: ENRICH_RETRY token=0x8bf4a2286c199ce4ca355312f41949250ff15912 pair=0xc1767279288f94fd379b99f6cfe2a6fe8771efe9 attempt=1/2 delay=10s
2026-02-27 14:21:03,592 [INFO] [u_station_ab_night_autotune_v2] monitor.onchain_factory: ENRICH_RETRY token=0x33e06f380330af44a4265529b0ab205facdeef5b pair=0x5749888fdfd7c4007445a7284adf907a4d0bde6d attempt=1/2 delay=10s
2026-02-27 14:21:13,660 [INFO] [u_station_ab_night_autotune_v2] __main__: WATCHLIST merged count=5
2026-02-27 14:21:13,660 [INFO] [u_station_ab_night_autotune_v2] trading.v2_runtime: V2_UNIVERSE in=5 dedup=5 out=5 target=5 novel_target=5 novel_out=0 repeat_dropped=0 symbol_dropped=0 surge_in=2 surge_target=2 surge_out=2
2026-02-27 14:21:13,665 [INFO] [u_station_ab_night_autotune_v2] __main__: V2_SOURCE_QOS_FILTER in=5 out=3 drops={'source_qos_cap': 2} caps={'watchlist': 3}
2026-02-27 14:21:13,665 [INFO] [u_station_ab_night_autotune_v2] __main__: FILTER_FAIL token=VIRTUAL reason=source_qos_cap source=watchlist used=3/3
2026-02-27 14:21:13,665 [INFO] [u_station_ab_night_autotune_v2] __main__: FILTER_FAIL token=AERO reason=source_qos_cap source=watchlist used=3/3
2026-02-27 14:21:13,665 [INFO] [u_station_ab_night_autotune_v2] __main__: FILTER_PASS token=cbBTC tier=A score=100 mode=YELLOW risk=MEDIUM liq=19258732 vol5m=64556
2026-02-27 14:21:13,665 [INFO] [u_station_ab_night_autotune_v2] __main__: FILTER_FAIL token=ToruCeoAI reason=safe_change_5m
2026-02-27 14:21:13,665 [INFO] [u_station_ab_night_autotune_v2] __main__: FILTER_PASS token=FLOW tier=A score=95 mode=YELLOW risk=MEDIUM liq=81880 vol5m=7334
2026-02-27 14:21:13,665 [INFO] [u_station_ab_night_autotune_v2] __main__: V2_QUALITY_GATE enabled=True regime=YELLOW in=2 out=2 core_out=1 explore_out=1 probe_out=0 quota=1 max_symbol_share=0.500 drop={} sources_used={'watchlist': 2}
2026-02-27 14:21:13,665 [INFO] [u_station_ab_night_autotune_v2] __main__: V2_ENTRY_ROUTE enabled=True regime=YELLOW in=2 out=2 core_out=1 explore_out=1 quota=1 allow_explore=True
2026-02-27 14:21:13,681 [INFO] [u_station_ab_night_autotune_v2] __main__: MARKET_REGIME mode=YELLOW reason=avg_cand=1.91 avg_cand_recent=1.91
2026-02-27 14:21:13,683 [INFO] [u_station_ab_night_autotune_v2] trading.auto_trader: AutoTrade skip token=cbBTC reason=cooldown_left_139s
2026-02-27 14:21:13,684 [INFO] [u_station_ab_night_autotune_v2] trading.auto_trader: AutoTrade skip token=FLOW reason=blacklist detail=honeypot_guard:is_honeypot,flag:high_fail_rate,sell_tax>5.0%(100.0%)
2026-02-27 14:21:13,684 [INFO] [u_station_ab_night_autotune_v2] trading.auto_trader: AutoTrade batch mode=top_n candidates=2 eligible=2 selected=2 opened=0 pe=off burst_window=0
2026-02-27 14:21:13,684 [INFO] [u_station_ab_night_autotune_v2] __main__: Scanned 5 tokens | High quality: 3 | Alerts sent: 0 | Trade candidates: 2 | Quality out/core/explore/probe: 2/1/1/0 | Opened: 0 | Mode: local | Source: onchain+market | Policy: raw=OK/effective=OK(healthy | route=allow_all) | Regime: YELLOW(avg_cand=1.91) | Safety: checked=2 fail_closed=0 reasons=api_code_4029:2 | FiltersTop(session): source_qos_cap:27,safe_change_5m:13,safe_age:7,source_qos_symbol_cap:3 | Dedup: heavy_skip=0 override=0 | V2Budget: 2/280 | SourceQoS: enabled=1/in=5/out=3/dropped=2/active_cd=0/drops=source_qos_cap:2 | Ingest: q=0/oldest=0.0s/drop_old=0/dedup_skip=0/enq=0/drain=0 | Sources: dex_boosts:ok=1/fail=0/429=0/lim_wait=0/cd_wait=0/err=0.0%/avg=57ms; dexscreener:ok=11/fail=0/429=0/lim_wait=0/cd_wait=0/err=0.0%/avg=862ms; onchain_enrich:ok=12/fail=0/429=0/lim_wait=0/cd_wait=0/err=0.0%/avg=138ms | Tasks: 3 | RSS: 0.0MB | CycleAvg: 12.78s
2026-02-27 14:21:18,193 [INFO] [u_station_ab_night_autotune_v2] monitor.onchain_factory: ENRICH_RETRY token=0x8bf4a2286c199ce4ca355312f41949250ff15912 pair=0xc1767279288f94fd379b99f6cfe2a6fe8771efe9 attempt=1/2 delay=10s
2026-02-27 14:21:18,294 [INFO] [u_station_ab_night_autotune_v2] monitor.onchain_factory: ENRICH_RETRY token=0x33e06f380330af44a4265529b0ab205facdeef5b pair=0x5749888fdfd7c4007445a7284adf907a4d0bde6d attempt=1/2 delay=10s
2026-02-27 14:21:18,321 [INFO] [u_station_ab_night_autotune_v2] monitor.onchain_factory: ENRICH_RETRY token=0x2e754cba524585a82cea926fc0ce9b27fca7b701 pair=0x36c4bcd4d9b2246e0fc778de36f77450f7b0d376 attempt=1/2 delay=10s
2026-02-27 14:21:28,703 [INFO] [u_station_ab_night_autotune_v2] __main__: WATCHLIST merged count=5
2026-02-27 14:21:28,703 [INFO] [u_station_ab_night_autotune_v2] trading.v2_runtime: V2_UNIVERSE in=5 dedup=5 out=5 target=5 novel_target=5 novel_out=0 repeat_dropped=0 symbol_dropped=0 surge_in=2 surge_target=2 surge_out=2
2026-02-27 14:21:28,703 [INFO] [u_station_ab_night_autotune_v2] __main__: V2_SOURCE_QOS_FILTER in=5 out=3 drops={'source_qos_cap': 2} caps={'watchlist': 3}
2026-02-27 14:21:28,703 [INFO] [u_station_ab_night_autotune_v2] __main__: FILTER_FAIL token=VIRTUAL reason=source_qos_cap source=watchlist used=3/3
2026-02-27 14:21:28,703 [INFO] [u_station_ab_night_autotune_v2] __main__: FILTER_FAIL token=AERO reason=source_qos_cap source=watchlist used=3/3
2026-02-27 14:21:28,703 [INFO] [u_station_ab_night_autotune_v2] __main__: FILTER_PASS token=cbBTC tier=A score=100 mode=YELLOW risk=MEDIUM liq=19258732 vol5m=64556
2026-02-27 14:21:28,703 [INFO] [u_station_ab_night_autotune_v2] __main__: FILTER_FAIL token=ToruCeoAI reason=safe_change_5m
2026-02-27 14:21:28,703 [INFO] [u_station_ab_night_autotune_v2] __main__: FILTER_PASS token=FLOW tier=A score=95 mode=YELLOW risk=MEDIUM liq=81880 vol5m=7334
2026-02-27 14:21:28,703 [INFO] [u_station_ab_night_autotune_v2] __main__: V2_QUALITY_GATE enabled=True regime=YELLOW in=2 out=2 core_out=1 explore_out=1 probe_out=0 quota=1 max_symbol_share=0.500 drop={} sources_used={'watchlist': 2}
2026-02-27 14:21:28,703 [INFO] [u_station_ab_night_autotune_v2] __main__: V2_ENTRY_ROUTE enabled=True regime=YELLOW in=2 out=2 core_out=1 explore_out=1 quota=1 allow_explore=True
2026-02-27 14:21:28,703 [INFO] [u_station_ab_night_autotune_v2] __main__: MARKET_REGIME mode=YELLOW reason=avg_cand=1.92 avg_cand_recent=1.92
2026-02-27 14:21:28,703 [INFO] [u_station_ab_night_autotune_v2] trading.auto_trader: AutoTrade skip token=cbBTC reason=cooldown_left_124s
2026-02-27 14:21:28,703 [INFO] [u_station_ab_night_autotune_v2] trading.auto_trader: AutoTrade skip token=FLOW reason=blacklist detail=honeypot_guard:is_honeypot,flag:high_fail_rate,sell_tax>5.0%(100.0%)
2026-02-27 14:21:28,703 [INFO] [u_station_ab_night_autotune_v2] trading.auto_trader: AutoTrade batch mode=top_n candidates=2 eligible=2 selected=2 opened=0 pe=off burst_window=0
2026-02-27 14:21:28,703 [INFO] [u_station_ab_night_autotune_v2] trading.auto_trader: PAPER_SUMMARY window=60s closed_delta=1 wins_delta=0 losses_delta=0 realized_delta=$0.00 total_closed=109 winrate_total=42.2% realized_total=$0.30 balance=$7.30 equity=$7.30 open=0
2026-02-27 14:21:28,703 [INFO] [u_station_ab_night_autotune_v2] __main__: Scanned 5 tokens | High quality: 3 | Alerts sent: 0 | Trade candidates: 2 | Quality out/core/explore/probe: 2/1/1/0 | Opened: 0 | Mode: local | Source: onchain+market | Policy: raw=OK/effective=OK(healthy | route=allow_all) | Regime: YELLOW(avg_cand=1.92) | Safety: checked=2 fail_closed=0 reasons=api_code_4029:2 | FiltersTop(session): source_qos_cap:29,safe_change_5m:14,safe_age:7,source_qos_symbol_cap:3 | Dedup: heavy_skip=0 override=0 | V2Budget: 2/280 | SourceQoS: enabled=1/in=5/out=3/dropped=2/active_cd=0/drops=source_qos_cap:2 | Ingest: q=0/oldest=0.0s/drop_old=0/dedup_skip=0/enq=0/drain=0 | Sources: dex_boosts:ok=1/fail=0/429=0/lim_wait=0/cd_wait=0/err=0.0%/avg=74ms; dexscreener:ok=11/fail=0/429=0/lim_wait=0/cd_wait=0/err=0.0%/avg=105ms; onchain_enrich:ok=12/fail=0/429=0/lim_wait=0/cd_wait=0/err=0.0%/avg=96ms | Tasks: 3 | RSS: 0.0MB | CycleAvg: 12.66s
2026-02-27 14:21:33,178 [INFO] [u_station_ab_night_autotune_v2] monitor.onchain_factory: ENRICH_RETRY token=0x33e06f380330af44a4265529b0ab205facdeef5b pair=0x5749888fdfd7c4007445a7284adf907a4d0bde6d attempt=1/2 delay=10s
2026-02-27 14:21:33,426 [INFO] [u_station_ab_night_autotune_v2] monitor.onchain_factory: ENRICH_RETRY token=0x8bf4a2286c199ce4ca355312f41949250ff15912 pair=0xc1767279288f94fd379b99f6cfe2a6fe8771efe9 attempt=1/2 delay=10s
2026-02-27 14:21:33,441 [INFO] [u_station_ab_night_autotune_v2] monitor.onchain_factory: ENRICH_RETRY token=0x2e754cba524585a82cea926fc0ce9b27fca7b701 pair=0x36c4bcd4d9b2246e0fc778de36f77450f7b0d376 attempt=1/2 delay=10s
2026-02-27 14:21:43,953 [INFO] [u_station_ab_night_autotune_v2] __main__: WATCHLIST merged count=5
2026-02-27 14:21:43,953 [INFO] [u_station_ab_night_autotune_v2] trading.v2_runtime: V2_UNIVERSE in=5 dedup=5 out=5 target=5 novel_target=5 novel_out=0 repeat_dropped=0 symbol_dropped=0 surge_in=2 surge_target=2 surge_out=2
2026-02-27 14:21:43,953 [INFO] [u_station_ab_night_autotune_v2] __main__: V2_SOURCE_QOS_FILTER in=5 out=3 drops={'source_qos_cap': 2} caps={'watchlist': 3}
2026-02-27 14:21:43,953 [INFO] [u_station_ab_night_autotune_v2] __main__: FILTER_FAIL token=VIRTUAL reason=source_qos_cap source=watchlist used=3/3
2026-02-27 14:21:43,953 [INFO] [u_station_ab_night_autotune_v2] __main__: FILTER_FAIL token=AERO reason=source_qos_cap source=watchlist used=3/3
2026-02-27 14:21:43,953 [INFO] [u_station_ab_night_autotune_v2] __main__: FILTER_PASS token=cbBTC tier=A score=100 mode=YELLOW risk=MEDIUM liq=19258732 vol5m=64556
2026-02-27 14:21:43,953 [INFO] [u_station_ab_night_autotune_v2] __main__: FILTER_FAIL token=ToruCeoAI reason=safe_change_5m
2026-02-27 14:21:43,953 [INFO] [u_station_ab_night_autotune_v2] __main__: FILTER_PASS token=FLOW tier=A score=95 mode=YELLOW risk=MEDIUM liq=81880 vol5m=7334
2026-02-27 14:21:43,953 [INFO] [u_station_ab_night_autotune_v2] __main__: V2_QUALITY_GATE enabled=True regime=YELLOW in=2 out=2 core_out=1 explore_out=1 probe_out=0 quota=1 max_symbol_share=0.500 drop={} sources_used={'watchlist': 2}
2026-02-27 14:21:43,953 [INFO] [u_station_ab_night_autotune_v2] __main__: V2_ENTRY_ROUTE enabled=True regime=YELLOW in=2 out=2 core_out=1 explore_out=1 quota=1 allow_explore=True
2026-02-27 14:21:43,953 [INFO] [u_station_ab_night_autotune_v2] __main__: MARKET_REGIME mode=YELLOW reason=avg_cand=1.58 avg_cand_recent=1.58
2026-02-27 14:21:43,953 [INFO] [u_station_ab_night_autotune_v2] trading.auto_trader: AutoTrade skip token=cbBTC reason=cooldown_left_108s
2026-02-27 14:21:43,953 [INFO] [u_station_ab_night_autotune_v2] trading.auto_trader: AutoTrade skip token=FLOW reason=blacklist detail=honeypot_guard:is_honeypot,flag:high_fail_rate,sell_tax>5.0%(100.0%)
2026-02-27 14:21:43,953 [INFO] [u_station_ab_night_autotune_v2] trading.auto_trader: AutoTrade batch mode=top_n candidates=2 eligible=2 selected=2 opened=0 pe=off burst_window=0
2026-02-27 14:21:43,969 [INFO] [u_station_ab_night_autotune_v2] __main__: Scanned 5 tokens | High quality: 3 | Alerts sent: 0 | Trade candidates: 2 | Quality out/core/explore/probe: 2/1/1/0 | Opened: 0 | Mode: local | Source: onchain+market | Policy: raw=OK/effective=OK(healthy | route=allow_all) | Regime: YELLOW(avg_cand=1.58) | Safety: checked=2 fail_closed=0 reasons=api_code_4029:2 | FiltersTop(session): source_qos_cap:31,safe_change_5m:15,safe_age:7,source_qos_symbol_cap:3 | Dedup: heavy_skip=0 override=0 | V2Budget: 2/280 | SourceQoS: enabled=1/in=5/out=3/dropped=2/active_cd=0/drops=source_qos_cap:2 | Ingest: q=0/oldest=0.0s/drop_old=0/dedup_skip=0/enq=0/drain=0 | Sources: dex_boosts:ok=1/fail=0/429=0/lim_wait=0/cd_wait=0/err=0.0%/avg=38ms; dexscreener:ok=11/fail=0/429=0/lim_wait=0/cd_wait=0/err=0.0%/avg=72ms; onchain_enrich:ok=12/fail=0/429=0/lim_wait=0/cd_wait=0/err=0.0%/avg=151ms; onchain_weth_price:ok=2/fail=0/429=0/lim_wait=0/cd_wait=0/err=0.0%/avg=146ms | Tasks: 3 | RSS: 0.0MB | CycleAvg: 12.52s
2026-02-27 14:21:48,638 [INFO] [u_station_ab_night_autotune_v2] monitor.onchain_factory: ENRICH_RETRY token=0x2e754cba524585a82cea926fc0ce9b27fca7b701 pair=0x36c4bcd4d9b2246e0fc778de36f77450f7b0d376 attempt=1/2 delay=10s
2026-02-27 14:21:48,654 [INFO] [u_station_ab_night_autotune_v2] monitor.onchain_factory: ENRICH_RETRY token=0x8bf4a2286c199ce4ca355312f41949250ff15912 pair=0xc1767279288f94fd379b99f6cfe2a6fe8771efe9 attempt=1/2 delay=10s
2026-02-27 14:21:48,677 [INFO] [u_station_ab_night_autotune_v2] monitor.onchain_factory: ENRICH_RETRY token=0x33e06f380330af44a4265529b0ab205facdeef5b pair=0x5749888fdfd7c4007445a7284adf907a4d0bde6d attempt=1/2 delay=10s
2026-02-27 14:21:58,821 [INFO] [u_station_ab_night_autotune_v2] __main__: WATCHLIST merged count=5
2026-02-27 14:21:58,821 [INFO] [u_station_ab_night_autotune_v2] trading.v2_runtime: V2_UNIVERSE in=5 dedup=5 out=5 target=5 novel_target=5 novel_out=0 repeat_dropped=0 symbol_dropped=0 surge_in=2 surge_target=2 surge_out=2
2026-02-27 14:21:58,821 [INFO] [u_station_ab_night_autotune_v2] __main__: V2_SOURCE_QOS_FILTER in=5 out=3 drops={'source_qos_cap': 2} caps={'watchlist': 3}
2026-02-27 14:21:58,821 [INFO] [u_station_ab_night_autotune_v2] __main__: FILTER_FAIL token=VIRTUAL reason=source_qos_cap source=watchlist used=3/3
2026-02-27 14:21:58,821 [INFO] [u_station_ab_night_autotune_v2] __main__: FILTER_FAIL token=AERO reason=source_qos_cap source=watchlist used=3/3
2026-02-27 14:21:58,821 [INFO] [u_station_ab_night_autotune_v2] __main__: FILTER_PASS token=cbBTC tier=A score=100 mode=YELLOW risk=MEDIUM liq=19258732 vol5m=64556
2026-02-27 14:21:58,821 [INFO] [u_station_ab_night_autotune_v2] __main__: FILTER_FAIL token=ToruCeoAI reason=safe_change_5m
2026-02-27 14:21:58,821 [INFO] [u_station_ab_night_autotune_v2] __main__: FILTER_PASS token=FLOW tier=A score=95 mode=YELLOW risk=MEDIUM liq=81880 vol5m=7334
2026-02-27 14:21:58,821 [INFO] [u_station_ab_night_autotune_v2] __main__: V2_QUALITY_GATE enabled=True regime=YELLOW in=2 out=2 core_out=1 explore_out=1 probe_out=0 quota=1 max_symbol_share=0.500 drop={} sources_used={'watchlist': 2}
2026-02-27 14:21:58,836 [INFO] [u_station_ab_night_autotune_v2] __main__: V2_ENTRY_ROUTE enabled=True regime=YELLOW in=2 out=2 core_out=1 explore_out=1 quota=1 allow_explore=True
2026-02-27 14:21:58,836 [INFO] [u_station_ab_night_autotune_v2] __main__: MARKET_REGIME mode=YELLOW reason=avg_cand=1.67 avg_cand_recent=1.67
2026-02-27 14:21:58,836 [INFO] [u_station_ab_night_autotune_v2] trading.auto_trader: AutoTrade skip token=cbBTC reason=cooldown_left_94s
2026-02-27 14:21:58,836 [INFO] [u_station_ab_night_autotune_v2] trading.auto_trader: AutoTrade skip token=FLOW reason=blacklist detail=honeypot_guard:is_honeypot,flag:high_fail_rate,sell_tax>5.0%(100.0%)
2026-02-27 14:21:58,836 [INFO] [u_station_ab_night_autotune_v2] trading.auto_trader: AutoTrade batch mode=top_n candidates=2 eligible=2 selected=2 opened=0 pe=off burst_window=0
2026-02-27 14:21:58,836 [INFO] [u_station_ab_night_autotune_v2] __main__: Scanned 5 tokens | High quality: 3 | Alerts sent: 0 | Trade candidates: 2 | Quality out/core/explore/probe: 2/1/1/0 | Opened: 0 | Mode: local | Source: onchain+market | Policy: raw=OK/effective=OK(healthy | route=allow_all) | Regime: YELLOW(avg_cand=1.67) | Safety: checked=2 fail_closed=0 reasons=api_code_4029:2 | FiltersTop(session): source_qos_cap:33,safe_change_5m:16,safe_age:7,source_qos_symbol_cap:3 | Dedup: heavy_skip=0 override=0 | V2Budget: 2/280 | SourceQoS: enabled=1/in=5/out=3/dropped=2/active_cd=0/drops=source_qos_cap:2 | Ingest: q=0/oldest=0.0s/drop_old=0/dedup_skip=0/enq=0/drain=0 | Sources: dex_boosts:ok=1/fail=0/429=0/lim_wait=0/cd_wait=0/err=0.0%/avg=55ms; dexscreener:ok=11/fail=0/429=0/lim_wait=0/cd_wait=0/err=0.0%/avg=223ms; onchain_enrich:ok=12/fail=0/429=0/lim_wait=0/cd_wait=0/err=0.0%/avg=64ms | Tasks: 3 | RSS: 0.0MB | CycleAvg: 12.43s
2026-02-27 14:22:03,178 [INFO] [u_station_ab_night_autotune_v2] monitor.onchain_factory: PAIR_DETECTED source=uniswap_v2 dex=uniswap_v2 pair=0x32067e1afb49eac70caa54115d01520c81f4ec8d token0=0x4200000000000000000000000000000000000006 token1=0xfed8cc88e50cf8603cdfacae21a3657a55d3514e block=42704583 factory=0x8909dc15e40173ff4699343b6eb8132c65e18ec6
2026-02-27 14:22:03,178 [INFO] [u_station_ab_night_autotune_v2] monitor.onchain_factory: PAIR_DETECTED source=uniswap_v2 dex=uniswap_v2 pair=0x3e95758972150d2b1d279dc606cf752619ec90e6 token0=0x4200000000000000000000000000000000000006 token1=0x486594d843aed3ef086844f9b05f8e89cc61eb07 block=42704583 factory=0x8909dc15e40173ff4699343b6eb8132c65e18ec6
2026-02-27 14:22:03,403 [INFO] [u_station_ab_night_autotune_v2] monitor.onchain_factory: ENRICH_RETRY token=0x8bf4a2286c199ce4ca355312f41949250ff15912 pair=0xc1767279288f94fd379b99f6cfe2a6fe8771efe9 attempt=1/2 delay=10s
2026-02-27 14:22:03,653 [INFO] [u_station_ab_night_autotune_v2] monitor.onchain_factory: ENRICH_RETRY token=0x486594d843aed3ef086844f9b05f8e89cc61eb07 pair=0x3e95758972150d2b1d279dc606cf752619ec90e6 attempt=1/2 delay=10s
2026-02-27 14:22:03,685 [INFO] [u_station_ab_night_autotune_v2] monitor.onchain_factory: ENRICH_RETRY token=0xfed8cc88e50cf8603cdfacae21a3657a55d3514e pair=0x32067e1afb49eac70caa54115d01520c81f4ec8d attempt=1/2 delay=10s
2026-02-27 14:22:03,714 [INFO] [u_station_ab_night_autotune_v2] monitor.onchain_factory: ENRICH_RETRY token=0x33e06f380330af44a4265529b0ab205facdeef5b pair=0x5749888fdfd7c4007445a7284adf907a4d0bde6d attempt=1/2 delay=10s
2026-02-27 14:22:03,958 [INFO] [u_station_ab_night_autotune_v2] monitor.onchain_factory: ENRICH_RETRY token=0x2e754cba524585a82cea926fc0ce9b27fca7b701 pair=0x36c4bcd4d9b2246e0fc778de36f77450f7b0d376 attempt=1/2 delay=10s
2026-02-27 14:22:14,059 [INFO] [u_station_ab_night_autotune_v2] __main__: WATCHLIST merged count=5
2026-02-27 14:22:14,059 [INFO] [u_station_ab_night_autotune_v2] trading.v2_runtime: V2_UNIVERSE in=6 dedup=6 out=6 target=6 novel_target=6 novel_out=1 repeat_dropped=0 symbol_dropped=0 surge_in=2 surge_target=2 surge_out=2
2026-02-27 14:22:14,059 [INFO] [u_station_ab_night_autotune_v2] __main__: V2_SOURCE_QOS_FILTER in=6 out=3 drops={'source_qos_cap': 3} caps={'geckoterminal': 287, 'watchlist': 2}
2026-02-27 14:22:14,059 [INFO] [u_station_ab_night_autotune_v2] __main__: FILTER_FAIL token=FLOW reason=source_qos_cap source=watchlist used=2/2
2026-02-27 14:22:14,059 [INFO] [u_station_ab_night_autotune_v2] __main__: FILTER_FAIL token=VIRTUAL reason=source_qos_cap source=watchlist used=2/2
2026-02-27 14:22:14,059 [INFO] [u_station_ab_night_autotune_v2] __main__: FILTER_FAIL token=AERO reason=source_qos_cap source=watchlist used=2/2
2026-02-27 14:22:14,059 [INFO] [u_station_ab_night_autotune_v2] __main__: FILTER_PASS token=cbBTC tier=A score=100 mode=YELLOW risk=MEDIUM liq=19258732 vol5m=64556
2026-02-27 14:22:14,059 [INFO] [u_station_ab_night_autotune_v2] __main__: FILTER_FAIL token=ToruCeoAI reason=safe_change_5m
2026-02-27 14:22:14,059 [INFO] [u_station_ab_night_autotune_v2] __main__: FILTER_FAIL token=YiClaw reason=safe_age
2026-02-27 14:22:14,059 [INFO] [u_station_ab_night_autotune_v2] __main__: V2_QUALITY_GATE enabled=True regime=YELLOW in=1 out=1 core_out=1 explore_out=0 probe_out=0 quota=0 max_symbol_share=1.000 drop={} sources_used={'watchlist': 1}
2026-02-27 14:22:14,059 [INFO] [u_station_ab_night_autotune_v2] __main__: V2_ENTRY_ROUTE enabled=True regime=YELLOW in=1 out=1 core_out=1 explore_out=0 quota=0 allow_explore=True
2026-02-27 14:22:14,059 [INFO] [u_station_ab_night_autotune_v2] __main__: MARKET_REGIME mode=YELLOW reason=avg_cand=1.67 avg_cand_recent=1.67
2026-02-27 14:22:14,059 [INFO] [u_station_ab_night_autotune_v2] trading.auto_trader: AutoTrade skip token=cbBTC reason=cooldown_left_78s
2026-02-27 14:22:14,059 [INFO] [u_station_ab_night_autotune_v2] trading.auto_trader: AutoTrade batch mode=top_n candidates=1 eligible=1 selected=1 opened=0 pe=off burst_window=0
2026-02-27 14:22:14,059 [INFO] [u_station_ab_night_autotune_v2] __main__: Scanned 6 tokens | High quality: 2 | Alerts sent: 0 | Trade candidates: 1 | Quality out/core/explore/probe: 1/1/0/0 | Opened: 0 | Mode: local | Source: onchain+market | Policy: raw=OK/effective=OK(healthy | route=allow_all) | Regime: YELLOW(avg_cand=1.67) | Safety: checked=1 fail_closed=0 reasons=api_code_4029:1 | FiltersTop(session): source_qos_cap:36,safe_change_5m:17,safe_age:8,source_qos_symbol_cap:3 | Dedup: heavy_skip=0 override=0 | V2Budget: 1/280 | SourceQoS: enabled=1/in=6/out=3/dropped=3/active_cd=0/drops=source_qos_cap:3 | Ingest: q=0/oldest=0.0s/drop_old=0/dedup_skip=0/enq=1/drain=1 | Sources: dex_boosts:ok=1/fail=0/429=0/lim_wait=0/cd_wait=0/err=0.0%/avg=39ms; dexscreener:ok=11/fail=0/429=0/lim_wait=0/cd_wait=0/err=0.0%/avg=71ms; geckoterminal:ok=1/fail=0/429=0/lim_wait=0/cd_wait=0/err=0.0%/avg=293ms; onchain_enrich:ok=20/fail=0/429=0/lim_wait=0/cd_wait=0/err=0.0%/avg=124ms | Tasks: 3 | RSS: 0.0MB | CycleAvg: 12.31s
2026-02-27 14:22:18,093 [WARNING] [u_station_ab_night_autotune_v2] __main__: GRACEFUL_STOP requested path=D:\earnforme\solana-alert-bot\data\graceful_stop.u_station_ab_night_autotune_v2.signal
2026-02-27 14:22:18,235 [INFO] [u_station_ab_night_autotune_v2] trading.auto_trader: AUTOTRADER_SHUTDOWN reason=main_local_shutdown open=0 closed=109
