2026-02-28 18:38:43,260 [INFO] [u_station_ab_night_autotune_v2] __main__: FILTER_FAIL token=AERO reason=safe_volume vol5m=0 min=5 regime=GREEN
2026-02-28 18:38:43,276 [INFO] [u_station_ab_night_autotune_v2] __main__: V2_QUALITY_GATE enabled=True regime=GREEN in=3 out=3 core_out=1 explore_out=2 probe_out=0 quota=2 max_symbol_share=0.333 drop={} sources_used={'watchlist': 3}
2026-02-28 18:38:43,277 [INFO] [u_station_ab_night_autotune_v2] __main__: V2_ENTRY_ROUTE enabled=True regime=GREEN in=3 out=2 core_out=1 explore_out=1 quota=1 allow_explore=True
2026-02-28 18:38:43,277 [INFO] [u_station_ab_night_autotune_v2] __main__: MARKET_REGIME mode=GREEN reason=avg_cand=3.00 avg_cand_recent=3.00
2026-02-28 18:38:43,281 [INFO] [u_station_ab_night_autotune_v2] trading.auto_trader: AutoTrade skip token=cbBTC reason=cooldown_left_55s
2026-02-28 18:38:43,281 [INFO] [u_station_ab_night_autotune_v2] trading.auto_trader: AutoTrade skip token=CLAWNCH reason=ev_net_low expected_net=$-0.00230 min=$-0.00194 samples=27 conf=1.00 pwin=0.44 avg_win=$0.0098 avg_loss=$0.0116 kelly=0.000 mem=sparse trades=7<18
2026-02-28 18:38:43,281 [INFO] [u_station_ab_night_autotune_v2] trading.auto_trader: AutoTrade batch mode=top_n candidates=2 eligible=2 selected=2 opened=0 pe=off burst_window=0
2026-02-28 18:38:43,281 [INFO] [u_station_ab_night_autotune_v2] __main__: Scanned 4 tokens | High quality: 4 | Alerts sent: 0 | Trade candidates: 3 | Quality out/core/explore/probe: 3/1/2/0 | Opened: 0 | Mode: local | Source: onchain+market | Policy: raw=OK/effective=OK(healthy | route=allow_all) | Regime: GREEN(avg_cand=3.00) | Safety: checked=3 fail_closed=0 reasons=api_code_4029:3 | FiltersTop(session): safe_volume:520,safe_change_5m:129,score_min:64,blacklist:60 | Dedup: heavy_skip=0 override=0 | V2Budget: 3/280 | SourceQoS: enabled=1/in=4/out=4/dropped=0/active_cd=0/drops=none | Ingest: q=0/oldest=0.0s/drop_old=0/dedup_skip=0/enq=0/drain=0 | Sources: dex_boosts:ok=1/fail=0/429=0/lim_wait=0/cd_wait=0/err=0.0%/avg=33ms; dexscreener:ok=10/fail=0/429=0/lim_wait=0/cd_wait=0/err=0.0%/avg=213ms; onchain_enrich:ok=4/fail=0/429=0/lim_wait=0/cd_wait=0/err=0.0%/avg=165ms | Tasks: 3 | RSS: 0.0MB | CycleAvg: 5.90s
2026-02-28 18:38:47,883 [INFO] [u_station_ab_night_autotune_v2] monitor.onchain_factory: ENRICH_RETRY token=0x89ec06a51b492662483042462f6501e83badab07 pair=0x6e489ef2baa1ec134bd57f612b59611fe97589cb attempt=1/2 delay=10s
2026-02-28 18:38:58,036 [INFO] [u_station_ab_night_autotune_v2] __main__: WATCHLIST merged count=6
2026-02-28 18:38:58,036 [INFO] [u_station_ab_night_autotune_v2] trading.v2_runtime: V2_UNIVERSE in=6 dedup=6 out=4 target=4 novel_target=4 novel_out=0 repeat_dropped=0 symbol_dropped=2 surge_in=0 surge_target=0 surge_out=0
2026-02-28 18:38:58,036 [INFO] [u_station_ab_night_autotune_v2] __main__: V2_UNIVERSE cycle=259 before=6 after=4
2026-02-28 18:38:58,036 [INFO] [u_station_ab_night_autotune_v2] __main__: FILTER_PASS token=cbBTC tier=A score=100 mode=GREEN risk=MEDIUM liq=18467585 vol5m=53197
2026-02-28 18:38:58,036 [INFO] [u_station_ab_night_autotune_v2] __main__: FILTER_PASS token=CLAWNCH tier=A score=85 mode=GREEN risk=MEDIUM liq=1170740 vol5m=3815
2026-02-28 18:38:58,036 [INFO] [u_station_ab_night_autotune_v2] __main__: FILTER_PASS token=VIRTUAL tier=A score=75 mode=GREEN risk=MEDIUM liq=6955375 vol5m=13
2026-02-28 18:38:58,036 [INFO] [u_station_ab_night_autotune_v2] __main__: FILTER_FAIL token=AERO reason=safe_volume vol5m=0 min=5 regime=GREEN
2026-02-28 18:38:58,036 [INFO] [u_station_ab_night_autotune_v2] __main__: V2_QUALITY_GATE enabled=True regime=GREEN in=3 out=3 core_out=1 explore_out=2 probe_out=0 quota=2 max_symbol_share=0.333 drop={} sources_used={'watchlist': 3}
2026-02-28 18:38:58,036 [INFO] [u_station_ab_night_autotune_v2] __main__: V2_ENTRY_ROUTE enabled=True regime=GREEN in=3 out=2 core_out=1 explore_out=1 quota=1 allow_explore=True
2026-02-28 18:38:58,036 [INFO] [u_station_ab_night_autotune_v2] __main__: MARKET_REGIME mode=GREEN reason=avg_cand=3.00 avg_cand_recent=3.00
2026-02-28 18:38:58,036 [INFO] [u_station_ab_night_autotune_v2] trading.auto_trader: AutoTrade skip token=cbBTC reason=cooldown_left_41s
2026-02-28 18:38:58,046 [INFO] [u_station_ab_night_autotune_v2] trading.auto_trader: AutoTrade skip token=CLAWNCH reason=ev_net_low expected_net=$-0.00230 min=$-0.00194 samples=27 conf=1.00 pwin=0.44 avg_win=$0.0098 avg_loss=$0.0116 kelly=0.000 mem=sparse trades=7<18
2026-02-28 18:38:58,046 [INFO] [u_station_ab_night_autotune_v2] trading.auto_trader: AutoTrade batch mode=top_n candidates=2 eligible=2 selected=2 opened=0 pe=off burst_window=0
2026-02-28 18:38:58,046 [INFO] [u_station_ab_night_autotune_v2] __main__: Scanned 4 tokens | High quality: 4 | Alerts sent: 0 | Trade candidates: 3 | Quality out/core/explore/probe: 3/1/2/0 | Opened: 0 | Mode: local | Source: onchain+market | Policy: raw=OK/effective=OK(healthy | route=allow_all) | Regime: GREEN(avg_cand=3.00) | Safety: checked=3 fail_closed=0 reasons=api_code_4029:3 | FiltersTop(session): safe_volume:521,safe_change_5m:129,score_min:64,blacklist:60 | Dedup: heavy_skip=0 override=0 | V2Budget: 3/280 | SourceQoS: enabled=1/in=4/out=4/dropped=0/active_cd=0/drops=none | Ingest: q=0/oldest=0.0s/drop_old=0/dedup_skip=0/enq=0/drain=0 | Sources: dex_boosts:ok=1/fail=0/429=0/lim_wait=0/cd_wait=0/err=0.0%/avg=45ms; dexscreener:ok=10/fail=0/429=0/lim_wait=0/cd_wait=0/err=0.0%/avg=70ms; onchain_enrich:ok=4/fail=0/429=0/lim_wait=0/cd_wait=0/err=0.0%/avg=36ms; onchain_weth_price:ok=1/fail=0/429=0/lim_wait=0/cd_wait=0/err=0.0%/avg=67ms | Tasks: 3 | RSS: 0.0MB | CycleAvg: 5.90s
2026-02-28 18:39:02,624 [INFO] [u_station_ab_night_autotune_v2] monitor.onchain_factory: ENRICH_RETRY token=0x89ec06a51b492662483042462f6501e83badab07 pair=0x6e489ef2baa1ec134bd57f612b59611fe97589cb attempt=1/2 delay=10s
2026-02-28 18:39:12,838 [INFO] [u_station_ab_night_autotune_v2] __main__: WATCHLIST merged count=6
2026-02-28 18:39:12,838 [INFO] [u_station_ab_night_autotune_v2] trading.v2_runtime: V2_UNIVERSE in=7 dedup=7 out=5 target=5 novel_target=5 novel_out=1 repeat_dropped=0 symbol_dropped=2 surge_in=0 surge_target=0 surge_out=0
2026-02-28 18:39:12,838 [INFO] [u_station_ab_night_autotune_v2] __main__: V2_UNIVERSE cycle=260 before=7 after=5
2026-02-28 18:39:12,838 [INFO] [u_station_ab_night_autotune_v2] __main__: FILTER_PASS token=cbBTC tier=A score=100 mode=GREEN risk=MEDIUM liq=18467585 vol5m=53197
2026-02-28 18:39:12,838 [INFO] [u_station_ab_night_autotune_v2] __main__: FILTER_PASS token=CLAWNCH tier=A score=85 mode=GREEN risk=MEDIUM liq=1170740 vol5m=3815
2026-02-28 18:39:12,838 [INFO] [u_station_ab_night_autotune_v2] __main__: FILTER_PASS token=VIRTUAL tier=A score=75 mode=GREEN risk=MEDIUM liq=6955375 vol5m=13
2026-02-28 18:39:12,838 [INFO] [u_station_ab_night_autotune_v2] __main__: FILTER_FAIL token=AERO reason=safe_volume vol5m=0 min=5 regime=GREEN
2026-02-28 18:39:12,838 [INFO] [u_station_ab_night_autotune_v2] __main__: FILTER_FAIL token=BADGER reason=score_min score=20 strict_min=48 soft_min=48 mode=GREEN
2026-02-28 18:39:12,838 [INFO] [u_station_ab_night_autotune_v2] __main__: V2_QUALITY_GATE enabled=True regime=GREEN in=3 out=3 core_out=1 explore_out=2 probe_out=0 quota=2 max_symbol_share=0.333 drop={} sources_used={'watchlist': 3}
2026-02-28 18:39:12,838 [INFO] [u_station_ab_night_autotune_v2] __main__: V2_ENTRY_ROUTE enabled=True regime=GREEN in=3 out=2 core_out=1 explore_out=1 quota=1 allow_explore=True
2026-02-28 18:39:12,854 [INFO] [u_station_ab_night_autotune_v2] __main__: MARKET_REGIME mode=GREEN reason=avg_cand=3.00 avg_cand_recent=3.00
2026-02-28 18:39:12,855 [INFO] [u_station_ab_night_autotune_v2] trading.auto_trader: AutoTrade skip token=cbBTC reason=cooldown_left_26s
2026-02-28 18:39:12,857 [INFO] [u_station_ab_night_autotune_v2] trading.auto_trader: AutoTrade skip token=CLAWNCH reason=ev_net_low expected_net=$-0.00230 min=$-0.00194 samples=27 conf=1.00 pwin=0.44 avg_win=$0.0098 avg_loss=$0.0116 kelly=0.000 mem=sparse trades=7<18
2026-02-28 18:39:12,858 [INFO] [u_station_ab_night_autotune_v2] trading.auto_trader: AutoTrade batch mode=top_n candidates=2 eligible=2 selected=2 opened=0 pe=off burst_window=0
2026-02-28 18:39:12,859 [INFO] [u_station_ab_night_autotune_v2] __main__: Scanned 5 tokens | High quality: 4 | Alerts sent: 0 | Trade candidates: 3 | Quality out/core/explore/probe: 3/1/2/0 | Opened: 0 | Mode: local | Source: onchain+market | Policy: raw=OK/effective=OK(healthy | route=allow_all) | Regime: GREEN(avg_cand=3.00) | Safety: checked=3 fail_closed=0 reasons=api_code_4029:3 | FiltersTop(session): safe_volume:522,safe_change_5m:129,score_min:65,blacklist:60 | Dedup: heavy_skip=0 override=0 | V2Budget: 3/280 | SourceQoS: enabled=1/in=5/out=5/dropped=0/active_cd=0/drops=none | Ingest: q=0/oldest=0.0s/drop_old=0/dedup_skip=0/enq=0/drain=0 | Sources: dex_boosts:ok=1/fail=0/429=0/lim_wait=0/cd_wait=0/err=0.0%/avg=55ms; dexscreener:ok=10/fail=0/429=0/lim_wait=0/cd_wait=0/err=0.0%/avg=136ms; onchain_enrich:ok=3/fail=0/429=0/lim_wait=0/cd_wait=0/err=0.0%/avg=100ms | Tasks: 3 | RSS: 0.0MB | CycleAvg: 5.90s
2026-02-28 18:39:17,563 [INFO] [u_station_ab_night_autotune_v2] __main__: WATCHLIST merged count=6
2026-02-28 18:39:17,563 [INFO] [u_station_ab_night_autotune_v2] trading.v2_runtime: V2_UNIVERSE in=6 dedup=6 out=4 target=4 novel_target=4 novel_out=0 repeat_dropped=0 symbol_dropped=2 surge_in=0 surge_target=0 surge_out=0
2026-02-28 18:39:17,564 [INFO] [u_station_ab_night_autotune_v2] __main__: V2_UNIVERSE cycle=261 before=6 after=4
2026-02-28 18:39:17,565 [INFO] [u_station_ab_night_autotune_v2] __main__: FILTER_PASS token=cbBTC tier=A score=100 mode=GREEN risk=MEDIUM liq=18467585 vol5m=53197
2026-02-28 18:39:17,567 [INFO] [u_station_ab_night_autotune_v2] __main__: FILTER_PASS token=CLAWNCH tier=A score=85 mode=GREEN risk=MEDIUM liq=1170740 vol5m=3815
2026-02-28 18:39:17,568 [INFO] [u_station_ab_night_autotune_v2] __main__: FILTER_PASS token=VIRTUAL tier=A score=75 mode=GREEN risk=MEDIUM liq=6955375 vol5m=13
2026-02-28 18:39:17,569 [INFO] [u_station_ab_night_autotune_v2] __main__: FILTER_FAIL token=AERO reason=safe_volume vol5m=0 min=5 regime=GREEN
2026-02-28 18:39:17,570 [INFO] [u_station_ab_night_autotune_v2] __main__: V2_QUALITY_GATE enabled=True regime=GREEN in=3 out=3 core_out=1 explore_out=2 probe_out=0 quota=2 max_symbol_share=0.333 drop={} sources_used={'watchlist': 3}
2026-02-28 18:39:17,571 [INFO] [u_station_ab_night_autotune_v2] __main__: V2_ENTRY_ROUTE enabled=True regime=GREEN in=3 out=2 core_out=1 explore_out=1 quota=1 allow_explore=True
2026-02-28 18:39:17,571 [INFO] [u_station_ab_night_autotune_v2] __main__: MARKET_REGIME mode=GREEN reason=avg_cand=3.00 avg_cand_recent=3.00
2026-02-28 18:39:17,573 [INFO] [u_station_ab_night_autotune_v2] trading.auto_trader: AutoTrade skip token=cbBTC reason=cooldown_left_21s
2026-02-28 18:39:17,575 [INFO] [u_station_ab_night_autotune_v2] trading.auto_trader: AutoTrade skip token=CLAWNCH reason=ev_net_low expected_net=$-0.00230 min=$-0.00194 samples=27 conf=1.00 pwin=0.44 avg_win=$0.0098 avg_loss=$0.0116 kelly=0.000 mem=sparse trades=7<18
2026-02-28 18:39:17,576 [INFO] [u_station_ab_night_autotune_v2] trading.auto_trader: AutoTrade batch mode=top_n candidates=2 eligible=2 selected=2 opened=0 pe=off burst_window=0
2026-02-28 18:39:17,576 [INFO] [u_station_ab_night_autotune_v2] trading.auto_trader: PAPER_SUMMARY window=60s closed_delta=0 wins_delta=0 losses_delta=0 realized_delta=$0.00 total_closed=220 winrate_total=45.5% realized_total=$0.93 balance=$7.93 equity=$7.93 open=0
2026-02-28 18:39:17,577 [INFO] [u_station_ab_night_autotune_v2] __main__: Scanned 4 tokens | High quality: 4 | Alerts sent: 0 | Trade candidates: 3 | Quality out/core/explore/probe: 3/1/2/0 | Opened: 0 | Mode: local | Source: onchain+market | Policy: raw=OK/effective=OK(healthy | route=allow_all) | Regime: GREEN(avg_cand=3.00) | Safety: checked=3 fail_closed=0 reasons=api_code_4029:3 | FiltersTop(session): safe_volume:523,safe_change_5m:129,score_min:65,blacklist:60 | Dedup: heavy_skip=0 override=0 | V2Budget: 3/280 | SourceQoS: enabled=1/in=4/out=4/dropped=0/active_cd=0/drops=none | Ingest: q=0/oldest=0.0s/drop_old=0/dedup_skip=0/enq=0/drain=0 | Sources: dex_boosts:ok=1/fail=0/429=0/lim_wait=0/cd_wait=0/err=0.0%/avg=55ms; dexscreener:ok=10/fail=0/429=0/lim_wait=0/cd_wait=0/err=0.0%/avg=157ms | Tasks: 3 | RSS: 0.0MB | CycleAvg: 5.89s
2026-02-28 18:39:22,064 [INFO] [u_station_ab_night_autotune_v2] __main__: WATCHLIST merged count=6
2026-02-28 18:39:22,064 [INFO] [u_station_ab_night_autotune_v2] trading.v2_runtime: V2_UNIVERSE in=6 dedup=6 out=4 target=4 novel_target=4 novel_out=0 repeat_dropped=0 symbol_dropped=2 surge_in=0 surge_target=0 surge_out=0
2026-02-28 18:39:22,064 [INFO] [u_station_ab_night_autotune_v2] __main__: V2_UNIVERSE cycle=262 before=6 after=4
2026-02-28 18:39:22,064 [INFO] [u_station_ab_night_autotune_v2] __main__: FILTER_PASS token=cbBTC tier=A score=100 mode=GREEN risk=MEDIUM liq=18467585 vol5m=53197
2026-02-28 18:39:22,064 [INFO] [u_station_ab_night_autotune_v2] __main__: FILTER_PASS token=CLAWNCH tier=A score=85 mode=GREEN risk=MEDIUM liq=1170740 vol5m=3815
2026-02-28 18:39:22,064 [INFO] [u_station_ab_night_autotune_v2] __main__: FILTER_PASS token=VIRTUAL tier=A score=75 mode=GREEN risk=MEDIUM liq=6955375 vol5m=13
2026-02-28 18:39:22,064 [INFO] [u_station_ab_night_autotune_v2] __main__: FILTER_FAIL token=AERO reason=safe_volume vol5m=0 min=5 regime=GREEN
2026-02-28 18:39:22,080 [INFO] [u_station_ab_night_autotune_v2] __main__: V2_QUALITY_GATE enabled=True regime=GREEN in=3 out=3 core_out=1 explore_out=2 probe_out=0 quota=2 max_symbol_share=0.333 drop={} sources_used={'watchlist': 3}
2026-02-28 18:39:22,081 [INFO] [u_station_ab_night_autotune_v2] __main__: V2_ENTRY_ROUTE enabled=True regime=GREEN in=3 out=2 core_out=1 explore_out=1 quota=1 allow_explore=True
2026-02-28 18:39:22,081 [INFO] [u_station_ab_night_autotune_v2] __main__: MARKET_REGIME mode=GREEN reason=avg_cand=3.00 avg_cand_recent=3.00
2026-02-28 18:39:22,082 [INFO] [u_station_ab_night_autotune_v2] trading.auto_trader: AutoTrade skip token=cbBTC reason=cooldown_left_17s
2026-02-28 18:39:22,082 [INFO] [u_station_ab_night_autotune_v2] trading.auto_trader: AutoTrade skip token=CLAWNCH reason=ev_net_low expected_net=$-0.00230 min=$-0.00194 samples=27 conf=1.00 pwin=0.44 avg_win=$0.0098 avg_loss=$0.0116 kelly=0.000 mem=sparse trades=7<18
2026-02-28 18:39:22,082 [INFO] [u_station_ab_night_autotune_v2] trading.auto_trader: AutoTrade batch mode=top_n candidates=2 eligible=2 selected=2 opened=0 pe=off burst_window=0
2026-02-28 18:39:22,082 [INFO] [u_station_ab_night_autotune_v2] __main__: Scanned 4 tokens | High quality: 4 | Alerts sent: 0 | Trade candidates: 3 | Quality out/core/explore/probe: 3/1/2/0 | Opened: 0 | Mode: local | Source: onchain+market | Policy: raw=OK/effective=OK(healthy | route=allow_all) | Regime: GREEN(avg_cand=3.00) | Safety: checked=3 fail_closed=0 reasons=api_code_4029:3 | FiltersTop(session): safe_volume:524,safe_change_5m:129,score_min:65,blacklist:60 | Dedup: heavy_skip=0 override=0 | V2Budget: 3/280 | SourceQoS: enabled=1/in=4/out=4/dropped=0/active_cd=0/drops=none | Ingest: q=0/oldest=0.0s/drop_old=0/dedup_skip=0/enq=0/drain=0 | Sources: dex_boosts:ok=1/fail=0/429=0/lim_wait=0/cd_wait=0/err=0.0%/avg=47ms; dexscreener:ok=10/fail=0/429=0/lim_wait=0/cd_wait=0/err=0.0%/avg=39ms | Tasks: 3 | RSS: 0.0MB | CycleAvg: 5.81s
2026-02-28 18:39:26,605 [INFO] [u_station_ab_night_autotune_v2] __main__: WATCHLIST merged count=6
2026-02-28 18:39:26,606 [INFO] [u_station_ab_night_autotune_v2] trading.v2_runtime: V2_UNIVERSE in=6 dedup=6 out=4 target=4 novel_target=4 novel_out=0 repeat_dropped=0 symbol_dropped=2 surge_in=0 surge_target=0 surge_out=0
2026-02-28 18:39:26,607 [INFO] [u_station_ab_night_autotune_v2] __main__: V2_UNIVERSE cycle=263 before=6 after=4
2026-02-28 18:39:26,608 [INFO] [u_station_ab_night_autotune_v2] __main__: FILTER_PASS token=cbBTC tier=A score=100 mode=GREEN risk=MEDIUM liq=18467585 vol5m=53197
2026-02-28 18:39:26,609 [INFO] [u_station_ab_night_autotune_v2] __main__: FILTER_PASS token=CLAWNCH tier=A score=85 mode=GREEN risk=MEDIUM liq=1170740 vol5m=3815
2026-02-28 18:39:26,610 [INFO] [u_station_ab_night_autotune_v2] __main__: FILTER_PASS token=VIRTUAL tier=A score=75 mode=GREEN risk=MEDIUM liq=6955375 vol5m=13
2026-02-28 18:39:26,611 [INFO] [u_station_ab_night_autotune_v2] __main__: FILTER_FAIL token=AERO reason=safe_volume vol5m=0 min=5 regime=GREEN
2026-02-28 18:39:26,612 [INFO] [u_station_ab_night_autotune_v2] __main__: V2_QUALITY_GATE enabled=True regime=GREEN in=3 out=3 core_out=1 explore_out=2 probe_out=0 quota=2 max_symbol_share=0.333 drop={} sources_used={'watchlist': 3}
2026-02-28 18:39:26,612 [INFO] [u_station_ab_night_autotune_v2] __main__: V2_ENTRY_ROUTE enabled=True regime=GREEN in=3 out=2 core_out=1 explore_out=1 quota=1 allow_explore=True
2026-02-28 18:39:26,613 [INFO] [u_station_ab_night_autotune_v2] __main__: MARKET_REGIME mode=GREEN reason=avg_cand=3.00 avg_cand_recent=3.00
2026-02-28 18:39:26,614 [INFO] [u_station_ab_night_autotune_v2] trading.auto_trader: AutoTrade skip token=cbBTC reason=cooldown_left_12s
2026-02-28 18:39:26,616 [INFO] [u_station_ab_night_autotune_v2] trading.auto_trader: AutoTrade skip token=CLAWNCH reason=ev_net_low expected_net=$-0.00230 min=$-0.00194 samples=27 conf=1.00 pwin=0.44 avg_win=$0.0098 avg_loss=$0.0116 kelly=0.000 mem=sparse trades=7<18
2026-02-28 18:39:26,616 [INFO] [u_station_ab_night_autotune_v2] trading.auto_trader: AutoTrade batch mode=top_n candidates=2 eligible=2 selected=2 opened=0 pe=off burst_window=0
2026-02-28 18:39:26,617 [INFO] [u_station_ab_night_autotune_v2] __main__: Scanned 4 tokens | High quality: 4 | Alerts sent: 0 | Trade candidates: 3 | Quality out/core/explore/probe: 3/1/2/0 | Opened: 0 | Mode: local | Source: onchain+market | Policy: raw=OK/effective=OK(healthy | route=allow_all) | Regime: GREEN(avg_cand=3.00) | Safety: checked=3 fail_closed=0 reasons=api_code_4029:3 | FiltersTop(session): safe_volume:525,safe_change_5m:129,score_min:65,blacklist:60 | Dedup: heavy_skip=0 override=0 | V2Budget: 3/280 | SourceQoS: enabled=1/in=4/out=4/dropped=0/active_cd=0/drops=none | Ingest: q=0/oldest=0.0s/drop_old=0/dedup_skip=0/enq=0/drain=0 | Sources: dex_boosts:ok=1/fail=0/429=0/lim_wait=0/cd_wait=0/err=0.0%/avg=36ms; dexscreener:ok=10/fail=0/429=0/lim_wait=0/cd_wait=0/err=0.0%/avg=52ms | Tasks: 3 | RSS: 0.0MB | CycleAvg: 5.72s
2026-02-28 18:39:31,157 [INFO] [u_station_ab_night_autotune_v2] __main__: WATCHLIST merged count=6
2026-02-28 18:39:31,157 [INFO] [u_station_ab_night_autotune_v2] trading.v2_runtime: V2_UNIVERSE in=6 dedup=6 out=4 target=4 novel_target=4 novel_out=0 repeat_dropped=0 symbol_dropped=2 surge_in=0 surge_target=0 surge_out=0
2026-02-28 18:39:31,157 [INFO] [u_station_ab_night_autotune_v2] __main__: V2_UNIVERSE cycle=264 before=6 after=4
2026-02-28 18:39:31,157 [INFO] [u_station_ab_night_autotune_v2] __main__: FILTER_PASS token=cbBTC tier=A score=100 mode=GREEN risk=MEDIUM liq=18467585 vol5m=53197
2026-02-28 18:39:31,157 [INFO] [u_station_ab_night_autotune_v2] __main__: FILTER_PASS token=CLAWNCH tier=A score=85 mode=GREEN risk=MEDIUM liq=1170740 vol5m=3815
2026-02-28 18:39:31,157 [INFO] [u_station_ab_night_autotune_v2] __main__: FILTER_PASS token=VIRTUAL tier=A score=75 mode=GREEN risk=MEDIUM liq=6955375 vol5m=13
2026-02-28 18:39:31,172 [INFO] [u_station_ab_night_autotune_v2] __main__: FILTER_FAIL token=AERO reason=safe_volume vol5m=0 min=5 regime=GREEN
2026-02-28 18:39:31,174 [INFO] [u_station_ab_night_autotune_v2] __main__: V2_QUALITY_GATE enabled=True regime=GREEN in=3 out=3 core_out=1 explore_out=2 probe_out=0 quota=2 max_symbol_share=0.333 drop={} sources_used={'watchlist': 3}
2026-02-28 18:39:31,175 [INFO] [u_station_ab_night_autotune_v2] __main__: V2_ENTRY_ROUTE enabled=True regime=GREEN in=3 out=2 core_out=1 explore_out=1 quota=1 allow_explore=True
2026-02-28 18:39:31,175 [INFO] [u_station_ab_night_autotune_v2] __main__: MARKET_REGIME mode=GREEN reason=avg_cand=3.00 avg_cand_recent=3.00
2026-02-28 18:39:31,175 [INFO] [u_station_ab_night_autotune_v2] trading.auto_trader: AutoTrade skip token=cbBTC reason=cooldown_left_8s
2026-02-28 18:39:31,175 [INFO] [u_station_ab_night_autotune_v2] trading.auto_trader: AutoTrade skip token=CLAWNCH reason=ev_net_low expected_net=$-0.00230 min=$-0.00194 samples=27 conf=1.00 pwin=0.44 avg_win=$0.0098 avg_loss=$0.0116 kelly=0.000 mem=sparse trades=7<18
2026-02-28 18:39:31,175 [INFO] [u_station_ab_night_autotune_v2] trading.auto_trader: AutoTrade batch mode=top_n candidates=2 eligible=2 selected=2 opened=0 pe=off burst_window=0
2026-02-28 18:39:31,175 [INFO] [u_station_ab_night_autotune_v2] __main__: Scanned 4 tokens | High quality: 4 | Alerts sent: 0 | Trade candidates: 3 | Quality out/core/explore/probe: 3/1/2/0 | Opened: 0 | Mode: local | Source: onchain+market | Policy: raw=OK/effective=OK(healthy | route=allow_all) | Regime: GREEN(avg_cand=3.00) | Safety: checked=3 fail_closed=0 reasons=api_code_4029:3 | FiltersTop(session): safe_volume:526,safe_change_5m:129,score_min:65,blacklist:60 | Dedup: heavy_skip=0 override=0 | V2Budget: 3/280 | SourceQoS: enabled=1/in=4/out=4/dropped=0/active_cd=0/drops=none | Ingest: q=1/oldest=0.4s/drop_old=0/dedup_skip=2/enq=1/drain=0 | Sources: dex_boosts:ok=1/fail=0/429=0/lim_wait=0/cd_wait=0/err=0.0%/avg=40ms; dexscreener:ok=10/fail=0/429=0/lim_wait=0/cd_wait=0/err=0.0%/avg=44ms; geckoterminal:ok=1/fail=0/429=0/lim_wait=0/cd_wait=0/err=0.0%/avg=797ms | Tasks: 3 | RSS: 0.0MB | CycleAvg: 5.63s
2026-02-28 18:39:35,583 [INFO] [u_station_ab_night_autotune_v2] monitor.onchain_factory: PAIR_DETECTED source=uniswap_v2 dex=uniswap_v2 pair=0xd7c1e3ddf123558c44d228676150fcf6f85a55bc token0=0x4200000000000000000000000000000000000006 token1=0x9507cfeeee611c1af8173485b7f756d7ec68ab07 block=42755512 factory=0x8909dc15e40173ff4699343b6eb8132c65e18ec6
2026-02-28 18:39:36,272 [INFO] [u_station_ab_night_autotune_v2] monitor.onchain_factory: ENRICH_RETRY token=0x9507cfeeee611c1af8173485b7f756d7ec68ab07 pair=0xd7c1e3ddf123558c44d228676150fcf6f85a55bc attempt=1/2 delay=10s
2026-02-28 18:39:46,346 [INFO] [u_station_ab_night_autotune_v2] __main__: WATCHLIST merged count=6
2026-02-28 18:39:46,347 [INFO] [u_station_ab_night_autotune_v2] trading.v2_runtime: V2_UNIVERSE in=7 dedup=7 out=5 target=5 novel_target=5 novel_out=1 repeat_dropped=0 symbol_dropped=2 surge_in=0 surge_target=0 surge_out=0
2026-02-28 18:39:46,348 [INFO] [u_station_ab_night_autotune_v2] __main__: V2_UNIVERSE cycle=265 before=7 after=5
2026-02-28 18:39:46,349 [INFO] [u_station_ab_night_autotune_v2] __main__: FILTER_PASS token=cbBTC tier=A score=100 mode=GREEN risk=MEDIUM liq=18467585 vol5m=53197
2026-02-28 18:39:46,351 [INFO] [u_station_ab_night_autotune_v2] __main__: FILTER_FAIL token=WORLD reason=score_min score=40 strict_min=48 soft_min=48 mode=GREEN
2026-02-28 18:39:46,351 [INFO] [u_station_ab_night_autotune_v2] __main__: FILTER_PASS token=CLAWNCH tier=A score=85 mode=GREEN risk=MEDIUM liq=1170740 vol5m=3815
2026-02-28 18:39:46,352 [INFO] [u_station_ab_night_autotune_v2] __main__: FILTER_PASS token=VIRTUAL tier=A score=75 mode=GREEN risk=MEDIUM liq=6955375 vol5m=13
2026-02-28 18:39:46,354 [INFO] [u_station_ab_night_autotune_v2] __main__: FILTER_FAIL token=AERO reason=safe_volume vol5m=0 min=5 regime=GREEN
2026-02-28 18:39:46,355 [INFO] [u_station_ab_night_autotune_v2] __main__: V2_QUALITY_GATE enabled=True regime=GREEN in=3 out=3 core_out=1 explore_out=2 probe_out=0 quota=2 max_symbol_share=0.333 drop={} sources_used={'watchlist': 3}
2026-02-28 18:39:46,355 [INFO] [u_station_ab_night_autotune_v2] __main__: V2_ENTRY_ROUTE enabled=True regime=GREEN in=3 out=2 core_out=1 explore_out=1 quota=1 allow_explore=True
2026-02-28 18:39:46,356 [INFO] [u_station_ab_night_autotune_v2] __main__: MARKET_REGIME mode=GREEN reason=avg_cand=3.00 avg_cand_recent=3.00
2026-02-28 18:39:46,358 [INFO] [u_station_ab_night_autotune_v2] trading.auto_trader: SYMBOL_COOLDOWN symbol=CBBTC seconds=300 reason=fatigue_cap
2026-02-28 18:39:46,359 [INFO] [u_station_ab_night_autotune_v2] trading.auto_trader: AutoTrade skip token=cbBTC reason=symbol_fatigue_cap trades=9 cap=9
2026-02-28 18:39:46,381 [INFO] [u_station_ab_night_autotune_v2] trading.auto_trader: AutoTrade skip token=CLAWNCH reason=ev_net_low expected_net=$-0.00230 min=$-0.00194 samples=27 conf=1.00 pwin=0.44 avg_win=$0.0098 avg_loss=$0.0116 kelly=0.000 mem=sparse trades=7<18
2026-02-28 18:39:46,382 [INFO] [u_station_ab_night_autotune_v2] trading.auto_trader: AutoTrade batch mode=top_n candidates=2 eligible=2 selected=2 opened=0 pe=off burst_window=0
2026-02-28 18:39:46,383 [INFO] [u_station_ab_night_autotune_v2] __main__: Scanned 5 tokens | High quality: 4 | Alerts sent: 0 | Trade candidates: 3 | Quality out/core/explore/probe: 3/1/2/0 | Opened: 0 | Mode: local | Source: onchain+market | Policy: raw=OK/effective=OK(healthy | route=allow_all) | Regime: GREEN(avg_cand=3.00) | Safety: checked=3 fail_closed=0 reasons=api_code_4029:3 | FiltersTop(session): safe_volume:527,safe_change_5m:129,score_min:66,blacklist:60 | Dedup: heavy_skip=0 override=0 | V2Budget: 3/280 | SourceQoS: enabled=1/in=5/out=5/dropped=0/active_cd=0/drops=none | Ingest: q=0/oldest=0.0s/drop_old=0/dedup_skip=0/enq=0/drain=1 | Sources: dex_boosts:ok=1/fail=0/429=0/lim_wait=0/cd_wait=0/err=0.0%/avg=64ms; dexscreener:ok=10/fail=0/429=0/lim_wait=0/cd_wait=0/err=0.0%/avg=82ms; onchain_enrich:ok=4/fail=0/429=0/lim_wait=0/cd_wait=0/err=0.0%/avg=152ms | Tasks: 3 | RSS: 0.0MB | CycleAvg: 5.54s
2026-02-28 18:39:50,782 [INFO] [u_station_ab_night_autotune_v2] monitor.onchain_factory: PAIR_DETECTED source=uniswap_v2 dex=uniswap_v2 pair=0xf7bac0ad7f9d75df3c6eb9489c1871dbbe19dae1 token0=0x4200000000000000000000000000000000000006 token1=0x556d23b425dab042e0fc848e8b8a40acf8e0ab07 block=42755513 factory=0x8909dc15e40173ff4699343b6eb8132c65e18ec6
2026-02-28 18:39:51,053 [INFO] [u_station_ab_night_autotune_v2] monitor.onchain_factory: ENRICH_RETRY token=0x9507cfeeee611c1af8173485b7f756d7ec68ab07 pair=0xd7c1e3ddf123558c44d228676150fcf6f85a55bc attempt=1/2 delay=10s
2026-02-28 18:39:51,248 [INFO] [u_station_ab_night_autotune_v2] monitor.onchain_factory: ENRICH_RETRY token=0x556d23b425dab042e0fc848e8b8a40acf8e0ab07 pair=0xf7bac0ad7f9d75df3c6eb9489c1871dbbe19dae1 attempt=1/2 delay=10s
2026-02-28 18:40:01,340 [INFO] [u_station_ab_night_autotune_v2] __main__: WATCHLIST merged count=6
2026-02-28 18:40:01,340 [INFO] [u_station_ab_night_autotune_v2] trading.v2_runtime: V2_UNIVERSE in=6 dedup=6 out=4 target=4 novel_target=4 novel_out=0 repeat_dropped=0 symbol_dropped=2 surge_in=0 surge_target=0 surge_out=0
2026-02-28 18:40:01,342 [INFO] [u_station_ab_night_autotune_v2] __main__: V2_UNIVERSE cycle=266 before=6 after=4
2026-02-28 18:40:01,343 [INFO] [u_station_ab_night_autotune_v2] __main__: FILTER_PASS token=cbBTC tier=A score=100 mode=GREEN risk=MEDIUM liq=18467585 vol5m=53197
2026-02-28 18:40:01,344 [INFO] [u_station_ab_night_autotune_v2] __main__: FILTER_PASS token=CLAWNCH tier=A score=85 mode=GREEN risk=MEDIUM liq=1170740 vol5m=3815
2026-02-28 18:40:01,345 [INFO] [u_station_ab_night_autotune_v2] __main__: FILTER_PASS token=VIRTUAL tier=A score=75 mode=GREEN risk=MEDIUM liq=6955375 vol5m=13
2026-02-28 18:40:01,347 [INFO] [u_station_ab_night_autotune_v2] __main__: FILTER_FAIL token=AERO reason=safe_volume vol5m=0 min=5 regime=GREEN
2026-02-28 18:40:01,348 [INFO] [u_station_ab_night_autotune_v2] __main__: V2_QUALITY_GATE enabled=True regime=GREEN in=3 out=3 core_out=1 explore_out=2 probe_out=0 quota=2 max_symbol_share=0.333 drop={} sources_used={'watchlist': 3}
2026-02-28 18:40:01,349 [INFO] [u_station_ab_night_autotune_v2] __main__: V2_ENTRY_ROUTE enabled=True regime=GREEN in=3 out=2 core_out=1 explore_out=1 quota=1 allow_explore=True
2026-02-28 18:40:01,349 [INFO] [u_station_ab_night_autotune_v2] __main__: MARKET_REGIME mode=GREEN reason=avg_cand=3.00 avg_cand_recent=3.00
2026-02-28 18:40:01,351 [INFO] [u_station_ab_night_autotune_v2] trading.auto_trader: AutoTrade skip token=cbBTC reason=symbol_cooldown_left_285s
2026-02-28 18:40:01,355 [INFO] [u_station_ab_night_autotune_v2] trading.auto_trader: AutoTrade skip token=CLAWNCH reason=ev_net_low expected_net=$-0.00230 min=$-0.00194 samples=27 conf=1.00 pwin=0.44 avg_win=$0.0098 avg_loss=$0.0116 kelly=0.000 mem=sparse trades=7<18
2026-02-28 18:40:01,356 [INFO] [u_station_ab_night_autotune_v2] trading.auto_trader: AutoTrade batch mode=top_n candidates=2 eligible=2 selected=2 opened=0 pe=off burst_window=0
2026-02-28 18:40:01,357 [INFO] [u_station_ab_night_autotune_v2] __main__: Scanned 4 tokens | High quality: 4 | Alerts sent: 0 | Trade candidates: 3 | Quality out/core/explore/probe: 3/1/2/0 | Opened: 0 | Mode: local | Source: onchain+market | Policy: raw=OK/effective=OK(healthy | route=allow_all) | Regime: GREEN(avg_cand=3.00) | Safety: checked=3 fail_closed=0 reasons=api_code_4029:3 | FiltersTop(session): safe_volume:528,safe_change_5m:129,score_min:66,blacklist:60 | Dedup: heavy_skip=0 override=0 | V2Budget: 3/280 | SourceQoS: enabled=1/in=4/out=4/dropped=0/active_cd=0/drops=none | Ingest: q=0/oldest=0.0s/drop_old=0/dedup_skip=0/enq=0/drain=0 | Sources: dex_boosts:ok=1/fail=0/429=0/lim_wait=0/cd_wait=0/err=0.0%/avg=36ms; dexscreener:ok=10/fail=0/429=0/lim_wait=0/cd_wait=0/err=0.0%/avg=386ms; onchain_enrich:ok=8/fail=0/429=0/lim_wait=0/cd_wait=0/err=0.0%/avg=76ms; onchain_weth_price:ok=1/fail=0/429=0/lim_wait=0/cd_wait=0/err=0.0%/avg=78ms | Tasks: 3 | RSS: 0.0MB | CycleAvg: 5.54s
2026-02-28 18:40:05,921 [INFO] [u_station_ab_night_autotune_v2] monitor.onchain_factory: PAIR_DETECTED source=uniswap_v3 dex=uniswap_v3 pair=0x02504e98cf22b900e0ea77c03b0c8987e2adb1d6 token0=0x4200000000000000000000000000000000000006 token1=0x7ca47b141639b893c6782823c0b219f872056379 block=42755524 factory=0x33128a8fc17869897dce68ed026d694621f6fdfd
2026-02-28 18:40:06,043 [INFO] [u_station_ab_night_autotune_v2] monitor.onchain_factory: ENRICH_RETRY token=0x9507cfeeee611c1af8173485b7f756d7ec68ab07 pair=0xd7c1e3ddf123558c44d228676150fcf6f85a55bc attempt=1/2 delay=10s
2026-02-28 18:40:06,175 [INFO] [u_station_ab_night_autotune_v2] monitor.onchain_factory: ENRICH_RETRY token=0x556d23b425dab042e0fc848e8b8a40acf8e0ab07 pair=0xf7bac0ad7f9d75df3c6eb9489c1871dbbe19dae1 attempt=1/2 delay=10s
2026-02-28 18:40:16,361 [INFO] [u_station_ab_night_autotune_v2] __main__: WATCHLIST merged count=6
2026-02-28 18:40:16,363 [INFO] [u_station_ab_night_autotune_v2] trading.v2_runtime: V2_UNIVERSE in=8 dedup=8 out=6 target=6 novel_target=6 novel_out=2 repeat_dropped=0 symbol_dropped=2 surge_in=0 surge_target=0 surge_out=0
2026-02-28 18:40:16,365 [INFO] [u_station_ab_night_autotune_v2] __main__: V2_UNIVERSE cycle=267 before=8 after=6
2026-02-28 18:40:16,367 [INFO] [u_station_ab_night_autotune_v2] __main__: FILTER_PASS token=cbBTC tier=A score=100 mode=GREEN risk=MEDIUM liq=18467585 vol5m=53197
2026-02-28 18:40:16,371 [INFO] [u_station_ab_night_autotune_v2] __main__: FILTER_PASS token=CLAWNCH tier=A score=85 mode=GREEN risk=MEDIUM liq=1170740 vol5m=3815
2026-02-28 18:40:16,373 [INFO] [u_station_ab_night_autotune_v2] __main__: FILTER_PASS token=VIRTUAL tier=A score=75 mode=GREEN risk=MEDIUM liq=6955375 vol5m=13
2026-02-28 18:40:16,375 [INFO] [u_station_ab_night_autotune_v2] __main__: FILTER_FAIL token=CLAWS reason=safe_liquidity
2026-02-28 18:40:16,377 [INFO] [u_station_ab_night_autotune_v2] __main__: FILTER_FAIL token=AERO reason=safe_volume vol5m=0 min=5 regime=GREEN
2026-02-28 18:40:16,378 [INFO] [u_station_ab_night_autotune_v2] __main__: FILTER_FAIL token=BADGER reason=score_min score=20 strict_min=48 soft_min=48 mode=GREEN
2026-02-28 18:40:16,379 [INFO] [u_station_ab_night_autotune_v2] __main__: V2_QUALITY_GATE enabled=True regime=GREEN in=3 out=3 core_out=1 explore_out=2 probe_out=0 quota=2 max_symbol_share=0.333 drop={} sources_used={'watchlist': 3}
2026-02-28 18:40:16,379 [INFO] [u_station_ab_night_autotune_v2] __main__: V2_ENTRY_ROUTE enabled=True regime=GREEN in=3 out=2 core_out=1 explore_out=1 quota=1 allow_explore=True
2026-02-28 18:40:16,380 [INFO] [u_station_ab_night_autotune_v2] __main__: MARKET_REGIME mode=GREEN reason=avg_cand=3.00 avg_cand_recent=3.00
2026-02-28 18:40:16,381 [INFO] [u_station_ab_night_autotune_v2] trading.auto_trader: AutoTrade skip token=cbBTC reason=symbol_cooldown_left_269s
2026-02-28 18:40:16,384 [INFO] [u_station_ab_night_autotune_v2] trading.auto_trader: AutoTrade skip token=CLAWNCH reason=ev_net_low expected_net=$-0.00230 min=$-0.00194 samples=27 conf=1.00 pwin=0.44 avg_win=$0.0098 avg_loss=$0.0116 kelly=0.000 mem=sparse trades=7<18
2026-02-28 18:40:16,384 [INFO] [u_station_ab_night_autotune_v2] trading.auto_trader: AutoTrade batch mode=top_n candidates=2 eligible=2 selected=2 opened=0 pe=off burst_window=0
2026-02-28 18:40:16,385 [INFO] [u_station_ab_night_autotune_v2] __main__: Scanned 6 tokens | High quality: 4 | Alerts sent: 0 | Trade candidates: 3 | Quality out/core/explore/probe: 3/1/2/0 | Opened: 0 | Mode: local | Source: onchain+market | Policy: raw=OK/effective=OK(healthy | route=allow_all) | Regime: GREEN(avg_cand=3.00) | Safety: checked=3 fail_closed=0 reasons=api_code_4029:3 | FiltersTop(session): safe_volume:529,safe_change_5m:129,score_min:67,blacklist:60 | Dedup: heavy_skip=0 override=0 | V2Budget: 3/280 | SourceQoS: enabled=1/in=6/out=6/dropped=0/active_cd=0/drops=none | Ingest: q=0/oldest=0.0s/drop_old=0/dedup_skip=0/enq=0/drain=0 | Sources: dex_boosts:ok=1/fail=0/429=0/lim_wait=0/cd_wait=0/err=0.0%/avg=43ms; dexscreener:ok=10/fail=0/429=0/lim_wait=0/cd_wait=0/err=0.0%/avg=66ms; onchain_enrich:ok=9/fail=0/429=0/lim_wait=0/cd_wait=0/err=0.0%/avg=155ms | Tasks: 3 | RSS: 0.0MB | CycleAvg: 5.54s
2026-02-28 18:40:21,054 [INFO] [u_station_ab_night_autotune_v2] monitor.onchain_factory: ENRICH_RETRY token=0x556d23b425dab042e0fc848e8b8a40acf8e0ab07 pair=0xf7bac0ad7f9d75df3c6eb9489c1871dbbe19dae1 attempt=1/2 delay=10s
2026-02-28 18:40:31,233 [INFO] [u_station_ab_night_autotune_v2] __main__: WATCHLIST merged count=6
2026-02-28 18:40:31,233 [INFO] [u_station_ab_night_autotune_v2] trading.v2_runtime: V2_UNIVERSE in=7 dedup=7 out=5 target=5 novel_target=5 novel_out=1 repeat_dropped=0 symbol_dropped=2 surge_in=0 surge_target=0 surge_out=0
2026-02-28 18:40:31,234 [INFO] [u_station_ab_night_autotune_v2] __main__: V2_UNIVERSE cycle=268 before=7 after=5
2026-02-28 18:40:31,236 [INFO] [u_station_ab_night_autotune_v2] __main__: FILTER_PASS token=cbBTC tier=A score=100 mode=GREEN risk=MEDIUM liq=18467585 vol5m=53197
2026-02-28 18:40:31,237 [INFO] [u_station_ab_night_autotune_v2] __main__: FILTER_PASS token=CLAWNCH tier=A score=85 mode=GREEN risk=MEDIUM liq=1170740 vol5m=3815
2026-02-28 18:40:31,239 [INFO] [u_station_ab_night_autotune_v2] __main__: FILTER_PASS token=VIRTUAL tier=A score=75 mode=GREEN risk=MEDIUM liq=6955375 vol5m=13
2026-02-28 18:40:31,240 [INFO] [u_station_ab_night_autotune_v2] __main__: FILTER_FAIL token=ANTISLOP reason=score_min score=40 strict_min=48 soft_min=48 mode=GREEN
2026-02-28 18:40:31,243 [INFO] [u_station_ab_night_autotune_v2] __main__: FILTER_FAIL token=AERO reason=safe_volume vol5m=0 min=5 regime=GREEN
2026-02-28 18:40:31,244 [INFO] [u_station_ab_night_autotune_v2] __main__: V2_QUALITY_GATE enabled=True regime=GREEN in=3 out=3 core_out=1 explore_out=2 probe_out=0 quota=2 max_symbol_share=0.333 drop={} sources_used={'watchlist': 3}
2026-02-28 18:40:31,245 [INFO] [u_station_ab_night_autotune_v2] __main__: V2_ENTRY_ROUTE enabled=True regime=GREEN in=3 out=2 core_out=1 explore_out=1 quota=1 allow_explore=True
2026-02-28 18:40:31,246 [INFO] [u_station_ab_night_autotune_v2] __main__: MARKET_REGIME mode=GREEN reason=avg_cand=3.00 avg_cand_recent=3.00
2026-02-28 18:40:31,248 [INFO] [u_station_ab_night_autotune_v2] trading.auto_trader: AutoTrade skip token=cbBTC reason=symbol_cooldown_left_255s
2026-02-28 18:40:31,252 [INFO] [u_station_ab_night_autotune_v2] trading.auto_trader: AutoTrade skip token=CLAWNCH reason=ev_net_low expected_net=$-0.00230 min=$-0.00194 samples=27 conf=1.00 pwin=0.44 avg_win=$0.0098 avg_loss=$0.0116 kelly=0.000 mem=sparse trades=7<18
2026-02-28 18:40:31,253 [INFO] [u_station_ab_night_autotune_v2] trading.auto_trader: AutoTrade batch mode=top_n candidates=2 eligible=2 selected=2 opened=0 pe=off burst_window=0
2026-02-28 18:40:31,255 [INFO] [u_station_ab_night_autotune_v2] trading.auto_trader: PAPER_SUMMARY window=60s closed_delta=0 wins_delta=0 losses_delta=0 realized_delta=$0.00 total_closed=220 winrate_total=45.5% realized_total=$0.93 balance=$7.93 equity=$7.93 open=0
2026-02-28 18:40:31,256 [INFO] [u_station_ab_night_autotune_v2] __main__: Scanned 5 tokens | High quality: 4 | Alerts sent: 0 | Trade candidates: 3 | Quality out/core/explore/probe: 3/1/2/0 | Opened: 0 | Mode: local | Source: onchain+market | Policy: raw=OK/effective=OK(healthy | route=allow_all) | Regime: GREEN(avg_cand=3.00) | Safety: checked=3 fail_closed=0 reasons=api_code_4029:3 | FiltersTop(session): safe_volume:530,safe_change_5m:129,score_min:68,blacklist:60 | Dedup: heavy_skip=0 override=0 | V2Budget: 3/280 | SourceQoS: enabled=1/in=5/out=5/dropped=0/active_cd=0/drops=none | Ingest: q=0/oldest=0.0s/drop_old=0/dedup_skip=0/enq=0/drain=0 | Sources: dex_boosts:ok=1/fail=0/429=0/lim_wait=0/cd_wait=0/err=0.0%/avg=69ms; dexscreener:ok=10/fail=0/429=0/lim_wait=0/cd_wait=0/err=0.0%/avg=103ms; onchain_enrich:ok=3/fail=0/429=0/lim_wait=0/cd_wait=0/err=0.0%/avg=95ms | Tasks: 3 | RSS: 0.0MB | CycleAvg: 5.53s
2026-02-28 18:40:35,679 [INFO] [u_station_ab_night_autotune_v2] monitor.onchain_factory: PAIR_DETECTED source=uniswap_v2 dex=uniswap_v2 pair=0xe9b81a7c91ad8ba5f231694b9dbba6f53693b14c token0=0x4200000000000000000000000000000000000006 token1=0x6095cd9486ec60c3aa9e60fa7c2a4d544d79ab07 block=42755538 factory=0x8909dc15e40173ff4699343b6eb8132c65e18ec6
2026-02-28 18:40:36,352 [INFO] [u_station_ab_night_autotune_v2] monitor.onchain_factory: ENRICH_RETRY token=0x6095cd9486ec60c3aa9e60fa7c2a4d544d79ab07 pair=0xe9b81a7c91ad8ba5f231694b9dbba6f53693b14c attempt=1/2 delay=10s
2026-02-28 18:40:48,243 [WARNING] [u_station_ab_night_autotune_v2] monitor.watchlist: WATCHLIST low_supply fallback strict=8 final=8 min=12 relax_factor=0.50
2026-02-28 18:40:48,400 [WARNING] [u_station_ab_night_autotune_v2] monitor.watchlist: WATCHLIST low_supply fallback added=2 final=10
2026-02-28 18:40:48,402 [INFO] [u_station_ab_night_autotune_v2] __main__: WATCHLIST merged count=10
2026-02-28 18:40:48,403 [INFO] [u_station_ab_night_autotune_v2] trading.v2_runtime: V2_UNIVERSE in=10 dedup=10 out=9 target=9 novel_target=8 novel_out=3 repeat_dropped=0 symbol_dropped=1 surge_in=1 surge_target=1 surge_out=1
2026-02-28 18:40:48,404 [INFO] [u_station_ab_night_autotune_v2] __main__: V2_UNIVERSE cycle=269 before=10 after=9
2026-02-28 18:40:48,405 [INFO] [u_station_ab_night_autotune_v2] __main__: FILTER_PASS token=cbBTC tier=A score=100 mode=GREEN risk=MEDIUM liq=18449519 vol5m=139330
2026-02-28 18:40:48,407 [INFO] [u_station_ab_night_autotune_v2] __main__: FILTER_FAIL token=EARENDEL reason=blacklist honeypot_guard:is_honeypot,flag:high_fail_rate,sell_tax>5.0%(100.0%)
2026-02-28 18:40:48,408 [INFO] [u_station_ab_night_autotune_v2] __main__: FILTER_PASS token=JUNO tier=A score=100 mode=GREEN risk=MEDIUM liq=492690 vol5m=11308
2026-02-28 18:40:48,409 [INFO] [u_station_ab_night_autotune_v2] __main__: FILTER_PASS token=AntiHunter tier=A score=95 mode=GREEN risk=MEDIUM liq=574117 vol5m=6590
2026-02-28 18:40:48,410 [INFO] [u_station_ab_night_autotune_v2] __main__: FILTER_PASS token=AmberVibe tier=A score=95 mode=GREEN risk=MEDIUM liq=176762 vol5m=8220
2026-02-28 18:40:48,412 [INFO] [u_station_ab_night_autotune_v2] __main__: FILTER_PASS token=AXOBOTL tier=A score=95 mode=GREEN risk=MEDIUM liq=294830 vol5m=5566
2026-02-28 18:40:48,413 [INFO] [u_station_ab_night_autotune_v2] __main__: FILTER_PASS token=AERO tier=A score=75 mode=GREEN risk=MEDIUM liq=2487320 vol5m=145
2026-02-28 18:40:48,414 [INFO] [u_station_ab_night_autotune_v2] __main__: FILTER_PASS token=VIRTUAL tier=A score=75 mode=GREEN risk=MEDIUM liq=6934761 vol5m=74
2026-02-28 18:40:48,416 [INFO] [u_station_ab_night_autotune_v2] __main__: FILTER_PASS token=USD₮0 tier=A score=75 mode=GREEN risk=MEDIUM liq=120528 vol5m=24
2026-02-28 18:40:48,419 [INFO] [u_station_ab_night_autotune_v2] __main__: V2_QUALITY_GATE enabled=True regime=GREEN in=8 out=8 core_out=5 explore_out=3 probe_out=0 quota=3 max_symbol_share=0.125 drop={'provisional_core_cap': 1} sources_used={'watchlist': 8}
2026-02-28 18:40:48,419 [INFO] [u_station_ab_night_autotune_v2] __main__: V2_ENTRY_ROUTE enabled=True regime=GREEN in=8 out=8 core_out=5 explore_out=3 quota=3 allow_explore=True
2026-02-28 18:40:48,420 [INFO] [u_station_ab_night_autotune_v2] __main__: MARKET_REGIME mode=GREEN reason=avg_cand=3.42 avg_cand_recent=3.42
2026-02-28 18:40:48,423 [INFO] [u_station_ab_night_autotune_v2] trading.auto_trader: AutoTrade skip token=cbBTC reason=symbol_cooldown_left_237s
2026-02-28 18:40:48,457 [INFO] [u_station_ab_night_autotune_v2] trading.auto_trader: AUTO_DECISION token=JUNO mode=GREEN tier=A channel=core score=100 src=watchlist liq=492690 vol5m=11308 chg5m=-10.97% edge=4.46% raw=4.46% regime_mult=1.00 edge_usd=$0.050 size=$1.13 mult=1.35(score=1.15 liq=1.15 vol=1.05 volat=1.00) reinvest=1.10(growth_steps=1 drawdown=3.25% loss_streak=0 edge=5.52%) size_mode=1.00 hold_mode=1.32 exec_lane=runner exec_mult(size=1.10 hold=1.32 edge=0.94) edge_gate_mult(usd=1.00,pct=1.00) quality(edge=0.98,size=1.04 detail=src_mult=1.00 ev=0.00000 edge(src_relax=0.000 src_tight=0.000 ev_adj=-0.000) size(src_relax=0.000 src_cut=0.000 ev_adj=0.000)) costs=5.14% gas=$0.028 ev_net=$0.00517 ev_samples=1157 conf=1.00 pwin=0.53 avg_win=$0.0337 avg_loss=$0.0227 kelly=1.05(k=0.212) token_ev=sparse trades=0<18 cluster=s3|l2|v2|m3|r1 cluster_route=sparse samples=0<10 breakdown={'liquidity_score': 30, 'volume_score': 30, 'risk_score': 15, 'age_score': 15, 'safety_score': 15}
2026-02-28 18:40:48,618 [INFO] [u_station_ab_night_autotune_v2] trading.auto_trader: AUTO_BUY Paper BUY token=JUNO address=0x4e6c9f48f73e54ee5f3ab7e2992b2d733d0d0b07 mode=GREEN tier=A channel=core lane=runner entry=$0.00001220 size=$1.13 score=100 edge=4.46% edge_usd=$0.050 mult=1.35(score=1.15 liq=1.15 vol=1.05 volat=1.00) hold=158s costs=2.70% gas=$0.03
2026-02-28 18:40:48,859 [INFO] [u_station_ab_night_autotune_v2] trading.auto_trader: AUTO_DECISION token=AntiHunter mode=GREEN tier=A channel=core score=95 src=watchlist liq=574117 vol5m=6590 chg5m=-6.18% edge=4.95% raw=4.95% regime_mult=1.00 edge_usd=$0.070 size=$1.42 mult=1.32(score=1.15 liq=1.15 vol=1.00 volat=1.00) reinvest=1.10(growth_steps=1 drawdown=3.25% loss_streak=0 edge=5.52%) size_mode=1.00 hold_mode=1.32 exec_lane=runner exec_mult(size=1.10 hold=1.32 edge=0.94) edge_gate_mult(usd=1.00,pct=1.00) quality(edge=0.82,size=1.23 detail=src_mult=1.00 ev=0.02000 edge(src_relax=0.000 src_tight=0.000 ev_adj=-0.160) size(src_relax=0.000 src_cut=0.000 ev_adj=0.180)) costs=4.65% gas=$0.028 ev_net=$0.00574 ev_samples=1164 conf=1.00 pwin=0.55 avg_win=$0.0330 avg_loss=$0.0216 kelly=1.14(k=0.256) token_ev=sparse trades=0<18 cluster=s3|l3|v2|m2|r1 cluster_route=sparse samples=7<10 breakdown={'liquidity_score': 30, 'volume_score': 20, 'risk_score': 15, 'age_score': 15, 'safety_score': 15}
2026-02-28 18:40:48,975 [INFO] [u_station_ab_night_autotune_v2] trading.auto_trader: AUTO_BUY Paper BUY token=AntiHunter address=0xe2f3fae4bc62e21826018364aa30ae45d430bb07 mode=GREEN tier=A channel=core lane=runner entry=$0.00001191 size=$1.42 score=95 edge=4.95% edge_usd=$0.070 mult=1.32(score=1.15 liq=1.15 vol=1.00 volat=1.00) hold=154s costs=2.70% gas=$0.03
2026-02-28 18:40:49,117 [INFO] [u_station_ab_night_autotune_v2] trading.auto_trader: AutoTrade batch mode=top_n candidates=8 eligible=8 selected=6 opened=2 pe=off burst_window=2
2026-02-28 18:40:49,575 [INFO] [u_station_ab_night_autotune_v2] __main__: Scanned 9 tokens | High quality: 8 | Alerts sent: 0 | Trade candidates: 8 | Quality out/core/explore/probe: 8/5/3/0 | Opened: 2 | Mode: local | Source: onchain+market | Policy: raw=OK/effective=OK(healthy | route=allow_all) | Regime: GREEN(avg_cand=3.42) | Safety: checked=8 fail_closed=0 reasons=api_code_4029:8 | FiltersTop(session): safe_volume:530,safe_change_5m:129,score_min:68,blacklist:61 | Dedup: heavy_skip=0 override=0 | V2Budget: 8/280 | SourceQoS: enabled=1/in=9/out=9/dropped=0/active_cd=0/drops=none | Ingest: q=2/oldest=2.0s/drop_old=0/dedup_skip=0/enq=2/drain=0 | Sources: dex_boosts:ok=1/fail=0/429=0/lim_wait=0/cd_wait=0/err=0.0%/avg=44ms; dexscreener:ok=10/fail=0/429=0/lim_wait=0/cd_wait=0/err=0.0%/avg=176ms; geckoterminal:ok=1/fail=0/429=0/lim_wait=0/cd_wait=0/err=0.0%/avg=684ms; onchain_enrich:ok=4/fail=0/429=0/lim_wait=0/cd_wait=0/err=0.0%/avg=155ms; watchlist_dex:ok=20/fail=0/429=0/lim_wait=0/cd_wait=0/err=0.0%/avg=72ms; watchlist_gecko:ok=8/fail=0/429=0/lim_wait=0/cd_wait=0/err=0.0%/avg=461ms | Tasks: 3 | RSS: 0.0MB | CycleAvg: 5.53s
2026-02-28 18:40:54,011 [INFO] [u_station_ab_night_autotune_v2] monitor.onchain_factory: PAIR_DETECTED source=uniswap_v2 dex=uniswap_v2 pair=0xb6120750eca56cb8f8a0ff431deaacab292e0e07 token0=0x4200000000000000000000000000000000000006 token1=0x73b13625119f1314cadcb9ccc7c80eaf6435eb07 block=42755549 factory=0x8909dc15e40173ff4699343b6eb8132c65e18ec6
2026-02-28 18:40:54,249 [INFO] [u_station_ab_night_autotune_v2] monitor.onchain_factory: ENRICH_RETRY token=0x6095cd9486ec60c3aa9e60fa7c2a4d544d79ab07 pair=0xe9b81a7c91ad8ba5f231694b9dbba6f53693b14c attempt=1/2 delay=10s
2026-02-28 18:40:54,698 [INFO] [u_station_ab_night_autotune_v2] monitor.onchain_factory: ENRICH_RETRY token=0x73b13625119f1314cadcb9ccc7c80eaf6435eb07 pair=0xb6120750eca56cb8f8a0ff431deaacab292e0e07 attempt=1/2 delay=10s
2026-02-28 18:41:04,779 [INFO] [u_station_ab_night_autotune_v2] __main__: WATCHLIST merged count=10
2026-02-28 18:41:04,780 [INFO] [u_station_ab_night_autotune_v2] trading.v2_runtime: V2_UNIVERSE in=12 dedup=12 out=11 target=11 novel_target=10 novel_out=1 repeat_dropped=0 symbol_dropped=1 surge_in=1 surge_target=1 surge_out=1
2026-02-28 18:41:04,780 [INFO] [u_station_ab_night_autotune_v2] __main__: V2_UNIVERSE cycle=270 before=12 after=11
2026-02-28 18:41:04,781 [INFO] [u_station_ab_night_autotune_v2] __main__: FILTER_PASS token=cbBTC tier=A score=100 mode=GREEN risk=MEDIUM liq=18449519 vol5m=139330
2026-02-28 18:41:04,784 [INFO] [u_station_ab_night_autotune_v2] __main__: FILTER_FAIL token=ANTISLOP reason=safe_age
2026-02-28 18:41:04,785 [INFO] [u_station_ab_night_autotune_v2] __main__: FILTER_FAIL token=EARENDEL reason=blacklist honeypot_guard:is_honeypot,flag:high_fail_rate,sell_tax>5.0%(100.0%)
2026-02-28 18:41:04,786 [INFO] [u_station_ab_night_autotune_v2] __main__: FILTER_PASS token=JUNO tier=A score=100 mode=GREEN risk=MEDIUM liq=492690 vol5m=11308
2026-02-28 18:41:04,787 [INFO] [u_station_ab_night_autotune_v2] __main__: FILTER_PASS token=AntiHunter tier=A score=95 mode=GREEN risk=MEDIUM liq=574117 vol5m=6590
2026-02-28 18:41:04,788 [INFO] [u_station_ab_night_autotune_v2] __main__: FILTER_PASS token=AmberVibe tier=A score=95 mode=GREEN risk=MEDIUM liq=176762 vol5m=8220
2026-02-28 18:41:04,790 [INFO] [u_station_ab_night_autotune_v2] __main__: FILTER_PASS token=AXOBOTL tier=A score=95 mode=GREEN risk=MEDIUM liq=294830 vol5m=5566
2026-02-28 18:41:04,791 [INFO] [u_station_ab_night_autotune_v2] __main__: FILTER_PASS token=AERO tier=A score=75 mode=GREEN risk=MEDIUM liq=2487320 vol5m=145
2026-02-28 18:41:04,793 [INFO] [u_station_ab_night_autotune_v2] __main__: FILTER_PASS token=VIRTUAL tier=A score=75 mode=GREEN risk=MEDIUM liq=6934761 vol5m=74
2026-02-28 18:41:04,795 [INFO] [u_station_ab_night_autotune_v2] __main__: FILTER_PASS token=USD₮0 tier=A score=75 mode=GREEN risk=MEDIUM liq=120528 vol5m=24
2026-02-28 18:41:04,797 [INFO] [u_station_ab_night_autotune_v2] __main__: FILTER_FAIL token=Lobstar reason=score_min score=40 strict_min=48 soft_min=48 mode=GREEN
2026-02-28 18:41:04,799 [INFO] [u_station_ab_night_autotune_v2] __main__: V2_QUALITY_GATE enabled=True regime=GREEN in=8 out=8 core_out=5 explore_out=3 probe_out=0 quota=3 max_symbol_share=0.125 drop={'provisional_core_cap': 1} sources_used={'watchlist': 8}
2026-02-28 18:41:04,800 [INFO] [u_station_ab_night_autotune_v2] __main__: V2_ENTRY_ROUTE enabled=True regime=GREEN in=8 out=8 core_out=5 explore_out=3 quota=3 allow_explore=True
2026-02-28 18:41:04,801 [INFO] [u_station_ab_night_autotune_v2] __main__: MARKET_REGIME mode=GREEN reason=avg_cand=3.83 avg_cand_recent=3.83
2026-02-28 18:41:04,802 [INFO] [u_station_ab_night_autotune_v2] trading.auto_trader: AutoTrade batch pre-prefilter removed=2 missing_addr=0 placeholder_addr=0 open_duplicate=2 blacklist=0 hard_blocklist=0
2026-02-28 18:41:04,803 [INFO] [u_station_ab_night_autotune_v2] trading.auto_trader: AutoTrade batch mode=top_n candidates=8 eligible=6 selected=0 opened=0 pe=off burst_window=2
2026-02-28 18:41:05,106 [INFO] [u_station_ab_night_autotune_v2] __main__: FILTER_THRESHOLDS safe_volume_5m_min=$5 safe_liquidity_min=$8000 safe_age_min=240s score_min=48 edge_min=0.05% lock_floor=0.95 no_momentum_max_pnl=0.25 weakness_pnl=-2.60
2026-02-28 18:41:05,107 [INFO] [u_station_ab_night_autotune_v2] __main__: Scanned 11 tokens | High quality: 8 | Alerts sent: 0 | Trade candidates: 8 | Quality out/core/explore/probe: 8/5/3/0 | Opened: 0 | Mode: local | Source: onchain+market | Policy: raw=OK/effective=OK(healthy | route=allow_all) | Regime: GREEN(avg_cand=3.83) | Safety: checked=8 fail_closed=0 reasons=api_code_4029:8 | FiltersTop(session): safe_volume:530,safe_change_5m:129,score_min:69,blacklist:62 | Dedup: heavy_skip=0 override=0 | V2Budget: 8/280 | SourceQoS: enabled=1/in=11/out=11/dropped=0/active_cd=0/drops=none | Ingest: q=0/oldest=0.0s/drop_old=0/dedup_skip=0/enq=0/drain=2 | Sources: dex_boosts:ok=1/fail=0/429=0/lim_wait=0/cd_wait=0/err=0.0%/avg=150ms; dexscreener:ok=10/fail=0/429=0/lim_wait=0/cd_wait=0/err=0.0%/avg=138ms; onchain_enrich:ok=8/fail=0/429=0/lim_wait=0/cd_wait=0/err=0.0%/avg=103ms; onchain_weth_price:ok=1/fail=0/429=0/lim_wait=0/cd_wait=0/err=0.0%/avg=53ms | Tasks: 3 | RSS: 0.0MB | CycleAvg: 5.55s
2026-02-28 18:41:09,638 [INFO] [u_station_ab_night_autotune_v2] monitor.onchain_factory: PAIR_DETECTED source=uniswap_v2 dex=uniswap_v2 pair=0xfec036653044e652ee9d53d671561354923c5660 token0=0x4200000000000000000000000000000000000006 token1=0xf4ae361f0b6874e1b1cd722c9220bcff6dff7a81 block=42755558 factory=0x8909dc15e40173ff4699343b6eb8132c65e18ec6
2026-02-28 18:41:09,957 [INFO] [u_station_ab_night_autotune_v2] monitor.onchain_factory: ENRICH_RETRY token=0x73b13625119f1314cadcb9ccc7c80eaf6435eb07 pair=0xb6120750eca56cb8f8a0ff431deaacab292e0e07 attempt=1/2 delay=10s
2026-02-28 18:41:10,406 [INFO] [u_station_ab_night_autotune_v2] monitor.onchain_factory: ENRICH_RETRY token=0xf4ae361f0b6874e1b1cd722c9220bcff6dff7a81 pair=0xfec036653044e652ee9d53d671561354923c5660 attempt=1/2 delay=10s
2026-02-28 18:41:20,477 [INFO] [u_station_ab_night_autotune_v2] __main__: WATCHLIST merged count=10
2026-02-28 18:41:20,477 [INFO] [u_station_ab_night_autotune_v2] trading.v2_runtime: V2_UNIVERSE in=11 dedup=11 out=10 target=10 novel_target=9 novel_out=0 repeat_dropped=0 symbol_dropped=1 surge_in=1 surge_target=1 surge_out=1
2026-02-28 18:41:20,477 [INFO] [u_station_ab_night_autotune_v2] __main__: V2_UNIVERSE cycle=271 before=11 after=10
2026-02-28 18:41:20,477 [INFO] [u_station_ab_night_autotune_v2] __main__: FILTER_PASS token=cbBTC tier=A score=100 mode=GREEN risk=MEDIUM liq=18449519 vol5m=139330
2026-02-28 18:41:20,477 [INFO] [u_station_ab_night_autotune_v2] __main__: FILTER_FAIL token=EARENDEL reason=blacklist honeypot_guard:is_honeypot,flag:high_fail_rate,sell_tax>5.0%(100.0%)
2026-02-28 18:41:20,477 [INFO] [u_station_ab_night_autotune_v2] __main__: FILTER_PASS token=JUNO tier=A score=100 mode=GREEN risk=MEDIUM liq=492690 vol5m=11308
2026-02-28 18:41:20,477 [INFO] [u_station_ab_night_autotune_v2] __main__: FILTER_PASS token=AntiHunter tier=A score=95 mode=GREEN risk=MEDIUM liq=574117 vol5m=6590
2026-02-28 18:41:20,477 [INFO] [u_station_ab_night_autotune_v2] __main__: FILTER_PASS token=AmberVibe tier=A score=95 mode=GREEN risk=MEDIUM liq=176762 vol5m=8220
2026-02-28 18:41:20,477 [INFO] [u_station_ab_night_autotune_v2] __main__: FILTER_PASS token=AXOBOTL tier=A score=95 mode=GREEN risk=MEDIUM liq=294830 vol5m=5566
2026-02-28 18:41:20,477 [INFO] [u_station_ab_night_autotune_v2] __main__: FILTER_PASS token=AERO tier=A score=75 mode=GREEN risk=MEDIUM liq=2487320 vol5m=145
2026-02-28 18:41:20,477 [INFO] [u_station_ab_night_autotune_v2] __main__: FILTER_PASS token=VIRTUAL tier=A score=75 mode=GREEN risk=MEDIUM liq=6934761 vol5m=74
2026-02-28 18:41:20,477 [INFO] [u_station_ab_night_autotune_v2] __main__: FILTER_PASS token=USD₮0 tier=A score=75 mode=GREEN risk=MEDIUM liq=120528 vol5m=24
2026-02-28 18:41:20,493 [INFO] [u_station_ab_night_autotune_v2] __main__: FILTER_FAIL token=Lobstar reason=score_min score=20 strict_min=48 soft_min=48 mode=GREEN
2026-02-28 18:41:20,495 [INFO] [u_station_ab_night_autotune_v2] __main__: V2_QUALITY_GATE enabled=True regime=GREEN in=8 out=8 core_out=5 explore_out=3 probe_out=0 quota=3 max_symbol_share=0.125 drop={'provisional_core_cap': 1} sources_used={'watchlist': 8}
2026-02-28 18:41:20,496 [INFO] [u_station_ab_night_autotune_v2] __main__: V2_ENTRY_ROUTE enabled=True regime=GREEN in=8 out=8 core_out=5 explore_out=3 quota=3 allow_explore=True
2026-02-28 18:41:20,497 [INFO] [u_station_ab_night_autotune_v2] __main__: MARKET_REGIME mode=GREEN reason=avg_cand=4.25 avg_cand_recent=4.25
2026-02-28 18:41:20,498 [INFO] [u_station_ab_night_autotune_v2] trading.auto_trader: AutoTrade batch pre-prefilter removed=2 missing_addr=0 placeholder_addr=0 open_duplicate=2 blacklist=0 hard_blocklist=0
2026-02-28 18:41:20,499 [INFO] [u_station_ab_night_autotune_v2] trading.auto_trader: AutoTrade batch mode=top_n candidates=8 eligible=6 selected=0 opened=0 pe=off burst_window=2
2026-02-28 18:41:21,223 [INFO] [u_station_ab_night_autotune_v2] __main__: Scanned 10 tokens | High quality: 8 | Alerts sent: 0 | Trade candidates: 8 | Quality out/core/explore/probe: 8/5/3/0 | Opened: 0 | Mode: local | Source: onchain+market | Policy: raw=OK/effective=OK(healthy | route=allow_all) | Regime: GREEN(avg_cand=4.25) | Safety: checked=8 fail_closed=0 reasons=api_code_4029:8 | FiltersTop(session): safe_volume:530,safe_change_5m:129,score_min:70,blacklist:63 | Dedup: heavy_skip=0 override=0 | V2Budget: 8/280 | SourceQoS: enabled=1/in=10/out=10/dropped=0/active_cd=0/drops=none | Ingest: q=0/oldest=0.0s/drop_old=0/dedup_skip=0/enq=0/drain=0 | Sources: dex_boosts:ok=1/fail=0/429=0/lim_wait=0/cd_wait=0/err=0.0%/avg=148ms; dexscreener:ok=10/fail=0/429=0/lim_wait=0/cd_wait=0/err=0.0%/avg=303ms; onchain_enrich:ok=9/fail=0/429=0/lim_wait=0/cd_wait=0/err=0.0%/avg=123ms | Tasks: 3 | RSS: 0.0MB | CycleAvg: 5.56s
2026-02-28 18:41:25,683 [INFO] [u_station_ab_night_autotune_v2] monitor.onchain_factory: PAIR_DETECTED source=uniswap_v2 dex=uniswap_v2 pair=0xc3f73f05faa5b22f09d5fd7031af36b8dd71fc71 token0=0x4200000000000000000000000000000000000006 token1=0x9934ccaea0bac8937fdcc451ee9084d214cfab07 block=42755567 factory=0x8909dc15e40173ff4699343b6eb8132c65e18ec6
2026-02-28 18:41:26,019 [INFO] [u_station_ab_night_autotune_v2] monitor.onchain_factory: ENRICH_RETRY token=0xf4ae361f0b6874e1b1cd722c9220bcff6dff7a81 pair=0xfec036653044e652ee9d53d671561354923c5660 attempt=1/2 delay=10s
2026-02-28 18:41:26,237 [INFO] [u_station_ab_night_autotune_v2] monitor.onchain_factory: ENRICH_RETRY token=0x9934ccaea0bac8937fdcc451ee9084d214cfab07 pair=0xc3f73f05faa5b22f09d5fd7031af36b8dd71fc71 attempt=1/2 delay=10s
2026-02-28 18:41:36,312 [INFO] [u_station_ab_night_autotune_v2] __main__: WATCHLIST merged count=10
2026-02-28 18:41:36,313 [INFO] [u_station_ab_night_autotune_v2] trading.v2_runtime: V2_UNIVERSE in=11 dedup=11 out=10 target=10 novel_target=9 novel_out=1 repeat_dropped=0 symbol_dropped=1 surge_in=1 surge_target=1 surge_out=1
2026-02-28 18:41:36,314 [INFO] [u_station_ab_night_autotune_v2] __main__: V2_UNIVERSE cycle=272 before=11 after=10
2026-02-28 18:41:36,315 [INFO] [u_station_ab_night_autotune_v2] __main__: FILTER_PASS token=cbBTC tier=A score=100 mode=GREEN risk=MEDIUM liq=18449519 vol5m=139330
2026-02-28 18:41:36,317 [INFO] [u_station_ab_night_autotune_v2] __main__: FILTER_FAIL token=EARENDEL reason=blacklist honeypot_guard:is_honeypot,flag:high_fail_rate,sell_tax>5.0%(100.0%)
2026-02-28 18:41:36,318 [INFO] [u_station_ab_night_autotune_v2] __main__: FILTER_PASS token=JUNO tier=A score=100 mode=GREEN risk=MEDIUM liq=492690 vol5m=11308
2026-02-28 18:41:36,320 [INFO] [u_station_ab_night_autotune_v2] __main__: FILTER_PASS token=AntiHunter tier=A score=95 mode=GREEN risk=MEDIUM liq=574117 vol5m=6590
2026-02-28 18:41:36,322 [INFO] [u_station_ab_night_autotune_v2] __main__: FILTER_PASS token=AmberVibe tier=A score=95 mode=GREEN risk=MEDIUM liq=176762 vol5m=8220
2026-02-28 18:41:36,324 [INFO] [u_station_ab_night_autotune_v2] __main__: FILTER_PASS token=AXOBOTL tier=A score=95 mode=GREEN risk=MEDIUM liq=294830 vol5m=5566
2026-02-28 18:41:36,325 [INFO] [u_station_ab_night_autotune_v2] __main__: FILTER_PASS token=AERO tier=A score=75 mode=GREEN risk=MEDIUM liq=2487320 vol5m=145
2026-02-28 18:41:36,327 [INFO] [u_station_ab_night_autotune_v2] __main__: FILTER_PASS token=VIRTUAL tier=A score=75 mode=GREEN risk=MEDIUM liq=6934761 vol5m=74
2026-02-28 18:41:36,329 [INFO] [u_station_ab_night_autotune_v2] __main__: FILTER_PASS token=USD₮0 tier=A score=75 mode=GREEN risk=MEDIUM liq=120528 vol5m=24
2026-02-28 18:41:36,331 [INFO] [u_station_ab_night_autotune_v2] __main__: FILTER_FAIL token=PsyopWar reason=score_min score=40 strict_min=48 soft_min=48 mode=GREEN
2026-02-28 18:41:36,333 [INFO] [u_station_ab_night_autotune_v2] __main__: V2_QUALITY_GATE enabled=True regime=GREEN in=8 out=8 core_out=5 explore_out=3 probe_out=0 quota=3 max_symbol_share=0.125 drop={'provisional_core_cap': 1} sources_used={'watchlist': 8}
2026-02-28 18:41:36,335 [INFO] [u_station_ab_night_autotune_v2] __main__: V2_ENTRY_ROUTE enabled=True regime=GREEN in=8 out=8 core_out=5 explore_out=3 quota=3 allow_explore=True
2026-02-28 18:41:36,336 [INFO] [u_station_ab_night_autotune_v2] __main__: MARKET_REGIME mode=GREEN reason=avg_cand=4.67 avg_cand_recent=4.67
2026-02-28 18:41:36,336 [INFO] [u_station_ab_night_autotune_v2] trading.auto_trader: AutoTrade batch pre-prefilter removed=2 missing_addr=0 placeholder_addr=0 open_duplicate=2 blacklist=0 hard_blocklist=0
2026-02-28 18:41:36,339 [INFO] [u_station_ab_night_autotune_v2] trading.auto_trader: AutoTrade skip token=cbBTC reason=symbol_cooldown_left_190s
2026-02-28 18:41:36,343 [INFO] [u_station_ab_night_autotune_v2] trading.auto_trader: AUTO_DECISION token=AXOBOTL mode=GREEN tier=A channel=core score=95 src=watchlist liq=294830 vol5m=5566 chg5m=-9.37% edge=4.41% raw=4.41% regime_mult=1.00 edge_usd=$0.049 size=$1.11 mult=1.32(score=1.15 liq=1.15 vol=1.00 volat=1.00) reinvest=1.10(growth_steps=1 drawdown=3.23% loss_streak=0 edge=5.52%) size_mode=1.00 hold_mode=1.32 exec_lane=runner exec_mult(size=1.10 hold=1.32 edge=0.94) edge_gate_mult(usd=1.00,pct=1.00) quality(edge=0.98,size=1.04 detail=src_mult=1.00 ev=0.00000 edge(src_relax=0.000 src_tight=0.000 ev_adj=-0.000) size(src_relax=0.000 src_cut=0.000 ev_adj=0.000)) costs=5.19% gas=$0.028 ev_net=$0.00517 ev_samples=1157 conf=1.00 pwin=0.53 avg_win=$0.0337 avg_loss=$0.0227 kelly=1.05(k=0.212) token_ev=sparse trades=0<18 cluster=s3|l2|v2|m3|r1 cluster_route=sparse samples=0<10 breakdown={'liquidity_score': 30, 'volume_score': 20, 'risk_score': 15, 'age_score': 15, 'safety_score': 15}
2026-02-28 18:41:36,345 [WARNING] [u_station_ab_night_autotune_v2] trading.auto_trader: AutoTrade skip token=AXOBOTL reason=honeypot_guard detail=honeypot_api_status_404 mode=paper
2026-02-28 18:41:36,345 [INFO] [u_station_ab_night_autotune_v2] trading.auto_trader: TRANSIENT_SAFETY_COOLDOWN token=0x12cfb53c685ee7e3f8234d60f20478a1739ecba3 reason=honeypot_guard_transient:honeypot_api_status_404 cooldown=180s
2026-02-28 18:41:36,349 [INFO] [u_station_ab_night_autotune_v2] trading.auto_trader: AUTO_DECISION token=AmberVibe mode=GREEN tier=A channel=core score=95 src=watchlist liq=176762 vol5m=8220 chg5m=-2.68% edge=4.79% raw=4.79% regime_mult=1.00 edge_usd=$0.063 size=$1.31 mult=1.30(score=1.15 liq=1.08 vol=1.00 volat=1.05) reinvest=1.10(growth_steps=1 drawdown=3.23% loss_streak=0 edge=5.52%) size_mode=1.00 hold_mode=1.32 exec_lane=runner exec_mult(size=1.10 hold=1.32 edge=0.94) edge_gate_mult(usd=1.00,pct=1.00) quality(edge=0.82,size=1.23 detail=src_mult=1.00 ev=0.02000 edge(src_relax=0.000 src_tight=0.000 ev_adj=-0.160) size(src_relax=0.000 src_cut=0.000 ev_adj=0.180)) costs=4.81% gas=$0.028 ev_net=$0.00548 ev_samples=1158 conf=1.00 pwin=0.53 avg_win=$0.0339 avg_loss=$0.0225 kelly=1.07(k=0.221) token_ev=sparse trades=0<18 cluster=s3|l2|v2|m1|r1 cluster_route=sparse samples=1<10 breakdown={'liquidity_score': 30, 'volume_score': 20, 'risk_score': 15, 'age_score': 15, 'safety_score': 15}
2026-02-28 18:41:36,448 [WARNING] [u_station_ab_night_autotune_v2] trading.auto_trader: AutoTrade skip token=AmberVibe reason=honeypot_guard detail=honeypot_api_status_404 mode=paper
2026-02-28 18:41:36,449 [INFO] [u_station_ab_night_autotune_v2] trading.auto_trader: TRANSIENT_SAFETY_COOLDOWN token=0xb5b0f722d6d4a803d3df94c9ed12a191603eab07 reason=honeypot_guard_transient:honeypot_api_status_404 cooldown=180s
2026-02-28 18:41:36,486 [INFO] [u_station_ab_night_autotune_v2] trading.auto_trader: AutoTrade adjust token=VIRTUAL reason=min_trade_floor size=$0.03->$0.10 min=$0.10
2026-02-28 18:41:36,488 [INFO] [u_station_ab_night_autotune_v2] trading.auto_trader: AutoTrade skip token=VIRTUAL reason=ev_net_low expected_net=$-0.00987 min=$-0.00232 samples=23 conf=1.00 pwin=0.30 avg_win=$0.0097 avg_loss=$0.0177 kelly=0.000 mem=sparse trades=0<18
2026-02-28 18:41:36,490 [INFO] [u_station_ab_night_autotune_v2] trading.auto_trader: AutoTrade adjust token=USD₮0 reason=min_trade_floor size=$0.02->$0.10 min=$0.10
2026-02-28 18:41:36,492 [INFO] [u_station_ab_night_autotune_v2] trading.auto_trader: AutoTrade skip token=USD₮0 reason=ev_net_low expected_net=$-0.00987 min=$-0.00232 samples=23 conf=1.00 pwin=0.30 avg_win=$0.0097 avg_loss=$0.0177 kelly=0.000 mem=sparse trades=0<18
2026-02-28 18:41:36,492 [INFO] [u_station_ab_night_autotune_v2] trading.auto_trader: AutoTrade batch mode=top_n candidates=8 eligible=6 selected=5 opened=0 pe=off burst_window=0
2026-02-28 18:41:36,494 [INFO] [u_station_ab_night_autotune_v2] trading.auto_trader: PAPER_SUMMARY window=60s closed_delta=0 wins_delta=0 losses_delta=0 realized_delta=$0.00 total_closed=220 winrate_total=45.5% realized_total=$0.93 balance=$5.38 equity=$7.93 open=2
2026-02-28 18:41:36,813 [INFO] [u_station_ab_night_autotune_v2] __main__: Scanned 10 tokens | High quality: 8 | Alerts sent: 0 | Trade candidates: 8 | Quality out/core/explore/probe: 8/5/3/0 | Opened: 0 | Mode: local | Source: onchain+market | Policy: raw=OK/effective=OK(healthy | route=allow_all) | Regime: GREEN(avg_cand=4.67) | Safety: checked=8 fail_closed=0 reasons=api_code_4029:8 | FiltersTop(session): safe_volume:530,safe_change_5m:129,score_min:71,blacklist:64 | Dedup: heavy_skip=0 override=0 | V2Budget: 8/280 | SourceQoS: enabled=1/in=10/out=10/dropped=0/active_cd=0/drops=none | Ingest: q=0/oldest=0.0s/drop_old=0/dedup_skip=0/enq=0/drain=0 | Sources: dex_boosts:ok=1/fail=0/429=0/lim_wait=0/cd_wait=0/err=0.0%/avg=130ms; dexscreener:ok=10/fail=0/429=0/lim_wait=0/cd_wait=0/err=0.0%/avg=131ms; onchain_enrich:ok=9/fail=0/429=0/lim_wait=0/cd_wait=0/err=0.0%/avg=142ms | Tasks: 3 | RSS: 0.0MB | CycleAvg: 5.56s
2026-02-28 18:41:41,744 [INFO] [u_station_ab_night_autotune_v2] monitor.onchain_factory: ENRICH_RETRY token=0x9934ccaea0bac8937fdcc451ee9084d214cfab07 pair=0xc3f73f05faa5b22f09d5fd7031af36b8dd71fc71 attempt=1/2 delay=10s
2026-02-28 18:41:51,884 [INFO] [u_station_ab_night_autotune_v2] __main__: WATCHLIST merged count=10
2026-02-28 18:41:51,885 [INFO] [u_station_ab_night_autotune_v2] trading.v2_runtime: V2_UNIVERSE in=11 dedup=11 out=10 target=10 novel_target=9 novel_out=1 repeat_dropped=0 symbol_dropped=1 surge_in=1 surge_target=1 surge_out=1
2026-02-28 18:41:51,886 [INFO] [u_station_ab_night_autotune_v2] __main__: V2_UNIVERSE cycle=273 before=11 after=10
2026-02-28 18:41:51,887 [INFO] [u_station_ab_night_autotune_v2] __main__: FILTER_PASS token=cbBTC tier=A score=100 mode=GREEN risk=MEDIUM liq=18449519 vol5m=139330
2026-02-28 18:41:51,889 [INFO] [u_station_ab_night_autotune_v2] __main__: FILTER_FAIL token=EARENDEL reason=blacklist honeypot_guard:is_honeypot,flag:high_fail_rate,sell_tax>5.0%(100.0%)
2026-02-28 18:41:51,890 [INFO] [u_station_ab_night_autotune_v2] __main__: FILTER_FAIL token=𝕏 reason=safe_age
2026-02-28 18:41:51,891 [INFO] [u_station_ab_night_autotune_v2] __main__: FILTER_PASS token=JUNO tier=A score=100 mode=GREEN risk=MEDIUM liq=492690 vol5m=11308
2026-02-28 18:41:51,894 [INFO] [u_station_ab_night_autotune_v2] __main__: FILTER_PASS token=AntiHunter tier=A score=95 mode=GREEN risk=MEDIUM liq=574117 vol5m=6590
2026-02-28 18:41:51,896 [INFO] [u_station_ab_night_autotune_v2] __main__: FILTER_PASS token=AmberVibe tier=A score=95 mode=GREEN risk=MEDIUM liq=176762 vol5m=8220
2026-02-28 18:41:51,899 [INFO] [u_station_ab_night_autotune_v2] __main__: FILTER_PASS token=AXOBOTL tier=A score=95 mode=GREEN risk=MEDIUM liq=294830 vol5m=5566
2026-02-28 18:41:51,901 [INFO] [u_station_ab_night_autotune_v2] __main__: FILTER_PASS token=AERO tier=A score=75 mode=GREEN risk=MEDIUM liq=2487320 vol5m=145
2026-02-28 18:41:51,903 [INFO] [u_station_ab_night_autotune_v2] __main__: FILTER_PASS token=VIRTUAL tier=A score=75 mode=GREEN risk=MEDIUM liq=6934761 vol5m=74
2026-02-28 18:41:51,905 [INFO] [u_station_ab_night_autotune_v2] __main__: FILTER_PASS token=USD₮0 tier=A score=75 mode=GREEN risk=MEDIUM liq=120528 vol5m=24
2026-02-28 18:41:51,907 [INFO] [u_station_ab_night_autotune_v2] __main__: V2_QUALITY_GATE enabled=True regime=GREEN in=8 out=8 core_out=5 explore_out=3 probe_out=0 quota=3 max_symbol_share=0.125 drop={'provisional_core_cap': 1} sources_used={'watchlist': 8}
2026-02-28 18:41:51,910 [INFO] [u_station_ab_night_autotune_v2] __main__: V2_ENTRY_ROUTE enabled=True regime=GREEN in=8 out=8 core_out=5 explore_out=3 quota=3 allow_explore=True
2026-02-28 18:41:51,911 [INFO] [u_station_ab_night_autotune_v2] __main__: MARKET_REGIME mode=GREEN reason=avg_cand=5.08 avg_cand_recent=5.08
2026-02-28 18:41:51,912 [INFO] [u_station_ab_night_autotune_v2] trading.auto_trader: AutoTrade batch pre-prefilter removed=2 missing_addr=0 placeholder_addr=0 open_duplicate=2 blacklist=0 hard_blocklist=0
2026-02-28 18:41:51,915 [INFO] [u_station_ab_night_autotune_v2] trading.auto_trader: AutoTrade skip token=cbBTC reason=symbol_cooldown_left_174s
2026-02-28 18:41:51,917 [INFO] [u_station_ab_night_autotune_v2] trading.auto_trader: AutoTrade skip token=AXOBOTL reason=cooldown_left_164s
2026-02-28 18:41:51,923 [INFO] [u_station_ab_night_autotune_v2] trading.auto_trader: AutoTrade skip token=AmberVibe reason=cooldown_left_164s
2026-02-28 18:41:51,930 [INFO] [u_station_ab_night_autotune_v2] trading.auto_trader: AutoTrade adjust token=VIRTUAL reason=min_trade_floor size=$0.03->$0.10 min=$0.10
2026-02-28 18:41:51,932 [INFO] [u_station_ab_night_autotune_v2] trading.auto_trader: AutoTrade skip token=VIRTUAL reason=ev_net_low expected_net=$-0.00987 min=$-0.00232 samples=23 conf=1.00 pwin=0.30 avg_win=$0.0097 avg_loss=$0.0177 kelly=0.000 mem=sparse trades=0<18
2026-02-28 18:41:51,939 [INFO] [u_station_ab_night_autotune_v2] trading.auto_trader: AutoTrade adjust token=USD₮0 reason=min_trade_floor size=$0.02->$0.10 min=$0.10
2026-02-28 18:41:51,941 [INFO] [u_station_ab_night_autotune_v2] trading.auto_trader: AutoTrade skip token=USD₮0 reason=ev_net_low expected_net=$-0.00987 min=$-0.00232 samples=23 conf=1.00 pwin=0.30 avg_win=$0.0097 avg_loss=$0.0177 kelly=0.000 mem=sparse trades=0<18
2026-02-28 18:41:51,946 [INFO] [u_station_ab_night_autotune_v2] trading.auto_trader: AutoTrade batch mode=top_n candidates=8 eligible=6 selected=5 opened=0 pe=off burst_window=0
2026-02-28 18:41:52,689 [INFO] [u_station_ab_night_autotune_v2] __main__: Scanned 10 tokens | High quality: 8 | Alerts sent: 0 | Trade candidates: 8 | Quality out/core/explore/probe: 8/5/3/0 | Opened: 0 | Mode: local | Source: onchain+market | Policy: raw=OK/effective=OK(healthy | route=allow_all) | Regime: GREEN(avg_cand=5.08) | Safety: checked=8 fail_closed=0 reasons=api_code_4029:8 | FiltersTop(session): safe_volume:530,safe_change_5m:129,score_min:71,blacklist:65 | Dedup: heavy_skip=0 override=0 | V2Budget: 8/280 | SourceQoS: enabled=1/in=10/out=10/dropped=0/active_cd=0/drops=none | Ingest: q=0/oldest=0.0s/drop_old=0/dedup_skip=0/enq=0/drain=0 | Sources: dex_boosts:ok=1/fail=0/429=0/lim_wait=0/cd_wait=0/err=0.0%/avg=183ms; dexscreener:ok=10/fail=0/429=0/lim_wait=0/cd_wait=0/err=0.0%/avg=297ms; onchain_enrich:ok=5/fail=0/429=0/lim_wait=0/cd_wait=0/err=0.0%/avg=185ms | Tasks: 3 | RSS: 0.0MB | CycleAvg: 5.56s
2026-02-28 18:41:57,473 [INFO] [u_station_ab_night_autotune_v2] __main__: WATCHLIST merged count=10
2026-02-28 18:41:57,474 [INFO] [u_station_ab_night_autotune_v2] trading.v2_runtime: V2_UNIVERSE in=11 dedup=11 out=10 target=10 novel_target=9 novel_out=1 repeat_dropped=0 symbol_dropped=1 surge_in=1 surge_target=1 surge_out=1
2026-02-28 18:41:57,475 [INFO] [u_station_ab_night_autotune_v2] __main__: V2_UNIVERSE cycle=274 before=11 after=10
2026-02-28 18:41:57,476 [INFO] [u_station_ab_night_autotune_v2] __main__: FILTER_PASS token=cbBTC tier=A score=100 mode=GREEN risk=MEDIUM liq=18449519 vol5m=139330
2026-02-28 18:41:57,478 [INFO] [u_station_ab_night_autotune_v2] __main__: FILTER_FAIL token=EARENDEL reason=blacklist honeypot_guard:is_honeypot,flag:high_fail_rate,sell_tax>5.0%(100.0%)
2026-02-28 18:41:57,479 [INFO] [u_station_ab_night_autotune_v2] __main__: FILTER_PASS token=JUNO tier=A score=100 mode=GREEN risk=MEDIUM liq=492690 vol5m=11308
2026-02-28 18:41:57,480 [INFO] [u_station_ab_night_autotune_v2] __main__: FILTER_PASS token=AntiHunter tier=A score=95 mode=GREEN risk=MEDIUM liq=574117 vol5m=6590
2026-02-28 18:41:57,481 [INFO] [u_station_ab_night_autotune_v2] __main__: FILTER_PASS token=AmberVibe tier=A score=95 mode=GREEN risk=MEDIUM liq=176762 vol5m=8220
2026-02-28 18:41:57,483 [INFO] [u_station_ab_night_autotune_v2] __main__: FILTER_PASS token=AXOBOTL tier=A score=95 mode=GREEN risk=MEDIUM liq=294830 vol5m=5566
2026-02-28 18:41:57,485 [INFO] [u_station_ab_night_autotune_v2] __main__: FILTER_PASS token=AERO tier=A score=75 mode=GREEN risk=MEDIUM liq=2487320 vol5m=145
2026-02-28 18:41:57,487 [INFO] [u_station_ab_night_autotune_v2] __main__: FILTER_PASS token=VIRTUAL tier=A score=75 mode=GREEN risk=MEDIUM liq=6934761 vol5m=74
2026-02-28 18:41:57,489 [INFO] [u_station_ab_night_autotune_v2] __main__: FILTER_PASS token=USD₮0 tier=A score=75 mode=GREEN risk=MEDIUM liq=120528 vol5m=24
2026-02-28 18:41:57,491 [INFO] [u_station_ab_night_autotune_v2] __main__: FILTER_FAIL token=BlackSwan reason=score_min score=40 strict_min=48 soft_min=48 mode=GREEN
2026-02-28 18:41:57,493 [INFO] [u_station_ab_night_autotune_v2] __main__: V2_QUALITY_GATE enabled=True regime=GREEN in=8 out=8 core_out=5 explore_out=3 probe_out=0 quota=3 max_symbol_share=0.125 drop={'provisional_core_cap': 1} sources_used={'watchlist': 8}
2026-02-28 18:41:57,495 [INFO] [u_station_ab_night_autotune_v2] __main__: V2_ENTRY_ROUTE enabled=True regime=GREEN in=8 out=8 core_out=5 explore_out=3 quota=3 allow_explore=True
2026-02-28 18:41:57,496 [INFO] [u_station_ab_night_autotune_v2] __main__: MARKET_REGIME mode=GREEN reason=avg_cand=5.50 avg_cand_recent=5.50
2026-02-28 18:41:57,497 [INFO] [u_station_ab_night_autotune_v2] trading.auto_trader: AutoTrade batch pre-prefilter removed=2 missing_addr=0 placeholder_addr=0 open_duplicate=2 blacklist=0 hard_blocklist=0
2026-02-28 18:41:57,500 [INFO] [u_station_ab_night_autotune_v2] trading.auto_trader: AutoTrade skip token=cbBTC reason=symbol_cooldown_left_168s
2026-02-28 18:41:57,502 [INFO] [u_station_ab_night_autotune_v2] trading.auto_trader: AutoTrade skip token=AXOBOTL reason=cooldown_left_158s
2026-02-28 18:41:57,505 [INFO] [u_station_ab_night_autotune_v2] trading.auto_trader: AutoTrade skip token=AmberVibe reason=cooldown_left_158s
2026-02-28 18:41:57,509 [INFO] [u_station_ab_night_autotune_v2] trading.auto_trader: AutoTrade adjust token=VIRTUAL reason=min_trade_floor size=$0.03->$0.10 min=$0.10
2026-02-28 18:41:57,511 [INFO] [u_station_ab_night_autotune_v2] trading.auto_trader: AutoTrade skip token=VIRTUAL reason=ev_net_low expected_net=$-0.00987 min=$-0.00232 samples=23 conf=1.00 pwin=0.30 avg_win=$0.0097 avg_loss=$0.0177 kelly=0.000 mem=sparse trades=0<18
2026-02-28 18:41:57,514 [INFO] [u_station_ab_night_autotune_v2] trading.auto_trader: AutoTrade adjust token=USD₮0 reason=min_trade_floor size=$0.02->$0.10 min=$0.10
2026-02-28 18:41:57,515 [INFO] [u_station_ab_night_autotune_v2] trading.auto_trader: AutoTrade skip token=USD₮0 reason=ev_net_low expected_net=$-0.00987 min=$-0.00232 samples=23 conf=1.00 pwin=0.30 avg_win=$0.0097 avg_loss=$0.0177 kelly=0.000 mem=sparse trades=0<18
2026-02-28 18:41:57,517 [INFO] [u_station_ab_night_autotune_v2] trading.auto_trader: AutoTrade batch mode=top_n candidates=8 eligible=6 selected=5 opened=0 pe=off burst_window=0
2026-02-28 18:41:57,778 [INFO] [u_station_ab_night_autotune_v2] __main__: Scanned 10 tokens | High quality: 8 | Alerts sent: 0 | Trade candidates: 8 | Quality out/core/explore/probe: 8/5/3/0 | Opened: 0 | Mode: local | Source: onchain+market | Policy: raw=OK/effective=OK(healthy | route=allow_all) | Regime: GREEN(avg_cand=5.50) | Safety: checked=8 fail_closed=0 reasons=api_code_4029:8 | FiltersTop(session): safe_volume:530,safe_change_5m:129,score_min:72,blacklist:66 | Dedup: heavy_skip=0 override=0 | V2Budget: 8/280 | SourceQoS: enabled=1/in=10/out=10/dropped=0/active_cd=0/drops=none | Ingest: q=0/oldest=0.0s/drop_old=0/dedup_skip=0/enq=0/drain=0 | Sources: dex_boosts:ok=1/fail=0/429=0/lim_wait=0/cd_wait=0/err=0.0%/avg=119ms; dexscreener:ok=10/fail=0/429=0/lim_wait=0/cd_wait=0/err=0.0%/avg=135ms; onchain_enrich:ok=1/fail=0/429=0/lim_wait=0/cd_wait=0/err=0.0%/avg=195ms | Tasks: 3 | RSS: 0.0MB | CycleAvg: 5.57s
2026-02-28 18:42:02,365 [INFO] [u_station_ab_night_autotune_v2] __main__: WATCHLIST merged count=10
2026-02-28 18:42:02,366 [INFO] [u_station_ab_night_autotune_v2] trading.v2_runtime: V2_UNIVERSE in=10 dedup=10 out=9 target=9 novel_target=8 novel_out=0 repeat_dropped=0 symbol_dropped=1 surge_in=1 surge_target=1 surge_out=1
2026-02-28 18:42:02,367 [INFO] [u_station_ab_night_autotune_v2] __main__: V2_UNIVERSE cycle=275 before=10 after=9
2026-02-28 18:42:02,369 [INFO] [u_station_ab_night_autotune_v2] __main__: FILTER_PASS token=cbBTC tier=A score=100 mode=GREEN risk=MEDIUM liq=18449519 vol5m=139330
2026-02-28 18:42:02,371 [INFO] [u_station_ab_night_autotune_v2] __main__: FILTER_FAIL token=EARENDEL reason=blacklist honeypot_guard:is_honeypot,flag:high_fail_rate,sell_tax>5.0%(100.0%)
2026-02-28 18:42:02,372 [INFO] [u_station_ab_night_autotune_v2] __main__: FILTER_PASS token=JUNO tier=A score=100 mode=GREEN risk=MEDIUM liq=492690 vol5m=11308
2026-02-28 18:42:02,374 [INFO] [u_station_ab_night_autotune_v2] __main__: FILTER_PASS token=AntiHunter tier=A score=95 mode=GREEN risk=MEDIUM liq=574117 vol5m=6590
2026-02-28 18:42:02,375 [INFO] [u_station_ab_night_autotune_v2] __main__: FILTER_PASS token=AmberVibe tier=A score=95 mode=GREEN risk=MEDIUM liq=176762 vol5m=8220
2026-02-28 18:42:02,377 [INFO] [u_station_ab_night_autotune_v2] __main__: FILTER_PASS token=AXOBOTL tier=A score=95 mode=GREEN risk=MEDIUM liq=294830 vol5m=5566
2026-02-28 18:42:02,379 [INFO] [u_station_ab_night_autotune_v2] __main__: FILTER_PASS token=AERO tier=A score=75 mode=GREEN risk=MEDIUM liq=2487320 vol5m=145
2026-02-28 18:42:02,381 [INFO] [u_station_ab_night_autotune_v2] __main__: FILTER_PASS token=VIRTUAL tier=A score=75 mode=GREEN risk=MEDIUM liq=6934761 vol5m=74
2026-02-28 18:42:02,382 [INFO] [u_station_ab_night_autotune_v2] __main__: FILTER_PASS token=USD₮0 tier=A score=75 mode=GREEN risk=MEDIUM liq=120528 vol5m=24
2026-02-28 18:42:02,385 [INFO] [u_station_ab_night_autotune_v2] __main__: V2_QUALITY_GATE enabled=True regime=GREEN in=8 out=8 core_out=5 explore_out=3 probe_out=0 quota=3 max_symbol_share=0.125 drop={'provisional_core_cap': 1} sources_used={'watchlist': 8}
2026-02-28 18:42:02,386 [INFO] [u_station_ab_night_autotune_v2] __main__: V2_ENTRY_ROUTE enabled=True regime=GREEN in=8 out=8 core_out=5 explore_out=3 quota=3 allow_explore=True
2026-02-28 18:42:02,386 [INFO] [u_station_ab_night_autotune_v2] __main__: MARKET_REGIME mode=GREEN reason=avg_cand=5.92 avg_cand_recent=5.92
2026-02-28 18:42:02,387 [INFO] [u_station_ab_night_autotune_v2] trading.auto_trader: AutoTrade batch pre-prefilter removed=2 missing_addr=0 placeholder_addr=0 open_duplicate=2 blacklist=0 hard_blocklist=0
2026-02-28 18:42:02,389 [INFO] [u_station_ab_night_autotune_v2] trading.auto_trader: AutoTrade skip token=cbBTC reason=symbol_cooldown_left_163s
2026-02-28 18:42:02,391 [INFO] [u_station_ab_night_autotune_v2] trading.auto_trader: AutoTrade skip token=AXOBOTL reason=cooldown_left_153s
2026-02-28 18:42:02,393 [INFO] [u_station_ab_night_autotune_v2] trading.auto_trader: AutoTrade skip token=AmberVibe reason=cooldown_left_154s
2026-02-28 18:42:02,396 [INFO] [u_station_ab_night_autotune_v2] trading.auto_trader: AutoTrade adjust token=VIRTUAL reason=min_trade_floor size=$0.03->$0.10 min=$0.10
2026-02-28 18:42:02,397 [INFO] [u_station_ab_night_autotune_v2] trading.auto_trader: AutoTrade skip token=VIRTUAL reason=ev_net_low expected_net=$-0.00987 min=$-0.00232 samples=23 conf=1.00 pwin=0.30 avg_win=$0.0097 avg_loss=$0.0177 kelly=0.000 mem=sparse trades=0<18
2026-02-28 18:42:02,401 [INFO] [u_station_ab_night_autotune_v2] trading.auto_trader: AutoTrade adjust token=USD₮0 reason=min_trade_floor size=$0.02->$0.10 min=$0.10
2026-02-28 18:42:02,403 [INFO] [u_station_ab_night_autotune_v2] trading.auto_trader: AutoTrade skip token=USD₮0 reason=ev_net_low expected_net=$-0.00987 min=$-0.00232 samples=23 conf=1.00 pwin=0.30 avg_win=$0.0097 avg_loss=$0.0177 kelly=0.000 mem=sparse trades=0<18
2026-02-28 18:42:02,404 [INFO] [u_station_ab_night_autotune_v2] trading.auto_trader: AutoTrade batch mode=top_n candidates=8 eligible=6 selected=5 opened=0 pe=off burst_window=0
2026-02-28 18:42:02,780 [INFO] [u_station_ab_night_autotune_v2] __main__: Scanned 9 tokens | High quality: 8 | Alerts sent: 0 | Trade candidates: 8 | Quality out/core/explore/probe: 8/5/3/0 | Opened: 0 | Mode: local | Source: onchain+market | Policy: raw=OK/effective=OK(healthy | route=allow_all) | Regime: GREEN(avg_cand=5.92) | Safety: checked=8 fail_closed=0 reasons=api_code_4029:8 | FiltersTop(session): safe_volume:530,safe_change_5m:129,score_min:72,blacklist:67 | Dedup: heavy_skip=0 override=0 | V2Budget: 8/280 | SourceQoS: enabled=1/in=9/out=9/dropped=0/active_cd=0/drops=none | Ingest: q=3/oldest=0.1s/drop_old=0/dedup_skip=1/enq=3/drain=0 | Sources: dex_boosts:ok=1/fail=0/429=0/lim_wait=0/cd_wait=0/err=0.0%/avg=66ms; dexscreener:ok=10/fail=0/429=0/lim_wait=0/cd_wait=0/err=0.0%/avg=60ms; geckoterminal:ok=1/fail=0/429=0/lim_wait=0/cd_wait=0/err=0.0%/avg=801ms | Tasks: 3 | RSS: 0.0MB | CycleAvg: 5.48s
2026-02-28 18:42:07,212 [INFO] [u_station_ab_night_autotune_v2] monitor.onchain_factory: PAIR_DETECTED source=uniswap_v2 dex=uniswap_v2 pair=0xfdd02872c52982e50956fa83af938af6e69d6f03 token0=0x4200000000000000000000000000000000000006 token1=0x6478c71f94df17eeaa4052f1d3c6d2273e8766f5 block=42755587 factory=0x8909dc15e40173ff4699343b6eb8132c65e18ec6
2026-02-28 18:42:07,642 [INFO] [u_station_ab_night_autotune_v2] monitor.onchain_factory: ENRICH_RETRY token=0x6478c71f94df17eeaa4052f1d3c6d2273e8766f5 pair=0xfdd02872c52982e50956fa83af938af6e69d6f03 attempt=1/2 delay=10s
2026-02-28 18:42:17,905 [INFO] [u_station_ab_night_autotune_v2] __main__: WATCHLIST merged count=10
2026-02-28 18:42:17,906 [INFO] [u_station_ab_night_autotune_v2] trading.v2_runtime: V2_UNIVERSE in=13 dedup=13 out=12 target=12 novel_target=11 novel_out=1 repeat_dropped=0 symbol_dropped=1 surge_in=2 surge_target=2 surge_out=2
2026-02-28 18:42:17,906 [INFO] [u_station_ab_night_autotune_v2] __main__: V2_UNIVERSE cycle=276 before=13 after=12
2026-02-28 18:42:17,908 [INFO] [u_station_ab_night_autotune_v2] __main__: FILTER_FAIL token=PsyopWar reason=safe_age
2026-02-28 18:42:17,909 [INFO] [u_station_ab_night_autotune_v2] __main__: FILTER_PASS token=cbBTC tier=A score=100 mode=GREEN risk=MEDIUM liq=18449519 vol5m=139330
2026-02-28 18:42:17,911 [INFO] [u_station_ab_night_autotune_v2] __main__: FILTER_FAIL token=𝕏 reason=safe_age
2026-02-28 18:42:17,912 [INFO] [u_station_ab_night_autotune_v2] __main__: FILTER_FAIL token=EARENDEL reason=blacklist honeypot_guard:is_honeypot,flag:high_fail_rate,sell_tax>5.0%(100.0%)
2026-02-28 18:42:17,913 [INFO] [u_station_ab_night_autotune_v2] __main__: FILTER_PASS token=JUNO tier=A score=100 mode=GREEN risk=MEDIUM liq=492690 vol5m=11308
2026-02-28 18:42:17,914 [INFO] [u_station_ab_night_autotune_v2] __main__: FILTER_PASS token=AntiHunter tier=A score=95 mode=GREEN risk=MEDIUM liq=574117 vol5m=6590
2026-02-28 18:42:17,916 [INFO] [u_station_ab_night_autotune_v2] __main__: FILTER_PASS token=AmberVibe tier=A score=95 mode=GREEN risk=MEDIUM liq=176762 vol5m=8220
2026-02-28 18:42:17,918 [INFO] [u_station_ab_night_autotune_v2] __main__: FILTER_PASS token=AXOBOTL tier=A score=95 mode=GREEN risk=MEDIUM liq=294830 vol5m=5566
2026-02-28 18:42:17,920 [INFO] [u_station_ab_night_autotune_v2] __main__: FILTER_FAIL token=HOMEBASE reason=score_min score=40 strict_min=48 soft_min=48 mode=GREEN
2026-02-28 18:42:17,921 [INFO] [u_station_ab_night_autotune_v2] __main__: FILTER_PASS token=AERO tier=A score=75 mode=GREEN risk=MEDIUM liq=2487320 vol5m=145
2026-02-28 18:42:17,923 [INFO] [u_station_ab_night_autotune_v2] __main__: FILTER_PASS token=VIRTUAL tier=A score=75 mode=GREEN risk=MEDIUM liq=6934761 vol5m=74
2026-02-28 18:42:17,925 [INFO] [u_station_ab_night_autotune_v2] __main__: FILTER_PASS token=USD₮0 tier=A score=75 mode=GREEN risk=MEDIUM liq=120528 vol5m=24
2026-02-28 18:42:17,927 [INFO] [u_station_ab_night_autotune_v2] __main__: V2_QUALITY_GATE enabled=True regime=GREEN in=8 out=8 core_out=5 explore_out=3 probe_out=0 quota=3 max_symbol_share=0.125 drop={'provisional_core_cap': 1} sources_used={'watchlist': 8}
2026-02-28 18:42:17,929 [INFO] [u_station_ab_night_autotune_v2] __main__: V2_ENTRY_ROUTE enabled=True regime=GREEN in=8 out=8 core_out=5 explore_out=3 quota=3 allow_explore=True
2026-02-28 18:42:17,929 [INFO] [u_station_ab_night_autotune_v2] __main__: MARKET_REGIME mode=GREEN reason=avg_cand=6.33 avg_cand_recent=6.33
2026-02-28 18:42:17,930 [INFO] [u_station_ab_night_autotune_v2] trading.auto_trader: AutoTrade batch pre-prefilter removed=2 missing_addr=0 placeholder_addr=0 open_duplicate=2 blacklist=0 hard_blocklist=0
2026-02-28 18:42:17,931 [INFO] [u_station_ab_night_autotune_v2] trading.auto_trader: AutoTrade skip token=cbBTC reason=symbol_cooldown_left_148s
2026-02-28 18:42:17,934 [INFO] [u_station_ab_night_autotune_v2] trading.auto_trader: AutoTrade skip token=AXOBOTL reason=cooldown_left_138s
2026-02-28 18:42:17,937 [INFO] [u_station_ab_night_autotune_v2] trading.auto_trader: AutoTrade skip token=AmberVibe reason=cooldown_left_138s
2026-02-28 18:42:17,941 [INFO] [u_station_ab_night_autotune_v2] trading.auto_trader: AutoTrade adjust token=VIRTUAL reason=min_trade_floor size=$0.03->$0.10 min=$0.10
2026-02-28 18:42:17,942 [INFO] [u_station_ab_night_autotune_v2] trading.auto_trader: AutoTrade skip token=VIRTUAL reason=ev_net_low expected_net=$-0.00987 min=$-0.00232 samples=23 conf=1.00 pwin=0.30 avg_win=$0.0097 avg_loss=$0.0177 kelly=0.000 mem=sparse trades=0<18
2026-02-28 18:42:17,946 [INFO] [u_station_ab_night_autotune_v2] trading.auto_trader: AutoTrade adjust token=USD₮0 reason=min_trade_floor size=$0.02->$0.10 min=$0.10
2026-02-28 18:42:17,947 [INFO] [u_station_ab_night_autotune_v2] trading.auto_trader: AutoTrade skip token=USD₮0 reason=ev_net_low expected_net=$-0.00987 min=$-0.00232 samples=23 conf=1.00 pwin=0.30 avg_win=$0.0097 avg_loss=$0.0177 kelly=0.000 mem=sparse trades=0<18
2026-02-28 18:42:17,948 [INFO] [u_station_ab_night_autotune_v2] trading.auto_trader: AutoTrade batch mode=top_n candidates=8 eligible=6 selected=5 opened=0 pe=off burst_window=0
2026-02-28 18:42:18,234 [INFO] [u_station_ab_night_autotune_v2] __main__: Scanned 12 tokens | High quality: 9 | Alerts sent: 0 | Trade candidates: 8 | Quality out/core/explore/probe: 8/5/3/0 | Opened: 0 | Mode: local | Source: onchain+market | Policy: raw=OK/effective=OK(healthy | route=allow_all) | Regime: GREEN(avg_cand=6.33) | Safety: checked=8 fail_closed=0 reasons=api_code_4029:8 | FiltersTop(session): safe_volume:530,safe_change_5m:129,score_min:73,blacklist:68 | Dedup: heavy_skip=0 override=0 | V2Budget: 8/280 | SourceQoS: enabled=1/in=12/out=12/dropped=0/active_cd=0/drops=none | Ingest: q=0/oldest=0.0s/drop_old=0/dedup_skip=0/enq=0/drain=3 | Sources: dex_boosts:ok=1/fail=0/429=0/lim_wait=0/cd_wait=0/err=0.0%/avg=63ms; dexscreener:ok=10/fail=0/429=0/lim_wait=0/cd_wait=0/err=0.0%/avg=47ms; onchain_enrich:ok=4/fail=0/429=0/lim_wait=0/cd_wait=0/err=0.0%/avg=97ms; onchain_weth_price:ok=1/fail=0/429=0/lim_wait=0/cd_wait=0/err=0.0%/avg=148ms | Tasks: 3 | RSS: 0.0MB | CycleAvg: 5.40s
