2026-02-26 15:13:43,620 [INFO] [u_station_ab_night_autotune_v1] __main__: SESSION_LOG file=logs/matrix/u_station_ab_night_autotune_v1\sessions\main_local_20260226_141343_pid2940.log
2026-02-26 15:13:43,649 [INFO] [u_station_ab_night_autotune_v1] trading.auto_trader_state: AutoTrade state loaded open=0 closed=19 balance=$7.01
2026-02-26 15:13:43,660 [WARNING] [u_station_ab_night_autotune_v1] trading.auto_trader: DATA_POLICY mode=OK reason=init_reset_manual prev_mode=OK prev_reason=healthy | route=allow_all
2026-02-26 15:13:43,661 [INFO] [u_station_ab_night_autotune_v1] __main__: AUTOTRADER_INIT state=ready reason=manual mode=paper
2026-02-26 15:13:43,662 [INFO] [u_station_ab_night_autotune_v1] __main__: Local mode started (Telegram disabled).
2026-02-26 15:13:44,302 [INFO] [u_station_ab_night_autotune_v1] monitor.onchain_factory: PAIR_DETECTED source=uniswap_v2 dex=uniswap_v2 pair=0x960145ad3ad36e97fec4ec0e3c877edbecc22f6b token0=0x4200000000000000000000000000000000000006 token1=0xdf767f5aea0d5c4e4a74179017eefa36568a6274 block=42662935 factory=0x8909dc15e40173ff4699343b6eb8132c65e18ec6
2026-02-26 15:13:45,030 [INFO] [u_station_ab_night_autotune_v1] monitor.onchain_factory: ENRICH_RETRY token=0xdf767f5aea0d5c4e4a74179017eefa36568a6274 pair=0x960145ad3ad36e97fec4ec0e3c877edbecc22f6b attempt=1/2 delay=10s
2026-02-26 15:13:56,958 [INFO] [u_station_ab_night_autotune_v1] __main__: WATCHLIST merged count=4
2026-02-26 15:13:56,959 [INFO] [u_station_ab_night_autotune_v1] trading.v2_runtime: V2_UNIVERSE in=13 dedup=13 out=13 target=13 novel_target=9 novel_out=13 repeat_dropped=0 symbol_dropped=0 surge_in=3 surge_target=3 surge_out=3
2026-02-26 15:13:56,961 [INFO] [u_station_ab_night_autotune_v1] __main__: FILTER_FAIL token=ASUR reason=safe_age
2026-02-26 15:13:56,964 [INFO] [u_station_ab_night_autotune_v1] __main__: FILTER_FAIL token=Obscura reason=safe_age
2026-02-26 15:13:56,965 [INFO] [u_station_ab_night_autotune_v1] __main__: FILTER_PASS token=cbBTC tier=A score=100 mode=YELLOW risk=MEDIUM liq=23712295 vol5m=132581
2026-02-26 15:13:56,967 [INFO] [u_station_ab_night_autotune_v1] __main__: FILTER_FAIL token=CHARLES reason=safe_age
2026-02-26 15:13:56,969 [INFO] [u_station_ab_night_autotune_v1] __main__: FILTER_FAIL token=MOODR reason=safe_age
2026-02-26 15:13:56,970 [INFO] [u_station_ab_night_autotune_v1] __main__: FILTER_PASS token=AXIOM EMPLOYEE tier=A score=60 mode=YELLOW risk=MEDIUM liq=22038 vol5m=1204
2026-02-26 15:13:56,973 [INFO] [u_station_ab_night_autotune_v1] monitor.local_alerter: Local alert token=AXIOM EMPLOYEE address=0x647c635bd654fe644ae666a3dc56d117a87e5ba3 score=60 reco=HOLD risk=MEDIUM warnings=0 liq=22038 vol5m=1204
2026-02-26 15:13:56,976 [INFO] [u_station_ab_night_autotune_v1] __main__: FILTER_FAIL token=XCASH reason=score_min score=40 strict_min=48 soft_min=48 mode=YELLOW
2026-02-26 15:13:56,977 [INFO] [u_station_ab_night_autotune_v1] __main__: FILTER_PASS token=AERO tier=A score=85 mode=YELLOW risk=MEDIUM liq=1349119 vol5m=2657
2026-02-26 15:13:56,980 [INFO] [u_station_ab_night_autotune_v1] __main__: FILTER_FAIL token=BROOX reason=score_min score=40 strict_min=48 soft_min=48 mode=YELLOW
2026-02-26 15:13:56,981 [INFO] [u_station_ab_night_autotune_v1] __main__: FILTER_PASS token=VIRTUAL tier=A score=85 mode=YELLOW risk=MEDIUM liq=7210470 vol5m=3639
2026-02-26 15:13:56,982 [INFO] [u_station_ab_night_autotune_v1] __main__: FILTER_PASS token=Conway tier=A score=95 mode=YELLOW risk=MEDIUM liq=663059 vol5m=7645
2026-02-26 15:13:56,984 [INFO] [u_station_ab_night_autotune_v1] __main__: FILTER_FAIL token=EXTRAXIOM reason=score_min score=30 strict_min=48 soft_min=48 mode=YELLOW
2026-02-26 15:13:56,986 [INFO] [u_station_ab_night_autotune_v1] __main__: FILTER_FAIL token=FLUFY reason=safe_volume vol5m=0 min=9 regime=YELLOW
2026-02-26 15:13:56,988 [INFO] [u_station_ab_night_autotune_v1] trading.v2_runtime: V2_QUALITY_ROTATE symbols_core=0 symbols_cooldown=0 sources=1 top_core=- top_cooldown=-
2026-02-26 15:13:56,990 [INFO] [u_station_ab_night_autotune_v1] __main__: V2_QUALITY_GATE enabled=True regime=YELLOW in=5 out=5 core_out=1 explore_out=4 probe_out=0 quota=3 max_symbol_share=0.200 drop={'source_budget': 1, 'duplicate_address': 3} sources_used={'watchlist': 4, 'geckoterminal': 1}
2026-02-26 15:13:56,995 [INFO] [u_station_ab_night_autotune_v1] __main__: V2_ENTRY_ROUTE enabled=True regime=YELLOW in=5 out=4 core_out=1 explore_out=3 quota=3 allow_explore=True
2026-02-26 15:13:56,997 [WARNING] [u_station_ab_night_autotune_v1] trading.auto_trader: DATA_POLICY mode=OK reason=healthy | route=allow_all prev_mode=OK prev_reason=init_reset_manual
2026-02-26 15:13:56,998 [INFO] [u_station_ab_night_autotune_v1] __main__: MARKET_REGIME mode=YELLOW reason=hysteresis_recover_wait 1/4 raw=GREEN avg_cand_recent=5.00
2026-02-26 15:13:57,000 [INFO] [u_station_ab_night_autotune_v1] trading.auto_trader: AutoTrade skip token=cbBTC reason=cooldown_left_251s
2026-02-26 15:13:57,067 [INFO] [u_station_ab_night_autotune_v1] trading.auto_trader: AUTO_DECISION token=Conway mode=YELLOW tier=A channel=core score=95 src=watchlist liq=663059 vol5m=7645 chg5m=9.14% edge=0.83% raw=0.77% regime_mult=1.08 edge_usd=$0.004 size=$0.45 mult=1.32(score=1.15 liq=1.15 vol=1.00 volat=1.00) reinvest=1.05(growth_steps=0 drawdown=0.18% loss_streak=0 edge=5.52%) size_mode=0.80 hold_mode=1.06 exec_lane=runner exec_mult(size=1.10 hold=1.32 edge=0.94) edge_gate_mult(usd=1.00,pct=1.00) quality(edge=0.98,size=1.04 detail=src_mult=1.00 ev=0.00000 edge(src_relax=0.000 src_tight=0.000 ev_adj=-0.000) size(src_relax=0.000 src_cut=0.000 ev_adj=0.000)) costs=8.83% gas=$0.028 ev_net=$-0.00094 ev_samples=33 conf=1.00 pwin=0.45 avg_win=$0.0121 avg_loss=$0.0120 kelly=0.62(k=0.000) token_ev=sparse trades=0<4 cluster=s3|l3|v2|m3|r1 cluster_route=sparse samples=0<10 breakdown={'liquidity_score': 30, 'volume_score': 20, 'risk_score': 15, 'age_score': 15, 'safety_score': 15}
2026-02-26 15:13:57,519 [WARNING] [u_station_ab_night_autotune_v1] trading.auto_trader: AutoTrade skip token=Conway reason=honeypot_guard detail=simulation_failed,simulation_error,flag:high_fail_rate mode=paper
2026-02-26 15:13:57,520 [INFO] [u_station_ab_night_autotune_v1] trading.auto_trader: AutoTrade batch mode=top_n candidates=4 eligible=4 selected=2 opened=0 pe=off burst_window=0
2026-02-26 15:13:57,521 [INFO] [u_station_ab_night_autotune_v1] __main__: FILTER_THRESHOLDS safe_volume_5m_min=$8 safe_liquidity_min=$8000 safe_age_min=240s score_min=48 edge_min=0.13% lock_floor=0.95 no_momentum_max_pnl=0.25 weakness_pnl=-2.60
2026-02-26 15:13:57,522 [INFO] [u_station_ab_night_autotune_v1] __main__: Scanned 13 tokens | High quality: 7 | Alerts sent: 1 | Trade candidates: 5 | Quality out/core/explore/probe: 5/1/4/0 | Opened: 0 | Mode: local | Source: onchain+market | Policy: raw=OK/effective=OK(healthy | route=allow_all) | Regime: YELLOW(hysteresis_recover_wait 1/4 raw=GREEN) | Safety: checked=5 fail_closed=0 reasons=api_code_4029:5 | FiltersTop(session): safe_age:4,score_min:3,safe_volume:1 | Dedup: heavy_skip=0 override=0 | V2Budget: 5/280 | SourceQoS: enabled=1/in=13/out=13/dropped=0/active_cd=0/drops=none | Ingest: q=0/oldest=0.0s/drop_old=0/dedup_skip=0/enq=9/drain=9 | Sources: dex_boosts:ok=1/fail=0/429=0/lim_wait=0/cd_wait=0/err=0.0%/avg=96ms; dexscreener:ok=10/fail=0/429=0/lim_wait=0/cd_wait=0/err=0.0%/avg=103ms; geckoterminal:ok=2/fail=0/429=0/lim_wait=0/cd_wait=0/err=0.0%/avg=414ms; onchain_enrich:ok=4/fail=0/429=0/lim_wait=0/cd_wait=0/err=0.0%/avg=171ms; onchain_weth_price:ok=1/fail=0/429=0/lim_wait=0/cd_wait=0/err=0.0%/avg=72ms; watchlist_dex:ok=10/fail=0/429=0/lim_wait=0/cd_wait=0/err=0.0%/avg=275ms; watchlist_gecko:ok=6/fail=0/429=0/lim_wait=0/cd_wait=0/err=0.0%/avg=551ms | Tasks: 3 | RSS: 0.0MB | CycleAvg: 0.00s
2026-02-26 15:14:01,810 [INFO] [u_station_ab_night_autotune_v1] monitor.onchain_factory: PAIR_DETECTED source=uniswap_v2 dex=uniswap_v2 pair=0xc43002bf219e9a22feec954728c4d06374d08109 token0=0x4200000000000000000000000000000000000006 token1=0x61af91a7afbf78abb6522525f7264ae77fcb4ba3 block=42662938 factory=0x8909dc15e40173ff4699343b6eb8132c65e18ec6
2026-02-26 15:14:02,114 [INFO] [u_station_ab_night_autotune_v1] monitor.onchain_factory: ENRICH_RETRY token=0xdf767f5aea0d5c4e4a74179017eefa36568a6274 pair=0x960145ad3ad36e97fec4ec0e3c877edbecc22f6b attempt=1/2 delay=10s
2026-02-26 15:14:02,321 [INFO] [u_station_ab_night_autotune_v1] monitor.onchain_factory: ENRICH_RETRY token=0x61af91a7afbf78abb6522525f7264ae77fcb4ba3 pair=0xc43002bf219e9a22feec954728c4d06374d08109 attempt=1/2 delay=10s
2026-02-26 15:14:12,410 [INFO] [u_station_ab_night_autotune_v1] __main__: WATCHLIST merged count=4
2026-02-26 15:14:12,410 [INFO] [u_station_ab_night_autotune_v1] trading.v2_runtime: V2_UNIVERSE in=4 dedup=4 out=4 target=4 novel_target=3 novel_out=0 repeat_dropped=0 symbol_dropped=0 surge_in=0 surge_target=0 surge_out=0
2026-02-26 15:14:12,411 [INFO] [u_station_ab_night_autotune_v1] __main__: FILTER_PASS token=cbBTC tier=A score=100 mode=YELLOW risk=MEDIUM liq=23712295 vol5m=132581
2026-02-26 15:14:12,412 [INFO] [u_station_ab_night_autotune_v1] __main__: FILTER_PASS token=AERO tier=A score=85 mode=YELLOW risk=MEDIUM liq=1349119 vol5m=2657
2026-02-26 15:14:12,414 [INFO] [u_station_ab_night_autotune_v1] __main__: FILTER_PASS token=VIRTUAL tier=A score=85 mode=YELLOW risk=MEDIUM liq=7210470 vol5m=3639
2026-02-26 15:14:12,415 [INFO] [u_station_ab_night_autotune_v1] __main__: FILTER_PASS token=Conway tier=A score=95 mode=YELLOW risk=MEDIUM liq=663059 vol5m=7645
2026-02-26 15:14:12,417 [INFO] [u_station_ab_night_autotune_v1] __main__: V2_QUALITY_GATE enabled=True regime=YELLOW in=4 out=4 core_out=1 explore_out=3 probe_out=0 quota=3 max_symbol_share=0.250 drop={'source_budget': 1, 'duplicate_address': 3} sources_used={'watchlist': 4}
2026-02-26 15:14:12,419 [INFO] [u_station_ab_night_autotune_v1] __main__: V2_ENTRY_ROUTE enabled=True regime=YELLOW in=4 out=3 core_out=1 explore_out=2 quota=2 allow_explore=True
2026-02-26 15:14:12,420 [INFO] [u_station_ab_night_autotune_v1] __main__: MARKET_REGIME mode=YELLOW reason=hysteresis_recover_wait 2/4 raw=GREEN avg_cand_recent=4.50
2026-02-26 15:14:12,421 [INFO] [u_station_ab_night_autotune_v1] trading.auto_trader: AutoTrade skip token=cbBTC reason=cooldown_left_236s
2026-02-26 15:14:12,423 [INFO] [u_station_ab_night_autotune_v1] trading.auto_trader: AutoTrade skip token=Conway reason=blacklist detail=honeypot_guard:simulation_failed,simulation_error,flag:high_fail_rate
2026-02-26 15:14:12,424 [INFO] [u_station_ab_night_autotune_v1] trading.auto_trader: AutoTrade batch mode=top_n candidates=3 eligible=3 selected=2 opened=0 pe=off burst_window=0
2026-02-26 15:14:12,426 [INFO] [u_station_ab_night_autotune_v1] __main__: Scanned 4 tokens | High quality: 4 | Alerts sent: 0 | Trade candidates: 4 | Quality out/core/explore/probe: 4/1/3/0 | Opened: 0 | Mode: local | Source: onchain+market | Policy: raw=OK/effective=OK(healthy | route=allow_all) | Regime: YELLOW(hysteresis_recover_wait 2/4 raw=GREEN) | Safety: checked=4 fail_closed=0 reasons=api_code_4029:4 | FiltersTop(session): safe_age:4,score_min:3,safe_volume:1 | Dedup: heavy_skip=0 override=0 | V2Budget: 4/280 | SourceQoS: enabled=1/in=4/out=4/dropped=0/active_cd=0/drops=none | Ingest: q=0/oldest=0.0s/drop_old=0/dedup_skip=0/enq=0/drain=0 | Sources: dex_boosts:ok=1/fail=0/429=0/lim_wait=0/cd_wait=0/err=0.0%/avg=95ms; dexscreener:ok=10/fail=0/429=0/lim_wait=0/cd_wait=0/err=0.0%/avg=99ms; onchain_enrich:ok=8/fail=0/429=0/lim_wait=0/cd_wait=0/err=0.0%/avg=82ms | Tasks: 3 | RSS: 0.0MB | CycleAvg: 13.65s
2026-02-26 15:14:16,717 [INFO] [u_station_ab_night_autotune_v1] monitor.onchain_factory: PAIR_DETECTED source=uniswap_v2 dex=uniswap_v2 pair=0x43c48633b6aad9968d6976ed8aa04f8ae73e2cb0 token0=0x4200000000000000000000000000000000000006 token1=0x776bcb481208d4f474d87ed3667fee9a37f5ab07 block=42662951 factory=0x8909dc15e40173ff4699343b6eb8132c65e18ec6
2026-02-26 15:14:16,981 [INFO] [u_station_ab_night_autotune_v1] monitor.onchain_factory: ENRICH_RETRY token=0x61af91a7afbf78abb6522525f7264ae77fcb4ba3 pair=0xc43002bf219e9a22feec954728c4d06374d08109 attempt=1/2 delay=10s
2026-02-26 15:14:17,176 [INFO] [u_station_ab_night_autotune_v1] monitor.onchain_factory: ENRICH_RETRY token=0x776bcb481208d4f474d87ed3667fee9a37f5ab07 pair=0x43c48633b6aad9968d6976ed8aa04f8ae73e2cb0 attempt=1/2 delay=10s
2026-02-26 15:14:27,288 [INFO] [u_station_ab_night_autotune_v1] __main__: WATCHLIST merged count=4
2026-02-26 15:14:27,288 [INFO] [u_station_ab_night_autotune_v1] trading.v2_runtime: V2_UNIVERSE in=5 dedup=5 out=5 target=5 novel_target=4 novel_out=1 repeat_dropped=0 symbol_dropped=0 surge_in=0 surge_target=0 surge_out=0
2026-02-26 15:14:27,289 [INFO] [u_station_ab_night_autotune_v1] __main__: FILTER_PASS token=cbBTC tier=A score=100 mode=YELLOW risk=MEDIUM liq=23712295 vol5m=132581
2026-02-26 15:14:27,291 [INFO] [u_station_ab_night_autotune_v1] __main__: FILTER_PASS token=AERO tier=A score=85 mode=YELLOW risk=MEDIUM liq=1349119 vol5m=2657
2026-02-26 15:14:27,291 [INFO] [u_station_ab_night_autotune_v1] __main__: FILTER_PASS token=VIRTUAL tier=A score=85 mode=YELLOW risk=MEDIUM liq=7210470 vol5m=3639
2026-02-26 15:14:27,292 [INFO] [u_station_ab_night_autotune_v1] __main__: FILTER_PASS token=Conway tier=A score=95 mode=YELLOW risk=MEDIUM liq=663059 vol5m=7645
2026-02-26 15:14:27,294 [INFO] [u_station_ab_night_autotune_v1] __main__: FILTER_FAIL token=SENT reason=safe_volume vol5m=0 min=9 regime=YELLOW
2026-02-26 15:14:27,295 [INFO] [u_station_ab_night_autotune_v1] __main__: V2_QUALITY_GATE enabled=True regime=YELLOW in=4 out=4 core_out=1 explore_out=3 probe_out=0 quota=3 max_symbol_share=0.250 drop={'source_budget': 1, 'duplicate_address': 3} sources_used={'watchlist': 4}
2026-02-26 15:14:27,298 [INFO] [u_station_ab_night_autotune_v1] __main__: V2_ENTRY_ROUTE enabled=True regime=YELLOW in=4 out=3 core_out=1 explore_out=2 quota=2 allow_explore=True
2026-02-26 15:14:27,299 [INFO] [u_station_ab_night_autotune_v1] __main__: MARKET_REGIME mode=YELLOW reason=hysteresis_recover_wait 3/4 raw=GREEN avg_cand_recent=4.33
2026-02-26 15:14:27,301 [INFO] [u_station_ab_night_autotune_v1] trading.auto_trader: AutoTrade skip token=cbBTC reason=cooldown_left_221s
2026-02-26 15:14:27,302 [INFO] [u_station_ab_night_autotune_v1] trading.auto_trader: AutoTrade skip token=Conway reason=blacklist detail=honeypot_guard:simulation_failed,simulation_error,flag:high_fail_rate
2026-02-26 15:14:27,303 [INFO] [u_station_ab_night_autotune_v1] trading.auto_trader: AutoTrade batch mode=top_n candidates=3 eligible=3 selected=2 opened=0 pe=off burst_window=0
2026-02-26 15:14:27,304 [INFO] [u_station_ab_night_autotune_v1] __main__: Scanned 5 tokens | High quality: 4 | Alerts sent: 0 | Trade candidates: 4 | Quality out/core/explore/probe: 4/1/3/0 | Opened: 0 | Mode: local | Source: onchain+market | Policy: raw=OK/effective=OK(healthy | route=allow_all) | Regime: YELLOW(hysteresis_recover_wait 3/4 raw=GREEN) | Safety: checked=4 fail_closed=0 reasons=api_code_4029:4 | FiltersTop(session): safe_age:4,score_min:3,safe_volume:2 | Dedup: heavy_skip=0 override=0 | V2Budget: 4/280 | SourceQoS: enabled=1/in=5/out=5/dropped=0/active_cd=0/drops=none | Ingest: q=0/oldest=0.0s/drop_old=0/dedup_skip=0/enq=0/drain=0 | Sources: dex_boosts:ok=1/fail=0/429=0/lim_wait=0/cd_wait=0/err=0.0%/avg=45ms; dexscreener:ok=10/fail=0/429=0/lim_wait=0/cd_wait=0/err=0.0%/avg=62ms; onchain_enrich:ok=9/fail=0/429=0/lim_wait=0/cd_wait=0/err=0.0%/avg=116ms | Tasks: 3 | RSS: 0.0MB | CycleAvg: 12.28s
2026-02-26 15:14:31,594 [INFO] [u_station_ab_night_autotune_v1] monitor.onchain_factory: PAIR_DETECTED source=uniswap_v2 dex=uniswap_v2 pair=0x82152e24c0357ade5d7265087850b060945e8eab token0=0x17ecf36f749c173646fe838cc5530eedc83eeb07 token1=0x4200000000000000000000000000000000000006 block=42662957 factory=0x8909dc15e40173ff4699343b6eb8132c65e18ec6
2026-02-26 15:14:31,836 [INFO] [u_station_ab_night_autotune_v1] monitor.onchain_factory: ENRICH_RETRY token=0x61af91a7afbf78abb6522525f7264ae77fcb4ba3 pair=0xc43002bf219e9a22feec954728c4d06374d08109 attempt=1/2 delay=10s
2026-02-26 15:14:31,842 [INFO] [u_station_ab_night_autotune_v1] monitor.onchain_factory: ENRICH_RETRY token=0x776bcb481208d4f474d87ed3667fee9a37f5ab07 pair=0x43c48633b6aad9968d6976ed8aa04f8ae73e2cb0 attempt=1/2 delay=10s
2026-02-26 15:14:31,962 [INFO] [u_station_ab_night_autotune_v1] monitor.onchain_factory: ENRICH_RETRY token=0x17ecf36f749c173646fe838cc5530eedc83eeb07 pair=0x82152e24c0357ade5d7265087850b060945e8eab attempt=1/2 delay=10s
2026-02-26 15:14:42,048 [INFO] [u_station_ab_night_autotune_v1] __main__: WATCHLIST merged count=4
2026-02-26 15:14:42,049 [INFO] [u_station_ab_night_autotune_v1] trading.v2_runtime: V2_UNIVERSE in=5 dedup=5 out=5 target=5 novel_target=4 novel_out=1 repeat_dropped=0 symbol_dropped=0 surge_in=0 surge_target=0 surge_out=0
2026-02-26 15:14:42,049 [INFO] [u_station_ab_night_autotune_v1] __main__: FILTER_PASS token=cbBTC tier=A score=100 mode=YELLOW risk=MEDIUM liq=23712295 vol5m=132581
2026-02-26 15:14:42,050 [INFO] [u_station_ab_night_autotune_v1] __main__: FILTER_PASS token=AERO tier=A score=85 mode=YELLOW risk=MEDIUM liq=1349119 vol5m=2657
2026-02-26 15:14:42,052 [INFO] [u_station_ab_night_autotune_v1] __main__: FILTER_PASS token=VIRTUAL tier=A score=85 mode=YELLOW risk=MEDIUM liq=7210470 vol5m=3639
2026-02-26 15:14:42,053 [INFO] [u_station_ab_night_autotune_v1] __main__: FILTER_PASS token=Conway tier=A score=95 mode=YELLOW risk=MEDIUM liq=663059 vol5m=7645
2026-02-26 15:14:42,056 [INFO] [u_station_ab_night_autotune_v1] __main__: FILTER_FAIL token=BENCHMARK reason=safe_volume vol5m=0 min=9 regime=YELLOW
2026-02-26 15:14:42,057 [INFO] [u_station_ab_night_autotune_v1] __main__: V2_QUALITY_GATE enabled=True regime=GREEN in=4 out=4 core_out=1 explore_out=3 probe_out=0 quota=3 max_symbol_share=0.250 drop={'source_budget': 1, 'duplicate_address': 3} sources_used={'watchlist': 4}
2026-02-26 15:14:42,059 [INFO] [u_station_ab_night_autotune_v1] __main__: V2_ENTRY_ROUTE enabled=True regime=GREEN in=4 out=3 core_out=1 explore_out=2 quota=2 allow_explore=True
2026-02-26 15:14:42,060 [INFO] [u_station_ab_night_autotune_v1] __main__: MARKET_REGIME mode=GREEN reason=avg_cand=4.25 avg_cand_recent=4.25
2026-02-26 15:14:42,061 [WARNING] [u_station_ab_night_autotune_v1] monitor.local_alerter: Local event symbol=MARKET_MODE reco=GREEN risk=INFO
2026-02-26 15:14:42,062 [INFO] [u_station_ab_night_autotune_v1] trading.auto_trader: AutoTrade skip token=cbBTC reason=cooldown_left_206s
2026-02-26 15:14:42,063 [INFO] [u_station_ab_night_autotune_v1] trading.auto_trader: AutoTrade skip token=Conway reason=blacklist detail=honeypot_guard:simulation_failed,simulation_error,flag:high_fail_rate
2026-02-26 15:14:42,063 [INFO] [u_station_ab_night_autotune_v1] trading.auto_trader: AutoTrade batch mode=top_n candidates=3 eligible=3 selected=2 opened=0 pe=off burst_window=0
2026-02-26 15:14:42,066 [INFO] [u_station_ab_night_autotune_v1] __main__: Scanned 5 tokens | High quality: 4 | Alerts sent: 0 | Trade candidates: 4 | Quality out/core/explore/probe: 4/1/3/0 | Opened: 0 | Mode: local | Source: onchain+market | Policy: raw=OK/effective=OK(healthy | route=allow_all) | Regime: GREEN(avg_cand=4.25) | Safety: checked=4 fail_closed=0 reasons=api_code_4029:4 | FiltersTop(session): safe_age:4,score_min:3,safe_volume:3 | Dedup: heavy_skip=0 override=0 | V2Budget: 4/280 | SourceQoS: enabled=1/in=5/out=5/dropped=0/active_cd=0/drops=none | Ingest: q=0/oldest=0.0s/drop_old=0/dedup_skip=0/enq=0/drain=0 | Sources: dex_boosts:ok=1/fail=0/429=0/lim_wait=0/cd_wait=0/err=0.0%/avg=55ms; dexscreener:ok=10/fail=0/429=0/lim_wait=0/cd_wait=0/err=0.0%/avg=204ms; onchain_enrich:ok=11/fail=0/429=0/lim_wait=0/cd_wait=0/err=0.0%/avg=71ms | Tasks: 3 | RSS: 0.0MB | CycleAvg: 11.81s
2026-02-26 15:14:46,646 [INFO] [u_station_ab_night_autotune_v1] monitor.onchain_factory: ENRICH_RETRY token=0x17ecf36f749c173646fe838cc5530eedc83eeb07 pair=0x82152e24c0357ade5d7265087850b060945e8eab attempt=1/2 delay=10s
2026-02-26 15:14:46,654 [INFO] [u_station_ab_night_autotune_v1] monitor.onchain_factory: ENRICH_RETRY token=0x776bcb481208d4f474d87ed3667fee9a37f5ab07 pair=0x43c48633b6aad9968d6976ed8aa04f8ae73e2cb0 attempt=1/2 delay=10s
2026-02-26 15:14:56,955 [INFO] [u_station_ab_night_autotune_v1] __main__: WATCHLIST merged count=4
2026-02-26 15:14:56,956 [INFO] [u_station_ab_night_autotune_v1] trading.v2_runtime: V2_UNIVERSE in=5 dedup=5 out=5 target=5 novel_target=4 novel_out=1 repeat_dropped=0 symbol_dropped=0 surge_in=0 surge_target=0 surge_out=0
2026-02-26 15:14:56,956 [INFO] [u_station_ab_night_autotune_v1] __main__: FILTER_PASS token=cbBTC tier=A score=100 mode=GREEN risk=MEDIUM liq=23712295 vol5m=132581
2026-02-26 15:14:56,957 [INFO] [u_station_ab_night_autotune_v1] __main__: FILTER_FAIL token=predictorx reason=score_min score=40 strict_min=48 soft_min=48 mode=GREEN
2026-02-26 15:14:56,958 [INFO] [u_station_ab_night_autotune_v1] __main__: FILTER_PASS token=AERO tier=A score=85 mode=GREEN risk=MEDIUM liq=1349119 vol5m=2657
2026-02-26 15:14:56,958 [INFO] [u_station_ab_night_autotune_v1] __main__: FILTER_PASS token=VIRTUAL tier=A score=85 mode=GREEN risk=MEDIUM liq=7210470 vol5m=3639
2026-02-26 15:14:56,959 [INFO] [u_station_ab_night_autotune_v1] __main__: FILTER_PASS token=Conway tier=A score=95 mode=GREEN risk=MEDIUM liq=663059 vol5m=7645
2026-02-26 15:14:56,960 [INFO] [u_station_ab_night_autotune_v1] __main__: V2_QUALITY_GATE enabled=True regime=GREEN in=4 out=4 core_out=1 explore_out=3 probe_out=0 quota=3 max_symbol_share=0.250 drop={'source_budget': 1, 'duplicate_address': 3} sources_used={'watchlist': 4}
2026-02-26 15:14:56,962 [INFO] [u_station_ab_night_autotune_v1] __main__: V2_ENTRY_ROUTE enabled=True regime=GREEN in=4 out=3 core_out=1 explore_out=2 quota=2 allow_explore=True
2026-02-26 15:14:56,962 [INFO] [u_station_ab_night_autotune_v1] __main__: MARKET_REGIME mode=GREEN reason=avg_cand=4.20 avg_cand_recent=4.20
2026-02-26 15:14:56,964 [INFO] [u_station_ab_night_autotune_v1] trading.auto_trader: AutoTrade skip token=cbBTC reason=cooldown_left_191s
2026-02-26 15:14:56,965 [INFO] [u_station_ab_night_autotune_v1] trading.auto_trader: AutoTrade skip token=Conway reason=blacklist detail=honeypot_guard:simulation_failed,simulation_error,flag:high_fail_rate
2026-02-26 15:14:56,965 [INFO] [u_station_ab_night_autotune_v1] trading.auto_trader: AutoTrade batch mode=top_n candidates=3 eligible=3 selected=2 opened=0 pe=off burst_window=0
2026-02-26 15:14:56,965 [INFO] [u_station_ab_night_autotune_v1] trading.auto_trader: PAPER_SUMMARY window=60s closed_delta=0 wins_delta=0 losses_delta=0 realized_delta=$0.00 total_closed=19 winrate_total=15.8% realized_total=$0.01 balance=$7.01 equity=$7.01 open=0
2026-02-26 15:14:56,966 [INFO] [u_station_ab_night_autotune_v1] __main__: Scanned 5 tokens | High quality: 4 | Alerts sent: 0 | Trade candidates: 4 | Quality out/core/explore/probe: 4/1/3/0 | Opened: 0 | Mode: local | Source: onchain+market | Policy: raw=OK/effective=OK(healthy | route=allow_all) | Regime: GREEN(avg_cand=4.20) | Safety: checked=4 fail_closed=0 reasons=api_code_4029:4 | FiltersTop(session): safe_age:4,score_min:4,safe_volume:3 | Dedup: heavy_skip=0 override=0 | V2Budget: 4/280 | SourceQoS: enabled=1/in=5/out=5/dropped=0/active_cd=0/drops=none | Ingest: q=0/oldest=0.0s/drop_old=0/dedup_skip=0/enq=0/drain=0 | Sources: dex_boosts:ok=1/fail=0/429=0/lim_wait=0/cd_wait=0/err=0.0%/avg=54ms; dexscreener:ok=10/fail=0/429=0/lim_wait=0/cd_wait=0/err=0.0%/avg=74ms; onchain_enrich:ok=7/fail=0/429=0/lim_wait=0/cd_wait=0/err=0.0%/avg=65ms; onchain_weth_price:ok=1/fail=0/429=0/lim_wait=0/cd_wait=0/err=0.0%/avg=180ms | Tasks: 3 | RSS: 0.0MB | CycleAvg: 11.54s
2026-02-26 15:15:01,498 [INFO] [u_station_ab_night_autotune_v1] monitor.onchain_factory: ENRICH_RETRY token=0x17ecf36f749c173646fe838cc5530eedc83eeb07 pair=0x82152e24c0357ade5d7265087850b060945e8eab attempt=1/2 delay=10s
2026-02-26 15:15:11,865 [INFO] [u_station_ab_night_autotune_v1] __main__: WATCHLIST merged count=4
2026-02-26 15:15:11,866 [INFO] [u_station_ab_night_autotune_v1] trading.v2_runtime: V2_UNIVERSE in=9 dedup=9 out=9 target=9 novel_target=6 novel_out=2 repeat_dropped=0 symbol_dropped=0 surge_in=0 surge_target=0 surge_out=0
2026-02-26 15:15:11,866 [INFO] [u_station_ab_night_autotune_v1] __main__: FILTER_PASS token=cbBTC tier=A score=100 mode=GREEN risk=MEDIUM liq=23712295 vol5m=132581
2026-02-26 15:15:11,868 [INFO] [u_station_ab_night_autotune_v1] __main__: FILTER_FAIL token=BENCHMARK reason=safe_age
2026-02-26 15:15:11,868 [INFO] [u_station_ab_night_autotune_v1] __main__: FILTER_FAIL token=predictorx reason=score_min score=40 strict_min=48 soft_min=48 mode=GREEN
2026-02-26 15:15:11,869 [INFO] [u_station_ab_night_autotune_v1] __main__: FILTER_FAIL token=SENT reason=safe_age
2026-02-26 15:15:11,870 [INFO] [u_station_ab_night_autotune_v1] __main__: FILTER_PASS token=AERO tier=A score=85 mode=GREEN risk=MEDIUM liq=1349119 vol5m=2657
2026-02-26 15:15:11,871 [INFO] [u_station_ab_night_autotune_v1] __main__: FILTER_FAIL token=LEV8 reason=score_min score=30 strict_min=48 soft_min=48 mode=GREEN
2026-02-26 15:15:11,872 [INFO] [u_station_ab_night_autotune_v1] __main__: FILTER_PASS token=VIRTUAL tier=A score=85 mode=GREEN risk=MEDIUM liq=7210470 vol5m=3639
2026-02-26 15:15:11,872 [INFO] [u_station_ab_night_autotune_v1] __main__: FILTER_PASS token=Conway tier=A score=95 mode=GREEN risk=MEDIUM liq=663059 vol5m=7645
2026-02-26 15:15:11,873 [INFO] [u_station_ab_night_autotune_v1] __main__: FILTER_FAIL token=MARCELL reason=score_min score=40 strict_min=48 soft_min=48 mode=GREEN
2026-02-26 15:15:11,874 [INFO] [u_station_ab_night_autotune_v1] __main__: V2_QUALITY_GATE enabled=True regime=GREEN in=4 out=4 core_out=1 explore_out=3 probe_out=0 quota=3 max_symbol_share=0.250 drop={'source_budget': 1, 'duplicate_address': 3} sources_used={'watchlist': 4}
2026-02-26 15:15:11,876 [INFO] [u_station_ab_night_autotune_v1] __main__: V2_ENTRY_ROUTE enabled=True regime=GREEN in=4 out=3 core_out=1 explore_out=2 quota=2 allow_explore=True
2026-02-26 15:15:11,877 [INFO] [u_station_ab_night_autotune_v1] __main__: MARKET_REGIME mode=GREEN reason=avg_cand=4.17 avg_cand_recent=4.17
2026-02-26 15:15:11,879 [INFO] [u_station_ab_night_autotune_v1] trading.auto_trader: AutoTrade skip token=cbBTC reason=cooldown_left_176s
2026-02-26 15:15:11,880 [INFO] [u_station_ab_night_autotune_v1] trading.auto_trader: AutoTrade skip token=Conway reason=blacklist detail=honeypot_guard:simulation_failed,simulation_error,flag:high_fail_rate
2026-02-26 15:15:11,882 [INFO] [u_station_ab_night_autotune_v1] trading.auto_trader: AutoTrade batch mode=top_n candidates=3 eligible=3 selected=2 opened=0 pe=off burst_window=0
2026-02-26 15:15:11,883 [INFO] [u_station_ab_night_autotune_v1] __main__: Scanned 9 tokens | High quality: 4 | Alerts sent: 0 | Trade candidates: 4 | Quality out/core/explore/probe: 4/1/3/0 | Opened: 0 | Mode: local | Source: onchain+market | Policy: raw=OK/effective=OK(healthy | route=allow_all) | Regime: GREEN(avg_cand=4.17) | Safety: checked=4 fail_closed=0 reasons=api_code_4029:4 | FiltersTop(session): score_min:7,safe_age:6,safe_volume:3 | Dedup: heavy_skip=0 override=0 | V2Budget: 4/280 | SourceQoS: enabled=1/in=9/out=9/dropped=0/active_cd=0/drops=none | Ingest: q=0/oldest=0.0s/drop_old=0/dedup_skip=0/enq=5/drain=5 | Sources: dex_boosts:ok=1/fail=0/429=0/lim_wait=0/cd_wait=0/err=0.0%/avg=44ms; dexscreener:ok=10/fail=0/429=0/lim_wait=0/cd_wait=0/err=0.0%/avg=58ms; geckoterminal:ok=1/fail=0/429=0/lim_wait=0/cd_wait=0/err=0.0%/avg=275ms; onchain_enrich:ok=4/fail=0/429=0/lim_wait=0/cd_wait=0/err=0.0%/avg=110ms | Tasks: 3 | RSS: 0.0MB | CycleAvg: 11.41s
2026-02-26 15:15:16,412 [INFO] [u_station_ab_night_autotune_v1] monitor.onchain_factory: ENRICH_RETRY token=0x17ecf36f749c173646fe838cc5530eedc83eeb07 pair=0x82152e24c0357ade5d7265087850b060945e8eab attempt=1/2 delay=10s
2026-02-26 15:15:26,498 [INFO] [u_station_ab_night_autotune_v1] __main__: WATCHLIST merged count=4
2026-02-26 15:15:26,498 [INFO] [u_station_ab_night_autotune_v1] trading.v2_runtime: V2_UNIVERSE in=4 dedup=4 out=4 target=4 novel_target=3 novel_out=0 repeat_dropped=0 symbol_dropped=0 surge_in=0 surge_target=0 surge_out=0
2026-02-26 15:15:26,499 [INFO] [u_station_ab_night_autotune_v1] __main__: FILTER_PASS token=cbBTC tier=A score=100 mode=GREEN risk=MEDIUM liq=23712295 vol5m=132581
2026-02-26 15:15:26,501 [INFO] [u_station_ab_night_autotune_v1] __main__: FILTER_PASS token=AERO tier=A score=85 mode=GREEN risk=MEDIUM liq=1349119 vol5m=2657
2026-02-26 15:15:26,502 [INFO] [u_station_ab_night_autotune_v1] __main__: FILTER_PASS token=VIRTUAL tier=A score=85 mode=GREEN risk=MEDIUM liq=7210470 vol5m=3639
2026-02-26 15:15:26,503 [INFO] [u_station_ab_night_autotune_v1] __main__: FILTER_PASS token=Conway tier=A score=95 mode=GREEN risk=MEDIUM liq=663059 vol5m=7645
2026-02-26 15:15:26,505 [INFO] [u_station_ab_night_autotune_v1] __main__: V2_QUALITY_GATE enabled=True regime=GREEN in=4 out=4 core_out=1 explore_out=3 probe_out=0 quota=3 max_symbol_share=0.250 drop={'source_budget': 1, 'duplicate_address': 3} sources_used={'watchlist': 4}
2026-02-26 15:15:26,507 [INFO] [u_station_ab_night_autotune_v1] __main__: V2_ENTRY_ROUTE enabled=True regime=GREEN in=4 out=3 core_out=1 explore_out=2 quota=2 allow_explore=True
2026-02-26 15:15:26,509 [INFO] [u_station_ab_night_autotune_v1] __main__: MARKET_REGIME mode=GREEN reason=avg_cand=4.14 avg_cand_recent=4.14
2026-02-26 15:15:26,510 [INFO] [u_station_ab_night_autotune_v1] trading.auto_trader: AutoTrade skip token=cbBTC reason=cooldown_left_162s
2026-02-26 15:15:26,510 [INFO] [u_station_ab_night_autotune_v1] trading.auto_trader: AutoTrade skip token=Conway reason=blacklist detail=honeypot_guard:simulation_failed,simulation_error,flag:high_fail_rate
2026-02-26 15:15:26,510 [INFO] [u_station_ab_night_autotune_v1] trading.auto_trader: AutoTrade batch mode=top_n candidates=3 eligible=3 selected=2 opened=0 pe=off burst_window=0
2026-02-26 15:15:26,510 [INFO] [u_station_ab_night_autotune_v1] __main__: Scanned 4 tokens | High quality: 4 | Alerts sent: 0 | Trade candidates: 4 | Quality out/core/explore/probe: 4/1/3/0 | Opened: 0 | Mode: local | Source: onchain+market | Policy: raw=OK/effective=OK(healthy | route=allow_all) | Regime: GREEN(avg_cand=4.14) | Safety: checked=4 fail_closed=0 reasons=api_code_4029:4 | FiltersTop(session): score_min:7,safe_age:6,safe_volume:3 | Dedup: heavy_skip=0 override=0 | V2Budget: 4/280 | SourceQoS: enabled=1/in=4/out=4/dropped=0/active_cd=0/drops=none | Ingest: q=0/oldest=0.0s/drop_old=0/dedup_skip=0/enq=0/drain=0 | Sources: dex_boosts:ok=1/fail=0/429=0/lim_wait=0/cd_wait=0/err=0.0%/avg=144ms; dexscreener:ok=10/fail=0/429=0/lim_wait=0/cd_wait=0/err=0.0%/avg=179ms; onchain_enrich:ok=4/fail=0/429=0/lim_wait=0/cd_wait=0/err=0.0%/avg=41ms | Tasks: 3 | RSS: 0.0MB | CycleAvg: 11.33s
2026-02-26 15:15:30,813 [INFO] [u_station_ab_night_autotune_v1] monitor.onchain_factory: PAIR_DETECTED source=uniswap_v2 dex=uniswap_v2 pair=0xc10df3f46a12f65ea93978abea5918d73075a19c token0=0x4200000000000000000000000000000000000006 token1=0xe554212735196e82cfaedb40992ae846caac6ba3 block=42662988 factory=0x8909dc15e40173ff4699343b6eb8132c65e18ec6
2026-02-26 15:15:31,072 [INFO] [u_station_ab_night_autotune_v1] monitor.onchain_factory: ENRICH_RETRY token=0x17ecf36f749c173646fe838cc5530eedc83eeb07 pair=0x82152e24c0357ade5d7265087850b060945e8eab attempt=1/2 delay=10s
2026-02-26 15:15:31,255 [INFO] [u_station_ab_night_autotune_v1] monitor.onchain_factory: ENRICH_RETRY token=0xe554212735196e82cfaedb40992ae846caac6ba3 pair=0xc10df3f46a12f65ea93978abea5918d73075a19c attempt=1/2 delay=10s
2026-02-26 15:15:41,366 [INFO] [u_station_ab_night_autotune_v1] __main__: WATCHLIST merged count=4
2026-02-26 15:15:41,366 [INFO] [u_station_ab_night_autotune_v1] trading.v2_runtime: V2_UNIVERSE in=4 dedup=4 out=4 target=4 novel_target=3 novel_out=0 repeat_dropped=0 symbol_dropped=0 surge_in=0 surge_target=0 surge_out=0
2026-02-26 15:15:41,367 [INFO] [u_station_ab_night_autotune_v1] __main__: FILTER_PASS token=cbBTC tier=A score=100 mode=GREEN risk=MEDIUM liq=23712295 vol5m=132581
2026-02-26 15:15:41,369 [INFO] [u_station_ab_night_autotune_v1] __main__: FILTER_PASS token=AERO tier=A score=85 mode=GREEN risk=MEDIUM liq=1349119 vol5m=2657
2026-02-26 15:15:41,370 [INFO] [u_station_ab_night_autotune_v1] __main__: FILTER_PASS token=VIRTUAL tier=A score=85 mode=GREEN risk=MEDIUM liq=7210470 vol5m=3639
2026-02-26 15:15:41,371 [INFO] [u_station_ab_night_autotune_v1] __main__: FILTER_PASS token=Conway tier=A score=95 mode=GREEN risk=MEDIUM liq=663059 vol5m=7645
2026-02-26 15:15:41,372 [INFO] [u_station_ab_night_autotune_v1] __main__: V2_QUALITY_GATE enabled=True regime=GREEN in=4 out=4 core_out=1 explore_out=3 probe_out=0 quota=3 max_symbol_share=0.250 drop={'source_budget': 1, 'duplicate_address': 3} sources_used={'watchlist': 4}
2026-02-26 15:15:41,375 [INFO] [u_station_ab_night_autotune_v1] __main__: V2_ENTRY_ROUTE enabled=True regime=GREEN in=4 out=3 core_out=1 explore_out=2 quota=2 allow_explore=True
2026-02-26 15:15:41,375 [INFO] [u_station_ab_night_autotune_v1] __main__: MARKET_REGIME mode=GREEN reason=avg_cand=4.12 avg_cand_recent=4.12
2026-02-26 15:15:41,377 [INFO] [u_station_ab_night_autotune_v1] trading.auto_trader: AutoTrade skip token=cbBTC reason=cooldown_left_147s
2026-02-26 15:15:41,378 [INFO] [u_station_ab_night_autotune_v1] trading.auto_trader: AutoTrade skip token=Conway reason=blacklist detail=honeypot_guard:simulation_failed,simulation_error,flag:high_fail_rate
2026-02-26 15:15:41,378 [INFO] [u_station_ab_night_autotune_v1] trading.auto_trader: AutoTrade batch mode=top_n candidates=3 eligible=3 selected=2 opened=0 pe=off burst_window=0
2026-02-26 15:15:41,379 [INFO] [u_station_ab_night_autotune_v1] __main__: Scanned 4 tokens | High quality: 4 | Alerts sent: 0 | Trade candidates: 4 | Quality out/core/explore/probe: 4/1/3/0 | Opened: 0 | Mode: local | Source: onchain+market | Policy: raw=OK/effective=OK(healthy | route=allow_all) | Regime: GREEN(avg_cand=4.12) | Safety: checked=4 fail_closed=0 reasons=api_code_4029:4 | FiltersTop(session): score_min:7,safe_age:6,safe_volume:3 | Dedup: heavy_skip=0 override=0 | V2Budget: 4/280 | SourceQoS: enabled=1/in=4/out=4/dropped=0/active_cd=0/drops=none | Ingest: q=0/oldest=0.0s/drop_old=0/dedup_skip=0/enq=0/drain=0 | Sources: dex_boosts:ok=1/fail=0/429=0/lim_wait=0/cd_wait=0/err=0.0%/avg=44ms; dexscreener:ok=10/fail=0/429=0/lim_wait=0/cd_wait=0/err=0.0%/avg=44ms; onchain_enrich:ok=8/fail=0/429=0/lim_wait=0/cd_wait=0/err=0.0%/avg=75ms | Tasks: 3 | RSS: 0.0MB | CycleAvg: 11.23s
2026-02-26 15:15:45,896 [INFO] [u_station_ab_night_autotune_v1] monitor.onchain_factory: ENRICH_RETRY token=0xe554212735196e82cfaedb40992ae846caac6ba3 pair=0xc10df3f46a12f65ea93978abea5918d73075a19c attempt=1/2 delay=10s
2026-02-26 15:15:55,994 [INFO] [u_station_ab_night_autotune_v1] __main__: WATCHLIST merged count=4
2026-02-26 15:15:55,994 [INFO] [u_station_ab_night_autotune_v1] trading.v2_runtime: V2_UNIVERSE in=5 dedup=5 out=5 target=5 novel_target=4 novel_out=0 repeat_dropped=0 symbol_dropped=0 surge_in=1 surge_target=1 surge_out=1
2026-02-26 15:15:55,995 [INFO] [u_station_ab_night_autotune_v1] __main__: FILTER_PASS token=cbBTC tier=A score=100 mode=GREEN risk=MEDIUM liq=23712295 vol5m=132581
2026-02-26 15:15:55,996 [INFO] [u_station_ab_night_autotune_v1] __main__: FILTER_FAIL token=MARCELL reason=safe_age
2026-02-26 15:15:55,997 [INFO] [u_station_ab_night_autotune_v1] __main__: FILTER_PASS token=AERO tier=A score=85 mode=GREEN risk=MEDIUM liq=1349119 vol5m=2657
2026-02-26 15:15:55,997 [INFO] [u_station_ab_night_autotune_v1] __main__: FILTER_PASS token=VIRTUAL tier=A score=85 mode=GREEN risk=MEDIUM liq=7210470 vol5m=3639
2026-02-26 15:15:55,999 [INFO] [u_station_ab_night_autotune_v1] __main__: FILTER_PASS token=Conway tier=A score=95 mode=GREEN risk=MEDIUM liq=663059 vol5m=7645
2026-02-26 15:15:56,000 [INFO] [u_station_ab_night_autotune_v1] __main__: V2_QUALITY_GATE enabled=True regime=GREEN in=4 out=4 core_out=1 explore_out=3 probe_out=0 quota=3 max_symbol_share=0.250 drop={'source_budget': 1, 'duplicate_address': 3} sources_used={'watchlist': 4}
2026-02-26 15:15:56,003 [INFO] [u_station_ab_night_autotune_v1] __main__: V2_ENTRY_ROUTE enabled=True regime=GREEN in=4 out=3 core_out=1 explore_out=2 quota=2 allow_explore=True
2026-02-26 15:15:56,003 [INFO] [u_station_ab_night_autotune_v1] __main__: MARKET_REGIME mode=GREEN reason=avg_cand=4.11 avg_cand_recent=4.11
2026-02-26 15:15:56,004 [INFO] [u_station_ab_night_autotune_v1] trading.auto_trader: AutoTrade skip token=cbBTC reason=cooldown_left_132s
2026-02-26 15:15:56,006 [INFO] [u_station_ab_night_autotune_v1] trading.auto_trader: AutoTrade skip token=Conway reason=blacklist detail=honeypot_guard:simulation_failed,simulation_error,flag:high_fail_rate
2026-02-26 15:15:56,006 [INFO] [u_station_ab_night_autotune_v1] trading.auto_trader: AutoTrade batch mode=top_n candidates=3 eligible=3 selected=2 opened=0 pe=off burst_window=0
2026-02-26 15:15:56,007 [INFO] [u_station_ab_night_autotune_v1] __main__: Scanned 5 tokens | High quality: 4 | Alerts sent: 0 | Trade candidates: 4 | Quality out/core/explore/probe: 4/1/3/0 | Opened: 0 | Mode: local | Source: onchain+market | Policy: raw=OK/effective=OK(healthy | route=allow_all) | Regime: GREEN(avg_cand=4.11) | Safety: checked=4 fail_closed=0 reasons=api_code_4029:4 | FiltersTop(session): safe_age:7,score_min:7,safe_volume:3 | Dedup: heavy_skip=0 override=0 | V2Budget: 4/280 | SourceQoS: enabled=1/in=5/out=5/dropped=0/active_cd=0/drops=none | Ingest: q=0/oldest=0.0s/drop_old=0/dedup_skip=0/enq=0/drain=0 | Sources: dex_boosts:ok=1/fail=0/429=0/lim_wait=0/cd_wait=0/err=0.0%/avg=64ms; dexscreener:ok=10/fail=0/429=0/lim_wait=0/cd_wait=0/err=0.0%/avg=51ms; onchain_enrich:ok=5/fail=0/429=0/lim_wait=0/cd_wait=0/err=0.0%/avg=111ms | Tasks: 3 | RSS: 0.0MB | CycleAvg: 11.18s
2026-02-26 15:16:00,016 [WARNING] [u_station_ab_night_autotune_v1] __main__: GRACEFUL_STOP requested path=D:\earnforme\solana-alert-bot\data\graceful_stop.u_station_ab_night_autotune_v1.signal
2026-02-26 15:16:00,056 [INFO] [u_station_ab_night_autotune_v1] trading.auto_trader: AUTOTRADER_SHUTDOWN reason=main_local_shutdown open=0 closed=19
