2026-02-26 16:32:00,403 [INFO] [u_station_ab_night_autotune_v1] __main__: SESSION_LOG file=logs/matrix/u_station_ab_night_autotune_v1\sessions\main_local_20260226_153200_pid8024.log
2026-02-26 16:32:00,421 [INFO] [u_station_ab_night_autotune_v1] trading.auto_trader_state: AutoTrade state loaded open=0 closed=35 balance=$7.37
2026-02-26 16:32:00,437 [WARNING] [u_station_ab_night_autotune_v1] trading.auto_trader: DATA_POLICY mode=OK reason=init_reset_manual prev_mode=OK prev_reason=healthy | route=allow_all
2026-02-26 16:32:00,437 [INFO] [u_station_ab_night_autotune_v1] __main__: AUTOTRADER_INIT state=ready reason=manual mode=paper
2026-02-26 16:32:00,437 [INFO] [u_station_ab_night_autotune_v1] __main__: Local mode started (Telegram disabled).
2026-02-26 16:32:00,989 [INFO] [u_station_ab_night_autotune_v1] monitor.onchain_factory: PAIR_DETECTED source=uniswap_v3 dex=uniswap_v3 pair=0x424553d238820d788493dc7908a0dc2b4e509b3d token0=0x4200000000000000000000000000000000000006 token1=0xa649041777e805381c9605d3b80699b64df67f97 block=42665283 factory=0x33128a8fc17869897dce68ed026d694621f6fdfd
2026-02-26 16:32:01,522 [INFO] [u_station_ab_night_autotune_v1] monitor.onchain_factory: ENRICH_RETRY token=0xa649041777e805381c9605d3b80699b64df67f97 pair=0x424553d238820d788493dc7908a0dc2b4e509b3d attempt=1/2 delay=10s
2026-02-26 16:32:13,388 [INFO] [u_station_ab_night_autotune_v1] __main__: WATCHLIST merged count=3
2026-02-26 16:32:13,390 [INFO] [u_station_ab_night_autotune_v1] trading.v2_runtime: V2_UNIVERSE in=18 dedup=18 out=18 target=18 novel_target=16 novel_out=18 repeat_dropped=0 symbol_dropped=0 surge_in=6 surge_target=5 surge_out=6
2026-02-26 16:32:13,391 [INFO] [u_station_ab_night_autotune_v1] __main__: V2_SOURCE_QOS_FILTER in=18 out=11 drops={'source_qos_symbol_cap': 5, 'source_qos_cap': 2} caps={'geckoterminal': 287, 'watchlist': 1}
2026-02-26 16:32:13,392 [INFO] [u_station_ab_night_autotune_v1] __main__: FILTER_FAIL token=CLAWSPOT reason=source_qos_symbol_cap symbol=CLAWSPOT used=1/1
2026-02-26 16:32:13,393 [INFO] [u_station_ab_night_autotune_v1] __main__: FILTER_FAIL token=Keef reason=source_qos_symbol_cap symbol=KEEF used=1/1
2026-02-26 16:32:13,394 [INFO] [u_station_ab_night_autotune_v1] __main__: FILTER_FAIL token=CLAWSPOT reason=source_qos_symbol_cap symbol=CLAWSPOT used=1/1
2026-02-26 16:32:13,394 [INFO] [u_station_ab_night_autotune_v1] __main__: FILTER_FAIL token=Keef reason=source_qos_symbol_cap symbol=KEEF used=1/1
2026-02-26 16:32:13,395 [INFO] [u_station_ab_night_autotune_v1] __main__: FILTER_FAIL token=KEEF reason=source_qos_symbol_cap symbol=KEEF used=1/1
2026-02-26 16:32:13,396 [INFO] [u_station_ab_night_autotune_v1] __main__: FILTER_FAIL token=VIRTUAL reason=source_qos_cap source=watchlist used=1/1
2026-02-26 16:32:13,397 [INFO] [u_station_ab_night_autotune_v1] __main__: FILTER_FAIL token=AERO reason=source_qos_cap source=watchlist used=1/1
2026-02-26 16:32:13,397 [INFO] [u_station_ab_night_autotune_v1] __main__: FILTER_FAIL token=Keef reason=safe_age
2026-02-26 16:32:13,397 [INFO] [u_station_ab_night_autotune_v1] __main__: FILTER_FAIL token=CLAWSPOT reason=safe_change_5m
2026-02-26 16:32:13,397 [INFO] [u_station_ab_night_autotune_v1] __main__: FILTER_PASS token=Punch tier=A score=90 mode=YELLOW risk=MEDIUM liq=22807 vol5m=13698
2026-02-26 16:32:13,397 [INFO] [u_station_ab_night_autotune_v1] monitor.local_alerter: Local alert token=Punch address=0x66cf13b5acbd0d9e1e7adbfaff4f8656cdb2ab07 score=90 reco=BUY risk=MEDIUM warnings=0 liq=22807 vol5m=13698
2026-02-26 16:32:13,397 [INFO] [u_station_ab_night_autotune_v1] __main__: FILTER_FAIL token=AXIOM reason=safe_change_5m
2026-02-26 16:32:13,397 [INFO] [u_station_ab_night_autotune_v1] __main__: FILTER_PASS token=cbBTC tier=A score=100 mode=YELLOW risk=MEDIUM liq=19266647 vol5m=235414
2026-02-26 16:32:13,404 [INFO] [u_station_ab_night_autotune_v1] __main__: FILTER_FAIL token=MYST reason=score_min score=40 strict_min=48 soft_min=48 mode=YELLOW
2026-02-26 16:32:13,404 [INFO] [u_station_ab_night_autotune_v1] __main__: FILTER_FAIL token=MOLTD reason=safe_age
2026-02-26 16:32:13,404 [INFO] [u_station_ab_night_autotune_v1] __main__: FILTER_FAIL token=我踏马来了 reason=safe_volume vol5m=2 min=8 regime=YELLOW
2026-02-26 16:32:13,404 [INFO] [u_station_ab_night_autotune_v1] __main__: FILTER_FAIL token=005380 reason=score_min score=40 strict_min=48 soft_min=48 mode=YELLOW
2026-02-26 16:32:13,404 [INFO] [u_station_ab_night_autotune_v1] __main__: FILTER_FAIL token=DEPOT reason=safe_volume vol5m=0 min=8 regime=YELLOW
2026-02-26 16:32:13,404 [INFO] [u_station_ab_night_autotune_v1] __main__: FILTER_FAIL token=ENDOR reason=safe_volume vol5m=0 min=8 regime=YELLOW
2026-02-26 16:32:13,404 [INFO] [u_station_ab_night_autotune_v1] trading.v2_runtime: V2_QUALITY_ROTATE symbols_core=0 symbols_cooldown=1 sources=2 top_core=- top_cooldown=CBBTC:-0.0003/14
2026-02-26 16:32:13,404 [INFO] [u_station_ab_night_autotune_v1] __main__: V2_QUALITY_GATE enabled=True regime=YELLOW in=2 out=1 core_out=1 explore_out=0 probe_out=0 quota=0 max_symbol_share=1.000 drop={'cooldown_bucket': 1, 'duplicate_address': 1} sources_used={'geckoterminal': 1}
2026-02-26 16:32:13,404 [INFO] [u_station_ab_night_autotune_v1] __main__: V2_ENTRY_ROUTE enabled=True regime=YELLOW in=1 out=1 core_out=1 explore_out=0 quota=0 allow_explore=True
2026-02-26 16:32:13,404 [WARNING] [u_station_ab_night_autotune_v1] trading.auto_trader: DATA_POLICY mode=OK reason=healthy | route=allow_all prev_mode=OK prev_reason=init_reset_manual
2026-02-26 16:32:13,404 [INFO] [u_station_ab_night_autotune_v1] __main__: MARKET_REGIME mode=YELLOW reason=avg_cand=2.00 avg_cand_recent=2.00
2026-02-26 16:32:13,435 [INFO] [u_station_ab_night_autotune_v1] trading.auto_trader: AutoTrade skip token=Punch reason=edge_low mode=both edge=-1.01% raw=-0.93% mult=1.08 min=0.05% probe_min=0.05% edge_usd=$-0.005 min_usd=$0.000 probe_min_usd=$0.000 size=$0.45 gross=8.00% costs=8.93% pwin=0.75 probe=- budget=0/1
2026-02-26 16:32:13,435 [INFO] [u_station_ab_night_autotune_v1] trading.auto_trader: AutoTrade batch mode=top_n candidates=1 eligible=1 selected=1 opened=0 pe=off burst_window=0
2026-02-26 16:32:13,435 [INFO] [u_station_ab_night_autotune_v1] __main__: FILTER_THRESHOLDS safe_volume_5m_min=$7 safe_liquidity_min=$8000 safe_age_min=240s score_min=48 edge_min=0.05% lock_floor=0.95 no_momentum_max_pnl=0.25 weakness_pnl=-2.60
2026-02-26 16:32:13,435 [INFO] [u_station_ab_night_autotune_v1] __main__: Scanned 18 tokens | High quality: 5 | Alerts sent: 1 | Trade candidates: 2 | Quality out/core/explore/probe: 1/1/0/0 | Opened: 0 | Mode: local | Source: onchain+market | Policy: raw=OK/effective=OK(healthy | route=allow_all) | Regime: YELLOW(avg_cand=2.00) | Safety: checked=2 fail_closed=0 reasons=api_code_4029:2 | FiltersTop(session): source_qos_symbol_cap:5,safe_volume:3,source_qos_cap:2,safe_age:2 | Dedup: heavy_skip=0 override=0 | V2Budget: 2/280 | SourceQoS: enabled=1/in=18/out=11/dropped=7/active_cd=0/drops=source_qos_symbol_cap:5,source_qos_cap:2 | Ingest: q=0/oldest=0.0s/drop_old=0/dedup_skip=0/enq=15/drain=15 | Sources: dex_boosts:ok=1/fail=0/429=0/lim_wait=0/cd_wait=0/err=0.0%/avg=143ms; dexscreener:ok=11/fail=0/429=0/lim_wait=0/cd_wait=0/err=0.0%/avg=111ms; geckoterminal:ok=2/fail=0/429=0/lim_wait=0/cd_wait=0/err=0.0%/avg=110ms; onchain_enrich:ok=4/fail=0/429=0/lim_wait=0/cd_wait=0/err=0.0%/avg=151ms; onchain_weth_price:ok=1/fail=0/429=0/lim_wait=0/cd_wait=0/err=0.0%/avg=50ms; watchlist_dex:ok=10/fail=0/429=0/lim_wait=0/cd_wait=0/err=0.0%/avg=273ms; watchlist_gecko:ok=6/fail=0/429=0/lim_wait=0/cd_wait=0/err=0.0%/avg=498ms | Tasks: 3 | RSS: 0.0MB | CycleAvg: 0.00s
2026-02-26 16:32:17,920 [INFO] [u_station_ab_night_autotune_v1] monitor.onchain_factory: ENRICH_RETRY token=0xa649041777e805381c9605d3b80699b64df67f97 pair=0x424553d238820d788493dc7908a0dc2b4e509b3d attempt=1/2 delay=10s
2026-02-26 16:32:27,982 [INFO] [u_station_ab_night_autotune_v1] __main__: WATCHLIST merged count=3
2026-02-26 16:32:27,983 [INFO] [u_station_ab_night_autotune_v1] trading.v2_runtime: V2_UNIVERSE in=3 dedup=3 out=3 target=3 novel_target=3 novel_out=0 repeat_dropped=0 symbol_dropped=0 surge_in=0 surge_target=0 surge_out=0
2026-02-26 16:32:27,983 [INFO] [u_station_ab_night_autotune_v1] __main__: V2_SOURCE_QOS_FILTER in=3 out=1 drops={'source_qos_cap': 2} caps={'watchlist': 1}
2026-02-26 16:32:27,984 [INFO] [u_station_ab_night_autotune_v1] __main__: FILTER_FAIL token=VIRTUAL reason=source_qos_cap source=watchlist used=1/1
2026-02-26 16:32:27,986 [INFO] [u_station_ab_night_autotune_v1] __main__: FILTER_FAIL token=AERO reason=source_qos_cap source=watchlist used=1/1
2026-02-26 16:32:27,987 [INFO] [u_station_ab_night_autotune_v1] __main__: FILTER_PASS token=cbBTC tier=A score=100 mode=YELLOW risk=MEDIUM liq=19266647 vol5m=235414
2026-02-26 16:32:27,988 [INFO] [u_station_ab_night_autotune_v1] __main__: V2_QUALITY_GATE enabled=True regime=YELLOW in=1 out=0 core_out=0 explore_out=0 probe_out=0 quota=0 max_symbol_share=0.000 drop={'cooldown_bucket': 1} sources_used={}
2026-02-26 16:32:27,989 [INFO] [u_station_ab_night_autotune_v1] __main__: MARKET_REGIME mode=YELLOW reason=avg_cand=1.50 avg_cand_recent=1.50
2026-02-26 16:32:27,990 [INFO] [u_station_ab_night_autotune_v1] __main__: Scanned 3 tokens | High quality: 1 | Alerts sent: 0 | Trade candidates: 1 | Quality out/core/explore/probe: 0/0/0/0 | Opened: 0 | Mode: local | Source: onchain+market | Policy: raw=OK/effective=OK(healthy | route=allow_all) | Regime: YELLOW(avg_cand=1.50) | Safety: checked=1 fail_closed=0 reasons=api_code_4029:1 | FiltersTop(session): source_qos_symbol_cap:5,source_qos_cap:4,safe_volume:3,safe_age:2 | Dedup: heavy_skip=0 override=0 | V2Budget: 1/280 | SourceQoS: enabled=1/in=3/out=1/dropped=2/active_cd=0/drops=source_qos_cap:2 | Ingest: q=0/oldest=0.0s/drop_old=0/dedup_skip=0/enq=0/drain=0 | Sources: dex_boosts:ok=1/fail=0/429=0/lim_wait=0/cd_wait=0/err=0.0%/avg=95ms; dexscreener:ok=11/fail=0/429=0/lim_wait=0/cd_wait=0/err=0.0%/avg=93ms; onchain_enrich:ok=4/fail=0/429=0/lim_wait=0/cd_wait=0/err=0.0%/avg=32ms | Tasks: 3 | RSS: 0.0MB | CycleAvg: 12.99s
2026-02-26 16:32:32,633 [INFO] [u_station_ab_night_autotune_v1] __main__: WATCHLIST merged count=3
2026-02-26 16:32:32,633 [INFO] [u_station_ab_night_autotune_v1] trading.v2_runtime: V2_UNIVERSE in=4 dedup=4 out=4 target=4 novel_target=4 novel_out=1 repeat_dropped=0 symbol_dropped=0 surge_in=1 surge_target=1 surge_out=1
2026-02-26 16:32:32,633 [INFO] [u_station_ab_night_autotune_v1] __main__: V2_SOURCE_QOS_FILTER in=4 out=2 drops={'source_qos_cap': 2} caps={'unknown': 0, 'watchlist': 1}
2026-02-26 16:32:32,633 [INFO] [u_station_ab_night_autotune_v1] __main__: FILTER_FAIL token=VIRTUAL reason=source_qos_cap source=watchlist used=1/1
2026-02-26 16:32:32,633 [INFO] [u_station_ab_night_autotune_v1] __main__: FILTER_FAIL token=AERO reason=source_qos_cap source=watchlist used=1/1
2026-02-26 16:32:32,633 [INFO] [u_station_ab_night_autotune_v1] __main__: FILTER_PASS token=cbBTC tier=A score=100 mode=YELLOW risk=MEDIUM liq=19266647 vol5m=235414
2026-02-26 16:32:32,633 [INFO] [u_station_ab_night_autotune_v1] __main__: FILTER_FAIL token=COSLI reason=safe_age
2026-02-26 16:32:32,633 [INFO] [u_station_ab_night_autotune_v1] __main__: V2_QUALITY_GATE enabled=True regime=YELLOW in=1 out=1 core_out=0 explore_out=1 probe_out=1 quota=1 max_symbol_share=1.000 drop={} sources_used={'watchlist': 1}
2026-02-26 16:32:32,633 [INFO] [u_station_ab_night_autotune_v1] __main__: V2_ENTRY_ROUTE enabled=True regime=YELLOW in=1 out=1 core_out=0 explore_out=1 quota=1 allow_explore=True
2026-02-26 16:32:32,633 [INFO] [u_station_ab_night_autotune_v1] __main__: MARKET_REGIME mode=YELLOW reason=avg_cand=1.33 avg_cand_recent=1.33
2026-02-26 16:32:32,656 [INFO] [u_station_ab_night_autotune_v1] trading.auto_trader: AutoTrade skip token=cbBTC reason=cluster_ev_prob p=0.48 detail=bad=True severe=True samples=13 avg=-0.00031 loss_share=0.77 size_mult=0.62 hold_mult=0.72 edge_mult=1.28 p=0.48
2026-02-26 16:32:32,672 [INFO] [u_station_ab_night_autotune_v1] trading.auto_trader: AutoTrade batch mode=top_n candidates=1 eligible=1 selected=1 opened=0 pe=off burst_window=0
2026-02-26 16:32:32,673 [INFO] [u_station_ab_night_autotune_v1] __main__: Scanned 4 tokens | High quality: 1 | Alerts sent: 0 | Trade candidates: 1 | Quality out/core/explore/probe: 1/0/1/1 | Opened: 0 | Mode: local | Source: onchain+market | Policy: raw=OK/effective=OK(healthy | route=allow_all) | Regime: YELLOW(avg_cand=1.33) | Safety: checked=1 fail_closed=0 reasons=api_code_4029:1 | FiltersTop(session): source_qos_cap:6,source_qos_symbol_cap:5,safe_age:3,safe_volume:3 | Dedup: heavy_skip=0 override=0 | V2Budget: 1/280 | SourceQoS: enabled=1/in=4/out=2/dropped=2/active_cd=0/drops=source_qos_cap:2 | Ingest: q=0/oldest=0.0s/drop_old=0/dedup_skip=0/enq=0/drain=0 | Sources: dex_boosts:ok=1/fail=0/429=0/lim_wait=0/cd_wait=0/err=0.0%/avg=38ms; dexscreener:ok=11/fail=0/429=0/lim_wait=0/cd_wait=0/err=0.0%/avg=44ms; onchain_enrich:ok=1/fail=0/429=0/lim_wait=0/cd_wait=0/err=0.0%/avg=180ms | Tasks: 3 | RSS: 0.0MB | CycleAvg: 11.78s
2026-02-26 16:32:37,119 [INFO] [u_station_ab_night_autotune_v1] __main__: WATCHLIST merged count=3
2026-02-26 16:32:37,119 [INFO] [u_station_ab_night_autotune_v1] trading.v2_runtime: V2_UNIVERSE in=3 dedup=3 out=3 target=3 novel_target=3 novel_out=0 repeat_dropped=0 symbol_dropped=0 surge_in=0 surge_target=0 surge_out=0
2026-02-26 16:32:37,120 [INFO] [u_station_ab_night_autotune_v1] __main__: V2_SOURCE_QOS_FILTER in=3 out=1 drops={'source_qos_cap': 2} caps={'watchlist': 1}
2026-02-26 16:32:37,120 [INFO] [u_station_ab_night_autotune_v1] __main__: FILTER_FAIL token=VIRTUAL reason=source_qos_cap source=watchlist used=1/1
2026-02-26 16:32:37,121 [INFO] [u_station_ab_night_autotune_v1] __main__: FILTER_FAIL token=AERO reason=source_qos_cap source=watchlist used=1/1
2026-02-26 16:32:37,121 [INFO] [u_station_ab_night_autotune_v1] __main__: FILTER_PASS token=cbBTC tier=A score=100 mode=YELLOW risk=MEDIUM liq=19266647 vol5m=235414
2026-02-26 16:32:37,122 [INFO] [u_station_ab_night_autotune_v1] __main__: V2_QUALITY_GATE enabled=True regime=YELLOW in=1 out=0 core_out=0 explore_out=0 probe_out=0 quota=0 max_symbol_share=0.000 drop={'cooldown_bucket': 1} sources_used={}
2026-02-26 16:32:37,123 [INFO] [u_station_ab_night_autotune_v1] __main__: MARKET_REGIME mode=YELLOW reason=avg_cand=1.25 avg_cand_recent=1.25
2026-02-26 16:32:37,124 [INFO] [u_station_ab_night_autotune_v1] __main__: Scanned 3 tokens | High quality: 1 | Alerts sent: 0 | Trade candidates: 1 | Quality out/core/explore/probe: 0/0/0/0 | Opened: 0 | Mode: local | Source: onchain+market | Policy: raw=OK/effective=OK(healthy | route=allow_all) | Regime: YELLOW(avg_cand=1.25) | Safety: checked=1 fail_closed=0 reasons=api_code_4029:1 | FiltersTop(session): source_qos_cap:8,source_qos_symbol_cap:5,safe_age:3,safe_volume:3 | Dedup: heavy_skip=0 override=0 | V2Budget: 1/280 | SourceQoS: enabled=1/in=3/out=1/dropped=2/active_cd=0/drops=source_qos_cap:2 | Ingest: q=0/oldest=0.0s/drop_old=0/dedup_skip=0/enq=0/drain=0 | Sources: dex_boosts:ok=1/fail=0/429=0/lim_wait=0/cd_wait=0/err=0.0%/avg=60ms; dexscreener:ok=11/fail=0/429=0/lim_wait=0/cd_wait=0/err=0.0%/avg=59ms | Tasks: 3 | RSS: 0.0MB | CycleAvg: 8.07s
2026-02-26 16:32:41,432 [INFO] [u_station_ab_night_autotune_v1] monitor.onchain_factory: PAIR_DETECTED source=uniswap_v2 dex=uniswap_v2 pair=0xc1027695a738b0351ae82f52b9c23572950ff82a token0=0x4200000000000000000000000000000000000006 token1=0xd9f3b878e5deb2b5be77962e0ed1cf5803618ba3 block=42665305 factory=0x8909dc15e40173ff4699343b6eb8132c65e18ec6
2026-02-26 16:32:41,903 [INFO] [u_station_ab_night_autotune_v1] monitor.onchain_factory: ENRICH_RETRY token=0xd9f3b878e5deb2b5be77962e0ed1cf5803618ba3 pair=0xc1027695a738b0351ae82f52b9c23572950ff82a attempt=1/2 delay=10s
2026-02-26 16:32:51,970 [INFO] [u_station_ab_night_autotune_v1] __main__: WATCHLIST merged count=3
2026-02-26 16:32:51,970 [INFO] [u_station_ab_night_autotune_v1] trading.v2_runtime: V2_UNIVERSE in=3 dedup=3 out=3 target=3 novel_target=3 novel_out=0 repeat_dropped=0 symbol_dropped=0 surge_in=0 surge_target=0 surge_out=0
2026-02-26 16:32:51,970 [INFO] [u_station_ab_night_autotune_v1] __main__: V2_SOURCE_QOS_FILTER in=3 out=1 drops={'source_qos_cap': 2} caps={'watchlist': 1}
2026-02-26 16:32:51,970 [INFO] [u_station_ab_night_autotune_v1] __main__: FILTER_FAIL token=VIRTUAL reason=source_qos_cap source=watchlist used=1/1
2026-02-26 16:32:51,970 [INFO] [u_station_ab_night_autotune_v1] __main__: FILTER_FAIL token=AERO reason=source_qos_cap source=watchlist used=1/1
2026-02-26 16:32:51,970 [INFO] [u_station_ab_night_autotune_v1] __main__: FILTER_PASS token=cbBTC tier=A score=100 mode=YELLOW risk=MEDIUM liq=19266647 vol5m=235414
2026-02-26 16:32:51,970 [INFO] [u_station_ab_night_autotune_v1] __main__: V2_QUALITY_GATE enabled=True regime=YELLOW in=1 out=0 core_out=0 explore_out=0 probe_out=0 quota=0 max_symbol_share=0.000 drop={'cooldown_bucket': 1} sources_used={}
2026-02-26 16:32:51,985 [INFO] [u_station_ab_night_autotune_v1] __main__: MARKET_REGIME mode=YELLOW reason=avg_cand=1.20 avg_cand_recent=1.20
2026-02-26 16:32:51,987 [INFO] [u_station_ab_night_autotune_v1] __main__: Scanned 3 tokens | High quality: 1 | Alerts sent: 0 | Trade candidates: 1 | Quality out/core/explore/probe: 0/0/0/0 | Opened: 0 | Mode: local | Source: onchain+market | Policy: raw=OK/effective=OK(healthy | route=allow_all) | Regime: YELLOW(avg_cand=1.20) | Safety: checked=1 fail_closed=0 reasons=api_code_4029:1 | FiltersTop(session): source_qos_cap:10,source_qos_symbol_cap:5,safe_age:3,safe_volume:3 | Dedup: heavy_skip=0 override=0 | V2Budget: 1/280 | SourceQoS: enabled=1/in=3/out=1/dropped=2/active_cd=0/drops=source_qos_cap:2 | Ingest: q=0/oldest=0.0s/drop_old=0/dedup_skip=0/enq=0/drain=0 | Sources: dex_boosts:ok=1/fail=0/429=0/lim_wait=0/cd_wait=0/err=0.0%/avg=48ms; dexscreener:ok=11/fail=0/429=0/lim_wait=0/cd_wait=0/err=0.0%/avg=43ms; onchain_enrich:ok=4/fail=0/429=0/lim_wait=0/cd_wait=0/err=0.0%/avg=103ms | Tasks: 3 | RSS: 0.0MB | CycleAvg: 6.16s
2026-02-26 16:32:56,503 [INFO] [u_station_ab_night_autotune_v1] monitor.onchain_factory: ENRICH_RETRY token=0xd9f3b878e5deb2b5be77962e0ed1cf5803618ba3 pair=0xc1027695a738b0351ae82f52b9c23572950ff82a attempt=1/2 delay=10s
2026-02-26 16:33:06,583 [INFO] [u_station_ab_night_autotune_v1] __main__: WATCHLIST merged count=3
2026-02-26 16:33:06,583 [INFO] [u_station_ab_night_autotune_v1] trading.v2_runtime: V2_UNIVERSE in=3 dedup=3 out=3 target=3 novel_target=3 novel_out=0 repeat_dropped=0 symbol_dropped=0 surge_in=0 surge_target=0 surge_out=0
2026-02-26 16:33:06,583 [INFO] [u_station_ab_night_autotune_v1] __main__: V2_SOURCE_QOS_FILTER in=3 out=1 drops={'source_qos_cap': 2} caps={'watchlist': 1}
2026-02-26 16:33:06,583 [INFO] [u_station_ab_night_autotune_v1] __main__: FILTER_FAIL token=VIRTUAL reason=source_qos_cap source=watchlist used=1/1
2026-02-26 16:33:06,583 [INFO] [u_station_ab_night_autotune_v1] __main__: FILTER_FAIL token=AERO reason=source_qos_cap source=watchlist used=1/1
2026-02-26 16:33:06,599 [INFO] [u_station_ab_night_autotune_v1] __main__: FILTER_PASS token=cbBTC tier=A score=100 mode=YELLOW risk=MEDIUM liq=19266647 vol5m=235414
2026-02-26 16:33:06,599 [INFO] [u_station_ab_night_autotune_v1] __main__: V2_QUALITY_GATE enabled=True regime=YELLOW in=1 out=0 core_out=0 explore_out=0 probe_out=0 quota=0 max_symbol_share=0.000 drop={'cooldown_bucket': 1} sources_used={}
2026-02-26 16:33:06,599 [INFO] [u_station_ab_night_autotune_v1] __main__: MARKET_REGIME mode=YELLOW reason=avg_cand=1.17 avg_cand_recent=1.17
2026-02-26 16:33:06,599 [INFO] [u_station_ab_night_autotune_v1] trading.auto_trader: PAPER_SUMMARY window=60s closed_delta=0 wins_delta=0 losses_delta=0 realized_delta=$0.00 total_closed=35 winrate_total=37.1% realized_total=$0.37 balance=$7.37 equity=$7.37 open=0
2026-02-26 16:33:06,599 [INFO] [u_station_ab_night_autotune_v1] __main__: Scanned 3 tokens | High quality: 1 | Alerts sent: 0 | Trade candidates: 1 | Quality out/core/explore/probe: 0/0/0/0 | Opened: 0 | Mode: local | Source: onchain+market | Policy: raw=OK/effective=OK(healthy | route=allow_all) | Regime: YELLOW(avg_cand=1.17) | Safety: checked=1 fail_closed=0 reasons=api_code_4029:1 | FiltersTop(session): source_qos_cap:12,source_qos_symbol_cap:5,safe_age:3,safe_volume:3 | Dedup: heavy_skip=0 override=0 | V2Budget: 1/280 | SourceQoS: enabled=1/in=3/out=1/dropped=2/active_cd=0/drops=source_qos_cap:2 | Ingest: q=0/oldest=0.0s/drop_old=0/dedup_skip=0/enq=0/drain=0 | Sources: dex_boosts:ok=1/fail=0/429=0/lim_wait=0/cd_wait=0/err=0.0%/avg=41ms; dexscreener:ok=11/fail=0/429=0/lim_wait=0/cd_wait=0/err=0.0%/avg=198ms; onchain_enrich:ok=4/fail=0/429=0/lim_wait=0/cd_wait=0/err=0.0%/avg=35ms | Tasks: 3 | RSS: 0.0MB | CycleAvg: 7.10s
2026-02-26 16:33:10,903 [INFO] [u_station_ab_night_autotune_v1] monitor.onchain_factory: PAIR_DETECTED source=uniswap_v2 dex=uniswap_v2 pair=0xa037fb08fb47e722a24eb024ef88bff0eeb66972 token0=0x4200000000000000000000000000000000000006 token1=0x664cc30f676adbcacc9888109eb4c0db6fd8963c block=42665314 factory=0x8909dc15e40173ff4699343b6eb8132c65e18ec6
2026-02-26 16:33:10,903 [INFO] [u_station_ab_night_autotune_v1] monitor.onchain_factory: PAIR_DETECTED source=uniswap_v2 dex=uniswap_v2 pair=0xcacd737c32fe84ed228312fad73b3fa0dda0c74e token0=0x4200000000000000000000000000000000000006 token1=0x7059ca6b22eb6bfdf323800759dbd67be708659a block=42665319 factory=0x8909dc15e40173ff4699343b6eb8132c65e18ec6
2026-02-26 16:33:11,194 [INFO] [u_station_ab_night_autotune_v1] monitor.onchain_factory: ENRICH_RETRY token=0xd9f3b878e5deb2b5be77962e0ed1cf5803618ba3 pair=0xc1027695a738b0351ae82f52b9c23572950ff82a attempt=1/2 delay=10s
2026-02-26 16:33:11,353 [INFO] [u_station_ab_night_autotune_v1] monitor.onchain_factory: ENRICH_RETRY token=0x664cc30f676adbcacc9888109eb4c0db6fd8963c pair=0xa037fb08fb47e722a24eb024ef88bff0eeb66972 attempt=1/2 delay=10s
2026-02-26 16:33:11,971 [INFO] [u_station_ab_night_autotune_v1] monitor.onchain_factory: ENRICH_RETRY token=0x7059ca6b22eb6bfdf323800759dbd67be708659a pair=0xcacd737c32fe84ed228312fad73b3fa0dda0c74e attempt=1/2 delay=10s
2026-02-26 16:33:22,072 [INFO] [u_station_ab_night_autotune_v1] __main__: WATCHLIST merged count=3
2026-02-26 16:33:22,074 [INFO] [u_station_ab_night_autotune_v1] trading.v2_runtime: V2_UNIVERSE in=4 dedup=4 out=4 target=4 novel_target=4 novel_out=1 repeat_dropped=0 symbol_dropped=0 surge_in=0 surge_target=0 surge_out=0
2026-02-26 16:33:22,075 [INFO] [u_station_ab_night_autotune_v1] __main__: V2_SOURCE_QOS_FILTER in=4 out=2 drops={'source_qos_cap': 2} caps={'unknown': 0, 'watchlist': 1}
2026-02-26 16:33:22,078 [INFO] [u_station_ab_night_autotune_v1] __main__: FILTER_FAIL token=VIRTUAL reason=source_qos_cap source=watchlist used=1/1
2026-02-26 16:33:22,081 [INFO] [u_station_ab_night_autotune_v1] __main__: FILTER_FAIL token=AERO reason=source_qos_cap source=watchlist used=1/1
2026-02-26 16:33:22,083 [INFO] [u_station_ab_night_autotune_v1] __main__: FILTER_PASS token=cbBTC tier=A score=100 mode=YELLOW risk=MEDIUM liq=19266647 vol5m=235414
2026-02-26 16:33:22,084 [INFO] [u_station_ab_night_autotune_v1] __main__: FILTER_FAIL token=Keef reason=score_min score=20 strict_min=48 soft_min=48 mode=YELLOW
2026-02-26 16:33:22,084 [INFO] [u_station_ab_night_autotune_v1] __main__: V2_QUALITY_GATE enabled=True regime=YELLOW in=1 out=0 core_out=0 explore_out=0 probe_out=0 quota=0 max_symbol_share=0.000 drop={'cooldown_bucket': 1} sources_used={}
2026-02-26 16:33:22,084 [INFO] [u_station_ab_night_autotune_v1] __main__: MARKET_REGIME mode=YELLOW reason=avg_cand=1.14 avg_cand_recent=1.14
2026-02-26 16:33:22,084 [INFO] [u_station_ab_night_autotune_v1] __main__: Scanned 4 tokens | High quality: 1 | Alerts sent: 0 | Trade candidates: 1 | Quality out/core/explore/probe: 0/0/0/0 | Opened: 0 | Mode: local | Source: onchain+market | Policy: raw=OK/effective=OK(healthy | route=allow_all) | Regime: YELLOW(avg_cand=1.14) | Safety: checked=1 fail_closed=0 reasons=api_code_4029:1 | FiltersTop(session): source_qos_cap:14,source_qos_symbol_cap:5,safe_age:3,score_min:3 | Dedup: heavy_skip=0 override=0 | V2Budget: 1/280 | SourceQoS: enabled=1/in=4/out=2/dropped=2/active_cd=0/drops=source_qos_cap:2 | Ingest: q=4/oldest=6.3s/drop_old=0/dedup_skip=0/enq=4/drain=0 | Sources: dex_boosts:ok=1/fail=0/429=0/lim_wait=0/cd_wait=0/err=0.0%/avg=76ms; dexscreener:ok=11/fail=0/429=0/lim_wait=0/cd_wait=0/err=0.0%/avg=66ms; geckoterminal:ok=1/fail=0/429=0/lim_wait=0/cd_wait=0/err=0.0%/avg=146ms; onchain_enrich:ok=11/fail=0/429=0/lim_wait=0/cd_wait=0/err=0.0%/avg=177ms; onchain_weth_price:ok=1/fail=0/429=0/lim_wait=0/cd_wait=0/err=0.0%/avg=56ms | Tasks: 3 | RSS: 0.0MB | CycleAvg: 7.68s
2026-02-26 16:33:26,377 [INFO] [u_station_ab_night_autotune_v1] monitor.onchain_factory: PAIR_DETECTED source=uniswap_v2 dex=uniswap_v2 pair=0x6e28c3ad99d3b54de1faf86dd99bb47bc8d29fc0 token0=0x4200000000000000000000000000000000000006 token1=0xca94dcb43d55fbb82d4b663b9c20d42eb5068ba3 block=42665327 factory=0x8909dc15e40173ff4699343b6eb8132c65e18ec6
2026-02-26 16:33:26,577 [INFO] [u_station_ab_night_autotune_v1] monitor.onchain_factory: ENRICH_RETRY token=0x664cc30f676adbcacc9888109eb4c0db6fd8963c pair=0xa037fb08fb47e722a24eb024ef88bff0eeb66972 attempt=1/2 delay=10s
2026-02-26 16:33:26,653 [INFO] [u_station_ab_night_autotune_v1] monitor.onchain_factory: ENRICH_RETRY token=0x7059ca6b22eb6bfdf323800759dbd67be708659a pair=0xcacd737c32fe84ed228312fad73b3fa0dda0c74e attempt=1/2 delay=10s
2026-02-26 16:33:27,078 [INFO] [u_station_ab_night_autotune_v1] monitor.onchain_factory: ENRICH_RETRY token=0xca94dcb43d55fbb82d4b663b9c20d42eb5068ba3 pair=0x6e28c3ad99d3b54de1faf86dd99bb47bc8d29fc0 attempt=1/2 delay=10s
2026-02-26 16:33:37,177 [INFO] [u_station_ab_night_autotune_v1] __main__: WATCHLIST merged count=3
2026-02-26 16:33:37,178 [INFO] [u_station_ab_night_autotune_v1] trading.v2_runtime: V2_UNIVERSE in=7 dedup=7 out=7 target=7 novel_target=6 novel_out=3 repeat_dropped=0 symbol_dropped=0 surge_in=2 surge_target=2 surge_out=2
2026-02-26 16:33:37,179 [INFO] [u_station_ab_night_autotune_v1] __main__: V2_SOURCE_QOS_FILTER in=7 out=5 drops={'source_qos_cap': 2} caps={'geckoterminal': 287, 'watchlist': 1}
2026-02-26 16:33:37,179 [INFO] [u_station_ab_night_autotune_v1] __main__: FILTER_FAIL token=VIRTUAL reason=source_qos_cap source=watchlist used=1/1
2026-02-26 16:33:37,180 [INFO] [u_station_ab_night_autotune_v1] __main__: FILTER_FAIL token=AERO reason=source_qos_cap source=watchlist used=1/1
2026-02-26 16:33:37,181 [INFO] [u_station_ab_night_autotune_v1] __main__: FILTER_FAIL token=COSLI reason=safe_age
2026-02-26 16:33:37,182 [INFO] [u_station_ab_night_autotune_v1] __main__: FILTER_PASS token=cbBTC tier=A score=100 mode=YELLOW risk=MEDIUM liq=19266647 vol5m=235414
2026-02-26 16:33:37,183 [INFO] [u_station_ab_night_autotune_v1] __main__: FILTER_FAIL token=CLAWSPOT reason=safe_age
2026-02-26 16:33:37,183 [INFO] [u_station_ab_night_autotune_v1] __main__: FILTER_FAIL token=achew reason=score_min score=40 strict_min=48 soft_min=48 mode=YELLOW
2026-02-26 16:33:37,184 [INFO] [u_station_ab_night_autotune_v1] __main__: FILTER_FAIL token=HOWDY reason=safe_age
2026-02-26 16:33:37,185 [INFO] [u_station_ab_night_autotune_v1] __main__: V2_QUALITY_GATE enabled=True regime=YELLOW in=1 out=0 core_out=0 explore_out=0 probe_out=0 quota=0 max_symbol_share=0.000 drop={'cooldown_bucket': 1} sources_used={}
2026-02-26 16:33:37,187 [INFO] [u_station_ab_night_autotune_v1] __main__: MARKET_REGIME mode=YELLOW reason=avg_cand=1.12 avg_cand_recent=1.12
2026-02-26 16:33:37,189 [INFO] [u_station_ab_night_autotune_v1] __main__: Scanned 7 tokens | High quality: 2 | Alerts sent: 0 | Trade candidates: 1 | Quality out/core/explore/probe: 0/0/0/0 | Opened: 0 | Mode: local | Source: onchain+market | Policy: raw=OK/effective=OK(healthy | route=allow_all) | Regime: YELLOW(avg_cand=1.12) | Safety: checked=1 fail_closed=0 reasons=api_code_4029:1 | FiltersTop(session): source_qos_cap:16,safe_age:6,source_qos_symbol_cap:5,score_min:4 | Dedup: heavy_skip=0 override=0 | V2Budget: 1/280 | SourceQoS: enabled=1/in=7/out=5/dropped=2/active_cd=0/drops=source_qos_cap:2 | Ingest: q=0/oldest=0.0s/drop_old=0/dedup_skip=0/enq=0/drain=4 | Sources: dex_boosts:ok=1/fail=0/429=0/lim_wait=0/cd_wait=0/err=0.0%/avg=109ms; dexscreener:ok=11/fail=0/429=0/lim_wait=0/cd_wait=0/err=0.0%/avg=113ms; onchain_enrich:ok=12/fail=0/429=0/lim_wait=0/cd_wait=0/err=0.0%/avg=84ms | Tasks: 3 | RSS: 0.0MB | CycleAvg: 8.22s
2026-02-26 16:33:41,484 [INFO] [u_station_ab_night_autotune_v1] monitor.onchain_factory: PAIR_DETECTED source=uniswap_v2 dex=uniswap_v2 pair=0x6d01b89d0a2f5755572f49cc9702b2ba861a1c22 token0=0x4200000000000000000000000000000000000006 token1=0x492711aee31e00d6828ecc947663ed5d113c8ba3 block=42665334 factory=0x8909dc15e40173ff4699343b6eb8132c65e18ec6
2026-02-26 16:33:41,706 [INFO] [u_station_ab_night_autotune_v1] monitor.onchain_factory: ENRICH_RETRY token=0x664cc30f676adbcacc9888109eb4c0db6fd8963c pair=0xa037fb08fb47e722a24eb024ef88bff0eeb66972 attempt=1/2 delay=10s
2026-02-26 16:33:41,776 [INFO] [u_station_ab_night_autotune_v1] monitor.onchain_factory: ENRICH_RETRY token=0x7059ca6b22eb6bfdf323800759dbd67be708659a pair=0xcacd737c32fe84ed228312fad73b3fa0dda0c74e attempt=1/2 delay=10s
2026-02-26 16:33:41,776 [INFO] [u_station_ab_night_autotune_v1] monitor.onchain_factory: ENRICH_RETRY token=0xca94dcb43d55fbb82d4b663b9c20d42eb5068ba3 pair=0x6e28c3ad99d3b54de1faf86dd99bb47bc8d29fc0 attempt=1/2 delay=10s
2026-02-26 16:33:41,933 [INFO] [u_station_ab_night_autotune_v1] monitor.onchain_factory: ENRICH_RETRY token=0x492711aee31e00d6828ecc947663ed5d113c8ba3 pair=0x6d01b89d0a2f5755572f49cc9702b2ba861a1c22 attempt=1/2 delay=10s
2026-02-26 16:33:52,019 [INFO] [u_station_ab_night_autotune_v1] __main__: WATCHLIST merged count=3
2026-02-26 16:33:52,019 [INFO] [u_station_ab_night_autotune_v1] trading.v2_runtime: V2_UNIVERSE in=5 dedup=5 out=5 target=5 novel_target=5 novel_out=2 repeat_dropped=0 symbol_dropped=0 surge_in=0 surge_target=0 surge_out=0
2026-02-26 16:33:52,019 [INFO] [u_station_ab_night_autotune_v1] __main__: V2_SOURCE_QOS_FILTER in=5 out=3 drops={'source_qos_cap': 2} caps={'unknown': 0, 'watchlist': 1}
2026-02-26 16:33:52,019 [INFO] [u_station_ab_night_autotune_v1] __main__: FILTER_FAIL token=VIRTUAL reason=source_qos_cap source=watchlist used=1/1
2026-02-26 16:33:52,019 [INFO] [u_station_ab_night_autotune_v1] __main__: FILTER_FAIL token=AERO reason=source_qos_cap source=watchlist used=1/1
2026-02-26 16:33:52,019 [INFO] [u_station_ab_night_autotune_v1] __main__: FILTER_PASS token=cbBTC tier=A score=100 mode=YELLOW risk=MEDIUM liq=19266647 vol5m=235414
2026-02-26 16:33:52,019 [INFO] [u_station_ab_night_autotune_v1] __main__: FILTER_FAIL token=CHARLES reason=safe_age
2026-02-26 16:33:52,019 [INFO] [u_station_ab_night_autotune_v1] __main__: FILTER_FAIL token=DIH reason=safe_volume vol5m=0 min=8 regime=YELLOW
2026-02-26 16:33:52,035 [INFO] [u_station_ab_night_autotune_v1] __main__: V2_QUALITY_GATE enabled=True regime=YELLOW in=1 out=0 core_out=0 explore_out=0 probe_out=0 quota=0 max_symbol_share=0.000 drop={'cooldown_bucket': 1} sources_used={}
2026-02-26 16:33:52,035 [INFO] [u_station_ab_night_autotune_v1] __main__: MARKET_REGIME mode=YELLOW reason=avg_cand=1.11 avg_cand_recent=1.11
2026-02-26 16:33:52,035 [INFO] [u_station_ab_night_autotune_v1] __main__: Scanned 5 tokens | High quality: 1 | Alerts sent: 0 | Trade candidates: 1 | Quality out/core/explore/probe: 0/0/0/0 | Opened: 0 | Mode: local | Source: onchain+market | Policy: raw=OK/effective=OK(healthy | route=allow_all) | Regime: YELLOW(avg_cand=1.11) | Safety: checked=1 fail_closed=0 reasons=api_code_4029:1 | FiltersTop(session): source_qos_cap:18,safe_age:7,source_qos_symbol_cap:5,score_min:4 | Dedup: heavy_skip=0 override=0 | V2Budget: 1/280 | SourceQoS: enabled=1/in=5/out=3/dropped=2/active_cd=0/drops=source_qos_cap:2 | Ingest: q=0/oldest=0.0s/drop_old=0/dedup_skip=0/enq=0/drain=0 | Sources: dex_boosts:ok=1/fail=0/429=0/lim_wait=0/cd_wait=0/err=0.0%/avg=39ms; dexscreener:ok=11/fail=0/429=0/lim_wait=0/cd_wait=0/err=0.0%/avg=211ms; onchain_enrich:ok=14/fail=0/429=0/lim_wait=0/cd_wait=0/err=0.0%/avg=79ms | Tasks: 3 | RSS: 0.0MB | CycleAvg: 8.58s
2026-02-26 16:33:56,503 [INFO] [u_station_ab_night_autotune_v1] monitor.onchain_factory: ENRICH_RETRY token=0xca94dcb43d55fbb82d4b663b9c20d42eb5068ba3 pair=0x6e28c3ad99d3b54de1faf86dd99bb47bc8d29fc0 attempt=1/2 delay=10s
2026-02-26 16:33:56,520 [INFO] [u_station_ab_night_autotune_v1] monitor.onchain_factory: ENRICH_RETRY token=0x492711aee31e00d6828ecc947663ed5d113c8ba3 pair=0x6d01b89d0a2f5755572f49cc9702b2ba861a1c22 attempt=1/2 delay=10s
2026-02-26 16:34:06,971 [INFO] [u_station_ab_night_autotune_v1] __main__: WATCHLIST merged count=3
2026-02-26 16:34:06,972 [INFO] [u_station_ab_night_autotune_v1] trading.v2_runtime: V2_UNIVERSE in=3 dedup=3 out=3 target=3 novel_target=3 novel_out=0 repeat_dropped=0 symbol_dropped=0 surge_in=0 surge_target=0 surge_out=0
2026-02-26 16:34:06,972 [INFO] [u_station_ab_night_autotune_v1] __main__: V2_SOURCE_QOS_FILTER in=3 out=1 drops={'source_qos_cap': 2} caps={'watchlist': 1}
2026-02-26 16:34:06,973 [INFO] [u_station_ab_night_autotune_v1] __main__: FILTER_FAIL token=VIRTUAL reason=source_qos_cap source=watchlist used=1/1
2026-02-26 16:34:06,974 [INFO] [u_station_ab_night_autotune_v1] __main__: FILTER_FAIL token=AERO reason=source_qos_cap source=watchlist used=1/1
2026-02-26 16:34:06,975 [INFO] [u_station_ab_night_autotune_v1] __main__: FILTER_PASS token=cbBTC tier=A score=100 mode=YELLOW risk=MEDIUM liq=19266647 vol5m=235414
2026-02-26 16:34:06,976 [INFO] [u_station_ab_night_autotune_v1] __main__: V2_QUALITY_GATE enabled=True regime=YELLOW in=1 out=1 core_out=0 explore_out=1 probe_out=1 quota=1 max_symbol_share=1.000 drop={} sources_used={'watchlist': 1}
2026-02-26 16:34:06,976 [INFO] [u_station_ab_night_autotune_v1] __main__: V2_ENTRY_ROUTE enabled=True regime=YELLOW in=1 out=1 core_out=0 explore_out=1 quota=1 allow_explore=True
2026-02-26 16:34:06,976 [INFO] [u_station_ab_night_autotune_v1] __main__: MARKET_REGIME mode=YELLOW reason=avg_cand=1.10 avg_cand_recent=1.10
2026-02-26 16:34:06,976 [INFO] [u_station_ab_night_autotune_v1] trading.auto_trader: AutoTrade skip token=cbBTC reason=token_ev_memory_prob p=0.74 detail=bad=True severe=False trades=7 avg=-0.00032 loss_share=0.29 size_mult=0.80 edge_mult=1.10 p=0.74
2026-02-26 16:34:06,976 [INFO] [u_station_ab_night_autotune_v1] trading.auto_trader: AutoTrade batch mode=top_n candidates=1 eligible=1 selected=1 opened=0 pe=off burst_window=0
2026-02-26 16:34:06,976 [INFO] [u_station_ab_night_autotune_v1] trading.auto_trader: PAPER_SUMMARY window=60s closed_delta=0 wins_delta=0 losses_delta=0 realized_delta=$0.00 total_closed=35 winrate_total=37.1% realized_total=$0.37 balance=$7.37 equity=$7.37 open=0
2026-02-26 16:34:06,976 [INFO] [u_station_ab_night_autotune_v1] __main__: Scanned 3 tokens | High quality: 1 | Alerts sent: 0 | Trade candidates: 1 | Quality out/core/explore/probe: 1/0/1/1 | Opened: 0 | Mode: local | Source: onchain+market | Policy: raw=OK/effective=OK(healthy | route=allow_all) | Regime: YELLOW(avg_cand=1.10) | Safety: checked=1 fail_closed=0 reasons=api_code_4029:1 | FiltersTop(session): source_qos_cap:20,safe_age:7,source_qos_symbol_cap:5,score_min:4 | Dedup: heavy_skip=0 override=0 | V2Budget: 1/280 | SourceQoS: enabled=1/in=3/out=1/dropped=2/active_cd=0/drops=source_qos_cap:2 | Ingest: q=0/oldest=0.0s/drop_old=0/dedup_skip=0/enq=0/drain=0 | Sources: dex_boosts:ok=1/fail=0/429=0/lim_wait=0/cd_wait=0/err=0.0%/avg=38ms; dexscreener:ok=11/fail=0/429=0/lim_wait=0/cd_wait=0/err=0.0%/avg=38ms; onchain_enrich:ok=8/fail=0/429=0/lim_wait=0/cd_wait=0/err=0.0%/avg=116ms | Tasks: 3 | RSS: 0.0MB | CycleAvg: 8.83s
2026-02-26 16:34:11,471 [INFO] [u_station_ab_night_autotune_v1] monitor.onchain_factory: ENRICH_RETRY token=0xca94dcb43d55fbb82d4b663b9c20d42eb5068ba3 pair=0x6e28c3ad99d3b54de1faf86dd99bb47bc8d29fc0 attempt=1/2 delay=10s
2026-02-26 16:34:11,471 [INFO] [u_station_ab_night_autotune_v1] monitor.onchain_factory: ENRICH_RETRY token=0x492711aee31e00d6828ecc947663ed5d113c8ba3 pair=0x6d01b89d0a2f5755572f49cc9702b2ba861a1c22 attempt=1/2 delay=10s
2026-02-26 16:34:21,820 [INFO] [u_station_ab_night_autotune_v1] __main__: WATCHLIST merged count=3
2026-02-26 16:34:21,820 [INFO] [u_station_ab_night_autotune_v1] trading.v2_runtime: V2_UNIVERSE in=4 dedup=4 out=4 target=4 novel_target=4 novel_out=1 repeat_dropped=0 symbol_dropped=0 surge_in=0 surge_target=0 surge_out=0
2026-02-26 16:34:21,820 [INFO] [u_station_ab_night_autotune_v1] __main__: V2_SOURCE_QOS_FILTER in=4 out=2 drops={'source_qos_cap': 2} caps={'unknown': 0, 'watchlist': 1}
2026-02-26 16:34:21,820 [INFO] [u_station_ab_night_autotune_v1] __main__: FILTER_FAIL token=VIRTUAL reason=source_qos_cap source=watchlist used=1/1
2026-02-26 16:34:21,824 [INFO] [u_station_ab_night_autotune_v1] __main__: FILTER_FAIL token=AERO reason=source_qos_cap source=watchlist used=1/1
2026-02-26 16:34:21,824 [INFO] [u_station_ab_night_autotune_v1] __main__: FILTER_PASS token=cbBTC tier=A score=100 mode=YELLOW risk=MEDIUM liq=19266647 vol5m=235414
2026-02-26 16:34:21,824 [INFO] [u_station_ab_night_autotune_v1] __main__: FILTER_FAIL token=Keef reason=safe_volume vol5m=0 min=8 regime=YELLOW
2026-02-26 16:34:21,824 [INFO] [u_station_ab_night_autotune_v1] __main__: V2_QUALITY_GATE enabled=True regime=YELLOW in=1 out=0 core_out=0 explore_out=0 probe_out=0 quota=0 max_symbol_share=0.000 drop={'cooldown_bucket': 1} sources_used={}
2026-02-26 16:34:21,824 [INFO] [u_station_ab_night_autotune_v1] __main__: MARKET_REGIME mode=YELLOW reason=avg_cand=1.09 avg_cand_recent=1.09
2026-02-26 16:34:21,824 [INFO] [u_station_ab_night_autotune_v1] __main__: Scanned 4 tokens | High quality: 1 | Alerts sent: 0 | Trade candidates: 1 | Quality out/core/explore/probe: 0/0/0/0 | Opened: 0 | Mode: local | Source: onchain+market | Policy: raw=OK/effective=OK(healthy | route=allow_all) | Regime: YELLOW(avg_cand=1.09) | Safety: checked=1 fail_closed=0 reasons=api_code_4029:1 | FiltersTop(session): source_qos_cap:22,safe_age:7,source_qos_symbol_cap:5,safe_volume:5 | Dedup: heavy_skip=0 override=0 | V2Budget: 1/280 | SourceQoS: enabled=1/in=4/out=2/dropped=2/active_cd=0/drops=source_qos_cap:2 | Ingest: q=0/oldest=0.0s/drop_old=0/dedup_skip=0/enq=0/drain=0 | Sources: dex_boosts:ok=1/fail=0/429=0/lim_wait=0/cd_wait=0/err=0.0%/avg=108ms; dexscreener:ok=11/fail=0/429=0/lim_wait=0/cd_wait=0/err=0.0%/avg=51ms; onchain_enrich:ok=8/fail=0/429=0/lim_wait=0/cd_wait=0/err=0.0%/avg=71ms; onchain_weth_price:ok=1/fail=0/429=0/lim_wait=0/cd_wait=0/err=0.0%/avg=60ms | Tasks: 3 | RSS: 0.0MB | CycleAvg: 9.04s
2026-02-26 16:34:26,444 [INFO] [u_station_ab_night_autotune_v1] monitor.onchain_factory: ENRICH_RETRY token=0xca94dcb43d55fbb82d4b663b9c20d42eb5068ba3 pair=0x6e28c3ad99d3b54de1faf86dd99bb47bc8d29fc0 attempt=1/2 delay=10s
2026-02-26 16:34:36,547 [INFO] [u_station_ab_night_autotune_v1] __main__: WATCHLIST merged count=3
2026-02-26 16:34:36,547 [INFO] [u_station_ab_night_autotune_v1] trading.v2_runtime: V2_UNIVERSE in=3 dedup=3 out=3 target=3 novel_target=3 novel_out=0 repeat_dropped=0 symbol_dropped=0 surge_in=0 surge_target=0 surge_out=0
2026-02-26 16:34:36,547 [INFO] [u_station_ab_night_autotune_v1] __main__: V2_SOURCE_QOS_FILTER in=3 out=1 drops={'source_qos_cap': 2} caps={'watchlist': 1}
2026-02-26 16:34:36,548 [INFO] [u_station_ab_night_autotune_v1] __main__: FILTER_FAIL token=VIRTUAL reason=source_qos_cap source=watchlist used=1/1
2026-02-26 16:34:36,548 [INFO] [u_station_ab_night_autotune_v1] __main__: FILTER_FAIL token=AERO reason=source_qos_cap source=watchlist used=1/1
2026-02-26 16:34:36,548 [INFO] [u_station_ab_night_autotune_v1] __main__: FILTER_PASS token=cbBTC tier=A score=100 mode=YELLOW risk=MEDIUM liq=19266647 vol5m=235414
2026-02-26 16:34:36,548 [INFO] [u_station_ab_night_autotune_v1] __main__: V2_QUALITY_GATE enabled=True regime=YELLOW in=1 out=0 core_out=0 explore_out=0 probe_out=0 quota=0 max_symbol_share=0.000 drop={'cooldown_bucket': 1} sources_used={}
2026-02-26 16:34:36,548 [INFO] [u_station_ab_night_autotune_v1] __main__: MARKET_REGIME mode=YELLOW reason=avg_cand=1.08 avg_cand_recent=1.08
2026-02-26 16:34:36,553 [INFO] [u_station_ab_night_autotune_v1] __main__: Scanned 3 tokens | High quality: 1 | Alerts sent: 0 | Trade candidates: 1 | Quality out/core/explore/probe: 0/0/0/0 | Opened: 0 | Mode: local | Source: onchain+market | Policy: raw=OK/effective=OK(healthy | route=allow_all) | Regime: YELLOW(avg_cand=1.08) | Safety: checked=1 fail_closed=0 reasons=api_code_4029:1 | FiltersTop(session): source_qos_cap:24,safe_age:7,source_qos_symbol_cap:5,safe_volume:5 | Dedup: heavy_skip=0 override=0 | V2Budget: 1/280 | SourceQoS: enabled=1/in=3/out=1/dropped=2/active_cd=0/drops=source_qos_cap:2 | Ingest: q=8/oldest=5.5s/drop_old=0/dedup_skip=0/enq=8/drain=0 | Sources: dex_boosts:ok=1/fail=0/429=0/lim_wait=0/cd_wait=0/err=0.0%/avg=115ms; dexscreener:ok=11/fail=0/429=0/lim_wait=0/cd_wait=0/err=0.0%/avg=232ms; geckoterminal:ok=1/fail=0/429=0/lim_wait=0/cd_wait=0/err=0.0%/avg=217ms; onchain_enrich:ok=4/fail=0/429=0/lim_wait=0/cd_wait=0/err=0.0%/avg=49ms | Tasks: 3 | RSS: 0.0MB | CycleAvg: 9.21s
2026-02-26 16:34:41,420 [INFO] [u_station_ab_night_autotune_v1] __main__: WATCHLIST merged count=3
2026-02-26 16:34:41,420 [INFO] [u_station_ab_night_autotune_v1] trading.v2_runtime: V2_UNIVERSE in=11 dedup=11 out=11 target=11 novel_target=10 novel_out=5 repeat_dropped=0 symbol_dropped=0 surge_in=0 surge_target=0 surge_out=0
2026-02-26 16:34:41,420 [INFO] [u_station_ab_night_autotune_v1] __main__: V2_SOURCE_QOS_FILTER in=11 out=8 drops={'source_qos_cap': 2, 'source_qos_symbol_cap': 1} caps={'unknown': 0, 'geckoterminal': 287, 'watchlist': 1}
2026-02-26 16:34:41,420 [INFO] [u_station_ab_night_autotune_v1] __main__: FILTER_FAIL token=VIRTUAL reason=source_qos_cap source=watchlist used=1/1
2026-02-26 16:34:41,420 [INFO] [u_station_ab_night_autotune_v1] __main__: FILTER_FAIL token=Keef reason=source_qos_symbol_cap symbol=KEEF used=1/1
2026-02-26 16:34:41,420 [INFO] [u_station_ab_night_autotune_v1] __main__: FILTER_FAIL token=AERO reason=source_qos_cap source=watchlist used=1/1
2026-02-26 16:34:41,420 [INFO] [u_station_ab_night_autotune_v1] __main__: FILTER_PASS token=cbBTC tier=A score=100 mode=YELLOW risk=MEDIUM liq=19266647 vol5m=235414
2026-02-26 16:34:41,420 [INFO] [u_station_ab_night_autotune_v1] __main__: FILTER_FAIL token=Keef reason=safe_age
2026-02-26 16:34:41,427 [INFO] [u_station_ab_night_autotune_v1] __main__: FILTER_FAIL token=CHARLES reason=safe_age
2026-02-26 16:34:41,427 [INFO] [u_station_ab_night_autotune_v1] __main__: FILTER_FAIL token=CLAWTRUTH reason=safe_age
2026-02-26 16:34:41,427 [INFO] [u_station_ab_night_autotune_v1] __main__: FILTER_FAIL token=CLERM reason=safe_age
2026-02-26 16:34:41,427 [INFO] [u_station_ab_night_autotune_v1] __main__: FILTER_FAIL token=CLAWSPOT reason=score_min score=30 strict_min=48 soft_min=48 mode=YELLOW
2026-02-26 16:34:41,427 [INFO] [u_station_ab_night_autotune_v1] __main__: FILTER_FAIL token=DIH reason=safe_age
2026-02-26 16:34:41,427 [INFO] [u_station_ab_night_autotune_v1] __main__: FILTER_FAIL token=FLOOP reason=score_min score=30 strict_min=48 soft_min=48 mode=YELLOW
2026-02-26 16:34:41,427 [INFO] [u_station_ab_night_autotune_v1] __main__: V2_QUALITY_GATE enabled=True regime=YELLOW in=1 out=0 core_out=0 explore_out=0 probe_out=0 quota=0 max_symbol_share=0.000 drop={'cooldown_bucket': 1} sources_used={}
2026-02-26 16:34:41,427 [INFO] [u_station_ab_night_autotune_v1] __main__: MARKET_REGIME mode=YELLOW reason=avg_cand=1.00 avg_cand_recent=1.00
2026-02-26 16:34:41,427 [INFO] [u_station_ab_night_autotune_v1] __main__: Scanned 11 tokens | High quality: 1 | Alerts sent: 0 | Trade candidates: 1 | Quality out/core/explore/probe: 0/0/0/0 | Opened: 0 | Mode: local | Source: onchain+market | Policy: raw=OK/effective=OK(healthy | route=allow_all) | Regime: YELLOW(avg_cand=1.00) | Safety: checked=1 fail_closed=0 reasons=api_code_4029:1 | FiltersTop(session): source_qos_cap:26,safe_age:12,source_qos_symbol_cap:6,score_min:6 | Dedup: heavy_skip=0 override=0 | V2Budget: 1/280 | SourceQoS: enabled=1/in=11/out=8/dropped=3/active_cd=0/drops=source_qos_cap:2,source_qos_symbol_cap:1 | Ingest: q=0/oldest=0.0s/drop_old=0/dedup_skip=0/enq=0/drain=8 | Sources: dex_boosts:ok=1/fail=0/429=0/lim_wait=0/cd_wait=0/err=0.0%/avg=37ms; dexscreener:ok=11/fail=0/429=0/lim_wait=0/cd_wait=0/err=0.0%/avg=45ms; onchain_enrich:ok=1/fail=0/429=0/lim_wait=0/cd_wait=0/err=0.0%/avg=405ms | Tasks: 3 | RSS: 0.0MB | CycleAvg: 9.33s
2026-02-26 16:34:45,836 [INFO] [u_station_ab_night_autotune_v1] __main__: WATCHLIST merged count=3
2026-02-26 16:34:45,836 [INFO] [u_station_ab_night_autotune_v1] trading.v2_runtime: V2_UNIVERSE in=3 dedup=3 out=3 target=3 novel_target=3 novel_out=0 repeat_dropped=0 symbol_dropped=0 surge_in=0 surge_target=0 surge_out=0
2026-02-26 16:34:45,852 [INFO] [u_station_ab_night_autotune_v1] __main__: V2_SOURCE_QOS_FILTER in=3 out=1 drops={'source_qos_cap': 2} caps={'watchlist': 1}
2026-02-26 16:34:45,853 [INFO] [u_station_ab_night_autotune_v1] __main__: FILTER_FAIL token=VIRTUAL reason=source_qos_cap source=watchlist used=1/1
2026-02-26 16:34:45,853 [INFO] [u_station_ab_night_autotune_v1] __main__: FILTER_FAIL token=AERO reason=source_qos_cap source=watchlist used=1/1
2026-02-26 16:34:45,853 [INFO] [u_station_ab_night_autotune_v1] __main__: FILTER_PASS token=cbBTC tier=A score=100 mode=YELLOW risk=MEDIUM liq=19266647 vol5m=235414
2026-02-26 16:34:45,853 [INFO] [u_station_ab_night_autotune_v1] __main__: V2_QUALITY_GATE enabled=True regime=YELLOW in=1 out=0 core_out=0 explore_out=0 probe_out=0 quota=0 max_symbol_share=0.000 drop={'cooldown_bucket': 1} sources_used={}
2026-02-26 16:34:45,853 [INFO] [u_station_ab_night_autotune_v1] __main__: MARKET_REGIME mode=YELLOW reason=avg_cand=1.00 avg_cand_recent=1.00
2026-02-26 16:34:45,853 [INFO] [u_station_ab_night_autotune_v1] __main__: Scanned 3 tokens | High quality: 1 | Alerts sent: 0 | Trade candidates: 1 | Quality out/core/explore/probe: 0/0/0/0 | Opened: 0 | Mode: local | Source: onchain+market | Policy: raw=OK/effective=OK(healthy | route=allow_all) | Regime: YELLOW(avg_cand=1.00) | Safety: checked=1 fail_closed=0 reasons=api_code_4029:1 | FiltersTop(session): source_qos_cap:28,safe_age:12,source_qos_symbol_cap:6,score_min:6 | Dedup: heavy_skip=0 override=0 | V2Budget: 1/280 | SourceQoS: enabled=1/in=3/out=1/dropped=2/active_cd=0/drops=source_qos_cap:2 | Ingest: q=0/oldest=0.0s/drop_old=0/dedup_skip=0/enq=0/drain=0 | Sources: dex_boosts:ok=1/fail=0/429=0/lim_wait=0/cd_wait=0/err=0.0%/avg=46ms; dexscreener:ok=11/fail=0/429=0/lim_wait=0/cd_wait=0/err=0.0%/avg=45ms | Tasks: 3 | RSS: 0.0MB | CycleAvg: 8.68s
2026-02-26 16:34:50,292 [INFO] [u_station_ab_night_autotune_v1] __main__: WATCHLIST merged count=3
2026-02-26 16:34:50,293 [INFO] [u_station_ab_night_autotune_v1] trading.v2_runtime: V2_UNIVERSE in=3 dedup=3 out=3 target=3 novel_target=3 novel_out=0 repeat_dropped=0 symbol_dropped=0 surge_in=0 surge_target=0 surge_out=0
2026-02-26 16:34:50,293 [INFO] [u_station_ab_night_autotune_v1] __main__: V2_SOURCE_QOS_FILTER in=3 out=1 drops={'source_qos_cap': 2} caps={'watchlist': 1}
2026-02-26 16:34:50,295 [INFO] [u_station_ab_night_autotune_v1] __main__: FILTER_FAIL token=VIRTUAL reason=source_qos_cap source=watchlist used=1/1
2026-02-26 16:34:50,295 [INFO] [u_station_ab_night_autotune_v1] __main__: FILTER_FAIL token=AERO reason=source_qos_cap source=watchlist used=1/1
2026-02-26 16:34:50,295 [INFO] [u_station_ab_night_autotune_v1] __main__: FILTER_PASS token=cbBTC tier=A score=100 mode=YELLOW risk=MEDIUM liq=19266647 vol5m=235414
2026-02-26 16:34:50,298 [INFO] [u_station_ab_night_autotune_v1] __main__: V2_QUALITY_GATE enabled=True regime=YELLOW in=1 out=0 core_out=0 explore_out=0 probe_out=0 quota=0 max_symbol_share=0.000 drop={'cooldown_bucket': 1} sources_used={}
2026-02-26 16:34:50,300 [INFO] [u_station_ab_night_autotune_v1] __main__: MARKET_REGIME mode=YELLOW reason=avg_cand=1.00 avg_cand_recent=1.00
2026-02-26 16:34:50,300 [INFO] [u_station_ab_night_autotune_v1] __main__: Scanned 3 tokens | High quality: 1 | Alerts sent: 0 | Trade candidates: 1 | Quality out/core/explore/probe: 0/0/0/0 | Opened: 0 | Mode: local | Source: onchain+market | Policy: raw=OK/effective=OK(healthy | route=allow_all) | Regime: YELLOW(avg_cand=1.00) | Safety: checked=1 fail_closed=0 reasons=api_code_4029:1 | FiltersTop(session): source_qos_cap:30,safe_age:12,source_qos_symbol_cap:6,score_min:6 | Dedup: heavy_skip=0 override=0 | V2Budget: 1/280 | SourceQoS: enabled=1/in=3/out=1/dropped=2/active_cd=0/drops=source_qos_cap:2 | Ingest: q=0/oldest=0.0s/drop_old=0/dedup_skip=0/enq=0/drain=0 | Sources: dex_boosts:ok=1/fail=0/429=0/lim_wait=0/cd_wait=0/err=0.0%/avg=68ms; dexscreener:ok=11/fail=0/429=0/lim_wait=0/cd_wait=0/err=0.0%/avg=44ms | Tasks: 3 | RSS: 0.0MB | CycleAvg: 8.09s
2026-02-26 16:34:54,753 [INFO] [u_station_ab_night_autotune_v1] __main__: WATCHLIST merged count=3
2026-02-26 16:34:54,753 [INFO] [u_station_ab_night_autotune_v1] trading.v2_runtime: V2_UNIVERSE in=3 dedup=3 out=3 target=3 novel_target=3 novel_out=0 repeat_dropped=0 symbol_dropped=0 surge_in=0 surge_target=0 surge_out=0
2026-02-26 16:34:54,753 [INFO] [u_station_ab_night_autotune_v1] __main__: V2_SOURCE_QOS_FILTER in=3 out=1 drops={'source_qos_cap': 2} caps={'watchlist': 1}
2026-02-26 16:34:54,753 [INFO] [u_station_ab_night_autotune_v1] __main__: FILTER_FAIL token=VIRTUAL reason=source_qos_cap source=watchlist used=1/1
2026-02-26 16:34:54,753 [INFO] [u_station_ab_night_autotune_v1] __main__: FILTER_FAIL token=AERO reason=source_qos_cap source=watchlist used=1/1
2026-02-26 16:34:54,753 [INFO] [u_station_ab_night_autotune_v1] __main__: FILTER_PASS token=cbBTC tier=A score=100 mode=YELLOW risk=MEDIUM liq=19266647 vol5m=235414
2026-02-26 16:34:54,753 [INFO] [u_station_ab_night_autotune_v1] __main__: V2_QUALITY_GATE enabled=True regime=YELLOW in=1 out=0 core_out=0 explore_out=0 probe_out=0 quota=0 max_symbol_share=0.000 drop={'cooldown_bucket': 1} sources_used={}
2026-02-26 16:34:54,753 [INFO] [u_station_ab_night_autotune_v1] __main__: MARKET_REGIME mode=YELLOW reason=avg_cand=1.00 avg_cand_recent=1.00
2026-02-26 16:34:54,753 [INFO] [u_station_ab_night_autotune_v1] __main__: Scanned 3 tokens | High quality: 1 | Alerts sent: 0 | Trade candidates: 1 | Quality out/core/explore/probe: 0/0/0/0 | Opened: 0 | Mode: local | Source: onchain+market | Policy: raw=OK/effective=OK(healthy | route=allow_all) | Regime: YELLOW(avg_cand=1.00) | Safety: checked=1 fail_closed=0 reasons=api_code_4029:1 | FiltersTop(session): source_qos_cap:32,safe_age:12,source_qos_symbol_cap:6,score_min:6 | Dedup: heavy_skip=0 override=0 | V2Budget: 1/280 | SourceQoS: enabled=1/in=3/out=1/dropped=2/active_cd=0/drops=source_qos_cap:2 | Ingest: q=0/oldest=0.0s/drop_old=0/dedup_skip=0/enq=0/drain=0 | Sources: dex_boosts:ok=1/fail=0/429=0/lim_wait=0/cd_wait=0/err=0.0%/avg=63ms; dexscreener:ok=11/fail=0/429=0/lim_wait=0/cd_wait=0/err=0.0%/avg=48ms | Tasks: 3 | RSS: 0.0MB | CycleAvg: 7.58s
2026-02-26 16:34:59,276 [INFO] [u_station_ab_night_autotune_v1] __main__: WATCHLIST merged count=3
2026-02-26 16:34:59,276 [INFO] [u_station_ab_night_autotune_v1] trading.v2_runtime: V2_UNIVERSE in=3 dedup=3 out=3 target=3 novel_target=3 novel_out=0 repeat_dropped=0 symbol_dropped=0 surge_in=0 surge_target=0 surge_out=0
2026-02-26 16:34:59,292 [INFO] [u_station_ab_night_autotune_v1] __main__: V2_SOURCE_QOS_FILTER in=3 out=1 drops={'source_qos_cap': 2} caps={'watchlist': 1}
2026-02-26 16:34:59,292 [INFO] [u_station_ab_night_autotune_v1] __main__: FILTER_FAIL token=VIRTUAL reason=source_qos_cap source=watchlist used=1/1
2026-02-26 16:34:59,293 [INFO] [u_station_ab_night_autotune_v1] __main__: FILTER_FAIL token=AERO reason=source_qos_cap source=watchlist used=1/1
2026-02-26 16:34:59,294 [INFO] [u_station_ab_night_autotune_v1] __main__: FILTER_PASS token=cbBTC tier=A score=100 mode=YELLOW risk=MEDIUM liq=19266647 vol5m=235414
2026-02-26 16:34:59,295 [INFO] [u_station_ab_night_autotune_v1] __main__: V2_QUALITY_GATE enabled=True regime=YELLOW in=1 out=0 core_out=0 explore_out=0 probe_out=0 quota=0 max_symbol_share=0.000 drop={'cooldown_bucket': 1} sources_used={}
2026-02-26 16:34:59,296 [INFO] [u_station_ab_night_autotune_v1] __main__: MARKET_REGIME mode=YELLOW reason=avg_cand=1.00 avg_cand_recent=1.00
2026-02-26 16:34:59,297 [INFO] [u_station_ab_night_autotune_v1] __main__: Scanned 3 tokens | High quality: 1 | Alerts sent: 0 | Trade candidates: 1 | Quality out/core/explore/probe: 0/0/0/0 | Opened: 0 | Mode: local | Source: onchain+market | Policy: raw=OK/effective=OK(healthy | route=allow_all) | Regime: YELLOW(avg_cand=1.00) | Safety: checked=1 fail_closed=0 reasons=api_code_4029:1 | FiltersTop(session): source_qos_cap:34,safe_age:12,source_qos_symbol_cap:6,score_min:6 | Dedup: heavy_skip=0 override=0 | V2Budget: 1/280 | SourceQoS: enabled=1/in=3/out=1/dropped=2/active_cd=0/drops=source_qos_cap:2 | Ingest: q=0/oldest=0.0s/drop_old=0/dedup_skip=0/enq=0/drain=0 | Sources: dex_boosts:ok=1/fail=0/429=0/lim_wait=0/cd_wait=0/err=0.0%/avg=38ms; dexscreener:ok=11/fail=0/429=0/lim_wait=0/cd_wait=0/err=0.0%/avg=192ms | Tasks: 3 | RSS: 0.0MB | CycleAvg: 7.14s
2026-02-26 16:35:03,721 [INFO] [u_station_ab_night_autotune_v1] __main__: WATCHLIST merged count=3
2026-02-26 16:35:03,721 [INFO] [u_station_ab_night_autotune_v1] trading.v2_runtime: V2_UNIVERSE in=3 dedup=3 out=3 target=3 novel_target=3 novel_out=0 repeat_dropped=0 symbol_dropped=0 surge_in=0 surge_target=0 surge_out=0
2026-02-26 16:35:03,721 [INFO] [u_station_ab_night_autotune_v1] __main__: V2_SOURCE_QOS_FILTER in=3 out=1 drops={'source_qos_cap': 2} caps={'watchlist': 1}
2026-02-26 16:35:03,721 [INFO] [u_station_ab_night_autotune_v1] __main__: FILTER_FAIL token=VIRTUAL reason=source_qos_cap source=watchlist used=1/1
2026-02-26 16:35:03,737 [INFO] [u_station_ab_night_autotune_v1] __main__: FILTER_FAIL token=AERO reason=source_qos_cap source=watchlist used=1/1
2026-02-26 16:35:03,737 [INFO] [u_station_ab_night_autotune_v1] __main__: FILTER_PASS token=cbBTC tier=A score=100 mode=YELLOW risk=MEDIUM liq=19266647 vol5m=235414
2026-02-26 16:35:03,737 [INFO] [u_station_ab_night_autotune_v1] __main__: V2_QUALITY_GATE enabled=True regime=YELLOW in=1 out=0 core_out=0 explore_out=0 probe_out=0 quota=0 max_symbol_share=0.000 drop={'cooldown_bucket': 1} sources_used={}
2026-02-26 16:35:03,737 [INFO] [u_station_ab_night_autotune_v1] __main__: MARKET_REGIME mode=YELLOW reason=avg_cand=1.00 avg_cand_recent=1.00
2026-02-26 16:35:03,737 [INFO] [u_station_ab_night_autotune_v1] __main__: Scanned 3 tokens | High quality: 1 | Alerts sent: 0 | Trade candidates: 1 | Quality out/core/explore/probe: 0/0/0/0 | Opened: 0 | Mode: local | Source: onchain+market | Policy: raw=OK/effective=OK(healthy | route=allow_all) | Regime: YELLOW(avg_cand=1.00) | Safety: checked=1 fail_closed=0 reasons=api_code_4029:1 | FiltersTop(session): source_qos_cap:36,safe_age:12,source_qos_symbol_cap:6,score_min:6 | Dedup: heavy_skip=0 override=0 | V2Budget: 1/280 | SourceQoS: enabled=1/in=3/out=1/dropped=2/active_cd=0/drops=source_qos_cap:2 | Ingest: q=0/oldest=0.0s/drop_old=0/dedup_skip=0/enq=0/drain=0 | Sources: dex_boosts:ok=1/fail=0/429=0/lim_wait=0/cd_wait=0/err=0.0%/avg=34ms; dexscreener:ok=11/fail=0/429=0/lim_wait=0/cd_wait=0/err=0.0%/avg=46ms | Tasks: 3 | RSS: 0.0MB | CycleAvg: 6.75s
2026-02-26 16:35:08,159 [INFO] [u_station_ab_night_autotune_v1] __main__: WATCHLIST merged count=3
2026-02-26 16:35:08,159 [INFO] [u_station_ab_night_autotune_v1] trading.v2_runtime: V2_UNIVERSE in=3 dedup=3 out=3 target=3 novel_target=3 novel_out=0 repeat_dropped=0 symbol_dropped=0 surge_in=0 surge_target=0 surge_out=0
2026-02-26 16:35:08,160 [INFO] [u_station_ab_night_autotune_v1] __main__: V2_SOURCE_QOS_FILTER in=3 out=1 drops={'source_qos_cap': 2} caps={'watchlist': 1}
2026-02-26 16:35:08,161 [INFO] [u_station_ab_night_autotune_v1] __main__: FILTER_FAIL token=VIRTUAL reason=source_qos_cap source=watchlist used=1/1
2026-02-26 16:35:08,162 [INFO] [u_station_ab_night_autotune_v1] __main__: FILTER_FAIL token=AERO reason=source_qos_cap source=watchlist used=1/1
2026-02-26 16:35:08,163 [INFO] [u_station_ab_night_autotune_v1] __main__: FILTER_PASS token=cbBTC tier=A score=100 mode=YELLOW risk=MEDIUM liq=19266647 vol5m=235414
2026-02-26 16:35:08,164 [INFO] [u_station_ab_night_autotune_v1] __main__: V2_QUALITY_GATE enabled=True regime=YELLOW in=1 out=0 core_out=0 explore_out=0 probe_out=0 quota=0 max_symbol_share=0.000 drop={'cooldown_bucket': 1} sources_used={}
2026-02-26 16:35:08,166 [INFO] [u_station_ab_night_autotune_v1] __main__: MARKET_REGIME mode=YELLOW reason=avg_cand=1.00 avg_cand_recent=1.00
2026-02-26 16:35:08,167 [INFO] [u_station_ab_night_autotune_v1] trading.auto_trader: PAPER_SUMMARY window=60s closed_delta=0 wins_delta=0 losses_delta=0 realized_delta=$0.00 total_closed=35 winrate_total=37.1% realized_total=$0.37 balance=$7.37 equity=$7.37 open=0
2026-02-26 16:35:08,168 [INFO] [u_station_ab_night_autotune_v1] __main__: Scanned 3 tokens | High quality: 1 | Alerts sent: 0 | Trade candidates: 1 | Quality out/core/explore/probe: 0/0/0/0 | Opened: 0 | Mode: local | Source: onchain+market | Policy: raw=OK/effective=OK(healthy | route=allow_all) | Regime: YELLOW(avg_cand=1.00) | Safety: checked=1 fail_closed=0 reasons=api_code_4029:1 | FiltersTop(session): source_qos_cap:38,safe_age:12,source_qos_symbol_cap:6,score_min:6 | Dedup: heavy_skip=0 override=0 | V2Budget: 1/280 | SourceQoS: enabled=1/in=3/out=1/dropped=2/active_cd=0/drops=source_qos_cap:2 | Ingest: q=0/oldest=0.0s/drop_old=0/dedup_skip=0/enq=0/drain=0 | Sources: dex_boosts:ok=1/fail=0/429=0/lim_wait=0/cd_wait=0/err=0.0%/avg=41ms; dexscreener:ok=11/fail=0/429=0/lim_wait=0/cd_wait=0/err=0.0%/avg=42ms | Tasks: 3 | RSS: 0.0MB | CycleAvg: 6.40s
2026-02-26 16:35:12,599 [INFO] [u_station_ab_night_autotune_v1] __main__: WATCHLIST merged count=3
2026-02-26 16:35:12,600 [INFO] [u_station_ab_night_autotune_v1] trading.v2_runtime: V2_UNIVERSE in=3 dedup=3 out=3 target=3 novel_target=3 novel_out=0 repeat_dropped=0 symbol_dropped=0 surge_in=0 surge_target=0 surge_out=0
2026-02-26 16:35:12,601 [INFO] [u_station_ab_night_autotune_v1] __main__: V2_SOURCE_QOS_FILTER in=3 out=1 drops={'source_qos_cap': 2} caps={'watchlist': 1}
2026-02-26 16:35:12,602 [INFO] [u_station_ab_night_autotune_v1] __main__: FILTER_FAIL token=VIRTUAL reason=source_qos_cap source=watchlist used=1/1
2026-02-26 16:35:12,603 [INFO] [u_station_ab_night_autotune_v1] __main__: FILTER_FAIL token=AERO reason=source_qos_cap source=watchlist used=1/1
2026-02-26 16:35:12,604 [INFO] [u_station_ab_night_autotune_v1] __main__: FILTER_PASS token=cbBTC tier=A score=100 mode=YELLOW risk=MEDIUM liq=19266647 vol5m=235414
2026-02-26 16:35:12,605 [INFO] [u_station_ab_night_autotune_v1] __main__: V2_QUALITY_GATE enabled=True regime=YELLOW in=1 out=0 core_out=0 explore_out=0 probe_out=0 quota=0 max_symbol_share=0.000 drop={'cooldown_bucket': 1} sources_used={}
2026-02-26 16:35:12,606 [INFO] [u_station_ab_night_autotune_v1] __main__: MARKET_REGIME mode=YELLOW reason=avg_cand=1.00 avg_cand_recent=1.00
2026-02-26 16:35:12,608 [INFO] [u_station_ab_night_autotune_v1] __main__: Scanned 3 tokens | High quality: 1 | Alerts sent: 0 | Trade candidates: 1 | Quality out/core/explore/probe: 0/0/0/0 | Opened: 0 | Mode: local | Source: onchain+market | Policy: raw=OK/effective=OK(healthy | route=allow_all) | Regime: YELLOW(avg_cand=1.00) | Safety: checked=1 fail_closed=0 reasons=api_code_4029:1 | FiltersTop(session): source_qos_cap:40,safe_age:12,source_qos_symbol_cap:6,score_min:6 | Dedup: heavy_skip=0 override=0 | V2Budget: 1/280 | SourceQoS: enabled=1/in=3/out=1/dropped=2/active_cd=0/drops=source_qos_cap:2 | Ingest: q=0/oldest=0.0s/drop_old=0/dedup_skip=0/enq=0/drain=0 | Sources: dex_boosts:ok=1/fail=0/429=0/lim_wait=0/cd_wait=0/err=0.0%/avg=34ms; dexscreener:ok=11/fail=0/429=0/lim_wait=0/cd_wait=0/err=0.0%/avg=45ms | Tasks: 3 | RSS: 0.0MB | CycleAvg: 6.08s
2026-02-26 16:35:17,037 [INFO] [u_station_ab_night_autotune_v1] __main__: WATCHLIST merged count=3
2026-02-26 16:35:17,037 [INFO] [u_station_ab_night_autotune_v1] trading.v2_runtime: V2_UNIVERSE in=3 dedup=3 out=3 target=3 novel_target=3 novel_out=0 repeat_dropped=0 symbol_dropped=0 surge_in=0 surge_target=0 surge_out=0
2026-02-26 16:35:17,037 [INFO] [u_station_ab_night_autotune_v1] __main__: V2_SOURCE_QOS_FILTER in=3 out=1 drops={'source_qos_cap': 2} caps={'watchlist': 1}
2026-02-26 16:35:17,037 [INFO] [u_station_ab_night_autotune_v1] __main__: FILTER_FAIL token=VIRTUAL reason=source_qos_cap source=watchlist used=1/1
2026-02-26 16:35:17,037 [INFO] [u_station_ab_night_autotune_v1] __main__: FILTER_FAIL token=AERO reason=source_qos_cap source=watchlist used=1/1
2026-02-26 16:35:17,037 [INFO] [u_station_ab_night_autotune_v1] __main__: FILTER_PASS token=cbBTC tier=A score=100 mode=YELLOW risk=MEDIUM liq=19266647 vol5m=235414
2026-02-26 16:35:17,037 [INFO] [u_station_ab_night_autotune_v1] __main__: V2_QUALITY_GATE enabled=True regime=YELLOW in=1 out=0 core_out=0 explore_out=0 probe_out=0 quota=0 max_symbol_share=0.000 drop={'cooldown_bucket': 1} sources_used={}
2026-02-26 16:35:17,037 [INFO] [u_station_ab_night_autotune_v1] __main__: MARKET_REGIME mode=YELLOW reason=avg_cand=1.00 avg_cand_recent=1.00
2026-02-26 16:35:17,037 [INFO] [u_station_ab_night_autotune_v1] __main__: Scanned 3 tokens | High quality: 1 | Alerts sent: 0 | Trade candidates: 1 | Quality out/core/explore/probe: 0/0/0/0 | Opened: 0 | Mode: local | Source: onchain+market | Policy: raw=OK/effective=OK(healthy | route=allow_all) | Regime: YELLOW(avg_cand=1.00) | Safety: checked=1 fail_closed=0 reasons=api_code_4029:1 | FiltersTop(session): source_qos_cap:42,safe_age:12,source_qos_symbol_cap:6,score_min:6 | Dedup: heavy_skip=0 override=0 | V2Budget: 1/280 | SourceQoS: enabled=1/in=3/out=1/dropped=2/active_cd=0/drops=source_qos_cap:2 | Ingest: q=0/oldest=0.0s/drop_old=0/dedup_skip=0/enq=0/drain=0 | Sources: dex_boosts:ok=1/fail=0/429=0/lim_wait=0/cd_wait=0/err=0.0%/avg=79ms; dexscreener:ok=11/fail=0/429=0/lim_wait=0/cd_wait=0/err=0.0%/avg=46ms | Tasks: 3 | RSS: 0.0MB | CycleAvg: 5.80s
2026-02-26 16:35:25,884 [INFO] [u_station_ab_night_autotune_v1] __main__: WATCHLIST merged count=3
2026-02-26 16:35:25,884 [INFO] [u_station_ab_night_autotune_v1] trading.v2_runtime: V2_UNIVERSE in=3 dedup=3 out=3 target=3 novel_target=3 novel_out=0 repeat_dropped=0 symbol_dropped=0 surge_in=0 surge_target=0 surge_out=0
2026-02-26 16:35:25,891 [INFO] [u_station_ab_night_autotune_v1] __main__: V2_SOURCE_QOS_FILTER in=3 out=1 drops={'source_qos_cap': 2} caps={'watchlist': 1}
2026-02-26 16:35:25,891 [INFO] [u_station_ab_night_autotune_v1] __main__: FILTER_FAIL token=VIRTUAL reason=source_qos_cap source=watchlist used=1/1
2026-02-26 16:35:25,891 [INFO] [u_station_ab_night_autotune_v1] __main__: FILTER_FAIL token=AERO reason=source_qos_cap source=watchlist used=1/1
2026-02-26 16:35:25,903 [INFO] [u_station_ab_night_autotune_v1] __main__: FILTER_PASS token=cbBTC tier=A score=100 mode=YELLOW risk=MEDIUM liq=19266647 vol5m=235414
2026-02-26 16:35:25,907 [INFO] [u_station_ab_night_autotune_v1] __main__: V2_QUALITY_GATE enabled=True regime=YELLOW in=1 out=0 core_out=0 explore_out=0 probe_out=0 quota=0 max_symbol_share=0.000 drop={'cooldown_bucket': 1} sources_used={}
2026-02-26 16:35:25,909 [INFO] [u_station_ab_night_autotune_v1] __main__: MARKET_REGIME mode=YELLOW reason=avg_cand=1.00 avg_cand_recent=1.00
2026-02-26 16:35:25,911 [INFO] [u_station_ab_night_autotune_v1] __main__: Scanned 3 tokens | High quality: 1 | Alerts sent: 0 | Trade candidates: 1 | Quality out/core/explore/probe: 0/0/0/0 | Opened: 0 | Mode: local | Source: onchain+market | Policy: raw=OK/effective=OK(healthy | route=allow_all) | Regime: YELLOW(avg_cand=1.00) | Safety: checked=1 fail_closed=0 reasons=api_code_4029:1 | FiltersTop(session): source_qos_cap:44,safe_age:12,source_qos_symbol_cap:6,score_min:6 | Dedup: heavy_skip=0 override=0 | V2Budget: 1/280 | SourceQoS: enabled=1/in=3/out=1/dropped=2/active_cd=0/drops=source_qos_cap:2 | Ingest: q=0/oldest=0.0s/drop_old=0/dedup_skip=0/enq=0/drain=0 | Sources: dex_boosts:ok=1/fail=0/429=0/lim_wait=0/cd_wait=0/err=0.0%/avg=56ms; dexscreener:ok=11/fail=0/429=0/lim_wait=1/cd_wait=0/err=0.0%/avg=44ms | Tasks: 3 | RSS: 0.0MB | CycleAvg: 5.55s
2026-02-26 16:35:40,657 [INFO] [u_station_ab_night_autotune_v1] __main__: WATCHLIST merged count=3
2026-02-26 16:35:40,657 [INFO] [u_station_ab_night_autotune_v1] trading.v2_runtime: V2_UNIVERSE in=3 dedup=3 out=3 target=3 novel_target=3 novel_out=0 repeat_dropped=0 symbol_dropped=0 surge_in=0 surge_target=0 surge_out=0
2026-02-26 16:35:40,657 [INFO] [u_station_ab_night_autotune_v1] __main__: V2_SOURCE_QOS_FILTER in=3 out=1 drops={'source_qos_cap': 2} caps={'watchlist': 1}
2026-02-26 16:35:40,657 [INFO] [u_station_ab_night_autotune_v1] __main__: FILTER_FAIL token=VIRTUAL reason=source_qos_cap source=watchlist used=1/1
2026-02-26 16:35:40,657 [INFO] [u_station_ab_night_autotune_v1] __main__: FILTER_FAIL token=AERO reason=source_qos_cap source=watchlist used=1/1
2026-02-26 16:35:40,657 [INFO] [u_station_ab_night_autotune_v1] __main__: FILTER_PASS token=cbBTC tier=A score=100 mode=YELLOW risk=MEDIUM liq=19266647 vol5m=235414
2026-02-26 16:35:40,657 [INFO] [u_station_ab_night_autotune_v1] __main__: V2_QUALITY_GATE enabled=True regime=YELLOW in=1 out=0 core_out=0 explore_out=0 probe_out=0 quota=0 max_symbol_share=0.000 drop={'cooldown_bucket': 1} sources_used={}
2026-02-26 16:35:40,664 [INFO] [u_station_ab_night_autotune_v1] __main__: MARKET_REGIME mode=YELLOW reason=avg_cand=1.00 avg_cand_recent=1.00
2026-02-26 16:35:40,666 [INFO] [u_station_ab_night_autotune_v1] __main__: Scanned 3 tokens | High quality: 1 | Alerts sent: 0 | Trade candidates: 1 | Quality out/core/explore/probe: 0/0/0/0 | Opened: 0 | Mode: local | Source: onchain+market | Policy: raw=OK/effective=OK(healthy | route=allow_all) | Regime: YELLOW(avg_cand=1.00) | Safety: checked=1 fail_closed=0 reasons=api_code_4029:1 | FiltersTop(session): source_qos_cap:46,safe_age:12,source_qos_symbol_cap:6,score_min:6 | Dedup: heavy_skip=0 override=0 | V2Budget: 1/280 | SourceQoS: enabled=1/in=3/out=1/dropped=2/active_cd=0/drops=source_qos_cap:2 | Ingest: q=0/oldest=0.0s/drop_old=0/dedup_skip=0/enq=0/drain=0 | Sources: dex_boosts:ok=1/fail=0/429=0/lim_wait=0/cd_wait=0/err=0.0%/avg=43ms; dexscreener:ok=11/fail=0/429=0/lim_wait=1/cd_wait=0/err=0.0%/avg=223ms | Tasks: 3 | RSS: 0.0MB | CycleAvg: 5.51s
2026-02-26 16:35:45,467 [INFO] [u_station_ab_night_autotune_v1] __main__: WATCHLIST merged count=3
2026-02-26 16:35:45,468 [INFO] [u_station_ab_night_autotune_v1] trading.v2_runtime: V2_UNIVERSE in=3 dedup=3 out=3 target=3 novel_target=3 novel_out=0 repeat_dropped=0 symbol_dropped=0 surge_in=0 surge_target=0 surge_out=0
2026-02-26 16:35:45,469 [INFO] [u_station_ab_night_autotune_v1] __main__: V2_SOURCE_QOS_FILTER in=3 out=1 drops={'source_qos_cap': 2} caps={'watchlist': 1}
2026-02-26 16:35:45,469 [INFO] [u_station_ab_night_autotune_v1] __main__: FILTER_FAIL token=VIRTUAL reason=source_qos_cap source=watchlist used=1/1
2026-02-26 16:35:45,470 [INFO] [u_station_ab_night_autotune_v1] __main__: FILTER_FAIL token=AERO reason=source_qos_cap source=watchlist used=1/1
2026-02-26 16:35:45,471 [INFO] [u_station_ab_night_autotune_v1] __main__: FILTER_PASS token=cbBTC tier=A score=100 mode=YELLOW risk=MEDIUM liq=19266647 vol5m=235414
2026-02-26 16:35:45,472 [INFO] [u_station_ab_night_autotune_v1] __main__: V2_QUALITY_GATE enabled=True regime=YELLOW in=1 out=0 core_out=0 explore_out=0 probe_out=0 quota=0 max_symbol_share=0.000 drop={'cooldown_bucket': 1} sources_used={}
2026-02-26 16:35:45,472 [INFO] [u_station_ab_night_autotune_v1] __main__: MARKET_REGIME mode=YELLOW reason=avg_cand=1.00 avg_cand_recent=1.00
2026-02-26 16:35:45,473 [INFO] [u_station_ab_night_autotune_v1] __main__: Scanned 3 tokens | High quality: 1 | Alerts sent: 0 | Trade candidates: 1 | Quality out/core/explore/probe: 0/0/0/0 | Opened: 0 | Mode: local | Source: onchain+market | Policy: raw=OK/effective=OK(healthy | route=allow_all) | Regime: YELLOW(avg_cand=1.00) | Safety: checked=1 fail_closed=0 reasons=api_code_4029:1 | FiltersTop(session): source_qos_cap:48,safe_age:12,source_qos_symbol_cap:6,score_min:6 | Dedup: heavy_skip=0 override=0 | V2Budget: 1/280 | SourceQoS: enabled=1/in=3/out=1/dropped=2/active_cd=0/drops=source_qos_cap:2 | Ingest: q=0/oldest=0.0s/drop_old=0/dedup_skip=0/enq=0/drain=0 | Sources: dex_boosts:ok=1/fail=0/429=0/lim_wait=0/cd_wait=0/err=0.0%/avg=32ms; dexscreener:ok=11/fail=0/429=0/lim_wait=1/cd_wait=0/err=0.0%/avg=47ms | Tasks: 3 | RSS: 0.0MB | CycleAvg: 5.74s
2026-02-26 16:35:49,925 [INFO] [u_station_ab_night_autotune_v1] __main__: WATCHLIST merged count=3
2026-02-26 16:35:49,926 [INFO] [u_station_ab_night_autotune_v1] trading.v2_runtime: V2_UNIVERSE in=6 dedup=6 out=6 target=6 novel_target=6 novel_out=3 repeat_dropped=0 symbol_dropped=0 surge_in=1 surge_target=1 surge_out=1
2026-02-26 16:35:49,927 [INFO] [u_station_ab_night_autotune_v1] __main__: V2_SOURCE_QOS_FILTER in=6 out=4 drops={'source_qos_cap': 2} caps={'geckoterminal': 287, 'watchlist': 1}
2026-02-26 16:35:49,928 [INFO] [u_station_ab_night_autotune_v1] __main__: FILTER_FAIL token=VIRTUAL reason=source_qos_cap source=watchlist used=1/1
2026-02-26 16:35:49,929 [INFO] [u_station_ab_night_autotune_v1] __main__: FILTER_FAIL token=AERO reason=source_qos_cap source=watchlist used=1/1
2026-02-26 16:35:49,930 [INFO] [u_station_ab_night_autotune_v1] __main__: FILTER_PASS token=cbBTC tier=A score=100 mode=YELLOW risk=MEDIUM liq=19266647 vol5m=235414
2026-02-26 16:35:49,931 [INFO] [u_station_ab_night_autotune_v1] __main__: FILTER_FAIL token=OG reason=safe_age
2026-02-26 16:35:49,933 [INFO] [u_station_ab_night_autotune_v1] __main__: FILTER_FAIL token=Rowboat reason=safe_age
2026-02-26 16:35:49,934 [INFO] [u_station_ab_night_autotune_v1] __main__: FILTER_FAIL token=ClawnchMomentum reason=safe_volume vol5m=0 min=8 regime=YELLOW
2026-02-26 16:35:49,934 [INFO] [u_station_ab_night_autotune_v1] __main__: V2_QUALITY_GATE enabled=True regime=YELLOW in=1 out=0 core_out=0 explore_out=0 probe_out=0 quota=0 max_symbol_share=0.000 drop={'cooldown_bucket': 1} sources_used={}
2026-02-26 16:35:49,935 [INFO] [u_station_ab_night_autotune_v1] __main__: MARKET_REGIME mode=YELLOW reason=avg_cand=1.00 avg_cand_recent=1.00
2026-02-26 16:35:49,936 [INFO] [u_station_ab_night_autotune_v1] __main__: Scanned 6 tokens | High quality: 1 | Alerts sent: 0 | Trade candidates: 1 | Quality out/core/explore/probe: 0/0/0/0 | Opened: 0 | Mode: local | Source: onchain+market | Policy: raw=OK/effective=OK(healthy | route=allow_all) | Regime: YELLOW(avg_cand=1.00) | Safety: checked=1 fail_closed=0 reasons=api_code_4029:1 | FiltersTop(session): source_qos_cap:50,safe_age:14,source_qos_symbol_cap:6,score_min:6 | Dedup: heavy_skip=0 override=0 | V2Budget: 1/280 | SourceQoS: enabled=1/in=6/out=4/dropped=2/active_cd=0/drops=source_qos_cap:2 | Ingest: q=0/oldest=0.0s/drop_old=0/dedup_skip=0/enq=3/drain=3 | Sources: dex_boosts:ok=1/fail=0/429=0/lim_wait=0/cd_wait=0/err=0.0%/avg=48ms; dexscreener:ok=11/fail=0/429=0/lim_wait=1/cd_wait=0/err=0.0%/avg=47ms; geckoterminal:ok=1/fail=0/429=0/lim_wait=0/cd_wait=0/err=0.0%/avg=453ms | Tasks: 3 | RSS: 0.0MB | CycleAvg: 5.54s
2026-02-26 16:35:54,377 [INFO] [u_station_ab_night_autotune_v1] __main__: WATCHLIST merged count=3
2026-02-26 16:35:54,377 [INFO] [u_station_ab_night_autotune_v1] trading.v2_runtime: V2_UNIVERSE in=3 dedup=3 out=3 target=3 novel_target=3 novel_out=0 repeat_dropped=0 symbol_dropped=0 surge_in=0 surge_target=0 surge_out=0
2026-02-26 16:35:54,377 [INFO] [u_station_ab_night_autotune_v1] __main__: V2_SOURCE_QOS_FILTER in=3 out=1 drops={'source_qos_cap': 2} caps={'watchlist': 1}
2026-02-26 16:35:54,377 [INFO] [u_station_ab_night_autotune_v1] __main__: FILTER_FAIL token=VIRTUAL reason=source_qos_cap source=watchlist used=1/1
2026-02-26 16:35:54,377 [INFO] [u_station_ab_night_autotune_v1] __main__: FILTER_FAIL token=AERO reason=source_qos_cap source=watchlist used=1/1
2026-02-26 16:35:54,377 [INFO] [u_station_ab_night_autotune_v1] __main__: FILTER_PASS token=cbBTC tier=A score=100 mode=YELLOW risk=MEDIUM liq=19266647 vol5m=235414
2026-02-26 16:35:54,393 [INFO] [u_station_ab_night_autotune_v1] __main__: V2_QUALITY_GATE enabled=True regime=YELLOW in=1 out=1 core_out=0 explore_out=1 probe_out=1 quota=1 max_symbol_share=1.000 drop={} sources_used={'watchlist': 1}
2026-02-26 16:35:54,393 [INFO] [u_station_ab_night_autotune_v1] __main__: V2_ENTRY_ROUTE enabled=True regime=YELLOW in=1 out=1 core_out=0 explore_out=1 quota=1 allow_explore=True
2026-02-26 16:35:54,393 [INFO] [u_station_ab_night_autotune_v1] __main__: MARKET_REGIME mode=YELLOW reason=avg_cand=1.00 avg_cand_recent=1.00
2026-02-26 16:35:54,419 [INFO] [u_station_ab_night_autotune_v1] trading.auto_trader: AutoTrade skip token=cbBTC reason=cluster_ev_prob p=0.48 detail=bad=True severe=True samples=13 avg=-0.00031 loss_share=0.77 size_mult=0.62 hold_mult=0.72 edge_mult=1.28 p=0.48
2026-02-26 16:35:54,419 [INFO] [u_station_ab_night_autotune_v1] trading.auto_trader: AutoTrade batch mode=top_n candidates=1 eligible=1 selected=1 opened=0 pe=off burst_window=0
2026-02-26 16:35:54,421 [INFO] [u_station_ab_night_autotune_v1] __main__: Scanned 3 tokens | High quality: 1 | Alerts sent: 0 | Trade candidates: 1 | Quality out/core/explore/probe: 1/0/1/1 | Opened: 0 | Mode: local | Source: onchain+market | Policy: raw=OK/effective=OK(healthy | route=allow_all) | Regime: YELLOW(avg_cand=1.00) | Safety: checked=1 fail_closed=0 reasons=api_code_4029:1 | FiltersTop(session): source_qos_cap:52,safe_age:14,source_qos_symbol_cap:6,score_min:6 | Dedup: heavy_skip=0 override=0 | V2Budget: 1/280 | SourceQoS: enabled=1/in=3/out=1/dropped=2/active_cd=0/drops=source_qos_cap:2 | Ingest: q=0/oldest=0.0s/drop_old=0/dedup_skip=0/enq=0/drain=0 | Sources: dex_boosts:ok=1/fail=0/429=0/lim_wait=0/cd_wait=0/err=0.0%/avg=44ms; dexscreener:ok=11/fail=0/429=0/lim_wait=1/cd_wait=0/err=0.0%/avg=44ms | Tasks: 3 | RSS: 0.0MB | CycleAvg: 5.33s
2026-02-26 16:35:58,873 [INFO] [u_station_ab_night_autotune_v1] __main__: WATCHLIST merged count=3
2026-02-26 16:35:58,873 [INFO] [u_station_ab_night_autotune_v1] trading.v2_runtime: V2_UNIVERSE in=3 dedup=3 out=3 target=3 novel_target=3 novel_out=0 repeat_dropped=0 symbol_dropped=0 surge_in=0 surge_target=0 surge_out=0
2026-02-26 16:35:58,873 [INFO] [u_station_ab_night_autotune_v1] __main__: V2_SOURCE_QOS_FILTER in=3 out=1 drops={'source_qos_cap': 2} caps={'watchlist': 1}
2026-02-26 16:35:58,873 [INFO] [u_station_ab_night_autotune_v1] __main__: FILTER_FAIL token=VIRTUAL reason=source_qos_cap source=watchlist used=1/1
2026-02-26 16:35:58,873 [INFO] [u_station_ab_night_autotune_v1] __main__: FILTER_FAIL token=AERO reason=source_qos_cap source=watchlist used=1/1
2026-02-26 16:35:58,873 [INFO] [u_station_ab_night_autotune_v1] __main__: FILTER_PASS token=cbBTC tier=A score=100 mode=YELLOW risk=MEDIUM liq=19266647 vol5m=235414
2026-02-26 16:35:58,873 [INFO] [u_station_ab_night_autotune_v1] __main__: V2_QUALITY_GATE enabled=True regime=YELLOW in=1 out=1 core_out=0 explore_out=1 probe_out=1 quota=1 max_symbol_share=1.000 drop={} sources_used={'watchlist': 1}
2026-02-26 16:35:58,873 [INFO] [u_station_ab_night_autotune_v1] __main__: V2_ENTRY_ROUTE enabled=True regime=YELLOW in=1 out=1 core_out=0 explore_out=1 quota=1 allow_explore=True
2026-02-26 16:35:58,873 [INFO] [u_station_ab_night_autotune_v1] __main__: MARKET_REGIME mode=YELLOW reason=avg_cand=1.00 avg_cand_recent=1.00
2026-02-26 16:35:58,873 [INFO] [u_station_ab_night_autotune_v1] trading.auto_trader: AutoTrade adjust token=cbBTC reason=min_trade_floor size=$0.02->$0.10 min=$0.10
2026-02-26 16:35:58,873 [INFO] [u_station_ab_night_autotune_v1] trading.auto_trader: AutoTrade skip token=cbBTC reason=ev_net_low expected_net=$-0.00498 min=$-0.00354 samples=32 conf=1.00 pwin=0.34 avg_win=$0.0031 avg_loss=$0.0118 kelly=0.000 mem=bad=True severe=False trades=7 avg=-0.00032 loss_share=0.29 size_mult=0.80 edge_mult=1.10 p=0.74
2026-02-26 16:35:58,873 [INFO] [u_station_ab_night_autotune_v1] trading.auto_trader: AutoTrade batch mode=top_n candidates=1 eligible=1 selected=1 opened=0 pe=off burst_window=0
2026-02-26 16:35:58,888 [INFO] [u_station_ab_night_autotune_v1] __main__: Scanned 3 tokens | High quality: 1 | Alerts sent: 0 | Trade candidates: 1 | Quality out/core/explore/probe: 1/0/1/1 | Opened: 0 | Mode: local | Source: onchain+market | Policy: raw=OK/effective=OK(healthy | route=allow_all) | Regime: YELLOW(avg_cand=1.00) | Safety: checked=1 fail_closed=0 reasons=api_code_4029:1 | FiltersTop(session): source_qos_cap:54,safe_age:14,source_qos_symbol_cap:6,score_min:6 | Dedup: heavy_skip=0 override=0 | V2Budget: 1/280 | SourceQoS: enabled=1/in=3/out=1/dropped=2/active_cd=0/drops=source_qos_cap:2 | Ingest: q=0/oldest=0.0s/drop_old=0/dedup_skip=0/enq=0/drain=0 | Sources: dex_boosts:ok=1/fail=0/429=0/lim_wait=0/cd_wait=0/err=0.0%/avg=52ms; dexscreener:ok=11/fail=0/429=0/lim_wait=1/cd_wait=0/err=0.0%/avg=46ms | Tasks: 3 | RSS: 0.0MB | CycleAvg: 5.15s
2026-02-26 16:36:02,898 [WARNING] [u_station_ab_night_autotune_v1] __main__: GRACEFUL_STOP requested path=D:\earnforme\solana-alert-bot\data\graceful_stop.u_station_ab_night_autotune_v1.signal
2026-02-26 16:36:02,936 [INFO] [u_station_ab_night_autotune_v1] trading.auto_trader: AUTOTRADER_SHUTDOWN reason=main_local_shutdown open=0 closed=35
