2026-02-26 15:10:04,268 [INFO] [u_station_ab_night_autotune_v1] __main__: SESSION_LOG file=logs/matrix/u_station_ab_night_autotune_v1\sessions\main_local_20260226_141004_pid15744.log
2026-02-26 15:10:04,295 [INFO] [u_station_ab_night_autotune_v1] trading.auto_trader_state: AutoTrade state loaded open=0 closed=19 balance=$7.01
2026-02-26 15:10:04,306 [WARNING] [u_station_ab_night_autotune_v1] trading.auto_trader: DATA_POLICY mode=OK reason=init_reset_manual prev_mode=OK prev_reason=healthy | route=allow_all
2026-02-26 15:10:04,306 [INFO] [u_station_ab_night_autotune_v1] __main__: AUTOTRADER_INIT state=ready reason=manual mode=paper
2026-02-26 15:10:04,308 [INFO] [u_station_ab_night_autotune_v1] __main__: Local mode started (Telegram disabled).
2026-02-26 15:10:06,301 [INFO] [u_station_ab_night_autotune_v1] __main__: WATCHLIST merged count=3
2026-02-26 15:10:06,302 [INFO] [u_station_ab_night_autotune_v1] trading.v2_runtime: V2_UNIVERSE in=13 dedup=13 out=13 target=13 novel_target=9 novel_out=13 repeat_dropped=0 symbol_dropped=0 surge_in=4 surge_target=4 surge_out=4
2026-02-26 15:10:06,303 [INFO] [u_station_ab_night_autotune_v1] __main__: FILTER_FAIL token=extraxiom reason=safe_change_5m
2026-02-26 15:10:06,304 [INFO] [u_station_ab_night_autotune_v1] __main__: FILTER_FAIL token=GORK reason=safe_change_5m
2026-02-26 15:10:06,305 [INFO] [u_station_ab_night_autotune_v1] __main__: FILTER_FAIL token=OPEN401 reason=safe_age
2026-02-26 15:10:06,305 [INFO] [u_station_ab_night_autotune_v1] __main__: FILTER_PASS token=cbBTC tier=A score=100 mode=YELLOW risk=MEDIUM liq=19572137 vol5m=149326
2026-02-26 15:10:06,307 [INFO] [u_station_ab_night_autotune_v1] __main__: FILTER_FAIL token=GORK reason=safe_liquidity
2026-02-26 15:10:06,308 [INFO] [u_station_ab_night_autotune_v1] __main__: FILTER_FAIL token=POYO reason=safe_change_5m
2026-02-26 15:10:06,308 [INFO] [u_station_ab_night_autotune_v1] __main__: FILTER_PASS token=AERO tier=A score=100 mode=YELLOW risk=MEDIUM liq=1344354 vol5m=15392
2026-02-26 15:10:06,309 [INFO] [u_station_ab_night_autotune_v1] __main__: FILTER_FAIL token=PENGUIN reason=safe_age
2026-02-26 15:10:06,311 [INFO] [u_station_ab_night_autotune_v1] __main__: FILTER_PASS token=N0IR tier=A score=60 mode=YELLOW risk=MEDIUM liq=45513 vol5m=115
2026-02-26 15:10:06,311 [INFO] [u_station_ab_night_autotune_v1] monitor.local_alerter: Local alert token=N0IR address=0x276c3f918b2dde375be32c7c48dcec653863bb07 score=60 reco=HOLD risk=MEDIUM warnings=0 liq=45513 vol5m=115
2026-02-26 15:10:06,312 [INFO] [u_station_ab_night_autotune_v1] __main__: FILTER_FAIL token=EASYCLAW reason=score_min score=40 strict_min=48 soft_min=48 mode=YELLOW
2026-02-26 15:10:06,313 [INFO] [u_station_ab_night_autotune_v1] __main__: FILTER_PASS token=VIRTUAL tier=A score=85 mode=YELLOW risk=MEDIUM liq=7185437 vol5m=2952
2026-02-26 15:10:06,314 [INFO] [u_station_ab_night_autotune_v1] __main__: FILTER_FAIL token=FNDRY reason=score_min score=40 strict_min=48 soft_min=48 mode=YELLOW
2026-02-26 15:10:06,315 [INFO] [u_station_ab_night_autotune_v1] __main__: FILTER_FAIL token=ARPA reason=score_min score=40 strict_min=48 soft_min=48 mode=YELLOW
2026-02-26 15:10:06,316 [INFO] [u_station_ab_night_autotune_v1] trading.v2_runtime: V2_QUALITY_ROTATE symbols_core=0 symbols_cooldown=0 sources=1 top_core=- top_cooldown=-
2026-02-26 15:10:06,318 [INFO] [u_station_ab_night_autotune_v1] __main__: V2_QUALITY_GATE enabled=True regime=YELLOW in=4 out=4 core_out=1 explore_out=3 probe_out=0 quota=3 max_symbol_share=0.250 drop={} sources_used={'watchlist': 3, 'geckoterminal': 1}
2026-02-26 15:10:06,318 [INFO] [u_station_ab_night_autotune_v1] __main__: V2_ENTRY_ROUTE enabled=True regime=YELLOW in=4 out=3 core_out=1 explore_out=2 quota=2 allow_explore=True
2026-02-26 15:10:06,319 [WARNING] [u_station_ab_night_autotune_v1] trading.auto_trader: DATA_POLICY mode=OK reason=healthy | route=allow_all prev_mode=OK prev_reason=init_reset_manual
2026-02-26 15:10:06,319 [INFO] [u_station_ab_night_autotune_v1] __main__: MARKET_REGIME mode=YELLOW reason=hysteresis_recover_wait 1/4 raw=GREEN avg_cand_recent=4.00
2026-02-26 15:10:06,320 [INFO] [u_station_ab_night_autotune_v1] trading.auto_trader: AutoTrade skip token=cbBTC reason=cooldown_left_482s
2026-02-26 15:10:06,363 [INFO] [u_station_ab_night_autotune_v1] trading.auto_trader: AutoTrade skip token=VIRTUAL reason=min_trade_size size=$0.06 min=$0.10
2026-02-26 15:10:06,364 [INFO] [u_station_ab_night_autotune_v1] trading.auto_trader: AutoTrade batch mode=top_n candidates=3 eligible=3 selected=2 opened=0 pe=off burst_window=0
2026-02-26 15:10:06,366 [INFO] [u_station_ab_night_autotune_v1] __main__: FILTER_THRESHOLDS safe_volume_5m_min=$9 safe_liquidity_min=$8000 safe_age_min=240s score_min=48 edge_min=0.13% lock_floor=0.95 no_momentum_max_pnl=0.25 weakness_pnl=-2.60
2026-02-26 15:10:06,366 [INFO] [u_station_ab_night_autotune_v1] __main__: Scanned 13 tokens | High quality: 6 | Alerts sent: 1 | Trade candidates: 4 | Quality out/core/explore/probe: 4/1/3/0 | Opened: 0 | Mode: local | Source: onchain+market | Policy: raw=OK/effective=OK(healthy | route=allow_all) | Regime: YELLOW(hysteresis_recover_wait 1/4 raw=GREEN) | Safety: checked=4 fail_closed=0 reasons=api_code_4029:4 | FiltersTop(session): safe_change_5m:3,score_min:3,safe_age:2,safe_liquidity:1 | Dedup: heavy_skip=0 override=0 | V2Budget: 4/280 | SourceQoS: enabled=1/in=13/out=13/dropped=0/active_cd=0/drops=none | Ingest: q=0/oldest=0.0s/drop_old=0/dedup_skip=0/enq=10/drain=10 | Sources: dex_boosts:ok=1/fail=0/429=0/lim_wait=0/cd_wait=0/err=0.0%/avg=110ms; dexscreener:ok=10/fail=0/429=0/lim_wait=0/cd_wait=0/err=0.0%/avg=255ms; geckoterminal:ok=2/fail=0/429=0/lim_wait=0/cd_wait=0/err=0.0%/avg=95ms; watchlist_dex:ok=10/fail=0/429=0/lim_wait=0/cd_wait=0/err=0.0%/avg=97ms; watchlist_gecko:ok=6/fail=0/429=0/lim_wait=0/cd_wait=0/err=0.0%/avg=524ms | Tasks: 3 | RSS: 0.0MB | CycleAvg: 0.00s
2026-02-26 15:10:10,816 [INFO] [u_station_ab_night_autotune_v1] __main__: WATCHLIST merged count=3
2026-02-26 15:10:10,817 [INFO] [u_station_ab_night_autotune_v1] trading.v2_runtime: V2_UNIVERSE in=3 dedup=3 out=3 target=3 novel_target=3 novel_out=0 repeat_dropped=0 symbol_dropped=0 surge_in=0 surge_target=0 surge_out=0
2026-02-26 15:10:10,818 [INFO] [u_station_ab_night_autotune_v1] __main__: FILTER_PASS token=cbBTC tier=A score=100 mode=YELLOW risk=MEDIUM liq=19572137 vol5m=149326
2026-02-26 15:10:10,819 [INFO] [u_station_ab_night_autotune_v1] __main__: FILTER_PASS token=AERO tier=A score=100 mode=YELLOW risk=MEDIUM liq=1344354 vol5m=15392
2026-02-26 15:10:10,820 [INFO] [u_station_ab_night_autotune_v1] __main__: FILTER_PASS token=VIRTUAL tier=A score=85 mode=YELLOW risk=MEDIUM liq=7185437 vol5m=2952
2026-02-26 15:10:10,822 [INFO] [u_station_ab_night_autotune_v1] __main__: V2_QUALITY_GATE enabled=True regime=YELLOW in=3 out=3 core_out=1 explore_out=2 probe_out=0 quota=2 max_symbol_share=0.333 drop={'source_budget': 1, 'duplicate_address': 2} sources_used={'watchlist': 3}
2026-02-26 15:10:10,823 [INFO] [u_station_ab_night_autotune_v1] __main__: V2_ENTRY_ROUTE enabled=True regime=YELLOW in=3 out=2 core_out=1 explore_out=1 quota=1 allow_explore=True
2026-02-26 15:10:10,824 [INFO] [u_station_ab_night_autotune_v1] __main__: MARKET_REGIME mode=YELLOW reason=hysteresis_recover_wait 2/4 raw=GREEN avg_cand_recent=3.50
2026-02-26 15:10:10,825 [INFO] [u_station_ab_night_autotune_v1] trading.auto_trader: AutoTrade skip token=cbBTC reason=cooldown_left_477s
2026-02-26 15:10:10,825 [INFO] [u_station_ab_night_autotune_v1] trading.auto_trader: AutoTrade batch mode=top_n candidates=2 eligible=2 selected=1 opened=0 pe=off burst_window=0
2026-02-26 15:10:10,826 [INFO] [u_station_ab_night_autotune_v1] __main__: Scanned 3 tokens | High quality: 3 | Alerts sent: 0 | Trade candidates: 3 | Quality out/core/explore/probe: 3/1/2/0 | Opened: 0 | Mode: local | Source: onchain+market | Policy: raw=OK/effective=OK(healthy | route=allow_all) | Regime: YELLOW(hysteresis_recover_wait 2/4 raw=GREEN) | Safety: checked=3 fail_closed=0 reasons=api_code_4029:3 | FiltersTop(session): safe_change_5m:3,score_min:3,safe_age:2,safe_liquidity:1 | Dedup: heavy_skip=0 override=0 | V2Budget: 3/280 | SourceQoS: enabled=1/in=3/out=3/dropped=0/active_cd=0/drops=none | Ingest: q=0/oldest=0.0s/drop_old=0/dedup_skip=0/enq=0/drain=0 | Sources: dex_boosts:ok=1/fail=0/429=0/lim_wait=0/cd_wait=0/err=0.0%/avg=42ms; dexscreener:ok=10/fail=0/429=0/lim_wait=0/cd_wait=0/err=0.0%/avg=50ms | Tasks: 3 | RSS: 0.0MB | CycleAvg: 2.06s
2026-02-26 15:10:15,267 [INFO] [u_station_ab_night_autotune_v1] __main__: WATCHLIST merged count=3
2026-02-26 15:10:15,267 [INFO] [u_station_ab_night_autotune_v1] trading.v2_runtime: V2_UNIVERSE in=3 dedup=3 out=3 target=3 novel_target=3 novel_out=0 repeat_dropped=0 symbol_dropped=0 surge_in=0 surge_target=0 surge_out=0
2026-02-26 15:10:15,268 [INFO] [u_station_ab_night_autotune_v1] __main__: FILTER_PASS token=cbBTC tier=A score=100 mode=YELLOW risk=MEDIUM liq=19572137 vol5m=149326
2026-02-26 15:10:15,269 [INFO] [u_station_ab_night_autotune_v1] __main__: FILTER_PASS token=AERO tier=A score=100 mode=YELLOW risk=MEDIUM liq=1344354 vol5m=15392
2026-02-26 15:10:15,270 [INFO] [u_station_ab_night_autotune_v1] __main__: FILTER_PASS token=VIRTUAL tier=A score=85 mode=YELLOW risk=MEDIUM liq=7185437 vol5m=2952
2026-02-26 15:10:15,272 [INFO] [u_station_ab_night_autotune_v1] __main__: V2_QUALITY_GATE enabled=True regime=YELLOW in=3 out=3 core_out=1 explore_out=2 probe_out=0 quota=2 max_symbol_share=0.333 drop={'source_budget': 1, 'duplicate_address': 2} sources_used={'watchlist': 3}
2026-02-26 15:10:15,274 [INFO] [u_station_ab_night_autotune_v1] __main__: V2_ENTRY_ROUTE enabled=True regime=YELLOW in=3 out=2 core_out=1 explore_out=1 quota=1 allow_explore=True
2026-02-26 15:10:15,275 [INFO] [u_station_ab_night_autotune_v1] __main__: MARKET_REGIME mode=YELLOW reason=hysteresis_recover_wait 3/4 raw=GREEN avg_cand_recent=3.33
2026-02-26 15:10:15,277 [INFO] [u_station_ab_night_autotune_v1] trading.auto_trader: AutoTrade skip token=cbBTC reason=cooldown_left_473s
2026-02-26 15:10:15,278 [INFO] [u_station_ab_night_autotune_v1] trading.auto_trader: AutoTrade batch mode=top_n candidates=2 eligible=2 selected=1 opened=0 pe=off burst_window=0
2026-02-26 15:10:15,279 [INFO] [u_station_ab_night_autotune_v1] __main__: Scanned 3 tokens | High quality: 3 | Alerts sent: 0 | Trade candidates: 3 | Quality out/core/explore/probe: 3/1/2/0 | Opened: 0 | Mode: local | Source: onchain+market | Policy: raw=OK/effective=OK(healthy | route=allow_all) | Regime: YELLOW(hysteresis_recover_wait 3/4 raw=GREEN) | Safety: checked=3 fail_closed=0 reasons=api_code_4029:3 | FiltersTop(session): safe_change_5m:3,score_min:3,safe_age:2,safe_liquidity:1 | Dedup: heavy_skip=0 override=0 | V2Budget: 3/280 | SourceQoS: enabled=1/in=3/out=3/dropped=0/active_cd=0/drops=none | Ingest: q=0/oldest=0.0s/drop_old=0/dedup_skip=0/enq=0/drain=0 | Sources: dex_boosts:ok=1/fail=0/429=0/lim_wait=0/cd_wait=0/err=0.0%/avg=54ms; dexscreener:ok=10/fail=0/429=0/lim_wait=0/cd_wait=0/err=0.0%/avg=69ms | Tasks: 3 | RSS: 0.0MB | CycleAvg: 1.25s
2026-02-26 15:10:19,714 [INFO] [u_station_ab_night_autotune_v1] __main__: WATCHLIST merged count=3
2026-02-26 15:10:19,715 [INFO] [u_station_ab_night_autotune_v1] trading.v2_runtime: V2_UNIVERSE in=3 dedup=3 out=3 target=3 novel_target=3 novel_out=0 repeat_dropped=0 symbol_dropped=0 surge_in=0 surge_target=0 surge_out=0
2026-02-26 15:10:19,715 [INFO] [u_station_ab_night_autotune_v1] __main__: FILTER_PASS token=cbBTC tier=A score=100 mode=YELLOW risk=MEDIUM liq=19572137 vol5m=149326
2026-02-26 15:10:19,716 [INFO] [u_station_ab_night_autotune_v1] __main__: FILTER_PASS token=AERO tier=A score=100 mode=YELLOW risk=MEDIUM liq=1344354 vol5m=15392
2026-02-26 15:10:19,717 [INFO] [u_station_ab_night_autotune_v1] __main__: FILTER_PASS token=VIRTUAL tier=A score=85 mode=YELLOW risk=MEDIUM liq=7185437 vol5m=2952
2026-02-26 15:10:19,719 [INFO] [u_station_ab_night_autotune_v1] __main__: V2_QUALITY_GATE enabled=True regime=GREEN in=3 out=3 core_out=1 explore_out=2 probe_out=0 quota=2 max_symbol_share=0.333 drop={'source_budget': 1, 'duplicate_address': 2} sources_used={'watchlist': 3}
2026-02-26 15:10:19,720 [INFO] [u_station_ab_night_autotune_v1] __main__: V2_ENTRY_ROUTE enabled=True regime=GREEN in=3 out=2 core_out=1 explore_out=1 quota=1 allow_explore=True
2026-02-26 15:10:19,720 [INFO] [u_station_ab_night_autotune_v1] __main__: MARKET_REGIME mode=GREEN reason=avg_cand=3.25 avg_cand_recent=3.25
2026-02-26 15:10:19,721 [WARNING] [u_station_ab_night_autotune_v1] monitor.local_alerter: Local event symbol=MARKET_MODE reco=GREEN risk=INFO
2026-02-26 15:10:19,723 [INFO] [u_station_ab_night_autotune_v1] trading.auto_trader: AutoTrade skip token=cbBTC reason=cooldown_left_468s
2026-02-26 15:10:19,724 [INFO] [u_station_ab_night_autotune_v1] trading.auto_trader: AutoTrade batch mode=top_n candidates=2 eligible=2 selected=1 opened=0 pe=off burst_window=0
2026-02-26 15:10:19,725 [INFO] [u_station_ab_night_autotune_v1] __main__: Scanned 3 tokens | High quality: 3 | Alerts sent: 0 | Trade candidates: 3 | Quality out/core/explore/probe: 3/1/2/0 | Opened: 0 | Mode: local | Source: onchain+market | Policy: raw=OK/effective=OK(healthy | route=allow_all) | Regime: GREEN(avg_cand=3.25) | Safety: checked=3 fail_closed=0 reasons=api_code_4029:3 | FiltersTop(session): safe_change_5m:3,score_min:3,safe_age:2,safe_liquidity:1 | Dedup: heavy_skip=0 override=0 | V2Budget: 3/280 | SourceQoS: enabled=1/in=3/out=3/dropped=0/active_cd=0/drops=none | Ingest: q=0/oldest=0.0s/drop_old=0/dedup_skip=0/enq=0/drain=0 | Sources: dex_boosts:ok=1/fail=0/429=0/lim_wait=0/cd_wait=0/err=0.0%/avg=44ms; dexscreener:ok=10/fail=0/429=0/lim_wait=0/cd_wait=0/err=0.0%/avg=49ms | Tasks: 3 | RSS: 0.0MB | CycleAvg: 0.98s
2026-02-26 15:10:24,026 [INFO] [u_station_ab_night_autotune_v1] monitor.onchain_factory: PAIR_DETECTED source=uniswap_v2 dex=uniswap_v2 pair=0x88e66250efb4101f776bf4dbc60fddd7d735aac8 token0=0x3a49f813372c2fa79d1b1521863334e22215963c token1=0x4200000000000000000000000000000000000006 block=42662835 factory=0x8909dc15e40173ff4699343b6eb8132c65e18ec6
2026-02-26 15:10:24,915 [INFO] [u_station_ab_night_autotune_v1] monitor.onchain_factory: ENRICH_RETRY token=0x3a49f813372c2fa79d1b1521863334e22215963c pair=0x88e66250efb4101f776bf4dbc60fddd7d735aac8 attempt=1/2 delay=10s
2026-02-26 15:10:35,082 [INFO] [u_station_ab_night_autotune_v1] __main__: WATCHLIST merged count=3
2026-02-26 15:10:35,082 [INFO] [u_station_ab_night_autotune_v1] trading.v2_runtime: V2_UNIVERSE in=3 dedup=3 out=3 target=3 novel_target=3 novel_out=0 repeat_dropped=0 symbol_dropped=0 surge_in=0 surge_target=0 surge_out=0
2026-02-26 15:10:35,083 [INFO] [u_station_ab_night_autotune_v1] __main__: FILTER_PASS token=cbBTC tier=A score=100 mode=GREEN risk=MEDIUM liq=19572137 vol5m=149326
2026-02-26 15:10:35,085 [INFO] [u_station_ab_night_autotune_v1] __main__: FILTER_PASS token=AERO tier=A score=100 mode=GREEN risk=MEDIUM liq=1344354 vol5m=15392
2026-02-26 15:10:35,086 [INFO] [u_station_ab_night_autotune_v1] __main__: FILTER_PASS token=VIRTUAL tier=A score=85 mode=GREEN risk=MEDIUM liq=7185437 vol5m=2952
2026-02-26 15:10:35,088 [INFO] [u_station_ab_night_autotune_v1] __main__: V2_QUALITY_GATE enabled=True regime=GREEN in=3 out=3 core_out=1 explore_out=2 probe_out=0 quota=2 max_symbol_share=0.333 drop={'source_budget': 1, 'duplicate_address': 2} sources_used={'watchlist': 3}
2026-02-26 15:10:35,090 [INFO] [u_station_ab_night_autotune_v1] __main__: V2_ENTRY_ROUTE enabled=True regime=GREEN in=3 out=2 core_out=1 explore_out=1 quota=1 allow_explore=True
2026-02-26 15:10:35,091 [INFO] [u_station_ab_night_autotune_v1] __main__: MARKET_REGIME mode=GREEN reason=avg_cand=3.20 avg_cand_recent=3.20
2026-02-26 15:10:35,092 [INFO] [u_station_ab_night_autotune_v1] trading.auto_trader: AutoTrade skip token=cbBTC reason=cooldown_left_453s
2026-02-26 15:10:35,093 [INFO] [u_station_ab_night_autotune_v1] trading.auto_trader: AutoTrade batch mode=top_n candidates=2 eligible=2 selected=1 opened=0 pe=off burst_window=0
2026-02-26 15:10:35,094 [INFO] [u_station_ab_night_autotune_v1] __main__: Scanned 3 tokens | High quality: 3 | Alerts sent: 0 | Trade candidates: 3 | Quality out/core/explore/probe: 3/1/2/0 | Opened: 0 | Mode: local | Source: onchain+market | Policy: raw=OK/effective=OK(healthy | route=allow_all) | Regime: GREEN(avg_cand=3.20) | Safety: checked=3 fail_closed=0 reasons=api_code_4029:3 | FiltersTop(session): safe_change_5m:3,score_min:3,safe_age:2,safe_liquidity:1 | Dedup: heavy_skip=0 override=0 | V2Budget: 3/280 | SourceQoS: enabled=1/in=3/out=3/dropped=0/active_cd=0/drops=none | Ingest: q=0/oldest=0.0s/drop_old=0/dedup_skip=0/enq=0/drain=0 | Sources: dex_boosts:ok=1/fail=0/429=0/lim_wait=0/cd_wait=0/err=0.0%/avg=75ms; dexscreener:ok=10/fail=0/429=0/lim_wait=0/cd_wait=0/err=0.0%/avg=55ms; onchain_enrich:ok=4/fail=0/429=0/lim_wait=0/cd_wait=0/err=0.0%/avg=202ms; onchain_weth_price:ok=1/fail=0/429=0/lim_wait=0/cd_wait=0/err=0.0%/avg=75ms | Tasks: 3 | RSS: 0.0MB | CycleAvg: 0.85s
2026-02-26 15:10:39,619 [INFO] [u_station_ab_night_autotune_v1] monitor.onchain_factory: ENRICH_RETRY token=0x3a49f813372c2fa79d1b1521863334e22215963c pair=0x88e66250efb4101f776bf4dbc60fddd7d735aac8 attempt=1/2 delay=10s
2026-02-26 15:10:49,722 [INFO] [u_station_ab_night_autotune_v1] __main__: WATCHLIST merged count=3
2026-02-26 15:10:49,723 [INFO] [u_station_ab_night_autotune_v1] trading.v2_runtime: V2_UNIVERSE in=3 dedup=3 out=3 target=3 novel_target=3 novel_out=0 repeat_dropped=0 symbol_dropped=0 surge_in=0 surge_target=0 surge_out=0
2026-02-26 15:10:49,723 [INFO] [u_station_ab_night_autotune_v1] __main__: FILTER_PASS token=cbBTC tier=A score=100 mode=GREEN risk=MEDIUM liq=19572137 vol5m=149326
2026-02-26 15:10:49,724 [INFO] [u_station_ab_night_autotune_v1] __main__: FILTER_PASS token=AERO tier=A score=100 mode=GREEN risk=MEDIUM liq=1344354 vol5m=15392
2026-02-26 15:10:49,726 [INFO] [u_station_ab_night_autotune_v1] __main__: FILTER_PASS token=VIRTUAL tier=A score=85 mode=GREEN risk=MEDIUM liq=7185437 vol5m=2952
2026-02-26 15:10:49,728 [INFO] [u_station_ab_night_autotune_v1] __main__: V2_QUALITY_GATE enabled=True regime=GREEN in=3 out=3 core_out=1 explore_out=2 probe_out=0 quota=2 max_symbol_share=0.333 drop={'source_budget': 1, 'duplicate_address': 2} sources_used={'watchlist': 3}
2026-02-26 15:10:49,730 [INFO] [u_station_ab_night_autotune_v1] __main__: V2_ENTRY_ROUTE enabled=True regime=GREEN in=3 out=2 core_out=1 explore_out=1 quota=1 allow_explore=True
2026-02-26 15:10:49,731 [INFO] [u_station_ab_night_autotune_v1] __main__: MARKET_REGIME mode=GREEN reason=avg_cand=3.17 avg_cand_recent=3.17
2026-02-26 15:10:49,733 [INFO] [u_station_ab_night_autotune_v1] trading.auto_trader: AutoTrade skip token=cbBTC reason=cooldown_left_438s
2026-02-26 15:10:49,734 [INFO] [u_station_ab_night_autotune_v1] trading.auto_trader: AutoTrade batch mode=top_n candidates=2 eligible=2 selected=1 opened=0 pe=off burst_window=0
2026-02-26 15:10:49,735 [INFO] [u_station_ab_night_autotune_v1] __main__: Scanned 3 tokens | High quality: 3 | Alerts sent: 0 | Trade candidates: 3 | Quality out/core/explore/probe: 3/1/2/0 | Opened: 0 | Mode: local | Source: onchain+market | Policy: raw=OK/effective=OK(healthy | route=allow_all) | Regime: GREEN(avg_cand=3.17) | Safety: checked=3 fail_closed=0 reasons=api_code_4029:3 | FiltersTop(session): safe_change_5m:3,score_min:3,safe_age:2,safe_liquidity:1 | Dedup: heavy_skip=0 override=0 | V2Budget: 3/280 | SourceQoS: enabled=1/in=3/out=3/dropped=0/active_cd=0/drops=none | Ingest: q=0/oldest=0.0s/drop_old=0/dedup_skip=0/enq=0/drain=0 | Sources: dex_boosts:ok=1/fail=0/429=0/lim_wait=0/cd_wait=0/err=0.0%/avg=108ms; dexscreener:ok=10/fail=0/429=0/lim_wait=0/cd_wait=0/err=0.0%/avg=279ms; onchain_enrich:ok=4/fail=0/429=0/lim_wait=0/cd_wait=0/err=0.0%/avg=45ms | Tasks: 3 | RSS: 0.0MB | CycleAvg: 2.95s
2026-02-26 15:10:54,303 [INFO] [u_station_ab_night_autotune_v1] monitor.onchain_factory: ENRICH_RETRY token=0x3a49f813372c2fa79d1b1521863334e22215963c pair=0x88e66250efb4101f776bf4dbc60fddd7d735aac8 attempt=1/2 delay=10s
2026-02-26 15:11:04,515 [INFO] [u_station_ab_night_autotune_v1] __main__: WATCHLIST merged count=3
2026-02-26 15:11:04,516 [INFO] [u_station_ab_night_autotune_v1] trading.v2_runtime: V2_UNIVERSE in=4 dedup=4 out=4 target=4 novel_target=3 novel_out=1 repeat_dropped=0 symbol_dropped=0 surge_in=0 surge_target=0 surge_out=0
2026-02-26 15:11:04,517 [INFO] [u_station_ab_night_autotune_v1] __main__: FILTER_PASS token=cbBTC tier=A score=100 mode=GREEN risk=MEDIUM liq=19572137 vol5m=149326
2026-02-26 15:11:04,518 [INFO] [u_station_ab_night_autotune_v1] __main__: FILTER_PASS token=AERO tier=A score=100 mode=GREEN risk=MEDIUM liq=1344354 vol5m=15392
2026-02-26 15:11:04,519 [INFO] [u_station_ab_night_autotune_v1] __main__: FILTER_PASS token=VIRTUAL tier=A score=85 mode=GREEN risk=MEDIUM liq=7185437 vol5m=2952
2026-02-26 15:11:04,520 [INFO] [u_station_ab_night_autotune_v1] __main__: FILTER_FAIL token=CHARLES reason=score_min score=20 strict_min=48 soft_min=48 mode=GREEN
2026-02-26 15:11:04,522 [INFO] [u_station_ab_night_autotune_v1] __main__: V2_QUALITY_GATE enabled=True regime=GREEN in=3 out=3 core_out=1 explore_out=2 probe_out=0 quota=2 max_symbol_share=0.333 drop={'source_budget': 1, 'duplicate_address': 2} sources_used={'watchlist': 3}
2026-02-26 15:11:04,524 [INFO] [u_station_ab_night_autotune_v1] __main__: V2_ENTRY_ROUTE enabled=True regime=GREEN in=3 out=2 core_out=1 explore_out=1 quota=1 allow_explore=True
2026-02-26 15:11:04,525 [INFO] [u_station_ab_night_autotune_v1] __main__: MARKET_REGIME mode=GREEN reason=avg_cand=3.14 avg_cand_recent=3.14
2026-02-26 15:11:04,526 [INFO] [u_station_ab_night_autotune_v1] trading.auto_trader: AutoTrade skip token=cbBTC reason=cooldown_left_424s
2026-02-26 15:11:04,527 [INFO] [u_station_ab_night_autotune_v1] trading.auto_trader: AutoTrade batch mode=top_n candidates=2 eligible=2 selected=1 opened=0 pe=off burst_window=0
2026-02-26 15:11:04,528 [INFO] [u_station_ab_night_autotune_v1] trading.auto_trader: PAPER_SUMMARY window=60s closed_delta=0 wins_delta=0 losses_delta=0 realized_delta=$0.00 total_closed=19 winrate_total=15.8% realized_total=$0.01 balance=$7.01 equity=$7.01 open=0
2026-02-26 15:11:04,530 [INFO] [u_station_ab_night_autotune_v1] __main__: Scanned 4 tokens | High quality: 3 | Alerts sent: 0 | Trade candidates: 3 | Quality out/core/explore/probe: 3/1/2/0 | Opened: 0 | Mode: local | Source: onchain+market | Policy: raw=OK/effective=OK(healthy | route=allow_all) | Regime: GREEN(avg_cand=3.14) | Safety: checked=3 fail_closed=0 reasons=api_code_4029:3 | FiltersTop(session): score_min:4,safe_change_5m:3,safe_age:2,safe_liquidity:1 | Dedup: heavy_skip=0 override=0 | V2Budget: 3/280 | SourceQoS: enabled=1/in=4/out=4/dropped=0/active_cd=0/drops=none | Ingest: q=0/oldest=0.0s/drop_old=0/dedup_skip=0/enq=0/drain=0 | Sources: dex_boosts:ok=1/fail=0/429=0/lim_wait=0/cd_wait=0/err=0.0%/avg=34ms; dexscreener:ok=10/fail=0/429=0/lim_wait=0/cd_wait=0/err=0.0%/avg=87ms; onchain_enrich:ok=3/fail=0/429=0/lim_wait=0/cd_wait=0/err=0.0%/avg=106ms | Tasks: 3 | RSS: 0.0MB | CycleAvg: 4.23s
2026-02-26 15:11:09,091 [INFO] [u_station_ab_night_autotune_v1] __main__: WATCHLIST merged count=3
2026-02-26 15:11:09,091 [INFO] [u_station_ab_night_autotune_v1] trading.v2_runtime: V2_UNIVERSE in=3 dedup=3 out=3 target=3 novel_target=3 novel_out=0 repeat_dropped=0 symbol_dropped=0 surge_in=0 surge_target=0 surge_out=0
2026-02-26 15:11:09,092 [INFO] [u_station_ab_night_autotune_v1] __main__: FILTER_PASS token=cbBTC tier=A score=100 mode=GREEN risk=MEDIUM liq=19572137 vol5m=149326
2026-02-26 15:11:09,093 [INFO] [u_station_ab_night_autotune_v1] __main__: FILTER_PASS token=AERO tier=A score=100 mode=GREEN risk=MEDIUM liq=1344354 vol5m=15392
2026-02-26 15:11:09,095 [INFO] [u_station_ab_night_autotune_v1] __main__: FILTER_PASS token=VIRTUAL tier=A score=85 mode=GREEN risk=MEDIUM liq=7185437 vol5m=2952
2026-02-26 15:11:09,096 [INFO] [u_station_ab_night_autotune_v1] __main__: V2_QUALITY_GATE enabled=True regime=GREEN in=3 out=3 core_out=1 explore_out=2 probe_out=0 quota=2 max_symbol_share=0.333 drop={'source_budget': 1, 'duplicate_address': 2} sources_used={'watchlist': 3}
2026-02-26 15:11:09,099 [INFO] [u_station_ab_night_autotune_v1] __main__: V2_ENTRY_ROUTE enabled=True regime=GREEN in=3 out=2 core_out=1 explore_out=1 quota=1 allow_explore=True
2026-02-26 15:11:09,099 [INFO] [u_station_ab_night_autotune_v1] __main__: MARKET_REGIME mode=GREEN reason=avg_cand=3.12 avg_cand_recent=3.12
2026-02-26 15:11:09,101 [INFO] [u_station_ab_night_autotune_v1] trading.auto_trader: AutoTrade skip token=cbBTC reason=cooldown_left_419s
2026-02-26 15:11:09,102 [INFO] [u_station_ab_night_autotune_v1] trading.auto_trader: AutoTrade batch mode=top_n candidates=2 eligible=2 selected=1 opened=0 pe=off burst_window=0
2026-02-26 15:11:09,103 [INFO] [u_station_ab_night_autotune_v1] __main__: Scanned 3 tokens | High quality: 3 | Alerts sent: 0 | Trade candidates: 3 | Quality out/core/explore/probe: 3/1/2/0 | Opened: 0 | Mode: local | Source: onchain+market | Policy: raw=OK/effective=OK(healthy | route=allow_all) | Regime: GREEN(avg_cand=3.12) | Safety: checked=3 fail_closed=0 reasons=api_code_4029:3 | FiltersTop(session): score_min:4,safe_change_5m:3,safe_age:2,safe_liquidity:1 | Dedup: heavy_skip=0 override=0 | V2Budget: 3/280 | SourceQoS: enabled=1/in=3/out=3/dropped=0/active_cd=0/drops=none | Ingest: q=0/oldest=0.0s/drop_old=0/dedup_skip=0/enq=0/drain=0 | Sources: dex_boosts:ok=1/fail=0/429=0/lim_wait=0/cd_wait=0/err=0.0%/avg=145ms; dexscreener:ok=10/fail=0/429=0/lim_wait=0/cd_wait=0/err=0.0%/avg=148ms | Tasks: 3 | RSS: 0.0MB | CycleAvg: 5.16s
2026-02-26 15:11:13,597 [INFO] [u_station_ab_night_autotune_v1] __main__: WATCHLIST merged count=3
2026-02-26 15:11:13,597 [INFO] [u_station_ab_night_autotune_v1] trading.v2_runtime: V2_UNIVERSE in=3 dedup=3 out=3 target=3 novel_target=3 novel_out=0 repeat_dropped=0 symbol_dropped=0 surge_in=0 surge_target=0 surge_out=0
2026-02-26 15:11:13,598 [INFO] [u_station_ab_night_autotune_v1] __main__: FILTER_PASS token=cbBTC tier=A score=100 mode=GREEN risk=MEDIUM liq=19572137 vol5m=149326
2026-02-26 15:11:13,599 [INFO] [u_station_ab_night_autotune_v1] __main__: FILTER_PASS token=AERO tier=A score=100 mode=GREEN risk=MEDIUM liq=1344354 vol5m=15392
2026-02-26 15:11:13,600 [INFO] [u_station_ab_night_autotune_v1] __main__: FILTER_PASS token=VIRTUAL tier=A score=85 mode=GREEN risk=MEDIUM liq=7185437 vol5m=2952
2026-02-26 15:11:13,602 [INFO] [u_station_ab_night_autotune_v1] __main__: V2_QUALITY_GATE enabled=True regime=GREEN in=3 out=3 core_out=1 explore_out=2 probe_out=0 quota=2 max_symbol_share=0.333 drop={'source_budget': 1, 'duplicate_address': 2} sources_used={'watchlist': 3}
2026-02-26 15:11:13,604 [INFO] [u_station_ab_night_autotune_v1] __main__: V2_ENTRY_ROUTE enabled=True regime=GREEN in=3 out=2 core_out=1 explore_out=1 quota=1 allow_explore=True
2026-02-26 15:11:13,605 [INFO] [u_station_ab_night_autotune_v1] __main__: MARKET_REGIME mode=GREEN reason=avg_cand=3.11 avg_cand_recent=3.11
2026-02-26 15:11:13,606 [INFO] [u_station_ab_night_autotune_v1] trading.auto_trader: AutoTrade skip token=cbBTC reason=cooldown_left_415s
2026-02-26 15:11:13,607 [INFO] [u_station_ab_night_autotune_v1] trading.auto_trader: AutoTrade batch mode=top_n candidates=2 eligible=2 selected=1 opened=0 pe=off burst_window=0
2026-02-26 15:11:13,608 [INFO] [u_station_ab_night_autotune_v1] __main__: Scanned 3 tokens | High quality: 3 | Alerts sent: 0 | Trade candidates: 3 | Quality out/core/explore/probe: 3/1/2/0 | Opened: 0 | Mode: local | Source: onchain+market | Policy: raw=OK/effective=OK(healthy | route=allow_all) | Regime: GREEN(avg_cand=3.11) | Safety: checked=3 fail_closed=0 reasons=api_code_4029:3 | FiltersTop(session): score_min:4,safe_change_5m:3,safe_age:2,safe_liquidity:1 | Dedup: heavy_skip=0 override=0 | V2Budget: 3/280 | SourceQoS: enabled=1/in=3/out=3/dropped=0/active_cd=0/drops=none | Ingest: q=0/oldest=0.0s/drop_old=0/dedup_skip=0/enq=0/drain=0 | Sources: dex_boosts:ok=1/fail=0/429=0/lim_wait=0/cd_wait=0/err=0.0%/avg=62ms; dexscreener:ok=10/fail=0/429=0/lim_wait=0/cd_wait=0/err=0.0%/avg=241ms | Tasks: 3 | RSS: 0.0MB | CycleAvg: 4.59s
2026-02-26 15:11:17,960 [INFO] [u_station_ab_night_autotune_v1] monitor.onchain_factory: PAIR_DETECTED source=uniswap_v2 dex=uniswap_v2 pair=0x53b9a0aab1649c1dabd52984a3c1e8b1240fa7e1 token0=0x0052a3b51572f3dd5b37e5528a8d691cd633963c token1=0x4200000000000000000000000000000000000006 block=42662862 factory=0x8909dc15e40173ff4699343b6eb8132c65e18ec6
2026-02-26 15:11:18,433 [INFO] [u_station_ab_night_autotune_v1] monitor.onchain_factory: ENRICH_RETRY token=0x0052a3b51572f3dd5b37e5528a8d691cd633963c pair=0x53b9a0aab1649c1dabd52984a3c1e8b1240fa7e1 attempt=1/2 delay=10s
2026-02-26 15:11:28,541 [INFO] [u_station_ab_night_autotune_v1] __main__: WATCHLIST merged count=3
2026-02-26 15:11:28,542 [INFO] [u_station_ab_night_autotune_v1] trading.v2_runtime: V2_UNIVERSE in=3 dedup=3 out=3 target=3 novel_target=3 novel_out=0 repeat_dropped=0 symbol_dropped=0 surge_in=0 surge_target=0 surge_out=0
2026-02-26 15:11:28,542 [INFO] [u_station_ab_night_autotune_v1] __main__: FILTER_PASS token=cbBTC tier=A score=100 mode=GREEN risk=MEDIUM liq=19572137 vol5m=149326
2026-02-26 15:11:28,543 [INFO] [u_station_ab_night_autotune_v1] __main__: FILTER_PASS token=AERO tier=A score=100 mode=GREEN risk=MEDIUM liq=1344354 vol5m=15392
2026-02-26 15:11:28,544 [INFO] [u_station_ab_night_autotune_v1] __main__: FILTER_PASS token=VIRTUAL tier=A score=85 mode=GREEN risk=MEDIUM liq=7185437 vol5m=2952
2026-02-26 15:11:28,546 [INFO] [u_station_ab_night_autotune_v1] __main__: V2_QUALITY_GATE enabled=True regime=GREEN in=3 out=3 core_out=1 explore_out=2 probe_out=0 quota=2 max_symbol_share=0.333 drop={'source_budget': 1, 'duplicate_address': 2} sources_used={'watchlist': 3}
2026-02-26 15:11:28,548 [INFO] [u_station_ab_night_autotune_v1] __main__: V2_ENTRY_ROUTE enabled=True regime=GREEN in=3 out=2 core_out=1 explore_out=1 quota=1 allow_explore=True
2026-02-26 15:11:28,549 [INFO] [u_station_ab_night_autotune_v1] __main__: MARKET_REGIME mode=GREEN reason=avg_cand=3.10 avg_cand_recent=3.10
2026-02-26 15:11:28,551 [INFO] [u_station_ab_night_autotune_v1] trading.auto_trader: AutoTrade skip token=cbBTC reason=cooldown_left_400s
2026-02-26 15:11:28,551 [INFO] [u_station_ab_night_autotune_v1] trading.auto_trader: AutoTrade batch mode=top_n candidates=2 eligible=2 selected=1 opened=0 pe=off burst_window=0
2026-02-26 15:11:28,553 [INFO] [u_station_ab_night_autotune_v1] __main__: Scanned 3 tokens | High quality: 3 | Alerts sent: 0 | Trade candidates: 3 | Quality out/core/explore/probe: 3/1/2/0 | Opened: 0 | Mode: local | Source: onchain+market | Policy: raw=OK/effective=OK(healthy | route=allow_all) | Regime: GREEN(avg_cand=3.10) | Safety: checked=3 fail_closed=0 reasons=api_code_4029:3 | FiltersTop(session): score_min:4,safe_change_5m:3,safe_age:2,safe_liquidity:1 | Dedup: heavy_skip=0 override=0 | V2Budget: 3/280 | SourceQoS: enabled=1/in=3/out=3/dropped=0/active_cd=0/drops=none | Ingest: q=6/oldest=8.7s/drop_old=0/dedup_skip=0/enq=6/drain=0 | Sources: dex_boosts:ok=1/fail=0/429=0/lim_wait=0/cd_wait=0/err=0.0%/avg=46ms; dexscreener:ok=10/fail=0/429=0/lim_wait=0/cd_wait=0/err=0.0%/avg=45ms; geckoterminal:ok=1/fail=0/429=0/lim_wait=0/cd_wait=0/err=0.0%/avg=282ms; onchain_enrich:ok=4/fail=0/429=0/lim_wait=0/cd_wait=0/err=0.0%/avg=107ms | Tasks: 3 | RSS: 0.0MB | CycleAvg: 4.14s
2026-02-26 15:11:32,852 [INFO] [u_station_ab_night_autotune_v1] monitor.onchain_factory: PAIR_DETECTED source=uniswap_v2 dex=uniswap_v2 pair=0xd1b8e152a9ebf446bb36a43a948466bd91cfbd9b token0=0x15dd55f5e0714e79e1fff54a3f368e75c29f22d6 token1=0x4200000000000000000000000000000000000006 block=42662864 factory=0x8909dc15e40173ff4699343b6eb8132c65e18ec6
2026-02-26 15:11:32,852 [INFO] [u_station_ab_night_autotune_v1] monitor.onchain_factory: PAIR_DETECTED source=uniswap_v2 dex=uniswap_v2 pair=0x3f9329e72b96af0185edbc3c8d890d312da5a0bc token0=0x4200000000000000000000000000000000000006 token1=0xc4d8b5f52ae5f3de0c6e9866a6c22aff7f4ff5cb block=42662870 factory=0x8909dc15e40173ff4699343b6eb8132c65e18ec6
2026-02-26 15:11:33,157 [INFO] [u_station_ab_night_autotune_v1] monitor.onchain_factory: ENRICH_RETRY token=0x0052a3b51572f3dd5b37e5528a8d691cd633963c pair=0x53b9a0aab1649c1dabd52984a3c1e8b1240fa7e1 attempt=1/2 delay=10s
2026-02-26 15:11:33,524 [INFO] [u_station_ab_night_autotune_v1] monitor.onchain_factory: ENRICH_RETRY token=0x15dd55f5e0714e79e1fff54a3f368e75c29f22d6 pair=0xd1b8e152a9ebf446bb36a43a948466bd91cfbd9b attempt=1/2 delay=10s
2026-02-26 15:11:33,632 [INFO] [u_station_ab_night_autotune_v1] monitor.onchain_factory: ENRICH_RETRY token=0xc4d8b5f52ae5f3de0c6e9866a6c22aff7f4ff5cb pair=0x3f9329e72b96af0185edbc3c8d890d312da5a0bc attempt=1/2 delay=10s
2026-02-26 15:11:43,705 [INFO] [u_station_ab_night_autotune_v1] __main__: WATCHLIST merged count=3
2026-02-26 15:11:43,706 [INFO] [u_station_ab_night_autotune_v1] trading.v2_runtime: V2_UNIVERSE in=9 dedup=9 out=9 target=9 novel_target=6 novel_out=6 repeat_dropped=0 symbol_dropped=0 surge_in=1 surge_target=1 surge_out=1
2026-02-26 15:11:43,707 [INFO] [u_station_ab_night_autotune_v1] __main__: FILTER_PASS token=cbBTC tier=A score=100 mode=GREEN risk=MEDIUM liq=19572137 vol5m=149326
2026-02-26 15:11:43,709 [INFO] [u_station_ab_night_autotune_v1] __main__: FILTER_FAIL token=Obscura reason=safe_age
2026-02-26 15:11:43,710 [INFO] [u_station_ab_night_autotune_v1] __main__: FILTER_FAIL token=AXIOM EMPLOYEE reason=safe_age
2026-02-26 15:11:43,711 [INFO] [u_station_ab_night_autotune_v1] __main__: FILTER_FAIL token=ASUR reason=safe_age
2026-02-26 15:11:43,711 [INFO] [u_station_ab_night_autotune_v1] __main__: FILTER_PASS token=AERO tier=A score=100 mode=GREEN risk=MEDIUM liq=1344354 vol5m=15392
2026-02-26 15:11:43,712 [INFO] [u_station_ab_night_autotune_v1] __main__: FILTER_FAIL token=XCASH reason=score_min score=30 strict_min=48 soft_min=48 mode=GREEN
2026-02-26 15:11:43,713 [INFO] [u_station_ab_night_autotune_v1] __main__: FILTER_PASS token=VIRTUAL tier=A score=85 mode=GREEN risk=MEDIUM liq=7185437 vol5m=2952
2026-02-26 15:11:43,714 [INFO] [u_station_ab_night_autotune_v1] __main__: FILTER_FAIL token=BROOX reason=score_min score=30 strict_min=48 soft_min=48 mode=GREEN
2026-02-26 15:11:43,715 [INFO] [u_station_ab_night_autotune_v1] __main__: FILTER_FAIL token=MAX reason=safe_volume vol5m=0 min=9 regime=GREEN
2026-02-26 15:11:43,716 [INFO] [u_station_ab_night_autotune_v1] __main__: V2_QUALITY_GATE enabled=True regime=GREEN in=3 out=3 core_out=1 explore_out=2 probe_out=0 quota=2 max_symbol_share=0.333 drop={'source_budget': 1, 'duplicate_address': 2} sources_used={'watchlist': 3}
2026-02-26 15:11:43,718 [INFO] [u_station_ab_night_autotune_v1] __main__: V2_ENTRY_ROUTE enabled=True regime=GREEN in=3 out=2 core_out=1 explore_out=1 quota=1 allow_explore=True
2026-02-26 15:11:43,719 [INFO] [u_station_ab_night_autotune_v1] __main__: MARKET_REGIME mode=GREEN reason=avg_cand=3.09 avg_cand_recent=3.09
2026-02-26 15:11:43,720 [INFO] [u_station_ab_night_autotune_v1] trading.auto_trader: AutoTrade skip token=cbBTC reason=cooldown_left_384s
2026-02-26 15:11:43,721 [INFO] [u_station_ab_night_autotune_v1] trading.auto_trader: AutoTrade batch mode=top_n candidates=2 eligible=2 selected=1 opened=0 pe=off burst_window=0
2026-02-26 15:11:43,721 [INFO] [u_station_ab_night_autotune_v1] __main__: Scanned 9 tokens | High quality: 3 | Alerts sent: 0 | Trade candidates: 3 | Quality out/core/explore/probe: 3/1/2/0 | Opened: 0 | Mode: local | Source: onchain+market | Policy: raw=OK/effective=OK(healthy | route=allow_all) | Regime: GREEN(avg_cand=3.09) | Safety: checked=3 fail_closed=0 reasons=api_code_4029:3 | FiltersTop(session): score_min:6,safe_age:5,safe_change_5m:3,safe_liquidity:1 | Dedup: heavy_skip=0 override=0 | V2Budget: 3/280 | SourceQoS: enabled=1/in=9/out=9/dropped=0/active_cd=0/drops=none | Ingest: q=0/oldest=0.0s/drop_old=0/dedup_skip=0/enq=0/drain=6 | Sources: dex_boosts:ok=1/fail=0/429=0/lim_wait=0/cd_wait=0/err=0.0%/avg=37ms; dexscreener:ok=10/fail=0/429=0/lim_wait=0/cd_wait=0/err=0.0%/avg=91ms; onchain_enrich:ok=12/fail=0/429=0/lim_wait=0/cd_wait=0/err=0.0%/avg=129ms; onchain_weth_price:ok=1/fail=0/429=0/lim_wait=0/cd_wait=0/err=0.0%/avg=57ms | Tasks: 3 | RSS: 0.0MB | CycleAvg: 4.82s
2026-02-26 15:11:48,170 [INFO] [u_station_ab_night_autotune_v1] monitor.onchain_factory: PAIR_DETECTED source=uniswap_v3 dex=uniswap_v3 pair=0x60b52a0b20e034881c75da1b51bb25e5485b3088 token0=0x4200000000000000000000000000000000000006 token1=0xdbc6ce2739cb705daae43a9f80ecae72f3b6bfd0 block=42662875 factory=0x33128a8fc17869897dce68ed026d694621f6fdfd
2026-02-26 15:11:48,265 [INFO] [u_station_ab_night_autotune_v1] monitor.onchain_factory: ENRICH_RETRY token=0x0052a3b51572f3dd5b37e5528a8d691cd633963c pair=0x53b9a0aab1649c1dabd52984a3c1e8b1240fa7e1 attempt=1/2 delay=10s
2026-02-26 15:11:48,356 [INFO] [u_station_ab_night_autotune_v1] monitor.onchain_factory: ENRICH_RETRY token=0xc4d8b5f52ae5f3de0c6e9866a6c22aff7f4ff5cb pair=0x3f9329e72b96af0185edbc3c8d890d312da5a0bc attempt=1/2 delay=10s
2026-02-26 15:11:48,358 [INFO] [u_station_ab_night_autotune_v1] monitor.onchain_factory: ENRICH_RETRY token=0x15dd55f5e0714e79e1fff54a3f368e75c29f22d6 pair=0xd1b8e152a9ebf446bb36a43a948466bd91cfbd9b attempt=1/2 delay=10s
2026-02-26 15:11:48,469 [INFO] [u_station_ab_night_autotune_v1] monitor.onchain_factory: ENRICH_RETRY token=0xdbc6ce2739cb705daae43a9f80ecae72f3b6bfd0 pair=0x60b52a0b20e034881c75da1b51bb25e5485b3088 attempt=1/2 delay=10s
2026-02-26 15:11:58,534 [INFO] [u_station_ab_night_autotune_v1] __main__: WATCHLIST merged count=3
2026-02-26 15:11:58,534 [INFO] [u_station_ab_night_autotune_v1] trading.v2_runtime: V2_UNIVERSE in=4 dedup=4 out=4 target=4 novel_target=3 novel_out=1 repeat_dropped=0 symbol_dropped=0 surge_in=0 surge_target=0 surge_out=0
2026-02-26 15:11:58,534 [INFO] [u_station_ab_night_autotune_v1] __main__: FILTER_PASS token=cbBTC tier=A score=100 mode=GREEN risk=MEDIUM liq=19572137 vol5m=149326
2026-02-26 15:11:58,534 [INFO] [u_station_ab_night_autotune_v1] __main__: FILTER_PASS token=AERO tier=A score=100 mode=GREEN risk=MEDIUM liq=1344354 vol5m=15392
2026-02-26 15:11:58,534 [INFO] [u_station_ab_night_autotune_v1] __main__: FILTER_PASS token=VIRTUAL tier=A score=85 mode=GREEN risk=MEDIUM liq=7185437 vol5m=2952
2026-02-26 15:11:58,534 [INFO] [u_station_ab_night_autotune_v1] __main__: FILTER_FAIL token=CHARLES reason=score_min score=20 strict_min=48 soft_min=48 mode=GREEN
2026-02-26 15:11:58,534 [INFO] [u_station_ab_night_autotune_v1] __main__: V2_QUALITY_GATE enabled=True regime=GREEN in=3 out=3 core_out=1 explore_out=2 probe_out=0 quota=2 max_symbol_share=0.333 drop={'source_budget': 1, 'duplicate_address': 2} sources_used={'watchlist': 3}
2026-02-26 15:11:58,545 [INFO] [u_station_ab_night_autotune_v1] __main__: V2_ENTRY_ROUTE enabled=True regime=GREEN in=3 out=2 core_out=1 explore_out=1 quota=1 allow_explore=True
2026-02-26 15:11:58,546 [INFO] [u_station_ab_night_autotune_v1] __main__: MARKET_REGIME mode=GREEN reason=avg_cand=3.08 avg_cand_recent=3.08
2026-02-26 15:11:58,547 [INFO] [u_station_ab_night_autotune_v1] trading.auto_trader: AutoTrade skip token=cbBTC reason=cooldown_left_370s
2026-02-26 15:11:58,547 [INFO] [u_station_ab_night_autotune_v1] trading.auto_trader: AutoTrade batch mode=top_n candidates=2 eligible=2 selected=1 opened=0 pe=off burst_window=0
2026-02-26 15:11:58,548 [INFO] [u_station_ab_night_autotune_v1] __main__: Scanned 4 tokens | High quality: 3 | Alerts sent: 0 | Trade candidates: 3 | Quality out/core/explore/probe: 3/1/2/0 | Opened: 0 | Mode: local | Source: onchain+market | Policy: raw=OK/effective=OK(healthy | route=allow_all) | Regime: GREEN(avg_cand=3.08) | Safety: checked=3 fail_closed=0 reasons=api_code_4029:3 | FiltersTop(session): score_min:7,safe_age:5,safe_change_5m:3,safe_liquidity:1 | Dedup: heavy_skip=0 override=0 | V2Budget: 3/280 | SourceQoS: enabled=1/in=4/out=4/dropped=0/active_cd=0/drops=none | Ingest: q=0/oldest=0.0s/drop_old=0/dedup_skip=0/enq=0/drain=0 | Sources: dex_boosts:ok=1/fail=0/429=0/lim_wait=0/cd_wait=0/err=0.0%/avg=48ms; dexscreener:ok=10/fail=0/429=0/lim_wait=0/cd_wait=0/err=0.0%/avg=266ms; onchain_enrich:ok=15/fail=0/429=0/lim_wait=0/cd_wait=0/err=0.0%/avg=78ms | Tasks: 3 | RSS: 0.0MB | CycleAvg: 5.39s
2026-02-26 15:12:02,864 [INFO] [u_station_ab_night_autotune_v1] monitor.onchain_factory: PAIR_DETECTED source=uniswap_v2 dex=uniswap_v2 pair=0xbcb018c719a37b834c352b29fcf894fe2ea8c948 token0=0x1b3b2b4b6f9163fd1b1f3a535a2374ac1bb004e2 token1=0x4200000000000000000000000000000000000006 block=42662881 factory=0x8909dc15e40173ff4699343b6eb8132c65e18ec6
2026-02-26 15:12:03,078 [INFO] [u_station_ab_night_autotune_v1] monitor.onchain_factory: ENRICH_RETRY token=0x15dd55f5e0714e79e1fff54a3f368e75c29f22d6 pair=0xd1b8e152a9ebf446bb36a43a948466bd91cfbd9b attempt=1/2 delay=10s
2026-02-26 15:12:03,084 [INFO] [u_station_ab_night_autotune_v1] monitor.onchain_factory: ENRICH_RETRY token=0xc4d8b5f52ae5f3de0c6e9866a6c22aff7f4ff5cb pair=0x3f9329e72b96af0185edbc3c8d890d312da5a0bc attempt=1/2 delay=10s
2026-02-26 15:12:03,095 [INFO] [u_station_ab_night_autotune_v1] monitor.onchain_factory: ENRICH_RETRY token=0xdbc6ce2739cb705daae43a9f80ecae72f3b6bfd0 pair=0x60b52a0b20e034881c75da1b51bb25e5485b3088 attempt=1/2 delay=10s
2026-02-26 15:12:03,247 [INFO] [u_station_ab_night_autotune_v1] monitor.onchain_factory: ENRICH_RETRY token=0x1b3b2b4b6f9163fd1b1f3a535a2374ac1bb004e2 pair=0xbcb018c719a37b834c352b29fcf894fe2ea8c948 attempt=1/2 delay=10s
2026-02-26 15:12:13,683 [INFO] [u_station_ab_night_autotune_v1] __main__: WATCHLIST merged count=3
2026-02-26 15:12:13,683 [INFO] [u_station_ab_night_autotune_v1] trading.v2_runtime: V2_UNIVERSE in=4 dedup=4 out=4 target=4 novel_target=3 novel_out=1 repeat_dropped=0 symbol_dropped=0 surge_in=0 surge_target=0 surge_out=0
2026-02-26 15:12:13,684 [INFO] [u_station_ab_night_autotune_v1] __main__: FILTER_PASS token=cbBTC tier=A score=100 mode=GREEN risk=MEDIUM liq=19572137 vol5m=149326
2026-02-26 15:12:13,685 [INFO] [u_station_ab_night_autotune_v1] __main__: FILTER_PASS token=AERO tier=A score=100 mode=GREEN risk=MEDIUM liq=1344354 vol5m=15392
2026-02-26 15:12:13,686 [INFO] [u_station_ab_night_autotune_v1] __main__: FILTER_PASS token=VIRTUAL tier=A score=85 mode=GREEN risk=MEDIUM liq=7185437 vol5m=2952
2026-02-26 15:12:13,688 [INFO] [u_station_ab_night_autotune_v1] __main__: FILTER_FAIL token=FLUFY reason=safe_volume vol5m=2 min=9 regime=GREEN
2026-02-26 15:12:13,688 [INFO] [u_station_ab_night_autotune_v1] __main__: V2_QUALITY_GATE enabled=True regime=GREEN in=3 out=3 core_out=1 explore_out=2 probe_out=0 quota=2 max_symbol_share=0.333 drop={'source_budget': 1, 'duplicate_address': 2} sources_used={'watchlist': 3}
2026-02-26 15:12:13,690 [INFO] [u_station_ab_night_autotune_v1] __main__: V2_ENTRY_ROUTE enabled=True regime=GREEN in=3 out=2 core_out=1 explore_out=1 quota=1 allow_explore=True
2026-02-26 15:12:13,690 [INFO] [u_station_ab_night_autotune_v1] __main__: MARKET_REGIME mode=GREEN reason=avg_cand=3.00 avg_cand_recent=3.00
2026-02-26 15:12:13,691 [INFO] [u_station_ab_night_autotune_v1] trading.auto_trader: AutoTrade skip token=cbBTC reason=cooldown_left_354s
2026-02-26 15:12:13,692 [INFO] [u_station_ab_night_autotune_v1] trading.auto_trader: AutoTrade batch mode=top_n candidates=2 eligible=2 selected=1 opened=0 pe=off burst_window=0
2026-02-26 15:12:13,692 [INFO] [u_station_ab_night_autotune_v1] trading.auto_trader: PAPER_SUMMARY window=60s closed_delta=0 wins_delta=0 losses_delta=0 realized_delta=$0.00 total_closed=19 winrate_total=15.8% realized_total=$0.01 balance=$7.01 equity=$7.01 open=0
2026-02-26 15:12:13,693 [INFO] [u_station_ab_night_autotune_v1] __main__: Scanned 4 tokens | High quality: 3 | Alerts sent: 0 | Trade candidates: 3 | Quality out/core/explore/probe: 3/1/2/0 | Opened: 0 | Mode: local | Source: onchain+market | Policy: raw=OK/effective=OK(healthy | route=allow_all) | Regime: GREEN(avg_cand=3.00) | Safety: checked=3 fail_closed=0 reasons=api_code_4029:3 | FiltersTop(session): score_min:7,safe_age:5,safe_change_5m:3,safe_volume:2 | Dedup: heavy_skip=0 override=0 | V2Budget: 3/280 | SourceQoS: enabled=1/in=4/out=4/dropped=0/active_cd=0/drops=none | Ingest: q=0/oldest=0.0s/drop_old=0/dedup_skip=0/enq=0/drain=0 | Sources: dex_boosts:ok=1/fail=0/429=0/lim_wait=0/cd_wait=0/err=0.0%/avg=31ms; dexscreener:ok=10/fail=0/429=0/lim_wait=0/cd_wait=0/err=0.0%/avg=44ms; onchain_enrich:ok=15/fail=0/429=0/lim_wait=0/cd_wait=0/err=0.0%/avg=112ms | Tasks: 3 | RSS: 0.0MB | CycleAvg: 5.85s
2026-02-26 15:12:18,009 [INFO] [u_station_ab_night_autotune_v1] monitor.onchain_factory: PAIR_DETECTED source=uniswap_v2 dex=uniswap_v2 pair=0x8cd483fb57d372865ffdd9d93c0a68eece9908bd token0=0x4200000000000000000000000000000000000006 token1=0xc872b93385950573d645537e7f14cab540c3963c block=42662890 factory=0x8909dc15e40173ff4699343b6eb8132c65e18ec6
2026-02-26 15:12:18,220 [INFO] [u_station_ab_night_autotune_v1] monitor.onchain_factory: ENRICH_RETRY token=0xdbc6ce2739cb705daae43a9f80ecae72f3b6bfd0 pair=0x60b52a0b20e034881c75da1b51bb25e5485b3088 attempt=1/2 delay=10s
2026-02-26 15:12:18,240 [INFO] [u_station_ab_night_autotune_v1] monitor.onchain_factory: ENRICH_RETRY token=0x15dd55f5e0714e79e1fff54a3f368e75c29f22d6 pair=0xd1b8e152a9ebf446bb36a43a948466bd91cfbd9b attempt=1/2 delay=10s
2026-02-26 15:12:18,247 [INFO] [u_station_ab_night_autotune_v1] monitor.onchain_factory: ENRICH_RETRY token=0x1b3b2b4b6f9163fd1b1f3a535a2374ac1bb004e2 pair=0xbcb018c719a37b834c352b29fcf894fe2ea8c948 attempt=1/2 delay=10s
2026-02-26 15:12:18,531 [INFO] [u_station_ab_night_autotune_v1] monitor.onchain_factory: ENRICH_RETRY token=0xc872b93385950573d645537e7f14cab540c3963c pair=0x8cd483fb57d372865ffdd9d93c0a68eece9908bd attempt=1/2 delay=10s
2026-02-26 15:12:28,574 [INFO] [u_station_ab_night_autotune_v1] __main__: WATCHLIST merged count=3
2026-02-26 15:12:28,574 [INFO] [u_station_ab_night_autotune_v1] trading.v2_runtime: V2_UNIVERSE in=4 dedup=4 out=4 target=4 novel_target=3 novel_out=1 repeat_dropped=0 symbol_dropped=0 surge_in=0 surge_target=0 surge_out=0
2026-02-26 15:12:28,575 [INFO] [u_station_ab_night_autotune_v1] __main__: FILTER_PASS token=cbBTC tier=A score=100 mode=GREEN risk=MEDIUM liq=19572137 vol5m=149326
2026-02-26 15:12:28,576 [INFO] [u_station_ab_night_autotune_v1] __main__: FILTER_PASS token=AERO tier=A score=100 mode=GREEN risk=MEDIUM liq=1344354 vol5m=15392
2026-02-26 15:12:28,577 [INFO] [u_station_ab_night_autotune_v1] __main__: FILTER_FAIL token=MOODR reason=safe_age
2026-02-26 15:12:28,578 [INFO] [u_station_ab_night_autotune_v1] __main__: FILTER_PASS token=VIRTUAL tier=A score=85 mode=GREEN risk=MEDIUM liq=7185437 vol5m=2952
2026-02-26 15:12:28,579 [INFO] [u_station_ab_night_autotune_v1] __main__: V2_QUALITY_GATE enabled=True regime=GREEN in=3 out=3 core_out=1 explore_out=2 probe_out=0 quota=2 max_symbol_share=0.333 drop={'source_budget': 1, 'duplicate_address': 2} sources_used={'watchlist': 3}
2026-02-26 15:12:28,581 [INFO] [u_station_ab_night_autotune_v1] __main__: V2_ENTRY_ROUTE enabled=True regime=GREEN in=3 out=2 core_out=1 explore_out=1 quota=1 allow_explore=True
2026-02-26 15:12:28,581 [INFO] [u_station_ab_night_autotune_v1] __main__: MARKET_REGIME mode=GREEN reason=avg_cand=3.00 avg_cand_recent=3.00
2026-02-26 15:12:28,584 [INFO] [u_station_ab_night_autotune_v1] trading.auto_trader: AutoTrade skip token=cbBTC reason=cooldown_left_340s
2026-02-26 15:12:28,585 [INFO] [u_station_ab_night_autotune_v1] trading.auto_trader: AutoTrade batch mode=top_n candidates=2 eligible=2 selected=1 opened=0 pe=off burst_window=0
2026-02-26 15:12:28,586 [INFO] [u_station_ab_night_autotune_v1] __main__: Scanned 4 tokens | High quality: 3 | Alerts sent: 0 | Trade candidates: 3 | Quality out/core/explore/probe: 3/1/2/0 | Opened: 0 | Mode: local | Source: onchain+market | Policy: raw=OK/effective=OK(healthy | route=allow_all) | Regime: GREEN(avg_cand=3.00) | Safety: checked=3 fail_closed=0 reasons=api_code_4029:3 | FiltersTop(session): score_min:7,safe_age:6,safe_change_5m:3,safe_volume:2 | Dedup: heavy_skip=0 override=0 | V2Budget: 3/280 | SourceQoS: enabled=1/in=4/out=4/dropped=0/active_cd=0/drops=none | Ingest: q=0/oldest=0.0s/drop_old=0/dedup_skip=0/enq=0/drain=0 | Sources: dex_boosts:ok=1/fail=0/429=0/lim_wait=0/cd_wait=0/err=0.0%/avg=143ms; dexscreener:ok=10/fail=0/429=0/lim_wait=0/cd_wait=0/err=0.0%/avg=125ms; onchain_enrich:ok=15/fail=0/429=0/lim_wait=0/cd_wait=0/err=0.0%/avg=100ms | Tasks: 3 | RSS: 0.0MB | CycleAvg: 6.25s
2026-02-26 15:12:32,925 [INFO] [u_station_ab_night_autotune_v1] monitor.onchain_factory: PAIR_DETECTED source=uniswap_v2 dex=uniswap_v2 pair=0x4154b227cb7f4685bc965b921a5e64124d923d1b token0=0x4200000000000000000000000000000000000006 token1=0xaeea3dae485055f95ae4d19ad0afa1361817eb07 block=42662895 factory=0x8909dc15e40173ff4699343b6eb8132c65e18ec6
2026-02-26 15:12:33,139 [INFO] [u_station_ab_night_autotune_v1] monitor.onchain_factory: ENRICH_RETRY token=0x1b3b2b4b6f9163fd1b1f3a535a2374ac1bb004e2 pair=0xbcb018c719a37b834c352b29fcf894fe2ea8c948 attempt=1/2 delay=10s
2026-02-26 15:12:33,139 [INFO] [u_station_ab_night_autotune_v1] monitor.onchain_factory: ENRICH_RETRY token=0xc872b93385950573d645537e7f14cab540c3963c pair=0x8cd483fb57d372865ffdd9d93c0a68eece9908bd attempt=1/2 delay=10s
2026-02-26 15:12:33,149 [INFO] [u_station_ab_night_autotune_v1] monitor.onchain_factory: ENRICH_RETRY token=0x15dd55f5e0714e79e1fff54a3f368e75c29f22d6 pair=0xd1b8e152a9ebf446bb36a43a948466bd91cfbd9b attempt=1/2 delay=10s
2026-02-26 15:12:33,585 [INFO] [u_station_ab_night_autotune_v1] monitor.onchain_factory: ENRICH_RETRY token=0xaeea3dae485055f95ae4d19ad0afa1361817eb07 pair=0x4154b227cb7f4685bc965b921a5e64124d923d1b attempt=1/2 delay=10s
2026-02-26 15:12:43,764 [INFO] [u_station_ab_night_autotune_v1] __main__: WATCHLIST merged count=3
2026-02-26 15:12:43,765 [INFO] [u_station_ab_night_autotune_v1] trading.v2_runtime: V2_UNIVERSE in=4 dedup=4 out=4 target=4 novel_target=3 novel_out=1 repeat_dropped=0 symbol_dropped=0 surge_in=0 surge_target=0 surge_out=0
2026-02-26 15:12:43,766 [INFO] [u_station_ab_night_autotune_v1] __main__: FILTER_PASS token=cbBTC tier=A score=100 mode=GREEN risk=MEDIUM liq=19572137 vol5m=149326
2026-02-26 15:12:43,767 [INFO] [u_station_ab_night_autotune_v1] __main__: FILTER_PASS token=AERO tier=A score=100 mode=GREEN risk=MEDIUM liq=1344354 vol5m=15392
2026-02-26 15:12:43,769 [INFO] [u_station_ab_night_autotune_v1] __main__: FILTER_FAIL token=GAGGLE reason=score_min score=20 strict_min=48 soft_min=48 mode=GREEN
2026-02-26 15:12:43,770 [INFO] [u_station_ab_night_autotune_v1] __main__: FILTER_PASS token=VIRTUAL tier=A score=85 mode=GREEN risk=MEDIUM liq=7185437 vol5m=2952
2026-02-26 15:12:43,772 [INFO] [u_station_ab_night_autotune_v1] __main__: V2_QUALITY_GATE enabled=True regime=GREEN in=3 out=3 core_out=1 explore_out=2 probe_out=0 quota=2 max_symbol_share=0.333 drop={'source_budget': 1, 'duplicate_address': 2} sources_used={'watchlist': 3}
2026-02-26 15:12:43,774 [INFO] [u_station_ab_night_autotune_v1] __main__: V2_ENTRY_ROUTE enabled=True regime=GREEN in=3 out=2 core_out=1 explore_out=1 quota=1 allow_explore=True
2026-02-26 15:12:43,775 [INFO] [u_station_ab_night_autotune_v1] __main__: MARKET_REGIME mode=GREEN reason=avg_cand=3.00 avg_cand_recent=3.00
2026-02-26 15:12:43,776 [INFO] [u_station_ab_night_autotune_v1] trading.auto_trader: AutoTrade skip token=cbBTC reason=cooldown_left_324s
2026-02-26 15:12:43,777 [INFO] [u_station_ab_night_autotune_v1] trading.auto_trader: AutoTrade batch mode=top_n candidates=2 eligible=2 selected=1 opened=0 pe=off burst_window=0
2026-02-26 15:12:43,778 [INFO] [u_station_ab_night_autotune_v1] __main__: Scanned 4 tokens | High quality: 3 | Alerts sent: 0 | Trade candidates: 3 | Quality out/core/explore/probe: 3/1/2/0 | Opened: 0 | Mode: local | Source: onchain+market | Policy: raw=OK/effective=OK(healthy | route=allow_all) | Regime: GREEN(avg_cand=3.00) | Safety: checked=3 fail_closed=0 reasons=api_code_4029:3 | FiltersTop(session): score_min:8,safe_age:6,safe_change_5m:3,safe_volume:2 | Dedup: heavy_skip=0 override=0 | V2Budget: 3/280 | SourceQoS: enabled=1/in=4/out=4/dropped=0/active_cd=0/drops=none | Ingest: q=1/oldest=8.8s/drop_old=0/dedup_skip=0/enq=1/drain=0 | Sources: dex_boosts:ok=1/fail=0/429=0/lim_wait=0/cd_wait=0/err=0.0%/avg=61ms; dexscreener:ok=10/fail=0/429=0/lim_wait=0/cd_wait=0/err=0.0%/avg=241ms; geckoterminal:ok=1/fail=0/429=0/lim_wait=0/cd_wait=0/err=0.0%/avg=154ms; onchain_enrich:ok=15/fail=0/429=0/lim_wait=0/cd_wait=0/err=0.0%/avg=80ms; onchain_weth_price:ok=1/fail=0/429=0/lim_wait=0/cd_wait=0/err=0.0%/avg=72ms | Tasks: 3 | RSS: 0.0MB | CycleAvg: 6.58s
2026-02-26 15:12:48,293 [INFO] [u_station_ab_night_autotune_v1] monitor.onchain_factory: ENRICH_RETRY token=0xaeea3dae485055f95ae4d19ad0afa1361817eb07 pair=0x4154b227cb7f4685bc965b921a5e64124d923d1b attempt=1/2 delay=10s
2026-02-26 15:12:48,302 [INFO] [u_station_ab_night_autotune_v1] monitor.onchain_factory: ENRICH_RETRY token=0xc872b93385950573d645537e7f14cab540c3963c pair=0x8cd483fb57d372865ffdd9d93c0a68eece9908bd attempt=1/2 delay=10s
2026-02-26 15:12:48,561 [INFO] [u_station_ab_night_autotune_v1] monitor.onchain_factory: ENRICH_RETRY token=0x15dd55f5e0714e79e1fff54a3f368e75c29f22d6 pair=0xd1b8e152a9ebf446bb36a43a948466bd91cfbd9b attempt=1/2 delay=10s
2026-02-26 15:12:58,628 [INFO] [u_station_ab_night_autotune_v1] __main__: WATCHLIST merged count=3
2026-02-26 15:12:58,629 [INFO] [u_station_ab_night_autotune_v1] trading.v2_runtime: V2_UNIVERSE in=5 dedup=5 out=5 target=5 novel_target=4 novel_out=1 repeat_dropped=0 symbol_dropped=0 surge_in=0 surge_target=0 surge_out=0
2026-02-26 15:12:58,630 [INFO] [u_station_ab_night_autotune_v1] __main__: FILTER_PASS token=cbBTC tier=A score=100 mode=GREEN risk=MEDIUM liq=19572137 vol5m=149326
2026-02-26 15:12:58,631 [INFO] [u_station_ab_night_autotune_v1] __main__: FILTER_PASS token=AERO tier=A score=100 mode=GREEN risk=MEDIUM liq=1344354 vol5m=15392
2026-02-26 15:12:58,633 [INFO] [u_station_ab_night_autotune_v1] __main__: FILTER_PASS token=VIRTUAL tier=A score=85 mode=GREEN risk=MEDIUM liq=7185437 vol5m=2952
2026-02-26 15:12:58,634 [INFO] [u_station_ab_night_autotune_v1] __main__: FILTER_FAIL token=FLUFY reason=safe_volume vol5m=2 min=9 regime=GREEN
2026-02-26 15:12:58,636 [INFO] [u_station_ab_night_autotune_v1] __main__: FILTER_FAIL token=CHARLES reason=safe_volume vol5m=0 min=9 regime=GREEN
2026-02-26 15:12:58,637 [INFO] [u_station_ab_night_autotune_v1] __main__: V2_QUALITY_GATE enabled=True regime=GREEN in=3 out=3 core_out=1 explore_out=2 probe_out=0 quota=2 max_symbol_share=0.333 drop={'source_budget': 1, 'duplicate_address': 2} sources_used={'watchlist': 3}
2026-02-26 15:12:58,638 [INFO] [u_station_ab_night_autotune_v1] __main__: V2_ENTRY_ROUTE enabled=True regime=GREEN in=3 out=2 core_out=1 explore_out=1 quota=1 allow_explore=True
2026-02-26 15:12:58,639 [INFO] [u_station_ab_night_autotune_v1] __main__: MARKET_REGIME mode=GREEN reason=avg_cand=3.00 avg_cand_recent=3.00
2026-02-26 15:12:58,639 [INFO] [u_station_ab_night_autotune_v1] trading.auto_trader: AutoTrade skip token=cbBTC reason=cooldown_left_309s
2026-02-26 15:12:58,640 [INFO] [u_station_ab_night_autotune_v1] trading.auto_trader: AutoTrade batch mode=top_n candidates=2 eligible=2 selected=1 opened=0 pe=off burst_window=0
2026-02-26 15:12:58,641 [INFO] [u_station_ab_night_autotune_v1] __main__: Scanned 5 tokens | High quality: 3 | Alerts sent: 0 | Trade candidates: 3 | Quality out/core/explore/probe: 3/1/2/0 | Opened: 0 | Mode: local | Source: onchain+market | Policy: raw=OK/effective=OK(healthy | route=allow_all) | Regime: GREEN(avg_cand=3.00) | Safety: checked=3 fail_closed=0 reasons=api_code_4029:3 | FiltersTop(session): score_min:8,safe_age:6,safe_volume:4,safe_change_5m:3 | Dedup: heavy_skip=0 override=0 | V2Budget: 3/280 | SourceQoS: enabled=1/in=5/out=5/dropped=0/active_cd=0/drops=none | Ingest: q=0/oldest=0.0s/drop_old=0/dedup_skip=0/enq=0/drain=1 | Sources: dex_boosts:ok=1/fail=0/429=0/lim_wait=0/cd_wait=0/err=0.0%/avg=46ms; dexscreener:ok=10/fail=0/429=0/lim_wait=0/cd_wait=0/err=0.0%/avg=52ms; onchain_enrich:ok=11/fail=0/429=0/lim_wait=0/cd_wait=0/err=0.0%/avg=81ms | Tasks: 3 | RSS: 0.0MB | CycleAvg: 6.89s
2026-02-26 15:13:02,937 [INFO] [u_station_ab_night_autotune_v1] monitor.onchain_factory: PAIR_DETECTED source=uniswap_v2 dex=uniswap_v2 pair=0x8149038ddfff4c7a875db78207731721a78c1c73 token0=0x4200000000000000000000000000000000000006 token1=0xf2855e85c7fd241b784c9fd91d643aa5423b28f5 block=42662914 factory=0x8909dc15e40173ff4699343b6eb8132c65e18ec6
2026-02-26 15:13:03,160 [INFO] [u_station_ab_night_autotune_v1] monitor.onchain_factory: ENRICH_RETRY token=0xaeea3dae485055f95ae4d19ad0afa1361817eb07 pair=0x4154b227cb7f4685bc965b921a5e64124d923d1b attempt=1/2 delay=10s
2026-02-26 15:13:03,174 [INFO] [u_station_ab_night_autotune_v1] monitor.onchain_factory: ENRICH_RETRY token=0x15dd55f5e0714e79e1fff54a3f368e75c29f22d6 pair=0xd1b8e152a9ebf446bb36a43a948466bd91cfbd9b attempt=1/2 delay=10s
2026-02-26 15:13:03,405 [INFO] [u_station_ab_night_autotune_v1] monitor.onchain_factory: ENRICH_RETRY token=0xf2855e85c7fd241b784c9fd91d643aa5423b28f5 pair=0x8149038ddfff4c7a875db78207731721a78c1c73 attempt=1/2 delay=10s
2026-02-26 15:13:13,491 [INFO] [u_station_ab_night_autotune_v1] __main__: WATCHLIST merged count=3
2026-02-26 15:13:13,492 [INFO] [u_station_ab_night_autotune_v1] trading.v2_runtime: V2_UNIVERSE in=4 dedup=4 out=4 target=4 novel_target=3 novel_out=1 repeat_dropped=0 symbol_dropped=0 surge_in=0 surge_target=0 surge_out=0
2026-02-26 15:13:13,492 [INFO] [u_station_ab_night_autotune_v1] __main__: FILTER_PASS token=cbBTC tier=A score=100 mode=GREEN risk=MEDIUM liq=19572137 vol5m=149326
2026-02-26 15:13:13,493 [INFO] [u_station_ab_night_autotune_v1] __main__: FILTER_PASS token=AERO tier=A score=100 mode=GREEN risk=MEDIUM liq=1344354 vol5m=15392
2026-02-26 15:13:13,494 [INFO] [u_station_ab_night_autotune_v1] __main__: FILTER_PASS token=VIRTUAL tier=A score=85 mode=GREEN risk=MEDIUM liq=7185437 vol5m=2952
2026-02-26 15:13:13,495 [INFO] [u_station_ab_night_autotune_v1] __main__: FILTER_FAIL token=gnome reason=score_min score=40 strict_min=48 soft_min=48 mode=GREEN
2026-02-26 15:13:13,496 [INFO] [u_station_ab_night_autotune_v1] __main__: V2_QUALITY_GATE enabled=True regime=GREEN in=3 out=3 core_out=1 explore_out=2 probe_out=0 quota=2 max_symbol_share=0.333 drop={'source_budget': 1, 'duplicate_address': 2} sources_used={'watchlist': 3}
2026-02-26 15:13:13,498 [INFO] [u_station_ab_night_autotune_v1] __main__: V2_ENTRY_ROUTE enabled=True regime=GREEN in=3 out=2 core_out=1 explore_out=1 quota=1 allow_explore=True
2026-02-26 15:13:13,499 [INFO] [u_station_ab_night_autotune_v1] __main__: MARKET_REGIME mode=GREEN reason=avg_cand=3.00 avg_cand_recent=3.00
2026-02-26 15:13:13,500 [INFO] [u_station_ab_night_autotune_v1] trading.auto_trader: AutoTrade skip token=cbBTC reason=cooldown_left_295s
2026-02-26 15:13:13,500 [INFO] [u_station_ab_night_autotune_v1] trading.auto_trader: AutoTrade batch mode=top_n candidates=2 eligible=2 selected=1 opened=0 pe=off burst_window=0
2026-02-26 15:13:13,501 [INFO] [u_station_ab_night_autotune_v1] __main__: Scanned 4 tokens | High quality: 3 | Alerts sent: 0 | Trade candidates: 3 | Quality out/core/explore/probe: 3/1/2/0 | Opened: 0 | Mode: local | Source: onchain+market | Policy: raw=OK/effective=OK(healthy | route=allow_all) | Regime: GREEN(avg_cand=3.00) | Safety: checked=3 fail_closed=0 reasons=api_code_4029:3 | FiltersTop(session): score_min:9,safe_age:6,safe_volume:4,safe_change_5m:3 | Dedup: heavy_skip=0 override=0 | V2Budget: 3/280 | SourceQoS: enabled=1/in=4/out=4/dropped=0/active_cd=0/drops=none | Ingest: q=0/oldest=0.0s/drop_old=0/dedup_skip=0/enq=0/drain=0 | Sources: dex_boosts:ok=1/fail=0/429=0/lim_wait=0/cd_wait=0/err=0.0%/avg=53ms; dexscreener:ok=10/fail=0/429=0/lim_wait=0/cd_wait=0/err=0.0%/avg=50ms; onchain_enrich:ok=11/fail=0/429=0/lim_wait=0/cd_wait=0/err=0.0%/avg=70ms | Tasks: 3 | RSS: 0.0MB | CycleAvg: 7.14s
2026-02-26 15:13:18,061 [INFO] [u_station_ab_night_autotune_v1] monitor.onchain_factory: ENRICH_RETRY token=0xf2855e85c7fd241b784c9fd91d643aa5423b28f5 pair=0x8149038ddfff4c7a875db78207731721a78c1c73 attempt=1/2 delay=10s
2026-02-26 15:13:18,064 [INFO] [u_station_ab_night_autotune_v1] monitor.onchain_factory: ENRICH_RETRY token=0x15dd55f5e0714e79e1fff54a3f368e75c29f22d6 pair=0xd1b8e152a9ebf446bb36a43a948466bd91cfbd9b attempt=1/2 delay=10s
