2026-02-26 16:27:46,046 [INFO] [u_station_ab_night_autotune_v1] __main__: SESSION_LOG file=logs/matrix/u_station_ab_night_autotune_v1\sessions\main_local_20260226_152746_pid15248.log
2026-02-26 16:27:46,082 [INFO] [u_station_ab_night_autotune_v1] trading.auto_trader_state: AutoTrade state loaded open=0 closed=35 balance=$7.37
2026-02-26 16:27:46,094 [WARNING] [u_station_ab_night_autotune_v1] trading.auto_trader: DATA_POLICY mode=OK reason=init_reset_manual prev_mode=OK prev_reason=healthy | route=allow_all
2026-02-26 16:27:46,095 [INFO] [u_station_ab_night_autotune_v1] __main__: AUTOTRADER_INIT state=ready reason=manual mode=paper
2026-02-26 16:27:46,096 [INFO] [u_station_ab_night_autotune_v1] __main__: Local mode started (Telegram disabled).
2026-02-26 16:27:46,586 [INFO] [u_station_ab_night_autotune_v1] monitor.onchain_factory: PAIR_DETECTED source=uniswap_v2 dex=uniswap_v2 pair=0xefac63cb67eb244edd78277d17c4ea2d766d1c6f token0=0x4200000000000000000000000000000000000006 token1=0x43fb6105797c565847a362d9bf83e736bf50eb07 block=42665154 factory=0x8909dc15e40173ff4699343b6eb8132c65e18ec6
2026-02-26 16:27:47,020 [INFO] [u_station_ab_night_autotune_v1] monitor.onchain_factory: ENRICH_RETRY token=0x43fb6105797c565847a362d9bf83e736bf50eb07 pair=0xefac63cb67eb244edd78277d17c4ea2d766d1c6f attempt=1/2 delay=10s
2026-02-26 16:27:58,613 [INFO] [u_station_ab_night_autotune_v1] __main__: WATCHLIST merged count=3
2026-02-26 16:27:58,614 [INFO] [u_station_ab_night_autotune_v1] trading.v2_runtime: V2_UNIVERSE in=17 dedup=17 out=17 target=17 novel_target=15 novel_out=17 repeat_dropped=0 symbol_dropped=0 surge_in=3 surge_target=3 surge_out=3
2026-02-26 16:27:58,615 [INFO] [u_station_ab_night_autotune_v1] __main__: V2_SOURCE_QOS_FILTER in=17 out=14 drops={'source_qos_symbol_cap': 1, 'source_qos_cap': 2} caps={'geckoterminal': 287, 'watchlist': 1}
2026-02-26 16:27:58,616 [INFO] [u_station_ab_night_autotune_v1] __main__: FILTER_FAIL token=$bnkrella reason=source_qos_symbol_cap symbol=$BNKRELLA used=1/1
2026-02-26 16:27:58,616 [INFO] [u_station_ab_night_autotune_v1] __main__: FILTER_FAIL token=AERO reason=source_qos_cap source=watchlist used=1/1
2026-02-26 16:27:58,617 [INFO] [u_station_ab_night_autotune_v1] __main__: FILTER_FAIL token=VIRTUAL reason=source_qos_cap source=watchlist used=1/1
2026-02-26 16:27:58,618 [INFO] [u_station_ab_night_autotune_v1] __main__: FILTER_PASS token=cbBTC tier=A score=100 mode=YELLOW risk=MEDIUM liq=19334458 vol5m=649611
2026-02-26 16:27:58,620 [INFO] [u_station_ab_night_autotune_v1] __main__: FILTER_FAIL token=$bnkrella reason=safe_change_5m
2026-02-26 16:27:58,620 [INFO] [u_station_ab_night_autotune_v1] __main__: FILTER_PASS token=MONTRA tier=A score=80 mode=YELLOW risk=MEDIUM liq=29326 vol5m=7499
2026-02-26 16:27:58,622 [INFO] [u_station_ab_night_autotune_v1] monitor.local_alerter: Local alert token=MONTRA address=0xb4ba6c9f203cae301163a37b86b0120c3a5d4b07 score=80 reco=BUY risk=MEDIUM warnings=0 liq=29326 vol5m=7499
2026-02-26 16:27:58,623 [INFO] [u_station_ab_night_autotune_v1] __main__: FILTER_FAIL token=MONITOR reason=safe_change_5m
2026-02-26 16:27:58,624 [INFO] [u_station_ab_night_autotune_v1] __main__: FILTER_PASS token=MOLTD tier=A score=60 mode=YELLOW risk=MEDIUM liq=22812 vol5m=1416
2026-02-26 16:27:58,625 [INFO] [u_station_ab_night_autotune_v1] monitor.local_alerter: Local alert token=MOLTD address=0xa7492ca71632b75a020f1cdfa781769085e25b07 score=60 reco=HOLD risk=MEDIUM warnings=0 liq=22812 vol5m=1416
2026-02-26 16:27:58,625 [INFO] [u_station_ab_night_autotune_v1] __main__: FILTER_PASS token=WORK tier=A score=60 mode=YELLOW risk=MEDIUM liq=131520 vol5m=519
2026-02-26 16:27:58,626 [INFO] [u_station_ab_night_autotune_v1] monitor.local_alerter: Local alert token=WORK address=0xa979eb84ab80d3cc80f6f033405c1148dee7b873 score=60 reco=HOLD risk=MEDIUM warnings=0 liq=131520 vol5m=519
2026-02-26 16:27:58,627 [INFO] [u_station_ab_night_autotune_v1] __main__: FILTER_FAIL token=VITACLAW reason=safe_age
2026-02-26 16:27:58,627 [INFO] [u_station_ab_night_autotune_v1] __main__: FILTER_PASS token=ZAMA tier=A score=60 mode=YELLOW risk=MEDIUM liq=114691 vol5m=252
2026-02-26 16:27:58,628 [INFO] [u_station_ab_night_autotune_v1] monitor.local_alerter: Local alert token=ZAMA address=0x4104b5dda206d5e3583ea1363e9ad9ac2a5791e4 score=60 reco=HOLD risk=MEDIUM warnings=0 liq=114691 vol5m=252
2026-02-26 16:27:58,629 [INFO] [u_station_ab_night_autotune_v1] __main__: FILTER_FAIL token=ENDOR reason=safe_age
2026-02-26 16:27:58,630 [INFO] [u_station_ab_night_autotune_v1] __main__: FILTER_FAIL token=GAZER reason=score_min score=40 strict_min=48 soft_min=48 mode=YELLOW
2026-02-26 16:27:58,631 [INFO] [u_station_ab_night_autotune_v1] __main__: FILTER_FAIL token=PIPPNIUS reason=safe_contract
2026-02-26 16:27:58,632 [INFO] [u_station_ab_night_autotune_v1] __main__: FILTER_FAIL token=FRAME reason=score_min score=40 strict_min=48 soft_min=48 mode=YELLOW
2026-02-26 16:27:58,633 [INFO] [u_station_ab_night_autotune_v1] __main__: FILTER_FAIL token=CRED reason=safe_volume vol5m=0 min=6 regime=YELLOW
2026-02-26 16:27:58,634 [INFO] [u_station_ab_night_autotune_v1] __main__: FILTER_FAIL token=Punch reason=score_min score=40 strict_min=48 soft_min=48 mode=YELLOW
2026-02-26 16:27:58,635 [INFO] [u_station_ab_night_autotune_v1] trading.v2_runtime: V2_QUALITY_ROTATE symbols_core=1 symbols_cooldown=1 sources=1 top_core=SAIRI:0.0309/12 top_cooldown=CBBTC:-0.0003/14
2026-02-26 16:27:58,636 [INFO] [u_station_ab_night_autotune_v1] __main__: V2_QUALITY_GATE enabled=True regime=YELLOW in=5 out=4 core_out=0 explore_out=4 probe_out=0 quota=3 max_symbol_share=0.250 drop={'cooldown_bucket': 1, 'duplicate_address': 3} sources_used={'geckoterminal': 4}
2026-02-26 16:27:58,638 [INFO] [u_station_ab_night_autotune_v1] __main__: V2_ENTRY_ROUTE enabled=True regime=YELLOW in=4 out=3 core_out=1 explore_out=2 quota=2 allow_explore=True
2026-02-26 16:27:58,638 [WARNING] [u_station_ab_night_autotune_v1] trading.auto_trader: DATA_POLICY mode=OK reason=healthy | route=allow_all prev_mode=OK prev_reason=init_reset_manual
2026-02-26 16:27:58,638 [INFO] [u_station_ab_night_autotune_v1] __main__: MARKET_REGIME mode=YELLOW reason=hysteresis_recover_wait 1/4 raw=GREEN avg_cand_recent=5.00
2026-02-26 16:27:58,680 [INFO] [u_station_ab_night_autotune_v1] trading.auto_trader: AutoTrade adjust token=MONTRA reason=min_trade_floor size=$0.03->$0.10 min=$0.10
2026-02-26 16:27:58,681 [INFO] [u_station_ab_night_autotune_v1] trading.auto_trader: AutoTrade skip token=MONTRA reason=edge_low mode=both edge=-27.86% raw=-25.80% mult=1.08 min=0.05% probe_min=0.05% edge_usd=$-0.028 min_usd=$0.000 probe_min_usd=$0.000 size=$0.10 gross=4.80% costs=30.60% pwin=0.55 probe=- budget=0/1
2026-02-26 16:27:58,682 [INFO] [u_station_ab_night_autotune_v1] trading.auto_trader: AutoTrade batch mode=top_n candidates=3 eligible=1 selected=1 opened=0 pe=off burst_window=0
2026-02-26 16:27:58,684 [INFO] [u_station_ab_night_autotune_v1] __main__: FILTER_THRESHOLDS safe_volume_5m_min=$5 safe_liquidity_min=$8000 safe_age_min=240s score_min=48 edge_min=0.05% lock_floor=0.95 no_momentum_max_pnl=0.25 weakness_pnl=-2.60
2026-02-26 16:27:58,684 [INFO] [u_station_ab_night_autotune_v1] __main__: Scanned 17 tokens | High quality: 4 | Alerts sent: 4 | Trade candidates: 5 | Quality out/core/explore/probe: 4/0/4/0 | Opened: 0 | Mode: local | Source: onchain+market | Policy: raw=OK/effective=OK(healthy | route=allow_all) | Regime: YELLOW(hysteresis_recover_wait 1/4 raw=GREEN) | Safety: checked=6 fail_closed=0 reasons=api_code_4029:6 | FiltersTop(session): score_min:3,source_qos_cap:2,safe_change_5m:2,safe_age:2 | Dedup: heavy_skip=0 override=0 | V2Budget: 6/280 | SourceQoS: enabled=1/in=17/out=14/dropped=3/active_cd=0/drops=source_qos_cap:2,source_qos_symbol_cap:1 | Ingest: q=0/oldest=0.0s/drop_old=0/dedup_skip=0/enq=14/drain=14 | Sources: dex_boosts:ok=1/fail=0/429=0/lim_wait=0/cd_wait=0/err=0.0%/avg=142ms; dexscreener:ok=11/fail=0/429=0/lim_wait=0/cd_wait=0/err=0.0%/avg=267ms; geckoterminal:ok=2/fail=0/429=0/lim_wait=0/cd_wait=0/err=0.0%/avg=158ms; onchain_enrich:ok=4/fail=0/429=0/lim_wait=0/cd_wait=0/err=0.0%/avg=92ms; onchain_weth_price:ok=1/fail=0/429=0/lim_wait=0/cd_wait=0/err=0.0%/avg=66ms; watchlist_dex:ok=10/fail=0/429=0/lim_wait=0/cd_wait=0/err=0.0%/avg=92ms; watchlist_gecko:ok=6/fail=0/429=0/lim_wait=0/cd_wait=0/err=0.0%/avg=552ms | Tasks: 3 | RSS: 0.0MB | CycleAvg: 0.00s
2026-02-26 16:28:02,978 [INFO] [u_station_ab_night_autotune_v1] monitor.onchain_factory: PAIR_DETECTED source=uniswap_v2 dex=uniswap_v2 pair=0x1af3ab056ef97dbfdcb83706db6929e675bcd155 token0=0x4200000000000000000000000000000000000006 token1=0x617601e7011e8294a5d1e7221c4d856a5e6e1a85 block=42665164 factory=0x8909dc15e40173ff4699343b6eb8132c65e18ec6
2026-02-26 16:28:03,245 [INFO] [u_station_ab_night_autotune_v1] monitor.onchain_factory: ENRICH_RETRY token=0x43fb6105797c565847a362d9bf83e736bf50eb07 pair=0xefac63cb67eb244edd78277d17c4ea2d766d1c6f attempt=1/2 delay=10s
2026-02-26 16:28:03,642 [INFO] [u_station_ab_night_autotune_v1] monitor.onchain_factory: ENRICH_RETRY token=0x617601e7011e8294a5d1e7221c4d856a5e6e1a85 pair=0x1af3ab056ef97dbfdcb83706db6929e675bcd155 attempt=1/2 delay=10s
2026-02-26 16:28:13,725 [INFO] [u_station_ab_night_autotune_v1] __main__: WATCHLIST merged count=3
2026-02-26 16:28:13,725 [INFO] [u_station_ab_night_autotune_v1] trading.v2_runtime: V2_UNIVERSE in=3 dedup=3 out=3 target=3 novel_target=3 novel_out=0 repeat_dropped=0 symbol_dropped=0 surge_in=0 surge_target=0 surge_out=0
2026-02-26 16:28:13,728 [INFO] [u_station_ab_night_autotune_v1] __main__: V2_SOURCE_QOS_FILTER in=3 out=1 drops={'source_qos_cap': 2} caps={'watchlist': 1}
2026-02-26 16:28:13,730 [INFO] [u_station_ab_night_autotune_v1] __main__: FILTER_FAIL token=AERO reason=source_qos_cap source=watchlist used=1/1
2026-02-26 16:28:13,732 [INFO] [u_station_ab_night_autotune_v1] __main__: FILTER_FAIL token=VIRTUAL reason=source_qos_cap source=watchlist used=1/1
2026-02-26 16:28:13,732 [INFO] [u_station_ab_night_autotune_v1] __main__: FILTER_PASS token=cbBTC tier=A score=100 mode=YELLOW risk=MEDIUM liq=19334458 vol5m=649611
2026-02-26 16:28:13,734 [INFO] [u_station_ab_night_autotune_v1] __main__: V2_QUALITY_GATE enabled=True regime=YELLOW in=1 out=0 core_out=0 explore_out=0 probe_out=0 quota=0 max_symbol_share=0.000 drop={'cooldown_bucket': 1} sources_used={}
2026-02-26 16:28:13,735 [INFO] [u_station_ab_night_autotune_v1] __main__: MARKET_REGIME mode=YELLOW reason=hysteresis_recover_wait 2/4 raw=GREEN avg_cand_recent=3.00
2026-02-26 16:28:13,736 [INFO] [u_station_ab_night_autotune_v1] __main__: Scanned 3 tokens | High quality: 1 | Alerts sent: 0 | Trade candidates: 1 | Quality out/core/explore/probe: 0/0/0/0 | Opened: 0 | Mode: local | Source: onchain+market | Policy: raw=OK/effective=OK(healthy | route=allow_all) | Regime: YELLOW(hysteresis_recover_wait 2/4 raw=GREEN) | Safety: checked=1 fail_closed=0 reasons=api_code_4029:1 | FiltersTop(session): source_qos_cap:4,score_min:3,safe_change_5m:2,safe_age:2 | Dedup: heavy_skip=0 override=0 | V2Budget: 1/280 | SourceQoS: enabled=1/in=3/out=1/dropped=2/active_cd=0/drops=source_qos_cap:2 | Ingest: q=0/oldest=0.0s/drop_old=0/dedup_skip=0/enq=0/drain=0 | Sources: dex_boosts:ok=1/fail=0/429=0/lim_wait=0/cd_wait=0/err=0.0%/avg=129ms; dexscreener:ok=11/fail=0/429=0/lim_wait=0/cd_wait=0/err=0.0%/avg=99ms; onchain_enrich:ok=8/fail=0/429=0/lim_wait=0/cd_wait=0/err=0.0%/avg=100ms | Tasks: 3 | RSS: 0.0MB | CycleAvg: 12.59s
2026-02-26 16:28:18,269 [INFO] [u_station_ab_night_autotune_v1] monitor.onchain_factory: ENRICH_RETRY token=0x617601e7011e8294a5d1e7221c4d856a5e6e1a85 pair=0x1af3ab056ef97dbfdcb83706db6929e675bcd155 attempt=1/2 delay=10s
2026-02-26 16:28:28,371 [INFO] [u_station_ab_night_autotune_v1] __main__: WATCHLIST merged count=3
2026-02-26 16:28:28,371 [INFO] [u_station_ab_night_autotune_v1] trading.v2_runtime: V2_UNIVERSE in=4 dedup=4 out=4 target=4 novel_target=4 novel_out=1 repeat_dropped=0 symbol_dropped=0 surge_in=0 surge_target=0 surge_out=0
2026-02-26 16:28:28,371 [INFO] [u_station_ab_night_autotune_v1] __main__: V2_SOURCE_QOS_FILTER in=4 out=2 drops={'source_qos_cap': 2} caps={'unknown': 0, 'watchlist': 1}
2026-02-26 16:28:28,372 [INFO] [u_station_ab_night_autotune_v1] __main__: FILTER_FAIL token=AERO reason=source_qos_cap source=watchlist used=1/1
2026-02-26 16:28:28,374 [INFO] [u_station_ab_night_autotune_v1] __main__: FILTER_FAIL token=VIRTUAL reason=source_qos_cap source=watchlist used=1/1
2026-02-26 16:28:28,375 [INFO] [u_station_ab_night_autotune_v1] __main__: FILTER_PASS token=cbBTC tier=A score=100 mode=YELLOW risk=MEDIUM liq=19334458 vol5m=649611
2026-02-26 16:28:28,376 [INFO] [u_station_ab_night_autotune_v1] __main__: FILTER_FAIL token=AXIOM reason=score_min score=40 strict_min=48 soft_min=48 mode=YELLOW
2026-02-26 16:28:28,377 [INFO] [u_station_ab_night_autotune_v1] __main__: V2_QUALITY_GATE enabled=True regime=YELLOW in=1 out=0 core_out=0 explore_out=0 probe_out=0 quota=0 max_symbol_share=0.000 drop={'cooldown_bucket': 1} sources_used={}
2026-02-26 16:28:28,378 [INFO] [u_station_ab_night_autotune_v1] __main__: MARKET_REGIME mode=YELLOW reason=avg_cand=2.33 avg_cand_recent=2.33
2026-02-26 16:28:28,378 [INFO] [u_station_ab_night_autotune_v1] __main__: Scanned 4 tokens | High quality: 1 | Alerts sent: 0 | Trade candidates: 1 | Quality out/core/explore/probe: 0/0/0/0 | Opened: 0 | Mode: local | Source: onchain+market | Policy: raw=OK/effective=OK(healthy | route=allow_all) | Regime: YELLOW(avg_cand=2.33) | Safety: checked=1 fail_closed=0 reasons=api_code_4029:1 | FiltersTop(session): source_qos_cap:6,score_min:4,safe_change_5m:2,safe_age:2 | Dedup: heavy_skip=0 override=0 | V2Budget: 1/280 | SourceQoS: enabled=1/in=4/out=2/dropped=2/active_cd=0/drops=source_qos_cap:2 | Ingest: q=0/oldest=0.0s/drop_old=0/dedup_skip=0/enq=0/drain=0 | Sources: dex_boosts:ok=1/fail=0/429=0/lim_wait=0/cd_wait=0/err=0.0%/avg=44ms; dexscreener:ok=11/fail=0/429=0/lim_wait=0/cd_wait=0/err=0.0%/avg=247ms; onchain_enrich:ok=5/fail=0/429=0/lim_wait=0/cd_wait=0/err=0.0%/avg=75ms | Tasks: 3 | RSS: 0.0MB | CycleAvg: 11.81s
2026-02-26 16:28:32,887 [INFO] [u_station_ab_night_autotune_v1] monitor.onchain_factory: ENRICH_RETRY token=0x617601e7011e8294a5d1e7221c4d856a5e6e1a85 pair=0x1af3ab056ef97dbfdcb83706db6929e675bcd155 attempt=1/2 delay=10s
2026-02-26 16:28:42,988 [INFO] [u_station_ab_night_autotune_v1] __main__: WATCHLIST merged count=3
2026-02-26 16:28:42,989 [INFO] [u_station_ab_night_autotune_v1] trading.v2_runtime: V2_UNIVERSE in=3 dedup=3 out=3 target=3 novel_target=3 novel_out=0 repeat_dropped=0 symbol_dropped=0 surge_in=0 surge_target=0 surge_out=0
2026-02-26 16:28:42,989 [INFO] [u_station_ab_night_autotune_v1] __main__: V2_SOURCE_QOS_FILTER in=3 out=1 drops={'source_qos_cap': 2} caps={'watchlist': 1}
2026-02-26 16:28:42,991 [INFO] [u_station_ab_night_autotune_v1] __main__: FILTER_FAIL token=AERO reason=source_qos_cap source=watchlist used=1/1
2026-02-26 16:28:42,992 [INFO] [u_station_ab_night_autotune_v1] __main__: FILTER_FAIL token=VIRTUAL reason=source_qos_cap source=watchlist used=1/1
2026-02-26 16:28:42,993 [INFO] [u_station_ab_night_autotune_v1] __main__: FILTER_PASS token=cbBTC tier=A score=100 mode=YELLOW risk=MEDIUM liq=19334458 vol5m=649611
2026-02-26 16:28:42,994 [INFO] [u_station_ab_night_autotune_v1] __main__: V2_QUALITY_GATE enabled=True regime=YELLOW in=1 out=0 core_out=0 explore_out=0 probe_out=0 quota=0 max_symbol_share=0.000 drop={'cooldown_bucket': 1} sources_used={}
2026-02-26 16:28:42,995 [INFO] [u_station_ab_night_autotune_v1] __main__: MARKET_REGIME mode=YELLOW reason=avg_cand=2.00 avg_cand_recent=2.00
2026-02-26 16:28:42,996 [INFO] [u_station_ab_night_autotune_v1] __main__: Scanned 3 tokens | High quality: 1 | Alerts sent: 0 | Trade candidates: 1 | Quality out/core/explore/probe: 0/0/0/0 | Opened: 0 | Mode: local | Source: onchain+market | Policy: raw=OK/effective=OK(healthy | route=allow_all) | Regime: YELLOW(avg_cand=2.00) | Safety: checked=1 fail_closed=0 reasons=api_code_4029:1 | FiltersTop(session): source_qos_cap:8,score_min:4,safe_change_5m:2,safe_age:2 | Dedup: heavy_skip=0 override=0 | V2Budget: 1/280 | SourceQoS: enabled=1/in=3/out=1/dropped=2/active_cd=0/drops=source_qos_cap:2 | Ingest: q=0/oldest=0.0s/drop_old=0/dedup_skip=0/enq=0/drain=0 | Sources: dex_boosts:ok=1/fail=0/429=0/lim_wait=0/cd_wait=0/err=0.0%/avg=43ms; dexscreener:ok=11/fail=0/429=0/lim_wait=0/cd_wait=0/err=0.0%/avg=45ms; onchain_enrich:ok=4/fail=0/429=0/lim_wait=0/cd_wait=0/err=0.0%/avg=41ms | Tasks: 3 | RSS: 0.0MB | CycleAvg: 11.42s
2026-02-26 16:28:47,479 [INFO] [u_station_ab_night_autotune_v1] monitor.onchain_factory: ENRICH_RETRY token=0x617601e7011e8294a5d1e7221c4d856a5e6e1a85 pair=0x1af3ab056ef97dbfdcb83706db6929e675bcd155 attempt=1/2 delay=10s
2026-02-26 16:28:57,616 [INFO] [u_station_ab_night_autotune_v1] __main__: WATCHLIST merged count=3
2026-02-26 16:28:57,617 [INFO] [u_station_ab_night_autotune_v1] trading.v2_runtime: V2_UNIVERSE in=3 dedup=3 out=3 target=3 novel_target=3 novel_out=0 repeat_dropped=0 symbol_dropped=0 surge_in=0 surge_target=0 surge_out=0
2026-02-26 16:28:57,618 [INFO] [u_station_ab_night_autotune_v1] __main__: V2_SOURCE_QOS_FILTER in=3 out=1 drops={'source_qos_cap': 2} caps={'watchlist': 1}
2026-02-26 16:28:57,619 [INFO] [u_station_ab_night_autotune_v1] __main__: FILTER_FAIL token=AERO reason=source_qos_cap source=watchlist used=1/1
2026-02-26 16:28:57,620 [INFO] [u_station_ab_night_autotune_v1] __main__: FILTER_FAIL token=VIRTUAL reason=source_qos_cap source=watchlist used=1/1
2026-02-26 16:28:57,620 [INFO] [u_station_ab_night_autotune_v1] __main__: FILTER_PASS token=cbBTC tier=A score=100 mode=YELLOW risk=MEDIUM liq=19334458 vol5m=649611
2026-02-26 16:28:57,621 [INFO] [u_station_ab_night_autotune_v1] __main__: V2_QUALITY_GATE enabled=True regime=YELLOW in=1 out=0 core_out=0 explore_out=0 probe_out=0 quota=0 max_symbol_share=0.000 drop={'cooldown_bucket': 1} sources_used={}
2026-02-26 16:28:57,622 [INFO] [u_station_ab_night_autotune_v1] __main__: MARKET_REGIME mode=YELLOW reason=avg_cand=1.80 avg_cand_recent=1.80
2026-02-26 16:28:57,623 [INFO] [u_station_ab_night_autotune_v1] trading.auto_trader: PAPER_SUMMARY window=60s closed_delta=0 wins_delta=0 losses_delta=0 realized_delta=$0.00 total_closed=35 winrate_total=37.1% realized_total=$0.37 balance=$7.37 equity=$7.37 open=0
2026-02-26 16:28:57,623 [INFO] [u_station_ab_night_autotune_v1] __main__: Scanned 3 tokens | High quality: 1 | Alerts sent: 0 | Trade candidates: 1 | Quality out/core/explore/probe: 0/0/0/0 | Opened: 0 | Mode: local | Source: onchain+market | Policy: raw=OK/effective=OK(healthy | route=allow_all) | Regime: YELLOW(avg_cand=1.80) | Safety: checked=1 fail_closed=0 reasons=api_code_4029:1 | FiltersTop(session): source_qos_cap:10,score_min:4,safe_change_5m:2,safe_age:2 | Dedup: heavy_skip=0 override=0 | V2Budget: 1/280 | SourceQoS: enabled=1/in=3/out=1/dropped=2/active_cd=0/drops=source_qos_cap:2 | Ingest: q=0/oldest=0.0s/drop_old=0/dedup_skip=0/enq=0/drain=0 | Sources: dex_boosts:ok=1/fail=0/429=0/lim_wait=0/cd_wait=0/err=0.0%/avg=50ms; dexscreener:ok=11/fail=0/429=0/lim_wait=0/cd_wait=0/err=0.0%/avg=47ms; onchain_enrich:ok=4/fail=0/429=0/lim_wait=0/cd_wait=0/err=0.0%/avg=34ms; onchain_weth_price:ok=1/fail=0/429=0/lim_wait=0/cd_wait=0/err=0.0%/avg=54ms | Tasks: 3 | RSS: 0.0MB | CycleAvg: 11.22s
2026-02-26 16:29:02,141 [INFO] [u_station_ab_night_autotune_v1] monitor.onchain_factory: ENRICH_RETRY token=0x617601e7011e8294a5d1e7221c4d856a5e6e1a85 pair=0x1af3ab056ef97dbfdcb83706db6929e675bcd155 attempt=1/2 delay=10s
2026-02-26 16:29:12,241 [INFO] [u_station_ab_night_autotune_v1] __main__: WATCHLIST merged count=3
2026-02-26 16:29:12,241 [INFO] [u_station_ab_night_autotune_v1] trading.v2_runtime: V2_UNIVERSE in=3 dedup=3 out=3 target=3 novel_target=3 novel_out=0 repeat_dropped=0 symbol_dropped=0 surge_in=0 surge_target=0 surge_out=0
2026-02-26 16:29:12,242 [INFO] [u_station_ab_night_autotune_v1] __main__: V2_SOURCE_QOS_FILTER in=3 out=1 drops={'source_qos_cap': 2} caps={'watchlist': 1}
2026-02-26 16:29:12,243 [INFO] [u_station_ab_night_autotune_v1] __main__: FILTER_FAIL token=AERO reason=source_qos_cap source=watchlist used=1/1
2026-02-26 16:29:12,244 [INFO] [u_station_ab_night_autotune_v1] __main__: FILTER_FAIL token=VIRTUAL reason=source_qos_cap source=watchlist used=1/1
2026-02-26 16:29:12,245 [INFO] [u_station_ab_night_autotune_v1] __main__: FILTER_PASS token=cbBTC tier=A score=100 mode=YELLOW risk=MEDIUM liq=19334458 vol5m=649611
2026-02-26 16:29:12,246 [INFO] [u_station_ab_night_autotune_v1] __main__: V2_QUALITY_GATE enabled=True regime=YELLOW in=1 out=1 core_out=0 explore_out=1 probe_out=1 quota=1 max_symbol_share=1.000 drop={} sources_used={'watchlist': 1}
2026-02-26 16:29:12,247 [INFO] [u_station_ab_night_autotune_v1] __main__: V2_ENTRY_ROUTE enabled=True regime=YELLOW in=1 out=1 core_out=0 explore_out=1 quota=1 allow_explore=True
2026-02-26 16:29:12,247 [INFO] [u_station_ab_night_autotune_v1] __main__: MARKET_REGIME mode=YELLOW reason=avg_cand=1.67 avg_cand_recent=1.67
2026-02-26 16:29:12,283 [INFO] [u_station_ab_night_autotune_v1] trading.auto_trader: AutoTrade skip token=cbBTC reason=cluster_ev_prob p=0.48 detail=bad=True severe=True samples=13 avg=-0.00031 loss_share=0.77 size_mult=0.62 hold_mult=0.72 edge_mult=1.28 p=0.48
2026-02-26 16:29:12,283 [INFO] [u_station_ab_night_autotune_v1] trading.auto_trader: AutoTrade batch mode=top_n candidates=1 eligible=1 selected=1 opened=0 pe=off burst_window=0
2026-02-26 16:29:12,283 [INFO] [u_station_ab_night_autotune_v1] __main__: Scanned 3 tokens | High quality: 1 | Alerts sent: 0 | Trade candidates: 1 | Quality out/core/explore/probe: 1/0/1/1 | Opened: 0 | Mode: local | Source: onchain+market | Policy: raw=OK/effective=OK(healthy | route=allow_all) | Regime: YELLOW(avg_cand=1.67) | Safety: checked=1 fail_closed=0 reasons=api_code_4029:1 | FiltersTop(session): source_qos_cap:12,score_min:4,safe_change_5m:2,safe_age:2 | Dedup: heavy_skip=0 override=0 | V2Budget: 1/280 | SourceQoS: enabled=1/in=3/out=1/dropped=2/active_cd=0/drops=source_qos_cap:2 | Ingest: q=6/oldest=10.6s/drop_old=0/dedup_skip=0/enq=6/drain=0 | Sources: dex_boosts:ok=1/fail=0/429=0/lim_wait=0/cd_wait=0/err=0.0%/avg=43ms; dexscreener:ok=11/fail=0/429=0/lim_wait=0/cd_wait=0/err=0.0%/avg=284ms; geckoterminal:ok=1/fail=0/429=0/lim_wait=0/cd_wait=0/err=0.0%/avg=248ms; onchain_enrich:ok=4/fail=0/429=0/lim_wait=0/cd_wait=0/err=0.0%/avg=41ms | Tasks: 3 | RSS: 0.0MB | CycleAvg: 11.10s
2026-02-26 16:29:16,557 [INFO] [u_station_ab_night_autotune_v1] monitor.onchain_factory: PAIR_DETECTED source=uniswap_v2 dex=uniswap_v2 pair=0x6129cb2df75d503aafb514f1ca29cf0e3569be07 token0=0x4200000000000000000000000000000000000006 token1=0x75702dfe6ebc03bdb0ff5cd7bfb377c313d08ba3 block=42665198 factory=0x8909dc15e40173ff4699343b6eb8132c65e18ec6
2026-02-26 16:29:17,269 [INFO] [u_station_ab_night_autotune_v1] monitor.onchain_factory: ENRICH_RETRY token=0x75702dfe6ebc03bdb0ff5cd7bfb377c313d08ba3 pair=0x6129cb2df75d503aafb514f1ca29cf0e3569be07 attempt=1/2 delay=10s
2026-02-26 16:29:27,346 [INFO] [u_station_ab_night_autotune_v1] __main__: WATCHLIST merged count=3
2026-02-26 16:29:27,346 [INFO] [u_station_ab_night_autotune_v1] trading.v2_runtime: V2_UNIVERSE in=9 dedup=9 out=9 target=9 novel_target=8 novel_out=5 repeat_dropped=0 symbol_dropped=0 surge_in=4 surge_target=3 surge_out=4
2026-02-26 16:29:27,348 [INFO] [u_station_ab_night_autotune_v1] __main__: V2_SOURCE_QOS_FILTER in=9 out=6 drops={'source_qos_symbol_cap': 1, 'source_qos_cap': 2} caps={'geckoterminal': 287, 'watchlist': 1}
2026-02-26 16:29:27,349 [INFO] [u_station_ab_night_autotune_v1] __main__: FILTER_FAIL token=CLAWSPOT reason=source_qos_symbol_cap symbol=CLAWSPOT used=1/1
2026-02-26 16:29:27,350 [INFO] [u_station_ab_night_autotune_v1] __main__: FILTER_FAIL token=AERO reason=source_qos_cap source=watchlist used=1/1
2026-02-26 16:29:27,351 [INFO] [u_station_ab_night_autotune_v1] __main__: FILTER_FAIL token=VIRTUAL reason=source_qos_cap source=watchlist used=1/1
2026-02-26 16:29:27,351 [INFO] [u_station_ab_night_autotune_v1] __main__: FILTER_PASS token=cbBTC tier=A score=100 mode=YELLOW risk=MEDIUM liq=19334458 vol5m=649611
2026-02-26 16:29:27,353 [INFO] [u_station_ab_night_autotune_v1] __main__: FILTER_FAIL token=CLAWSPOT reason=safe_age
2026-02-26 16:29:27,354 [INFO] [u_station_ab_night_autotune_v1] __main__: FILTER_FAIL token=KEEF reason=safe_age
2026-02-26 16:29:27,354 [INFO] [u_station_ab_night_autotune_v1] __main__: FILTER_FAIL token=AXIOM reason=safe_age
2026-02-26 16:29:27,355 [INFO] [u_station_ab_night_autotune_v1] __main__: FILTER_FAIL token=MYST reason=score_min score=30 strict_min=48 soft_min=48 mode=YELLOW
2026-02-26 16:29:27,356 [INFO] [u_station_ab_night_autotune_v1] __main__: FILTER_FAIL token=我踏马来了 reason=score_min score=40 strict_min=48 soft_min=48 mode=YELLOW
2026-02-26 16:29:27,357 [INFO] [u_station_ab_night_autotune_v1] __main__: V2_QUALITY_GATE enabled=True regime=YELLOW in=1 out=0 core_out=0 explore_out=0 probe_out=0 quota=0 max_symbol_share=0.000 drop={'cooldown_bucket': 1} sources_used={}
2026-02-26 16:29:27,357 [INFO] [u_station_ab_night_autotune_v1] __main__: MARKET_REGIME mode=YELLOW reason=avg_cand=1.57 avg_cand_recent=1.57
2026-02-26 16:29:27,358 [INFO] [u_station_ab_night_autotune_v1] __main__: Scanned 9 tokens | High quality: 3 | Alerts sent: 0 | Trade candidates: 1 | Quality out/core/explore/probe: 0/0/0/0 | Opened: 0 | Mode: local | Source: onchain+market | Policy: raw=OK/effective=OK(healthy | route=allow_all) | Regime: YELLOW(avg_cand=1.57) | Safety: checked=1 fail_closed=0 reasons=api_code_4029:1 | FiltersTop(session): source_qos_cap:14,score_min:6,safe_age:5,source_qos_symbol_cap:2 | Dedup: heavy_skip=0 override=0 | V2Budget: 1/280 | SourceQoS: enabled=1/in=9/out=6/dropped=3/active_cd=0/drops=source_qos_cap:2,source_qos_symbol_cap:1 | Ingest: q=0/oldest=0.0s/drop_old=0/dedup_skip=0/enq=0/drain=6 | Sources: dex_boosts:ok=1/fail=0/429=0/lim_wait=0/cd_wait=0/err=0.0%/avg=58ms; dexscreener:ok=11/fail=0/429=0/lim_wait=0/cd_wait=0/err=0.0%/avg=41ms; onchain_enrich:ok=5/fail=0/429=0/lim_wait=0/cd_wait=0/err=0.0%/avg=210ms | Tasks: 3 | RSS: 0.0MB | CycleAvg: 11.03s
2026-02-26 16:29:31,853 [INFO] [u_station_ab_night_autotune_v1] monitor.onchain_factory: ENRICH_RETRY token=0x75702dfe6ebc03bdb0ff5cd7bfb377c313d08ba3 pair=0x6129cb2df75d503aafb514f1ca29cf0e3569be07 attempt=1/2 delay=10s
2026-02-26 16:29:41,953 [INFO] [u_station_ab_night_autotune_v1] __main__: WATCHLIST merged count=3
2026-02-26 16:29:41,953 [INFO] [u_station_ab_night_autotune_v1] trading.v2_runtime: V2_UNIVERSE in=3 dedup=3 out=3 target=3 novel_target=3 novel_out=0 repeat_dropped=0 symbol_dropped=0 surge_in=0 surge_target=0 surge_out=0
2026-02-26 16:29:41,953 [INFO] [u_station_ab_night_autotune_v1] __main__: V2_SOURCE_QOS_FILTER in=3 out=1 drops={'source_qos_cap': 2} caps={'watchlist': 1}
2026-02-26 16:29:41,953 [INFO] [u_station_ab_night_autotune_v1] __main__: FILTER_FAIL token=AERO reason=source_qos_cap source=watchlist used=1/1
2026-02-26 16:29:41,953 [INFO] [u_station_ab_night_autotune_v1] __main__: FILTER_FAIL token=VIRTUAL reason=source_qos_cap source=watchlist used=1/1
2026-02-26 16:29:41,953 [INFO] [u_station_ab_night_autotune_v1] __main__: FILTER_PASS token=cbBTC tier=A score=100 mode=YELLOW risk=MEDIUM liq=19334458 vol5m=649611
2026-02-26 16:29:41,953 [INFO] [u_station_ab_night_autotune_v1] __main__: V2_QUALITY_GATE enabled=True regime=YELLOW in=1 out=0 core_out=0 explore_out=0 probe_out=0 quota=0 max_symbol_share=0.000 drop={'cooldown_bucket': 1} sources_used={}
2026-02-26 16:29:41,953 [INFO] [u_station_ab_night_autotune_v1] __main__: MARKET_REGIME mode=YELLOW reason=avg_cand=1.50 avg_cand_recent=1.50
2026-02-26 16:29:41,953 [INFO] [u_station_ab_night_autotune_v1] __main__: Scanned 3 tokens | High quality: 1 | Alerts sent: 0 | Trade candidates: 1 | Quality out/core/explore/probe: 0/0/0/0 | Opened: 0 | Mode: local | Source: onchain+market | Policy: raw=OK/effective=OK(healthy | route=allow_all) | Regime: YELLOW(avg_cand=1.50) | Safety: checked=1 fail_closed=0 reasons=api_code_4029:1 | FiltersTop(session): source_qos_cap:16,score_min:6,safe_age:5,source_qos_symbol_cap:2 | Dedup: heavy_skip=0 override=0 | V2Budget: 1/280 | SourceQoS: enabled=1/in=3/out=1/dropped=2/active_cd=0/drops=source_qos_cap:2 | Ingest: q=0/oldest=0.0s/drop_old=0/dedup_skip=0/enq=0/drain=0 | Sources: dex_boosts:ok=1/fail=0/429=0/lim_wait=0/cd_wait=0/err=0.0%/avg=36ms; dexscreener:ok=11/fail=0/429=0/lim_wait=0/cd_wait=0/err=0.0%/avg=88ms; onchain_enrich:ok=4/fail=0/429=0/lim_wait=0/cd_wait=0/err=0.0%/avg=37ms | Tasks: 3 | RSS: 0.0MB | CycleAvg: 11.03s
2026-02-26 16:29:46,254 [INFO] [u_station_ab_night_autotune_v1] monitor.onchain_factory: PAIR_DETECTED source=uniswap_v2 dex=uniswap_v2 pair=0x49967375d4ccf16ed303e192e280aaf1173f38e8 token0=0x4200000000000000000000000000000000000006 token1=0xd93128d4ccec99dfc40d83ac46b44d7258b035f1 block=42665217 factory=0x8909dc15e40173ff4699343b6eb8132c65e18ec6
2026-02-26 16:29:46,510 [INFO] [u_station_ab_night_autotune_v1] monitor.onchain_factory: ENRICH_RETRY token=0x75702dfe6ebc03bdb0ff5cd7bfb377c313d08ba3 pair=0x6129cb2df75d503aafb514f1ca29cf0e3569be07 attempt=1/2 delay=10s
2026-02-26 16:29:46,711 [INFO] [u_station_ab_night_autotune_v1] monitor.onchain_factory: ENRICH_RETRY token=0xd93128d4ccec99dfc40d83ac46b44d7258b035f1 pair=0x49967375d4ccf16ed303e192e280aaf1173f38e8 attempt=1/2 delay=10s
2026-02-26 16:29:56,870 [INFO] [u_station_ab_night_autotune_v1] __main__: WATCHLIST merged count=3
2026-02-26 16:29:56,870 [INFO] [u_station_ab_night_autotune_v1] trading.v2_runtime: V2_UNIVERSE in=4 dedup=4 out=4 target=4 novel_target=4 novel_out=1 repeat_dropped=0 symbol_dropped=0 surge_in=0 surge_target=0 surge_out=0
2026-02-26 16:29:56,870 [INFO] [u_station_ab_night_autotune_v1] __main__: V2_SOURCE_QOS_FILTER in=4 out=2 drops={'source_qos_cap': 2} caps={'unknown': 0, 'watchlist': 1}
2026-02-26 16:29:56,870 [INFO] [u_station_ab_night_autotune_v1] __main__: FILTER_FAIL token=AERO reason=source_qos_cap source=watchlist used=1/1
2026-02-26 16:29:56,870 [INFO] [u_station_ab_night_autotune_v1] __main__: FILTER_FAIL token=VIRTUAL reason=source_qos_cap source=watchlist used=1/1
2026-02-26 16:29:56,870 [INFO] [u_station_ab_night_autotune_v1] __main__: FILTER_PASS token=cbBTC tier=A score=100 mode=YELLOW risk=MEDIUM liq=19334458 vol5m=649611
2026-02-26 16:29:56,870 [INFO] [u_station_ab_night_autotune_v1] __main__: FILTER_FAIL token=CLAWSPOT reason=safe_volume vol5m=0 min=6 regime=YELLOW
2026-02-26 16:29:56,870 [INFO] [u_station_ab_night_autotune_v1] __main__: V2_QUALITY_GATE enabled=True regime=YELLOW in=1 out=0 core_out=0 explore_out=0 probe_out=0 quota=0 max_symbol_share=0.000 drop={'cooldown_bucket': 1} sources_used={}
2026-02-26 16:29:56,870 [INFO] [u_station_ab_night_autotune_v1] __main__: MARKET_REGIME mode=YELLOW reason=avg_cand=1.44 avg_cand_recent=1.44
2026-02-26 16:29:56,870 [INFO] [u_station_ab_night_autotune_v1] __main__: Scanned 4 tokens | High quality: 1 | Alerts sent: 0 | Trade candidates: 1 | Quality out/core/explore/probe: 0/0/0/0 | Opened: 0 | Mode: local | Source: onchain+market | Policy: raw=OK/effective=OK(healthy | route=allow_all) | Regime: YELLOW(avg_cand=1.44) | Safety: checked=1 fail_closed=0 reasons=api_code_4029:1 | FiltersTop(session): source_qos_cap:18,score_min:6,safe_age:5,source_qos_symbol_cap:2 | Dedup: heavy_skip=0 override=0 | V2Budget: 1/280 | SourceQoS: enabled=1/in=4/out=2/dropped=2/active_cd=0/drops=source_qos_cap:2 | Ingest: q=0/oldest=0.0s/drop_old=0/dedup_skip=0/enq=0/drain=0 | Sources: dex_boosts:ok=1/fail=0/429=0/lim_wait=0/cd_wait=0/err=0.0%/avg=56ms; dexscreener:ok=11/fail=0/429=0/lim_wait=0/cd_wait=0/err=0.0%/avg=216ms; onchain_enrich:ok=7/fail=0/429=0/lim_wait=0/cd_wait=0/err=0.0%/avg=119ms | Tasks: 3 | RSS: 0.0MB | CycleAvg: 10.98s
2026-02-26 16:30:01,381 [INFO] [u_station_ab_night_autotune_v1] monitor.onchain_factory: ENRICH_RETRY token=0xd93128d4ccec99dfc40d83ac46b44d7258b035f1 pair=0x49967375d4ccf16ed303e192e280aaf1173f38e8 attempt=1/2 delay=10s
2026-02-26 16:30:11,519 [INFO] [u_station_ab_night_autotune_v1] __main__: WATCHLIST merged count=3
2026-02-26 16:30:11,519 [INFO] [u_station_ab_night_autotune_v1] trading.v2_runtime: V2_UNIVERSE in=3 dedup=3 out=3 target=3 novel_target=3 novel_out=0 repeat_dropped=0 symbol_dropped=0 surge_in=0 surge_target=0 surge_out=0
2026-02-26 16:30:11,519 [INFO] [u_station_ab_night_autotune_v1] __main__: V2_SOURCE_QOS_FILTER in=3 out=1 drops={'source_qos_cap': 2} caps={'watchlist': 1}
2026-02-26 16:30:11,519 [INFO] [u_station_ab_night_autotune_v1] __main__: FILTER_FAIL token=AERO reason=source_qos_cap source=watchlist used=1/1
2026-02-26 16:30:11,519 [INFO] [u_station_ab_night_autotune_v1] __main__: FILTER_FAIL token=VIRTUAL reason=source_qos_cap source=watchlist used=1/1
2026-02-26 16:30:11,519 [INFO] [u_station_ab_night_autotune_v1] __main__: FILTER_PASS token=cbBTC tier=A score=100 mode=YELLOW risk=MEDIUM liq=19334458 vol5m=649611
2026-02-26 16:30:11,519 [INFO] [u_station_ab_night_autotune_v1] __main__: V2_QUALITY_GATE enabled=True regime=YELLOW in=1 out=1 core_out=0 explore_out=1 probe_out=1 quota=1 max_symbol_share=1.000 drop={} sources_used={'watchlist': 1}
2026-02-26 16:30:11,519 [INFO] [u_station_ab_night_autotune_v1] __main__: V2_ENTRY_ROUTE enabled=True regime=YELLOW in=1 out=1 core_out=0 explore_out=1 quota=1 allow_explore=True
2026-02-26 16:30:11,519 [INFO] [u_station_ab_night_autotune_v1] __main__: MARKET_REGIME mode=YELLOW reason=avg_cand=1.40 avg_cand_recent=1.40
2026-02-26 16:30:11,519 [INFO] [u_station_ab_night_autotune_v1] trading.auto_trader: AutoTrade skip token=cbBTC reason=cluster_ev_prob p=0.48 detail=bad=True severe=True samples=13 avg=-0.00031 loss_share=0.77 size_mult=0.62 hold_mult=0.72 edge_mult=1.28 p=0.48
2026-02-26 16:30:11,519 [INFO] [u_station_ab_night_autotune_v1] trading.auto_trader: AutoTrade batch mode=top_n candidates=1 eligible=1 selected=1 opened=0 pe=off burst_window=0
2026-02-26 16:30:11,519 [INFO] [u_station_ab_night_autotune_v1] trading.auto_trader: PAPER_SUMMARY window=60s closed_delta=0 wins_delta=0 losses_delta=0 realized_delta=$0.00 total_closed=35 winrate_total=37.1% realized_total=$0.37 balance=$7.37 equity=$7.37 open=0
2026-02-26 16:30:11,535 [INFO] [u_station_ab_night_autotune_v1] __main__: Scanned 3 tokens | High quality: 1 | Alerts sent: 0 | Trade candidates: 1 | Quality out/core/explore/probe: 1/0/1/1 | Opened: 0 | Mode: local | Source: onchain+market | Policy: raw=OK/effective=OK(healthy | route=allow_all) | Regime: YELLOW(avg_cand=1.40) | Safety: checked=1 fail_closed=0 reasons=api_code_4029:1 | FiltersTop(session): source_qos_cap:20,score_min:6,safe_age:5,source_qos_symbol_cap:2 | Dedup: heavy_skip=0 override=0 | V2Budget: 1/280 | SourceQoS: enabled=1/in=3/out=1/dropped=2/active_cd=0/drops=source_qos_cap:2 | Ingest: q=0/oldest=0.0s/drop_old=0/dedup_skip=0/enq=0/drain=0 | Sources: dex_boosts:ok=1/fail=0/429=0/lim_wait=0/cd_wait=0/err=0.0%/avg=33ms; dexscreener:ok=11/fail=0/429=0/lim_wait=0/cd_wait=0/err=0.0%/avg=49ms; onchain_enrich:ok=4/fail=0/429=0/lim_wait=0/cd_wait=0/err=0.0%/avg=36ms; onchain_weth_price:ok=1/fail=0/429=0/lim_wait=0/cd_wait=0/err=0.0%/avg=59ms | Tasks: 3 | RSS: 0.0MB | CycleAvg: 10.97s
2026-02-26 16:30:16,045 [INFO] [u_station_ab_night_autotune_v1] monitor.onchain_factory: ENRICH_RETRY token=0xd93128d4ccec99dfc40d83ac46b44d7258b035f1 pair=0x49967375d4ccf16ed303e192e280aaf1173f38e8 attempt=1/2 delay=10s
2026-02-26 16:30:26,520 [INFO] [u_station_ab_night_autotune_v1] __main__: WATCHLIST merged count=3
2026-02-26 16:30:26,520 [INFO] [u_station_ab_night_autotune_v1] trading.v2_runtime: V2_UNIVERSE in=4 dedup=4 out=4 target=4 novel_target=4 novel_out=1 repeat_dropped=0 symbol_dropped=0 surge_in=0 surge_target=0 surge_out=0
2026-02-26 16:30:26,520 [INFO] [u_station_ab_night_autotune_v1] __main__: V2_SOURCE_QOS_FILTER in=4 out=2 drops={'source_qos_cap': 2} caps={'unknown': 0, 'watchlist': 1}
2026-02-26 16:30:26,520 [INFO] [u_station_ab_night_autotune_v1] __main__: FILTER_FAIL token=AERO reason=source_qos_cap source=watchlist used=1/1
2026-02-26 16:30:26,520 [INFO] [u_station_ab_night_autotune_v1] __main__: FILTER_FAIL token=VIRTUAL reason=source_qos_cap source=watchlist used=1/1
2026-02-26 16:30:26,520 [INFO] [u_station_ab_night_autotune_v1] __main__: FILTER_PASS token=cbBTC tier=A score=100 mode=YELLOW risk=MEDIUM liq=19334458 vol5m=649611
2026-02-26 16:30:26,520 [INFO] [u_station_ab_night_autotune_v1] __main__: FILTER_FAIL token=005380 reason=score_min score=40 strict_min=48 soft_min=48 mode=YELLOW
2026-02-26 16:30:26,520 [INFO] [u_station_ab_night_autotune_v1] __main__: V2_QUALITY_GATE enabled=True regime=YELLOW in=1 out=0 core_out=0 explore_out=0 probe_out=0 quota=0 max_symbol_share=0.000 drop={'cooldown_bucket': 1} sources_used={}
2026-02-26 16:30:26,520 [INFO] [u_station_ab_night_autotune_v1] __main__: MARKET_REGIME mode=YELLOW reason=avg_cand=1.36 avg_cand_recent=1.36
2026-02-26 16:30:26,520 [INFO] [u_station_ab_night_autotune_v1] __main__: Scanned 4 tokens | High quality: 1 | Alerts sent: 0 | Trade candidates: 1 | Quality out/core/explore/probe: 0/0/0/0 | Opened: 0 | Mode: local | Source: onchain+market | Policy: raw=OK/effective=OK(healthy | route=allow_all) | Regime: YELLOW(avg_cand=1.36) | Safety: checked=1 fail_closed=0 reasons=api_code_4029:1 | FiltersTop(session): source_qos_cap:22,score_min:7,safe_age:5,source_qos_symbol_cap:2 | Dedup: heavy_skip=0 override=0 | V2Budget: 1/280 | SourceQoS: enabled=1/in=4/out=2/dropped=2/active_cd=0/drops=source_qos_cap:2 | Ingest: q=4/oldest=9.6s/drop_old=0/dedup_skip=0/enq=4/drain=0 | Sources: dex_boosts:ok=1/fail=0/429=0/lim_wait=0/cd_wait=0/err=0.0%/avg=44ms; dexscreener:ok=11/fail=0/429=0/lim_wait=0/cd_wait=0/err=0.0%/avg=44ms; geckoterminal:ok=1/fail=0/429=0/lim_wait=0/cd_wait=0/err=0.0%/avg=242ms; onchain_enrich:ok=3/fail=0/429=0/lim_wait=0/cd_wait=0/err=0.0%/avg=190ms | Tasks: 3 | RSS: 0.0MB | CycleAvg: 10.94s
2026-02-26 16:30:31,008 [INFO] [u_station_ab_night_autotune_v1] __main__: WATCHLIST merged count=3
2026-02-26 16:30:31,008 [INFO] [u_station_ab_night_autotune_v1] trading.v2_runtime: V2_UNIVERSE in=7 dedup=7 out=7 target=7 novel_target=6 novel_out=2 repeat_dropped=0 symbol_dropped=0 surge_in=1 surge_target=1 surge_out=1
2026-02-26 16:30:31,008 [INFO] [u_station_ab_night_autotune_v1] __main__: V2_SOURCE_QOS_FILTER in=7 out=5 drops={'source_qos_cap': 2} caps={'geckoterminal': 287, 'watchlist': 1}
2026-02-26 16:30:31,008 [INFO] [u_station_ab_night_autotune_v1] __main__: FILTER_FAIL token=AERO reason=source_qos_cap source=watchlist used=1/1
2026-02-26 16:30:31,023 [INFO] [u_station_ab_night_autotune_v1] __main__: FILTER_FAIL token=VIRTUAL reason=source_qos_cap source=watchlist used=1/1
2026-02-26 16:30:31,025 [INFO] [u_station_ab_night_autotune_v1] __main__: FILTER_FAIL token=Keef reason=safe_age
2026-02-26 16:30:31,026 [INFO] [u_station_ab_night_autotune_v1] __main__: FILTER_PASS token=cbBTC tier=A score=100 mode=YELLOW risk=MEDIUM liq=19334458 vol5m=649611
2026-02-26 16:30:31,026 [INFO] [u_station_ab_night_autotune_v1] __main__: FILTER_FAIL token=CLAWSPOT reason=safe_age
2026-02-26 16:30:31,026 [INFO] [u_station_ab_night_autotune_v1] __main__: FILTER_FAIL token=DEPOT reason=safe_volume vol5m=0 min=6 regime=YELLOW
2026-02-26 16:30:31,026 [INFO] [u_station_ab_night_autotune_v1] __main__: FILTER_FAIL token=005380 reason=score_min score=40 strict_min=48 soft_min=48 mode=YELLOW
2026-02-26 16:30:31,026 [INFO] [u_station_ab_night_autotune_v1] __main__: V2_QUALITY_GATE enabled=True regime=YELLOW in=1 out=0 core_out=0 explore_out=0 probe_out=0 quota=0 max_symbol_share=0.000 drop={'cooldown_bucket': 1} sources_used={}
2026-02-26 16:30:31,026 [INFO] [u_station_ab_night_autotune_v1] __main__: MARKET_REGIME mode=YELLOW reason=avg_cand=1.33 avg_cand_recent=1.33
2026-02-26 16:30:31,026 [INFO] [u_station_ab_night_autotune_v1] __main__: Scanned 7 tokens | High quality: 2 | Alerts sent: 0 | Trade candidates: 1 | Quality out/core/explore/probe: 0/0/0/0 | Opened: 0 | Mode: local | Source: onchain+market | Policy: raw=OK/effective=OK(healthy | route=allow_all) | Regime: YELLOW(avg_cand=1.33) | Safety: checked=1 fail_closed=0 reasons=api_code_4029:1 | FiltersTop(session): source_qos_cap:24,score_min:8,safe_age:7,safe_volume:3 | Dedup: heavy_skip=0 override=0 | V2Budget: 1/280 | SourceQoS: enabled=1/in=7/out=5/dropped=2/active_cd=0/drops=source_qos_cap:2 | Ingest: q=0/oldest=0.0s/drop_old=0/dedup_skip=0/enq=0/drain=4 | Sources: dex_boosts:ok=1/fail=0/429=0/lim_wait=0/cd_wait=0/err=0.0%/avg=80ms; dexscreener:ok=11/fail=0/429=0/lim_wait=0/cd_wait=0/err=0.0%/avg=180ms | Tasks: 3 | RSS: 0.0MB | CycleAvg: 10.94s
2026-02-26 16:30:35,453 [INFO] [u_station_ab_night_autotune_v1] __main__: WATCHLIST merged count=3
2026-02-26 16:30:35,453 [INFO] [u_station_ab_night_autotune_v1] trading.v2_runtime: V2_UNIVERSE in=3 dedup=3 out=3 target=3 novel_target=3 novel_out=0 repeat_dropped=0 symbol_dropped=0 surge_in=0 surge_target=0 surge_out=0
2026-02-26 16:30:35,453 [INFO] [u_station_ab_night_autotune_v1] __main__: V2_SOURCE_QOS_FILTER in=3 out=1 drops={'source_qos_cap': 2} caps={'watchlist': 1}
2026-02-26 16:30:35,453 [INFO] [u_station_ab_night_autotune_v1] __main__: FILTER_FAIL token=AERO reason=source_qos_cap source=watchlist used=1/1
2026-02-26 16:30:35,453 [INFO] [u_station_ab_night_autotune_v1] __main__: FILTER_FAIL token=VIRTUAL reason=source_qos_cap source=watchlist used=1/1
2026-02-26 16:30:35,463 [INFO] [u_station_ab_night_autotune_v1] __main__: FILTER_PASS token=cbBTC tier=A score=100 mode=YELLOW risk=MEDIUM liq=19334458 vol5m=649611
2026-02-26 16:30:35,464 [INFO] [u_station_ab_night_autotune_v1] __main__: V2_QUALITY_GATE enabled=True regime=YELLOW in=1 out=0 core_out=0 explore_out=0 probe_out=0 quota=0 max_symbol_share=0.000 drop={'cooldown_bucket': 1} sources_used={}
2026-02-26 16:30:35,465 [INFO] [u_station_ab_night_autotune_v1] __main__: MARKET_REGIME mode=YELLOW reason=avg_cand=1.00 avg_cand_recent=1.00
2026-02-26 16:30:35,465 [INFO] [u_station_ab_night_autotune_v1] __main__: Scanned 3 tokens | High quality: 1 | Alerts sent: 0 | Trade candidates: 1 | Quality out/core/explore/probe: 0/0/0/0 | Opened: 0 | Mode: local | Source: onchain+market | Policy: raw=OK/effective=OK(healthy | route=allow_all) | Regime: YELLOW(avg_cand=1.00) | Safety: checked=1 fail_closed=0 reasons=api_code_4029:1 | FiltersTop(session): source_qos_cap:26,score_min:8,safe_age:7,safe_volume:3 | Dedup: heavy_skip=0 override=0 | V2Budget: 1/280 | SourceQoS: enabled=1/in=3/out=1/dropped=2/active_cd=0/drops=source_qos_cap:2 | Ingest: q=0/oldest=0.0s/drop_old=0/dedup_skip=0/enq=0/drain=0 | Sources: dex_boosts:ok=1/fail=0/429=0/lim_wait=0/cd_wait=0/err=0.0%/avg=50ms; dexscreener:ok=11/fail=0/429=0/lim_wait=0/cd_wait=0/err=0.0%/avg=43ms | Tasks: 3 | RSS: 0.0MB | CycleAvg: 10.07s
2026-02-26 16:30:39,902 [INFO] [u_station_ab_night_autotune_v1] __main__: WATCHLIST merged count=3
2026-02-26 16:30:39,903 [INFO] [u_station_ab_night_autotune_v1] trading.v2_runtime: V2_UNIVERSE in=3 dedup=3 out=3 target=3 novel_target=3 novel_out=0 repeat_dropped=0 symbol_dropped=0 surge_in=0 surge_target=0 surge_out=0
2026-02-26 16:30:39,903 [INFO] [u_station_ab_night_autotune_v1] __main__: V2_SOURCE_QOS_FILTER in=3 out=1 drops={'source_qos_cap': 2} caps={'watchlist': 1}
2026-02-26 16:30:39,903 [INFO] [u_station_ab_night_autotune_v1] __main__: FILTER_FAIL token=AERO reason=source_qos_cap source=watchlist used=1/1
2026-02-26 16:30:39,903 [INFO] [u_station_ab_night_autotune_v1] __main__: FILTER_FAIL token=VIRTUAL reason=source_qos_cap source=watchlist used=1/1
2026-02-26 16:30:39,903 [INFO] [u_station_ab_night_autotune_v1] __main__: FILTER_PASS token=cbBTC tier=A score=100 mode=YELLOW risk=MEDIUM liq=19334458 vol5m=649611
2026-02-26 16:30:39,903 [INFO] [u_station_ab_night_autotune_v1] __main__: V2_QUALITY_GATE enabled=True regime=YELLOW in=1 out=0 core_out=0 explore_out=0 probe_out=0 quota=0 max_symbol_share=0.000 drop={'cooldown_bucket': 1} sources_used={}
2026-02-26 16:30:39,903 [INFO] [u_station_ab_night_autotune_v1] __main__: MARKET_REGIME mode=YELLOW reason=avg_cand=1.00 avg_cand_recent=1.00
2026-02-26 16:30:39,903 [INFO] [u_station_ab_night_autotune_v1] __main__: Scanned 3 tokens | High quality: 1 | Alerts sent: 0 | Trade candidates: 1 | Quality out/core/explore/probe: 0/0/0/0 | Opened: 0 | Mode: local | Source: onchain+market | Policy: raw=OK/effective=OK(healthy | route=allow_all) | Regime: YELLOW(avg_cand=1.00) | Safety: checked=1 fail_closed=0 reasons=api_code_4029:1 | FiltersTop(session): source_qos_cap:28,score_min:8,safe_age:7,safe_volume:3 | Dedup: heavy_skip=0 override=0 | V2Budget: 1/280 | SourceQoS: enabled=1/in=3/out=1/dropped=2/active_cd=0/drops=source_qos_cap:2 | Ingest: q=0/oldest=0.0s/drop_old=0/dedup_skip=0/enq=0/drain=0 | Sources: dex_boosts:ok=1/fail=0/429=0/lim_wait=0/cd_wait=0/err=0.0%/avg=45ms; dexscreener:ok=11/fail=0/429=0/lim_wait=0/cd_wait=0/err=0.0%/avg=47ms | Tasks: 3 | RSS: 0.0MB | CycleAvg: 9.33s
2026-02-26 16:30:44,330 [INFO] [u_station_ab_night_autotune_v1] __main__: WATCHLIST merged count=3
2026-02-26 16:30:44,330 [INFO] [u_station_ab_night_autotune_v1] trading.v2_runtime: V2_UNIVERSE in=3 dedup=3 out=3 target=3 novel_target=3 novel_out=0 repeat_dropped=0 symbol_dropped=0 surge_in=0 surge_target=0 surge_out=0
2026-02-26 16:30:44,331 [INFO] [u_station_ab_night_autotune_v1] __main__: V2_SOURCE_QOS_FILTER in=3 out=1 drops={'source_qos_cap': 2} caps={'watchlist': 1}
2026-02-26 16:30:44,332 [INFO] [u_station_ab_night_autotune_v1] __main__: FILTER_FAIL token=AERO reason=source_qos_cap source=watchlist used=1/1
2026-02-26 16:30:44,334 [INFO] [u_station_ab_night_autotune_v1] __main__: FILTER_FAIL token=VIRTUAL reason=source_qos_cap source=watchlist used=1/1
2026-02-26 16:30:44,334 [INFO] [u_station_ab_night_autotune_v1] __main__: FILTER_PASS token=cbBTC tier=A score=100 mode=YELLOW risk=MEDIUM liq=19334458 vol5m=649611
2026-02-26 16:30:44,335 [INFO] [u_station_ab_night_autotune_v1] __main__: V2_QUALITY_GATE enabled=True regime=YELLOW in=1 out=0 core_out=0 explore_out=0 probe_out=0 quota=0 max_symbol_share=0.000 drop={'cooldown_bucket': 1} sources_used={}
2026-02-26 16:30:44,336 [INFO] [u_station_ab_night_autotune_v1] __main__: MARKET_REGIME mode=YELLOW reason=avg_cand=1.00 avg_cand_recent=1.00
2026-02-26 16:30:44,337 [INFO] [u_station_ab_night_autotune_v1] __main__: Scanned 3 tokens | High quality: 1 | Alerts sent: 0 | Trade candidates: 1 | Quality out/core/explore/probe: 0/0/0/0 | Opened: 0 | Mode: local | Source: onchain+market | Policy: raw=OK/effective=OK(healthy | route=allow_all) | Regime: YELLOW(avg_cand=1.00) | Safety: checked=1 fail_closed=0 reasons=api_code_4029:1 | FiltersTop(session): source_qos_cap:30,score_min:8,safe_age:7,safe_volume:3 | Dedup: heavy_skip=0 override=0 | V2Budget: 1/280 | SourceQoS: enabled=1/in=3/out=1/dropped=2/active_cd=0/drops=source_qos_cap:2 | Ingest: q=0/oldest=0.0s/drop_old=0/dedup_skip=0/enq=0/drain=0 | Sources: dex_boosts:ok=1/fail=0/429=0/lim_wait=0/cd_wait=0/err=0.0%/avg=40ms; dexscreener:ok=11/fail=0/429=0/lim_wait=0/cd_wait=0/err=0.0%/avg=47ms | Tasks: 3 | RSS: 0.0MB | CycleAvg: 8.70s
2026-02-26 16:30:48,820 [INFO] [u_station_ab_night_autotune_v1] __main__: WATCHLIST merged count=3
2026-02-26 16:30:48,820 [INFO] [u_station_ab_night_autotune_v1] trading.v2_runtime: V2_UNIVERSE in=3 dedup=3 out=3 target=3 novel_target=3 novel_out=0 repeat_dropped=0 symbol_dropped=0 surge_in=0 surge_target=0 surge_out=0
2026-02-26 16:30:48,820 [INFO] [u_station_ab_night_autotune_v1] __main__: V2_SOURCE_QOS_FILTER in=3 out=1 drops={'source_qos_cap': 2} caps={'watchlist': 1}
2026-02-26 16:30:48,820 [INFO] [u_station_ab_night_autotune_v1] __main__: FILTER_FAIL token=AERO reason=source_qos_cap source=watchlist used=1/1
2026-02-26 16:30:48,820 [INFO] [u_station_ab_night_autotune_v1] __main__: FILTER_FAIL token=VIRTUAL reason=source_qos_cap source=watchlist used=1/1
2026-02-26 16:30:48,820 [INFO] [u_station_ab_night_autotune_v1] __main__: FILTER_PASS token=cbBTC tier=A score=100 mode=YELLOW risk=MEDIUM liq=19334458 vol5m=649611
2026-02-26 16:30:48,820 [INFO] [u_station_ab_night_autotune_v1] __main__: V2_QUALITY_GATE enabled=True regime=YELLOW in=1 out=0 core_out=0 explore_out=0 probe_out=0 quota=0 max_symbol_share=0.000 drop={'cooldown_bucket': 1} sources_used={}
2026-02-26 16:30:48,836 [INFO] [u_station_ab_night_autotune_v1] __main__: MARKET_REGIME mode=YELLOW reason=avg_cand=1.00 avg_cand_recent=1.00
2026-02-26 16:30:48,836 [INFO] [u_station_ab_night_autotune_v1] __main__: Scanned 3 tokens | High quality: 1 | Alerts sent: 0 | Trade candidates: 1 | Quality out/core/explore/probe: 0/0/0/0 | Opened: 0 | Mode: local | Source: onchain+market | Policy: raw=OK/effective=OK(healthy | route=allow_all) | Regime: YELLOW(avg_cand=1.00) | Safety: checked=1 fail_closed=0 reasons=api_code_4029:1 | FiltersTop(session): source_qos_cap:32,score_min:8,safe_age:7,safe_volume:3 | Dedup: heavy_skip=0 override=0 | V2Budget: 1/280 | SourceQoS: enabled=1/in=3/out=1/dropped=2/active_cd=0/drops=source_qos_cap:2 | Ingest: q=0/oldest=0.0s/drop_old=0/dedup_skip=0/enq=0/drain=0 | Sources: dex_boosts:ok=1/fail=0/429=0/lim_wait=0/cd_wait=0/err=0.0%/avg=44ms; dexscreener:ok=11/fail=0/429=0/lim_wait=0/cd_wait=0/err=0.0%/avg=47ms | Tasks: 3 | RSS: 0.0MB | CycleAvg: 8.14s
2026-02-26 16:30:53,287 [INFO] [u_station_ab_night_autotune_v1] __main__: WATCHLIST merged count=3
2026-02-26 16:30:53,287 [INFO] [u_station_ab_night_autotune_v1] trading.v2_runtime: V2_UNIVERSE in=3 dedup=3 out=3 target=3 novel_target=3 novel_out=0 repeat_dropped=0 symbol_dropped=0 surge_in=0 surge_target=0 surge_out=0
2026-02-26 16:30:53,287 [INFO] [u_station_ab_night_autotune_v1] __main__: V2_SOURCE_QOS_FILTER in=3 out=1 drops={'source_qos_cap': 2} caps={'watchlist': 1}
2026-02-26 16:30:53,287 [INFO] [u_station_ab_night_autotune_v1] __main__: FILTER_FAIL token=AERO reason=source_qos_cap source=watchlist used=1/1
2026-02-26 16:30:53,287 [INFO] [u_station_ab_night_autotune_v1] __main__: FILTER_FAIL token=VIRTUAL reason=source_qos_cap source=watchlist used=1/1
2026-02-26 16:30:53,287 [INFO] [u_station_ab_night_autotune_v1] __main__: FILTER_PASS token=cbBTC tier=A score=100 mode=YELLOW risk=MEDIUM liq=19334458 vol5m=649611
2026-02-26 16:30:53,290 [INFO] [u_station_ab_night_autotune_v1] __main__: V2_QUALITY_GATE enabled=True regime=YELLOW in=1 out=0 core_out=0 explore_out=0 probe_out=0 quota=0 max_symbol_share=0.000 drop={'cooldown_bucket': 1} sources_used={}
2026-02-26 16:30:53,291 [INFO] [u_station_ab_night_autotune_v1] __main__: MARKET_REGIME mode=YELLOW reason=avg_cand=1.00 avg_cand_recent=1.00
2026-02-26 16:30:53,292 [INFO] [u_station_ab_night_autotune_v1] __main__: Scanned 3 tokens | High quality: 1 | Alerts sent: 0 | Trade candidates: 1 | Quality out/core/explore/probe: 0/0/0/0 | Opened: 0 | Mode: local | Source: onchain+market | Policy: raw=OK/effective=OK(healthy | route=allow_all) | Regime: YELLOW(avg_cand=1.00) | Safety: checked=1 fail_closed=0 reasons=api_code_4029:1 | FiltersTop(session): source_qos_cap:34,score_min:8,safe_age:7,safe_volume:3 | Dedup: heavy_skip=0 override=0 | V2Budget: 1/280 | SourceQoS: enabled=1/in=3/out=1/dropped=2/active_cd=0/drops=source_qos_cap:2 | Ingest: q=0/oldest=0.0s/drop_old=0/dedup_skip=0/enq=0/drain=0 | Sources: dex_boosts:ok=1/fail=0/429=0/lim_wait=0/cd_wait=0/err=0.0%/avg=167ms; dexscreener:ok=11/fail=0/429=0/lim_wait=0/cd_wait=0/err=0.0%/avg=44ms | Tasks: 3 | RSS: 0.0MB | CycleAvg: 7.67s
2026-02-26 16:30:57,722 [INFO] [u_station_ab_night_autotune_v1] __main__: WATCHLIST merged count=3
2026-02-26 16:30:57,722 [INFO] [u_station_ab_night_autotune_v1] trading.v2_runtime: V2_UNIVERSE in=3 dedup=3 out=3 target=3 novel_target=3 novel_out=0 repeat_dropped=0 symbol_dropped=0 surge_in=0 surge_target=0 surge_out=0
2026-02-26 16:30:57,723 [INFO] [u_station_ab_night_autotune_v1] __main__: V2_SOURCE_QOS_FILTER in=3 out=1 drops={'source_qos_cap': 2} caps={'watchlist': 1}
2026-02-26 16:30:57,725 [INFO] [u_station_ab_night_autotune_v1] __main__: FILTER_FAIL token=AERO reason=source_qos_cap source=watchlist used=1/1
2026-02-26 16:30:57,726 [INFO] [u_station_ab_night_autotune_v1] __main__: FILTER_FAIL token=VIRTUAL reason=source_qos_cap source=watchlist used=1/1
2026-02-26 16:30:57,727 [INFO] [u_station_ab_night_autotune_v1] __main__: FILTER_PASS token=cbBTC tier=A score=100 mode=YELLOW risk=MEDIUM liq=19334458 vol5m=649611
2026-02-26 16:30:57,728 [INFO] [u_station_ab_night_autotune_v1] __main__: V2_QUALITY_GATE enabled=True regime=YELLOW in=1 out=0 core_out=0 explore_out=0 probe_out=0 quota=0 max_symbol_share=0.000 drop={'cooldown_bucket': 1} sources_used={}
2026-02-26 16:30:57,729 [INFO] [u_station_ab_night_autotune_v1] __main__: MARKET_REGIME mode=YELLOW reason=avg_cand=1.00 avg_cand_recent=1.00
2026-02-26 16:30:57,730 [INFO] [u_station_ab_night_autotune_v1] __main__: Scanned 3 tokens | High quality: 1 | Alerts sent: 0 | Trade candidates: 1 | Quality out/core/explore/probe: 0/0/0/0 | Opened: 0 | Mode: local | Source: onchain+market | Policy: raw=OK/effective=OK(healthy | route=allow_all) | Regime: YELLOW(avg_cand=1.00) | Safety: checked=1 fail_closed=0 reasons=api_code_4029:1 | FiltersTop(session): source_qos_cap:36,score_min:8,safe_age:7,safe_volume:3 | Dedup: heavy_skip=0 override=0 | V2Budget: 1/280 | SourceQoS: enabled=1/in=3/out=1/dropped=2/active_cd=0/drops=source_qos_cap:2 | Ingest: q=0/oldest=0.0s/drop_old=0/dedup_skip=0/enq=0/drain=0 | Sources: dex_boosts:ok=1/fail=0/429=0/lim_wait=0/cd_wait=0/err=0.0%/avg=38ms; dexscreener:ok=11/fail=0/429=0/lim_wait=0/cd_wait=0/err=0.0%/avg=48ms | Tasks: 3 | RSS: 0.0MB | CycleAvg: 7.24s
2026-02-26 16:31:02,169 [INFO] [u_station_ab_night_autotune_v1] __main__: WATCHLIST merged count=3
2026-02-26 16:31:02,171 [INFO] [u_station_ab_night_autotune_v1] trading.v2_runtime: V2_UNIVERSE in=3 dedup=3 out=3 target=3 novel_target=3 novel_out=0 repeat_dropped=0 symbol_dropped=0 surge_in=0 surge_target=0 surge_out=0
2026-02-26 16:31:02,171 [INFO] [u_station_ab_night_autotune_v1] __main__: V2_SOURCE_QOS_FILTER in=3 out=1 drops={'source_qos_cap': 2} caps={'watchlist': 1}
2026-02-26 16:31:02,171 [INFO] [u_station_ab_night_autotune_v1] __main__: FILTER_FAIL token=AERO reason=source_qos_cap source=watchlist used=1/1
2026-02-26 16:31:02,175 [INFO] [u_station_ab_night_autotune_v1] __main__: FILTER_FAIL token=VIRTUAL reason=source_qos_cap source=watchlist used=1/1
2026-02-26 16:31:02,176 [INFO] [u_station_ab_night_autotune_v1] __main__: FILTER_PASS token=cbBTC tier=A score=100 mode=YELLOW risk=MEDIUM liq=19334458 vol5m=649611
2026-02-26 16:31:02,177 [INFO] [u_station_ab_night_autotune_v1] __main__: V2_QUALITY_GATE enabled=True regime=YELLOW in=1 out=0 core_out=0 explore_out=0 probe_out=0 quota=0 max_symbol_share=0.000 drop={'cooldown_bucket': 1} sources_used={}
2026-02-26 16:31:02,180 [INFO] [u_station_ab_night_autotune_v1] __main__: MARKET_REGIME mode=YELLOW reason=avg_cand=1.00 avg_cand_recent=1.00
2026-02-26 16:31:02,181 [INFO] [u_station_ab_night_autotune_v1] __main__: Scanned 3 tokens | High quality: 1 | Alerts sent: 0 | Trade candidates: 1 | Quality out/core/explore/probe: 0/0/0/0 | Opened: 0 | Mode: local | Source: onchain+market | Policy: raw=OK/effective=OK(healthy | route=allow_all) | Regime: YELLOW(avg_cand=1.00) | Safety: checked=1 fail_closed=0 reasons=api_code_4029:1 | FiltersTop(session): source_qos_cap:38,score_min:8,safe_age:7,safe_volume:3 | Dedup: heavy_skip=0 override=0 | V2Budget: 1/280 | SourceQoS: enabled=1/in=3/out=1/dropped=2/active_cd=0/drops=source_qos_cap:2 | Ingest: q=0/oldest=0.0s/drop_old=0/dedup_skip=0/enq=0/drain=0 | Sources: dex_boosts:ok=1/fail=0/429=0/lim_wait=0/cd_wait=0/err=0.0%/avg=44ms; dexscreener:ok=11/fail=0/429=0/lim_wait=0/cd_wait=0/err=0.0%/avg=196ms | Tasks: 3 | RSS: 0.0MB | CycleAvg: 6.86s
2026-02-26 16:31:06,599 [INFO] [u_station_ab_night_autotune_v1] __main__: WATCHLIST merged count=3
2026-02-26 16:31:06,600 [INFO] [u_station_ab_night_autotune_v1] trading.v2_runtime: V2_UNIVERSE in=3 dedup=3 out=3 target=3 novel_target=3 novel_out=0 repeat_dropped=0 symbol_dropped=0 surge_in=0 surge_target=0 surge_out=0
2026-02-26 16:31:06,600 [INFO] [u_station_ab_night_autotune_v1] __main__: V2_SOURCE_QOS_FILTER in=3 out=1 drops={'source_qos_cap': 2} caps={'watchlist': 1}
2026-02-26 16:31:06,600 [INFO] [u_station_ab_night_autotune_v1] __main__: FILTER_FAIL token=AERO reason=source_qos_cap source=watchlist used=1/1
2026-02-26 16:31:06,600 [INFO] [u_station_ab_night_autotune_v1] __main__: FILTER_FAIL token=VIRTUAL reason=source_qos_cap source=watchlist used=1/1
2026-02-26 16:31:06,603 [INFO] [u_station_ab_night_autotune_v1] __main__: FILTER_PASS token=cbBTC tier=A score=100 mode=YELLOW risk=MEDIUM liq=19334458 vol5m=649611
2026-02-26 16:31:06,603 [INFO] [u_station_ab_night_autotune_v1] __main__: V2_QUALITY_GATE enabled=True regime=YELLOW in=1 out=0 core_out=0 explore_out=0 probe_out=0 quota=0 max_symbol_share=0.000 drop={'cooldown_bucket': 1} sources_used={}
2026-02-26 16:31:06,603 [INFO] [u_station_ab_night_autotune_v1] __main__: MARKET_REGIME mode=YELLOW reason=avg_cand=1.00 avg_cand_recent=1.00
2026-02-26 16:31:06,603 [INFO] [u_station_ab_night_autotune_v1] __main__: Scanned 3 tokens | High quality: 1 | Alerts sent: 0 | Trade candidates: 1 | Quality out/core/explore/probe: 0/0/0/0 | Opened: 0 | Mode: local | Source: onchain+market | Policy: raw=OK/effective=OK(healthy | route=allow_all) | Regime: YELLOW(avg_cand=1.00) | Safety: checked=1 fail_closed=0 reasons=api_code_4029:1 | FiltersTop(session): source_qos_cap:40,score_min:8,safe_age:7,safe_volume:3 | Dedup: heavy_skip=0 override=0 | V2Budget: 1/280 | SourceQoS: enabled=1/in=3/out=1/dropped=2/active_cd=0/drops=source_qos_cap:2 | Ingest: q=0/oldest=0.0s/drop_old=0/dedup_skip=0/enq=0/drain=0 | Sources: dex_boosts:ok=1/fail=0/429=0/lim_wait=0/cd_wait=0/err=0.0%/avg=58ms; dexscreener:ok=11/fail=0/429=0/lim_wait=0/cd_wait=0/err=0.0%/avg=47ms | Tasks: 3 | RSS: 0.0MB | CycleAvg: 6.53s
2026-02-26 16:31:15,584 [INFO] [u_station_ab_night_autotune_v1] __main__: WATCHLIST merged count=3
2026-02-26 16:31:15,584 [INFO] [u_station_ab_night_autotune_v1] trading.v2_runtime: V2_UNIVERSE in=3 dedup=3 out=3 target=3 novel_target=3 novel_out=0 repeat_dropped=0 symbol_dropped=0 surge_in=0 surge_target=0 surge_out=0
2026-02-26 16:31:15,600 [INFO] [u_station_ab_night_autotune_v1] __main__: V2_SOURCE_QOS_FILTER in=3 out=1 drops={'source_qos_cap': 2} caps={'watchlist': 1}
2026-02-26 16:31:15,604 [INFO] [u_station_ab_night_autotune_v1] __main__: FILTER_FAIL token=AERO reason=source_qos_cap source=watchlist used=1/1
2026-02-26 16:31:15,604 [INFO] [u_station_ab_night_autotune_v1] __main__: FILTER_FAIL token=VIRTUAL reason=source_qos_cap source=watchlist used=1/1
2026-02-26 16:31:15,604 [INFO] [u_station_ab_night_autotune_v1] __main__: FILTER_PASS token=cbBTC tier=A score=100 mode=YELLOW risk=MEDIUM liq=19334458 vol5m=649611
2026-02-26 16:31:15,604 [INFO] [u_station_ab_night_autotune_v1] __main__: V2_QUALITY_GATE enabled=True regime=YELLOW in=1 out=1 core_out=0 explore_out=1 probe_out=1 quota=1 max_symbol_share=1.000 drop={} sources_used={'watchlist': 1}
2026-02-26 16:31:15,604 [INFO] [u_station_ab_night_autotune_v1] __main__: V2_ENTRY_ROUTE enabled=True regime=YELLOW in=1 out=1 core_out=0 explore_out=1 quota=1 allow_explore=True
2026-02-26 16:31:15,604 [INFO] [u_station_ab_night_autotune_v1] __main__: MARKET_REGIME mode=YELLOW reason=avg_cand=1.00 avg_cand_recent=1.00
2026-02-26 16:31:15,636 [INFO] [u_station_ab_night_autotune_v1] trading.auto_trader: AutoTrade adjust token=cbBTC reason=min_trade_floor size=$0.02->$0.10 min=$0.10
2026-02-26 16:31:15,636 [INFO] [u_station_ab_night_autotune_v1] trading.auto_trader: AutoTrade skip token=cbBTC reason=ev_net_low expected_net=$-0.00498 min=$-0.00354 samples=32 conf=1.00 pwin=0.34 avg_win=$0.0031 avg_loss=$0.0118 kelly=0.000 mem=bad=True severe=False trades=7 avg=-0.00032 loss_share=0.29 size_mult=0.80 edge_mult=1.10 p=0.74
2026-02-26 16:31:15,636 [INFO] [u_station_ab_night_autotune_v1] trading.auto_trader: AutoTrade batch mode=top_n candidates=1 eligible=1 selected=1 opened=0 pe=off burst_window=0
2026-02-26 16:31:15,636 [INFO] [u_station_ab_night_autotune_v1] trading.auto_trader: PAPER_SUMMARY window=60s closed_delta=0 wins_delta=0 losses_delta=0 realized_delta=$0.00 total_closed=35 winrate_total=37.1% realized_total=$0.37 balance=$7.37 equity=$7.37 open=0
2026-02-26 16:31:15,636 [INFO] [u_station_ab_night_autotune_v1] __main__: Scanned 3 tokens | High quality: 1 | Alerts sent: 0 | Trade candidates: 1 | Quality out/core/explore/probe: 1/0/1/1 | Opened: 0 | Mode: local | Source: onchain+market | Policy: raw=OK/effective=OK(healthy | route=allow_all) | Regime: YELLOW(avg_cand=1.00) | Safety: checked=1 fail_closed=0 reasons=api_code_4029:1 | FiltersTop(session): source_qos_cap:42,score_min:8,safe_age:7,safe_volume:3 | Dedup: heavy_skip=0 override=0 | V2Budget: 1/280 | SourceQoS: enabled=1/in=3/out=1/dropped=2/active_cd=0/drops=source_qos_cap:2 | Ingest: q=0/oldest=0.0s/drop_old=0/dedup_skip=0/enq=0/drain=0 | Sources: dex_boosts:ok=1/fail=0/429=0/lim_wait=0/cd_wait=0/err=0.0%/avg=64ms; dexscreener:ok=11/fail=0/429=0/lim_wait=1/cd_wait=0/err=0.0%/avg=54ms | Tasks: 3 | RSS: 0.0MB | CycleAvg: 6.22s
2026-02-26 16:31:30,593 [INFO] [u_station_ab_night_autotune_v1] __main__: WATCHLIST merged count=3
2026-02-26 16:31:30,593 [INFO] [u_station_ab_night_autotune_v1] trading.v2_runtime: V2_UNIVERSE in=3 dedup=3 out=3 target=3 novel_target=3 novel_out=0 repeat_dropped=0 symbol_dropped=0 surge_in=0 surge_target=0 surge_out=0
2026-02-26 16:31:30,593 [INFO] [u_station_ab_night_autotune_v1] __main__: V2_SOURCE_QOS_FILTER in=3 out=1 drops={'source_qos_cap': 2} caps={'watchlist': 1}
2026-02-26 16:31:30,593 [INFO] [u_station_ab_night_autotune_v1] __main__: FILTER_FAIL token=AERO reason=source_qos_cap source=watchlist used=1/1
2026-02-26 16:31:30,593 [INFO] [u_station_ab_night_autotune_v1] __main__: FILTER_FAIL token=VIRTUAL reason=source_qos_cap source=watchlist used=1/1
2026-02-26 16:31:30,593 [INFO] [u_station_ab_night_autotune_v1] __main__: FILTER_PASS token=cbBTC tier=A score=100 mode=YELLOW risk=MEDIUM liq=19334458 vol5m=649611
2026-02-26 16:31:30,593 [INFO] [u_station_ab_night_autotune_v1] __main__: V2_QUALITY_GATE enabled=True regime=YELLOW in=1 out=0 core_out=0 explore_out=0 probe_out=0 quota=0 max_symbol_share=0.000 drop={'cooldown_bucket': 1} sources_used={}
2026-02-26 16:31:30,593 [INFO] [u_station_ab_night_autotune_v1] __main__: MARKET_REGIME mode=YELLOW reason=avg_cand=1.00 avg_cand_recent=1.00
2026-02-26 16:31:30,593 [INFO] [u_station_ab_night_autotune_v1] __main__: Scanned 3 tokens | High quality: 1 | Alerts sent: 0 | Trade candidates: 1 | Quality out/core/explore/probe: 0/0/0/0 | Opened: 0 | Mode: local | Source: onchain+market | Policy: raw=OK/effective=OK(healthy | route=allow_all) | Regime: YELLOW(avg_cand=1.00) | Safety: checked=1 fail_closed=0 reasons=api_code_4029:1 | FiltersTop(session): source_qos_cap:44,score_min:8,safe_age:7,safe_volume:3 | Dedup: heavy_skip=0 override=0 | V2Budget: 1/280 | SourceQoS: enabled=1/in=3/out=1/dropped=2/active_cd=0/drops=source_qos_cap:2 | Ingest: q=0/oldest=0.0s/drop_old=0/dedup_skip=0/enq=0/drain=0 | Sources: dex_boosts:ok=1/fail=0/429=0/lim_wait=0/cd_wait=0/err=0.0%/avg=39ms; dexscreener:ok=11/fail=0/429=0/lim_wait=1/cd_wait=0/err=0.0%/avg=46ms | Tasks: 3 | RSS: 0.0MB | CycleAvg: 6.16s
2026-02-26 16:31:35,104 [INFO] [u_station_ab_night_autotune_v1] __main__: WATCHLIST merged count=3
2026-02-26 16:31:35,104 [INFO] [u_station_ab_night_autotune_v1] trading.v2_runtime: V2_UNIVERSE in=6 dedup=6 out=6 target=6 novel_target=6 novel_out=3 repeat_dropped=0 symbol_dropped=0 surge_in=0 surge_target=0 surge_out=0
2026-02-26 16:31:35,104 [INFO] [u_station_ab_night_autotune_v1] __main__: V2_SOURCE_QOS_FILTER in=6 out=3 drops={'source_qos_symbol_cap': 1, 'source_qos_cap': 2} caps={'geckoterminal': 287, 'watchlist': 1}
2026-02-26 16:31:35,104 [INFO] [u_station_ab_night_autotune_v1] __main__: FILTER_FAIL token=Keef reason=source_qos_symbol_cap symbol=KEEF used=1/1
2026-02-26 16:31:35,104 [INFO] [u_station_ab_night_autotune_v1] __main__: FILTER_FAIL token=AERO reason=source_qos_cap source=watchlist used=1/1
2026-02-26 16:31:35,119 [INFO] [u_station_ab_night_autotune_v1] __main__: FILTER_FAIL token=VIRTUAL reason=source_qos_cap source=watchlist used=1/1
2026-02-26 16:31:35,119 [INFO] [u_station_ab_night_autotune_v1] __main__: FILTER_PASS token=cbBTC tier=A score=100 mode=YELLOW risk=MEDIUM liq=19334458 vol5m=649611
2026-02-26 16:31:35,119 [INFO] [u_station_ab_night_autotune_v1] __main__: FILTER_FAIL token=Keef reason=safe_age
2026-02-26 16:31:35,119 [INFO] [u_station_ab_night_autotune_v1] __main__: FILTER_FAIL token=MOLTD reason=safe_age
2026-02-26 16:31:35,119 [INFO] [u_station_ab_night_autotune_v1] __main__: V2_QUALITY_GATE enabled=True regime=YELLOW in=1 out=0 core_out=0 explore_out=0 probe_out=0 quota=0 max_symbol_share=0.000 drop={'cooldown_bucket': 1} sources_used={}
2026-02-26 16:31:35,119 [INFO] [u_station_ab_night_autotune_v1] __main__: MARKET_REGIME mode=YELLOW reason=avg_cand=1.00 avg_cand_recent=1.00
2026-02-26 16:31:35,119 [INFO] [u_station_ab_night_autotune_v1] __main__: Scanned 6 tokens | High quality: 2 | Alerts sent: 0 | Trade candidates: 1 | Quality out/core/explore/probe: 0/0/0/0 | Opened: 0 | Mode: local | Source: onchain+market | Policy: raw=OK/effective=OK(healthy | route=allow_all) | Regime: YELLOW(avg_cand=1.00) | Safety: checked=1 fail_closed=0 reasons=api_code_4029:1 | FiltersTop(session): source_qos_cap:46,safe_age:9,score_min:8,source_qos_symbol_cap:3 | Dedup: heavy_skip=0 override=0 | V2Budget: 1/280 | SourceQoS: enabled=1/in=6/out=3/dropped=3/active_cd=0/drops=source_qos_cap:2,source_qos_symbol_cap:1 | Ingest: q=0/oldest=0.0s/drop_old=0/dedup_skip=0/enq=3/drain=3 | Sources: dex_boosts:ok=1/fail=0/429=0/lim_wait=0/cd_wait=0/err=0.0%/avg=48ms; dexscreener:ok=11/fail=0/429=0/lim_wait=1/cd_wait=0/err=0.0%/avg=237ms; geckoterminal:ok=1/fail=0/429=0/lim_wait=0/cd_wait=0/err=0.0%/avg=788ms | Tasks: 3 | RSS: 0.0MB | CycleAvg: 6.38s
2026-02-26 16:31:39,537 [INFO] [u_station_ab_night_autotune_v1] __main__: WATCHLIST merged count=3
2026-02-26 16:31:39,537 [INFO] [u_station_ab_night_autotune_v1] trading.v2_runtime: V2_UNIVERSE in=3 dedup=3 out=3 target=3 novel_target=3 novel_out=0 repeat_dropped=0 symbol_dropped=0 surge_in=0 surge_target=0 surge_out=0
2026-02-26 16:31:39,537 [INFO] [u_station_ab_night_autotune_v1] __main__: V2_SOURCE_QOS_FILTER in=3 out=1 drops={'source_qos_cap': 2} caps={'watchlist': 1}
2026-02-26 16:31:39,537 [INFO] [u_station_ab_night_autotune_v1] __main__: FILTER_FAIL token=AERO reason=source_qos_cap source=watchlist used=1/1
2026-02-26 16:31:39,537 [INFO] [u_station_ab_night_autotune_v1] __main__: FILTER_FAIL token=VIRTUAL reason=source_qos_cap source=watchlist used=1/1
2026-02-26 16:31:39,537 [INFO] [u_station_ab_night_autotune_v1] __main__: FILTER_PASS token=cbBTC tier=A score=100 mode=YELLOW risk=MEDIUM liq=19334458 vol5m=649611
2026-02-26 16:31:39,537 [INFO] [u_station_ab_night_autotune_v1] __main__: V2_QUALITY_GATE enabled=True regime=YELLOW in=1 out=0 core_out=0 explore_out=0 probe_out=0 quota=0 max_symbol_share=0.000 drop={'cooldown_bucket': 1} sources_used={}
2026-02-26 16:31:39,537 [INFO] [u_station_ab_night_autotune_v1] __main__: MARKET_REGIME mode=YELLOW reason=avg_cand=1.00 avg_cand_recent=1.00
2026-02-26 16:31:39,552 [INFO] [u_station_ab_night_autotune_v1] __main__: Scanned 3 tokens | High quality: 1 | Alerts sent: 0 | Trade candidates: 1 | Quality out/core/explore/probe: 0/0/0/0 | Opened: 0 | Mode: local | Source: onchain+market | Policy: raw=OK/effective=OK(healthy | route=allow_all) | Regime: YELLOW(avg_cand=1.00) | Safety: checked=1 fail_closed=0 reasons=api_code_4029:1 | FiltersTop(session): source_qos_cap:48,safe_age:9,score_min:8,source_qos_symbol_cap:3 | Dedup: heavy_skip=0 override=0 | V2Budget: 1/280 | SourceQoS: enabled=1/in=3/out=1/dropped=2/active_cd=0/drops=source_qos_cap:2 | Ingest: q=0/oldest=0.0s/drop_old=0/dedup_skip=0/enq=0/drain=0 | Sources: dex_boosts:ok=1/fail=0/429=0/lim_wait=0/cd_wait=0/err=0.0%/avg=61ms; dexscreener:ok=11/fail=0/429=0/lim_wait=1/cd_wait=0/err=0.0%/avg=52ms | Tasks: 3 | RSS: 0.0MB | CycleAvg: 6.13s
2026-02-26 16:31:44,004 [INFO] [u_station_ab_night_autotune_v1] __main__: WATCHLIST merged count=3
2026-02-26 16:31:44,004 [INFO] [u_station_ab_night_autotune_v1] trading.v2_runtime: V2_UNIVERSE in=3 dedup=3 out=3 target=3 novel_target=3 novel_out=0 repeat_dropped=0 symbol_dropped=0 surge_in=0 surge_target=0 surge_out=0
2026-02-26 16:31:44,004 [INFO] [u_station_ab_night_autotune_v1] __main__: V2_SOURCE_QOS_FILTER in=3 out=1 drops={'source_qos_cap': 2} caps={'watchlist': 1}
2026-02-26 16:31:44,004 [INFO] [u_station_ab_night_autotune_v1] __main__: FILTER_FAIL token=AERO reason=source_qos_cap source=watchlist used=1/1
2026-02-26 16:31:44,004 [INFO] [u_station_ab_night_autotune_v1] __main__: FILTER_FAIL token=VIRTUAL reason=source_qos_cap source=watchlist used=1/1
2026-02-26 16:31:44,004 [INFO] [u_station_ab_night_autotune_v1] __main__: FILTER_PASS token=cbBTC tier=A score=100 mode=YELLOW risk=MEDIUM liq=19334458 vol5m=649611
2026-02-26 16:31:44,004 [INFO] [u_station_ab_night_autotune_v1] __main__: V2_QUALITY_GATE enabled=True regime=YELLOW in=1 out=0 core_out=0 explore_out=0 probe_out=0 quota=0 max_symbol_share=0.000 drop={'cooldown_bucket': 1} sources_used={}
2026-02-26 16:31:44,004 [INFO] [u_station_ab_night_autotune_v1] __main__: MARKET_REGIME mode=YELLOW reason=avg_cand=1.00 avg_cand_recent=1.00
2026-02-26 16:31:44,004 [INFO] [u_station_ab_night_autotune_v1] __main__: Scanned 3 tokens | High quality: 1 | Alerts sent: 0 | Trade candidates: 1 | Quality out/core/explore/probe: 0/0/0/0 | Opened: 0 | Mode: local | Source: onchain+market | Policy: raw=OK/effective=OK(healthy | route=allow_all) | Regime: YELLOW(avg_cand=1.00) | Safety: checked=1 fail_closed=0 reasons=api_code_4029:1 | FiltersTop(session): source_qos_cap:50,safe_age:9,score_min:8,source_qos_symbol_cap:3 | Dedup: heavy_skip=0 override=0 | V2Budget: 1/280 | SourceQoS: enabled=1/in=3/out=1/dropped=2/active_cd=0/drops=source_qos_cap:2 | Ingest: q=0/oldest=0.0s/drop_old=0/dedup_skip=0/enq=0/drain=0 | Sources: dex_boosts:ok=1/fail=0/429=0/lim_wait=0/cd_wait=0/err=0.0%/avg=41ms; dexscreener:ok=11/fail=0/429=0/lim_wait=1/cd_wait=0/err=0.0%/avg=46ms | Tasks: 3 | RSS: 0.0MB | CycleAvg: 5.89s
2026-02-26 16:31:48,019 [WARNING] [u_station_ab_night_autotune_v1] __main__: GRACEFUL_STOP requested path=D:\earnforme\solana-alert-bot\data\graceful_stop.u_station_ab_night_autotune_v1.signal
2026-02-26 16:31:48,067 [INFO] [u_station_ab_night_autotune_v1] trading.auto_trader: AUTOTRADER_SHUTDOWN reason=main_local_shutdown open=0 closed=35
