2026-02-26 16:47:59,458 [INFO] [u_station_ab_night_autotune_v1] __main__: SESSION_LOG file=logs/matrix/u_station_ab_night_autotune_v1\sessions\main_local_20260226_154759_pid6384.log
2026-02-26 16:47:59,484 [INFO] [u_station_ab_night_autotune_v1] trading.auto_trader_state: AutoTrade state loaded open=0 closed=35 balance=$7.37
2026-02-26 16:47:59,497 [WARNING] [u_station_ab_night_autotune_v1] trading.auto_trader: DATA_POLICY mode=OK reason=init_reset_manual prev_mode=OK prev_reason=healthy | route=allow_all
2026-02-26 16:47:59,497 [INFO] [u_station_ab_night_autotune_v1] __main__: AUTOTRADER_INIT state=ready reason=manual mode=paper
2026-02-26 16:47:59,498 [INFO] [u_station_ab_night_autotune_v1] __main__: Local mode started (Telegram disabled).
2026-02-26 16:48:01,504 [INFO] [u_station_ab_night_autotune_v1] __main__: WATCHLIST merged count=4
2026-02-26 16:48:01,505 [INFO] [u_station_ab_night_autotune_v1] trading.v2_runtime: V2_UNIVERSE in=15 dedup=15 out=15 target=15 novel_target=13 novel_out=15 repeat_dropped=0 symbol_dropped=0 surge_in=3 surge_target=3 surge_out=3
2026-02-26 16:48:01,507 [INFO] [u_station_ab_night_autotune_v1] __main__: V2_SOURCE_QOS_FILTER in=15 out=11 drops={'source_qos_symbol_cap': 1, 'source_qos_cap': 3} caps={'geckoterminal': 287, 'watchlist': 1}
2026-02-26 16:48:01,508 [INFO] [u_station_ab_night_autotune_v1] __main__: FILTER_FAIL token=CLAWSPOT reason=source_qos_symbol_cap symbol=CLAWSPOT used=1/1
2026-02-26 16:48:01,509 [INFO] [u_station_ab_night_autotune_v1] __main__: FILTER_FAIL token=AERO reason=source_qos_cap source=watchlist used=1/1
2026-02-26 16:48:01,510 [INFO] [u_station_ab_night_autotune_v1] __main__: FILTER_FAIL token=FELIX reason=source_qos_cap source=watchlist used=1/1
2026-02-26 16:48:01,514 [INFO] [u_station_ab_night_autotune_v1] __main__: FILTER_FAIL token=VIRTUAL reason=source_qos_cap source=watchlist used=1/1
2026-02-26 16:48:01,514 [INFO] [u_station_ab_night_autotune_v1] __main__: FILTER_PASS token=SURVIVAL tier=A score=90 mode=YELLOW risk=MEDIUM liq=20484 vol5m=17575
2026-02-26 16:48:01,516 [INFO] [u_station_ab_night_autotune_v1] monitor.local_alerter: Local alert token=SURVIVAL address=0x43706e74e2179fc525d84a72428d4c6ba29ceb07 score=90 reco=BUY risk=MEDIUM warnings=0 liq=20484 vol5m=17575
2026-02-26 16:48:01,516 [INFO] [u_station_ab_night_autotune_v1] __main__: FILTER_PASS token=cbBTC tier=A score=100 mode=YELLOW risk=MEDIUM liq=19374217 vol5m=477007
2026-02-26 16:48:01,519 [INFO] [u_station_ab_night_autotune_v1] __main__: FILTER_FAIL token=SUSW reason=safe_age
2026-02-26 16:48:01,520 [INFO] [u_station_ab_night_autotune_v1] __main__: FILTER_FAIL token=CLAWSPOT reason=safe_change_5m
2026-02-26 16:48:01,521 [INFO] [u_station_ab_night_autotune_v1] __main__: FILTER_PASS token=HASS tier=A score=70 mode=YELLOW risk=MEDIUM liq=22429 vol5m=2579
2026-02-26 16:48:01,523 [INFO] [u_station_ab_night_autotune_v1] monitor.local_alerter: Local alert token=HASS address=0xaf3f3ff10680cdb6a2022502c8d8cd5a04572ba3 score=70 reco=BUY risk=MEDIUM warnings=0 liq=22429 vol5m=2579
2026-02-26 16:48:01,525 [INFO] [u_station_ab_night_autotune_v1] __main__: FILTER_FAIL token=CHARLES reason=safe_age
2026-02-26 16:48:01,525 [INFO] [u_station_ab_night_autotune_v1] __main__: FILTER_PASS token=DAI tier=A score=60 mode=YELLOW risk=MEDIUM liq=21269 vol5m=1002
2026-02-26 16:48:01,527 [INFO] [u_station_ab_night_autotune_v1] monitor.local_alerter: Local alert token=DAI address=0x886d9d2fd68ed40d2d8e9627fb15cc2566b0aba3 score=60 reco=HOLD risk=MEDIUM warnings=0 liq=21269 vol5m=1002
2026-02-26 16:48:01,527 [INFO] [u_station_ab_night_autotune_v1] __main__: FILTER_PASS token=LAUN tier=A score=60 mode=YELLOW risk=MEDIUM liq=20670 vol5m=801
2026-02-26 16:48:01,529 [INFO] [u_station_ab_night_autotune_v1] monitor.local_alerter: Local alert token=LAUN address=0x8c53adea466fe413af190cda0f4f6c5c9a022ba3 score=60 reco=HOLD risk=MEDIUM warnings=0 liq=20670 vol5m=801
2026-02-26 16:48:01,531 [INFO] [u_station_ab_night_autotune_v1] __main__: FILTER_FAIL token=GACCI reason=score_min score=30 strict_min=48 soft_min=48 mode=YELLOW
2026-02-26 16:48:01,532 [INFO] [u_station_ab_night_autotune_v1] __main__: FILTER_FAIL token=MINI25 reason=safe_age
2026-02-26 16:48:01,534 [INFO] [u_station_ab_night_autotune_v1] __main__: FILTER_FAIL token=Mendel reason=safe_volume vol5m=2 min=9 regime=YELLOW
2026-02-26 16:48:01,535 [INFO] [u_station_ab_night_autotune_v1] trading.v2_runtime: V2_QUALITY_ROTATE symbols_core=0 symbols_cooldown=1 sources=2 top_core=- top_cooldown=CBBTC:-0.0003/14
2026-02-26 16:48:01,536 [INFO] [u_station_ab_night_autotune_v1] __main__: V2_QUALITY_GATE enabled=True regime=YELLOW in=5 out=4 core_out=1 explore_out=3 probe_out=0 quota=3 max_symbol_share=0.250 drop={'cooldown_bucket': 1, 'source_budget': 1, 'duplicate_address': 3} sources_used={'geckoterminal': 4}
2026-02-26 16:48:01,539 [INFO] [u_station_ab_night_autotune_v1] __main__: V2_ENTRY_ROUTE enabled=True regime=YELLOW in=4 out=3 core_out=1 explore_out=2 quota=2 allow_explore=True
2026-02-26 16:48:01,539 [WARNING] [u_station_ab_night_autotune_v1] trading.auto_trader: DATA_POLICY mode=OK reason=healthy | route=allow_all prev_mode=OK prev_reason=init_reset_manual
2026-02-26 16:48:01,541 [INFO] [u_station_ab_night_autotune_v1] __main__: MARKET_REGIME mode=YELLOW reason=hysteresis_recover_wait 1/4 raw=GREEN avg_cand_recent=5.00
2026-02-26 16:48:01,569 [INFO] [u_station_ab_night_autotune_v1] trading.auto_trader: AutoTrade skip token=SURVIVAL reason=edge_low mode=both edge=-1.01% raw=-0.93% mult=1.08 min=0.21% probe_min=0.21% edge_usd=$-0.005 min_usd=$0.001 probe_min_usd=$0.001 size=$0.45 gross=8.00% costs=8.93% pwin=0.75 probe=- budget=0/1
2026-02-26 16:48:01,586 [INFO] [u_station_ab_night_autotune_v1] trading.auto_trader: AutoTrade adjust token=HASS reason=min_trade_floor size=$0.02->$0.10 min=$0.10
2026-02-26 16:48:01,587 [INFO] [u_station_ab_night_autotune_v1] trading.auto_trader: AutoTrade skip token=HASS reason=edge_low mode=both edge=-31.54% raw=-29.20% mult=1.08 min=0.19% probe_min=0.19% edge_usd=$-0.032 min_usd=$0.002 probe_min_usd=$0.002 size=$0.10 gross=1.60% costs=30.80% pwin=0.35 probe=- budget=0/1
2026-02-26 16:48:01,588 [INFO] [u_station_ab_night_autotune_v1] trading.auto_trader: AutoTrade batch mode=top_n candidates=3 eligible=2 selected=2 opened=0 pe=off burst_window=0
2026-02-26 16:48:01,590 [INFO] [u_station_ab_night_autotune_v1] __main__: FILTER_THRESHOLDS safe_volume_5m_min=$8 safe_liquidity_min=$8000 safe_age_min=240s score_min=48 edge_min=0.20% lock_floor=0.95 no_momentum_max_pnl=0.25 weakness_pnl=-2.60
2026-02-26 16:48:01,590 [INFO] [u_station_ab_night_autotune_v1] __main__: Scanned 15 tokens | High quality: 5 | Alerts sent: 4 | Trade candidates: 5 | Quality out/core/explore/probe: 4/1/3/0 | Opened: 0 | Mode: local | Source: onchain+market | Policy: raw=OK/effective=OK(healthy | route=allow_all) | Regime: YELLOW(hysteresis_recover_wait 1/4 raw=GREEN) | Safety: checked=5 fail_closed=0 reasons=api_code_4029:5 | FiltersTop(session): source_qos_cap:3,safe_age:3,source_qos_symbol_cap:1,safe_change_5m:1 | Dedup: heavy_skip=0 override=0 | V2Budget: 5/280 | SourceQoS: enabled=1/in=15/out=11/dropped=4/active_cd=0/drops=source_qos_cap:3,source_qos_symbol_cap:1 | Ingest: q=0/oldest=0.0s/drop_old=0/dedup_skip=0/enq=11/drain=11 | Sources: dex_boosts:ok=1/fail=0/429=0/lim_wait=0/cd_wait=0/err=0.0%/avg=106ms; dexscreener:ok=11/fail=0/429=0/lim_wait=0/cd_wait=0/err=0.0%/avg=258ms; geckoterminal:ok=2/fail=0/429=0/lim_wait=0/cd_wait=0/err=0.0%/avg=86ms; watchlist_dex:ok=10/fail=0/429=0/lim_wait=0/cd_wait=0/err=0.0%/avg=94ms; watchlist_gecko:ok=6/fail=0/429=0/lim_wait=0/cd_wait=0/err=0.0%/avg=519ms | Tasks: 3 | RSS: 0.0MB | CycleAvg: 0.00s
2026-02-26 16:48:05,891 [INFO] [u_station_ab_night_autotune_v1] monitor.onchain_factory: PAIR_DETECTED source=uniswap_v2 dex=uniswap_v2 pair=0x961a60f2e6b3f05f881bfb2efd90b0a93f324548 token0=0x4200000000000000000000000000000000000006 token1=0x67427bedb430417357435983cbca49e55aefeb07 block=42665765 factory=0x8909dc15e40173ff4699343b6eb8132c65e18ec6
2026-02-26 16:48:06,409 [INFO] [u_station_ab_night_autotune_v1] monitor.onchain_factory: ENRICH_RETRY token=0x67427bedb430417357435983cbca49e55aefeb07 pair=0x961a60f2e6b3f05f881bfb2efd90b0a93f324548 attempt=1/2 delay=10s
2026-02-26 16:48:16,562 [INFO] [u_station_ab_night_autotune_v1] __main__: WATCHLIST merged count=4
2026-02-26 16:48:16,563 [INFO] [u_station_ab_night_autotune_v1] trading.v2_runtime: V2_UNIVERSE in=4 dedup=4 out=4 target=4 novel_target=4 novel_out=0 repeat_dropped=0 symbol_dropped=0 surge_in=0 surge_target=0 surge_out=0
2026-02-26 16:48:16,564 [INFO] [u_station_ab_night_autotune_v1] __main__: V2_SOURCE_QOS_FILTER in=4 out=3 drops={'source_qos_cap': 1} caps={'watchlist': 3}
2026-02-26 16:48:16,565 [INFO] [u_station_ab_night_autotune_v1] __main__: FILTER_FAIL token=VIRTUAL reason=source_qos_cap source=watchlist used=3/3
2026-02-26 16:48:16,565 [INFO] [u_station_ab_night_autotune_v1] __main__: FILTER_PASS token=cbBTC tier=A score=100 mode=YELLOW risk=MEDIUM liq=19374217 vol5m=477007
2026-02-26 16:48:16,566 [INFO] [u_station_ab_night_autotune_v1] __main__: FILTER_PASS token=AERO tier=A score=95 mode=YELLOW risk=MEDIUM liq=1342148 vol5m=9942
2026-02-26 16:48:16,567 [INFO] [u_station_ab_night_autotune_v1] __main__: FILTER_PASS token=FELIX tier=A score=100 mode=YELLOW risk=MEDIUM liq=1388266 vol5m=11146
2026-02-26 16:48:16,570 [INFO] [u_station_ab_night_autotune_v1] __main__: V2_QUALITY_GATE enabled=True regime=YELLOW in=3 out=2 core_out=1 explore_out=1 probe_out=0 quota=1 max_symbol_share=0.500 drop={'cooldown_bucket': 1, 'duplicate_address': 2} sources_used={'watchlist': 2}
2026-02-26 16:48:16,572 [INFO] [u_station_ab_night_autotune_v1] __main__: V2_ENTRY_ROUTE enabled=True regime=YELLOW in=2 out=2 core_out=1 explore_out=1 quota=1 allow_explore=True
2026-02-26 16:48:16,572 [INFO] [u_station_ab_night_autotune_v1] __main__: MARKET_REGIME mode=YELLOW reason=hysteresis_recover_wait 2/4 raw=GREEN avg_cand_recent=4.00
2026-02-26 16:48:16,574 [INFO] [u_station_ab_night_autotune_v1] trading.auto_trader: AutoTrade skip token=FELIX reason=excluded_symbol
2026-02-26 16:48:16,586 [INFO] [u_station_ab_night_autotune_v1] trading.auto_trader: AutoTrade skip token=AERO reason=edge_low mode=both edge=-21.20% raw=-19.63% mult=1.08 min=0.18% probe_min=0.18% edge_usd=$-0.022 min_usd=$0.002 probe_min_usd=$0.002 size=$0.10 gross=9.60% costs=29.23% pwin=0.85 probe=- budget=0/1
2026-02-26 16:48:16,587 [INFO] [u_station_ab_night_autotune_v1] trading.auto_trader: AutoTrade batch mode=top_n candidates=2 eligible=2 selected=2 opened=0 pe=off burst_window=0
2026-02-26 16:48:16,588 [INFO] [u_station_ab_night_autotune_v1] __main__: Scanned 4 tokens | High quality: 3 | Alerts sent: 0 | Trade candidates: 3 | Quality out/core/explore/probe: 2/1/1/0 | Opened: 0 | Mode: local | Source: onchain+market | Policy: raw=OK/effective=OK(healthy | route=allow_all) | Regime: YELLOW(hysteresis_recover_wait 2/4 raw=GREEN) | Safety: checked=3 fail_closed=0 reasons=api_code_4029:3 | FiltersTop(session): source_qos_cap:4,safe_age:3,source_qos_symbol_cap:1,safe_change_5m:1 | Dedup: heavy_skip=0 override=0 | V2Budget: 3/280 | SourceQoS: enabled=1/in=4/out=3/dropped=1/active_cd=0/drops=source_qos_cap:1 | Ingest: q=0/oldest=0.0s/drop_old=0/dedup_skip=0/enq=0/drain=0 | Sources: dex_boosts:ok=1/fail=0/429=0/lim_wait=0/cd_wait=0/err=0.0%/avg=40ms; dexscreener:ok=11/fail=0/429=0/lim_wait=0/cd_wait=0/err=0.0%/avg=41ms; onchain_enrich:ok=4/fail=0/429=0/lim_wait=0/cd_wait=0/err=0.0%/avg=116ms; onchain_weth_price:ok=1/fail=0/429=0/lim_wait=0/cd_wait=0/err=0.0%/avg=59ms | Tasks: 3 | RSS: 0.0MB | CycleAvg: 2.09s
2026-02-26 16:48:21,094 [INFO] [u_station_ab_night_autotune_v1] monitor.onchain_factory: ENRICH_RETRY token=0x67427bedb430417357435983cbca49e55aefeb07 pair=0x961a60f2e6b3f05f881bfb2efd90b0a93f324548 attempt=1/2 delay=10s
2026-02-26 16:48:31,186 [INFO] [u_station_ab_night_autotune_v1] __main__: WATCHLIST merged count=4
2026-02-26 16:48:31,187 [INFO] [u_station_ab_night_autotune_v1] trading.v2_runtime: V2_UNIVERSE in=4 dedup=4 out=4 target=4 novel_target=4 novel_out=0 repeat_dropped=0 symbol_dropped=0 surge_in=0 surge_target=0 surge_out=0
2026-02-26 16:48:31,187 [INFO] [u_station_ab_night_autotune_v1] __main__: V2_SOURCE_QOS_FILTER in=4 out=3 drops={'source_qos_cap': 1} caps={'watchlist': 3}
2026-02-26 16:48:31,188 [INFO] [u_station_ab_night_autotune_v1] __main__: FILTER_FAIL token=VIRTUAL reason=source_qos_cap source=watchlist used=3/3
2026-02-26 16:48:31,189 [INFO] [u_station_ab_night_autotune_v1] __main__: FILTER_PASS token=cbBTC tier=A score=100 mode=YELLOW risk=MEDIUM liq=19374217 vol5m=477007
2026-02-26 16:48:31,190 [INFO] [u_station_ab_night_autotune_v1] __main__: FILTER_PASS token=AERO tier=A score=95 mode=YELLOW risk=MEDIUM liq=1342148 vol5m=9942
2026-02-26 16:48:31,191 [INFO] [u_station_ab_night_autotune_v1] __main__: FILTER_PASS token=FELIX tier=A score=100 mode=YELLOW risk=MEDIUM liq=1388266 vol5m=11146
2026-02-26 16:48:31,192 [INFO] [u_station_ab_night_autotune_v1] __main__: V2_QUALITY_GATE enabled=True regime=YELLOW in=3 out=2 core_out=1 explore_out=1 probe_out=0 quota=1 max_symbol_share=0.500 drop={'cooldown_bucket': 1, 'duplicate_address': 2} sources_used={'watchlist': 2}
2026-02-26 16:48:31,194 [INFO] [u_station_ab_night_autotune_v1] __main__: V2_ENTRY_ROUTE enabled=True regime=YELLOW in=2 out=2 core_out=1 explore_out=1 quota=1 allow_explore=True
2026-02-26 16:48:31,195 [INFO] [u_station_ab_night_autotune_v1] __main__: MARKET_REGIME mode=YELLOW reason=hysteresis_recover_wait 3/4 raw=GREEN avg_cand_recent=3.67
2026-02-26 16:48:31,196 [INFO] [u_station_ab_night_autotune_v1] trading.auto_trader: AutoTrade skip token=FELIX reason=excluded_symbol
2026-02-26 16:48:31,198 [INFO] [u_station_ab_night_autotune_v1] trading.auto_trader: AutoTrade skip token=AERO reason=edge_low mode=both edge=-21.20% raw=-19.63% mult=1.08 min=0.18% probe_min=0.18% edge_usd=$-0.022 min_usd=$0.002 probe_min_usd=$0.002 size=$0.10 gross=9.60% costs=29.23% pwin=0.85 probe=- budget=0/1
2026-02-26 16:48:31,198 [INFO] [u_station_ab_night_autotune_v1] trading.auto_trader: AutoTrade batch mode=top_n candidates=2 eligible=2 selected=2 opened=0 pe=off burst_window=0
2026-02-26 16:48:31,198 [INFO] [u_station_ab_night_autotune_v1] __main__: Scanned 4 tokens | High quality: 3 | Alerts sent: 0 | Trade candidates: 3 | Quality out/core/explore/probe: 2/1/1/0 | Opened: 0 | Mode: local | Source: onchain+market | Policy: raw=OK/effective=OK(healthy | route=allow_all) | Regime: YELLOW(hysteresis_recover_wait 3/4 raw=GREEN) | Safety: checked=3 fail_closed=0 reasons=api_code_4029:3 | FiltersTop(session): source_qos_cap:5,safe_age:3,source_qos_symbol_cap:1,safe_change_5m:1 | Dedup: heavy_skip=0 override=0 | V2Budget: 3/280 | SourceQoS: enabled=1/in=4/out=3/dropped=1/active_cd=0/drops=source_qos_cap:1 | Ingest: q=0/oldest=0.0s/drop_old=0/dedup_skip=0/enq=0/drain=0 | Sources: dex_boosts:ok=1/fail=0/429=0/lim_wait=0/cd_wait=0/err=0.0%/avg=58ms; dexscreener:ok=11/fail=0/429=0/lim_wait=0/cd_wait=0/err=0.0%/avg=46ms; onchain_enrich:ok=4/fail=0/429=0/lim_wait=0/cd_wait=0/err=0.0%/avg=38ms | Tasks: 3 | RSS: 0.0MB | CycleAvg: 6.54s
2026-02-26 16:48:35,711 [INFO] [u_station_ab_night_autotune_v1] monitor.onchain_factory: ENRICH_RETRY token=0x67427bedb430417357435983cbca49e55aefeb07 pair=0x961a60f2e6b3f05f881bfb2efd90b0a93f324548 attempt=1/2 delay=10s
2026-02-26 16:48:45,921 [INFO] [u_station_ab_night_autotune_v1] __main__: WATCHLIST merged count=4
2026-02-26 16:48:45,922 [INFO] [u_station_ab_night_autotune_v1] trading.v2_runtime: V2_UNIVERSE in=5 dedup=5 out=5 target=5 novel_target=5 novel_out=1 repeat_dropped=0 symbol_dropped=0 surge_in=1 surge_target=1 surge_out=1
2026-02-26 16:48:45,923 [INFO] [u_station_ab_night_autotune_v1] __main__: V2_SOURCE_QOS_FILTER in=5 out=2 drops={'source_qos_cap': 3} caps={'unknown': 0, 'watchlist': 1}
2026-02-26 16:48:45,923 [INFO] [u_station_ab_night_autotune_v1] __main__: FILTER_FAIL token=AERO reason=source_qos_cap source=watchlist used=1/1
2026-02-26 16:48:45,924 [INFO] [u_station_ab_night_autotune_v1] __main__: FILTER_FAIL token=FELIX reason=source_qos_cap source=watchlist used=1/1
2026-02-26 16:48:45,925 [INFO] [u_station_ab_night_autotune_v1] __main__: FILTER_FAIL token=VIRTUAL reason=source_qos_cap source=watchlist used=1/1
2026-02-26 16:48:45,926 [INFO] [u_station_ab_night_autotune_v1] __main__: FILTER_PASS token=cbBTC tier=A score=100 mode=YELLOW risk=MEDIUM liq=19374217 vol5m=477007
2026-02-26 16:48:45,928 [INFO] [u_station_ab_night_autotune_v1] __main__: FILTER_FAIL token=Kuriboh reason=safe_age
2026-02-26 16:48:45,929 [INFO] [u_station_ab_night_autotune_v1] __main__: V2_QUALITY_GATE enabled=True regime=GREEN in=1 out=1 core_out=0 explore_out=1 probe_out=1 quota=0 max_symbol_share=1.000 drop={'cooldown_bucket': 1} sources_used={'watchlist': 1}
2026-02-26 16:48:45,929 [INFO] [u_station_ab_night_autotune_v1] __main__: V2_ENTRY_ROUTE enabled=True regime=GREEN in=1 out=1 core_out=0 explore_out=1 quota=1 allow_explore=True
2026-02-26 16:48:45,930 [INFO] [u_station_ab_night_autotune_v1] __main__: MARKET_REGIME mode=GREEN reason=avg_cand=3.00 avg_cand_recent=3.00
2026-02-26 16:48:45,931 [WARNING] [u_station_ab_night_autotune_v1] monitor.local_alerter: Local event symbol=MARKET_MODE reco=GREEN risk=INFO
2026-02-26 16:48:45,932 [INFO] [u_station_ab_night_autotune_v1] trading.auto_trader: AutoTrade skip token=cbBTC reason=token_ev_memory_prob p=0.74 detail=bad=True severe=False trades=7 avg=-0.00032 loss_share=0.29 size_mult=0.80 edge_mult=1.10 p=0.74
2026-02-26 16:48:45,932 [INFO] [u_station_ab_night_autotune_v1] trading.auto_trader: AutoTrade batch mode=top_n candidates=1 eligible=1 selected=1 opened=0 pe=off burst_window=0
2026-02-26 16:48:45,933 [INFO] [u_station_ab_night_autotune_v1] __main__: Scanned 5 tokens | High quality: 1 | Alerts sent: 0 | Trade candidates: 1 | Quality out/core/explore/probe: 1/0/1/1 | Opened: 0 | Mode: local | Source: onchain+market | Policy: raw=OK/effective=OK(healthy | route=allow_all) | Regime: GREEN(avg_cand=3.00) | Safety: checked=1 fail_closed=0 reasons=api_code_4029:1 | FiltersTop(session): source_qos_cap:8,safe_age:4,source_qos_symbol_cap:1,safe_change_5m:1 | Dedup: heavy_skip=0 override=0 | V2Budget: 1/280 | SourceQoS: enabled=1/in=5/out=2/dropped=3/active_cd=0/drops=source_qos_cap:3 | Ingest: q=0/oldest=0.0s/drop_old=0/dedup_skip=0/enq=0/drain=0 | Sources: dex_boosts:ok=1/fail=0/429=0/lim_wait=0/cd_wait=0/err=0.0%/avg=51ms; dexscreener:ok=11/fail=0/429=0/lim_wait=0/cd_wait=0/err=0.0%/avg=199ms; onchain_enrich:ok=3/fail=0/429=0/lim_wait=0/cd_wait=0/err=0.0%/avg=94ms | Tasks: 3 | RSS: 0.0MB | CycleAvg: 7.90s
2026-02-26 16:48:50,217 [INFO] [u_station_ab_night_autotune_v1] monitor.onchain_factory: PAIR_DETECTED source=uniswap_v2 dex=uniswap_v2 pair=0x32174af29c1b11a71f460fa480bc9f5f6bb5a87d token0=0x4200000000000000000000000000000000000006 token1=0xa7b218389e6890b8664258637b78aded4eccbba3 block=42665783 factory=0x8909dc15e40173ff4699343b6eb8132c65e18ec6
2026-02-26 16:48:50,662 [INFO] [u_station_ab_night_autotune_v1] monitor.onchain_factory: ENRICH_RETRY token=0xa7b218389e6890b8664258637b78aded4eccbba3 pair=0x32174af29c1b11a71f460fa480bc9f5f6bb5a87d attempt=1/2 delay=10s
2026-02-26 16:49:00,756 [INFO] [u_station_ab_night_autotune_v1] __main__: WATCHLIST merged count=4
2026-02-26 16:49:00,757 [INFO] [u_station_ab_night_autotune_v1] trading.v2_runtime: V2_UNIVERSE in=4 dedup=4 out=4 target=4 novel_target=4 novel_out=0 repeat_dropped=0 symbol_dropped=0 surge_in=0 surge_target=0 surge_out=0
2026-02-26 16:49:00,758 [INFO] [u_station_ab_night_autotune_v1] __main__: V2_SOURCE_QOS_FILTER in=4 out=3 drops={'source_qos_cap': 1} caps={'watchlist': 3}
2026-02-26 16:49:00,759 [INFO] [u_station_ab_night_autotune_v1] __main__: FILTER_FAIL token=VIRTUAL reason=source_qos_cap source=watchlist used=3/3
2026-02-26 16:49:00,760 [INFO] [u_station_ab_night_autotune_v1] __main__: FILTER_PASS token=cbBTC tier=A score=100 mode=GREEN risk=MEDIUM liq=19374217 vol5m=477007
2026-02-26 16:49:00,761 [INFO] [u_station_ab_night_autotune_v1] __main__: FILTER_PASS token=AERO tier=A score=95 mode=GREEN risk=MEDIUM liq=1342148 vol5m=9942
2026-02-26 16:49:00,761 [INFO] [u_station_ab_night_autotune_v1] __main__: FILTER_PASS token=FELIX tier=A score=100 mode=GREEN risk=MEDIUM liq=1388266 vol5m=11146
2026-02-26 16:49:00,762 [INFO] [u_station_ab_night_autotune_v1] __main__: V2_QUALITY_GATE enabled=True regime=GREEN in=3 out=2 core_out=1 explore_out=1 probe_out=0 quota=1 max_symbol_share=0.500 drop={'cooldown_bucket': 1, 'duplicate_address': 2} sources_used={'watchlist': 2}
2026-02-26 16:49:00,764 [INFO] [u_station_ab_night_autotune_v1] __main__: V2_ENTRY_ROUTE enabled=True regime=GREEN in=2 out=2 core_out=1 explore_out=1 quota=1 allow_explore=True
2026-02-26 16:49:00,765 [INFO] [u_station_ab_night_autotune_v1] __main__: MARKET_REGIME mode=GREEN reason=avg_cand=3.00 avg_cand_recent=3.00
2026-02-26 16:49:00,766 [INFO] [u_station_ab_night_autotune_v1] trading.auto_trader: AutoTrade skip token=FELIX reason=excluded_symbol
2026-02-26 16:49:00,789 [INFO] [u_station_ab_night_autotune_v1] trading.auto_trader: AutoTrade adjust token=AERO reason=min_trade_floor size=$0.10->$0.10 min=$0.10
2026-02-26 16:49:00,791 [INFO] [u_station_ab_night_autotune_v1] trading.auto_trader: AutoTrade skip token=AERO reason=ev_net_low expected_net=$-0.00872 min=$-0.00229 samples=26 conf=1.00 pwin=0.35 avg_win=$0.0087 avg_loss=$0.0157 kelly=0.000 mem=sparse trades=0<4
2026-02-26 16:49:00,791 [INFO] [u_station_ab_night_autotune_v1] trading.auto_trader: AutoTrade batch mode=top_n candidates=2 eligible=2 selected=2 opened=0 pe=off burst_window=0
2026-02-26 16:49:00,791 [INFO] [u_station_ab_night_autotune_v1] trading.auto_trader: PAPER_SUMMARY window=60s closed_delta=0 wins_delta=0 losses_delta=0 realized_delta=$0.00 total_closed=35 winrate_total=37.1% realized_total=$0.37 balance=$7.37 equity=$7.37 open=0
2026-02-26 16:49:00,793 [INFO] [u_station_ab_night_autotune_v1] __main__: Scanned 4 tokens | High quality: 3 | Alerts sent: 0 | Trade candidates: 3 | Quality out/core/explore/probe: 2/1/1/0 | Opened: 0 | Mode: local | Source: onchain+market | Policy: raw=OK/effective=OK(healthy | route=allow_all) | Regime: GREEN(avg_cand=3.00) | Safety: checked=3 fail_closed=0 reasons=api_code_4029:3 | FiltersTop(session): source_qos_cap:9,safe_age:4,source_qos_symbol_cap:1,safe_change_5m:1 | Dedup: heavy_skip=0 override=0 | V2Budget: 3/280 | SourceQoS: enabled=1/in=4/out=3/dropped=1/active_cd=0/drops=source_qos_cap:1 | Ingest: q=0/oldest=0.0s/drop_old=0/dedup_skip=0/enq=0/drain=0 | Sources: dex_boosts:ok=1/fail=0/429=0/lim_wait=0/cd_wait=0/err=0.0%/avg=40ms; dexscreener:ok=11/fail=0/429=0/lim_wait=0/cd_wait=0/err=0.0%/avg=39ms; onchain_enrich:ok=4/fail=0/429=0/lim_wait=0/cd_wait=0/err=0.0%/avg=94ms | Tasks: 3 | RSS: 0.0MB | CycleAvg: 8.61s
2026-02-26 16:49:05,332 [INFO] [u_station_ab_night_autotune_v1] monitor.onchain_factory: ENRICH_RETRY token=0xa7b218389e6890b8664258637b78aded4eccbba3 pair=0x32174af29c1b11a71f460fa480bc9f5f6bb5a87d attempt=1/2 delay=10s
2026-02-26 16:49:15,418 [INFO] [u_station_ab_night_autotune_v1] __main__: WATCHLIST merged count=4
2026-02-26 16:49:15,420 [INFO] [u_station_ab_night_autotune_v1] trading.v2_runtime: V2_UNIVERSE in=4 dedup=4 out=4 target=4 novel_target=4 novel_out=0 repeat_dropped=0 symbol_dropped=0 surge_in=0 surge_target=0 surge_out=0
2026-02-26 16:49:15,423 [INFO] [u_station_ab_night_autotune_v1] __main__: V2_SOURCE_QOS_FILTER in=4 out=3 drops={'source_qos_cap': 1} caps={'watchlist': 3}
2026-02-26 16:49:15,425 [INFO] [u_station_ab_night_autotune_v1] __main__: FILTER_FAIL token=VIRTUAL reason=source_qos_cap source=watchlist used=3/3
2026-02-26 16:49:15,427 [INFO] [u_station_ab_night_autotune_v1] __main__: FILTER_PASS token=cbBTC tier=A score=100 mode=GREEN risk=MEDIUM liq=19374217 vol5m=477007
2026-02-26 16:49:15,429 [INFO] [u_station_ab_night_autotune_v1] __main__: FILTER_PASS token=AERO tier=A score=95 mode=GREEN risk=MEDIUM liq=1342148 vol5m=9942
2026-02-26 16:49:15,429 [INFO] [u_station_ab_night_autotune_v1] __main__: FILTER_PASS token=FELIX tier=A score=100 mode=GREEN risk=MEDIUM liq=1388266 vol5m=11146
2026-02-26 16:49:15,429 [INFO] [u_station_ab_night_autotune_v1] __main__: V2_QUALITY_GATE enabled=True regime=GREEN in=3 out=2 core_out=1 explore_out=1 probe_out=0 quota=1 max_symbol_share=0.500 drop={'cooldown_bucket': 1, 'duplicate_address': 2} sources_used={'watchlist': 2}
2026-02-26 16:49:15,437 [INFO] [u_station_ab_night_autotune_v1] __main__: V2_ENTRY_ROUTE enabled=True regime=GREEN in=2 out=2 core_out=1 explore_out=1 quota=1 allow_explore=True
2026-02-26 16:49:15,438 [INFO] [u_station_ab_night_autotune_v1] __main__: MARKET_REGIME mode=GREEN reason=avg_cand=3.00 avg_cand_recent=3.00
2026-02-26 16:49:15,439 [INFO] [u_station_ab_night_autotune_v1] trading.auto_trader: AutoTrade skip token=FELIX reason=excluded_symbol
2026-02-26 16:49:15,441 [INFO] [u_station_ab_night_autotune_v1] trading.auto_trader: AutoTrade adjust token=AERO reason=min_trade_floor size=$0.10->$0.10 min=$0.10
2026-02-26 16:49:15,442 [INFO] [u_station_ab_night_autotune_v1] trading.auto_trader: AutoTrade skip token=AERO reason=ev_net_low expected_net=$-0.00872 min=$-0.00229 samples=26 conf=1.00 pwin=0.35 avg_win=$0.0087 avg_loss=$0.0157 kelly=0.000 mem=sparse trades=0<4
2026-02-26 16:49:15,442 [INFO] [u_station_ab_night_autotune_v1] trading.auto_trader: AutoTrade batch mode=top_n candidates=2 eligible=2 selected=2 opened=0 pe=off burst_window=0
2026-02-26 16:49:15,444 [INFO] [u_station_ab_night_autotune_v1] __main__: Scanned 4 tokens | High quality: 3 | Alerts sent: 0 | Trade candidates: 3 | Quality out/core/explore/probe: 2/1/1/0 | Opened: 0 | Mode: local | Source: onchain+market | Policy: raw=OK/effective=OK(healthy | route=allow_all) | Regime: GREEN(avg_cand=3.00) | Safety: checked=3 fail_closed=0 reasons=api_code_4029:3 | FiltersTop(session): source_qos_cap:10,safe_age:4,source_qos_symbol_cap:1,safe_change_5m:1 | Dedup: heavy_skip=0 override=0 | V2Budget: 3/280 | SourceQoS: enabled=1/in=4/out=3/dropped=1/active_cd=0/drops=source_qos_cap:1 | Ingest: q=3/oldest=0.6s/drop_old=0/dedup_skip=0/enq=3/drain=0 | Sources: dex_boosts:ok=1/fail=0/429=0/lim_wait=0/cd_wait=0/err=0.0%/avg=58ms; dexscreener:ok=11/fail=0/429=0/lim_wait=0/cd_wait=0/err=0.0%/avg=52ms; geckoterminal:ok=1/fail=0/429=0/lim_wait=0/cd_wait=0/err=0.0%/avg=109ms; onchain_enrich:ok=4/fail=0/429=0/lim_wait=0/cd_wait=0/err=0.0%/avg=46ms | Tasks: 3 | RSS: 0.0MB | CycleAvg: 9.05s
2026-02-26 16:49:19,990 [INFO] [u_station_ab_night_autotune_v1] monitor.onchain_factory: ENRICH_RETRY token=0xa7b218389e6890b8664258637b78aded4eccbba3 pair=0x32174af29c1b11a71f460fa480bc9f5f6bb5a87d attempt=1/2 delay=10s
2026-02-26 16:49:30,205 [INFO] [u_station_ab_night_autotune_v1] __main__: WATCHLIST merged count=4
2026-02-26 16:49:30,205 [INFO] [u_station_ab_night_autotune_v1] trading.v2_runtime: V2_UNIVERSE in=8 dedup=8 out=8 target=8 novel_target=7 novel_out=4 repeat_dropped=0 symbol_dropped=0 surge_in=1 surge_target=1 surge_out=1
2026-02-26 16:49:30,206 [INFO] [u_station_ab_night_autotune_v1] __main__: V2_SOURCE_QOS_FILTER in=8 out=5 drops={'source_qos_cap': 3} caps={'geckoterminal': 287, 'watchlist': 1, 'unknown': 0}
2026-02-26 16:49:30,207 [INFO] [u_station_ab_night_autotune_v1] __main__: FILTER_FAIL token=AERO reason=source_qos_cap source=watchlist used=1/1
2026-02-26 16:49:30,208 [INFO] [u_station_ab_night_autotune_v1] __main__: FILTER_FAIL token=FELIX reason=source_qos_cap source=watchlist used=1/1
2026-02-26 16:49:30,208 [INFO] [u_station_ab_night_autotune_v1] __main__: FILTER_FAIL token=VIRTUAL reason=source_qos_cap source=watchlist used=1/1
2026-02-26 16:49:30,209 [INFO] [u_station_ab_night_autotune_v1] __main__: FILTER_PASS token=cbBTC tier=A score=100 mode=GREEN risk=MEDIUM liq=19374217 vol5m=477007
2026-02-26 16:49:30,210 [INFO] [u_station_ab_night_autotune_v1] __main__: FILTER_FAIL token=TINYCLAW reason=safe_age
2026-02-26 16:49:30,211 [INFO] [u_station_ab_night_autotune_v1] __main__: FILTER_FAIL token=BIGM reason=safe_age
2026-02-26 16:49:30,212 [INFO] [u_station_ab_night_autotune_v1] __main__: FILTER_FAIL token=cmux reason=safe_volume vol5m=0 min=8 regime=GREEN
2026-02-26 16:49:30,213 [INFO] [u_station_ab_night_autotune_v1] __main__: FILTER_FAIL token=Crime reason=score_min score=40 strict_min=48 soft_min=48 mode=GREEN
2026-02-26 16:49:30,216 [INFO] [u_station_ab_night_autotune_v1] __main__: V2_QUALITY_GATE enabled=True regime=GREEN in=1 out=1 core_out=0 explore_out=1 probe_out=1 quota=0 max_symbol_share=1.000 drop={'cooldown_bucket': 1} sources_used={'watchlist': 1}
2026-02-26 16:49:30,217 [INFO] [u_station_ab_night_autotune_v1] __main__: V2_ENTRY_ROUTE enabled=True regime=GREEN in=1 out=1 core_out=0 explore_out=1 quota=1 allow_explore=True
2026-02-26 16:49:30,217 [INFO] [u_station_ab_night_autotune_v1] __main__: MARKET_REGIME mode=GREEN reason=avg_cand=2.71 avg_cand_recent=2.71
2026-02-26 16:49:30,237 [INFO] [u_station_ab_night_autotune_v1] trading.auto_trader: AutoTrade adjust token=cbBTC reason=min_trade_floor size=$0.02->$0.10 min=$0.10
2026-02-26 16:49:30,238 [INFO] [u_station_ab_night_autotune_v1] trading.auto_trader: AutoTrade skip token=cbBTC reason=ev_net_low expected_net=$-0.00370 min=$-0.00328 samples=41 conf=1.00 pwin=0.29 avg_win=$0.0052 avg_loss=$0.0073 kelly=0.000 mem=bad=True severe=False trades=7 avg=-0.00032 loss_share=0.29 size_mult=0.80 edge_mult=1.10 p=0.74
2026-02-26 16:49:30,238 [INFO] [u_station_ab_night_autotune_v1] trading.auto_trader: AutoTrade batch mode=top_n candidates=1 eligible=1 selected=1 opened=0 pe=off burst_window=0
2026-02-26 16:49:30,239 [INFO] [u_station_ab_night_autotune_v1] __main__: Scanned 8 tokens | High quality: 2 | Alerts sent: 0 | Trade candidates: 1 | Quality out/core/explore/probe: 1/0/1/1 | Opened: 0 | Mode: local | Source: onchain+market | Policy: raw=OK/effective=OK(healthy | route=allow_all) | Regime: GREEN(avg_cand=2.71) | Safety: checked=1 fail_closed=0 reasons=api_code_4029:1 | FiltersTop(session): source_qos_cap:13,safe_age:6,score_min:2,safe_volume:2 | Dedup: heavy_skip=0 override=0 | V2Budget: 1/280 | SourceQoS: enabled=1/in=8/out=5/dropped=3/active_cd=0/drops=source_qos_cap:3 | Ingest: q=0/oldest=0.0s/drop_old=0/dedup_skip=0/enq=0/drain=3 | Sources: dex_boosts:ok=1/fail=0/429=0/lim_wait=0/cd_wait=0/err=0.0%/avg=64ms; dexscreener:ok=11/fail=0/429=0/lim_wait=0/cd_wait=0/err=0.0%/avg=178ms; onchain_enrich:ok=3/fail=0/429=0/lim_wait=0/cd_wait=0/err=0.0%/avg=95ms | Tasks: 3 | RSS: 0.0MB | CycleAvg: 9.32s
2026-02-26 16:49:34,698 [INFO] [u_station_ab_night_autotune_v1] __main__: WATCHLIST merged count=4
2026-02-26 16:49:34,698 [INFO] [u_station_ab_night_autotune_v1] trading.v2_runtime: V2_UNIVERSE in=4 dedup=4 out=4 target=4 novel_target=4 novel_out=0 repeat_dropped=0 symbol_dropped=0 surge_in=0 surge_target=0 surge_out=0
2026-02-26 16:49:34,699 [INFO] [u_station_ab_night_autotune_v1] __main__: V2_SOURCE_QOS_FILTER in=4 out=3 drops={'source_qos_cap': 1} caps={'watchlist': 3}
2026-02-26 16:49:34,700 [INFO] [u_station_ab_night_autotune_v1] __main__: FILTER_FAIL token=VIRTUAL reason=source_qos_cap source=watchlist used=3/3
2026-02-26 16:49:34,701 [INFO] [u_station_ab_night_autotune_v1] __main__: FILTER_PASS token=cbBTC tier=A score=100 mode=GREEN risk=MEDIUM liq=19374217 vol5m=477007
2026-02-26 16:49:34,703 [INFO] [u_station_ab_night_autotune_v1] __main__: FILTER_PASS token=AERO tier=A score=95 mode=GREEN risk=MEDIUM liq=1342148 vol5m=9942
2026-02-26 16:49:34,704 [INFO] [u_station_ab_night_autotune_v1] __main__: FILTER_PASS token=FELIX tier=A score=100 mode=GREEN risk=MEDIUM liq=1388266 vol5m=11146
2026-02-26 16:49:34,706 [INFO] [u_station_ab_night_autotune_v1] __main__: V2_QUALITY_GATE enabled=True regime=GREEN in=3 out=2 core_out=1 explore_out=1 probe_out=0 quota=1 max_symbol_share=0.500 drop={'cooldown_bucket': 1, 'duplicate_address': 2} sources_used={'watchlist': 2}
2026-02-26 16:49:34,708 [INFO] [u_station_ab_night_autotune_v1] __main__: V2_ENTRY_ROUTE enabled=True regime=GREEN in=2 out=2 core_out=1 explore_out=1 quota=1 allow_explore=True
2026-02-26 16:49:34,708 [INFO] [u_station_ab_night_autotune_v1] __main__: MARKET_REGIME mode=GREEN reason=avg_cand=2.75 avg_cand_recent=2.75
2026-02-26 16:49:34,710 [INFO] [u_station_ab_night_autotune_v1] trading.auto_trader: AutoTrade skip token=FELIX reason=excluded_symbol
2026-02-26 16:49:34,712 [INFO] [u_station_ab_night_autotune_v1] trading.auto_trader: AutoTrade adjust token=AERO reason=min_trade_floor size=$0.10->$0.10 min=$0.10
2026-02-26 16:49:34,714 [INFO] [u_station_ab_night_autotune_v1] trading.auto_trader: AutoTrade skip token=AERO reason=ev_net_low expected_net=$-0.00872 min=$-0.00229 samples=26 conf=1.00 pwin=0.35 avg_win=$0.0087 avg_loss=$0.0157 kelly=0.000 mem=sparse trades=0<4
2026-02-26 16:49:34,714 [INFO] [u_station_ab_night_autotune_v1] trading.auto_trader: AutoTrade batch mode=top_n candidates=2 eligible=2 selected=2 opened=0 pe=off burst_window=0
2026-02-26 16:49:34,716 [INFO] [u_station_ab_night_autotune_v1] __main__: Scanned 4 tokens | High quality: 3 | Alerts sent: 0 | Trade candidates: 3 | Quality out/core/explore/probe: 2/1/1/0 | Opened: 0 | Mode: local | Source: onchain+market | Policy: raw=OK/effective=OK(healthy | route=allow_all) | Regime: GREEN(avg_cand=2.75) | Safety: checked=3 fail_closed=0 reasons=api_code_4029:3 | FiltersTop(session): source_qos_cap:14,safe_age:6,score_min:2,safe_volume:2 | Dedup: heavy_skip=0 override=0 | V2Budget: 3/280 | SourceQoS: enabled=1/in=4/out=3/dropped=1/active_cd=0/drops=source_qos_cap:1 | Ingest: q=0/oldest=0.0s/drop_old=0/dedup_skip=0/enq=0/drain=0 | Sources: dex_boosts:ok=1/fail=0/429=0/lim_wait=0/cd_wait=0/err=0.0%/avg=44ms; dexscreener:ok=11/fail=0/429=0/lim_wait=0/cd_wait=0/err=0.0%/avg=44ms | Tasks: 3 | RSS: 0.0MB | CycleAvg: 9.53s
2026-02-26 16:49:39,164 [INFO] [u_station_ab_night_autotune_v1] __main__: WATCHLIST merged count=4
2026-02-26 16:49:39,165 [INFO] [u_station_ab_night_autotune_v1] trading.v2_runtime: V2_UNIVERSE in=4 dedup=4 out=4 target=4 novel_target=4 novel_out=0 repeat_dropped=0 symbol_dropped=0 surge_in=0 surge_target=0 surge_out=0
2026-02-26 16:49:39,165 [INFO] [u_station_ab_night_autotune_v1] __main__: V2_SOURCE_QOS_FILTER in=4 out=3 drops={'source_qos_cap': 1} caps={'watchlist': 3}
2026-02-26 16:49:39,167 [INFO] [u_station_ab_night_autotune_v1] __main__: FILTER_FAIL token=VIRTUAL reason=source_qos_cap source=watchlist used=3/3
2026-02-26 16:49:39,168 [INFO] [u_station_ab_night_autotune_v1] __main__: FILTER_PASS token=cbBTC tier=A score=100 mode=GREEN risk=MEDIUM liq=19374217 vol5m=477007
2026-02-26 16:49:39,169 [INFO] [u_station_ab_night_autotune_v1] __main__: FILTER_PASS token=AERO tier=A score=95 mode=GREEN risk=MEDIUM liq=1342148 vol5m=9942
2026-02-26 16:49:39,169 [INFO] [u_station_ab_night_autotune_v1] __main__: FILTER_PASS token=FELIX tier=A score=100 mode=GREEN risk=MEDIUM liq=1388266 vol5m=11146
2026-02-26 16:49:39,171 [INFO] [u_station_ab_night_autotune_v1] __main__: V2_QUALITY_GATE enabled=True regime=GREEN in=3 out=2 core_out=1 explore_out=1 probe_out=0 quota=1 max_symbol_share=0.500 drop={'cooldown_bucket': 1, 'duplicate_address': 2} sources_used={'watchlist': 2}
2026-02-26 16:49:39,172 [INFO] [u_station_ab_night_autotune_v1] __main__: V2_ENTRY_ROUTE enabled=True regime=GREEN in=2 out=2 core_out=1 explore_out=1 quota=1 allow_explore=True
2026-02-26 16:49:39,173 [INFO] [u_station_ab_night_autotune_v1] __main__: MARKET_REGIME mode=GREEN reason=avg_cand=2.78 avg_cand_recent=2.78
2026-02-26 16:49:39,173 [INFO] [u_station_ab_night_autotune_v1] trading.auto_trader: AutoTrade skip token=FELIX reason=excluded_symbol
2026-02-26 16:49:39,175 [INFO] [u_station_ab_night_autotune_v1] trading.auto_trader: AutoTrade adjust token=AERO reason=min_trade_floor size=$0.10->$0.10 min=$0.10
2026-02-26 16:49:39,177 [INFO] [u_station_ab_night_autotune_v1] trading.auto_trader: AutoTrade skip token=AERO reason=ev_net_low expected_net=$-0.00872 min=$-0.00229 samples=26 conf=1.00 pwin=0.35 avg_win=$0.0087 avg_loss=$0.0157 kelly=0.000 mem=sparse trades=0<4
2026-02-26 16:49:39,177 [INFO] [u_station_ab_night_autotune_v1] trading.auto_trader: AutoTrade batch mode=top_n candidates=2 eligible=2 selected=2 opened=0 pe=off burst_window=0
2026-02-26 16:49:39,178 [INFO] [u_station_ab_night_autotune_v1] __main__: Scanned 4 tokens | High quality: 3 | Alerts sent: 0 | Trade candidates: 3 | Quality out/core/explore/probe: 2/1/1/0 | Opened: 0 | Mode: local | Source: onchain+market | Policy: raw=OK/effective=OK(healthy | route=allow_all) | Regime: GREEN(avg_cand=2.78) | Safety: checked=3 fail_closed=0 reasons=api_code_4029:3 | FiltersTop(session): source_qos_cap:15,safe_age:6,score_min:2,safe_volume:2 | Dedup: heavy_skip=0 override=0 | V2Budget: 3/280 | SourceQoS: enabled=1/in=4/out=3/dropped=1/active_cd=0/drops=source_qos_cap:1 | Ingest: q=0/oldest=0.0s/drop_old=0/dedup_skip=0/enq=0/drain=0 | Sources: dex_boosts:ok=1/fail=0/429=0/lim_wait=0/cd_wait=0/err=0.0%/avg=40ms; dexscreener:ok=11/fail=0/429=0/lim_wait=0/cd_wait=0/err=0.0%/avg=48ms | Tasks: 3 | RSS: 0.0MB | CycleAvg: 8.40s
2026-02-26 16:49:43,586 [INFO] [u_station_ab_night_autotune_v1] __main__: WATCHLIST merged count=4
2026-02-26 16:49:43,586 [INFO] [u_station_ab_night_autotune_v1] trading.v2_runtime: V2_UNIVERSE in=4 dedup=4 out=4 target=4 novel_target=4 novel_out=0 repeat_dropped=0 symbol_dropped=0 surge_in=0 surge_target=0 surge_out=0
2026-02-26 16:49:43,587 [INFO] [u_station_ab_night_autotune_v1] __main__: V2_SOURCE_QOS_FILTER in=4 out=3 drops={'source_qos_cap': 1} caps={'watchlist': 3}
2026-02-26 16:49:43,588 [INFO] [u_station_ab_night_autotune_v1] __main__: FILTER_FAIL token=VIRTUAL reason=source_qos_cap source=watchlist used=3/3
2026-02-26 16:49:43,589 [INFO] [u_station_ab_night_autotune_v1] __main__: FILTER_PASS token=cbBTC tier=A score=100 mode=GREEN risk=MEDIUM liq=19374217 vol5m=477007
2026-02-26 16:49:43,590 [INFO] [u_station_ab_night_autotune_v1] __main__: FILTER_PASS token=AERO tier=A score=95 mode=GREEN risk=MEDIUM liq=1342148 vol5m=9942
2026-02-26 16:49:43,592 [INFO] [u_station_ab_night_autotune_v1] __main__: FILTER_PASS token=FELIX tier=A score=100 mode=GREEN risk=MEDIUM liq=1388266 vol5m=11146
2026-02-26 16:49:43,593 [INFO] [u_station_ab_night_autotune_v1] __main__: V2_QUALITY_GATE enabled=True regime=GREEN in=3 out=2 core_out=1 explore_out=1 probe_out=0 quota=1 max_symbol_share=0.500 drop={'cooldown_bucket': 1, 'duplicate_address': 2} sources_used={'watchlist': 2}
2026-02-26 16:49:43,594 [INFO] [u_station_ab_night_autotune_v1] __main__: V2_ENTRY_ROUTE enabled=True regime=GREEN in=2 out=2 core_out=1 explore_out=1 quota=1 allow_explore=True
2026-02-26 16:49:43,594 [INFO] [u_station_ab_night_autotune_v1] __main__: MARKET_REGIME mode=GREEN reason=avg_cand=2.80 avg_cand_recent=2.80
2026-02-26 16:49:43,595 [INFO] [u_station_ab_night_autotune_v1] trading.auto_trader: AutoTrade skip token=FELIX reason=excluded_symbol
2026-02-26 16:49:43,597 [INFO] [u_station_ab_night_autotune_v1] trading.auto_trader: AutoTrade adjust token=AERO reason=min_trade_floor size=$0.10->$0.10 min=$0.10
2026-02-26 16:49:43,598 [INFO] [u_station_ab_night_autotune_v1] trading.auto_trader: AutoTrade skip token=AERO reason=ev_net_low expected_net=$-0.00872 min=$-0.00229 samples=26 conf=1.00 pwin=0.35 avg_win=$0.0087 avg_loss=$0.0157 kelly=0.000 mem=sparse trades=0<4
2026-02-26 16:49:43,598 [INFO] [u_station_ab_night_autotune_v1] trading.auto_trader: AutoTrade batch mode=top_n candidates=2 eligible=2 selected=2 opened=0 pe=off burst_window=0
2026-02-26 16:49:43,599 [INFO] [u_station_ab_night_autotune_v1] __main__: Scanned 4 tokens | High quality: 3 | Alerts sent: 0 | Trade candidates: 3 | Quality out/core/explore/probe: 2/1/1/0 | Opened: 0 | Mode: local | Source: onchain+market | Policy: raw=OK/effective=OK(healthy | route=allow_all) | Regime: GREEN(avg_cand=2.80) | Safety: checked=3 fail_closed=0 reasons=api_code_4029:3 | FiltersTop(session): source_qos_cap:16,safe_age:6,score_min:2,safe_volume:2 | Dedup: heavy_skip=0 override=0 | V2Budget: 3/280 | SourceQoS: enabled=1/in=4/out=3/dropped=1/active_cd=0/drops=source_qos_cap:1 | Ingest: q=0/oldest=0.0s/drop_old=0/dedup_skip=0/enq=0/drain=0 | Sources: dex_boosts:ok=1/fail=0/429=0/lim_wait=0/cd_wait=0/err=0.0%/avg=40ms; dexscreener:ok=11/fail=0/429=0/lim_wait=0/cd_wait=0/err=0.0%/avg=42ms | Tasks: 3 | RSS: 0.0MB | CycleAvg: 7.52s
2026-02-26 16:49:48,044 [INFO] [u_station_ab_night_autotune_v1] __main__: WATCHLIST merged count=4
2026-02-26 16:49:48,047 [INFO] [u_station_ab_night_autotune_v1] trading.v2_runtime: V2_UNIVERSE in=4 dedup=4 out=4 target=4 novel_target=4 novel_out=0 repeat_dropped=0 symbol_dropped=0 surge_in=0 surge_target=0 surge_out=0
2026-02-26 16:49:48,048 [INFO] [u_station_ab_night_autotune_v1] __main__: V2_SOURCE_QOS_FILTER in=4 out=3 drops={'source_qos_cap': 1} caps={'watchlist': 3}
2026-02-26 16:49:48,049 [INFO] [u_station_ab_night_autotune_v1] __main__: FILTER_FAIL token=VIRTUAL reason=source_qos_cap source=watchlist used=3/3
2026-02-26 16:49:48,050 [INFO] [u_station_ab_night_autotune_v1] __main__: FILTER_PASS token=cbBTC tier=A score=100 mode=GREEN risk=MEDIUM liq=19374217 vol5m=477007
2026-02-26 16:49:48,051 [INFO] [u_station_ab_night_autotune_v1] __main__: FILTER_PASS token=AERO tier=A score=95 mode=GREEN risk=MEDIUM liq=1342148 vol5m=9942
2026-02-26 16:49:48,053 [INFO] [u_station_ab_night_autotune_v1] __main__: FILTER_PASS token=FELIX tier=A score=100 mode=GREEN risk=MEDIUM liq=1388266 vol5m=11146
2026-02-26 16:49:48,055 [INFO] [u_station_ab_night_autotune_v1] __main__: V2_QUALITY_GATE enabled=True regime=GREEN in=3 out=2 core_out=1 explore_out=1 probe_out=0 quota=1 max_symbol_share=0.500 drop={'cooldown_bucket': 1, 'duplicate_address': 2} sources_used={'watchlist': 2}
2026-02-26 16:49:48,058 [INFO] [u_station_ab_night_autotune_v1] __main__: V2_ENTRY_ROUTE enabled=True regime=GREEN in=2 out=2 core_out=1 explore_out=1 quota=1 allow_explore=True
2026-02-26 16:49:48,059 [INFO] [u_station_ab_night_autotune_v1] __main__: MARKET_REGIME mode=GREEN reason=avg_cand=2.82 avg_cand_recent=2.82
2026-02-26 16:49:48,060 [INFO] [u_station_ab_night_autotune_v1] trading.auto_trader: AutoTrade skip token=FELIX reason=excluded_symbol
2026-02-26 16:49:48,062 [INFO] [u_station_ab_night_autotune_v1] trading.auto_trader: AutoTrade adjust token=AERO reason=min_trade_floor size=$0.10->$0.10 min=$0.10
2026-02-26 16:49:48,063 [INFO] [u_station_ab_night_autotune_v1] trading.auto_trader: AutoTrade skip token=AERO reason=ev_net_low expected_net=$-0.00872 min=$-0.00229 samples=26 conf=1.00 pwin=0.35 avg_win=$0.0087 avg_loss=$0.0157 kelly=0.000 mem=sparse trades=0<4
2026-02-26 16:49:48,064 [INFO] [u_station_ab_night_autotune_v1] trading.auto_trader: AutoTrade batch mode=top_n candidates=2 eligible=2 selected=2 opened=0 pe=off burst_window=0
2026-02-26 16:49:48,065 [INFO] [u_station_ab_night_autotune_v1] __main__: Scanned 4 tokens | High quality: 3 | Alerts sent: 0 | Trade candidates: 3 | Quality out/core/explore/probe: 2/1/1/0 | Opened: 0 | Mode: local | Source: onchain+market | Policy: raw=OK/effective=OK(healthy | route=allow_all) | Regime: GREEN(avg_cand=2.82) | Safety: checked=3 fail_closed=0 reasons=api_code_4029:3 | FiltersTop(session): source_qos_cap:17,safe_age:6,score_min:2,safe_volume:2 | Dedup: heavy_skip=0 override=0 | V2Budget: 3/280 | SourceQoS: enabled=1/in=4/out=3/dropped=1/active_cd=0/drops=source_qos_cap:1 | Ingest: q=0/oldest=0.0s/drop_old=0/dedup_skip=0/enq=0/drain=0 | Sources: dex_boosts:ok=1/fail=0/429=0/lim_wait=0/cd_wait=0/err=0.0%/avg=44ms; dexscreener:ok=11/fail=0/429=0/lim_wait=0/cd_wait=0/err=0.0%/avg=44ms | Tasks: 3 | RSS: 0.0MB | CycleAvg: 6.81s
2026-02-26 16:49:52,491 [INFO] [u_station_ab_night_autotune_v1] __main__: WATCHLIST merged count=4
2026-02-26 16:49:52,491 [INFO] [u_station_ab_night_autotune_v1] trading.v2_runtime: V2_UNIVERSE in=4 dedup=4 out=4 target=4 novel_target=4 novel_out=0 repeat_dropped=0 symbol_dropped=0 surge_in=0 surge_target=0 surge_out=0
2026-02-26 16:49:52,492 [INFO] [u_station_ab_night_autotune_v1] __main__: V2_SOURCE_QOS_FILTER in=4 out=3 drops={'source_qos_cap': 1} caps={'watchlist': 3}
2026-02-26 16:49:52,493 [INFO] [u_station_ab_night_autotune_v1] __main__: FILTER_FAIL token=VIRTUAL reason=source_qos_cap source=watchlist used=3/3
2026-02-26 16:49:52,494 [INFO] [u_station_ab_night_autotune_v1] __main__: FILTER_PASS token=cbBTC tier=A score=100 mode=GREEN risk=MEDIUM liq=19374217 vol5m=477007
2026-02-26 16:49:52,495 [INFO] [u_station_ab_night_autotune_v1] __main__: FILTER_PASS token=AERO tier=A score=95 mode=GREEN risk=MEDIUM liq=1342148 vol5m=9942
2026-02-26 16:49:52,497 [INFO] [u_station_ab_night_autotune_v1] __main__: FILTER_PASS token=FELIX tier=A score=100 mode=GREEN risk=MEDIUM liq=1388266 vol5m=11146
2026-02-26 16:49:52,498 [INFO] [u_station_ab_night_autotune_v1] __main__: V2_QUALITY_GATE enabled=True regime=GREEN in=3 out=2 core_out=1 explore_out=1 probe_out=0 quota=1 max_symbol_share=0.500 drop={'cooldown_bucket': 1, 'duplicate_address': 2} sources_used={'watchlist': 2}
2026-02-26 16:49:52,501 [INFO] [u_station_ab_night_autotune_v1] __main__: V2_ENTRY_ROUTE enabled=True regime=GREEN in=2 out=2 core_out=1 explore_out=1 quota=1 allow_explore=True
2026-02-26 16:49:52,501 [INFO] [u_station_ab_night_autotune_v1] __main__: MARKET_REGIME mode=GREEN reason=avg_cand=2.83 avg_cand_recent=2.83
2026-02-26 16:49:52,502 [INFO] [u_station_ab_night_autotune_v1] trading.auto_trader: AutoTrade skip token=FELIX reason=excluded_symbol
2026-02-26 16:49:52,504 [INFO] [u_station_ab_night_autotune_v1] trading.auto_trader: AutoTrade adjust token=AERO reason=min_trade_floor size=$0.10->$0.10 min=$0.10
2026-02-26 16:49:52,505 [INFO] [u_station_ab_night_autotune_v1] trading.auto_trader: AutoTrade skip token=AERO reason=ev_net_low expected_net=$-0.00872 min=$-0.00229 samples=26 conf=1.00 pwin=0.35 avg_win=$0.0087 avg_loss=$0.0157 kelly=0.000 mem=sparse trades=0<4
2026-02-26 16:49:52,506 [INFO] [u_station_ab_night_autotune_v1] trading.auto_trader: AutoTrade batch mode=top_n candidates=2 eligible=2 selected=2 opened=0 pe=off burst_window=0
2026-02-26 16:49:52,506 [INFO] [u_station_ab_night_autotune_v1] __main__: Scanned 4 tokens | High quality: 3 | Alerts sent: 0 | Trade candidates: 3 | Quality out/core/explore/probe: 2/1/1/0 | Opened: 0 | Mode: local | Source: onchain+market | Policy: raw=OK/effective=OK(healthy | route=allow_all) | Regime: GREEN(avg_cand=2.83) | Safety: checked=3 fail_closed=0 reasons=api_code_4029:3 | FiltersTop(session): source_qos_cap:18,safe_age:6,score_min:2,safe_volume:2 | Dedup: heavy_skip=0 override=0 | V2Budget: 3/280 | SourceQoS: enabled=1/in=4/out=3/dropped=1/active_cd=0/drops=source_qos_cap:1 | Ingest: q=0/oldest=0.0s/drop_old=0/dedup_skip=0/enq=0/drain=0 | Sources: dex_boosts:ok=1/fail=0/429=0/lim_wait=0/cd_wait=0/err=0.0%/avg=47ms; dexscreener:ok=11/fail=0/429=0/lim_wait=0/cd_wait=0/err=0.0%/avg=194ms | Tasks: 3 | RSS: 0.0MB | CycleAvg: 6.23s
2026-02-26 16:49:56,797 [INFO] [u_station_ab_night_autotune_v1] monitor.onchain_factory: PAIR_DETECTED source=uniswap_v2 dex=uniswap_v2 pair=0xda4fe94d47adc6c323a7bc97eedaee11495d63bf token0=0x4200000000000000000000000000000000000006 token1=0xb2103cfc96be35a4514dfbcbe626259ab142b434 block=42665821 factory=0x8909dc15e40173ff4699343b6eb8132c65e18ec6
2026-02-26 16:49:57,288 [INFO] [u_station_ab_night_autotune_v1] monitor.onchain_factory: ENRICH_RETRY token=0xb2103cfc96be35a4514dfbcbe626259ab142b434 pair=0xda4fe94d47adc6c323a7bc97eedaee11495d63bf attempt=1/2 delay=10s
2026-02-26 16:50:07,421 [INFO] [u_station_ab_night_autotune_v1] __main__: WATCHLIST merged count=4
2026-02-26 16:50:07,421 [INFO] [u_station_ab_night_autotune_v1] trading.v2_runtime: V2_UNIVERSE in=4 dedup=4 out=4 target=4 novel_target=4 novel_out=0 repeat_dropped=0 symbol_dropped=0 surge_in=0 surge_target=0 surge_out=0
2026-02-26 16:50:07,422 [INFO] [u_station_ab_night_autotune_v1] __main__: V2_SOURCE_QOS_FILTER in=4 out=3 drops={'source_qos_cap': 1} caps={'watchlist': 3}
2026-02-26 16:50:07,423 [INFO] [u_station_ab_night_autotune_v1] __main__: FILTER_FAIL token=VIRTUAL reason=source_qos_cap source=watchlist used=3/3
2026-02-26 16:50:07,423 [INFO] [u_station_ab_night_autotune_v1] __main__: FILTER_PASS token=cbBTC tier=A score=100 mode=GREEN risk=MEDIUM liq=19374217 vol5m=477007
2026-02-26 16:50:07,424 [INFO] [u_station_ab_night_autotune_v1] __main__: FILTER_PASS token=AERO tier=A score=95 mode=GREEN risk=MEDIUM liq=1342148 vol5m=9942
2026-02-26 16:50:07,425 [INFO] [u_station_ab_night_autotune_v1] __main__: FILTER_PASS token=FELIX tier=A score=100 mode=GREEN risk=MEDIUM liq=1388266 vol5m=11146
2026-02-26 16:50:07,427 [INFO] [u_station_ab_night_autotune_v1] __main__: V2_QUALITY_GATE enabled=True regime=GREEN in=3 out=2 core_out=1 explore_out=1 probe_out=0 quota=1 max_symbol_share=0.500 drop={'cooldown_bucket': 1, 'duplicate_address': 2} sources_used={'watchlist': 2}
2026-02-26 16:50:07,428 [INFO] [u_station_ab_night_autotune_v1] __main__: V2_ENTRY_ROUTE enabled=True regime=GREEN in=2 out=2 core_out=1 explore_out=1 quota=1 allow_explore=True
2026-02-26 16:50:07,429 [INFO] [u_station_ab_night_autotune_v1] __main__: MARKET_REGIME mode=GREEN reason=avg_cand=2.67 avg_cand_recent=2.67
2026-02-26 16:50:07,430 [INFO] [u_station_ab_night_autotune_v1] trading.auto_trader: AutoTrade skip token=FELIX reason=excluded_symbol
2026-02-26 16:50:07,432 [INFO] [u_station_ab_night_autotune_v1] trading.auto_trader: AutoTrade adjust token=AERO reason=min_trade_floor size=$0.10->$0.10 min=$0.10
2026-02-26 16:50:07,434 [INFO] [u_station_ab_night_autotune_v1] trading.auto_trader: AutoTrade skip token=AERO reason=ev_net_low expected_net=$-0.00872 min=$-0.00229 samples=26 conf=1.00 pwin=0.35 avg_win=$0.0087 avg_loss=$0.0157 kelly=0.000 mem=sparse trades=0<4
2026-02-26 16:50:07,435 [INFO] [u_station_ab_night_autotune_v1] trading.auto_trader: AutoTrade batch mode=top_n candidates=2 eligible=2 selected=2 opened=0 pe=off burst_window=0
2026-02-26 16:50:07,436 [INFO] [u_station_ab_night_autotune_v1] trading.auto_trader: PAPER_SUMMARY window=60s closed_delta=0 wins_delta=0 losses_delta=0 realized_delta=$0.00 total_closed=35 winrate_total=37.1% realized_total=$0.37 balance=$7.37 equity=$7.37 open=0
2026-02-26 16:50:07,437 [INFO] [u_station_ab_night_autotune_v1] __main__: Scanned 4 tokens | High quality: 3 | Alerts sent: 0 | Trade candidates: 3 | Quality out/core/explore/probe: 2/1/1/0 | Opened: 0 | Mode: local | Source: onchain+market | Policy: raw=OK/effective=OK(healthy | route=allow_all) | Regime: GREEN(avg_cand=2.67) | Safety: checked=3 fail_closed=0 reasons=api_code_4029:3 | FiltersTop(session): source_qos_cap:19,safe_age:6,score_min:2,safe_volume:2 | Dedup: heavy_skip=0 override=0 | V2Budget: 3/280 | SourceQoS: enabled=1/in=4/out=3/dropped=1/active_cd=0/drops=source_qos_cap:1 | Ingest: q=0/oldest=0.0s/drop_old=0/dedup_skip=0/enq=0/drain=0 | Sources: dex_boosts:ok=1/fail=0/429=0/lim_wait=0/cd_wait=0/err=0.0%/avg=39ms; dexscreener:ok=11/fail=0/429=0/lim_wait=0/cd_wait=0/err=0.0%/avg=37ms; onchain_enrich:ok=4/fail=0/429=0/lim_wait=0/cd_wait=0/err=0.0%/avg=108ms; onchain_weth_price:ok=1/fail=0/429=0/lim_wait=0/cd_wait=0/err=0.0%/avg=47ms | Tasks: 3 | RSS: 0.0MB | CycleAvg: 5.75s
