2026-02-26 15:57:02,966 [INFO] [u_station_ab_night_autotune_v1] __main__: SESSION_LOG file=logs/matrix/u_station_ab_night_autotune_v1\sessions\main_local_20260226_145702_pid8284.log
2026-02-26 15:57:03,004 [INFO] [u_station_ab_night_autotune_v1] trading.auto_trader_state: AutoTrade state loaded open=1 closed=25 balance=$6.56
2026-02-26 15:57:03,018 [WARNING] [u_station_ab_night_autotune_v1] trading.auto_trader: DATA_POLICY mode=OK reason=init_reset_manual prev_mode=OK prev_reason=healthy | route=allow_all
2026-02-26 15:57:03,019 [INFO] [u_station_ab_night_autotune_v1] __main__: AUTOTRADER_INIT state=ready reason=manual mode=paper
2026-02-26 15:57:03,021 [INFO] [u_station_ab_night_autotune_v1] __main__: Local mode started (Telegram disabled).
2026-02-26 15:57:03,641 [INFO] [u_station_ab_night_autotune_v1] monitor.onchain_factory: PAIR_DETECTED source=uniswap_v3 dex=uniswap_v3 pair=0x7b820d9d298921e27c8822c990142f6d9f6f7c2c token0=0x4200000000000000000000000000000000000006 token1=0x6c41e96d9108908413436e33db31491daf423380 block=42664231 factory=0x33128a8fc17869897dce68ed026d694621f6fdfd
2026-02-26 15:57:04,334 [INFO] [u_station_ab_night_autotune_v1] monitor.onchain_factory: ENRICH_RETRY token=0x6c41e96d9108908413436e33db31491daf423380 pair=0x7b820d9d298921e27c8822c990142f6d9f6f7c2c attempt=1/2 delay=10s
2026-02-26 15:57:16,078 [INFO] [u_station_ab_night_autotune_v1] __main__: WATCHLIST merged count=3
2026-02-26 15:57:16,079 [INFO] [u_station_ab_night_autotune_v1] trading.v2_runtime: V2_UNIVERSE in=18 dedup=18 out=18 target=18 novel_target=13 novel_out=18 repeat_dropped=0 symbol_dropped=0 surge_in=5 surge_target=5 surge_out=5
2026-02-26 15:57:16,080 [INFO] [u_station_ab_night_autotune_v1] __main__: FILTER_FAIL token=TRADEABLE reason=safe_age
2026-02-26 15:57:16,082 [INFO] [u_station_ab_night_autotune_v1] __main__: FILTER_FAIL token=Quint reason=safe_age
2026-02-26 15:57:16,083 [INFO] [u_station_ab_night_autotune_v1] __main__: FILTER_PASS token=MONTRA tier=A score=80 mode=YELLOW risk=MEDIUM liq=29397 vol5m=8128
2026-02-26 15:57:16,085 [INFO] [u_station_ab_night_autotune_v1] monitor.local_alerter: Local alert token=MONTRA address=0xf694fe141b40d9d348955916bdfa3ce123bc4b07 score=80 reco=BUY risk=MEDIUM warnings=0 liq=29397 vol5m=8128
2026-02-26 15:57:16,086 [INFO] [u_station_ab_night_autotune_v1] __main__: FILTER_PASS token=cbBTC tier=A score=100 mode=YELLOW risk=MEDIUM liq=19456969 vol5m=191916
2026-02-26 15:57:16,089 [INFO] [u_station_ab_night_autotune_v1] __main__: FILTER_FAIL token=FUCKCANCER reason=safe_age
2026-02-26 15:57:16,091 [INFO] [u_station_ab_night_autotune_v1] __main__: FILTER_FAIL token=CLAWSPOT reason=safe_age
2026-02-26 15:57:16,093 [INFO] [u_station_ab_night_autotune_v1] __main__: FILTER_FAIL token=CHARLES reason=safe_age
2026-02-26 15:57:16,094 [INFO] [u_station_ab_night_autotune_v1] __main__: FILTER_FAIL token=ZachXBT reason=safe_age
2026-02-26 15:57:16,095 [INFO] [u_station_ab_night_autotune_v1] __main__: FILTER_PASS token=ClawHammer tier=A score=60 mode=YELLOW risk=MEDIUM liq=45662 vol5m=607
2026-02-26 15:57:16,096 [INFO] [u_station_ab_night_autotune_v1] monitor.local_alerter: Local alert token=ClawHammer address=0x8efe94726e1cc929e3c5544b1dc22217dfe11acf score=60 reco=HOLD risk=MEDIUM warnings=0 liq=45662 vol5m=607
2026-02-26 15:57:16,099 [INFO] [u_station_ab_night_autotune_v1] __main__: FILTER_FAIL token=ART reason=safe_age
2026-02-26 15:57:16,099 [INFO] [u_station_ab_night_autotune_v1] __main__: FILTER_FAIL token=MONTRA reason=score_min score=30 strict_min=48 soft_min=48 mode=YELLOW
2026-02-26 15:57:16,100 [INFO] [u_station_ab_night_autotune_v1] __main__: FILTER_FAIL token=ADHD reason=safe_age
2026-02-26 15:57:16,101 [INFO] [u_station_ab_night_autotune_v1] __main__: FILTER_FAIL token=AXIOMGATE reason=safe_age
2026-02-26 15:57:16,103 [INFO] [u_station_ab_night_autotune_v1] __main__: FILTER_FAIL token=SECURECLAW reason=score_min score=30 strict_min=48 soft_min=48 mode=YELLOW
2026-02-26 15:57:16,104 [INFO] [u_station_ab_night_autotune_v1] __main__: FILTER_PASS token=VIRTUAL tier=A score=75 mode=YELLOW risk=MEDIUM liq=7329140 vol5m=1199
2026-02-26 15:57:16,106 [INFO] [u_station_ab_night_autotune_v1] __main__: FILTER_PASS token=AgentKit tier=A score=60 mode=YELLOW risk=MEDIUM liq=20420 vol5m=40
2026-02-26 15:57:16,108 [INFO] [u_station_ab_night_autotune_v1] monitor.local_alerter: Local alert token=AgentKit address=0x8e15c731695d9c785e5ba97518a3fe5b537d9ba3 score=60 reco=HOLD risk=MEDIUM warnings=0 liq=20420 vol5m=40
2026-02-26 15:57:16,109 [INFO] [u_station_ab_night_autotune_v1] __main__: FILTER_PASS token=AERO tier=A score=75 mode=YELLOW risk=MEDIUM liq=1353229 vol5m=19
2026-02-26 15:57:16,112 [INFO] [u_station_ab_night_autotune_v1] __main__: FILTER_FAIL token=computer reason=safe_volume vol5m=5 min=6 regime=YELLOW
2026-02-26 15:57:16,113 [INFO] [u_station_ab_night_autotune_v1] trading.v2_runtime: V2_QUALITY_ROTATE symbols_core=0 symbols_cooldown=1 sources=1 top_core=- top_cooldown=CBBTC:-0.0003/14
2026-02-26 15:57:16,115 [INFO] [u_station_ab_night_autotune_v1] __main__: V2_QUALITY_GATE enabled=True regime=YELLOW in=6 out=5 core_out=0 explore_out=5 probe_out=0 quota=3 max_symbol_share=0.200 drop={'cooldown_bucket': 1, 'duplicate_address': 3} sources_used={'geckoterminal': 3, 'watchlist': 2}
2026-02-26 15:57:16,118 [INFO] [u_station_ab_night_autotune_v1] __main__: V2_ENTRY_ROUTE enabled=True regime=YELLOW in=5 out=4 core_out=1 explore_out=3 quota=3 allow_explore=True
2026-02-26 15:57:16,118 [WARNING] [u_station_ab_night_autotune_v1] trading.auto_trader: DATA_POLICY mode=OK reason=healthy | route=allow_all prev_mode=OK prev_reason=init_reset_manual
2026-02-26 15:57:16,119 [INFO] [u_station_ab_night_autotune_v1] __main__: MARKET_REGIME mode=YELLOW reason=hysteresis_recover_wait 1/4 raw=GREEN avg_cand_recent=6.00
2026-02-26 15:57:16,174 [INFO] [u_station_ab_night_autotune_v1] trading.auto_trader: AutoTrade adjust token=MONTRA reason=min_trade_floor size=$0.03->$0.10 min=$0.10
2026-02-26 15:57:16,176 [INFO] [u_station_ab_night_autotune_v1] trading.auto_trader: AutoTrade skip token=MONTRA reason=edge_low mode=both edge=-27.86% raw=-25.80% mult=1.08 min=0.12% probe_min=0.12% edge_usd=$-0.028 min_usd=$0.001 probe_min_usd=$0.001 size=$0.10 gross=4.80% costs=30.60% pwin=0.55 probe=- budget=0/1
2026-02-26 15:57:16,178 [INFO] [u_station_ab_night_autotune_v1] trading.auto_trader: AutoTrade skip token=VIRTUAL reason=address_or_duplicate raw_address=0x0b3e328455c4059eeb9e3f84b5543f74e24e7e1b normalized=0x0b3e328455c4059eeb9e3f84b5543f74e24e7e1b source=watchlist
2026-02-26 15:57:16,179 [INFO] [u_station_ab_night_autotune_v1] trading.auto_trader: AutoTrade batch mode=top_n candidates=4 eligible=3 selected=2 opened=0 pe=off burst_window=0
2026-02-26 15:57:16,360 [INFO] [u_station_ab_night_autotune_v1] __main__: FILTER_THRESHOLDS safe_volume_5m_min=$5 safe_liquidity_min=$8000 safe_age_min=240s score_min=48 edge_min=0.13% lock_floor=0.95 no_momentum_max_pnl=0.25 weakness_pnl=-2.60
2026-02-26 15:57:16,360 [INFO] [u_station_ab_night_autotune_v1] __main__: Scanned 18 tokens | High quality: 8 | Alerts sent: 3 | Trade candidates: 6 | Quality out/core/explore/probe: 5/0/5/0 | Opened: 0 | Mode: local | Source: onchain+market | Policy: raw=OK/effective=OK(healthy | route=allow_all) | Regime: YELLOW(hysteresis_recover_wait 1/4 raw=GREEN) | Safety: checked=6 fail_closed=0 reasons=api_code_4029:6 | FiltersTop(session): safe_age:9,score_min:2,safe_volume:1 | Dedup: heavy_skip=0 override=0 | V2Budget: 6/280 | SourceQoS: enabled=1/in=18/out=18/dropped=0/active_cd=0/drops=none | Ingest: q=0/oldest=0.0s/drop_old=0/dedup_skip=0/enq=15/drain=15 | Sources: dex_boosts:ok=1/fail=0/429=0/lim_wait=0/cd_wait=0/err=0.0%/avg=154ms; dexscreener:ok=11/fail=0/429=0/lim_wait=0/cd_wait=0/err=0.0%/avg=258ms; geckoterminal:ok=2/fail=0/429=0/lim_wait=0/cd_wait=0/err=0.0%/avg=530ms; onchain_enrich:ok=4/fail=0/429=0/lim_wait=0/cd_wait=0/err=0.0%/avg=196ms; onchain_weth_price:ok=1/fail=0/429=0/lim_wait=0/cd_wait=0/err=0.0%/avg=57ms; watchlist_dex:ok=10/fail=0/429=0/lim_wait=0/cd_wait=0/err=0.0%/avg=109ms; watchlist_gecko:ok=6/fail=0/429=0/lim_wait=0/cd_wait=0/err=0.0%/avg=621ms | Tasks: 3 | RSS: 0.0MB | CycleAvg: 0.00s
2026-02-26 15:57:20,973 [INFO] [u_station_ab_night_autotune_v1] monitor.onchain_factory: ENRICH_RETRY token=0x6c41e96d9108908413436e33db31491daf423380 pair=0x7b820d9d298921e27c8822c990142f6d9f6f7c2c attempt=1/2 delay=10s
2026-02-26 15:57:31,089 [INFO] [u_station_ab_night_autotune_v1] __main__: WATCHLIST merged count=3
2026-02-26 15:57:31,089 [INFO] [u_station_ab_night_autotune_v1] trading.v2_runtime: V2_UNIVERSE in=3 dedup=3 out=3 target=3 novel_target=3 novel_out=0 repeat_dropped=0 symbol_dropped=0 surge_in=0 surge_target=0 surge_out=0
2026-02-26 15:57:31,090 [INFO] [u_station_ab_night_autotune_v1] __main__: FILTER_PASS token=cbBTC tier=A score=100 mode=YELLOW risk=MEDIUM liq=19456969 vol5m=191916
2026-02-26 15:57:31,092 [INFO] [u_station_ab_night_autotune_v1] __main__: FILTER_PASS token=VIRTUAL tier=A score=75 mode=YELLOW risk=MEDIUM liq=7329140 vol5m=1199
2026-02-26 15:57:31,093 [INFO] [u_station_ab_night_autotune_v1] __main__: FILTER_PASS token=AERO tier=A score=75 mode=YELLOW risk=MEDIUM liq=1353229 vol5m=19
2026-02-26 15:57:31,095 [INFO] [u_station_ab_night_autotune_v1] __main__: V2_QUALITY_GATE enabled=True regime=YELLOW in=3 out=2 core_out=0 explore_out=2 probe_out=0 quota=2 max_symbol_share=0.500 drop={'cooldown_bucket': 1, 'duplicate_address': 2} sources_used={'watchlist': 2}
2026-02-26 15:57:31,096 [INFO] [u_station_ab_night_autotune_v1] __main__: V2_ENTRY_ROUTE enabled=True regime=YELLOW in=2 out=2 core_out=1 explore_out=1 quota=1 allow_explore=True
2026-02-26 15:57:31,097 [INFO] [u_station_ab_night_autotune_v1] __main__: MARKET_REGIME mode=YELLOW reason=hysteresis_recover_wait 2/4 raw=GREEN avg_cand_recent=4.50
2026-02-26 15:57:31,099 [INFO] [u_station_ab_night_autotune_v1] trading.auto_trader: AutoTrade skip token=VIRTUAL reason=address_or_duplicate raw_address=0x0b3e328455c4059eeb9e3f84b5543f74e24e7e1b normalized=0x0b3e328455c4059eeb9e3f84b5543f74e24e7e1b source=watchlist
2026-02-26 15:57:31,119 [INFO] [u_station_ab_night_autotune_v1] trading.auto_trader: AutoTrade adjust token=AERO reason=min_trade_floor size=$0.06->$0.10 min=$0.10
2026-02-26 15:57:31,122 [INFO] [u_station_ab_night_autotune_v1] trading.auto_trader: AutoTrade skip token=AERO reason=edge_low mode=both edge=-29.70% raw=-27.50% mult=1.08 min=0.14% probe_min=0.14% edge_usd=$-0.030 min_usd=$0.002 probe_min_usd=$0.002 size=$0.10 gross=3.20% costs=30.70% pwin=0.45 probe=- budget=0/1
2026-02-26 15:57:31,123 [INFO] [u_station_ab_night_autotune_v1] trading.auto_trader: AutoTrade batch mode=top_n candidates=2 eligible=2 selected=2 opened=0 pe=off burst_window=0
2026-02-26 15:57:31,227 [INFO] [u_station_ab_night_autotune_v1] __main__: Scanned 3 tokens | High quality: 3 | Alerts sent: 0 | Trade candidates: 3 | Quality out/core/explore/probe: 2/0/2/0 | Opened: 0 | Mode: local | Source: onchain+market | Policy: raw=OK/effective=OK(healthy | route=allow_all) | Regime: YELLOW(hysteresis_recover_wait 2/4 raw=GREEN) | Safety: checked=3 fail_closed=0 reasons=api_code_4029:3 | FiltersTop(session): safe_age:9,score_min:2,safe_volume:1 | Dedup: heavy_skip=0 override=0 | V2Budget: 3/280 | SourceQoS: enabled=1/in=3/out=3/dropped=0/active_cd=0/drops=none | Ingest: q=0/oldest=0.0s/drop_old=0/dedup_skip=0/enq=0/drain=0 | Sources: dex_boosts:ok=1/fail=0/429=0/lim_wait=0/cd_wait=0/err=0.0%/avg=188ms; dexscreener:ok=11/fail=0/429=0/lim_wait=0/cd_wait=0/err=0.0%/avg=132ms; onchain_enrich:ok=4/fail=0/429=0/lim_wait=0/cd_wait=0/err=0.0%/avg=51ms | Tasks: 3 | RSS: 0.0MB | CycleAvg: 13.33s
2026-02-26 15:57:36,032 [INFO] [u_station_ab_night_autotune_v1] monitor.onchain_factory: ENRICH_RETRY token=0x6c41e96d9108908413436e33db31491daf423380 pair=0x7b820d9d298921e27c8822c990142f6d9f6f7c2c attempt=1/2 delay=10s
2026-02-26 15:57:46,127 [INFO] [u_station_ab_night_autotune_v1] __main__: WATCHLIST merged count=3
2026-02-26 15:57:46,128 [INFO] [u_station_ab_night_autotune_v1] trading.v2_runtime: V2_UNIVERSE in=3 dedup=3 out=3 target=3 novel_target=3 novel_out=0 repeat_dropped=0 symbol_dropped=0 surge_in=0 surge_target=0 surge_out=0
2026-02-26 15:57:46,129 [INFO] [u_station_ab_night_autotune_v1] __main__: FILTER_PASS token=cbBTC tier=A score=100 mode=YELLOW risk=MEDIUM liq=19456969 vol5m=191916
2026-02-26 15:57:46,130 [INFO] [u_station_ab_night_autotune_v1] __main__: FILTER_PASS token=VIRTUAL tier=A score=75 mode=YELLOW risk=MEDIUM liq=7329140 vol5m=1199
2026-02-26 15:57:46,131 [INFO] [u_station_ab_night_autotune_v1] __main__: FILTER_PASS token=AERO tier=A score=75 mode=YELLOW risk=MEDIUM liq=1353229 vol5m=19
2026-02-26 15:57:46,133 [INFO] [u_station_ab_night_autotune_v1] __main__: V2_QUALITY_GATE enabled=True regime=YELLOW in=3 out=3 core_out=0 explore_out=3 probe_out=1 quota=3 max_symbol_share=0.333 drop={'source_budget': 1, 'duplicate_address': 2} sources_used={'watchlist': 3}
2026-02-26 15:57:46,137 [INFO] [u_station_ab_night_autotune_v1] __main__: V2_ENTRY_ROUTE enabled=True regime=YELLOW in=3 out=2 core_out=1 explore_out=1 quota=1 allow_explore=True
2026-02-26 15:57:46,138 [INFO] [u_station_ab_night_autotune_v1] __main__: MARKET_REGIME mode=YELLOW reason=hysteresis_recover_wait 3/4 raw=GREEN avg_cand_recent=4.00
2026-02-26 15:57:46,139 [INFO] [u_station_ab_night_autotune_v1] trading.auto_trader: SYMBOL_COOLDOWN symbol=CBBTC seconds=300 reason=fatigue_cap
2026-02-26 15:57:46,140 [INFO] [u_station_ab_night_autotune_v1] trading.auto_trader: AutoTrade skip token=cbBTC reason=symbol_fatigue_cap trades=9 cap=9
2026-02-26 15:57:46,141 [INFO] [u_station_ab_night_autotune_v1] trading.auto_trader: AutoTrade skip token=VIRTUAL reason=address_or_duplicate raw_address=0x0b3e328455c4059eeb9e3f84b5543f74e24e7e1b normalized=0x0b3e328455c4059eeb9e3f84b5543f74e24e7e1b source=watchlist
2026-02-26 15:57:46,142 [INFO] [u_station_ab_night_autotune_v1] trading.auto_trader: AutoTrade batch mode=top_n candidates=2 eligible=2 selected=2 opened=0 pe=off burst_window=0
2026-02-26 15:57:46,228 [INFO] [u_station_ab_night_autotune_v1] __main__: Scanned 3 tokens | High quality: 3 | Alerts sent: 0 | Trade candidates: 3 | Quality out/core/explore/probe: 3/0/3/1 | Opened: 0 | Mode: local | Source: onchain+market | Policy: raw=OK/effective=OK(healthy | route=allow_all) | Regime: YELLOW(hysteresis_recover_wait 3/4 raw=GREEN) | Safety: checked=3 fail_closed=0 reasons=api_code_4029:3 | FiltersTop(session): safe_age:9,score_min:2,safe_volume:1 | Dedup: heavy_skip=0 override=0 | V2Budget: 3/280 | SourceQoS: enabled=1/in=3/out=3/dropped=0/active_cd=0/drops=none | Ingest: q=0/oldest=0.0s/drop_old=0/dedup_skip=0/enq=0/drain=0 | Sources: dex_boosts:ok=1/fail=0/429=0/lim_wait=0/cd_wait=0/err=0.0%/avg=65ms; dexscreener:ok=11/fail=0/429=0/lim_wait=0/cd_wait=0/err=0.0%/avg=203ms; onchain_enrich:ok=4/fail=0/429=0/lim_wait=0/cd_wait=0/err=0.0%/avg=109ms | Tasks: 3 | RSS: 0.0MB | CycleAvg: 12.09s
2026-02-26 15:57:50,790 [INFO] [u_station_ab_night_autotune_v1] monitor.onchain_factory: ENRICH_RETRY token=0x6c41e96d9108908413436e33db31491daf423380 pair=0x7b820d9d298921e27c8822c990142f6d9f6f7c2c attempt=1/2 delay=10s
2026-02-26 15:58:00,888 [INFO] [u_station_ab_night_autotune_v1] __main__: WATCHLIST merged count=3
2026-02-26 15:58:00,889 [INFO] [u_station_ab_night_autotune_v1] trading.v2_runtime: V2_UNIVERSE in=3 dedup=3 out=3 target=3 novel_target=3 novel_out=0 repeat_dropped=0 symbol_dropped=0 surge_in=0 surge_target=0 surge_out=0
2026-02-26 15:58:00,889 [INFO] [u_station_ab_night_autotune_v1] __main__: FILTER_PASS token=cbBTC tier=A score=100 mode=YELLOW risk=MEDIUM liq=19456969 vol5m=191916
2026-02-26 15:58:00,890 [INFO] [u_station_ab_night_autotune_v1] __main__: FILTER_PASS token=VIRTUAL tier=A score=75 mode=YELLOW risk=MEDIUM liq=7329140 vol5m=1199
2026-02-26 15:58:00,892 [INFO] [u_station_ab_night_autotune_v1] __main__: FILTER_PASS token=AERO tier=A score=75 mode=YELLOW risk=MEDIUM liq=1353229 vol5m=19
2026-02-26 15:58:00,893 [INFO] [u_station_ab_night_autotune_v1] __main__: V2_QUALITY_GATE enabled=True regime=GREEN in=3 out=2 core_out=0 explore_out=2 probe_out=0 quota=2 max_symbol_share=0.500 drop={'cooldown_bucket': 1, 'duplicate_address': 2} sources_used={'watchlist': 2}
2026-02-26 15:58:00,895 [INFO] [u_station_ab_night_autotune_v1] __main__: V2_ENTRY_ROUTE enabled=True regime=GREEN in=2 out=2 core_out=1 explore_out=1 quota=1 allow_explore=True
2026-02-26 15:58:00,896 [INFO] [u_station_ab_night_autotune_v1] __main__: MARKET_REGIME mode=GREEN reason=avg_cand=3.75 avg_cand_recent=3.75
2026-02-26 15:58:00,897 [WARNING] [u_station_ab_night_autotune_v1] monitor.local_alerter: Local event symbol=MARKET_MODE reco=GREEN risk=INFO
2026-02-26 15:58:00,899 [INFO] [u_station_ab_night_autotune_v1] trading.auto_trader: AutoTrade skip token=VIRTUAL reason=address_or_duplicate raw_address=0x0b3e328455c4059eeb9e3f84b5543f74e24e7e1b normalized=0x0b3e328455c4059eeb9e3f84b5543f74e24e7e1b source=watchlist
2026-02-26 15:58:00,901 [INFO] [u_station_ab_night_autotune_v1] trading.auto_trader: AutoTrade adjust token=AERO reason=min_trade_floor size=$0.06->$0.10 min=$0.10
2026-02-26 15:58:00,903 [INFO] [u_station_ab_night_autotune_v1] trading.auto_trader: AutoTrade skip token=AERO reason=edge_low mode=both edge=-29.70% raw=-27.50% mult=1.08 min=0.14% probe_min=0.14% edge_usd=$-0.030 min_usd=$0.002 probe_min_usd=$0.002 size=$0.10 gross=3.20% costs=30.70% pwin=0.45 probe=- budget=0/1
2026-02-26 15:58:00,904 [INFO] [u_station_ab_night_autotune_v1] trading.auto_trader: AutoTrade batch mode=top_n candidates=2 eligible=2 selected=2 opened=0 pe=off burst_window=0
2026-02-26 15:58:01,142 [INFO] [u_station_ab_night_autotune_v1] __main__: Scanned 3 tokens | High quality: 3 | Alerts sent: 0 | Trade candidates: 3 | Quality out/core/explore/probe: 2/0/2/0 | Opened: 0 | Mode: local | Source: onchain+market | Policy: raw=OK/effective=OK(healthy | route=allow_all) | Regime: GREEN(avg_cand=3.75) | Safety: checked=3 fail_closed=0 reasons=api_code_4029:3 | FiltersTop(session): safe_age:9,score_min:2,safe_volume:1 | Dedup: heavy_skip=0 override=0 | V2Budget: 3/280 | SourceQoS: enabled=1/in=3/out=3/dropped=0/active_cd=0/drops=none | Ingest: q=0/oldest=0.0s/drop_old=0/dedup_skip=0/enq=0/drain=0 | Sources: dex_boosts:ok=1/fail=0/429=0/lim_wait=0/cd_wait=0/err=0.0%/avg=71ms; dexscreener:ok=11/fail=0/429=0/lim_wait=0/cd_wait=0/err=0.0%/avg=63ms; onchain_enrich:ok=4/fail=0/429=0/lim_wait=0/cd_wait=0/err=0.0%/avg=44ms | Tasks: 3 | RSS: 0.0MB | CycleAvg: 11.73s
2026-02-26 15:58:05,682 [INFO] [u_station_ab_night_autotune_v1] monitor.onchain_factory: ENRICH_RETRY token=0x6c41e96d9108908413436e33db31491daf423380 pair=0x7b820d9d298921e27c8822c990142f6d9f6f7c2c attempt=1/2 delay=10s
2026-02-26 15:58:15,765 [INFO] [u_station_ab_night_autotune_v1] __main__: WATCHLIST merged count=3
2026-02-26 15:58:15,766 [INFO] [u_station_ab_night_autotune_v1] trading.v2_runtime: V2_UNIVERSE in=4 dedup=4 out=4 target=4 novel_target=3 novel_out=1 repeat_dropped=0 symbol_dropped=0 surge_in=1 surge_target=1 surge_out=1
2026-02-26 15:58:15,767 [INFO] [u_station_ab_night_autotune_v1] __main__: FILTER_FAIL token=DOCA reason=safe_age
2026-02-26 15:58:15,769 [INFO] [u_station_ab_night_autotune_v1] __main__: FILTER_PASS token=cbBTC tier=A score=100 mode=GREEN risk=MEDIUM liq=19456969 vol5m=191916
2026-02-26 15:58:15,770 [INFO] [u_station_ab_night_autotune_v1] __main__: FILTER_PASS token=VIRTUAL tier=A score=75 mode=GREEN risk=MEDIUM liq=7329140 vol5m=1199
2026-02-26 15:58:15,772 [INFO] [u_station_ab_night_autotune_v1] __main__: FILTER_PASS token=AERO tier=A score=75 mode=GREEN risk=MEDIUM liq=1353229 vol5m=19
2026-02-26 15:58:15,774 [INFO] [u_station_ab_night_autotune_v1] __main__: V2_QUALITY_GATE enabled=True regime=GREEN in=3 out=2 core_out=0 explore_out=2 probe_out=0 quota=2 max_symbol_share=0.500 drop={'cooldown_bucket': 1, 'duplicate_address': 2} sources_used={'watchlist': 2}
2026-02-26 15:58:15,778 [INFO] [u_station_ab_night_autotune_v1] __main__: V2_ENTRY_ROUTE enabled=True regime=GREEN in=2 out=2 core_out=1 explore_out=1 quota=1 allow_explore=True
2026-02-26 15:58:15,778 [INFO] [u_station_ab_night_autotune_v1] __main__: MARKET_REGIME mode=GREEN reason=avg_cand=3.60 avg_cand_recent=3.60
2026-02-26 15:58:15,781 [INFO] [u_station_ab_night_autotune_v1] trading.auto_trader: AutoTrade skip token=VIRTUAL reason=address_or_duplicate raw_address=0x0b3e328455c4059eeb9e3f84b5543f74e24e7e1b normalized=0x0b3e328455c4059eeb9e3f84b5543f74e24e7e1b source=watchlist
2026-02-26 15:58:15,816 [INFO] [u_station_ab_night_autotune_v1] trading.auto_trader: AutoTrade adjust token=AERO reason=min_trade_floor size=$0.06->$0.10 min=$0.10
2026-02-26 15:58:15,817 [INFO] [u_station_ab_night_autotune_v1] trading.auto_trader: AutoTrade skip token=AERO reason=ev_net_low expected_net=$-0.00953 min=$-0.00212 samples=24 conf=1.00 pwin=0.29 avg_win=$0.0093 avg_loss=$0.0170 kelly=0.000 mem=sparse trades=1<4
2026-02-26 15:58:15,818 [INFO] [u_station_ab_night_autotune_v1] trading.auto_trader: AutoTrade batch mode=top_n candidates=2 eligible=2 selected=2 opened=0 pe=off burst_window=0
2026-02-26 15:58:15,818 [INFO] [u_station_ab_night_autotune_v1] trading.auto_trader: PAPER_SUMMARY window=60s closed_delta=0 wins_delta=0 losses_delta=0 realized_delta=$0.00 total_closed=25 winrate_total=12.0% realized_total=$0.01 balance=$6.56 equity=$7.01 open=1
2026-02-26 15:58:15,916 [INFO] [u_station_ab_night_autotune_v1] __main__: Scanned 4 tokens | High quality: 4 | Alerts sent: 0 | Trade candidates: 3 | Quality out/core/explore/probe: 2/0/2/0 | Opened: 0 | Mode: local | Source: onchain+market | Policy: raw=OK/effective=OK(healthy | route=allow_all) | Regime: GREEN(avg_cand=3.60) | Safety: checked=3 fail_closed=0 reasons=api_code_4029:3 | FiltersTop(session): safe_age:10,score_min:2,safe_volume:1 | Dedup: heavy_skip=0 override=0 | V2Budget: 3/280 | SourceQoS: enabled=1/in=4/out=4/dropped=0/active_cd=0/drops=none | Ingest: q=0/oldest=0.0s/drop_old=0/dedup_skip=0/enq=0/drain=0 | Sources: dex_boosts:ok=1/fail=0/429=0/lim_wait=0/cd_wait=0/err=0.0%/avg=41ms; dexscreener:ok=11/fail=0/429=0/lim_wait=0/cd_wait=0/err=0.0%/avg=49ms; onchain_enrich:ok=3/fail=0/429=0/lim_wait=0/cd_wait=0/err=0.0%/avg=53ms | Tasks: 3 | RSS: 0.0MB | CycleAvg: 11.52s
2026-02-26 15:58:20,567 [INFO] [u_station_ab_night_autotune_v1] __main__: WATCHLIST merged count=3
2026-02-26 15:58:20,570 [INFO] [u_station_ab_night_autotune_v1] trading.v2_runtime: V2_UNIVERSE in=4 dedup=4 out=4 target=4 novel_target=3 novel_out=0 repeat_dropped=0 symbol_dropped=0 surge_in=1 surge_target=1 surge_out=1
2026-02-26 15:58:20,571 [INFO] [u_station_ab_night_autotune_v1] __main__: FILTER_FAIL token=DOCA reason=safe_age
2026-02-26 15:58:20,572 [INFO] [u_station_ab_night_autotune_v1] __main__: FILTER_PASS token=cbBTC tier=A score=100 mode=GREEN risk=MEDIUM liq=19456969 vol5m=191916
2026-02-26 15:58:20,574 [INFO] [u_station_ab_night_autotune_v1] __main__: FILTER_PASS token=VIRTUAL tier=A score=75 mode=GREEN risk=MEDIUM liq=7329140 vol5m=1199
2026-02-26 15:58:20,574 [INFO] [u_station_ab_night_autotune_v1] __main__: FILTER_PASS token=AERO tier=A score=75 mode=GREEN risk=MEDIUM liq=1353229 vol5m=19
2026-02-26 15:58:20,577 [INFO] [u_station_ab_night_autotune_v1] __main__: V2_QUALITY_GATE enabled=True regime=GREEN in=3 out=2 core_out=0 explore_out=2 probe_out=0 quota=2 max_symbol_share=0.500 drop={'cooldown_bucket': 1, 'duplicate_address': 2} sources_used={'watchlist': 2}
2026-02-26 15:58:20,581 [INFO] [u_station_ab_night_autotune_v1] __main__: V2_ENTRY_ROUTE enabled=True regime=GREEN in=2 out=2 core_out=1 explore_out=1 quota=1 allow_explore=True
2026-02-26 15:58:20,582 [INFO] [u_station_ab_night_autotune_v1] __main__: MARKET_REGIME mode=GREEN reason=avg_cand=3.50 avg_cand_recent=3.50
2026-02-26 15:58:20,583 [INFO] [u_station_ab_night_autotune_v1] trading.auto_trader: AutoTrade skip token=VIRTUAL reason=address_or_duplicate raw_address=0x0b3e328455c4059eeb9e3f84b5543f74e24e7e1b normalized=0x0b3e328455c4059eeb9e3f84b5543f74e24e7e1b source=watchlist
2026-02-26 15:58:20,586 [INFO] [u_station_ab_night_autotune_v1] trading.auto_trader: AutoTrade adjust token=AERO reason=min_trade_floor size=$0.06->$0.10 min=$0.10
2026-02-26 15:58:20,587 [INFO] [u_station_ab_night_autotune_v1] trading.auto_trader: AutoTrade skip token=AERO reason=ev_net_low expected_net=$-0.00953 min=$-0.00212 samples=24 conf=1.00 pwin=0.29 avg_win=$0.0093 avg_loss=$0.0170 kelly=0.000 mem=sparse trades=1<4
2026-02-26 15:58:20,588 [INFO] [u_station_ab_night_autotune_v1] trading.auto_trader: AutoTrade batch mode=top_n candidates=2 eligible=2 selected=2 opened=0 pe=off burst_window=0
2026-02-26 15:58:20,693 [INFO] [u_station_ab_night_autotune_v1] __main__: Scanned 4 tokens | High quality: 4 | Alerts sent: 0 | Trade candidates: 3 | Quality out/core/explore/probe: 2/0/2/0 | Opened: 0 | Mode: local | Source: onchain+market | Policy: raw=OK/effective=OK(healthy | route=allow_all) | Regime: GREEN(avg_cand=3.50) | Safety: checked=3 fail_closed=0 reasons=api_code_4029:3 | FiltersTop(session): safe_age:11,score_min:2,safe_volume:1 | Dedup: heavy_skip=0 override=0 | V2Budget: 3/280 | SourceQoS: enabled=1/in=4/out=4/dropped=0/active_cd=0/drops=none | Ingest: q=0/oldest=0.0s/drop_old=0/dedup_skip=0/enq=1/drain=1 | Sources: dex_boosts:ok=1/fail=0/429=0/lim_wait=0/cd_wait=0/err=0.0%/avg=163ms; dexscreener:ok=11/fail=0/429=0/lim_wait=0/cd_wait=0/err=0.0%/avg=234ms; geckoterminal:ok=1/fail=0/429=0/lim_wait=0/cd_wait=0/err=0.0%/avg=726ms | Tasks: 3 | RSS: 0.0MB | CycleAvg: 11.37s
2026-02-26 15:58:25,179 [INFO] [u_station_ab_night_autotune_v1] __main__: WATCHLIST merged count=3
2026-02-26 15:58:25,180 [INFO] [u_station_ab_night_autotune_v1] trading.v2_runtime: V2_UNIVERSE in=3 dedup=3 out=3 target=3 novel_target=3 novel_out=0 repeat_dropped=0 symbol_dropped=0 surge_in=0 surge_target=0 surge_out=0
2026-02-26 15:58:25,182 [INFO] [u_station_ab_night_autotune_v1] __main__: FILTER_PASS token=cbBTC tier=A score=100 mode=GREEN risk=MEDIUM liq=19456969 vol5m=191916
2026-02-26 15:58:25,184 [INFO] [u_station_ab_night_autotune_v1] __main__: FILTER_PASS token=VIRTUAL tier=A score=75 mode=GREEN risk=MEDIUM liq=7329140 vol5m=1199
2026-02-26 15:58:25,185 [INFO] [u_station_ab_night_autotune_v1] __main__: FILTER_PASS token=AERO tier=A score=75 mode=GREEN risk=MEDIUM liq=1353229 vol5m=19
2026-02-26 15:58:25,187 [INFO] [u_station_ab_night_autotune_v1] __main__: V2_QUALITY_GATE enabled=True regime=GREEN in=3 out=2 core_out=0 explore_out=2 probe_out=0 quota=2 max_symbol_share=0.500 drop={'cooldown_bucket': 1, 'duplicate_address': 2} sources_used={'watchlist': 2}
2026-02-26 15:58:25,189 [INFO] [u_station_ab_night_autotune_v1] __main__: V2_ENTRY_ROUTE enabled=True regime=GREEN in=2 out=2 core_out=1 explore_out=1 quota=1 allow_explore=True
2026-02-26 15:58:25,190 [INFO] [u_station_ab_night_autotune_v1] __main__: MARKET_REGIME mode=GREEN reason=avg_cand=3.43 avg_cand_recent=3.43
2026-02-26 15:58:25,191 [INFO] [u_station_ab_night_autotune_v1] trading.auto_trader: AutoTrade skip token=VIRTUAL reason=address_or_duplicate raw_address=0x0b3e328455c4059eeb9e3f84b5543f74e24e7e1b normalized=0x0b3e328455c4059eeb9e3f84b5543f74e24e7e1b source=watchlist
2026-02-26 15:58:25,193 [INFO] [u_station_ab_night_autotune_v1] trading.auto_trader: AutoTrade adjust token=AERO reason=min_trade_floor size=$0.06->$0.10 min=$0.10
2026-02-26 15:58:25,194 [INFO] [u_station_ab_night_autotune_v1] trading.auto_trader: AutoTrade skip token=AERO reason=ev_net_low expected_net=$-0.00953 min=$-0.00212 samples=24 conf=1.00 pwin=0.29 avg_win=$0.0093 avg_loss=$0.0170 kelly=0.000 mem=sparse trades=1<4
2026-02-26 15:58:25,195 [INFO] [u_station_ab_night_autotune_v1] trading.auto_trader: AutoTrade batch mode=top_n candidates=2 eligible=2 selected=2 opened=0 pe=off burst_window=0
2026-02-26 15:58:25,299 [INFO] [u_station_ab_night_autotune_v1] __main__: Scanned 3 tokens | High quality: 3 | Alerts sent: 0 | Trade candidates: 3 | Quality out/core/explore/probe: 2/0/2/0 | Opened: 0 | Mode: local | Source: onchain+market | Policy: raw=OK/effective=OK(healthy | route=allow_all) | Regime: GREEN(avg_cand=3.43) | Safety: checked=3 fail_closed=0 reasons=api_code_4029:3 | FiltersTop(session): safe_age:11,score_min:2,safe_volume:1 | Dedup: heavy_skip=0 override=0 | V2Budget: 3/280 | SourceQoS: enabled=1/in=3/out=3/dropped=0/active_cd=0/drops=none | Ingest: q=0/oldest=0.0s/drop_old=0/dedup_skip=0/enq=0/drain=0 | Sources: dex_boosts:ok=1/fail=0/429=0/lim_wait=0/cd_wait=0/err=0.0%/avg=40ms; dexscreener:ok=11/fail=0/429=0/lim_wait=0/cd_wait=0/err=0.0%/avg=62ms | Tasks: 3 | RSS: 0.0MB | CycleAvg: 9.60s
2026-02-26 15:58:29,759 [INFO] [u_station_ab_night_autotune_v1] __main__: WATCHLIST merged count=3
2026-02-26 15:58:29,760 [INFO] [u_station_ab_night_autotune_v1] trading.v2_runtime: V2_UNIVERSE in=3 dedup=3 out=3 target=3 novel_target=3 novel_out=0 repeat_dropped=0 symbol_dropped=0 surge_in=0 surge_target=0 surge_out=0
2026-02-26 15:58:29,762 [INFO] [u_station_ab_night_autotune_v1] __main__: FILTER_PASS token=cbBTC tier=A score=100 mode=GREEN risk=MEDIUM liq=19456969 vol5m=191916
2026-02-26 15:58:29,764 [INFO] [u_station_ab_night_autotune_v1] __main__: FILTER_PASS token=VIRTUAL tier=A score=75 mode=GREEN risk=MEDIUM liq=7329140 vol5m=1199
2026-02-26 15:58:29,766 [INFO] [u_station_ab_night_autotune_v1] __main__: FILTER_PASS token=AERO tier=A score=75 mode=GREEN risk=MEDIUM liq=1353229 vol5m=19
2026-02-26 15:58:29,768 [INFO] [u_station_ab_night_autotune_v1] __main__: V2_QUALITY_GATE enabled=True regime=GREEN in=3 out=2 core_out=0 explore_out=2 probe_out=0 quota=2 max_symbol_share=0.500 drop={'cooldown_bucket': 1, 'duplicate_address': 2} sources_used={'watchlist': 2}
2026-02-26 15:58:29,770 [INFO] [u_station_ab_night_autotune_v1] __main__: V2_ENTRY_ROUTE enabled=True regime=GREEN in=2 out=2 core_out=1 explore_out=1 quota=1 allow_explore=True
2026-02-26 15:58:29,771 [INFO] [u_station_ab_night_autotune_v1] __main__: MARKET_REGIME mode=GREEN reason=avg_cand=3.38 avg_cand_recent=3.38
2026-02-26 15:58:29,772 [INFO] [u_station_ab_night_autotune_v1] trading.auto_trader: AutoTrade skip token=VIRTUAL reason=address_or_duplicate raw_address=0x0b3e328455c4059eeb9e3f84b5543f74e24e7e1b normalized=0x0b3e328455c4059eeb9e3f84b5543f74e24e7e1b source=watchlist
2026-02-26 15:58:29,776 [INFO] [u_station_ab_night_autotune_v1] trading.auto_trader: AutoTrade adjust token=AERO reason=min_trade_floor size=$0.06->$0.10 min=$0.10
2026-02-26 15:58:29,777 [INFO] [u_station_ab_night_autotune_v1] trading.auto_trader: AutoTrade skip token=AERO reason=ev_net_low expected_net=$-0.00953 min=$-0.00212 samples=24 conf=1.00 pwin=0.29 avg_win=$0.0093 avg_loss=$0.0170 kelly=0.000 mem=sparse trades=1<4
2026-02-26 15:58:29,779 [INFO] [u_station_ab_night_autotune_v1] trading.auto_trader: AutoTrade batch mode=top_n candidates=2 eligible=2 selected=2 opened=0 pe=off burst_window=0
2026-02-26 15:58:29,865 [INFO] [u_station_ab_night_autotune_v1] __main__: Scanned 3 tokens | High quality: 3 | Alerts sent: 0 | Trade candidates: 3 | Quality out/core/explore/probe: 2/0/2/0 | Opened: 0 | Mode: local | Source: onchain+market | Policy: raw=OK/effective=OK(healthy | route=allow_all) | Regime: GREEN(avg_cand=3.38) | Safety: checked=3 fail_closed=0 reasons=api_code_4029:3 | FiltersTop(session): safe_age:11,score_min:2,safe_volume:1 | Dedup: heavy_skip=0 override=0 | V2Budget: 3/280 | SourceQoS: enabled=1/in=3/out=3/dropped=0/active_cd=0/drops=none | Ingest: q=0/oldest=0.0s/drop_old=0/dedup_skip=0/enq=0/drain=0 | Sources: dex_boosts:ok=1/fail=0/429=0/lim_wait=0/cd_wait=0/err=0.0%/avg=56ms; dexscreener:ok=11/fail=0/429=0/lim_wait=0/cd_wait=0/err=0.0%/avg=64ms | Tasks: 3 | RSS: 0.0MB | CycleAvg: 8.31s
2026-02-26 15:58:34,332 [INFO] [u_station_ab_night_autotune_v1] __main__: WATCHLIST merged count=3
2026-02-26 15:58:34,333 [INFO] [u_station_ab_night_autotune_v1] trading.v2_runtime: V2_UNIVERSE in=3 dedup=3 out=3 target=3 novel_target=3 novel_out=0 repeat_dropped=0 symbol_dropped=0 surge_in=0 surge_target=0 surge_out=0
2026-02-26 15:58:34,334 [INFO] [u_station_ab_night_autotune_v1] __main__: FILTER_PASS token=cbBTC tier=A score=100 mode=GREEN risk=MEDIUM liq=19456969 vol5m=191916
2026-02-26 15:58:34,335 [INFO] [u_station_ab_night_autotune_v1] __main__: FILTER_PASS token=VIRTUAL tier=A score=75 mode=GREEN risk=MEDIUM liq=7329140 vol5m=1199
2026-02-26 15:58:34,337 [INFO] [u_station_ab_night_autotune_v1] __main__: FILTER_PASS token=AERO tier=A score=75 mode=GREEN risk=MEDIUM liq=1353229 vol5m=19
2026-02-26 15:58:34,339 [INFO] [u_station_ab_night_autotune_v1] __main__: V2_QUALITY_GATE enabled=True regime=GREEN in=3 out=3 core_out=0 explore_out=3 probe_out=1 quota=3 max_symbol_share=0.333 drop={'source_budget': 1, 'duplicate_address': 2} sources_used={'watchlist': 3}
2026-02-26 15:58:34,341 [INFO] [u_station_ab_night_autotune_v1] __main__: V2_ENTRY_ROUTE enabled=True regime=GREEN in=3 out=2 core_out=1 explore_out=1 quota=1 allow_explore=True
2026-02-26 15:58:34,341 [INFO] [u_station_ab_night_autotune_v1] __main__: MARKET_REGIME mode=GREEN reason=avg_cand=3.33 avg_cand_recent=3.33
2026-02-26 15:58:34,343 [INFO] [u_station_ab_night_autotune_v1] trading.auto_trader: AutoTrade skip token=cbBTC reason=symbol_cooldown_left_251s
2026-02-26 15:58:34,346 [INFO] [u_station_ab_night_autotune_v1] trading.auto_trader: AutoTrade skip token=VIRTUAL reason=address_or_duplicate raw_address=0x0b3e328455c4059eeb9e3f84b5543f74e24e7e1b normalized=0x0b3e328455c4059eeb9e3f84b5543f74e24e7e1b source=watchlist
2026-02-26 15:58:34,347 [INFO] [u_station_ab_night_autotune_v1] trading.auto_trader: AutoTrade batch mode=top_n candidates=2 eligible=2 selected=2 opened=0 pe=off burst_window=0
2026-02-26 15:58:34,730 [INFO] [u_station_ab_night_autotune_v1] __main__: Scanned 3 tokens | High quality: 3 | Alerts sent: 0 | Trade candidates: 3 | Quality out/core/explore/probe: 3/0/3/1 | Opened: 0 | Mode: local | Source: onchain+market | Policy: raw=OK/effective=OK(healthy | route=allow_all) | Regime: GREEN(avg_cand=3.33) | Safety: checked=3 fail_closed=0 reasons=api_code_4029:3 | FiltersTop(session): safe_age:11,score_min:2,safe_volume:1 | Dedup: heavy_skip=0 override=0 | V2Budget: 3/280 | SourceQoS: enabled=1/in=3/out=3/dropped=0/active_cd=0/drops=none | Ingest: q=0/oldest=0.0s/drop_old=0/dedup_skip=0/enq=0/drain=0 | Sources: dex_boosts:ok=1/fail=0/429=0/lim_wait=0/cd_wait=0/err=0.0%/avg=47ms; dexscreener:ok=11/fail=0/429=0/lim_wait=0/cd_wait=0/err=0.0%/avg=59ms | Tasks: 3 | RSS: 0.0MB | CycleAvg: 7.34s
2026-02-26 15:58:39,197 [INFO] [u_station_ab_night_autotune_v1] __main__: WATCHLIST merged count=3
2026-02-26 15:58:39,198 [INFO] [u_station_ab_night_autotune_v1] trading.v2_runtime: V2_UNIVERSE in=3 dedup=3 out=3 target=3 novel_target=3 novel_out=0 repeat_dropped=0 symbol_dropped=0 surge_in=0 surge_target=0 surge_out=0
2026-02-26 15:58:39,199 [INFO] [u_station_ab_night_autotune_v1] __main__: FILTER_PASS token=cbBTC tier=A score=100 mode=GREEN risk=MEDIUM liq=19456969 vol5m=191916
2026-02-26 15:58:39,201 [INFO] [u_station_ab_night_autotune_v1] __main__: FILTER_PASS token=VIRTUAL tier=A score=75 mode=GREEN risk=MEDIUM liq=7329140 vol5m=1199
2026-02-26 15:58:39,202 [INFO] [u_station_ab_night_autotune_v1] __main__: FILTER_PASS token=AERO tier=A score=75 mode=GREEN risk=MEDIUM liq=1353229 vol5m=19
2026-02-26 15:58:39,204 [INFO] [u_station_ab_night_autotune_v1] __main__: V2_QUALITY_GATE enabled=True regime=GREEN in=3 out=3 core_out=0 explore_out=3 probe_out=1 quota=3 max_symbol_share=0.333 drop={'source_budget': 1, 'duplicate_address': 2} sources_used={'watchlist': 3}
2026-02-26 15:58:39,207 [INFO] [u_station_ab_night_autotune_v1] __main__: V2_ENTRY_ROUTE enabled=True regime=GREEN in=3 out=2 core_out=1 explore_out=1 quota=1 allow_explore=True
2026-02-26 15:58:39,207 [INFO] [u_station_ab_night_autotune_v1] __main__: MARKET_REGIME mode=GREEN reason=avg_cand=3.30 avg_cand_recent=3.30
2026-02-26 15:58:39,209 [INFO] [u_station_ab_night_autotune_v1] trading.auto_trader: AutoTrade skip token=cbBTC reason=symbol_cooldown_left_246s
2026-02-26 15:58:39,212 [INFO] [u_station_ab_night_autotune_v1] trading.auto_trader: AutoTrade skip token=VIRTUAL reason=address_or_duplicate raw_address=0x0b3e328455c4059eeb9e3f84b5543f74e24e7e1b normalized=0x0b3e328455c4059eeb9e3f84b5543f74e24e7e1b source=watchlist
2026-02-26 15:58:39,212 [INFO] [u_station_ab_night_autotune_v1] trading.auto_trader: AutoTrade batch mode=top_n candidates=2 eligible=2 selected=2 opened=0 pe=off burst_window=0
2026-02-26 15:58:39,285 [INFO] [u_station_ab_night_autotune_v1] __main__: Scanned 3 tokens | High quality: 3 | Alerts sent: 0 | Trade candidates: 3 | Quality out/core/explore/probe: 3/0/3/1 | Opened: 0 | Mode: local | Source: onchain+market | Policy: raw=OK/effective=OK(healthy | route=allow_all) | Regime: GREEN(avg_cand=3.30) | Safety: checked=3 fail_closed=0 reasons=api_code_4029:3 | FiltersTop(session): safe_age:11,score_min:2,safe_volume:1 | Dedup: heavy_skip=0 override=0 | V2Budget: 3/280 | SourceQoS: enabled=1/in=3/out=3/dropped=0/active_cd=0/drops=none | Ingest: q=0/oldest=0.0s/drop_old=0/dedup_skip=0/enq=0/drain=0 | Sources: dex_boosts:ok=1/fail=0/429=0/lim_wait=0/cd_wait=0/err=0.0%/avg=63ms; dexscreener:ok=11/fail=0/429=0/lim_wait=0/cd_wait=0/err=0.0%/avg=66ms | Tasks: 3 | RSS: 0.0MB | CycleAvg: 6.62s
2026-02-26 15:58:43,737 [INFO] [u_station_ab_night_autotune_v1] __main__: WATCHLIST merged count=3
2026-02-26 15:58:43,738 [INFO] [u_station_ab_night_autotune_v1] trading.v2_runtime: V2_UNIVERSE in=3 dedup=3 out=3 target=3 novel_target=3 novel_out=0 repeat_dropped=0 symbol_dropped=0 surge_in=0 surge_target=0 surge_out=0
2026-02-26 15:58:43,739 [INFO] [u_station_ab_night_autotune_v1] __main__: FILTER_PASS token=cbBTC tier=A score=100 mode=GREEN risk=MEDIUM liq=19456969 vol5m=191916
2026-02-26 15:58:43,741 [INFO] [u_station_ab_night_autotune_v1] __main__: FILTER_PASS token=VIRTUAL tier=A score=75 mode=GREEN risk=MEDIUM liq=7329140 vol5m=1199
2026-02-26 15:58:43,743 [INFO] [u_station_ab_night_autotune_v1] __main__: FILTER_PASS token=AERO tier=A score=75 mode=GREEN risk=MEDIUM liq=1353229 vol5m=19
2026-02-26 15:58:43,746 [INFO] [u_station_ab_night_autotune_v1] __main__: V2_QUALITY_GATE enabled=True regime=GREEN in=3 out=2 core_out=0 explore_out=2 probe_out=0 quota=2 max_symbol_share=0.500 drop={'cooldown_bucket': 1, 'duplicate_address': 2} sources_used={'watchlist': 2}
2026-02-26 15:58:43,749 [INFO] [u_station_ab_night_autotune_v1] __main__: V2_ENTRY_ROUTE enabled=True regime=GREEN in=2 out=2 core_out=1 explore_out=1 quota=1 allow_explore=True
2026-02-26 15:58:43,750 [INFO] [u_station_ab_night_autotune_v1] __main__: MARKET_REGIME mode=GREEN reason=avg_cand=3.27 avg_cand_recent=3.27
2026-02-26 15:58:43,752 [INFO] [u_station_ab_night_autotune_v1] trading.auto_trader: AutoTrade skip token=VIRTUAL reason=address_or_duplicate raw_address=0x0b3e328455c4059eeb9e3f84b5543f74e24e7e1b normalized=0x0b3e328455c4059eeb9e3f84b5543f74e24e7e1b source=watchlist
2026-02-26 15:58:43,754 [INFO] [u_station_ab_night_autotune_v1] trading.auto_trader: AutoTrade adjust token=AERO reason=min_trade_floor size=$0.06->$0.10 min=$0.10
2026-02-26 15:58:43,756 [INFO] [u_station_ab_night_autotune_v1] trading.auto_trader: AutoTrade skip token=AERO reason=ev_net_low expected_net=$-0.00953 min=$-0.00212 samples=24 conf=1.00 pwin=0.29 avg_win=$0.0093 avg_loss=$0.0170 kelly=0.000 mem=sparse trades=1<4
2026-02-26 15:58:43,757 [INFO] [u_station_ab_night_autotune_v1] trading.auto_trader: AutoTrade batch mode=top_n candidates=2 eligible=2 selected=2 opened=0 pe=off burst_window=0
2026-02-26 15:58:43,876 [INFO] [u_station_ab_night_autotune_v1] __main__: Scanned 3 tokens | High quality: 3 | Alerts sent: 0 | Trade candidates: 3 | Quality out/core/explore/probe: 2/0/2/0 | Opened: 0 | Mode: local | Source: onchain+market | Policy: raw=OK/effective=OK(healthy | route=allow_all) | Regime: GREEN(avg_cand=3.27) | Safety: checked=3 fail_closed=0 reasons=api_code_4029:3 | FiltersTop(session): safe_age:11,score_min:2,safe_volume:1 | Dedup: heavy_skip=0 override=0 | V2Budget: 3/280 | SourceQoS: enabled=1/in=3/out=3/dropped=0/active_cd=0/drops=none | Ingest: q=0/oldest=0.0s/drop_old=0/dedup_skip=0/enq=0/drain=0 | Sources: dex_boosts:ok=1/fail=0/429=0/lim_wait=0/cd_wait=0/err=0.0%/avg=99ms; dexscreener:ok=11/fail=0/429=0/lim_wait=0/cd_wait=0/err=0.0%/avg=57ms | Tasks: 3 | RSS: 0.0MB | CycleAvg: 6.01s
2026-02-26 15:58:48,338 [INFO] [u_station_ab_night_autotune_v1] __main__: WATCHLIST merged count=3
2026-02-26 15:58:48,339 [INFO] [u_station_ab_night_autotune_v1] trading.v2_runtime: V2_UNIVERSE in=3 dedup=3 out=3 target=3 novel_target=3 novel_out=0 repeat_dropped=0 symbol_dropped=0 surge_in=0 surge_target=0 surge_out=0
2026-02-26 15:58:48,340 [INFO] [u_station_ab_night_autotune_v1] __main__: FILTER_PASS token=cbBTC tier=A score=100 mode=GREEN risk=MEDIUM liq=19456969 vol5m=191916
2026-02-26 15:58:48,341 [INFO] [u_station_ab_night_autotune_v1] __main__: FILTER_PASS token=VIRTUAL tier=A score=75 mode=GREEN risk=MEDIUM liq=7329140 vol5m=1199
2026-02-26 15:58:48,344 [INFO] [u_station_ab_night_autotune_v1] __main__: FILTER_PASS token=AERO tier=A score=75 mode=GREEN risk=MEDIUM liq=1353229 vol5m=19
2026-02-26 15:58:48,347 [INFO] [u_station_ab_night_autotune_v1] __main__: V2_QUALITY_GATE enabled=True regime=GREEN in=3 out=2 core_out=0 explore_out=2 probe_out=0 quota=2 max_symbol_share=0.500 drop={'cooldown_bucket': 1, 'duplicate_address': 2} sources_used={'watchlist': 2}
2026-02-26 15:58:48,351 [INFO] [u_station_ab_night_autotune_v1] __main__: V2_ENTRY_ROUTE enabled=True regime=GREEN in=2 out=2 core_out=1 explore_out=1 quota=1 allow_explore=True
2026-02-26 15:58:48,352 [INFO] [u_station_ab_night_autotune_v1] __main__: MARKET_REGIME mode=GREEN reason=avg_cand=3.25 avg_cand_recent=3.25
2026-02-26 15:58:48,353 [INFO] [u_station_ab_night_autotune_v1] trading.auto_trader: AutoTrade skip token=VIRTUAL reason=address_or_duplicate raw_address=0x0b3e328455c4059eeb9e3f84b5543f74e24e7e1b normalized=0x0b3e328455c4059eeb9e3f84b5543f74e24e7e1b source=watchlist
2026-02-26 15:58:48,356 [INFO] [u_station_ab_night_autotune_v1] trading.auto_trader: AutoTrade adjust token=AERO reason=min_trade_floor size=$0.06->$0.10 min=$0.10
2026-02-26 15:58:48,357 [INFO] [u_station_ab_night_autotune_v1] trading.auto_trader: AutoTrade skip token=AERO reason=ev_net_low expected_net=$-0.00953 min=$-0.00212 samples=24 conf=1.00 pwin=0.29 avg_win=$0.0093 avg_loss=$0.0170 kelly=0.000 mem=sparse trades=1<4
2026-02-26 15:58:48,358 [INFO] [u_station_ab_night_autotune_v1] trading.auto_trader: AutoTrade batch mode=top_n candidates=2 eligible=2 selected=2 opened=0 pe=off burst_window=0
2026-02-26 15:58:48,457 [INFO] [u_station_ab_night_autotune_v1] __main__: Scanned 3 tokens | High quality: 3 | Alerts sent: 0 | Trade candidates: 3 | Quality out/core/explore/probe: 2/0/2/0 | Opened: 0 | Mode: local | Source: onchain+market | Policy: raw=OK/effective=OK(healthy | route=allow_all) | Regime: GREEN(avg_cand=3.25) | Safety: checked=3 fail_closed=0 reasons=api_code_4029:3 | FiltersTop(session): safe_age:11,score_min:2,safe_volume:1 | Dedup: heavy_skip=0 override=0 | V2Budget: 3/280 | SourceQoS: enabled=1/in=3/out=3/dropped=0/active_cd=0/drops=none | Ingest: q=0/oldest=0.0s/drop_old=0/dedup_skip=0/enq=0/drain=0 | Sources: dex_boosts:ok=1/fail=0/429=0/lim_wait=0/cd_wait=0/err=0.0%/avg=83ms; dexscreener:ok=11/fail=0/429=0/lim_wait=0/cd_wait=0/err=0.0%/avg=48ms | Tasks: 3 | RSS: 0.0MB | CycleAvg: 5.52s
2026-02-26 15:58:52,996 [INFO] [u_station_ab_night_autotune_v1] __main__: WATCHLIST merged count=3
2026-02-26 15:58:52,998 [INFO] [u_station_ab_night_autotune_v1] trading.v2_runtime: V2_UNIVERSE in=3 dedup=3 out=3 target=3 novel_target=3 novel_out=0 repeat_dropped=0 symbol_dropped=0 surge_in=0 surge_target=0 surge_out=0
2026-02-26 15:58:52,999 [INFO] [u_station_ab_night_autotune_v1] __main__: FILTER_PASS token=cbBTC tier=A score=100 mode=GREEN risk=MEDIUM liq=19456969 vol5m=191916
2026-02-26 15:58:53,002 [INFO] [u_station_ab_night_autotune_v1] __main__: FILTER_PASS token=VIRTUAL tier=A score=75 mode=GREEN risk=MEDIUM liq=7329140 vol5m=1199
2026-02-26 15:58:53,004 [INFO] [u_station_ab_night_autotune_v1] __main__: FILTER_PASS token=AERO tier=A score=75 mode=GREEN risk=MEDIUM liq=1353229 vol5m=19
2026-02-26 15:58:53,007 [INFO] [u_station_ab_night_autotune_v1] __main__: V2_QUALITY_GATE enabled=True regime=GREEN in=3 out=2 core_out=0 explore_out=2 probe_out=0 quota=2 max_symbol_share=0.500 drop={'cooldown_bucket': 1, 'duplicate_address': 2} sources_used={'watchlist': 2}
2026-02-26 15:58:53,011 [INFO] [u_station_ab_night_autotune_v1] __main__: V2_ENTRY_ROUTE enabled=True regime=GREEN in=2 out=2 core_out=1 explore_out=1 quota=1 allow_explore=True
2026-02-26 15:58:53,011 [INFO] [u_station_ab_night_autotune_v1] __main__: MARKET_REGIME mode=GREEN reason=avg_cand=3.00 avg_cand_recent=3.00
2026-02-26 15:58:53,012 [INFO] [u_station_ab_night_autotune_v1] trading.auto_trader: AutoTrade skip token=VIRTUAL reason=address_or_duplicate raw_address=0x0b3e328455c4059eeb9e3f84b5543f74e24e7e1b normalized=0x0b3e328455c4059eeb9e3f84b5543f74e24e7e1b source=watchlist
2026-02-26 15:58:53,016 [INFO] [u_station_ab_night_autotune_v1] trading.auto_trader: AutoTrade adjust token=AERO reason=min_trade_floor size=$0.06->$0.10 min=$0.10
2026-02-26 15:58:53,017 [INFO] [u_station_ab_night_autotune_v1] trading.auto_trader: AutoTrade skip token=AERO reason=ev_net_low expected_net=$-0.00953 min=$-0.00212 samples=24 conf=1.00 pwin=0.29 avg_win=$0.0093 avg_loss=$0.0170 kelly=0.000 mem=sparse trades=1<4
2026-02-26 15:58:53,019 [INFO] [u_station_ab_night_autotune_v1] trading.auto_trader: AutoTrade batch mode=top_n candidates=2 eligible=2 selected=2 opened=0 pe=off burst_window=0
2026-02-26 15:58:53,139 [INFO] [u_station_ab_night_autotune_v1] __main__: Scanned 3 tokens | High quality: 3 | Alerts sent: 0 | Trade candidates: 3 | Quality out/core/explore/probe: 2/0/2/0 | Opened: 0 | Mode: local | Source: onchain+market | Policy: raw=OK/effective=OK(healthy | route=allow_all) | Regime: GREEN(avg_cand=3.00) | Safety: checked=3 fail_closed=0 reasons=api_code_4029:3 | FiltersTop(session): safe_age:11,score_min:2,safe_volume:1 | Dedup: heavy_skip=0 override=0 | V2Budget: 3/280 | SourceQoS: enabled=1/in=3/out=3/dropped=0/active_cd=0/drops=none | Ingest: q=0/oldest=0.0s/drop_old=0/dedup_skip=0/enq=0/drain=0 | Sources: dex_boosts:ok=1/fail=0/429=0/lim_wait=0/cd_wait=0/err=0.0%/avg=81ms; dexscreener:ok=11/fail=0/429=0/lim_wait=0/cd_wait=0/err=0.0%/avg=230ms | Tasks: 3 | RSS: 0.0MB | CycleAvg: 5.11s
2026-02-26 15:58:57,625 [INFO] [u_station_ab_night_autotune_v1] __main__: WATCHLIST merged count=3
2026-02-26 15:58:57,626 [INFO] [u_station_ab_night_autotune_v1] trading.v2_runtime: V2_UNIVERSE in=3 dedup=3 out=3 target=3 novel_target=3 novel_out=0 repeat_dropped=0 symbol_dropped=0 surge_in=0 surge_target=0 surge_out=0
2026-02-26 15:58:57,627 [INFO] [u_station_ab_night_autotune_v1] __main__: FILTER_PASS token=cbBTC tier=A score=100 mode=GREEN risk=MEDIUM liq=19456969 vol5m=191916
2026-02-26 15:58:57,629 [INFO] [u_station_ab_night_autotune_v1] __main__: FILTER_PASS token=VIRTUAL tier=A score=75 mode=GREEN risk=MEDIUM liq=7329140 vol5m=1199
2026-02-26 15:58:57,630 [INFO] [u_station_ab_night_autotune_v1] __main__: FILTER_PASS token=AERO tier=A score=75 mode=GREEN risk=MEDIUM liq=1353229 vol5m=19
2026-02-26 15:58:57,632 [INFO] [u_station_ab_night_autotune_v1] __main__: V2_QUALITY_GATE enabled=True regime=GREEN in=3 out=2 core_out=0 explore_out=2 probe_out=0 quota=2 max_symbol_share=0.500 drop={'cooldown_bucket': 1, 'duplicate_address': 2} sources_used={'watchlist': 2}
2026-02-26 15:58:57,634 [INFO] [u_station_ab_night_autotune_v1] __main__: V2_ENTRY_ROUTE enabled=True regime=GREEN in=2 out=2 core_out=1 explore_out=1 quota=1 allow_explore=True
2026-02-26 15:58:57,635 [INFO] [u_station_ab_night_autotune_v1] __main__: MARKET_REGIME mode=GREEN reason=avg_cand=3.00 avg_cand_recent=3.00
2026-02-26 15:58:57,636 [INFO] [u_station_ab_night_autotune_v1] trading.auto_trader: AutoTrade skip token=VIRTUAL reason=address_or_duplicate raw_address=0x0b3e328455c4059eeb9e3f84b5543f74e24e7e1b normalized=0x0b3e328455c4059eeb9e3f84b5543f74e24e7e1b source=watchlist
2026-02-26 15:58:57,639 [INFO] [u_station_ab_night_autotune_v1] trading.auto_trader: AutoTrade adjust token=AERO reason=min_trade_floor size=$0.06->$0.10 min=$0.10
2026-02-26 15:58:57,641 [INFO] [u_station_ab_night_autotune_v1] trading.auto_trader: AutoTrade skip token=AERO reason=ev_net_low expected_net=$-0.00953 min=$-0.00212 samples=24 conf=1.00 pwin=0.29 avg_win=$0.0093 avg_loss=$0.0170 kelly=0.000 mem=sparse trades=1<4
2026-02-26 15:58:57,643 [INFO] [u_station_ab_night_autotune_v1] trading.auto_trader: AutoTrade batch mode=top_n candidates=2 eligible=2 selected=2 opened=0 pe=off burst_window=0
2026-02-26 15:58:57,690 [INFO] [u_station_ab_night_autotune_v1] trading.auto_trader: TOKEN_COOLDOWN token=0x0b3e328455c4059eeb9e3f84b5543f74e24e7e1b reason=TIMEOUT pnl=$0.0015 cooldown=40s strikes=0->0 dynamic=True
2026-02-26 15:58:57,690 [INFO] [u_station_ab_night_autotune_v1] trading.auto_trader: AUTO_SELL Paper SELL token=VIRTUAL reason=TIMEOUT exit=$0.68950000 pnl=0.33% ($0.00) remaining=$0.00 partial=$0.00 raw=0.33% cost=2.70% gas=$0.03 balance=$7.01
2026-02-26 15:58:57,792 [INFO] [u_station_ab_night_autotune_v1] __main__: Scanned 3 tokens | High quality: 3 | Alerts sent: 0 | Trade candidates: 3 | Quality out/core/explore/probe: 2/0/2/0 | Opened: 0 | Mode: local | Source: onchain+market | Policy: raw=OK/effective=OK(healthy | route=allow_all) | Regime: GREEN(avg_cand=3.00) | Safety: checked=3 fail_closed=0 reasons=api_code_4029:3 | FiltersTop(session): safe_age:11,score_min:2,safe_volume:1 | Dedup: heavy_skip=0 override=0 | V2Budget: 3/280 | SourceQoS: enabled=1/in=3/out=3/dropped=0/active_cd=0/drops=none | Ingest: q=0/oldest=0.0s/drop_old=0/dedup_skip=0/enq=0/drain=0 | Sources: dex_boosts:ok=1/fail=0/429=0/lim_wait=0/cd_wait=0/err=0.0%/avg=46ms; dexscreener:ok=11/fail=0/429=0/lim_wait=0/cd_wait=0/err=0.0%/avg=48ms | Tasks: 3 | RSS: 0.0MB | CycleAvg: 4.77s
2026-02-26 15:59:05,213 [INFO] [u_station_ab_night_autotune_v1] __main__: WATCHLIST merged count=3
2026-02-26 15:59:05,214 [INFO] [u_station_ab_night_autotune_v1] trading.v2_runtime: V2_UNIVERSE in=3 dedup=3 out=3 target=3 novel_target=3 novel_out=0 repeat_dropped=0 symbol_dropped=0 surge_in=0 surge_target=0 surge_out=0
2026-02-26 15:59:05,215 [INFO] [u_station_ab_night_autotune_v1] __main__: FILTER_PASS token=cbBTC tier=A score=100 mode=GREEN risk=MEDIUM liq=19456969 vol5m=191916
2026-02-26 15:59:05,217 [INFO] [u_station_ab_night_autotune_v1] __main__: FILTER_PASS token=VIRTUAL tier=A score=75 mode=GREEN risk=MEDIUM liq=7329140 vol5m=1199
2026-02-26 15:59:05,218 [INFO] [u_station_ab_night_autotune_v1] __main__: FILTER_PASS token=AERO tier=A score=75 mode=GREEN risk=MEDIUM liq=1353229 vol5m=19
2026-02-26 15:59:05,220 [INFO] [u_station_ab_night_autotune_v1] __main__: V2_QUALITY_GATE enabled=True regime=GREEN in=3 out=2 core_out=0 explore_out=2 probe_out=0 quota=2 max_symbol_share=0.500 drop={'cooldown_bucket': 1, 'duplicate_address': 2} sources_used={'watchlist': 2}
2026-02-26 15:59:05,223 [INFO] [u_station_ab_night_autotune_v1] __main__: V2_ENTRY_ROUTE enabled=True regime=GREEN in=2 out=2 core_out=1 explore_out=1 quota=1 allow_explore=True
2026-02-26 15:59:05,225 [INFO] [u_station_ab_night_autotune_v1] __main__: MARKET_REGIME mode=GREEN reason=avg_cand=3.00 avg_cand_recent=3.00
2026-02-26 15:59:05,227 [INFO] [u_station_ab_night_autotune_v1] trading.auto_trader: AutoTrade skip token=VIRTUAL reason=cooldown_left_32s
2026-02-26 15:59:05,229 [INFO] [u_station_ab_night_autotune_v1] trading.auto_trader: AutoTrade adjust token=AERO reason=min_trade_floor size=$0.06->$0.10 min=$0.10
2026-02-26 15:59:05,232 [INFO] [u_station_ab_night_autotune_v1] trading.auto_trader: AutoTrade skip token=AERO reason=ev_net_low expected_net=$-0.00953 min=$-0.00212 samples=24 conf=1.00 pwin=0.29 avg_win=$0.0093 avg_loss=$0.0170 kelly=0.000 mem=sparse trades=1<4
2026-02-26 15:59:05,233 [INFO] [u_station_ab_night_autotune_v1] trading.auto_trader: AutoTrade batch mode=top_n candidates=2 eligible=2 selected=2 opened=0 pe=off burst_window=0
2026-02-26 15:59:05,234 [INFO] [u_station_ab_night_autotune_v1] __main__: Scanned 3 tokens | High quality: 3 | Alerts sent: 0 | Trade candidates: 3 | Quality out/core/explore/probe: 2/0/2/0 | Opened: 0 | Mode: local | Source: onchain+market | Policy: raw=OK/effective=OK(healthy | route=allow_all) | Regime: GREEN(avg_cand=3.00) | Safety: checked=3 fail_closed=0 reasons=api_code_4029:3 | FiltersTop(session): safe_age:11,score_min:2,safe_volume:1 | Dedup: heavy_skip=0 override=0 | V2Budget: 3/280 | SourceQoS: enabled=1/in=3/out=3/dropped=0/active_cd=0/drops=none | Ingest: q=0/oldest=0.0s/drop_old=0/dedup_skip=0/enq=0/drain=0 | Sources: dex_boosts:ok=1/fail=0/429=0/lim_wait=0/cd_wait=0/err=0.0%/avg=68ms; dexscreener:ok=11/fail=0/429=0/lim_wait=1/cd_wait=0/err=0.0%/avg=59ms | Tasks: 3 | RSS: 0.0MB | CycleAvg: 4.47s
2026-02-26 15:59:19,979 [INFO] [u_station_ab_night_autotune_v1] __main__: WATCHLIST merged count=3
2026-02-26 15:59:19,980 [INFO] [u_station_ab_night_autotune_v1] trading.v2_runtime: V2_UNIVERSE in=3 dedup=3 out=3 target=3 novel_target=3 novel_out=0 repeat_dropped=0 symbol_dropped=0 surge_in=0 surge_target=0 surge_out=0
2026-02-26 15:59:19,981 [INFO] [u_station_ab_night_autotune_v1] __main__: FILTER_PASS token=cbBTC tier=A score=100 mode=GREEN risk=MEDIUM liq=19456969 vol5m=191916
2026-02-26 15:59:19,982 [INFO] [u_station_ab_night_autotune_v1] __main__: FILTER_PASS token=VIRTUAL tier=A score=75 mode=GREEN risk=MEDIUM liq=7329140 vol5m=1199
2026-02-26 15:59:19,984 [INFO] [u_station_ab_night_autotune_v1] __main__: FILTER_PASS token=AERO tier=A score=75 mode=GREEN risk=MEDIUM liq=1353229 vol5m=19
2026-02-26 15:59:19,986 [INFO] [u_station_ab_night_autotune_v1] __main__: V2_QUALITY_GATE enabled=True regime=GREEN in=3 out=3 core_out=0 explore_out=3 probe_out=1 quota=3 max_symbol_share=0.333 drop={'source_budget': 1, 'duplicate_address': 2} sources_used={'watchlist': 3}
2026-02-26 15:59:19,991 [INFO] [u_station_ab_night_autotune_v1] __main__: V2_ENTRY_ROUTE enabled=True regime=GREEN in=3 out=2 core_out=1 explore_out=1 quota=1 allow_explore=True
2026-02-26 15:59:19,991 [INFO] [u_station_ab_night_autotune_v1] __main__: MARKET_REGIME mode=GREEN reason=avg_cand=3.00 avg_cand_recent=3.00
2026-02-26 15:59:19,993 [INFO] [u_station_ab_night_autotune_v1] trading.auto_trader: AutoTrade skip token=cbBTC reason=symbol_cooldown_left_206s
2026-02-26 15:59:19,995 [INFO] [u_station_ab_night_autotune_v1] trading.auto_trader: AutoTrade skip token=VIRTUAL reason=cooldown_left_17s
2026-02-26 15:59:19,996 [INFO] [u_station_ab_night_autotune_v1] trading.auto_trader: AutoTrade batch mode=top_n candidates=2 eligible=2 selected=2 opened=0 pe=off burst_window=0
2026-02-26 15:59:19,997 [INFO] [u_station_ab_night_autotune_v1] trading.auto_trader: PAPER_SUMMARY window=60s closed_delta=1 wins_delta=1 losses_delta=0 realized_delta=$0.00 total_closed=26 winrate_total=15.4% realized_total=$0.01 balance=$7.01 equity=$7.01 open=0
2026-02-26 15:59:19,998 [INFO] [u_station_ab_night_autotune_v1] __main__: Scanned 3 tokens | High quality: 3 | Alerts sent: 0 | Trade candidates: 3 | Quality out/core/explore/probe: 3/0/3/1 | Opened: 0 | Mode: local | Source: onchain+market | Policy: raw=OK/effective=OK(healthy | route=allow_all) | Regime: GREEN(avg_cand=3.00) | Safety: checked=3 fail_closed=0 reasons=api_code_4029:3 | FiltersTop(session): safe_age:11,score_min:2,safe_volume:1 | Dedup: heavy_skip=0 override=0 | V2Budget: 3/280 | SourceQoS: enabled=1/in=3/out=3/dropped=0/active_cd=0/drops=none | Ingest: q=0/oldest=0.0s/drop_old=0/dedup_skip=0/enq=0/drain=0 | Sources: dex_boosts:ok=1/fail=0/429=0/lim_wait=0/cd_wait=0/err=0.0%/avg=66ms; dexscreener:ok=11/fail=0/429=0/lim_wait=1/cd_wait=0/err=0.0%/avg=46ms | Tasks: 3 | RSS: 0.0MB | CycleAvg: 4.40s
2026-02-26 15:59:24,313 [INFO] [u_station_ab_night_autotune_v1] monitor.onchain_factory: PAIR_DETECTED source=uniswap_v2 dex=uniswap_v2 pair=0x7e2177269ddbd1e08342335853c623b00b856dbb token0=0x076f782521fa0c52ca19786a5714c5e110b4e0c9 token1=0x4200000000000000000000000000000000000006 block=42664302 factory=0x8909dc15e40173ff4699343b6eb8132c65e18ec6
2026-02-26 15:59:24,867 [INFO] [u_station_ab_night_autotune_v1] monitor.onchain_factory: ENRICH_RETRY token=0x076f782521fa0c52ca19786a5714c5e110b4e0c9 pair=0x7e2177269ddbd1e08342335853c623b00b856dbb attempt=1/2 delay=10s
2026-02-26 15:59:35,085 [INFO] [u_station_ab_night_autotune_v1] __main__: WATCHLIST merged count=3
2026-02-26 15:59:35,086 [INFO] [u_station_ab_night_autotune_v1] trading.v2_runtime: V2_UNIVERSE in=3 dedup=3 out=3 target=3 novel_target=3 novel_out=0 repeat_dropped=0 symbol_dropped=0 surge_in=0 surge_target=0 surge_out=0
2026-02-26 15:59:35,088 [INFO] [u_station_ab_night_autotune_v1] __main__: FILTER_PASS token=cbBTC tier=A score=100 mode=GREEN risk=MEDIUM liq=19456969 vol5m=191916
2026-02-26 15:59:35,090 [INFO] [u_station_ab_night_autotune_v1] __main__: FILTER_PASS token=VIRTUAL tier=A score=75 mode=GREEN risk=MEDIUM liq=7329140 vol5m=1199
2026-02-26 15:59:35,092 [INFO] [u_station_ab_night_autotune_v1] __main__: FILTER_PASS token=AERO tier=A score=75 mode=GREEN risk=MEDIUM liq=1353229 vol5m=19
2026-02-26 15:59:35,094 [INFO] [u_station_ab_night_autotune_v1] __main__: V2_QUALITY_GATE enabled=True regime=GREEN in=3 out=2 core_out=0 explore_out=2 probe_out=0 quota=2 max_symbol_share=0.500 drop={'cooldown_bucket': 1, 'duplicate_address': 2} sources_used={'watchlist': 2}
2026-02-26 15:59:35,097 [INFO] [u_station_ab_night_autotune_v1] __main__: V2_ENTRY_ROUTE enabled=True regime=GREEN in=2 out=2 core_out=1 explore_out=1 quota=1 allow_explore=True
2026-02-26 15:59:35,097 [INFO] [u_station_ab_night_autotune_v1] __main__: MARKET_REGIME mode=GREEN reason=avg_cand=3.00 avg_cand_recent=3.00
2026-02-26 15:59:35,099 [INFO] [u_station_ab_night_autotune_v1] trading.auto_trader: AutoTrade skip token=VIRTUAL reason=cooldown_left_2s
2026-02-26 15:59:35,101 [INFO] [u_station_ab_night_autotune_v1] trading.auto_trader: AutoTrade adjust token=AERO reason=min_trade_floor size=$0.06->$0.10 min=$0.10
2026-02-26 15:59:35,103 [INFO] [u_station_ab_night_autotune_v1] trading.auto_trader: AutoTrade skip token=AERO reason=ev_net_low expected_net=$-0.00953 min=$-0.00212 samples=24 conf=1.00 pwin=0.29 avg_win=$0.0093 avg_loss=$0.0170 kelly=0.000 mem=sparse trades=1<4
2026-02-26 15:59:35,105 [INFO] [u_station_ab_night_autotune_v1] trading.auto_trader: AutoTrade batch mode=top_n candidates=2 eligible=2 selected=2 opened=0 pe=off burst_window=0
2026-02-26 15:59:35,106 [INFO] [u_station_ab_night_autotune_v1] __main__: Scanned 3 tokens | High quality: 3 | Alerts sent: 0 | Trade candidates: 3 | Quality out/core/explore/probe: 2/0/2/0 | Opened: 0 | Mode: local | Source: onchain+market | Policy: raw=OK/effective=OK(healthy | route=allow_all) | Regime: GREEN(avg_cand=3.00) | Safety: checked=3 fail_closed=0 reasons=api_code_4029:3 | FiltersTop(session): safe_age:11,score_min:2,safe_volume:1 | Dedup: heavy_skip=0 override=0 | V2Budget: 3/280 | SourceQoS: enabled=1/in=3/out=3/dropped=0/active_cd=0/drops=none | Ingest: q=0/oldest=0.0s/drop_old=0/dedup_skip=0/enq=0/drain=0 | Sources: dex_boosts:ok=1/fail=0/429=0/lim_wait=0/cd_wait=0/err=0.0%/avg=68ms; dexscreener:ok=11/fail=0/429=0/lim_wait=1/cd_wait=0/err=0.0%/avg=216ms; geckoterminal:ok=0/fail=0/429=0/lim_wait=0/cd_wait=0/err=0.0%/avg=0ms; onchain_enrich:ok=4/fail=0/429=0/lim_wait=0/cd_wait=0/err=0.0%/avg=134ms; onchain_weth_price:ok=1/fail=0/429=0/lim_wait=0/cd_wait=0/err=0.0%/avg=56ms | Tasks: 2 | RSS: 0.0MB | CycleAvg: 4.80s
2026-02-26 15:59:39,407 [INFO] [u_station_ab_night_autotune_v1] monitor.onchain_factory: PAIR_DETECTED source=uniswap_v2 dex=uniswap_v2 pair=0xe4949f4aea6c74d26e30fe1d1951da23b04f5597 token0=0x1b4b737471ed4c1130058a01127a9d25d13bcf69 token1=0x4200000000000000000000000000000000000006 block=42664312 factory=0x8909dc15e40173ff4699343b6eb8132c65e18ec6
2026-02-26 15:59:39,724 [INFO] [u_station_ab_night_autotune_v1] monitor.onchain_factory: ENRICH_RETRY token=0x076f782521fa0c52ca19786a5714c5e110b4e0c9 pair=0x7e2177269ddbd1e08342335853c623b00b856dbb attempt=1/2 delay=10s
2026-02-26 15:59:39,871 [INFO] [u_station_ab_night_autotune_v1] monitor.onchain_factory: ENRICH_RETRY token=0x1b4b737471ed4c1130058a01127a9d25d13bcf69 pair=0xe4949f4aea6c74d26e30fe1d1951da23b04f5597 attempt=1/2 delay=10s
2026-02-26 15:59:49,974 [INFO] [u_station_ab_night_autotune_v1] __main__: WATCHLIST merged count=3
2026-02-26 15:59:49,975 [INFO] [u_station_ab_night_autotune_v1] trading.v2_runtime: V2_UNIVERSE in=5 dedup=5 out=5 target=5 novel_target=4 novel_out=2 repeat_dropped=0 symbol_dropped=0 surge_in=0 surge_target=0 surge_out=0
2026-02-26 15:59:49,977 [INFO] [u_station_ab_night_autotune_v1] __main__: FILTER_PASS token=cbBTC tier=A score=100 mode=GREEN risk=MEDIUM liq=19456969 vol5m=191916
2026-02-26 15:59:49,979 [INFO] [u_station_ab_night_autotune_v1] __main__: FILTER_FAIL token=C8004 reason=score_min score=30 strict_min=48 soft_min=48 mode=GREEN
2026-02-26 15:59:49,980 [INFO] [u_station_ab_night_autotune_v1] __main__: FILTER_PASS token=VIRTUAL tier=A score=75 mode=GREEN risk=MEDIUM liq=7329140 vol5m=1199
2026-02-26 15:59:49,982 [INFO] [u_station_ab_night_autotune_v1] __main__: FILTER_PASS token=AERO tier=A score=75 mode=GREEN risk=MEDIUM liq=1353229 vol5m=19
2026-02-26 15:59:49,985 [INFO] [u_station_ab_night_autotune_v1] __main__: FILTER_FAIL token=META reason=score_min score=40 strict_min=48 soft_min=48 mode=GREEN
2026-02-26 15:59:49,987 [INFO] [u_station_ab_night_autotune_v1] __main__: V2_QUALITY_GATE enabled=True regime=GREEN in=3 out=2 core_out=0 explore_out=2 probe_out=0 quota=2 max_symbol_share=0.500 drop={'cooldown_bucket': 1, 'duplicate_address': 2} sources_used={'watchlist': 2}
2026-02-26 15:59:49,991 [INFO] [u_station_ab_night_autotune_v1] __main__: V2_ENTRY_ROUTE enabled=True regime=GREEN in=2 out=2 core_out=1 explore_out=1 quota=1 allow_explore=True
2026-02-26 15:59:49,992 [INFO] [u_station_ab_night_autotune_v1] __main__: MARKET_REGIME mode=GREEN reason=avg_cand=3.00 avg_cand_recent=3.00
2026-02-26 15:59:50,039 [INFO] [u_station_ab_night_autotune_v1] trading.auto_trader: AutoTrade adjust token=VIRTUAL reason=min_trade_floor size=$0.02->$0.10 min=$0.10
2026-02-26 15:59:50,040 [INFO] [u_station_ab_night_autotune_v1] trading.auto_trader: AutoTrade skip token=VIRTUAL reason=ev_net_low expected_net=$-0.00905 min=$-0.00230 samples=25 conf=1.00 pwin=0.36 avg_win=$0.0090 avg_loss=$0.0163 kelly=0.000 mem=sparse trades=2<4
2026-02-26 15:59:50,043 [INFO] [u_station_ab_night_autotune_v1] trading.auto_trader: AutoTrade adjust token=AERO reason=min_trade_floor size=$0.06->$0.10 min=$0.10
2026-02-26 15:59:50,044 [INFO] [u_station_ab_night_autotune_v1] trading.auto_trader: AutoTrade skip token=AERO reason=ev_net_low expected_net=$-0.00953 min=$-0.00212 samples=24 conf=1.00 pwin=0.29 avg_win=$0.0093 avg_loss=$0.0170 kelly=0.000 mem=sparse trades=1<4
2026-02-26 15:59:50,045 [INFO] [u_station_ab_night_autotune_v1] trading.auto_trader: AutoTrade batch mode=top_n candidates=2 eligible=2 selected=2 opened=0 pe=off burst_window=0
2026-02-26 15:59:50,047 [INFO] [u_station_ab_night_autotune_v1] __main__: Scanned 5 tokens | High quality: 3 | Alerts sent: 0 | Trade candidates: 3 | Quality out/core/explore/probe: 2/0/2/0 | Opened: 0 | Mode: local | Source: onchain+market | Policy: raw=OK/effective=OK(healthy | route=allow_all) | Regime: GREEN(avg_cand=3.00) | Safety: checked=3 fail_closed=0 reasons=api_code_4029:3 | FiltersTop(session): safe_age:11,score_min:4,safe_volume:1 | Dedup: heavy_skip=0 override=0 | V2Budget: 3/280 | SourceQoS: enabled=1/in=5/out=5/dropped=0/active_cd=0/drops=none | Ingest: q=0/oldest=0.0s/drop_old=0/dedup_skip=0/enq=2/drain=2 | Sources: dex_boosts:ok=1/fail=0/429=0/lim_wait=0/cd_wait=0/err=0.0%/avg=57ms; dexscreener:ok=11/fail=0/429=0/lim_wait=0/cd_wait=0/err=0.0%/avg=63ms; onchain_enrich:ok=8/fail=0/429=0/lim_wait=0/cd_wait=0/err=0.0%/avg=83ms | Tasks: 3 | RSS: 0.0MB | CycleAvg: 5.17s
2026-02-26 15:59:54,577 [INFO] [u_station_ab_night_autotune_v1] monitor.onchain_factory: ENRICH_RETRY token=0x076f782521fa0c52ca19786a5714c5e110b4e0c9 pair=0x7e2177269ddbd1e08342335853c623b00b856dbb attempt=1/2 delay=10s
2026-02-26 15:59:54,580 [INFO] [u_station_ab_night_autotune_v1] monitor.onchain_factory: ENRICH_RETRY token=0x1b4b737471ed4c1130058a01127a9d25d13bcf69 pair=0xe4949f4aea6c74d26e30fe1d1951da23b04f5597 attempt=1/2 delay=10s
2026-02-26 16:00:04,702 [INFO] [u_station_ab_night_autotune_v1] __main__: WATCHLIST merged count=3
2026-02-26 16:00:04,702 [INFO] [u_station_ab_night_autotune_v1] trading.v2_runtime: V2_UNIVERSE in=4 dedup=4 out=4 target=4 novel_target=3 novel_out=0 repeat_dropped=0 symbol_dropped=0 surge_in=0 surge_target=0 surge_out=0
2026-02-26 16:00:04,703 [INFO] [u_station_ab_night_autotune_v1] __main__: FILTER_PASS token=cbBTC tier=A score=100 mode=GREEN risk=MEDIUM liq=19456969 vol5m=191916
2026-02-26 16:00:04,705 [INFO] [u_station_ab_night_autotune_v1] __main__: FILTER_PASS token=VIRTUAL tier=A score=75 mode=GREEN risk=MEDIUM liq=7329140 vol5m=1199
2026-02-26 16:00:04,707 [INFO] [u_station_ab_night_autotune_v1] __main__: FILTER_PASS token=AERO tier=A score=75 mode=GREEN risk=MEDIUM liq=1353229 vol5m=19
2026-02-26 16:00:04,708 [INFO] [u_station_ab_night_autotune_v1] __main__: FILTER_FAIL token=META reason=score_min score=40 strict_min=48 soft_min=48 mode=GREEN
2026-02-26 16:00:04,709 [INFO] [u_station_ab_night_autotune_v1] __main__: V2_QUALITY_GATE enabled=True regime=GREEN in=3 out=3 core_out=0 explore_out=3 probe_out=1 quota=3 max_symbol_share=0.333 drop={'source_budget': 1, 'duplicate_address': 2} sources_used={'watchlist': 3}
2026-02-26 16:00:04,712 [INFO] [u_station_ab_night_autotune_v1] __main__: V2_ENTRY_ROUTE enabled=True regime=GREEN in=3 out=2 core_out=1 explore_out=1 quota=1 allow_explore=True
2026-02-26 16:00:04,713 [INFO] [u_station_ab_night_autotune_v1] __main__: MARKET_REGIME mode=GREEN reason=avg_cand=3.00 avg_cand_recent=3.00
2026-02-26 16:00:04,715 [INFO] [u_station_ab_night_autotune_v1] trading.auto_trader: AutoTrade skip token=cbBTC reason=symbol_cooldown_left_161s
2026-02-26 16:00:04,717 [INFO] [u_station_ab_night_autotune_v1] trading.auto_trader: AutoTrade adjust token=VIRTUAL reason=min_trade_floor size=$0.06->$0.10 min=$0.10
2026-02-26 16:00:04,719 [INFO] [u_station_ab_night_autotune_v1] trading.auto_trader: AutoTrade skip token=VIRTUAL reason=ev_net_low expected_net=$-0.00905 min=$-0.00210 samples=25 conf=1.00 pwin=0.36 avg_win=$0.0090 avg_loss=$0.0163 kelly=0.000 mem=sparse trades=2<4
2026-02-26 16:00:04,720 [INFO] [u_station_ab_night_autotune_v1] trading.auto_trader: AutoTrade batch mode=top_n candidates=2 eligible=2 selected=2 opened=0 pe=off burst_window=0
2026-02-26 16:00:04,721 [INFO] [u_station_ab_night_autotune_v1] __main__: Scanned 4 tokens | High quality: 3 | Alerts sent: 0 | Trade candidates: 3 | Quality out/core/explore/probe: 3/0/3/1 | Opened: 0 | Mode: local | Source: onchain+market | Policy: raw=OK/effective=OK(healthy | route=allow_all) | Regime: GREEN(avg_cand=3.00) | Safety: checked=3 fail_closed=0 reasons=api_code_4029:3 | FiltersTop(session): safe_age:11,score_min:5,safe_volume:1 | Dedup: heavy_skip=0 override=0 | V2Budget: 3/280 | SourceQoS: enabled=1/in=4/out=4/dropped=0/active_cd=0/drops=none | Ingest: q=0/oldest=0.0s/drop_old=0/dedup_skip=0/enq=0/drain=0 | Sources: dex_boosts:ok=1/fail=0/429=0/lim_wait=0/cd_wait=0/err=0.0%/avg=62ms; dexscreener:ok=11/fail=0/429=0/lim_wait=0/cd_wait=0/err=0.0%/avg=59ms; onchain_enrich:ok=7/fail=0/429=0/lim_wait=0/cd_wait=0/err=0.0%/avg=52ms | Tasks: 3 | RSS: 0.0MB | CycleAvg: 5.49s
2026-02-26 16:00:09,331 [INFO] [u_station_ab_night_autotune_v1] monitor.onchain_factory: ENRICH_RETRY token=0x1b4b737471ed4c1130058a01127a9d25d13bcf69 pair=0xe4949f4aea6c74d26e30fe1d1951da23b04f5597 attempt=1/2 delay=10s
2026-02-26 16:00:19,425 [INFO] [u_station_ab_night_autotune_v1] __main__: WATCHLIST merged count=3
2026-02-26 16:00:19,426 [INFO] [u_station_ab_night_autotune_v1] trading.v2_runtime: V2_UNIVERSE in=4 dedup=4 out=4 target=4 novel_target=3 novel_out=1 repeat_dropped=0 symbol_dropped=0 surge_in=0 surge_target=0 surge_out=0
2026-02-26 16:00:19,427 [INFO] [u_station_ab_night_autotune_v1] __main__: FILTER_PASS token=cbBTC tier=A score=100 mode=GREEN risk=MEDIUM liq=19456969 vol5m=191916
2026-02-26 16:00:19,428 [INFO] [u_station_ab_night_autotune_v1] __main__: FILTER_PASS token=VIRTUAL tier=A score=75 mode=GREEN risk=MEDIUM liq=7329140 vol5m=1199
2026-02-26 16:00:19,430 [INFO] [u_station_ab_night_autotune_v1] __main__: FILTER_PASS token=AERO tier=A score=75 mode=GREEN risk=MEDIUM liq=1353229 vol5m=19
2026-02-26 16:00:19,432 [INFO] [u_station_ab_night_autotune_v1] __main__: FILTER_FAIL token=META reason=score_min score=40 strict_min=48 soft_min=48 mode=GREEN
2026-02-26 16:00:19,434 [INFO] [u_station_ab_night_autotune_v1] __main__: V2_QUALITY_GATE enabled=True regime=GREEN in=3 out=2 core_out=0 explore_out=2 probe_out=0 quota=2 max_symbol_share=0.500 drop={'cooldown_bucket': 1, 'duplicate_address': 2} sources_used={'watchlist': 2}
2026-02-26 16:00:19,437 [INFO] [u_station_ab_night_autotune_v1] __main__: V2_ENTRY_ROUTE enabled=True regime=GREEN in=2 out=2 core_out=1 explore_out=1 quota=1 allow_explore=True
2026-02-26 16:00:19,438 [INFO] [u_station_ab_night_autotune_v1] __main__: MARKET_REGIME mode=GREEN reason=avg_cand=3.00 avg_cand_recent=3.00
2026-02-26 16:00:19,440 [INFO] [u_station_ab_night_autotune_v1] trading.auto_trader: AutoTrade adjust token=VIRTUAL reason=min_trade_floor size=$0.02->$0.10 min=$0.10
2026-02-26 16:00:19,441 [INFO] [u_station_ab_night_autotune_v1] trading.auto_trader: AutoTrade skip token=VIRTUAL reason=ev_net_low expected_net=$-0.00905 min=$-0.00230 samples=25 conf=1.00 pwin=0.36 avg_win=$0.0090 avg_loss=$0.0163 kelly=0.000 mem=sparse trades=2<4
2026-02-26 16:00:19,443 [INFO] [u_station_ab_night_autotune_v1] trading.auto_trader: AutoTrade adjust token=AERO reason=min_trade_floor size=$0.06->$0.10 min=$0.10
2026-02-26 16:00:19,444 [INFO] [u_station_ab_night_autotune_v1] trading.auto_trader: AutoTrade skip token=AERO reason=ev_net_low expected_net=$-0.00953 min=$-0.00212 samples=24 conf=1.00 pwin=0.29 avg_win=$0.0093 avg_loss=$0.0170 kelly=0.000 mem=sparse trades=1<4
2026-02-26 16:00:19,445 [INFO] [u_station_ab_night_autotune_v1] trading.auto_trader: AutoTrade batch mode=top_n candidates=2 eligible=2 selected=2 opened=0 pe=off burst_window=0
2026-02-26 16:00:19,447 [INFO] [u_station_ab_night_autotune_v1] __main__: Scanned 4 tokens | High quality: 3 | Alerts sent: 0 | Trade candidates: 3 | Quality out/core/explore/probe: 2/0/2/0 | Opened: 0 | Mode: local | Source: onchain+market | Policy: raw=OK/effective=OK(healthy | route=allow_all) | Regime: GREEN(avg_cand=3.00) | Safety: checked=3 fail_closed=0 reasons=api_code_4029:3 | FiltersTop(session): safe_age:11,score_min:6,safe_volume:1 | Dedup: heavy_skip=0 override=0 | V2Budget: 3/280 | SourceQoS: enabled=1/in=4/out=4/dropped=0/active_cd=0/drops=none | Ingest: q=0/oldest=0.0s/drop_old=0/dedup_skip=0/enq=0/drain=0 | Sources: dex_boosts:ok=1/fail=0/429=0/lim_wait=0/cd_wait=0/err=0.0%/avg=67ms; dexscreener:ok=11/fail=0/429=0/lim_wait=0/cd_wait=0/err=0.0%/avg=192ms; onchain_enrich:ok=3/fail=0/429=0/lim_wait=0/cd_wait=0/err=0.0%/avg=66ms | Tasks: 3 | RSS: 0.0MB | CycleAvg: 5.76s
2026-02-26 16:00:23,890 [INFO] [u_station_ab_night_autotune_v1] __main__: WATCHLIST merged count=3
2026-02-26 16:00:23,891 [INFO] [u_station_ab_night_autotune_v1] trading.v2_runtime: V2_UNIVERSE in=3 dedup=3 out=3 target=3 novel_target=3 novel_out=0 repeat_dropped=0 symbol_dropped=0 surge_in=0 surge_target=0 surge_out=0
2026-02-26 16:00:23,892 [INFO] [u_station_ab_night_autotune_v1] __main__: FILTER_PASS token=cbBTC tier=A score=100 mode=GREEN risk=MEDIUM liq=19456969 vol5m=191916
2026-02-26 16:00:23,893 [INFO] [u_station_ab_night_autotune_v1] __main__: FILTER_PASS token=VIRTUAL tier=A score=75 mode=GREEN risk=MEDIUM liq=7329140 vol5m=1199
2026-02-26 16:00:23,895 [INFO] [u_station_ab_night_autotune_v1] __main__: FILTER_PASS token=AERO tier=A score=75 mode=GREEN risk=MEDIUM liq=1353229 vol5m=19
2026-02-26 16:00:23,898 [INFO] [u_station_ab_night_autotune_v1] __main__: V2_QUALITY_GATE enabled=True regime=GREEN in=3 out=2 core_out=0 explore_out=2 probe_out=0 quota=2 max_symbol_share=0.500 drop={'cooldown_bucket': 1, 'duplicate_address': 2} sources_used={'watchlist': 2}
2026-02-26 16:00:23,900 [INFO] [u_station_ab_night_autotune_v1] __main__: V2_ENTRY_ROUTE enabled=True regime=GREEN in=2 out=2 core_out=1 explore_out=1 quota=1 allow_explore=True
2026-02-26 16:00:23,901 [INFO] [u_station_ab_night_autotune_v1] __main__: MARKET_REGIME mode=GREEN reason=avg_cand=3.00 avg_cand_recent=3.00
2026-02-26 16:00:23,904 [INFO] [u_station_ab_night_autotune_v1] trading.auto_trader: AutoTrade adjust token=VIRTUAL reason=min_trade_floor size=$0.02->$0.10 min=$0.10
2026-02-26 16:00:23,906 [INFO] [u_station_ab_night_autotune_v1] trading.auto_trader: AutoTrade skip token=VIRTUAL reason=ev_net_low expected_net=$-0.00905 min=$-0.00230 samples=25 conf=1.00 pwin=0.36 avg_win=$0.0090 avg_loss=$0.0163 kelly=0.000 mem=sparse trades=2<4
2026-02-26 16:00:23,907 [INFO] [u_station_ab_night_autotune_v1] trading.auto_trader: AutoTrade adjust token=AERO reason=min_trade_floor size=$0.06->$0.10 min=$0.10
2026-02-26 16:00:23,907 [INFO] [u_station_ab_night_autotune_v1] trading.auto_trader: AutoTrade skip token=AERO reason=ev_net_low expected_net=$-0.00953 min=$-0.00212 samples=24 conf=1.00 pwin=0.29 avg_win=$0.0093 avg_loss=$0.0170 kelly=0.000 mem=sparse trades=1<4
2026-02-26 16:00:23,907 [INFO] [u_station_ab_night_autotune_v1] trading.auto_trader: AutoTrade batch mode=top_n candidates=2 eligible=2 selected=2 opened=0 pe=off burst_window=0
2026-02-26 16:00:23,907 [INFO] [u_station_ab_night_autotune_v1] trading.auto_trader: PAPER_SUMMARY window=60s closed_delta=0 wins_delta=0 losses_delta=0 realized_delta=$0.00 total_closed=26 winrate_total=15.4% realized_total=$0.01 balance=$7.01 equity=$7.01 open=0
2026-02-26 16:00:23,907 [INFO] [u_station_ab_night_autotune_v1] __main__: Scanned 3 tokens | High quality: 3 | Alerts sent: 0 | Trade candidates: 3 | Quality out/core/explore/probe: 2/0/2/0 | Opened: 0 | Mode: local | Source: onchain+market | Policy: raw=OK/effective=OK(healthy | route=allow_all) | Regime: GREEN(avg_cand=3.00) | Safety: checked=3 fail_closed=0 reasons=api_code_4029:3 | FiltersTop(session): safe_age:11,score_min:6,safe_volume:1 | Dedup: heavy_skip=0 override=0 | V2Budget: 3/280 | SourceQoS: enabled=1/in=3/out=3/dropped=0/active_cd=0/drops=none | Ingest: q=0/oldest=0.0s/drop_old=0/dedup_skip=0/enq=0/drain=0 | Sources: dex_boosts:ok=1/fail=0/429=0/lim_wait=0/cd_wait=0/err=0.0%/avg=48ms; dexscreener:ok=11/fail=0/429=0/lim_wait=0/cd_wait=0/err=0.0%/avg=52ms | Tasks: 3 | RSS: 0.0MB | CycleAvg: 6.01s
2026-02-26 16:00:28,389 [INFO] [u_station_ab_night_autotune_v1] __main__: WATCHLIST merged count=3
2026-02-26 16:00:28,390 [INFO] [u_station_ab_night_autotune_v1] trading.v2_runtime: V2_UNIVERSE in=3 dedup=3 out=3 target=3 novel_target=3 novel_out=0 repeat_dropped=0 symbol_dropped=0 surge_in=0 surge_target=0 surge_out=0
2026-02-26 16:00:28,390 [INFO] [u_station_ab_night_autotune_v1] __main__: FILTER_PASS token=cbBTC tier=A score=100 mode=GREEN risk=MEDIUM liq=19456969 vol5m=191916
2026-02-26 16:00:28,392 [INFO] [u_station_ab_night_autotune_v1] __main__: FILTER_PASS token=VIRTUAL tier=A score=75 mode=GREEN risk=MEDIUM liq=7329140 vol5m=1199
2026-02-26 16:00:28,394 [INFO] [u_station_ab_night_autotune_v1] __main__: FILTER_PASS token=AERO tier=A score=75 mode=GREEN risk=MEDIUM liq=1353229 vol5m=19
2026-02-26 16:00:28,396 [INFO] [u_station_ab_night_autotune_v1] __main__: V2_QUALITY_GATE enabled=True regime=GREEN in=3 out=2 core_out=0 explore_out=2 probe_out=0 quota=2 max_symbol_share=0.500 drop={'cooldown_bucket': 1, 'duplicate_address': 2} sources_used={'watchlist': 2}
2026-02-26 16:00:28,399 [INFO] [u_station_ab_night_autotune_v1] __main__: V2_ENTRY_ROUTE enabled=True regime=GREEN in=2 out=2 core_out=1 explore_out=1 quota=1 allow_explore=True
2026-02-26 16:00:28,399 [INFO] [u_station_ab_night_autotune_v1] __main__: MARKET_REGIME mode=GREEN reason=avg_cand=3.00 avg_cand_recent=3.00
2026-02-26 16:00:28,402 [INFO] [u_station_ab_night_autotune_v1] trading.auto_trader: AutoTrade adjust token=VIRTUAL reason=min_trade_floor size=$0.02->$0.10 min=$0.10
2026-02-26 16:00:28,403 [INFO] [u_station_ab_night_autotune_v1] trading.auto_trader: AutoTrade skip token=VIRTUAL reason=ev_net_low expected_net=$-0.00905 min=$-0.00230 samples=25 conf=1.00 pwin=0.36 avg_win=$0.0090 avg_loss=$0.0163 kelly=0.000 mem=sparse trades=2<4
2026-02-26 16:00:28,405 [INFO] [u_station_ab_night_autotune_v1] trading.auto_trader: AutoTrade adjust token=AERO reason=min_trade_floor size=$0.06->$0.10 min=$0.10
2026-02-26 16:00:28,407 [INFO] [u_station_ab_night_autotune_v1] trading.auto_trader: AutoTrade skip token=AERO reason=ev_net_low expected_net=$-0.00953 min=$-0.00212 samples=24 conf=1.00 pwin=0.29 avg_win=$0.0093 avg_loss=$0.0170 kelly=0.000 mem=sparse trades=1<4
2026-02-26 16:00:28,408 [INFO] [u_station_ab_night_autotune_v1] trading.auto_trader: AutoTrade batch mode=top_n candidates=2 eligible=2 selected=2 opened=0 pe=off burst_window=0
2026-02-26 16:00:28,410 [INFO] [u_station_ab_night_autotune_v1] __main__: Scanned 3 tokens | High quality: 3 | Alerts sent: 0 | Trade candidates: 3 | Quality out/core/explore/probe: 2/0/2/0 | Opened: 0 | Mode: local | Source: onchain+market | Policy: raw=OK/effective=OK(healthy | route=allow_all) | Regime: GREEN(avg_cand=3.00) | Safety: checked=3 fail_closed=0 reasons=api_code_4029:3 | FiltersTop(session): safe_age:11,score_min:6,safe_volume:1 | Dedup: heavy_skip=0 override=0 | V2Budget: 3/280 | SourceQoS: enabled=1/in=3/out=3/dropped=0/active_cd=0/drops=none | Ingest: q=0/oldest=0.0s/drop_old=0/dedup_skip=0/enq=0/drain=0 | Sources: dex_boosts:ok=1/fail=0/429=0/lim_wait=0/cd_wait=0/err=0.0%/avg=95ms; dexscreener:ok=11/fail=0/429=0/lim_wait=0/cd_wait=0/err=0.0%/avg=63ms | Tasks: 3 | RSS: 0.0MB | CycleAvg: 5.75s
2026-02-26 16:00:32,875 [INFO] [u_station_ab_night_autotune_v1] __main__: WATCHLIST merged count=3
2026-02-26 16:00:32,876 [INFO] [u_station_ab_night_autotune_v1] trading.v2_runtime: V2_UNIVERSE in=3 dedup=3 out=3 target=3 novel_target=3 novel_out=0 repeat_dropped=0 symbol_dropped=0 surge_in=0 surge_target=0 surge_out=0
2026-02-26 16:00:32,877 [INFO] [u_station_ab_night_autotune_v1] __main__: FILTER_PASS token=cbBTC tier=A score=100 mode=GREEN risk=MEDIUM liq=19456969 vol5m=191916
2026-02-26 16:00:32,878 [INFO] [u_station_ab_night_autotune_v1] __main__: FILTER_PASS token=VIRTUAL tier=A score=75 mode=GREEN risk=MEDIUM liq=7329140 vol5m=1199
2026-02-26 16:00:32,881 [INFO] [u_station_ab_night_autotune_v1] __main__: FILTER_PASS token=AERO tier=A score=75 mode=GREEN risk=MEDIUM liq=1353229 vol5m=19
2026-02-26 16:00:32,882 [INFO] [u_station_ab_night_autotune_v1] __main__: V2_QUALITY_GATE enabled=True regime=GREEN in=3 out=2 core_out=0 explore_out=2 probe_out=0 quota=2 max_symbol_share=0.500 drop={'cooldown_bucket': 1, 'duplicate_address': 2} sources_used={'watchlist': 2}
2026-02-26 16:00:32,886 [INFO] [u_station_ab_night_autotune_v1] __main__: V2_ENTRY_ROUTE enabled=True regime=GREEN in=2 out=2 core_out=1 explore_out=1 quota=1 allow_explore=True
2026-02-26 16:00:32,886 [INFO] [u_station_ab_night_autotune_v1] __main__: MARKET_REGIME mode=GREEN reason=avg_cand=3.00 avg_cand_recent=3.00
2026-02-26 16:00:32,887 [INFO] [u_station_ab_night_autotune_v1] trading.auto_trader: AutoTrade adjust token=VIRTUAL reason=min_trade_floor size=$0.02->$0.10 min=$0.10
2026-02-26 16:00:32,889 [INFO] [u_station_ab_night_autotune_v1] trading.auto_trader: AutoTrade skip token=VIRTUAL reason=ev_net_low expected_net=$-0.00905 min=$-0.00230 samples=25 conf=1.00 pwin=0.36 avg_win=$0.0090 avg_loss=$0.0163 kelly=0.000 mem=sparse trades=2<4
2026-02-26 16:00:32,891 [INFO] [u_station_ab_night_autotune_v1] trading.auto_trader: AutoTrade adjust token=AERO reason=min_trade_floor size=$0.06->$0.10 min=$0.10
2026-02-26 16:00:32,892 [INFO] [u_station_ab_night_autotune_v1] trading.auto_trader: AutoTrade skip token=AERO reason=ev_net_low expected_net=$-0.00953 min=$-0.00212 samples=24 conf=1.00 pwin=0.29 avg_win=$0.0093 avg_loss=$0.0170 kelly=0.000 mem=sparse trades=1<4
2026-02-26 16:00:32,893 [INFO] [u_station_ab_night_autotune_v1] trading.auto_trader: AutoTrade batch mode=top_n candidates=2 eligible=2 selected=2 opened=0 pe=off burst_window=0
2026-02-26 16:00:32,894 [INFO] [u_station_ab_night_autotune_v1] __main__: Scanned 3 tokens | High quality: 3 | Alerts sent: 0 | Trade candidates: 3 | Quality out/core/explore/probe: 2/0/2/0 | Opened: 0 | Mode: local | Source: onchain+market | Policy: raw=OK/effective=OK(healthy | route=allow_all) | Regime: GREEN(avg_cand=3.00) | Safety: checked=3 fail_closed=0 reasons=api_code_4029:3 | FiltersTop(session): safe_age:11,score_min:6,safe_volume:1 | Dedup: heavy_skip=0 override=0 | V2Budget: 3/280 | SourceQoS: enabled=1/in=3/out=3/dropped=0/active_cd=0/drops=none | Ingest: q=0/oldest=0.0s/drop_old=0/dedup_skip=0/enq=0/drain=0 | Sources: dex_boosts:ok=1/fail=0/429=0/lim_wait=0/cd_wait=0/err=0.0%/avg=89ms; dexscreener:ok=11/fail=0/429=0/lim_wait=0/cd_wait=0/err=0.0%/avg=66ms | Tasks: 3 | RSS: 0.0MB | CycleAvg: 5.51s
2026-02-26 16:00:37,368 [INFO] [u_station_ab_night_autotune_v1] __main__: WATCHLIST merged count=3
2026-02-26 16:00:37,368 [INFO] [u_station_ab_night_autotune_v1] trading.v2_runtime: V2_UNIVERSE in=3 dedup=3 out=3 target=3 novel_target=3 novel_out=0 repeat_dropped=0 symbol_dropped=0 surge_in=0 surge_target=0 surge_out=0
2026-02-26 16:00:37,369 [INFO] [u_station_ab_night_autotune_v1] __main__: FILTER_PASS token=cbBTC tier=A score=100 mode=GREEN risk=MEDIUM liq=19456969 vol5m=191916
2026-02-26 16:00:37,370 [INFO] [u_station_ab_night_autotune_v1] __main__: FILTER_PASS token=VIRTUAL tier=A score=75 mode=GREEN risk=MEDIUM liq=7329140 vol5m=1199
2026-02-26 16:00:37,372 [INFO] [u_station_ab_night_autotune_v1] __main__: FILTER_PASS token=AERO tier=A score=75 mode=GREEN risk=MEDIUM liq=1353229 vol5m=19
2026-02-26 16:00:37,374 [INFO] [u_station_ab_night_autotune_v1] __main__: V2_QUALITY_GATE enabled=True regime=GREEN in=3 out=2 core_out=0 explore_out=2 probe_out=0 quota=2 max_symbol_share=0.500 drop={'cooldown_bucket': 1, 'duplicate_address': 2} sources_used={'watchlist': 2}
2026-02-26 16:00:37,376 [INFO] [u_station_ab_night_autotune_v1] __main__: V2_ENTRY_ROUTE enabled=True regime=GREEN in=2 out=2 core_out=1 explore_out=1 quota=1 allow_explore=True
2026-02-26 16:00:37,376 [INFO] [u_station_ab_night_autotune_v1] __main__: MARKET_REGIME mode=GREEN reason=avg_cand=3.00 avg_cand_recent=3.00
2026-02-26 16:00:37,379 [INFO] [u_station_ab_night_autotune_v1] trading.auto_trader: AutoTrade adjust token=VIRTUAL reason=min_trade_floor size=$0.02->$0.10 min=$0.10
2026-02-26 16:00:37,381 [INFO] [u_station_ab_night_autotune_v1] trading.auto_trader: AutoTrade skip token=VIRTUAL reason=ev_net_low expected_net=$-0.00905 min=$-0.00230 samples=25 conf=1.00 pwin=0.36 avg_win=$0.0090 avg_loss=$0.0163 kelly=0.000 mem=sparse trades=2<4
2026-02-26 16:00:37,383 [INFO] [u_station_ab_night_autotune_v1] trading.auto_trader: AutoTrade adjust token=AERO reason=min_trade_floor size=$0.06->$0.10 min=$0.10
2026-02-26 16:00:37,385 [INFO] [u_station_ab_night_autotune_v1] trading.auto_trader: AutoTrade skip token=AERO reason=ev_net_low expected_net=$-0.00953 min=$-0.00212 samples=24 conf=1.00 pwin=0.29 avg_win=$0.0093 avg_loss=$0.0170 kelly=0.000 mem=sparse trades=1<4
2026-02-26 16:00:37,386 [INFO] [u_station_ab_night_autotune_v1] trading.auto_trader: AutoTrade batch mode=top_n candidates=2 eligible=2 selected=2 opened=0 pe=off burst_window=0
2026-02-26 16:00:37,387 [INFO] [u_station_ab_night_autotune_v1] __main__: Scanned 3 tokens | High quality: 3 | Alerts sent: 0 | Trade candidates: 3 | Quality out/core/explore/probe: 2/0/2/0 | Opened: 0 | Mode: local | Source: onchain+market | Policy: raw=OK/effective=OK(healthy | route=allow_all) | Regime: GREEN(avg_cand=3.00) | Safety: checked=3 fail_closed=0 reasons=api_code_4029:3 | FiltersTop(session): safe_age:11,score_min:6,safe_volume:1 | Dedup: heavy_skip=0 override=0 | V2Budget: 3/280 | SourceQoS: enabled=1/in=3/out=3/dropped=0/active_cd=0/drops=none | Ingest: q=0/oldest=0.0s/drop_old=0/dedup_skip=0/enq=0/drain=0 | Sources: dex_boosts:ok=1/fail=0/429=0/lim_wait=0/cd_wait=0/err=0.0%/avg=47ms; dexscreener:ok=11/fail=0/429=0/lim_wait=0/cd_wait=0/err=0.0%/avg=53ms | Tasks: 3 | RSS: 0.0MB | CycleAvg: 5.29s
2026-02-26 16:00:41,691 [INFO] [u_station_ab_night_autotune_v1] monitor.onchain_factory: PAIR_DETECTED source=uniswap_v2 dex=uniswap_v2 pair=0x119511e3c4c1e6ca2f8d4dfd04813bda691228e5 token0=0x4200000000000000000000000000000000000006 token1=0xcfa3aabdce958d38e6b7bbfd032ad957d043eb07 block=42664343 factory=0x8909dc15e40173ff4699343b6eb8132c65e18ec6
2026-02-26 16:00:42,256 [INFO] [u_station_ab_night_autotune_v1] monitor.onchain_factory: ENRICH_RETRY token=0xcfa3aabdce958d38e6b7bbfd032ad957d043eb07 pair=0x119511e3c4c1e6ca2f8d4dfd04813bda691228e5 attempt=1/2 delay=10s
2026-02-26 16:00:52,391 [INFO] [u_station_ab_night_autotune_v1] __main__: WATCHLIST merged count=3
2026-02-26 16:00:52,392 [INFO] [u_station_ab_night_autotune_v1] trading.v2_runtime: V2_UNIVERSE in=3 dedup=3 out=3 target=3 novel_target=3 novel_out=0 repeat_dropped=0 symbol_dropped=0 surge_in=0 surge_target=0 surge_out=0
2026-02-26 16:00:52,392 [INFO] [u_station_ab_night_autotune_v1] __main__: FILTER_PASS token=cbBTC tier=A score=100 mode=GREEN risk=MEDIUM liq=19456969 vol5m=191916
2026-02-26 16:00:52,394 [INFO] [u_station_ab_night_autotune_v1] __main__: FILTER_PASS token=VIRTUAL tier=A score=75 mode=GREEN risk=MEDIUM liq=7329140 vol5m=1199
2026-02-26 16:00:52,396 [INFO] [u_station_ab_night_autotune_v1] __main__: FILTER_PASS token=AERO tier=A score=75 mode=GREEN risk=MEDIUM liq=1353229 vol5m=19
2026-02-26 16:00:52,398 [INFO] [u_station_ab_night_autotune_v1] __main__: V2_QUALITY_GATE enabled=True regime=GREEN in=3 out=2 core_out=0 explore_out=2 probe_out=0 quota=2 max_symbol_share=0.500 drop={'cooldown_bucket': 1, 'duplicate_address': 2} sources_used={'watchlist': 2}
2026-02-26 16:00:52,401 [INFO] [u_station_ab_night_autotune_v1] __main__: V2_ENTRY_ROUTE enabled=True regime=GREEN in=2 out=2 core_out=1 explore_out=1 quota=1 allow_explore=True
2026-02-26 16:00:52,401 [INFO] [u_station_ab_night_autotune_v1] __main__: MARKET_REGIME mode=GREEN reason=avg_cand=3.00 avg_cand_recent=3.00
2026-02-26 16:00:52,403 [INFO] [u_station_ab_night_autotune_v1] trading.auto_trader: AutoTrade adjust token=VIRTUAL reason=min_trade_floor size=$0.02->$0.10 min=$0.10
2026-02-26 16:00:52,405 [INFO] [u_station_ab_night_autotune_v1] trading.auto_trader: AutoTrade skip token=VIRTUAL reason=ev_net_low expected_net=$-0.00905 min=$-0.00230 samples=25 conf=1.00 pwin=0.36 avg_win=$0.0090 avg_loss=$0.0163 kelly=0.000 mem=sparse trades=2<4
2026-02-26 16:00:52,406 [INFO] [u_station_ab_night_autotune_v1] trading.auto_trader: AutoTrade adjust token=AERO reason=min_trade_floor size=$0.06->$0.10 min=$0.10
2026-02-26 16:00:52,408 [INFO] [u_station_ab_night_autotune_v1] trading.auto_trader: AutoTrade skip token=AERO reason=ev_net_low expected_net=$-0.00953 min=$-0.00212 samples=24 conf=1.00 pwin=0.29 avg_win=$0.0093 avg_loss=$0.0170 kelly=0.000 mem=sparse trades=1<4
2026-02-26 16:00:52,408 [INFO] [u_station_ab_night_autotune_v1] trading.auto_trader: AutoTrade batch mode=top_n candidates=2 eligible=2 selected=2 opened=0 pe=off burst_window=0
2026-02-26 16:00:52,408 [INFO] [u_station_ab_night_autotune_v1] __main__: Scanned 3 tokens | High quality: 3 | Alerts sent: 0 | Trade candidates: 3 | Quality out/core/explore/probe: 2/0/2/0 | Opened: 0 | Mode: local | Source: onchain+market | Policy: raw=OK/effective=OK(healthy | route=allow_all) | Regime: GREEN(avg_cand=3.00) | Safety: checked=3 fail_closed=0 reasons=api_code_4029:3 | FiltersTop(session): safe_age:11,score_min:6,safe_volume:1 | Dedup: heavy_skip=0 override=0 | V2Budget: 3/280 | SourceQoS: enabled=1/in=3/out=3/dropped=0/active_cd=0/drops=none | Ingest: q=4/oldest=1.1s/drop_old=0/dedup_skip=0/enq=4/drain=0 | Sources: dex_boosts:ok=1/fail=0/429=0/lim_wait=0/cd_wait=0/err=0.0%/avg=53ms; dexscreener:ok=11/fail=0/429=0/lim_wait=0/cd_wait=0/err=0.0%/avg=204ms; geckoterminal:ok=1/fail=0/429=0/lim_wait=0/cd_wait=0/err=0.0%/avg=613ms; onchain_enrich:ok=4/fail=0/429=0/lim_wait=0/cd_wait=0/err=0.0%/avg=121ms; onchain_weth_price:ok=1/fail=0/429=0/lim_wait=0/cd_wait=0/err=0.0%/avg=48ms | Tasks: 3 | RSS: 0.0MB | CycleAvg: 5.09s
2026-02-26 16:00:56,930 [INFO] [u_station_ab_night_autotune_v1] monitor.onchain_factory: ENRICH_RETRY token=0xcfa3aabdce958d38e6b7bbfd032ad957d043eb07 pair=0x119511e3c4c1e6ca2f8d4dfd04813bda691228e5 attempt=1/2 delay=10s
2026-02-26 16:01:07,024 [INFO] [u_station_ab_night_autotune_v1] __main__: WATCHLIST merged count=3
2026-02-26 16:01:07,027 [INFO] [u_station_ab_night_autotune_v1] trading.v2_runtime: V2_UNIVERSE in=7 dedup=7 out=7 target=7 novel_target=6 novel_out=3 repeat_dropped=0 symbol_dropped=0 surge_in=2 surge_target=2 surge_out=2
2026-02-26 16:01:07,029 [INFO] [u_station_ab_night_autotune_v1] __main__: FILTER_FAIL token=STS reason=safe_age
2026-02-26 16:01:07,031 [INFO] [u_station_ab_night_autotune_v1] __main__: FILTER_FAIL token=PAL reason=safe_age
2026-02-26 16:01:07,031 [INFO] [u_station_ab_night_autotune_v1] __main__: FILTER_PASS token=cbBTC tier=A score=100 mode=GREEN risk=MEDIUM liq=19456969 vol5m=191916
2026-02-26 16:01:07,033 [INFO] [u_station_ab_night_autotune_v1] __main__: FILTER_PASS token=VIRTUAL tier=A score=75 mode=GREEN risk=MEDIUM liq=7329140 vol5m=1199
2026-02-26 16:01:07,035 [INFO] [u_station_ab_night_autotune_v1] __main__: FILTER_PASS token=AERO tier=A score=75 mode=GREEN risk=MEDIUM liq=1353229 vol5m=19
2026-02-26 16:01:07,036 [INFO] [u_station_ab_night_autotune_v1] __main__: FILTER_FAIL token=BROOX reason=score_min score=40 strict_min=48 soft_min=48 mode=GREEN
2026-02-26 16:01:07,038 [INFO] [u_station_ab_night_autotune_v1] __main__: FILTER_FAIL token=META reason=score_min score=40 strict_min=48 soft_min=48 mode=GREEN
2026-02-26 16:01:07,040 [INFO] [u_station_ab_night_autotune_v1] __main__: V2_QUALITY_GATE enabled=True regime=GREEN in=3 out=2 core_out=0 explore_out=2 probe_out=0 quota=2 max_symbol_share=0.500 drop={'cooldown_bucket': 1, 'duplicate_address': 2} sources_used={'watchlist': 2}
2026-02-26 16:01:07,044 [INFO] [u_station_ab_night_autotune_v1] __main__: V2_ENTRY_ROUTE enabled=True regime=GREEN in=2 out=2 core_out=1 explore_out=1 quota=1 allow_explore=True
2026-02-26 16:01:07,045 [INFO] [u_station_ab_night_autotune_v1] __main__: MARKET_REGIME mode=GREEN reason=avg_cand=3.00 avg_cand_recent=3.00
2026-02-26 16:01:07,047 [INFO] [u_station_ab_night_autotune_v1] trading.auto_trader: AutoTrade adjust token=VIRTUAL reason=min_trade_floor size=$0.02->$0.10 min=$0.10
2026-02-26 16:01:07,048 [INFO] [u_station_ab_night_autotune_v1] trading.auto_trader: AutoTrade skip token=VIRTUAL reason=ev_net_low expected_net=$-0.00905 min=$-0.00230 samples=25 conf=1.00 pwin=0.36 avg_win=$0.0090 avg_loss=$0.0163 kelly=0.000 mem=sparse trades=2<4
2026-02-26 16:01:07,051 [INFO] [u_station_ab_night_autotune_v1] trading.auto_trader: AutoTrade adjust token=AERO reason=min_trade_floor size=$0.06->$0.10 min=$0.10
2026-02-26 16:01:07,052 [INFO] [u_station_ab_night_autotune_v1] trading.auto_trader: AutoTrade skip token=AERO reason=ev_net_low expected_net=$-0.00953 min=$-0.00212 samples=24 conf=1.00 pwin=0.29 avg_win=$0.0093 avg_loss=$0.0170 kelly=0.000 mem=sparse trades=1<4
2026-02-26 16:01:07,054 [INFO] [u_station_ab_night_autotune_v1] trading.auto_trader: AutoTrade batch mode=top_n candidates=2 eligible=2 selected=2 opened=0 pe=off burst_window=0
2026-02-26 16:01:07,055 [INFO] [u_station_ab_night_autotune_v1] __main__: Scanned 7 tokens | High quality: 5 | Alerts sent: 0 | Trade candidates: 3 | Quality out/core/explore/probe: 2/0/2/0 | Opened: 0 | Mode: local | Source: onchain+market | Policy: raw=OK/effective=OK(healthy | route=allow_all) | Regime: GREEN(avg_cand=3.00) | Safety: checked=3 fail_closed=0 reasons=api_code_4029:3 | FiltersTop(session): safe_age:13,score_min:8,safe_volume:1 | Dedup: heavy_skip=0 override=0 | V2Budget: 3/280 | SourceQoS: enabled=1/in=7/out=7/dropped=0/active_cd=0/drops=none | Ingest: q=0/oldest=0.0s/drop_old=0/dedup_skip=0/enq=0/drain=4 | Sources: dex_boosts:ok=1/fail=0/429=0/lim_wait=0/cd_wait=0/err=0.0%/avg=46ms; dexscreener:ok=11/fail=0/429=0/lim_wait=0/cd_wait=0/err=0.0%/avg=45ms; onchain_enrich:ok=4/fail=0/429=0/lim_wait=0/cd_wait=0/err=0.0%/avg=39ms | Tasks: 3 | RSS: 0.0MB | CycleAvg: 5.32s
2026-02-26 16:01:11,059 [WARNING] [u_station_ab_night_autotune_v1] __main__: GRACEFUL_STOP requested path=D:\earnforme\solana-alert-bot\data\graceful_stop.u_station_ab_night_autotune_v1.signal
2026-02-26 16:01:11,100 [INFO] [u_station_ab_night_autotune_v1] trading.auto_trader: AUTOTRADER_SHUTDOWN reason=main_local_shutdown open=0 closed=26
