2026-02-26 18:08:19,453 [INFO] [u_station_ab_night_autotune_v1] __main__: SESSION_LOG file=logs/matrix/u_station_ab_night_autotune_v1\sessions\main_local_20260226_170819_pid7600.log
2026-02-26 18:08:19,479 [INFO] [u_station_ab_night_autotune_v1] trading.auto_trader_state: AutoTrade state loaded open=0 closed=54 balance=$7.64
2026-02-26 18:08:19,494 [WARNING] [u_station_ab_night_autotune_v1] trading.auto_trader: DATA_POLICY mode=OK reason=init_reset_manual prev_mode=OK prev_reason=healthy | route=allow_all
2026-02-26 18:08:19,494 [INFO] [u_station_ab_night_autotune_v1] __main__: AUTOTRADER_INIT state=ready reason=manual mode=paper
2026-02-26 18:08:19,494 [INFO] [u_station_ab_night_autotune_v1] __main__: Local mode started (Telegram disabled).
2026-02-26 18:08:21,295 [INFO] [u_station_ab_night_autotune_v1] __main__: WATCHLIST merged count=4
2026-02-26 18:08:21,298 [INFO] [u_station_ab_night_autotune_v1] trading.v2_runtime: V2_UNIVERSE in=17 dedup=17 out=17 target=17 novel_target=15 novel_out=17 repeat_dropped=0 symbol_dropped=0 surge_in=6 surge_target=5 surge_out=6
2026-02-26 18:08:21,300 [INFO] [u_station_ab_night_autotune_v1] __main__: V2_SOURCE_QOS_FILTER in=17 out=15 drops={'source_qos_symbol_cap': 2} caps={'dexscreener': 292, 'watchlist': 6, 'geckoterminal': 287}
2026-02-26 18:08:21,302 [INFO] [u_station_ab_night_autotune_v1] __main__: FILTER_FAIL token=KRAD reason=source_qos_symbol_cap symbol=KRAD used=1/1
2026-02-26 18:08:21,304 [INFO] [u_station_ab_night_autotune_v1] __main__: FILTER_FAIL token=flow reason=source_qos_symbol_cap symbol=FLOW used=1/1
2026-02-26 18:08:21,306 [INFO] [u_station_ab_night_autotune_v1] __main__: FILTER_FAIL token=BankrAgent reason=safe_age
2026-02-26 18:08:21,307 [INFO] [u_station_ab_night_autotune_v1] __main__: FILTER_FAIL token=TASK reason=safe_change_5m
2026-02-26 18:08:21,308 [INFO] [u_station_ab_night_autotune_v1] __main__: FILTER_PASS token=KRAD tier=A score=95 mode=YELLOW risk=MEDIUM liq=149843 vol5m=11896
2026-02-26 18:08:21,310 [INFO] [u_station_ab_night_autotune_v1] monitor.local_alerter: Local alert token=KRAD address=0xf8fc4b510f6044ee59f35787e146f24522e23b07 score=95 reco=BUY risk=MEDIUM warnings=0 liq=149843 vol5m=11896
2026-02-26 18:08:21,311 [INFO] [u_station_ab_night_autotune_v1] __main__: FILTER_FAIL token=CHARLES reason=safe_change_5m
2026-02-26 18:08:21,311 [INFO] [u_station_ab_night_autotune_v1] __main__: FILTER_PASS token=cbBTC tier=A score=100 mode=YELLOW risk=MEDIUM liq=19135777 vol5m=294231
2026-02-26 18:08:21,313 [INFO] [u_station_ab_night_autotune_v1] __main__: FILTER_FAIL token=CHADO reason=safe_age
2026-02-26 18:08:21,314 [INFO] [u_station_ab_night_autotune_v1] __main__: FILTER_FAIL token=EDGE reason=safe_age
2026-02-26 18:08:21,315 [INFO] [u_station_ab_night_autotune_v1] __main__: FILTER_FAIL token=CLAWSPOT reason=safe_age
2026-02-26 18:08:21,316 [INFO] [u_station_ab_night_autotune_v1] __main__: FILTER_PASS token=FELIX tier=A score=100 mode=YELLOW risk=MEDIUM liq=1604264 vol5m=40866
2026-02-26 18:08:21,317 [INFO] [u_station_ab_night_autotune_v1] __main__: FILTER_PASS token=AERO tier=A score=75 mode=YELLOW risk=MEDIUM liq=1297119 vol5m=999
2026-02-26 18:08:21,318 [INFO] [u_station_ab_night_autotune_v1] __main__: FILTER_PASS token=flow tier=A score=60 mode=YELLOW risk=MEDIUM liq=20420 vol5m=97
2026-02-26 18:08:21,319 [INFO] [u_station_ab_night_autotune_v1] monitor.local_alerter: Local alert token=flow address=0xbb8c1145a6e1800e25fc39134878356b762a4b07 score=60 reco=HOLD risk=MEDIUM warnings=0 liq=20420 vol5m=97
2026-02-26 18:08:21,319 [INFO] [u_station_ab_night_autotune_v1] __main__: FILTER_PASS token=VIRTUAL tier=A score=75 mode=YELLOW risk=MEDIUM liq=7133569 vol5m=1010
2026-02-26 18:08:21,321 [INFO] [u_station_ab_night_autotune_v1] __main__: FILTER_FAIL token=FlameWire reason=score_min score=40 strict_min=48 soft_min=48 mode=YELLOW
2026-02-26 18:08:21,321 [INFO] [u_station_ab_night_autotune_v1] __main__: FILTER_FAIL token=FANCARD reason=safe_volume vol5m=0 min=6 regime=YELLOW
2026-02-26 18:08:21,322 [INFO] [u_station_ab_night_autotune_v1] __main__: FILTER_FAIL token=VELA reason=safe_volume vol5m=0 min=6 regime=YELLOW
2026-02-26 18:08:21,323 [INFO] [u_station_ab_night_autotune_v1] trading.v2_runtime: V2_QUALITY_ROTATE symbols_core=0 symbols_cooldown=1 sources=2 top_core=- top_cooldown=CBBTC:-0.0007/14
2026-02-26 18:08:21,324 [INFO] [u_station_ab_night_autotune_v1] __main__: V2_QUALITY_GATE enabled=True regime=YELLOW in=6 out=5 core_out=1 explore_out=4 probe_out=0 quota=3 max_symbol_share=0.200 drop={'cooldown_bucket': 1, 'duplicate_address': 4} sources_used={'watchlist': 3, 'dexscreener': 1, 'geckoterminal': 1}
2026-02-26 18:08:21,326 [INFO] [u_station_ab_night_autotune_v1] __main__: V2_ENTRY_ROUTE enabled=True regime=YELLOW in=5 out=4 core_out=1 explore_out=3 quota=3 allow_explore=True
2026-02-26 18:08:21,326 [WARNING] [u_station_ab_night_autotune_v1] trading.auto_trader: DATA_POLICY mode=OK reason=healthy | route=allow_all prev_mode=OK prev_reason=init_reset_manual
2026-02-26 18:08:21,327 [INFO] [u_station_ab_night_autotune_v1] __main__: MARKET_REGIME mode=YELLOW reason=hysteresis_recover_wait 1/4 raw=GREEN avg_cand_recent=6.00
2026-02-26 18:08:21,349 [INFO] [u_station_ab_night_autotune_v1] trading.auto_trader: AutoTrade adjust token=KRAD reason=min_trade_floor size=$0.09->$0.10 min=$0.10
2026-02-26 18:08:21,350 [INFO] [u_station_ab_night_autotune_v1] trading.auto_trader: AutoTrade skip token=KRAD reason=edge_low mode=both edge=-22.36% raw=-20.70% mult=1.08 min=0.05% probe_min=0.05% edge_usd=$-0.022 min_usd=$0.000 probe_min_usd=$0.000 size=$0.10 gross=9.60% costs=30.30% pwin=0.85 probe=- budget=0/1
2026-02-26 18:08:21,350 [INFO] [u_station_ab_night_autotune_v1] trading.auto_trader: AutoTrade skip token=FELIX reason=excluded_symbol
2026-02-26 18:08:21,365 [INFO] [u_station_ab_night_autotune_v1] trading.auto_trader: AutoTrade adjust token=VIRTUAL reason=min_trade_floor size=$0.02->$0.10 min=$0.10
2026-02-26 18:08:21,366 [INFO] [u_station_ab_night_autotune_v1] trading.auto_trader: AutoTrade skip token=VIRTUAL reason=edge_low mode=both edge=-29.70% raw=-27.50% mult=1.08 min=0.05% probe_min=0.05% edge_usd=$-0.030 min_usd=$0.000 probe_min_usd=$0.000 size=$0.10 gross=3.20% costs=30.70% pwin=0.45 probe=- budget=0/1
2026-02-26 18:08:21,366 [INFO] [u_station_ab_night_autotune_v1] trading.auto_trader: AutoTrade batch mode=top_n candidates=4 eligible=4 selected=3 opened=0 pe=off burst_window=0
2026-02-26 18:08:21,366 [INFO] [u_station_ab_night_autotune_v1] __main__: FILTER_THRESHOLDS safe_volume_5m_min=$5 safe_liquidity_min=$8000 safe_age_min=240s score_min=48 edge_min=0.05% lock_floor=0.95 no_momentum_max_pnl=0.25 weakness_pnl=-2.60
2026-02-26 18:08:21,366 [INFO] [u_station_ab_night_autotune_v1] __main__: Scanned 17 tokens | High quality: 8 | Alerts sent: 2 | Trade candidates: 6 | Quality out/core/explore/probe: 5/1/4/0 | Opened: 0 | Mode: local | Source: onchain+market | Policy: raw=OK/effective=OK(healthy | route=allow_all) | Regime: YELLOW(hysteresis_recover_wait 1/4 raw=GREEN) | Safety: checked=6 fail_closed=0 reasons=api_code_4029:6 | FiltersTop(session): safe_age:4,source_qos_symbol_cap:2,safe_change_5m:2,safe_volume:2 | Dedup: heavy_skip=0 override=0 | V2Budget: 6/280 | SourceQoS: enabled=1/in=17/out=15/dropped=2/active_cd=0/drops=source_qos_symbol_cap:2 | Ingest: q=0/oldest=0.0s/drop_old=0/dedup_skip=0/enq=12/drain=12 | Sources: dex_boosts:ok=1/fail=0/429=0/lim_wait=0/cd_wait=0/err=0.0%/avg=111ms; dexscreener:ok=14/fail=0/429=0/lim_wait=0/cd_wait=0/err=0.0%/avg=107ms; geckoterminal:ok=2/fail=0/429=0/lim_wait=0/cd_wait=0/err=0.0%/avg=92ms; watchlist_dex:ok=10/fail=0/429=0/lim_wait=0/cd_wait=0/err=0.0%/avg=100ms; watchlist_gecko:ok=6/fail=0/429=0/lim_wait=0/cd_wait=0/err=0.0%/avg=511ms | Tasks: 3 | RSS: 0.0MB | CycleAvg: 0.00s
2026-02-26 18:08:25,755 [INFO] [u_station_ab_night_autotune_v1] __main__: WATCHLIST merged count=4
2026-02-26 18:08:25,755 [INFO] [u_station_ab_night_autotune_v1] trading.v2_runtime: V2_UNIVERSE in=4 dedup=4 out=4 target=4 novel_target=4 novel_out=0 repeat_dropped=0 symbol_dropped=0 surge_in=0 surge_target=0 surge_out=0
2026-02-26 18:08:25,770 [INFO] [u_station_ab_night_autotune_v1] __main__: FILTER_PASS token=cbBTC tier=A score=100 mode=YELLOW risk=MEDIUM liq=19135777 vol5m=294231
2026-02-26 18:08:25,770 [INFO] [u_station_ab_night_autotune_v1] __main__: FILTER_PASS token=FELIX tier=A score=100 mode=YELLOW risk=MEDIUM liq=1604264 vol5m=40866
2026-02-26 18:08:25,770 [INFO] [u_station_ab_night_autotune_v1] __main__: FILTER_PASS token=AERO tier=A score=75 mode=YELLOW risk=MEDIUM liq=1297119 vol5m=999
2026-02-26 18:08:25,770 [INFO] [u_station_ab_night_autotune_v1] __main__: FILTER_PASS token=VIRTUAL tier=A score=75 mode=YELLOW risk=MEDIUM liq=7133569 vol5m=1010
2026-02-26 18:08:25,770 [INFO] [u_station_ab_night_autotune_v1] __main__: V2_QUALITY_GATE enabled=True regime=YELLOW in=4 out=3 core_out=1 explore_out=2 probe_out=0 quota=2 max_symbol_share=0.333 drop={'cooldown_bucket': 1, 'duplicate_address': 3} sources_used={'watchlist': 3}
2026-02-26 18:08:25,770 [INFO] [u_station_ab_night_autotune_v1] __main__: V2_ENTRY_ROUTE enabled=True regime=YELLOW in=3 out=2 core_out=1 explore_out=1 quota=1 allow_explore=True
2026-02-26 18:08:25,770 [INFO] [u_station_ab_night_autotune_v1] __main__: MARKET_REGIME mode=YELLOW reason=hysteresis_recover_wait 2/4 raw=GREEN avg_cand_recent=5.00
2026-02-26 18:08:25,770 [INFO] [u_station_ab_night_autotune_v1] trading.auto_trader: AutoTrade skip token=FELIX reason=excluded_symbol
2026-02-26 18:08:25,770 [INFO] [u_station_ab_night_autotune_v1] trading.auto_trader: AutoTrade adjust token=VIRTUAL reason=min_trade_floor size=$0.02->$0.10 min=$0.10
2026-02-26 18:08:25,770 [INFO] [u_station_ab_night_autotune_v1] trading.auto_trader: AutoTrade skip token=VIRTUAL reason=edge_low mode=both edge=-29.70% raw=-27.50% mult=1.08 min=0.05% probe_min=0.05% edge_usd=$-0.030 min_usd=$0.000 probe_min_usd=$0.000 size=$0.10 gross=3.20% costs=30.70% pwin=0.45 probe=- budget=0/1
2026-02-26 18:08:25,770 [INFO] [u_station_ab_night_autotune_v1] trading.auto_trader: AutoTrade batch mode=top_n candidates=2 eligible=2 selected=2 opened=0 pe=off burst_window=0
2026-02-26 18:08:25,770 [INFO] [u_station_ab_night_autotune_v1] __main__: Scanned 4 tokens | High quality: 4 | Alerts sent: 0 | Trade candidates: 4 | Quality out/core/explore/probe: 3/1/2/0 | Opened: 0 | Mode: local | Source: onchain+market | Policy: raw=OK/effective=OK(healthy | route=allow_all) | Regime: YELLOW(hysteresis_recover_wait 2/4 raw=GREEN) | Safety: checked=4 fail_closed=0 reasons=api_code_4029:4 | FiltersTop(session): safe_age:4,source_qos_symbol_cap:2,safe_change_5m:2,safe_volume:2 | Dedup: heavy_skip=0 override=0 | V2Budget: 4/280 | SourceQoS: enabled=1/in=4/out=4/dropped=0/active_cd=0/drops=none | Ingest: q=0/oldest=0.0s/drop_old=0/dedup_skip=0/enq=0/drain=0 | Sources: dex_boosts:ok=1/fail=0/429=0/lim_wait=0/cd_wait=0/err=0.0%/avg=62ms; dexscreener:ok=14/fail=0/429=0/lim_wait=0/cd_wait=0/err=0.0%/avg=125ms | Tasks: 3 | RSS: 0.0MB | CycleAvg: 1.87s
2026-02-26 18:08:30,153 [INFO] [u_station_ab_night_autotune_v1] __main__: WATCHLIST merged count=4
2026-02-26 18:08:30,153 [INFO] [u_station_ab_night_autotune_v1] trading.v2_runtime: V2_UNIVERSE in=4 dedup=4 out=4 target=4 novel_target=4 novel_out=0 repeat_dropped=0 symbol_dropped=0 surge_in=0 surge_target=0 surge_out=0
2026-02-26 18:08:30,153 [INFO] [u_station_ab_night_autotune_v1] __main__: FILTER_PASS token=cbBTC tier=A score=100 mode=YELLOW risk=MEDIUM liq=19135777 vol5m=294231
2026-02-26 18:08:30,153 [INFO] [u_station_ab_night_autotune_v1] __main__: FILTER_PASS token=FELIX tier=A score=100 mode=YELLOW risk=MEDIUM liq=1604264 vol5m=40866
2026-02-26 18:08:30,153 [INFO] [u_station_ab_night_autotune_v1] __main__: FILTER_PASS token=AERO tier=A score=75 mode=YELLOW risk=MEDIUM liq=1297119 vol5m=999
2026-02-26 18:08:30,153 [INFO] [u_station_ab_night_autotune_v1] __main__: FILTER_PASS token=VIRTUAL tier=A score=75 mode=YELLOW risk=MEDIUM liq=7133569 vol5m=1010
2026-02-26 18:08:30,153 [INFO] [u_station_ab_night_autotune_v1] __main__: V2_QUALITY_GATE enabled=True regime=YELLOW in=4 out=3 core_out=1 explore_out=2 probe_out=0 quota=2 max_symbol_share=0.333 drop={'cooldown_bucket': 1, 'duplicate_address': 3} sources_used={'watchlist': 3}
2026-02-26 18:08:30,169 [INFO] [u_station_ab_night_autotune_v1] __main__: V2_ENTRY_ROUTE enabled=True regime=YELLOW in=3 out=2 core_out=1 explore_out=1 quota=1 allow_explore=True
2026-02-26 18:08:30,170 [INFO] [u_station_ab_night_autotune_v1] __main__: MARKET_REGIME mode=YELLOW reason=hysteresis_recover_wait 3/4 raw=GREEN avg_cand_recent=4.67
2026-02-26 18:08:30,170 [INFO] [u_station_ab_night_autotune_v1] trading.auto_trader: AutoTrade skip token=FELIX reason=excluded_symbol
2026-02-26 18:08:30,170 [INFO] [u_station_ab_night_autotune_v1] trading.auto_trader: AutoTrade adjust token=VIRTUAL reason=min_trade_floor size=$0.02->$0.10 min=$0.10
2026-02-26 18:08:30,170 [INFO] [u_station_ab_night_autotune_v1] trading.auto_trader: AutoTrade skip token=VIRTUAL reason=edge_low mode=both edge=-29.70% raw=-27.50% mult=1.08 min=0.05% probe_min=0.05% edge_usd=$-0.030 min_usd=$0.000 probe_min_usd=$0.000 size=$0.10 gross=3.20% costs=30.70% pwin=0.45 probe=- budget=0/1
2026-02-26 18:08:30,170 [INFO] [u_station_ab_night_autotune_v1] trading.auto_trader: AutoTrade batch mode=top_n candidates=2 eligible=2 selected=2 opened=0 pe=off burst_window=0
2026-02-26 18:08:30,170 [INFO] [u_station_ab_night_autotune_v1] __main__: Scanned 4 tokens | High quality: 4 | Alerts sent: 0 | Trade candidates: 4 | Quality out/core/explore/probe: 3/1/2/0 | Opened: 0 | Mode: local | Source: onchain+market | Policy: raw=OK/effective=OK(healthy | route=allow_all) | Regime: YELLOW(hysteresis_recover_wait 3/4 raw=GREEN) | Safety: checked=4 fail_closed=0 reasons=api_code_4029:4 | FiltersTop(session): safe_age:4,source_qos_symbol_cap:2,safe_change_5m:2,safe_volume:2 | Dedup: heavy_skip=0 override=0 | V2Budget: 4/280 | SourceQoS: enabled=1/in=4/out=4/dropped=0/active_cd=0/drops=none | Ingest: q=0/oldest=0.0s/drop_old=0/dedup_skip=0/enq=0/drain=0 | Sources: dex_boosts:ok=1/fail=0/429=0/lim_wait=0/cd_wait=0/err=0.0%/avg=46ms; dexscreener:ok=14/fail=0/429=0/lim_wait=0/cd_wait=0/err=0.0%/avg=41ms | Tasks: 3 | RSS: 0.0MB | CycleAvg: 1.14s
2026-02-26 18:08:34,636 [INFO] [u_station_ab_night_autotune_v1] __main__: WATCHLIST merged count=4
2026-02-26 18:08:34,636 [INFO] [u_station_ab_night_autotune_v1] trading.v2_runtime: V2_UNIVERSE in=4 dedup=4 out=4 target=4 novel_target=4 novel_out=0 repeat_dropped=0 symbol_dropped=0 surge_in=0 surge_target=0 surge_out=0
2026-02-26 18:08:34,636 [INFO] [u_station_ab_night_autotune_v1] __main__: FILTER_PASS token=cbBTC tier=A score=100 mode=YELLOW risk=MEDIUM liq=19135777 vol5m=294231
2026-02-26 18:08:34,636 [INFO] [u_station_ab_night_autotune_v1] __main__: FILTER_PASS token=FELIX tier=A score=100 mode=YELLOW risk=MEDIUM liq=1604264 vol5m=40866
2026-02-26 18:08:34,636 [INFO] [u_station_ab_night_autotune_v1] __main__: FILTER_PASS token=AERO tier=A score=75 mode=YELLOW risk=MEDIUM liq=1297119 vol5m=999
2026-02-26 18:08:34,636 [INFO] [u_station_ab_night_autotune_v1] __main__: FILTER_PASS token=VIRTUAL tier=A score=75 mode=YELLOW risk=MEDIUM liq=7133569 vol5m=1010
2026-02-26 18:08:34,636 [INFO] [u_station_ab_night_autotune_v1] __main__: V2_QUALITY_GATE enabled=True regime=GREEN in=4 out=3 core_out=1 explore_out=2 probe_out=0 quota=2 max_symbol_share=0.333 drop={'cooldown_bucket': 1, 'duplicate_address': 3} sources_used={'watchlist': 3}
2026-02-26 18:08:34,636 [INFO] [u_station_ab_night_autotune_v1] __main__: V2_ENTRY_ROUTE enabled=True regime=GREEN in=3 out=2 core_out=1 explore_out=1 quota=1 allow_explore=True
2026-02-26 18:08:34,636 [INFO] [u_station_ab_night_autotune_v1] __main__: MARKET_REGIME mode=GREEN reason=avg_cand=4.50 avg_cand_recent=4.50
2026-02-26 18:08:34,636 [WARNING] [u_station_ab_night_autotune_v1] monitor.local_alerter: Local event symbol=MARKET_MODE reco=GREEN risk=INFO
2026-02-26 18:08:34,636 [INFO] [u_station_ab_night_autotune_v1] trading.auto_trader: AutoTrade skip token=FELIX reason=excluded_symbol
2026-02-26 18:08:34,636 [INFO] [u_station_ab_night_autotune_v1] trading.auto_trader: AutoTrade adjust token=VIRTUAL reason=min_trade_floor size=$0.02->$0.10 min=$0.10
2026-02-26 18:08:34,636 [INFO] [u_station_ab_night_autotune_v1] trading.auto_trader: AutoTrade skip token=VIRTUAL reason=edge_low mode=both edge=-29.70% raw=-27.50% mult=1.08 min=0.05% probe_min=0.05% edge_usd=$-0.030 min_usd=$0.000 probe_min_usd=$0.000 size=$0.10 gross=3.20% costs=30.70% pwin=0.45 probe=- budget=0/1
2026-02-26 18:08:34,636 [INFO] [u_station_ab_night_autotune_v1] trading.auto_trader: AutoTrade batch mode=top_n candidates=2 eligible=2 selected=2 opened=0 pe=off burst_window=0
2026-02-26 18:08:34,636 [INFO] [u_station_ab_night_autotune_v1] __main__: Scanned 4 tokens | High quality: 4 | Alerts sent: 0 | Trade candidates: 4 | Quality out/core/explore/probe: 3/1/2/0 | Opened: 0 | Mode: local | Source: onchain+market | Policy: raw=OK/effective=OK(healthy | route=allow_all) | Regime: GREEN(avg_cand=4.50) | Safety: checked=4 fail_closed=0 reasons=api_code_4029:4 | FiltersTop(session): safe_age:4,source_qos_symbol_cap:2,safe_change_5m:2,safe_volume:2 | Dedup: heavy_skip=0 override=0 | V2Budget: 4/280 | SourceQoS: enabled=1/in=4/out=4/dropped=0/active_cd=0/drops=none | Ingest: q=0/oldest=0.0s/drop_old=0/dedup_skip=0/enq=0/drain=0 | Sources: dex_boosts:ok=1/fail=0/429=0/lim_wait=0/cd_wait=0/err=0.0%/avg=39ms; dexscreener:ok=14/fail=0/429=0/lim_wait=0/cd_wait=0/err=0.0%/avg=39ms | Tasks: 3 | RSS: 0.0MB | CycleAvg: 0.89s
2026-02-26 18:08:39,053 [INFO] [u_station_ab_night_autotune_v1] __main__: WATCHLIST merged count=4
2026-02-26 18:08:39,053 [INFO] [u_station_ab_night_autotune_v1] trading.v2_runtime: V2_UNIVERSE in=4 dedup=4 out=4 target=4 novel_target=4 novel_out=0 repeat_dropped=0 symbol_dropped=0 surge_in=0 surge_target=0 surge_out=0
2026-02-26 18:08:39,053 [INFO] [u_station_ab_night_autotune_v1] __main__: FILTER_PASS token=cbBTC tier=A score=100 mode=GREEN risk=MEDIUM liq=19135777 vol5m=294231
2026-02-26 18:08:39,053 [INFO] [u_station_ab_night_autotune_v1] __main__: FILTER_PASS token=FELIX tier=A score=100 mode=GREEN risk=MEDIUM liq=1604264 vol5m=40866
2026-02-26 18:08:39,053 [INFO] [u_station_ab_night_autotune_v1] __main__: FILTER_PASS token=AERO tier=A score=75 mode=GREEN risk=MEDIUM liq=1297119 vol5m=999
2026-02-26 18:08:39,053 [INFO] [u_station_ab_night_autotune_v1] __main__: FILTER_PASS token=VIRTUAL tier=A score=75 mode=GREEN risk=MEDIUM liq=7133569 vol5m=1010
2026-02-26 18:08:39,053 [INFO] [u_station_ab_night_autotune_v1] __main__: V2_QUALITY_GATE enabled=True regime=GREEN in=4 out=3 core_out=1 explore_out=2 probe_out=0 quota=2 max_symbol_share=0.333 drop={'cooldown_bucket': 1, 'duplicate_address': 3} sources_used={'watchlist': 3}
2026-02-26 18:08:39,069 [INFO] [u_station_ab_night_autotune_v1] __main__: V2_ENTRY_ROUTE enabled=True regime=GREEN in=3 out=2 core_out=1 explore_out=1 quota=1 allow_explore=True
2026-02-26 18:08:39,069 [INFO] [u_station_ab_night_autotune_v1] __main__: MARKET_REGIME mode=GREEN reason=avg_cand=4.40 avg_cand_recent=4.40
2026-02-26 18:08:39,069 [INFO] [u_station_ab_night_autotune_v1] trading.auto_trader: AutoTrade skip token=FELIX reason=excluded_symbol
2026-02-26 18:08:39,085 [INFO] [u_station_ab_night_autotune_v1] trading.auto_trader: AutoTrade adjust token=VIRTUAL reason=min_trade_floor size=$0.02->$0.10 min=$0.10
2026-02-26 18:08:39,085 [INFO] [u_station_ab_night_autotune_v1] trading.auto_trader: AutoTrade skip token=VIRTUAL reason=ev_net_low expected_net=$-0.00987 min=$-0.00227 samples=23 conf=1.00 pwin=0.30 avg_win=$0.0097 avg_loss=$0.0177 kelly=0.000 mem=sparse trades=0<4
2026-02-26 18:08:39,085 [INFO] [u_station_ab_night_autotune_v1] trading.auto_trader: AutoTrade batch mode=top_n candidates=2 eligible=2 selected=2 opened=0 pe=off burst_window=0
2026-02-26 18:08:39,085 [INFO] [u_station_ab_night_autotune_v1] __main__: Scanned 4 tokens | High quality: 4 | Alerts sent: 0 | Trade candidates: 4 | Quality out/core/explore/probe: 3/1/2/0 | Opened: 0 | Mode: local | Source: onchain+market | Policy: raw=OK/effective=OK(healthy | route=allow_all) | Regime: GREEN(avg_cand=4.40) | Safety: checked=4 fail_closed=0 reasons=api_code_4029:4 | FiltersTop(session): safe_age:4,source_qos_symbol_cap:2,safe_change_5m:2,safe_volume:2 | Dedup: heavy_skip=0 override=0 | V2Budget: 4/280 | SourceQoS: enabled=1/in=4/out=4/dropped=0/active_cd=0/drops=none | Ingest: q=0/oldest=0.0s/drop_old=0/dedup_skip=0/enq=0/drain=0 | Sources: dex_boosts:ok=1/fail=0/429=0/lim_wait=0/cd_wait=0/err=0.0%/avg=78ms; dexscreener:ok=14/fail=0/429=0/lim_wait=0/cd_wait=0/err=0.0%/avg=51ms | Tasks: 3 | RSS: 0.0MB | CycleAvg: 0.79s
2026-02-26 18:08:43,526 [INFO] [u_station_ab_night_autotune_v1] __main__: WATCHLIST merged count=4
2026-02-26 18:08:43,526 [INFO] [u_station_ab_night_autotune_v1] trading.v2_runtime: V2_UNIVERSE in=4 dedup=4 out=4 target=4 novel_target=4 novel_out=0 repeat_dropped=0 symbol_dropped=0 surge_in=0 surge_target=0 surge_out=0
2026-02-26 18:08:43,526 [INFO] [u_station_ab_night_autotune_v1] __main__: FILTER_PASS token=cbBTC tier=A score=100 mode=GREEN risk=MEDIUM liq=19135777 vol5m=294231
2026-02-26 18:08:43,526 [INFO] [u_station_ab_night_autotune_v1] __main__: FILTER_PASS token=FELIX tier=A score=100 mode=GREEN risk=MEDIUM liq=1604264 vol5m=40866
2026-02-26 18:08:43,526 [INFO] [u_station_ab_night_autotune_v1] __main__: FILTER_PASS token=AERO tier=A score=75 mode=GREEN risk=MEDIUM liq=1297119 vol5m=999
2026-02-26 18:08:43,526 [INFO] [u_station_ab_night_autotune_v1] __main__: FILTER_PASS token=VIRTUAL tier=A score=75 mode=GREEN risk=MEDIUM liq=7133569 vol5m=1010
2026-02-26 18:08:43,526 [INFO] [u_station_ab_night_autotune_v1] __main__: V2_QUALITY_GATE enabled=True regime=GREEN in=4 out=3 core_out=1 explore_out=2 probe_out=0 quota=2 max_symbol_share=0.333 drop={'cooldown_bucket': 1, 'duplicate_address': 3} sources_used={'watchlist': 3}
2026-02-26 18:08:43,526 [INFO] [u_station_ab_night_autotune_v1] __main__: V2_ENTRY_ROUTE enabled=True regime=GREEN in=3 out=2 core_out=1 explore_out=1 quota=1 allow_explore=True
2026-02-26 18:08:43,526 [INFO] [u_station_ab_night_autotune_v1] __main__: MARKET_REGIME mode=GREEN reason=avg_cand=4.33 avg_cand_recent=4.33
2026-02-26 18:08:43,526 [INFO] [u_station_ab_night_autotune_v1] trading.auto_trader: AutoTrade skip token=FELIX reason=excluded_symbol
2026-02-26 18:08:43,541 [INFO] [u_station_ab_night_autotune_v1] trading.auto_trader: AutoTrade adjust token=VIRTUAL reason=min_trade_floor size=$0.02->$0.10 min=$0.10
2026-02-26 18:08:43,541 [INFO] [u_station_ab_night_autotune_v1] trading.auto_trader: AutoTrade skip token=VIRTUAL reason=ev_net_low expected_net=$-0.00987 min=$-0.00227 samples=23 conf=1.00 pwin=0.30 avg_win=$0.0097 avg_loss=$0.0177 kelly=0.000 mem=sparse trades=0<4
2026-02-26 18:08:43,541 [INFO] [u_station_ab_night_autotune_v1] trading.auto_trader: AutoTrade batch mode=top_n candidates=2 eligible=2 selected=2 opened=0 pe=off burst_window=0
2026-02-26 18:08:43,541 [INFO] [u_station_ab_night_autotune_v1] __main__: Scanned 4 tokens | High quality: 4 | Alerts sent: 0 | Trade candidates: 4 | Quality out/core/explore/probe: 3/1/2/0 | Opened: 0 | Mode: local | Source: onchain+market | Policy: raw=OK/effective=OK(healthy | route=allow_all) | Regime: GREEN(avg_cand=4.33) | Safety: checked=4 fail_closed=0 reasons=api_code_4029:4 | FiltersTop(session): safe_age:4,source_qos_symbol_cap:2,safe_change_5m:2,safe_volume:2 | Dedup: heavy_skip=0 override=0 | V2Budget: 4/280 | SourceQoS: enabled=1/in=4/out=4/dropped=0/active_cd=0/drops=none | Ingest: q=0/oldest=0.0s/drop_old=0/dedup_skip=0/enq=0/drain=0 | Sources: dex_boosts:ok=1/fail=0/429=0/lim_wait=0/cd_wait=0/err=0.0%/avg=44ms; dexscreener:ok=14/fail=0/429=0/lim_wait=0/cd_wait=0/err=0.0%/avg=45ms | Tasks: 3 | RSS: 0.0MB | CycleAvg: 0.72s
2026-02-26 18:08:47,940 [INFO] [u_station_ab_night_autotune_v1] __main__: WATCHLIST merged count=4
2026-02-26 18:08:47,940 [INFO] [u_station_ab_night_autotune_v1] trading.v2_runtime: V2_UNIVERSE in=4 dedup=4 out=4 target=4 novel_target=4 novel_out=0 repeat_dropped=0 symbol_dropped=0 surge_in=0 surge_target=0 surge_out=0
2026-02-26 18:08:47,941 [INFO] [u_station_ab_night_autotune_v1] __main__: FILTER_PASS token=cbBTC tier=A score=100 mode=GREEN risk=MEDIUM liq=19135777 vol5m=294231
2026-02-26 18:08:47,942 [INFO] [u_station_ab_night_autotune_v1] __main__: FILTER_PASS token=FELIX tier=A score=100 mode=GREEN risk=MEDIUM liq=1604264 vol5m=40866
2026-02-26 18:08:47,944 [INFO] [u_station_ab_night_autotune_v1] __main__: FILTER_PASS token=AERO tier=A score=75 mode=GREEN risk=MEDIUM liq=1297119 vol5m=999
2026-02-26 18:08:47,945 [INFO] [u_station_ab_night_autotune_v1] __main__: FILTER_PASS token=VIRTUAL tier=A score=75 mode=GREEN risk=MEDIUM liq=7133569 vol5m=1010
2026-02-26 18:08:47,946 [INFO] [u_station_ab_night_autotune_v1] __main__: V2_QUALITY_GATE enabled=True regime=GREEN in=4 out=3 core_out=1 explore_out=2 probe_out=0 quota=2 max_symbol_share=0.333 drop={'cooldown_bucket': 1, 'duplicate_address': 3} sources_used={'watchlist': 3}
2026-02-26 18:08:47,949 [INFO] [u_station_ab_night_autotune_v1] __main__: V2_ENTRY_ROUTE enabled=True regime=GREEN in=3 out=2 core_out=1 explore_out=1 quota=1 allow_explore=True
2026-02-26 18:08:47,950 [INFO] [u_station_ab_night_autotune_v1] __main__: MARKET_REGIME mode=GREEN reason=avg_cand=4.29 avg_cand_recent=4.29
2026-02-26 18:08:47,951 [INFO] [u_station_ab_night_autotune_v1] trading.auto_trader: AutoTrade skip token=FELIX reason=excluded_symbol
2026-02-26 18:08:47,954 [INFO] [u_station_ab_night_autotune_v1] trading.auto_trader: AutoTrade adjust token=VIRTUAL reason=min_trade_floor size=$0.02->$0.10 min=$0.10
2026-02-26 18:08:47,954 [INFO] [u_station_ab_night_autotune_v1] trading.auto_trader: AutoTrade skip token=VIRTUAL reason=ev_net_low expected_net=$-0.00987 min=$-0.00227 samples=23 conf=1.00 pwin=0.30 avg_win=$0.0097 avg_loss=$0.0177 kelly=0.000 mem=sparse trades=0<4
2026-02-26 18:08:47,955 [INFO] [u_station_ab_night_autotune_v1] trading.auto_trader: AutoTrade batch mode=top_n candidates=2 eligible=2 selected=2 opened=0 pe=off burst_window=0
2026-02-26 18:08:47,956 [INFO] [u_station_ab_night_autotune_v1] __main__: Scanned 4 tokens | High quality: 4 | Alerts sent: 0 | Trade candidates: 4 | Quality out/core/explore/probe: 3/1/2/0 | Opened: 0 | Mode: local | Source: onchain+market | Policy: raw=OK/effective=OK(healthy | route=allow_all) | Regime: GREEN(avg_cand=4.29) | Safety: checked=4 fail_closed=0 reasons=api_code_4029:4 | FiltersTop(session): safe_age:4,source_qos_symbol_cap:2,safe_change_5m:2,safe_volume:2 | Dedup: heavy_skip=0 override=0 | V2Budget: 4/280 | SourceQoS: enabled=1/in=4/out=4/dropped=0/active_cd=0/drops=none | Ingest: q=0/oldest=0.0s/drop_old=0/dedup_skip=0/enq=0/drain=0 | Sources: dex_boosts:ok=1/fail=0/429=0/lim_wait=0/cd_wait=0/err=0.0%/avg=32ms; dexscreener:ok=14/fail=0/429=0/lim_wait=0/cd_wait=0/err=0.0%/avg=48ms | Tasks: 3 | RSS: 0.0MB | CycleAvg: 0.67s
2026-02-26 18:08:52,505 [INFO] [u_station_ab_night_autotune_v1] __main__: WATCHLIST merged count=4
2026-02-26 18:08:52,506 [INFO] [u_station_ab_night_autotune_v1] trading.v2_runtime: V2_UNIVERSE in=4 dedup=4 out=4 target=4 novel_target=4 novel_out=0 repeat_dropped=0 symbol_dropped=0 surge_in=0 surge_target=0 surge_out=0
2026-02-26 18:08:52,507 [INFO] [u_station_ab_night_autotune_v1] __main__: FILTER_PASS token=cbBTC tier=A score=100 mode=GREEN risk=MEDIUM liq=19135777 vol5m=294231
2026-02-26 18:08:52,508 [INFO] [u_station_ab_night_autotune_v1] __main__: FILTER_PASS token=FELIX tier=A score=100 mode=GREEN risk=MEDIUM liq=1604264 vol5m=40866
2026-02-26 18:08:52,509 [INFO] [u_station_ab_night_autotune_v1] __main__: FILTER_PASS token=AERO tier=A score=75 mode=GREEN risk=MEDIUM liq=1297119 vol5m=999
2026-02-26 18:08:52,509 [INFO] [u_station_ab_night_autotune_v1] __main__: FILTER_PASS token=VIRTUAL tier=A score=75 mode=GREEN risk=MEDIUM liq=7133569 vol5m=1010
2026-02-26 18:08:52,510 [INFO] [u_station_ab_night_autotune_v1] __main__: V2_QUALITY_GATE enabled=True regime=GREEN in=4 out=3 core_out=1 explore_out=2 probe_out=0 quota=2 max_symbol_share=0.333 drop={'cooldown_bucket': 1, 'duplicate_address': 3} sources_used={'watchlist': 3}
2026-02-26 18:08:52,512 [INFO] [u_station_ab_night_autotune_v1] __main__: V2_ENTRY_ROUTE enabled=True regime=GREEN in=3 out=2 core_out=1 explore_out=1 quota=1 allow_explore=True
2026-02-26 18:08:52,513 [INFO] [u_station_ab_night_autotune_v1] __main__: MARKET_REGIME mode=GREEN reason=avg_cand=4.25 avg_cand_recent=4.25
2026-02-26 18:08:52,513 [INFO] [u_station_ab_night_autotune_v1] trading.auto_trader: AutoTrade skip token=FELIX reason=excluded_symbol
2026-02-26 18:08:52,515 [INFO] [u_station_ab_night_autotune_v1] trading.auto_trader: AutoTrade adjust token=VIRTUAL reason=min_trade_floor size=$0.02->$0.10 min=$0.10
2026-02-26 18:08:52,515 [INFO] [u_station_ab_night_autotune_v1] trading.auto_trader: AutoTrade skip token=VIRTUAL reason=ev_net_low expected_net=$-0.00987 min=$-0.00227 samples=23 conf=1.00 pwin=0.30 avg_win=$0.0097 avg_loss=$0.0177 kelly=0.000 mem=sparse trades=0<4
2026-02-26 18:08:52,516 [INFO] [u_station_ab_night_autotune_v1] trading.auto_trader: AutoTrade batch mode=top_n candidates=2 eligible=2 selected=2 opened=0 pe=off burst_window=0
2026-02-26 18:08:52,517 [INFO] [u_station_ab_night_autotune_v1] __main__: Scanned 4 tokens | High quality: 4 | Alerts sent: 0 | Trade candidates: 4 | Quality out/core/explore/probe: 3/1/2/0 | Opened: 0 | Mode: local | Source: onchain+market | Policy: raw=OK/effective=OK(healthy | route=allow_all) | Regime: GREEN(avg_cand=4.25) | Safety: checked=4 fail_closed=0 reasons=api_code_4029:4 | FiltersTop(session): safe_age:4,source_qos_symbol_cap:2,safe_change_5m:2,safe_volume:2 | Dedup: heavy_skip=0 override=0 | V2Budget: 4/280 | SourceQoS: enabled=1/in=4/out=4/dropped=0/active_cd=0/drops=none | Ingest: q=0/oldest=0.0s/drop_old=0/dedup_skip=0/enq=0/drain=0 | Sources: dex_boosts:ok=1/fail=0/429=0/lim_wait=0/cd_wait=0/err=0.0%/avg=63ms; dexscreener:ok=14/fail=0/429=0/lim_wait=0/cd_wait=0/err=0.0%/avg=94ms | Tasks: 3 | RSS: 0.0MB | CycleAvg: 0.63s
2026-02-26 18:09:19,840 [INFO] [u_station_ab_night_autotune_v1] __main__: WATCHLIST merged count=4
2026-02-26 18:09:19,841 [INFO] [u_station_ab_night_autotune_v1] trading.v2_runtime: V2_UNIVERSE in=4 dedup=4 out=4 target=4 novel_target=4 novel_out=0 repeat_dropped=0 symbol_dropped=0 surge_in=0 surge_target=0 surge_out=0
2026-02-26 18:09:19,842 [INFO] [u_station_ab_night_autotune_v1] __main__: FILTER_PASS token=cbBTC tier=A score=100 mode=GREEN risk=MEDIUM liq=19135777 vol5m=294231
2026-02-26 18:09:19,843 [INFO] [u_station_ab_night_autotune_v1] __main__: FILTER_PASS token=FELIX tier=A score=100 mode=GREEN risk=MEDIUM liq=1604264 vol5m=40866
2026-02-26 18:09:19,844 [INFO] [u_station_ab_night_autotune_v1] __main__: FILTER_PASS token=AERO tier=A score=75 mode=GREEN risk=MEDIUM liq=1297119 vol5m=999
2026-02-26 18:09:19,846 [INFO] [u_station_ab_night_autotune_v1] __main__: FILTER_PASS token=VIRTUAL tier=A score=75 mode=GREEN risk=MEDIUM liq=7133569 vol5m=1010
2026-02-26 18:09:19,847 [INFO] [u_station_ab_night_autotune_v1] __main__: V2_QUALITY_GATE enabled=True regime=GREEN in=4 out=3 core_out=1 explore_out=2 probe_out=0 quota=2 max_symbol_share=0.333 drop={'cooldown_bucket': 1, 'duplicate_address': 3} sources_used={'watchlist': 3}
2026-02-26 18:09:19,850 [INFO] [u_station_ab_night_autotune_v1] __main__: V2_ENTRY_ROUTE enabled=True regime=GREEN in=3 out=2 core_out=1 explore_out=1 quota=1 allow_explore=True
2026-02-26 18:09:19,850 [INFO] [u_station_ab_night_autotune_v1] __main__: MARKET_REGIME mode=GREEN reason=avg_cand=4.22 avg_cand_recent=4.22
2026-02-26 18:09:19,851 [INFO] [u_station_ab_night_autotune_v1] trading.auto_trader: AutoTrade skip token=FELIX reason=excluded_symbol
2026-02-26 18:09:19,853 [INFO] [u_station_ab_night_autotune_v1] trading.auto_trader: AutoTrade adjust token=VIRTUAL reason=min_trade_floor size=$0.02->$0.10 min=$0.10
2026-02-26 18:09:19,853 [INFO] [u_station_ab_night_autotune_v1] trading.auto_trader: AutoTrade skip token=VIRTUAL reason=ev_net_low expected_net=$-0.00987 min=$-0.00227 samples=23 conf=1.00 pwin=0.30 avg_win=$0.0097 avg_loss=$0.0177 kelly=0.000 mem=sparse trades=0<4
2026-02-26 18:09:19,853 [INFO] [u_station_ab_night_autotune_v1] trading.auto_trader: AutoTrade batch mode=top_n candidates=2 eligible=2 selected=2 opened=0 pe=off burst_window=0
2026-02-26 18:09:19,853 [INFO] [u_station_ab_night_autotune_v1] trading.auto_trader: PAPER_SUMMARY window=60s closed_delta=0 wins_delta=0 losses_delta=0 realized_delta=$0.00 total_closed=54 winrate_total=38.9% realized_total=$0.64 balance=$7.64 equity=$7.64 open=0
2026-02-26 18:09:19,853 [INFO] [u_station_ab_night_autotune_v1] __main__: Scanned 4 tokens | High quality: 4 | Alerts sent: 0 | Trade candidates: 4 | Quality out/core/explore/probe: 3/1/2/0 | Opened: 0 | Mode: local | Source: onchain+market | Policy: raw=OK/effective=OK(healthy | route=allow_all) | Regime: GREEN(avg_cand=4.22) | Safety: checked=4 fail_closed=0 reasons=api_code_4029:4 | FiltersTop(session): safe_age:4,source_qos_symbol_cap:2,safe_change_5m:2,safe_volume:2 | Dedup: heavy_skip=0 override=0 | V2Budget: 4/280 | SourceQoS: enabled=1/in=4/out=4/dropped=0/active_cd=0/drops=none | Ingest: q=0/oldest=0.0s/drop_old=0/dedup_skip=0/enq=0/drain=0 | Sources: dex_boosts:ok=1/fail=0/429=0/lim_wait=0/cd_wait=0/err=0.0%/avg=39ms; dexscreener:ok=14/fail=0/429=0/lim_wait=12/cd_wait=0/err=0.0%/avg=192ms | Tasks: 3 | RSS: 0.0MB | CycleAvg: 0.62s
2026-02-26 18:09:24,154 [INFO] [u_station_ab_night_autotune_v1] monitor.onchain_factory: PAIR_DETECTED source=uniswap_v2 dex=uniswap_v2 pair=0x539e7b5edd60c3d1fde4ad95bc6b5e67bb416ec5 token0=0x4200000000000000000000000000000000000006 token1=0xfba6244cf59a6fc734d363f4f3c0084f96428ba3 block=42668204 factory=0x8909dc15e40173ff4699343b6eb8132c65e18ec6
2026-02-26 18:09:24,674 [INFO] [u_station_ab_night_autotune_v1] monitor.onchain_factory: ENRICH_RETRY token=0xfba6244cf59a6fc734d363f4f3c0084f96428ba3 pair=0x539e7b5edd60c3d1fde4ad95bc6b5e67bb416ec5 attempt=1/2 delay=10s
2026-02-26 18:09:34,806 [INFO] [u_station_ab_night_autotune_v1] __main__: WATCHLIST merged count=4
2026-02-26 18:09:34,807 [INFO] [u_station_ab_night_autotune_v1] trading.v2_runtime: V2_UNIVERSE in=4 dedup=4 out=4 target=4 novel_target=4 novel_out=0 repeat_dropped=0 symbol_dropped=0 surge_in=0 surge_target=0 surge_out=0
2026-02-26 18:09:34,808 [INFO] [u_station_ab_night_autotune_v1] __main__: FILTER_PASS token=cbBTC tier=A score=100 mode=GREEN risk=MEDIUM liq=19135777 vol5m=294231
2026-02-26 18:09:34,809 [INFO] [u_station_ab_night_autotune_v1] __main__: FILTER_PASS token=FELIX tier=A score=100 mode=GREEN risk=MEDIUM liq=1604264 vol5m=40866
2026-02-26 18:09:34,811 [INFO] [u_station_ab_night_autotune_v1] __main__: FILTER_PASS token=AERO tier=A score=75 mode=GREEN risk=MEDIUM liq=1297119 vol5m=999
2026-02-26 18:09:34,812 [INFO] [u_station_ab_night_autotune_v1] __main__: FILTER_PASS token=VIRTUAL tier=A score=75 mode=GREEN risk=MEDIUM liq=7133569 vol5m=1010
2026-02-26 18:09:34,815 [INFO] [u_station_ab_night_autotune_v1] __main__: V2_QUALITY_GATE enabled=True regime=GREEN in=4 out=3 core_out=1 explore_out=2 probe_out=0 quota=2 max_symbol_share=0.333 drop={'cooldown_bucket': 1, 'duplicate_address': 3} sources_used={'watchlist': 3}
2026-02-26 18:09:34,817 [INFO] [u_station_ab_night_autotune_v1] __main__: V2_ENTRY_ROUTE enabled=True regime=GREEN in=3 out=2 core_out=1 explore_out=1 quota=1 allow_explore=True
2026-02-26 18:09:34,818 [INFO] [u_station_ab_night_autotune_v1] __main__: MARKET_REGIME mode=GREEN reason=avg_cand=4.20 avg_cand_recent=4.20
2026-02-26 18:09:34,819 [INFO] [u_station_ab_night_autotune_v1] trading.auto_trader: AutoTrade skip token=FELIX reason=excluded_symbol
2026-02-26 18:09:34,822 [INFO] [u_station_ab_night_autotune_v1] trading.auto_trader: AutoTrade adjust token=VIRTUAL reason=min_trade_floor size=$0.02->$0.10 min=$0.10
2026-02-26 18:09:34,822 [INFO] [u_station_ab_night_autotune_v1] trading.auto_trader: AutoTrade skip token=VIRTUAL reason=ev_net_low expected_net=$-0.00987 min=$-0.00227 samples=23 conf=1.00 pwin=0.30 avg_win=$0.0097 avg_loss=$0.0177 kelly=0.000 mem=sparse trades=0<4
2026-02-26 18:09:34,823 [INFO] [u_station_ab_night_autotune_v1] trading.auto_trader: AutoTrade batch mode=top_n candidates=2 eligible=2 selected=2 opened=0 pe=off burst_window=0
2026-02-26 18:09:34,824 [INFO] [u_station_ab_night_autotune_v1] __main__: Scanned 4 tokens | High quality: 4 | Alerts sent: 0 | Trade candidates: 4 | Quality out/core/explore/probe: 3/1/2/0 | Opened: 0 | Mode: local | Source: onchain+market | Policy: raw=OK/effective=OK(healthy | route=allow_all) | Regime: GREEN(avg_cand=4.20) | Safety: checked=4 fail_closed=0 reasons=api_code_4029:4 | FiltersTop(session): safe_age:4,source_qos_symbol_cap:2,safe_change_5m:2,safe_volume:2 | Dedup: heavy_skip=0 override=0 | V2Budget: 4/280 | SourceQoS: enabled=1/in=4/out=4/dropped=0/active_cd=0/drops=none | Ingest: q=0/oldest=0.0s/drop_old=0/dedup_skip=0/enq=0/drain=0 | Sources: dex_boosts:ok=1/fail=0/429=0/lim_wait=0/cd_wait=0/err=0.0%/avg=78ms; dexscreener:ok=14/fail=0/429=0/lim_wait=6/cd_wait=0/err=0.0%/avg=103ms; geckoterminal:ok=0/fail=0/429=0/lim_wait=0/cd_wait=0/err=0.0%/avg=0ms; onchain_enrich:ok=4/fail=0/429=0/lim_wait=0/cd_wait=0/err=0.0%/avg=115ms; onchain_weth_price:ok=1/fail=0/429=0/lim_wait=0/cd_wait=0/err=0.0%/avg=52ms | Tasks: 2 | RSS: 0.0MB | CycleAvg: 3.15s
2026-02-26 18:09:39,086 [INFO] [u_station_ab_night_autotune_v1] monitor.onchain_factory: PAIR_DETECTED source=uniswap_v2 dex=uniswap_v2 pair=0x2a70740bca2f8ebd3def90230da849591a7ce7fa token0=0x4200000000000000000000000000000000000006 token1=0xf4b289693176784ebe0f7d0e262627698980963c block=42668208 factory=0x8909dc15e40173ff4699343b6eb8132c65e18ec6
2026-02-26 18:09:39,344 [INFO] [u_station_ab_night_autotune_v1] monitor.onchain_factory: ENRICH_RETRY token=0xfba6244cf59a6fc734d363f4f3c0084f96428ba3 pair=0x539e7b5edd60c3d1fde4ad95bc6b5e67bb416ec5 attempt=1/2 delay=10s
2026-02-26 18:09:39,738 [INFO] [u_station_ab_night_autotune_v1] monitor.onchain_factory: ENRICH_RETRY token=0xf4b289693176784ebe0f7d0e262627698980963c pair=0x2a70740bca2f8ebd3def90230da849591a7ce7fa attempt=1/2 delay=10s
2026-02-26 18:09:49,823 [INFO] [u_station_ab_night_autotune_v1] __main__: WATCHLIST merged count=4
2026-02-26 18:09:49,824 [INFO] [u_station_ab_night_autotune_v1] trading.v2_runtime: V2_UNIVERSE in=6 dedup=6 out=6 target=6 novel_target=6 novel_out=2 repeat_dropped=0 symbol_dropped=0 surge_in=0 surge_target=0 surge_out=0
2026-02-26 18:09:49,825 [INFO] [u_station_ab_night_autotune_v1] __main__: FILTER_PASS token=cbBTC tier=A score=100 mode=GREEN risk=MEDIUM liq=19135777 vol5m=294231
2026-02-26 18:09:49,827 [INFO] [u_station_ab_night_autotune_v1] __main__: FILTER_FAIL token=FANCARD reason=safe_age
2026-02-26 18:09:49,828 [INFO] [u_station_ab_night_autotune_v1] __main__: FILTER_PASS token=FELIX tier=A score=100 mode=GREEN risk=MEDIUM liq=1604264 vol5m=40866
2026-02-26 18:09:49,829 [INFO] [u_station_ab_night_autotune_v1] __main__: FILTER_PASS token=AERO tier=A score=75 mode=GREEN risk=MEDIUM liq=1297119 vol5m=999
2026-02-26 18:09:49,830 [INFO] [u_station_ab_night_autotune_v1] __main__: FILTER_PASS token=VIRTUAL tier=A score=75 mode=GREEN risk=MEDIUM liq=7133569 vol5m=1010
2026-02-26 18:09:49,832 [INFO] [u_station_ab_night_autotune_v1] __main__: FILTER_FAIL token=Gojo reason=score_min score=40 strict_min=48 soft_min=48 mode=GREEN
2026-02-26 18:09:49,833 [INFO] [u_station_ab_night_autotune_v1] __main__: V2_QUALITY_GATE enabled=True regime=GREEN in=4 out=3 core_out=1 explore_out=2 probe_out=0 quota=2 max_symbol_share=0.333 drop={'cooldown_bucket': 1, 'duplicate_address': 3} sources_used={'watchlist': 3}
2026-02-26 18:09:49,836 [INFO] [u_station_ab_night_autotune_v1] __main__: V2_ENTRY_ROUTE enabled=True regime=GREEN in=3 out=2 core_out=1 explore_out=1 quota=1 allow_explore=True
2026-02-26 18:09:49,836 [INFO] [u_station_ab_night_autotune_v1] __main__: MARKET_REGIME mode=GREEN reason=avg_cand=4.18 avg_cand_recent=4.18
2026-02-26 18:09:49,837 [INFO] [u_station_ab_night_autotune_v1] trading.auto_trader: AutoTrade skip token=FELIX reason=excluded_symbol
2026-02-26 18:09:49,838 [INFO] [u_station_ab_night_autotune_v1] trading.auto_trader: AutoTrade adjust token=VIRTUAL reason=min_trade_floor size=$0.02->$0.10 min=$0.10
2026-02-26 18:09:49,839 [INFO] [u_station_ab_night_autotune_v1] trading.auto_trader: AutoTrade skip token=VIRTUAL reason=ev_net_low expected_net=$-0.00987 min=$-0.00227 samples=23 conf=1.00 pwin=0.30 avg_win=$0.0097 avg_loss=$0.0177 kelly=0.000 mem=sparse trades=0<4
2026-02-26 18:09:49,840 [INFO] [u_station_ab_night_autotune_v1] trading.auto_trader: AutoTrade batch mode=top_n candidates=2 eligible=2 selected=2 opened=0 pe=off burst_window=0
2026-02-26 18:09:49,841 [INFO] [u_station_ab_night_autotune_v1] __main__: Scanned 6 tokens | High quality: 4 | Alerts sent: 0 | Trade candidates: 4 | Quality out/core/explore/probe: 3/1/2/0 | Opened: 0 | Mode: local | Source: onchain+market | Policy: raw=OK/effective=OK(healthy | route=allow_all) | Regime: GREEN(avg_cand=4.18) | Safety: checked=4 fail_closed=0 reasons=api_code_4029:4 | FiltersTop(session): safe_age:5,source_qos_symbol_cap:2,safe_change_5m:2,score_min:2 | Dedup: heavy_skip=0 override=0 | V2Budget: 4/280 | SourceQoS: enabled=1/in=6/out=6/dropped=0/active_cd=0/drops=none | Ingest: q=0/oldest=0.0s/drop_old=0/dedup_skip=0/enq=2/drain=2 | Sources: dex_boosts:ok=1/fail=0/429=0/lim_wait=0/cd_wait=0/err=0.0%/avg=41ms; dexscreener:ok=14/fail=0/429=0/lim_wait=0/cd_wait=0/err=0.0%/avg=161ms; onchain_enrich:ok=8/fail=0/429=0/lim_wait=0/cd_wait=0/err=0.0%/avg=99ms | Tasks: 3 | RSS: 0.0MB | CycleAvg: 3.93s
2026-02-26 18:09:54,128 [INFO] [u_station_ab_night_autotune_v1] monitor.onchain_factory: PAIR_DETECTED source=uniswap_v2 dex=uniswap_v2 pair=0xe33cb1d563b7a4e7b33e506b52b9a587de47a58f token0=0x4200000000000000000000000000000000000006 token1=0xe432b5e2e5c588df4223955e1e1f48e6bcf5eb07 block=42668219 factory=0x8909dc15e40173ff4699343b6eb8132c65e18ec6
2026-02-26 18:09:54,355 [INFO] [u_station_ab_night_autotune_v1] monitor.onchain_factory: ENRICH_RETRY token=0xfba6244cf59a6fc734d363f4f3c0084f96428ba3 pair=0x539e7b5edd60c3d1fde4ad95bc6b5e67bb416ec5 attempt=1/2 delay=10s
2026-02-26 18:09:54,388 [INFO] [u_station_ab_night_autotune_v1] monitor.onchain_factory: ENRICH_RETRY token=0xf4b289693176784ebe0f7d0e262627698980963c pair=0x2a70740bca2f8ebd3def90230da849591a7ce7fa attempt=1/2 delay=10s
2026-02-26 18:09:54,618 [INFO] [u_station_ab_night_autotune_v1] monitor.onchain_factory: ENRICH_RETRY token=0xe432b5e2e5c588df4223955e1e1f48e6bcf5eb07 pair=0xe33cb1d563b7a4e7b33e506b52b9a587de47a58f attempt=1/2 delay=10s
2026-02-26 18:10:04,726 [INFO] [u_station_ab_night_autotune_v1] __main__: WATCHLIST merged count=4
2026-02-26 18:10:04,727 [INFO] [u_station_ab_night_autotune_v1] trading.v2_runtime: V2_UNIVERSE in=5 dedup=5 out=5 target=5 novel_target=5 novel_out=1 repeat_dropped=0 symbol_dropped=0 surge_in=0 surge_target=0 surge_out=0
2026-02-26 18:10:04,728 [INFO] [u_station_ab_night_autotune_v1] __main__: FILTER_PASS token=cbBTC tier=A score=100 mode=GREEN risk=MEDIUM liq=19135777 vol5m=294231
2026-02-26 18:10:04,729 [INFO] [u_station_ab_night_autotune_v1] __main__: FILTER_PASS token=FELIX tier=A score=100 mode=GREEN risk=MEDIUM liq=1604264 vol5m=40866
2026-02-26 18:10:04,730 [INFO] [u_station_ab_night_autotune_v1] __main__: FILTER_PASS token=AERO tier=A score=75 mode=GREEN risk=MEDIUM liq=1297119 vol5m=999
2026-02-26 18:10:04,732 [INFO] [u_station_ab_night_autotune_v1] __main__: FILTER_PASS token=VIRTUAL tier=A score=75 mode=GREEN risk=MEDIUM liq=7133569 vol5m=1010
2026-02-26 18:10:04,734 [INFO] [u_station_ab_night_autotune_v1] __main__: FILTER_FAIL token=KRAD reason=score_min score=30 strict_min=48 soft_min=48 mode=GREEN
2026-02-26 18:10:04,735 [INFO] [u_station_ab_night_autotune_v1] __main__: V2_QUALITY_GATE enabled=True regime=GREEN in=4 out=3 core_out=1 explore_out=2 probe_out=0 quota=2 max_symbol_share=0.333 drop={'cooldown_bucket': 1, 'duplicate_address': 3} sources_used={'watchlist': 3}
2026-02-26 18:10:04,737 [INFO] [u_station_ab_night_autotune_v1] __main__: V2_ENTRY_ROUTE enabled=True regime=GREEN in=3 out=2 core_out=1 explore_out=1 quota=1 allow_explore=True
2026-02-26 18:10:04,738 [INFO] [u_station_ab_night_autotune_v1] __main__: MARKET_REGIME mode=GREEN reason=avg_cand=4.17 avg_cand_recent=4.17
2026-02-26 18:10:04,739 [INFO] [u_station_ab_night_autotune_v1] trading.auto_trader: AutoTrade skip token=FELIX reason=excluded_symbol
2026-02-26 18:10:04,740 [INFO] [u_station_ab_night_autotune_v1] trading.auto_trader: AutoTrade adjust token=VIRTUAL reason=min_trade_floor size=$0.02->$0.10 min=$0.10
2026-02-26 18:10:04,742 [INFO] [u_station_ab_night_autotune_v1] trading.auto_trader: AutoTrade skip token=VIRTUAL reason=ev_net_low expected_net=$-0.00987 min=$-0.00227 samples=23 conf=1.00 pwin=0.30 avg_win=$0.0097 avg_loss=$0.0177 kelly=0.000 mem=sparse trades=0<4
2026-02-26 18:10:04,743 [INFO] [u_station_ab_night_autotune_v1] trading.auto_trader: AutoTrade batch mode=top_n candidates=2 eligible=2 selected=2 opened=0 pe=off burst_window=0
2026-02-26 18:10:04,744 [INFO] [u_station_ab_night_autotune_v1] __main__: Scanned 5 tokens | High quality: 4 | Alerts sent: 0 | Trade candidates: 4 | Quality out/core/explore/probe: 3/1/2/0 | Opened: 0 | Mode: local | Source: onchain+market | Policy: raw=OK/effective=OK(healthy | route=allow_all) | Regime: GREEN(avg_cand=4.17) | Safety: checked=4 fail_closed=0 reasons=api_code_4029:4 | FiltersTop(session): safe_age:5,score_min:3,source_qos_symbol_cap:2,safe_change_5m:2 | Dedup: heavy_skip=0 override=0 | V2Budget: 4/280 | SourceQoS: enabled=1/in=5/out=5/dropped=0/active_cd=0/drops=none | Ingest: q=0/oldest=0.0s/drop_old=0/dedup_skip=0/enq=0/drain=0 | Sources: dex_boosts:ok=1/fail=0/429=0/lim_wait=0/cd_wait=0/err=0.0%/avg=48ms; dexscreener:ok=14/fail=0/429=0/lim_wait=0/cd_wait=0/err=0.0%/avg=42ms; onchain_enrich:ok=11/fail=0/429=0/lim_wait=0/cd_wait=0/err=0.0%/avg=78ms | Tasks: 3 | RSS: 0.0MB | CycleAvg: 4.57s
2026-02-26 18:10:09,255 [INFO] [u_station_ab_night_autotune_v1] monitor.onchain_factory: ENRICH_RETRY token=0xf4b289693176784ebe0f7d0e262627698980963c pair=0x2a70740bca2f8ebd3def90230da849591a7ce7fa attempt=1/2 delay=10s
2026-02-26 18:10:09,261 [INFO] [u_station_ab_night_autotune_v1] monitor.onchain_factory: ENRICH_RETRY token=0xe432b5e2e5c588df4223955e1e1f48e6bcf5eb07 pair=0xe33cb1d563b7a4e7b33e506b52b9a587de47a58f attempt=1/2 delay=10s
2026-02-26 18:10:19,637 [INFO] [u_station_ab_night_autotune_v1] __main__: WATCHLIST merged count=4
2026-02-26 18:10:19,637 [INFO] [u_station_ab_night_autotune_v1] trading.v2_runtime: V2_UNIVERSE in=5 dedup=5 out=5 target=5 novel_target=5 novel_out=1 repeat_dropped=0 symbol_dropped=0 surge_in=0 surge_target=0 surge_out=0
2026-02-26 18:10:19,637 [INFO] [u_station_ab_night_autotune_v1] __main__: FILTER_PASS token=cbBTC tier=A score=100 mode=GREEN risk=MEDIUM liq=19135777 vol5m=294231
2026-02-26 18:10:19,637 [INFO] [u_station_ab_night_autotune_v1] __main__: FILTER_PASS token=FELIX tier=A score=100 mode=GREEN risk=MEDIUM liq=1604264 vol5m=40866
2026-02-26 18:10:19,637 [INFO] [u_station_ab_night_autotune_v1] __main__: FILTER_PASS token=AERO tier=A score=75 mode=GREEN risk=MEDIUM liq=1297119 vol5m=999
2026-02-26 18:10:19,637 [INFO] [u_station_ab_night_autotune_v1] __main__: FILTER_PASS token=VIRTUAL tier=A score=75 mode=GREEN risk=MEDIUM liq=7133569 vol5m=1010
2026-02-26 18:10:19,643 [INFO] [u_station_ab_night_autotune_v1] __main__: FILTER_FAIL token=CHARLES reason=score_min score=40 strict_min=48 soft_min=48 mode=GREEN
2026-02-26 18:10:19,645 [INFO] [u_station_ab_night_autotune_v1] __main__: V2_QUALITY_GATE enabled=True regime=GREEN in=4 out=3 core_out=1 explore_out=2 probe_out=0 quota=2 max_symbol_share=0.333 drop={'cooldown_bucket': 1, 'duplicate_address': 3} sources_used={'watchlist': 3}
2026-02-26 18:10:19,647 [INFO] [u_station_ab_night_autotune_v1] __main__: V2_ENTRY_ROUTE enabled=True regime=GREEN in=3 out=2 core_out=1 explore_out=1 quota=1 allow_explore=True
2026-02-26 18:10:19,648 [INFO] [u_station_ab_night_autotune_v1] __main__: MARKET_REGIME mode=GREEN reason=avg_cand=4.00 avg_cand_recent=4.00
2026-02-26 18:10:19,649 [INFO] [u_station_ab_night_autotune_v1] trading.auto_trader: AutoTrade skip token=FELIX reason=excluded_symbol
2026-02-26 18:10:19,676 [INFO] [u_station_ab_night_autotune_v1] trading.auto_trader: AutoTrade adjust token=VIRTUAL reason=min_trade_floor size=$0.02->$0.10 min=$0.10
2026-02-26 18:10:19,676 [INFO] [u_station_ab_night_autotune_v1] trading.auto_trader: AutoTrade skip token=VIRTUAL reason=ev_net_low expected_net=$-0.00987 min=$-0.00227 samples=23 conf=1.00 pwin=0.30 avg_win=$0.0097 avg_loss=$0.0177 kelly=0.000 mem=sparse trades=0<4
2026-02-26 18:10:19,676 [INFO] [u_station_ab_night_autotune_v1] trading.auto_trader: AutoTrade batch mode=top_n candidates=2 eligible=2 selected=2 opened=0 pe=off burst_window=0
2026-02-26 18:10:19,676 [INFO] [u_station_ab_night_autotune_v1] __main__: Scanned 5 tokens | High quality: 4 | Alerts sent: 0 | Trade candidates: 4 | Quality out/core/explore/probe: 3/1/2/0 | Opened: 0 | Mode: local | Source: onchain+market | Policy: raw=OK/effective=OK(healthy | route=allow_all) | Regime: GREEN(avg_cand=4.00) | Safety: checked=4 fail_closed=0 reasons=api_code_4029:4 | FiltersTop(session): safe_age:5,score_min:4,source_qos_symbol_cap:2,safe_change_5m:2 | Dedup: heavy_skip=0 override=0 | V2Budget: 4/280 | SourceQoS: enabled=1/in=5/out=5/dropped=0/active_cd=0/drops=none | Ingest: q=0/oldest=0.0s/drop_old=0/dedup_skip=0/enq=0/drain=0 | Sources: dex_boosts:ok=1/fail=0/429=0/lim_wait=0/cd_wait=0/err=0.0%/avg=35ms; dexscreener:ok=14/fail=0/429=0/lim_wait=0/cd_wait=0/err=0.0%/avg=85ms; onchain_enrich:ok=7/fail=0/429=0/lim_wait=0/cd_wait=0/err=0.0%/avg=86ms | Tasks: 3 | RSS: 0.0MB | CycleAvg: 5.10s
2026-02-26 18:10:23,953 [INFO] [u_station_ab_night_autotune_v1] monitor.onchain_factory: PAIR_DETECTED source=uniswap_v2 dex=uniswap_v2 pair=0xbb1cb4059b28e21f22b8b3f17121ff1078740bda token0=0x4200000000000000000000000000000000000006 token1=0x5d33c2ddeb848165bcc137074926e56930235129 block=42668235 factory=0x8909dc15e40173ff4699343b6eb8132c65e18ec6
2026-02-26 18:10:24,174 [INFO] [u_station_ab_night_autotune_v1] monitor.onchain_factory: ENRICH_RETRY token=0xe432b5e2e5c588df4223955e1e1f48e6bcf5eb07 pair=0xe33cb1d563b7a4e7b33e506b52b9a587de47a58f attempt=1/2 delay=10s
2026-02-26 18:10:24,588 [INFO] [u_station_ab_night_autotune_v1] monitor.onchain_factory: ENRICH_RETRY token=0x5d33c2ddeb848165bcc137074926e56930235129 pair=0xbb1cb4059b28e21f22b8b3f17121ff1078740bda attempt=1/2 delay=10s
2026-02-26 18:10:34,666 [INFO] [u_station_ab_night_autotune_v1] __main__: WATCHLIST merged count=4
2026-02-26 18:10:34,666 [INFO] [u_station_ab_night_autotune_v1] trading.v2_runtime: V2_UNIVERSE in=5 dedup=5 out=5 target=5 novel_target=5 novel_out=1 repeat_dropped=0 symbol_dropped=0 surge_in=0 surge_target=0 surge_out=0
2026-02-26 18:10:34,671 [INFO] [u_station_ab_night_autotune_v1] __main__: FILTER_PASS token=cbBTC tier=A score=100 mode=GREEN risk=MEDIUM liq=19135777 vol5m=294231
2026-02-26 18:10:34,671 [INFO] [u_station_ab_night_autotune_v1] __main__: FILTER_FAIL token=ELONGORK reason=score_min score=40 strict_min=48 soft_min=48 mode=GREEN
2026-02-26 18:10:34,671 [INFO] [u_station_ab_night_autotune_v1] __main__: FILTER_PASS token=FELIX tier=A score=100 mode=GREEN risk=MEDIUM liq=1604264 vol5m=40866
2026-02-26 18:10:34,671 [INFO] [u_station_ab_night_autotune_v1] __main__: FILTER_PASS token=AERO tier=A score=75 mode=GREEN risk=MEDIUM liq=1297119 vol5m=999
2026-02-26 18:10:34,677 [INFO] [u_station_ab_night_autotune_v1] __main__: FILTER_PASS token=VIRTUAL tier=A score=75 mode=GREEN risk=MEDIUM liq=7133569 vol5m=1010
2026-02-26 18:10:34,677 [INFO] [u_station_ab_night_autotune_v1] __main__: V2_QUALITY_GATE enabled=True regime=GREEN in=4 out=3 core_out=1 explore_out=2 probe_out=0 quota=2 max_symbol_share=0.333 drop={'cooldown_bucket': 1, 'duplicate_address': 3} sources_used={'watchlist': 3}
2026-02-26 18:10:34,682 [INFO] [u_station_ab_night_autotune_v1] __main__: V2_ENTRY_ROUTE enabled=True regime=GREEN in=3 out=2 core_out=1 explore_out=1 quota=1 allow_explore=True
2026-02-26 18:10:34,683 [INFO] [u_station_ab_night_autotune_v1] __main__: MARKET_REGIME mode=GREEN reason=avg_cand=4.00 avg_cand_recent=4.00
2026-02-26 18:10:34,683 [INFO] [u_station_ab_night_autotune_v1] trading.auto_trader: AutoTrade skip token=FELIX reason=excluded_symbol
2026-02-26 18:10:34,683 [INFO] [u_station_ab_night_autotune_v1] trading.auto_trader: AutoTrade adjust token=VIRTUAL reason=min_trade_floor size=$0.02->$0.10 min=$0.10
2026-02-26 18:10:34,683 [INFO] [u_station_ab_night_autotune_v1] trading.auto_trader: AutoTrade skip token=VIRTUAL reason=ev_net_low expected_net=$-0.00987 min=$-0.00227 samples=23 conf=1.00 pwin=0.30 avg_win=$0.0097 avg_loss=$0.0177 kelly=0.000 mem=sparse trades=0<4
2026-02-26 18:10:34,683 [INFO] [u_station_ab_night_autotune_v1] trading.auto_trader: AutoTrade batch mode=top_n candidates=2 eligible=2 selected=2 opened=0 pe=off burst_window=0
2026-02-26 18:10:34,688 [INFO] [u_station_ab_night_autotune_v1] trading.auto_trader: PAPER_SUMMARY window=60s closed_delta=0 wins_delta=0 losses_delta=0 realized_delta=$0.00 total_closed=54 winrate_total=38.9% realized_total=$0.64 balance=$7.64 equity=$7.64 open=0
2026-02-26 18:10:34,688 [INFO] [u_station_ab_night_autotune_v1] __main__: Scanned 5 tokens | High quality: 4 | Alerts sent: 0 | Trade candidates: 4 | Quality out/core/explore/probe: 3/1/2/0 | Opened: 0 | Mode: local | Source: onchain+market | Policy: raw=OK/effective=OK(healthy | route=allow_all) | Regime: GREEN(avg_cand=4.00) | Safety: checked=4 fail_closed=0 reasons=api_code_4029:4 | FiltersTop(session): safe_age:5,score_min:5,source_qos_symbol_cap:2,safe_change_5m:2 | Dedup: heavy_skip=0 override=0 | V2Budget: 4/280 | SourceQoS: enabled=1/in=5/out=5/dropped=0/active_cd=0/drops=none | Ingest: q=0/oldest=0.0s/drop_old=0/dedup_skip=0/enq=0/drain=0 | Sources: dex_boosts:ok=1/fail=0/429=0/lim_wait=0/cd_wait=0/err=0.0%/avg=42ms; dexscreener:ok=14/fail=0/429=0/lim_wait=0/cd_wait=0/err=0.0%/avg=115ms; onchain_enrich:ok=7/fail=0/429=0/lim_wait=0/cd_wait=0/err=0.0%/avg=117ms | Tasks: 3 | RSS: 0.0MB | CycleAvg: 5.55s
2026-02-26 18:10:39,203 [INFO] [u_station_ab_night_autotune_v1] monitor.onchain_factory: ENRICH_RETRY token=0x5d33c2ddeb848165bcc137074926e56930235129 pair=0xbb1cb4059b28e21f22b8b3f17121ff1078740bda attempt=1/2 delay=10s
2026-02-26 18:10:49,329 [INFO] [u_station_ab_night_autotune_v1] __main__: WATCHLIST merged count=4
2026-02-26 18:10:49,329 [INFO] [u_station_ab_night_autotune_v1] trading.v2_runtime: V2_UNIVERSE in=4 dedup=4 out=4 target=4 novel_target=4 novel_out=0 repeat_dropped=0 symbol_dropped=0 surge_in=0 surge_target=0 surge_out=0
2026-02-26 18:10:49,329 [INFO] [u_station_ab_night_autotune_v1] __main__: FILTER_PASS token=cbBTC tier=A score=100 mode=GREEN risk=MEDIUM liq=19135777 vol5m=294231
2026-02-26 18:10:49,329 [INFO] [u_station_ab_night_autotune_v1] __main__: FILTER_PASS token=FELIX tier=A score=100 mode=GREEN risk=MEDIUM liq=1604264 vol5m=40866
2026-02-26 18:10:49,329 [INFO] [u_station_ab_night_autotune_v1] __main__: FILTER_PASS token=AERO tier=A score=75 mode=GREEN risk=MEDIUM liq=1297119 vol5m=999
2026-02-26 18:10:49,329 [INFO] [u_station_ab_night_autotune_v1] __main__: FILTER_PASS token=VIRTUAL tier=A score=75 mode=GREEN risk=MEDIUM liq=7133569 vol5m=1010
2026-02-26 18:10:49,329 [INFO] [u_station_ab_night_autotune_v1] __main__: V2_QUALITY_GATE enabled=True regime=GREEN in=4 out=4 core_out=1 explore_out=3 probe_out=1 quota=3 max_symbol_share=0.250 drop={'source_budget': 1, 'duplicate_address': 3} sources_used={'watchlist': 4}
2026-02-26 18:10:49,329 [INFO] [u_station_ab_night_autotune_v1] __main__: V2_ENTRY_ROUTE enabled=True regime=GREEN in=4 out=3 core_out=1 explore_out=2 quota=2 allow_explore=True
2026-02-26 18:10:49,345 [INFO] [u_station_ab_night_autotune_v1] __main__: MARKET_REGIME mode=GREEN reason=avg_cand=4.00 avg_cand_recent=4.00
2026-02-26 18:10:49,345 [INFO] [u_station_ab_night_autotune_v1] trading.auto_trader: AutoTrade skip token=cbBTC reason=symbol_cooldown_left_126s
2026-02-26 18:10:49,345 [INFO] [u_station_ab_night_autotune_v1] trading.auto_trader: AutoTrade skip token=FELIX reason=excluded_symbol
2026-02-26 18:10:49,345 [INFO] [u_station_ab_night_autotune_v1] trading.auto_trader: AutoTrade adjust token=VIRTUAL reason=min_trade_floor size=$0.02->$0.10 min=$0.10
2026-02-26 18:10:49,345 [INFO] [u_station_ab_night_autotune_v1] trading.auto_trader: AutoTrade skip token=VIRTUAL reason=ev_net_low expected_net=$-0.00987 min=$-0.00227 samples=23 conf=1.00 pwin=0.30 avg_win=$0.0097 avg_loss=$0.0177 kelly=0.000 mem=sparse trades=0<4
2026-02-26 18:10:49,345 [INFO] [u_station_ab_night_autotune_v1] trading.auto_trader: AutoTrade batch mode=top_n candidates=3 eligible=3 selected=3 opened=0 pe=off burst_window=0
2026-02-26 18:10:49,345 [INFO] [u_station_ab_night_autotune_v1] __main__: Scanned 4 tokens | High quality: 4 | Alerts sent: 0 | Trade candidates: 4 | Quality out/core/explore/probe: 4/1/3/1 | Opened: 0 | Mode: local | Source: onchain+market | Policy: raw=OK/effective=OK(healthy | route=allow_all) | Regime: GREEN(avg_cand=4.00) | Safety: checked=4 fail_closed=0 reasons=api_code_4029:4 | FiltersTop(session): safe_age:5,score_min:5,source_qos_symbol_cap:2,safe_change_5m:2 | Dedup: heavy_skip=0 override=0 | V2Budget: 4/280 | SourceQoS: enabled=1/in=4/out=4/dropped=0/active_cd=0/drops=none | Ingest: q=0/oldest=0.0s/drop_old=0/dedup_skip=0/enq=0/drain=0 | Sources: dex_boosts:ok=1/fail=0/429=0/lim_wait=0/cd_wait=0/err=0.0%/avg=36ms; dexscreener:ok=14/fail=0/429=0/lim_wait=0/cd_wait=0/err=0.0%/avg=40ms; onchain_enrich:ok=4/fail=0/429=0/lim_wait=0/cd_wait=0/err=0.0%/avg=35ms; onchain_weth_price:ok=1/fail=0/429=0/lim_wait=0/cd_wait=0/err=0.0%/avg=57ms | Tasks: 3 | RSS: 0.0MB | CycleAvg: 5.94s
2026-02-26 18:10:53,822 [INFO] [u_station_ab_night_autotune_v1] monitor.onchain_factory: ENRICH_RETRY token=0x5d33c2ddeb848165bcc137074926e56930235129 pair=0xbb1cb4059b28e21f22b8b3f17121ff1078740bda attempt=1/2 delay=10s
2026-02-26 18:11:03,953 [INFO] [u_station_ab_night_autotune_v1] __main__: WATCHLIST merged count=4
2026-02-26 18:11:03,953 [INFO] [u_station_ab_night_autotune_v1] trading.v2_runtime: V2_UNIVERSE in=10 dedup=10 out=10 target=10 novel_target=9 novel_out=3 repeat_dropped=0 symbol_dropped=0 surge_in=1 surge_target=1 surge_out=1
2026-02-26 18:11:03,953 [INFO] [u_station_ab_night_autotune_v1] __main__: FILTER_FAIL token=NOODLE reason=safe_age
2026-02-26 18:11:03,953 [INFO] [u_station_ab_night_autotune_v1] __main__: FILTER_PASS token=cbBTC tier=A score=100 mode=GREEN risk=MEDIUM liq=19135777 vol5m=294231
2026-02-26 18:11:03,953 [INFO] [u_station_ab_night_autotune_v1] __main__: FILTER_PASS token=FELIX tier=A score=100 mode=GREEN risk=MEDIUM liq=1604264 vol5m=40866
2026-02-26 18:11:03,970 [INFO] [u_station_ab_night_autotune_v1] __main__: FILTER_FAIL token=KRAD reason=score_min score=30 strict_min=48 soft_min=48 mode=GREEN
2026-02-26 18:11:03,970 [INFO] [u_station_ab_night_autotune_v1] __main__: FILTER_PASS token=AERO tier=A score=75 mode=GREEN risk=MEDIUM liq=1297119 vol5m=999
2026-02-26 18:11:03,970 [INFO] [u_station_ab_night_autotune_v1] __main__: FILTER_PASS token=VIRTUAL tier=A score=75 mode=GREEN risk=MEDIUM liq=7133569 vol5m=1010
2026-02-26 18:11:03,970 [INFO] [u_station_ab_night_autotune_v1] __main__: FILTER_FAIL token=DAWG reason=safe_volume vol5m=2 min=5 regime=GREEN
2026-02-26 18:11:03,970 [INFO] [u_station_ab_night_autotune_v1] __main__: FILTER_FAIL token=POKEPULL reason=safe_volume vol5m=0 min=5 regime=GREEN
2026-02-26 18:11:03,970 [INFO] [u_station_ab_night_autotune_v1] __main__: FILTER_FAIL token=CHARLES reason=safe_volume vol5m=0 min=5 regime=GREEN
2026-02-26 18:11:03,970 [INFO] [u_station_ab_night_autotune_v1] __main__: FILTER_FAIL token=ELONGORK reason=score_min score=40 strict_min=48 soft_min=48 mode=GREEN
2026-02-26 18:11:03,970 [INFO] [u_station_ab_night_autotune_v1] __main__: V2_QUALITY_GATE enabled=True regime=GREEN in=4 out=3 core_out=1 explore_out=2 probe_out=0 quota=2 max_symbol_share=0.333 drop={'cooldown_bucket': 1, 'duplicate_address': 3} sources_used={'watchlist': 3}
2026-02-26 18:11:03,970 [INFO] [u_station_ab_night_autotune_v1] __main__: V2_ENTRY_ROUTE enabled=True regime=GREEN in=3 out=2 core_out=1 explore_out=1 quota=1 allow_explore=True
2026-02-26 18:11:03,970 [INFO] [u_station_ab_night_autotune_v1] __main__: MARKET_REGIME mode=GREEN reason=avg_cand=4.00 avg_cand_recent=4.00
2026-02-26 18:11:03,970 [INFO] [u_station_ab_night_autotune_v1] trading.auto_trader: AutoTrade skip token=FELIX reason=excluded_symbol
2026-02-26 18:11:03,970 [INFO] [u_station_ab_night_autotune_v1] trading.auto_trader: AutoTrade adjust token=VIRTUAL reason=min_trade_floor size=$0.02->$0.10 min=$0.10
2026-02-26 18:11:03,985 [INFO] [u_station_ab_night_autotune_v1] trading.auto_trader: AutoTrade skip token=VIRTUAL reason=ev_net_low expected_net=$-0.00987 min=$-0.00227 samples=23 conf=1.00 pwin=0.30 avg_win=$0.0097 avg_loss=$0.0177 kelly=0.000 mem=sparse trades=0<4
2026-02-26 18:11:03,985 [INFO] [u_station_ab_night_autotune_v1] trading.auto_trader: AutoTrade batch mode=top_n candidates=2 eligible=2 selected=2 opened=0 pe=off burst_window=0
2026-02-26 18:11:03,985 [INFO] [u_station_ab_night_autotune_v1] __main__: Scanned 10 tokens | High quality: 5 | Alerts sent: 0 | Trade candidates: 4 | Quality out/core/explore/probe: 3/1/2/0 | Opened: 0 | Mode: local | Source: onchain+market | Policy: raw=OK/effective=OK(healthy | route=allow_all) | Regime: GREEN(avg_cand=4.00) | Safety: checked=4 fail_closed=0 reasons=api_code_4029:4 | FiltersTop(session): score_min:7,safe_age:6,safe_volume:5,source_qos_symbol_cap:2 | Dedup: heavy_skip=0 override=0 | V2Budget: 4/280 | SourceQoS: enabled=1/in=10/out=10/dropped=0/active_cd=0/drops=none | Ingest: q=0/oldest=0.0s/drop_old=0/dedup_skip=0/enq=5/drain=5 | Sources: dex_boosts:ok=1/fail=0/429=0/lim_wait=0/cd_wait=0/err=0.0%/avg=52ms; dexscreener:ok=14/fail=0/429=0/lim_wait=0/cd_wait=0/err=0.0%/avg=116ms; geckoterminal:ok=1/fail=0/429=0/lim_wait=0/cd_wait=0/err=0.0%/avg=258ms; onchain_enrich:ok=3/fail=0/429=0/lim_wait=0/cd_wait=0/err=0.0%/avg=74ms | Tasks: 3 | RSS: 0.0MB | CycleAvg: 6.25s
2026-02-26 18:11:08,469 [INFO] [u_station_ab_night_autotune_v1] __main__: WATCHLIST merged count=4
2026-02-26 18:11:08,469 [INFO] [u_station_ab_night_autotune_v1] trading.v2_runtime: V2_UNIVERSE in=4 dedup=4 out=4 target=4 novel_target=4 novel_out=0 repeat_dropped=0 symbol_dropped=0 surge_in=0 surge_target=0 surge_out=0
2026-02-26 18:11:08,469 [INFO] [u_station_ab_night_autotune_v1] __main__: FILTER_PASS token=cbBTC tier=A score=100 mode=GREEN risk=MEDIUM liq=19135777 vol5m=294231
2026-02-26 18:11:08,469 [INFO] [u_station_ab_night_autotune_v1] __main__: FILTER_PASS token=FELIX tier=A score=100 mode=GREEN risk=MEDIUM liq=1604264 vol5m=40866
2026-02-26 18:11:08,485 [INFO] [u_station_ab_night_autotune_v1] __main__: FILTER_PASS token=AERO tier=A score=75 mode=GREEN risk=MEDIUM liq=1297119 vol5m=999
2026-02-26 18:11:08,485 [INFO] [u_station_ab_night_autotune_v1] __main__: FILTER_PASS token=VIRTUAL tier=A score=75 mode=GREEN risk=MEDIUM liq=7133569 vol5m=1010
2026-02-26 18:11:08,485 [INFO] [u_station_ab_night_autotune_v1] __main__: V2_QUALITY_GATE enabled=True regime=GREEN in=4 out=3 core_out=1 explore_out=2 probe_out=0 quota=2 max_symbol_share=0.333 drop={'cooldown_bucket': 1, 'duplicate_address': 3} sources_used={'watchlist': 3}
2026-02-26 18:11:08,485 [INFO] [u_station_ab_night_autotune_v1] __main__: V2_ENTRY_ROUTE enabled=True regime=GREEN in=3 out=2 core_out=1 explore_out=1 quota=1 allow_explore=True
2026-02-26 18:11:08,485 [INFO] [u_station_ab_night_autotune_v1] __main__: MARKET_REGIME mode=GREEN reason=avg_cand=4.00 avg_cand_recent=4.00
2026-02-26 18:11:08,485 [INFO] [u_station_ab_night_autotune_v1] trading.auto_trader: AutoTrade skip token=FELIX reason=excluded_symbol
2026-02-26 18:11:08,485 [INFO] [u_station_ab_night_autotune_v1] trading.auto_trader: AutoTrade adjust token=VIRTUAL reason=min_trade_floor size=$0.02->$0.10 min=$0.10
2026-02-26 18:11:08,500 [INFO] [u_station_ab_night_autotune_v1] trading.auto_trader: AutoTrade skip token=VIRTUAL reason=ev_net_low expected_net=$-0.00987 min=$-0.00227 samples=23 conf=1.00 pwin=0.30 avg_win=$0.0097 avg_loss=$0.0177 kelly=0.000 mem=sparse trades=0<4
2026-02-26 18:11:08,500 [INFO] [u_station_ab_night_autotune_v1] trading.auto_trader: AutoTrade batch mode=top_n candidates=2 eligible=2 selected=2 opened=0 pe=off burst_window=0
2026-02-26 18:11:08,500 [INFO] [u_station_ab_night_autotune_v1] __main__: Scanned 4 tokens | High quality: 4 | Alerts sent: 0 | Trade candidates: 4 | Quality out/core/explore/probe: 3/1/2/0 | Opened: 0 | Mode: local | Source: onchain+market | Policy: raw=OK/effective=OK(healthy | route=allow_all) | Regime: GREEN(avg_cand=4.00) | Safety: checked=4 fail_closed=0 reasons=api_code_4029:4 | FiltersTop(session): score_min:7,safe_age:6,safe_volume:5,source_qos_symbol_cap:2 | Dedup: heavy_skip=0 override=0 | V2Budget: 4/280 | SourceQoS: enabled=1/in=4/out=4/dropped=0/active_cd=0/drops=none | Ingest: q=0/oldest=0.0s/drop_old=0/dedup_skip=0/enq=0/drain=0 | Sources: dex_boosts:ok=1/fail=0/429=0/lim_wait=0/cd_wait=0/err=0.0%/avg=40ms; dexscreener:ok=14/fail=0/429=0/lim_wait=0/cd_wait=0/err=0.0%/avg=114ms | Tasks: 3 | RSS: 0.0MB | CycleAvg: 6.53s
2026-02-26 18:11:12,914 [INFO] [u_station_ab_night_autotune_v1] __main__: WATCHLIST merged count=4
2026-02-26 18:11:12,915 [INFO] [u_station_ab_night_autotune_v1] trading.v2_runtime: V2_UNIVERSE in=4 dedup=4 out=4 target=4 novel_target=4 novel_out=0 repeat_dropped=0 symbol_dropped=0 surge_in=0 surge_target=0 surge_out=0
2026-02-26 18:11:12,916 [INFO] [u_station_ab_night_autotune_v1] __main__: FILTER_PASS token=cbBTC tier=A score=100 mode=GREEN risk=MEDIUM liq=19135777 vol5m=294231
2026-02-26 18:11:12,917 [INFO] [u_station_ab_night_autotune_v1] __main__: FILTER_PASS token=FELIX tier=A score=100 mode=GREEN risk=MEDIUM liq=1604264 vol5m=40866
2026-02-26 18:11:12,919 [INFO] [u_station_ab_night_autotune_v1] __main__: FILTER_PASS token=AERO tier=A score=75 mode=GREEN risk=MEDIUM liq=1297119 vol5m=999
2026-02-26 18:11:12,920 [INFO] [u_station_ab_night_autotune_v1] __main__: FILTER_PASS token=VIRTUAL tier=A score=75 mode=GREEN risk=MEDIUM liq=7133569 vol5m=1010
2026-02-26 18:11:12,923 [INFO] [u_station_ab_night_autotune_v1] __main__: V2_QUALITY_GATE enabled=True regime=GREEN in=4 out=3 core_out=1 explore_out=2 probe_out=0 quota=2 max_symbol_share=0.333 drop={'cooldown_bucket': 1, 'duplicate_address': 3} sources_used={'watchlist': 3}
2026-02-26 18:11:12,926 [INFO] [u_station_ab_night_autotune_v1] __main__: V2_ENTRY_ROUTE enabled=True regime=GREEN in=3 out=2 core_out=1 explore_out=1 quota=1 allow_explore=True
2026-02-26 18:11:12,926 [INFO] [u_station_ab_night_autotune_v1] __main__: MARKET_REGIME mode=GREEN reason=avg_cand=4.00 avg_cand_recent=4.00
2026-02-26 18:11:12,927 [INFO] [u_station_ab_night_autotune_v1] trading.auto_trader: AutoTrade skip token=FELIX reason=excluded_symbol
2026-02-26 18:11:12,929 [INFO] [u_station_ab_night_autotune_v1] trading.auto_trader: AutoTrade adjust token=VIRTUAL reason=min_trade_floor size=$0.02->$0.10 min=$0.10
2026-02-26 18:11:12,929 [INFO] [u_station_ab_night_autotune_v1] trading.auto_trader: AutoTrade skip token=VIRTUAL reason=ev_net_low expected_net=$-0.00987 min=$-0.00227 samples=23 conf=1.00 pwin=0.30 avg_win=$0.0097 avg_loss=$0.0177 kelly=0.000 mem=sparse trades=0<4
2026-02-26 18:11:12,931 [INFO] [u_station_ab_night_autotune_v1] trading.auto_trader: AutoTrade batch mode=top_n candidates=2 eligible=2 selected=2 opened=0 pe=off burst_window=0
2026-02-26 18:11:12,932 [INFO] [u_station_ab_night_autotune_v1] __main__: Scanned 4 tokens | High quality: 4 | Alerts sent: 0 | Trade candidates: 4 | Quality out/core/explore/probe: 3/1/2/0 | Opened: 0 | Mode: local | Source: onchain+market | Policy: raw=OK/effective=OK(healthy | route=allow_all) | Regime: GREEN(avg_cand=4.00) | Safety: checked=4 fail_closed=0 reasons=api_code_4029:4 | FiltersTop(session): score_min:7,safe_age:6,safe_volume:5,source_qos_symbol_cap:2 | Dedup: heavy_skip=0 override=0 | V2Budget: 4/280 | SourceQoS: enabled=1/in=4/out=4/dropped=0/active_cd=0/drops=none | Ingest: q=0/oldest=0.0s/drop_old=0/dedup_skip=0/enq=0/drain=0 | Sources: dex_boosts:ok=1/fail=0/429=0/lim_wait=0/cd_wait=0/err=0.0%/avg=48ms; dexscreener:ok=14/fail=0/429=0/lim_wait=0/cd_wait=0/err=0.0%/avg=45ms | Tasks: 3 | RSS: 0.0MB | CycleAvg: 6.17s
2026-02-26 18:11:17,203 [INFO] [u_station_ab_night_autotune_v1] monitor.onchain_factory: PAIR_DETECTED source=uniswap_v2 dex=uniswap_v2 pair=0x229e8d64864722391ebf6701ae85e5ef933953cf token0=0x4200000000000000000000000000000000000006 token1=0xdaef2ee4288bc5b226cd9e7f788ed4bf7fde8ba3 block=42668262 factory=0x8909dc15e40173ff4699343b6eb8132c65e18ec6
2026-02-26 18:11:17,640 [INFO] [u_station_ab_night_autotune_v1] monitor.onchain_factory: ENRICH_RETRY token=0xdaef2ee4288bc5b226cd9e7f788ed4bf7fde8ba3 pair=0x229e8d64864722391ebf6701ae85e5ef933953cf attempt=1/2 delay=10s
2026-02-26 18:11:27,739 [INFO] [u_station_ab_night_autotune_v1] __main__: WATCHLIST merged count=4
2026-02-26 18:11:27,739 [INFO] [u_station_ab_night_autotune_v1] trading.v2_runtime: V2_UNIVERSE in=4 dedup=4 out=4 target=4 novel_target=4 novel_out=0 repeat_dropped=0 symbol_dropped=0 surge_in=0 surge_target=0 surge_out=0
2026-02-26 18:11:27,740 [INFO] [u_station_ab_night_autotune_v1] __main__: FILTER_PASS token=cbBTC tier=A score=100 mode=GREEN risk=MEDIUM liq=19135777 vol5m=294231
2026-02-26 18:11:27,740 [INFO] [u_station_ab_night_autotune_v1] __main__: FILTER_PASS token=FELIX tier=A score=100 mode=GREEN risk=MEDIUM liq=1604264 vol5m=40866
2026-02-26 18:11:27,740 [INFO] [u_station_ab_night_autotune_v1] __main__: FILTER_PASS token=AERO tier=A score=75 mode=GREEN risk=MEDIUM liq=1297119 vol5m=999
2026-02-26 18:11:27,740 [INFO] [u_station_ab_night_autotune_v1] __main__: FILTER_PASS token=VIRTUAL tier=A score=75 mode=GREEN risk=MEDIUM liq=7133569 vol5m=1010
2026-02-26 18:11:27,740 [INFO] [u_station_ab_night_autotune_v1] __main__: V2_QUALITY_GATE enabled=True regime=GREEN in=4 out=3 core_out=1 explore_out=2 probe_out=0 quota=2 max_symbol_share=0.333 drop={'cooldown_bucket': 1, 'duplicate_address': 3} sources_used={'watchlist': 3}
2026-02-26 18:11:27,740 [INFO] [u_station_ab_night_autotune_v1] __main__: V2_ENTRY_ROUTE enabled=True regime=GREEN in=3 out=2 core_out=1 explore_out=1 quota=1 allow_explore=True
2026-02-26 18:11:27,740 [INFO] [u_station_ab_night_autotune_v1] __main__: MARKET_REGIME mode=GREEN reason=avg_cand=4.00 avg_cand_recent=4.00
2026-02-26 18:11:27,740 [INFO] [u_station_ab_night_autotune_v1] trading.auto_trader: AutoTrade skip token=FELIX reason=excluded_symbol
2026-02-26 18:11:27,740 [INFO] [u_station_ab_night_autotune_v1] trading.auto_trader: AutoTrade adjust token=VIRTUAL reason=min_trade_floor size=$0.02->$0.10 min=$0.10
2026-02-26 18:11:27,740 [INFO] [u_station_ab_night_autotune_v1] trading.auto_trader: AutoTrade skip token=VIRTUAL reason=ev_net_low expected_net=$-0.00987 min=$-0.00227 samples=23 conf=1.00 pwin=0.30 avg_win=$0.0097 avg_loss=$0.0177 kelly=0.000 mem=sparse trades=0<4
2026-02-26 18:11:27,740 [INFO] [u_station_ab_night_autotune_v1] trading.auto_trader: AutoTrade batch mode=top_n candidates=2 eligible=2 selected=2 opened=0 pe=off burst_window=0
2026-02-26 18:11:27,740 [INFO] [u_station_ab_night_autotune_v1] __main__: Scanned 4 tokens | High quality: 4 | Alerts sent: 0 | Trade candidates: 4 | Quality out/core/explore/probe: 3/1/2/0 | Opened: 0 | Mode: local | Source: onchain+market | Policy: raw=OK/effective=OK(healthy | route=allow_all) | Regime: GREEN(avg_cand=4.00) | Safety: checked=4 fail_closed=0 reasons=api_code_4029:4 | FiltersTop(session): score_min:7,safe_age:6,safe_volume:5,source_qos_symbol_cap:2 | Dedup: heavy_skip=0 override=0 | V2Budget: 4/280 | SourceQoS: enabled=1/in=4/out=4/dropped=0/active_cd=0/drops=none | Ingest: q=0/oldest=0.0s/drop_old=0/dedup_skip=0/enq=0/drain=0 | Sources: dex_boosts:ok=1/fail=0/429=0/lim_wait=0/cd_wait=0/err=0.0%/avg=39ms; dexscreener:ok=14/fail=0/429=0/lim_wait=0/cd_wait=0/err=0.0%/avg=40ms; onchain_enrich:ok=4/fail=0/429=0/lim_wait=0/cd_wait=0/err=0.0%/avg=100ms | Tasks: 3 | RSS: 0.0MB | CycleAvg: 5.85s
2026-02-26 18:11:32,054 [INFO] [u_station_ab_night_autotune_v1] monitor.onchain_factory: PAIR_DETECTED source=uniswap_v2 dex=uniswap_v2 pair=0xa9215c2bd8b285145f65e9263ab5d8c2d5940ec2 token0=0x4200000000000000000000000000000000000006 token1=0x819a23eb02103a3eecacd47b470424362faccba3 block=42668264 factory=0x8909dc15e40173ff4699343b6eb8132c65e18ec6
2026-02-26 18:11:32,357 [INFO] [u_station_ab_night_autotune_v1] monitor.onchain_factory: ENRICH_RETRY token=0xdaef2ee4288bc5b226cd9e7f788ed4bf7fde8ba3 pair=0x229e8d64864722391ebf6701ae85e5ef933953cf attempt=1/2 delay=10s
2026-02-26 18:11:32,656 [INFO] [u_station_ab_night_autotune_v1] monitor.onchain_factory: ENRICH_RETRY token=0x819a23eb02103a3eecacd47b470424362faccba3 pair=0xa9215c2bd8b285145f65e9263ab5d8c2d5940ec2 attempt=1/2 delay=10s
2026-02-26 18:11:42,738 [INFO] [u_station_ab_night_autotune_v1] __main__: WATCHLIST merged count=4
2026-02-26 18:11:42,738 [INFO] [u_station_ab_night_autotune_v1] trading.v2_runtime: V2_UNIVERSE in=4 dedup=4 out=4 target=4 novel_target=4 novel_out=0 repeat_dropped=0 symbol_dropped=0 surge_in=0 surge_target=0 surge_out=0
2026-02-26 18:11:42,738 [INFO] [u_station_ab_night_autotune_v1] __main__: FILTER_PASS token=cbBTC tier=A score=100 mode=GREEN risk=MEDIUM liq=19135777 vol5m=294231
2026-02-26 18:11:42,738 [INFO] [u_station_ab_night_autotune_v1] __main__: FILTER_PASS token=FELIX tier=A score=100 mode=GREEN risk=MEDIUM liq=1604264 vol5m=40866
2026-02-26 18:11:42,744 [INFO] [u_station_ab_night_autotune_v1] __main__: FILTER_PASS token=AERO tier=A score=75 mode=GREEN risk=MEDIUM liq=1297119 vol5m=999
2026-02-26 18:11:42,745 [INFO] [u_station_ab_night_autotune_v1] __main__: FILTER_PASS token=VIRTUAL tier=A score=75 mode=GREEN risk=MEDIUM liq=7133569 vol5m=1010
2026-02-26 18:11:42,746 [INFO] [u_station_ab_night_autotune_v1] __main__: V2_QUALITY_GATE enabled=True regime=GREEN in=4 out=3 core_out=1 explore_out=2 probe_out=0 quota=2 max_symbol_share=0.333 drop={'cooldown_bucket': 1, 'duplicate_address': 3} sources_used={'watchlist': 3}
2026-02-26 18:11:42,750 [INFO] [u_station_ab_night_autotune_v1] __main__: V2_ENTRY_ROUTE enabled=True regime=GREEN in=3 out=2 core_out=1 explore_out=1 quota=1 allow_explore=True
2026-02-26 18:11:42,751 [INFO] [u_station_ab_night_autotune_v1] __main__: MARKET_REGIME mode=GREEN reason=avg_cand=4.00 avg_cand_recent=4.00
2026-02-26 18:11:42,752 [INFO] [u_station_ab_night_autotune_v1] trading.auto_trader: AutoTrade skip token=FELIX reason=excluded_symbol
2026-02-26 18:11:42,754 [INFO] [u_station_ab_night_autotune_v1] trading.auto_trader: AutoTrade adjust token=VIRTUAL reason=min_trade_floor size=$0.02->$0.10 min=$0.10
2026-02-26 18:11:42,755 [INFO] [u_station_ab_night_autotune_v1] trading.auto_trader: AutoTrade skip token=VIRTUAL reason=ev_net_low expected_net=$-0.00987 min=$-0.00227 samples=23 conf=1.00 pwin=0.30 avg_win=$0.0097 avg_loss=$0.0177 kelly=0.000 mem=sparse trades=0<4
2026-02-26 18:11:42,755 [INFO] [u_station_ab_night_autotune_v1] trading.auto_trader: AutoTrade batch mode=top_n candidates=2 eligible=2 selected=2 opened=0 pe=off burst_window=0
2026-02-26 18:11:42,756 [INFO] [u_station_ab_night_autotune_v1] trading.auto_trader: PAPER_SUMMARY window=60s closed_delta=0 wins_delta=0 losses_delta=0 realized_delta=$0.00 total_closed=54 winrate_total=38.9% realized_total=$0.64 balance=$7.64 equity=$7.64 open=0
2026-02-26 18:11:42,757 [INFO] [u_station_ab_night_autotune_v1] __main__: Scanned 4 tokens | High quality: 4 | Alerts sent: 0 | Trade candidates: 4 | Quality out/core/explore/probe: 3/1/2/0 | Opened: 0 | Mode: local | Source: onchain+market | Policy: raw=OK/effective=OK(healthy | route=allow_all) | Regime: GREEN(avg_cand=4.00) | Safety: checked=4 fail_closed=0 reasons=api_code_4029:4 | FiltersTop(session): score_min:7,safe_age:6,safe_volume:5,source_qos_symbol_cap:2 | Dedup: heavy_skip=0 override=0 | V2Budget: 4/280 | SourceQoS: enabled=1/in=4/out=4/dropped=0/active_cd=0/drops=none | Ingest: q=0/oldest=0.0s/drop_old=0/dedup_skip=0/enq=0/drain=0 | Sources: dex_boosts:ok=1/fail=0/429=0/lim_wait=0/cd_wait=0/err=0.0%/avg=87ms; dexscreener:ok=14/fail=0/429=0/lim_wait=0/cd_wait=0/err=0.0%/avg=97ms; onchain_enrich:ok=8/fail=0/429=0/lim_wait=0/cd_wait=0/err=0.0%/avg=95ms | Tasks: 3 | RSS: 0.0MB | CycleAvg: 6.11s
2026-02-26 18:11:47,171 [INFO] [u_station_ab_night_autotune_v1] monitor.onchain_factory: PAIR_DETECTED source=uniswap_v3 dex=uniswap_v3 pair=0xf4b26598b689f872adfbc8c69bb6f9644a57418b token0=0x4200000000000000000000000000000000000006 token1=0xbfc18eb962b86b769a79fb3c92f32f91206ed224 block=42668271 factory=0x33128a8fc17869897dce68ed026d694621f6fdfd
2026-02-26 18:11:47,221 [INFO] [u_station_ab_night_autotune_v1] monitor.onchain_factory: ENRICH_RETRY token=0xdaef2ee4288bc5b226cd9e7f788ed4bf7fde8ba3 pair=0x229e8d64864722391ebf6701ae85e5ef933953cf attempt=1/2 delay=10s
2026-02-26 18:11:47,282 [INFO] [u_station_ab_night_autotune_v1] monitor.onchain_factory: ENRICH_RETRY token=0x819a23eb02103a3eecacd47b470424362faccba3 pair=0xa9215c2bd8b285145f65e9263ab5d8c2d5940ec2 attempt=1/2 delay=10s
2026-02-26 18:11:47,519 [INFO] [u_station_ab_night_autotune_v1] monitor.onchain_factory: ENRICH_RETRY token=0xbfc18eb962b86b769a79fb3c92f32f91206ed224 pair=0xf4b26598b689f872adfbc8c69bb6f9644a57418b attempt=1/2 delay=10s
2026-02-26 18:11:57,609 [INFO] [u_station_ab_night_autotune_v1] __main__: WATCHLIST merged count=4
2026-02-26 18:11:57,609 [INFO] [u_station_ab_night_autotune_v1] trading.v2_runtime: V2_UNIVERSE in=5 dedup=5 out=5 target=5 novel_target=5 novel_out=1 repeat_dropped=0 symbol_dropped=0 surge_in=0 surge_target=0 surge_out=0
2026-02-26 18:11:57,609 [INFO] [u_station_ab_night_autotune_v1] __main__: FILTER_PASS token=cbBTC tier=A score=100 mode=GREEN risk=MEDIUM liq=19135777 vol5m=294231
2026-02-26 18:11:57,609 [INFO] [u_station_ab_night_autotune_v1] __main__: FILTER_PASS token=FELIX tier=A score=100 mode=GREEN risk=MEDIUM liq=1604264 vol5m=40866
2026-02-26 18:11:57,623 [INFO] [u_station_ab_night_autotune_v1] __main__: FILTER_PASS token=AERO tier=A score=75 mode=GREEN risk=MEDIUM liq=1297119 vol5m=999
2026-02-26 18:11:57,623 [INFO] [u_station_ab_night_autotune_v1] __main__: FILTER_PASS token=VIRTUAL tier=A score=75 mode=GREEN risk=MEDIUM liq=7133569 vol5m=1010
2026-02-26 18:11:57,629 [INFO] [u_station_ab_night_autotune_v1] __main__: FILTER_FAIL token=KRAD reason=score_min score=40 strict_min=48 soft_min=48 mode=GREEN
2026-02-26 18:11:57,629 [INFO] [u_station_ab_night_autotune_v1] __main__: V2_QUALITY_GATE enabled=True regime=GREEN in=4 out=3 core_out=1 explore_out=2 probe_out=0 quota=2 max_symbol_share=0.333 drop={'cooldown_bucket': 1, 'duplicate_address': 3} sources_used={'watchlist': 3}
2026-02-26 18:11:57,629 [INFO] [u_station_ab_night_autotune_v1] __main__: V2_ENTRY_ROUTE enabled=True regime=GREEN in=3 out=2 core_out=1 explore_out=1 quota=1 allow_explore=True
2026-02-26 18:11:57,629 [INFO] [u_station_ab_night_autotune_v1] __main__: MARKET_REGIME mode=GREEN reason=avg_cand=4.00 avg_cand_recent=4.00
2026-02-26 18:11:57,629 [INFO] [u_station_ab_night_autotune_v1] trading.auto_trader: AutoTrade skip token=FELIX reason=excluded_symbol
2026-02-26 18:11:57,653 [INFO] [u_station_ab_night_autotune_v1] trading.auto_trader: AutoTrade adjust token=VIRTUAL reason=min_trade_floor size=$0.02->$0.10 min=$0.10
2026-02-26 18:11:57,653 [INFO] [u_station_ab_night_autotune_v1] trading.auto_trader: AutoTrade skip token=VIRTUAL reason=ev_net_low expected_net=$-0.00987 min=$-0.00227 samples=23 conf=1.00 pwin=0.30 avg_win=$0.0097 avg_loss=$0.0177 kelly=0.000 mem=sparse trades=0<4
2026-02-26 18:11:57,653 [INFO] [u_station_ab_night_autotune_v1] trading.auto_trader: AutoTrade batch mode=top_n candidates=2 eligible=2 selected=2 opened=0 pe=off burst_window=0
2026-02-26 18:11:57,653 [INFO] [u_station_ab_night_autotune_v1] __main__: Scanned 5 tokens | High quality: 4 | Alerts sent: 0 | Trade candidates: 4 | Quality out/core/explore/probe: 3/1/2/0 | Opened: 0 | Mode: local | Source: onchain+market | Policy: raw=OK/effective=OK(healthy | route=allow_all) | Regime: GREEN(avg_cand=4.00) | Safety: checked=4 fail_closed=0 reasons=api_code_4029:4 | FiltersTop(session): score_min:8,safe_age:6,safe_volume:5,source_qos_symbol_cap:2 | Dedup: heavy_skip=0 override=0 | V2Budget: 4/280 | SourceQoS: enabled=1/in=5/out=5/dropped=0/active_cd=0/drops=none | Ingest: q=0/oldest=0.0s/drop_old=0/dedup_skip=0/enq=0/drain=0 | Sources: dex_boosts:ok=1/fail=0/429=0/lim_wait=0/cd_wait=0/err=0.0%/avg=64ms; dexscreener:ok=14/fail=0/429=0/lim_wait=0/cd_wait=0/err=0.0%/avg=121ms; onchain_enrich:ok=11/fail=0/429=0/lim_wait=0/cd_wait=0/err=0.0%/avg=65ms; onchain_weth_price:ok=1/fail=0/429=0/lim_wait=0/cd_wait=0/err=0.0%/avg=52ms | Tasks: 3 | RSS: 0.0MB | CycleAvg: 6.36s
2026-02-26 18:12:01,908 [INFO] [u_station_ab_night_autotune_v1] monitor.onchain_factory: PAIR_DETECTED source=uniswap_v2 dex=uniswap_v2 pair=0x959a2ab295bb49a9b77495d45d22851614dd9ef3 token0=0x0caa519758b53ae16405614d05289315326769be token1=0x4200000000000000000000000000000000000006 block=42668285 factory=0x8909dc15e40173ff4699343b6eb8132c65e18ec6
2026-02-26 18:12:02,104 [INFO] [u_station_ab_night_autotune_v1] monitor.onchain_factory: ENRICH_RETRY token=0xbfc18eb962b86b769a79fb3c92f32f91206ed224 pair=0xf4b26598b689f872adfbc8c69bb6f9644a57418b attempt=1/2 delay=10s
2026-02-26 18:12:02,104 [INFO] [u_station_ab_night_autotune_v1] monitor.onchain_factory: ENRICH_RETRY token=0x819a23eb02103a3eecacd47b470424362faccba3 pair=0xa9215c2bd8b285145f65e9263ab5d8c2d5940ec2 attempt=1/2 delay=10s
2026-02-26 18:12:02,353 [INFO] [u_station_ab_night_autotune_v1] monitor.onchain_factory: ENRICH_RETRY token=0x0caa519758b53ae16405614d05289315326769be pair=0x959a2ab295bb49a9b77495d45d22851614dd9ef3 attempt=1/2 delay=10s
2026-02-26 18:12:12,423 [INFO] [u_station_ab_night_autotune_v1] __main__: WATCHLIST merged count=4
2026-02-26 18:12:12,424 [INFO] [u_station_ab_night_autotune_v1] trading.v2_runtime: V2_UNIVERSE in=5 dedup=5 out=5 target=5 novel_target=5 novel_out=1 repeat_dropped=0 symbol_dropped=0 surge_in=0 surge_target=0 surge_out=0
2026-02-26 18:12:12,425 [INFO] [u_station_ab_night_autotune_v1] __main__: FILTER_PASS token=cbBTC tier=A score=100 mode=GREEN risk=MEDIUM liq=19135777 vol5m=294231
2026-02-26 18:12:12,426 [INFO] [u_station_ab_night_autotune_v1] __main__: FILTER_FAIL token=NOODLE reason=safe_age
2026-02-26 18:12:12,427 [INFO] [u_station_ab_night_autotune_v1] __main__: FILTER_PASS token=FELIX tier=A score=100 mode=GREEN risk=MEDIUM liq=1604264 vol5m=40866
2026-02-26 18:12:12,428 [INFO] [u_station_ab_night_autotune_v1] __main__: FILTER_PASS token=AERO tier=A score=75 mode=GREEN risk=MEDIUM liq=1297119 vol5m=999
2026-02-26 18:12:12,429 [INFO] [u_station_ab_night_autotune_v1] __main__: FILTER_PASS token=VIRTUAL tier=A score=75 mode=GREEN risk=MEDIUM liq=7133569 vol5m=1010
2026-02-26 18:12:12,430 [INFO] [u_station_ab_night_autotune_v1] __main__: V2_QUALITY_GATE enabled=True regime=GREEN in=4 out=4 core_out=1 explore_out=3 probe_out=1 quota=3 max_symbol_share=0.250 drop={'source_budget': 1, 'duplicate_address': 3} sources_used={'watchlist': 4}
2026-02-26 18:12:12,432 [INFO] [u_station_ab_night_autotune_v1] __main__: V2_ENTRY_ROUTE enabled=True regime=GREEN in=4 out=3 core_out=1 explore_out=2 quota=2 allow_explore=True
2026-02-26 18:12:12,433 [INFO] [u_station_ab_night_autotune_v1] __main__: MARKET_REGIME mode=GREEN reason=avg_cand=4.00 avg_cand_recent=4.00
2026-02-26 18:12:12,434 [INFO] [u_station_ab_night_autotune_v1] trading.auto_trader: AutoTrade skip token=cbBTC reason=symbol_cooldown_left_43s
2026-02-26 18:12:12,435 [INFO] [u_station_ab_night_autotune_v1] trading.auto_trader: AutoTrade skip token=FELIX reason=excluded_symbol
2026-02-26 18:12:12,436 [INFO] [u_station_ab_night_autotune_v1] trading.auto_trader: AutoTrade adjust token=VIRTUAL reason=min_trade_floor size=$0.02->$0.10 min=$0.10
2026-02-26 18:12:12,437 [INFO] [u_station_ab_night_autotune_v1] trading.auto_trader: AutoTrade skip token=VIRTUAL reason=ev_net_low expected_net=$-0.00987 min=$-0.00227 samples=23 conf=1.00 pwin=0.30 avg_win=$0.0097 avg_loss=$0.0177 kelly=0.000 mem=sparse trades=0<4
2026-02-26 18:12:12,438 [INFO] [u_station_ab_night_autotune_v1] trading.auto_trader: AutoTrade batch mode=top_n candidates=3 eligible=3 selected=3 opened=0 pe=off burst_window=0
2026-02-26 18:12:12,439 [INFO] [u_station_ab_night_autotune_v1] __main__: Scanned 5 tokens | High quality: 4 | Alerts sent: 0 | Trade candidates: 4 | Quality out/core/explore/probe: 4/1/3/1 | Opened: 0 | Mode: local | Source: onchain+market | Policy: raw=OK/effective=OK(healthy | route=allow_all) | Regime: GREEN(avg_cand=4.00) | Safety: checked=4 fail_closed=0 reasons=api_code_4029:4 | FiltersTop(session): score_min:8,safe_age:7,safe_volume:5,source_qos_symbol_cap:2 | Dedup: heavy_skip=0 override=0 | V2Budget: 4/280 | SourceQoS: enabled=1/in=5/out=5/dropped=0/active_cd=0/drops=none | Ingest: q=1/oldest=7.0s/drop_old=0/dedup_skip=0/enq=1/drain=0 | Sources: dex_boosts:ok=1/fail=0/429=0/lim_wait=0/cd_wait=0/err=0.0%/avg=53ms; dexscreener:ok=14/fail=0/429=0/lim_wait=0/cd_wait=0/err=0.0%/avg=42ms; geckoterminal:ok=1/fail=0/429=0/lim_wait=0/cd_wait=0/err=0.0%/avg=249ms; onchain_enrich:ok=11/fail=0/429=0/lim_wait=0/cd_wait=0/err=0.0%/avg=71ms | Tasks: 3 | RSS: 0.0MB | CycleAvg: 6.57s
2026-02-26 18:12:16,913 [INFO] [u_station_ab_night_autotune_v1] monitor.onchain_factory: ENRICH_RETRY token=0xbfc18eb962b86b769a79fb3c92f32f91206ed224 pair=0xf4b26598b689f872adfbc8c69bb6f9644a57418b attempt=1/2 delay=10s
2026-02-26 18:12:16,913 [INFO] [u_station_ab_night_autotune_v1] monitor.onchain_factory: ENRICH_RETRY token=0x0caa519758b53ae16405614d05289315326769be pair=0x959a2ab295bb49a9b77495d45d22851614dd9ef3 attempt=1/2 delay=10s
2026-02-26 18:12:27,483 [INFO] [u_station_ab_night_autotune_v1] __main__: WATCHLIST merged count=4
2026-02-26 18:12:27,483 [INFO] [u_station_ab_night_autotune_v1] trading.v2_runtime: V2_UNIVERSE in=5 dedup=5 out=5 target=5 novel_target=5 novel_out=0 repeat_dropped=0 symbol_dropped=0 surge_in=0 surge_target=0 surge_out=0
2026-02-26 18:12:27,483 [INFO] [u_station_ab_night_autotune_v1] __main__: FILTER_PASS token=cbBTC tier=A score=100 mode=GREEN risk=MEDIUM liq=19135777 vol5m=294231
2026-02-26 18:12:27,483 [INFO] [u_station_ab_night_autotune_v1] __main__: FILTER_FAIL token=POKEPULL reason=safe_age
2026-02-26 18:12:27,483 [INFO] [u_station_ab_night_autotune_v1] __main__: FILTER_PASS token=FELIX tier=A score=100 mode=GREEN risk=MEDIUM liq=1604264 vol5m=40866
2026-02-26 18:12:27,483 [INFO] [u_station_ab_night_autotune_v1] __main__: FILTER_PASS token=AERO tier=A score=75 mode=GREEN risk=MEDIUM liq=1297119 vol5m=999
2026-02-26 18:12:27,483 [INFO] [u_station_ab_night_autotune_v1] __main__: FILTER_PASS token=VIRTUAL tier=A score=75 mode=GREEN risk=MEDIUM liq=7133569 vol5m=1010
2026-02-26 18:12:27,483 [INFO] [u_station_ab_night_autotune_v1] __main__: V2_QUALITY_GATE enabled=True regime=GREEN in=4 out=3 core_out=1 explore_out=2 probe_out=0 quota=2 max_symbol_share=0.333 drop={'cooldown_bucket': 1, 'duplicate_address': 3} sources_used={'watchlist': 3}
2026-02-26 18:12:27,483 [INFO] [u_station_ab_night_autotune_v1] __main__: V2_ENTRY_ROUTE enabled=True regime=GREEN in=3 out=2 core_out=1 explore_out=1 quota=1 allow_explore=True
2026-02-26 18:12:27,483 [INFO] [u_station_ab_night_autotune_v1] __main__: MARKET_REGIME mode=GREEN reason=avg_cand=4.00 avg_cand_recent=4.00
2026-02-26 18:12:27,483 [INFO] [u_station_ab_night_autotune_v1] trading.auto_trader: AutoTrade skip token=FELIX reason=excluded_symbol
2026-02-26 18:12:27,483 [INFO] [u_station_ab_night_autotune_v1] trading.auto_trader: AutoTrade adjust token=VIRTUAL reason=min_trade_floor size=$0.02->$0.10 min=$0.10
2026-02-26 18:12:27,483 [INFO] [u_station_ab_night_autotune_v1] trading.auto_trader: AutoTrade skip token=VIRTUAL reason=ev_net_low expected_net=$-0.00987 min=$-0.00227 samples=23 conf=1.00 pwin=0.30 avg_win=$0.0097 avg_loss=$0.0177 kelly=0.000 mem=sparse trades=0<4
2026-02-26 18:12:27,483 [INFO] [u_station_ab_night_autotune_v1] trading.auto_trader: AutoTrade batch mode=top_n candidates=2 eligible=2 selected=2 opened=0 pe=off burst_window=0
2026-02-26 18:12:27,483 [INFO] [u_station_ab_night_autotune_v1] __main__: Scanned 5 tokens | High quality: 4 | Alerts sent: 0 | Trade candidates: 4 | Quality out/core/explore/probe: 3/1/2/0 | Opened: 0 | Mode: local | Source: onchain+market | Policy: raw=OK/effective=OK(healthy | route=allow_all) | Regime: GREEN(avg_cand=4.00) | Safety: checked=4 fail_closed=0 reasons=api_code_4029:4 | FiltersTop(session): safe_age:8,score_min:8,safe_volume:5,source_qos_symbol_cap:2 | Dedup: heavy_skip=0 override=0 | V2Budget: 4/280 | SourceQoS: enabled=1/in=5/out=5/dropped=0/active_cd=0/drops=none | Ingest: q=0/oldest=0.0s/drop_old=0/dedup_skip=0/enq=0/drain=1 | Sources: dex_boosts:ok=1/fail=0/429=0/lim_wait=0/cd_wait=0/err=0.0%/avg=91ms; dexscreener:ok=14/fail=0/429=0/lim_wait=0/cd_wait=0/err=0.0%/avg=101ms; onchain_enrich:ok=8/fail=0/429=0/lim_wait=0/cd_wait=0/err=0.0%/avg=97ms | Tasks: 3 | RSS: 0.0MB | CycleAvg: 6.76s
