2026-02-26 16:44:44,345 [INFO] [u_station_ab_night_autotune_v1] __main__: SESSION_LOG file=logs/matrix/u_station_ab_night_autotune_v1\sessions\main_local_20260226_154444_pid11228.log
2026-02-26 16:44:44,370 [INFO] [u_station_ab_night_autotune_v1] trading.auto_trader_state: AutoTrade state loaded open=0 closed=35 balance=$7.37
2026-02-26 16:44:44,381 [WARNING] [u_station_ab_night_autotune_v1] trading.auto_trader: DATA_POLICY mode=OK reason=init_reset_manual prev_mode=OK prev_reason=healthy | route=allow_all
2026-02-26 16:44:44,381 [INFO] [u_station_ab_night_autotune_v1] __main__: AUTOTRADER_INIT state=ready reason=manual mode=paper
2026-02-26 16:44:44,384 [INFO] [u_station_ab_night_autotune_v1] __main__: Local mode started (Telegram disabled).
2026-02-26 16:44:46,277 [INFO] [u_station_ab_night_autotune_v1] __main__: WATCHLIST merged count=3
2026-02-26 16:44:46,277 [INFO] [u_station_ab_night_autotune_v1] trading.v2_runtime: V2_UNIVERSE in=12 dedup=12 out=12 target=12 novel_target=11 novel_out=12 repeat_dropped=0 symbol_dropped=0 surge_in=4 surge_target=3 surge_out=4
2026-02-26 16:44:46,277 [INFO] [u_station_ab_night_autotune_v1] __main__: V2_SOURCE_QOS_FILTER in=12 out=9 drops={'source_qos_cap': 2, 'source_qos_symbol_cap': 1} caps={'watchlist': 1, 'geckoterminal': 287}
2026-02-26 16:44:46,277 [INFO] [u_station_ab_night_autotune_v1] __main__: FILTER_FAIL token=AERO reason=source_qos_cap source=watchlist used=1/1
2026-02-26 16:44:46,277 [INFO] [u_station_ab_night_autotune_v1] __main__: FILTER_FAIL token=VIRTUAL reason=source_qos_cap source=watchlist used=1/1
2026-02-26 16:44:46,283 [INFO] [u_station_ab_night_autotune_v1] __main__: FILTER_FAIL token=CLAWSPOT reason=source_qos_symbol_cap symbol=CLAWSPOT used=1/1
2026-02-26 16:44:46,284 [INFO] [u_station_ab_night_autotune_v1] __main__: FILTER_FAIL token=DUMP reason=safe_change_5m
2026-02-26 16:44:46,284 [INFO] [u_station_ab_night_autotune_v1] __main__: FILTER_FAIL token=CLAWSPOT reason=safe_change_5m
2026-02-26 16:44:46,285 [INFO] [u_station_ab_night_autotune_v1] __main__: FILTER_FAIL token=Keef reason=safe_change_5m
2026-02-26 16:44:46,286 [INFO] [u_station_ab_night_autotune_v1] __main__: FILTER_PASS token=cmux tier=A score=80 mode=YELLOW risk=MEDIUM liq=24876 vol5m=6420
2026-02-26 16:44:46,287 [INFO] [u_station_ab_night_autotune_v1] monitor.local_alerter: Local alert token=cmux address=0x0fa82688495ccaeaf146b8c1123cd35005e5bba3 score=80 reco=BUY risk=MEDIUM warnings=0 liq=24876 vol5m=6420
2026-02-26 16:44:46,288 [INFO] [u_station_ab_night_autotune_v1] __main__: FILTER_PASS token=cbBTC tier=A score=100 mode=YELLOW risk=MEDIUM liq=19382631 vol5m=87531
2026-02-26 16:44:46,290 [INFO] [u_station_ab_night_autotune_v1] __main__: FILTER_PASS token=ZAMA tier=A score=60 mode=YELLOW risk=MEDIUM liq=114846 vol5m=654
2026-02-26 16:44:46,290 [INFO] [u_station_ab_night_autotune_v1] monitor.local_alerter: Local alert token=ZAMA address=0xfa3ce6518baf982bb38b46c784f5fa1b42c9156e score=60 reco=HOLD risk=MEDIUM warnings=0 liq=114846 vol5m=654
2026-02-26 16:44:46,291 [INFO] [u_station_ab_night_autotune_v1] __main__: FILTER_FAIL token=DAI reason=safe_age
2026-02-26 16:44:46,291 [INFO] [u_station_ab_night_autotune_v1] __main__: FILTER_PASS token=Rowboat tier=A score=60 mode=YELLOW risk=MEDIUM liq=20800 vol5m=202
2026-02-26 16:44:46,292 [INFO] [u_station_ab_night_autotune_v1] monitor.local_alerter: Local alert token=Rowboat address=0x7350f39986ed2f08b7f6c15577c17f8932a28ba3 score=60 reco=HOLD risk=MEDIUM warnings=0 liq=20800 vol5m=202
2026-02-26 16:44:46,293 [INFO] [u_station_ab_night_autotune_v1] __main__: FILTER_FAIL token=DegenMolt reason=safe_volume vol5m=0 min=9 regime=YELLOW
2026-02-26 16:44:46,294 [INFO] [u_station_ab_night_autotune_v1] trading.v2_runtime: V2_QUALITY_ROTATE symbols_core=0 symbols_cooldown=1 sources=2 top_core=- top_cooldown=CBBTC:-0.0003/14
2026-02-26 16:44:46,295 [INFO] [u_station_ab_night_autotune_v1] __main__: V2_QUALITY_GATE enabled=True regime=YELLOW in=4 out=3 core_out=0 explore_out=3 probe_out=0 quota=3 max_symbol_share=0.333 drop={'cooldown_bucket': 1, 'duplicate_address': 3} sources_used={'geckoterminal': 3}
2026-02-26 16:44:46,297 [INFO] [u_station_ab_night_autotune_v1] __main__: V2_ENTRY_ROUTE enabled=True regime=YELLOW in=3 out=2 core_out=1 explore_out=1 quota=1 allow_explore=True
2026-02-26 16:44:46,298 [WARNING] [u_station_ab_night_autotune_v1] trading.auto_trader: DATA_POLICY mode=OK reason=healthy | route=allow_all prev_mode=OK prev_reason=init_reset_manual
2026-02-26 16:44:46,298 [INFO] [u_station_ab_night_autotune_v1] __main__: MARKET_REGIME mode=YELLOW reason=hysteresis_recover_wait 1/4 raw=GREEN avg_cand_recent=4.00
2026-02-26 16:44:46,339 [INFO] [u_station_ab_night_autotune_v1] trading.auto_trader: AutoTrade adjust token=cmux reason=min_trade_floor size=$0.03->$0.10 min=$0.10
2026-02-26 16:44:46,340 [INFO] [u_station_ab_night_autotune_v1] trading.auto_trader: AutoTrade skip token=cmux reason=edge_low mode=both edge=-27.86% raw=-25.80% mult=1.08 min=0.19% probe_min=0.19% edge_usd=$-0.028 min_usd=$0.002 probe_min_usd=$0.002 size=$0.10 gross=4.80% costs=30.60% pwin=0.55 probe=- budget=0/1
2026-02-26 16:44:46,341 [INFO] [u_station_ab_night_autotune_v1] trading.auto_trader: AutoTrade batch mode=top_n candidates=2 eligible=1 selected=1 opened=0 pe=off burst_window=0
2026-02-26 16:44:46,342 [INFO] [u_station_ab_night_autotune_v1] __main__: FILTER_THRESHOLDS safe_volume_5m_min=$8 safe_liquidity_min=$8000 safe_age_min=240s score_min=48 edge_min=0.20% lock_floor=0.95 no_momentum_max_pnl=0.25 weakness_pnl=-2.60
2026-02-26 16:44:46,342 [INFO] [u_station_ab_night_autotune_v1] __main__: Scanned 12 tokens | High quality: 5 | Alerts sent: 3 | Trade candidates: 4 | Quality out/core/explore/probe: 3/0/3/0 | Opened: 0 | Mode: local | Source: onchain+market | Policy: raw=OK/effective=OK(healthy | route=allow_all) | Regime: YELLOW(hysteresis_recover_wait 1/4 raw=GREEN) | Safety: checked=4 fail_closed=0 reasons=api_code_4029:4 | FiltersTop(session): safe_change_5m:3,source_qos_cap:2,source_qos_symbol_cap:1,safe_age:1 | Dedup: heavy_skip=0 override=0 | V2Budget: 4/280 | SourceQoS: enabled=1/in=12/out=9/dropped=3/active_cd=0/drops=source_qos_cap:2,source_qos_symbol_cap:1 | Ingest: q=0/oldest=0.0s/drop_old=0/dedup_skip=0/enq=9/drain=9 | Sources: dex_boosts:ok=1/fail=0/429=0/lim_wait=0/cd_wait=0/err=0.0%/avg=111ms; dexscreener:ok=11/fail=0/429=0/lim_wait=0/cd_wait=0/err=0.0%/avg=247ms; geckoterminal:ok=2/fail=0/429=0/lim_wait=0/cd_wait=0/err=0.0%/avg=76ms; watchlist_dex:ok=10/fail=0/429=0/lim_wait=0/cd_wait=0/err=0.0%/avg=85ms; watchlist_gecko:ok=6/fail=0/429=0/lim_wait=0/cd_wait=0/err=0.0%/avg=418ms | Tasks: 3 | RSS: 0.0MB | CycleAvg: 0.00s
2026-02-26 16:44:50,777 [INFO] [u_station_ab_night_autotune_v1] __main__: WATCHLIST merged count=3
2026-02-26 16:44:50,777 [INFO] [u_station_ab_night_autotune_v1] trading.v2_runtime: V2_UNIVERSE in=3 dedup=3 out=3 target=3 novel_target=3 novel_out=0 repeat_dropped=0 symbol_dropped=0 surge_in=0 surge_target=0 surge_out=0
2026-02-26 16:44:50,777 [INFO] [u_station_ab_night_autotune_v1] __main__: V2_SOURCE_QOS_FILTER in=3 out=1 drops={'source_qos_cap': 2} caps={'watchlist': 1}
2026-02-26 16:44:50,777 [INFO] [u_station_ab_night_autotune_v1] __main__: FILTER_FAIL token=AERO reason=source_qos_cap source=watchlist used=1/1
2026-02-26 16:44:50,777 [INFO] [u_station_ab_night_autotune_v1] __main__: FILTER_FAIL token=VIRTUAL reason=source_qos_cap source=watchlist used=1/1
2026-02-26 16:44:50,783 [INFO] [u_station_ab_night_autotune_v1] __main__: FILTER_PASS token=cbBTC tier=A score=100 mode=YELLOW risk=MEDIUM liq=19382631 vol5m=87531
2026-02-26 16:44:50,784 [INFO] [u_station_ab_night_autotune_v1] __main__: V2_QUALITY_GATE enabled=True regime=YELLOW in=1 out=0 core_out=0 explore_out=0 probe_out=0 quota=0 max_symbol_share=0.000 drop={'cooldown_bucket': 1} sources_used={}
2026-02-26 16:44:50,786 [INFO] [u_station_ab_night_autotune_v1] __main__: MARKET_REGIME mode=YELLOW reason=hysteresis_recover_wait 2/4 raw=GREEN avg_cand_recent=2.50
2026-02-26 16:44:50,786 [INFO] [u_station_ab_night_autotune_v1] __main__: Scanned 3 tokens | High quality: 1 | Alerts sent: 0 | Trade candidates: 1 | Quality out/core/explore/probe: 0/0/0/0 | Opened: 0 | Mode: local | Source: onchain+market | Policy: raw=OK/effective=OK(healthy | route=allow_all) | Regime: YELLOW(hysteresis_recover_wait 2/4 raw=GREEN) | Safety: checked=1 fail_closed=0 reasons=api_code_4029:1 | FiltersTop(session): source_qos_cap:4,safe_change_5m:3,source_qos_symbol_cap:1,safe_age:1 | Dedup: heavy_skip=0 override=0 | V2Budget: 1/280 | SourceQoS: enabled=1/in=3/out=1/dropped=2/active_cd=0/drops=source_qos_cap:2 | Ingest: q=0/oldest=0.0s/drop_old=0/dedup_skip=0/enq=0/drain=0 | Sources: dex_boosts:ok=1/fail=0/429=0/lim_wait=0/cd_wait=0/err=0.0%/avg=33ms; dexscreener:ok=11/fail=0/429=0/lim_wait=0/cd_wait=0/err=0.0%/avg=51ms | Tasks: 3 | RSS: 0.0MB | CycleAvg: 1.91s
2026-02-26 16:44:55,212 [INFO] [u_station_ab_night_autotune_v1] __main__: WATCHLIST merged count=3
2026-02-26 16:44:55,214 [INFO] [u_station_ab_night_autotune_v1] trading.v2_runtime: V2_UNIVERSE in=3 dedup=3 out=3 target=3 novel_target=3 novel_out=0 repeat_dropped=0 symbol_dropped=0 surge_in=0 surge_target=0 surge_out=0
2026-02-26 16:44:55,214 [INFO] [u_station_ab_night_autotune_v1] __main__: V2_SOURCE_QOS_FILTER in=3 out=1 drops={'source_qos_cap': 2} caps={'watchlist': 1}
2026-02-26 16:44:55,215 [INFO] [u_station_ab_night_autotune_v1] __main__: FILTER_FAIL token=AERO reason=source_qos_cap source=watchlist used=1/1
2026-02-26 16:44:55,216 [INFO] [u_station_ab_night_autotune_v1] __main__: FILTER_FAIL token=VIRTUAL reason=source_qos_cap source=watchlist used=1/1
2026-02-26 16:44:55,216 [INFO] [u_station_ab_night_autotune_v1] __main__: FILTER_PASS token=cbBTC tier=A score=100 mode=YELLOW risk=MEDIUM liq=19382631 vol5m=87531
2026-02-26 16:44:55,218 [INFO] [u_station_ab_night_autotune_v1] __main__: V2_QUALITY_GATE enabled=True regime=YELLOW in=1 out=0 core_out=0 explore_out=0 probe_out=0 quota=0 max_symbol_share=0.000 drop={'cooldown_bucket': 1} sources_used={}
2026-02-26 16:44:55,219 [INFO] [u_station_ab_night_autotune_v1] __main__: MARKET_REGIME mode=YELLOW reason=avg_cand=2.00 avg_cand_recent=2.00
2026-02-26 16:44:55,220 [INFO] [u_station_ab_night_autotune_v1] __main__: Scanned 3 tokens | High quality: 1 | Alerts sent: 0 | Trade candidates: 1 | Quality out/core/explore/probe: 0/0/0/0 | Opened: 0 | Mode: local | Source: onchain+market | Policy: raw=OK/effective=OK(healthy | route=allow_all) | Regime: YELLOW(avg_cand=2.00) | Safety: checked=1 fail_closed=0 reasons=api_code_4029:1 | FiltersTop(session): source_qos_cap:6,safe_change_5m:3,source_qos_symbol_cap:1,safe_age:1 | Dedup: heavy_skip=0 override=0 | V2Budget: 1/280 | SourceQoS: enabled=1/in=3/out=1/dropped=2/active_cd=0/drops=source_qos_cap:2 | Ingest: q=0/oldest=0.0s/drop_old=0/dedup_skip=0/enq=0/drain=0 | Sources: dex_boosts:ok=1/fail=0/429=0/lim_wait=0/cd_wait=0/err=0.0%/avg=59ms; dexscreener:ok=11/fail=0/429=0/lim_wait=0/cd_wait=0/err=0.0%/avg=41ms | Tasks: 3 | RSS: 0.0MB | CycleAvg: 1.18s
2026-02-26 16:44:59,647 [INFO] [u_station_ab_night_autotune_v1] __main__: WATCHLIST merged count=3
2026-02-26 16:44:59,648 [INFO] [u_station_ab_night_autotune_v1] trading.v2_runtime: V2_UNIVERSE in=3 dedup=3 out=3 target=3 novel_target=3 novel_out=0 repeat_dropped=0 symbol_dropped=0 surge_in=0 surge_target=0 surge_out=0
2026-02-26 16:44:59,648 [INFO] [u_station_ab_night_autotune_v1] __main__: V2_SOURCE_QOS_FILTER in=3 out=1 drops={'source_qos_cap': 2} caps={'watchlist': 1}
2026-02-26 16:44:59,649 [INFO] [u_station_ab_night_autotune_v1] __main__: FILTER_FAIL token=AERO reason=source_qos_cap source=watchlist used=1/1
2026-02-26 16:44:59,650 [INFO] [u_station_ab_night_autotune_v1] __main__: FILTER_FAIL token=VIRTUAL reason=source_qos_cap source=watchlist used=1/1
2026-02-26 16:44:59,651 [INFO] [u_station_ab_night_autotune_v1] __main__: FILTER_PASS token=cbBTC tier=A score=100 mode=YELLOW risk=MEDIUM liq=19382631 vol5m=87531
2026-02-26 16:44:59,652 [INFO] [u_station_ab_night_autotune_v1] __main__: V2_QUALITY_GATE enabled=True regime=YELLOW in=1 out=0 core_out=0 explore_out=0 probe_out=0 quota=0 max_symbol_share=0.000 drop={'cooldown_bucket': 1} sources_used={}
2026-02-26 16:44:59,653 [INFO] [u_station_ab_night_autotune_v1] __main__: MARKET_REGIME mode=YELLOW reason=avg_cand=1.75 avg_cand_recent=1.75
2026-02-26 16:44:59,654 [INFO] [u_station_ab_night_autotune_v1] __main__: Scanned 3 tokens | High quality: 1 | Alerts sent: 0 | Trade candidates: 1 | Quality out/core/explore/probe: 0/0/0/0 | Opened: 0 | Mode: local | Source: onchain+market | Policy: raw=OK/effective=OK(healthy | route=allow_all) | Regime: YELLOW(avg_cand=1.75) | Safety: checked=1 fail_closed=0 reasons=api_code_4029:1 | FiltersTop(session): source_qos_cap:8,safe_change_5m:3,source_qos_symbol_cap:1,safe_age:1 | Dedup: heavy_skip=0 override=0 | V2Budget: 1/280 | SourceQoS: enabled=1/in=3/out=1/dropped=2/active_cd=0/drops=source_qos_cap:2 | Ingest: q=0/oldest=0.0s/drop_old=0/dedup_skip=0/enq=0/drain=0 | Sources: dex_boosts:ok=1/fail=0/429=0/lim_wait=0/cd_wait=0/err=0.0%/avg=54ms; dexscreener:ok=11/fail=0/429=0/lim_wait=0/cd_wait=0/err=0.0%/avg=43ms | Tasks: 3 | RSS: 0.0MB | CycleAvg: 0.93s
2026-02-26 16:45:04,048 [INFO] [u_station_ab_night_autotune_v1] __main__: WATCHLIST merged count=3
2026-02-26 16:45:04,049 [INFO] [u_station_ab_night_autotune_v1] trading.v2_runtime: V2_UNIVERSE in=3 dedup=3 out=3 target=3 novel_target=3 novel_out=0 repeat_dropped=0 symbol_dropped=0 surge_in=0 surge_target=0 surge_out=0
2026-02-26 16:45:04,049 [INFO] [u_station_ab_night_autotune_v1] __main__: V2_SOURCE_QOS_FILTER in=3 out=1 drops={'source_qos_cap': 2} caps={'watchlist': 1}
2026-02-26 16:45:04,050 [INFO] [u_station_ab_night_autotune_v1] __main__: FILTER_FAIL token=AERO reason=source_qos_cap source=watchlist used=1/1
2026-02-26 16:45:04,051 [INFO] [u_station_ab_night_autotune_v1] __main__: FILTER_FAIL token=VIRTUAL reason=source_qos_cap source=watchlist used=1/1
2026-02-26 16:45:04,051 [INFO] [u_station_ab_night_autotune_v1] __main__: FILTER_PASS token=cbBTC tier=A score=100 mode=YELLOW risk=MEDIUM liq=19382631 vol5m=87531
2026-02-26 16:45:04,053 [INFO] [u_station_ab_night_autotune_v1] __main__: V2_QUALITY_GATE enabled=True regime=YELLOW in=1 out=0 core_out=0 explore_out=0 probe_out=0 quota=0 max_symbol_share=0.000 drop={'cooldown_bucket': 1} sources_used={}
2026-02-26 16:45:04,053 [INFO] [u_station_ab_night_autotune_v1] __main__: MARKET_REGIME mode=YELLOW reason=avg_cand=1.60 avg_cand_recent=1.60
2026-02-26 16:45:04,054 [INFO] [u_station_ab_night_autotune_v1] __main__: Scanned 3 tokens | High quality: 1 | Alerts sent: 0 | Trade candidates: 1 | Quality out/core/explore/probe: 0/0/0/0 | Opened: 0 | Mode: local | Source: onchain+market | Policy: raw=OK/effective=OK(healthy | route=allow_all) | Regime: YELLOW(avg_cand=1.60) | Safety: checked=1 fail_closed=0 reasons=api_code_4029:1 | FiltersTop(session): source_qos_cap:10,safe_change_5m:3,source_qos_symbol_cap:1,safe_age:1 | Dedup: heavy_skip=0 override=0 | V2Budget: 1/280 | SourceQoS: enabled=1/in=3/out=1/dropped=2/active_cd=0/drops=source_qos_cap:2 | Ingest: q=0/oldest=0.0s/drop_old=0/dedup_skip=0/enq=0/drain=0 | Sources: dex_boosts:ok=1/fail=0/429=0/lim_wait=0/cd_wait=0/err=0.0%/avg=38ms; dexscreener:ok=11/fail=0/429=0/lim_wait=0/cd_wait=0/err=0.0%/avg=43ms | Tasks: 3 | RSS: 0.0MB | CycleAvg: 0.80s
2026-02-26 16:45:08,382 [INFO] [u_station_ab_night_autotune_v1] monitor.onchain_factory: PAIR_DETECTED source=uniswap_v2 dex=uniswap_v2 pair=0xc1447c735a870529f3f91f9be8c4d7265030ff87 token0=0x4200000000000000000000000000000000000006 token1=0xbfaba8cb56322b8d94bcd1f32997ab6920f88ba3 block=42665678 factory=0x8909dc15e40173ff4699343b6eb8132c65e18ec6
2026-02-26 16:45:09,385 [INFO] [u_station_ab_night_autotune_v1] monitor.onchain_factory: ENRICH_RETRY token=0xbfaba8cb56322b8d94bcd1f32997ab6920f88ba3 pair=0xc1447c735a870529f3f91f9be8c4d7265030ff87 attempt=1/2 delay=10s
2026-02-26 16:45:19,519 [INFO] [u_station_ab_night_autotune_v1] __main__: WATCHLIST merged count=3
2026-02-26 16:45:19,520 [INFO] [u_station_ab_night_autotune_v1] trading.v2_runtime: V2_UNIVERSE in=3 dedup=3 out=3 target=3 novel_target=3 novel_out=0 repeat_dropped=0 symbol_dropped=0 surge_in=0 surge_target=0 surge_out=0
2026-02-26 16:45:19,521 [INFO] [u_station_ab_night_autotune_v1] __main__: V2_SOURCE_QOS_FILTER in=3 out=1 drops={'source_qos_cap': 2} caps={'watchlist': 1}
2026-02-26 16:45:19,522 [INFO] [u_station_ab_night_autotune_v1] __main__: FILTER_FAIL token=AERO reason=source_qos_cap source=watchlist used=1/1
2026-02-26 16:45:19,522 [INFO] [u_station_ab_night_autotune_v1] __main__: FILTER_FAIL token=VIRTUAL reason=source_qos_cap source=watchlist used=1/1
2026-02-26 16:45:19,523 [INFO] [u_station_ab_night_autotune_v1] __main__: FILTER_PASS token=cbBTC tier=A score=100 mode=YELLOW risk=MEDIUM liq=19382631 vol5m=87531
2026-02-26 16:45:19,524 [INFO] [u_station_ab_night_autotune_v1] __main__: V2_QUALITY_GATE enabled=True regime=YELLOW in=1 out=1 core_out=0 explore_out=1 probe_out=1 quota=1 max_symbol_share=1.000 drop={} sources_used={'watchlist': 1}
2026-02-26 16:45:19,525 [INFO] [u_station_ab_night_autotune_v1] __main__: V2_ENTRY_ROUTE enabled=True regime=YELLOW in=1 out=1 core_out=0 explore_out=1 quota=1 allow_explore=True
2026-02-26 16:45:19,525 [INFO] [u_station_ab_night_autotune_v1] __main__: MARKET_REGIME mode=YELLOW reason=avg_cand=1.50 avg_cand_recent=1.50
2026-02-26 16:45:19,526 [INFO] [u_station_ab_night_autotune_v1] trading.auto_trader: AutoTrade skip token=cbBTC reason=token_ev_memory_prob p=0.74 detail=bad=True severe=False trades=7 avg=-0.00032 loss_share=0.29 size_mult=0.80 edge_mult=1.10 p=0.74
2026-02-26 16:45:19,527 [INFO] [u_station_ab_night_autotune_v1] trading.auto_trader: AutoTrade batch mode=top_n candidates=1 eligible=1 selected=1 opened=0 pe=off burst_window=0
2026-02-26 16:45:19,528 [INFO] [u_station_ab_night_autotune_v1] __main__: Scanned 3 tokens | High quality: 1 | Alerts sent: 0 | Trade candidates: 1 | Quality out/core/explore/probe: 1/0/1/1 | Opened: 0 | Mode: local | Source: onchain+market | Policy: raw=OK/effective=OK(healthy | route=allow_all) | Regime: YELLOW(avg_cand=1.50) | Safety: checked=1 fail_closed=0 reasons=api_code_4029:1 | FiltersTop(session): source_qos_cap:12,safe_change_5m:3,source_qos_symbol_cap:1,safe_age:1 | Dedup: heavy_skip=0 override=0 | V2Budget: 1/280 | SourceQoS: enabled=1/in=3/out=1/dropped=2/active_cd=0/drops=source_qos_cap:2 | Ingest: q=0/oldest=0.0s/drop_old=0/dedup_skip=0/enq=0/drain=0 | Sources: dex_boosts:ok=1/fail=0/429=0/lim_wait=0/cd_wait=0/err=0.0%/avg=84ms; dexscreener:ok=11/fail=0/429=0/lim_wait=0/cd_wait=0/err=0.0%/avg=70ms; onchain_enrich:ok=4/fail=0/429=0/lim_wait=0/cd_wait=0/err=0.0%/avg=234ms; onchain_weth_price:ok=1/fail=0/429=0/lim_wait=0/cd_wait=0/err=0.0%/avg=56ms | Tasks: 3 | RSS: 0.0MB | CycleAvg: 0.72s
2026-02-26 16:45:24,035 [INFO] [u_station_ab_night_autotune_v1] monitor.onchain_factory: ENRICH_RETRY token=0xbfaba8cb56322b8d94bcd1f32997ab6920f88ba3 pair=0xc1447c735a870529f3f91f9be8c4d7265030ff87 attempt=1/2 delay=10s
2026-02-26 16:45:34,141 [INFO] [u_station_ab_night_autotune_v1] __main__: WATCHLIST merged count=3
2026-02-26 16:45:34,142 [INFO] [u_station_ab_night_autotune_v1] trading.v2_runtime: V2_UNIVERSE in=3 dedup=3 out=3 target=3 novel_target=3 novel_out=0 repeat_dropped=0 symbol_dropped=0 surge_in=0 surge_target=0 surge_out=0
2026-02-26 16:45:34,142 [INFO] [u_station_ab_night_autotune_v1] __main__: V2_SOURCE_QOS_FILTER in=3 out=1 drops={'source_qos_cap': 2} caps={'watchlist': 1}
2026-02-26 16:45:34,143 [INFO] [u_station_ab_night_autotune_v1] __main__: FILTER_FAIL token=AERO reason=source_qos_cap source=watchlist used=1/1
2026-02-26 16:45:34,145 [INFO] [u_station_ab_night_autotune_v1] __main__: FILTER_FAIL token=VIRTUAL reason=source_qos_cap source=watchlist used=1/1
2026-02-26 16:45:34,145 [INFO] [u_station_ab_night_autotune_v1] __main__: FILTER_PASS token=cbBTC tier=A score=100 mode=YELLOW risk=MEDIUM liq=19382631 vol5m=87531
2026-02-26 16:45:34,147 [INFO] [u_station_ab_night_autotune_v1] __main__: V2_QUALITY_GATE enabled=True regime=YELLOW in=1 out=0 core_out=0 explore_out=0 probe_out=0 quota=0 max_symbol_share=0.000 drop={'cooldown_bucket': 1} sources_used={}
2026-02-26 16:45:34,148 [INFO] [u_station_ab_night_autotune_v1] __main__: MARKET_REGIME mode=YELLOW reason=avg_cand=1.43 avg_cand_recent=1.43
2026-02-26 16:45:34,150 [INFO] [u_station_ab_night_autotune_v1] __main__: Scanned 3 tokens | High quality: 1 | Alerts sent: 0 | Trade candidates: 1 | Quality out/core/explore/probe: 0/0/0/0 | Opened: 0 | Mode: local | Source: onchain+market | Policy: raw=OK/effective=OK(healthy | route=allow_all) | Regime: YELLOW(avg_cand=1.43) | Safety: checked=1 fail_closed=0 reasons=api_code_4029:1 | FiltersTop(session): source_qos_cap:14,safe_change_5m:3,source_qos_symbol_cap:1,safe_age:1 | Dedup: heavy_skip=0 override=0 | V2Budget: 1/280 | SourceQoS: enabled=1/in=3/out=1/dropped=2/active_cd=0/drops=source_qos_cap:2 | Ingest: q=0/oldest=0.0s/drop_old=0/dedup_skip=0/enq=0/drain=0 | Sources: dex_boosts:ok=1/fail=0/429=0/lim_wait=0/cd_wait=0/err=0.0%/avg=99ms; dexscreener:ok=11/fail=0/429=0/lim_wait=0/cd_wait=0/err=0.0%/avg=249ms; onchain_enrich:ok=4/fail=0/429=0/lim_wait=0/cd_wait=0/err=0.0%/avg=39ms | Tasks: 3 | RSS: 0.0MB | CycleAvg: 2.51s
2026-02-26 16:45:38,447 [INFO] [u_station_ab_night_autotune_v1] monitor.onchain_factory: PAIR_DETECTED source=uniswap_v2 dex=uniswap_v2 pair=0xf41a1e7f084f03a3235cfc1bee955c67a287b397 token0=0x4200000000000000000000000000000000000006 token1=0xd3c8be3de79df276dd77cce3d92cb4e7b9bfbba3 block=42665686 factory=0x8909dc15e40173ff4699343b6eb8132c65e18ec6
2026-02-26 16:45:38,447 [INFO] [u_station_ab_night_autotune_v1] monitor.onchain_factory: PAIR_DETECTED source=uniswap_v2 dex=uniswap_v2 pair=0xb108e854e7b745c31fe75913fdf19057e4d75c0b token0=0x4200000000000000000000000000000000000006 token1=0xfdec8c7e388e6de1787acba01358fde04b3d963c block=42665688 factory=0x8909dc15e40173ff4699343b6eb8132c65e18ec6
2026-02-26 16:45:38,591 [INFO] [u_station_ab_night_autotune_v1] monitor.onchain_factory: PAIR_DETECTED source=uniswap_v3 dex=uniswap_v3 pair=0x1b48462dffe4ff829490595197833f3711c063a4 token0=0x3b38a47ca4fef71188f167a8948c6f159400c84f token1=0x4200000000000000000000000000000000000006 block=42665693 factory=0x33128a8fc17869897dce68ed026d694621f6fdfd
2026-02-26 16:45:38,726 [INFO] [u_station_ab_night_autotune_v1] monitor.onchain_factory: ENRICH_RETRY token=0xbfaba8cb56322b8d94bcd1f32997ab6920f88ba3 pair=0xc1447c735a870529f3f91f9be8c4d7265030ff87 attempt=1/2 delay=10s
2026-02-26 16:45:38,948 [INFO] [u_station_ab_night_autotune_v1] monitor.onchain_factory: ENRICH_RETRY token=0xd3c8be3de79df276dd77cce3d92cb4e7b9bfbba3 pair=0xf41a1e7f084f03a3235cfc1bee955c67a287b397 attempt=1/2 delay=10s
2026-02-26 16:45:38,969 [INFO] [u_station_ab_night_autotune_v1] monitor.onchain_factory: ENRICH_RETRY token=0x3b38a47ca4fef71188f167a8948c6f159400c84f pair=0x1b48462dffe4ff829490595197833f3711c063a4 attempt=1/2 delay=10s
2026-02-26 16:45:38,993 [INFO] [u_station_ab_night_autotune_v1] monitor.onchain_factory: ENRICH_RETRY token=0xfdec8c7e388e6de1787acba01358fde04b3d963c pair=0xb108e854e7b745c31fe75913fdf19057e4d75c0b attempt=1/2 delay=10s
2026-02-26 16:45:49,118 [INFO] [u_station_ab_night_autotune_v1] __main__: WATCHLIST merged count=3
2026-02-26 16:45:49,119 [INFO] [u_station_ab_night_autotune_v1] trading.v2_runtime: V2_UNIVERSE in=3 dedup=3 out=3 target=3 novel_target=3 novel_out=0 repeat_dropped=0 symbol_dropped=0 surge_in=0 surge_target=0 surge_out=0
2026-02-26 16:45:49,120 [INFO] [u_station_ab_night_autotune_v1] __main__: V2_SOURCE_QOS_FILTER in=3 out=1 drops={'source_qos_cap': 2} caps={'watchlist': 1}
2026-02-26 16:45:49,121 [INFO] [u_station_ab_night_autotune_v1] __main__: FILTER_FAIL token=AERO reason=source_qos_cap source=watchlist used=1/1
2026-02-26 16:45:49,122 [INFO] [u_station_ab_night_autotune_v1] __main__: FILTER_FAIL token=VIRTUAL reason=source_qos_cap source=watchlist used=1/1
2026-02-26 16:45:49,122 [INFO] [u_station_ab_night_autotune_v1] __main__: FILTER_PASS token=cbBTC tier=A score=100 mode=YELLOW risk=MEDIUM liq=19382631 vol5m=87531
2026-02-26 16:45:49,124 [INFO] [u_station_ab_night_autotune_v1] __main__: V2_QUALITY_GATE enabled=True regime=YELLOW in=1 out=0 core_out=0 explore_out=0 probe_out=0 quota=0 max_symbol_share=0.000 drop={'cooldown_bucket': 1} sources_used={}
2026-02-26 16:45:49,125 [INFO] [u_station_ab_night_autotune_v1] __main__: MARKET_REGIME mode=YELLOW reason=avg_cand=1.38 avg_cand_recent=1.38
2026-02-26 16:45:49,125 [INFO] [u_station_ab_night_autotune_v1] trading.auto_trader: PAPER_SUMMARY window=60s closed_delta=0 wins_delta=0 losses_delta=0 realized_delta=$0.00 total_closed=35 winrate_total=37.1% realized_total=$0.37 balance=$7.37 equity=$7.37 open=0
2026-02-26 16:45:49,126 [INFO] [u_station_ab_night_autotune_v1] __main__: Scanned 3 tokens | High quality: 1 | Alerts sent: 0 | Trade candidates: 1 | Quality out/core/explore/probe: 0/0/0/0 | Opened: 0 | Mode: local | Source: onchain+market | Policy: raw=OK/effective=OK(healthy | route=allow_all) | Regime: YELLOW(avg_cand=1.38) | Safety: checked=1 fail_closed=0 reasons=api_code_4029:1 | FiltersTop(session): source_qos_cap:16,safe_change_5m:3,source_qos_symbol_cap:1,safe_age:1 | Dedup: heavy_skip=0 override=0 | V2Budget: 1/280 | SourceQoS: enabled=1/in=3/out=1/dropped=2/active_cd=0/drops=source_qos_cap:2 | Ingest: q=0/oldest=0.0s/drop_old=0/dedup_skip=0/enq=0/drain=0 | Sources: dex_boosts:ok=1/fail=0/429=0/lim_wait=0/cd_wait=0/err=0.0%/avg=39ms; dexscreener:ok=11/fail=0/429=0/lim_wait=0/cd_wait=0/err=0.0%/avg=42ms; onchain_enrich:ok=16/fail=0/429=0/lim_wait=0/cd_wait=0/err=0.0%/avg=117ms | Tasks: 3 | RSS: 0.0MB | CycleAvg: 3.67s
2026-02-26 16:45:53,634 [INFO] [u_station_ab_night_autotune_v1] monitor.onchain_factory: ENRICH_RETRY token=0xbfaba8cb56322b8d94bcd1f32997ab6920f88ba3 pair=0xc1447c735a870529f3f91f9be8c4d7265030ff87 attempt=1/2 delay=10s
2026-02-26 16:45:53,635 [INFO] [u_station_ab_night_autotune_v1] monitor.onchain_factory: ENRICH_RETRY token=0xd3c8be3de79df276dd77cce3d92cb4e7b9bfbba3 pair=0xf41a1e7f084f03a3235cfc1bee955c67a287b397 attempt=1/2 delay=10s
2026-02-26 16:45:53,636 [INFO] [u_station_ab_night_autotune_v1] monitor.onchain_factory: ENRICH_RETRY token=0x3b38a47ca4fef71188f167a8948c6f159400c84f pair=0x1b48462dffe4ff829490595197833f3711c063a4 attempt=1/2 delay=10s
2026-02-26 16:45:53,637 [INFO] [u_station_ab_night_autotune_v1] monitor.onchain_factory: ENRICH_RETRY token=0xfdec8c7e388e6de1787acba01358fde04b3d963c pair=0xb108e854e7b745c31fe75913fdf19057e4d75c0b attempt=1/2 delay=10s
2026-02-26 16:46:03,767 [INFO] [u_station_ab_night_autotune_v1] __main__: WATCHLIST merged count=3
2026-02-26 16:46:03,768 [INFO] [u_station_ab_night_autotune_v1] trading.v2_runtime: V2_UNIVERSE in=3 dedup=3 out=3 target=3 novel_target=3 novel_out=0 repeat_dropped=0 symbol_dropped=0 surge_in=0 surge_target=0 surge_out=0
2026-02-26 16:46:03,769 [INFO] [u_station_ab_night_autotune_v1] __main__: V2_SOURCE_QOS_FILTER in=3 out=1 drops={'source_qos_cap': 2} caps={'watchlist': 1}
2026-02-26 16:46:03,770 [INFO] [u_station_ab_night_autotune_v1] __main__: FILTER_FAIL token=AERO reason=source_qos_cap source=watchlist used=1/1
2026-02-26 16:46:03,770 [INFO] [u_station_ab_night_autotune_v1] __main__: FILTER_FAIL token=VIRTUAL reason=source_qos_cap source=watchlist used=1/1
2026-02-26 16:46:03,771 [INFO] [u_station_ab_night_autotune_v1] __main__: FILTER_PASS token=cbBTC tier=A score=100 mode=YELLOW risk=MEDIUM liq=19382631 vol5m=87531
2026-02-26 16:46:03,772 [INFO] [u_station_ab_night_autotune_v1] __main__: V2_QUALITY_GATE enabled=True regime=YELLOW in=1 out=0 core_out=0 explore_out=0 probe_out=0 quota=0 max_symbol_share=0.000 drop={'cooldown_bucket': 1} sources_used={}
2026-02-26 16:46:03,773 [INFO] [u_station_ab_night_autotune_v1] __main__: MARKET_REGIME mode=YELLOW reason=avg_cand=1.33 avg_cand_recent=1.33
2026-02-26 16:46:03,774 [INFO] [u_station_ab_night_autotune_v1] __main__: Scanned 3 tokens | High quality: 1 | Alerts sent: 0 | Trade candidates: 1 | Quality out/core/explore/probe: 0/0/0/0 | Opened: 0 | Mode: local | Source: onchain+market | Policy: raw=OK/effective=OK(healthy | route=allow_all) | Regime: YELLOW(avg_cand=1.33) | Safety: checked=1 fail_closed=0 reasons=api_code_4029:1 | FiltersTop(session): source_qos_cap:18,safe_change_5m:3,source_qos_symbol_cap:1,safe_age:1 | Dedup: heavy_skip=0 override=0 | V2Budget: 1/280 | SourceQoS: enabled=1/in=3/out=1/dropped=2/active_cd=0/drops=source_qos_cap:2 | Ingest: q=4/oldest=4.0s/drop_old=0/dedup_skip=0/enq=4/drain=0 | Sources: dex_boosts:ok=1/fail=0/429=0/lim_wait=0/cd_wait=0/err=0.0%/avg=36ms; dexscreener:ok=11/fail=0/429=0/lim_wait=0/cd_wait=0/err=0.0%/avg=46ms; geckoterminal:ok=1/fail=0/429=0/lim_wait=0/cd_wait=0/err=0.0%/avg=224ms; onchain_enrich:ok=16/fail=0/429=0/lim_wait=0/cd_wait=0/err=0.0%/avg=42ms | Tasks: 3 | RSS: 0.0MB | CycleAvg: 4.58s
2026-02-26 16:46:08,287 [INFO] [u_station_ab_night_autotune_v1] monitor.onchain_factory: ENRICH_RETRY token=0xbfaba8cb56322b8d94bcd1f32997ab6920f88ba3 pair=0xc1447c735a870529f3f91f9be8c4d7265030ff87 attempt=1/2 delay=10s
2026-02-26 16:46:08,288 [INFO] [u_station_ab_night_autotune_v1] monitor.onchain_factory: ENRICH_RETRY token=0xfdec8c7e388e6de1787acba01358fde04b3d963c pair=0xb108e854e7b745c31fe75913fdf19057e4d75c0b attempt=1/2 delay=10s
2026-02-26 16:46:08,301 [INFO] [u_station_ab_night_autotune_v1] monitor.onchain_factory: ENRICH_RETRY token=0xd3c8be3de79df276dd77cce3d92cb4e7b9bfbba3 pair=0xf41a1e7f084f03a3235cfc1bee955c67a287b397 attempt=1/2 delay=10s
2026-02-26 16:46:08,303 [INFO] [u_station_ab_night_autotune_v1] monitor.onchain_factory: ENRICH_RETRY token=0x3b38a47ca4fef71188f167a8948c6f159400c84f pair=0x1b48462dffe4ff829490595197833f3711c063a4 attempt=1/2 delay=10s
2026-02-26 16:46:18,501 [INFO] [u_station_ab_night_autotune_v1] __main__: WATCHLIST merged count=3
2026-02-26 16:46:18,502 [INFO] [u_station_ab_night_autotune_v1] trading.v2_runtime: V2_UNIVERSE in=10 dedup=10 out=10 target=10 novel_target=9 novel_out=7 repeat_dropped=0 symbol_dropped=0 surge_in=2 surge_target=2 surge_out=2
2026-02-26 16:46:18,503 [INFO] [u_station_ab_night_autotune_v1] __main__: V2_SOURCE_QOS_FILTER in=10 out=8 drops={'source_qos_cap': 2} caps={'watchlist': 1, 'unknown': 0, 'geckoterminal': 287}
2026-02-26 16:46:18,504 [INFO] [u_station_ab_night_autotune_v1] __main__: FILTER_FAIL token=AERO reason=source_qos_cap source=watchlist used=1/1
2026-02-26 16:46:18,504 [INFO] [u_station_ab_night_autotune_v1] __main__: FILTER_FAIL token=VIRTUAL reason=source_qos_cap source=watchlist used=1/1
2026-02-26 16:46:18,506 [INFO] [u_station_ab_night_autotune_v1] __main__: FILTER_FAIL token=SURVIVAL reason=safe_age
2026-02-26 16:46:18,507 [INFO] [u_station_ab_night_autotune_v1] __main__: FILTER_PASS token=cbBTC tier=A score=100 mode=YELLOW risk=MEDIUM liq=19382631 vol5m=87531
2026-02-26 16:46:18,507 [INFO] [u_station_ab_night_autotune_v1] __main__: FILTER_FAIL token=SUSW reason=safe_age
2026-02-26 16:46:18,509 [INFO] [u_station_ab_night_autotune_v1] __main__: FILTER_FAIL token=HASS reason=safe_age
2026-02-26 16:46:18,509 [INFO] [u_station_ab_night_autotune_v1] __main__: FILTER_FAIL token=LAUN reason=safe_age
2026-02-26 16:46:18,509 [INFO] [u_station_ab_night_autotune_v1] __main__: FILTER_FAIL token=Mendel reason=safe_volume vol5m=2 min=9 regime=YELLOW
2026-02-26 16:46:18,509 [INFO] [u_station_ab_night_autotune_v1] __main__: FILTER_FAIL token=CHARLES reason=safe_volume vol5m=0 min=9 regime=YELLOW
2026-02-26 16:46:18,512 [INFO] [u_station_ab_night_autotune_v1] __main__: FILTER_FAIL token=cmux reason=safe_volume vol5m=0 min=9 regime=YELLOW
2026-02-26 16:46:18,513 [INFO] [u_station_ab_night_autotune_v1] __main__: V2_QUALITY_GATE enabled=True regime=YELLOW in=1 out=0 core_out=0 explore_out=0 probe_out=0 quota=0 max_symbol_share=0.000 drop={'cooldown_bucket': 1} sources_used={}
2026-02-26 16:46:18,514 [INFO] [u_station_ab_night_autotune_v1] __main__: MARKET_REGIME mode=YELLOW reason=avg_cand=1.30 avg_cand_recent=1.30
2026-02-26 16:46:18,515 [INFO] [u_station_ab_night_autotune_v1] __main__: Scanned 10 tokens | High quality: 1 | Alerts sent: 0 | Trade candidates: 1 | Quality out/core/explore/probe: 0/0/0/0 | Opened: 0 | Mode: local | Source: onchain+market | Policy: raw=OK/effective=OK(healthy | route=allow_all) | Regime: YELLOW(avg_cand=1.30) | Safety: checked=1 fail_closed=0 reasons=api_code_4029:1 | FiltersTop(session): source_qos_cap:20,safe_age:5,safe_volume:4,safe_change_5m:3 | Dedup: heavy_skip=0 override=0 | V2Budget: 1/280 | SourceQoS: enabled=1/in=10/out=8/dropped=2/active_cd=0/drops=source_qos_cap:2 | Ingest: q=0/oldest=0.0s/drop_old=0/dedup_skip=0/enq=0/drain=4 | Sources: dex_boosts:ok=1/fail=0/429=0/lim_wait=0/cd_wait=0/err=0.0%/avg=45ms; dexscreener:ok=11/fail=0/429=0/lim_wait=0/cd_wait=0/err=0.0%/avg=184ms; onchain_enrich:ok=13/fail=0/429=0/lim_wait=0/cd_wait=0/err=0.0%/avg=64ms | Tasks: 3 | RSS: 0.0MB | CycleAvg: 5.26s
2026-02-26 16:46:23,028 [INFO] [u_station_ab_night_autotune_v1] __main__: WATCHLIST merged count=3
2026-02-26 16:46:23,029 [INFO] [u_station_ab_night_autotune_v1] trading.v2_runtime: V2_UNIVERSE in=4 dedup=4 out=4 target=4 novel_target=4 novel_out=1 repeat_dropped=0 symbol_dropped=0 surge_in=0 surge_target=0 surge_out=0
2026-02-26 16:46:23,029 [INFO] [u_station_ab_night_autotune_v1] __main__: V2_SOURCE_QOS_FILTER in=4 out=2 drops={'source_qos_cap': 2} caps={'watchlist': 1, 'unknown': 0}
2026-02-26 16:46:23,031 [INFO] [u_station_ab_night_autotune_v1] __main__: FILTER_FAIL token=AERO reason=source_qos_cap source=watchlist used=1/1
2026-02-26 16:46:23,032 [INFO] [u_station_ab_night_autotune_v1] __main__: FILTER_FAIL token=VIRTUAL reason=source_qos_cap source=watchlist used=1/1
2026-02-26 16:46:23,032 [INFO] [u_station_ab_night_autotune_v1] __main__: FILTER_PASS token=cbBTC tier=A score=100 mode=YELLOW risk=MEDIUM liq=19382631 vol5m=87531
2026-02-26 16:46:23,034 [INFO] [u_station_ab_night_autotune_v1] __main__: FILTER_FAIL token=CLAWSPOT reason=score_min score=30 strict_min=48 soft_min=48 mode=YELLOW
2026-02-26 16:46:23,035 [INFO] [u_station_ab_night_autotune_v1] __main__: V2_QUALITY_GATE enabled=True regime=YELLOW in=1 out=0 core_out=0 explore_out=0 probe_out=0 quota=0 max_symbol_share=0.000 drop={'cooldown_bucket': 1} sources_used={}
2026-02-26 16:46:23,036 [INFO] [u_station_ab_night_autotune_v1] __main__: MARKET_REGIME mode=YELLOW reason=avg_cand=1.27 avg_cand_recent=1.27
2026-02-26 16:46:23,037 [INFO] [u_station_ab_night_autotune_v1] __main__: Scanned 4 tokens | High quality: 1 | Alerts sent: 0 | Trade candidates: 1 | Quality out/core/explore/probe: 0/0/0/0 | Opened: 0 | Mode: local | Source: onchain+market | Policy: raw=OK/effective=OK(healthy | route=allow_all) | Regime: YELLOW(avg_cand=1.27) | Safety: checked=1 fail_closed=0 reasons=api_code_4029:1 | FiltersTop(session): source_qos_cap:22,safe_age:5,safe_volume:4,safe_change_5m:3 | Dedup: heavy_skip=0 override=0 | V2Budget: 1/280 | SourceQoS: enabled=1/in=4/out=2/dropped=2/active_cd=0/drops=source_qos_cap:2 | Ingest: q=0/oldest=0.0s/drop_old=0/dedup_skip=0/enq=0/drain=0 | Sources: dex_boosts:ok=1/fail=0/429=0/lim_wait=0/cd_wait=0/err=0.0%/avg=35ms; dexscreener:ok=11/fail=0/429=0/lim_wait=0/cd_wait=0/err=0.0%/avg=39ms; onchain_enrich:ok=1/fail=0/429=0/lim_wait=0/cd_wait=0/err=0.0%/avg=80ms | Tasks: 3 | RSS: 0.0MB | CycleAvg: 5.80s
2026-02-26 16:46:27,464 [INFO] [u_station_ab_night_autotune_v1] __main__: WATCHLIST merged count=3
2026-02-26 16:46:27,465 [INFO] [u_station_ab_night_autotune_v1] trading.v2_runtime: V2_UNIVERSE in=3 dedup=3 out=3 target=3 novel_target=3 novel_out=0 repeat_dropped=0 symbol_dropped=0 surge_in=0 surge_target=0 surge_out=0
2026-02-26 16:46:27,465 [INFO] [u_station_ab_night_autotune_v1] __main__: V2_SOURCE_QOS_FILTER in=3 out=1 drops={'source_qos_cap': 2} caps={'watchlist': 1}
2026-02-26 16:46:27,466 [INFO] [u_station_ab_night_autotune_v1] __main__: FILTER_FAIL token=AERO reason=source_qos_cap source=watchlist used=1/1
2026-02-26 16:46:27,467 [INFO] [u_station_ab_night_autotune_v1] __main__: FILTER_FAIL token=VIRTUAL reason=source_qos_cap source=watchlist used=1/1
2026-02-26 16:46:27,468 [INFO] [u_station_ab_night_autotune_v1] __main__: FILTER_PASS token=cbBTC tier=A score=100 mode=YELLOW risk=MEDIUM liq=19382631 vol5m=87531
2026-02-26 16:46:27,469 [INFO] [u_station_ab_night_autotune_v1] __main__: V2_QUALITY_GATE enabled=True regime=YELLOW in=1 out=0 core_out=0 explore_out=0 probe_out=0 quota=0 max_symbol_share=0.000 drop={'cooldown_bucket': 1} sources_used={}
2026-02-26 16:46:27,470 [INFO] [u_station_ab_night_autotune_v1] __main__: MARKET_REGIME mode=YELLOW reason=avg_cand=1.25 avg_cand_recent=1.25
2026-02-26 16:46:27,471 [INFO] [u_station_ab_night_autotune_v1] __main__: Scanned 3 tokens | High quality: 1 | Alerts sent: 0 | Trade candidates: 1 | Quality out/core/explore/probe: 0/0/0/0 | Opened: 0 | Mode: local | Source: onchain+market | Policy: raw=OK/effective=OK(healthy | route=allow_all) | Regime: YELLOW(avg_cand=1.25) | Safety: checked=1 fail_closed=0 reasons=api_code_4029:1 | FiltersTop(session): source_qos_cap:24,safe_age:5,safe_volume:4,safe_change_5m:3 | Dedup: heavy_skip=0 override=0 | V2Budget: 1/280 | SourceQoS: enabled=1/in=3/out=1/dropped=2/active_cd=0/drops=source_qos_cap:2 | Ingest: q=0/oldest=0.0s/drop_old=0/dedup_skip=0/enq=0/drain=0 | Sources: dex_boosts:ok=1/fail=0/429=0/lim_wait=0/cd_wait=0/err=0.0%/avg=60ms; dexscreener:ok=11/fail=0/429=0/lim_wait=0/cd_wait=0/err=0.0%/avg=46ms | Tasks: 3 | RSS: 0.0MB | CycleAvg: 5.32s
2026-02-26 16:46:31,894 [INFO] [u_station_ab_night_autotune_v1] __main__: WATCHLIST merged count=3
2026-02-26 16:46:31,895 [INFO] [u_station_ab_night_autotune_v1] trading.v2_runtime: V2_UNIVERSE in=3 dedup=3 out=3 target=3 novel_target=3 novel_out=0 repeat_dropped=0 symbol_dropped=0 surge_in=0 surge_target=0 surge_out=0
2026-02-26 16:46:31,895 [INFO] [u_station_ab_night_autotune_v1] __main__: V2_SOURCE_QOS_FILTER in=3 out=1 drops={'source_qos_cap': 2} caps={'watchlist': 1}
2026-02-26 16:46:31,898 [INFO] [u_station_ab_night_autotune_v1] __main__: FILTER_FAIL token=AERO reason=source_qos_cap source=watchlist used=1/1
2026-02-26 16:46:31,899 [INFO] [u_station_ab_night_autotune_v1] __main__: FILTER_FAIL token=VIRTUAL reason=source_qos_cap source=watchlist used=1/1
2026-02-26 16:46:31,900 [INFO] [u_station_ab_night_autotune_v1] __main__: FILTER_PASS token=cbBTC tier=A score=100 mode=YELLOW risk=MEDIUM liq=19382631 vol5m=87531
2026-02-26 16:46:31,901 [INFO] [u_station_ab_night_autotune_v1] __main__: V2_QUALITY_GATE enabled=True regime=YELLOW in=1 out=0 core_out=0 explore_out=0 probe_out=0 quota=0 max_symbol_share=0.000 drop={'cooldown_bucket': 1} sources_used={}
2026-02-26 16:46:31,902 [INFO] [u_station_ab_night_autotune_v1] __main__: MARKET_REGIME mode=YELLOW reason=avg_cand=1.00 avg_cand_recent=1.00
2026-02-26 16:46:31,903 [INFO] [u_station_ab_night_autotune_v1] __main__: Scanned 3 tokens | High quality: 1 | Alerts sent: 0 | Trade candidates: 1 | Quality out/core/explore/probe: 0/0/0/0 | Opened: 0 | Mode: local | Source: onchain+market | Policy: raw=OK/effective=OK(healthy | route=allow_all) | Regime: YELLOW(avg_cand=1.00) | Safety: checked=1 fail_closed=0 reasons=api_code_4029:1 | FiltersTop(session): source_qos_cap:26,safe_age:5,safe_volume:4,safe_change_5m:3 | Dedup: heavy_skip=0 override=0 | V2Budget: 1/280 | SourceQoS: enabled=1/in=3/out=1/dropped=2/active_cd=0/drops=source_qos_cap:2 | Ingest: q=0/oldest=0.0s/drop_old=0/dedup_skip=0/enq=0/drain=0 | Sources: dex_boosts:ok=1/fail=0/429=0/lim_wait=0/cd_wait=0/err=0.0%/avg=52ms; dexscreener:ok=11/fail=0/429=0/lim_wait=0/cd_wait=0/err=0.0%/avg=48ms | Tasks: 3 | RSS: 0.0MB | CycleAvg: 4.92s
2026-02-26 16:46:36,342 [INFO] [u_station_ab_night_autotune_v1] __main__: WATCHLIST merged count=3
2026-02-26 16:46:36,342 [INFO] [u_station_ab_night_autotune_v1] trading.v2_runtime: V2_UNIVERSE in=3 dedup=3 out=3 target=3 novel_target=3 novel_out=0 repeat_dropped=0 symbol_dropped=0 surge_in=0 surge_target=0 surge_out=0
2026-02-26 16:46:36,342 [INFO] [u_station_ab_night_autotune_v1] __main__: V2_SOURCE_QOS_FILTER in=3 out=1 drops={'source_qos_cap': 2} caps={'watchlist': 1}
2026-02-26 16:46:36,344 [INFO] [u_station_ab_night_autotune_v1] __main__: FILTER_FAIL token=AERO reason=source_qos_cap source=watchlist used=1/1
2026-02-26 16:46:36,345 [INFO] [u_station_ab_night_autotune_v1] __main__: FILTER_FAIL token=VIRTUAL reason=source_qos_cap source=watchlist used=1/1
2026-02-26 16:46:36,345 [INFO] [u_station_ab_night_autotune_v1] __main__: FILTER_PASS token=cbBTC tier=A score=100 mode=YELLOW risk=MEDIUM liq=19382631 vol5m=87531
2026-02-26 16:46:36,347 [INFO] [u_station_ab_night_autotune_v1] __main__: V2_QUALITY_GATE enabled=True regime=YELLOW in=1 out=0 core_out=0 explore_out=0 probe_out=0 quota=0 max_symbol_share=0.000 drop={'cooldown_bucket': 1} sources_used={}
2026-02-26 16:46:36,347 [INFO] [u_station_ab_night_autotune_v1] __main__: MARKET_REGIME mode=YELLOW reason=avg_cand=1.00 avg_cand_recent=1.00
2026-02-26 16:46:36,348 [INFO] [u_station_ab_night_autotune_v1] __main__: Scanned 3 tokens | High quality: 1 | Alerts sent: 0 | Trade candidates: 1 | Quality out/core/explore/probe: 0/0/0/0 | Opened: 0 | Mode: local | Source: onchain+market | Policy: raw=OK/effective=OK(healthy | route=allow_all) | Regime: YELLOW(avg_cand=1.00) | Safety: checked=1 fail_closed=0 reasons=api_code_4029:1 | FiltersTop(session): source_qos_cap:28,safe_age:5,safe_volume:4,safe_change_5m:3 | Dedup: heavy_skip=0 override=0 | V2Budget: 1/280 | SourceQoS: enabled=1/in=3/out=1/dropped=2/active_cd=0/drops=source_qos_cap:2 | Ingest: q=0/oldest=0.0s/drop_old=0/dedup_skip=0/enq=0/drain=0 | Sources: dex_boosts:ok=1/fail=0/429=0/lim_wait=0/cd_wait=0/err=0.0%/avg=36ms; dexscreener:ok=11/fail=0/429=0/lim_wait=0/cd_wait=0/err=0.0%/avg=47ms | Tasks: 3 | RSS: 0.0MB | CycleAvg: 4.57s
2026-02-26 16:46:40,872 [INFO] [u_station_ab_night_autotune_v1] __main__: WATCHLIST merged count=3
2026-02-26 16:46:40,872 [INFO] [u_station_ab_night_autotune_v1] trading.v2_runtime: V2_UNIVERSE in=3 dedup=3 out=3 target=3 novel_target=3 novel_out=0 repeat_dropped=0 symbol_dropped=0 surge_in=0 surge_target=0 surge_out=0
2026-02-26 16:46:40,873 [INFO] [u_station_ab_night_autotune_v1] __main__: V2_SOURCE_QOS_FILTER in=3 out=1 drops={'source_qos_cap': 2} caps={'watchlist': 1}
2026-02-26 16:46:40,874 [INFO] [u_station_ab_night_autotune_v1] __main__: FILTER_FAIL token=AERO reason=source_qos_cap source=watchlist used=1/1
2026-02-26 16:46:40,875 [INFO] [u_station_ab_night_autotune_v1] __main__: FILTER_FAIL token=VIRTUAL reason=source_qos_cap source=watchlist used=1/1
2026-02-26 16:46:40,876 [INFO] [u_station_ab_night_autotune_v1] __main__: FILTER_PASS token=cbBTC tier=A score=100 mode=YELLOW risk=MEDIUM liq=19382631 vol5m=87531
2026-02-26 16:46:40,878 [INFO] [u_station_ab_night_autotune_v1] __main__: V2_QUALITY_GATE enabled=True regime=YELLOW in=1 out=1 core_out=0 explore_out=1 probe_out=1 quota=1 max_symbol_share=1.000 drop={} sources_used={'watchlist': 1}
2026-02-26 16:46:40,879 [INFO] [u_station_ab_night_autotune_v1] __main__: V2_ENTRY_ROUTE enabled=True regime=YELLOW in=1 out=1 core_out=0 explore_out=1 quota=1 allow_explore=True
2026-02-26 16:46:40,879 [INFO] [u_station_ab_night_autotune_v1] __main__: MARKET_REGIME mode=YELLOW reason=avg_cand=1.00 avg_cand_recent=1.00
2026-02-26 16:46:40,910 [INFO] [u_station_ab_night_autotune_v1] trading.auto_trader: AutoTrade adjust token=cbBTC reason=min_trade_floor size=$0.02->$0.10 min=$0.10
2026-02-26 16:46:40,911 [INFO] [u_station_ab_night_autotune_v1] trading.auto_trader: AutoTrade skip token=cbBTC reason=ev_net_low expected_net=$-0.00498 min=$-0.00354 samples=32 conf=1.00 pwin=0.34 avg_win=$0.0031 avg_loss=$0.0118 kelly=0.000 mem=bad=True severe=False trades=7 avg=-0.00032 loss_share=0.29 size_mult=0.80 edge_mult=1.10 p=0.74
2026-02-26 16:46:40,912 [INFO] [u_station_ab_night_autotune_v1] trading.auto_trader: AutoTrade batch mode=top_n candidates=1 eligible=1 selected=1 opened=0 pe=off burst_window=0
2026-02-26 16:46:40,912 [INFO] [u_station_ab_night_autotune_v1] __main__: Scanned 3 tokens | High quality: 1 | Alerts sent: 0 | Trade candidates: 1 | Quality out/core/explore/probe: 1/0/1/1 | Opened: 0 | Mode: local | Source: onchain+market | Policy: raw=OK/effective=OK(healthy | route=allow_all) | Regime: YELLOW(avg_cand=1.00) | Safety: checked=1 fail_closed=0 reasons=api_code_4029:1 | FiltersTop(session): source_qos_cap:30,safe_age:5,safe_volume:4,safe_change_5m:3 | Dedup: heavy_skip=0 override=0 | V2Budget: 1/280 | SourceQoS: enabled=1/in=3/out=1/dropped=2/active_cd=0/drops=source_qos_cap:2 | Ingest: q=0/oldest=0.0s/drop_old=0/dedup_skip=0/enq=0/drain=0 | Sources: dex_boosts:ok=1/fail=0/429=0/lim_wait=0/cd_wait=0/err=0.0%/avg=79ms; dexscreener:ok=11/fail=0/429=0/lim_wait=0/cd_wait=0/err=0.0%/avg=218ms | Tasks: 3 | RSS: 0.0MB | CycleAvg: 4.27s
2026-02-26 16:46:45,334 [INFO] [u_station_ab_night_autotune_v1] __main__: WATCHLIST merged count=3
2026-02-26 16:46:45,335 [INFO] [u_station_ab_night_autotune_v1] trading.v2_runtime: V2_UNIVERSE in=3 dedup=3 out=3 target=3 novel_target=3 novel_out=0 repeat_dropped=0 symbol_dropped=0 surge_in=0 surge_target=0 surge_out=0
2026-02-26 16:46:45,335 [INFO] [u_station_ab_night_autotune_v1] __main__: V2_SOURCE_QOS_FILTER in=3 out=1 drops={'source_qos_cap': 2} caps={'watchlist': 1}
2026-02-26 16:46:45,336 [INFO] [u_station_ab_night_autotune_v1] __main__: FILTER_FAIL token=AERO reason=source_qos_cap source=watchlist used=1/1
2026-02-26 16:46:45,337 [INFO] [u_station_ab_night_autotune_v1] __main__: FILTER_FAIL token=VIRTUAL reason=source_qos_cap source=watchlist used=1/1
2026-02-26 16:46:45,337 [INFO] [u_station_ab_night_autotune_v1] __main__: FILTER_PASS token=cbBTC tier=A score=100 mode=YELLOW risk=MEDIUM liq=19382631 vol5m=87531
2026-02-26 16:46:45,338 [INFO] [u_station_ab_night_autotune_v1] __main__: V2_QUALITY_GATE enabled=True regime=YELLOW in=1 out=0 core_out=0 explore_out=0 probe_out=0 quota=0 max_symbol_share=0.000 drop={'cooldown_bucket': 1} sources_used={}
2026-02-26 16:46:45,340 [INFO] [u_station_ab_night_autotune_v1] __main__: MARKET_REGIME mode=YELLOW reason=avg_cand=1.00 avg_cand_recent=1.00
2026-02-26 16:46:45,341 [INFO] [u_station_ab_night_autotune_v1] __main__: Scanned 3 tokens | High quality: 1 | Alerts sent: 0 | Trade candidates: 1 | Quality out/core/explore/probe: 0/0/0/0 | Opened: 0 | Mode: local | Source: onchain+market | Policy: raw=OK/effective=OK(healthy | route=allow_all) | Regime: YELLOW(avg_cand=1.00) | Safety: checked=1 fail_closed=0 reasons=api_code_4029:1 | FiltersTop(session): source_qos_cap:32,safe_age:5,safe_volume:4,safe_change_5m:3 | Dedup: heavy_skip=0 override=0 | V2Budget: 1/280 | SourceQoS: enabled=1/in=3/out=1/dropped=2/active_cd=0/drops=source_qos_cap:2 | Ingest: q=0/oldest=0.0s/drop_old=0/dedup_skip=0/enq=0/drain=0 | Sources: dex_boosts:ok=1/fail=0/429=0/lim_wait=0/cd_wait=0/err=0.0%/avg=38ms; dexscreener:ok=11/fail=0/429=0/lim_wait=0/cd_wait=0/err=0.0%/avg=39ms | Tasks: 3 | RSS: 0.0MB | CycleAvg: 4.03s
2026-02-26 16:46:49,793 [INFO] [u_station_ab_night_autotune_v1] __main__: WATCHLIST merged count=3
2026-02-26 16:46:49,794 [INFO] [u_station_ab_night_autotune_v1] trading.v2_runtime: V2_UNIVERSE in=3 dedup=3 out=3 target=3 novel_target=3 novel_out=0 repeat_dropped=0 symbol_dropped=0 surge_in=0 surge_target=0 surge_out=0
2026-02-26 16:46:49,795 [INFO] [u_station_ab_night_autotune_v1] __main__: V2_SOURCE_QOS_FILTER in=3 out=1 drops={'source_qos_cap': 2} caps={'watchlist': 1}
2026-02-26 16:46:49,796 [INFO] [u_station_ab_night_autotune_v1] __main__: FILTER_FAIL token=AERO reason=source_qos_cap source=watchlist used=1/1
2026-02-26 16:46:49,797 [INFO] [u_station_ab_night_autotune_v1] __main__: FILTER_FAIL token=VIRTUAL reason=source_qos_cap source=watchlist used=1/1
2026-02-26 16:46:49,797 [INFO] [u_station_ab_night_autotune_v1] __main__: FILTER_PASS token=cbBTC tier=A score=100 mode=YELLOW risk=MEDIUM liq=19382631 vol5m=87531
2026-02-26 16:46:49,799 [INFO] [u_station_ab_night_autotune_v1] __main__: V2_QUALITY_GATE enabled=True regime=YELLOW in=1 out=0 core_out=0 explore_out=0 probe_out=0 quota=0 max_symbol_share=0.000 drop={'cooldown_bucket': 1} sources_used={}
2026-02-26 16:46:49,801 [INFO] [u_station_ab_night_autotune_v1] __main__: MARKET_REGIME mode=YELLOW reason=avg_cand=1.00 avg_cand_recent=1.00
2026-02-26 16:46:49,802 [INFO] [u_station_ab_night_autotune_v1] trading.auto_trader: PAPER_SUMMARY window=60s closed_delta=0 wins_delta=0 losses_delta=0 realized_delta=$0.00 total_closed=35 winrate_total=37.1% realized_total=$0.37 balance=$7.37 equity=$7.37 open=0
2026-02-26 16:46:49,803 [INFO] [u_station_ab_night_autotune_v1] __main__: Scanned 3 tokens | High quality: 1 | Alerts sent: 0 | Trade candidates: 1 | Quality out/core/explore/probe: 0/0/0/0 | Opened: 0 | Mode: local | Source: onchain+market | Policy: raw=OK/effective=OK(healthy | route=allow_all) | Regime: YELLOW(avg_cand=1.00) | Safety: checked=1 fail_closed=0 reasons=api_code_4029:1 | FiltersTop(session): source_qos_cap:34,safe_age:5,safe_volume:4,safe_change_5m:3 | Dedup: heavy_skip=0 override=0 | V2Budget: 1/280 | SourceQoS: enabled=1/in=3/out=1/dropped=2/active_cd=0/drops=source_qos_cap:2 | Ingest: q=0/oldest=0.0s/drop_old=0/dedup_skip=0/enq=0/drain=0 | Sources: dex_boosts:ok=1/fail=0/429=0/lim_wait=0/cd_wait=0/err=0.0%/avg=53ms; dexscreener:ok=11/fail=0/429=0/lim_wait=0/cd_wait=0/err=0.0%/avg=50ms | Tasks: 3 | RSS: 0.0MB | CycleAvg: 3.80s
2026-02-26 16:46:54,256 [INFO] [u_station_ab_night_autotune_v1] __main__: WATCHLIST merged count=3
2026-02-26 16:46:54,257 [INFO] [u_station_ab_night_autotune_v1] trading.v2_runtime: V2_UNIVERSE in=3 dedup=3 out=3 target=3 novel_target=3 novel_out=0 repeat_dropped=0 symbol_dropped=0 surge_in=0 surge_target=0 surge_out=0
2026-02-26 16:46:54,258 [INFO] [u_station_ab_night_autotune_v1] __main__: V2_SOURCE_QOS_FILTER in=3 out=1 drops={'source_qos_cap': 2} caps={'watchlist': 1}
2026-02-26 16:46:54,259 [INFO] [u_station_ab_night_autotune_v1] __main__: FILTER_FAIL token=AERO reason=source_qos_cap source=watchlist used=1/1
2026-02-26 16:46:54,259 [INFO] [u_station_ab_night_autotune_v1] __main__: FILTER_FAIL token=VIRTUAL reason=source_qos_cap source=watchlist used=1/1
2026-02-26 16:46:54,260 [INFO] [u_station_ab_night_autotune_v1] __main__: FILTER_PASS token=cbBTC tier=A score=100 mode=YELLOW risk=MEDIUM liq=19382631 vol5m=87531
2026-02-26 16:46:54,261 [INFO] [u_station_ab_night_autotune_v1] __main__: V2_QUALITY_GATE enabled=True regime=YELLOW in=1 out=0 core_out=0 explore_out=0 probe_out=0 quota=0 max_symbol_share=0.000 drop={'cooldown_bucket': 1} sources_used={}
2026-02-26 16:46:54,262 [INFO] [u_station_ab_night_autotune_v1] __main__: MARKET_REGIME mode=YELLOW reason=avg_cand=1.00 avg_cand_recent=1.00
2026-02-26 16:46:54,264 [INFO] [u_station_ab_night_autotune_v1] __main__: Scanned 3 tokens | High quality: 1 | Alerts sent: 0 | Trade candidates: 1 | Quality out/core/explore/probe: 0/0/0/0 | Opened: 0 | Mode: local | Source: onchain+market | Policy: raw=OK/effective=OK(healthy | route=allow_all) | Regime: YELLOW(avg_cand=1.00) | Safety: checked=1 fail_closed=0 reasons=api_code_4029:1 | FiltersTop(session): source_qos_cap:36,safe_age:5,safe_volume:4,safe_change_5m:3 | Dedup: heavy_skip=0 override=0 | V2Budget: 1/280 | SourceQoS: enabled=1/in=3/out=1/dropped=2/active_cd=0/drops=source_qos_cap:2 | Ingest: q=0/oldest=0.0s/drop_old=0/dedup_skip=0/enq=0/drain=0 | Sources: dex_boosts:ok=1/fail=0/429=0/lim_wait=0/cd_wait=0/err=0.0%/avg=69ms; dexscreener:ok=11/fail=0/429=0/lim_wait=0/cd_wait=0/err=0.0%/avg=63ms | Tasks: 3 | RSS: 0.0MB | CycleAvg: 3.60s
2026-02-26 16:46:58,690 [INFO] [u_station_ab_night_autotune_v1] __main__: WATCHLIST merged count=3
2026-02-26 16:46:58,690 [INFO] [u_station_ab_night_autotune_v1] trading.v2_runtime: V2_UNIVERSE in=3 dedup=3 out=3 target=3 novel_target=3 novel_out=0 repeat_dropped=0 symbol_dropped=0 surge_in=0 surge_target=0 surge_out=0
2026-02-26 16:46:58,691 [INFO] [u_station_ab_night_autotune_v1] __main__: V2_SOURCE_QOS_FILTER in=3 out=1 drops={'source_qos_cap': 2} caps={'watchlist': 1}
2026-02-26 16:46:58,692 [INFO] [u_station_ab_night_autotune_v1] __main__: FILTER_FAIL token=AERO reason=source_qos_cap source=watchlist used=1/1
2026-02-26 16:46:58,692 [INFO] [u_station_ab_night_autotune_v1] __main__: FILTER_FAIL token=VIRTUAL reason=source_qos_cap source=watchlist used=1/1
2026-02-26 16:46:58,693 [INFO] [u_station_ab_night_autotune_v1] __main__: FILTER_PASS token=cbBTC tier=A score=100 mode=YELLOW risk=MEDIUM liq=19382631 vol5m=87531
2026-02-26 16:46:58,694 [INFO] [u_station_ab_night_autotune_v1] __main__: V2_QUALITY_GATE enabled=True regime=YELLOW in=1 out=0 core_out=0 explore_out=0 probe_out=0 quota=0 max_symbol_share=0.000 drop={'cooldown_bucket': 1} sources_used={}
2026-02-26 16:46:58,695 [INFO] [u_station_ab_night_autotune_v1] __main__: MARKET_REGIME mode=YELLOW reason=avg_cand=1.00 avg_cand_recent=1.00
2026-02-26 16:46:58,696 [INFO] [u_station_ab_night_autotune_v1] __main__: Scanned 3 tokens | High quality: 1 | Alerts sent: 0 | Trade candidates: 1 | Quality out/core/explore/probe: 0/0/0/0 | Opened: 0 | Mode: local | Source: onchain+market | Policy: raw=OK/effective=OK(healthy | route=allow_all) | Regime: YELLOW(avg_cand=1.00) | Safety: checked=1 fail_closed=0 reasons=api_code_4029:1 | FiltersTop(session): source_qos_cap:38,safe_age:5,safe_volume:4,safe_change_5m:3 | Dedup: heavy_skip=0 override=0 | V2Budget: 1/280 | SourceQoS: enabled=1/in=3/out=1/dropped=2/active_cd=0/drops=source_qos_cap:2 | Ingest: q=0/oldest=0.0s/drop_old=0/dedup_skip=0/enq=0/drain=0 | Sources: dex_boosts:ok=1/fail=0/429=0/lim_wait=0/cd_wait=0/err=0.0%/avg=47ms; dexscreener:ok=11/fail=0/429=0/lim_wait=0/cd_wait=0/err=0.0%/avg=46ms | Tasks: 3 | RSS: 0.0MB | CycleAvg: 3.43s
2026-02-26 16:47:07,858 [INFO] [u_station_ab_night_autotune_v1] __main__: WATCHLIST merged count=3
2026-02-26 16:47:07,859 [INFO] [u_station_ab_night_autotune_v1] trading.v2_runtime: V2_UNIVERSE in=3 dedup=3 out=3 target=3 novel_target=3 novel_out=0 repeat_dropped=0 symbol_dropped=0 surge_in=0 surge_target=0 surge_out=0
2026-02-26 16:47:07,860 [INFO] [u_station_ab_night_autotune_v1] __main__: V2_SOURCE_QOS_FILTER in=3 out=1 drops={'source_qos_cap': 2} caps={'watchlist': 1}
2026-02-26 16:47:07,861 [INFO] [u_station_ab_night_autotune_v1] __main__: FILTER_FAIL token=AERO reason=source_qos_cap source=watchlist used=1/1
2026-02-26 16:47:07,862 [INFO] [u_station_ab_night_autotune_v1] __main__: FILTER_FAIL token=VIRTUAL reason=source_qos_cap source=watchlist used=1/1
2026-02-26 16:47:07,863 [INFO] [u_station_ab_night_autotune_v1] __main__: FILTER_PASS token=cbBTC tier=A score=100 mode=YELLOW risk=MEDIUM liq=19382631 vol5m=87531
2026-02-26 16:47:07,864 [INFO] [u_station_ab_night_autotune_v1] __main__: V2_QUALITY_GATE enabled=True regime=YELLOW in=1 out=0 core_out=0 explore_out=0 probe_out=0 quota=0 max_symbol_share=0.000 drop={'cooldown_bucket': 1} sources_used={}
2026-02-26 16:47:07,866 [INFO] [u_station_ab_night_autotune_v1] __main__: MARKET_REGIME mode=YELLOW reason=avg_cand=1.00 avg_cand_recent=1.00
2026-02-26 16:47:07,867 [INFO] [u_station_ab_night_autotune_v1] __main__: Scanned 3 tokens | High quality: 1 | Alerts sent: 0 | Trade candidates: 1 | Quality out/core/explore/probe: 0/0/0/0 | Opened: 0 | Mode: local | Source: onchain+market | Policy: raw=OK/effective=OK(healthy | route=allow_all) | Regime: YELLOW(avg_cand=1.00) | Safety: checked=1 fail_closed=0 reasons=api_code_4029:1 | FiltersTop(session): source_qos_cap:40,safe_age:5,safe_volume:4,safe_change_5m:3 | Dedup: heavy_skip=0 override=0 | V2Budget: 1/280 | SourceQoS: enabled=1/in=3/out=1/dropped=2/active_cd=0/drops=source_qos_cap:2 | Ingest: q=0/oldest=0.0s/drop_old=0/dedup_skip=0/enq=0/drain=0 | Sources: dex_boosts:ok=1/fail=0/429=0/lim_wait=0/cd_wait=0/err=0.0%/avg=39ms; dexscreener:ok=11/fail=0/429=0/lim_wait=1/cd_wait=0/err=0.0%/avg=46ms | Tasks: 3 | RSS: 0.0MB | CycleAvg: 3.27s
2026-02-26 16:47:12,209 [INFO] [u_station_ab_night_autotune_v1] monitor.onchain_factory: PAIR_DETECTED source=uniswap_v2 dex=uniswap_v2 pair=0x507be505928207aaa8d291dc843365d53b9dc64d token0=0x4200000000000000000000000000000000000006 token1=0x639cfb627f0a9ee01af8861e800dd06cfe0fbba3 block=42665736 factory=0x8909dc15e40173ff4699343b6eb8132c65e18ec6
2026-02-26 16:47:12,827 [INFO] [u_station_ab_night_autotune_v1] monitor.onchain_factory: ENRICH_RETRY token=0x639cfb627f0a9ee01af8861e800dd06cfe0fbba3 pair=0x507be505928207aaa8d291dc843365d53b9dc64d attempt=1/2 delay=10s
2026-02-26 16:47:23,070 [INFO] [u_station_ab_night_autotune_v1] __main__: WATCHLIST merged count=3
2026-02-26 16:47:23,070 [INFO] [u_station_ab_night_autotune_v1] trading.v2_runtime: V2_UNIVERSE in=3 dedup=3 out=3 target=3 novel_target=3 novel_out=0 repeat_dropped=0 symbol_dropped=0 surge_in=0 surge_target=0 surge_out=0
2026-02-26 16:47:23,071 [INFO] [u_station_ab_night_autotune_v1] __main__: V2_SOURCE_QOS_FILTER in=3 out=1 drops={'source_qos_cap': 2} caps={'watchlist': 1}
2026-02-26 16:47:23,072 [INFO] [u_station_ab_night_autotune_v1] __main__: FILTER_FAIL token=AERO reason=source_qos_cap source=watchlist used=1/1
2026-02-26 16:47:23,072 [INFO] [u_station_ab_night_autotune_v1] __main__: FILTER_FAIL token=VIRTUAL reason=source_qos_cap source=watchlist used=1/1
2026-02-26 16:47:23,073 [INFO] [u_station_ab_night_autotune_v1] __main__: FILTER_PASS token=cbBTC tier=A score=100 mode=YELLOW risk=MEDIUM liq=19382631 vol5m=87531
2026-02-26 16:47:23,074 [INFO] [u_station_ab_night_autotune_v1] __main__: V2_QUALITY_GATE enabled=True regime=YELLOW in=1 out=0 core_out=0 explore_out=0 probe_out=0 quota=0 max_symbol_share=0.000 drop={'cooldown_bucket': 1} sources_used={}
2026-02-26 16:47:23,076 [INFO] [u_station_ab_night_autotune_v1] __main__: MARKET_REGIME mode=YELLOW reason=avg_cand=1.00 avg_cand_recent=1.00
2026-02-26 16:47:23,077 [INFO] [u_station_ab_night_autotune_v1] __main__: Scanned 3 tokens | High quality: 1 | Alerts sent: 0 | Trade candidates: 1 | Quality out/core/explore/probe: 0/0/0/0 | Opened: 0 | Mode: local | Source: onchain+market | Policy: raw=OK/effective=OK(healthy | route=allow_all) | Regime: YELLOW(avg_cand=1.00) | Safety: checked=1 fail_closed=0 reasons=api_code_4029:1 | FiltersTop(session): source_qos_cap:42,safe_age:5,safe_volume:4,safe_change_5m:3 | Dedup: heavy_skip=0 override=0 | V2Budget: 1/280 | SourceQoS: enabled=1/in=3/out=1/dropped=2/active_cd=0/drops=source_qos_cap:2 | Ingest: q=5/oldest=8.0s/drop_old=0/dedup_skip=0/enq=5/drain=0 | Sources: dex_boosts:ok=1/fail=0/429=0/lim_wait=0/cd_wait=0/err=0.0%/avg=35ms; dexscreener:ok=11/fail=0/429=0/lim_wait=1/cd_wait=0/err=0.0%/avg=241ms; geckoterminal:ok=1/fail=0/429=0/lim_wait=0/cd_wait=0/err=0.0%/avg=238ms; onchain_enrich:ok=4/fail=0/429=0/lim_wait=0/cd_wait=0/err=0.0%/avg=138ms; onchain_weth_price:ok=1/fail=0/429=0/lim_wait=0/cd_wait=0/err=0.0%/avg=155ms | Tasks: 3 | RSS: 0.0MB | CycleAvg: 3.37s
2026-02-26 16:47:27,579 [INFO] [u_station_ab_night_autotune_v1] monitor.onchain_factory: ENRICH_RETRY token=0x639cfb627f0a9ee01af8861e800dd06cfe0fbba3 pair=0x507be505928207aaa8d291dc843365d53b9dc64d attempt=1/2 delay=10s
2026-02-26 16:47:37,663 [INFO] [u_station_ab_night_autotune_v1] __main__: WATCHLIST merged count=3
2026-02-26 16:47:37,664 [INFO] [u_station_ab_night_autotune_v1] trading.v2_runtime: V2_UNIVERSE in=8 dedup=8 out=8 target=8 novel_target=7 novel_out=2 repeat_dropped=0 symbol_dropped=0 surge_in=1 surge_target=1 surge_out=1
2026-02-26 16:47:37,664 [INFO] [u_station_ab_night_autotune_v1] __main__: V2_SOURCE_QOS_FILTER in=8 out=6 drops={'source_qos_cap': 2} caps={'watchlist': 1, 'geckoterminal': 287}
2026-02-26 16:47:37,665 [INFO] [u_station_ab_night_autotune_v1] __main__: FILTER_FAIL token=AERO reason=source_qos_cap source=watchlist used=1/1
2026-02-26 16:47:37,666 [INFO] [u_station_ab_night_autotune_v1] __main__: FILTER_FAIL token=VIRTUAL reason=source_qos_cap source=watchlist used=1/1
2026-02-26 16:47:37,667 [INFO] [u_station_ab_night_autotune_v1] __main__: FILTER_FAIL token=SUSW reason=safe_age
2026-02-26 16:47:37,667 [INFO] [u_station_ab_night_autotune_v1] __main__: FILTER_PASS token=cbBTC tier=A score=100 mode=YELLOW risk=MEDIUM liq=19382631 vol5m=87531
2026-02-26 16:47:37,669 [INFO] [u_station_ab_night_autotune_v1] __main__: FILTER_FAIL token=CHARLES reason=safe_age
2026-02-26 16:47:37,670 [INFO] [u_station_ab_night_autotune_v1] __main__: FILTER_FAIL token=CLAWSPOT reason=score_min score=30 strict_min=48 soft_min=48 mode=YELLOW
2026-02-26 16:47:37,671 [INFO] [u_station_ab_night_autotune_v1] __main__: FILTER_FAIL token=GACCI reason=score_min score=30 strict_min=48 soft_min=48 mode=YELLOW
2026-02-26 16:47:37,672 [INFO] [u_station_ab_night_autotune_v1] __main__: FILTER_FAIL token=MINI25 reason=safe_age
2026-02-26 16:47:37,672 [INFO] [u_station_ab_night_autotune_v1] __main__: V2_QUALITY_GATE enabled=True regime=YELLOW in=1 out=0 core_out=0 explore_out=0 probe_out=0 quota=0 max_symbol_share=0.000 drop={'cooldown_bucket': 1} sources_used={}
2026-02-26 16:47:37,674 [INFO] [u_station_ab_night_autotune_v1] __main__: MARKET_REGIME mode=YELLOW reason=avg_cand=1.00 avg_cand_recent=1.00
2026-02-26 16:47:37,675 [INFO] [u_station_ab_night_autotune_v1] __main__: Scanned 8 tokens | High quality: 2 | Alerts sent: 0 | Trade candidates: 1 | Quality out/core/explore/probe: 0/0/0/0 | Opened: 0 | Mode: local | Source: onchain+market | Policy: raw=OK/effective=OK(healthy | route=allow_all) | Regime: YELLOW(avg_cand=1.00) | Safety: checked=1 fail_closed=0 reasons=api_code_4029:1 | FiltersTop(session): source_qos_cap:44,safe_age:8,safe_volume:4,safe_change_5m:3 | Dedup: heavy_skip=0 override=0 | V2Budget: 1/280 | SourceQoS: enabled=1/in=8/out=6/dropped=2/active_cd=0/drops=source_qos_cap:2 | Ingest: q=0/oldest=0.0s/drop_old=0/dedup_skip=0/enq=0/drain=5 | Sources: dex_boosts:ok=1/fail=0/429=0/lim_wait=0/cd_wait=0/err=0.0%/avg=50ms; dexscreener:ok=11/fail=0/429=0/lim_wait=0/cd_wait=0/err=0.0%/avg=65ms; onchain_enrich:ok=4/fail=0/429=0/lim_wait=0/cd_wait=0/err=0.0%/avg=37ms | Tasks: 3 | RSS: 0.0MB | CycleAvg: 3.74s
2026-02-26 16:47:41,957 [INFO] [u_station_ab_night_autotune_v1] monitor.onchain_factory: PAIR_DETECTED source=uniswap_v2 dex=uniswap_v2 pair=0xd529af5dd023f85307aad68bfe1a8bceb53c9996 token0=0x17d96e1458e2a133d84d7ca966d49c64a825ab07 token1=0x4200000000000000000000000000000000000006 block=42665749 factory=0x8909dc15e40173ff4699343b6eb8132c65e18ec6
2026-02-26 16:47:42,218 [INFO] [u_station_ab_night_autotune_v1] monitor.onchain_factory: ENRICH_RETRY token=0x639cfb627f0a9ee01af8861e800dd06cfe0fbba3 pair=0x507be505928207aaa8d291dc843365d53b9dc64d attempt=1/2 delay=10s
2026-02-26 16:47:42,424 [INFO] [u_station_ab_night_autotune_v1] monitor.onchain_factory: ENRICH_RETRY token=0x17d96e1458e2a133d84d7ca966d49c64a825ab07 pair=0xd529af5dd023f85307aad68bfe1a8bceb53c9996 attempt=1/2 delay=10s
2026-02-26 16:47:52,520 [INFO] [u_station_ab_night_autotune_v1] __main__: WATCHLIST merged count=3
2026-02-26 16:47:52,520 [INFO] [u_station_ab_night_autotune_v1] trading.v2_runtime: V2_UNIVERSE in=4 dedup=4 out=4 target=4 novel_target=4 novel_out=1 repeat_dropped=0 symbol_dropped=0 surge_in=0 surge_target=0 surge_out=0
2026-02-26 16:47:52,521 [INFO] [u_station_ab_night_autotune_v1] __main__: V2_SOURCE_QOS_FILTER in=4 out=2 drops={'source_qos_cap': 2} caps={'watchlist': 1, 'unknown': 0}
2026-02-26 16:47:52,522 [INFO] [u_station_ab_night_autotune_v1] __main__: FILTER_FAIL token=AERO reason=source_qos_cap source=watchlist used=1/1
2026-02-26 16:47:52,523 [INFO] [u_station_ab_night_autotune_v1] __main__: FILTER_FAIL token=VIRTUAL reason=source_qos_cap source=watchlist used=1/1
2026-02-26 16:47:52,524 [INFO] [u_station_ab_night_autotune_v1] __main__: FILTER_PASS token=cbBTC tier=A score=100 mode=YELLOW risk=MEDIUM liq=19382631 vol5m=87531
2026-02-26 16:47:52,525 [INFO] [u_station_ab_night_autotune_v1] __main__: FILTER_FAIL token=cmux reason=safe_age
2026-02-26 16:47:52,525 [INFO] [u_station_ab_night_autotune_v1] __main__: V2_QUALITY_GATE enabled=True regime=YELLOW in=1 out=0 core_out=0 explore_out=0 probe_out=0 quota=0 max_symbol_share=0.000 drop={'cooldown_bucket': 1} sources_used={}
2026-02-26 16:47:52,526 [INFO] [u_station_ab_night_autotune_v1] __main__: MARKET_REGIME mode=YELLOW reason=avg_cand=1.00 avg_cand_recent=1.00
2026-02-26 16:47:52,526 [INFO] [u_station_ab_night_autotune_v1] trading.auto_trader: PAPER_SUMMARY window=60s closed_delta=0 wins_delta=0 losses_delta=0 realized_delta=$0.00 total_closed=35 winrate_total=37.1% realized_total=$0.37 balance=$7.37 equity=$7.37 open=0
2026-02-26 16:47:52,527 [INFO] [u_station_ab_night_autotune_v1] __main__: Scanned 4 tokens | High quality: 1 | Alerts sent: 0 | Trade candidates: 1 | Quality out/core/explore/probe: 0/0/0/0 | Opened: 0 | Mode: local | Source: onchain+market | Policy: raw=OK/effective=OK(healthy | route=allow_all) | Regime: YELLOW(avg_cand=1.00) | Safety: checked=1 fail_closed=0 reasons=api_code_4029:1 | FiltersTop(session): source_qos_cap:46,safe_age:9,safe_volume:4,safe_change_5m:3 | Dedup: heavy_skip=0 override=0 | V2Budget: 1/280 | SourceQoS: enabled=1/in=4/out=2/dropped=2/active_cd=0/drops=source_qos_cap:2 | Ingest: q=0/oldest=0.0s/drop_old=0/dedup_skip=0/enq=0/drain=0 | Sources: dex_boosts:ok=1/fail=0/429=0/lim_wait=0/cd_wait=0/err=0.0%/avg=62ms; dexscreener:ok=11/fail=0/429=0/lim_wait=0/cd_wait=0/err=0.0%/avg=48ms; onchain_enrich:ok=7/fail=0/429=0/lim_wait=0/cd_wait=0/err=0.0%/avg=112ms | Tasks: 3 | RSS: 0.0MB | CycleAvg: 4.05s
