2026-02-26 17:49:36,933 [INFO] [u_station_ab_night_autotune_v1] __main__: SESSION_LOG file=logs/matrix/u_station_ab_night_autotune_v1\sessions\main_local_20260226_164936_pid15656.log
2026-02-26 17:49:36,958 [INFO] [u_station_ab_night_autotune_v1] trading.auto_trader_state: AutoTrade state loaded open=0 closed=47 balance=$7.67
2026-02-26 17:49:36,971 [WARNING] [u_station_ab_night_autotune_v1] trading.auto_trader: DATA_POLICY mode=OK reason=init_reset_manual prev_mode=OK prev_reason=healthy | route=allow_all
2026-02-26 17:49:36,971 [INFO] [u_station_ab_night_autotune_v1] __main__: AUTOTRADER_INIT state=ready reason=manual mode=paper
2026-02-26 17:49:36,975 [INFO] [u_station_ab_night_autotune_v1] __main__: Local mode started (Telegram disabled).
2026-02-26 17:49:39,396 [INFO] [u_station_ab_night_autotune_v1] __main__: WATCHLIST merged count=3
2026-02-26 17:49:39,397 [INFO] [u_station_ab_night_autotune_v1] trading.v2_runtime: V2_UNIVERSE in=18 dedup=18 out=18 target=18 novel_target=16 novel_out=18 repeat_dropped=0 symbol_dropped=0 surge_in=2 surge_target=2 surge_out=2
2026-02-26 17:49:39,398 [INFO] [u_station_ab_night_autotune_v1] __main__: V2_SOURCE_QOS_FILTER in=18 out=15 drops={'source_qos_symbol_cap': 3} caps={'watchlist': 6, 'geckoterminal': 287}
2026-02-26 17:49:39,400 [INFO] [u_station_ab_night_autotune_v1] __main__: FILTER_FAIL token=KRAD reason=source_qos_symbol_cap symbol=KRAD used=1/1
2026-02-26 17:49:39,401 [INFO] [u_station_ab_night_autotune_v1] __main__: FILTER_FAIL token=KRAD reason=source_qos_symbol_cap symbol=KRAD used=1/1
2026-02-26 17:49:39,402 [INFO] [u_station_ab_night_autotune_v1] __main__: FILTER_FAIL token=KRAD reason=source_qos_symbol_cap symbol=KRAD used=1/1
2026-02-26 17:49:39,403 [INFO] [u_station_ab_night_autotune_v1] __main__: FILTER_FAIL token=KRAD reason=safe_age
2026-02-26 17:49:39,404 [INFO] [u_station_ab_night_autotune_v1] __main__: FILTER_PASS token=cbBTC tier=A score=100 mode=YELLOW risk=MEDIUM liq=19129856 vol5m=620382
2026-02-26 17:49:39,405 [INFO] [u_station_ab_night_autotune_v1] __main__: FILTER_PASS token=TASK tier=A score=80 mode=YELLOW risk=MEDIUM liq=22928 vol5m=5618
2026-02-26 17:49:39,407 [INFO] [u_station_ab_night_autotune_v1] monitor.local_alerter: Local alert token=TASK address=0xb6db82072db68eb948db65da3c01d81d7baa6ba3 score=80 reco=BUY risk=MEDIUM warnings=0 liq=22928 vol5m=5618
2026-02-26 17:49:39,408 [INFO] [u_station_ab_night_autotune_v1] __main__: FILTER_PASS token=ADHD tier=A score=60 mode=YELLOW risk=MEDIUM liq=131759 vol5m=1727
2026-02-26 17:49:39,408 [INFO] [u_station_ab_night_autotune_v1] monitor.local_alerter: Local alert token=ADHD address=0x4b601444358ba394c53710357bd194ea901b0b4c score=60 reco=HOLD risk=MEDIUM warnings=0 liq=131759 vol5m=1727
2026-02-26 17:49:39,408 [INFO] [u_station_ab_night_autotune_v1] __main__: FILTER_PASS token=SELFCLAW tier=A score=60 mode=YELLOW risk=MEDIUM liq=44746 vol5m=1695
2026-02-26 17:49:39,408 [INFO] [u_station_ab_night_autotune_v1] monitor.local_alerter: Local alert token=SELFCLAW address=0xe48f986e05781ffd4228a719639267c38e3c1e95 score=60 reco=HOLD risk=MEDIUM warnings=0 liq=44746 vol5m=1695
2026-02-26 17:49:39,412 [INFO] [u_station_ab_night_autotune_v1] __main__: FILTER_PASS token=U.S. Oil tier=A score=60 mode=YELLOW risk=MEDIUM liq=112761 vol5m=729
2026-02-26 17:49:39,414 [INFO] [u_station_ab_night_autotune_v1] monitor.local_alerter: Local alert token=U.S. Oil address=0x435474703f81fa6531b730158dd39e6c11129b43 score=60 reco=HOLD risk=MEDIUM warnings=0 liq=112761 vol5m=729
2026-02-26 17:49:39,416 [INFO] [u_station_ab_night_autotune_v1] __main__: FILTER_FAIL token=CLERM reason=safe_change_5m
2026-02-26 17:49:39,416 [INFO] [u_station_ab_night_autotune_v1] __main__: FILTER_FAIL token=CGPT reason=score_min score=40 strict_min=48 soft_min=48 mode=YELLOW
2026-02-26 17:49:39,417 [INFO] [u_station_ab_night_autotune_v1] __main__: FILTER_PASS token=CLAWUP tier=A score=60 mode=YELLOW risk=MEDIUM liq=21503 vol5m=217
2026-02-26 17:49:39,419 [INFO] [u_station_ab_night_autotune_v1] monitor.local_alerter: Local alert token=CLAWUP address=0x42ac93e7dc2fd71273571ba65ca41214c67d8b07 score=60 reco=HOLD risk=MEDIUM warnings=0 liq=21503 vol5m=217
2026-02-26 17:49:39,419 [INFO] [u_station_ab_night_autotune_v1] __main__: FILTER_FAIL token=KRADLEVERSE reason=safe_age
2026-02-26 17:49:39,419 [INFO] [u_station_ab_night_autotune_v1] __main__: FILTER_PASS token=VIRTUAL tier=A score=95 mode=YELLOW risk=MEDIUM liq=7127078 vol5m=6236
2026-02-26 17:49:39,419 [INFO] [u_station_ab_night_autotune_v1] __main__: FILTER_FAIL token=$XTC reason=score_min score=30 strict_min=48 soft_min=48 mode=YELLOW
2026-02-26 17:49:39,419 [INFO] [u_station_ab_night_autotune_v1] __main__: FILTER_PASS token=AERO tier=A score=75 mode=YELLOW risk=MEDIUM liq=1326152 vol5m=402
2026-02-26 17:49:39,424 [INFO] [u_station_ab_night_autotune_v1] __main__: FILTER_FAIL token=SOME reason=safe_volume vol5m=0 min=6 regime=YELLOW
2026-02-26 17:49:39,425 [INFO] [u_station_ab_night_autotune_v1] __main__: FILTER_FAIL token=WORD reason=safe_volume vol5m=0 min=6 regime=YELLOW
2026-02-26 17:49:39,426 [INFO] [u_station_ab_night_autotune_v1] trading.v2_runtime: V2_QUALITY_ROTATE symbols_core=0 symbols_cooldown=0 sources=2 top_core=- top_cooldown=-
2026-02-26 17:49:39,428 [INFO] [u_station_ab_night_autotune_v1] __main__: V2_QUALITY_GATE enabled=True regime=YELLOW in=8 out=8 core_out=1 explore_out=7 probe_out=0 quota=3 max_symbol_share=0.125 drop={'duplicate_address': 4} sources_used={'watchlist': 3, 'geckoterminal': 5}
2026-02-26 17:49:39,430 [INFO] [u_station_ab_night_autotune_v1] __main__: V2_ENTRY_ROUTE enabled=True regime=YELLOW in=8 out=4 core_out=1 explore_out=3 quota=3 allow_explore=True
2026-02-26 17:49:39,431 [WARNING] [u_station_ab_night_autotune_v1] trading.auto_trader: DATA_POLICY mode=OK reason=healthy | route=allow_all prev_mode=OK prev_reason=init_reset_manual
2026-02-26 17:49:39,432 [INFO] [u_station_ab_night_autotune_v1] __main__: MARKET_REGIME mode=YELLOW reason=hysteresis_recover_wait 1/4 raw=GREEN avg_cand_recent=8.00
2026-02-26 17:49:39,466 [INFO] [u_station_ab_night_autotune_v1] trading.auto_trader: AutoTrade adjust token=TASK reason=min_trade_floor size=$0.04->$0.10 min=$0.10
2026-02-26 17:49:39,470 [INFO] [u_station_ab_night_autotune_v1] trading.auto_trader: AutoTrade skip token=TASK reason=edge_low mode=both edge=-27.86% raw=-25.80% mult=1.08 min=0.05% probe_min=0.05% edge_usd=$-0.028 min_usd=$0.000 probe_min_usd=$0.000 size=$0.10 gross=4.80% costs=30.60% pwin=0.55 probe=- budget=0/1
2026-02-26 17:49:39,479 [INFO] [u_station_ab_night_autotune_v1] trading.auto_trader: AUTO_DECISION token=cbBTC mode=YELLOW tier=A channel=core score=100 src=watchlist liq=19129856 vol5m=620382 chg5m=-0.30% edge=0.83% raw=0.77% regime_mult=1.08 edge_usd=$0.004 size=$0.45 mult=1.35(score=1.15 liq=1.15 vol=1.10 volat=1.05) reinvest=1.10(growth_steps=1 drawdown=9.54% loss_streak=0 edge=5.52%) size_mode=0.80 hold_mode=0.76 exec_lane=runner exec_mult(size=0.68 hold=0.95 edge=1.13) edge_gate_mult(usd=1.00,pct=1.00) quality(edge=0.99,size=1.03 detail=src_mult=1.00 ev=-0.00035 edge(src_relax=0.000 src_tight=0.000 ev_adj=0.006) size(src_relax=0.000 src_cut=0.000 ev_adj=-0.008)) costs=8.83% gas=$0.028 ev_net=$-0.00026 ev_samples=62 conf=1.00 pwin=0.48 avg_win=$0.0067 avg_loss=$0.0077 kelly=0.62(k=0.000) token_ev=sparse trades=2<4 cluster=s3|l3|v3|m0|r1 cluster_route=bad=True severe=True samples=13 avg=-0.00031 loss_share=0.77 size_mult=0.62 hold_mult=0.72 edge_mult=1.20 p=0.48 breakdown={'liquidity_score': 30, 'volume_score': 30, 'risk_score': 15, 'age_score': 15, 'safety_score': 15}
2026-02-26 17:49:39,694 [INFO] [u_station_ab_night_autotune_v1] trading.auto_trader: AUTO_BUY Paper BUY token=cbBTC address=0xcbb7c0000ab88b473b1f5afd9ef808440eed33bf mode=YELLOW tier=A channel=core lane=runner entry=$66862.44000000 size=$0.45 score=100 edge=0.83% edge_usd=$0.004 mult=1.35(score=1.15 liq=1.15 vol=1.10 volat=1.05) hold=97s costs=2.70% gas=$0.03
2026-02-26 17:49:39,759 [INFO] [u_station_ab_night_autotune_v1] trading.auto_trader: AutoTrade skip token=VIRTUAL reason=edge_low mode=both edge=-18.88% raw=-17.48% mult=1.08 min=0.05% probe_min=0.05% edge_usd=$-0.021 min_usd=$0.000 probe_min_usd=$0.000 size=$0.11 gross=9.60% costs=27.08% pwin=0.85 probe=- budget=0/1
2026-02-26 17:49:39,760 [INFO] [u_station_ab_night_autotune_v1] trading.auto_trader: AutoTrade skip token=AERO reason=token_ev_memory_prob p=0.45 detail=bad=True severe=True trades=5 avg=-0.00123 loss_share=0.80 size_mult=0.60 edge_mult=1.26 p=0.45
2026-02-26 17:49:39,760 [INFO] [u_station_ab_night_autotune_v1] trading.auto_trader: AutoTrade batch mode=top_n candidates=4 eligible=4 selected=4 opened=1 pe=off burst_window=1
2026-02-26 17:49:39,891 [INFO] [u_station_ab_night_autotune_v1] __main__: FILTER_THRESHOLDS safe_volume_5m_min=$5 safe_liquidity_min=$8000 safe_age_min=240s score_min=48 edge_min=0.05% lock_floor=0.95 no_momentum_max_pnl=0.25 weakness_pnl=-2.60
2026-02-26 17:49:39,892 [INFO] [u_station_ab_night_autotune_v1] __main__: Scanned 18 tokens | High quality: 5 | Alerts sent: 5 | Trade candidates: 8 | Quality out/core/explore/probe: 8/1/7/0 | Opened: 1 | Mode: local | Source: onchain+market | Policy: raw=OK/effective=OK(healthy | route=allow_all) | Regime: YELLOW(hysteresis_recover_wait 1/4 raw=GREEN) | Safety: checked=8 fail_closed=0 reasons=api_code_4029:8 | FiltersTop(session): source_qos_symbol_cap:3,safe_age:2,score_min:2,safe_volume:2 | Dedup: heavy_skip=0 override=0 | V2Budget: 8/280 | SourceQoS: enabled=1/in=18/out=15/dropped=3/active_cd=0/drops=source_qos_symbol_cap:3 | Ingest: q=0/oldest=0.0s/drop_old=0/dedup_skip=0/enq=15/drain=15 | Sources: dex_boosts:ok=1/fail=0/429=0/lim_wait=0/cd_wait=0/err=0.0%/avg=84ms; dexscreener:ok=12/fail=0/429=0/lim_wait=0/cd_wait=0/err=0.0%/avg=152ms; geckoterminal:ok=2/fail=0/429=0/lim_wait=0/cd_wait=0/err=0.0%/avg=431ms; watchlist_dex:ok=10/fail=0/429=0/lim_wait=0/cd_wait=0/err=0.0%/avg=102ms; watchlist_gecko:ok=6/fail=0/429=0/lim_wait=0/cd_wait=0/err=0.0%/avg=455ms | Tasks: 3 | RSS: 0.0MB | CycleAvg: 0.00s
2026-02-26 17:49:44,178 [INFO] [u_station_ab_night_autotune_v1] monitor.onchain_factory: PAIR_DETECTED source=uniswap_v2 dex=uniswap_v2 pair=0x49e10061c5391350892b1a05a0a04947e0a37ddf token0=0x4200000000000000000000000000000000000006 token1=0x7aabb36ef7a0f51091b370aae9959e901b7bab07 block=42667616 factory=0x8909dc15e40173ff4699343b6eb8132c65e18ec6
2026-02-26 17:49:44,745 [INFO] [u_station_ab_night_autotune_v1] monitor.onchain_factory: ENRICH_RETRY token=0x7aabb36ef7a0f51091b370aae9959e901b7bab07 pair=0x49e10061c5391350892b1a05a0a04947e0a37ddf attempt=1/2 delay=10s
2026-02-26 17:49:54,928 [INFO] [u_station_ab_night_autotune_v1] __main__: WATCHLIST merged count=3
2026-02-26 17:49:54,928 [INFO] [u_station_ab_night_autotune_v1] trading.v2_runtime: V2_UNIVERSE in=3 dedup=3 out=3 target=3 novel_target=3 novel_out=0 repeat_dropped=0 symbol_dropped=0 surge_in=0 surge_target=0 surge_out=0
2026-02-26 17:49:54,928 [INFO] [u_station_ab_night_autotune_v1] __main__: FILTER_PASS token=cbBTC tier=A score=100 mode=YELLOW risk=MEDIUM liq=19129856 vol5m=620382
2026-02-26 17:49:54,931 [INFO] [u_station_ab_night_autotune_v1] __main__: FILTER_PASS token=VIRTUAL tier=A score=95 mode=YELLOW risk=MEDIUM liq=7127078 vol5m=6236
2026-02-26 17:49:54,932 [INFO] [u_station_ab_night_autotune_v1] __main__: FILTER_PASS token=AERO tier=A score=75 mode=YELLOW risk=MEDIUM liq=1326152 vol5m=402
2026-02-26 17:49:54,934 [INFO] [u_station_ab_night_autotune_v1] __main__: V2_QUALITY_GATE enabled=True regime=YELLOW in=3 out=3 core_out=1 explore_out=2 probe_out=0 quota=2 max_symbol_share=0.333 drop={'source_budget': 1, 'duplicate_address': 2} sources_used={'watchlist': 3}
2026-02-26 17:49:54,937 [INFO] [u_station_ab_night_autotune_v1] __main__: V2_ENTRY_ROUTE enabled=True regime=YELLOW in=3 out=2 core_out=1 explore_out=1 quota=1 allow_explore=True
2026-02-26 17:49:54,938 [INFO] [u_station_ab_night_autotune_v1] __main__: MARKET_REGIME mode=YELLOW reason=hysteresis_recover_wait 2/4 raw=GREEN avg_cand_recent=5.50
2026-02-26 17:49:54,939 [INFO] [u_station_ab_night_autotune_v1] trading.auto_trader: AutoTrade batch prefilter removed=1 missing_addr=0 open_duplicate=1
2026-02-26 17:49:54,941 [INFO] [u_station_ab_night_autotune_v1] trading.auto_trader: AutoTrade skip token=VIRTUAL reason=edge_low mode=both edge=-18.88% raw=-17.48% mult=1.08 min=0.05% probe_min=0.05% edge_usd=$-0.021 min_usd=$0.000 probe_min_usd=$0.000 size=$0.11 gross=9.60% costs=27.08% pwin=0.85 probe=- budget=0/1
2026-02-26 17:49:54,942 [INFO] [u_station_ab_night_autotune_v1] trading.auto_trader: AutoTrade batch mode=top_n candidates=2 eligible=1 selected=1 opened=0 pe=off burst_window=1
2026-02-26 17:49:55,255 [INFO] [u_station_ab_night_autotune_v1] __main__: Scanned 3 tokens | High quality: 3 | Alerts sent: 0 | Trade candidates: 3 | Quality out/core/explore/probe: 3/1/2/0 | Opened: 0 | Mode: local | Source: onchain+market | Policy: raw=OK/effective=OK(healthy | route=allow_all) | Regime: YELLOW(hysteresis_recover_wait 2/4 raw=GREEN) | Safety: checked=3 fail_closed=0 reasons=api_code_4029:3 | FiltersTop(session): source_qos_symbol_cap:3,safe_age:2,score_min:2,safe_volume:2 | Dedup: heavy_skip=0 override=0 | V2Budget: 3/280 | SourceQoS: enabled=1/in=3/out=3/dropped=0/active_cd=0/drops=none | Ingest: q=0/oldest=0.0s/drop_old=0/dedup_skip=0/enq=0/drain=0 | Sources: dex_boosts:ok=1/fail=0/429=0/lim_wait=0/cd_wait=0/err=0.0%/avg=39ms; dexscreener:ok=12/fail=0/429=0/lim_wait=0/cd_wait=0/err=0.0%/avg=42ms; onchain_enrich:ok=4/fail=0/429=0/lim_wait=0/cd_wait=0/err=0.0%/avg=137ms; onchain_weth_price:ok=1/fail=0/429=0/lim_wait=0/cd_wait=0/err=0.0%/avg=64ms | Tasks: 3 | RSS: 0.0MB | CycleAvg: 2.91s
