2026-02-26 14:49:09,646 [INFO] [u_station_ab_night_autotune_v1] __main__: SESSION_LOG file=logs/matrix/u_station_ab_night_autotune_v1\sessions\main_local_20260226_134909_pid6916.log
2026-02-26 14:49:09,674 [INFO] [u_station_ab_night_autotune_v1] trading.auto_trader_state: AutoTrade state loaded open=0 closed=17 balance=$7.01
2026-02-26 14:49:09,685 [WARNING] [u_station_ab_night_autotune_v1] trading.auto_trader: DATA_POLICY mode=OK reason=init_reset_manual prev_mode=OK prev_reason=healthy | route=allow_all
2026-02-26 14:49:09,685 [INFO] [u_station_ab_night_autotune_v1] __main__: AUTOTRADER_INIT state=ready reason=manual mode=paper
2026-02-26 14:49:09,687 [INFO] [u_station_ab_night_autotune_v1] __main__: Local mode started (Telegram disabled).
2026-02-26 14:49:11,872 [INFO] [u_station_ab_night_autotune_v1] __main__: WATCHLIST merged count=5
2026-02-26 14:49:11,872 [INFO] [u_station_ab_night_autotune_v1] trading.v2_runtime: V2_UNIVERSE in=17 dedup=17 out=17 target=17 novel_target=11 novel_out=17 repeat_dropped=0 symbol_dropped=0 surge_in=5 surge_target=5 surge_out=5
2026-02-26 14:49:11,873 [INFO] [u_station_ab_night_autotune_v1] __main__: FILTER_FAIL token=Axiomgate reason=safe_change_5m
2026-02-26 14:49:11,874 [INFO] [u_station_ab_night_autotune_v1] __main__: FILTER_FAIL token=SURVIVAL reason=safe_change_5m
2026-02-26 14:49:11,875 [INFO] [u_station_ab_night_autotune_v1] __main__: FILTER_FAIL token=SIM reason=safe_change_5m
2026-02-26 14:49:11,876 [INFO] [u_station_ab_night_autotune_v1] __main__: FILTER_PASS token=cbBTC tier=A score=100 mode=YELLOW risk=MEDIUM liq=20999096 vol5m=183812
2026-02-26 14:49:11,876 [INFO] [u_station_ab_night_autotune_v1] __main__: FILTER_FAIL token=ASTFR reason=safe_age
2026-02-26 14:49:11,877 [INFO] [u_station_ab_night_autotune_v1] __main__: FILTER_FAIL token=CHARLES reason=safe_age
2026-02-26 14:49:11,878 [INFO] [u_station_ab_night_autotune_v1] __main__: FILTER_FAIL token=SPACE reason=safe_age
2026-02-26 14:49:11,878 [INFO] [u_station_ab_night_autotune_v1] __main__: FILTER_PASS token=BENCHMARK tier=A score=95 mode=YELLOW risk=MEDIUM liq=291614 vol5m=7216
2026-02-26 14:49:11,879 [INFO] [u_station_ab_night_autotune_v1] __main__: FILTER_FAIL token=CLAWKEYS reason=score_min score=30 strict_min=48 soft_min=48 mode=YELLOW
2026-02-26 14:49:11,881 [INFO] [u_station_ab_night_autotune_v1] __main__: FILTER_FAIL token=IT'S AXIOMEXCHANGE reason=safe_age
2026-02-26 14:49:11,882 [INFO] [u_station_ab_night_autotune_v1] __main__: FILTER_PASS token=AERO tier=A score=85 mode=YELLOW risk=MEDIUM liq=1357178 vol5m=2393
2026-02-26 14:49:11,883 [INFO] [u_station_ab_night_autotune_v1] __main__: FILTER_PASS token=AntiHunter tier=A score=95 mode=YELLOW risk=MEDIUM liq=659140 vol5m=8039
2026-02-26 14:49:11,883 [INFO] [u_station_ab_night_autotune_v1] __main__: FILTER_PASS token=VIRTUAL tier=A score=75 mode=YELLOW risk=MEDIUM liq=7183896 vol5m=719
2026-02-26 14:49:11,884 [INFO] [u_station_ab_night_autotune_v1] __main__: FILTER_PASS token=AXIOM tier=A score=60 mode=YELLOW risk=MEDIUM liq=20774 vol5m=22
2026-02-26 14:49:11,885 [INFO] [u_station_ab_night_autotune_v1] monitor.local_alerter: Local alert token=AXIOM address=0x6fed1d1abdfd718de2f4a30fd68eee6c5ea87ba3 score=60 reco=HOLD risk=MEDIUM warnings=0 liq=20774 vol5m=22
2026-02-26 14:49:11,886 [INFO] [u_station_ab_night_autotune_v1] __main__: FILTER_FAIL token=$SLAB reason=score_min score=30 strict_min=48 soft_min=48 mode=YELLOW
2026-02-26 14:49:11,887 [INFO] [u_station_ab_night_autotune_v1] __main__: FILTER_FAIL token=Flow reason=safe_volume vol5m=8 min=9 regime=YELLOW
2026-02-26 14:49:11,888 [INFO] [u_station_ab_night_autotune_v1] __main__: FILTER_FAIL token=N0IR reason=score_min score=30 strict_min=48 soft_min=48 mode=YELLOW
2026-02-26 14:49:11,888 [INFO] [u_station_ab_night_autotune_v1] trading.v2_runtime: V2_QUALITY_ROTATE symbols_core=0 symbols_cooldown=0 sources=1 top_core=- top_cooldown=-
2026-02-26 14:49:11,889 [INFO] [u_station_ab_night_autotune_v1] __main__: V2_QUALITY_GATE enabled=True regime=YELLOW in=6 out=6 core_out=1 explore_out=5 probe_out=0 quota=3 max_symbol_share=0.167 drop={'duplicate_address': 4} sources_used={'watchlist': 5, 'geckoterminal': 1}
2026-02-26 14:49:11,891 [INFO] [u_station_ab_night_autotune_v1] __main__: V2_ENTRY_ROUTE enabled=True regime=YELLOW in=6 out=4 core_out=1 explore_out=3 quota=3 allow_explore=True
2026-02-26 14:49:11,891 [WARNING] [u_station_ab_night_autotune_v1] trading.auto_trader: DATA_POLICY mode=OK reason=healthy | route=allow_all prev_mode=OK prev_reason=init_reset_manual
2026-02-26 14:49:11,892 [INFO] [u_station_ab_night_autotune_v1] __main__: MARKET_REGIME mode=YELLOW reason=hysteresis_recover_wait 1/4 raw=GREEN avg_cand_recent=6.00
2026-02-26 14:49:11,893 [INFO] [u_station_ab_night_autotune_v1] trading.auto_trader: AutoTrade skip token=cbBTC reason=token_ev_memory_prob p=0.74 detail=bad=True severe=False trades=7 avg=-0.00027 loss_share=0.00 size_mult=0.80 edge_mult=1.10 p=0.74
2026-02-26 14:49:11,927 [INFO] [u_station_ab_night_autotune_v1] trading.auto_trader: AutoTrade skip token=AntiHunter reason=edge_low mode=both edge=-16.48% raw=-15.25% mult=1.08 min=0.08% probe_min=0.08% edge_usd=$-0.021 min_usd=$0.001 probe_min_usd=$0.001 size=$0.12 gross=9.60% costs=24.85% pwin=0.85 probe=- budget=0/1
2026-02-26 14:49:11,928 [INFO] [u_station_ab_night_autotune_v1] trading.auto_trader: AutoTrade batch mode=top_n candidates=4 eligible=4 selected=2 opened=0 pe=off burst_window=0
2026-02-26 14:49:11,929 [INFO] [u_station_ab_night_autotune_v1] __main__: FILTER_THRESHOLDS safe_volume_5m_min=$8 safe_liquidity_min=$8000 safe_age_min=240s score_min=48 edge_min=0.10% lock_floor=0.95 no_momentum_max_pnl=0.25 weakness_pnl=-2.60
2026-02-26 14:49:11,930 [INFO] [u_station_ab_night_autotune_v1] __main__: Scanned 17 tokens | High quality: 8 | Alerts sent: 1 | Trade candidates: 6 | Quality out/core/explore/probe: 6/1/5/0 | Opened: 0 | Mode: local | Source: onchain+market | Policy: raw=OK/effective=OK(healthy | route=allow_all) | Regime: YELLOW(hysteresis_recover_wait 1/4 raw=GREEN) | Safety: checked=6 fail_closed=0 reasons=api_code_4029:6 | FiltersTop(session): safe_age:4,safe_change_5m:3,score_min:3,safe_volume:1 | Dedup: heavy_skip=0 override=0 | V2Budget: 6/280 | SourceQoS: enabled=1/in=17/out=17/dropped=0/active_cd=0/drops=none | Ingest: q=0/oldest=0.0s/drop_old=0/dedup_skip=0/enq=12/drain=12 | Sources: dex_boosts:ok=1/fail=0/429=0/lim_wait=0/cd_wait=0/err=0.0%/avg=188ms; dexscreener:ok=10/fail=0/429=0/lim_wait=0/cd_wait=0/err=0.0%/avg=316ms; geckoterminal:ok=2/fail=0/429=0/lim_wait=0/cd_wait=0/err=0.0%/avg=99ms; watchlist_dex:ok=10/fail=0/429=0/lim_wait=0/cd_wait=0/err=0.0%/avg=93ms; watchlist_gecko:ok=6/fail=0/429=0/lim_wait=0/cd_wait=0/err=0.0%/avg=507ms | Tasks: 3 | RSS: 0.0MB | CycleAvg: 0.00s
2026-02-26 14:49:16,388 [INFO] [u_station_ab_night_autotune_v1] __main__: WATCHLIST merged count=5
2026-02-26 14:49:16,389 [INFO] [u_station_ab_night_autotune_v1] trading.v2_runtime: V2_UNIVERSE in=5 dedup=5 out=5 target=5 novel_target=4 novel_out=0 repeat_dropped=0 symbol_dropped=0 surge_in=0 surge_target=0 surge_out=0
2026-02-26 14:49:16,390 [INFO] [u_station_ab_night_autotune_v1] __main__: FILTER_FAIL token=cbBTC reason=heavy_dedup_ttl
2026-02-26 14:49:16,391 [INFO] [u_station_ab_night_autotune_v1] __main__: FILTER_FAIL token=BENCHMARK reason=heavy_dedup_ttl
2026-02-26 14:49:16,392 [INFO] [u_station_ab_night_autotune_v1] __main__: FILTER_FAIL token=AERO reason=heavy_dedup_ttl
2026-02-26 14:49:16,394 [INFO] [u_station_ab_night_autotune_v1] __main__: FILTER_FAIL token=AntiHunter reason=heavy_dedup_ttl
2026-02-26 14:49:16,395 [INFO] [u_station_ab_night_autotune_v1] __main__: FILTER_FAIL token=VIRTUAL reason=heavy_dedup_ttl
2026-02-26 14:49:16,396 [INFO] [u_station_ab_night_autotune_v1] __main__: MARKET_REGIME mode=YELLOW reason=hysteresis_recover_wait 2/4 raw=GREEN avg_cand_recent=3.00
2026-02-26 14:49:16,398 [INFO] [u_station_ab_night_autotune_v1] __main__: Scanned 5 tokens | High quality: 5 | Alerts sent: 0 | Trade candidates: 0 | Quality out/core/explore/probe: 0/0/0/0 | Opened: 0 | Mode: local | Source: onchain+market | Policy: raw=OK/effective=OK(healthy | route=allow_all) | Regime: YELLOW(hysteresis_recover_wait 2/4 raw=GREEN) | Safety: checked=0 fail_closed=0 reasons=none | FiltersTop(session): heavy_dedup_ttl:5,safe_age:4,safe_change_5m:3,score_min:3 | Dedup: heavy_skip=5 override=0 | V2Budget: 0/280 | SourceQoS: enabled=1/in=5/out=5/dropped=0/active_cd=0/drops=none | Ingest: q=0/oldest=0.0s/drop_old=0/dedup_skip=0/enq=0/drain=0 | Sources: dex_boosts:ok=1/fail=0/429=0/lim_wait=0/cd_wait=0/err=0.0%/avg=41ms; dexscreener:ok=10/fail=0/429=0/lim_wait=0/cd_wait=0/err=0.0%/avg=62ms | Tasks: 3 | RSS: 0.0MB | CycleAvg: 2.24s
2026-02-26 14:49:20,828 [INFO] [u_station_ab_night_autotune_v1] __main__: WATCHLIST merged count=5
2026-02-26 14:49:20,828 [INFO] [u_station_ab_night_autotune_v1] trading.v2_runtime: V2_UNIVERSE in=5 dedup=5 out=5 target=5 novel_target=4 novel_out=0 repeat_dropped=0 symbol_dropped=0 surge_in=0 surge_target=0 surge_out=0
2026-02-26 14:49:20,829 [INFO] [u_station_ab_night_autotune_v1] __main__: FILTER_FAIL token=cbBTC reason=heavy_dedup_ttl
2026-02-26 14:49:20,830 [INFO] [u_station_ab_night_autotune_v1] __main__: FILTER_FAIL token=BENCHMARK reason=heavy_dedup_ttl
2026-02-26 14:49:20,831 [INFO] [u_station_ab_night_autotune_v1] __main__: FILTER_FAIL token=AERO reason=heavy_dedup_ttl
2026-02-26 14:49:20,832 [INFO] [u_station_ab_night_autotune_v1] __main__: FILTER_FAIL token=AntiHunter reason=heavy_dedup_ttl
2026-02-26 14:49:20,834 [INFO] [u_station_ab_night_autotune_v1] __main__: FILTER_FAIL token=VIRTUAL reason=heavy_dedup_ttl
2026-02-26 14:49:20,835 [INFO] [u_station_ab_night_autotune_v1] __main__: MARKET_REGIME mode=YELLOW reason=avg_cand=2.00 avg_cand_recent=2.00
2026-02-26 14:49:20,836 [INFO] [u_station_ab_night_autotune_v1] __main__: Scanned 5 tokens | High quality: 5 | Alerts sent: 0 | Trade candidates: 0 | Quality out/core/explore/probe: 0/0/0/0 | Opened: 0 | Mode: local | Source: onchain+market | Policy: raw=OK/effective=OK(healthy | route=allow_all) | Regime: YELLOW(avg_cand=2.00) | Safety: checked=0 fail_closed=0 reasons=none | FiltersTop(session): heavy_dedup_ttl:10,safe_age:4,safe_change_5m:3,score_min:3 | Dedup: heavy_skip=5 override=0 | V2Budget: 0/280 | SourceQoS: enabled=1/in=5/out=5/dropped=0/active_cd=0/drops=none | Ingest: q=0/oldest=0.0s/drop_old=0/dedup_skip=0/enq=0/drain=0 | Sources: dex_boosts:ok=1/fail=0/429=0/lim_wait=0/cd_wait=0/err=0.0%/avg=33ms; dexscreener:ok=10/fail=0/429=0/lim_wait=0/cd_wait=0/err=0.0%/avg=42ms | Tasks: 3 | RSS: 0.0MB | CycleAvg: 1.35s
2026-02-26 14:49:25,273 [INFO] [u_station_ab_night_autotune_v1] __main__: WATCHLIST merged count=5
2026-02-26 14:49:25,274 [INFO] [u_station_ab_night_autotune_v1] trading.v2_runtime: V2_UNIVERSE in=5 dedup=5 out=5 target=5 novel_target=4 novel_out=0 repeat_dropped=0 symbol_dropped=0 surge_in=0 surge_target=0 surge_out=0
2026-02-26 14:49:25,275 [INFO] [u_station_ab_night_autotune_v1] __main__: FILTER_FAIL token=cbBTC reason=heavy_dedup_ttl
2026-02-26 14:49:25,276 [INFO] [u_station_ab_night_autotune_v1] __main__: FILTER_FAIL token=BENCHMARK reason=heavy_dedup_ttl
2026-02-26 14:49:25,278 [INFO] [u_station_ab_night_autotune_v1] __main__: FILTER_FAIL token=AERO reason=heavy_dedup_ttl
2026-02-26 14:49:25,279 [INFO] [u_station_ab_night_autotune_v1] __main__: FILTER_FAIL token=AntiHunter reason=heavy_dedup_ttl
2026-02-26 14:49:25,280 [INFO] [u_station_ab_night_autotune_v1] __main__: FILTER_FAIL token=VIRTUAL reason=heavy_dedup_ttl
2026-02-26 14:49:25,281 [INFO] [u_station_ab_night_autotune_v1] __main__: MARKET_REGIME mode=YELLOW reason=avg_cand=1.50 avg_cand_recent=1.50
2026-02-26 14:49:25,282 [INFO] [u_station_ab_night_autotune_v1] __main__: Scanned 5 tokens | High quality: 5 | Alerts sent: 0 | Trade candidates: 0 | Quality out/core/explore/probe: 0/0/0/0 | Opened: 0 | Mode: local | Source: onchain+market | Policy: raw=OK/effective=OK(healthy | route=allow_all) | Regime: YELLOW(avg_cand=1.50) | Safety: checked=0 fail_closed=0 reasons=none | FiltersTop(session): heavy_dedup_ttl:15,safe_age:4,safe_change_5m:3,score_min:3 | Dedup: heavy_skip=5 override=0 | V2Budget: 0/280 | SourceQoS: enabled=1/in=5/out=5/dropped=0/active_cd=0/drops=none | Ingest: q=0/oldest=0.0s/drop_old=0/dedup_skip=0/enq=0/drain=0 | Sources: dex_boosts:ok=1/fail=0/429=0/lim_wait=0/cd_wait=0/err=0.0%/avg=57ms; dexscreener:ok=10/fail=0/429=0/lim_wait=0/cd_wait=0/err=0.0%/avg=47ms | Tasks: 3 | RSS: 0.0MB | CycleAvg: 1.04s
2026-02-26 14:49:29,718 [INFO] [u_station_ab_night_autotune_v1] __main__: WATCHLIST merged count=5
2026-02-26 14:49:29,718 [INFO] [u_station_ab_night_autotune_v1] trading.v2_runtime: V2_UNIVERSE in=5 dedup=5 out=5 target=5 novel_target=4 novel_out=0 repeat_dropped=0 symbol_dropped=0 surge_in=0 surge_target=0 surge_out=0
2026-02-26 14:49:29,720 [INFO] [u_station_ab_night_autotune_v1] __main__: FILTER_FAIL token=cbBTC reason=heavy_dedup_ttl
2026-02-26 14:49:29,721 [INFO] [u_station_ab_night_autotune_v1] __main__: FILTER_FAIL token=BENCHMARK reason=heavy_dedup_ttl
2026-02-26 14:49:29,722 [INFO] [u_station_ab_night_autotune_v1] __main__: FILTER_FAIL token=AERO reason=heavy_dedup_ttl
2026-02-26 14:49:29,723 [INFO] [u_station_ab_night_autotune_v1] __main__: FILTER_FAIL token=AntiHunter reason=heavy_dedup_ttl
2026-02-26 14:49:29,724 [INFO] [u_station_ab_night_autotune_v1] __main__: FILTER_FAIL token=VIRTUAL reason=heavy_dedup_ttl
2026-02-26 14:49:29,724 [INFO] [u_station_ab_night_autotune_v1] __main__: MARKET_REGIME mode=YELLOW reason=avg_cand=1.20 avg_cand_recent=1.20
2026-02-26 14:49:29,726 [INFO] [u_station_ab_night_autotune_v1] __main__: Scanned 5 tokens | High quality: 5 | Alerts sent: 0 | Trade candidates: 0 | Quality out/core/explore/probe: 0/0/0/0 | Opened: 0 | Mode: local | Source: onchain+market | Policy: raw=OK/effective=OK(healthy | route=allow_all) | Regime: YELLOW(avg_cand=1.20) | Safety: checked=0 fail_closed=0 reasons=none | FiltersTop(session): heavy_dedup_ttl:20,safe_age:4,safe_change_5m:3,score_min:3 | Dedup: heavy_skip=5 override=0 | V2Budget: 0/280 | SourceQoS: enabled=1/in=5/out=5/dropped=0/active_cd=0/drops=none | Ingest: q=0/oldest=0.0s/drop_old=0/dedup_skip=0/enq=0/drain=0 | Sources: dex_boosts:ok=1/fail=0/429=0/lim_wait=0/cd_wait=0/err=0.0%/avg=47ms; dexscreener:ok=10/fail=0/429=0/lim_wait=0/cd_wait=0/err=0.0%/avg=45ms | Tasks: 3 | RSS: 0.0MB | CycleAvg: 0.89s
2026-02-26 14:49:34,178 [INFO] [u_station_ab_night_autotune_v1] __main__: WATCHLIST merged count=5
2026-02-26 14:49:34,179 [INFO] [u_station_ab_night_autotune_v1] trading.v2_runtime: V2_UNIVERSE in=5 dedup=5 out=5 target=5 novel_target=4 novel_out=0 repeat_dropped=0 symbol_dropped=0 surge_in=0 surge_target=0 surge_out=0
2026-02-26 14:49:34,180 [INFO] [u_station_ab_night_autotune_v1] __main__: FILTER_FAIL token=cbBTC reason=heavy_dedup_ttl
2026-02-26 14:49:34,181 [INFO] [u_station_ab_night_autotune_v1] __main__: FILTER_FAIL token=BENCHMARK reason=heavy_dedup_ttl
2026-02-26 14:49:34,183 [INFO] [u_station_ab_night_autotune_v1] __main__: FILTER_FAIL token=AERO reason=heavy_dedup_ttl
2026-02-26 14:49:34,184 [INFO] [u_station_ab_night_autotune_v1] __main__: FILTER_FAIL token=AntiHunter reason=heavy_dedup_ttl
2026-02-26 14:49:34,185 [INFO] [u_station_ab_night_autotune_v1] __main__: FILTER_FAIL token=VIRTUAL reason=heavy_dedup_ttl
2026-02-26 14:49:34,185 [INFO] [u_station_ab_night_autotune_v1] __main__: MARKET_REGIME mode=YELLOW reason=avg_cand=1.00 avg_cand_recent=1.00
2026-02-26 14:49:34,187 [INFO] [u_station_ab_night_autotune_v1] __main__: Scanned 5 tokens | High quality: 5 | Alerts sent: 0 | Trade candidates: 0 | Quality out/core/explore/probe: 0/0/0/0 | Opened: 0 | Mode: local | Source: onchain+market | Policy: raw=OK/effective=OK(healthy | route=allow_all) | Regime: YELLOW(avg_cand=1.00) | Safety: checked=0 fail_closed=0 reasons=none | FiltersTop(session): heavy_dedup_ttl:25,safe_age:4,safe_change_5m:3,score_min:3 | Dedup: heavy_skip=5 override=0 | V2Budget: 0/280 | SourceQoS: enabled=1/in=5/out=5/dropped=0/active_cd=0/drops=none | Ingest: q=0/oldest=0.0s/drop_old=0/dedup_skip=0/enq=0/drain=0 | Sources: dex_boosts:ok=1/fail=0/429=0/lim_wait=0/cd_wait=0/err=0.0%/avg=75ms; dexscreener:ok=10/fail=0/429=0/lim_wait=0/cd_wait=0/err=0.0%/avg=52ms | Tasks: 3 | RSS: 0.0MB | CycleAvg: 0.80s
2026-02-26 14:49:38,617 [INFO] [u_station_ab_night_autotune_v1] __main__: WATCHLIST merged count=5
2026-02-26 14:49:38,618 [INFO] [u_station_ab_night_autotune_v1] trading.v2_runtime: V2_UNIVERSE in=5 dedup=5 out=5 target=5 novel_target=4 novel_out=0 repeat_dropped=0 symbol_dropped=0 surge_in=0 surge_target=0 surge_out=0
2026-02-26 14:49:38,619 [INFO] [u_station_ab_night_autotune_v1] __main__: FILTER_FAIL token=cbBTC reason=heavy_dedup_ttl
2026-02-26 14:49:38,620 [INFO] [u_station_ab_night_autotune_v1] __main__: FILTER_FAIL token=BENCHMARK reason=heavy_dedup_ttl
2026-02-26 14:49:38,621 [INFO] [u_station_ab_night_autotune_v1] __main__: FILTER_FAIL token=AERO reason=heavy_dedup_ttl
2026-02-26 14:49:38,622 [INFO] [u_station_ab_night_autotune_v1] __main__: FILTER_FAIL token=AntiHunter reason=heavy_dedup_ttl
2026-02-26 14:49:38,623 [INFO] [u_station_ab_night_autotune_v1] __main__: FILTER_FAIL token=VIRTUAL reason=heavy_dedup_ttl
2026-02-26 14:49:38,624 [INFO] [u_station_ab_night_autotune_v1] __main__: MARKET_REGIME mode=YELLOW reason=avg_cand=0.86 avg_cand_recent=0.86
2026-02-26 14:49:38,624 [INFO] [u_station_ab_night_autotune_v1] __main__: Scanned 5 tokens | High quality: 5 | Alerts sent: 0 | Trade candidates: 0 | Quality out/core/explore/probe: 0/0/0/0 | Opened: 0 | Mode: local | Source: onchain+market | Policy: raw=OK/effective=OK(healthy | route=allow_all) | Regime: YELLOW(avg_cand=0.86) | Safety: checked=0 fail_closed=0 reasons=none | FiltersTop(session): heavy_dedup_ttl:30,safe_age:4,safe_change_5m:3,score_min:3 | Dedup: heavy_skip=5 override=0 | V2Budget: 0/280 | SourceQoS: enabled=1/in=5/out=5/dropped=0/active_cd=0/drops=none | Ingest: q=0/oldest=0.0s/drop_old=0/dedup_skip=0/enq=0/drain=0 | Sources: dex_boosts:ok=1/fail=0/429=0/lim_wait=0/cd_wait=0/err=0.0%/avg=45ms; dexscreener:ok=10/fail=0/429=0/lim_wait=0/cd_wait=0/err=0.0%/avg=47ms | Tasks: 3 | RSS: 0.0MB | CycleAvg: 0.74s
2026-02-26 14:49:43,133 [INFO] [u_station_ab_night_autotune_v1] __main__: WATCHLIST merged count=5
2026-02-26 14:49:43,134 [INFO] [u_station_ab_night_autotune_v1] trading.v2_runtime: V2_UNIVERSE in=5 dedup=5 out=5 target=5 novel_target=4 novel_out=0 repeat_dropped=0 symbol_dropped=0 surge_in=0 surge_target=0 surge_out=0
2026-02-26 14:49:43,135 [INFO] [u_station_ab_night_autotune_v1] __main__: FILTER_FAIL token=cbBTC reason=heavy_dedup_ttl
2026-02-26 14:49:43,136 [INFO] [u_station_ab_night_autotune_v1] __main__: FILTER_FAIL token=BENCHMARK reason=heavy_dedup_ttl
2026-02-26 14:49:43,137 [INFO] [u_station_ab_night_autotune_v1] __main__: FILTER_FAIL token=AERO reason=heavy_dedup_ttl
2026-02-26 14:49:43,138 [INFO] [u_station_ab_night_autotune_v1] __main__: FILTER_FAIL token=AntiHunter reason=heavy_dedup_ttl
2026-02-26 14:49:43,139 [INFO] [u_station_ab_night_autotune_v1] __main__: FILTER_FAIL token=VIRTUAL reason=heavy_dedup_ttl
2026-02-26 14:49:43,140 [INFO] [u_station_ab_night_autotune_v1] __main__: MARKET_REGIME mode=YELLOW reason=avg_cand=0.75 avg_cand_recent=0.75
2026-02-26 14:49:43,141 [INFO] [u_station_ab_night_autotune_v1] __main__: Scanned 5 tokens | High quality: 5 | Alerts sent: 0 | Trade candidates: 0 | Quality out/core/explore/probe: 0/0/0/0 | Opened: 0 | Mode: local | Source: onchain+market | Policy: raw=OK/effective=OK(healthy | route=allow_all) | Regime: YELLOW(avg_cand=0.75) | Safety: checked=0 fail_closed=0 reasons=none | FiltersTop(session): heavy_dedup_ttl:35,safe_age:4,safe_change_5m:3,score_min:3 | Dedup: heavy_skip=5 override=0 | V2Budget: 0/280 | SourceQoS: enabled=1/in=5/out=5/dropped=0/active_cd=0/drops=none | Ingest: q=0/oldest=0.0s/drop_old=0/dedup_skip=0/enq=0/drain=0 | Sources: dex_boosts:ok=1/fail=0/429=0/lim_wait=0/cd_wait=0/err=0.0%/avg=51ms; dexscreener:ok=10/fail=0/429=0/lim_wait=0/cd_wait=0/err=0.0%/avg=197ms | Tasks: 3 | RSS: 0.0MB | CycleAvg: 0.70s
2026-02-26 14:49:47,567 [INFO] [u_station_ab_night_autotune_v1] __main__: WATCHLIST merged count=5
2026-02-26 14:49:47,568 [INFO] [u_station_ab_night_autotune_v1] trading.v2_runtime: V2_UNIVERSE in=5 dedup=5 out=5 target=5 novel_target=4 novel_out=0 repeat_dropped=0 symbol_dropped=0 surge_in=0 surge_target=0 surge_out=0
2026-02-26 14:49:47,569 [INFO] [u_station_ab_night_autotune_v1] __main__: FILTER_FAIL token=cbBTC reason=heavy_dedup_ttl
2026-02-26 14:49:47,571 [INFO] [u_station_ab_night_autotune_v1] __main__: FILTER_FAIL token=BENCHMARK reason=heavy_dedup_ttl
2026-02-26 14:49:47,572 [INFO] [u_station_ab_night_autotune_v1] __main__: FILTER_FAIL token=AERO reason=heavy_dedup_ttl
2026-02-26 14:49:47,574 [INFO] [u_station_ab_night_autotune_v1] __main__: FILTER_FAIL token=AntiHunter reason=heavy_dedup_ttl
2026-02-26 14:49:47,575 [INFO] [u_station_ab_night_autotune_v1] __main__: FILTER_FAIL token=VIRTUAL reason=heavy_dedup_ttl
2026-02-26 14:49:47,576 [INFO] [u_station_ab_night_autotune_v1] __main__: MARKET_REGIME mode=YELLOW reason=avg_cand=0.67 avg_cand_recent=0.67
2026-02-26 14:49:47,577 [INFO] [u_station_ab_night_autotune_v1] __main__: Scanned 5 tokens | High quality: 5 | Alerts sent: 0 | Trade candidates: 0 | Quality out/core/explore/probe: 0/0/0/0 | Opened: 0 | Mode: local | Source: onchain+market | Policy: raw=OK/effective=OK(healthy | route=allow_all) | Regime: YELLOW(avg_cand=0.67) | Safety: checked=0 fail_closed=0 reasons=none | FiltersTop(session): heavy_dedup_ttl:40,safe_age:4,safe_change_5m:3,score_min:3 | Dedup: heavy_skip=5 override=0 | V2Budget: 0/280 | SourceQoS: enabled=1/in=5/out=5/dropped=0/active_cd=0/drops=none | Ingest: q=0/oldest=0.0s/drop_old=0/dedup_skip=0/enq=0/drain=0 | Sources: dex_boosts:ok=1/fail=0/429=0/lim_wait=0/cd_wait=0/err=0.0%/avg=34ms; dexscreener:ok=10/fail=0/429=0/lim_wait=0/cd_wait=0/err=0.0%/avg=42ms | Tasks: 3 | RSS: 0.0MB | CycleAvg: 0.68s
2026-02-26 14:49:52,041 [INFO] [u_station_ab_night_autotune_v1] __main__: WATCHLIST merged count=5
2026-02-26 14:49:52,042 [INFO] [u_station_ab_night_autotune_v1] trading.v2_runtime: V2_UNIVERSE in=5 dedup=5 out=5 target=5 novel_target=4 novel_out=0 repeat_dropped=0 symbol_dropped=0 surge_in=0 surge_target=0 surge_out=0
2026-02-26 14:49:52,044 [INFO] [u_station_ab_night_autotune_v1] __main__: FILTER_FAIL token=cbBTC reason=heavy_dedup_ttl
2026-02-26 14:49:52,045 [INFO] [u_station_ab_night_autotune_v1] __main__: FILTER_FAIL token=BENCHMARK reason=heavy_dedup_ttl
2026-02-26 14:49:52,046 [INFO] [u_station_ab_night_autotune_v1] __main__: FILTER_FAIL token=AERO reason=heavy_dedup_ttl
2026-02-26 14:49:52,048 [INFO] [u_station_ab_night_autotune_v1] __main__: FILTER_FAIL token=AntiHunter reason=heavy_dedup_ttl
2026-02-26 14:49:52,049 [INFO] [u_station_ab_night_autotune_v1] __main__: FILTER_FAIL token=VIRTUAL reason=heavy_dedup_ttl
2026-02-26 14:49:52,050 [INFO] [u_station_ab_night_autotune_v1] __main__: MARKET_REGIME mode=YELLOW reason=avg_cand=0.60 avg_cand_recent=0.60
2026-02-26 14:49:52,051 [INFO] [u_station_ab_night_autotune_v1] __main__: Scanned 5 tokens | High quality: 5 | Alerts sent: 0 | Trade candidates: 0 | Quality out/core/explore/probe: 0/0/0/0 | Opened: 0 | Mode: local | Source: onchain+market | Policy: raw=OK/effective=OK(healthy | route=allow_all) | Regime: YELLOW(avg_cand=0.60) | Safety: checked=0 fail_closed=0 reasons=none | FiltersTop(session): heavy_dedup_ttl:45,safe_age:4,safe_change_5m:3,score_min:3 | Dedup: heavy_skip=5 override=0 | V2Budget: 0/280 | SourceQoS: enabled=1/in=5/out=5/dropped=0/active_cd=0/drops=none | Ingest: q=0/oldest=0.0s/drop_old=0/dedup_skip=0/enq=0/drain=0 | Sources: dex_boosts:ok=1/fail=0/429=0/lim_wait=0/cd_wait=0/err=0.0%/avg=48ms; dexscreener:ok=10/fail=0/429=0/lim_wait=0/cd_wait=0/err=0.0%/avg=77ms | Tasks: 3 | RSS: 0.0MB | CycleAvg: 0.65s
2026-02-26 14:49:56,472 [INFO] [u_station_ab_night_autotune_v1] __main__: WATCHLIST merged count=5
2026-02-26 14:49:56,473 [INFO] [u_station_ab_night_autotune_v1] trading.v2_runtime: V2_UNIVERSE in=5 dedup=5 out=5 target=5 novel_target=4 novel_out=0 repeat_dropped=0 symbol_dropped=0 surge_in=0 surge_target=0 surge_out=0
2026-02-26 14:49:56,474 [INFO] [u_station_ab_night_autotune_v1] __main__: FILTER_FAIL token=cbBTC reason=heavy_dedup_ttl
2026-02-26 14:49:56,475 [INFO] [u_station_ab_night_autotune_v1] __main__: FILTER_FAIL token=BENCHMARK reason=heavy_dedup_ttl
2026-02-26 14:49:56,476 [INFO] [u_station_ab_night_autotune_v1] __main__: FILTER_FAIL token=AERO reason=heavy_dedup_ttl
2026-02-26 14:49:56,477 [INFO] [u_station_ab_night_autotune_v1] __main__: FILTER_FAIL token=AntiHunter reason=heavy_dedup_ttl
2026-02-26 14:49:56,478 [INFO] [u_station_ab_night_autotune_v1] __main__: FILTER_FAIL token=VIRTUAL reason=heavy_dedup_ttl
2026-02-26 14:49:56,479 [INFO] [u_station_ab_night_autotune_v1] __main__: MARKET_REGIME mode=YELLOW reason=avg_cand=0.55 avg_cand_recent=0.55
2026-02-26 14:49:56,480 [INFO] [u_station_ab_night_autotune_v1] __main__: Scanned 5 tokens | High quality: 5 | Alerts sent: 0 | Trade candidates: 0 | Quality out/core/explore/probe: 0/0/0/0 | Opened: 0 | Mode: local | Source: onchain+market | Policy: raw=OK/effective=OK(healthy | route=allow_all) | Regime: YELLOW(avg_cand=0.55) | Safety: checked=0 fail_closed=0 reasons=none | FiltersTop(session): heavy_dedup_ttl:50,safe_age:4,safe_change_5m:3,score_min:3 | Dedup: heavy_skip=5 override=0 | V2Budget: 0/280 | SourceQoS: enabled=1/in=5/out=5/dropped=0/active_cd=0/drops=none | Ingest: q=0/oldest=0.0s/drop_old=0/dedup_skip=0/enq=0/drain=0 | Sources: dex_boosts:ok=1/fail=0/429=0/lim_wait=0/cd_wait=0/err=0.0%/avg=84ms; dexscreener:ok=10/fail=0/429=0/lim_wait=0/cd_wait=0/err=0.0%/avg=43ms | Tasks: 3 | RSS: 0.0MB | CycleAvg: 0.63s
2026-02-26 14:50:00,890 [INFO] [u_station_ab_night_autotune_v1] __main__: WATCHLIST merged count=5
2026-02-26 14:50:00,890 [INFO] [u_station_ab_night_autotune_v1] trading.v2_runtime: V2_UNIVERSE in=5 dedup=5 out=5 target=5 novel_target=4 novel_out=0 repeat_dropped=0 symbol_dropped=0 surge_in=0 surge_target=0 surge_out=0
2026-02-26 14:50:00,891 [INFO] [u_station_ab_night_autotune_v1] __main__: FILTER_FAIL token=cbBTC reason=heavy_dedup_ttl
2026-02-26 14:50:00,892 [INFO] [u_station_ab_night_autotune_v1] __main__: FILTER_FAIL token=BENCHMARK reason=heavy_dedup_ttl
2026-02-26 14:50:00,894 [INFO] [u_station_ab_night_autotune_v1] __main__: FILTER_FAIL token=AERO reason=heavy_dedup_ttl
2026-02-26 14:50:00,895 [INFO] [u_station_ab_night_autotune_v1] __main__: FILTER_FAIL token=AntiHunter reason=heavy_dedup_ttl
2026-02-26 14:50:00,896 [INFO] [u_station_ab_night_autotune_v1] __main__: FILTER_FAIL token=VIRTUAL reason=heavy_dedup_ttl
2026-02-26 14:50:00,896 [INFO] [u_station_ab_night_autotune_v1] __main__: MARKET_REGIME mode=YELLOW reason=avg_cand=0.50 avg_cand_recent=0.50
2026-02-26 14:50:00,897 [INFO] [u_station_ab_night_autotune_v1] __main__: Scanned 5 tokens | High quality: 5 | Alerts sent: 0 | Trade candidates: 0 | Quality out/core/explore/probe: 0/0/0/0 | Opened: 0 | Mode: local | Source: onchain+market | Policy: raw=OK/effective=OK(healthy | route=allow_all) | Regime: YELLOW(avg_cand=0.50) | Safety: checked=0 fail_closed=0 reasons=none | FiltersTop(session): heavy_dedup_ttl:55,safe_age:4,safe_change_5m:3,score_min:3 | Dedup: heavy_skip=5 override=0 | V2Budget: 0/280 | SourceQoS: enabled=1/in=5/out=5/dropped=0/active_cd=0/drops=none | Ingest: q=0/oldest=0.0s/drop_old=0/dedup_skip=0/enq=0/drain=0 | Sources: dex_boosts:ok=1/fail=0/429=0/lim_wait=0/cd_wait=0/err=0.0%/avg=38ms; dexscreener:ok=10/fail=0/429=0/lim_wait=0/cd_wait=0/err=0.0%/avg=44ms | Tasks: 3 | RSS: 0.0MB | CycleAvg: 0.61s
2026-02-26 14:50:09,931 [INFO] [u_station_ab_night_autotune_v1] __main__: WATCHLIST merged count=5
2026-02-26 14:50:09,932 [INFO] [u_station_ab_night_autotune_v1] trading.v2_runtime: V2_UNIVERSE in=5 dedup=5 out=5 target=5 novel_target=4 novel_out=0 repeat_dropped=0 symbol_dropped=0 surge_in=0 surge_target=0 surge_out=0
2026-02-26 14:50:09,933 [INFO] [u_station_ab_night_autotune_v1] __main__: FILTER_FAIL token=cbBTC reason=heavy_dedup_ttl
2026-02-26 14:50:09,934 [INFO] [u_station_ab_night_autotune_v1] __main__: FILTER_FAIL token=BENCHMARK reason=heavy_dedup_ttl
2026-02-26 14:50:09,934 [INFO] [u_station_ab_night_autotune_v1] __main__: FILTER_FAIL token=AERO reason=heavy_dedup_ttl
2026-02-26 14:50:09,935 [INFO] [u_station_ab_night_autotune_v1] __main__: FILTER_FAIL token=AntiHunter reason=heavy_dedup_ttl
2026-02-26 14:50:09,936 [INFO] [u_station_ab_night_autotune_v1] __main__: FILTER_FAIL token=VIRTUAL reason=heavy_dedup_ttl
2026-02-26 14:50:09,937 [INFO] [u_station_ab_night_autotune_v1] __main__: MARKET_REGIME mode=YELLOW reason=avg_cand=0.00 avg_cand_recent=0.00
2026-02-26 14:50:09,937 [INFO] [u_station_ab_night_autotune_v1] trading.auto_trader: PAPER_SUMMARY window=60s closed_delta=0 wins_delta=0 losses_delta=0 realized_delta=$0.00 total_closed=17 winrate_total=17.6% realized_total=$0.01 balance=$7.01 equity=$7.01 open=0
2026-02-26 14:50:09,938 [INFO] [u_station_ab_night_autotune_v1] __main__: Scanned 5 tokens | High quality: 5 | Alerts sent: 0 | Trade candidates: 0 | Quality out/core/explore/probe: 0/0/0/0 | Opened: 0 | Mode: local | Source: onchain+market | Policy: raw=OK/effective=OK(healthy | route=allow_all) | Regime: YELLOW(avg_cand=0.00) | Safety: checked=0 fail_closed=0 reasons=none | FiltersTop(session): heavy_dedup_ttl:60,safe_age:4,safe_change_5m:3,score_min:3 | Dedup: heavy_skip=5 override=0 | V2Budget: 0/280 | SourceQoS: enabled=1/in=5/out=5/dropped=0/active_cd=0/drops=none | Ingest: q=0/oldest=0.0s/drop_old=0/dedup_skip=0/enq=0/drain=0 | Sources: dex_boosts:ok=1/fail=0/429=0/lim_wait=0/cd_wait=0/err=0.0%/avg=55ms; dexscreener:ok=10/fail=0/429=0/lim_wait=10/cd_wait=0/err=0.0%/avg=47ms | Tasks: 3 | RSS: 0.0MB | CycleAvg: 0.60s
2026-02-26 14:50:16,467 [INFO] [u_station_ab_night_autotune_v1] __main__: WATCHLIST merged count=5
2026-02-26 14:50:16,468 [INFO] [u_station_ab_night_autotune_v1] trading.v2_runtime: V2_UNIVERSE in=5 dedup=5 out=5 target=5 novel_target=4 novel_out=0 repeat_dropped=0 symbol_dropped=0 surge_in=0 surge_target=0 surge_out=0
2026-02-26 14:50:16,470 [INFO] [u_station_ab_night_autotune_v1] __main__: FILTER_FAIL token=cbBTC reason=heavy_dedup_ttl
2026-02-26 14:50:16,473 [INFO] [u_station_ab_night_autotune_v1] __main__: FILTER_FAIL token=BENCHMARK reason=heavy_dedup_ttl
2026-02-26 14:50:16,475 [INFO] [u_station_ab_night_autotune_v1] __main__: FILTER_FAIL token=AERO reason=heavy_dedup_ttl
2026-02-26 14:50:16,476 [INFO] [u_station_ab_night_autotune_v1] __main__: FILTER_FAIL token=AntiHunter reason=heavy_dedup_ttl
2026-02-26 14:50:16,478 [INFO] [u_station_ab_night_autotune_v1] __main__: FILTER_FAIL token=VIRTUAL reason=heavy_dedup_ttl
2026-02-26 14:50:16,478 [INFO] [u_station_ab_night_autotune_v1] __main__: MARKET_REGIME mode=YELLOW reason=avg_cand=0.00 avg_cand_recent=0.00
2026-02-26 14:50:16,480 [INFO] [u_station_ab_night_autotune_v1] __main__: Scanned 5 tokens | High quality: 5 | Alerts sent: 0 | Trade candidates: 0 | Quality out/core/explore/probe: 0/0/0/0 | Opened: 0 | Mode: local | Source: onchain+market | Policy: raw=OK/effective=OK(healthy | route=allow_all) | Regime: YELLOW(avg_cand=0.00) | Safety: checked=0 fail_closed=0 reasons=none | FiltersTop(session): heavy_dedup_ttl:65,safe_age:4,safe_change_5m:3,score_min:3 | Dedup: heavy_skip=5 override=0 | V2Budget: 0/280 | SourceQoS: enabled=1/in=5/out=5/dropped=0/active_cd=0/drops=none | Ingest: q=0/oldest=0.0s/drop_old=0/dedup_skip=0/enq=0/drain=0 | Sources: dex_boosts:ok=1/fail=0/429=0/lim_wait=0/cd_wait=0/err=0.0%/avg=37ms; dexscreener:ok=10/fail=0/429=0/lim_wait=10/cd_wait=0/err=0.0%/avg=206ms | Tasks: 3 | RSS: 0.0MB | CycleAvg: 0.94s
2026-02-26 14:50:20,910 [INFO] [u_station_ab_night_autotune_v1] __main__: WATCHLIST merged count=5
2026-02-26 14:50:20,910 [INFO] [u_station_ab_night_autotune_v1] trading.v2_runtime: V2_UNIVERSE in=5 dedup=5 out=5 target=5 novel_target=4 novel_out=0 repeat_dropped=0 symbol_dropped=0 surge_in=0 surge_target=0 surge_out=0
2026-02-26 14:50:20,912 [INFO] [u_station_ab_night_autotune_v1] __main__: FILTER_FAIL token=cbBTC reason=heavy_dedup_ttl
2026-02-26 14:50:20,914 [INFO] [u_station_ab_night_autotune_v1] __main__: FILTER_FAIL token=BENCHMARK reason=heavy_dedup_ttl
2026-02-26 14:50:20,915 [INFO] [u_station_ab_night_autotune_v1] __main__: FILTER_FAIL token=AERO reason=heavy_dedup_ttl
2026-02-26 14:50:20,916 [INFO] [u_station_ab_night_autotune_v1] __main__: FILTER_FAIL token=AntiHunter reason=heavy_dedup_ttl
2026-02-26 14:50:20,917 [INFO] [u_station_ab_night_autotune_v1] __main__: FILTER_FAIL token=VIRTUAL reason=heavy_dedup_ttl
2026-02-26 14:50:20,918 [INFO] [u_station_ab_night_autotune_v1] __main__: MARKET_REGIME mode=YELLOW reason=avg_cand=0.00 avg_cand_recent=0.00
2026-02-26 14:50:20,919 [INFO] [u_station_ab_night_autotune_v1] __main__: Scanned 5 tokens | High quality: 5 | Alerts sent: 0 | Trade candidates: 0 | Quality out/core/explore/probe: 0/0/0/0 | Opened: 0 | Mode: local | Source: onchain+market | Policy: raw=OK/effective=OK(healthy | route=allow_all) | Regime: YELLOW(avg_cand=0.00) | Safety: checked=0 fail_closed=0 reasons=none | FiltersTop(session): heavy_dedup_ttl:70,safe_age:4,safe_change_5m:3,score_min:3 | Dedup: heavy_skip=5 override=0 | V2Budget: 0/280 | SourceQoS: enabled=1/in=5/out=5/dropped=0/active_cd=0/drops=none | Ingest: q=0/oldest=0.0s/drop_old=0/dedup_skip=0/enq=0/drain=0 | Sources: dex_boosts:ok=1/fail=0/429=0/lim_wait=0/cd_wait=0/err=0.0%/avg=46ms; dexscreener:ok=10/fail=0/429=0/lim_wait=0/cd_wait=0/err=0.0%/avg=52ms | Tasks: 3 | RSS: 0.0MB | CycleAvg: 1.05s
2026-02-26 14:50:25,349 [INFO] [u_station_ab_night_autotune_v1] __main__: WATCHLIST merged count=5
2026-02-26 14:50:25,349 [INFO] [u_station_ab_night_autotune_v1] trading.v2_runtime: V2_UNIVERSE in=5 dedup=5 out=5 target=5 novel_target=4 novel_out=0 repeat_dropped=0 symbol_dropped=0 surge_in=0 surge_target=0 surge_out=0
2026-02-26 14:50:25,350 [INFO] [u_station_ab_night_autotune_v1] __main__: FILTER_FAIL token=cbBTC reason=heavy_dedup_ttl
2026-02-26 14:50:25,351 [INFO] [u_station_ab_night_autotune_v1] __main__: FILTER_FAIL token=BENCHMARK reason=heavy_dedup_ttl
2026-02-26 14:50:25,352 [INFO] [u_station_ab_night_autotune_v1] __main__: FILTER_FAIL token=AERO reason=heavy_dedup_ttl
2026-02-26 14:50:25,354 [INFO] [u_station_ab_night_autotune_v1] __main__: FILTER_FAIL token=AntiHunter reason=heavy_dedup_ttl
2026-02-26 14:50:25,355 [INFO] [u_station_ab_night_autotune_v1] __main__: FILTER_FAIL token=VIRTUAL reason=heavy_dedup_ttl
2026-02-26 14:50:25,356 [INFO] [u_station_ab_night_autotune_v1] __main__: MARKET_REGIME mode=YELLOW reason=avg_cand=0.00 avg_cand_recent=0.00
2026-02-26 14:50:25,356 [INFO] [u_station_ab_night_autotune_v1] __main__: Scanned 5 tokens | High quality: 5 | Alerts sent: 0 | Trade candidates: 0 | Quality out/core/explore/probe: 0/0/0/0 | Opened: 0 | Mode: local | Source: onchain+market | Policy: raw=OK/effective=OK(healthy | route=allow_all) | Regime: YELLOW(avg_cand=0.00) | Safety: checked=0 fail_closed=0 reasons=none | FiltersTop(session): heavy_dedup_ttl:75,safe_age:4,safe_change_5m:3,score_min:3 | Dedup: heavy_skip=5 override=0 | V2Budget: 0/280 | SourceQoS: enabled=1/in=5/out=5/dropped=0/active_cd=0/drops=none | Ingest: q=1/oldest=0.1s/drop_old=0/dedup_skip=0/enq=1/drain=0 | Sources: dex_boosts:ok=1/fail=0/429=0/lim_wait=0/cd_wait=0/err=0.0%/avg=49ms; dexscreener:ok=10/fail=0/429=0/lim_wait=0/cd_wait=0/err=0.0%/avg=73ms; geckoterminal:ok=1/fail=0/429=0/lim_wait=0/cd_wait=0/err=0.0%/avg=339ms | Tasks: 3 | RSS: 0.0MB | CycleAvg: 1.01s
2026-02-26 14:50:29,794 [INFO] [u_station_ab_night_autotune_v1] __main__: WATCHLIST merged count=5
2026-02-26 14:50:29,795 [INFO] [u_station_ab_night_autotune_v1] trading.v2_runtime: V2_UNIVERSE in=6 dedup=6 out=6 target=6 novel_target=4 novel_out=1 repeat_dropped=0 symbol_dropped=0 surge_in=0 surge_target=0 surge_out=0
2026-02-26 14:50:29,796 [INFO] [u_station_ab_night_autotune_v1] __main__: FILTER_FAIL token=cbBTC reason=heavy_dedup_ttl
2026-02-26 14:50:29,797 [INFO] [u_station_ab_night_autotune_v1] __main__: FILTER_FAIL token=BENCHMARK reason=heavy_dedup_ttl
2026-02-26 14:50:29,798 [INFO] [u_station_ab_night_autotune_v1] __main__: FILTER_FAIL token=AERO reason=heavy_dedup_ttl
2026-02-26 14:50:29,800 [INFO] [u_station_ab_night_autotune_v1] __main__: FILTER_PASS token=ASSIOM tier=A score=60 mode=YELLOW risk=MEDIUM liq=22107 vol5m=202
2026-02-26 14:50:29,801 [INFO] [u_station_ab_night_autotune_v1] monitor.local_alerter: Local alert token=ASSIOM address=0x8da624e3f444194a124c4d7c3b2296593c8beb07 score=60 reco=HOLD risk=MEDIUM warnings=0 liq=22107 vol5m=202
2026-02-26 14:50:29,802 [INFO] [u_station_ab_night_autotune_v1] __main__: FILTER_FAIL token=AntiHunter reason=heavy_dedup_ttl
2026-02-26 14:50:29,803 [INFO] [u_station_ab_night_autotune_v1] __main__: FILTER_FAIL token=VIRTUAL reason=heavy_dedup_ttl
2026-02-26 14:50:29,804 [INFO] [u_station_ab_night_autotune_v1] __main__: V2_QUALITY_GATE enabled=True regime=YELLOW in=1 out=1 core_out=0 explore_out=1 probe_out=0 quota=1 max_symbol_share=1.000 drop={} sources_used={'geckoterminal': 1}
2026-02-26 14:50:29,805 [INFO] [u_station_ab_night_autotune_v1] __main__: V2_ENTRY_ROUTE enabled=True regime=YELLOW in=1 out=1 core_out=0 explore_out=1 quota=1 allow_explore=True
2026-02-26 14:50:29,806 [INFO] [u_station_ab_night_autotune_v1] __main__: MARKET_REGIME mode=YELLOW reason=avg_cand=0.08 avg_cand_recent=0.08
2026-02-26 14:50:29,807 [INFO] [u_station_ab_night_autotune_v1] __main__: Scanned 6 tokens | High quality: 5 | Alerts sent: 1 | Trade candidates: 1 | Quality out/core/explore/probe: 1/0/1/0 | Opened: 0 | Mode: local | Source: onchain+market | Policy: raw=OK/effective=OK(healthy | route=allow_all) | Regime: YELLOW(avg_cand=0.08) | Safety: checked=1 fail_closed=0 reasons=api_code_4029:1 | FiltersTop(session): heavy_dedup_ttl:80,safe_age:4,safe_change_5m:3,score_min:3 | Dedup: heavy_skip=5 override=0 | V2Budget: 1/280 | SourceQoS: enabled=1/in=6/out=6/dropped=0/active_cd=0/drops=none | Ingest: q=0/oldest=0.0s/drop_old=0/dedup_skip=0/enq=0/drain=1 | Sources: dex_boosts:ok=1/fail=0/429=0/lim_wait=0/cd_wait=0/err=0.0%/avg=67ms; dexscreener:ok=10/fail=0/429=0/lim_wait=0/cd_wait=0/err=0.0%/avg=46ms | Tasks: 3 | RSS: 0.0MB | CycleAvg: 0.97s
2026-02-26 14:50:34,223 [INFO] [u_station_ab_night_autotune_v1] __main__: WATCHLIST merged count=5
2026-02-26 14:50:34,224 [INFO] [u_station_ab_night_autotune_v1] trading.v2_runtime: V2_UNIVERSE in=5 dedup=5 out=5 target=5 novel_target=4 novel_out=0 repeat_dropped=0 symbol_dropped=0 surge_in=0 surge_target=0 surge_out=0
2026-02-26 14:50:34,225 [INFO] [u_station_ab_night_autotune_v1] __main__: FILTER_FAIL token=cbBTC reason=heavy_dedup_ttl
2026-02-26 14:50:34,226 [INFO] [u_station_ab_night_autotune_v1] __main__: FILTER_FAIL token=BENCHMARK reason=heavy_dedup_ttl
2026-02-26 14:50:34,226 [INFO] [u_station_ab_night_autotune_v1] __main__: FILTER_FAIL token=AERO reason=heavy_dedup_ttl
2026-02-26 14:50:34,227 [INFO] [u_station_ab_night_autotune_v1] __main__: FILTER_FAIL token=AntiHunter reason=heavy_dedup_ttl
2026-02-26 14:50:34,228 [INFO] [u_station_ab_night_autotune_v1] __main__: FILTER_FAIL token=VIRTUAL reason=heavy_dedup_ttl
2026-02-26 14:50:34,229 [INFO] [u_station_ab_night_autotune_v1] __main__: MARKET_REGIME mode=YELLOW reason=avg_cand=0.08 avg_cand_recent=0.08
2026-02-26 14:50:34,230 [INFO] [u_station_ab_night_autotune_v1] __main__: Scanned 5 tokens | High quality: 5 | Alerts sent: 0 | Trade candidates: 0 | Quality out/core/explore/probe: 0/0/0/0 | Opened: 0 | Mode: local | Source: onchain+market | Policy: raw=OK/effective=OK(healthy | route=allow_all) | Regime: YELLOW(avg_cand=0.08) | Safety: checked=0 fail_closed=0 reasons=none | FiltersTop(session): heavy_dedup_ttl:85,safe_age:4,safe_change_5m:3,score_min:3 | Dedup: heavy_skip=5 override=0 | V2Budget: 0/280 | SourceQoS: enabled=1/in=5/out=5/dropped=0/active_cd=0/drops=none | Ingest: q=0/oldest=0.0s/drop_old=0/dedup_skip=0/enq=0/drain=0 | Sources: dex_boosts:ok=1/fail=0/429=0/lim_wait=0/cd_wait=0/err=0.0%/avg=52ms; dexscreener:ok=10/fail=0/429=0/lim_wait=0/cd_wait=0/err=0.0%/avg=45ms | Tasks: 3 | RSS: 0.0MB | CycleAvg: 0.94s
2026-02-26 14:50:38,683 [INFO] [u_station_ab_night_autotune_v1] __main__: WATCHLIST merged count=5
2026-02-26 14:50:38,684 [INFO] [u_station_ab_night_autotune_v1] trading.v2_runtime: V2_UNIVERSE in=5 dedup=5 out=5 target=5 novel_target=4 novel_out=0 repeat_dropped=0 symbol_dropped=0 surge_in=0 surge_target=0 surge_out=0
2026-02-26 14:50:38,685 [INFO] [u_station_ab_night_autotune_v1] __main__: FILTER_FAIL token=cbBTC reason=heavy_dedup_ttl
2026-02-26 14:50:38,686 [INFO] [u_station_ab_night_autotune_v1] __main__: FILTER_FAIL token=BENCHMARK reason=heavy_dedup_ttl
2026-02-26 14:50:38,687 [INFO] [u_station_ab_night_autotune_v1] __main__: FILTER_FAIL token=AERO reason=heavy_dedup_ttl
2026-02-26 14:50:38,688 [INFO] [u_station_ab_night_autotune_v1] __main__: FILTER_FAIL token=AntiHunter reason=heavy_dedup_ttl
2026-02-26 14:50:38,690 [INFO] [u_station_ab_night_autotune_v1] __main__: FILTER_FAIL token=VIRTUAL reason=heavy_dedup_ttl
2026-02-26 14:50:38,690 [INFO] [u_station_ab_night_autotune_v1] __main__: MARKET_REGIME mode=YELLOW reason=avg_cand=0.08 avg_cand_recent=0.08
2026-02-26 14:50:38,691 [INFO] [u_station_ab_night_autotune_v1] __main__: Scanned 5 tokens | High quality: 5 | Alerts sent: 0 | Trade candidates: 0 | Quality out/core/explore/probe: 0/0/0/0 | Opened: 0 | Mode: local | Source: onchain+market | Policy: raw=OK/effective=OK(healthy | route=allow_all) | Regime: YELLOW(avg_cand=0.08) | Safety: checked=0 fail_closed=0 reasons=none | FiltersTop(session): heavy_dedup_ttl:90,safe_age:4,safe_change_5m:3,score_min:3 | Dedup: heavy_skip=5 override=0 | V2Budget: 0/280 | SourceQoS: enabled=1/in=5/out=5/dropped=0/active_cd=0/drops=none | Ingest: q=0/oldest=0.0s/drop_old=0/dedup_skip=0/enq=0/drain=0 | Sources: dex_boosts:ok=1/fail=0/429=0/lim_wait=0/cd_wait=0/err=0.0%/avg=39ms; dexscreener:ok=10/fail=0/429=0/lim_wait=0/cd_wait=0/err=0.0%/avg=53ms | Tasks: 3 | RSS: 0.0MB | CycleAvg: 0.91s
2026-02-26 14:50:43,109 [INFO] [u_station_ab_night_autotune_v1] __main__: WATCHLIST merged count=5
2026-02-26 14:50:43,110 [INFO] [u_station_ab_night_autotune_v1] trading.v2_runtime: V2_UNIVERSE in=5 dedup=5 out=5 target=5 novel_target=4 novel_out=0 repeat_dropped=0 symbol_dropped=0 surge_in=0 surge_target=0 surge_out=0
2026-02-26 14:50:43,111 [INFO] [u_station_ab_night_autotune_v1] __main__: FILTER_FAIL token=cbBTC reason=heavy_dedup_ttl
2026-02-26 14:50:43,112 [INFO] [u_station_ab_night_autotune_v1] __main__: FILTER_FAIL token=BENCHMARK reason=heavy_dedup_ttl
2026-02-26 14:50:43,113 [INFO] [u_station_ab_night_autotune_v1] __main__: FILTER_FAIL token=AERO reason=heavy_dedup_ttl
2026-02-26 14:50:43,114 [INFO] [u_station_ab_night_autotune_v1] __main__: FILTER_FAIL token=AntiHunter reason=heavy_dedup_ttl
2026-02-26 14:50:43,115 [INFO] [u_station_ab_night_autotune_v1] __main__: FILTER_FAIL token=VIRTUAL reason=heavy_dedup_ttl
2026-02-26 14:50:43,116 [INFO] [u_station_ab_night_autotune_v1] __main__: MARKET_REGIME mode=YELLOW reason=avg_cand=0.08 avg_cand_recent=0.08
2026-02-26 14:50:43,117 [INFO] [u_station_ab_night_autotune_v1] __main__: Scanned 5 tokens | High quality: 5 | Alerts sent: 0 | Trade candidates: 0 | Quality out/core/explore/probe: 0/0/0/0 | Opened: 0 | Mode: local | Source: onchain+market | Policy: raw=OK/effective=OK(healthy | route=allow_all) | Regime: YELLOW(avg_cand=0.08) | Safety: checked=0 fail_closed=0 reasons=none | FiltersTop(session): heavy_dedup_ttl:95,safe_age:4,safe_change_5m:3,score_min:3 | Dedup: heavy_skip=5 override=0 | V2Budget: 0/280 | SourceQoS: enabled=1/in=5/out=5/dropped=0/active_cd=0/drops=none | Ingest: q=0/oldest=0.0s/drop_old=0/dedup_skip=0/enq=0/drain=0 | Sources: dex_boosts:ok=1/fail=0/429=0/lim_wait=0/cd_wait=0/err=0.0%/avg=35ms; dexscreener:ok=10/fail=0/429=0/lim_wait=0/cd_wait=0/err=0.0%/avg=49ms | Tasks: 3 | RSS: 0.0MB | CycleAvg: 0.89s
2026-02-26 14:50:47,621 [INFO] [u_station_ab_night_autotune_v1] __main__: WATCHLIST merged count=5
2026-02-26 14:50:47,621 [INFO] [u_station_ab_night_autotune_v1] trading.v2_runtime: V2_UNIVERSE in=5 dedup=5 out=5 target=5 novel_target=4 novel_out=0 repeat_dropped=0 symbol_dropped=0 surge_in=0 surge_target=0 surge_out=0
2026-02-26 14:50:47,622 [INFO] [u_station_ab_night_autotune_v1] __main__: FILTER_FAIL token=cbBTC reason=heavy_dedup_ttl
2026-02-26 14:50:47,624 [INFO] [u_station_ab_night_autotune_v1] __main__: FILTER_FAIL token=BENCHMARK reason=heavy_dedup_ttl
2026-02-26 14:50:47,625 [INFO] [u_station_ab_night_autotune_v1] __main__: FILTER_FAIL token=AERO reason=heavy_dedup_ttl
2026-02-26 14:50:47,626 [INFO] [u_station_ab_night_autotune_v1] __main__: FILTER_FAIL token=AntiHunter reason=heavy_dedup_ttl
2026-02-26 14:50:47,628 [INFO] [u_station_ab_night_autotune_v1] __main__: FILTER_FAIL token=VIRTUAL reason=heavy_dedup_ttl
2026-02-26 14:50:47,629 [INFO] [u_station_ab_night_autotune_v1] __main__: MARKET_REGIME mode=YELLOW reason=avg_cand=0.08 avg_cand_recent=0.08
2026-02-26 14:50:47,630 [INFO] [u_station_ab_night_autotune_v1] __main__: Scanned 5 tokens | High quality: 5 | Alerts sent: 0 | Trade candidates: 0 | Quality out/core/explore/probe: 0/0/0/0 | Opened: 0 | Mode: local | Source: onchain+market | Policy: raw=OK/effective=OK(healthy | route=allow_all) | Regime: YELLOW(avg_cand=0.08) | Safety: checked=0 fail_closed=0 reasons=none | FiltersTop(session): heavy_dedup_ttl:100,safe_age:4,safe_change_5m:3,score_min:3 | Dedup: heavy_skip=5 override=0 | V2Budget: 0/280 | SourceQoS: enabled=1/in=5/out=5/dropped=0/active_cd=0/drops=none | Ingest: q=0/oldest=0.0s/drop_old=0/dedup_skip=0/enq=0/drain=0 | Sources: dex_boosts:ok=1/fail=0/429=0/lim_wait=0/cd_wait=0/err=0.0%/avg=41ms; dexscreener:ok=10/fail=0/429=0/lim_wait=10/cd_wait=0/err=0.0%/avg=237ms | Tasks: 3 | RSS: 0.0MB | CycleAvg: 0.87s
2026-02-26 14:50:52,046 [INFO] [u_station_ab_night_autotune_v1] __main__: WATCHLIST merged count=5
2026-02-26 14:50:52,047 [INFO] [u_station_ab_night_autotune_v1] trading.v2_runtime: V2_UNIVERSE in=5 dedup=5 out=5 target=5 novel_target=4 novel_out=0 repeat_dropped=0 symbol_dropped=0 surge_in=0 surge_target=0 surge_out=0
2026-02-26 14:50:52,048 [INFO] [u_station_ab_night_autotune_v1] __main__: FILTER_FAIL token=cbBTC reason=heavy_dedup_ttl
2026-02-26 14:50:52,049 [INFO] [u_station_ab_night_autotune_v1] __main__: FILTER_FAIL token=BENCHMARK reason=heavy_dedup_ttl
2026-02-26 14:50:52,050 [INFO] [u_station_ab_night_autotune_v1] __main__: FILTER_FAIL token=AERO reason=heavy_dedup_ttl
2026-02-26 14:50:52,050 [INFO] [u_station_ab_night_autotune_v1] __main__: FILTER_FAIL token=AntiHunter reason=heavy_dedup_ttl
2026-02-26 14:50:52,051 [INFO] [u_station_ab_night_autotune_v1] __main__: FILTER_FAIL token=VIRTUAL reason=heavy_dedup_ttl
2026-02-26 14:50:52,052 [INFO] [u_station_ab_night_autotune_v1] __main__: MARKET_REGIME mode=YELLOW reason=avg_cand=0.08 avg_cand_recent=0.08
2026-02-26 14:50:52,053 [INFO] [u_station_ab_night_autotune_v1] __main__: Scanned 5 tokens | High quality: 5 | Alerts sent: 0 | Trade candidates: 0 | Quality out/core/explore/probe: 0/0/0/0 | Opened: 0 | Mode: local | Source: onchain+market | Policy: raw=OK/effective=OK(healthy | route=allow_all) | Regime: YELLOW(avg_cand=0.08) | Safety: checked=0 fail_closed=0 reasons=none | FiltersTop(session): heavy_dedup_ttl:105,safe_age:4,safe_change_5m:3,score_min:3 | Dedup: heavy_skip=5 override=0 | V2Budget: 0/280 | SourceQoS: enabled=1/in=5/out=5/dropped=0/active_cd=0/drops=none | Ingest: q=0/oldest=0.0s/drop_old=0/dedup_skip=0/enq=0/drain=0 | Sources: dex_boosts:ok=1/fail=0/429=0/lim_wait=0/cd_wait=0/err=0.0%/avg=57ms; dexscreener:ok=10/fail=0/429=0/lim_wait=0/cd_wait=0/err=0.0%/avg=47ms | Tasks: 3 | RSS: 0.0MB | CycleAvg: 0.85s
2026-02-26 14:50:56,495 [INFO] [u_station_ab_night_autotune_v1] __main__: WATCHLIST merged count=5
2026-02-26 14:50:56,495 [INFO] [u_station_ab_night_autotune_v1] trading.v2_runtime: V2_UNIVERSE in=5 dedup=5 out=5 target=5 novel_target=4 novel_out=0 repeat_dropped=0 symbol_dropped=0 surge_in=0 surge_target=0 surge_out=0
2026-02-26 14:50:56,496 [INFO] [u_station_ab_night_autotune_v1] __main__: FILTER_FAIL token=cbBTC reason=heavy_dedup_ttl
2026-02-26 14:50:56,497 [INFO] [u_station_ab_night_autotune_v1] __main__: FILTER_FAIL token=BENCHMARK reason=heavy_dedup_ttl
2026-02-26 14:50:56,498 [INFO] [u_station_ab_night_autotune_v1] __main__: FILTER_FAIL token=AERO reason=heavy_dedup_ttl
2026-02-26 14:50:56,499 [INFO] [u_station_ab_night_autotune_v1] __main__: FILTER_FAIL token=AntiHunter reason=heavy_dedup_ttl
2026-02-26 14:50:56,501 [INFO] [u_station_ab_night_autotune_v1] __main__: FILTER_FAIL token=VIRTUAL reason=heavy_dedup_ttl
2026-02-26 14:50:56,501 [INFO] [u_station_ab_night_autotune_v1] __main__: MARKET_REGIME mode=YELLOW reason=avg_cand=0.08 avg_cand_recent=0.08
2026-02-26 14:50:56,502 [INFO] [u_station_ab_night_autotune_v1] __main__: Scanned 5 tokens | High quality: 5 | Alerts sent: 0 | Trade candidates: 0 | Quality out/core/explore/probe: 0/0/0/0 | Opened: 0 | Mode: local | Source: onchain+market | Policy: raw=OK/effective=OK(healthy | route=allow_all) | Regime: YELLOW(avg_cand=0.08) | Safety: checked=0 fail_closed=0 reasons=none | FiltersTop(session): heavy_dedup_ttl:110,safe_age:4,safe_change_5m:3,score_min:3 | Dedup: heavy_skip=5 override=0 | V2Budget: 0/280 | SourceQoS: enabled=1/in=5/out=5/dropped=0/active_cd=0/drops=none | Ingest: q=0/oldest=0.0s/drop_old=0/dedup_skip=0/enq=0/drain=0 | Sources: dex_boosts:ok=1/fail=0/429=0/lim_wait=0/cd_wait=0/err=0.0%/avg=41ms; dexscreener:ok=10/fail=0/429=0/lim_wait=0/cd_wait=0/err=0.0%/avg=47ms | Tasks: 3 | RSS: 0.0MB | CycleAvg: 0.83s
2026-02-26 14:51:00,995 [INFO] [u_station_ab_night_autotune_v1] __main__: WATCHLIST merged count=5
2026-02-26 14:51:00,996 [INFO] [u_station_ab_night_autotune_v1] trading.v2_runtime: V2_UNIVERSE in=5 dedup=5 out=5 target=5 novel_target=4 novel_out=0 repeat_dropped=0 symbol_dropped=0 surge_in=0 surge_target=0 surge_out=0
2026-02-26 14:51:00,997 [INFO] [u_station_ab_night_autotune_v1] __main__: FILTER_FAIL token=cbBTC reason=heavy_dedup_ttl
2026-02-26 14:51:00,998 [INFO] [u_station_ab_night_autotune_v1] __main__: FILTER_FAIL token=BENCHMARK reason=heavy_dedup_ttl
2026-02-26 14:51:01,000 [INFO] [u_station_ab_night_autotune_v1] __main__: FILTER_FAIL token=AERO reason=heavy_dedup_ttl
2026-02-26 14:51:01,001 [INFO] [u_station_ab_night_autotune_v1] __main__: FILTER_FAIL token=AntiHunter reason=heavy_dedup_ttl
2026-02-26 14:51:01,001 [INFO] [u_station_ab_night_autotune_v1] __main__: FILTER_FAIL token=VIRTUAL reason=heavy_dedup_ttl
2026-02-26 14:51:01,002 [INFO] [u_station_ab_night_autotune_v1] __main__: MARKET_REGIME mode=YELLOW reason=avg_cand=0.08 avg_cand_recent=0.08
2026-02-26 14:51:01,003 [INFO] [u_station_ab_night_autotune_v1] __main__: Scanned 5 tokens | High quality: 5 | Alerts sent: 0 | Trade candidates: 0 | Quality out/core/explore/probe: 0/0/0/0 | Opened: 0 | Mode: local | Source: onchain+market | Policy: raw=OK/effective=OK(healthy | route=allow_all) | Regime: YELLOW(avg_cand=0.08) | Safety: checked=0 fail_closed=0 reasons=none | FiltersTop(session): heavy_dedup_ttl:115,safe_age:4,safe_change_5m:3,score_min:3 | Dedup: heavy_skip=5 override=0 | V2Budget: 0/280 | SourceQoS: enabled=1/in=5/out=5/dropped=0/active_cd=0/drops=none | Ingest: q=0/oldest=0.0s/drop_old=0/dedup_skip=0/enq=0/drain=0 | Sources: dex_boosts:ok=1/fail=0/429=0/lim_wait=0/cd_wait=0/err=0.0%/avg=77ms; dexscreener:ok=10/fail=0/429=0/lim_wait=0/cd_wait=0/err=0.0%/avg=76ms | Tasks: 3 | RSS: 0.0MB | CycleAvg: 0.81s
2026-02-26 14:51:09,951 [INFO] [u_station_ab_night_autotune_v1] __main__: WATCHLIST merged count=5
2026-02-26 14:51:09,952 [INFO] [u_station_ab_night_autotune_v1] trading.v2_runtime: V2_UNIVERSE in=5 dedup=5 out=5 target=5 novel_target=4 novel_out=0 repeat_dropped=0 symbol_dropped=0 surge_in=0 surge_target=0 surge_out=0
2026-02-26 14:51:09,953 [INFO] [u_station_ab_night_autotune_v1] __main__: FILTER_FAIL token=cbBTC reason=heavy_dedup_ttl
2026-02-26 14:51:09,954 [INFO] [u_station_ab_night_autotune_v1] __main__: FILTER_FAIL token=BENCHMARK reason=heavy_dedup_ttl
2026-02-26 14:51:09,955 [INFO] [u_station_ab_night_autotune_v1] __main__: FILTER_FAIL token=AERO reason=heavy_dedup_ttl
2026-02-26 14:51:09,956 [INFO] [u_station_ab_night_autotune_v1] __main__: FILTER_FAIL token=AntiHunter reason=heavy_dedup_ttl
2026-02-26 14:51:09,957 [INFO] [u_station_ab_night_autotune_v1] __main__: FILTER_FAIL token=VIRTUAL reason=heavy_dedup_ttl
2026-02-26 14:51:09,958 [INFO] [u_station_ab_night_autotune_v1] __main__: MARKET_REGIME mode=YELLOW reason=avg_cand=0.08 avg_cand_recent=0.08
2026-02-26 14:51:09,959 [INFO] [u_station_ab_night_autotune_v1] trading.auto_trader: PAPER_SUMMARY window=60s closed_delta=0 wins_delta=0 losses_delta=0 realized_delta=$0.00 total_closed=17 winrate_total=17.6% realized_total=$0.01 balance=$7.01 equity=$7.01 open=0
2026-02-26 14:51:09,960 [INFO] [u_station_ab_night_autotune_v1] __main__: Scanned 5 tokens | High quality: 5 | Alerts sent: 0 | Trade candidates: 0 | Quality out/core/explore/probe: 0/0/0/0 | Opened: 0 | Mode: local | Source: onchain+market | Policy: raw=OK/effective=OK(healthy | route=allow_all) | Regime: YELLOW(avg_cand=0.08) | Safety: checked=0 fail_closed=0 reasons=none | FiltersTop(session): heavy_dedup_ttl:120,safe_age:4,safe_change_5m:3,score_min:3 | Dedup: heavy_skip=5 override=0 | V2Budget: 0/280 | SourceQoS: enabled=1/in=5/out=5/dropped=0/active_cd=0/drops=none | Ingest: q=0/oldest=0.0s/drop_old=0/dedup_skip=0/enq=0/drain=0 | Sources: dex_boosts:ok=1/fail=0/429=0/lim_wait=0/cd_wait=0/err=0.0%/avg=43ms; dexscreener:ok=10/fail=0/429=0/lim_wait=10/cd_wait=0/err=0.0%/avg=51ms | Tasks: 3 | RSS: 0.0MB | CycleAvg: 0.80s
2026-02-26 14:51:16,046 [INFO] [u_station_ab_night_autotune_v1] __main__: WATCHLIST merged count=5
2026-02-26 14:51:16,046 [INFO] [u_station_ab_night_autotune_v1] trading.v2_runtime: V2_UNIVERSE in=5 dedup=5 out=5 target=5 novel_target=4 novel_out=0 repeat_dropped=0 symbol_dropped=0 surge_in=0 surge_target=0 surge_out=0
2026-02-26 14:51:16,047 [INFO] [u_station_ab_night_autotune_v1] __main__: FILTER_FAIL token=cbBTC reason=heavy_dedup_ttl
2026-02-26 14:51:16,048 [INFO] [u_station_ab_night_autotune_v1] __main__: FILTER_FAIL token=BENCHMARK reason=heavy_dedup_ttl
2026-02-26 14:51:16,048 [INFO] [u_station_ab_night_autotune_v1] __main__: FILTER_FAIL token=AERO reason=heavy_dedup_ttl
2026-02-26 14:51:16,049 [INFO] [u_station_ab_night_autotune_v1] __main__: FILTER_FAIL token=AntiHunter reason=heavy_dedup_ttl
2026-02-26 14:51:16,050 [INFO] [u_station_ab_night_autotune_v1] __main__: FILTER_FAIL token=VIRTUAL reason=heavy_dedup_ttl
2026-02-26 14:51:16,050 [INFO] [u_station_ab_night_autotune_v1] __main__: MARKET_REGIME mode=YELLOW reason=avg_cand=0.08 avg_cand_recent=0.08
2026-02-26 14:51:16,051 [INFO] [u_station_ab_night_autotune_v1] __main__: Scanned 5 tokens | High quality: 5 | Alerts sent: 0 | Trade candidates: 0 | Quality out/core/explore/probe: 0/0/0/0 | Opened: 0 | Mode: local | Source: onchain+market | Policy: raw=OK/effective=OK(healthy | route=allow_all) | Regime: YELLOW(avg_cand=0.08) | Safety: checked=0 fail_closed=0 reasons=none | FiltersTop(session): heavy_dedup_ttl:125,safe_age:4,safe_change_5m:3,score_min:3 | Dedup: heavy_skip=5 override=0 | V2Budget: 0/280 | SourceQoS: enabled=1/in=5/out=5/dropped=0/active_cd=0/drops=none | Ingest: q=0/oldest=0.0s/drop_old=0/dedup_skip=0/enq=0/drain=0 | Sources: dex_boosts:ok=1/fail=0/429=0/lim_wait=0/cd_wait=0/err=0.0%/avg=34ms; dexscreener:ok=10/fail=0/429=0/lim_wait=10/cd_wait=0/err=0.0%/avg=49ms | Tasks: 3 | RSS: 0.0MB | CycleAvg: 0.97s
2026-02-26 14:51:21,033 [INFO] [u_station_ab_night_autotune_v1] __main__: WATCHLIST merged count=5
2026-02-26 14:51:21,034 [INFO] [u_station_ab_night_autotune_v1] trading.v2_runtime: V2_UNIVERSE in=5 dedup=5 out=5 target=5 novel_target=4 novel_out=0 repeat_dropped=0 symbol_dropped=0 surge_in=0 surge_target=0 surge_out=0
2026-02-26 14:51:21,035 [INFO] [u_station_ab_night_autotune_v1] __main__: FILTER_FAIL token=cbBTC reason=heavy_dedup_ttl
2026-02-26 14:51:21,036 [INFO] [u_station_ab_night_autotune_v1] __main__: FILTER_FAIL token=BENCHMARK reason=heavy_dedup_ttl
2026-02-26 14:51:21,036 [INFO] [u_station_ab_night_autotune_v1] __main__: FILTER_FAIL token=AERO reason=heavy_dedup_ttl
2026-02-26 14:51:21,038 [INFO] [u_station_ab_night_autotune_v1] __main__: FILTER_FAIL token=AntiHunter reason=heavy_dedup_ttl
2026-02-26 14:51:21,038 [INFO] [u_station_ab_night_autotune_v1] __main__: FILTER_FAIL token=VIRTUAL reason=heavy_dedup_ttl
2026-02-26 14:51:21,039 [INFO] [u_station_ab_night_autotune_v1] __main__: MARKET_REGIME mode=YELLOW reason=avg_cand=0.08 avg_cand_recent=0.08
2026-02-26 14:51:21,040 [INFO] [u_station_ab_night_autotune_v1] __main__: Scanned 5 tokens | High quality: 5 | Alerts sent: 0 | Trade candidates: 0 | Quality out/core/explore/probe: 0/0/0/0 | Opened: 0 | Mode: local | Source: onchain+market | Policy: raw=OK/effective=OK(healthy | route=allow_all) | Regime: YELLOW(avg_cand=0.08) | Safety: checked=0 fail_closed=0 reasons=none | FiltersTop(session): heavy_dedup_ttl:130,safe_age:4,safe_change_5m:3,score_min:3 | Dedup: heavy_skip=5 override=0 | V2Budget: 0/280 | SourceQoS: enabled=1/in=5/out=5/dropped=0/active_cd=0/drops=none | Ingest: q=0/oldest=0.0s/drop_old=0/dedup_skip=0/enq=0/drain=0 | Sources: dex_boosts:ok=1/fail=0/429=0/lim_wait=0/cd_wait=0/err=0.0%/avg=55ms; dexscreener:ok=10/fail=0/429=0/lim_wait=10/cd_wait=0/err=0.0%/avg=262ms | Tasks: 3 | RSS: 0.0MB | CycleAvg: 1.01s
2026-02-26 14:51:25,486 [INFO] [u_station_ab_night_autotune_v1] __main__: WATCHLIST merged count=5
2026-02-26 14:51:25,488 [INFO] [u_station_ab_night_autotune_v1] trading.v2_runtime: V2_UNIVERSE in=5 dedup=5 out=5 target=5 novel_target=4 novel_out=0 repeat_dropped=0 symbol_dropped=0 surge_in=0 surge_target=0 surge_out=0
2026-02-26 14:51:25,490 [INFO] [u_station_ab_night_autotune_v1] __main__: FILTER_FAIL token=cbBTC reason=heavy_dedup_ttl
2026-02-26 14:51:25,491 [INFO] [u_station_ab_night_autotune_v1] __main__: FILTER_FAIL token=BENCHMARK reason=heavy_dedup_ttl
2026-02-26 14:51:25,492 [INFO] [u_station_ab_night_autotune_v1] __main__: FILTER_FAIL token=AERO reason=heavy_dedup_ttl
2026-02-26 14:51:25,493 [INFO] [u_station_ab_night_autotune_v1] __main__: FILTER_FAIL token=AntiHunter reason=heavy_dedup_ttl
2026-02-26 14:51:25,494 [INFO] [u_station_ab_night_autotune_v1] __main__: FILTER_FAIL token=VIRTUAL reason=heavy_dedup_ttl
2026-02-26 14:51:25,495 [INFO] [u_station_ab_night_autotune_v1] __main__: MARKET_REGIME mode=YELLOW reason=avg_cand=0.08 avg_cand_recent=0.08
2026-02-26 14:51:25,496 [INFO] [u_station_ab_night_autotune_v1] __main__: Scanned 5 tokens | High quality: 5 | Alerts sent: 0 | Trade candidates: 0 | Quality out/core/explore/probe: 0/0/0/0 | Opened: 0 | Mode: local | Source: onchain+market | Policy: raw=OK/effective=OK(healthy | route=allow_all) | Regime: YELLOW(avg_cand=0.08) | Safety: checked=0 fail_closed=0 reasons=none | FiltersTop(session): heavy_dedup_ttl:135,safe_age:4,safe_change_5m:3,score_min:3 | Dedup: heavy_skip=5 override=0 | V2Budget: 0/280 | SourceQoS: enabled=1/in=5/out=5/dropped=0/active_cd=0/drops=none | Ingest: q=0/oldest=0.0s/drop_old=0/dedup_skip=0/enq=0/drain=0 | Sources: dex_boosts:ok=1/fail=0/429=0/lim_wait=0/cd_wait=0/err=0.0%/avg=41ms; dexscreener:ok=10/fail=0/429=0/lim_wait=0/cd_wait=0/err=0.0%/avg=56ms | Tasks: 3 | RSS: 0.0MB | CycleAvg: 1.01s
2026-02-26 14:51:29,930 [INFO] [u_station_ab_night_autotune_v1] __main__: WATCHLIST merged count=5
2026-02-26 14:51:29,931 [INFO] [u_station_ab_night_autotune_v1] trading.v2_runtime: V2_UNIVERSE in=5 dedup=5 out=5 target=5 novel_target=4 novel_out=0 repeat_dropped=0 symbol_dropped=0 surge_in=0 surge_target=0 surge_out=0
2026-02-26 14:51:29,932 [INFO] [u_station_ab_night_autotune_v1] __main__: FILTER_FAIL token=cbBTC reason=heavy_dedup_ttl
2026-02-26 14:51:29,933 [INFO] [u_station_ab_night_autotune_v1] __main__: FILTER_FAIL token=BENCHMARK reason=heavy_dedup_ttl
2026-02-26 14:51:29,934 [INFO] [u_station_ab_night_autotune_v1] __main__: FILTER_FAIL token=AERO reason=heavy_dedup_ttl
2026-02-26 14:51:29,935 [INFO] [u_station_ab_night_autotune_v1] __main__: FILTER_FAIL token=AntiHunter reason=heavy_dedup_ttl
2026-02-26 14:51:29,935 [INFO] [u_station_ab_night_autotune_v1] __main__: FILTER_FAIL token=VIRTUAL reason=heavy_dedup_ttl
2026-02-26 14:51:29,936 [INFO] [u_station_ab_night_autotune_v1] __main__: MARKET_REGIME mode=YELLOW reason=avg_cand=0.00 avg_cand_recent=0.00
2026-02-26 14:51:29,937 [INFO] [u_station_ab_night_autotune_v1] __main__: Scanned 5 tokens | High quality: 5 | Alerts sent: 0 | Trade candidates: 0 | Quality out/core/explore/probe: 0/0/0/0 | Opened: 0 | Mode: local | Source: onchain+market | Policy: raw=OK/effective=OK(healthy | route=allow_all) | Regime: YELLOW(avg_cand=0.00) | Safety: checked=0 fail_closed=0 reasons=none | FiltersTop(session): heavy_dedup_ttl:140,safe_age:4,safe_change_5m:3,score_min:3 | Dedup: heavy_skip=5 override=0 | V2Budget: 0/280 | SourceQoS: enabled=1/in=5/out=5/dropped=0/active_cd=0/drops=none | Ingest: q=0/oldest=0.0s/drop_old=0/dedup_skip=0/enq=0/drain=0 | Sources: dex_boosts:ok=1/fail=0/429=0/lim_wait=0/cd_wait=0/err=0.0%/avg=39ms; dexscreener:ok=10/fail=0/429=0/lim_wait=0/cd_wait=0/err=0.0%/avg=44ms | Tasks: 3 | RSS: 0.0MB | CycleAvg: 0.99s
2026-02-26 14:51:34,399 [INFO] [u_station_ab_night_autotune_v1] __main__: WATCHLIST merged count=5
2026-02-26 14:51:34,400 [INFO] [u_station_ab_night_autotune_v1] trading.v2_runtime: V2_UNIVERSE in=5 dedup=5 out=5 target=5 novel_target=4 novel_out=0 repeat_dropped=0 symbol_dropped=0 surge_in=0 surge_target=0 surge_out=0
2026-02-26 14:51:34,402 [INFO] [u_station_ab_night_autotune_v1] __main__: FILTER_FAIL token=cbBTC reason=heavy_dedup_ttl
2026-02-26 14:51:34,403 [INFO] [u_station_ab_night_autotune_v1] __main__: FILTER_FAIL token=BENCHMARK reason=heavy_dedup_ttl
2026-02-26 14:51:34,404 [INFO] [u_station_ab_night_autotune_v1] __main__: FILTER_FAIL token=AERO reason=heavy_dedup_ttl
2026-02-26 14:51:34,405 [INFO] [u_station_ab_night_autotune_v1] __main__: FILTER_FAIL token=AntiHunter reason=heavy_dedup_ttl
2026-02-26 14:51:34,406 [INFO] [u_station_ab_night_autotune_v1] __main__: FILTER_FAIL token=VIRTUAL reason=heavy_dedup_ttl
2026-02-26 14:51:34,407 [INFO] [u_station_ab_night_autotune_v1] __main__: MARKET_REGIME mode=YELLOW reason=avg_cand=0.00 avg_cand_recent=0.00
2026-02-26 14:51:34,408 [INFO] [u_station_ab_night_autotune_v1] __main__: FILTER_THRESHOLDS safe_volume_5m_min=$8 safe_liquidity_min=$8000 safe_age_min=240s score_min=48 edge_min=0.10% lock_floor=0.95 no_momentum_max_pnl=0.25 weakness_pnl=-2.60
2026-02-26 14:51:34,409 [INFO] [u_station_ab_night_autotune_v1] __main__: Scanned 5 tokens | High quality: 5 | Alerts sent: 0 | Trade candidates: 0 | Quality out/core/explore/probe: 0/0/0/0 | Opened: 0 | Mode: local | Source: onchain+market | Policy: raw=OK/effective=OK(healthy | route=allow_all) | Regime: YELLOW(avg_cand=0.00) | Safety: checked=0 fail_closed=0 reasons=none | FiltersTop(session): heavy_dedup_ttl:145,safe_age:4,safe_change_5m:3,score_min:3 | Dedup: heavy_skip=5 override=0 | V2Budget: 0/280 | SourceQoS: enabled=1/in=5/out=5/dropped=0/active_cd=0/drops=none | Ingest: q=0/oldest=0.0s/drop_old=0/dedup_skip=0/enq=0/drain=0 | Sources: dex_boosts:ok=1/fail=0/429=0/lim_wait=0/cd_wait=0/err=0.0%/avg=66ms; dexscreener:ok=10/fail=0/429=0/lim_wait=0/cd_wait=0/err=0.0%/avg=50ms | Tasks: 3 | RSS: 0.0MB | CycleAvg: 0.97s
2026-02-26 14:51:38,832 [INFO] [u_station_ab_night_autotune_v1] __main__: WATCHLIST merged count=5
2026-02-26 14:51:38,834 [INFO] [u_station_ab_night_autotune_v1] trading.v2_runtime: V2_UNIVERSE in=5 dedup=5 out=5 target=5 novel_target=4 novel_out=0 repeat_dropped=0 symbol_dropped=0 surge_in=0 surge_target=0 surge_out=0
2026-02-26 14:51:38,835 [INFO] [u_station_ab_night_autotune_v1] __main__: FILTER_FAIL token=cbBTC reason=heavy_dedup_ttl
2026-02-26 14:51:38,835 [INFO] [u_station_ab_night_autotune_v1] __main__: FILTER_FAIL token=BENCHMARK reason=heavy_dedup_ttl
2026-02-26 14:51:38,836 [INFO] [u_station_ab_night_autotune_v1] __main__: FILTER_FAIL token=AERO reason=heavy_dedup_ttl
2026-02-26 14:51:38,837 [INFO] [u_station_ab_night_autotune_v1] __main__: FILTER_FAIL token=AntiHunter reason=heavy_dedup_ttl
2026-02-26 14:51:38,838 [INFO] [u_station_ab_night_autotune_v1] __main__: FILTER_FAIL token=VIRTUAL reason=heavy_dedup_ttl
2026-02-26 14:51:38,838 [INFO] [u_station_ab_night_autotune_v1] __main__: MARKET_REGIME mode=YELLOW reason=avg_cand=0.00 avg_cand_recent=0.00
2026-02-26 14:51:38,839 [INFO] [u_station_ab_night_autotune_v1] __main__: Scanned 5 tokens | High quality: 5 | Alerts sent: 0 | Trade candidates: 0 | Quality out/core/explore/probe: 0/0/0/0 | Opened: 0 | Mode: local | Source: onchain+market | Policy: raw=OK/effective=OK(healthy | route=allow_all) | Regime: YELLOW(avg_cand=0.00) | Safety: checked=0 fail_closed=0 reasons=none | FiltersTop(session): heavy_dedup_ttl:150,safe_age:4,safe_change_5m:3,score_min:3 | Dedup: heavy_skip=5 override=0 | V2Budget: 0/280 | SourceQoS: enabled=1/in=5/out=5/dropped=0/active_cd=0/drops=none | Ingest: q=0/oldest=0.0s/drop_old=0/dedup_skip=0/enq=0/drain=0 | Sources: dex_boosts:ok=1/fail=0/429=0/lim_wait=0/cd_wait=0/err=0.0%/avg=34ms; dexscreener:ok=10/fail=0/429=0/lim_wait=0/cd_wait=0/err=0.0%/avg=47ms | Tasks: 3 | RSS: 0.0MB | CycleAvg: 0.95s
2026-02-26 14:51:43,252 [INFO] [u_station_ab_night_autotune_v1] __main__: WATCHLIST merged count=5
2026-02-26 14:51:43,253 [INFO] [u_station_ab_night_autotune_v1] trading.v2_runtime: V2_UNIVERSE in=6 dedup=6 out=6 target=6 novel_target=4 novel_out=1 repeat_dropped=0 symbol_dropped=0 surge_in=0 surge_target=0 surge_out=0
2026-02-26 14:51:43,254 [INFO] [u_station_ab_night_autotune_v1] __main__: FILTER_FAIL token=cbBTC reason=heavy_dedup_ttl
2026-02-26 14:51:43,255 [INFO] [u_station_ab_night_autotune_v1] __main__: FILTER_FAIL token=BENCHMARK reason=heavy_dedup_ttl
2026-02-26 14:51:43,257 [INFO] [u_station_ab_night_autotune_v1] __main__: FILTER_FAIL token=AERO reason=heavy_dedup_ttl
2026-02-26 14:51:43,258 [INFO] [u_station_ab_night_autotune_v1] __main__: FILTER_FAIL token=SYNARA reason=score_min score=30 strict_min=48 soft_min=48 mode=YELLOW
2026-02-26 14:51:43,259 [INFO] [u_station_ab_night_autotune_v1] __main__: FILTER_FAIL token=AntiHunter reason=heavy_dedup_ttl
2026-02-26 14:51:43,260 [INFO] [u_station_ab_night_autotune_v1] __main__: FILTER_FAIL token=VIRTUAL reason=heavy_dedup_ttl
2026-02-26 14:51:43,261 [INFO] [u_station_ab_night_autotune_v1] __main__: MARKET_REGIME mode=YELLOW reason=avg_cand=0.00 avg_cand_recent=0.00
2026-02-26 14:51:43,262 [INFO] [u_station_ab_night_autotune_v1] __main__: Scanned 6 tokens | High quality: 5 | Alerts sent: 0 | Trade candidates: 0 | Quality out/core/explore/probe: 0/0/0/0 | Opened: 0 | Mode: local | Source: onchain+market | Policy: raw=OK/effective=OK(healthy | route=allow_all) | Regime: YELLOW(avg_cand=0.00) | Safety: checked=0 fail_closed=0 reasons=none | FiltersTop(session): heavy_dedup_ttl:155,safe_age:4,score_min:4,safe_change_5m:3 | Dedup: heavy_skip=5 override=0 | V2Budget: 0/280 | SourceQoS: enabled=1/in=6/out=6/dropped=0/active_cd=0/drops=none | Ingest: q=0/oldest=0.0s/drop_old=0/dedup_skip=0/enq=1/drain=1 | Sources: dex_boosts:ok=1/fail=0/429=0/lim_wait=0/cd_wait=0/err=0.0%/avg=38ms; dexscreener:ok=10/fail=0/429=0/lim_wait=0/cd_wait=0/err=0.0%/avg=50ms; geckoterminal:ok=1/fail=0/429=0/lim_wait=0/cd_wait=0/err=0.0%/avg=266ms | Tasks: 3 | RSS: 0.0MB | CycleAvg: 0.94s
2026-02-26 14:51:47,686 [INFO] [u_station_ab_night_autotune_v1] __main__: WATCHLIST merged count=5
2026-02-26 14:51:47,687 [INFO] [u_station_ab_night_autotune_v1] trading.v2_runtime: V2_UNIVERSE in=5 dedup=5 out=5 target=5 novel_target=4 novel_out=0 repeat_dropped=0 symbol_dropped=0 surge_in=0 surge_target=0 surge_out=0
2026-02-26 14:51:47,688 [INFO] [u_station_ab_night_autotune_v1] __main__: FILTER_FAIL token=cbBTC reason=heavy_dedup_ttl
2026-02-26 14:51:47,689 [INFO] [u_station_ab_night_autotune_v1] __main__: FILTER_FAIL token=BENCHMARK reason=heavy_dedup_ttl
2026-02-26 14:51:47,690 [INFO] [u_station_ab_night_autotune_v1] __main__: FILTER_FAIL token=AERO reason=heavy_dedup_ttl
2026-02-26 14:51:47,691 [INFO] [u_station_ab_night_autotune_v1] __main__: FILTER_FAIL token=AntiHunter reason=heavy_dedup_ttl
2026-02-26 14:51:47,691 [INFO] [u_station_ab_night_autotune_v1] __main__: FILTER_FAIL token=VIRTUAL reason=heavy_dedup_ttl
2026-02-26 14:51:47,692 [INFO] [u_station_ab_night_autotune_v1] __main__: MARKET_REGIME mode=YELLOW reason=avg_cand=0.00 avg_cand_recent=0.00
2026-02-26 14:51:47,693 [INFO] [u_station_ab_night_autotune_v1] __main__: Scanned 5 tokens | High quality: 5 | Alerts sent: 0 | Trade candidates: 0 | Quality out/core/explore/probe: 0/0/0/0 | Opened: 0 | Mode: local | Source: onchain+market | Policy: raw=OK/effective=OK(healthy | route=allow_all) | Regime: YELLOW(avg_cand=0.00) | Safety: checked=0 fail_closed=0 reasons=none | FiltersTop(session): heavy_dedup_ttl:160,safe_age:4,score_min:4,safe_change_5m:3 | Dedup: heavy_skip=5 override=0 | V2Budget: 0/280 | SourceQoS: enabled=1/in=5/out=5/dropped=0/active_cd=0/drops=none | Ingest: q=0/oldest=0.0s/drop_old=0/dedup_skip=0/enq=0/drain=0 | Sources: dex_boosts:ok=1/fail=0/429=0/lim_wait=0/cd_wait=0/err=0.0%/avg=54ms; dexscreener:ok=10/fail=0/429=0/lim_wait=0/cd_wait=0/err=0.0%/avg=49ms | Tasks: 3 | RSS: 0.0MB | CycleAvg: 0.92s
2026-02-26 14:51:52,107 [INFO] [u_station_ab_night_autotune_v1] __main__: WATCHLIST merged count=5
2026-02-26 14:51:52,107 [INFO] [u_station_ab_night_autotune_v1] trading.v2_runtime: V2_UNIVERSE in=5 dedup=5 out=5 target=5 novel_target=4 novel_out=0 repeat_dropped=0 symbol_dropped=0 surge_in=0 surge_target=0 surge_out=0
2026-02-26 14:51:52,108 [INFO] [u_station_ab_night_autotune_v1] __main__: FILTER_FAIL token=cbBTC reason=heavy_dedup_ttl
2026-02-26 14:51:52,109 [INFO] [u_station_ab_night_autotune_v1] __main__: FILTER_FAIL token=BENCHMARK reason=heavy_dedup_ttl
2026-02-26 14:51:52,110 [INFO] [u_station_ab_night_autotune_v1] __main__: FILTER_FAIL token=AERO reason=heavy_dedup_ttl
2026-02-26 14:51:52,111 [INFO] [u_station_ab_night_autotune_v1] __main__: FILTER_FAIL token=AntiHunter reason=heavy_dedup_ttl
2026-02-26 14:51:52,112 [INFO] [u_station_ab_night_autotune_v1] __main__: FILTER_FAIL token=VIRTUAL reason=heavy_dedup_ttl
2026-02-26 14:51:52,112 [INFO] [u_station_ab_night_autotune_v1] __main__: MARKET_REGIME mode=YELLOW reason=avg_cand=0.00 avg_cand_recent=0.00
2026-02-26 14:51:52,113 [INFO] [u_station_ab_night_autotune_v1] __main__: Scanned 5 tokens | High quality: 5 | Alerts sent: 0 | Trade candidates: 0 | Quality out/core/explore/probe: 0/0/0/0 | Opened: 0 | Mode: local | Source: onchain+market | Policy: raw=OK/effective=OK(healthy | route=allow_all) | Regime: YELLOW(avg_cand=0.00) | Safety: checked=0 fail_closed=0 reasons=none | FiltersTop(session): heavy_dedup_ttl:165,safe_age:4,score_min:4,safe_change_5m:3 | Dedup: heavy_skip=5 override=0 | V2Budget: 0/280 | SourceQoS: enabled=1/in=5/out=5/dropped=0/active_cd=0/drops=none | Ingest: q=0/oldest=0.0s/drop_old=0/dedup_skip=0/enq=0/drain=0 | Sources: dex_boosts:ok=1/fail=0/429=0/lim_wait=0/cd_wait=0/err=0.0%/avg=55ms; dexscreener:ok=10/fail=0/429=0/lim_wait=0/cd_wait=0/err=0.0%/avg=142ms | Tasks: 3 | RSS: 0.0MB | CycleAvg: 0.91s
2026-02-26 14:51:56,569 [INFO] [u_station_ab_night_autotune_v1] __main__: WATCHLIST merged count=5
2026-02-26 14:51:56,570 [INFO] [u_station_ab_night_autotune_v1] trading.v2_runtime: V2_UNIVERSE in=5 dedup=5 out=5 target=5 novel_target=4 novel_out=0 repeat_dropped=0 symbol_dropped=0 surge_in=0 surge_target=0 surge_out=0
2026-02-26 14:51:56,571 [INFO] [u_station_ab_night_autotune_v1] __main__: FILTER_FAIL token=cbBTC reason=heavy_dedup_ttl
2026-02-26 14:51:56,571 [INFO] [u_station_ab_night_autotune_v1] __main__: FILTER_FAIL token=BENCHMARK reason=heavy_dedup_ttl
2026-02-26 14:51:56,573 [INFO] [u_station_ab_night_autotune_v1] __main__: FILTER_FAIL token=AERO reason=heavy_dedup_ttl
2026-02-26 14:51:56,574 [INFO] [u_station_ab_night_autotune_v1] __main__: FILTER_FAIL token=AntiHunter reason=heavy_dedup_ttl
2026-02-26 14:51:56,574 [INFO] [u_station_ab_night_autotune_v1] __main__: FILTER_FAIL token=VIRTUAL reason=heavy_dedup_ttl
2026-02-26 14:51:56,575 [INFO] [u_station_ab_night_autotune_v1] __main__: MARKET_REGIME mode=YELLOW reason=avg_cand=0.00 avg_cand_recent=0.00
2026-02-26 14:51:56,576 [INFO] [u_station_ab_night_autotune_v1] __main__: Scanned 5 tokens | High quality: 5 | Alerts sent: 0 | Trade candidates: 0 | Quality out/core/explore/probe: 0/0/0/0 | Opened: 0 | Mode: local | Source: onchain+market | Policy: raw=OK/effective=OK(healthy | route=allow_all) | Regime: YELLOW(avg_cand=0.00) | Safety: checked=0 fail_closed=0 reasons=none | FiltersTop(session): heavy_dedup_ttl:170,safe_age:4,score_min:4,safe_change_5m:3 | Dedup: heavy_skip=5 override=0 | V2Budget: 0/280 | SourceQoS: enabled=1/in=5/out=5/dropped=0/active_cd=0/drops=none | Ingest: q=0/oldest=0.0s/drop_old=0/dedup_skip=0/enq=0/drain=0 | Sources: dex_boosts:ok=1/fail=0/429=0/lim_wait=0/cd_wait=0/err=0.0%/avg=49ms; dexscreener:ok=10/fail=0/429=0/lim_wait=0/cd_wait=0/err=0.0%/avg=145ms | Tasks: 3 | RSS: 0.0MB | CycleAvg: 0.89s
2026-02-26 14:52:00,855 [INFO] [u_station_ab_night_autotune_v1] monitor.onchain_factory: PAIR_DETECTED source=uniswap_v2 dex=uniswap_v2 pair=0xd46be2d5f2f3ab6f438f66d6b48fed4e35db2881 token0=0x4200000000000000000000000000000000000006 token1=0x9d7a2d8f86d95dce69dba788b286a67e57605ddf block=42662283 factory=0x8909dc15e40173ff4699343b6eb8132c65e18ec6
2026-02-26 14:52:01,386 [INFO] [u_station_ab_night_autotune_v1] monitor.onchain_factory: ENRICH_RETRY token=0x9d7a2d8f86d95dce69dba788b286a67e57605ddf pair=0xd46be2d5f2f3ab6f438f66d6b48fed4e35db2881 attempt=1/2 delay=10s
2026-02-26 14:52:11,518 [INFO] [u_station_ab_night_autotune_v1] __main__: WATCHLIST merged count=5
2026-02-26 14:52:11,519 [INFO] [u_station_ab_night_autotune_v1] trading.v2_runtime: V2_UNIVERSE in=5 dedup=5 out=5 target=5 novel_target=4 novel_out=0 repeat_dropped=0 symbol_dropped=0 surge_in=0 surge_target=0 surge_out=0
2026-02-26 14:52:11,520 [INFO] [u_station_ab_night_autotune_v1] __main__: FILTER_FAIL token=cbBTC reason=heavy_dedup_ttl
2026-02-26 14:52:11,522 [INFO] [u_station_ab_night_autotune_v1] __main__: FILTER_FAIL token=BENCHMARK reason=heavy_dedup_ttl
2026-02-26 14:52:11,523 [INFO] [u_station_ab_night_autotune_v1] __main__: FILTER_FAIL token=AERO reason=heavy_dedup_ttl
2026-02-26 14:52:11,524 [INFO] [u_station_ab_night_autotune_v1] __main__: FILTER_FAIL token=AntiHunter reason=heavy_dedup_ttl
2026-02-26 14:52:11,525 [INFO] [u_station_ab_night_autotune_v1] __main__: FILTER_FAIL token=VIRTUAL reason=heavy_dedup_ttl
2026-02-26 14:52:11,526 [INFO] [u_station_ab_night_autotune_v1] __main__: MARKET_REGIME mode=YELLOW reason=avg_cand=0.00 avg_cand_recent=0.00
2026-02-26 14:52:11,527 [INFO] [u_station_ab_night_autotune_v1] trading.auto_trader: PAPER_SUMMARY window=60s closed_delta=0 wins_delta=0 losses_delta=0 realized_delta=$0.00 total_closed=17 winrate_total=17.6% realized_total=$0.01 balance=$7.01 equity=$7.01 open=0
2026-02-26 14:52:11,528 [INFO] [u_station_ab_night_autotune_v1] __main__: Scanned 5 tokens | High quality: 5 | Alerts sent: 0 | Trade candidates: 0 | Quality out/core/explore/probe: 0/0/0/0 | Opened: 0 | Mode: local | Source: onchain+market | Policy: raw=OK/effective=OK(healthy | route=allow_all) | Regime: YELLOW(avg_cand=0.00) | Safety: checked=0 fail_closed=0 reasons=none | FiltersTop(session): heavy_dedup_ttl:175,safe_age:4,score_min:4,safe_change_5m:3 | Dedup: heavy_skip=5 override=0 | V2Budget: 0/280 | SourceQoS: enabled=1/in=5/out=5/dropped=0/active_cd=0/drops=none | Ingest: q=0/oldest=0.0s/drop_old=0/dedup_skip=0/enq=0/drain=0 | Sources: dex_boosts:ok=1/fail=0/429=0/lim_wait=0/cd_wait=0/err=0.0%/avg=45ms; dexscreener:ok=10/fail=0/429=0/lim_wait=0/cd_wait=0/err=0.0%/avg=43ms; onchain_enrich:ok=4/fail=0/429=0/lim_wait=0/cd_wait=0/err=0.0%/avg=115ms; onchain_weth_price:ok=1/fail=0/429=0/lim_wait=0/cd_wait=0/err=0.0%/avg=55ms | Tasks: 3 | RSS: 0.0MB | CycleAvg: 0.88s
2026-02-26 14:52:15,842 [INFO] [u_station_ab_night_autotune_v1] monitor.onchain_factory: PAIR_DETECTED source=uniswap_v2 dex=uniswap_v2 pair=0x61957231a989f4e0167cc30dcd185bf4c8be76aa token0=0x4200000000000000000000000000000000000006 token1=0xd58f4ffb0716add5e6711295ab537d53d36128f7 block=42662285 factory=0x8909dc15e40173ff4699343b6eb8132c65e18ec6
2026-02-26 14:52:15,843 [INFO] [u_station_ab_night_autotune_v1] monitor.onchain_factory: PAIR_DETECTED source=uniswap_v2 dex=uniswap_v2 pair=0x4137327494362b3f4890d34d34842a6ef11fd280 token0=0x3c85f816421225f35957e3af6e8785da5dc8eb07 token1=0x4200000000000000000000000000000000000006 block=42662288 factory=0x8909dc15e40173ff4699343b6eb8132c65e18ec6
2026-02-26 14:52:16,170 [INFO] [u_station_ab_night_autotune_v1] monitor.onchain_factory: ENRICH_RETRY token=0x9d7a2d8f86d95dce69dba788b286a67e57605ddf pair=0xd46be2d5f2f3ab6f438f66d6b48fed4e35db2881 attempt=1/2 delay=10s
2026-02-26 14:52:16,421 [INFO] [u_station_ab_night_autotune_v1] monitor.onchain_factory: ENRICH_RETRY token=0x3c85f816421225f35957e3af6e8785da5dc8eb07 pair=0x4137327494362b3f4890d34d34842a6ef11fd280 attempt=1/2 delay=10s
2026-02-26 14:52:16,455 [INFO] [u_station_ab_night_autotune_v1] monitor.onchain_factory: ENRICH_RETRY token=0xd58f4ffb0716add5e6711295ab537d53d36128f7 pair=0x61957231a989f4e0167cc30dcd185bf4c8be76aa attempt=1/2 delay=10s
2026-02-26 14:52:26,538 [INFO] [u_station_ab_night_autotune_v1] __main__: WATCHLIST merged count=5
2026-02-26 14:52:26,539 [INFO] [u_station_ab_night_autotune_v1] trading.v2_runtime: V2_UNIVERSE in=5 dedup=5 out=5 target=5 novel_target=4 novel_out=0 repeat_dropped=0 symbol_dropped=0 surge_in=0 surge_target=0 surge_out=0
2026-02-26 14:52:26,540 [INFO] [u_station_ab_night_autotune_v1] __main__: FILTER_FAIL token=cbBTC reason=heavy_dedup_ttl
2026-02-26 14:52:26,542 [INFO] [u_station_ab_night_autotune_v1] __main__: FILTER_FAIL token=BENCHMARK reason=heavy_dedup_ttl
2026-02-26 14:52:26,543 [INFO] [u_station_ab_night_autotune_v1] __main__: FILTER_FAIL token=AERO reason=heavy_dedup_ttl
2026-02-26 14:52:26,544 [INFO] [u_station_ab_night_autotune_v1] __main__: FILTER_FAIL token=AntiHunter reason=heavy_dedup_ttl
2026-02-26 14:52:26,546 [INFO] [u_station_ab_night_autotune_v1] __main__: FILTER_FAIL token=VIRTUAL reason=heavy_dedup_ttl
2026-02-26 14:52:26,547 [INFO] [u_station_ab_night_autotune_v1] __main__: MARKET_REGIME mode=YELLOW reason=avg_cand=0.00 avg_cand_recent=0.00
2026-02-26 14:52:26,548 [INFO] [u_station_ab_night_autotune_v1] __main__: Scanned 5 tokens | High quality: 5 | Alerts sent: 0 | Trade candidates: 0 | Quality out/core/explore/probe: 0/0/0/0 | Opened: 0 | Mode: local | Source: onchain+market | Policy: raw=OK/effective=OK(healthy | route=allow_all) | Regime: YELLOW(avg_cand=0.00) | Safety: checked=0 fail_closed=0 reasons=none | FiltersTop(session): heavy_dedup_ttl:180,safe_age:4,score_min:4,safe_change_5m:3 | Dedup: heavy_skip=5 override=0 | V2Budget: 0/280 | SourceQoS: enabled=1/in=5/out=5/dropped=0/active_cd=0/drops=none | Ingest: q=0/oldest=0.0s/drop_old=0/dedup_skip=0/enq=0/drain=0 | Sources: dex_boosts:ok=1/fail=0/429=0/lim_wait=0/cd_wait=0/err=0.0%/avg=51ms; dexscreener:ok=10/fail=0/429=0/lim_wait=0/cd_wait=0/err=0.0%/avg=51ms; onchain_enrich:ok=12/fail=0/429=0/lim_wait=0/cd_wait=0/err=0.0%/avg=116ms | Tasks: 3 | RSS: 0.0MB | CycleAvg: 1.16s
2026-02-26 14:52:30,551 [WARNING] [u_station_ab_night_autotune_v1] __main__: GRACEFUL_STOP requested path=D:\earnforme\solana-alert-bot\data\graceful_stop.u_station_ab_night_autotune_v1.signal
2026-02-26 14:52:30,579 [INFO] [u_station_ab_night_autotune_v1] trading.auto_trader: AUTOTRADER_SHUTDOWN reason=main_local_shutdown open=0 closed=17
